{"op_code": 0, "worker_id": "95ec3215-e97d-4f7b-9777-f6685200216a-140074229139264", "study_name": "criteo_splines_3_32", "directions": [1]}
{"op_code": 4, "worker_id": "95ec3215-e97d-4f7b-9777-f6685200216a-140074229139264", "study_id": 0, "datetime_start": "2024-08-28T07:09:37.492301"}
{"op_code": 5, "worker_id": "95ec3215-e97d-4f7b-9777-f6685200216a-140074229139264", "trial_id": 0, "param_name": "lr", "param_value_internal": 5.6115164153345e-05, "distribution": "{\"name\": \"FloatDistribution\", \"attributes\": {\"step\": null, \"low\": 1e-05, \"high\": 0.001, \"log\": true}}"}
{"op_code": 5, "worker_id": "95ec3215-e97d-4f7b-9777-f6685200216a-140074229139264", "trial_id": 0, "param_name": "l2reg", "param_value_internal": 0.0005669849511478851, "distribution": "{\"name\": \"FloatDistribution\", \"attributes\": {\"step\": null, \"low\": 1e-08, \"high\": 0.001, \"log\": true}}"}
{"op_code": 5, "worker_id": "95ec3215-e97d-4f7b-9777-f6685200216a-140074229139264", "trial_id": 0, "param_name": "random_seed", "param_value_internal": 0, "distribution": "{\"name\": \"CategoricalDistribution\", \"attributes\": {\"choices\": [42]}}"}
{"op_code": 5, "worker_id": "95ec3215-e97d-4f7b-9777-f6685200216a-140074229139264", "trial_id": 0, "param_name": "degree", "param_value_internal": 0, "distribution": "{\"name\": \"CategoricalDistribution\", \"attributes\": {\"choices\": [3]}}"}
{"op_code": 8, "worker_id": "95ec3215-e97d-4f7b-9777-f6685200216a-140074229139264", "trial_id": 0, "user_attr": {"best_epoch": 6}}
{"op_code": 8, "worker_id": "95ec3215-e97d-4f7b-9777-f6685200216a-140074229139264", "trial_id": 0, "user_attr": {"test_loss": 0.46139614821963576}}
{"op_code": 6, "worker_id": "95ec3215-e97d-4f7b-9777-f6685200216a-140074229139264", "trial_id": 0, "state": 1, "values": [0.4605617408752325], "datetime_complete": "2024-08-28T07:19:54.737375"}
{"op_code": 4, "worker_id": "95ec3215-e97d-4f7b-9777-f6685200216a-140074229139264", "study_id": 0, "datetime_start": "2024-08-28T07:19:54.747043"}
{"op_code": 5, "worker_id": "95ec3215-e97d-4f7b-9777-f6685200216a-140074229139264", "trial_id": 1, "param_name": "lr", "param_value_internal": 0.000291063591313307, "distribution": "{\"name\": \"FloatDistribution\", \"attributes\": {\"step\": null, \"low\": 1e-05, \"high\": 0.001, \"log\": true}}"}
{"op_code": 5, "worker_id": "95ec3215-e97d-4f7b-9777-f6685200216a-140074229139264", "trial_id": 1, "param_name": "l2reg", "param_value_internal": 9.846738873614555e-06, "distribution": "{\"name\": \"FloatDistribution\", \"attributes\": {\"step\": null, \"low\": 1e-08, \"high\": 0.001, \"log\": true}}"}
{"op_code": 5, "worker_id": "95ec3215-e97d-4f7b-9777-f6685200216a-140074229139264", "trial_id": 1, "param_name": "random_seed", "param_value_internal": 0, "distribution": "{\"name\": \"CategoricalDistribution\", \"attributes\": {\"choices\": [42]}}"}
{"op_code": 5, "worker_id": "95ec3215-e97d-4f7b-9777-f6685200216a-140074229139264", "trial_id": 1, "param_name": "degree", "param_value_internal": 0, "distribution": "{\"name\": \"CategoricalDistribution\", \"attributes\": {\"choices\": [3]}}"}
{"op_code": 8, "worker_id": "95ec3215-e97d-4f7b-9777-f6685200216a-140074229139264", "trial_id": 1, "user_attr": {"best_epoch": 1}}
{"op_code": 8, "worker_id": "95ec3215-e97d-4f7b-9777-f6685200216a-140074229139264", "trial_id": 1, "user_attr": {"test_loss": 0.4577195563672568}}
{"op_code": 6, "worker_id": "95ec3215-e97d-4f7b-9777-f6685200216a-140074229139264", "trial_id": 1, "state": 1, "values": [0.4566046336197023], "datetime_complete": "2024-08-28T07:25:14.647354"}
{"op_code": 4, "worker_id": "95ec3215-e97d-4f7b-9777-f6685200216a-140074229139264", "study_id": 0, "datetime_start": "2024-08-28T07:25:14.662108"}
{"op_code": 5, "worker_id": "95ec3215-e97d-4f7b-9777-f6685200216a-140074229139264", "trial_id": 2, "param_name": "lr", "param_value_internal": 2.0513382630874486e-05, "distribution": "{\"name\": \"FloatDistribution\", \"attributes\": {\"step\": null, \"low\": 1e-05, \"high\": 0.001, \"log\": true}}"}
{"op_code": 5, "worker_id": "95ec3215-e97d-4f7b-9777-f6685200216a-140074229139264", "trial_id": 2, "param_name": "l2reg", "param_value_internal": 6.02521573620385e-08, "distribution": "{\"name\": \"FloatDistribution\", \"attributes\": {\"step\": null, \"low\": 1e-08, \"high\": 0.001, \"log\": true}}"}
{"op_code": 5, "worker_id": "95ec3215-e97d-4f7b-9777-f6685200216a-140074229139264", "trial_id": 2, "param_name": "random_seed", "param_value_internal": 0, "distribution": "{\"name\": \"CategoricalDistribution\", \"attributes\": {\"choices\": [42]}}"}
{"op_code": 5, "worker_id": "95ec3215-e97d-4f7b-9777-f6685200216a-140074229139264", "trial_id": 2, "param_name": "degree", "param_value_internal": 0, "distribution": "{\"name\": \"CategoricalDistribution\", \"attributes\": {\"choices\": [3]}}"}
{"op_code": 8, "worker_id": "95ec3215-e97d-4f7b-9777-f6685200216a-140074229139264", "trial_id": 2, "user_attr": {"best_epoch": 9}}
{"op_code": 8, "worker_id": "95ec3215-e97d-4f7b-9777-f6685200216a-140074229139264", "trial_id": 2, "user_attr": {"test_loss": 0.4634750468034682}}
{"op_code": 6, "worker_id": "95ec3215-e97d-4f7b-9777-f6685200216a-140074229139264", "trial_id": 2, "state": 1, "values": [0.4627773086402409], "datetime_complete": "2024-08-28T07:34:43.414572"}
{"op_code": 4, "worker_id": "95ec3215-e97d-4f7b-9777-f6685200216a-140074229139264", "study_id": 0, "datetime_start": "2024-08-28T07:34:43.423229"}
{"op_code": 5, "worker_id": "95ec3215-e97d-4f7b-9777-f6685200216a-140074229139264", "trial_id": 3, "param_name": "lr", "param_value_internal": 1.3066739238053272e-05, "distribution": "{\"name\": \"FloatDistribution\", \"attributes\": {\"step\": null, \"low\": 1e-05, \"high\": 0.001, \"log\": true}}"}
{"op_code": 5, "worker_id": "95ec3215-e97d-4f7b-9777-f6685200216a-140074229139264", "trial_id": 3, "param_name": "l2reg", "param_value_internal": 0.00021423021757741048, "distribution": "{\"name\": \"FloatDistribution\", \"attributes\": {\"step\": null, \"low\": 1e-08, \"high\": 0.001, \"log\": true}}"}
{"op_code": 5, "worker_id": "95ec3215-e97d-4f7b-9777-f6685200216a-140074229139264", "trial_id": 3, "param_name": "random_seed", "param_value_internal": 0, "distribution": "{\"name\": \"CategoricalDistribution\", \"attributes\": {\"choices\": [42]}}"}
{"op_code": 5, "worker_id": "95ec3215-e97d-4f7b-9777-f6685200216a-140074229139264", "trial_id": 3, "param_name": "degree", "param_value_internal": 0, "distribution": "{\"name\": \"CategoricalDistribution\", \"attributes\": {\"choices\": [3]}}"}
{"op_code": 8, "worker_id": "95ec3215-e97d-4f7b-9777-f6685200216a-140074229139264", "trial_id": 3, "user_attr": {"best_epoch": 5}}
{"op_code": 8, "worker_id": "95ec3215-e97d-4f7b-9777-f6685200216a-140074229139264", "trial_id": 3, "user_attr": {"test_loss": 0.46394185986140674}}
{"op_code": 6, "worker_id": "95ec3215-e97d-4f7b-9777-f6685200216a-140074229139264", "trial_id": 3, "state": 1, "values": [0.4632214834790629], "datetime_complete": "2024-08-28T07:43:24.884098"}
{"op_code": 4, "worker_id": "95ec3215-e97d-4f7b-9777-f6685200216a-140074229139264", "study_id": 0, "datetime_start": "2024-08-28T07:43:24.893393"}
{"op_code": 5, "worker_id": "95ec3215-e97d-4f7b-9777-f6685200216a-140074229139264", "trial_id": 4, "param_name": "lr", "param_value_internal": 0.00015930522616241006, "distribution": "{\"name\": \"FloatDistribution\", \"attributes\": {\"step\": null, \"low\": 1e-05, \"high\": 0.001, \"log\": true}}"}
{"op_code": 5, "worker_id": "95ec3215-e97d-4f7b-9777-f6685200216a-140074229139264", "trial_id": 4, "param_name": "l2reg", "param_value_internal": 3.47026698865041e-05, "distribution": "{\"name\": \"FloatDistribution\", \"attributes\": {\"step\": null, \"low\": 1e-08, \"high\": 0.001, \"log\": true}}"}
{"op_code": 5, "worker_id": "95ec3215-e97d-4f7b-9777-f6685200216a-140074229139264", "trial_id": 4, "param_name": "random_seed", "param_value_internal": 0, "distribution": "{\"name\": \"CategoricalDistribution\", \"attributes\": {\"choices\": [42]}}"}
{"op_code": 5, "worker_id": "95ec3215-e97d-4f7b-9777-f6685200216a-140074229139264", "trial_id": 4, "param_name": "degree", "param_value_internal": 0, "distribution": "{\"name\": \"CategoricalDistribution\", \"attributes\": {\"choices\": [3]}}"}
{"op_code": 8, "worker_id": "95ec3215-e97d-4f7b-9777-f6685200216a-140074229139264", "trial_id": 4, "user_attr": {"best_epoch": 2}}
{"op_code": 8, "worker_id": "95ec3215-e97d-4f7b-9777-f6685200216a-140074229139264", "trial_id": 4, "user_attr": {"test_loss": 0.45843451179325234}}
{"op_code": 6, "worker_id": "95ec3215-e97d-4f7b-9777-f6685200216a-140074229139264", "trial_id": 4, "state": 1, "values": [0.4574002925789398], "datetime_complete": "2024-08-28T07:49:35.217710"}
{"op_code": 4, "worker_id": "95ec3215-e97d-4f7b-9777-f6685200216a-140074229139264", "study_id": 0, "datetime_start": "2024-08-28T07:49:35.226595"}
{"op_code": 5, "worker_id": "95ec3215-e97d-4f7b-9777-f6685200216a-140074229139264", "trial_id": 5, "param_name": "lr", "param_value_internal": 1.0994335574766187e-05, "distribution": "{\"name\": \"FloatDistribution\", \"attributes\": {\"step\": null, \"low\": 1e-05, \"high\": 0.001, \"log\": true}}"}
{"op_code": 5, "worker_id": "95ec3215-e97d-4f7b-9777-f6685200216a-140074229139264", "trial_id": 5, "param_name": "l2reg", "param_value_internal": 0.0007072114131472234, "distribution": "{\"name\": \"FloatDistribution\", \"attributes\": {\"step\": null, \"low\": 1e-08, \"high\": 0.001, \"log\": true}}"}
{"op_code": 5, "worker_id": "95ec3215-e97d-4f7b-9777-f6685200216a-140074229139264", "trial_id": 5, "param_name": "random_seed", "param_value_internal": 0, "distribution": "{\"name\": \"CategoricalDistribution\", \"attributes\": {\"choices\": [42]}}"}
{"op_code": 5, "worker_id": "95ec3215-e97d-4f7b-9777-f6685200216a-140074229139264", "trial_id": 5, "param_name": "degree", "param_value_internal": 0, "distribution": "{\"name\": \"CategoricalDistribution\", \"attributes\": {\"choices\": [3]}}"}
{"op_code": 8, "worker_id": "95ec3215-e97d-4f7b-9777-f6685200216a-140074229139264", "trial_id": 5, "user_attr": {"best_epoch": 5}}
{"op_code": 8, "worker_id": "95ec3215-e97d-4f7b-9777-f6685200216a-140074229139264", "trial_id": 5, "user_attr": {"test_loss": 0.46395052575641427}}
{"op_code": 6, "worker_id": "95ec3215-e97d-4f7b-9777-f6685200216a-140074229139264", "trial_id": 5, "state": 1, "values": [0.46322335409076054], "datetime_complete": "2024-08-28T07:58:21.010538"}
{"op_code": 4, "worker_id": "95ec3215-e97d-4f7b-9777-f6685200216a-140074229139264", "study_id": 0, "datetime_start": "2024-08-28T07:58:21.027900"}
{"op_code": 5, "worker_id": "95ec3215-e97d-4f7b-9777-f6685200216a-140074229139264", "trial_id": 6, "param_name": "lr", "param_value_internal": 0.000462258900102083, "distribution": "{\"name\": \"FloatDistribution\", \"attributes\": {\"step\": null, \"low\": 1e-05, \"high\": 0.001, \"log\": true}}"}
{"op_code": 5, "worker_id": "95ec3215-e97d-4f7b-9777-f6685200216a-140074229139264", "trial_id": 6, "param_name": "l2reg", "param_value_internal": 1.1526449540315595e-07, "distribution": "{\"name\": \"FloatDistribution\", \"attributes\": {\"step\": null, \"low\": 1e-08, \"high\": 0.001, \"log\": true}}"}
{"op_code": 5, "worker_id": "95ec3215-e97d-4f7b-9777-f6685200216a-140074229139264", "trial_id": 6, "param_name": "random_seed", "param_value_internal": 0, "distribution": "{\"name\": \"CategoricalDistribution\", \"attributes\": {\"choices\": [42]}}"}
{"op_code": 5, "worker_id": "95ec3215-e97d-4f7b-9777-f6685200216a-140074229139264", "trial_id": 6, "param_name": "degree", "param_value_internal": 0, "distribution": "{\"name\": \"CategoricalDistribution\", \"attributes\": {\"choices\": [3]}}"}
{"op_code": 8, "worker_id": "95ec3215-e97d-4f7b-9777-f6685200216a-140074229139264", "trial_id": 6, "user_attr": {"best_epoch": 0}}
{"op_code": 8, "worker_id": "95ec3215-e97d-4f7b-9777-f6685200216a-140074229139264", "trial_id": 6, "user_attr": {"test_loss": 0.4581874383461655}}
{"op_code": 6, "worker_id": "95ec3215-e97d-4f7b-9777-f6685200216a-140074229139264", "trial_id": 6, "state": 1, "values": [0.4572914153429862], "datetime_complete": "2024-08-28T08:02:48.673833"}
{"op_code": 4, "worker_id": "95ec3215-e97d-4f7b-9777-f6685200216a-140074229139264", "study_id": 0, "datetime_start": "2024-08-28T08:02:48.682707"}
{"op_code": 5, "worker_id": "95ec3215-e97d-4f7b-9777-f6685200216a-140074229139264", "trial_id": 7, "param_name": "lr", "param_value_internal": 2.3102018878452926e-05, "distribution": "{\"name\": \"FloatDistribution\", \"attributes\": {\"step\": null, \"low\": 1e-05, \"high\": 0.001, \"log\": true}}"}
{"op_code": 5, "worker_id": "95ec3215-e97d-4f7b-9777-f6685200216a-140074229139264", "trial_id": 7, "param_name": "l2reg", "param_value_internal": 8.260808399079588e-08, "distribution": "{\"name\": \"FloatDistribution\", \"attributes\": {\"step\": null, \"low\": 1e-08, \"high\": 0.001, \"log\": true}}"}
{"op_code": 5, "worker_id": "95ec3215-e97d-4f7b-9777-f6685200216a-140074229139264", "trial_id": 7, "param_name": "random_seed", "param_value_internal": 0, "distribution": "{\"name\": \"CategoricalDistribution\", \"attributes\": {\"choices\": [42]}}"}
{"op_code": 5, "worker_id": "95ec3215-e97d-4f7b-9777-f6685200216a-140074229139264", "trial_id": 7, "param_name": "degree", "param_value_internal": 0, "distribution": "{\"name\": \"CategoricalDistribution\", \"attributes\": {\"choices\": [3]}}"}
{"op_code": 8, "worker_id": "95ec3215-e97d-4f7b-9777-f6685200216a-140074229139264", "trial_id": 7, "user_attr": {"best_epoch": 9}}
{"op_code": 8, "worker_id": "95ec3215-e97d-4f7b-9777-f6685200216a-140074229139264", "trial_id": 7, "user_attr": {"test_loss": 0.463328986388055}}
{"op_code": 6, "worker_id": "95ec3215-e97d-4f7b-9777-f6685200216a-140074229139264", "trial_id": 7, "state": 1, "values": [0.46262082624536927], "datetime_complete": "2024-08-28T08:12:10.664717"}
{"op_code": 4, "worker_id": "95ec3215-e97d-4f7b-9777-f6685200216a-140074229139264", "study_id": 0, "datetime_start": "2024-08-28T08:12:10.674514"}
{"op_code": 5, "worker_id": "95ec3215-e97d-4f7b-9777-f6685200216a-140074229139264", "trial_id": 8, "param_name": "lr", "param_value_internal": 4.059611610484306e-05, "distribution": "{\"name\": \"FloatDistribution\", \"attributes\": {\"step\": null, \"low\": 1e-05, \"high\": 0.001, \"log\": true}}"}
{"op_code": 5, "worker_id": "95ec3215-e97d-4f7b-9777-f6685200216a-140074229139264", "trial_id": 8, "param_name": "l2reg", "param_value_internal": 4.2051564509138674e-06, "distribution": "{\"name\": \"FloatDistribution\", \"attributes\": {\"step\": null, \"low\": 1e-08, \"high\": 0.001, \"log\": true}}"}
{"op_code": 5, "worker_id": "95ec3215-e97d-4f7b-9777-f6685200216a-140074229139264", "trial_id": 8, "param_name": "random_seed", "param_value_internal": 0, "distribution": "{\"name\": \"CategoricalDistribution\", \"attributes\": {\"choices\": [42]}}"}
{"op_code": 5, "worker_id": "95ec3215-e97d-4f7b-9777-f6685200216a-140074229139264", "trial_id": 8, "param_name": "degree", "param_value_internal": 0, "distribution": "{\"name\": \"CategoricalDistribution\", \"attributes\": {\"choices\": [3]}}"}
{"op_code": 8, "worker_id": "95ec3215-e97d-4f7b-9777-f6685200216a-140074229139264", "trial_id": 8, "user_attr": {"best_epoch": 9}}
{"op_code": 8, "worker_id": "95ec3215-e97d-4f7b-9777-f6685200216a-140074229139264", "trial_id": 8, "user_attr": {"test_loss": 0.46210717154349135}}
{"op_code": 6, "worker_id": "95ec3215-e97d-4f7b-9777-f6685200216a-140074229139264", "trial_id": 8, "state": 1, "values": [0.4613057862219141], "datetime_complete": "2024-08-28T08:21:37.822415"}
{"op_code": 4, "worker_id": "95ec3215-e97d-4f7b-9777-f6685200216a-140074229139264", "study_id": 0, "datetime_start": "2024-08-28T08:21:37.831276"}
{"op_code": 5, "worker_id": "95ec3215-e97d-4f7b-9777-f6685200216a-140074229139264", "trial_id": 9, "param_name": "lr", "param_value_internal": 7.309539835912905e-05, "distribution": "{\"name\": \"FloatDistribution\", \"attributes\": {\"step\": null, \"low\": 1e-05, \"high\": 0.001, \"log\": true}}"}
{"op_code": 5, "worker_id": "95ec3215-e97d-4f7b-9777-f6685200216a-140074229139264", "trial_id": 9, "param_name": "l2reg", "param_value_internal": 2.8585493941961875e-07, "distribution": "{\"name\": \"FloatDistribution\", \"attributes\": {\"step\": null, \"low\": 1e-08, \"high\": 0.001, \"log\": true}}"}
{"op_code": 5, "worker_id": "95ec3215-e97d-4f7b-9777-f6685200216a-140074229139264", "trial_id": 9, "param_name": "random_seed", "param_value_internal": 0, "distribution": "{\"name\": \"CategoricalDistribution\", \"attributes\": {\"choices\": [42]}}"}
{"op_code": 5, "worker_id": "95ec3215-e97d-4f7b-9777-f6685200216a-140074229139264", "trial_id": 9, "param_name": "degree", "param_value_internal": 0, "distribution": "{\"name\": \"CategoricalDistribution\", \"attributes\": {\"choices\": [3]}}"}
{"op_code": 8, "worker_id": "95ec3215-e97d-4f7b-9777-f6685200216a-140074229139264", "trial_id": 9, "user_attr": {"best_epoch": 5}}
{"op_code": 8, "worker_id": "95ec3215-e97d-4f7b-9777-f6685200216a-140074229139264", "trial_id": 9, "user_attr": {"test_loss": 0.4605965189825094}}
{"op_code": 6, "worker_id": "95ec3215-e97d-4f7b-9777-f6685200216a-140074229139264", "trial_id": 9, "state": 1, "values": [0.45973951159473847], "datetime_complete": "2024-08-28T08:30:14.808776"}
{"op_code": 4, "worker_id": "95ec3215-e97d-4f7b-9777-f6685200216a-140074229139264", "study_id": 0, "datetime_start": "2024-08-28T08:30:14.820145"}
{"op_code": 5, "worker_id": "95ec3215-e97d-4f7b-9777-f6685200216a-140074229139264", "trial_id": 10, "param_name": "lr", "param_value_internal": 0.000872134982845204, "distribution": "{\"name\": \"FloatDistribution\", \"attributes\": {\"step\": null, \"low\": 1e-05, \"high\": 0.001, \"log\": true}}"}
{"op_code": 5, "worker_id": "95ec3215-e97d-4f7b-9777-f6685200216a-140074229139264", "trial_id": 10, "param_name": "l2reg", "param_value_internal": 2.3261440591233855e-06, "distribution": "{\"name\": \"FloatDistribution\", \"attributes\": {\"step\": null, \"low\": 1e-08, \"high\": 0.001, \"log\": true}}"}
{"op_code": 5, "worker_id": "95ec3215-e97d-4f7b-9777-f6685200216a-140074229139264", "trial_id": 10, "param_name": "random_seed", "param_value_internal": 0, "distribution": "{\"name\": \"CategoricalDistribution\", \"attributes\": {\"choices\": [42]}}"}
{"op_code": 5, "worker_id": "95ec3215-e97d-4f7b-9777-f6685200216a-140074229139264", "trial_id": 10, "param_name": "degree", "param_value_internal": 0, "distribution": "{\"name\": \"CategoricalDistribution\", \"attributes\": {\"choices\": [3]}}"}
{"op_code": 8, "worker_id": "95ec3215-e97d-4f7b-9777-f6685200216a-140074229139264", "trial_id": 10, "user_attr": {"best_epoch": 0}}
{"op_code": 8, "worker_id": "95ec3215-e97d-4f7b-9777-f6685200216a-140074229139264", "trial_id": 10, "user_attr": {"test_loss": 0.45869517580695895}}
{"op_code": 6, "worker_id": "95ec3215-e97d-4f7b-9777-f6685200216a-140074229139264", "trial_id": 10, "state": 1, "values": [0.4577148989258871], "datetime_complete": "2024-08-28T08:34:42.472628"}
{"op_code": 4, "worker_id": "95ec3215-e97d-4f7b-9777-f6685200216a-140074229139264", "study_id": 0, "datetime_start": "2024-08-28T08:34:42.481421"}
{"op_code": 5, "worker_id": "95ec3215-e97d-4f7b-9777-f6685200216a-140074229139264", "trial_id": 11, "param_name": "lr", "param_value_internal": 0.00026979688754341885, "distribution": "{\"name\": \"FloatDistribution\", \"attributes\": {\"step\": null, \"low\": 1e-05, \"high\": 0.001, \"log\": true}}"}
{"op_code": 5, "worker_id": "95ec3215-e97d-4f7b-9777-f6685200216a-140074229139264", "trial_id": 11, "param_name": "l2reg", "param_value_internal": 1.1463467961454662e-08, "distribution": "{\"name\": \"FloatDistribution\", \"attributes\": {\"step\": null, \"low\": 1e-08, \"high\": 0.001, \"log\": true}}"}
{"op_code": 5, "worker_id": "95ec3215-e97d-4f7b-9777-f6685200216a-140074229139264", "trial_id": 11, "param_name": "random_seed", "param_value_internal": 0, "distribution": "{\"name\": \"CategoricalDistribution\", \"attributes\": {\"choices\": [42]}}"}
{"op_code": 5, "worker_id": "95ec3215-e97d-4f7b-9777-f6685200216a-140074229139264", "trial_id": 11, "param_name": "degree", "param_value_internal": 0, "distribution": "{\"name\": \"CategoricalDistribution\", \"attributes\": {\"choices\": [3]}}"}
{"op_code": 8, "worker_id": "95ec3215-e97d-4f7b-9777-f6685200216a-140074229139264", "trial_id": 11, "user_attr": {"best_epoch": 1}}
{"op_code": 8, "worker_id": "95ec3215-e97d-4f7b-9777-f6685200216a-140074229139264", "trial_id": 11, "user_attr": {"test_loss": 0.4575666243170359}}
{"op_code": 6, "worker_id": "95ec3215-e97d-4f7b-9777-f6685200216a-140074229139264", "trial_id": 11, "state": 1, "values": [0.45647617222454673], "datetime_complete": "2024-08-28T08:40:00.508025"}
{"op_code": 4, "worker_id": "95ec3215-e97d-4f7b-9777-f6685200216a-140074229139264", "study_id": 0, "datetime_start": "2024-08-28T08:40:00.517125"}
{"op_code": 5, "worker_id": "95ec3215-e97d-4f7b-9777-f6685200216a-140074229139264", "trial_id": 12, "param_name": "lr", "param_value_internal": 0.0002012487082975096, "distribution": "{\"name\": \"FloatDistribution\", \"attributes\": {\"step\": null, \"low\": 1e-05, \"high\": 0.001, \"log\": true}}"}
{"op_code": 5, "worker_id": "95ec3215-e97d-4f7b-9777-f6685200216a-140074229139264", "trial_id": 12, "param_name": "l2reg", "param_value_internal": 1.5618020905061994e-08, "distribution": "{\"name\": \"FloatDistribution\", \"attributes\": {\"step\": null, \"low\": 1e-08, \"high\": 0.001, \"log\": true}}"}
{"op_code": 5, "worker_id": "95ec3215-e97d-4f7b-9777-f6685200216a-140074229139264", "trial_id": 12, "param_name": "random_seed", "param_value_internal": 0, "distribution": "{\"name\": \"CategoricalDistribution\", \"attributes\": {\"choices\": [42]}}"}
{"op_code": 5, "worker_id": "95ec3215-e97d-4f7b-9777-f6685200216a-140074229139264", "trial_id": 12, "param_name": "degree", "param_value_internal": 0, "distribution": "{\"name\": \"CategoricalDistribution\", \"attributes\": {\"choices\": [3]}}"}
{"op_code": 8, "worker_id": "95ec3215-e97d-4f7b-9777-f6685200216a-140074229139264", "trial_id": 12, "user_attr": {"best_epoch": 1}}
{"op_code": 8, "worker_id": "95ec3215-e97d-4f7b-9777-f6685200216a-140074229139264", "trial_id": 12, "user_attr": {"test_loss": 0.45807898104345013}}
{"op_code": 6, "worker_id": "95ec3215-e97d-4f7b-9777-f6685200216a-140074229139264", "trial_id": 12, "state": 1, "values": [0.4571009183558163], "datetime_complete": "2024-08-28T08:45:20.679183"}
{"op_code": 4, "worker_id": "95ec3215-e97d-4f7b-9777-f6685200216a-140074229139264", "study_id": 0, "datetime_start": "2024-08-28T08:45:20.691524"}
{"op_code": 5, "worker_id": "95ec3215-e97d-4f7b-9777-f6685200216a-140074229139264", "trial_id": 13, "param_name": "lr", "param_value_internal": 0.00033709316952294625, "distribution": "{\"name\": \"FloatDistribution\", \"attributes\": {\"step\": null, \"low\": 1e-05, \"high\": 0.001, \"log\": true}}"}
{"op_code": 5, "worker_id": "95ec3215-e97d-4f7b-9777-f6685200216a-140074229139264", "trial_id": 13, "param_name": "l2reg", "param_value_internal": 2.469840687073666e-06, "distribution": "{\"name\": \"FloatDistribution\", \"attributes\": {\"step\": null, \"low\": 1e-08, \"high\": 0.001, \"log\": true}}"}
{"op_code": 5, "worker_id": "95ec3215-e97d-4f7b-9777-f6685200216a-140074229139264", "trial_id": 13, "param_name": "random_seed", "param_value_internal": 0, "distribution": "{\"name\": \"CategoricalDistribution\", \"attributes\": {\"choices\": [42]}}"}
{"op_code": 5, "worker_id": "95ec3215-e97d-4f7b-9777-f6685200216a-140074229139264", "trial_id": 13, "param_name": "degree", "param_value_internal": 0, "distribution": "{\"name\": \"CategoricalDistribution\", \"attributes\": {\"choices\": [3]}}"}
{"op_code": 8, "worker_id": "95ec3215-e97d-4f7b-9777-f6685200216a-140074229139264", "trial_id": 13, "user_attr": {"best_epoch": 1}}
{"op_code": 8, "worker_id": "95ec3215-e97d-4f7b-9777-f6685200216a-140074229139264", "trial_id": 13, "user_attr": {"test_loss": 0.4583528156905382}}
{"op_code": 6, "worker_id": "95ec3215-e97d-4f7b-9777-f6685200216a-140074229139264", "trial_id": 13, "state": 1, "values": [0.4572010151695156], "datetime_complete": "2024-08-28T08:50:45.945330"}
{"op_code": 4, "worker_id": "95ec3215-e97d-4f7b-9777-f6685200216a-140074229139264", "study_id": 0, "datetime_start": "2024-08-28T08:50:45.953973"}
{"op_code": 5, "worker_id": "95ec3215-e97d-4f7b-9777-f6685200216a-140074229139264", "trial_id": 14, "param_name": "lr", "param_value_internal": 0.00013838713864867098, "distribution": "{\"name\": \"FloatDistribution\", \"attributes\": {\"step\": null, \"low\": 1e-05, \"high\": 0.001, \"log\": true}}"}
{"op_code": 5, "worker_id": "95ec3215-e97d-4f7b-9777-f6685200216a-140074229139264", "trial_id": 14, "param_name": "l2reg", "param_value_internal": 2.50433161720213e-05, "distribution": "{\"name\": \"FloatDistribution\", \"attributes\": {\"step\": null, \"low\": 1e-08, \"high\": 0.001, \"log\": true}}"}
{"op_code": 5, "worker_id": "95ec3215-e97d-4f7b-9777-f6685200216a-140074229139264", "trial_id": 14, "param_name": "random_seed", "param_value_internal": 0, "distribution": "{\"name\": \"CategoricalDistribution\", \"attributes\": {\"choices\": [42]}}"}
{"op_code": 5, "worker_id": "95ec3215-e97d-4f7b-9777-f6685200216a-140074229139264", "trial_id": 14, "param_name": "degree", "param_value_internal": 0, "distribution": "{\"name\": \"CategoricalDistribution\", \"attributes\": {\"choices\": [3]}}"}
{"op_code": 8, "worker_id": "95ec3215-e97d-4f7b-9777-f6685200216a-140074229139264", "trial_id": 14, "user_attr": {"best_epoch": 2}}
{"op_code": 8, "worker_id": "95ec3215-e97d-4f7b-9777-f6685200216a-140074229139264", "trial_id": 14, "user_attr": {"test_loss": 0.45863963009226316}}
{"op_code": 6, "worker_id": "95ec3215-e97d-4f7b-9777-f6685200216a-140074229139264", "trial_id": 14, "state": 1, "values": [0.4576774103404361], "datetime_complete": "2024-08-28T08:56:52.014353"}
{"op_code": 4, "worker_id": "95ec3215-e97d-4f7b-9777-f6685200216a-140074229139264", "study_id": 0, "datetime_start": "2024-08-28T08:56:52.031716"}
{"op_code": 5, "worker_id": "95ec3215-e97d-4f7b-9777-f6685200216a-140074229139264", "trial_id": 15, "param_name": "lr", "param_value_internal": 0.000359066561548677, "distribution": "{\"name\": \"FloatDistribution\", \"attributes\": {\"step\": null, \"low\": 1e-05, \"high\": 0.001, \"log\": true}}"}
{"op_code": 5, "worker_id": "95ec3215-e97d-4f7b-9777-f6685200216a-140074229139264", "trial_id": 15, "param_name": "l2reg", "param_value_internal": 6.031927551809129e-07, "distribution": "{\"name\": \"FloatDistribution\", \"attributes\": {\"step\": null, \"low\": 1e-08, \"high\": 0.001, \"log\": true}}"}
{"op_code": 5, "worker_id": "95ec3215-e97d-4f7b-9777-f6685200216a-140074229139264", "trial_id": 15, "param_name": "random_seed", "param_value_internal": 0, "distribution": "{\"name\": \"CategoricalDistribution\", \"attributes\": {\"choices\": [42]}}"}
{"op_code": 5, "worker_id": "95ec3215-e97d-4f7b-9777-f6685200216a-140074229139264", "trial_id": 15, "param_name": "degree", "param_value_internal": 0, "distribution": "{\"name\": \"CategoricalDistribution\", \"attributes\": {\"choices\": [3]}}"}
{"op_code": 8, "worker_id": "95ec3215-e97d-4f7b-9777-f6685200216a-140074229139264", "trial_id": 15, "user_attr": {"best_epoch": 1}}
{"op_code": 8, "worker_id": "95ec3215-e97d-4f7b-9777-f6685200216a-140074229139264", "trial_id": 15, "user_attr": {"test_loss": 0.4587581657926965}}
{"op_code": 6, "worker_id": "95ec3215-e97d-4f7b-9777-f6685200216a-140074229139264", "trial_id": 15, "state": 1, "values": [0.4575948743712454], "datetime_complete": "2024-08-28T09:02:30.760542"}
{"op_code": 4, "worker_id": "95ec3215-e97d-4f7b-9777-f6685200216a-140074229139264", "study_id": 0, "datetime_start": "2024-08-28T09:02:30.769418"}
{"op_code": 5, "worker_id": "95ec3215-e97d-4f7b-9777-f6685200216a-140074229139264", "trial_id": 16, "param_name": "lr", "param_value_internal": 0.0007215001132702569, "distribution": "{\"name\": \"FloatDistribution\", \"attributes\": {\"step\": null, \"low\": 1e-05, \"high\": 0.001, \"log\": true}}"}
{"op_code": 5, "worker_id": "95ec3215-e97d-4f7b-9777-f6685200216a-140074229139264", "trial_id": 16, "param_name": "l2reg", "param_value_internal": 2.2646494912001402e-05, "distribution": "{\"name\": \"FloatDistribution\", \"attributes\": {\"step\": null, \"low\": 1e-08, \"high\": 0.001, \"log\": true}}"}
{"op_code": 5, "worker_id": "95ec3215-e97d-4f7b-9777-f6685200216a-140074229139264", "trial_id": 16, "param_name": "random_seed", "param_value_internal": 0, "distribution": "{\"name\": \"CategoricalDistribution\", \"attributes\": {\"choices\": [42]}}"}
{"op_code": 5, "worker_id": "95ec3215-e97d-4f7b-9777-f6685200216a-140074229139264", "trial_id": 16, "param_name": "degree", "param_value_internal": 0, "distribution": "{\"name\": \"CategoricalDistribution\", \"attributes\": {\"choices\": [3]}}"}
{"op_code": 8, "worker_id": "95ec3215-e97d-4f7b-9777-f6685200216a-140074229139264", "trial_id": 16, "user_attr": {"best_epoch": 0}}
{"op_code": 8, "worker_id": "95ec3215-e97d-4f7b-9777-f6685200216a-140074229139264", "trial_id": 16, "user_attr": {"test_loss": 0.45825336786457077}}
{"op_code": 6, "worker_id": "95ec3215-e97d-4f7b-9777-f6685200216a-140074229139264", "trial_id": 16, "state": 1, "values": [0.4572766795038985], "datetime_complete": "2024-08-28T09:07:26.110196"}
{"op_code": 4, "worker_id": "95ec3215-e97d-4f7b-9777-f6685200216a-140074229139264", "study_id": 0, "datetime_start": "2024-08-28T09:07:26.134347"}
{"op_code": 5, "worker_id": "95ec3215-e97d-4f7b-9777-f6685200216a-140074229139264", "trial_id": 17, "param_name": "lr", "param_value_internal": 0.00025765884186723014, "distribution": "{\"name\": \"FloatDistribution\", \"attributes\": {\"step\": null, \"low\": 1e-05, \"high\": 0.001, \"log\": true}}"}
{"op_code": 5, "worker_id": "95ec3215-e97d-4f7b-9777-f6685200216a-140074229139264", "trial_id": 17, "param_name": "l2reg", "param_value_internal": 1.2594066315067315e-08, "distribution": "{\"name\": \"FloatDistribution\", \"attributes\": {\"step\": null, \"low\": 1e-08, \"high\": 0.001, \"log\": true}}"}
{"op_code": 5, "worker_id": "95ec3215-e97d-4f7b-9777-f6685200216a-140074229139264", "trial_id": 17, "param_name": "random_seed", "param_value_internal": 0, "distribution": "{\"name\": \"CategoricalDistribution\", \"attributes\": {\"choices\": [42]}}"}
{"op_code": 5, "worker_id": "95ec3215-e97d-4f7b-9777-f6685200216a-140074229139264", "trial_id": 17, "param_name": "degree", "param_value_internal": 0, "distribution": "{\"name\": \"CategoricalDistribution\", \"attributes\": {\"choices\": [3]}}"}
{"op_code": 8, "worker_id": "95ec3215-e97d-4f7b-9777-f6685200216a-140074229139264", "trial_id": 17, "user_attr": {"best_epoch": 1}}
{"op_code": 8, "worker_id": "95ec3215-e97d-4f7b-9777-f6685200216a-140074229139264", "trial_id": 17, "user_attr": {"test_loss": 0.45753150262801856}}
{"op_code": 6, "worker_id": "95ec3215-e97d-4f7b-9777-f6685200216a-140074229139264", "trial_id": 17, "state": 1, "values": [0.45645742793182115], "datetime_complete": "2024-08-28T09:13:16.628521"}
{"op_code": 4, "worker_id": "95ec3215-e97d-4f7b-9777-f6685200216a-140074229139264", "study_id": 0, "datetime_start": "2024-08-28T09:13:16.638366"}
{"op_code": 5, "worker_id": "95ec3215-e97d-4f7b-9777-f6685200216a-140074229139264", "trial_id": 18, "param_name": "lr", "param_value_internal": 0.0005386892782560556, "distribution": "{\"name\": \"FloatDistribution\", \"attributes\": {\"step\": null, \"low\": 1e-05, \"high\": 0.001, \"log\": true}}"}
{"op_code": 5, "worker_id": "95ec3215-e97d-4f7b-9777-f6685200216a-140074229139264", "trial_id": 18, "param_name": "l2reg", "param_value_internal": 1.0942001153812953e-08, "distribution": "{\"name\": \"FloatDistribution\", \"attributes\": {\"step\": null, \"low\": 1e-08, \"high\": 0.001, \"log\": true}}"}
{"op_code": 5, "worker_id": "95ec3215-e97d-4f7b-9777-f6685200216a-140074229139264", "trial_id": 18, "param_name": "random_seed", "param_value_internal": 0, "distribution": "{\"name\": \"CategoricalDistribution\", \"attributes\": {\"choices\": [42]}}"}
{"op_code": 5, "worker_id": "95ec3215-e97d-4f7b-9777-f6685200216a-140074229139264", "trial_id": 18, "param_name": "degree", "param_value_internal": 0, "distribution": "{\"name\": \"CategoricalDistribution\", \"attributes\": {\"choices\": [3]}}"}
{"op_code": 8, "worker_id": "95ec3215-e97d-4f7b-9777-f6685200216a-140074229139264", "trial_id": 18, "user_attr": {"best_epoch": 0}}
{"op_code": 8, "worker_id": "95ec3215-e97d-4f7b-9777-f6685200216a-140074229139264", "trial_id": 18, "user_attr": {"test_loss": 0.45800854678667086}}
{"op_code": 6, "worker_id": "95ec3215-e97d-4f7b-9777-f6685200216a-140074229139264", "trial_id": 18, "state": 1, "values": [0.45707324093784074], "datetime_complete": "2024-08-28T09:17:45.442654"}
{"op_code": 4, "worker_id": "95ec3215-e97d-4f7b-9777-f6685200216a-140074229139264", "study_id": 0, "datetime_start": "2024-08-28T09:17:45.451571"}
{"op_code": 5, "worker_id": "95ec3215-e97d-4f7b-9777-f6685200216a-140074229139264", "trial_id": 19, "param_name": "lr", "param_value_internal": 0.00010424469134424158, "distribution": "{\"name\": \"FloatDistribution\", \"attributes\": {\"step\": null, \"low\": 1e-05, \"high\": 0.001, \"log\": true}}"}
{"op_code": 5, "worker_id": "95ec3215-e97d-4f7b-9777-f6685200216a-140074229139264", "trial_id": 19, "param_name": "l2reg", "param_value_internal": 2.8310483227848953e-08, "distribution": "{\"name\": \"FloatDistribution\", \"attributes\": {\"step\": null, \"low\": 1e-08, \"high\": 0.001, \"log\": true}}"}
{"op_code": 5, "worker_id": "95ec3215-e97d-4f7b-9777-f6685200216a-140074229139264", "trial_id": 19, "param_name": "random_seed", "param_value_internal": 0, "distribution": "{\"name\": \"CategoricalDistribution\", \"attributes\": {\"choices\": [42]}}"}
{"op_code": 5, "worker_id": "95ec3215-e97d-4f7b-9777-f6685200216a-140074229139264", "trial_id": 19, "param_name": "degree", "param_value_internal": 0, "distribution": "{\"name\": \"CategoricalDistribution\", \"attributes\": {\"choices\": [3]}}"}
{"op_code": 8, "worker_id": "95ec3215-e97d-4f7b-9777-f6685200216a-140074229139264", "trial_id": 19, "user_attr": {"best_epoch": 2}}
{"op_code": 8, "worker_id": "95ec3215-e97d-4f7b-9777-f6685200216a-140074229139264", "trial_id": 19, "user_attr": {"test_loss": 0.4600562939593749}}
{"op_code": 6, "worker_id": "95ec3215-e97d-4f7b-9777-f6685200216a-140074229139264", "trial_id": 19, "state": 1, "values": [0.4592070744243861], "datetime_complete": "2024-08-28T09:23:53.648042"}
{"op_code": 4, "worker_id": "95ec3215-e97d-4f7b-9777-f6685200216a-140074229139264", "study_id": 0, "datetime_start": "2024-08-28T09:23:53.656988"}
{"op_code": 5, "worker_id": "95ec3215-e97d-4f7b-9777-f6685200216a-140074229139264", "trial_id": 20, "param_name": "lr", "param_value_internal": 0.00021499166058525017, "distribution": "{\"name\": \"FloatDistribution\", \"attributes\": {\"step\": null, \"low\": 1e-05, \"high\": 0.001, \"log\": true}}"}
{"op_code": 5, "worker_id": "95ec3215-e97d-4f7b-9777-f6685200216a-140074229139264", "trial_id": 20, "param_name": "l2reg", "param_value_internal": 5.351416165734609e-07, "distribution": "{\"name\": \"FloatDistribution\", \"attributes\": {\"step\": null, \"low\": 1e-08, \"high\": 0.001, \"log\": true}}"}
{"op_code": 5, "worker_id": "95ec3215-e97d-4f7b-9777-f6685200216a-140074229139264", "trial_id": 20, "param_name": "random_seed", "param_value_internal": 0, "distribution": "{\"name\": \"CategoricalDistribution\", \"attributes\": {\"choices\": [42]}}"}
{"op_code": 5, "worker_id": "95ec3215-e97d-4f7b-9777-f6685200216a-140074229139264", "trial_id": 20, "param_name": "degree", "param_value_internal": 0, "distribution": "{\"name\": \"CategoricalDistribution\", \"attributes\": {\"choices\": [3]}}"}
{"op_code": 8, "worker_id": "95ec3215-e97d-4f7b-9777-f6685200216a-140074229139264", "trial_id": 20, "user_attr": {"best_epoch": 1}}
{"op_code": 8, "worker_id": "95ec3215-e97d-4f7b-9777-f6685200216a-140074229139264", "trial_id": 20, "user_attr": {"test_loss": 0.45781614101205437}}
{"op_code": 6, "worker_id": "95ec3215-e97d-4f7b-9777-f6685200216a-140074229139264", "trial_id": 20, "state": 1, "values": [0.45681326408761486], "datetime_complete": "2024-08-28T09:29:11.543873"}
{"op_code": 4, "worker_id": "95ec3215-e97d-4f7b-9777-f6685200216a-140074229139264", "study_id": 0, "datetime_start": "2024-08-28T09:29:11.558216"}
{"op_code": 5, "worker_id": "95ec3215-e97d-4f7b-9777-f6685200216a-140074229139264", "trial_id": 21, "param_name": "lr", "param_value_internal": 0.00025351765369552927, "distribution": "{\"name\": \"FloatDistribution\", \"attributes\": {\"step\": null, \"low\": 1e-05, \"high\": 0.001, \"log\": true}}"}
{"op_code": 5, "worker_id": "95ec3215-e97d-4f7b-9777-f6685200216a-140074229139264", "trial_id": 21, "param_name": "l2reg", "param_value_internal": 8.859012849344958e-05, "distribution": "{\"name\": \"FloatDistribution\", \"attributes\": {\"step\": null, \"low\": 1e-08, \"high\": 0.001, \"log\": true}}"}
{"op_code": 5, "worker_id": "95ec3215-e97d-4f7b-9777-f6685200216a-140074229139264", "trial_id": 21, "param_name": "random_seed", "param_value_internal": 0, "distribution": "{\"name\": \"CategoricalDistribution\", \"attributes\": {\"choices\": [42]}}"}
{"op_code": 5, "worker_id": "95ec3215-e97d-4f7b-9777-f6685200216a-140074229139264", "trial_id": 21, "param_name": "degree", "param_value_internal": 0, "distribution": "{\"name\": \"CategoricalDistribution\", \"attributes\": {\"choices\": [3]}}"}
{"op_code": 8, "worker_id": "95ec3215-e97d-4f7b-9777-f6685200216a-140074229139264", "trial_id": 21, "user_attr": {"best_epoch": 1}}
{"op_code": 8, "worker_id": "95ec3215-e97d-4f7b-9777-f6685200216a-140074229139264", "trial_id": 21, "user_attr": {"test_loss": 0.4575294411375762}}
{"op_code": 6, "worker_id": "95ec3215-e97d-4f7b-9777-f6685200216a-140074229139264", "trial_id": 21, "state": 1, "values": [0.4564611691552165], "datetime_complete": "2024-08-28T09:34:27.162482"}
{"op_code": 4, "worker_id": "95ec3215-e97d-4f7b-9777-f6685200216a-140074229139264", "study_id": 0, "datetime_start": "2024-08-28T09:34:27.176503"}
{"op_code": 5, "worker_id": "95ec3215-e97d-4f7b-9777-f6685200216a-140074229139264", "trial_id": 22, "param_name": "lr", "param_value_internal": 0.00025253710106474506, "distribution": "{\"name\": \"FloatDistribution\", \"attributes\": {\"step\": null, \"low\": 1e-05, \"high\": 0.001, \"log\": true}}"}
{"op_code": 5, "worker_id": "95ec3215-e97d-4f7b-9777-f6685200216a-140074229139264", "trial_id": 22, "param_name": "l2reg", "param_value_internal": 0.0001917559031611948, "distribution": "{\"name\": \"FloatDistribution\", \"attributes\": {\"step\": null, \"low\": 1e-08, \"high\": 0.001, \"log\": true}}"}
{"op_code": 5, "worker_id": "95ec3215-e97d-4f7b-9777-f6685200216a-140074229139264", "trial_id": 22, "param_name": "random_seed", "param_value_internal": 0, "distribution": "{\"name\": \"CategoricalDistribution\", \"attributes\": {\"choices\": [42]}}"}
{"op_code": 5, "worker_id": "95ec3215-e97d-4f7b-9777-f6685200216a-140074229139264", "trial_id": 22, "param_name": "degree", "param_value_internal": 0, "distribution": "{\"name\": \"CategoricalDistribution\", \"attributes\": {\"choices\": [3]}}"}
{"op_code": 8, "worker_id": "95ec3215-e97d-4f7b-9777-f6685200216a-140074229139264", "trial_id": 22, "user_attr": {"best_epoch": 1}}
{"op_code": 8, "worker_id": "95ec3215-e97d-4f7b-9777-f6685200216a-140074229139264", "trial_id": 22, "user_attr": {"test_loss": 0.4575235620722407}}
{"op_code": 6, "worker_id": "95ec3215-e97d-4f7b-9777-f6685200216a-140074229139264", "trial_id": 22, "state": 1, "values": [0.45645777151356154], "datetime_complete": "2024-08-28T09:39:47.012724"}
{"op_code": 4, "worker_id": "95ec3215-e97d-4f7b-9777-f6685200216a-140074229139264", "study_id": 0, "datetime_start": "2024-08-28T09:39:47.023248"}
{"op_code": 5, "worker_id": "95ec3215-e97d-4f7b-9777-f6685200216a-140074229139264", "trial_id": 23, "param_name": "lr", "param_value_internal": 0.00010814406628766146, "distribution": "{\"name\": \"FloatDistribution\", \"attributes\": {\"step\": null, \"low\": 1e-05, \"high\": 0.001, \"log\": true}}"}
{"op_code": 5, "worker_id": "95ec3215-e97d-4f7b-9777-f6685200216a-140074229139264", "trial_id": 23, "param_name": "l2reg", "param_value_internal": 0.0001233060104664238, "distribution": "{\"name\": \"FloatDistribution\", \"attributes\": {\"step\": null, \"low\": 1e-08, \"high\": 0.001, \"log\": true}}"}
{"op_code": 5, "worker_id": "95ec3215-e97d-4f7b-9777-f6685200216a-140074229139264", "trial_id": 23, "param_name": "random_seed", "param_value_internal": 0, "distribution": "{\"name\": \"CategoricalDistribution\", \"attributes\": {\"choices\": [42]}}"}
{"op_code": 5, "worker_id": "95ec3215-e97d-4f7b-9777-f6685200216a-140074229139264", "trial_id": 23, "param_name": "degree", "param_value_internal": 0, "distribution": "{\"name\": \"CategoricalDistribution\", \"attributes\": {\"choices\": [3]}}"}
{"op_code": 8, "worker_id": "95ec3215-e97d-4f7b-9777-f6685200216a-140074229139264", "trial_id": 23, "user_attr": {"best_epoch": 2}}
{"op_code": 8, "worker_id": "95ec3215-e97d-4f7b-9777-f6685200216a-140074229139264", "trial_id": 23, "user_attr": {"test_loss": 0.4598319732586514}}
{"op_code": 6, "worker_id": "95ec3215-e97d-4f7b-9777-f6685200216a-140074229139264", "trial_id": 23, "state": 1, "values": [0.45897053748400435], "datetime_complete": "2024-08-28T09:45:57.110250"}
{"op_code": 4, "worker_id": "95ec3215-e97d-4f7b-9777-f6685200216a-140074229139264", "study_id": 0, "datetime_start": "2024-08-28T09:45:57.119209"}
{"op_code": 5, "worker_id": "95ec3215-e97d-4f7b-9777-f6685200216a-140074229139264", "trial_id": 24, "param_name": "lr", "param_value_internal": 0.0004943018624063403, "distribution": "{\"name\": \"FloatDistribution\", \"attributes\": {\"step\": null, \"low\": 1e-05, \"high\": 0.001, \"log\": true}}"}
{"op_code": 5, "worker_id": "95ec3215-e97d-4f7b-9777-f6685200216a-140074229139264", "trial_id": 24, "param_name": "l2reg", "param_value_internal": 9.105853640123508e-05, "distribution": "{\"name\": \"FloatDistribution\", \"attributes\": {\"step\": null, \"low\": 1e-08, \"high\": 0.001, \"log\": true}}"}
{"op_code": 5, "worker_id": "95ec3215-e97d-4f7b-9777-f6685200216a-140074229139264", "trial_id": 24, "param_name": "random_seed", "param_value_internal": 0, "distribution": "{\"name\": \"CategoricalDistribution\", \"attributes\": {\"choices\": [42]}}"}
{"op_code": 5, "worker_id": "95ec3215-e97d-4f7b-9777-f6685200216a-140074229139264", "trial_id": 24, "param_name": "degree", "param_value_internal": 0, "distribution": "{\"name\": \"CategoricalDistribution\", \"attributes\": {\"choices\": [3]}}"}
{"op_code": 8, "worker_id": "95ec3215-e97d-4f7b-9777-f6685200216a-140074229139264", "trial_id": 24, "user_attr": {"best_epoch": 0}}
{"op_code": 8, "worker_id": "95ec3215-e97d-4f7b-9777-f6685200216a-140074229139264", "trial_id": 24, "user_attr": {"test_loss": 0.45808077530364993}}
{"op_code": 6, "worker_id": "95ec3215-e97d-4f7b-9777-f6685200216a-140074229139264", "trial_id": 24, "state": 1, "values": [0.45716581712900045], "datetime_complete": "2024-08-28T09:50:26.748979"}
{"op_code": 4, "worker_id": "95ec3215-e97d-4f7b-9777-f6685200216a-140074229139264", "study_id": 0, "datetime_start": "2024-08-28T09:50:26.757888"}
{"op_code": 5, "worker_id": "95ec3215-e97d-4f7b-9777-f6685200216a-140074229139264", "trial_id": 25, "param_name": "lr", "param_value_internal": 0.00017296670626955953, "distribution": "{\"name\": \"FloatDistribution\", \"attributes\": {\"step\": null, \"low\": 1e-05, \"high\": 0.001, \"log\": true}}"}
{"op_code": 5, "worker_id": "95ec3215-e97d-4f7b-9777-f6685200216a-140074229139264", "trial_id": 25, "param_name": "l2reg", "param_value_internal": 0.000251240746354971, "distribution": "{\"name\": \"FloatDistribution\", \"attributes\": {\"step\": null, \"low\": 1e-08, \"high\": 0.001, \"log\": true}}"}
{"op_code": 5, "worker_id": "95ec3215-e97d-4f7b-9777-f6685200216a-140074229139264", "trial_id": 25, "param_name": "random_seed", "param_value_internal": 0, "distribution": "{\"name\": \"CategoricalDistribution\", \"attributes\": {\"choices\": [42]}}"}
{"op_code": 5, "worker_id": "95ec3215-e97d-4f7b-9777-f6685200216a-140074229139264", "trial_id": 25, "param_name": "degree", "param_value_internal": 0, "distribution": "{\"name\": \"CategoricalDistribution\", \"attributes\": {\"choices\": [3]}}"}
{"op_code": 8, "worker_id": "95ec3215-e97d-4f7b-9777-f6685200216a-140074229139264", "trial_id": 25, "user_attr": {"best_epoch": 2}}
{"op_code": 8, "worker_id": "95ec3215-e97d-4f7b-9777-f6685200216a-140074229139264", "trial_id": 25, "user_attr": {"test_loss": 0.45854980255502653}}
{"op_code": 6, "worker_id": "95ec3215-e97d-4f7b-9777-f6685200216a-140074229139264", "trial_id": 25, "state": 1, "values": [0.4574722156899274], "datetime_complete": "2024-08-28T09:56:38.074933"}
{"op_code": 4, "worker_id": "95ec3215-e97d-4f7b-9777-f6685200216a-140074229139264", "study_id": 0, "datetime_start": "2024-08-28T09:56:38.083761"}
{"op_code": 5, "worker_id": "95ec3215-e97d-4f7b-9777-f6685200216a-140074229139264", "trial_id": 26, "param_name": "lr", "param_value_internal": 7.341839716376294e-05, "distribution": "{\"name\": \"FloatDistribution\", \"attributes\": {\"step\": null, \"low\": 1e-05, \"high\": 0.001, \"log\": true}}"}
{"op_code": 5, "worker_id": "95ec3215-e97d-4f7b-9777-f6685200216a-140074229139264", "trial_id": 26, "param_name": "l2reg", "param_value_internal": 7.597530940595428e-05, "distribution": "{\"name\": \"FloatDistribution\", \"attributes\": {\"step\": null, \"low\": 1e-08, \"high\": 0.001, \"log\": true}}"}
{"op_code": 5, "worker_id": "95ec3215-e97d-4f7b-9777-f6685200216a-140074229139264", "trial_id": 26, "param_name": "random_seed", "param_value_internal": 0, "distribution": "{\"name\": \"CategoricalDistribution\", \"attributes\": {\"choices\": [42]}}"}
{"op_code": 5, "worker_id": "95ec3215-e97d-4f7b-9777-f6685200216a-140074229139264", "trial_id": 26, "param_name": "degree", "param_value_internal": 0, "distribution": "{\"name\": \"CategoricalDistribution\", \"attributes\": {\"choices\": [3]}}"}
{"op_code": 8, "worker_id": "95ec3215-e97d-4f7b-9777-f6685200216a-140074229139264", "trial_id": 26, "user_attr": {"best_epoch": 5}}
{"op_code": 8, "worker_id": "95ec3215-e97d-4f7b-9777-f6685200216a-140074229139264", "trial_id": 26, "user_attr": {"test_loss": 0.46059251052887157}}
{"op_code": 6, "worker_id": "95ec3215-e97d-4f7b-9777-f6685200216a-140074229139264", "trial_id": 26, "state": 1, "values": [0.45973241090543715], "datetime_complete": "2024-08-28T10:05:12.354606"}
{"op_code": 4, "worker_id": "95ec3215-e97d-4f7b-9777-f6685200216a-140074229139264", "study_id": 0, "datetime_start": "2024-08-28T10:05:12.369541"}
{"op_code": 5, "worker_id": "95ec3215-e97d-4f7b-9777-f6685200216a-140074229139264", "trial_id": 27, "param_name": "lr", "param_value_internal": 0.00023793537960598534, "distribution": "{\"name\": \"FloatDistribution\", \"attributes\": {\"step\": null, \"low\": 1e-05, \"high\": 0.001, \"log\": true}}"}
{"op_code": 5, "worker_id": "95ec3215-e97d-4f7b-9777-f6685200216a-140074229139264", "trial_id": 27, "param_name": "l2reg", "param_value_internal": 0.000981406900997987, "distribution": "{\"name\": \"FloatDistribution\", \"attributes\": {\"step\": null, \"low\": 1e-08, \"high\": 0.001, \"log\": true}}"}
{"op_code": 5, "worker_id": "95ec3215-e97d-4f7b-9777-f6685200216a-140074229139264", "trial_id": 27, "param_name": "random_seed", "param_value_internal": 0, "distribution": "{\"name\": \"CategoricalDistribution\", \"attributes\": {\"choices\": [42]}}"}
{"op_code": 5, "worker_id": "95ec3215-e97d-4f7b-9777-f6685200216a-140074229139264", "trial_id": 27, "param_name": "degree", "param_value_internal": 0, "distribution": "{\"name\": \"CategoricalDistribution\", \"attributes\": {\"choices\": [3]}}"}
{"op_code": 8, "worker_id": "95ec3215-e97d-4f7b-9777-f6685200216a-140074229139264", "trial_id": 27, "user_attr": {"best_epoch": 1}}
{"op_code": 8, "worker_id": "95ec3215-e97d-4f7b-9777-f6685200216a-140074229139264", "trial_id": 27, "user_attr": {"test_loss": 0.4575612033606875}}
{"op_code": 6, "worker_id": "95ec3215-e97d-4f7b-9777-f6685200216a-140074229139264", "trial_id": 27, "state": 1, "values": [0.45651870000885675], "datetime_complete": "2024-08-28T10:10:31.603788"}
{"op_code": 4, "worker_id": "95ec3215-e97d-4f7b-9777-f6685200216a-140074229139264", "study_id": 0, "datetime_start": "2024-08-28T10:10:31.613204"}
{"op_code": 5, "worker_id": "95ec3215-e97d-4f7b-9777-f6685200216a-140074229139264", "trial_id": 28, "param_name": "lr", "param_value_internal": 0.00012535967101535124, "distribution": "{\"name\": \"FloatDistribution\", \"attributes\": {\"step\": null, \"low\": 1e-05, \"high\": 0.001, \"log\": true}}"}
{"op_code": 5, "worker_id": "95ec3215-e97d-4f7b-9777-f6685200216a-140074229139264", "trial_id": 28, "param_name": "l2reg", "param_value_internal": 5.976533181776255e-06, "distribution": "{\"name\": \"FloatDistribution\", \"attributes\": {\"step\": null, \"low\": 1e-08, \"high\": 0.001, \"log\": true}}"}
{"op_code": 5, "worker_id": "95ec3215-e97d-4f7b-9777-f6685200216a-140074229139264", "trial_id": 28, "param_name": "random_seed", "param_value_internal": 0, "distribution": "{\"name\": \"CategoricalDistribution\", \"attributes\": {\"choices\": [42]}}"}
{"op_code": 5, "worker_id": "95ec3215-e97d-4f7b-9777-f6685200216a-140074229139264", "trial_id": 28, "param_name": "degree", "param_value_internal": 0, "distribution": "{\"name\": \"CategoricalDistribution\", \"attributes\": {\"choices\": [3]}}"}
{"op_code": 8, "worker_id": "95ec3215-e97d-4f7b-9777-f6685200216a-140074229139264", "trial_id": 28, "user_attr": {"best_epoch": 2}}
{"op_code": 8, "worker_id": "95ec3215-e97d-4f7b-9777-f6685200216a-140074229139264", "trial_id": 28, "user_attr": {"test_loss": 0.4590268085379299}}
{"op_code": 6, "worker_id": "95ec3215-e97d-4f7b-9777-f6685200216a-140074229139264", "trial_id": 28, "state": 1, "values": [0.4581091780608552], "datetime_complete": "2024-08-28T10:16:39.936137"}
{"op_code": 4, "worker_id": "95ec3215-e97d-4f7b-9777-f6685200216a-140074229139264", "study_id": 0, "datetime_start": "2024-08-28T10:16:39.944912"}
{"op_code": 5, "worker_id": "95ec3215-e97d-4f7b-9777-f6685200216a-140074229139264", "trial_id": 29, "param_name": "lr", "param_value_internal": 0.000671746128120129, "distribution": "{\"name\": \"FloatDistribution\", \"attributes\": {\"step\": null, \"low\": 1e-05, \"high\": 0.001, \"log\": true}}"}
{"op_code": 5, "worker_id": "95ec3215-e97d-4f7b-9777-f6685200216a-140074229139264", "trial_id": 29, "param_name": "l2reg", "param_value_internal": 0.0003402549744743359, "distribution": "{\"name\": \"FloatDistribution\", \"attributes\": {\"step\": null, \"low\": 1e-08, \"high\": 0.001, \"log\": true}}"}
{"op_code": 5, "worker_id": "95ec3215-e97d-4f7b-9777-f6685200216a-140074229139264", "trial_id": 29, "param_name": "random_seed", "param_value_internal": 0, "distribution": "{\"name\": \"CategoricalDistribution\", \"attributes\": {\"choices\": [42]}}"}
{"op_code": 5, "worker_id": "95ec3215-e97d-4f7b-9777-f6685200216a-140074229139264", "trial_id": 29, "param_name": "degree", "param_value_internal": 0, "distribution": "{\"name\": \"CategoricalDistribution\", \"attributes\": {\"choices\": [3]}}"}
{"op_code": 8, "worker_id": "95ec3215-e97d-4f7b-9777-f6685200216a-140074229139264", "trial_id": 29, "user_attr": {"best_epoch": 0}}
{"op_code": 8, "worker_id": "95ec3215-e97d-4f7b-9777-f6685200216a-140074229139264", "trial_id": 29, "user_attr": {"test_loss": 0.4581185311193435}}
{"op_code": 6, "worker_id": "95ec3215-e97d-4f7b-9777-f6685200216a-140074229139264", "trial_id": 29, "state": 1, "values": [0.4571485998662322], "datetime_complete": "2024-08-28T10:21:07.378700"}
{"op_code": 4, "worker_id": "95ec3215-e97d-4f7b-9777-f6685200216a-140074229139264", "study_id": 0, "datetime_start": "2024-08-28T10:21:07.388718"}
{"op_code": 5, "worker_id": "95ec3215-e97d-4f7b-9777-f6685200216a-140074229139264", "trial_id": 30, "param_name": "lr", "param_value_internal": 0.00040038824695040116, "distribution": "{\"name\": \"FloatDistribution\", \"attributes\": {\"step\": null, \"low\": 1e-05, \"high\": 0.001, \"log\": true}}"}
{"op_code": 5, "worker_id": "95ec3215-e97d-4f7b-9777-f6685200216a-140074229139264", "trial_id": 30, "param_name": "l2reg", "param_value_internal": 5.728845685542995e-05, "distribution": "{\"name\": \"FloatDistribution\", \"attributes\": {\"step\": null, \"low\": 1e-08, \"high\": 0.001, \"log\": true}}"}
{"op_code": 5, "worker_id": "95ec3215-e97d-4f7b-9777-f6685200216a-140074229139264", "trial_id": 30, "param_name": "random_seed", "param_value_internal": 0, "distribution": "{\"name\": \"CategoricalDistribution\", \"attributes\": {\"choices\": [42]}}"}
{"op_code": 5, "worker_id": "95ec3215-e97d-4f7b-9777-f6685200216a-140074229139264", "trial_id": 30, "param_name": "degree", "param_value_internal": 0, "distribution": "{\"name\": \"CategoricalDistribution\", \"attributes\": {\"choices\": [3]}}"}
{"op_code": 8, "worker_id": "95ec3215-e97d-4f7b-9777-f6685200216a-140074229139264", "trial_id": 30, "user_attr": {"best_epoch": 0}}
{"op_code": 8, "worker_id": "95ec3215-e97d-4f7b-9777-f6685200216a-140074229139264", "trial_id": 30, "user_attr": {"test_loss": 0.4585086872734269}}
{"op_code": 6, "worker_id": "95ec3215-e97d-4f7b-9777-f6685200216a-140074229139264", "trial_id": 30, "state": 1, "values": [0.4576577116539872], "datetime_complete": "2024-08-28T10:25:31.197470"}
{"op_code": 4, "worker_id": "95ec3215-e97d-4f7b-9777-f6685200216a-140074229139264", "study_id": 0, "datetime_start": "2024-08-28T10:25:31.207376"}
{"op_code": 5, "worker_id": "95ec3215-e97d-4f7b-9777-f6685200216a-140074229139264", "trial_id": 31, "param_name": "lr", "param_value_internal": 0.00027000827514639495, "distribution": "{\"name\": \"FloatDistribution\", \"attributes\": {\"step\": null, \"low\": 1e-05, \"high\": 0.001, \"log\": true}}"}
{"op_code": 5, "worker_id": "95ec3215-e97d-4f7b-9777-f6685200216a-140074229139264", "trial_id": 31, "param_name": "l2reg", "param_value_internal": 2.2687973684475224e-08, "distribution": "{\"name\": \"FloatDistribution\", \"attributes\": {\"step\": null, \"low\": 1e-08, \"high\": 0.001, \"log\": true}}"}
{"op_code": 5, "worker_id": "95ec3215-e97d-4f7b-9777-f6685200216a-140074229139264", "trial_id": 31, "param_name": "random_seed", "param_value_internal": 0, "distribution": "{\"name\": \"CategoricalDistribution\", \"attributes\": {\"choices\": [42]}}"}
{"op_code": 5, "worker_id": "95ec3215-e97d-4f7b-9777-f6685200216a-140074229139264", "trial_id": 31, "param_name": "degree", "param_value_internal": 0, "distribution": "{\"name\": \"CategoricalDistribution\", \"attributes\": {\"choices\": [3]}}"}
{"op_code": 8, "worker_id": "95ec3215-e97d-4f7b-9777-f6685200216a-140074229139264", "trial_id": 31, "user_attr": {"best_epoch": 1}}
{"op_code": 8, "worker_id": "95ec3215-e97d-4f7b-9777-f6685200216a-140074229139264", "trial_id": 31, "user_attr": {"test_loss": 0.45756769323800595}}
{"op_code": 6, "worker_id": "95ec3215-e97d-4f7b-9777-f6685200216a-140074229139264", "trial_id": 31, "state": 1, "values": [0.45647708844252105], "datetime_complete": "2024-08-28T10:30:47.404427"}
{"op_code": 4, "worker_id": "95ec3215-e97d-4f7b-9777-f6685200216a-140074229139264", "study_id": 0, "datetime_start": "2024-08-28T10:30:47.416759"}
{"op_code": 5, "worker_id": "95ec3215-e97d-4f7b-9777-f6685200216a-140074229139264", "trial_id": 32, "param_name": "lr", "param_value_internal": 0.0002806244919558283, "distribution": "{\"name\": \"FloatDistribution\", \"attributes\": {\"step\": null, \"low\": 1e-05, \"high\": 0.001, \"log\": true}}"}
{"op_code": 5, "worker_id": "95ec3215-e97d-4f7b-9777-f6685200216a-140074229139264", "trial_id": 32, "param_name": "l2reg", "param_value_internal": 3.40697341360366e-08, "distribution": "{\"name\": \"FloatDistribution\", \"attributes\": {\"step\": null, \"low\": 1e-08, \"high\": 0.001, \"log\": true}}"}
{"op_code": 5, "worker_id": "95ec3215-e97d-4f7b-9777-f6685200216a-140074229139264", "trial_id": 32, "param_name": "random_seed", "param_value_internal": 0, "distribution": "{\"name\": \"CategoricalDistribution\", \"attributes\": {\"choices\": [42]}}"}
{"op_code": 5, "worker_id": "95ec3215-e97d-4f7b-9777-f6685200216a-140074229139264", "trial_id": 32, "param_name": "degree", "param_value_internal": 0, "distribution": "{\"name\": \"CategoricalDistribution\", \"attributes\": {\"choices\": [3]}}"}
{"op_code": 8, "worker_id": "95ec3215-e97d-4f7b-9777-f6685200216a-140074229139264", "trial_id": 32, "user_attr": {"best_epoch": 1}}
{"op_code": 8, "worker_id": "95ec3215-e97d-4f7b-9777-f6685200216a-140074229139264", "trial_id": 32, "user_attr": {"test_loss": 0.4576317139689646}}
{"op_code": 6, "worker_id": "95ec3215-e97d-4f7b-9777-f6685200216a-140074229139264", "trial_id": 32, "state": 1, "values": [0.45652805306734506], "datetime_complete": "2024-08-28T10:36:05.431291"}
{"op_code": 4, "worker_id": "95ec3215-e97d-4f7b-9777-f6685200216a-140074229139264", "study_id": 0, "datetime_start": "2024-08-28T10:36:05.440273"}
{"op_code": 5, "worker_id": "95ec3215-e97d-4f7b-9777-f6685200216a-140074229139264", "trial_id": 33, "param_name": "lr", "param_value_internal": 8.22537034561312e-05, "distribution": "{\"name\": \"FloatDistribution\", \"attributes\": {\"step\": null, \"low\": 1e-05, \"high\": 0.001, \"log\": true}}"}
{"op_code": 5, "worker_id": "95ec3215-e97d-4f7b-9777-f6685200216a-140074229139264", "trial_id": 33, "param_name": "l2reg", "param_value_internal": 1.262247068372714e-05, "distribution": "{\"name\": \"FloatDistribution\", \"attributes\": {\"step\": null, \"low\": 1e-08, \"high\": 0.001, \"log\": true}}"}
{"op_code": 5, "worker_id": "95ec3215-e97d-4f7b-9777-f6685200216a-140074229139264", "trial_id": 33, "param_name": "random_seed", "param_value_internal": 0, "distribution": "{\"name\": \"CategoricalDistribution\", \"attributes\": {\"choices\": [42]}}"}
{"op_code": 5, "worker_id": "95ec3215-e97d-4f7b-9777-f6685200216a-140074229139264", "trial_id": 33, "param_name": "degree", "param_value_internal": 0, "distribution": "{\"name\": \"CategoricalDistribution\", \"attributes\": {\"choices\": [3]}}"}
{"op_code": 8, "worker_id": "95ec3215-e97d-4f7b-9777-f6685200216a-140074229139264", "trial_id": 33, "user_attr": {"best_epoch": 4}}
{"op_code": 8, "worker_id": "95ec3215-e97d-4f7b-9777-f6685200216a-140074229139264", "trial_id": 33, "user_attr": {"test_loss": 0.46030573430289556}}
{"op_code": 6, "worker_id": "95ec3215-e97d-4f7b-9777-f6685200216a-140074229139264", "trial_id": 33, "state": 1, "values": [0.4595725308689106], "datetime_complete": "2024-08-28T10:43:51.906698"}
{"op_code": 4, "worker_id": "95ec3215-e97d-4f7b-9777-f6685200216a-140074229139264", "study_id": 0, "datetime_start": "2024-08-28T10:43:51.915732"}
{"op_code": 5, "worker_id": "95ec3215-e97d-4f7b-9777-f6685200216a-140074229139264", "trial_id": 34, "param_name": "lr", "param_value_internal": 0.0001853780240460694, "distribution": "{\"name\": \"FloatDistribution\", \"attributes\": {\"step\": null, \"low\": 1e-05, \"high\": 0.001, \"log\": true}}"}
{"op_code": 5, "worker_id": "95ec3215-e97d-4f7b-9777-f6685200216a-140074229139264", "trial_id": 34, "param_name": "l2reg", "param_value_internal": 1.8088234614041607e-07, "distribution": "{\"name\": \"FloatDistribution\", \"attributes\": {\"step\": null, \"low\": 1e-08, \"high\": 0.001, \"log\": true}}"}
{"op_code": 5, "worker_id": "95ec3215-e97d-4f7b-9777-f6685200216a-140074229139264", "trial_id": 34, "param_name": "random_seed", "param_value_internal": 0, "distribution": "{\"name\": \"CategoricalDistribution\", \"attributes\": {\"choices\": [42]}}"}
{"op_code": 5, "worker_id": "95ec3215-e97d-4f7b-9777-f6685200216a-140074229139264", "trial_id": 34, "param_name": "degree", "param_value_internal": 0, "distribution": "{\"name\": \"CategoricalDistribution\", \"attributes\": {\"choices\": [3]}}"}
{"op_code": 8, "worker_id": "95ec3215-e97d-4f7b-9777-f6685200216a-140074229139264", "trial_id": 34, "user_attr": {"best_epoch": 1}}
{"op_code": 8, "worker_id": "95ec3215-e97d-4f7b-9777-f6685200216a-140074229139264", "trial_id": 34, "user_attr": {"test_loss": 0.45850486969853377}}
{"op_code": 6, "worker_id": "95ec3215-e97d-4f7b-9777-f6685200216a-140074229139264", "trial_id": 34, "state": 1, "values": [0.457553644562399], "datetime_complete": "2024-08-28T10:49:07.933042"}
{"op_code": 4, "worker_id": "95ec3215-e97d-4f7b-9777-f6685200216a-140074229139264", "study_id": 0, "datetime_start": "2024-08-28T10:49:07.942035"}
{"op_code": 5, "worker_id": "95ec3215-e97d-4f7b-9777-f6685200216a-140074229139264", "trial_id": 35, "param_name": "lr", "param_value_internal": 0.00030064342374538813, "distribution": "{\"name\": \"FloatDistribution\", \"attributes\": {\"step\": null, \"low\": 1e-05, \"high\": 0.001, \"log\": true}}"}
{"op_code": 5, "worker_id": "95ec3215-e97d-4f7b-9777-f6685200216a-140074229139264", "trial_id": 35, "param_name": "l2reg", "param_value_internal": 1.2015945430075319e-06, "distribution": "{\"name\": \"FloatDistribution\", \"attributes\": {\"step\": null, \"low\": 1e-08, \"high\": 0.001, \"log\": true}}"}
{"op_code": 5, "worker_id": "95ec3215-e97d-4f7b-9777-f6685200216a-140074229139264", "trial_id": 35, "param_name": "random_seed", "param_value_internal": 0, "distribution": "{\"name\": \"CategoricalDistribution\", \"attributes\": {\"choices\": [42]}}"}
{"op_code": 5, "worker_id": "95ec3215-e97d-4f7b-9777-f6685200216a-140074229139264", "trial_id": 35, "param_name": "degree", "param_value_internal": 0, "distribution": "{\"name\": \"CategoricalDistribution\", \"attributes\": {\"choices\": [3]}}"}
{"op_code": 8, "worker_id": "95ec3215-e97d-4f7b-9777-f6685200216a-140074229139264", "trial_id": 35, "user_attr": {"best_epoch": 1}}
{"op_code": 8, "worker_id": "95ec3215-e97d-4f7b-9777-f6685200216a-140074229139264", "trial_id": 35, "user_attr": {"test_loss": 0.45782091298067085}}
{"op_code": 6, "worker_id": "95ec3215-e97d-4f7b-9777-f6685200216a-140074229139264", "trial_id": 35, "state": 1, "values": [0.4566970189321174], "datetime_complete": "2024-08-28T10:54:24.665311"}
{"op_code": 4, "worker_id": "95ec3215-e97d-4f7b-9777-f6685200216a-140074229139264", "study_id": 0, "datetime_start": "2024-08-28T10:54:24.674408"}
{"op_code": 5, "worker_id": "95ec3215-e97d-4f7b-9777-f6685200216a-140074229139264", "trial_id": 36, "param_name": "lr", "param_value_internal": 4.129919401082475e-05, "distribution": "{\"name\": \"FloatDistribution\", \"attributes\": {\"step\": null, \"low\": 1e-05, \"high\": 0.001, \"log\": true}}"}
{"op_code": 5, "worker_id": "95ec3215-e97d-4f7b-9777-f6685200216a-140074229139264", "trial_id": 36, "param_name": "l2reg", "param_value_internal": 4.787426698429606e-08, "distribution": "{\"name\": \"FloatDistribution\", \"attributes\": {\"step\": null, \"low\": 1e-08, \"high\": 0.001, \"log\": true}}"}
{"op_code": 5, "worker_id": "95ec3215-e97d-4f7b-9777-f6685200216a-140074229139264", "trial_id": 36, "param_name": "random_seed", "param_value_internal": 0, "distribution": "{\"name\": \"CategoricalDistribution\", \"attributes\": {\"choices\": [42]}}"}
{"op_code": 5, "worker_id": "95ec3215-e97d-4f7b-9777-f6685200216a-140074229139264", "trial_id": 36, "param_name": "degree", "param_value_internal": 0, "distribution": "{\"name\": \"CategoricalDistribution\", \"attributes\": {\"choices\": [3]}}"}
{"op_code": 8, "worker_id": "95ec3215-e97d-4f7b-9777-f6685200216a-140074229139264", "trial_id": 36, "user_attr": {"best_epoch": 9}}
{"op_code": 8, "worker_id": "95ec3215-e97d-4f7b-9777-f6685200216a-140074229139264", "trial_id": 36, "user_attr": {"test_loss": 0.4620795704770136}}
{"op_code": 6, "worker_id": "95ec3215-e97d-4f7b-9777-f6685200216a-140074229139264", "trial_id": 36, "state": 1, "values": [0.46127142804787546], "datetime_complete": "2024-08-28T11:03:50.121022"}
{"op_code": 4, "worker_id": "95ec3215-e97d-4f7b-9777-f6685200216a-140074229139264", "study_id": 0, "datetime_start": "2024-08-28T11:03:50.134644"}
{"op_code": 5, "worker_id": "95ec3215-e97d-4f7b-9777-f6685200216a-140074229139264", "trial_id": 37, "param_name": "lr", "param_value_internal": 0.0001520616261547077, "distribution": "{\"name\": \"FloatDistribution\", \"attributes\": {\"step\": null, \"low\": 1e-05, \"high\": 0.001, \"log\": true}}"}
{"op_code": 5, "worker_id": "95ec3215-e97d-4f7b-9777-f6685200216a-140074229139264", "trial_id": 37, "param_name": "l2reg", "param_value_internal": 0.0001377007473362727, "distribution": "{\"name\": \"FloatDistribution\", \"attributes\": {\"step\": null, \"low\": 1e-08, \"high\": 0.001, \"log\": true}}"}
{"op_code": 5, "worker_id": "95ec3215-e97d-4f7b-9777-f6685200216a-140074229139264", "trial_id": 37, "param_name": "random_seed", "param_value_internal": 0, "distribution": "{\"name\": \"CategoricalDistribution\", \"attributes\": {\"choices\": [42]}}"}
{"op_code": 5, "worker_id": "95ec3215-e97d-4f7b-9777-f6685200216a-140074229139264", "trial_id": 37, "param_name": "degree", "param_value_internal": 0, "distribution": "{\"name\": \"CategoricalDistribution\", \"attributes\": {\"choices\": [3]}}"}
{"op_code": 8, "worker_id": "95ec3215-e97d-4f7b-9777-f6685200216a-140074229139264", "trial_id": 37, "user_attr": {"best_epoch": 2}}
{"op_code": 8, "worker_id": "95ec3215-e97d-4f7b-9777-f6685200216a-140074229139264", "trial_id": 37, "user_attr": {"test_loss": 0.4584478733053785}}
{"op_code": 6, "worker_id": "95ec3215-e97d-4f7b-9777-f6685200216a-140074229139264", "trial_id": 37, "state": 1, "values": [0.4574384301521227], "datetime_complete": "2024-08-28T11:09:55.293815"}
{"op_code": 4, "worker_id": "95ec3215-e97d-4f7b-9777-f6685200216a-140074229139264", "study_id": 0, "datetime_start": "2024-08-28T11:09:55.302401"}
{"op_code": 5, "worker_id": "95ec3215-e97d-4f7b-9777-f6685200216a-140074229139264", "trial_id": 38, "param_name": "lr", "param_value_internal": 0.0004168812656690095, "distribution": "{\"name\": \"FloatDistribution\", \"attributes\": {\"step\": null, \"low\": 1e-05, \"high\": 0.001, \"log\": true}}"}
{"op_code": 5, "worker_id": "95ec3215-e97d-4f7b-9777-f6685200216a-140074229139264", "trial_id": 38, "param_name": "l2reg", "param_value_internal": 1.3489306544751733e-05, "distribution": "{\"name\": \"FloatDistribution\", \"attributes\": {\"step\": null, \"low\": 1e-08, \"high\": 0.001, \"log\": true}}"}
{"op_code": 5, "worker_id": "95ec3215-e97d-4f7b-9777-f6685200216a-140074229139264", "trial_id": 38, "param_name": "random_seed", "param_value_internal": 0, "distribution": "{\"name\": \"CategoricalDistribution\", \"attributes\": {\"choices\": [42]}}"}
{"op_code": 5, "worker_id": "95ec3215-e97d-4f7b-9777-f6685200216a-140074229139264", "trial_id": 38, "param_name": "degree", "param_value_internal": 0, "distribution": "{\"name\": \"CategoricalDistribution\", \"attributes\": {\"choices\": [3]}}"}
{"op_code": 8, "worker_id": "95ec3215-e97d-4f7b-9777-f6685200216a-140074229139264", "trial_id": 38, "user_attr": {"best_epoch": 0}}
{"op_code": 8, "worker_id": "95ec3215-e97d-4f7b-9777-f6685200216a-140074229139264", "trial_id": 38, "user_attr": {"test_loss": 0.45840725430851503}}
{"op_code": 6, "worker_id": "95ec3215-e97d-4f7b-9777-f6685200216a-140074229139264", "trial_id": 38, "state": 1, "values": [0.4575428408254513], "datetime_complete": "2024-08-28T11:14:17.089745"}
{"op_code": 4, "worker_id": "95ec3215-e97d-4f7b-9777-f6685200216a-140074229139264", "study_id": 0, "datetime_start": "2024-08-28T11:14:17.104875"}
{"op_code": 5, "worker_id": "95ec3215-e97d-4f7b-9777-f6685200216a-140074229139264", "trial_id": 39, "param_name": "lr", "param_value_internal": 0.00024417812091462044, "distribution": "{\"name\": \"FloatDistribution\", \"attributes\": {\"step\": null, \"low\": 1e-05, \"high\": 0.001, \"log\": true}}"}
{"op_code": 5, "worker_id": "95ec3215-e97d-4f7b-9777-f6685200216a-140074229139264", "trial_id": 39, "param_name": "l2reg", "param_value_internal": 0.00043895376068221005, "distribution": "{\"name\": \"FloatDistribution\", \"attributes\": {\"step\": null, \"low\": 1e-08, \"high\": 0.001, \"log\": true}}"}
{"op_code": 5, "worker_id": "95ec3215-e97d-4f7b-9777-f6685200216a-140074229139264", "trial_id": 39, "param_name": "random_seed", "param_value_internal": 0, "distribution": "{\"name\": \"CategoricalDistribution\", \"attributes\": {\"choices\": [42]}}"}
{"op_code": 5, "worker_id": "95ec3215-e97d-4f7b-9777-f6685200216a-140074229139264", "trial_id": 39, "param_name": "degree", "param_value_internal": 0, "distribution": "{\"name\": \"CategoricalDistribution\", \"attributes\": {\"choices\": [3]}}"}
{"op_code": 8, "worker_id": "95ec3215-e97d-4f7b-9777-f6685200216a-140074229139264", "trial_id": 39, "user_attr": {"best_epoch": 1}}
{"op_code": 8, "worker_id": "95ec3215-e97d-4f7b-9777-f6685200216a-140074229139264", "trial_id": 39, "user_attr": {"test_loss": 0.4575389087233113}}
{"op_code": 6, "worker_id": "95ec3215-e97d-4f7b-9777-f6685200216a-140074229139264", "trial_id": 39, "state": 1, "values": [0.4564853725800393], "datetime_complete": "2024-08-28T11:19:17.530607"}
{"op_code": 4, "worker_id": "95ec3215-e97d-4f7b-9777-f6685200216a-140074229139264", "study_id": 0, "datetime_start": "2024-08-28T11:19:17.540179"}
{"op_code": 5, "worker_id": "95ec3215-e97d-4f7b-9777-f6685200216a-140074229139264", "trial_id": 40, "param_name": "lr", "param_value_internal": 0.0006344887599216128, "distribution": "{\"name\": \"FloatDistribution\", \"attributes\": {\"step\": null, \"low\": 1e-05, \"high\": 0.001, \"log\": true}}"}
{"op_code": 5, "worker_id": "95ec3215-e97d-4f7b-9777-f6685200216a-140074229139264", "trial_id": 40, "param_name": "l2reg", "param_value_internal": 4.3777374152665784e-05, "distribution": "{\"name\": \"FloatDistribution\", \"attributes\": {\"step\": null, \"low\": 1e-08, \"high\": 0.001, \"log\": true}}"}
{"op_code": 5, "worker_id": "95ec3215-e97d-4f7b-9777-f6685200216a-140074229139264", "trial_id": 40, "param_name": "random_seed", "param_value_internal": 0, "distribution": "{\"name\": \"CategoricalDistribution\", \"attributes\": {\"choices\": [42]}}"}
{"op_code": 5, "worker_id": "95ec3215-e97d-4f7b-9777-f6685200216a-140074229139264", "trial_id": 40, "param_name": "degree", "param_value_internal": 0, "distribution": "{\"name\": \"CategoricalDistribution\", \"attributes\": {\"choices\": [3]}}"}
{"op_code": 8, "worker_id": "95ec3215-e97d-4f7b-9777-f6685200216a-140074229139264", "trial_id": 40, "user_attr": {"best_epoch": 0}}
{"op_code": 8, "worker_id": "95ec3215-e97d-4f7b-9777-f6685200216a-140074229139264", "trial_id": 40, "user_attr": {"test_loss": 0.4580582134360312}}
{"op_code": 6, "worker_id": "95ec3215-e97d-4f7b-9777-f6685200216a-140074229139264", "trial_id": 40, "state": 1, "values": [0.457095459223719], "datetime_complete": "2024-08-28T11:23:29.266745"}
{"op_code": 4, "worker_id": "95ec3215-e97d-4f7b-9777-f6685200216a-140074229139264", "study_id": 0, "datetime_start": "2024-08-28T11:23:29.276549"}
{"op_code": 5, "worker_id": "95ec3215-e97d-4f7b-9777-f6685200216a-140074229139264", "trial_id": 41, "param_name": "lr", "param_value_internal": 0.0002805388848799767, "distribution": "{\"name\": \"FloatDistribution\", \"attributes\": {\"step\": null, \"low\": 1e-05, \"high\": 0.001, \"log\": true}}"}
{"op_code": 5, "worker_id": "95ec3215-e97d-4f7b-9777-f6685200216a-140074229139264", "trial_id": 41, "param_name": "l2reg", "param_value_internal": 2.461139555722463e-08, "distribution": "{\"name\": \"FloatDistribution\", \"attributes\": {\"step\": null, \"low\": 1e-08, \"high\": 0.001, \"log\": true}}"}
{"op_code": 5, "worker_id": "95ec3215-e97d-4f7b-9777-f6685200216a-140074229139264", "trial_id": 41, "param_name": "random_seed", "param_value_internal": 0, "distribution": "{\"name\": \"CategoricalDistribution\", \"attributes\": {\"choices\": [42]}}"}
{"op_code": 5, "worker_id": "95ec3215-e97d-4f7b-9777-f6685200216a-140074229139264", "trial_id": 41, "param_name": "degree", "param_value_internal": 0, "distribution": "{\"name\": \"CategoricalDistribution\", \"attributes\": {\"choices\": [3]}}"}
{"op_code": 8, "worker_id": "95ec3215-e97d-4f7b-9777-f6685200216a-140074229139264", "trial_id": 41, "user_attr": {"best_epoch": 1}}
{"op_code": 8, "worker_id": "95ec3215-e97d-4f7b-9777-f6685200216a-140074229139264", "trial_id": 41, "user_attr": {"test_loss": 0.4576311795084796}}
{"op_code": 6, "worker_id": "95ec3215-e97d-4f7b-9777-f6685200216a-140074229139264", "trial_id": 41, "state": 1, "values": [0.4565276331341068], "datetime_complete": "2024-08-28T11:28:29.319605"}
{"op_code": 4, "worker_id": "95ec3215-e97d-4f7b-9777-f6685200216a-140074229139264", "study_id": 0, "datetime_start": "2024-08-28T11:28:29.329966"}
{"op_code": 5, "worker_id": "95ec3215-e97d-4f7b-9777-f6685200216a-140074229139264", "trial_id": 42, "param_name": "lr", "param_value_internal": 0.00031844231110670154, "distribution": "{\"name\": \"FloatDistribution\", \"attributes\": {\"step\": null, \"low\": 1e-05, \"high\": 0.001, \"log\": true}}"}
{"op_code": 5, "worker_id": "95ec3215-e97d-4f7b-9777-f6685200216a-140074229139264", "trial_id": 42, "param_name": "l2reg", "param_value_internal": 1.163074113551403e-08, "distribution": "{\"name\": \"FloatDistribution\", \"attributes\": {\"step\": null, \"low\": 1e-08, \"high\": 0.001, \"log\": true}}"}
{"op_code": 5, "worker_id": "95ec3215-e97d-4f7b-9777-f6685200216a-140074229139264", "trial_id": 42, "param_name": "random_seed", "param_value_internal": 0, "distribution": "{\"name\": \"CategoricalDistribution\", \"attributes\": {\"choices\": [42]}}"}
{"op_code": 5, "worker_id": "95ec3215-e97d-4f7b-9777-f6685200216a-140074229139264", "trial_id": 42, "param_name": "degree", "param_value_internal": 0, "distribution": "{\"name\": \"CategoricalDistribution\", \"attributes\": {\"choices\": [3]}}"}
{"op_code": 8, "worker_id": "95ec3215-e97d-4f7b-9777-f6685200216a-140074229139264", "trial_id": 42, "user_attr": {"best_epoch": 1}}
{"op_code": 8, "worker_id": "95ec3215-e97d-4f7b-9777-f6685200216a-140074229139264", "trial_id": 42, "user_attr": {"test_loss": 0.45805481579437624}}
{"op_code": 6, "worker_id": "95ec3215-e97d-4f7b-9777-f6685200216a-140074229139264", "trial_id": 42, "state": 1, "values": [0.45691534604025863], "datetime_complete": "2024-08-28T11:33:28.587419"}
{"op_code": 4, "worker_id": "95ec3215-e97d-4f7b-9777-f6685200216a-140074229139264", "study_id": 0, "datetime_start": "2024-08-28T11:33:28.597341"}
{"op_code": 5, "worker_id": "95ec3215-e97d-4f7b-9777-f6685200216a-140074229139264", "trial_id": 43, "param_name": "lr", "param_value_internal": 0.00021258080299954267, "distribution": "{\"name\": \"FloatDistribution\", \"attributes\": {\"step\": null, \"low\": 1e-05, \"high\": 0.001, \"log\": true}}"}
{"op_code": 5, "worker_id": "95ec3215-e97d-4f7b-9777-f6685200216a-140074229139264", "trial_id": 43, "param_name": "l2reg", "param_value_internal": 6.005087310750147e-08, "distribution": "{\"name\": \"FloatDistribution\", \"attributes\": {\"step\": null, \"low\": 1e-08, \"high\": 0.001, \"log\": true}}"}
{"op_code": 5, "worker_id": "95ec3215-e97d-4f7b-9777-f6685200216a-140074229139264", "trial_id": 43, "param_name": "random_seed", "param_value_internal": 0, "distribution": "{\"name\": \"CategoricalDistribution\", \"attributes\": {\"choices\": [42]}}"}
{"op_code": 5, "worker_id": "95ec3215-e97d-4f7b-9777-f6685200216a-140074229139264", "trial_id": 43, "param_name": "degree", "param_value_internal": 0, "distribution": "{\"name\": \"CategoricalDistribution\", \"attributes\": {\"choices\": [3]}}"}
{"op_code": 8, "worker_id": "95ec3215-e97d-4f7b-9777-f6685200216a-140074229139264", "trial_id": 43, "user_attr": {"best_epoch": 1}}
{"op_code": 8, "worker_id": "95ec3215-e97d-4f7b-9777-f6685200216a-140074229139264", "trial_id": 43, "user_attr": {"test_loss": 0.457855538384952}}
{"op_code": 6, "worker_id": "95ec3215-e97d-4f7b-9777-f6685200216a-140074229139264", "trial_id": 43, "state": 1, "values": [0.45685686079289506], "datetime_complete": "2024-08-28T11:38:26.864624"}
{"op_code": 4, "worker_id": "95ec3215-e97d-4f7b-9777-f6685200216a-140074229139264", "study_id": 0, "datetime_start": "2024-08-28T11:38:26.874280"}
{"op_code": 5, "worker_id": "95ec3215-e97d-4f7b-9777-f6685200216a-140074229139264", "trial_id": 44, "param_name": "lr", "param_value_internal": 0.0009628774783816728, "distribution": "{\"name\": \"FloatDistribution\", \"attributes\": {\"step\": null, \"low\": 1e-05, \"high\": 0.001, \"log\": true}}"}
{"op_code": 5, "worker_id": "95ec3215-e97d-4f7b-9777-f6685200216a-140074229139264", "trial_id": 44, "param_name": "l2reg", "param_value_internal": 1.6958742619693765e-08, "distribution": "{\"name\": \"FloatDistribution\", \"attributes\": {\"step\": null, \"low\": 1e-08, \"high\": 0.001, \"log\": true}}"}
{"op_code": 5, "worker_id": "95ec3215-e97d-4f7b-9777-f6685200216a-140074229139264", "trial_id": 44, "param_name": "random_seed", "param_value_internal": 0, "distribution": "{\"name\": \"CategoricalDistribution\", \"attributes\": {\"choices\": [42]}}"}
{"op_code": 5, "worker_id": "95ec3215-e97d-4f7b-9777-f6685200216a-140074229139264", "trial_id": 44, "param_name": "degree", "param_value_internal": 0, "distribution": "{\"name\": \"CategoricalDistribution\", \"attributes\": {\"choices\": [3]}}"}
{"op_code": 8, "worker_id": "95ec3215-e97d-4f7b-9777-f6685200216a-140074229139264", "trial_id": 44, "user_attr": {"best_epoch": 0}}
{"op_code": 8, "worker_id": "95ec3215-e97d-4f7b-9777-f6685200216a-140074229139264", "trial_id": 44, "user_attr": {"test_loss": 0.45895648880839746}}
{"op_code": 6, "worker_id": "95ec3215-e97d-4f7b-9777-f6685200216a-140074229139264", "trial_id": 44, "state": 1, "values": [0.4579800295022188], "datetime_complete": "2024-08-28T11:42:39.359338"}
{"op_code": 4, "worker_id": "95ec3215-e97d-4f7b-9777-f6685200216a-140074229139264", "study_id": 0, "datetime_start": "2024-08-28T11:42:39.370016"}
{"op_code": 5, "worker_id": "95ec3215-e97d-4f7b-9777-f6685200216a-140074229139264", "trial_id": 45, "param_name": "lr", "param_value_internal": 0.00016884334878359728, "distribution": "{\"name\": \"FloatDistribution\", \"attributes\": {\"step\": null, \"low\": 1e-05, \"high\": 0.001, \"log\": true}}"}
{"op_code": 5, "worker_id": "95ec3215-e97d-4f7b-9777-f6685200216a-140074229139264", "trial_id": 45, "param_name": "l2reg", "param_value_internal": 7.716314200655638e-08, "distribution": "{\"name\": \"FloatDistribution\", \"attributes\": {\"step\": null, \"low\": 1e-08, \"high\": 0.001, \"log\": true}}"}
{"op_code": 5, "worker_id": "95ec3215-e97d-4f7b-9777-f6685200216a-140074229139264", "trial_id": 45, "param_name": "random_seed", "param_value_internal": 0, "distribution": "{\"name\": \"CategoricalDistribution\", \"attributes\": {\"choices\": [42]}}"}
{"op_code": 5, "worker_id": "95ec3215-e97d-4f7b-9777-f6685200216a-140074229139264", "trial_id": 45, "param_name": "degree", "param_value_internal": 0, "distribution": "{\"name\": \"CategoricalDistribution\", \"attributes\": {\"choices\": [3]}}"}
{"op_code": 8, "worker_id": "95ec3215-e97d-4f7b-9777-f6685200216a-140074229139264", "trial_id": 45, "user_attr": {"best_epoch": 2}}
{"op_code": 8, "worker_id": "95ec3215-e97d-4f7b-9777-f6685200216a-140074229139264", "trial_id": 45, "user_attr": {"test_loss": 0.45850402983205724}}
{"op_code": 6, "worker_id": "95ec3215-e97d-4f7b-9777-f6685200216a-140074229139264", "trial_id": 45, "state": 1, "values": [0.4574391173156035], "datetime_complete": "2024-08-28T11:48:31.495711"}
{"op_code": 4, "worker_id": "95ec3215-e97d-4f7b-9777-f6685200216a-140074229139264", "study_id": 0, "datetime_start": "2024-08-28T11:48:31.505403"}
{"op_code": 5, "worker_id": "95ec3215-e97d-4f7b-9777-f6685200216a-140074229139264", "trial_id": 46, "param_name": "lr", "param_value_internal": 0.0005332960645863073, "distribution": "{\"name\": \"FloatDistribution\", \"attributes\": {\"step\": null, \"low\": 1e-05, \"high\": 0.001, \"log\": true}}"}
{"op_code": 5, "worker_id": "95ec3215-e97d-4f7b-9777-f6685200216a-140074229139264", "trial_id": 46, "param_name": "l2reg", "param_value_internal": 1.3406238744891407e-07, "distribution": "{\"name\": \"FloatDistribution\", \"attributes\": {\"step\": null, \"low\": 1e-08, \"high\": 0.001, \"log\": true}}"}
{"op_code": 5, "worker_id": "95ec3215-e97d-4f7b-9777-f6685200216a-140074229139264", "trial_id": 46, "param_name": "random_seed", "param_value_internal": 0, "distribution": "{\"name\": \"CategoricalDistribution\", \"attributes\": {\"choices\": [42]}}"}
{"op_code": 5, "worker_id": "95ec3215-e97d-4f7b-9777-f6685200216a-140074229139264", "trial_id": 46, "param_name": "degree", "param_value_internal": 0, "distribution": "{\"name\": \"CategoricalDistribution\", \"attributes\": {\"choices\": [3]}}"}
{"op_code": 8, "worker_id": "95ec3215-e97d-4f7b-9777-f6685200216a-140074229139264", "trial_id": 46, "user_attr": {"best_epoch": 0}}
{"op_code": 8, "worker_id": "95ec3215-e97d-4f7b-9777-f6685200216a-140074229139264", "trial_id": 46, "user_attr": {"test_loss": 0.4580136241612788}}
{"op_code": 6, "worker_id": "95ec3215-e97d-4f7b-9777-f6685200216a-140074229139264", "trial_id": 46, "state": 1, "values": [0.4570805325058867], "datetime_complete": "2024-08-28T11:52:50.181944"}
{"op_code": 4, "worker_id": "95ec3215-e97d-4f7b-9777-f6685200216a-140074229139264", "study_id": 0, "datetime_start": "2024-08-28T11:52:50.191633"}
{"op_code": 5, "worker_id": "95ec3215-e97d-4f7b-9777-f6685200216a-140074229139264", "trial_id": 47, "param_name": "lr", "param_value_internal": 0.00012622311438484143, "distribution": "{\"name\": \"FloatDistribution\", \"attributes\": {\"step\": null, \"low\": 1e-05, \"high\": 0.001, \"log\": true}}"}
{"op_code": 5, "worker_id": "95ec3215-e97d-4f7b-9777-f6685200216a-140074229139264", "trial_id": 47, "param_name": "l2reg", "param_value_internal": 1.7389530115975438e-08, "distribution": "{\"name\": \"FloatDistribution\", \"attributes\": {\"step\": null, \"low\": 1e-08, \"high\": 0.001, \"log\": true}}"}
{"op_code": 5, "worker_id": "95ec3215-e97d-4f7b-9777-f6685200216a-140074229139264", "trial_id": 47, "param_name": "random_seed", "param_value_internal": 0, "distribution": "{\"name\": \"CategoricalDistribution\", \"attributes\": {\"choices\": [42]}}"}
{"op_code": 5, "worker_id": "95ec3215-e97d-4f7b-9777-f6685200216a-140074229139264", "trial_id": 47, "param_name": "degree", "param_value_internal": 0, "distribution": "{\"name\": \"CategoricalDistribution\", \"attributes\": {\"choices\": [3]}}"}
{"op_code": 8, "worker_id": "95ec3215-e97d-4f7b-9777-f6685200216a-140074229139264", "trial_id": 47, "user_attr": {"best_epoch": 2}}
{"op_code": 8, "worker_id": "95ec3215-e97d-4f7b-9777-f6685200216a-140074229139264", "trial_id": 47, "user_attr": {"test_loss": 0.45899546624805687}}
{"op_code": 6, "worker_id": "95ec3215-e97d-4f7b-9777-f6685200216a-140074229139264", "trial_id": 47, "state": 1, "values": [0.45807455265657404], "datetime_complete": "2024-08-28T11:58:35.235292"}
{"op_code": 4, "worker_id": "95ec3215-e97d-4f7b-9777-f6685200216a-140074229139264", "study_id": 0, "datetime_start": "2024-08-28T11:58:35.248057"}
{"op_code": 5, "worker_id": "95ec3215-e97d-4f7b-9777-f6685200216a-140074229139264", "trial_id": 48, "param_name": "lr", "param_value_internal": 0.00038437810360150015, "distribution": "{\"name\": \"FloatDistribution\", \"attributes\": {\"step\": null, \"low\": 1e-05, \"high\": 0.001, \"log\": true}}"}
{"op_code": 5, "worker_id": "95ec3215-e97d-4f7b-9777-f6685200216a-140074229139264", "trial_id": 48, "param_name": "l2reg", "param_value_internal": 4.141629605785616e-08, "distribution": "{\"name\": \"FloatDistribution\", \"attributes\": {\"step\": null, \"low\": 1e-08, \"high\": 0.001, \"log\": true}}"}
{"op_code": 5, "worker_id": "95ec3215-e97d-4f7b-9777-f6685200216a-140074229139264", "trial_id": 48, "param_name": "random_seed", "param_value_internal": 0, "distribution": "{\"name\": \"CategoricalDistribution\", \"attributes\": {\"choices\": [42]}}"}
{"op_code": 5, "worker_id": "95ec3215-e97d-4f7b-9777-f6685200216a-140074229139264", "trial_id": 48, "param_name": "degree", "param_value_internal": 0, "distribution": "{\"name\": \"CategoricalDistribution\", \"attributes\": {\"choices\": [3]}}"}
{"op_code": 8, "worker_id": "95ec3215-e97d-4f7b-9777-f6685200216a-140074229139264", "trial_id": 48, "user_attr": {"best_epoch": 0}}
{"op_code": 8, "worker_id": "95ec3215-e97d-4f7b-9777-f6685200216a-140074229139264", "trial_id": 48, "user_attr": {"test_loss": 0.4586207330965419}}
{"op_code": 6, "worker_id": "95ec3215-e97d-4f7b-9777-f6685200216a-140074229139264", "trial_id": 48, "state": 1, "values": [0.45778372980121124], "datetime_complete": "2024-08-28T12:02:48.936534"}
{"op_code": 4, "worker_id": "95ec3215-e97d-4f7b-9777-f6685200216a-140074229139264", "study_id": 0, "datetime_start": "2024-08-28T12:02:48.946795"}
{"op_code": 5, "worker_id": "95ec3215-e97d-4f7b-9777-f6685200216a-140074229139264", "trial_id": 49, "param_name": "lr", "param_value_internal": 0.0002580204156336679, "distribution": "{\"name\": \"FloatDistribution\", \"attributes\": {\"step\": null, \"low\": 1e-05, \"high\": 0.001, \"log\": true}}"}
{"op_code": 5, "worker_id": "95ec3215-e97d-4f7b-9777-f6685200216a-140074229139264", "trial_id": 49, "param_name": "l2reg", "param_value_internal": 2.6660776787082634e-07, "distribution": "{\"name\": \"FloatDistribution\", \"attributes\": {\"step\": null, \"low\": 1e-08, \"high\": 0.001, \"log\": true}}"}
{"op_code": 5, "worker_id": "95ec3215-e97d-4f7b-9777-f6685200216a-140074229139264", "trial_id": 49, "param_name": "random_seed", "param_value_internal": 0, "distribution": "{\"name\": \"CategoricalDistribution\", \"attributes\": {\"choices\": [42]}}"}
{"op_code": 5, "worker_id": "95ec3215-e97d-4f7b-9777-f6685200216a-140074229139264", "trial_id": 49, "param_name": "degree", "param_value_internal": 0, "distribution": "{\"name\": \"CategoricalDistribution\", \"attributes\": {\"choices\": [3]}}"}
{"op_code": 8, "worker_id": "95ec3215-e97d-4f7b-9777-f6685200216a-140074229139264", "trial_id": 49, "user_attr": {"best_epoch": 1}}
{"op_code": 8, "worker_id": "95ec3215-e97d-4f7b-9777-f6685200216a-140074229139264", "trial_id": 49, "user_attr": {"test_loss": 0.45753196073700575}}
{"op_code": 6, "worker_id": "95ec3215-e97d-4f7b-9777-f6685200216a-140074229139264", "trial_id": 49, "state": 1, "values": [0.4564573515803233], "datetime_complete": "2024-08-28T12:07:48.115685"}
