{"op_code": 0, "worker_id": "ff66b2da-3c4f-4caf-8d0e-c4a2ab3ce62a-139774582511424", "study_name": "criteo_bins_24", "directions": [1]}
{"op_code": 4, "worker_id": "ff66b2da-3c4f-4caf-8d0e-c4a2ab3ce62a-139774582511424", "study_id": 0, "datetime_start": "2024-08-21T06:43:18.526948"}
{"op_code": 5, "worker_id": "ff66b2da-3c4f-4caf-8d0e-c4a2ab3ce62a-139774582511424", "trial_id": 0, "param_name": "lr", "param_value_internal": 5.6115164153345e-05, "distribution": "{\"name\": \"FloatDistribution\", \"attributes\": {\"step\": null, \"low\": 1e-05, \"high\": 0.001, \"log\": true}}"}
{"op_code": 5, "worker_id": "ff66b2da-3c4f-4caf-8d0e-c4a2ab3ce62a-139774582511424", "trial_id": 0, "param_name": "l2reg", "param_value_internal": 0.0005669849511478851, "distribution": "{\"name\": \"FloatDistribution\", \"attributes\": {\"step\": null, \"low\": 1e-08, \"high\": 0.001, \"log\": true}}"}
{"op_code": 5, "worker_id": "ff66b2da-3c4f-4caf-8d0e-c4a2ab3ce62a-139774582511424", "trial_id": 0, "param_name": "random_seed", "param_value_internal": 0, "distribution": "{\"name\": \"CategoricalDistribution\", \"attributes\": {\"choices\": [42]}}"}
{"op_code": 5, "worker_id": "ff66b2da-3c4f-4caf-8d0e-c4a2ab3ce62a-139774582511424", "trial_id": 0, "param_name": "degree", "param_value_internal": 0, "distribution": "{\"name\": \"CategoricalDistribution\", \"attributes\": {\"choices\": [0]}}"}
{"op_code": 8, "worker_id": "ff66b2da-3c4f-4caf-8d0e-c4a2ab3ce62a-139774582511424", "trial_id": 0, "user_attr": {"best_epoch": 3}}
{"op_code": 8, "worker_id": "ff66b2da-3c4f-4caf-8d0e-c4a2ab3ce62a-139774582511424", "trial_id": 0, "user_attr": {"test_loss": 0.4453098867787109}}
{"op_code": 6, "worker_id": "ff66b2da-3c4f-4caf-8d0e-c4a2ab3ce62a-139774582511424", "trial_id": 0, "state": 1, "values": [0.4451771158418014], "datetime_complete": "2024-08-21T07:10:42.356292"}
{"op_code": 4, "worker_id": "ff66b2da-3c4f-4caf-8d0e-c4a2ab3ce62a-139774582511424", "study_id": 0, "datetime_start": "2024-08-21T07:10:42.366207"}
{"op_code": 5, "worker_id": "ff66b2da-3c4f-4caf-8d0e-c4a2ab3ce62a-139774582511424", "trial_id": 1, "param_name": "lr", "param_value_internal": 0.000291063591313307, "distribution": "{\"name\": \"FloatDistribution\", \"attributes\": {\"step\": null, \"low\": 1e-05, \"high\": 0.001, \"log\": true}}"}
{"op_code": 5, "worker_id": "ff66b2da-3c4f-4caf-8d0e-c4a2ab3ce62a-139774582511424", "trial_id": 1, "param_name": "l2reg", "param_value_internal": 9.846738873614555e-06, "distribution": "{\"name\": \"FloatDistribution\", \"attributes\": {\"step\": null, \"low\": 1e-08, \"high\": 0.001, \"log\": true}}"}
{"op_code": 5, "worker_id": "ff66b2da-3c4f-4caf-8d0e-c4a2ab3ce62a-139774582511424", "trial_id": 1, "param_name": "random_seed", "param_value_internal": 0, "distribution": "{\"name\": \"CategoricalDistribution\", \"attributes\": {\"choices\": [42]}}"}
{"op_code": 5, "worker_id": "ff66b2da-3c4f-4caf-8d0e-c4a2ab3ce62a-139774582511424", "trial_id": 1, "param_name": "degree", "param_value_internal": 0, "distribution": "{\"name\": \"CategoricalDistribution\", \"attributes\": {\"choices\": [0]}}"}
{"op_code": 8, "worker_id": "ff66b2da-3c4f-4caf-8d0e-c4a2ab3ce62a-139774582511424", "trial_id": 1, "user_attr": {"best_epoch": 0}}
{"op_code": 8, "worker_id": "ff66b2da-3c4f-4caf-8d0e-c4a2ab3ce62a-139774582511424", "trial_id": 1, "user_attr": {"test_loss": 0.4451968501875775}}
{"op_code": 6, "worker_id": "ff66b2da-3c4f-4caf-8d0e-c4a2ab3ce62a-139774582511424", "trial_id": 1, "state": 1, "values": [0.44510509092881667], "datetime_complete": "2024-08-21T07:25:58.530009"}
{"op_code": 4, "worker_id": "ff66b2da-3c4f-4caf-8d0e-c4a2ab3ce62a-139774582511424", "study_id": 0, "datetime_start": "2024-08-21T07:25:58.539864"}
{"op_code": 5, "worker_id": "ff66b2da-3c4f-4caf-8d0e-c4a2ab3ce62a-139774582511424", "trial_id": 2, "param_name": "lr", "param_value_internal": 2.0513382630874486e-05, "distribution": "{\"name\": \"FloatDistribution\", \"attributes\": {\"step\": null, \"low\": 1e-05, \"high\": 0.001, \"log\": true}}"}
{"op_code": 5, "worker_id": "ff66b2da-3c4f-4caf-8d0e-c4a2ab3ce62a-139774582511424", "trial_id": 2, "param_name": "l2reg", "param_value_internal": 6.02521573620385e-08, "distribution": "{\"name\": \"FloatDistribution\", \"attributes\": {\"step\": null, \"low\": 1e-08, \"high\": 0.001, \"log\": true}}"}
{"op_code": 5, "worker_id": "ff66b2da-3c4f-4caf-8d0e-c4a2ab3ce62a-139774582511424", "trial_id": 2, "param_name": "random_seed", "param_value_internal": 0, "distribution": "{\"name\": \"CategoricalDistribution\", \"attributes\": {\"choices\": [42]}}"}
{"op_code": 5, "worker_id": "ff66b2da-3c4f-4caf-8d0e-c4a2ab3ce62a-139774582511424", "trial_id": 2, "param_name": "degree", "param_value_internal": 0, "distribution": "{\"name\": \"CategoricalDistribution\", \"attributes\": {\"choices\": [0]}}"}
{"op_code": 8, "worker_id": "ff66b2da-3c4f-4caf-8d0e-c4a2ab3ce62a-139774582511424", "trial_id": 2, "user_attr": {"best_epoch": 10}}
{"op_code": 8, "worker_id": "ff66b2da-3c4f-4caf-8d0e-c4a2ab3ce62a-139774582511424", "trial_id": 2, "user_attr": {"test_loss": 0.4460755106243488}}
{"op_code": 6, "worker_id": "ff66b2da-3c4f-4caf-8d0e-c4a2ab3ce62a-139774582511424", "trial_id": 2, "state": 1, "values": [0.44595593747786716], "datetime_complete": "2024-08-21T08:15:34.439707"}
{"op_code": 4, "worker_id": "ff66b2da-3c4f-4caf-8d0e-c4a2ab3ce62a-139774582511424", "study_id": 0, "datetime_start": "2024-08-21T08:15:34.448695"}
{"op_code": 5, "worker_id": "ff66b2da-3c4f-4caf-8d0e-c4a2ab3ce62a-139774582511424", "trial_id": 3, "param_name": "lr", "param_value_internal": 1.3066739238053272e-05, "distribution": "{\"name\": \"FloatDistribution\", \"attributes\": {\"step\": null, \"low\": 1e-05, \"high\": 0.001, \"log\": true}}"}
{"op_code": 5, "worker_id": "ff66b2da-3c4f-4caf-8d0e-c4a2ab3ce62a-139774582511424", "trial_id": 3, "param_name": "l2reg", "param_value_internal": 0.00021423021757741048, "distribution": "{\"name\": \"FloatDistribution\", \"attributes\": {\"step\": null, \"low\": 1e-08, \"high\": 0.001, \"log\": true}}"}
{"op_code": 5, "worker_id": "ff66b2da-3c4f-4caf-8d0e-c4a2ab3ce62a-139774582511424", "trial_id": 3, "param_name": "random_seed", "param_value_internal": 0, "distribution": "{\"name\": \"CategoricalDistribution\", \"attributes\": {\"choices\": [42]}}"}
{"op_code": 5, "worker_id": "ff66b2da-3c4f-4caf-8d0e-c4a2ab3ce62a-139774582511424", "trial_id": 3, "param_name": "degree", "param_value_internal": 0, "distribution": "{\"name\": \"CategoricalDistribution\", \"attributes\": {\"choices\": [0]}}"}
{"op_code": 8, "worker_id": "ff66b2da-3c4f-4caf-8d0e-c4a2ab3ce62a-139774582511424", "trial_id": 3, "user_attr": {"best_epoch": 16}}
{"op_code": 8, "worker_id": "ff66b2da-3c4f-4caf-8d0e-c4a2ab3ce62a-139774582511424", "trial_id": 3, "user_attr": {"test_loss": 0.4463371781529392}}
{"op_code": 6, "worker_id": "ff66b2da-3c4f-4caf-8d0e-c4a2ab3ce62a-139774582511424", "trial_id": 3, "state": 1, "values": [0.44618928219848103], "datetime_complete": "2024-08-21T09:26:45.654498"}
{"op_code": 4, "worker_id": "ff66b2da-3c4f-4caf-8d0e-c4a2ab3ce62a-139774582511424", "study_id": 0, "datetime_start": "2024-08-21T09:26:45.665259"}
{"op_code": 5, "worker_id": "ff66b2da-3c4f-4caf-8d0e-c4a2ab3ce62a-139774582511424", "trial_id": 4, "param_name": "lr", "param_value_internal": 0.00015930522616241006, "distribution": "{\"name\": \"FloatDistribution\", \"attributes\": {\"step\": null, \"low\": 1e-05, \"high\": 0.001, \"log\": true}}"}
{"op_code": 5, "worker_id": "ff66b2da-3c4f-4caf-8d0e-c4a2ab3ce62a-139774582511424", "trial_id": 4, "param_name": "l2reg", "param_value_internal": 3.47026698865041e-05, "distribution": "{\"name\": \"FloatDistribution\", \"attributes\": {\"step\": null, \"low\": 1e-08, \"high\": 0.001, \"log\": true}}"}
{"op_code": 5, "worker_id": "ff66b2da-3c4f-4caf-8d0e-c4a2ab3ce62a-139774582511424", "trial_id": 4, "param_name": "random_seed", "param_value_internal": 0, "distribution": "{\"name\": \"CategoricalDistribution\", \"attributes\": {\"choices\": [42]}}"}
{"op_code": 5, "worker_id": "ff66b2da-3c4f-4caf-8d0e-c4a2ab3ce62a-139774582511424", "trial_id": 4, "param_name": "degree", "param_value_internal": 0, "distribution": "{\"name\": \"CategoricalDistribution\", \"attributes\": {\"choices\": [0]}}"}
{"op_code": 8, "worker_id": "ff66b2da-3c4f-4caf-8d0e-c4a2ab3ce62a-139774582511424", "trial_id": 4, "user_attr": {"best_epoch": 1}}
{"op_code": 8, "worker_id": "ff66b2da-3c4f-4caf-8d0e-c4a2ab3ce62a-139774582511424", "trial_id": 4, "user_attr": {"test_loss": 0.4448369437174488}}
{"op_code": 6, "worker_id": "ff66b2da-3c4f-4caf-8d0e-c4a2ab3ce62a-139774582511424", "trial_id": 4, "state": 1, "values": [0.4446888298340351], "datetime_complete": "2024-08-21T09:45:10.162236"}
{"op_code": 4, "worker_id": "ff66b2da-3c4f-4caf-8d0e-c4a2ab3ce62a-139774582511424", "study_id": 0, "datetime_start": "2024-08-21T09:45:10.172352"}
{"op_code": 5, "worker_id": "ff66b2da-3c4f-4caf-8d0e-c4a2ab3ce62a-139774582511424", "trial_id": 5, "param_name": "lr", "param_value_internal": 1.0994335574766187e-05, "distribution": "{\"name\": \"FloatDistribution\", \"attributes\": {\"step\": null, \"low\": 1e-05, \"high\": 0.001, \"log\": true}}"}
{"op_code": 5, "worker_id": "ff66b2da-3c4f-4caf-8d0e-c4a2ab3ce62a-139774582511424", "trial_id": 5, "param_name": "l2reg", "param_value_internal": 0.0007072114131472234, "distribution": "{\"name\": \"FloatDistribution\", \"attributes\": {\"step\": null, \"low\": 1e-08, \"high\": 0.001, \"log\": true}}"}
{"op_code": 5, "worker_id": "ff66b2da-3c4f-4caf-8d0e-c4a2ab3ce62a-139774582511424", "trial_id": 5, "param_name": "random_seed", "param_value_internal": 0, "distribution": "{\"name\": \"CategoricalDistribution\", \"attributes\": {\"choices\": [42]}}"}
{"op_code": 5, "worker_id": "ff66b2da-3c4f-4caf-8d0e-c4a2ab3ce62a-139774582511424", "trial_id": 5, "param_name": "degree", "param_value_internal": 0, "distribution": "{\"name\": \"CategoricalDistribution\", \"attributes\": {\"choices\": [0]}}"}
{"op_code": 8, "worker_id": "ff66b2da-3c4f-4caf-8d0e-c4a2ab3ce62a-139774582511424", "trial_id": 5, "user_attr": {"best_epoch": 19}}
{"op_code": 8, "worker_id": "ff66b2da-3c4f-4caf-8d0e-c4a2ab3ce62a-139774582511424", "trial_id": 5, "user_attr": {"test_loss": 0.4463889153897301}}
{"op_code": 6, "worker_id": "ff66b2da-3c4f-4caf-8d0e-c4a2ab3ce62a-139774582511424", "trial_id": 5, "state": 1, "values": [0.4462619251950199], "datetime_complete": "2024-08-21T10:56:39.273542"}
{"op_code": 4, "worker_id": "ff66b2da-3c4f-4caf-8d0e-c4a2ab3ce62a-139774582511424", "study_id": 0, "datetime_start": "2024-08-21T10:56:39.282321"}
{"op_code": 5, "worker_id": "ff66b2da-3c4f-4caf-8d0e-c4a2ab3ce62a-139774582511424", "trial_id": 6, "param_name": "lr", "param_value_internal": 0.000462258900102083, "distribution": "{\"name\": \"FloatDistribution\", \"attributes\": {\"step\": null, \"low\": 1e-05, \"high\": 0.001, \"log\": true}}"}
{"op_code": 5, "worker_id": "ff66b2da-3c4f-4caf-8d0e-c4a2ab3ce62a-139774582511424", "trial_id": 6, "param_name": "l2reg", "param_value_internal": 1.1526449540315595e-07, "distribution": "{\"name\": \"FloatDistribution\", \"attributes\": {\"step\": null, \"low\": 1e-08, \"high\": 0.001, \"log\": true}}"}
{"op_code": 5, "worker_id": "ff66b2da-3c4f-4caf-8d0e-c4a2ab3ce62a-139774582511424", "trial_id": 6, "param_name": "random_seed", "param_value_internal": 0, "distribution": "{\"name\": \"CategoricalDistribution\", \"attributes\": {\"choices\": [42]}}"}
{"op_code": 5, "worker_id": "ff66b2da-3c4f-4caf-8d0e-c4a2ab3ce62a-139774582511424", "trial_id": 6, "param_name": "degree", "param_value_internal": 0, "distribution": "{\"name\": \"CategoricalDistribution\", \"attributes\": {\"choices\": [0]}}"}
{"op_code": 8, "worker_id": "ff66b2da-3c4f-4caf-8d0e-c4a2ab3ce62a-139774582511424", "trial_id": 6, "user_attr": {"best_epoch": 0}}
{"op_code": 8, "worker_id": "ff66b2da-3c4f-4caf-8d0e-c4a2ab3ce62a-139774582511424", "trial_id": 6, "user_attr": {"test_loss": 0.4451006472862783}}
{"op_code": 6, "worker_id": "ff66b2da-3c4f-4caf-8d0e-c4a2ab3ce62a-139774582511424", "trial_id": 6, "state": 1, "values": [0.4450150688770498], "datetime_complete": "2024-08-21T11:12:02.580204"}
{"op_code": 4, "worker_id": "ff66b2da-3c4f-4caf-8d0e-c4a2ab3ce62a-139774582511424", "study_id": 0, "datetime_start": "2024-08-21T11:12:02.589571"}
{"op_code": 5, "worker_id": "ff66b2da-3c4f-4caf-8d0e-c4a2ab3ce62a-139774582511424", "trial_id": 7, "param_name": "lr", "param_value_internal": 2.3102018878452926e-05, "distribution": "{\"name\": \"FloatDistribution\", \"attributes\": {\"step\": null, \"low\": 1e-05, \"high\": 0.001, \"log\": true}}"}
{"op_code": 5, "worker_id": "ff66b2da-3c4f-4caf-8d0e-c4a2ab3ce62a-139774582511424", "trial_id": 7, "param_name": "l2reg", "param_value_internal": 8.260808399079588e-08, "distribution": "{\"name\": \"FloatDistribution\", \"attributes\": {\"step\": null, \"low\": 1e-08, \"high\": 0.001, \"log\": true}}"}
{"op_code": 5, "worker_id": "ff66b2da-3c4f-4caf-8d0e-c4a2ab3ce62a-139774582511424", "trial_id": 7, "param_name": "random_seed", "param_value_internal": 0, "distribution": "{\"name\": \"CategoricalDistribution\", \"attributes\": {\"choices\": [42]}}"}
{"op_code": 5, "worker_id": "ff66b2da-3c4f-4caf-8d0e-c4a2ab3ce62a-139774582511424", "trial_id": 7, "param_name": "degree", "param_value_internal": 0, "distribution": "{\"name\": \"CategoricalDistribution\", \"attributes\": {\"choices\": [0]}}"}
{"op_code": 8, "worker_id": "ff66b2da-3c4f-4caf-8d0e-c4a2ab3ce62a-139774582511424", "trial_id": 7, "user_attr": {"best_epoch": 8}}
{"op_code": 8, "worker_id": "ff66b2da-3c4f-4caf-8d0e-c4a2ab3ce62a-139774582511424", "trial_id": 7, "user_attr": {"test_loss": 0.4460301360133052}}
{"op_code": 6, "worker_id": "ff66b2da-3c4f-4caf-8d0e-c4a2ab3ce62a-139774582511424", "trial_id": 7, "state": 1, "values": [0.44588453064843653], "datetime_complete": "2024-08-21T11:55:03.288599"}
{"op_code": 4, "worker_id": "ff66b2da-3c4f-4caf-8d0e-c4a2ab3ce62a-139774582511424", "study_id": 0, "datetime_start": "2024-08-21T11:55:03.297395"}
{"op_code": 5, "worker_id": "ff66b2da-3c4f-4caf-8d0e-c4a2ab3ce62a-139774582511424", "trial_id": 8, "param_name": "lr", "param_value_internal": 4.059611610484306e-05, "distribution": "{\"name\": \"FloatDistribution\", \"attributes\": {\"step\": null, \"low\": 1e-05, \"high\": 0.001, \"log\": true}}"}
{"op_code": 5, "worker_id": "ff66b2da-3c4f-4caf-8d0e-c4a2ab3ce62a-139774582511424", "trial_id": 8, "param_name": "l2reg", "param_value_internal": 4.2051564509138674e-06, "distribution": "{\"name\": \"FloatDistribution\", \"attributes\": {\"step\": null, \"low\": 1e-08, \"high\": 0.001, \"log\": true}}"}
{"op_code": 5, "worker_id": "ff66b2da-3c4f-4caf-8d0e-c4a2ab3ce62a-139774582511424", "trial_id": 8, "param_name": "random_seed", "param_value_internal": 0, "distribution": "{\"name\": \"CategoricalDistribution\", \"attributes\": {\"choices\": [42]}}"}
{"op_code": 5, "worker_id": "ff66b2da-3c4f-4caf-8d0e-c4a2ab3ce62a-139774582511424", "trial_id": 8, "param_name": "degree", "param_value_internal": 0, "distribution": "{\"name\": \"CategoricalDistribution\", \"attributes\": {\"choices\": [0]}}"}
{"op_code": 8, "worker_id": "ff66b2da-3c4f-4caf-8d0e-c4a2ab3ce62a-139774582511424", "trial_id": 8, "user_attr": {"best_epoch": 4}}
{"op_code": 8, "worker_id": "ff66b2da-3c4f-4caf-8d0e-c4a2ab3ce62a-139774582511424", "trial_id": 8, "user_attr": {"test_loss": 0.4457106958429294}}
{"op_code": 6, "worker_id": "ff66b2da-3c4f-4caf-8d0e-c4a2ab3ce62a-139774582511424", "trial_id": 8, "state": 1, "values": [0.44560944710899053], "datetime_complete": "2024-08-21T12:24:05.543898"}
{"op_code": 4, "worker_id": "ff66b2da-3c4f-4caf-8d0e-c4a2ab3ce62a-139774582511424", "study_id": 0, "datetime_start": "2024-08-21T12:24:05.552728"}
{"op_code": 5, "worker_id": "ff66b2da-3c4f-4caf-8d0e-c4a2ab3ce62a-139774582511424", "trial_id": 9, "param_name": "lr", "param_value_internal": 7.309539835912905e-05, "distribution": "{\"name\": \"FloatDistribution\", \"attributes\": {\"step\": null, \"low\": 1e-05, \"high\": 0.001, \"log\": true}}"}
{"op_code": 5, "worker_id": "ff66b2da-3c4f-4caf-8d0e-c4a2ab3ce62a-139774582511424", "trial_id": 9, "param_name": "l2reg", "param_value_internal": 2.8585493941961875e-07, "distribution": "{\"name\": \"FloatDistribution\", \"attributes\": {\"step\": null, \"low\": 1e-08, \"high\": 0.001, \"log\": true}}"}
{"op_code": 5, "worker_id": "ff66b2da-3c4f-4caf-8d0e-c4a2ab3ce62a-139774582511424", "trial_id": 9, "param_name": "random_seed", "param_value_internal": 0, "distribution": "{\"name\": \"CategoricalDistribution\", \"attributes\": {\"choices\": [42]}}"}
{"op_code": 5, "worker_id": "ff66b2da-3c4f-4caf-8d0e-c4a2ab3ce62a-139774582511424", "trial_id": 9, "param_name": "degree", "param_value_internal": 0, "distribution": "{\"name\": \"CategoricalDistribution\", \"attributes\": {\"choices\": [0]}}"}
{"op_code": 8, "worker_id": "ff66b2da-3c4f-4caf-8d0e-c4a2ab3ce62a-139774582511424", "trial_id": 9, "user_attr": {"best_epoch": 2}}
{"op_code": 8, "worker_id": "ff66b2da-3c4f-4caf-8d0e-c4a2ab3ce62a-139774582511424", "trial_id": 9, "user_attr": {"test_loss": 0.44527843722858856}}
{"op_code": 6, "worker_id": "ff66b2da-3c4f-4caf-8d0e-c4a2ab3ce62a-139774582511424", "trial_id": 9, "state": 1, "values": [0.44518609623226446], "datetime_complete": "2024-08-21T12:47:23.658145"}
{"op_code": 4, "worker_id": "ff66b2da-3c4f-4caf-8d0e-c4a2ab3ce62a-139774582511424", "study_id": 0, "datetime_start": "2024-08-21T12:47:23.670162"}
{"op_code": 5, "worker_id": "ff66b2da-3c4f-4caf-8d0e-c4a2ab3ce62a-139774582511424", "trial_id": 10, "param_name": "lr", "param_value_internal": 0.00018471184590376964, "distribution": "{\"name\": \"FloatDistribution\", \"attributes\": {\"step\": null, \"low\": 1e-05, \"high\": 0.001, \"log\": true}}"}
{"op_code": 5, "worker_id": "ff66b2da-3c4f-4caf-8d0e-c4a2ab3ce62a-139774582511424", "trial_id": 10, "param_name": "l2reg", "param_value_internal": 3.8521646942747446e-05, "distribution": "{\"name\": \"FloatDistribution\", \"attributes\": {\"step\": null, \"low\": 1e-08, \"high\": 0.001, \"log\": true}}"}
{"op_code": 5, "worker_id": "ff66b2da-3c4f-4caf-8d0e-c4a2ab3ce62a-139774582511424", "trial_id": 10, "param_name": "random_seed", "param_value_internal": 0, "distribution": "{\"name\": \"CategoricalDistribution\", \"attributes\": {\"choices\": [42]}}"}
{"op_code": 5, "worker_id": "ff66b2da-3c4f-4caf-8d0e-c4a2ab3ce62a-139774582511424", "trial_id": 10, "param_name": "degree", "param_value_internal": 0, "distribution": "{\"name\": \"CategoricalDistribution\", \"attributes\": {\"choices\": [0]}}"}
{"op_code": 8, "worker_id": "ff66b2da-3c4f-4caf-8d0e-c4a2ab3ce62a-139774582511424", "trial_id": 10, "user_attr": {"best_epoch": 1}}
{"op_code": 8, "worker_id": "ff66b2da-3c4f-4caf-8d0e-c4a2ab3ce62a-139774582511424", "trial_id": 10, "user_attr": {"test_loss": 0.44511431784216965}}
{"op_code": 6, "worker_id": "ff66b2da-3c4f-4caf-8d0e-c4a2ab3ce62a-139774582511424", "trial_id": 10, "state": 1, "values": [0.44496522225630164], "datetime_complete": "2024-08-21T13:06:07.244631"}
{"op_code": 4, "worker_id": "ff66b2da-3c4f-4caf-8d0e-c4a2ab3ce62a-139774582511424", "study_id": 0, "datetime_start": "2024-08-21T13:06:07.254123"}
{"op_code": 5, "worker_id": "ff66b2da-3c4f-4caf-8d0e-c4a2ab3ce62a-139774582511424", "trial_id": 11, "param_name": "lr", "param_value_internal": 0.00015320252245209042, "distribution": "{\"name\": \"FloatDistribution\", \"attributes\": {\"step\": null, \"low\": 1e-05, \"high\": 0.001, \"log\": true}}"}
{"op_code": 5, "worker_id": "ff66b2da-3c4f-4caf-8d0e-c4a2ab3ce62a-139774582511424", "trial_id": 11, "param_name": "l2reg", "param_value_internal": 4.011123221868182e-05, "distribution": "{\"name\": \"FloatDistribution\", \"attributes\": {\"step\": null, \"low\": 1e-08, \"high\": 0.001, \"log\": true}}"}
{"op_code": 5, "worker_id": "ff66b2da-3c4f-4caf-8d0e-c4a2ab3ce62a-139774582511424", "trial_id": 11, "param_name": "random_seed", "param_value_internal": 0, "distribution": "{\"name\": \"CategoricalDistribution\", \"attributes\": {\"choices\": [42]}}"}
{"op_code": 5, "worker_id": "ff66b2da-3c4f-4caf-8d0e-c4a2ab3ce62a-139774582511424", "trial_id": 11, "param_name": "degree", "param_value_internal": 0, "distribution": "{\"name\": \"CategoricalDistribution\", \"attributes\": {\"choices\": [0]}}"}
{"op_code": 8, "worker_id": "ff66b2da-3c4f-4caf-8d0e-c4a2ab3ce62a-139774582511424", "trial_id": 11, "user_attr": {"best_epoch": 1}}
{"op_code": 8, "worker_id": "ff66b2da-3c4f-4caf-8d0e-c4a2ab3ce62a-139774582511424", "trial_id": 11, "user_attr": {"test_loss": 0.4447915691064052}}
{"op_code": 6, "worker_id": "ff66b2da-3c4f-4caf-8d0e-c4a2ab3ce62a-139774582511424", "trial_id": 11, "state": 1, "values": [0.4446432370824537], "datetime_complete": "2024-08-21T13:24:52.741628"}
{"op_code": 4, "worker_id": "ff66b2da-3c4f-4caf-8d0e-c4a2ab3ce62a-139774582511424", "study_id": 0, "datetime_start": "2024-08-21T13:24:52.750610"}
{"op_code": 5, "worker_id": "ff66b2da-3c4f-4caf-8d0e-c4a2ab3ce62a-139774582511424", "trial_id": 12, "param_name": "lr", "param_value_internal": 0.0001458251474269136, "distribution": "{\"name\": \"FloatDistribution\", \"attributes\": {\"step\": null, \"low\": 1e-05, \"high\": 0.001, \"log\": true}}"}
{"op_code": 5, "worker_id": "ff66b2da-3c4f-4caf-8d0e-c4a2ab3ce62a-139774582511424", "trial_id": 12, "param_name": "l2reg", "param_value_internal": 4.634380861758262e-05, "distribution": "{\"name\": \"FloatDistribution\", \"attributes\": {\"step\": null, \"low\": 1e-08, \"high\": 0.001, \"log\": true}}"}
{"op_code": 5, "worker_id": "ff66b2da-3c4f-4caf-8d0e-c4a2ab3ce62a-139774582511424", "trial_id": 12, "param_name": "random_seed", "param_value_internal": 0, "distribution": "{\"name\": \"CategoricalDistribution\", \"attributes\": {\"choices\": [42]}}"}
{"op_code": 5, "worker_id": "ff66b2da-3c4f-4caf-8d0e-c4a2ab3ce62a-139774582511424", "trial_id": 12, "param_name": "degree", "param_value_internal": 0, "distribution": "{\"name\": \"CategoricalDistribution\", \"attributes\": {\"choices\": [0]}}"}
{"op_code": 8, "worker_id": "ff66b2da-3c4f-4caf-8d0e-c4a2ab3ce62a-139774582511424", "trial_id": 12, "user_attr": {"best_epoch": 1}}
{"op_code": 8, "worker_id": "ff66b2da-3c4f-4caf-8d0e-c4a2ab3ce62a-139774582511424", "trial_id": 12, "user_attr": {"test_loss": 0.4447530297733073}}
{"op_code": 6, "worker_id": "ff66b2da-3c4f-4caf-8d0e-c4a2ab3ce62a-139774582511424", "trial_id": 12, "state": 1, "values": [0.44460538855422693], "datetime_complete": "2024-08-21T13:43:57.313714"}
{"op_code": 4, "worker_id": "ff66b2da-3c4f-4caf-8d0e-c4a2ab3ce62a-139774582511424", "study_id": 0, "datetime_start": "2024-08-21T13:43:57.322679"}
{"op_code": 5, "worker_id": "ff66b2da-3c4f-4caf-8d0e-c4a2ab3ce62a-139774582511424", "trial_id": 13, "param_name": "lr", "param_value_internal": 0.0007215064248475351, "distribution": "{\"name\": \"FloatDistribution\", \"attributes\": {\"step\": null, \"low\": 1e-05, \"high\": 0.001, \"log\": true}}"}
{"op_code": 5, "worker_id": "ff66b2da-3c4f-4caf-8d0e-c4a2ab3ce62a-139774582511424", "trial_id": 13, "param_name": "l2reg", "param_value_internal": 8.51404885716151e-07, "distribution": "{\"name\": \"FloatDistribution\", \"attributes\": {\"step\": null, \"low\": 1e-08, \"high\": 0.001, \"log\": true}}"}
{"op_code": 5, "worker_id": "ff66b2da-3c4f-4caf-8d0e-c4a2ab3ce62a-139774582511424", "trial_id": 13, "param_name": "random_seed", "param_value_internal": 0, "distribution": "{\"name\": \"CategoricalDistribution\", \"attributes\": {\"choices\": [42]}}"}
{"op_code": 5, "worker_id": "ff66b2da-3c4f-4caf-8d0e-c4a2ab3ce62a-139774582511424", "trial_id": 13, "param_name": "degree", "param_value_internal": 0, "distribution": "{\"name\": \"CategoricalDistribution\", \"attributes\": {\"choices\": [0]}}"}
{"op_code": 8, "worker_id": "ff66b2da-3c4f-4caf-8d0e-c4a2ab3ce62a-139774582511424", "trial_id": 13, "user_attr": {"best_epoch": 0}}
{"op_code": 8, "worker_id": "ff66b2da-3c4f-4caf-8d0e-c4a2ab3ce62a-139774582511424", "trial_id": 13, "user_attr": {"test_loss": 0.44536286018278987}}
{"op_code": 6, "worker_id": "ff66b2da-3c4f-4caf-8d0e-c4a2ab3ce62a-139774582511424", "trial_id": 13, "state": 1, "values": [0.44526175693086173], "datetime_complete": "2024-08-21T13:59:20.777770"}
{"op_code": 4, "worker_id": "ff66b2da-3c4f-4caf-8d0e-c4a2ab3ce62a-139774582511424", "study_id": 0, "datetime_start": "2024-08-21T13:59:20.792821"}
{"op_code": 5, "worker_id": "ff66b2da-3c4f-4caf-8d0e-c4a2ab3ce62a-139774582511424", "trial_id": 14, "param_name": "lr", "param_value_internal": 0.00012448484478535553, "distribution": "{\"name\": \"FloatDistribution\", \"attributes\": {\"step\": null, \"low\": 1e-05, \"high\": 0.001, \"log\": true}}"}
{"op_code": 5, "worker_id": "ff66b2da-3c4f-4caf-8d0e-c4a2ab3ce62a-139774582511424", "trial_id": 14, "param_name": "l2reg", "param_value_internal": 1.163814228102759e-08, "distribution": "{\"name\": \"FloatDistribution\", \"attributes\": {\"step\": null, \"low\": 1e-08, \"high\": 0.001, \"log\": true}}"}
{"op_code": 5, "worker_id": "ff66b2da-3c4f-4caf-8d0e-c4a2ab3ce62a-139774582511424", "trial_id": 14, "param_name": "random_seed", "param_value_internal": 0, "distribution": "{\"name\": \"CategoricalDistribution\", \"attributes\": {\"choices\": [42]}}"}
{"op_code": 5, "worker_id": "ff66b2da-3c4f-4caf-8d0e-c4a2ab3ce62a-139774582511424", "trial_id": 14, "param_name": "degree", "param_value_internal": 0, "distribution": "{\"name\": \"CategoricalDistribution\", \"attributes\": {\"choices\": [0]}}"}
{"op_code": 8, "worker_id": "ff66b2da-3c4f-4caf-8d0e-c4a2ab3ce62a-139774582511424", "trial_id": 14, "user_attr": {"best_epoch": 1}}
{"op_code": 8, "worker_id": "ff66b2da-3c4f-4caf-8d0e-c4a2ab3ce62a-139774582511424", "trial_id": 14, "user_attr": {"test_loss": 0.4447821524202992}}
{"op_code": 6, "worker_id": "ff66b2da-3c4f-4caf-8d0e-c4a2ab3ce62a-139774582511424", "trial_id": 14, "state": 1, "values": [0.4446384742033012], "datetime_complete": "2024-08-21T14:18:03.943321"}
{"op_code": 4, "worker_id": "ff66b2da-3c4f-4caf-8d0e-c4a2ab3ce62a-139774582511424", "study_id": 0, "datetime_start": "2024-08-21T14:18:03.953100"}
{"op_code": 5, "worker_id": "ff66b2da-3c4f-4caf-8d0e-c4a2ab3ce62a-139774582511424", "trial_id": 15, "param_name": "lr", "param_value_internal": 9.923734852895986e-05, "distribution": "{\"name\": \"FloatDistribution\", \"attributes\": {\"step\": null, \"low\": 1e-05, \"high\": 0.001, \"log\": true}}"}
{"op_code": 5, "worker_id": "ff66b2da-3c4f-4caf-8d0e-c4a2ab3ce62a-139774582511424", "trial_id": 15, "param_name": "l2reg", "param_value_internal": 1.2188956543477832e-08, "distribution": "{\"name\": \"FloatDistribution\", \"attributes\": {\"step\": null, \"low\": 1e-08, \"high\": 0.001, \"log\": true}}"}
{"op_code": 5, "worker_id": "ff66b2da-3c4f-4caf-8d0e-c4a2ab3ce62a-139774582511424", "trial_id": 15, "param_name": "random_seed", "param_value_internal": 0, "distribution": "{\"name\": \"CategoricalDistribution\", \"attributes\": {\"choices\": [42]}}"}
{"op_code": 5, "worker_id": "ff66b2da-3c4f-4caf-8d0e-c4a2ab3ce62a-139774582511424", "trial_id": 15, "param_name": "degree", "param_value_internal": 0, "distribution": "{\"name\": \"CategoricalDistribution\", \"attributes\": {\"choices\": [0]}}"}
{"op_code": 8, "worker_id": "ff66b2da-3c4f-4caf-8d0e-c4a2ab3ce62a-139774582511424", "trial_id": 15, "user_attr": {"best_epoch": 1}}
{"op_code": 8, "worker_id": "ff66b2da-3c4f-4caf-8d0e-c4a2ab3ce62a-139774582511424", "trial_id": 15, "user_attr": {"test_loss": 0.44524567879545535}}
{"op_code": 6, "worker_id": "ff66b2da-3c4f-4caf-8d0e-c4a2ab3ce62a-139774582511424", "trial_id": 15, "state": 1, "values": [0.4451082177044435], "datetime_complete": "2024-08-21T14:36:44.954972"}
{"op_code": 4, "worker_id": "ff66b2da-3c4f-4caf-8d0e-c4a2ab3ce62a-139774582511424", "study_id": 0, "datetime_start": "2024-08-21T14:36:44.970611"}
{"op_code": 5, "worker_id": "ff66b2da-3c4f-4caf-8d0e-c4a2ab3ce62a-139774582511424", "trial_id": 16, "param_name": "lr", "param_value_internal": 0.0003333381808295152, "distribution": "{\"name\": \"FloatDistribution\", \"attributes\": {\"step\": null, \"low\": 1e-05, \"high\": 0.001, \"log\": true}}"}
{"op_code": 5, "worker_id": "ff66b2da-3c4f-4caf-8d0e-c4a2ab3ce62a-139774582511424", "trial_id": 16, "param_name": "l2reg", "param_value_internal": 9.556902805448399e-07, "distribution": "{\"name\": \"FloatDistribution\", \"attributes\": {\"step\": null, \"low\": 1e-08, \"high\": 0.001, \"log\": true}}"}
{"op_code": 5, "worker_id": "ff66b2da-3c4f-4caf-8d0e-c4a2ab3ce62a-139774582511424", "trial_id": 16, "param_name": "random_seed", "param_value_internal": 0, "distribution": "{\"name\": \"CategoricalDistribution\", \"attributes\": {\"choices\": [42]}}"}
{"op_code": 5, "worker_id": "ff66b2da-3c4f-4caf-8d0e-c4a2ab3ce62a-139774582511424", "trial_id": 16, "param_name": "degree", "param_value_internal": 0, "distribution": "{\"name\": \"CategoricalDistribution\", \"attributes\": {\"choices\": [0]}}"}
{"op_code": 8, "worker_id": "ff66b2da-3c4f-4caf-8d0e-c4a2ab3ce62a-139774582511424", "trial_id": 16, "user_attr": {"best_epoch": 0}}
{"op_code": 8, "worker_id": "ff66b2da-3c4f-4caf-8d0e-c4a2ab3ce62a-139774582511424", "trial_id": 16, "user_attr": {"test_loss": 0.44514224067973496}}
{"op_code": 6, "worker_id": "ff66b2da-3c4f-4caf-8d0e-c4a2ab3ce62a-139774582511424", "trial_id": 16, "state": 1, "values": [0.4450523356795785], "datetime_complete": "2024-08-21T14:51:58.608273"}
{"op_code": 4, "worker_id": "ff66b2da-3c4f-4caf-8d0e-c4a2ab3ce62a-139774582511424", "study_id": 0, "datetime_start": "2024-08-21T14:51:58.618744"}
{"op_code": 5, "worker_id": "ff66b2da-3c4f-4caf-8d0e-c4a2ab3ce62a-139774582511424", "trial_id": 17, "param_name": "lr", "param_value_internal": 0.0009024078553994887, "distribution": "{\"name\": \"FloatDistribution\", \"attributes\": {\"step\": null, \"low\": 1e-05, \"high\": 0.001, \"log\": true}}"}
{"op_code": 5, "worker_id": "ff66b2da-3c4f-4caf-8d0e-c4a2ab3ce62a-139774582511424", "trial_id": 17, "param_name": "l2reg", "param_value_internal": 1.2593672273583213e-08, "distribution": "{\"name\": \"FloatDistribution\", \"attributes\": {\"step\": null, \"low\": 1e-08, \"high\": 0.001, \"log\": true}}"}
{"op_code": 5, "worker_id": "ff66b2da-3c4f-4caf-8d0e-c4a2ab3ce62a-139774582511424", "trial_id": 17, "param_name": "random_seed", "param_value_internal": 0, "distribution": "{\"name\": \"CategoricalDistribution\", \"attributes\": {\"choices\": [42]}}"}
{"op_code": 5, "worker_id": "ff66b2da-3c4f-4caf-8d0e-c4a2ab3ce62a-139774582511424", "trial_id": 17, "param_name": "degree", "param_value_internal": 0, "distribution": "{\"name\": \"CategoricalDistribution\", \"attributes\": {\"choices\": [0]}}"}
{"op_code": 8, "worker_id": "ff66b2da-3c4f-4caf-8d0e-c4a2ab3ce62a-139774582511424", "trial_id": 17, "user_attr": {"best_epoch": 0}}
{"op_code": 8, "worker_id": "ff66b2da-3c4f-4caf-8d0e-c4a2ab3ce62a-139774582511424", "trial_id": 17, "user_attr": {"test_loss": 0.445561846758304}}
{"op_code": 6, "worker_id": "ff66b2da-3c4f-4caf-8d0e-c4a2ab3ce62a-139774582511424", "trial_id": 17, "state": 1, "values": [0.44546601536657515], "datetime_complete": "2024-08-21T15:07:13.800695"}
{"op_code": 4, "worker_id": "ff66b2da-3c4f-4caf-8d0e-c4a2ab3ce62a-139774582511424", "study_id": 0, "datetime_start": "2024-08-21T15:07:13.811837"}
{"op_code": 5, "worker_id": "ff66b2da-3c4f-4caf-8d0e-c4a2ab3ce62a-139774582511424", "trial_id": 18, "param_name": "lr", "param_value_internal": 3.4545122750854934e-05, "distribution": "{\"name\": \"FloatDistribution\", \"attributes\": {\"step\": null, \"low\": 1e-05, \"high\": 0.001, \"log\": true}}"}
{"op_code": 5, "worker_id": "ff66b2da-3c4f-4caf-8d0e-c4a2ab3ce62a-139774582511424", "trial_id": 18, "param_name": "l2reg", "param_value_internal": 9.086950863125907e-06, "distribution": "{\"name\": \"FloatDistribution\", \"attributes\": {\"step\": null, \"low\": 1e-08, \"high\": 0.001, \"log\": true}}"}
{"op_code": 5, "worker_id": "ff66b2da-3c4f-4caf-8d0e-c4a2ab3ce62a-139774582511424", "trial_id": 18, "param_name": "random_seed", "param_value_internal": 0, "distribution": "{\"name\": \"CategoricalDistribution\", \"attributes\": {\"choices\": [42]}}"}
{"op_code": 5, "worker_id": "ff66b2da-3c4f-4caf-8d0e-c4a2ab3ce62a-139774582511424", "trial_id": 18, "param_name": "degree", "param_value_internal": 0, "distribution": "{\"name\": \"CategoricalDistribution\", \"attributes\": {\"choices\": [0]}}"}
{"op_code": 8, "worker_id": "ff66b2da-3c4f-4caf-8d0e-c4a2ab3ce62a-139774582511424", "trial_id": 18, "user_attr": {"best_epoch": 5}}
{"op_code": 8, "worker_id": "ff66b2da-3c4f-4caf-8d0e-c4a2ab3ce62a-139774582511424", "trial_id": 18, "user_attr": {"test_loss": 0.4457726496387774}}
{"op_code": 6, "worker_id": "ff66b2da-3c4f-4caf-8d0e-c4a2ab3ce62a-139774582511424", "trial_id": 18, "state": 1, "values": [0.44567987227630573], "datetime_complete": "2024-08-21T15:39:58.596861"}
{"op_code": 4, "worker_id": "ff66b2da-3c4f-4caf-8d0e-c4a2ab3ce62a-139774582511424", "study_id": 0, "datetime_start": "2024-08-21T15:39:58.605762"}
{"op_code": 5, "worker_id": "ff66b2da-3c4f-4caf-8d0e-c4a2ab3ce62a-139774582511424", "trial_id": 19, "param_name": "lr", "param_value_internal": 9.889558051357854e-05, "distribution": "{\"name\": \"FloatDistribution\", \"attributes\": {\"step\": null, \"low\": 1e-05, \"high\": 0.001, \"log\": true}}"}
{"op_code": 5, "worker_id": "ff66b2da-3c4f-4caf-8d0e-c4a2ab3ce62a-139774582511424", "trial_id": 19, "param_name": "l2reg", "param_value_internal": 0.0001232213585329344, "distribution": "{\"name\": \"FloatDistribution\", \"attributes\": {\"step\": null, \"low\": 1e-08, \"high\": 0.001, \"log\": true}}"}
{"op_code": 5, "worker_id": "ff66b2da-3c4f-4caf-8d0e-c4a2ab3ce62a-139774582511424", "trial_id": 19, "param_name": "random_seed", "param_value_internal": 0, "distribution": "{\"name\": \"CategoricalDistribution\", \"attributes\": {\"choices\": [42]}}"}
{"op_code": 5, "worker_id": "ff66b2da-3c4f-4caf-8d0e-c4a2ab3ce62a-139774582511424", "trial_id": 19, "param_name": "degree", "param_value_internal": 0, "distribution": "{\"name\": \"CategoricalDistribution\", \"attributes\": {\"choices\": [0]}}"}
{"op_code": 8, "worker_id": "ff66b2da-3c4f-4caf-8d0e-c4a2ab3ce62a-139774582511424", "trial_id": 19, "user_attr": {"best_epoch": 1}}
{"op_code": 8, "worker_id": "ff66b2da-3c4f-4caf-8d0e-c4a2ab3ce62a-139774582511424", "trial_id": 19, "user_attr": {"test_loss": 0.44525669522746353}}
{"op_code": 6, "worker_id": "ff66b2da-3c4f-4caf-8d0e-c4a2ab3ce62a-139774582511424", "trial_id": 19, "state": 1, "values": [0.4451193432084179], "datetime_complete": "2024-08-21T15:58:56.977908"}
{"op_code": 4, "worker_id": "ff66b2da-3c4f-4caf-8d0e-c4a2ab3ce62a-139774582511424", "study_id": 0, "datetime_start": "2024-08-21T15:58:56.992326"}
{"op_code": 5, "worker_id": "ff66b2da-3c4f-4caf-8d0e-c4a2ab3ce62a-139774582511424", "trial_id": 20, "param_name": "lr", "param_value_internal": 0.0002337184988407191, "distribution": "{\"name\": \"FloatDistribution\", \"attributes\": {\"step\": null, \"low\": 1e-05, \"high\": 0.001, \"log\": true}}"}
{"op_code": 5, "worker_id": "ff66b2da-3c4f-4caf-8d0e-c4a2ab3ce62a-139774582511424", "trial_id": 20, "param_name": "l2reg", "param_value_internal": 6.276091013612694e-07, "distribution": "{\"name\": \"FloatDistribution\", \"attributes\": {\"step\": null, \"low\": 1e-08, \"high\": 0.001, \"log\": true}}"}
{"op_code": 5, "worker_id": "ff66b2da-3c4f-4caf-8d0e-c4a2ab3ce62a-139774582511424", "trial_id": 20, "param_name": "random_seed", "param_value_internal": 0, "distribution": "{\"name\": \"CategoricalDistribution\", \"attributes\": {\"choices\": [42]}}"}
{"op_code": 5, "worker_id": "ff66b2da-3c4f-4caf-8d0e-c4a2ab3ce62a-139774582511424", "trial_id": 20, "param_name": "degree", "param_value_internal": 0, "distribution": "{\"name\": \"CategoricalDistribution\", \"attributes\": {\"choices\": [0]}}"}
{"op_code": 8, "worker_id": "ff66b2da-3c4f-4caf-8d0e-c4a2ab3ce62a-139774582511424", "trial_id": 20, "user_attr": {"best_epoch": 0}}
{"op_code": 8, "worker_id": "ff66b2da-3c4f-4caf-8d0e-c4a2ab3ce62a-139774582511424", "trial_id": 20, "user_attr": {"test_loss": 0.44544201124708627}}
{"op_code": 6, "worker_id": "ff66b2da-3c4f-4caf-8d0e-c4a2ab3ce62a-139774582511424", "trial_id": 20, "state": 1, "values": [0.4453406171207981], "datetime_complete": "2024-08-21T16:14:06.318473"}
{"op_code": 4, "worker_id": "ff66b2da-3c4f-4caf-8d0e-c4a2ab3ce62a-139774582511424", "study_id": 0, "datetime_start": "2024-08-21T16:14:06.329557"}
{"op_code": 5, "worker_id": "ff66b2da-3c4f-4caf-8d0e-c4a2ab3ce62a-139774582511424", "trial_id": 21, "param_name": "lr", "param_value_internal": 0.00014724373775961458, "distribution": "{\"name\": \"FloatDistribution\", \"attributes\": {\"step\": null, \"low\": 1e-05, \"high\": 0.001, \"log\": true}}"}
{"op_code": 5, "worker_id": "ff66b2da-3c4f-4caf-8d0e-c4a2ab3ce62a-139774582511424", "trial_id": 21, "param_name": "l2reg", "param_value_internal": 4.2163621292191355e-05, "distribution": "{\"name\": \"FloatDistribution\", \"attributes\": {\"step\": null, \"low\": 1e-08, \"high\": 0.001, \"log\": true}}"}
{"op_code": 5, "worker_id": "ff66b2da-3c4f-4caf-8d0e-c4a2ab3ce62a-139774582511424", "trial_id": 21, "param_name": "random_seed", "param_value_internal": 0, "distribution": "{\"name\": \"CategoricalDistribution\", \"attributes\": {\"choices\": [42]}}"}
{"op_code": 5, "worker_id": "ff66b2da-3c4f-4caf-8d0e-c4a2ab3ce62a-139774582511424", "trial_id": 21, "param_name": "degree", "param_value_internal": 0, "distribution": "{\"name\": \"CategoricalDistribution\", \"attributes\": {\"choices\": [0]}}"}
{"op_code": 8, "worker_id": "ff66b2da-3c4f-4caf-8d0e-c4a2ab3ce62a-139774582511424", "trial_id": 21, "user_attr": {"best_epoch": 1}}
{"op_code": 8, "worker_id": "ff66b2da-3c4f-4caf-8d0e-c4a2ab3ce62a-139774582511424", "trial_id": 21, "user_attr": {"test_loss": 0.4447591742518861}}
{"op_code": 6, "worker_id": "ff66b2da-3c4f-4caf-8d0e-c4a2ab3ce62a-139774582511424", "trial_id": 21, "state": 1, "values": [0.4446108422326458], "datetime_complete": "2024-08-21T16:32:57.764874"}
{"op_code": 4, "worker_id": "ff66b2da-3c4f-4caf-8d0e-c4a2ab3ce62a-139774582511424", "study_id": 0, "datetime_start": "2024-08-21T16:32:57.774997"}
{"op_code": 5, "worker_id": "ff66b2da-3c4f-4caf-8d0e-c4a2ab3ce62a-139774582511424", "trial_id": 22, "param_name": "lr", "param_value_internal": 0.00012001629444458152, "distribution": "{\"name\": \"FloatDistribution\", \"attributes\": {\"step\": null, \"low\": 1e-05, \"high\": 0.001, \"log\": true}}"}
{"op_code": 5, "worker_id": "ff66b2da-3c4f-4caf-8d0e-c4a2ab3ce62a-139774582511424", "trial_id": 22, "param_name": "l2reg", "param_value_internal": 0.00014754880188387137, "distribution": "{\"name\": \"FloatDistribution\", \"attributes\": {\"step\": null, \"low\": 1e-08, \"high\": 0.001, \"log\": true}}"}
{"op_code": 5, "worker_id": "ff66b2da-3c4f-4caf-8d0e-c4a2ab3ce62a-139774582511424", "trial_id": 22, "param_name": "random_seed", "param_value_internal": 0, "distribution": "{\"name\": \"CategoricalDistribution\", \"attributes\": {\"choices\": [42]}}"}
{"op_code": 5, "worker_id": "ff66b2da-3c4f-4caf-8d0e-c4a2ab3ce62a-139774582511424", "trial_id": 22, "param_name": "degree", "param_value_internal": 0, "distribution": "{\"name\": \"CategoricalDistribution\", \"attributes\": {\"choices\": [0]}}"}
{"op_code": 8, "worker_id": "ff66b2da-3c4f-4caf-8d0e-c4a2ab3ce62a-139774582511424", "trial_id": 22, "user_attr": {"best_epoch": 1}}
{"op_code": 8, "worker_id": "ff66b2da-3c4f-4caf-8d0e-c4a2ab3ce62a-139774582511424", "trial_id": 22, "user_attr": {"test_loss": 0.44482258236219063}}
{"op_code": 6, "worker_id": "ff66b2da-3c4f-4caf-8d0e-c4a2ab3ce62a-139774582511424", "trial_id": 22, "state": 1, "values": [0.44467977672785985], "datetime_complete": "2024-08-21T16:52:39.365582"}
{"op_code": 4, "worker_id": "ff66b2da-3c4f-4caf-8d0e-c4a2ab3ce62a-139774582511424", "study_id": 0, "datetime_start": "2024-08-21T16:52:39.374506"}
{"op_code": 5, "worker_id": "ff66b2da-3c4f-4caf-8d0e-c4a2ab3ce62a-139774582511424", "trial_id": 23, "param_name": "lr", "param_value_internal": 7.585946441763878e-05, "distribution": "{\"name\": \"FloatDistribution\", \"attributes\": {\"step\": null, \"low\": 1e-05, \"high\": 0.001, \"log\": true}}"}
{"op_code": 5, "worker_id": "ff66b2da-3c4f-4caf-8d0e-c4a2ab3ce62a-139774582511424", "trial_id": 23, "param_name": "l2reg", "param_value_internal": 1.6748375144726677e-05, "distribution": "{\"name\": \"FloatDistribution\", \"attributes\": {\"step\": null, \"low\": 1e-08, \"high\": 0.001, \"log\": true}}"}
{"op_code": 5, "worker_id": "ff66b2da-3c4f-4caf-8d0e-c4a2ab3ce62a-139774582511424", "trial_id": 23, "param_name": "random_seed", "param_value_internal": 0, "distribution": "{\"name\": \"CategoricalDistribution\", \"attributes\": {\"choices\": [42]}}"}
{"op_code": 5, "worker_id": "ff66b2da-3c4f-4caf-8d0e-c4a2ab3ce62a-139774582511424", "trial_id": 23, "param_name": "degree", "param_value_internal": 0, "distribution": "{\"name\": \"CategoricalDistribution\", \"attributes\": {\"choices\": [0]}}"}
{"op_code": 8, "worker_id": "ff66b2da-3c4f-4caf-8d0e-c4a2ab3ce62a-139774582511424", "trial_id": 23, "user_attr": {"best_epoch": 2}}
{"op_code": 8, "worker_id": "ff66b2da-3c4f-4caf-8d0e-c4a2ab3ce62a-139774582511424", "trial_id": 23, "user_attr": {"test_loss": 0.44523302625968353}}
{"op_code": 6, "worker_id": "ff66b2da-3c4f-4caf-8d0e-c4a2ab3ce62a-139774582511424", "trial_id": 23, "state": 1, "values": [0.4451408307013881], "datetime_complete": "2024-08-21T17:15:30.825500"}
{"op_code": 4, "worker_id": "ff66b2da-3c4f-4caf-8d0e-c4a2ab3ce62a-139774582511424", "study_id": 0, "datetime_start": "2024-08-21T17:15:30.834395"}
{"op_code": 5, "worker_id": "ff66b2da-3c4f-4caf-8d0e-c4a2ab3ce62a-139774582511424", "trial_id": 24, "param_name": "lr", "param_value_internal": 0.0004943018624063403, "distribution": "{\"name\": \"FloatDistribution\", \"attributes\": {\"step\": null, \"low\": 1e-05, \"high\": 0.001, \"log\": true}}"}
{"op_code": 5, "worker_id": "ff66b2da-3c4f-4caf-8d0e-c4a2ab3ce62a-139774582511424", "trial_id": 24, "param_name": "l2reg", "param_value_internal": 2.3483438526645773e-06, "distribution": "{\"name\": \"FloatDistribution\", \"attributes\": {\"step\": null, \"low\": 1e-08, \"high\": 0.001, \"log\": true}}"}
{"op_code": 5, "worker_id": "ff66b2da-3c4f-4caf-8d0e-c4a2ab3ce62a-139774582511424", "trial_id": 24, "param_name": "random_seed", "param_value_internal": 0, "distribution": "{\"name\": \"CategoricalDistribution\", \"attributes\": {\"choices\": [42]}}"}
{"op_code": 5, "worker_id": "ff66b2da-3c4f-4caf-8d0e-c4a2ab3ce62a-139774582511424", "trial_id": 24, "param_name": "degree", "param_value_internal": 0, "distribution": "{\"name\": \"CategoricalDistribution\", \"attributes\": {\"choices\": [0]}}"}
{"op_code": 8, "worker_id": "ff66b2da-3c4f-4caf-8d0e-c4a2ab3ce62a-139774582511424", "trial_id": 24, "user_attr": {"best_epoch": 0}}
{"op_code": 8, "worker_id": "ff66b2da-3c4f-4caf-8d0e-c4a2ab3ce62a-139774582511424", "trial_id": 24, "user_attr": {"test_loss": 0.445110827487474}}
{"op_code": 6, "worker_id": "ff66b2da-3c4f-4caf-8d0e-c4a2ab3ce62a-139774582511424", "trial_id": 24, "state": 1, "values": [0.4450256853710385], "datetime_complete": "2024-08-21T17:31:22.659229"}
{"op_code": 4, "worker_id": "ff66b2da-3c4f-4caf-8d0e-c4a2ab3ce62a-139774582511424", "study_id": 0, "datetime_start": "2024-08-21T17:31:22.668011"}
{"op_code": 5, "worker_id": "ff66b2da-3c4f-4caf-8d0e-c4a2ab3ce62a-139774582511424", "trial_id": 25, "param_name": "lr", "param_value_internal": 0.0002282550686339632, "distribution": "{\"name\": \"FloatDistribution\", \"attributes\": {\"step\": null, \"low\": 1e-05, \"high\": 0.001, \"log\": true}}"}
{"op_code": 5, "worker_id": "ff66b2da-3c4f-4caf-8d0e-c4a2ab3ce62a-139774582511424", "trial_id": 25, "param_name": "l2reg", "param_value_internal": 7.758257613362443e-05, "distribution": "{\"name\": \"FloatDistribution\", \"attributes\": {\"step\": null, \"low\": 1e-08, \"high\": 0.001, \"log\": true}}"}
{"op_code": 5, "worker_id": "ff66b2da-3c4f-4caf-8d0e-c4a2ab3ce62a-139774582511424", "trial_id": 25, "param_name": "random_seed", "param_value_internal": 0, "distribution": "{\"name\": \"CategoricalDistribution\", \"attributes\": {\"choices\": [42]}}"}
{"op_code": 5, "worker_id": "ff66b2da-3c4f-4caf-8d0e-c4a2ab3ce62a-139774582511424", "trial_id": 25, "param_name": "degree", "param_value_internal": 0, "distribution": "{\"name\": \"CategoricalDistribution\", \"attributes\": {\"choices\": [0]}}"}
{"op_code": 8, "worker_id": "ff66b2da-3c4f-4caf-8d0e-c4a2ab3ce62a-139774582511424", "trial_id": 25, "user_attr": {"best_epoch": 0}}
{"op_code": 8, "worker_id": "ff66b2da-3c4f-4caf-8d0e-c4a2ab3ce62a-139774582511424", "trial_id": 25, "user_attr": {"test_loss": 0.44548316834620594}}
{"op_code": 6, "worker_id": "ff66b2da-3c4f-4caf-8d0e-c4a2ab3ce62a-139774582511424", "trial_id": 25, "state": 1, "values": [0.44538148335108324], "datetime_complete": "2024-08-21T17:46:37.000427"}
{"op_code": 4, "worker_id": "ff66b2da-3c4f-4caf-8d0e-c4a2ab3ce62a-139774582511424", "study_id": 0, "datetime_start": "2024-08-21T17:46:37.009337"}
{"op_code": 5, "worker_id": "ff66b2da-3c4f-4caf-8d0e-c4a2ab3ce62a-139774582511424", "trial_id": 26, "param_name": "lr", "param_value_internal": 0.00012023594734606552, "distribution": "{\"name\": \"FloatDistribution\", \"attributes\": {\"step\": null, \"low\": 1e-05, \"high\": 0.001, \"log\": true}}"}
{"op_code": 5, "worker_id": "ff66b2da-3c4f-4caf-8d0e-c4a2ab3ce62a-139774582511424", "trial_id": 26, "param_name": "l2reg", "param_value_internal": 0.00031894833109994244, "distribution": "{\"name\": \"FloatDistribution\", \"attributes\": {\"step\": null, \"low\": 1e-08, \"high\": 0.001, \"log\": true}}"}
{"op_code": 5, "worker_id": "ff66b2da-3c4f-4caf-8d0e-c4a2ab3ce62a-139774582511424", "trial_id": 26, "param_name": "random_seed", "param_value_internal": 0, "distribution": "{\"name\": \"CategoricalDistribution\", \"attributes\": {\"choices\": [42]}}"}
{"op_code": 5, "worker_id": "ff66b2da-3c4f-4caf-8d0e-c4a2ab3ce62a-139774582511424", "trial_id": 26, "param_name": "degree", "param_value_internal": 0, "distribution": "{\"name\": \"CategoricalDistribution\", \"attributes\": {\"choices\": [0]}}"}
{"op_code": 8, "worker_id": "ff66b2da-3c4f-4caf-8d0e-c4a2ab3ce62a-139774582511424", "trial_id": 26, "user_attr": {"best_epoch": 1}}
{"op_code": 8, "worker_id": "ff66b2da-3c4f-4caf-8d0e-c4a2ab3ce62a-139774582511424", "trial_id": 26, "user_attr": {"test_loss": 0.4448084391541009}}
{"op_code": 6, "worker_id": "ff66b2da-3c4f-4caf-8d0e-c4a2ab3ce62a-139774582511424", "trial_id": 26, "state": 1, "values": [0.444665924384676], "datetime_complete": "2024-08-21T18:05:20.315203"}
{"op_code": 4, "worker_id": "ff66b2da-3c4f-4caf-8d0e-c4a2ab3ce62a-139774582511424", "study_id": 0, "datetime_start": "2024-08-21T18:05:20.324557"}
{"op_code": 5, "worker_id": "ff66b2da-3c4f-4caf-8d0e-c4a2ab3ce62a-139774582511424", "trial_id": 27, "param_name": "lr", "param_value_internal": 6.0964170501889416e-05, "distribution": "{\"name\": \"FloatDistribution\", \"attributes\": {\"step\": null, \"low\": 1e-05, \"high\": 0.001, \"log\": true}}"}
{"op_code": 5, "worker_id": "ff66b2da-3c4f-4caf-8d0e-c4a2ab3ce62a-139774582511424", "trial_id": 27, "param_name": "l2reg", "param_value_internal": 3.441446166025131e-06, "distribution": "{\"name\": \"FloatDistribution\", \"attributes\": {\"step\": null, \"low\": 1e-08, \"high\": 0.001, \"log\": true}}"}
{"op_code": 5, "worker_id": "ff66b2da-3c4f-4caf-8d0e-c4a2ab3ce62a-139774582511424", "trial_id": 27, "param_name": "random_seed", "param_value_internal": 0, "distribution": "{\"name\": \"CategoricalDistribution\", \"attributes\": {\"choices\": [42]}}"}
{"op_code": 5, "worker_id": "ff66b2da-3c4f-4caf-8d0e-c4a2ab3ce62a-139774582511424", "trial_id": 27, "param_name": "degree", "param_value_internal": 0, "distribution": "{\"name\": \"CategoricalDistribution\", \"attributes\": {\"choices\": [0]}}"}
{"op_code": 8, "worker_id": "ff66b2da-3c4f-4caf-8d0e-c4a2ab3ce62a-139774582511424", "trial_id": 27, "user_attr": {"best_epoch": 3}}
{"op_code": 8, "worker_id": "ff66b2da-3c4f-4caf-8d0e-c4a2ab3ce62a-139774582511424", "trial_id": 27, "user_attr": {"test_loss": 0.445309014190037}}
{"op_code": 6, "worker_id": "ff66b2da-3c4f-4caf-8d0e-c4a2ab3ce62a-139774582511424", "trial_id": 27, "state": 1, "values": [0.445171480374102], "datetime_complete": "2024-08-21T18:31:21.669187"}
{"op_code": 4, "worker_id": "ff66b2da-3c4f-4caf-8d0e-c4a2ab3ce62a-139774582511424", "study_id": 0, "datetime_start": "2024-08-21T18:31:21.680063"}
{"op_code": 5, "worker_id": "ff66b2da-3c4f-4caf-8d0e-c4a2ab3ce62a-139774582511424", "trial_id": 28, "param_name": "lr", "param_value_internal": 0.00035012938517834963, "distribution": "{\"name\": \"FloatDistribution\", \"attributes\": {\"step\": null, \"low\": 1e-05, \"high\": 0.001, \"log\": true}}"}
{"op_code": 5, "worker_id": "ff66b2da-3c4f-4caf-8d0e-c4a2ab3ce62a-139774582511424", "trial_id": 28, "param_name": "l2reg", "param_value_internal": 3.32821716035647e-08, "distribution": "{\"name\": \"FloatDistribution\", \"attributes\": {\"step\": null, \"low\": 1e-08, \"high\": 0.001, \"log\": true}}"}
{"op_code": 5, "worker_id": "ff66b2da-3c4f-4caf-8d0e-c4a2ab3ce62a-139774582511424", "trial_id": 28, "param_name": "random_seed", "param_value_internal": 0, "distribution": "{\"name\": \"CategoricalDistribution\", \"attributes\": {\"choices\": [42]}}"}
{"op_code": 5, "worker_id": "ff66b2da-3c4f-4caf-8d0e-c4a2ab3ce62a-139774582511424", "trial_id": 28, "param_name": "degree", "param_value_internal": 0, "distribution": "{\"name\": \"CategoricalDistribution\", \"attributes\": {\"choices\": [0]}}"}
{"op_code": 8, "worker_id": "ff66b2da-3c4f-4caf-8d0e-c4a2ab3ce62a-139774582511424", "trial_id": 28, "user_attr": {"best_epoch": 0}}
{"op_code": 8, "worker_id": "ff66b2da-3c4f-4caf-8d0e-c4a2ab3ce62a-139774582511424", "trial_id": 28, "user_attr": {"test_loss": 0.4451523845230692}}
{"op_code": 6, "worker_id": "ff66b2da-3c4f-4caf-8d0e-c4a2ab3ce62a-139774582511424", "trial_id": 28, "state": 1, "values": [0.4450613524278976], "datetime_complete": "2024-08-21T18:47:00.118043"}
{"op_code": 4, "worker_id": "ff66b2da-3c4f-4caf-8d0e-c4a2ab3ce62a-139774582511424", "study_id": 0, "datetime_start": "2024-08-21T18:47:00.136594"}
{"op_code": 5, "worker_id": "ff66b2da-3c4f-4caf-8d0e-c4a2ab3ce62a-139774582511424", "trial_id": 29, "param_name": "lr", "param_value_internal": 0.00020200104832271434, "distribution": "{\"name\": \"FloatDistribution\", \"attributes\": {\"step\": null, \"low\": 1e-05, \"high\": 0.001, \"log\": true}}"}
{"op_code": 5, "worker_id": "ff66b2da-3c4f-4caf-8d0e-c4a2ab3ce62a-139774582511424", "trial_id": 29, "param_name": "l2reg", "param_value_internal": 0.0009567829738870549, "distribution": "{\"name\": \"FloatDistribution\", \"attributes\": {\"step\": null, \"low\": 1e-08, \"high\": 0.001, \"log\": true}}"}
{"op_code": 5, "worker_id": "ff66b2da-3c4f-4caf-8d0e-c4a2ab3ce62a-139774582511424", "trial_id": 29, "param_name": "random_seed", "param_value_internal": 0, "distribution": "{\"name\": \"CategoricalDistribution\", \"attributes\": {\"choices\": [42]}}"}
{"op_code": 5, "worker_id": "ff66b2da-3c4f-4caf-8d0e-c4a2ab3ce62a-139774582511424", "trial_id": 29, "param_name": "degree", "param_value_internal": 0, "distribution": "{\"name\": \"CategoricalDistribution\", \"attributes\": {\"choices\": [0]}}"}
{"op_code": 8, "worker_id": "ff66b2da-3c4f-4caf-8d0e-c4a2ab3ce62a-139774582511424", "trial_id": 29, "user_attr": {"best_epoch": 1}}
{"op_code": 8, "worker_id": "ff66b2da-3c4f-4caf-8d0e-c4a2ab3ce62a-139774582511424", "trial_id": 29, "user_attr": {"test_loss": 0.4452909079750533}}
{"op_code": 6, "worker_id": "ff66b2da-3c4f-4caf-8d0e-c4a2ab3ce62a-139774582511424", "trial_id": 29, "state": 1, "values": [0.44514424833986393], "datetime_complete": "2024-08-21T19:05:39.189200"}
{"op_code": 4, "worker_id": "ff66b2da-3c4f-4caf-8d0e-c4a2ab3ce62a-139774582511424", "study_id": 0, "datetime_start": "2024-08-21T19:05:39.198060"}
{"op_code": 5, "worker_id": "ff66b2da-3c4f-4caf-8d0e-c4a2ab3ce62a-139774582511424", "trial_id": 30, "param_name": "lr", "param_value_internal": 4.663072570712844e-05, "distribution": "{\"name\": \"FloatDistribution\", \"attributes\": {\"step\": null, \"low\": 1e-05, \"high\": 0.001, \"log\": true}}"}
{"op_code": 5, "worker_id": "ff66b2da-3c4f-4caf-8d0e-c4a2ab3ce62a-139774582511424", "trial_id": 30, "param_name": "l2reg", "param_value_internal": 1.8035976269145646e-05, "distribution": "{\"name\": \"FloatDistribution\", \"attributes\": {\"step\": null, \"low\": 1e-08, \"high\": 0.001, \"log\": true}}"}
{"op_code": 5, "worker_id": "ff66b2da-3c4f-4caf-8d0e-c4a2ab3ce62a-139774582511424", "trial_id": 30, "param_name": "random_seed", "param_value_internal": 0, "distribution": "{\"name\": \"CategoricalDistribution\", \"attributes\": {\"choices\": [42]}}"}
{"op_code": 5, "worker_id": "ff66b2da-3c4f-4caf-8d0e-c4a2ab3ce62a-139774582511424", "trial_id": 30, "param_name": "degree", "param_value_internal": 0, "distribution": "{\"name\": \"CategoricalDistribution\", \"attributes\": {\"choices\": [0]}}"}
{"op_code": 8, "worker_id": "ff66b2da-3c4f-4caf-8d0e-c4a2ab3ce62a-139774582511424", "trial_id": 30, "user_attr": {"best_epoch": 4}}
{"op_code": 8, "worker_id": "ff66b2da-3c4f-4caf-8d0e-c4a2ab3ce62a-139774582511424", "trial_id": 30, "user_attr": {"test_loss": 0.44555184834641537}}
{"op_code": 6, "worker_id": "ff66b2da-3c4f-4caf-8d0e-c4a2ab3ce62a-139774582511424", "trial_id": 30, "state": 1, "values": [0.4454431462750722], "datetime_complete": "2024-08-21T19:34:43.633530"}
{"op_code": 4, "worker_id": "ff66b2da-3c4f-4caf-8d0e-c4a2ab3ce62a-139774582511424", "study_id": 0, "datetime_start": "2024-08-21T19:34:43.647813"}
{"op_code": 5, "worker_id": "ff66b2da-3c4f-4caf-8d0e-c4a2ab3ce62a-139774582511424", "trial_id": 31, "param_name": "lr", "param_value_internal": 0.00013515002002618232, "distribution": "{\"name\": \"FloatDistribution\", \"attributes\": {\"step\": null, \"low\": 1e-05, \"high\": 0.001, \"log\": true}}"}
{"op_code": 5, "worker_id": "ff66b2da-3c4f-4caf-8d0e-c4a2ab3ce62a-139774582511424", "trial_id": 31, "param_name": "l2reg", "param_value_internal": 5.78474529848547e-05, "distribution": "{\"name\": \"FloatDistribution\", \"attributes\": {\"step\": null, \"low\": 1e-08, \"high\": 0.001, \"log\": true}}"}
{"op_code": 5, "worker_id": "ff66b2da-3c4f-4caf-8d0e-c4a2ab3ce62a-139774582511424", "trial_id": 31, "param_name": "random_seed", "param_value_internal": 0, "distribution": "{\"name\": \"CategoricalDistribution\", \"attributes\": {\"choices\": [42]}}"}
{"op_code": 5, "worker_id": "ff66b2da-3c4f-4caf-8d0e-c4a2ab3ce62a-139774582511424", "trial_id": 31, "param_name": "degree", "param_value_internal": 0, "distribution": "{\"name\": \"CategoricalDistribution\", \"attributes\": {\"choices\": [0]}}"}
{"op_code": 8, "worker_id": "ff66b2da-3c4f-4caf-8d0e-c4a2ab3ce62a-139774582511424", "trial_id": 31, "user_attr": {"best_epoch": 1}}
{"op_code": 8, "worker_id": "ff66b2da-3c4f-4caf-8d0e-c4a2ab3ce62a-139774582511424", "trial_id": 31, "user_attr": {"test_loss": 0.4447367050935328}}
{"op_code": 6, "worker_id": "ff66b2da-3c4f-4caf-8d0e-c4a2ab3ce62a-139774582511424", "trial_id": 31, "state": 1, "values": [0.44459146349533085], "datetime_complete": "2024-08-21T19:53:07.190372"}
{"op_code": 4, "worker_id": "ff66b2da-3c4f-4caf-8d0e-c4a2ab3ce62a-139774582511424", "study_id": 0, "datetime_start": "2024-08-21T19:53:07.199397"}
{"op_code": 5, "worker_id": "ff66b2da-3c4f-4caf-8d0e-c4a2ab3ce62a-139774582511424", "trial_id": 32, "param_name": "lr", "param_value_internal": 0.00012236445276073935, "distribution": "{\"name\": \"FloatDistribution\", \"attributes\": {\"step\": null, \"low\": 1e-05, \"high\": 0.001, \"log\": true}}"}
{"op_code": 5, "worker_id": "ff66b2da-3c4f-4caf-8d0e-c4a2ab3ce62a-139774582511424", "trial_id": 32, "param_name": "l2reg", "param_value_internal": 6.62974244039244e-05, "distribution": "{\"name\": \"FloatDistribution\", \"attributes\": {\"step\": null, \"low\": 1e-08, \"high\": 0.001, \"log\": true}}"}
{"op_code": 5, "worker_id": "ff66b2da-3c4f-4caf-8d0e-c4a2ab3ce62a-139774582511424", "trial_id": 32, "param_name": "random_seed", "param_value_internal": 0, "distribution": "{\"name\": \"CategoricalDistribution\", \"attributes\": {\"choices\": [42]}}"}
{"op_code": 5, "worker_id": "ff66b2da-3c4f-4caf-8d0e-c4a2ab3ce62a-139774582511424", "trial_id": 32, "param_name": "degree", "param_value_internal": 0, "distribution": "{\"name\": \"CategoricalDistribution\", \"attributes\": {\"choices\": [0]}}"}
{"op_code": 8, "worker_id": "ff66b2da-3c4f-4caf-8d0e-c4a2ab3ce62a-139774582511424", "trial_id": 32, "user_attr": {"best_epoch": 1}}
{"op_code": 8, "worker_id": "ff66b2da-3c4f-4caf-8d0e-c4a2ab3ce62a-139774582511424", "trial_id": 32, "user_attr": {"test_loss": 0.444799822340946}}
{"op_code": 6, "worker_id": "ff66b2da-3c4f-4caf-8d0e-c4a2ab3ce62a-139774582511424", "trial_id": 32, "state": 1, "values": [0.4446561077635221], "datetime_complete": "2024-08-21T20:11:38.823437"}
{"op_code": 4, "worker_id": "ff66b2da-3c4f-4caf-8d0e-c4a2ab3ce62a-139774582511424", "study_id": 0, "datetime_start": "2024-08-21T20:11:38.832630"}
{"op_code": 5, "worker_id": "ff66b2da-3c4f-4caf-8d0e-c4a2ab3ce62a-139774582511424", "trial_id": 33, "param_name": "lr", "param_value_internal": 7.223030505568868e-05, "distribution": "{\"name\": \"FloatDistribution\", \"attributes\": {\"step\": null, \"low\": 1e-05, \"high\": 0.001, \"log\": true}}"}
{"op_code": 5, "worker_id": "ff66b2da-3c4f-4caf-8d0e-c4a2ab3ce62a-139774582511424", "trial_id": 33, "param_name": "l2reg", "param_value_internal": 1.0180427729295185e-05, "distribution": "{\"name\": \"FloatDistribution\", \"attributes\": {\"step\": null, \"low\": 1e-08, \"high\": 0.001, \"log\": true}}"}
{"op_code": 5, "worker_id": "ff66b2da-3c4f-4caf-8d0e-c4a2ab3ce62a-139774582511424", "trial_id": 33, "param_name": "random_seed", "param_value_internal": 0, "distribution": "{\"name\": \"CategoricalDistribution\", \"attributes\": {\"choices\": [42]}}"}
{"op_code": 5, "worker_id": "ff66b2da-3c4f-4caf-8d0e-c4a2ab3ce62a-139774582511424", "trial_id": 33, "param_name": "degree", "param_value_internal": 0, "distribution": "{\"name\": \"CategoricalDistribution\", \"attributes\": {\"choices\": [0]}}"}
{"op_code": 8, "worker_id": "ff66b2da-3c4f-4caf-8d0e-c4a2ab3ce62a-139774582511424", "trial_id": 33, "user_attr": {"best_epoch": 2}}
{"op_code": 8, "worker_id": "ff66b2da-3c4f-4caf-8d0e-c4a2ab3ce62a-139774582511424", "trial_id": 33, "user_attr": {"test_loss": 0.4452966161592951}}
{"op_code": 6, "worker_id": "ff66b2da-3c4f-4caf-8d0e-c4a2ab3ce62a-139774582511424", "trial_id": 33, "state": 1, "values": [0.44520445694960786], "datetime_complete": "2024-08-21T20:34:30.673789"}
{"op_code": 4, "worker_id": "ff66b2da-3c4f-4caf-8d0e-c4a2ab3ce62a-139774582511424", "study_id": 0, "datetime_start": "2024-08-21T20:34:30.682783"}
{"op_code": 5, "worker_id": "ff66b2da-3c4f-4caf-8d0e-c4a2ab3ce62a-139774582511424", "trial_id": 34, "param_name": "lr", "param_value_internal": 0.00015137131513550693, "distribution": "{\"name\": \"FloatDistribution\", \"attributes\": {\"step\": null, \"low\": 1e-05, \"high\": 0.001, \"log\": true}}"}
{"op_code": 5, "worker_id": "ff66b2da-3c4f-4caf-8d0e-c4a2ab3ce62a-139774582511424", "trial_id": 34, "param_name": "l2reg", "param_value_internal": 0.0003579758000321653, "distribution": "{\"name\": \"FloatDistribution\", \"attributes\": {\"step\": null, \"low\": 1e-08, \"high\": 0.001, \"log\": true}}"}
{"op_code": 5, "worker_id": "ff66b2da-3c4f-4caf-8d0e-c4a2ab3ce62a-139774582511424", "trial_id": 34, "param_name": "random_seed", "param_value_internal": 0, "distribution": "{\"name\": \"CategoricalDistribution\", \"attributes\": {\"choices\": [42]}}"}
{"op_code": 5, "worker_id": "ff66b2da-3c4f-4caf-8d0e-c4a2ab3ce62a-139774582511424", "trial_id": 34, "param_name": "degree", "param_value_internal": 0, "distribution": "{\"name\": \"CategoricalDistribution\", \"attributes\": {\"choices\": [0]}}"}
{"op_code": 8, "worker_id": "ff66b2da-3c4f-4caf-8d0e-c4a2ab3ce62a-139774582511424", "trial_id": 34, "user_attr": {"best_epoch": 1}}
{"op_code": 8, "worker_id": "ff66b2da-3c4f-4caf-8d0e-c4a2ab3ce62a-139774582511424", "trial_id": 34, "user_attr": {"test_loss": 0.44476073763992685}}
{"op_code": 6, "worker_id": "ff66b2da-3c4f-4caf-8d0e-c4a2ab3ce62a-139774582511424", "trial_id": 34, "state": 1, "values": [0.44461335092471843], "datetime_complete": "2024-08-21T20:53:40.051211"}
{"op_code": 4, "worker_id": "ff66b2da-3c4f-4caf-8d0e-c4a2ab3ce62a-139774582511424", "study_id": 0, "datetime_start": "2024-08-21T20:53:40.060354"}
{"op_code": 5, "worker_id": "ff66b2da-3c4f-4caf-8d0e-c4a2ab3ce62a-139774582511424", "trial_id": 35, "param_name": "lr", "param_value_internal": 0.0002491283690593467, "distribution": "{\"name\": \"FloatDistribution\", \"attributes\": {\"step\": null, \"low\": 1e-05, \"high\": 0.001, \"log\": true}}"}
{"op_code": 5, "worker_id": "ff66b2da-3c4f-4caf-8d0e-c4a2ab3ce62a-139774582511424", "trial_id": 35, "param_name": "l2reg", "param_value_internal": 0.00036739460646243143, "distribution": "{\"name\": \"FloatDistribution\", \"attributes\": {\"step\": null, \"low\": 1e-08, \"high\": 0.001, \"log\": true}}"}
{"op_code": 5, "worker_id": "ff66b2da-3c4f-4caf-8d0e-c4a2ab3ce62a-139774582511424", "trial_id": 35, "param_name": "random_seed", "param_value_internal": 0, "distribution": "{\"name\": \"CategoricalDistribution\", \"attributes\": {\"choices\": [42]}}"}
{"op_code": 5, "worker_id": "ff66b2da-3c4f-4caf-8d0e-c4a2ab3ce62a-139774582511424", "trial_id": 35, "param_name": "degree", "param_value_internal": 0, "distribution": "{\"name\": \"CategoricalDistribution\", \"attributes\": {\"choices\": [0]}}"}
{"op_code": 8, "worker_id": "ff66b2da-3c4f-4caf-8d0e-c4a2ab3ce62a-139774582511424", "trial_id": 35, "user_attr": {"best_epoch": 0}}
{"op_code": 8, "worker_id": "ff66b2da-3c4f-4caf-8d0e-c4a2ab3ce62a-139774582511424", "trial_id": 35, "user_attr": {"test_loss": 0.44534075460305067}}
{"op_code": 6, "worker_id": "ff66b2da-3c4f-4caf-8d0e-c4a2ab3ce62a-139774582511424", "trial_id": 35, "state": 1, "values": [0.4452439052235041], "datetime_complete": "2024-08-21T21:08:59.050635"}
{"op_code": 4, "worker_id": "ff66b2da-3c4f-4caf-8d0e-c4a2ab3ce62a-139774582511424", "study_id": 0, "datetime_start": "2024-08-21T21:08:59.059320"}
{"op_code": 5, "worker_id": "ff66b2da-3c4f-4caf-8d0e-c4a2ab3ce62a-139774582511424", "trial_id": 36, "param_name": "lr", "param_value_internal": 0.0001873456956664426, "distribution": "{\"name\": \"FloatDistribution\", \"attributes\": {\"step\": null, \"low\": 1e-05, \"high\": 0.001, \"log\": true}}"}
{"op_code": 5, "worker_id": "ff66b2da-3c4f-4caf-8d0e-c4a2ab3ce62a-139774582511424", "trial_id": 36, "param_name": "l2reg", "param_value_internal": 0.00040198693952127546, "distribution": "{\"name\": \"FloatDistribution\", \"attributes\": {\"step\": null, \"low\": 1e-08, \"high\": 0.001, \"log\": true}}"}
{"op_code": 5, "worker_id": "ff66b2da-3c4f-4caf-8d0e-c4a2ab3ce62a-139774582511424", "trial_id": 36, "param_name": "random_seed", "param_value_internal": 0, "distribution": "{\"name\": \"CategoricalDistribution\", \"attributes\": {\"choices\": [42]}}"}
{"op_code": 5, "worker_id": "ff66b2da-3c4f-4caf-8d0e-c4a2ab3ce62a-139774582511424", "trial_id": 36, "param_name": "degree", "param_value_internal": 0, "distribution": "{\"name\": \"CategoricalDistribution\", \"attributes\": {\"choices\": [0]}}"}
{"op_code": 8, "worker_id": "ff66b2da-3c4f-4caf-8d0e-c4a2ab3ce62a-139774582511424", "trial_id": 36, "user_attr": {"best_epoch": 1}}
{"op_code": 8, "worker_id": "ff66b2da-3c4f-4caf-8d0e-c4a2ab3ce62a-139774582511424", "trial_id": 36, "user_attr": {"test_loss": 0.4451230800867702}}
{"op_code": 6, "worker_id": "ff66b2da-3c4f-4caf-8d0e-c4a2ab3ce62a-139774582511424", "trial_id": 36, "state": 1, "values": [0.44497489344603103], "datetime_complete": "2024-08-21T21:28:01.833148"}
{"op_code": 4, "worker_id": "ff66b2da-3c4f-4caf-8d0e-c4a2ab3ce62a-139774582511424", "study_id": 0, "datetime_start": "2024-08-21T21:28:01.842236"}
{"op_code": 5, "worker_id": "ff66b2da-3c4f-4caf-8d0e-c4a2ab3ce62a-139774582511424", "trial_id": 37, "param_name": "lr", "param_value_internal": 0.00014330568936386567, "distribution": "{\"name\": \"FloatDistribution\", \"attributes\": {\"step\": null, \"low\": 1e-05, \"high\": 0.001, \"log\": true}}"}
{"op_code": 5, "worker_id": "ff66b2da-3c4f-4caf-8d0e-c4a2ab3ce62a-139774582511424", "trial_id": 37, "param_name": "l2reg", "param_value_internal": 0.0001377007473362727, "distribution": "{\"name\": \"FloatDistribution\", \"attributes\": {\"step\": null, \"low\": 1e-08, \"high\": 0.001, \"log\": true}}"}
{"op_code": 5, "worker_id": "ff66b2da-3c4f-4caf-8d0e-c4a2ab3ce62a-139774582511424", "trial_id": 37, "param_name": "random_seed", "param_value_internal": 0, "distribution": "{\"name\": \"CategoricalDistribution\", \"attributes\": {\"choices\": [42]}}"}
{"op_code": 5, "worker_id": "ff66b2da-3c4f-4caf-8d0e-c4a2ab3ce62a-139774582511424", "trial_id": 37, "param_name": "degree", "param_value_internal": 0, "distribution": "{\"name\": \"CategoricalDistribution\", \"attributes\": {\"choices\": [0]}}"}
{"op_code": 8, "worker_id": "ff66b2da-3c4f-4caf-8d0e-c4a2ab3ce62a-139774582511424", "trial_id": 37, "user_attr": {"best_epoch": 1}}
{"op_code": 8, "worker_id": "ff66b2da-3c4f-4caf-8d0e-c4a2ab3ce62a-139774582511424", "trial_id": 37, "user_attr": {"test_loss": 0.44474455839159804}}
{"op_code": 6, "worker_id": "ff66b2da-3c4f-4caf-8d0e-c4a2ab3ce62a-139774582511424", "trial_id": 37, "state": 1, "values": [0.44459695353160583], "datetime_complete": "2024-08-21T21:46:43.849779"}
{"op_code": 4, "worker_id": "ff66b2da-3c4f-4caf-8d0e-c4a2ab3ce62a-139774582511424", "study_id": 0, "datetime_start": "2024-08-21T21:46:43.863780"}
{"op_code": 5, "worker_id": "ff66b2da-3c4f-4caf-8d0e-c4a2ab3ce62a-139774582511424", "trial_id": 38, "param_name": "lr", "param_value_internal": 9.010427948335226e-05, "distribution": "{\"name\": \"FloatDistribution\", \"attributes\": {\"step\": null, \"low\": 1e-05, \"high\": 0.001, \"log\": true}}"}
{"op_code": 5, "worker_id": "ff66b2da-3c4f-4caf-8d0e-c4a2ab3ce62a-139774582511424", "trial_id": 38, "param_name": "l2reg", "param_value_internal": 8.072125404686504e-05, "distribution": "{\"name\": \"FloatDistribution\", \"attributes\": {\"step\": null, \"low\": 1e-08, \"high\": 0.001, \"log\": true}}"}
{"op_code": 5, "worker_id": "ff66b2da-3c4f-4caf-8d0e-c4a2ab3ce62a-139774582511424", "trial_id": 38, "param_name": "random_seed", "param_value_internal": 0, "distribution": "{\"name\": \"CategoricalDistribution\", \"attributes\": {\"choices\": [42]}}"}
{"op_code": 5, "worker_id": "ff66b2da-3c4f-4caf-8d0e-c4a2ab3ce62a-139774582511424", "trial_id": 38, "param_name": "degree", "param_value_internal": 0, "distribution": "{\"name\": \"CategoricalDistribution\", \"attributes\": {\"choices\": [0]}}"}
{"op_code": 8, "worker_id": "ff66b2da-3c4f-4caf-8d0e-c4a2ab3ce62a-139774582511424", "trial_id": 38, "user_attr": {"best_epoch": 2}}
{"op_code": 8, "worker_id": "ff66b2da-3c4f-4caf-8d0e-c4a2ab3ce62a-139774582511424", "trial_id": 38, "user_attr": {"test_loss": 0.445263603221132}}
{"op_code": 6, "worker_id": "ff66b2da-3c4f-4caf-8d0e-c4a2ab3ce62a-139774582511424", "trial_id": 38, "state": 1, "values": [0.4451736618454695], "datetime_complete": "2024-08-21T22:08:46.425587"}
{"op_code": 4, "worker_id": "ff66b2da-3c4f-4caf-8d0e-c4a2ab3ce62a-139774582511424", "study_id": 0, "datetime_start": "2024-08-21T22:08:46.434507"}
{"op_code": 5, "worker_id": "ff66b2da-3c4f-4caf-8d0e-c4a2ab3ce62a-139774582511424", "trial_id": 39, "param_name": "lr", "param_value_internal": 0.00043006293649621997, "distribution": "{\"name\": \"FloatDistribution\", \"attributes\": {\"step\": null, \"low\": 1e-05, \"high\": 0.001, \"log\": true}}"}
{"op_code": 5, "worker_id": "ff66b2da-3c4f-4caf-8d0e-c4a2ab3ce62a-139774582511424", "trial_id": 39, "param_name": "l2reg", "param_value_internal": 2.0258899333118276e-05, "distribution": "{\"name\": \"FloatDistribution\", \"attributes\": {\"step\": null, \"low\": 1e-08, \"high\": 0.001, \"log\": true}}"}
{"op_code": 5, "worker_id": "ff66b2da-3c4f-4caf-8d0e-c4a2ab3ce62a-139774582511424", "trial_id": 39, "param_name": "random_seed", "param_value_internal": 0, "distribution": "{\"name\": \"CategoricalDistribution\", \"attributes\": {\"choices\": [42]}}"}
{"op_code": 5, "worker_id": "ff66b2da-3c4f-4caf-8d0e-c4a2ab3ce62a-139774582511424", "trial_id": 39, "param_name": "degree", "param_value_internal": 0, "distribution": "{\"name\": \"CategoricalDistribution\", \"attributes\": {\"choices\": [0]}}"}
{"op_code": 8, "worker_id": "ff66b2da-3c4f-4caf-8d0e-c4a2ab3ce62a-139774582511424", "trial_id": 39, "user_attr": {"best_epoch": 0}}
{"op_code": 8, "worker_id": "ff66b2da-3c4f-4caf-8d0e-c4a2ab3ce62a-139774582511424", "trial_id": 39, "user_attr": {"test_loss": 0.4450983203831479}}
{"op_code": 6, "worker_id": "ff66b2da-3c4f-4caf-8d0e-c4a2ab3ce62a-139774582511424", "trial_id": 39, "state": 1, "values": [0.44501056050289023], "datetime_complete": "2024-08-21T22:24:03.319935"}
{"op_code": 4, "worker_id": "ff66b2da-3c4f-4caf-8d0e-c4a2ab3ce62a-139774582511424", "study_id": 0, "datetime_start": "2024-08-21T22:24:03.329936"}
{"op_code": 5, "worker_id": "ff66b2da-3c4f-4caf-8d0e-c4a2ab3ce62a-139774582511424", "trial_id": 40, "param_name": "lr", "param_value_internal": 0.0002796283548910128, "distribution": "{\"name\": \"FloatDistribution\", \"attributes\": {\"step\": null, \"low\": 1e-05, \"high\": 0.001, \"log\": true}}"}
{"op_code": 5, "worker_id": "ff66b2da-3c4f-4caf-8d0e-c4a2ab3ce62a-139774582511424", "trial_id": 40, "param_name": "l2reg", "param_value_internal": 0.0001829886055610861, "distribution": "{\"name\": \"FloatDistribution\", \"attributes\": {\"step\": null, \"low\": 1e-08, \"high\": 0.001, \"log\": true}}"}
{"op_code": 5, "worker_id": "ff66b2da-3c4f-4caf-8d0e-c4a2ab3ce62a-139774582511424", "trial_id": 40, "param_name": "random_seed", "param_value_internal": 0, "distribution": "{\"name\": \"CategoricalDistribution\", \"attributes\": {\"choices\": [42]}}"}
{"op_code": 5, "worker_id": "ff66b2da-3c4f-4caf-8d0e-c4a2ab3ce62a-139774582511424", "trial_id": 40, "param_name": "degree", "param_value_internal": 0, "distribution": "{\"name\": \"CategoricalDistribution\", \"attributes\": {\"choices\": [0]}}"}
{"op_code": 8, "worker_id": "ff66b2da-3c4f-4caf-8d0e-c4a2ab3ce62a-139774582511424", "trial_id": 40, "user_attr": {"best_epoch": 0}}
{"op_code": 8, "worker_id": "ff66b2da-3c4f-4caf-8d0e-c4a2ab3ce62a-139774582511424", "trial_id": 40, "user_attr": {"test_loss": 0.44522062822894165}}
{"op_code": 6, "worker_id": "ff66b2da-3c4f-4caf-8d0e-c4a2ab3ce62a-139774582511424", "trial_id": 40, "state": 1, "values": [0.44512821452531254], "datetime_complete": "2024-08-21T22:39:21.688054"}
{"op_code": 4, "worker_id": "ff66b2da-3c4f-4caf-8d0e-c4a2ab3ce62a-139774582511424", "study_id": 0, "datetime_start": "2024-08-21T22:39:21.696812"}
{"op_code": 5, "worker_id": "ff66b2da-3c4f-4caf-8d0e-c4a2ab3ce62a-139774582511424", "trial_id": 41, "param_name": "lr", "param_value_internal": 0.00015205555192908756, "distribution": "{\"name\": \"FloatDistribution\", \"attributes\": {\"step\": null, \"low\": 1e-05, \"high\": 0.001, \"log\": true}}"}
{"op_code": 5, "worker_id": "ff66b2da-3c4f-4caf-8d0e-c4a2ab3ce62a-139774582511424", "trial_id": 41, "param_name": "l2reg", "param_value_internal": 0.0005914998961135902, "distribution": "{\"name\": \"FloatDistribution\", \"attributes\": {\"step\": null, \"low\": 1e-08, \"high\": 0.001, \"log\": true}}"}
{"op_code": 5, "worker_id": "ff66b2da-3c4f-4caf-8d0e-c4a2ab3ce62a-139774582511424", "trial_id": 41, "param_name": "random_seed", "param_value_internal": 0, "distribution": "{\"name\": \"CategoricalDistribution\", \"attributes\": {\"choices\": [42]}}"}
{"op_code": 5, "worker_id": "ff66b2da-3c4f-4caf-8d0e-c4a2ab3ce62a-139774582511424", "trial_id": 41, "param_name": "degree", "param_value_internal": 0, "distribution": "{\"name\": \"CategoricalDistribution\", \"attributes\": {\"choices\": [0]}}"}
{"op_code": 8, "worker_id": "ff66b2da-3c4f-4caf-8d0e-c4a2ab3ce62a-139774582511424", "trial_id": 41, "user_attr": {"best_epoch": 1}}
{"op_code": 8, "worker_id": "ff66b2da-3c4f-4caf-8d0e-c4a2ab3ce62a-139774582511424", "trial_id": 41, "user_attr": {"test_loss": 0.4447582653053508}}
{"op_code": 6, "worker_id": "ff66b2da-3c4f-4caf-8d0e-c4a2ab3ce62a-139774582511424", "trial_id": 41, "state": 1, "values": [0.4446108422326458], "datetime_complete": "2024-08-21T22:59:00.379956"}
{"op_code": 4, "worker_id": "ff66b2da-3c4f-4caf-8d0e-c4a2ab3ce62a-139774582511424", "study_id": 0, "datetime_start": "2024-08-21T22:59:00.393454"}
{"op_code": 5, "worker_id": "ff66b2da-3c4f-4caf-8d0e-c4a2ab3ce62a-139774582511424", "trial_id": 42, "param_name": "lr", "param_value_internal": 0.0001701802921761822, "distribution": "{\"name\": \"FloatDistribution\", \"attributes\": {\"step\": null, \"low\": 1e-05, \"high\": 0.001, \"log\": true}}"}
{"op_code": 5, "worker_id": "ff66b2da-3c4f-4caf-8d0e-c4a2ab3ce62a-139774582511424", "trial_id": 42, "param_name": "l2reg", "param_value_internal": 0.0006260733115023473, "distribution": "{\"name\": \"FloatDistribution\", \"attributes\": {\"step\": null, \"low\": 1e-08, \"high\": 0.001, \"log\": true}}"}
{"op_code": 5, "worker_id": "ff66b2da-3c4f-4caf-8d0e-c4a2ab3ce62a-139774582511424", "trial_id": 42, "param_name": "random_seed", "param_value_internal": 0, "distribution": "{\"name\": \"CategoricalDistribution\", \"attributes\": {\"choices\": [42]}}"}
{"op_code": 5, "worker_id": "ff66b2da-3c4f-4caf-8d0e-c4a2ab3ce62a-139774582511424", "trial_id": 42, "param_name": "degree", "param_value_internal": 0, "distribution": "{\"name\": \"CategoricalDistribution\", \"attributes\": {\"choices\": [0]}}"}
{"op_code": 8, "worker_id": "ff66b2da-3c4f-4caf-8d0e-c4a2ab3ce62a-139774582511424", "trial_id": 42, "user_attr": {"best_epoch": 1}}
{"op_code": 8, "worker_id": "ff66b2da-3c4f-4caf-8d0e-c4a2ab3ce62a-139774582511424", "trial_id": 42, "user_attr": {"test_loss": 0.444911150112593}}
{"op_code": 6, "worker_id": "ff66b2da-3c4f-4caf-8d0e-c4a2ab3ce62a-139774582511424", "trial_id": 42, "state": 1, "values": [0.44476310893409965], "datetime_complete": "2024-08-21T23:17:44.861270"}
{"op_code": 4, "worker_id": "ff66b2da-3c4f-4caf-8d0e-c4a2ab3ce62a-139774582511424", "study_id": 0, "datetime_start": "2024-08-21T23:17:44.869958"}
{"op_code": 5, "worker_id": "ff66b2da-3c4f-4caf-8d0e-c4a2ab3ce62a-139774582511424", "trial_id": 43, "param_name": "lr", "param_value_internal": 0.00014839838416327, "distribution": "{\"name\": \"FloatDistribution\", \"attributes\": {\"step\": null, \"low\": 1e-05, \"high\": 0.001, \"log\": true}}"}
{"op_code": 5, "worker_id": "ff66b2da-3c4f-4caf-8d0e-c4a2ab3ce62a-139774582511424", "trial_id": 43, "param_name": "l2reg", "param_value_internal": 5.7785652214647216e-05, "distribution": "{\"name\": \"FloatDistribution\", \"attributes\": {\"step\": null, \"low\": 1e-08, \"high\": 0.001, \"log\": true}}"}
{"op_code": 5, "worker_id": "ff66b2da-3c4f-4caf-8d0e-c4a2ab3ce62a-139774582511424", "trial_id": 43, "param_name": "random_seed", "param_value_internal": 0, "distribution": "{\"name\": \"CategoricalDistribution\", \"attributes\": {\"choices\": [42]}}"}
{"op_code": 5, "worker_id": "ff66b2da-3c4f-4caf-8d0e-c4a2ab3ce62a-139774582511424", "trial_id": 43, "param_name": "degree", "param_value_internal": 0, "distribution": "{\"name\": \"CategoricalDistribution\", \"attributes\": {\"choices\": [0]}}"}
{"op_code": 8, "worker_id": "ff66b2da-3c4f-4caf-8d0e-c4a2ab3ce62a-139774582511424", "trial_id": 43, "user_attr": {"best_epoch": 1}}
{"op_code": 8, "worker_id": "ff66b2da-3c4f-4caf-8d0e-c4a2ab3ce62a-139774582511424", "trial_id": 43, "user_attr": {"test_loss": 0.4447639007738698}}
{"op_code": 6, "worker_id": "ff66b2da-3c4f-4caf-8d0e-c4a2ab3ce62a-139774582511424", "trial_id": 43, "state": 1, "values": [0.44461636862677684], "datetime_complete": "2024-08-21T23:36:29.665276"}
{"op_code": 4, "worker_id": "ff66b2da-3c4f-4caf-8d0e-c4a2ab3ce62a-139774582511424", "study_id": 0, "datetime_start": "2024-08-21T23:36:29.677499"}
{"op_code": 5, "worker_id": "ff66b2da-3c4f-4caf-8d0e-c4a2ab3ce62a-139774582511424", "trial_id": 44, "param_name": "lr", "param_value_internal": 8.444254911564517e-05, "distribution": "{\"name\": \"FloatDistribution\", \"attributes\": {\"step\": null, \"low\": 1e-05, \"high\": 0.001, \"log\": true}}"}
{"op_code": 5, "worker_id": "ff66b2da-3c4f-4caf-8d0e-c4a2ab3ce62a-139774582511424", "trial_id": 44, "param_name": "l2reg", "param_value_internal": 0.00011748124164727586, "distribution": "{\"name\": \"FloatDistribution\", \"attributes\": {\"step\": null, \"low\": 1e-08, \"high\": 0.001, \"log\": true}}"}
{"op_code": 5, "worker_id": "ff66b2da-3c4f-4caf-8d0e-c4a2ab3ce62a-139774582511424", "trial_id": 44, "param_name": "random_seed", "param_value_internal": 0, "distribution": "{\"name\": \"CategoricalDistribution\", \"attributes\": {\"choices\": [42]}}"}
{"op_code": 5, "worker_id": "ff66b2da-3c4f-4caf-8d0e-c4a2ab3ce62a-139774582511424", "trial_id": 44, "param_name": "degree", "param_value_internal": 0, "distribution": "{\"name\": \"CategoricalDistribution\", \"attributes\": {\"choices\": [0]}}"}
{"op_code": 8, "worker_id": "ff66b2da-3c4f-4caf-8d0e-c4a2ab3ce62a-139774582511424", "trial_id": 44, "user_attr": {"best_epoch": 2}}
{"op_code": 8, "worker_id": "ff66b2da-3c4f-4caf-8d0e-c4a2ab3ce62a-139774582511424", "trial_id": 44, "user_attr": {"test_loss": 0.44520401268627585}}
{"op_code": 6, "worker_id": "ff66b2da-3c4f-4caf-8d0e-c4a2ab3ce62a-139774582511424", "trial_id": 44, "state": 1, "values": [0.4451129442257398], "datetime_complete": "2024-08-21T23:58:42.634561"}
{"op_code": 4, "worker_id": "ff66b2da-3c4f-4caf-8d0e-c4a2ab3ce62a-139774582511424", "study_id": 0, "datetime_start": "2024-08-21T23:58:42.645561"}
{"op_code": 5, "worker_id": "ff66b2da-3c4f-4caf-8d0e-c4a2ab3ce62a-139774582511424", "trial_id": 45, "param_name": "lr", "param_value_internal": 5.6773315178999185e-05, "distribution": "{\"name\": \"FloatDistribution\", \"attributes\": {\"step\": null, \"low\": 1e-05, \"high\": 0.001, \"log\": true}}"}
{"op_code": 5, "worker_id": "ff66b2da-3c4f-4caf-8d0e-c4a2ab3ce62a-139774582511424", "trial_id": 45, "param_name": "l2reg", "param_value_internal": 2.7703384182939614e-05, "distribution": "{\"name\": \"FloatDistribution\", \"attributes\": {\"step\": null, \"low\": 1e-08, \"high\": 0.001, \"log\": true}}"}
{"op_code": 5, "worker_id": "ff66b2da-3c4f-4caf-8d0e-c4a2ab3ce62a-139774582511424", "trial_id": 45, "param_name": "random_seed", "param_value_internal": 0, "distribution": "{\"name\": \"CategoricalDistribution\", \"attributes\": {\"choices\": [42]}}"}
{"op_code": 5, "worker_id": "ff66b2da-3c4f-4caf-8d0e-c4a2ab3ce62a-139774582511424", "trial_id": 45, "param_name": "degree", "param_value_internal": 0, "distribution": "{\"name\": \"CategoricalDistribution\", \"attributes\": {\"choices\": [0]}}"}
{"op_code": 8, "worker_id": "ff66b2da-3c4f-4caf-8d0e-c4a2ab3ce62a-139774582511424", "trial_id": 45, "user_attr": {"best_epoch": 3}}
{"op_code": 8, "worker_id": "ff66b2da-3c4f-4caf-8d0e-c4a2ab3ce62a-139774582511424", "trial_id": 45, "user_attr": {"test_loss": 0.4453305016861322}}
{"op_code": 6, "worker_id": "ff66b2da-3c4f-4caf-8d0e-c4a2ab3ce62a-139774582511424", "trial_id": 45, "state": 1, "values": [0.445196676368397], "datetime_complete": "2024-08-22T00:24:21.722473"}
{"op_code": 4, "worker_id": "ff66b2da-3c4f-4caf-8d0e-c4a2ab3ce62a-139774582511424", "study_id": 0, "datetime_start": "2024-08-22T00:24:21.733814"}
{"op_code": 5, "worker_id": "ff66b2da-3c4f-4caf-8d0e-c4a2ab3ce62a-139774582511424", "trial_id": 46, "param_name": "lr", "param_value_internal": 0.0001336943917629681, "distribution": "{\"name\": \"FloatDistribution\", \"attributes\": {\"step\": null, \"low\": 1e-05, \"high\": 0.001, \"log\": true}}"}
{"op_code": 5, "worker_id": "ff66b2da-3c4f-4caf-8d0e-c4a2ab3ce62a-139774582511424", "trial_id": 46, "param_name": "l2reg", "param_value_internal": 0.00020082167153603883, "distribution": "{\"name\": \"FloatDistribution\", \"attributes\": {\"step\": null, \"low\": 1e-08, \"high\": 0.001, \"log\": true}}"}
{"op_code": 5, "worker_id": "ff66b2da-3c4f-4caf-8d0e-c4a2ab3ce62a-139774582511424", "trial_id": 46, "param_name": "random_seed", "param_value_internal": 0, "distribution": "{\"name\": \"CategoricalDistribution\", \"attributes\": {\"choices\": [42]}}"}
{"op_code": 5, "worker_id": "ff66b2da-3c4f-4caf-8d0e-c4a2ab3ce62a-139774582511424", "trial_id": 46, "param_name": "degree", "param_value_internal": 0, "distribution": "{\"name\": \"CategoricalDistribution\", \"attributes\": {\"choices\": [0]}}"}
{"op_code": 8, "worker_id": "ff66b2da-3c4f-4caf-8d0e-c4a2ab3ce62a-139774582511424", "trial_id": 46, "user_attr": {"best_epoch": 1}}
{"op_code": 8, "worker_id": "ff66b2da-3c4f-4caf-8d0e-c4a2ab3ce62a-139774582511424", "trial_id": 46, "user_attr": {"test_loss": 0.44473895928094037}}
{"op_code": 6, "worker_id": "ff66b2da-3c4f-4caf-8d0e-c4a2ab3ce62a-139774582511424", "trial_id": 46, "state": 1, "values": [0.4445934995352739], "datetime_complete": "2024-08-22T00:43:07.900888"}
{"op_code": 4, "worker_id": "ff66b2da-3c4f-4caf-8d0e-c4a2ab3ce62a-139774582511424", "study_id": 0, "datetime_start": "2024-08-22T00:43:07.910139"}
{"op_code": 5, "worker_id": "ff66b2da-3c4f-4caf-8d0e-c4a2ab3ce62a-139774582511424", "trial_id": 47, "param_name": "lr", "param_value_internal": 0.00011535218327552437, "distribution": "{\"name\": \"FloatDistribution\", \"attributes\": {\"step\": null, \"low\": 1e-05, \"high\": 0.001, \"log\": true}}"}
{"op_code": 5, "worker_id": "ff66b2da-3c4f-4caf-8d0e-c4a2ab3ce62a-139774582511424", "trial_id": 47, "param_name": "l2reg", "param_value_internal": 9.866711044131238e-06, "distribution": "{\"name\": \"FloatDistribution\", \"attributes\": {\"step\": null, \"low\": 1e-08, \"high\": 0.001, \"log\": true}}"}
{"op_code": 5, "worker_id": "ff66b2da-3c4f-4caf-8d0e-c4a2ab3ce62a-139774582511424", "trial_id": 47, "param_name": "random_seed", "param_value_internal": 0, "distribution": "{\"name\": \"CategoricalDistribution\", \"attributes\": {\"choices\": [42]}}"}
{"op_code": 5, "worker_id": "ff66b2da-3c4f-4caf-8d0e-c4a2ab3ce62a-139774582511424", "trial_id": 47, "param_name": "degree", "param_value_internal": 0, "distribution": "{\"name\": \"CategoricalDistribution\", \"attributes\": {\"choices\": [0]}}"}
{"op_code": 8, "worker_id": "ff66b2da-3c4f-4caf-8d0e-c4a2ab3ce62a-139774582511424", "trial_id": 47, "user_attr": {"best_epoch": 1}}
{"op_code": 8, "worker_id": "ff66b2da-3c4f-4caf-8d0e-c4a2ab3ce62a-139774582511424", "trial_id": 47, "user_attr": {"test_loss": 0.44488130030837286}}
{"op_code": 6, "worker_id": "ff66b2da-3c4f-4caf-8d0e-c4a2ab3ce62a-139774582511424", "trial_id": 47, "state": 1, "values": [0.4447408942840069], "datetime_complete": "2024-08-22T01:02:06.582283"}
{"op_code": 4, "worker_id": "ff66b2da-3c4f-4caf-8d0e-c4a2ab3ce62a-139774582511424", "study_id": 0, "datetime_start": "2024-08-22T01:02:06.591335"}
{"op_code": 5, "worker_id": "ff66b2da-3c4f-4caf-8d0e-c4a2ab3ce62a-139774582511424", "trial_id": 48, "param_name": "lr", "param_value_internal": 3.086747235670686e-05, "distribution": "{\"name\": \"FloatDistribution\", \"attributes\": {\"step\": null, \"low\": 1e-05, \"high\": 0.001, \"log\": true}}"}
{"op_code": 5, "worker_id": "ff66b2da-3c4f-4caf-8d0e-c4a2ab3ce62a-139774582511424", "trial_id": 48, "param_name": "l2reg", "param_value_internal": 0.0002500449619849969, "distribution": "{\"name\": \"FloatDistribution\", \"attributes\": {\"step\": null, \"low\": 1e-08, \"high\": 0.001, \"log\": true}}"}
{"op_code": 5, "worker_id": "ff66b2da-3c4f-4caf-8d0e-c4a2ab3ce62a-139774582511424", "trial_id": 48, "param_name": "random_seed", "param_value_internal": 0, "distribution": "{\"name\": \"CategoricalDistribution\", \"attributes\": {\"choices\": [42]}}"}
{"op_code": 5, "worker_id": "ff66b2da-3c4f-4caf-8d0e-c4a2ab3ce62a-139774582511424", "trial_id": 48, "param_name": "degree", "param_value_internal": 0, "distribution": "{\"name\": \"CategoricalDistribution\", \"attributes\": {\"choices\": [0]}}"}
{"op_code": 8, "worker_id": "ff66b2da-3c4f-4caf-8d0e-c4a2ab3ce62a-139774582511424", "trial_id": 48, "user_attr": {"best_epoch": 6}}
{"op_code": 8, "worker_id": "ff66b2da-3c4f-4caf-8d0e-c4a2ab3ce62a-139774582511424", "trial_id": 48, "user_attr": {"test_loss": 0.4458051535668807}}
{"op_code": 6, "worker_id": "ff66b2da-3c4f-4caf-8d0e-c4a2ab3ce62a-139774582511424", "trial_id": 48, "state": 1, "values": [0.4456859076804226], "datetime_complete": "2024-08-22T01:38:14.076620"}
{"op_code": 4, "worker_id": "ff66b2da-3c4f-4caf-8d0e-c4a2ab3ce62a-139774582511424", "study_id": 0, "datetime_start": "2024-08-22T01:38:14.088357"}
{"op_code": 5, "worker_id": "ff66b2da-3c4f-4caf-8d0e-c4a2ab3ce62a-139774582511424", "trial_id": 49, "param_name": "lr", "param_value_internal": 0.0002021945003124077, "distribution": "{\"name\": \"FloatDistribution\", \"attributes\": {\"step\": null, \"low\": 1e-05, \"high\": 0.001, \"log\": true}}"}
{"op_code": 5, "worker_id": "ff66b2da-3c4f-4caf-8d0e-c4a2ab3ce62a-139774582511424", "trial_id": 49, "param_name": "l2reg", "param_value_internal": 3.2814138799037145e-05, "distribution": "{\"name\": \"FloatDistribution\", \"attributes\": {\"step\": null, \"low\": 1e-08, \"high\": 0.001, \"log\": true}}"}
{"op_code": 5, "worker_id": "ff66b2da-3c4f-4caf-8d0e-c4a2ab3ce62a-139774582511424", "trial_id": 49, "param_name": "random_seed", "param_value_internal": 0, "distribution": "{\"name\": \"CategoricalDistribution\", \"attributes\": {\"choices\": [42]}}"}
{"op_code": 5, "worker_id": "ff66b2da-3c4f-4caf-8d0e-c4a2ab3ce62a-139774582511424", "trial_id": 49, "param_name": "degree", "param_value_internal": 0, "distribution": "{\"name\": \"CategoricalDistribution\", \"attributes\": {\"choices\": [0]}}"}
{"op_code": 8, "worker_id": "ff66b2da-3c4f-4caf-8d0e-c4a2ab3ce62a-139774582511424", "trial_id": 49, "user_attr": {"best_epoch": 1}}
{"op_code": 8, "worker_id": "ff66b2da-3c4f-4caf-8d0e-c4a2ab3ce62a-139774582511424", "trial_id": 49, "user_attr": {"test_loss": 0.44535278905517844}}
{"op_code": 6, "worker_id": "ff66b2da-3c4f-4caf-8d0e-c4a2ab3ce62a-139774582511424", "trial_id": 49, "state": 1, "values": [0.4452053295381549], "datetime_complete": "2024-08-22T01:56:59.696498"}
