{"op_code": 0, "worker_id": "93e52212-77a2-477a-8d15-28cac106a682-140527338727232", "study_name": "criteo_splines_3_16", "directions": [1]}
{"op_code": 4, "worker_id": "93e52212-77a2-477a-8d15-28cac106a682-140527338727232", "study_id": 0, "datetime_start": "2024-08-26T07:51:03.468171"}
{"op_code": 5, "worker_id": "93e52212-77a2-477a-8d15-28cac106a682-140527338727232", "trial_id": 0, "param_name": "lr", "param_value_internal": 5.6115164153345e-05, "distribution": "{\"name\": \"FloatDistribution\", \"attributes\": {\"step\": null, \"low\": 1e-05, \"high\": 0.001, \"log\": true}}"}
{"op_code": 5, "worker_id": "93e52212-77a2-477a-8d15-28cac106a682-140527338727232", "trial_id": 0, "param_name": "l2reg", "param_value_internal": 0.0005669849511478851, "distribution": "{\"name\": \"FloatDistribution\", \"attributes\": {\"step\": null, \"low\": 1e-08, \"high\": 0.001, \"log\": true}}"}
{"op_code": 5, "worker_id": "93e52212-77a2-477a-8d15-28cac106a682-140527338727232", "trial_id": 0, "param_name": "random_seed", "param_value_internal": 0, "distribution": "{\"name\": \"CategoricalDistribution\", \"attributes\": {\"choices\": [42]}}"}
{"op_code": 5, "worker_id": "93e52212-77a2-477a-8d15-28cac106a682-140527338727232", "trial_id": 0, "param_name": "degree", "param_value_internal": 0, "distribution": "{\"name\": \"CategoricalDistribution\", \"attributes\": {\"choices\": [3]}}"}
{"op_code": 8, "worker_id": "93e52212-77a2-477a-8d15-28cac106a682-140527338727232", "trial_id": 0, "user_attr": {"best_epoch": 9}}
{"op_code": 8, "worker_id": "93e52212-77a2-477a-8d15-28cac106a682-140527338727232", "trial_id": 0, "user_attr": {"test_loss": 0.4621920362333668}}
{"op_code": 6, "worker_id": "93e52212-77a2-477a-8d15-28cac106a682-140527338727232", "trial_id": 0, "state": 1, "values": [0.4613158264438832], "datetime_complete": "2024-08-26T07:59:54.980126"}
{"op_code": 4, "worker_id": "93e52212-77a2-477a-8d15-28cac106a682-140527338727232", "study_id": 0, "datetime_start": "2024-08-26T07:59:54.992820"}
{"op_code": 5, "worker_id": "93e52212-77a2-477a-8d15-28cac106a682-140527338727232", "trial_id": 1, "param_name": "lr", "param_value_internal": 0.000291063591313307, "distribution": "{\"name\": \"FloatDistribution\", \"attributes\": {\"step\": null, \"low\": 1e-05, \"high\": 0.001, \"log\": true}}"}
{"op_code": 5, "worker_id": "93e52212-77a2-477a-8d15-28cac106a682-140527338727232", "trial_id": 1, "param_name": "l2reg", "param_value_internal": 9.846738873614555e-06, "distribution": "{\"name\": \"FloatDistribution\", \"attributes\": {\"step\": null, \"low\": 1e-08, \"high\": 0.001, \"log\": true}}"}
{"op_code": 5, "worker_id": "93e52212-77a2-477a-8d15-28cac106a682-140527338727232", "trial_id": 1, "param_name": "random_seed", "param_value_internal": 0, "distribution": "{\"name\": \"CategoricalDistribution\", \"attributes\": {\"choices\": [42]}}"}
{"op_code": 5, "worker_id": "93e52212-77a2-477a-8d15-28cac106a682-140527338727232", "trial_id": 1, "param_name": "degree", "param_value_internal": 0, "distribution": "{\"name\": \"CategoricalDistribution\", \"attributes\": {\"choices\": [3]}}"}
{"op_code": 8, "worker_id": "93e52212-77a2-477a-8d15-28cac106a682-140527338727232", "trial_id": 1, "user_attr": {"best_epoch": 1}}
{"op_code": 8, "worker_id": "93e52212-77a2-477a-8d15-28cac106a682-140527338727232", "trial_id": 1, "user_attr": {"test_loss": 0.4586019506280674}}
{"op_code": 6, "worker_id": "93e52212-77a2-477a-8d15-28cac106a682-140527338727232", "trial_id": 1, "state": 1, "values": [0.4575665097897891], "datetime_complete": "2024-08-26T08:04:44.583503"}
{"op_code": 4, "worker_id": "93e52212-77a2-477a-8d15-28cac106a682-140527338727232", "study_id": 0, "datetime_start": "2024-08-26T08:04:44.592546"}
{"op_code": 5, "worker_id": "93e52212-77a2-477a-8d15-28cac106a682-140527338727232", "trial_id": 2, "param_name": "lr", "param_value_internal": 2.0513382630874486e-05, "distribution": "{\"name\": \"FloatDistribution\", \"attributes\": {\"step\": null, \"low\": 1e-05, \"high\": 0.001, \"log\": true}}"}
{"op_code": 5, "worker_id": "93e52212-77a2-477a-8d15-28cac106a682-140527338727232", "trial_id": 2, "param_name": "l2reg", "param_value_internal": 6.02521573620385e-08, "distribution": "{\"name\": \"FloatDistribution\", \"attributes\": {\"step\": null, \"low\": 1e-08, \"high\": 0.001, \"log\": true}}"}
{"op_code": 5, "worker_id": "93e52212-77a2-477a-8d15-28cac106a682-140527338727232", "trial_id": 2, "param_name": "random_seed", "param_value_internal": 0, "distribution": "{\"name\": \"CategoricalDistribution\", \"attributes\": {\"choices\": [42]}}"}
{"op_code": 5, "worker_id": "93e52212-77a2-477a-8d15-28cac106a682-140527338727232", "trial_id": 2, "param_name": "degree", "param_value_internal": 0, "distribution": "{\"name\": \"CategoricalDistribution\", \"attributes\": {\"choices\": [3]}}"}
{"op_code": 8, "worker_id": "93e52212-77a2-477a-8d15-28cac106a682-140527338727232", "trial_id": 2, "user_attr": {"best_epoch": 9}}
{"op_code": 8, "worker_id": "93e52212-77a2-477a-8d15-28cac106a682-140527338727232", "trial_id": 2, "user_attr": {"test_loss": 0.46309397647763056}}
{"op_code": 6, "worker_id": "93e52212-77a2-477a-8d15-28cac106a682-140527338727232", "trial_id": 2, "state": 1, "values": [0.4623871906619064], "datetime_complete": "2024-08-26T08:13:41.709211"}
{"op_code": 4, "worker_id": "93e52212-77a2-477a-8d15-28cac106a682-140527338727232", "study_id": 0, "datetime_start": "2024-08-26T08:13:41.718750"}
{"op_code": 5, "worker_id": "93e52212-77a2-477a-8d15-28cac106a682-140527338727232", "trial_id": 3, "param_name": "lr", "param_value_internal": 1.3066739238053272e-05, "distribution": "{\"name\": \"FloatDistribution\", \"attributes\": {\"step\": null, \"low\": 1e-05, \"high\": 0.001, \"log\": true}}"}
{"op_code": 5, "worker_id": "93e52212-77a2-477a-8d15-28cac106a682-140527338727232", "trial_id": 3, "param_name": "l2reg", "param_value_internal": 0.00021423021757741048, "distribution": "{\"name\": \"FloatDistribution\", \"attributes\": {\"step\": null, \"low\": 1e-08, \"high\": 0.001, \"log\": true}}"}
{"op_code": 5, "worker_id": "93e52212-77a2-477a-8d15-28cac106a682-140527338727232", "trial_id": 3, "param_name": "random_seed", "param_value_internal": 0, "distribution": "{\"name\": \"CategoricalDistribution\", \"attributes\": {\"choices\": [42]}}"}
{"op_code": 5, "worker_id": "93e52212-77a2-477a-8d15-28cac106a682-140527338727232", "trial_id": 3, "param_name": "degree", "param_value_internal": 0, "distribution": "{\"name\": \"CategoricalDistribution\", \"attributes\": {\"choices\": [3]}}"}
{"op_code": 8, "worker_id": "93e52212-77a2-477a-8d15-28cac106a682-140527338727232", "trial_id": 3, "user_attr": {"best_epoch": 9}}
{"op_code": 8, "worker_id": "93e52212-77a2-477a-8d15-28cac106a682-140527338727232", "trial_id": 3, "user_attr": {"test_loss": 0.4634755430882043}}
{"op_code": 6, "worker_id": "93e52212-77a2-477a-8d15-28cac106a682-140527338727232", "trial_id": 3, "state": 1, "values": [0.4627844856810401], "datetime_complete": "2024-08-26T08:22:44.617493"}
{"op_code": 4, "worker_id": "93e52212-77a2-477a-8d15-28cac106a682-140527338727232", "study_id": 0, "datetime_start": "2024-08-26T08:22:44.626168"}
{"op_code": 5, "worker_id": "93e52212-77a2-477a-8d15-28cac106a682-140527338727232", "trial_id": 4, "param_name": "lr", "param_value_internal": 0.00015930522616241006, "distribution": "{\"name\": \"FloatDistribution\", \"attributes\": {\"step\": null, \"low\": 1e-05, \"high\": 0.001, \"log\": true}}"}
{"op_code": 5, "worker_id": "93e52212-77a2-477a-8d15-28cac106a682-140527338727232", "trial_id": 4, "param_name": "l2reg", "param_value_internal": 3.47026698865041e-05, "distribution": "{\"name\": \"FloatDistribution\", \"attributes\": {\"step\": null, \"low\": 1e-08, \"high\": 0.001, \"log\": true}}"}
{"op_code": 5, "worker_id": "93e52212-77a2-477a-8d15-28cac106a682-140527338727232", "trial_id": 4, "param_name": "random_seed", "param_value_internal": 0, "distribution": "{\"name\": \"CategoricalDistribution\", \"attributes\": {\"choices\": [42]}}"}
{"op_code": 5, "worker_id": "93e52212-77a2-477a-8d15-28cac106a682-140527338727232", "trial_id": 4, "param_name": "degree", "param_value_internal": 0, "distribution": "{\"name\": \"CategoricalDistribution\", \"attributes\": {\"choices\": [3]}}"}
{"op_code": 8, "worker_id": "93e52212-77a2-477a-8d15-28cac106a682-140527338727232", "trial_id": 4, "user_attr": {"best_epoch": 2}}
{"op_code": 8, "worker_id": "93e52212-77a2-477a-8d15-28cac106a682-140527338727232", "trial_id": 4, "user_attr": {"test_loss": 0.45964899689402106}}
{"op_code": 6, "worker_id": "93e52212-77a2-477a-8d15-28cac106a682-140527338727232", "trial_id": 4, "state": 1, "values": [0.4587554553145224], "datetime_complete": "2024-08-26T08:28:23.343517"}
{"op_code": 4, "worker_id": "93e52212-77a2-477a-8d15-28cac106a682-140527338727232", "study_id": 0, "datetime_start": "2024-08-26T08:28:23.353425"}
{"op_code": 5, "worker_id": "93e52212-77a2-477a-8d15-28cac106a682-140527338727232", "trial_id": 5, "param_name": "lr", "param_value_internal": 1.0994335574766187e-05, "distribution": "{\"name\": \"FloatDistribution\", \"attributes\": {\"step\": null, \"low\": 1e-05, \"high\": 0.001, \"log\": true}}"}
{"op_code": 5, "worker_id": "93e52212-77a2-477a-8d15-28cac106a682-140527338727232", "trial_id": 5, "param_name": "l2reg", "param_value_internal": 0.0007072114131472234, "distribution": "{\"name\": \"FloatDistribution\", \"attributes\": {\"step\": null, \"low\": 1e-08, \"high\": 0.001, \"log\": true}}"}
{"op_code": 5, "worker_id": "93e52212-77a2-477a-8d15-28cac106a682-140527338727232", "trial_id": 5, "param_name": "random_seed", "param_value_internal": 0, "distribution": "{\"name\": \"CategoricalDistribution\", \"attributes\": {\"choices\": [42]}}"}
{"op_code": 5, "worker_id": "93e52212-77a2-477a-8d15-28cac106a682-140527338727232", "trial_id": 5, "param_name": "degree", "param_value_internal": 0, "distribution": "{\"name\": \"CategoricalDistribution\", \"attributes\": {\"choices\": [3]}}"}
{"op_code": 8, "worker_id": "93e52212-77a2-477a-8d15-28cac106a682-140527338727232", "trial_id": 5, "user_attr": {"best_epoch": 9}}
{"op_code": 8, "worker_id": "93e52212-77a2-477a-8d15-28cac106a682-140527338727232", "trial_id": 5, "user_attr": {"test_loss": 0.46373800136211074}}
{"op_code": 6, "worker_id": "93e52212-77a2-477a-8d15-28cac106a682-140527338727232", "trial_id": 5, "state": 1, "values": [0.4630437753677852], "datetime_complete": "2024-08-26T08:37:40.750481"}
{"op_code": 4, "worker_id": "93e52212-77a2-477a-8d15-28cac106a682-140527338727232", "study_id": 0, "datetime_start": "2024-08-26T08:37:40.759699"}
{"op_code": 5, "worker_id": "93e52212-77a2-477a-8d15-28cac106a682-140527338727232", "trial_id": 6, "param_name": "lr", "param_value_internal": 0.000462258900102083, "distribution": "{\"name\": \"FloatDistribution\", \"attributes\": {\"step\": null, \"low\": 1e-05, \"high\": 0.001, \"log\": true}}"}
{"op_code": 5, "worker_id": "93e52212-77a2-477a-8d15-28cac106a682-140527338727232", "trial_id": 6, "param_name": "l2reg", "param_value_internal": 1.1526449540315595e-07, "distribution": "{\"name\": \"FloatDistribution\", \"attributes\": {\"step\": null, \"low\": 1e-08, \"high\": 0.001, \"log\": true}}"}
{"op_code": 5, "worker_id": "93e52212-77a2-477a-8d15-28cac106a682-140527338727232", "trial_id": 6, "param_name": "random_seed", "param_value_internal": 0, "distribution": "{\"name\": \"CategoricalDistribution\", \"attributes\": {\"choices\": [42]}}"}
{"op_code": 5, "worker_id": "93e52212-77a2-477a-8d15-28cac106a682-140527338727232", "trial_id": 6, "param_name": "degree", "param_value_internal": 0, "distribution": "{\"name\": \"CategoricalDistribution\", \"attributes\": {\"choices\": [3]}}"}
{"op_code": 8, "worker_id": "93e52212-77a2-477a-8d15-28cac106a682-140527338727232", "trial_id": 6, "user_attr": {"best_epoch": 1}}
{"op_code": 8, "worker_id": "93e52212-77a2-477a-8d15-28cac106a682-140527338727232", "trial_id": 6, "user_attr": {"test_loss": 0.45884257237358483}}
{"op_code": 6, "worker_id": "93e52212-77a2-477a-8d15-28cac106a682-140527338727232", "trial_id": 6, "state": 1, "values": [0.4576061362171803], "datetime_complete": "2024-08-26T08:42:51.726362"}
{"op_code": 4, "worker_id": "93e52212-77a2-477a-8d15-28cac106a682-140527338727232", "study_id": 0, "datetime_start": "2024-08-26T08:42:51.735261"}
{"op_code": 5, "worker_id": "93e52212-77a2-477a-8d15-28cac106a682-140527338727232", "trial_id": 7, "param_name": "lr", "param_value_internal": 2.3102018878452926e-05, "distribution": "{\"name\": \"FloatDistribution\", \"attributes\": {\"step\": null, \"low\": 1e-05, \"high\": 0.001, \"log\": true}}"}
{"op_code": 5, "worker_id": "93e52212-77a2-477a-8d15-28cac106a682-140527338727232", "trial_id": 7, "param_name": "l2reg", "param_value_internal": 8.260808399079588e-08, "distribution": "{\"name\": \"FloatDistribution\", \"attributes\": {\"step\": null, \"low\": 1e-08, \"high\": 0.001, \"log\": true}}"}
{"op_code": 5, "worker_id": "93e52212-77a2-477a-8d15-28cac106a682-140527338727232", "trial_id": 7, "param_name": "random_seed", "param_value_internal": 0, "distribution": "{\"name\": \"CategoricalDistribution\", \"attributes\": {\"choices\": [42]}}"}
{"op_code": 5, "worker_id": "93e52212-77a2-477a-8d15-28cac106a682-140527338727232", "trial_id": 7, "param_name": "degree", "param_value_internal": 0, "distribution": "{\"name\": \"CategoricalDistribution\", \"attributes\": {\"choices\": [3]}}"}
{"op_code": 8, "worker_id": "93e52212-77a2-477a-8d15-28cac106a682-140527338727232", "trial_id": 7, "user_attr": {"best_epoch": 8}}
{"op_code": 8, "worker_id": "93e52212-77a2-477a-8d15-28cac106a682-140527338727232", "trial_id": 7, "user_attr": {"test_loss": 0.46306259601200855}}
{"op_code": 6, "worker_id": "93e52212-77a2-477a-8d15-28cac106a682-140527338727232", "trial_id": 7, "state": 1, "values": [0.462382953153775], "datetime_complete": "2024-08-26T08:51:42.992528"}
{"op_code": 4, "worker_id": "93e52212-77a2-477a-8d15-28cac106a682-140527338727232", "study_id": 0, "datetime_start": "2024-08-26T08:51:43.007298"}
{"op_code": 5, "worker_id": "93e52212-77a2-477a-8d15-28cac106a682-140527338727232", "trial_id": 8, "param_name": "lr", "param_value_internal": 4.059611610484306e-05, "distribution": "{\"name\": \"FloatDistribution\", \"attributes\": {\"step\": null, \"low\": 1e-05, \"high\": 0.001, \"log\": true}}"}
{"op_code": 5, "worker_id": "93e52212-77a2-477a-8d15-28cac106a682-140527338727232", "trial_id": 8, "param_name": "l2reg", "param_value_internal": 4.2051564509138674e-06, "distribution": "{\"name\": \"FloatDistribution\", \"attributes\": {\"step\": null, \"low\": 1e-08, \"high\": 0.001, \"log\": true}}"}
{"op_code": 5, "worker_id": "93e52212-77a2-477a-8d15-28cac106a682-140527338727232", "trial_id": 8, "param_name": "random_seed", "param_value_internal": 0, "distribution": "{\"name\": \"CategoricalDistribution\", \"attributes\": {\"choices\": [42]}}"}
{"op_code": 5, "worker_id": "93e52212-77a2-477a-8d15-28cac106a682-140527338727232", "trial_id": 8, "param_name": "degree", "param_value_internal": 0, "distribution": "{\"name\": \"CategoricalDistribution\", \"attributes\": {\"choices\": [3]}}"}
{"op_code": 8, "worker_id": "93e52212-77a2-477a-8d15-28cac106a682-140527338727232", "trial_id": 8, "user_attr": {"best_epoch": 5}}
{"op_code": 8, "worker_id": "93e52212-77a2-477a-8d15-28cac106a682-140527338727232", "trial_id": 8, "user_attr": {"test_loss": 0.4628026191617827}}
{"op_code": 6, "worker_id": "93e52212-77a2-477a-8d15-28cac106a682-140527338727232", "trial_id": 8, "state": 1, "values": [0.462070942757755], "datetime_complete": "2024-08-26T08:59:48.375968"}
{"op_code": 4, "worker_id": "93e52212-77a2-477a-8d15-28cac106a682-140527338727232", "study_id": 0, "datetime_start": "2024-08-26T08:59:48.388587"}
{"op_code": 5, "worker_id": "93e52212-77a2-477a-8d15-28cac106a682-140527338727232", "trial_id": 9, "param_name": "lr", "param_value_internal": 7.309539835912905e-05, "distribution": "{\"name\": \"FloatDistribution\", \"attributes\": {\"step\": null, \"low\": 1e-05, \"high\": 0.001, \"log\": true}}"}
{"op_code": 5, "worker_id": "93e52212-77a2-477a-8d15-28cac106a682-140527338727232", "trial_id": 9, "param_name": "l2reg", "param_value_internal": 2.8585493941961875e-07, "distribution": "{\"name\": \"FloatDistribution\", \"attributes\": {\"step\": null, \"low\": 1e-08, \"high\": 0.001, \"log\": true}}"}
{"op_code": 5, "worker_id": "93e52212-77a2-477a-8d15-28cac106a682-140527338727232", "trial_id": 9, "param_name": "random_seed", "param_value_internal": 0, "distribution": "{\"name\": \"CategoricalDistribution\", \"attributes\": {\"choices\": [42]}}"}
{"op_code": 5, "worker_id": "93e52212-77a2-477a-8d15-28cac106a682-140527338727232", "trial_id": 9, "param_name": "degree", "param_value_internal": 0, "distribution": "{\"name\": \"CategoricalDistribution\", \"attributes\": {\"choices\": [3]}}"}
{"op_code": 8, "worker_id": "93e52212-77a2-477a-8d15-28cac106a682-140527338727232", "trial_id": 9, "user_attr": {"best_epoch": 5}}
{"op_code": 8, "worker_id": "93e52212-77a2-477a-8d15-28cac106a682-140527338727232", "trial_id": 9, "user_attr": {"test_loss": 0.46147605006215014}}
{"op_code": 6, "worker_id": "93e52212-77a2-477a-8d15-28cac106a682-140527338727232", "trial_id": 9, "state": 1, "values": [0.4606969593779491], "datetime_complete": "2024-08-26T09:07:51.193351"}
{"op_code": 4, "worker_id": "93e52212-77a2-477a-8d15-28cac106a682-140527338727232", "study_id": 0, "datetime_start": "2024-08-26T09:07:51.202929"}
{"op_code": 5, "worker_id": "93e52212-77a2-477a-8d15-28cac106a682-140527338727232", "trial_id": 10, "param_name": "lr", "param_value_internal": 0.000872134982845204, "distribution": "{\"name\": \"FloatDistribution\", \"attributes\": {\"step\": null, \"low\": 1e-05, \"high\": 0.001, \"log\": true}}"}
{"op_code": 5, "worker_id": "93e52212-77a2-477a-8d15-28cac106a682-140527338727232", "trial_id": 10, "param_name": "l2reg", "param_value_internal": 2.3261440591233855e-06, "distribution": "{\"name\": \"FloatDistribution\", \"attributes\": {\"step\": null, \"low\": 1e-08, \"high\": 0.001, \"log\": true}}"}
{"op_code": 5, "worker_id": "93e52212-77a2-477a-8d15-28cac106a682-140527338727232", "trial_id": 10, "param_name": "random_seed", "param_value_internal": 0, "distribution": "{\"name\": \"CategoricalDistribution\", \"attributes\": {\"choices\": [42]}}"}
{"op_code": 5, "worker_id": "93e52212-77a2-477a-8d15-28cac106a682-140527338727232", "trial_id": 10, "param_name": "degree", "param_value_internal": 0, "distribution": "{\"name\": \"CategoricalDistribution\", \"attributes\": {\"choices\": [3]}}"}
{"op_code": 8, "worker_id": "93e52212-77a2-477a-8d15-28cac106a682-140527338727232", "trial_id": 10, "user_attr": {"best_epoch": 0}}
{"op_code": 8, "worker_id": "93e52212-77a2-477a-8d15-28cac106a682-140527338727232", "trial_id": 10, "user_attr": {"test_loss": 0.45774223276212234}}
{"op_code": 6, "worker_id": "93e52212-77a2-477a-8d15-28cac106a682-140527338727232", "trial_id": 10, "state": 1, "values": [0.4566337998918863], "datetime_complete": "2024-08-26T09:11:57.678346"}
{"op_code": 4, "worker_id": "93e52212-77a2-477a-8d15-28cac106a682-140527338727232", "study_id": 0, "datetime_start": "2024-08-26T09:11:57.687177"}
{"op_code": 5, "worker_id": "93e52212-77a2-477a-8d15-28cac106a682-140527338727232", "trial_id": 11, "param_name": "lr", "param_value_internal": 0.0008691089486124979, "distribution": "{\"name\": \"FloatDistribution\", \"attributes\": {\"step\": null, \"low\": 1e-05, \"high\": 0.001, \"log\": true}}"}
{"op_code": 5, "worker_id": "93e52212-77a2-477a-8d15-28cac106a682-140527338727232", "trial_id": 11, "param_name": "l2reg", "param_value_internal": 3.5507847999706146e-06, "distribution": "{\"name\": \"FloatDistribution\", \"attributes\": {\"step\": null, \"low\": 1e-08, \"high\": 0.001, \"log\": true}}"}
{"op_code": 5, "worker_id": "93e52212-77a2-477a-8d15-28cac106a682-140527338727232", "trial_id": 11, "param_name": "random_seed", "param_value_internal": 0, "distribution": "{\"name\": \"CategoricalDistribution\", \"attributes\": {\"choices\": [42]}}"}
{"op_code": 5, "worker_id": "93e52212-77a2-477a-8d15-28cac106a682-140527338727232", "trial_id": 11, "param_name": "degree", "param_value_internal": 0, "distribution": "{\"name\": \"CategoricalDistribution\", \"attributes\": {\"choices\": [3]}}"}
{"op_code": 8, "worker_id": "93e52212-77a2-477a-8d15-28cac106a682-140527338727232", "trial_id": 11, "user_attr": {"best_epoch": 0}}
{"op_code": 8, "worker_id": "93e52212-77a2-477a-8d15-28cac106a682-140527338727232", "trial_id": 11, "user_attr": {"test_loss": 0.4577410493139054}}
{"op_code": 6, "worker_id": "93e52212-77a2-477a-8d15-28cac106a682-140527338727232", "trial_id": 11, "state": 1, "values": [0.45663307455265656], "datetime_complete": "2024-08-26T09:16:01.879560"}
{"op_code": 4, "worker_id": "93e52212-77a2-477a-8d15-28cac106a682-140527338727232", "study_id": 0, "datetime_start": "2024-08-26T09:16:01.888406"}
{"op_code": 5, "worker_id": "93e52212-77a2-477a-8d15-28cac106a682-140527338727232", "trial_id": 12, "param_name": "lr", "param_value_internal": 0.0009580639780152514, "distribution": "{\"name\": \"FloatDistribution\", \"attributes\": {\"step\": null, \"low\": 1e-05, \"high\": 0.001, \"log\": true}}"}
{"op_code": 5, "worker_id": "93e52212-77a2-477a-8d15-28cac106a682-140527338727232", "trial_id": 12, "param_name": "l2reg", "param_value_internal": 9.076965189976697e-07, "distribution": "{\"name\": \"FloatDistribution\", \"attributes\": {\"step\": null, \"low\": 1e-08, \"high\": 0.001, \"log\": true}}"}
{"op_code": 5, "worker_id": "93e52212-77a2-477a-8d15-28cac106a682-140527338727232", "trial_id": 12, "param_name": "random_seed", "param_value_internal": 0, "distribution": "{\"name\": \"CategoricalDistribution\", \"attributes\": {\"choices\": [42]}}"}
{"op_code": 5, "worker_id": "93e52212-77a2-477a-8d15-28cac106a682-140527338727232", "trial_id": 12, "param_name": "degree", "param_value_internal": 0, "distribution": "{\"name\": \"CategoricalDistribution\", \"attributes\": {\"choices\": [3]}}"}
{"op_code": 8, "worker_id": "93e52212-77a2-477a-8d15-28cac106a682-140527338727232", "trial_id": 12, "user_attr": {"best_epoch": 0}}
{"op_code": 8, "worker_id": "93e52212-77a2-477a-8d15-28cac106a682-140527338727232", "trial_id": 12, "user_attr": {"test_loss": 0.4577903342057765}}
{"op_code": 6, "worker_id": "93e52212-77a2-477a-8d15-28cac106a682-140527338727232", "trial_id": 12, "state": 1, "values": [0.45666304251556805], "datetime_complete": "2024-08-26T09:20:20.192035"}
{"op_code": 4, "worker_id": "93e52212-77a2-477a-8d15-28cac106a682-140527338727232", "study_id": 0, "datetime_start": "2024-08-26T09:20:20.217605"}
{"op_code": 5, "worker_id": "93e52212-77a2-477a-8d15-28cac106a682-140527338727232", "trial_id": 13, "param_name": "lr", "param_value_internal": 0.000930934503863675, "distribution": "{\"name\": \"FloatDistribution\", \"attributes\": {\"step\": null, \"low\": 1e-05, \"high\": 0.001, \"log\": true}}"}
{"op_code": 5, "worker_id": "93e52212-77a2-477a-8d15-28cac106a682-140527338727232", "trial_id": 13, "param_name": "l2reg", "param_value_internal": 9.167785859319847e-07, "distribution": "{\"name\": \"FloatDistribution\", \"attributes\": {\"step\": null, \"low\": 1e-08, \"high\": 0.001, \"log\": true}}"}
{"op_code": 5, "worker_id": "93e52212-77a2-477a-8d15-28cac106a682-140527338727232", "trial_id": 13, "param_name": "random_seed", "param_value_internal": 0, "distribution": "{\"name\": \"CategoricalDistribution\", \"attributes\": {\"choices\": [42]}}"}
{"op_code": 5, "worker_id": "93e52212-77a2-477a-8d15-28cac106a682-140527338727232", "trial_id": 13, "param_name": "degree", "param_value_internal": 0, "distribution": "{\"name\": \"CategoricalDistribution\", \"attributes\": {\"choices\": [3]}}"}
{"op_code": 8, "worker_id": "93e52212-77a2-477a-8d15-28cac106a682-140527338727232", "trial_id": 13, "user_attr": {"best_epoch": 0}}
{"op_code": 8, "worker_id": "93e52212-77a2-477a-8d15-28cac106a682-140527338727232", "trial_id": 13, "user_attr": {"test_loss": 0.4577728878885146}}
{"op_code": 6, "worker_id": "93e52212-77a2-477a-8d15-28cac106a682-140527338727232", "trial_id": 13, "state": 1, "values": [0.4566518188453821], "datetime_complete": "2024-08-26T09:24:24.062744"}
{"op_code": 4, "worker_id": "93e52212-77a2-477a-8d15-28cac106a682-140527338727232", "study_id": 0, "datetime_start": "2024-08-26T09:24:24.072048"}
{"op_code": 5, "worker_id": "93e52212-77a2-477a-8d15-28cac106a682-140527338727232", "trial_id": 14, "param_name": "lr", "param_value_internal": 0.0004004305648504992, "distribution": "{\"name\": \"FloatDistribution\", \"attributes\": {\"step\": null, \"low\": 1e-05, \"high\": 0.001, \"log\": true}}"}
{"op_code": 5, "worker_id": "93e52212-77a2-477a-8d15-28cac106a682-140527338727232", "trial_id": 14, "param_name": "l2reg", "param_value_internal": 1.163814228102759e-08, "distribution": "{\"name\": \"FloatDistribution\", \"attributes\": {\"step\": null, \"low\": 1e-08, \"high\": 0.001, \"log\": true}}"}
{"op_code": 5, "worker_id": "93e52212-77a2-477a-8d15-28cac106a682-140527338727232", "trial_id": 14, "param_name": "random_seed", "param_value_internal": 0, "distribution": "{\"name\": \"CategoricalDistribution\", \"attributes\": {\"choices\": [42]}}"}
{"op_code": 5, "worker_id": "93e52212-77a2-477a-8d15-28cac106a682-140527338727232", "trial_id": 14, "param_name": "degree", "param_value_internal": 0, "distribution": "{\"name\": \"CategoricalDistribution\", \"attributes\": {\"choices\": [3]}}"}
{"op_code": 8, "worker_id": "93e52212-77a2-477a-8d15-28cac106a682-140527338727232", "trial_id": 14, "user_attr": {"best_epoch": 1}}
{"op_code": 8, "worker_id": "93e52212-77a2-477a-8d15-28cac106a682-140527338727232", "trial_id": 14, "user_attr": {"test_loss": 0.45847982640723445}}
{"op_code": 6, "worker_id": "93e52212-77a2-477a-8d15-28cac106a682-140527338727232", "trial_id": 14, "state": 1, "values": [0.4573017609709467], "datetime_complete": "2024-08-26T09:29:16.815073"}
{"op_code": 4, "worker_id": "93e52212-77a2-477a-8d15-28cac106a682-140527338727232", "study_id": 0, "datetime_start": "2024-08-26T09:29:16.830643"}
{"op_code": 5, "worker_id": "93e52212-77a2-477a-8d15-28cac106a682-140527338727232", "trial_id": 15, "param_name": "lr", "param_value_internal": 0.00021167363993295147, "distribution": "{\"name\": \"FloatDistribution\", \"attributes\": {\"step\": null, \"low\": 1e-05, \"high\": 0.001, \"log\": true}}"}
{"op_code": 5, "worker_id": "93e52212-77a2-477a-8d15-28cac106a682-140527338727232", "trial_id": 15, "param_name": "l2reg", "param_value_internal": 3.0604091496798447e-05, "distribution": "{\"name\": \"FloatDistribution\", \"attributes\": {\"step\": null, \"low\": 1e-08, \"high\": 0.001, \"log\": true}}"}
{"op_code": 5, "worker_id": "93e52212-77a2-477a-8d15-28cac106a682-140527338727232", "trial_id": 15, "param_name": "random_seed", "param_value_internal": 0, "distribution": "{\"name\": \"CategoricalDistribution\", \"attributes\": {\"choices\": [42]}}"}
{"op_code": 5, "worker_id": "93e52212-77a2-477a-8d15-28cac106a682-140527338727232", "trial_id": 15, "param_name": "degree", "param_value_internal": 0, "distribution": "{\"name\": \"CategoricalDistribution\", \"attributes\": {\"choices\": [3]}}"}
{"op_code": 8, "worker_id": "93e52212-77a2-477a-8d15-28cac106a682-140527338727232", "trial_id": 15, "user_attr": {"best_epoch": 2}}
{"op_code": 8, "worker_id": "93e52212-77a2-477a-8d15-28cac106a682-140527338727232", "trial_id": 15, "user_attr": {"test_loss": 0.45909124920212685}}
{"op_code": 6, "worker_id": "93e52212-77a2-477a-8d15-28cac106a682-140527338727232", "trial_id": 15, "state": 1, "values": [0.45804485192390504], "datetime_complete": "2024-08-26T09:34:53.104156"}
{"op_code": 4, "worker_id": "93e52212-77a2-477a-8d15-28cac106a682-140527338727232", "study_id": 0, "datetime_start": "2024-08-26T09:34:53.112698"}
{"op_code": 5, "worker_id": "93e52212-77a2-477a-8d15-28cac106a682-140527338727232", "trial_id": 16, "param_name": "lr", "param_value_internal": 0.0006095918202153237, "distribution": "{\"name\": \"FloatDistribution\", \"attributes\": {\"step\": null, \"low\": 1e-05, \"high\": 0.001, \"log\": true}}"}
{"op_code": 5, "worker_id": "93e52212-77a2-477a-8d15-28cac106a682-140527338727232", "trial_id": 16, "param_name": "l2reg", "param_value_internal": 1.4851877511086209e-06, "distribution": "{\"name\": \"FloatDistribution\", \"attributes\": {\"step\": null, \"low\": 1e-08, \"high\": 0.001, \"log\": true}}"}
{"op_code": 5, "worker_id": "93e52212-77a2-477a-8d15-28cac106a682-140527338727232", "trial_id": 16, "param_name": "random_seed", "param_value_internal": 0, "distribution": "{\"name\": \"CategoricalDistribution\", \"attributes\": {\"choices\": [42]}}"}
{"op_code": 5, "worker_id": "93e52212-77a2-477a-8d15-28cac106a682-140527338727232", "trial_id": 16, "param_name": "degree", "param_value_internal": 0, "distribution": "{\"name\": \"CategoricalDistribution\", \"attributes\": {\"choices\": [3]}}"}
{"op_code": 8, "worker_id": "93e52212-77a2-477a-8d15-28cac106a682-140527338727232", "trial_id": 16, "user_attr": {"best_epoch": 0}}
{"op_code": 8, "worker_id": "93e52212-77a2-477a-8d15-28cac106a682-140527338727232", "trial_id": 16, "user_attr": {"test_loss": 0.45802030491734186}}
{"op_code": 6, "worker_id": "93e52212-77a2-477a-8d15-28cac106a682-140527338727232", "trial_id": 16, "state": 1, "values": [0.4570242614519612], "datetime_complete": "2024-08-26T09:38:55.003535"}
{"op_code": 4, "worker_id": "93e52212-77a2-477a-8d15-28cac106a682-140527338727232", "study_id": 0, "datetime_start": "2024-08-26T09:38:55.014353"}
{"op_code": 5, "worker_id": "93e52212-77a2-477a-8d15-28cac106a682-140527338727232", "trial_id": 17, "param_name": "lr", "param_value_internal": 0.0001568319298653617, "distribution": "{\"name\": \"FloatDistribution\", \"attributes\": {\"step\": null, \"low\": 1e-05, \"high\": 0.001, \"log\": true}}"}
{"op_code": 5, "worker_id": "93e52212-77a2-477a-8d15-28cac106a682-140527338727232", "trial_id": 17, "param_name": "l2reg", "param_value_internal": 1.2521885136283712e-05, "distribution": "{\"name\": \"FloatDistribution\", \"attributes\": {\"step\": null, \"low\": 1e-08, \"high\": 0.001, \"log\": true}}"}
{"op_code": 5, "worker_id": "93e52212-77a2-477a-8d15-28cac106a682-140527338727232", "trial_id": 17, "param_name": "random_seed", "param_value_internal": 0, "distribution": "{\"name\": \"CategoricalDistribution\", \"attributes\": {\"choices\": [42]}}"}
{"op_code": 5, "worker_id": "93e52212-77a2-477a-8d15-28cac106a682-140527338727232", "trial_id": 17, "param_name": "degree", "param_value_internal": 0, "distribution": "{\"name\": \"CategoricalDistribution\", \"attributes\": {\"choices\": [3]}}"}
{"op_code": 8, "worker_id": "93e52212-77a2-477a-8d15-28cac106a682-140527338727232", "trial_id": 17, "user_attr": {"best_epoch": 2}}
{"op_code": 8, "worker_id": "93e52212-77a2-477a-8d15-28cac106a682-140527338727232", "trial_id": 17, "user_attr": {"test_loss": 0.4597119868797586}}
{"op_code": 6, "worker_id": "93e52212-77a2-477a-8d15-28cac106a682-140527338727232", "trial_id": 17, "state": 1, "values": [0.45882585139555265], "datetime_complete": "2024-08-26T09:44:39.541743"}
{"op_code": 4, "worker_id": "93e52212-77a2-477a-8d15-28cac106a682-140527338727232", "study_id": 0, "datetime_start": "2024-08-26T09:44:39.552063"}
{"op_code": 5, "worker_id": "93e52212-77a2-477a-8d15-28cac106a682-140527338727232", "trial_id": 18, "param_name": "lr", "param_value_internal": 0.0006267873037911174, "distribution": "{\"name\": \"FloatDistribution\", \"attributes\": {\"step\": null, \"low\": 1e-05, \"high\": 0.001, \"log\": true}}"}
{"op_code": 5, "worker_id": "93e52212-77a2-477a-8d15-28cac106a682-140527338727232", "trial_id": 18, "param_name": "l2reg", "param_value_internal": 0.0001011036955773139, "distribution": "{\"name\": \"FloatDistribution\", \"attributes\": {\"step\": null, \"low\": 1e-08, \"high\": 0.001, \"log\": true}}"}
{"op_code": 5, "worker_id": "93e52212-77a2-477a-8d15-28cac106a682-140527338727232", "trial_id": 18, "param_name": "random_seed", "param_value_internal": 0, "distribution": "{\"name\": \"CategoricalDistribution\", \"attributes\": {\"choices\": [42]}}"}
{"op_code": 5, "worker_id": "93e52212-77a2-477a-8d15-28cac106a682-140527338727232", "trial_id": 18, "param_name": "degree", "param_value_internal": 0, "distribution": "{\"name\": \"CategoricalDistribution\", \"attributes\": {\"choices\": [3]}}"}
{"op_code": 8, "worker_id": "93e52212-77a2-477a-8d15-28cac106a682-140527338727232", "trial_id": 18, "user_attr": {"best_epoch": 0}}
{"op_code": 8, "worker_id": "93e52212-77a2-477a-8d15-28cac106a682-140527338727232", "trial_id": 18, "user_attr": {"test_loss": 0.45796491190564176}}
{"op_code": 6, "worker_id": "93e52212-77a2-477a-8d15-28cac106a682-140527338727232", "trial_id": 18, "state": 1, "values": [0.45695772112157296], "datetime_complete": "2024-08-26T09:48:41.192499"}
{"op_code": 4, "worker_id": "93e52212-77a2-477a-8d15-28cac106a682-140527338727232", "study_id": 0, "datetime_start": "2024-08-26T09:48:41.201595"}
{"op_code": 5, "worker_id": "93e52212-77a2-477a-8d15-28cac106a682-140527338727232", "trial_id": 19, "param_name": "lr", "param_value_internal": 0.00010846254477871581, "distribution": "{\"name\": \"FloatDistribution\", \"attributes\": {\"step\": null, \"low\": 1e-05, \"high\": 0.001, \"log\": true}}"}
{"op_code": 5, "worker_id": "93e52212-77a2-477a-8d15-28cac106a682-140527338727232", "trial_id": 19, "param_name": "l2reg", "param_value_internal": 3.8975870919613185e-06, "distribution": "{\"name\": \"FloatDistribution\", \"attributes\": {\"step\": null, \"low\": 1e-08, \"high\": 0.001, \"log\": true}}"}
{"op_code": 5, "worker_id": "93e52212-77a2-477a-8d15-28cac106a682-140527338727232", "trial_id": 19, "param_name": "random_seed", "param_value_internal": 0, "distribution": "{\"name\": \"CategoricalDistribution\", \"attributes\": {\"choices\": [42]}}"}
{"op_code": 5, "worker_id": "93e52212-77a2-477a-8d15-28cac106a682-140527338727232", "trial_id": 19, "param_name": "degree", "param_value_internal": 0, "distribution": "{\"name\": \"CategoricalDistribution\", \"attributes\": {\"choices\": [3]}}"}
{"op_code": 8, "worker_id": "93e52212-77a2-477a-8d15-28cac106a682-140527338727232", "trial_id": 19, "user_attr": {"best_epoch": 4}}
{"op_code": 8, "worker_id": "93e52212-77a2-477a-8d15-28cac106a682-140527338727232", "trial_id": 19, "user_attr": {"test_loss": 0.46053711751717147}}
{"op_code": 6, "worker_id": "93e52212-77a2-477a-8d15-28cac106a682-140527338727232", "trial_id": 19, "state": 1, "values": [0.45974630687804835], "datetime_complete": "2024-08-26T09:55:55.394827"}
{"op_code": 4, "worker_id": "93e52212-77a2-477a-8d15-28cac106a682-140527338727232", "study_id": 0, "datetime_start": "2024-08-26T09:55:55.405834"}
{"op_code": 5, "worker_id": "93e52212-77a2-477a-8d15-28cac106a682-140527338727232", "trial_id": 20, "param_name": "lr", "param_value_internal": 0.00031300785002269705, "distribution": "{\"name\": \"FloatDistribution\", \"attributes\": {\"step\": null, \"low\": 1e-05, \"high\": 0.001, \"log\": true}}"}
{"op_code": 5, "worker_id": "93e52212-77a2-477a-8d15-28cac106a682-140527338727232", "trial_id": 20, "param_name": "l2reg", "param_value_internal": 3.2907434599556076e-07, "distribution": "{\"name\": \"FloatDistribution\", \"attributes\": {\"step\": null, \"low\": 1e-08, \"high\": 0.001, \"log\": true}}"}
{"op_code": 5, "worker_id": "93e52212-77a2-477a-8d15-28cac106a682-140527338727232", "trial_id": 20, "param_name": "random_seed", "param_value_internal": 0, "distribution": "{\"name\": \"CategoricalDistribution\", \"attributes\": {\"choices\": [42]}}"}
{"op_code": 5, "worker_id": "93e52212-77a2-477a-8d15-28cac106a682-140527338727232", "trial_id": 20, "param_name": "degree", "param_value_internal": 0, "distribution": "{\"name\": \"CategoricalDistribution\", \"attributes\": {\"choices\": [3]}}"}
{"op_code": 8, "worker_id": "93e52212-77a2-477a-8d15-28cac106a682-140527338727232", "trial_id": 20, "user_attr": {"best_epoch": 1}}
{"op_code": 8, "worker_id": "93e52212-77a2-477a-8d15-28cac106a682-140527338727232", "trial_id": 20, "user_attr": {"test_loss": 0.45847203855445234}}
{"op_code": 6, "worker_id": "93e52212-77a2-477a-8d15-28cac106a682-140527338727232", "trial_id": 20, "state": 1, "values": [0.45740445373557337], "datetime_complete": "2024-08-26T10:00:54.444973"}
{"op_code": 4, "worker_id": "93e52212-77a2-477a-8d15-28cac106a682-140527338727232", "study_id": 0, "datetime_start": "2024-08-26T10:00:54.458053"}
{"op_code": 5, "worker_id": "93e52212-77a2-477a-8d15-28cac106a682-140527338727232", "trial_id": 21, "param_name": "lr", "param_value_internal": 0.0009760101214982607, "distribution": "{\"name\": \"FloatDistribution\", \"attributes\": {\"step\": null, \"low\": 1e-05, \"high\": 0.001, \"log\": true}}"}
{"op_code": 5, "worker_id": "93e52212-77a2-477a-8d15-28cac106a682-140527338727232", "trial_id": 21, "param_name": "l2reg", "param_value_internal": 9.551851661425908e-07, "distribution": "{\"name\": \"FloatDistribution\", \"attributes\": {\"step\": null, \"low\": 1e-08, \"high\": 0.001, \"log\": true}}"}
{"op_code": 5, "worker_id": "93e52212-77a2-477a-8d15-28cac106a682-140527338727232", "trial_id": 21, "param_name": "random_seed", "param_value_internal": 0, "distribution": "{\"name\": \"CategoricalDistribution\", \"attributes\": {\"choices\": [42]}}"}
{"op_code": 5, "worker_id": "93e52212-77a2-477a-8d15-28cac106a682-140527338727232", "trial_id": 21, "param_name": "degree", "param_value_internal": 0, "distribution": "{\"name\": \"CategoricalDistribution\", \"attributes\": {\"choices\": [3]}}"}
{"op_code": 8, "worker_id": "93e52212-77a2-477a-8d15-28cac106a682-140527338727232", "trial_id": 21, "user_attr": {"best_epoch": 0}}
{"op_code": 8, "worker_id": "93e52212-77a2-477a-8d15-28cac106a682-140527338727232", "trial_id": 21, "user_attr": {"test_loss": 0.45780518457211095}}
{"op_code": 6, "worker_id": "93e52212-77a2-477a-8d15-28cac106a682-140527338727232", "trial_id": 21, "state": 1, "values": [0.4566740371312604], "datetime_complete": "2024-08-26T10:04:59.279577"}
{"op_code": 4, "worker_id": "93e52212-77a2-477a-8d15-28cac106a682-140527338727232", "study_id": 0, "datetime_start": "2024-08-26T10:04:59.301988"}
{"op_code": 5, "worker_id": "93e52212-77a2-477a-8d15-28cac106a682-140527338727232", "trial_id": 22, "param_name": "lr", "param_value_internal": 0.0007337541974864698, "distribution": "{\"name\": \"FloatDistribution\", \"attributes\": {\"step\": null, \"low\": 1e-05, \"high\": 0.001, \"log\": true}}"}
{"op_code": 5, "worker_id": "93e52212-77a2-477a-8d15-28cac106a682-140527338727232", "trial_id": 22, "param_name": "l2reg", "param_value_internal": 2.35187054673089e-06, "distribution": "{\"name\": \"FloatDistribution\", \"attributes\": {\"step\": null, \"low\": 1e-08, \"high\": 0.001, \"log\": true}}"}
{"op_code": 5, "worker_id": "93e52212-77a2-477a-8d15-28cac106a682-140527338727232", "trial_id": 22, "param_name": "random_seed", "param_value_internal": 0, "distribution": "{\"name\": \"CategoricalDistribution\", \"attributes\": {\"choices\": [42]}}"}
{"op_code": 5, "worker_id": "93e52212-77a2-477a-8d15-28cac106a682-140527338727232", "trial_id": 22, "param_name": "degree", "param_value_internal": 0, "distribution": "{\"name\": \"CategoricalDistribution\", \"attributes\": {\"choices\": [3]}}"}
{"op_code": 8, "worker_id": "93e52212-77a2-477a-8d15-28cac106a682-140527338727232", "trial_id": 22, "user_attr": {"best_epoch": 0}}
{"op_code": 8, "worker_id": "93e52212-77a2-477a-8d15-28cac106a682-140527338727232", "trial_id": 22, "user_attr": {"test_loss": 0.45776865038038317}}
{"op_code": 6, "worker_id": "93e52212-77a2-477a-8d15-28cac106a682-140527338727232", "trial_id": 22, "state": 1, "values": [0.4567056084756271], "datetime_complete": "2024-08-26T10:09:28.443674"}
{"op_code": 4, "worker_id": "93e52212-77a2-477a-8d15-28cac106a682-140527338727232", "study_id": 0, "datetime_start": "2024-08-26T10:09:28.452481"}
{"op_code": 5, "worker_id": "93e52212-77a2-477a-8d15-28cac106a682-140527338727232", "trial_id": 23, "param_name": "lr", "param_value_internal": 0.00043684546335011966, "distribution": "{\"name\": \"FloatDistribution\", \"attributes\": {\"step\": null, \"low\": 1e-05, \"high\": 0.001, \"log\": true}}"}
{"op_code": 5, "worker_id": "93e52212-77a2-477a-8d15-28cac106a682-140527338727232", "trial_id": 23, "param_name": "l2reg", "param_value_internal": 5.023224540558139e-07, "distribution": "{\"name\": \"FloatDistribution\", \"attributes\": {\"step\": null, \"low\": 1e-08, \"high\": 0.001, \"log\": true}}"}
{"op_code": 5, "worker_id": "93e52212-77a2-477a-8d15-28cac106a682-140527338727232", "trial_id": 23, "param_name": "random_seed", "param_value_internal": 0, "distribution": "{\"name\": \"CategoricalDistribution\", \"attributes\": {\"choices\": [42]}}"}
{"op_code": 5, "worker_id": "93e52212-77a2-477a-8d15-28cac106a682-140527338727232", "trial_id": 23, "param_name": "degree", "param_value_internal": 0, "distribution": "{\"name\": \"CategoricalDistribution\", \"attributes\": {\"choices\": [3]}}"}
{"op_code": 8, "worker_id": "93e52212-77a2-477a-8d15-28cac106a682-140527338727232", "trial_id": 23, "user_attr": {"best_epoch": 1}}
{"op_code": 8, "worker_id": "93e52212-77a2-477a-8d15-28cac106a682-140527338727232", "trial_id": 23, "user_attr": {"test_loss": 0.4586668494012516}}
{"op_code": 6, "worker_id": "93e52212-77a2-477a-8d15-28cac106a682-140527338727232", "trial_id": 23, "state": 1, "values": [0.45745247882772966], "datetime_complete": "2024-08-26T10:14:23.071064"}
{"op_code": 4, "worker_id": "93e52212-77a2-477a-8d15-28cac106a682-140527338727232", "study_id": 0, "datetime_start": "2024-08-26T10:14:23.081755"}
{"op_code": 5, "worker_id": "93e52212-77a2-477a-8d15-28cac106a682-140527338727232", "trial_id": 24, "param_name": "lr", "param_value_internal": 0.0009636198582503387, "distribution": "{\"name\": \"FloatDistribution\", \"attributes\": {\"step\": null, \"low\": 1e-05, \"high\": 0.001, \"log\": true}}"}
{"op_code": 5, "worker_id": "93e52212-77a2-477a-8d15-28cac106a682-140527338727232", "trial_id": 24, "param_name": "l2reg", "param_value_internal": 8.00934495720199e-06, "distribution": "{\"name\": \"FloatDistribution\", \"attributes\": {\"step\": null, \"low\": 1e-08, \"high\": 0.001, \"log\": true}}"}
{"op_code": 5, "worker_id": "93e52212-77a2-477a-8d15-28cac106a682-140527338727232", "trial_id": 24, "param_name": "random_seed", "param_value_internal": 0, "distribution": "{\"name\": \"CategoricalDistribution\", \"attributes\": {\"choices\": [42]}}"}
{"op_code": 5, "worker_id": "93e52212-77a2-477a-8d15-28cac106a682-140527338727232", "trial_id": 24, "param_name": "degree", "param_value_internal": 0, "distribution": "{\"name\": \"CategoricalDistribution\", \"attributes\": {\"choices\": [3]}}"}
{"op_code": 8, "worker_id": "93e52212-77a2-477a-8d15-28cac106a682-140527338727232", "trial_id": 24, "user_attr": {"best_epoch": 0}}
{"op_code": 8, "worker_id": "93e52212-77a2-477a-8d15-28cac106a682-140527338727232", "trial_id": 24, "user_attr": {"test_loss": 0.45779468624115466}}
{"op_code": 6, "worker_id": "93e52212-77a2-477a-8d15-28cac106a682-140527338727232", "trial_id": 24, "state": 1, "values": [0.4566662111027294], "datetime_complete": "2024-08-26T10:18:26.801655"}
{"op_code": 4, "worker_id": "93e52212-77a2-477a-8d15-28cac106a682-140527338727232", "study_id": 0, "datetime_start": "2024-08-26T10:18:26.810495"}
{"op_code": 5, "worker_id": "93e52212-77a2-477a-8d15-28cac106a682-140527338727232", "trial_id": 25, "param_name": "lr", "param_value_internal": 0.0005759515109009106, "distribution": "{\"name\": \"FloatDistribution\", \"attributes\": {\"step\": null, \"low\": 1e-05, \"high\": 0.001, \"log\": true}}"}
{"op_code": 5, "worker_id": "93e52212-77a2-477a-8d15-28cac106a682-140527338727232", "trial_id": 25, "param_name": "l2reg", "param_value_internal": 2.6391114208725263e-05, "distribution": "{\"name\": \"FloatDistribution\", \"attributes\": {\"step\": null, \"low\": 1e-08, \"high\": 0.001, \"log\": true}}"}
{"op_code": 5, "worker_id": "93e52212-77a2-477a-8d15-28cac106a682-140527338727232", "trial_id": 25, "param_name": "random_seed", "param_value_internal": 0, "distribution": "{\"name\": \"CategoricalDistribution\", \"attributes\": {\"choices\": [42]}}"}
{"op_code": 5, "worker_id": "93e52212-77a2-477a-8d15-28cac106a682-140527338727232", "trial_id": 25, "param_name": "degree", "param_value_internal": 0, "distribution": "{\"name\": \"CategoricalDistribution\", \"attributes\": {\"choices\": [3]}}"}
{"op_code": 8, "worker_id": "93e52212-77a2-477a-8d15-28cac106a682-140527338727232", "trial_id": 25, "user_attr": {"best_epoch": 0}}
{"op_code": 8, "worker_id": "93e52212-77a2-477a-8d15-28cac106a682-140527338727232", "trial_id": 25, "user_attr": {"test_loss": 0.45815075145144196}}
{"op_code": 6, "worker_id": "93e52212-77a2-477a-8d15-28cac106a682-140527338727232", "trial_id": 25, "state": 1, "values": [0.4571788732351351], "datetime_complete": "2024-08-26T10:22:28.695485"}
{"op_code": 4, "worker_id": "93e52212-77a2-477a-8d15-28cac106a682-140527338727232", "study_id": 0, "datetime_start": "2024-08-26T10:22:28.711369"}
{"op_code": 5, "worker_id": "93e52212-77a2-477a-8d15-28cac106a682-140527338727232", "trial_id": 26, "param_name": "lr", "param_value_internal": 0.0002695664912005759, "distribution": "{\"name\": \"FloatDistribution\", \"attributes\": {\"step\": null, \"low\": 1e-05, \"high\": 0.001, \"log\": true}}"}
{"op_code": 5, "worker_id": "93e52212-77a2-477a-8d15-28cac106a682-140527338727232", "trial_id": 26, "param_name": "l2reg", "param_value_internal": 2.8964724461308517e-06, "distribution": "{\"name\": \"FloatDistribution\", \"attributes\": {\"step\": null, \"low\": 1e-08, \"high\": 0.001, \"log\": true}}"}
{"op_code": 5, "worker_id": "93e52212-77a2-477a-8d15-28cac106a682-140527338727232", "trial_id": 26, "param_name": "random_seed", "param_value_internal": 0, "distribution": "{\"name\": \"CategoricalDistribution\", \"attributes\": {\"choices\": [42]}}"}
{"op_code": 5, "worker_id": "93e52212-77a2-477a-8d15-28cac106a682-140527338727232", "trial_id": 26, "param_name": "degree", "param_value_internal": 0, "distribution": "{\"name\": \"CategoricalDistribution\", \"attributes\": {\"choices\": [3]}}"}
{"op_code": 8, "worker_id": "93e52212-77a2-477a-8d15-28cac106a682-140527338727232", "trial_id": 26, "user_attr": {"best_epoch": 1}}
{"op_code": 8, "worker_id": "93e52212-77a2-477a-8d15-28cac106a682-140527338727232", "trial_id": 26, "user_attr": {"test_loss": 0.4587972195838538}}
{"op_code": 6, "worker_id": "93e52212-77a2-477a-8d15-28cac106a682-140527338727232", "trial_id": 26, "state": 1, "values": [0.4577955642833801], "datetime_complete": "2024-08-26T10:27:17.223103"}
{"op_code": 4, "worker_id": "93e52212-77a2-477a-8d15-28cac106a682-140527338727232", "study_id": 0, "datetime_start": "2024-08-26T10:27:17.231922"}
{"op_code": 5, "worker_id": "93e52212-77a2-477a-8d15-28cac106a682-140527338727232", "trial_id": 27, "param_name": "lr", "param_value_internal": 0.0007618672045768421, "distribution": "{\"name\": \"FloatDistribution\", \"attributes\": {\"step\": null, \"low\": 1e-05, \"high\": 0.001, \"log\": true}}"}
{"op_code": 5, "worker_id": "93e52212-77a2-477a-8d15-28cac106a682-140527338727232", "trial_id": 27, "param_name": "l2reg", "param_value_internal": 1.7153514359179807e-07, "distribution": "{\"name\": \"FloatDistribution\", \"attributes\": {\"step\": null, \"low\": 1e-08, \"high\": 0.001, \"log\": true}}"}
{"op_code": 5, "worker_id": "93e52212-77a2-477a-8d15-28cac106a682-140527338727232", "trial_id": 27, "param_name": "random_seed", "param_value_internal": 0, "distribution": "{\"name\": \"CategoricalDistribution\", \"attributes\": {\"choices\": [42]}}"}
{"op_code": 5, "worker_id": "93e52212-77a2-477a-8d15-28cac106a682-140527338727232", "trial_id": 27, "param_name": "degree", "param_value_internal": 0, "distribution": "{\"name\": \"CategoricalDistribution\", \"attributes\": {\"choices\": [3]}}"}
{"op_code": 8, "worker_id": "93e52212-77a2-477a-8d15-28cac106a682-140527338727232", "trial_id": 27, "user_attr": {"best_epoch": 0}}
{"op_code": 8, "worker_id": "93e52212-77a2-477a-8d15-28cac106a682-140527338727232", "trial_id": 27, "user_attr": {"test_loss": 0.4577497533846619}}
{"op_code": 6, "worker_id": "93e52212-77a2-477a-8d15-28cac106a682-140527338727232", "trial_id": 27, "state": 1, "values": [0.4566739607797626], "datetime_complete": "2024-08-26T10:31:20.324711"}
{"op_code": 4, "worker_id": "93e52212-77a2-477a-8d15-28cac106a682-140527338727232", "study_id": 0, "datetime_start": "2024-08-26T10:31:20.334448"}
{"op_code": 5, "worker_id": "93e52212-77a2-477a-8d15-28cac106a682-140527338727232", "trial_id": 28, "param_name": "lr", "param_value_internal": 0.0003899583152333867, "distribution": "{\"name\": \"FloatDistribution\", \"attributes\": {\"step\": null, \"low\": 1e-05, \"high\": 0.001, \"log\": true}}"}
{"op_code": 5, "worker_id": "93e52212-77a2-477a-8d15-28cac106a682-140527338727232", "trial_id": 28, "param_name": "l2reg", "param_value_internal": 3.32821716035647e-08, "distribution": "{\"name\": \"FloatDistribution\", \"attributes\": {\"step\": null, \"low\": 1e-08, \"high\": 0.001, \"log\": true}}"}
{"op_code": 5, "worker_id": "93e52212-77a2-477a-8d15-28cac106a682-140527338727232", "trial_id": 28, "param_name": "random_seed", "param_value_internal": 0, "distribution": "{\"name\": \"CategoricalDistribution\", \"attributes\": {\"choices\": [42]}}"}
{"op_code": 5, "worker_id": "93e52212-77a2-477a-8d15-28cac106a682-140527338727232", "trial_id": 28, "param_name": "degree", "param_value_internal": 0, "distribution": "{\"name\": \"CategoricalDistribution\", \"attributes\": {\"choices\": [3]}}"}
{"op_code": 8, "worker_id": "93e52212-77a2-477a-8d15-28cac106a682-140527338727232", "trial_id": 28, "user_attr": {"best_epoch": 1}}
{"op_code": 8, "worker_id": "93e52212-77a2-477a-8d15-28cac106a682-140527338727232", "trial_id": 28, "user_attr": {"test_loss": 0.4584432540397578}}
{"op_code": 6, "worker_id": "93e52212-77a2-477a-8d15-28cac106a682-140527338727232", "trial_id": 28, "state": 1, "values": [0.4572763359221581], "datetime_complete": "2024-08-26T10:36:09.182490"}
{"op_code": 4, "worker_id": "93e52212-77a2-477a-8d15-28cac106a682-140527338727232", "study_id": 0, "datetime_start": "2024-08-26T10:36:09.202837"}
{"op_code": 5, "worker_id": "93e52212-77a2-477a-8d15-28cac106a682-140527338727232", "trial_id": 29, "param_name": "lr", "param_value_internal": 0.0005108000941674712, "distribution": "{\"name\": \"FloatDistribution\", \"attributes\": {\"step\": null, \"low\": 1e-05, \"high\": 0.001, \"log\": true}}"}
{"op_code": 5, "worker_id": "93e52212-77a2-477a-8d15-28cac106a682-140527338727232", "trial_id": 29, "param_name": "l2reg", "param_value_internal": 7.319940299776359e-07, "distribution": "{\"name\": \"FloatDistribution\", \"attributes\": {\"step\": null, \"low\": 1e-08, \"high\": 0.001, \"log\": true}}"}
{"op_code": 5, "worker_id": "93e52212-77a2-477a-8d15-28cac106a682-140527338727232", "trial_id": 29, "param_name": "random_seed", "param_value_internal": 0, "distribution": "{\"name\": \"CategoricalDistribution\", \"attributes\": {\"choices\": [42]}}"}
{"op_code": 5, "worker_id": "93e52212-77a2-477a-8d15-28cac106a682-140527338727232", "trial_id": 29, "param_name": "degree", "param_value_internal": 0, "distribution": "{\"name\": \"CategoricalDistribution\", \"attributes\": {\"choices\": [3]}}"}
{"op_code": 8, "worker_id": "93e52212-77a2-477a-8d15-28cac106a682-140527338727232", "trial_id": 29, "user_attr": {"best_epoch": 0}}
{"op_code": 8, "worker_id": "93e52212-77a2-477a-8d15-28cac106a682-140527338727232", "trial_id": 29, "user_attr": {"test_loss": 0.45850822916443973}}
{"op_code": 6, "worker_id": "93e52212-77a2-477a-8d15-28cac106a682-140527338727232", "trial_id": 29, "state": 1, "values": [0.45758804091218663], "datetime_complete": "2024-08-26T10:40:10.671715"}
{"op_code": 4, "worker_id": "93e52212-77a2-477a-8d15-28cac106a682-140527338727232", "study_id": 0, "datetime_start": "2024-08-26T10:40:10.682119"}
{"op_code": 5, "worker_id": "93e52212-77a2-477a-8d15-28cac106a682-140527338727232", "trial_id": 30, "param_name": "lr", "param_value_internal": 0.00019917452722305378, "distribution": "{\"name\": \"FloatDistribution\", \"attributes\": {\"step\": null, \"low\": 1e-05, \"high\": 0.001, \"log\": true}}"}
{"op_code": 5, "worker_id": "93e52212-77a2-477a-8d15-28cac106a682-140527338727232", "trial_id": 30, "param_name": "l2reg", "param_value_internal": 6.831322036805823e-05, "distribution": "{\"name\": \"FloatDistribution\", \"attributes\": {\"step\": null, \"low\": 1e-08, \"high\": 0.001, \"log\": true}}"}
{"op_code": 5, "worker_id": "93e52212-77a2-477a-8d15-28cac106a682-140527338727232", "trial_id": 30, "param_name": "random_seed", "param_value_internal": 0, "distribution": "{\"name\": \"CategoricalDistribution\", \"attributes\": {\"choices\": [42]}}"}
{"op_code": 5, "worker_id": "93e52212-77a2-477a-8d15-28cac106a682-140527338727232", "trial_id": 30, "param_name": "degree", "param_value_internal": 0, "distribution": "{\"name\": \"CategoricalDistribution\", \"attributes\": {\"choices\": [3]}}"}
{"op_code": 8, "worker_id": "93e52212-77a2-477a-8d15-28cac106a682-140527338727232", "trial_id": 30, "user_attr": {"best_epoch": 2}}
{"op_code": 8, "worker_id": "93e52212-77a2-477a-8d15-28cac106a682-140527338727232", "trial_id": 30, "user_attr": {"test_loss": 0.45909651745547947}}
{"op_code": 6, "worker_id": "93e52212-77a2-477a-8d15-28cac106a682-140527338727232", "trial_id": 30, "state": 1, "values": [0.4580859290297557], "datetime_complete": "2024-08-26T10:45:50.439784"}
{"op_code": 4, "worker_id": "93e52212-77a2-477a-8d15-28cac106a682-140527338727232", "study_id": 0, "datetime_start": "2024-08-26T10:45:50.451979"}
{"op_code": 5, "worker_id": "93e52212-77a2-477a-8d15-28cac106a682-140527338727232", "trial_id": 31, "param_name": "lr", "param_value_internal": 0.0009453320868691341, "distribution": "{\"name\": \"FloatDistribution\", \"attributes\": {\"step\": null, \"low\": 1e-05, \"high\": 0.001, \"log\": true}}"}
{"op_code": 5, "worker_id": "93e52212-77a2-477a-8d15-28cac106a682-140527338727232", "trial_id": 31, "param_name": "l2reg", "param_value_internal": 1.0865996391306887e-06, "distribution": "{\"name\": \"FloatDistribution\", \"attributes\": {\"step\": null, \"low\": 1e-08, \"high\": 0.001, \"log\": true}}"}
{"op_code": 5, "worker_id": "93e52212-77a2-477a-8d15-28cac106a682-140527338727232", "trial_id": 31, "param_name": "random_seed", "param_value_internal": 0, "distribution": "{\"name\": \"CategoricalDistribution\", \"attributes\": {\"choices\": [42]}}"}
{"op_code": 5, "worker_id": "93e52212-77a2-477a-8d15-28cac106a682-140527338727232", "trial_id": 31, "param_name": "degree", "param_value_internal": 0, "distribution": "{\"name\": \"CategoricalDistribution\", \"attributes\": {\"choices\": [3]}}"}
{"op_code": 8, "worker_id": "93e52212-77a2-477a-8d15-28cac106a682-140527338727232", "trial_id": 31, "user_attr": {"best_epoch": 0}}
{"op_code": 8, "worker_id": "93e52212-77a2-477a-8d15-28cac106a682-140527338727232", "trial_id": 31, "user_attr": {"test_loss": 0.4577818591895136}}
{"op_code": 6, "worker_id": "93e52212-77a2-477a-8d15-28cac106a682-140527338727232", "trial_id": 31, "state": 1, "values": [0.4566578124379644], "datetime_complete": "2024-08-26T10:50:06.508050"}
{"op_code": 4, "worker_id": "93e52212-77a2-477a-8d15-28cac106a682-140527338727232", "study_id": 0, "datetime_start": "2024-08-26T10:50:06.521733"}
{"op_code": 5, "worker_id": "93e52212-77a2-477a-8d15-28cac106a682-140527338727232", "trial_id": 32, "param_name": "lr", "param_value_internal": 0.0007256921061964224, "distribution": "{\"name\": \"FloatDistribution\", \"attributes\": {\"step\": null, \"low\": 1e-05, \"high\": 0.001, \"log\": true}}"}
{"op_code": 5, "worker_id": "93e52212-77a2-477a-8d15-28cac106a682-140527338727232", "trial_id": 32, "param_name": "l2reg", "param_value_internal": 1.8096808841898314e-06, "distribution": "{\"name\": \"FloatDistribution\", \"attributes\": {\"step\": null, \"low\": 1e-08, \"high\": 0.001, \"log\": true}}"}
{"op_code": 5, "worker_id": "93e52212-77a2-477a-8d15-28cac106a682-140527338727232", "trial_id": 32, "param_name": "random_seed", "param_value_internal": 0, "distribution": "{\"name\": \"CategoricalDistribution\", \"attributes\": {\"choices\": [42]}}"}
{"op_code": 5, "worker_id": "93e52212-77a2-477a-8d15-28cac106a682-140527338727232", "trial_id": 32, "param_name": "degree", "param_value_internal": 0, "distribution": "{\"name\": \"CategoricalDistribution\", \"attributes\": {\"choices\": [3]}}"}
{"op_code": 8, "worker_id": "93e52212-77a2-477a-8d15-28cac106a682-140527338727232", "trial_id": 32, "user_attr": {"best_epoch": 0}}
{"op_code": 8, "worker_id": "93e52212-77a2-477a-8d15-28cac106a682-140527338727232", "trial_id": 32, "user_attr": {"test_loss": 0.4577762855301695}}
{"op_code": 6, "worker_id": "93e52212-77a2-477a-8d15-28cac106a682-140527338727232", "trial_id": 32, "state": 1, "values": [0.45671729025480023], "datetime_complete": "2024-08-26T10:54:07.986144"}
{"op_code": 4, "worker_id": "93e52212-77a2-477a-8d15-28cac106a682-140527338727232", "study_id": 0, "datetime_start": "2024-08-26T10:54:07.995072"}
{"op_code": 5, "worker_id": "93e52212-77a2-477a-8d15-28cac106a682-140527338727232", "trial_id": 33, "param_name": "lr", "param_value_internal": 0.0009949258542368035, "distribution": "{\"name\": \"FloatDistribution\", \"attributes\": {\"step\": null, \"low\": 1e-05, \"high\": 0.001, \"log\": true}}"}
{"op_code": 5, "worker_id": "93e52212-77a2-477a-8d15-28cac106a682-140527338727232", "trial_id": 33, "param_name": "l2reg", "param_value_internal": 5.610644281454566e-06, "distribution": "{\"name\": \"FloatDistribution\", \"attributes\": {\"step\": null, \"low\": 1e-08, \"high\": 0.001, \"log\": true}}"}
{"op_code": 5, "worker_id": "93e52212-77a2-477a-8d15-28cac106a682-140527338727232", "trial_id": 33, "param_name": "random_seed", "param_value_internal": 0, "distribution": "{\"name\": \"CategoricalDistribution\", \"attributes\": {\"choices\": [42]}}"}
{"op_code": 5, "worker_id": "93e52212-77a2-477a-8d15-28cac106a682-140527338727232", "trial_id": 33, "param_name": "degree", "param_value_internal": 0, "distribution": "{\"name\": \"CategoricalDistribution\", \"attributes\": {\"choices\": [3]}}"}
{"op_code": 8, "worker_id": "93e52212-77a2-477a-8d15-28cac106a682-140527338727232", "trial_id": 33, "user_attr": {"best_epoch": 0}}
{"op_code": 8, "worker_id": "93e52212-77a2-477a-8d15-28cac106a682-140527338727232", "trial_id": 33, "user_attr": {"test_loss": 0.457822516362126}}
{"op_code": 6, "worker_id": "93e52212-77a2-477a-8d15-28cac106a682-140527338727232", "trial_id": 33, "state": 1, "values": [0.45668812398261627], "datetime_complete": "2024-08-26T10:58:10.274027"}
{"op_code": 4, "worker_id": "93e52212-77a2-477a-8d15-28cac106a682-140527338727232", "study_id": 0, "datetime_start": "2024-08-26T10:58:10.282896"}
{"op_code": 5, "worker_id": "93e52212-77a2-477a-8d15-28cac106a682-140527338727232", "trial_id": 34, "param_name": "lr", "param_value_internal": 0.0007501054462493084, "distribution": "{\"name\": \"FloatDistribution\", \"attributes\": {\"step\": null, \"low\": 1e-05, \"high\": 0.001, \"log\": true}}"}
{"op_code": 5, "worker_id": "93e52212-77a2-477a-8d15-28cac106a682-140527338727232", "trial_id": 34, "param_name": "l2reg", "param_value_internal": 1.3126004658842107e-05, "distribution": "{\"name\": \"FloatDistribution\", \"attributes\": {\"step\": null, \"low\": 1e-08, \"high\": 0.001, \"log\": true}}"}
{"op_code": 5, "worker_id": "93e52212-77a2-477a-8d15-28cac106a682-140527338727232", "trial_id": 34, "param_name": "random_seed", "param_value_internal": 0, "distribution": "{\"name\": \"CategoricalDistribution\", \"attributes\": {\"choices\": [42]}}"}
{"op_code": 5, "worker_id": "93e52212-77a2-477a-8d15-28cac106a682-140527338727232", "trial_id": 34, "param_name": "degree", "param_value_internal": 0, "distribution": "{\"name\": \"CategoricalDistribution\", \"attributes\": {\"choices\": [3]}}"}
{"op_code": 8, "worker_id": "93e52212-77a2-477a-8d15-28cac106a682-140527338727232", "trial_id": 34, "user_attr": {"best_epoch": 0}}
{"op_code": 8, "worker_id": "93e52212-77a2-477a-8d15-28cac106a682-140527338727232", "trial_id": 34, "user_attr": {"test_loss": 0.45775570880149524}}
{"op_code": 6, "worker_id": "93e52212-77a2-477a-8d15-28cac106a682-140527338727232", "trial_id": 34, "state": 1, "values": [0.45668552803168894], "datetime_complete": "2024-08-26T11:02:14.736279"}
{"op_code": 4, "worker_id": "93e52212-77a2-477a-8d15-28cac106a682-140527338727232", "study_id": 0, "datetime_start": "2024-08-26T11:02:14.745389"}
{"op_code": 5, "worker_id": "93e52212-77a2-477a-8d15-28cac106a682-140527338727232", "trial_id": 35, "param_name": "lr", "param_value_internal": 0.00032540587652258977, "distribution": "{\"name\": \"FloatDistribution\", \"attributes\": {\"step\": null, \"low\": 1e-05, \"high\": 0.001, \"log\": true}}"}
{"op_code": 5, "worker_id": "93e52212-77a2-477a-8d15-28cac106a682-140527338727232", "trial_id": 35, "param_name": "l2reg", "param_value_internal": 1.2013067376662624e-06, "distribution": "{\"name\": \"FloatDistribution\", \"attributes\": {\"step\": null, \"low\": 1e-08, \"high\": 0.001, \"log\": true}}"}
{"op_code": 5, "worker_id": "93e52212-77a2-477a-8d15-28cac106a682-140527338727232", "trial_id": 35, "param_name": "random_seed", "param_value_internal": 0, "distribution": "{\"name\": \"CategoricalDistribution\", \"attributes\": {\"choices\": [42]}}"}
{"op_code": 5, "worker_id": "93e52212-77a2-477a-8d15-28cac106a682-140527338727232", "trial_id": 35, "param_name": "degree", "param_value_internal": 0, "distribution": "{\"name\": \"CategoricalDistribution\", \"attributes\": {\"choices\": [3]}}"}
{"op_code": 8, "worker_id": "93e52212-77a2-477a-8d15-28cac106a682-140527338727232", "trial_id": 35, "user_attr": {"best_epoch": 1}}
{"op_code": 8, "worker_id": "93e52212-77a2-477a-8d15-28cac106a682-140527338727232", "trial_id": 35, "user_attr": {"test_loss": 0.4584256931952491}}
{"op_code": 6, "worker_id": "93e52212-77a2-477a-8d15-28cac106a682-140527338727232", "trial_id": 35, "state": 1, "values": [0.4573404330046147], "datetime_complete": "2024-08-26T11:07:05.040511"}
{"op_code": 4, "worker_id": "93e52212-77a2-477a-8d15-28cac106a682-140527338727232", "study_id": 0, "datetime_start": "2024-08-26T11:07:05.051485"}
{"op_code": 5, "worker_id": "93e52212-77a2-477a-8d15-28cac106a682-140527338727232", "trial_id": 36, "param_name": "lr", "param_value_internal": 4.0972127413566975e-05, "distribution": "{\"name\": \"FloatDistribution\", \"attributes\": {\"step\": null, \"low\": 1e-05, \"high\": 0.001, \"log\": true}}"}
{"op_code": 5, "worker_id": "93e52212-77a2-477a-8d15-28cac106a682-140527338727232", "trial_id": 36, "param_name": "l2reg", "param_value_internal": 3.8946263092698016e-07, "distribution": "{\"name\": \"FloatDistribution\", \"attributes\": {\"step\": null, \"low\": 1e-08, \"high\": 0.001, \"log\": true}}"}
{"op_code": 5, "worker_id": "93e52212-77a2-477a-8d15-28cac106a682-140527338727232", "trial_id": 36, "param_name": "random_seed", "param_value_internal": 0, "distribution": "{\"name\": \"CategoricalDistribution\", \"attributes\": {\"choices\": [42]}}"}
{"op_code": 5, "worker_id": "93e52212-77a2-477a-8d15-28cac106a682-140527338727232", "trial_id": 36, "param_name": "degree", "param_value_internal": 0, "distribution": "{\"name\": \"CategoricalDistribution\", \"attributes\": {\"choices\": [3]}}"}
{"op_code": 8, "worker_id": "93e52212-77a2-477a-8d15-28cac106a682-140527338727232", "trial_id": 36, "user_attr": {"best_epoch": 5}}
{"op_code": 8, "worker_id": "93e52212-77a2-477a-8d15-28cac106a682-140527338727232", "trial_id": 36, "user_attr": {"test_loss": 0.4627956329997282}}
{"op_code": 6, "worker_id": "93e52212-77a2-477a-8d15-28cac106a682-140527338727232", "trial_id": 36, "state": 1, "values": [0.4620638038927048], "datetime_complete": "2024-08-26T11:15:46.162486"}
{"op_code": 4, "worker_id": "93e52212-77a2-477a-8d15-28cac106a682-140527338727232", "study_id": 0, "datetime_start": "2024-08-26T11:15:46.173212"}
{"op_code": 5, "worker_id": "93e52212-77a2-477a-8d15-28cac106a682-140527338727232", "trial_id": 37, "param_name": "lr", "param_value_internal": 0.0005585108809564734, "distribution": "{\"name\": \"FloatDistribution\", \"attributes\": {\"step\": null, \"low\": 1e-05, \"high\": 0.001, \"log\": true}}"}
{"op_code": 5, "worker_id": "93e52212-77a2-477a-8d15-28cac106a682-140527338727232", "trial_id": 37, "param_name": "l2reg", "param_value_internal": 1.9072143105118094e-07, "distribution": "{\"name\": \"FloatDistribution\", \"attributes\": {\"step\": null, \"low\": 1e-08, \"high\": 0.001, \"log\": true}}"}
{"op_code": 5, "worker_id": "93e52212-77a2-477a-8d15-28cac106a682-140527338727232", "trial_id": 37, "param_name": "random_seed", "param_value_internal": 0, "distribution": "{\"name\": \"CategoricalDistribution\", \"attributes\": {\"choices\": [42]}}"}
{"op_code": 5, "worker_id": "93e52212-77a2-477a-8d15-28cac106a682-140527338727232", "trial_id": 37, "param_name": "degree", "param_value_internal": 0, "distribution": "{\"name\": \"CategoricalDistribution\", \"attributes\": {\"choices\": [3]}}"}
{"op_code": 8, "worker_id": "93e52212-77a2-477a-8d15-28cac106a682-140527338727232", "trial_id": 37, "user_attr": {"best_epoch": 0}}
{"op_code": 8, "worker_id": "93e52212-77a2-477a-8d15-28cac106a682-140527338727232", "trial_id": 37, "user_attr": {"test_loss": 0.458232523905654}}
{"op_code": 6, "worker_id": "93e52212-77a2-477a-8d15-28cac106a682-140527338727232", "trial_id": 37, "state": 1, "values": [0.4572737399712308], "datetime_complete": "2024-08-26T11:19:49.338760"}
{"op_code": 4, "worker_id": "93e52212-77a2-477a-8d15-28cac106a682-140527338727232", "study_id": 0, "datetime_start": "2024-08-26T11:19:49.350834"}
{"op_code": 5, "worker_id": "93e52212-77a2-477a-8d15-28cac106a682-140527338727232", "trial_id": 38, "param_name": "lr", "param_value_internal": 0.0007566573739738901, "distribution": "{\"name\": \"FloatDistribution\", \"attributes\": {\"step\": null, \"low\": 1e-05, \"high\": 0.001, \"log\": true}}"}
{"op_code": 5, "worker_id": "93e52212-77a2-477a-8d15-28cac106a682-140527338727232", "trial_id": 38, "param_name": "l2reg", "param_value_internal": 6.125820888667151e-07, "distribution": "{\"name\": \"FloatDistribution\", \"attributes\": {\"step\": null, \"low\": 1e-08, \"high\": 0.001, \"log\": true}}"}
{"op_code": 5, "worker_id": "93e52212-77a2-477a-8d15-28cac106a682-140527338727232", "trial_id": 38, "param_name": "random_seed", "param_value_internal": 0, "distribution": "{\"name\": \"CategoricalDistribution\", \"attributes\": {\"choices\": [42]}}"}
{"op_code": 5, "worker_id": "93e52212-77a2-477a-8d15-28cac106a682-140527338727232", "trial_id": 38, "param_name": "degree", "param_value_internal": 0, "distribution": "{\"name\": \"CategoricalDistribution\", \"attributes\": {\"choices\": [3]}}"}
{"op_code": 8, "worker_id": "93e52212-77a2-477a-8d15-28cac106a682-140527338727232", "trial_id": 38, "user_attr": {"best_epoch": 0}}
{"op_code": 8, "worker_id": "93e52212-77a2-477a-8d15-28cac106a682-140527338727232", "trial_id": 38, "user_attr": {"test_loss": 0.4577517766993553}}
{"op_code": 6, "worker_id": "93e52212-77a2-477a-8d15-28cac106a682-140527338727232", "trial_id": 38, "state": 1, "values": [0.45667907633011945], "datetime_complete": "2024-08-26T11:23:56.373491"}
{"op_code": 4, "worker_id": "93e52212-77a2-477a-8d15-28cac106a682-140527338727232", "study_id": 0, "datetime_start": "2024-08-26T11:23:56.385571"}
{"op_code": 5, "worker_id": "93e52212-77a2-477a-8d15-28cac106a682-140527338727232", "trial_id": 39, "param_name": "lr", "param_value_internal": 0.0004769389916441273, "distribution": "{\"name\": \"FloatDistribution\", \"attributes\": {\"step\": null, \"low\": 1e-05, \"high\": 0.001, \"log\": true}}"}
{"op_code": 5, "worker_id": "93e52212-77a2-477a-8d15-28cac106a682-140527338727232", "trial_id": 39, "param_name": "l2reg", "param_value_internal": 2.3069900109647918e-06, "distribution": "{\"name\": \"FloatDistribution\", \"attributes\": {\"step\": null, \"low\": 1e-08, \"high\": 0.001, \"log\": true}}"}
{"op_code": 5, "worker_id": "93e52212-77a2-477a-8d15-28cac106a682-140527338727232", "trial_id": 39, "param_name": "random_seed", "param_value_internal": 0, "distribution": "{\"name\": \"CategoricalDistribution\", \"attributes\": {\"choices\": [42]}}"}
{"op_code": 5, "worker_id": "93e52212-77a2-477a-8d15-28cac106a682-140527338727232", "trial_id": 39, "param_name": "degree", "param_value_internal": 0, "distribution": "{\"name\": \"CategoricalDistribution\", \"attributes\": {\"choices\": [3]}}"}
{"op_code": 8, "worker_id": "93e52212-77a2-477a-8d15-28cac106a682-140527338727232", "trial_id": 39, "user_attr": {"best_epoch": 1}}
{"op_code": 8, "worker_id": "93e52212-77a2-477a-8d15-28cac106a682-140527338727232", "trial_id": 39, "user_attr": {"test_loss": 0.45895900840782694}}
{"op_code": 6, "worker_id": "93e52212-77a2-477a-8d15-28cac106a682-140527338727232", "trial_id": 39, "state": 1, "values": [0.4577102796602664], "datetime_complete": "2024-08-26T11:28:45.219412"}
{"op_code": 4, "worker_id": "93e52212-77a2-477a-8d15-28cac106a682-140527338727232", "study_id": 0, "datetime_start": "2024-08-26T11:28:45.228273"}
{"op_code": 5, "worker_id": "93e52212-77a2-477a-8d15-28cac106a682-140527338727232", "trial_id": 40, "param_name": "lr", "param_value_internal": 0.0002529551643029038, "distribution": "{\"name\": \"FloatDistribution\", \"attributes\": {\"step\": null, \"low\": 1e-05, \"high\": 0.001, \"log\": true}}"}
{"op_code": 5, "worker_id": "93e52212-77a2-477a-8d15-28cac106a682-140527338727232", "trial_id": 40, "param_name": "l2reg", "param_value_internal": 7.469735000981066e-06, "distribution": "{\"name\": \"FloatDistribution\", \"attributes\": {\"step\": null, \"low\": 1e-08, \"high\": 0.001, \"log\": true}}"}
{"op_code": 5, "worker_id": "93e52212-77a2-477a-8d15-28cac106a682-140527338727232", "trial_id": 40, "param_name": "random_seed", "param_value_internal": 0, "distribution": "{\"name\": \"CategoricalDistribution\", \"attributes\": {\"choices\": [42]}}"}
{"op_code": 5, "worker_id": "93e52212-77a2-477a-8d15-28cac106a682-140527338727232", "trial_id": 40, "param_name": "degree", "param_value_internal": 0, "distribution": "{\"name\": \"CategoricalDistribution\", \"attributes\": {\"choices\": [3]}}"}
{"op_code": 8, "worker_id": "93e52212-77a2-477a-8d15-28cac106a682-140527338727232", "trial_id": 40, "user_attr": {"best_epoch": 1}}
{"op_code": 8, "worker_id": "93e52212-77a2-477a-8d15-28cac106a682-140527338727232", "trial_id": 40, "user_attr": {"test_loss": 0.45900161254363486}}
{"op_code": 6, "worker_id": "93e52212-77a2-477a-8d15-28cac106a682-140527338727232", "trial_id": 40, "state": 1, "values": [0.4580244278982265], "datetime_complete": "2024-08-26T11:33:34.363146"}
{"op_code": 4, "worker_id": "93e52212-77a2-477a-8d15-28cac106a682-140527338727232", "study_id": 0, "datetime_start": "2024-08-26T11:33:34.373244"}
{"op_code": 5, "worker_id": "93e52212-77a2-477a-8d15-28cac106a682-140527338727232", "trial_id": 41, "param_name": "lr", "param_value_internal": 0.0009205508175830812, "distribution": "{\"name\": \"FloatDistribution\", \"attributes\": {\"step\": null, \"low\": 1e-05, \"high\": 0.001, \"log\": true}}"}
{"op_code": 5, "worker_id": "93e52212-77a2-477a-8d15-28cac106a682-140527338727232", "trial_id": 41, "param_name": "l2reg", "param_value_internal": 8.603276196317735e-07, "distribution": "{\"name\": \"FloatDistribution\", \"attributes\": {\"step\": null, \"low\": 1e-08, \"high\": 0.001, \"log\": true}}"}
{"op_code": 5, "worker_id": "93e52212-77a2-477a-8d15-28cac106a682-140527338727232", "trial_id": 41, "param_name": "random_seed", "param_value_internal": 0, "distribution": "{\"name\": \"CategoricalDistribution\", \"attributes\": {\"choices\": [42]}}"}
{"op_code": 5, "worker_id": "93e52212-77a2-477a-8d15-28cac106a682-140527338727232", "trial_id": 41, "param_name": "degree", "param_value_internal": 0, "distribution": "{\"name\": \"CategoricalDistribution\", \"attributes\": {\"choices\": [3]}}"}
{"op_code": 8, "worker_id": "93e52212-77a2-477a-8d15-28cac106a682-140527338727232", "trial_id": 41, "user_attr": {"best_epoch": 0}}
{"op_code": 8, "worker_id": "93e52212-77a2-477a-8d15-28cac106a682-140527338727232", "trial_id": 41, "user_attr": {"test_loss": 0.4577663598354473}}
{"op_code": 6, "worker_id": "93e52212-77a2-477a-8d15-28cac106a682-140527338727232", "trial_id": 41, "state": 1, "values": [0.4566478485674932], "datetime_complete": "2024-08-26T11:37:38.978213"}
{"op_code": 4, "worker_id": "93e52212-77a2-477a-8d15-28cac106a682-140527338727232", "study_id": 0, "datetime_start": "2024-08-26T11:37:38.987559"}
{"op_code": 5, "worker_id": "93e52212-77a2-477a-8d15-28cac106a682-140527338727232", "trial_id": 42, "param_name": "lr", "param_value_internal": 0.0007898376856727797, "distribution": "{\"name\": \"FloatDistribution\", \"attributes\": {\"step\": null, \"low\": 1e-05, \"high\": 0.001, \"log\": true}}"}
{"op_code": 5, "worker_id": "93e52212-77a2-477a-8d15-28cac106a682-140527338727232", "trial_id": 42, "param_name": "l2reg", "param_value_internal": 1.4199086814714782e-06, "distribution": "{\"name\": \"FloatDistribution\", \"attributes\": {\"step\": null, \"low\": 1e-08, \"high\": 0.001, \"log\": true}}"}
{"op_code": 5, "worker_id": "93e52212-77a2-477a-8d15-28cac106a682-140527338727232", "trial_id": 42, "param_name": "random_seed", "param_value_internal": 0, "distribution": "{\"name\": \"CategoricalDistribution\", \"attributes\": {\"choices\": [42]}}"}
{"op_code": 5, "worker_id": "93e52212-77a2-477a-8d15-28cac106a682-140527338727232", "trial_id": 42, "param_name": "degree", "param_value_internal": 0, "distribution": "{\"name\": \"CategoricalDistribution\", \"attributes\": {\"choices\": [3]}}"}
{"op_code": 8, "worker_id": "93e52212-77a2-477a-8d15-28cac106a682-140527338727232", "trial_id": 42, "user_attr": {"best_epoch": 0}}
{"op_code": 8, "worker_id": "93e52212-77a2-477a-8d15-28cac106a682-140527338727232", "trial_id": 42, "user_attr": {"test_loss": 0.4577396749869439}}
{"op_code": 6, "worker_id": "93e52212-77a2-477a-8d15-28cac106a682-140527338727232", "trial_id": 42, "state": 1, "values": [0.4566534604025862], "datetime_complete": "2024-08-26T11:41:41.608301"}
{"op_code": 4, "worker_id": "93e52212-77a2-477a-8d15-28cac106a682-140527338727232", "study_id": 0, "datetime_start": "2024-08-26T11:41:41.617505"}
{"op_code": 5, "worker_id": "93e52212-77a2-477a-8d15-28cac106a682-140527338727232", "trial_id": 43, "param_name": "lr", "param_value_internal": 0.0006573794231048569, "distribution": "{\"name\": \"FloatDistribution\", \"attributes\": {\"step\": null, \"low\": 1e-05, \"high\": 0.001, \"log\": true}}"}
{"op_code": 5, "worker_id": "93e52212-77a2-477a-8d15-28cac106a682-140527338727232", "trial_id": 43, "param_name": "l2reg", "param_value_internal": 4.059253937186121e-06, "distribution": "{\"name\": \"FloatDistribution\", \"attributes\": {\"step\": null, \"low\": 1e-08, \"high\": 0.001, \"log\": true}}"}
{"op_code": 5, "worker_id": "93e52212-77a2-477a-8d15-28cac106a682-140527338727232", "trial_id": 43, "param_name": "random_seed", "param_value_internal": 0, "distribution": "{\"name\": \"CategoricalDistribution\", \"attributes\": {\"choices\": [42]}}"}
{"op_code": 5, "worker_id": "93e52212-77a2-477a-8d15-28cac106a682-140527338727232", "trial_id": 43, "param_name": "degree", "param_value_internal": 0, "distribution": "{\"name\": \"CategoricalDistribution\", \"attributes\": {\"choices\": [3]}}"}
{"op_code": 8, "worker_id": "93e52212-77a2-477a-8d15-28cac106a682-140527338727232", "trial_id": 43, "user_attr": {"best_epoch": 0}}
{"op_code": 8, "worker_id": "93e52212-77a2-477a-8d15-28cac106a682-140527338727232", "trial_id": 43, "user_attr": {"test_loss": 0.4578866516203315}}
{"op_code": 6, "worker_id": "93e52212-77a2-477a-8d15-28cac106a682-140527338727232", "trial_id": 43, "state": 1, "values": [0.4568614800585158], "datetime_complete": "2024-08-26T11:45:47.318147"}
{"op_code": 4, "worker_id": "93e52212-77a2-477a-8d15-28cac106a682-140527338727232", "study_id": 0, "datetime_start": "2024-08-26T11:45:47.328949"}
{"op_code": 5, "worker_id": "93e52212-77a2-477a-8d15-28cac106a682-140527338727232", "trial_id": 44, "param_name": "lr", "param_value_internal": 0.00037588856473387463, "distribution": "{\"name\": \"FloatDistribution\", \"attributes\": {\"step\": null, \"low\": 1e-05, \"high\": 0.001, \"log\": true}}"}
{"op_code": 5, "worker_id": "93e52212-77a2-477a-8d15-28cac106a682-140527338727232", "trial_id": 44, "param_name": "l2reg", "param_value_internal": 2.063635250956447e-05, "distribution": "{\"name\": \"FloatDistribution\", \"attributes\": {\"step\": null, \"low\": 1e-08, \"high\": 0.001, \"log\": true}}"}
{"op_code": 5, "worker_id": "93e52212-77a2-477a-8d15-28cac106a682-140527338727232", "trial_id": 44, "param_name": "random_seed", "param_value_internal": 0, "distribution": "{\"name\": \"CategoricalDistribution\", \"attributes\": {\"choices\": [42]}}"}
{"op_code": 5, "worker_id": "93e52212-77a2-477a-8d15-28cac106a682-140527338727232", "trial_id": 44, "param_name": "degree", "param_value_internal": 0, "distribution": "{\"name\": \"CategoricalDistribution\", \"attributes\": {\"choices\": [3]}}"}
{"op_code": 8, "worker_id": "93e52212-77a2-477a-8d15-28cac106a682-140527338727232", "trial_id": 44, "user_attr": {"best_epoch": 1}}
{"op_code": 8, "worker_id": "93e52212-77a2-477a-8d15-28cac106a682-140527338727232", "trial_id": 44, "user_attr": {"test_loss": 0.45840656714503425}}
{"op_code": 6, "worker_id": "93e52212-77a2-477a-8d15-28cac106a682-140527338727232", "trial_id": 44, "state": 1, "values": [0.45725591189647957], "datetime_complete": "2024-08-26T11:50:51.886257"}
{"op_code": 4, "worker_id": "93e52212-77a2-477a-8d15-28cac106a682-140527338727232", "study_id": 0, "datetime_start": "2024-08-26T11:50:51.896477"}
{"op_code": 5, "worker_id": "93e52212-77a2-477a-8d15-28cac106a682-140527338727232", "trial_id": 45, "param_name": "lr", "param_value_internal": 1.869503717902389e-05, "distribution": "{\"name\": \"FloatDistribution\", \"attributes\": {\"step\": null, \"low\": 1e-05, \"high\": 0.001, \"log\": true}}"}
{"op_code": 5, "worker_id": "93e52212-77a2-477a-8d15-28cac106a682-140527338727232", "trial_id": 45, "param_name": "l2reg", "param_value_internal": 6.352112357797287e-08, "distribution": "{\"name\": \"FloatDistribution\", \"attributes\": {\"step\": null, \"low\": 1e-08, \"high\": 0.001, \"log\": true}}"}
{"op_code": 5, "worker_id": "93e52212-77a2-477a-8d15-28cac106a682-140527338727232", "trial_id": 45, "param_name": "random_seed", "param_value_internal": 0, "distribution": "{\"name\": \"CategoricalDistribution\", \"attributes\": {\"choices\": [42]}}"}
{"op_code": 5, "worker_id": "93e52212-77a2-477a-8d15-28cac106a682-140527338727232", "trial_id": 45, "param_name": "degree", "param_value_internal": 0, "distribution": "{\"name\": \"CategoricalDistribution\", \"attributes\": {\"choices\": [3]}}"}
{"op_code": 8, "worker_id": "93e52212-77a2-477a-8d15-28cac106a682-140527338727232", "trial_id": 45, "user_attr": {"best_epoch": 9}}
{"op_code": 8, "worker_id": "93e52212-77a2-477a-8d15-28cac106a682-140527338727232", "trial_id": 45, "user_attr": {"test_loss": 0.4631071089352631}}
{"op_code": 6, "worker_id": "93e52212-77a2-477a-8d15-28cac106a682-140527338727232", "trial_id": 45, "state": 1, "values": [0.4624087981358018], "datetime_complete": "2024-08-26T11:59:46.542548"}
{"op_code": 4, "worker_id": "93e52212-77a2-477a-8d15-28cac106a682-140527338727232", "study_id": 0, "datetime_start": "2024-08-26T11:59:46.557594"}
{"op_code": 5, "worker_id": "93e52212-77a2-477a-8d15-28cac106a682-140527338727232", "trial_id": 46, "param_name": "lr", "param_value_internal": 0.0008356122319514914, "distribution": "{\"name\": \"FloatDistribution\", \"attributes\": {\"step\": null, \"low\": 1e-05, \"high\": 0.001, \"log\": true}}"}
{"op_code": 5, "worker_id": "93e52212-77a2-477a-8d15-28cac106a682-140527338727232", "trial_id": 46, "param_name": "l2reg", "param_value_internal": 2.0909894052395132e-07, "distribution": "{\"name\": \"FloatDistribution\", \"attributes\": {\"step\": null, \"low\": 1e-08, \"high\": 0.001, \"log\": true}}"}
{"op_code": 5, "worker_id": "93e52212-77a2-477a-8d15-28cac106a682-140527338727232", "trial_id": 46, "param_name": "random_seed", "param_value_internal": 0, "distribution": "{\"name\": \"CategoricalDistribution\", \"attributes\": {\"choices\": [42]}}"}
{"op_code": 5, "worker_id": "93e52212-77a2-477a-8d15-28cac106a682-140527338727232", "trial_id": 46, "param_name": "degree", "param_value_internal": 0, "distribution": "{\"name\": \"CategoricalDistribution\", \"attributes\": {\"choices\": [3]}}"}
{"op_code": 8, "worker_id": "93e52212-77a2-477a-8d15-28cac106a682-140527338727232", "trial_id": 46, "user_attr": {"best_epoch": 0}}
{"op_code": 8, "worker_id": "93e52212-77a2-477a-8d15-28cac106a682-140527338727232", "trial_id": 46, "user_attr": {"test_loss": 0.4577345212608381}}
{"op_code": 6, "worker_id": "93e52212-77a2-477a-8d15-28cac106a682-140527338727232", "trial_id": 46, "state": 1, "values": [0.4566350215158521], "datetime_complete": "2024-08-26T12:03:50.186198"}
{"op_code": 4, "worker_id": "93e52212-77a2-477a-8d15-28cac106a682-140527338727232", "study_id": 0, "datetime_start": "2024-08-26T12:03:50.216557"}
{"op_code": 5, "worker_id": "93e52212-77a2-477a-8d15-28cac106a682-140527338727232", "trial_id": 47, "param_name": "lr", "param_value_internal": 0.0005136219025034535, "distribution": "{\"name\": \"FloatDistribution\", \"attributes\": {\"step\": null, \"low\": 1e-05, \"high\": 0.001, \"log\": true}}"}
{"op_code": 5, "worker_id": "93e52212-77a2-477a-8d15-28cac106a682-140527338727232", "trial_id": 47, "param_name": "l2reg", "param_value_internal": 1.9674536993081374e-07, "distribution": "{\"name\": \"FloatDistribution\", \"attributes\": {\"step\": null, \"low\": 1e-08, \"high\": 0.001, \"log\": true}}"}
{"op_code": 5, "worker_id": "93e52212-77a2-477a-8d15-28cac106a682-140527338727232", "trial_id": 47, "param_name": "random_seed", "param_value_internal": 0, "distribution": "{\"name\": \"CategoricalDistribution\", \"attributes\": {\"choices\": [42]}}"}
{"op_code": 5, "worker_id": "93e52212-77a2-477a-8d15-28cac106a682-140527338727232", "trial_id": 47, "param_name": "degree", "param_value_internal": 0, "distribution": "{\"name\": \"CategoricalDistribution\", \"attributes\": {\"choices\": [3]}}"}
{"op_code": 8, "worker_id": "93e52212-77a2-477a-8d15-28cac106a682-140527338727232", "trial_id": 47, "user_attr": {"best_epoch": 0}}
{"op_code": 8, "worker_id": "93e52212-77a2-477a-8d15-28cac106a682-140527338727232", "trial_id": 47, "user_attr": {"test_loss": 0.4584894848717142}}
{"op_code": 6, "worker_id": "93e52212-77a2-477a-8d15-28cac106a682-140527338727232", "trial_id": 47, "state": 1, "values": [0.45756685337152947], "datetime_complete": "2024-08-26T12:07:52.640404"}
{"op_code": 4, "worker_id": "93e52212-77a2-477a-8d15-28cac106a682-140527338727232", "study_id": 0, "datetime_start": "2024-08-26T12:07:52.649503"}
{"op_code": 5, "worker_id": "93e52212-77a2-477a-8d15-28cac106a682-140527338727232", "trial_id": 48, "param_name": "lr", "param_value_internal": 0.0008255316619541032, "distribution": "{\"name\": \"FloatDistribution\", \"attributes\": {\"step\": null, \"low\": 1e-05, \"high\": 0.001, \"log\": true}}"}
{"op_code": 5, "worker_id": "93e52212-77a2-477a-8d15-28cac106a682-140527338727232", "trial_id": 48, "param_name": "l2reg", "param_value_internal": 3.09636088986124e-08, "distribution": "{\"name\": \"FloatDistribution\", \"attributes\": {\"step\": null, \"low\": 1e-08, \"high\": 0.001, \"log\": true}}"}
{"op_code": 5, "worker_id": "93e52212-77a2-477a-8d15-28cac106a682-140527338727232", "trial_id": 48, "param_name": "random_seed", "param_value_internal": 0, "distribution": "{\"name\": \"CategoricalDistribution\", \"attributes\": {\"choices\": [42]}}"}
{"op_code": 5, "worker_id": "93e52212-77a2-477a-8d15-28cac106a682-140527338727232", "trial_id": 48, "param_name": "degree", "param_value_internal": 0, "distribution": "{\"name\": \"CategoricalDistribution\", \"attributes\": {\"choices\": [3]}}"}
{"op_code": 8, "worker_id": "93e52212-77a2-477a-8d15-28cac106a682-140527338727232", "trial_id": 48, "user_attr": {"best_epoch": 0}}
{"op_code": 8, "worker_id": "93e52212-77a2-477a-8d15-28cac106a682-140527338727232", "trial_id": 48, "user_attr": {"test_loss": 0.4577343685578424}}
{"op_code": 6, "worker_id": "93e52212-77a2-477a-8d15-28cac106a682-140527338727232", "trial_id": 48, "state": 1, "values": [0.45663773199402624], "datetime_complete": "2024-08-26T12:11:54.910806"}
{"op_code": 4, "worker_id": "93e52212-77a2-477a-8d15-28cac106a682-140527338727232", "study_id": 0, "datetime_start": "2024-08-26T12:11:54.919392"}
{"op_code": 5, "worker_id": "93e52212-77a2-477a-8d15-28cac106a682-140527338727232", "trial_id": 49, "param_name": "lr", "param_value_internal": 0.0006209929065561198, "distribution": "{\"name\": \"FloatDistribution\", \"attributes\": {\"step\": null, \"low\": 1e-05, \"high\": 0.001, \"log\": true}}"}
{"op_code": 5, "worker_id": "93e52212-77a2-477a-8d15-28cac106a682-140527338727232", "trial_id": 49, "param_name": "l2reg", "param_value_internal": 2.8240362344879576e-08, "distribution": "{\"name\": \"FloatDistribution\", \"attributes\": {\"step\": null, \"low\": 1e-08, \"high\": 0.001, \"log\": true}}"}
{"op_code": 5, "worker_id": "93e52212-77a2-477a-8d15-28cac106a682-140527338727232", "trial_id": 49, "param_name": "random_seed", "param_value_internal": 0, "distribution": "{\"name\": \"CategoricalDistribution\", \"attributes\": {\"choices\": [42]}}"}
{"op_code": 5, "worker_id": "93e52212-77a2-477a-8d15-28cac106a682-140527338727232", "trial_id": 49, "param_name": "degree", "param_value_internal": 0, "distribution": "{\"name\": \"CategoricalDistribution\", \"attributes\": {\"choices\": [3]}}"}
{"op_code": 8, "worker_id": "93e52212-77a2-477a-8d15-28cac106a682-140527338727232", "trial_id": 49, "user_attr": {"best_epoch": 0}}
{"op_code": 8, "worker_id": "93e52212-77a2-477a-8d15-28cac106a682-140527338727232", "trial_id": 49, "user_attr": {"test_loss": 0.45798357984686944}}
{"op_code": 6, "worker_id": "93e52212-77a2-477a-8d15-28cac106a682-140527338727232", "trial_id": 49, "state": 1, "values": [0.45697932859546836], "datetime_complete": "2024-08-26T12:15:58.051219"}
