{"op_code": 0, "worker_id": "2c471342-4350-4c5c-8e43-2c98921bf901-140227401709376", "study_name": "criteo_splines_0_48", "directions": [1]}
{"op_code": 4, "worker_id": "2c471342-4350-4c5c-8e43-2c98921bf901-140227401709376", "study_id": 0, "datetime_start": "2024-08-28T07:09:17.616503"}
{"op_code": 5, "worker_id": "2c471342-4350-4c5c-8e43-2c98921bf901-140227401709376", "trial_id": 0, "param_name": "lr", "param_value_internal": 5.6115164153345e-05, "distribution": "{\"name\": \"FloatDistribution\", \"attributes\": {\"step\": null, \"low\": 1e-05, \"high\": 0.001, \"log\": true}}"}
{"op_code": 5, "worker_id": "2c471342-4350-4c5c-8e43-2c98921bf901-140227401709376", "trial_id": 0, "param_name": "l2reg", "param_value_internal": 0.0005669849511478851, "distribution": "{\"name\": \"FloatDistribution\", \"attributes\": {\"step\": null, \"low\": 1e-08, \"high\": 0.001, \"log\": true}}"}
{"op_code": 5, "worker_id": "2c471342-4350-4c5c-8e43-2c98921bf901-140227401709376", "trial_id": 0, "param_name": "random_seed", "param_value_internal": 0, "distribution": "{\"name\": \"CategoricalDistribution\", \"attributes\": {\"choices\": [42]}}"}
{"op_code": 5, "worker_id": "2c471342-4350-4c5c-8e43-2c98921bf901-140227401709376", "trial_id": 0, "param_name": "degree", "param_value_internal": 0, "distribution": "{\"name\": \"CategoricalDistribution\", \"attributes\": {\"choices\": [0]}}"}
{"op_code": 8, "worker_id": "2c471342-4350-4c5c-8e43-2c98921bf901-140227401709376", "trial_id": 0, "user_attr": {"best_epoch": 6}}
{"op_code": 8, "worker_id": "2c471342-4350-4c5c-8e43-2c98921bf901-140227401709376", "trial_id": 0, "user_attr": {"test_loss": 0.46293371468361466}}
{"op_code": 6, "worker_id": "2c471342-4350-4c5c-8e43-2c98921bf901-140227401709376", "trial_id": 0, "state": 1, "values": [0.46194629893749256], "datetime_complete": "2024-08-28T07:17:46.303027"}
{"op_code": 4, "worker_id": "2c471342-4350-4c5c-8e43-2c98921bf901-140227401709376", "study_id": 0, "datetime_start": "2024-08-28T07:17:46.312527"}
{"op_code": 5, "worker_id": "2c471342-4350-4c5c-8e43-2c98921bf901-140227401709376", "trial_id": 1, "param_name": "lr", "param_value_internal": 0.000291063591313307, "distribution": "{\"name\": \"FloatDistribution\", \"attributes\": {\"step\": null, \"low\": 1e-05, \"high\": 0.001, \"log\": true}}"}
{"op_code": 5, "worker_id": "2c471342-4350-4c5c-8e43-2c98921bf901-140227401709376", "trial_id": 1, "param_name": "l2reg", "param_value_internal": 9.846738873614555e-06, "distribution": "{\"name\": \"FloatDistribution\", \"attributes\": {\"step\": null, \"low\": 1e-08, \"high\": 0.001, \"log\": true}}"}
{"op_code": 5, "worker_id": "2c471342-4350-4c5c-8e43-2c98921bf901-140227401709376", "trial_id": 1, "param_name": "random_seed", "param_value_internal": 0, "distribution": "{\"name\": \"CategoricalDistribution\", \"attributes\": {\"choices\": [42]}}"}
{"op_code": 5, "worker_id": "2c471342-4350-4c5c-8e43-2c98921bf901-140227401709376", "trial_id": 1, "param_name": "degree", "param_value_internal": 0, "distribution": "{\"name\": \"CategoricalDistribution\", \"attributes\": {\"choices\": [0]}}"}
{"op_code": 8, "worker_id": "2c471342-4350-4c5c-8e43-2c98921bf901-140227401709376", "trial_id": 1, "user_attr": {"best_epoch": 1}}
{"op_code": 8, "worker_id": "2c471342-4350-4c5c-8e43-2c98921bf901-140227401709376", "trial_id": 1, "user_attr": {"test_loss": 0.4607184141488488}}
{"op_code": 6, "worker_id": "2c471342-4350-4c5c-8e43-2c98921bf901-140227401709376", "trial_id": 1, "state": 1, "values": [0.45949637024979156], "datetime_complete": "2024-08-28T07:22:15.839684"}
{"op_code": 4, "worker_id": "2c471342-4350-4c5c-8e43-2c98921bf901-140227401709376", "study_id": 0, "datetime_start": "2024-08-28T07:22:15.849406"}
{"op_code": 5, "worker_id": "2c471342-4350-4c5c-8e43-2c98921bf901-140227401709376", "trial_id": 2, "param_name": "lr", "param_value_internal": 2.0513382630874486e-05, "distribution": "{\"name\": \"FloatDistribution\", \"attributes\": {\"step\": null, \"low\": 1e-05, \"high\": 0.001, \"log\": true}}"}
{"op_code": 5, "worker_id": "2c471342-4350-4c5c-8e43-2c98921bf901-140227401709376", "trial_id": 2, "param_name": "l2reg", "param_value_internal": 6.02521573620385e-08, "distribution": "{\"name\": \"FloatDistribution\", \"attributes\": {\"step\": null, \"low\": 1e-08, \"high\": 0.001, \"log\": true}}"}
{"op_code": 5, "worker_id": "2c471342-4350-4c5c-8e43-2c98921bf901-140227401709376", "trial_id": 2, "param_name": "random_seed", "param_value_internal": 0, "distribution": "{\"name\": \"CategoricalDistribution\", \"attributes\": {\"choices\": [42]}}"}
{"op_code": 5, "worker_id": "2c471342-4350-4c5c-8e43-2c98921bf901-140227401709376", "trial_id": 2, "param_name": "degree", "param_value_internal": 0, "distribution": "{\"name\": \"CategoricalDistribution\", \"attributes\": {\"choices\": [0]}}"}
{"op_code": 8, "worker_id": "2c471342-4350-4c5c-8e43-2c98921bf901-140227401709376", "trial_id": 2, "user_attr": {"best_epoch": 2}}
{"op_code": 8, "worker_id": "2c471342-4350-4c5c-8e43-2c98921bf901-140227401709376", "trial_id": 2, "user_attr": {"test_loss": 0.4650475440777197}}
{"op_code": 6, "worker_id": "2c471342-4350-4c5c-8e43-2c98921bf901-140227401709376", "trial_id": 2, "state": 1, "values": [0.4642976196657026], "datetime_complete": "2024-08-28T07:27:31.652804"}
{"op_code": 4, "worker_id": "2c471342-4350-4c5c-8e43-2c98921bf901-140227401709376", "study_id": 0, "datetime_start": "2024-08-28T07:27:31.661974"}
{"op_code": 5, "worker_id": "2c471342-4350-4c5c-8e43-2c98921bf901-140227401709376", "trial_id": 3, "param_name": "lr", "param_value_internal": 1.3066739238053272e-05, "distribution": "{\"name\": \"FloatDistribution\", \"attributes\": {\"step\": null, \"low\": 1e-05, \"high\": 0.001, \"log\": true}}"}
{"op_code": 5, "worker_id": "2c471342-4350-4c5c-8e43-2c98921bf901-140227401709376", "trial_id": 3, "param_name": "l2reg", "param_value_internal": 0.00021423021757741048, "distribution": "{\"name\": \"FloatDistribution\", \"attributes\": {\"step\": null, \"low\": 1e-08, \"high\": 0.001, \"log\": true}}"}
{"op_code": 5, "worker_id": "2c471342-4350-4c5c-8e43-2c98921bf901-140227401709376", "trial_id": 3, "param_name": "random_seed", "param_value_internal": 0, "distribution": "{\"name\": \"CategoricalDistribution\", \"attributes\": {\"choices\": [42]}}"}
{"op_code": 5, "worker_id": "2c471342-4350-4c5c-8e43-2c98921bf901-140227401709376", "trial_id": 3, "param_name": "degree", "param_value_internal": 0, "distribution": "{\"name\": \"CategoricalDistribution\", \"attributes\": {\"choices\": [0]}}"}
{"op_code": 8, "worker_id": "2c471342-4350-4c5c-8e43-2c98921bf901-140227401709376", "trial_id": 3, "user_attr": {"best_epoch": 2}}
{"op_code": 8, "worker_id": "2c471342-4350-4c5c-8e43-2c98921bf901-140227401709376", "trial_id": 3, "user_attr": {"test_loss": 0.4646931204246365}}
{"op_code": 6, "worker_id": "2c471342-4350-4c5c-8e43-2c98921bf901-140227401709376", "trial_id": 3, "state": 1, "values": [0.4639382713410072], "datetime_complete": "2024-08-28T07:32:47.159659"}
{"op_code": 4, "worker_id": "2c471342-4350-4c5c-8e43-2c98921bf901-140227401709376", "study_id": 0, "datetime_start": "2024-08-28T07:32:47.168704"}
{"op_code": 5, "worker_id": "2c471342-4350-4c5c-8e43-2c98921bf901-140227401709376", "trial_id": 4, "param_name": "lr", "param_value_internal": 0.00015930522616241006, "distribution": "{\"name\": \"FloatDistribution\", \"attributes\": {\"step\": null, \"low\": 1e-05, \"high\": 0.001, \"log\": true}}"}
{"op_code": 5, "worker_id": "2c471342-4350-4c5c-8e43-2c98921bf901-140227401709376", "trial_id": 4, "param_name": "l2reg", "param_value_internal": 3.47026698865041e-05, "distribution": "{\"name\": \"FloatDistribution\", \"attributes\": {\"step\": null, \"low\": 1e-08, \"high\": 0.001, \"log\": true}}"}
{"op_code": 5, "worker_id": "2c471342-4350-4c5c-8e43-2c98921bf901-140227401709376", "trial_id": 4, "param_name": "random_seed", "param_value_internal": 0, "distribution": "{\"name\": \"CategoricalDistribution\", \"attributes\": {\"choices\": [42]}}"}
{"op_code": 5, "worker_id": "2c471342-4350-4c5c-8e43-2c98921bf901-140227401709376", "trial_id": 4, "param_name": "degree", "param_value_internal": 0, "distribution": "{\"name\": \"CategoricalDistribution\", \"attributes\": {\"choices\": [0]}}"}
{"op_code": 8, "worker_id": "2c471342-4350-4c5c-8e43-2c98921bf901-140227401709376", "trial_id": 4, "user_attr": {"best_epoch": 2}}
{"op_code": 8, "worker_id": "2c471342-4350-4c5c-8e43-2c98921bf901-140227401709376", "trial_id": 4, "user_attr": {"test_loss": 0.4609416659286022}}
{"op_code": 6, "worker_id": "2c471342-4350-4c5c-8e43-2c98921bf901-140227401709376", "trial_id": 4, "state": 1, "values": [0.4597080547776186], "datetime_complete": "2024-08-28T07:38:02.417393"}
{"op_code": 4, "worker_id": "2c471342-4350-4c5c-8e43-2c98921bf901-140227401709376", "study_id": 0, "datetime_start": "2024-08-28T07:38:02.428482"}
{"op_code": 5, "worker_id": "2c471342-4350-4c5c-8e43-2c98921bf901-140227401709376", "trial_id": 5, "param_name": "lr", "param_value_internal": 1.0994335574766187e-05, "distribution": "{\"name\": \"FloatDistribution\", \"attributes\": {\"step\": null, \"low\": 1e-05, \"high\": 0.001, \"log\": true}}"}
{"op_code": 5, "worker_id": "2c471342-4350-4c5c-8e43-2c98921bf901-140227401709376", "trial_id": 5, "param_name": "l2reg", "param_value_internal": 0.0007072114131472234, "distribution": "{\"name\": \"FloatDistribution\", \"attributes\": {\"step\": null, \"low\": 1e-08, \"high\": 0.001, \"log\": true}}"}
{"op_code": 5, "worker_id": "2c471342-4350-4c5c-8e43-2c98921bf901-140227401709376", "trial_id": 5, "param_name": "random_seed", "param_value_internal": 0, "distribution": "{\"name\": \"CategoricalDistribution\", \"attributes\": {\"choices\": [42]}}"}
{"op_code": 5, "worker_id": "2c471342-4350-4c5c-8e43-2c98921bf901-140227401709376", "trial_id": 5, "param_name": "degree", "param_value_internal": 0, "distribution": "{\"name\": \"CategoricalDistribution\", \"attributes\": {\"choices\": [0]}}"}
{"op_code": 8, "worker_id": "2c471342-4350-4c5c-8e43-2c98921bf901-140227401709376", "trial_id": 5, "user_attr": {"best_epoch": 4}}
{"op_code": 8, "worker_id": "2c471342-4350-4c5c-8e43-2c98921bf901-140227401709376", "trial_id": 5, "user_attr": {"test_loss": 0.4645537025895374}}
{"op_code": 6, "worker_id": "2c471342-4350-4c5c-8e43-2c98921bf901-140227401709376", "trial_id": 5, "state": 1, "values": [0.4638673407994918], "datetime_complete": "2024-08-28T07:45:06.585127"}
{"op_code": 4, "worker_id": "2c471342-4350-4c5c-8e43-2c98921bf901-140227401709376", "study_id": 0, "datetime_start": "2024-08-28T07:45:06.596257"}
{"op_code": 5, "worker_id": "2c471342-4350-4c5c-8e43-2c98921bf901-140227401709376", "trial_id": 6, "param_name": "lr", "param_value_internal": 0.000462258900102083, "distribution": "{\"name\": \"FloatDistribution\", \"attributes\": {\"step\": null, \"low\": 1e-05, \"high\": 0.001, \"log\": true}}"}
{"op_code": 5, "worker_id": "2c471342-4350-4c5c-8e43-2c98921bf901-140227401709376", "trial_id": 6, "param_name": "l2reg", "param_value_internal": 1.1526449540315595e-07, "distribution": "{\"name\": \"FloatDistribution\", \"attributes\": {\"step\": null, \"low\": 1e-08, \"high\": 0.001, \"log\": true}}"}
{"op_code": 5, "worker_id": "2c471342-4350-4c5c-8e43-2c98921bf901-140227401709376", "trial_id": 6, "param_name": "random_seed", "param_value_internal": 0, "distribution": "{\"name\": \"CategoricalDistribution\", \"attributes\": {\"choices\": [42]}}"}
{"op_code": 5, "worker_id": "2c471342-4350-4c5c-8e43-2c98921bf901-140227401709376", "trial_id": 6, "param_name": "degree", "param_value_internal": 0, "distribution": "{\"name\": \"CategoricalDistribution\", \"attributes\": {\"choices\": [0]}}"}
{"op_code": 8, "worker_id": "2c471342-4350-4c5c-8e43-2c98921bf901-140227401709376", "trial_id": 6, "user_attr": {"best_epoch": 0}}
{"op_code": 8, "worker_id": "2c471342-4350-4c5c-8e43-2c98921bf901-140227401709376", "trial_id": 6, "user_attr": {"test_loss": 0.4612599753231959}}
{"op_code": 6, "worker_id": "2c471342-4350-4c5c-8e43-2c98921bf901-140227401709376", "trial_id": 6, "state": 1, "values": [0.46030936099904407], "datetime_complete": "2024-08-28T07:48:48.062445"}
{"op_code": 4, "worker_id": "2c471342-4350-4c5c-8e43-2c98921bf901-140227401709376", "study_id": 0, "datetime_start": "2024-08-28T07:48:48.072408"}
{"op_code": 5, "worker_id": "2c471342-4350-4c5c-8e43-2c98921bf901-140227401709376", "trial_id": 7, "param_name": "lr", "param_value_internal": 2.3102018878452926e-05, "distribution": "{\"name\": \"FloatDistribution\", \"attributes\": {\"step\": null, \"low\": 1e-05, \"high\": 0.001, \"log\": true}}"}
{"op_code": 5, "worker_id": "2c471342-4350-4c5c-8e43-2c98921bf901-140227401709376", "trial_id": 7, "param_name": "l2reg", "param_value_internal": 8.260808399079588e-08, "distribution": "{\"name\": \"FloatDistribution\", \"attributes\": {\"step\": null, \"low\": 1e-08, \"high\": 0.001, \"log\": true}}"}
{"op_code": 5, "worker_id": "2c471342-4350-4c5c-8e43-2c98921bf901-140227401709376", "trial_id": 7, "param_name": "random_seed", "param_value_internal": 0, "distribution": "{\"name\": \"CategoricalDistribution\", \"attributes\": {\"choices\": [42]}}"}
{"op_code": 5, "worker_id": "2c471342-4350-4c5c-8e43-2c98921bf901-140227401709376", "trial_id": 7, "param_name": "degree", "param_value_internal": 0, "distribution": "{\"name\": \"CategoricalDistribution\", \"attributes\": {\"choices\": [0]}}"}
{"op_code": 8, "worker_id": "2c471342-4350-4c5c-8e43-2c98921bf901-140227401709376", "trial_id": 7, "user_attr": {"best_epoch": 1}}
{"op_code": 8, "worker_id": "2c471342-4350-4c5c-8e43-2c98921bf901-140227401709376", "trial_id": 7, "user_attr": {"test_loss": 0.46528171412166763}}
{"op_code": 6, "worker_id": "2c471342-4350-4c5c-8e43-2c98921bf901-140227401709376", "trial_id": 7, "state": 1, "values": [0.46445162063689366], "datetime_complete": "2024-08-28T07:53:15.942574"}
{"op_code": 4, "worker_id": "2c471342-4350-4c5c-8e43-2c98921bf901-140227401709376", "study_id": 0, "datetime_start": "2024-08-28T07:53:15.957236"}
{"op_code": 5, "worker_id": "2c471342-4350-4c5c-8e43-2c98921bf901-140227401709376", "trial_id": 8, "param_name": "lr", "param_value_internal": 4.059611610484306e-05, "distribution": "{\"name\": \"FloatDistribution\", \"attributes\": {\"step\": null, \"low\": 1e-05, \"high\": 0.001, \"log\": true}}"}
{"op_code": 5, "worker_id": "2c471342-4350-4c5c-8e43-2c98921bf901-140227401709376", "trial_id": 8, "param_name": "l2reg", "param_value_internal": 4.2051564509138674e-06, "distribution": "{\"name\": \"FloatDistribution\", \"attributes\": {\"step\": null, \"low\": 1e-08, \"high\": 0.001, \"log\": true}}"}
{"op_code": 5, "worker_id": "2c471342-4350-4c5c-8e43-2c98921bf901-140227401709376", "trial_id": 8, "param_name": "random_seed", "param_value_internal": 0, "distribution": "{\"name\": \"CategoricalDistribution\", \"attributes\": {\"choices\": [42]}}"}
{"op_code": 5, "worker_id": "2c471342-4350-4c5c-8e43-2c98921bf901-140227401709376", "trial_id": 8, "param_name": "degree", "param_value_internal": 0, "distribution": "{\"name\": \"CategoricalDistribution\", \"attributes\": {\"choices\": [0]}}"}
{"op_code": 8, "worker_id": "2c471342-4350-4c5c-8e43-2c98921bf901-140227401709376", "trial_id": 8, "user_attr": {"best_epoch": 0}}
{"op_code": 8, "worker_id": "2c471342-4350-4c5c-8e43-2c98921bf901-140227401709376", "trial_id": 8, "user_attr": {"test_loss": 0.4663348685074504}}
{"op_code": 6, "worker_id": "2c471342-4350-4c5c-8e43-2c98921bf901-140227401709376", "trial_id": 8, "state": 1, "values": [0.4656068569753201], "datetime_complete": "2024-08-28T07:56:57.884315"}
{"op_code": 4, "worker_id": "2c471342-4350-4c5c-8e43-2c98921bf901-140227401709376", "study_id": 0, "datetime_start": "2024-08-28T07:56:57.919640"}
{"op_code": 5, "worker_id": "2c471342-4350-4c5c-8e43-2c98921bf901-140227401709376", "trial_id": 9, "param_name": "lr", "param_value_internal": 7.309539835912905e-05, "distribution": "{\"name\": \"FloatDistribution\", \"attributes\": {\"step\": null, \"low\": 1e-05, \"high\": 0.001, \"log\": true}}"}
{"op_code": 5, "worker_id": "2c471342-4350-4c5c-8e43-2c98921bf901-140227401709376", "trial_id": 9, "param_name": "l2reg", "param_value_internal": 2.8585493941961875e-07, "distribution": "{\"name\": \"FloatDistribution\", \"attributes\": {\"step\": null, \"low\": 1e-08, \"high\": 0.001, \"log\": true}}"}
{"op_code": 5, "worker_id": "2c471342-4350-4c5c-8e43-2c98921bf901-140227401709376", "trial_id": 9, "param_name": "random_seed", "param_value_internal": 0, "distribution": "{\"name\": \"CategoricalDistribution\", \"attributes\": {\"choices\": [42]}}"}
{"op_code": 5, "worker_id": "2c471342-4350-4c5c-8e43-2c98921bf901-140227401709376", "trial_id": 9, "param_name": "degree", "param_value_internal": 0, "distribution": "{\"name\": \"CategoricalDistribution\", \"attributes\": {\"choices\": [0]}}"}
{"op_code": 8, "worker_id": "2c471342-4350-4c5c-8e43-2c98921bf901-140227401709376", "trial_id": 9, "user_attr": {"best_epoch": 4}}
{"op_code": 8, "worker_id": "2c471342-4350-4c5c-8e43-2c98921bf901-140227401709376", "trial_id": 9, "user_attr": {"test_loss": 0.4622378089563361}}
{"op_code": 6, "worker_id": "2c471342-4350-4c5c-8e43-2c98921bf901-140227401709376", "trial_id": 9, "state": 1, "values": [0.46142508543732613], "datetime_complete": "2024-08-28T08:04:17.026725"}
{"op_code": 4, "worker_id": "2c471342-4350-4c5c-8e43-2c98921bf901-140227401709376", "study_id": 0, "datetime_start": "2024-08-28T08:04:17.035541"}
{"op_code": 5, "worker_id": "2c471342-4350-4c5c-8e43-2c98921bf901-140227401709376", "trial_id": 10, "param_name": "lr", "param_value_internal": 0.000872134982845204, "distribution": "{\"name\": \"FloatDistribution\", \"attributes\": {\"step\": null, \"low\": 1e-05, \"high\": 0.001, \"log\": true}}"}
{"op_code": 5, "worker_id": "2c471342-4350-4c5c-8e43-2c98921bf901-140227401709376", "trial_id": 10, "param_name": "l2reg", "param_value_internal": 2.3261440591233855e-06, "distribution": "{\"name\": \"FloatDistribution\", \"attributes\": {\"step\": null, \"low\": 1e-08, \"high\": 0.001, \"log\": true}}"}
{"op_code": 5, "worker_id": "2c471342-4350-4c5c-8e43-2c98921bf901-140227401709376", "trial_id": 10, "param_name": "random_seed", "param_value_internal": 0, "distribution": "{\"name\": \"CategoricalDistribution\", \"attributes\": {\"choices\": [42]}}"}
{"op_code": 5, "worker_id": "2c471342-4350-4c5c-8e43-2c98921bf901-140227401709376", "trial_id": 10, "param_name": "degree", "param_value_internal": 0, "distribution": "{\"name\": \"CategoricalDistribution\", \"attributes\": {\"choices\": [0]}}"}
{"op_code": 8, "worker_id": "2c471342-4350-4c5c-8e43-2c98921bf901-140227401709376", "trial_id": 10, "user_attr": {"best_epoch": 0}}
{"op_code": 8, "worker_id": "2c471342-4350-4c5c-8e43-2c98921bf901-140227401709376", "trial_id": 10, "user_attr": {"test_loss": 0.46247976685306613}}
{"op_code": 6, "worker_id": "2c471342-4350-4c5c-8e43-2c98921bf901-140227401709376", "trial_id": 10, "state": 1, "values": [0.4614962450333351], "datetime_complete": "2024-08-28T08:07:56.067784"}
{"op_code": 4, "worker_id": "2c471342-4350-4c5c-8e43-2c98921bf901-140227401709376", "study_id": 0, "datetime_start": "2024-08-28T08:07:56.079506"}
{"op_code": 5, "worker_id": "2c471342-4350-4c5c-8e43-2c98921bf901-140227401709376", "trial_id": 11, "param_name": "lr", "param_value_internal": 0.0002440058840598451, "distribution": "{\"name\": \"FloatDistribution\", \"attributes\": {\"step\": null, \"low\": 1e-05, \"high\": 0.001, \"log\": true}}"}
{"op_code": 5, "worker_id": "2c471342-4350-4c5c-8e43-2c98921bf901-140227401709376", "trial_id": 11, "param_name": "l2reg", "param_value_internal": 3.129273150205426e-05, "distribution": "{\"name\": \"FloatDistribution\", \"attributes\": {\"step\": null, \"low\": 1e-08, \"high\": 0.001, \"log\": true}}"}
{"op_code": 5, "worker_id": "2c471342-4350-4c5c-8e43-2c98921bf901-140227401709376", "trial_id": 11, "param_name": "random_seed", "param_value_internal": 0, "distribution": "{\"name\": \"CategoricalDistribution\", \"attributes\": {\"choices\": [42]}}"}
{"op_code": 5, "worker_id": "2c471342-4350-4c5c-8e43-2c98921bf901-140227401709376", "trial_id": 11, "param_name": "degree", "param_value_internal": 0, "distribution": "{\"name\": \"CategoricalDistribution\", \"attributes\": {\"choices\": [0]}}"}
{"op_code": 8, "worker_id": "2c471342-4350-4c5c-8e43-2c98921bf901-140227401709376", "trial_id": 11, "user_attr": {"best_epoch": 1}}
{"op_code": 8, "worker_id": "2c471342-4350-4c5c-8e43-2c98921bf901-140227401709376", "trial_id": 11, "user_attr": {"test_loss": 0.4601517333317045}}
{"op_code": 6, "worker_id": "2c471342-4350-4c5c-8e43-2c98921bf901-140227401709376", "trial_id": 11, "state": 1, "values": [0.45898351723864117], "datetime_complete": "2024-08-28T08:12:23.568099"}
{"op_code": 4, "worker_id": "2c471342-4350-4c5c-8e43-2c98921bf901-140227401709376", "study_id": 0, "datetime_start": "2024-08-28T08:12:23.577237"}
{"op_code": 5, "worker_id": "2c471342-4350-4c5c-8e43-2c98921bf901-140227401709376", "trial_id": 12, "param_name": "lr", "param_value_internal": 0.0002012487082975096, "distribution": "{\"name\": \"FloatDistribution\", \"attributes\": {\"step\": null, \"low\": 1e-05, \"high\": 0.001, \"log\": true}}"}
{"op_code": 5, "worker_id": "2c471342-4350-4c5c-8e43-2c98921bf901-140227401709376", "trial_id": 12, "param_name": "l2reg", "param_value_internal": 2.1085532598082538e-05, "distribution": "{\"name\": \"FloatDistribution\", \"attributes\": {\"step\": null, \"low\": 1e-08, \"high\": 0.001, \"log\": true}}"}
{"op_code": 5, "worker_id": "2c471342-4350-4c5c-8e43-2c98921bf901-140227401709376", "trial_id": 12, "param_name": "random_seed", "param_value_internal": 0, "distribution": "{\"name\": \"CategoricalDistribution\", \"attributes\": {\"choices\": [42]}}"}
{"op_code": 5, "worker_id": "2c471342-4350-4c5c-8e43-2c98921bf901-140227401709376", "trial_id": 12, "param_name": "degree", "param_value_internal": 0, "distribution": "{\"name\": \"CategoricalDistribution\", \"attributes\": {\"choices\": [0]}}"}
{"op_code": 8, "worker_id": "2c471342-4350-4c5c-8e43-2c98921bf901-140227401709376", "trial_id": 12, "user_attr": {"best_epoch": 1}}
{"op_code": 8, "worker_id": "2c471342-4350-4c5c-8e43-2c98921bf901-140227401709376", "trial_id": 12, "user_attr": {"test_loss": 0.46006904465951814}}
{"op_code": 6, "worker_id": "2c471342-4350-4c5c-8e43-2c98921bf901-140227401709376", "trial_id": 12, "state": 1, "values": [0.45895541988742733], "datetime_complete": "2024-08-28T08:16:52.774774"}
{"op_code": 4, "worker_id": "2c471342-4350-4c5c-8e43-2c98921bf901-140227401709376", "study_id": 0, "datetime_start": "2024-08-28T08:16:52.784187"}
{"op_code": 5, "worker_id": "2c471342-4350-4c5c-8e43-2c98921bf901-140227401709376", "trial_id": 13, "param_name": "lr", "param_value_internal": 0.0002077380431622322, "distribution": "{\"name\": \"FloatDistribution\", \"attributes\": {\"step\": null, \"low\": 1e-05, \"high\": 0.001, \"log\": true}}"}
{"op_code": 5, "worker_id": "2c471342-4350-4c5c-8e43-2c98921bf901-140227401709376", "trial_id": 13, "param_name": "l2reg", "param_value_internal": 5.1878287290726494e-05, "distribution": "{\"name\": \"FloatDistribution\", \"attributes\": {\"step\": null, \"low\": 1e-08, \"high\": 0.001, \"log\": true}}"}
{"op_code": 5, "worker_id": "2c471342-4350-4c5c-8e43-2c98921bf901-140227401709376", "trial_id": 13, "param_name": "random_seed", "param_value_internal": 0, "distribution": "{\"name\": \"CategoricalDistribution\", \"attributes\": {\"choices\": [42]}}"}
{"op_code": 5, "worker_id": "2c471342-4350-4c5c-8e43-2c98921bf901-140227401709376", "trial_id": 13, "param_name": "degree", "param_value_internal": 0, "distribution": "{\"name\": \"CategoricalDistribution\", \"attributes\": {\"choices\": [0]}}"}
{"op_code": 8, "worker_id": "2c471342-4350-4c5c-8e43-2c98921bf901-140227401709376", "trial_id": 13, "user_attr": {"best_epoch": 1}}
{"op_code": 8, "worker_id": "2c471342-4350-4c5c-8e43-2c98921bf901-140227401709376", "trial_id": 13, "user_attr": {"test_loss": 0.4600370152061643}}
{"op_code": 6, "worker_id": "2c471342-4350-4c5c-8e43-2c98921bf901-140227401709376", "trial_id": 13, "state": 1, "values": [0.45891464818756816], "datetime_complete": "2024-08-28T08:21:20.114582"}
{"op_code": 4, "worker_id": "2c471342-4350-4c5c-8e43-2c98921bf901-140227401709376", "study_id": 0, "datetime_start": "2024-08-28T08:21:20.123838"}
{"op_code": 5, "worker_id": "2c471342-4350-4c5c-8e43-2c98921bf901-140227401709376", "trial_id": 14, "param_name": "lr", "param_value_internal": 0.00012448484478535553, "distribution": "{\"name\": \"FloatDistribution\", \"attributes\": {\"step\": null, \"low\": 1e-05, \"high\": 0.001, \"log\": true}}"}
{"op_code": 5, "worker_id": "2c471342-4350-4c5c-8e43-2c98921bf901-140227401709376", "trial_id": 14, "param_name": "l2reg", "param_value_internal": 4.9207094652271e-05, "distribution": "{\"name\": \"FloatDistribution\", \"attributes\": {\"step\": null, \"low\": 1e-08, \"high\": 0.001, \"log\": true}}"}
{"op_code": 5, "worker_id": "2c471342-4350-4c5c-8e43-2c98921bf901-140227401709376", "trial_id": 14, "param_name": "random_seed", "param_value_internal": 0, "distribution": "{\"name\": \"CategoricalDistribution\", \"attributes\": {\"choices\": [42]}}"}
{"op_code": 5, "worker_id": "2c471342-4350-4c5c-8e43-2c98921bf901-140227401709376", "trial_id": 14, "param_name": "degree", "param_value_internal": 0, "distribution": "{\"name\": \"CategoricalDistribution\", \"attributes\": {\"choices\": [0]}}"}
{"op_code": 8, "worker_id": "2c471342-4350-4c5c-8e43-2c98921bf901-140227401709376", "trial_id": 14, "user_attr": {"best_epoch": 2}}
{"op_code": 8, "worker_id": "2c471342-4350-4c5c-8e43-2c98921bf901-140227401709376", "trial_id": 14, "user_attr": {"test_loss": 0.46068466678679304}}
{"op_code": 6, "worker_id": "2c471342-4350-4c5c-8e43-2c98921bf901-140227401709376", "trial_id": 14, "state": 1, "values": [0.45958390724209225], "datetime_complete": "2024-08-28T08:26:32.298890"}
{"op_code": 4, "worker_id": "2c471342-4350-4c5c-8e43-2c98921bf901-140227401709376", "study_id": 0, "datetime_start": "2024-08-28T08:26:32.308009"}
{"op_code": 5, "worker_id": "2c471342-4350-4c5c-8e43-2c98921bf901-140227401709376", "trial_id": 15, "param_name": "lr", "param_value_internal": 0.0005222195515640683, "distribution": "{\"name\": \"FloatDistribution\", \"attributes\": {\"step\": null, \"low\": 1e-05, \"high\": 0.001, \"log\": true}}"}
{"op_code": 5, "worker_id": "2c471342-4350-4c5c-8e43-2c98921bf901-140227401709376", "trial_id": 15, "param_name": "l2reg", "param_value_internal": 1.0867392426169915e-06, "distribution": "{\"name\": \"FloatDistribution\", \"attributes\": {\"step\": null, \"low\": 1e-08, \"high\": 0.001, \"log\": true}}"}
{"op_code": 5, "worker_id": "2c471342-4350-4c5c-8e43-2c98921bf901-140227401709376", "trial_id": 15, "param_name": "random_seed", "param_value_internal": 0, "distribution": "{\"name\": \"CategoricalDistribution\", \"attributes\": {\"choices\": [42]}}"}
{"op_code": 5, "worker_id": "2c471342-4350-4c5c-8e43-2c98921bf901-140227401709376", "trial_id": 15, "param_name": "degree", "param_value_internal": 0, "distribution": "{\"name\": \"CategoricalDistribution\", \"attributes\": {\"choices\": [0]}}"}
{"op_code": 8, "worker_id": "2c471342-4350-4c5c-8e43-2c98921bf901-140227401709376", "trial_id": 15, "user_attr": {"best_epoch": 0}}
{"op_code": 8, "worker_id": "2c471342-4350-4c5c-8e43-2c98921bf901-140227401709376", "trial_id": 15, "user_attr": {"test_loss": 0.4614056539811198}}
{"op_code": 6, "worker_id": "2c471342-4350-4c5c-8e43-2c98921bf901-140227401709376", "trial_id": 15, "state": 1, "values": [0.46044503761074784], "datetime_complete": "2024-08-28T08:30:13.935482"}
{"op_code": 4, "worker_id": "2c471342-4350-4c5c-8e43-2c98921bf901-140227401709376", "study_id": 0, "datetime_start": "2024-08-28T08:30:13.945545"}
{"op_code": 5, "worker_id": "2c471342-4350-4c5c-8e43-2c98921bf901-140227401709376", "trial_id": 16, "param_name": "lr", "param_value_internal": 0.0001862094348794995, "distribution": "{\"name\": \"FloatDistribution\", \"attributes\": {\"step\": null, \"low\": 1e-05, \"high\": 0.001, \"log\": true}}"}
{"op_code": 5, "worker_id": "2c471342-4350-4c5c-8e43-2c98921bf901-140227401709376", "trial_id": 16, "param_name": "l2reg", "param_value_internal": 8.060285272790355e-05, "distribution": "{\"name\": \"FloatDistribution\", \"attributes\": {\"step\": null, \"low\": 1e-08, \"high\": 0.001, \"log\": true}}"}
{"op_code": 5, "worker_id": "2c471342-4350-4c5c-8e43-2c98921bf901-140227401709376", "trial_id": 16, "param_name": "random_seed", "param_value_internal": 0, "distribution": "{\"name\": \"CategoricalDistribution\", \"attributes\": {\"choices\": [42]}}"}
{"op_code": 5, "worker_id": "2c471342-4350-4c5c-8e43-2c98921bf901-140227401709376", "trial_id": 16, "param_name": "degree", "param_value_internal": 0, "distribution": "{\"name\": \"CategoricalDistribution\", \"attributes\": {\"choices\": [0]}}"}
{"op_code": 8, "worker_id": "2c471342-4350-4c5c-8e43-2c98921bf901-140227401709376", "trial_id": 16, "user_attr": {"best_epoch": 1}}
{"op_code": 8, "worker_id": "2c471342-4350-4c5c-8e43-2c98921bf901-140227401709376", "trial_id": 16, "user_attr": {"test_loss": 0.4602361399125928}}
{"op_code": 6, "worker_id": "2c471342-4350-4c5c-8e43-2c98921bf901-140227401709376", "trial_id": 16, "state": 1, "values": [0.459145496941359], "datetime_complete": "2024-08-28T08:34:42.262873"}
{"op_code": 4, "worker_id": "2c471342-4350-4c5c-8e43-2c98921bf901-140227401709376", "study_id": 0, "datetime_start": "2024-08-28T08:34:42.272259"}
{"op_code": 5, "worker_id": "2c471342-4350-4c5c-8e43-2c98921bf901-140227401709376", "trial_id": 17, "param_name": "lr", "param_value_internal": 9.877872879918899e-05, "distribution": "{\"name\": \"FloatDistribution\", \"attributes\": {\"step\": null, \"low\": 1e-05, \"high\": 0.001, \"log\": true}}"}
{"op_code": 5, "worker_id": "2c471342-4350-4c5c-8e43-2c98921bf901-140227401709376", "trial_id": 17, "param_name": "l2reg", "param_value_internal": 1.2521885136283712e-05, "distribution": "{\"name\": \"FloatDistribution\", \"attributes\": {\"step\": null, \"low\": 1e-08, \"high\": 0.001, \"log\": true}}"}
{"op_code": 5, "worker_id": "2c471342-4350-4c5c-8e43-2c98921bf901-140227401709376", "trial_id": 17, "param_name": "random_seed", "param_value_internal": 0, "distribution": "{\"name\": \"CategoricalDistribution\", \"attributes\": {\"choices\": [42]}}"}
{"op_code": 5, "worker_id": "2c471342-4350-4c5c-8e43-2c98921bf901-140227401709376", "trial_id": 17, "param_name": "degree", "param_value_internal": 0, "distribution": "{\"name\": \"CategoricalDistribution\", \"attributes\": {\"choices\": [0]}}"}
{"op_code": 8, "worker_id": "2c471342-4350-4c5c-8e43-2c98921bf901-140227401709376", "trial_id": 17, "user_attr": {"best_epoch": 2}}
{"op_code": 8, "worker_id": "2c471342-4350-4c5c-8e43-2c98921bf901-140227401709376", "trial_id": 17, "user_attr": {"test_loss": 0.46195038374262826}}
{"op_code": 6, "worker_id": "2c471342-4350-4c5c-8e43-2c98921bf901-140227401709376", "trial_id": 17, "state": 1, "values": [0.4609796507987894], "datetime_complete": "2024-08-28T08:40:31.814453"}
{"op_code": 4, "worker_id": "2c471342-4350-4c5c-8e43-2c98921bf901-140227401709376", "study_id": 0, "datetime_start": "2024-08-28T08:40:31.823636"}
{"op_code": 5, "worker_id": "2c471342-4350-4c5c-8e43-2c98921bf901-140227401709376", "trial_id": 18, "param_name": "lr", "param_value_internal": 0.0003492832542792941, "distribution": "{\"name\": \"FloatDistribution\", \"attributes\": {\"step\": null, \"low\": 1e-05, \"high\": 0.001, \"log\": true}}"}
{"op_code": 5, "worker_id": "2c471342-4350-4c5c-8e43-2c98921bf901-140227401709376", "trial_id": 18, "param_name": "l2reg", "param_value_internal": 0.00014154968405317536, "distribution": "{\"name\": \"FloatDistribution\", \"attributes\": {\"step\": null, \"low\": 1e-08, \"high\": 0.001, \"log\": true}}"}
{"op_code": 5, "worker_id": "2c471342-4350-4c5c-8e43-2c98921bf901-140227401709376", "trial_id": 18, "param_name": "random_seed", "param_value_internal": 0, "distribution": "{\"name\": \"CategoricalDistribution\", \"attributes\": {\"choices\": [42]}}"}
{"op_code": 5, "worker_id": "2c471342-4350-4c5c-8e43-2c98921bf901-140227401709376", "trial_id": 18, "param_name": "degree", "param_value_internal": 0, "distribution": "{\"name\": \"CategoricalDistribution\", \"attributes\": {\"choices\": [0]}}"}
{"op_code": 8, "worker_id": "2c471342-4350-4c5c-8e43-2c98921bf901-140227401709376", "trial_id": 18, "user_attr": {"best_epoch": 0}}
{"op_code": 8, "worker_id": "2c471342-4350-4c5c-8e43-2c98921bf901-140227401709376", "trial_id": 18, "user_attr": {"test_loss": 0.46133735756628075}}
{"op_code": 6, "worker_id": "2c471342-4350-4c5c-8e43-2c98921bf901-140227401709376", "trial_id": 18, "state": 1, "values": [0.46041155747893464], "datetime_complete": "2024-08-28T08:44:40.087358"}
{"op_code": 4, "worker_id": "2c471342-4350-4c5c-8e43-2c98921bf901-140227401709376", "study_id": 0, "datetime_start": "2024-08-28T08:44:40.096618"}
{"op_code": 5, "worker_id": "2c471342-4350-4c5c-8e43-2c98921bf901-140227401709376", "trial_id": 19, "param_name": "lr", "param_value_internal": 0.0005948097340964143, "distribution": "{\"name\": \"FloatDistribution\", \"attributes\": {\"step\": null, \"low\": 1e-05, \"high\": 0.001, \"log\": true}}"}
{"op_code": 5, "worker_id": "2c471342-4350-4c5c-8e43-2c98921bf901-140227401709376", "trial_id": 19, "param_name": "l2reg", "param_value_internal": 8.669040269005445e-07, "distribution": "{\"name\": \"FloatDistribution\", \"attributes\": {\"step\": null, \"low\": 1e-08, \"high\": 0.001, \"log\": true}}"}
{"op_code": 5, "worker_id": "2c471342-4350-4c5c-8e43-2c98921bf901-140227401709376", "trial_id": 19, "param_name": "random_seed", "param_value_internal": 0, "distribution": "{\"name\": \"CategoricalDistribution\", \"attributes\": {\"choices\": [42]}}"}
{"op_code": 5, "worker_id": "2c471342-4350-4c5c-8e43-2c98921bf901-140227401709376", "trial_id": 19, "param_name": "degree", "param_value_internal": 0, "distribution": "{\"name\": \"CategoricalDistribution\", \"attributes\": {\"choices\": [0]}}"}
{"op_code": 8, "worker_id": "2c471342-4350-4c5c-8e43-2c98921bf901-140227401709376", "trial_id": 19, "user_attr": {"best_epoch": 0}}
{"op_code": 8, "worker_id": "2c471342-4350-4c5c-8e43-2c98921bf901-140227401709376", "trial_id": 19, "user_attr": {"test_loss": 0.4616141699217855}}
{"op_code": 6, "worker_id": "2c471342-4350-4c5c-8e43-2c98921bf901-140227401709376", "trial_id": 19, "state": 1, "values": [0.46064702549834624], "datetime_complete": "2024-08-28T08:48:24.482436"}
{"op_code": 4, "worker_id": "2c471342-4350-4c5c-8e43-2c98921bf901-140227401709376", "study_id": 0, "datetime_start": "2024-08-28T08:48:24.491439"}
{"op_code": 5, "worker_id": "2c471342-4350-4c5c-8e43-2c98921bf901-140227401709376", "trial_id": 20, "param_name": "lr", "param_value_internal": 0.00020102764353302456, "distribution": "{\"name\": \"FloatDistribution\", \"attributes\": {\"step\": null, \"low\": 1e-05, \"high\": 0.001, \"log\": true}}"}
{"op_code": 5, "worker_id": "2c471342-4350-4c5c-8e43-2c98921bf901-140227401709376", "trial_id": 20, "param_name": "l2reg", "param_value_internal": 1.3546915505098678e-08, "distribution": "{\"name\": \"FloatDistribution\", \"attributes\": {\"step\": null, \"low\": 1e-08, \"high\": 0.001, \"log\": true}}"}
{"op_code": 5, "worker_id": "2c471342-4350-4c5c-8e43-2c98921bf901-140227401709376", "trial_id": 20, "param_name": "random_seed", "param_value_internal": 0, "distribution": "{\"name\": \"CategoricalDistribution\", \"attributes\": {\"choices\": [42]}}"}
{"op_code": 5, "worker_id": "2c471342-4350-4c5c-8e43-2c98921bf901-140227401709376", "trial_id": 20, "param_name": "degree", "param_value_internal": 0, "distribution": "{\"name\": \"CategoricalDistribution\", \"attributes\": {\"choices\": [0]}}"}
{"op_code": 8, "worker_id": "2c471342-4350-4c5c-8e43-2c98921bf901-140227401709376", "trial_id": 20, "user_attr": {"best_epoch": 1}}
{"op_code": 8, "worker_id": "2c471342-4350-4c5c-8e43-2c98921bf901-140227401709376", "trial_id": 20, "user_attr": {"test_loss": 0.4600703426349818}}
{"op_code": 6, "worker_id": "2c471342-4350-4c5c-8e43-2c98921bf901-140227401709376", "trial_id": 20, "state": 1, "values": [0.45895706144463144], "datetime_complete": "2024-08-28T08:52:51.929753"}
{"op_code": 4, "worker_id": "2c471342-4350-4c5c-8e43-2c98921bf901-140227401709376", "study_id": 0, "datetime_start": "2024-08-28T08:52:51.938519"}
{"op_code": 5, "worker_id": "2c471342-4350-4c5c-8e43-2c98921bf901-140227401709376", "trial_id": 21, "param_name": "lr", "param_value_internal": 0.0002031742192759957, "distribution": "{\"name\": \"FloatDistribution\", \"attributes\": {\"step\": null, \"low\": 1e-05, \"high\": 0.001, \"log\": true}}"}
{"op_code": 5, "worker_id": "2c471342-4350-4c5c-8e43-2c98921bf901-140227401709376", "trial_id": 21, "param_name": "l2reg", "param_value_internal": 1.7448535236637716e-08, "distribution": "{\"name\": \"FloatDistribution\", \"attributes\": {\"step\": null, \"low\": 1e-08, \"high\": 0.001, \"log\": true}}"}
{"op_code": 5, "worker_id": "2c471342-4350-4c5c-8e43-2c98921bf901-140227401709376", "trial_id": 21, "param_name": "random_seed", "param_value_internal": 0, "distribution": "{\"name\": \"CategoricalDistribution\", \"attributes\": {\"choices\": [42]}}"}
{"op_code": 5, "worker_id": "2c471342-4350-4c5c-8e43-2c98921bf901-140227401709376", "trial_id": 21, "param_name": "degree", "param_value_internal": 0, "distribution": "{\"name\": \"CategoricalDistribution\", \"attributes\": {\"choices\": [0]}}"}
{"op_code": 8, "worker_id": "2c471342-4350-4c5c-8e43-2c98921bf901-140227401709376", "trial_id": 21, "user_attr": {"best_epoch": 1}}
{"op_code": 8, "worker_id": "2c471342-4350-4c5c-8e43-2c98921bf901-140227401709376", "trial_id": 21, "user_attr": {"test_loss": 0.4600570192986046}}
{"op_code": 6, "worker_id": "2c471342-4350-4c5c-8e43-2c98921bf901-140227401709376", "trial_id": 21, "state": 1, "values": [0.4589412185088247], "datetime_complete": "2024-08-28T08:57:20.864987"}
{"op_code": 4, "worker_id": "2c471342-4350-4c5c-8e43-2c98921bf901-140227401709376", "study_id": 0, "datetime_start": "2024-08-28T08:57:20.874561"}
{"op_code": 5, "worker_id": "2c471342-4350-4c5c-8e43-2c98921bf901-140227401709376", "trial_id": 22, "param_name": "lr", "param_value_internal": 0.00012001629444458152, "distribution": "{\"name\": \"FloatDistribution\", \"attributes\": {\"step\": null, \"low\": 1e-05, \"high\": 0.001, \"log\": true}}"}
{"op_code": 5, "worker_id": "2c471342-4350-4c5c-8e43-2c98921bf901-140227401709376", "trial_id": 22, "param_name": "l2reg", "param_value_internal": 1.4720732627022175e-08, "distribution": "{\"name\": \"FloatDistribution\", \"attributes\": {\"step\": null, \"low\": 1e-08, \"high\": 0.001, \"log\": true}}"}
{"op_code": 5, "worker_id": "2c471342-4350-4c5c-8e43-2c98921bf901-140227401709376", "trial_id": 22, "param_name": "random_seed", "param_value_internal": 0, "distribution": "{\"name\": \"CategoricalDistribution\", \"attributes\": {\"choices\": [42]}}"}
{"op_code": 5, "worker_id": "2c471342-4350-4c5c-8e43-2c98921bf901-140227401709376", "trial_id": 22, "param_name": "degree", "param_value_internal": 0, "distribution": "{\"name\": \"CategoricalDistribution\", \"attributes\": {\"choices\": [0]}}"}
{"op_code": 8, "worker_id": "2c471342-4350-4c5c-8e43-2c98921bf901-140227401709376", "trial_id": 22, "user_attr": {"best_epoch": 2}}
{"op_code": 8, "worker_id": "2c471342-4350-4c5c-8e43-2c98921bf901-140227401709376", "trial_id": 22, "user_attr": {"test_loss": 0.4608071727651153}}
{"op_code": 6, "worker_id": "2c471342-4350-4c5c-8e43-2c98921bf901-140227401709376", "trial_id": 22, "state": 1, "values": [0.45972763893682067], "datetime_complete": "2024-08-28T09:02:35.740001"}
{"op_code": 4, "worker_id": "2c471342-4350-4c5c-8e43-2c98921bf901-140227401709376", "study_id": 0, "datetime_start": "2024-08-28T09:02:35.748919"}
{"op_code": 5, "worker_id": "2c471342-4350-4c5c-8e43-2c98921bf901-140227401709376", "trial_id": 23, "param_name": "lr", "param_value_internal": 0.0003498317056382214, "distribution": "{\"name\": \"FloatDistribution\", \"attributes\": {\"step\": null, \"low\": 1e-05, \"high\": 0.001, \"log\": true}}"}
{"op_code": 5, "worker_id": "2c471342-4350-4c5c-8e43-2c98921bf901-140227401709376", "trial_id": 23, "param_name": "l2reg", "param_value_internal": 7.834230752896657e-06, "distribution": "{\"name\": \"FloatDistribution\", \"attributes\": {\"step\": null, \"low\": 1e-08, \"high\": 0.001, \"log\": true}}"}
{"op_code": 5, "worker_id": "2c471342-4350-4c5c-8e43-2c98921bf901-140227401709376", "trial_id": 23, "param_name": "random_seed", "param_value_internal": 0, "distribution": "{\"name\": \"CategoricalDistribution\", \"attributes\": {\"choices\": [42]}}"}
{"op_code": 5, "worker_id": "2c471342-4350-4c5c-8e43-2c98921bf901-140227401709376", "trial_id": 23, "param_name": "degree", "param_value_internal": 0, "distribution": "{\"name\": \"CategoricalDistribution\", \"attributes\": {\"choices\": [0]}}"}
{"op_code": 8, "worker_id": "2c471342-4350-4c5c-8e43-2c98921bf901-140227401709376", "trial_id": 23, "user_attr": {"best_epoch": 0}}
{"op_code": 8, "worker_id": "2c471342-4350-4c5c-8e43-2c98921bf901-140227401709376", "trial_id": 23, "user_attr": {"test_loss": 0.46133747209352755}}
{"op_code": 6, "worker_id": "2c471342-4350-4c5c-8e43-2c98921bf901-140227401709376", "trial_id": 23, "state": 1, "values": [0.4604116338304325], "datetime_complete": "2024-08-28T09:06:17.972136"}
{"op_code": 4, "worker_id": "2c471342-4350-4c5c-8e43-2c98921bf901-140227401709376", "study_id": 0, "datetime_start": "2024-08-28T09:06:17.981960"}
{"op_code": 5, "worker_id": "2c471342-4350-4c5c-8e43-2c98921bf901-140227401709376", "trial_id": 24, "param_name": "lr", "param_value_internal": 8.517619573116803e-05, "distribution": "{\"name\": \"FloatDistribution\", \"attributes\": {\"step\": null, \"low\": 1e-05, \"high\": 0.001, \"log\": true}}"}
{"op_code": 5, "worker_id": "2c471342-4350-4c5c-8e43-2c98921bf901-140227401709376", "trial_id": 24, "param_name": "l2reg", "param_value_internal": 1.918962295329286e-05, "distribution": "{\"name\": \"FloatDistribution\", \"attributes\": {\"step\": null, \"low\": 1e-08, \"high\": 0.001, \"log\": true}}"}
{"op_code": 5, "worker_id": "2c471342-4350-4c5c-8e43-2c98921bf901-140227401709376", "trial_id": 24, "param_name": "random_seed", "param_value_internal": 0, "distribution": "{\"name\": \"CategoricalDistribution\", \"attributes\": {\"choices\": [42]}}"}
{"op_code": 5, "worker_id": "2c471342-4350-4c5c-8e43-2c98921bf901-140227401709376", "trial_id": 24, "param_name": "degree", "param_value_internal": 0, "distribution": "{\"name\": \"CategoricalDistribution\", \"attributes\": {\"choices\": [0]}}"}
{"op_code": 8, "worker_id": "2c471342-4350-4c5c-8e43-2c98921bf901-140227401709376", "trial_id": 24, "user_attr": {"best_epoch": 4}}
{"op_code": 8, "worker_id": "2c471342-4350-4c5c-8e43-2c98921bf901-140227401709376", "trial_id": 24, "user_attr": {"test_loss": 0.4622031072005571}}
{"op_code": 6, "worker_id": "2c471342-4350-4c5c-8e43-2c98921bf901-140227401709376", "trial_id": 24, "state": 1, "values": [0.4613093747423137], "datetime_complete": "2024-08-28T09:13:08.397036"}
{"op_code": 4, "worker_id": "2c471342-4350-4c5c-8e43-2c98921bf901-140227401709376", "study_id": 0, "datetime_start": "2024-08-28T09:13:08.415033"}
{"op_code": 5, "worker_id": "2c471342-4350-4c5c-8e43-2c98921bf901-140227401709376", "trial_id": 25, "param_name": "lr", "param_value_internal": 0.00015201089104719358, "distribution": "{\"name\": \"FloatDistribution\", \"attributes\": {\"step\": null, \"low\": 1e-05, \"high\": 0.001, \"log\": true}}"}
{"op_code": 5, "worker_id": "2c471342-4350-4c5c-8e43-2c98921bf901-140227401709376", "trial_id": 25, "param_name": "l2reg", "param_value_internal": 0.0002434712942907709, "distribution": "{\"name\": \"FloatDistribution\", \"attributes\": {\"step\": null, \"low\": 1e-08, \"high\": 0.001, \"log\": true}}"}
{"op_code": 5, "worker_id": "2c471342-4350-4c5c-8e43-2c98921bf901-140227401709376", "trial_id": 25, "param_name": "random_seed", "param_value_internal": 0, "distribution": "{\"name\": \"CategoricalDistribution\", \"attributes\": {\"choices\": [42]}}"}
{"op_code": 5, "worker_id": "2c471342-4350-4c5c-8e43-2c98921bf901-140227401709376", "trial_id": 25, "param_name": "degree", "param_value_internal": 0, "distribution": "{\"name\": \"CategoricalDistribution\", \"attributes\": {\"choices\": [0]}}"}
{"op_code": 8, "worker_id": "2c471342-4350-4c5c-8e43-2c98921bf901-140227401709376", "trial_id": 25, "user_attr": {"best_epoch": 2}}
{"op_code": 8, "worker_id": "2c471342-4350-4c5c-8e43-2c98921bf901-140227401709376", "trial_id": 25, "user_attr": {"test_loss": 0.46071326042274297}}
{"op_code": 6, "worker_id": "2c471342-4350-4c5c-8e43-2c98921bf901-140227401709376", "trial_id": 25, "state": 1, "values": [0.4595036618178375], "datetime_complete": "2024-08-28T09:18:21.076899"}
{"op_code": 4, "worker_id": "2c471342-4350-4c5c-8e43-2c98921bf901-140227401709376", "study_id": 0, "datetime_start": "2024-08-28T09:18:21.086164"}
{"op_code": 5, "worker_id": "2c471342-4350-4c5c-8e43-2c98921bf901-140227401709376", "trial_id": 26, "param_name": "lr", "param_value_internal": 0.00024380989761322273, "distribution": "{\"name\": \"FloatDistribution\", \"attributes\": {\"step\": null, \"low\": 1e-05, \"high\": 0.001, \"log\": true}}"}
{"op_code": 5, "worker_id": "2c471342-4350-4c5c-8e43-2c98921bf901-140227401709376", "trial_id": 26, "param_name": "l2reg", "param_value_internal": 3.1400253432841242e-06, "distribution": "{\"name\": \"FloatDistribution\", \"attributes\": {\"step\": null, \"low\": 1e-08, \"high\": 0.001, \"log\": true}}"}
{"op_code": 5, "worker_id": "2c471342-4350-4c5c-8e43-2c98921bf901-140227401709376", "trial_id": 26, "param_name": "random_seed", "param_value_internal": 0, "distribution": "{\"name\": \"CategoricalDistribution\", \"attributes\": {\"choices\": [42]}}"}
{"op_code": 5, "worker_id": "2c471342-4350-4c5c-8e43-2c98921bf901-140227401709376", "trial_id": 26, "param_name": "degree", "param_value_internal": 0, "distribution": "{\"name\": \"CategoricalDistribution\", \"attributes\": {\"choices\": [0]}}"}
{"op_code": 8, "worker_id": "2c471342-4350-4c5c-8e43-2c98921bf901-140227401709376", "trial_id": 26, "user_attr": {"best_epoch": 1}}
{"op_code": 8, "worker_id": "2c471342-4350-4c5c-8e43-2c98921bf901-140227401709376", "trial_id": 26, "user_attr": {"test_loss": 0.4601499390715047}}
{"op_code": 6, "worker_id": "2c471342-4350-4c5c-8e43-2c98921bf901-140227401709376", "trial_id": 26, "state": 1, "values": [0.4589819902086839], "datetime_complete": "2024-08-28T09:22:44.725014"}
{"op_code": 4, "worker_id": "2c471342-4350-4c5c-8e43-2c98921bf901-140227401709376", "study_id": 0, "datetime_start": "2024-08-28T09:22:44.734185"}
{"op_code": 5, "worker_id": "2c471342-4350-4c5c-8e43-2c98921bf901-140227401709376", "trial_id": 27, "param_name": "lr", "param_value_internal": 0.0009301572426910606, "distribution": "{\"name\": \"FloatDistribution\", \"attributes\": {\"step\": null, \"low\": 1e-05, \"high\": 0.001, \"log\": true}}"}
{"op_code": 5, "worker_id": "2c471342-4350-4c5c-8e43-2c98921bf901-140227401709376", "trial_id": 27, "param_name": "l2reg", "param_value_internal": 5.412985141891769e-07, "distribution": "{\"name\": \"FloatDistribution\", \"attributes\": {\"step\": null, \"low\": 1e-08, \"high\": 0.001, \"log\": true}}"}
{"op_code": 5, "worker_id": "2c471342-4350-4c5c-8e43-2c98921bf901-140227401709376", "trial_id": 27, "param_name": "random_seed", "param_value_internal": 0, "distribution": "{\"name\": \"CategoricalDistribution\", \"attributes\": {\"choices\": [42]}}"}
{"op_code": 5, "worker_id": "2c471342-4350-4c5c-8e43-2c98921bf901-140227401709376", "trial_id": 27, "param_name": "degree", "param_value_internal": 0, "distribution": "{\"name\": \"CategoricalDistribution\", \"attributes\": {\"choices\": [0]}}"}
{"op_code": 8, "worker_id": "2c471342-4350-4c5c-8e43-2c98921bf901-140227401709376", "trial_id": 27, "user_attr": {"best_epoch": 0}}
{"op_code": 8, "worker_id": "2c471342-4350-4c5c-8e43-2c98921bf901-140227401709376", "trial_id": 27, "user_attr": {"test_loss": 0.46265159589900834}}
{"op_code": 6, "worker_id": "2c471342-4350-4c5c-8e43-2c98921bf901-140227401709376", "trial_id": 27, "state": 1, "values": [0.46166971563648135], "datetime_complete": "2024-08-28T09:26:29.312341"}
{"op_code": 4, "worker_id": "2c471342-4350-4c5c-8e43-2c98921bf901-140227401709376", "study_id": 0, "datetime_start": "2024-08-28T09:26:29.338798"}
{"op_code": 5, "worker_id": "2c471342-4350-4c5c-8e43-2c98921bf901-140227401709376", "trial_id": 28, "param_name": "lr", "param_value_internal": 6.186130432864901e-05, "distribution": "{\"name\": \"FloatDistribution\", \"attributes\": {\"step\": null, \"low\": 1e-05, \"high\": 0.001, \"log\": true}}"}
{"op_code": 5, "worker_id": "2c471342-4350-4c5c-8e43-2c98921bf901-140227401709376", "trial_id": 28, "param_name": "l2reg", "param_value_internal": 9.060206739987435e-05, "distribution": "{\"name\": \"FloatDistribution\", \"attributes\": {\"step\": null, \"low\": 1e-08, \"high\": 0.001, \"log\": true}}"}
{"op_code": 5, "worker_id": "2c471342-4350-4c5c-8e43-2c98921bf901-140227401709376", "trial_id": 28, "param_name": "random_seed", "param_value_internal": 0, "distribution": "{\"name\": \"CategoricalDistribution\", \"attributes\": {\"choices\": [42]}}"}
{"op_code": 5, "worker_id": "2c471342-4350-4c5c-8e43-2c98921bf901-140227401709376", "trial_id": 28, "param_name": "degree", "param_value_internal": 0, "distribution": "{\"name\": \"CategoricalDistribution\", \"attributes\": {\"choices\": [0]}}"}
{"op_code": 8, "worker_id": "2c471342-4350-4c5c-8e43-2c98921bf901-140227401709376", "trial_id": 28, "user_attr": {"best_epoch": 5}}
{"op_code": 8, "worker_id": "2c471342-4350-4c5c-8e43-2c98921bf901-140227401709376", "trial_id": 28, "user_attr": {"test_loss": 0.46257291568045983}}
{"op_code": 6, "worker_id": "2c471342-4350-4c5c-8e43-2c98921bf901-140227401709376", "trial_id": 28, "state": 1, "values": [0.4616834589060968], "datetime_complete": "2024-08-28T09:34:02.599930"}
{"op_code": 4, "worker_id": "2c471342-4350-4c5c-8e43-2c98921bf901-140227401709376", "study_id": 0, "datetime_start": "2024-08-28T09:34:02.612467"}
{"op_code": 5, "worker_id": "2c471342-4350-4c5c-8e43-2c98921bf901-140227401709376", "trial_id": 29, "param_name": "lr", "param_value_internal": 4.2190402776620644e-05, "distribution": "{\"name\": \"FloatDistribution\", \"attributes\": {\"step\": null, \"low\": 1e-05, \"high\": 0.001, \"log\": true}}"}
{"op_code": 5, "worker_id": "2c471342-4350-4c5c-8e43-2c98921bf901-140227401709376", "trial_id": 29, "param_name": "l2reg", "param_value_internal": 5.941741034099657e-06, "distribution": "{\"name\": \"FloatDistribution\", \"attributes\": {\"step\": null, \"low\": 1e-08, \"high\": 0.001, \"log\": true}}"}
{"op_code": 5, "worker_id": "2c471342-4350-4c5c-8e43-2c98921bf901-140227401709376", "trial_id": 29, "param_name": "random_seed", "param_value_internal": 0, "distribution": "{\"name\": \"CategoricalDistribution\", \"attributes\": {\"choices\": [42]}}"}
{"op_code": 5, "worker_id": "2c471342-4350-4c5c-8e43-2c98921bf901-140227401709376", "trial_id": 29, "param_name": "degree", "param_value_internal": 0, "distribution": "{\"name\": \"CategoricalDistribution\", \"attributes\": {\"choices\": [0]}}"}
{"op_code": 8, "worker_id": "2c471342-4350-4c5c-8e43-2c98921bf901-140227401709376", "trial_id": 29, "user_attr": {"best_epoch": 0}}
{"op_code": 8, "worker_id": "2c471342-4350-4c5c-8e43-2c98921bf901-140227401709376", "trial_id": 29, "user_attr": {"test_loss": 0.4664053791157275}}
{"op_code": 6, "worker_id": "2c471342-4350-4c5c-8e43-2c98921bf901-140227401709376", "trial_id": 29, "state": 1, "values": [0.4656766040686186], "datetime_complete": "2024-08-28T09:37:44.633284"}
{"op_code": 4, "worker_id": "2c471342-4350-4c5c-8e43-2c98921bf901-140227401709376", "study_id": 0, "datetime_start": "2024-08-28T09:37:44.645229"}
{"op_code": 5, "worker_id": "2c471342-4350-4c5c-8e43-2c98921bf901-140227401709376", "trial_id": 30, "param_name": "lr", "param_value_internal": 0.00038457423181417966, "distribution": "{\"name\": \"FloatDistribution\", \"attributes\": {\"step\": null, \"low\": 1e-05, \"high\": 0.001, \"log\": true}}"}
{"op_code": 5, "worker_id": "2c471342-4350-4c5c-8e43-2c98921bf901-140227401709376", "trial_id": 30, "param_name": "l2reg", "param_value_internal": 0.0004135602194263561, "distribution": "{\"name\": \"FloatDistribution\", \"attributes\": {\"step\": null, \"low\": 1e-08, \"high\": 0.001, \"log\": true}}"}
{"op_code": 5, "worker_id": "2c471342-4350-4c5c-8e43-2c98921bf901-140227401709376", "trial_id": 30, "param_name": "random_seed", "param_value_internal": 0, "distribution": "{\"name\": \"CategoricalDistribution\", \"attributes\": {\"choices\": [42]}}"}
{"op_code": 5, "worker_id": "2c471342-4350-4c5c-8e43-2c98921bf901-140227401709376", "trial_id": 30, "param_name": "degree", "param_value_internal": 0, "distribution": "{\"name\": \"CategoricalDistribution\", \"attributes\": {\"choices\": [0]}}"}
{"op_code": 8, "worker_id": "2c471342-4350-4c5c-8e43-2c98921bf901-140227401709376", "trial_id": 30, "user_attr": {"best_epoch": 0}}
{"op_code": 8, "worker_id": "2c471342-4350-4c5c-8e43-2c98921bf901-140227401709376", "trial_id": 30, "user_attr": {"test_loss": 0.4611842346373151}}
{"op_code": 6, "worker_id": "2c471342-4350-4c5c-8e43-2c98921bf901-140227401709376", "trial_id": 30, "state": 1, "values": [0.46024927237022534], "datetime_complete": "2024-08-28T09:41:28.061579"}
{"op_code": 4, "worker_id": "2c471342-4350-4c5c-8e43-2c98921bf901-140227401709376", "study_id": 0, "datetime_start": "2024-08-28T09:41:28.070674"}
{"op_code": 5, "worker_id": "2c471342-4350-4c5c-8e43-2c98921bf901-140227401709376", "trial_id": 31, "param_name": "lr", "param_value_internal": 0.00020666524361005663, "distribution": "{\"name\": \"FloatDistribution\", \"attributes\": {\"step\": null, \"low\": 1e-05, \"high\": 0.001, \"log\": true}}"}
{"op_code": 5, "worker_id": "2c471342-4350-4c5c-8e43-2c98921bf901-140227401709376", "trial_id": 31, "param_name": "l2reg", "param_value_internal": 2.1276699984178794e-08, "distribution": "{\"name\": \"FloatDistribution\", \"attributes\": {\"step\": null, \"low\": 1e-08, \"high\": 0.001, \"log\": true}}"}
{"op_code": 5, "worker_id": "2c471342-4350-4c5c-8e43-2c98921bf901-140227401709376", "trial_id": 31, "param_name": "random_seed", "param_value_internal": 0, "distribution": "{\"name\": \"CategoricalDistribution\", \"attributes\": {\"choices\": [42]}}"}
{"op_code": 5, "worker_id": "2c471342-4350-4c5c-8e43-2c98921bf901-140227401709376", "trial_id": 31, "param_name": "degree", "param_value_internal": 0, "distribution": "{\"name\": \"CategoricalDistribution\", \"attributes\": {\"choices\": [0]}}"}
{"op_code": 8, "worker_id": "2c471342-4350-4c5c-8e43-2c98921bf901-140227401709376", "trial_id": 31, "user_attr": {"best_epoch": 1}}
{"op_code": 8, "worker_id": "2c471342-4350-4c5c-8e43-2c98921bf901-140227401709376", "trial_id": 31, "user_attr": {"test_loss": 0.46004068007806176}}
{"op_code": 6, "worker_id": "2c471342-4350-4c5c-8e43-2c98921bf901-140227401709376", "trial_id": 31, "state": 1, "values": [0.4589200691439165], "datetime_complete": "2024-08-28T09:46:09.671891"}
{"op_code": 4, "worker_id": "2c471342-4350-4c5c-8e43-2c98921bf901-140227401709376", "study_id": 0, "datetime_start": "2024-08-28T09:46:09.680648"}
{"op_code": 5, "worker_id": "2c471342-4350-4c5c-8e43-2c98921bf901-140227401709376", "trial_id": 32, "param_name": "lr", "param_value_internal": 0.0002569532796402451, "distribution": "{\"name\": \"FloatDistribution\", \"attributes\": {\"step\": null, \"low\": 1e-05, \"high\": 0.001, \"log\": true}}"}
{"op_code": 5, "worker_id": "2c471342-4350-4c5c-8e43-2c98921bf901-140227401709376", "trial_id": 32, "param_name": "l2reg", "param_value_internal": 2.138625037464674e-08, "distribution": "{\"name\": \"FloatDistribution\", \"attributes\": {\"step\": null, \"low\": 1e-08, \"high\": 0.001, \"log\": true}}"}
{"op_code": 5, "worker_id": "2c471342-4350-4c5c-8e43-2c98921bf901-140227401709376", "trial_id": 32, "param_name": "random_seed", "param_value_internal": 0, "distribution": "{\"name\": \"CategoricalDistribution\", \"attributes\": {\"choices\": [42]}}"}
{"op_code": 5, "worker_id": "2c471342-4350-4c5c-8e43-2c98921bf901-140227401709376", "trial_id": 32, "param_name": "degree", "param_value_internal": 0, "distribution": "{\"name\": \"CategoricalDistribution\", \"attributes\": {\"choices\": [0]}}"}
{"op_code": 8, "worker_id": "2c471342-4350-4c5c-8e43-2c98921bf901-140227401709376", "trial_id": 32, "user_attr": {"best_epoch": 1}}
{"op_code": 8, "worker_id": "2c471342-4350-4c5c-8e43-2c98921bf901-140227401709376", "trial_id": 32, "user_attr": {"test_loss": 0.4602714906561037}}
{"op_code": 6, "worker_id": "2c471342-4350-4c5c-8e43-2c98921bf901-140227401709376", "trial_id": 32, "state": 1, "values": [0.45908853872395267], "datetime_complete": "2024-08-28T09:50:50.610035"}
{"op_code": 4, "worker_id": "2c471342-4350-4c5c-8e43-2c98921bf901-140227401709376", "study_id": 0, "datetime_start": "2024-08-28T09:50:50.620097"}
{"op_code": 5, "worker_id": "2c471342-4350-4c5c-8e43-2c98921bf901-140227401709376", "trial_id": 33, "param_name": "lr", "param_value_internal": 0.00014425540650734185, "distribution": "{\"name\": \"FloatDistribution\", \"attributes\": {\"step\": null, \"low\": 1e-05, \"high\": 0.001, \"log\": true}}"}
{"op_code": 5, "worker_id": "2c471342-4350-4c5c-8e43-2c98921bf901-140227401709376", "trial_id": 33, "param_name": "l2reg", "param_value_internal": 3.7332936250763343e-08, "distribution": "{\"name\": \"FloatDistribution\", \"attributes\": {\"step\": null, \"low\": 1e-08, \"high\": 0.001, \"log\": true}}"}
{"op_code": 5, "worker_id": "2c471342-4350-4c5c-8e43-2c98921bf901-140227401709376", "trial_id": 33, "param_name": "random_seed", "param_value_internal": 0, "distribution": "{\"name\": \"CategoricalDistribution\", \"attributes\": {\"choices\": [42]}}"}
{"op_code": 5, "worker_id": "2c471342-4350-4c5c-8e43-2c98921bf901-140227401709376", "trial_id": 33, "param_name": "degree", "param_value_internal": 0, "distribution": "{\"name\": \"CategoricalDistribution\", \"attributes\": {\"choices\": [0]}}"}
{"op_code": 8, "worker_id": "2c471342-4350-4c5c-8e43-2c98921bf901-140227401709376", "trial_id": 33, "user_attr": {"best_epoch": 2}}
{"op_code": 8, "worker_id": "2c471342-4350-4c5c-8e43-2c98921bf901-140227401709376", "trial_id": 33, "user_attr": {"test_loss": 0.46059151795939934}}
{"op_code": 6, "worker_id": "2c471342-4350-4c5c-8e43-2c98921bf901-140227401709376", "trial_id": 33, "state": 1, "values": [0.4594084133242526], "datetime_complete": "2024-08-28T09:56:14.471227"}
{"op_code": 4, "worker_id": "2c471342-4350-4c5c-8e43-2c98921bf901-140227401709376", "study_id": 0, "datetime_start": "2024-08-28T09:56:14.480157"}
{"op_code": 5, "worker_id": "2c471342-4350-4c5c-8e43-2c98921bf901-140227401709376", "trial_id": 34, "param_name": "lr", "param_value_internal": 0.0001836453478771205, "distribution": "{\"name\": \"FloatDistribution\", \"attributes\": {\"step\": null, \"low\": 1e-05, \"high\": 0.001, \"log\": true}}"}
{"op_code": 5, "worker_id": "2c471342-4350-4c5c-8e43-2c98921bf901-140227401709376", "trial_id": 34, "param_name": "l2reg", "param_value_internal": 2.3007303400729678e-07, "distribution": "{\"name\": \"FloatDistribution\", \"attributes\": {\"step\": null, \"low\": 1e-08, \"high\": 0.001, \"log\": true}}"}
{"op_code": 5, "worker_id": "2c471342-4350-4c5c-8e43-2c98921bf901-140227401709376", "trial_id": 34, "param_name": "random_seed", "param_value_internal": 0, "distribution": "{\"name\": \"CategoricalDistribution\", \"attributes\": {\"choices\": [42]}}"}
{"op_code": 5, "worker_id": "2c471342-4350-4c5c-8e43-2c98921bf901-140227401709376", "trial_id": 34, "param_name": "degree", "param_value_internal": 0, "distribution": "{\"name\": \"CategoricalDistribution\", \"attributes\": {\"choices\": [0]}}"}
{"op_code": 8, "worker_id": "2c471342-4350-4c5c-8e43-2c98921bf901-140227401709376", "trial_id": 34, "user_attr": {"best_epoch": 1}}
{"op_code": 8, "worker_id": "2c471342-4350-4c5c-8e43-2c98921bf901-140227401709376", "trial_id": 34, "user_attr": {"test_loss": 0.4602799274966176}}
{"op_code": 6, "worker_id": "2c471342-4350-4c5c-8e43-2c98921bf901-140227401709376", "trial_id": 34, "state": 1, "values": [0.45919352203351527], "datetime_complete": "2024-08-28T10:00:42.283399"}
{"op_code": 4, "worker_id": "2c471342-4350-4c5c-8e43-2c98921bf901-140227401709376", "study_id": 0, "datetime_start": "2024-08-28T10:00:42.298275"}
{"op_code": 5, "worker_id": "2c471342-4350-4c5c-8e43-2c98921bf901-140227401709376", "trial_id": 35, "param_name": "lr", "param_value_internal": 0.0006702232793345294, "distribution": "{\"name\": \"FloatDistribution\", \"attributes\": {\"step\": null, \"low\": 1e-05, \"high\": 0.001, \"log\": true}}"}
{"op_code": 5, "worker_id": "2c471342-4350-4c5c-8e43-2c98921bf901-140227401709376", "trial_id": 35, "param_name": "l2reg", "param_value_internal": 3.1875457761065736e-08, "distribution": "{\"name\": \"FloatDistribution\", \"attributes\": {\"step\": null, \"low\": 1e-08, \"high\": 0.001, \"log\": true}}"}
{"op_code": 5, "worker_id": "2c471342-4350-4c5c-8e43-2c98921bf901-140227401709376", "trial_id": 35, "param_name": "random_seed", "param_value_internal": 0, "distribution": "{\"name\": \"CategoricalDistribution\", \"attributes\": {\"choices\": [42]}}"}
{"op_code": 5, "worker_id": "2c471342-4350-4c5c-8e43-2c98921bf901-140227401709376", "trial_id": 35, "param_name": "degree", "param_value_internal": 0, "distribution": "{\"name\": \"CategoricalDistribution\", \"attributes\": {\"choices\": [0]}}"}
{"op_code": 8, "worker_id": "2c471342-4350-4c5c-8e43-2c98921bf901-140227401709376", "trial_id": 35, "user_attr": {"best_epoch": 0}}
{"op_code": 8, "worker_id": "2c471342-4350-4c5c-8e43-2c98921bf901-140227401709376", "trial_id": 35, "user_attr": {"test_loss": 0.4618618160051064}}
{"op_code": 6, "worker_id": "2c471342-4350-4c5c-8e43-2c98921bf901-140227401709376", "trial_id": 35, "state": 1, "values": [0.46088863981333583], "datetime_complete": "2024-08-28T10:04:23.559193"}
{"op_code": 4, "worker_id": "2c471342-4350-4c5c-8e43-2c98921bf901-140227401709376", "study_id": 0, "datetime_start": "2024-08-28T10:04:23.568348"}
{"op_code": 5, "worker_id": "2c471342-4350-4c5c-8e43-2c98921bf901-140227401709376", "trial_id": 36, "param_name": "lr", "param_value_internal": 0.0002905652509697076, "distribution": "{\"name\": \"FloatDistribution\", \"attributes\": {\"step\": null, \"low\": 1e-05, \"high\": 0.001, \"log\": true}}"}
{"op_code": 5, "worker_id": "2c471342-4350-4c5c-8e43-2c98921bf901-140227401709376", "trial_id": 36, "param_name": "l2reg", "param_value_internal": 1.7892421386011036e-05, "distribution": "{\"name\": \"FloatDistribution\", \"attributes\": {\"step\": null, \"low\": 1e-08, \"high\": 0.001, \"log\": true}}"}
{"op_code": 5, "worker_id": "2c471342-4350-4c5c-8e43-2c98921bf901-140227401709376", "trial_id": 36, "param_name": "random_seed", "param_value_internal": 0, "distribution": "{\"name\": \"CategoricalDistribution\", \"attributes\": {\"choices\": [42]}}"}
{"op_code": 5, "worker_id": "2c471342-4350-4c5c-8e43-2c98921bf901-140227401709376", "trial_id": 36, "param_name": "degree", "param_value_internal": 0, "distribution": "{\"name\": \"CategoricalDistribution\", \"attributes\": {\"choices\": [0]}}"}
{"op_code": 8, "worker_id": "2c471342-4350-4c5c-8e43-2c98921bf901-140227401709376", "trial_id": 36, "user_attr": {"best_epoch": 1}}
{"op_code": 8, "worker_id": "2c471342-4350-4c5c-8e43-2c98921bf901-140227401709376", "trial_id": 36, "user_attr": {"test_loss": 0.4607103972415731}}
{"op_code": 6, "worker_id": "2c471342-4350-4c5c-8e43-2c98921bf901-140227401709376", "trial_id": 36, "state": 1, "values": [0.4594893459119881], "datetime_complete": "2024-08-28T10:08:54.518280"}
{"op_code": 4, "worker_id": "2c471342-4350-4c5c-8e43-2c98921bf901-140227401709376", "study_id": 0, "datetime_start": "2024-08-28T10:08:54.527226"}
{"op_code": 5, "worker_id": "2c471342-4350-4c5c-8e43-2c98921bf901-140227401709376", "trial_id": 37, "param_name": "lr", "param_value_internal": 0.00012555832000216046, "distribution": "{\"name\": \"FloatDistribution\", \"attributes\": {\"step\": null, \"low\": 1e-05, \"high\": 0.001, \"log\": true}}"}
{"op_code": 5, "worker_id": "2c471342-4350-4c5c-8e43-2c98921bf901-140227401709376", "trial_id": 37, "param_name": "l2reg", "param_value_internal": 1.3911124366609346e-07, "distribution": "{\"name\": \"FloatDistribution\", \"attributes\": {\"step\": null, \"low\": 1e-08, \"high\": 0.001, \"log\": true}}"}
{"op_code": 5, "worker_id": "2c471342-4350-4c5c-8e43-2c98921bf901-140227401709376", "trial_id": 37, "param_name": "random_seed", "param_value_internal": 0, "distribution": "{\"name\": \"CategoricalDistribution\", \"attributes\": {\"choices\": [42]}}"}
{"op_code": 5, "worker_id": "2c471342-4350-4c5c-8e43-2c98921bf901-140227401709376", "trial_id": 37, "param_name": "degree", "param_value_internal": 0, "distribution": "{\"name\": \"CategoricalDistribution\", \"attributes\": {\"choices\": [0]}}"}
{"op_code": 8, "worker_id": "2c471342-4350-4c5c-8e43-2c98921bf901-140227401709376", "trial_id": 37, "user_attr": {"best_epoch": 2}}
{"op_code": 8, "worker_id": "2c471342-4350-4c5c-8e43-2c98921bf901-140227401709376", "trial_id": 37, "user_attr": {"test_loss": 0.46066130322844673}}
{"op_code": 6, "worker_id": "2c471342-4350-4c5c-8e43-2c98921bf901-140227401709376", "trial_id": 37, "state": 1, "values": [0.459556038945372], "datetime_complete": "2024-08-28T10:14:05.735908"}
{"op_code": 4, "worker_id": "2c471342-4350-4c5c-8e43-2c98921bf901-140227401709376", "study_id": 0, "datetime_start": "2024-08-28T10:14:05.745324"}
{"op_code": 5, "worker_id": "2c471342-4350-4c5c-8e43-2c98921bf901-140227401709376", "trial_id": 38, "param_name": "lr", "param_value_internal": 0.0001938967555398511, "distribution": "{\"name\": \"FloatDistribution\", \"attributes\": {\"step\": null, \"low\": 1e-05, \"high\": 0.001, \"log\": true}}"}
{"op_code": 5, "worker_id": "2c471342-4350-4c5c-8e43-2c98921bf901-140227401709376", "trial_id": 38, "param_name": "l2reg", "param_value_internal": 1.0244081248728058e-08, "distribution": "{\"name\": \"FloatDistribution\", \"attributes\": {\"step\": null, \"low\": 1e-08, \"high\": 0.001, \"log\": true}}"}
{"op_code": 5, "worker_id": "2c471342-4350-4c5c-8e43-2c98921bf901-140227401709376", "trial_id": 38, "param_name": "random_seed", "param_value_internal": 0, "distribution": "{\"name\": \"CategoricalDistribution\", \"attributes\": {\"choices\": [42]}}"}
{"op_code": 5, "worker_id": "2c471342-4350-4c5c-8e43-2c98921bf901-140227401709376", "trial_id": 38, "param_name": "degree", "param_value_internal": 0, "distribution": "{\"name\": \"CategoricalDistribution\", \"attributes\": {\"choices\": [0]}}"}
{"op_code": 8, "worker_id": "2c471342-4350-4c5c-8e43-2c98921bf901-140227401709376", "trial_id": 38, "user_attr": {"best_epoch": 1}}
{"op_code": 8, "worker_id": "2c471342-4350-4c5c-8e43-2c98921bf901-140227401709376", "trial_id": 38, "user_attr": {"test_loss": 0.46013268363298754}}
{"op_code": 6, "worker_id": "2c471342-4350-4c5c-8e43-2c98921bf901-140227401709376", "trial_id": 38, "state": 1, "values": [0.4590303970583295], "datetime_complete": "2024-08-28T10:18:37.395406"}
{"op_code": 4, "worker_id": "2c471342-4350-4c5c-8e43-2c98921bf901-140227401709376", "study_id": 0, "datetime_start": "2024-08-28T10:18:37.404545"}
{"op_code": 5, "worker_id": "2c471342-4350-4c5c-8e43-2c98921bf901-140227401709376", "trial_id": 39, "param_name": "lr", "param_value_internal": 9.029245888295042e-05, "distribution": "{\"name\": \"FloatDistribution\", \"attributes\": {\"step\": null, \"low\": 1e-05, \"high\": 0.001, \"log\": true}}"}
{"op_code": 5, "worker_id": "2c471342-4350-4c5c-8e43-2c98921bf901-140227401709376", "trial_id": 39, "param_name": "l2reg", "param_value_internal": 1.6647919353470413e-06, "distribution": "{\"name\": \"FloatDistribution\", \"attributes\": {\"step\": null, \"low\": 1e-08, \"high\": 0.001, \"log\": true}}"}
{"op_code": 5, "worker_id": "2c471342-4350-4c5c-8e43-2c98921bf901-140227401709376", "trial_id": 39, "param_name": "random_seed", "param_value_internal": 0, "distribution": "{\"name\": \"CategoricalDistribution\", \"attributes\": {\"choices\": [42]}}"}
{"op_code": 5, "worker_id": "2c471342-4350-4c5c-8e43-2c98921bf901-140227401709376", "trial_id": 39, "param_name": "degree", "param_value_internal": 0, "distribution": "{\"name\": \"CategoricalDistribution\", \"attributes\": {\"choices\": [0]}}"}
{"op_code": 8, "worker_id": "2c471342-4350-4c5c-8e43-2c98921bf901-140227401709376", "trial_id": 39, "user_attr": {"best_epoch": 4}}
{"op_code": 8, "worker_id": "2c471342-4350-4c5c-8e43-2c98921bf901-140227401709376", "trial_id": 39, "user_attr": {"test_loss": 0.46247049014607566}}
{"op_code": 6, "worker_id": "2c471342-4350-4c5c-8e43-2c98921bf901-140227401709376", "trial_id": 39, "state": 1, "values": [0.46154755323989943], "datetime_complete": "2024-08-28T10:25:21.772974"}
{"op_code": 4, "worker_id": "2c471342-4350-4c5c-8e43-2c98921bf901-140227401709376", "study_id": 0, "datetime_start": "2024-08-28T10:25:21.784077"}
{"op_code": 5, "worker_id": "2c471342-4350-4c5c-8e43-2c98921bf901-140227401709376", "trial_id": 40, "param_name": "lr", "param_value_internal": 0.0004317966581956629, "distribution": "{\"name\": \"FloatDistribution\", \"attributes\": {\"step\": null, \"low\": 1e-05, \"high\": 0.001, \"log\": true}}"}
{"op_code": 5, "worker_id": "2c471342-4350-4c5c-8e43-2c98921bf901-140227401709376", "trial_id": 40, "param_name": "l2reg", "param_value_internal": 6.569132078273192e-08, "distribution": "{\"name\": \"FloatDistribution\", \"attributes\": {\"step\": null, \"low\": 1e-08, \"high\": 0.001, \"log\": true}}"}
{"op_code": 5, "worker_id": "2c471342-4350-4c5c-8e43-2c98921bf901-140227401709376", "trial_id": 40, "param_name": "random_seed", "param_value_internal": 0, "distribution": "{\"name\": \"CategoricalDistribution\", \"attributes\": {\"choices\": [42]}}"}
{"op_code": 5, "worker_id": "2c471342-4350-4c5c-8e43-2c98921bf901-140227401709376", "trial_id": 40, "param_name": "degree", "param_value_internal": 0, "distribution": "{\"name\": \"CategoricalDistribution\", \"attributes\": {\"choices\": [0]}}"}
{"op_code": 8, "worker_id": "2c471342-4350-4c5c-8e43-2c98921bf901-140227401709376", "trial_id": 40, "user_attr": {"best_epoch": 0}}
{"op_code": 8, "worker_id": "2c471342-4350-4c5c-8e43-2c98921bf901-140227401709376", "trial_id": 40, "user_attr": {"test_loss": 0.46120095561534724}}
{"op_code": 6, "worker_id": "2c471342-4350-4c5c-8e43-2c98921bf901-140227401709376", "trial_id": 40, "state": 1, "values": [0.4602557240717948], "datetime_complete": "2024-08-28T10:29:12.283223"}
{"op_code": 4, "worker_id": "2c471342-4350-4c5c-8e43-2c98921bf901-140227401709376", "study_id": 0, "datetime_start": "2024-08-28T10:29:12.304214"}
{"op_code": 5, "worker_id": "2c471342-4350-4c5c-8e43-2c98921bf901-140227401709376", "trial_id": 41, "param_name": "lr", "param_value_internal": 0.00021531350891894905, "distribution": "{\"name\": \"FloatDistribution\", \"attributes\": {\"step\": null, \"low\": 1e-05, \"high\": 0.001, \"log\": true}}"}
{"op_code": 5, "worker_id": "2c471342-4350-4c5c-8e43-2c98921bf901-140227401709376", "trial_id": 41, "param_name": "l2reg", "param_value_internal": 3.647227468637523e-08, "distribution": "{\"name\": \"FloatDistribution\", \"attributes\": {\"step\": null, \"low\": 1e-08, \"high\": 0.001, \"log\": true}}"}
{"op_code": 5, "worker_id": "2c471342-4350-4c5c-8e43-2c98921bf901-140227401709376", "trial_id": 41, "param_name": "random_seed", "param_value_internal": 0, "distribution": "{\"name\": \"CategoricalDistribution\", \"attributes\": {\"choices\": [42]}}"}
{"op_code": 5, "worker_id": "2c471342-4350-4c5c-8e43-2c98921bf901-140227401709376", "trial_id": 41, "param_name": "degree", "param_value_internal": 0, "distribution": "{\"name\": \"CategoricalDistribution\", \"attributes\": {\"choices\": [0]}}"}
{"op_code": 8, "worker_id": "2c471342-4350-4c5c-8e43-2c98921bf901-140227401709376", "trial_id": 41, "user_attr": {"best_epoch": 1}}
{"op_code": 8, "worker_id": "2c471342-4350-4c5c-8e43-2c98921bf901-140227401709376", "trial_id": 41, "user_attr": {"test_loss": 0.4600244553847657}}
{"op_code": 6, "worker_id": "2c471342-4350-4c5c-8e43-2c98921bf901-140227401709376", "trial_id": 41, "state": 1, "values": [0.45889185726545584], "datetime_complete": "2024-08-28T10:33:39.149134"}
{"op_code": 4, "worker_id": "2c471342-4350-4c5c-8e43-2c98921bf901-140227401709376", "study_id": 0, "datetime_start": "2024-08-28T10:33:39.158261"}
{"op_code": 5, "worker_id": "2c471342-4350-4c5c-8e43-2c98921bf901-140227401709376", "trial_id": 42, "param_name": "lr", "param_value_internal": 0.00030590282012691645, "distribution": "{\"name\": \"FloatDistribution\", \"attributes\": {\"step\": null, \"low\": 1e-05, \"high\": 0.001, \"log\": true}}"}
{"op_code": 5, "worker_id": "2c471342-4350-4c5c-8e43-2c98921bf901-140227401709376", "trial_id": 42, "param_name": "l2reg", "param_value_internal": 3.682635977406555e-08, "distribution": "{\"name\": \"FloatDistribution\", \"attributes\": {\"step\": null, \"low\": 1e-08, \"high\": 0.001, \"log\": true}}"}
{"op_code": 5, "worker_id": "2c471342-4350-4c5c-8e43-2c98921bf901-140227401709376", "trial_id": 42, "param_name": "random_seed", "param_value_internal": 0, "distribution": "{\"name\": \"CategoricalDistribution\", \"attributes\": {\"choices\": [42]}}"}
{"op_code": 5, "worker_id": "2c471342-4350-4c5c-8e43-2c98921bf901-140227401709376", "trial_id": 42, "param_name": "degree", "param_value_internal": 0, "distribution": "{\"name\": \"CategoricalDistribution\", \"attributes\": {\"choices\": [0]}}"}
{"op_code": 8, "worker_id": "2c471342-4350-4c5c-8e43-2c98921bf901-140227401709376", "trial_id": 42, "user_attr": {"best_epoch": 1}}
{"op_code": 8, "worker_id": "2c471342-4350-4c5c-8e43-2c98921bf901-140227401709376", "trial_id": 42, "user_attr": {"test_loss": 0.46097171024301153}}
{"op_code": 6, "worker_id": "2c471342-4350-4c5c-8e43-2c98921bf901-140227401709376", "trial_id": 42, "state": 1, "values": [0.45973470145037304], "datetime_complete": "2024-08-28T10:38:11.119311"}
{"op_code": 4, "worker_id": "2c471342-4350-4c5c-8e43-2c98921bf901-140227401709376", "study_id": 0, "datetime_start": "2024-08-28T10:38:11.128397"}
{"op_code": 5, "worker_id": "2c471342-4350-4c5c-8e43-2c98921bf901-140227401709376", "trial_id": 43, "param_name": "lr", "param_value_internal": 0.00022402662134483404, "distribution": "{\"name\": \"FloatDistribution\", \"attributes\": {\"step\": null, \"low\": 1e-05, \"high\": 0.001, \"log\": true}}"}
{"op_code": 5, "worker_id": "2c471342-4350-4c5c-8e43-2c98921bf901-140227401709376", "trial_id": 43, "param_name": "l2reg", "param_value_internal": 2.6308768862436317e-08, "distribution": "{\"name\": \"FloatDistribution\", \"attributes\": {\"step\": null, \"low\": 1e-08, \"high\": 0.001, \"log\": true}}"}
{"op_code": 5, "worker_id": "2c471342-4350-4c5c-8e43-2c98921bf901-140227401709376", "trial_id": 43, "param_name": "random_seed", "param_value_internal": 0, "distribution": "{\"name\": \"CategoricalDistribution\", \"attributes\": {\"choices\": [42]}}"}
{"op_code": 5, "worker_id": "2c471342-4350-4c5c-8e43-2c98921bf901-140227401709376", "trial_id": 43, "param_name": "degree", "param_value_internal": 0, "distribution": "{\"name\": \"CategoricalDistribution\", \"attributes\": {\"choices\": [0]}}"}
{"op_code": 8, "worker_id": "2c471342-4350-4c5c-8e43-2c98921bf901-140227401709376", "trial_id": 43, "user_attr": {"best_epoch": 1}}
{"op_code": 8, "worker_id": "2c471342-4350-4c5c-8e43-2c98921bf901-140227401709376", "trial_id": 43, "user_attr": {"test_loss": 0.46003789324838973}}
{"op_code": 6, "worker_id": "2c471342-4350-4c5c-8e43-2c98921bf901-140227401709376", "trial_id": 43, "state": 1, "values": [0.45889391875589813], "datetime_complete": "2024-08-28T10:42:47.251438"}
{"op_code": 4, "worker_id": "2c471342-4350-4c5c-8e43-2c98921bf901-140227401709376", "study_id": 0, "datetime_start": "2024-08-28T10:42:47.260788"}
{"op_code": 5, "worker_id": "2c471342-4350-4c5c-8e43-2c98921bf901-140227401709376", "trial_id": 44, "param_name": "lr", "param_value_internal": 0.00023756702745919559, "distribution": "{\"name\": \"FloatDistribution\", \"attributes\": {\"step\": null, \"low\": 1e-05, \"high\": 0.001, \"log\": true}}"}
{"op_code": 5, "worker_id": "2c471342-4350-4c5c-8e43-2c98921bf901-140227401709376", "trial_id": 44, "param_name": "l2reg", "param_value_internal": 2.3611388315511733e-08, "distribution": "{\"name\": \"FloatDistribution\", \"attributes\": {\"step\": null, \"low\": 1e-08, \"high\": 0.001, \"log\": true}}"}
{"op_code": 5, "worker_id": "2c471342-4350-4c5c-8e43-2c98921bf901-140227401709376", "trial_id": 44, "param_name": "random_seed", "param_value_internal": 0, "distribution": "{\"name\": \"CategoricalDistribution\", \"attributes\": {\"choices\": [42]}}"}
{"op_code": 5, "worker_id": "2c471342-4350-4c5c-8e43-2c98921bf901-140227401709376", "trial_id": 44, "param_name": "degree", "param_value_internal": 0, "distribution": "{\"name\": \"CategoricalDistribution\", \"attributes\": {\"choices\": [0]}}"}
{"op_code": 8, "worker_id": "2c471342-4350-4c5c-8e43-2c98921bf901-140227401709376", "trial_id": 44, "user_attr": {"best_epoch": 1}}
{"op_code": 8, "worker_id": "2c471342-4350-4c5c-8e43-2c98921bf901-140227401709376", "trial_id": 44, "user_attr": {"test_loss": 0.4601047008090205}}
{"op_code": 6, "worker_id": "2c471342-4350-4c5c-8e43-2c98921bf901-140227401709376", "trial_id": 44, "state": 1, "values": [0.4589439289869989], "datetime_complete": "2024-08-28T10:47:08.049240"}
{"op_code": 4, "worker_id": "2c471342-4350-4c5c-8e43-2c98921bf901-140227401709376", "study_id": 0, "datetime_start": "2024-08-28T10:47:08.058721"}
{"op_code": 5, "worker_id": "2c471342-4350-4c5c-8e43-2c98921bf901-140227401709376", "trial_id": 45, "param_name": "lr", "param_value_internal": 0.0001455709904769938, "distribution": "{\"name\": \"FloatDistribution\", \"attributes\": {\"step\": null, \"low\": 1e-05, \"high\": 0.001, \"log\": true}}"}
{"op_code": 5, "worker_id": "2c471342-4350-4c5c-8e43-2c98921bf901-140227401709376", "trial_id": 45, "param_name": "l2reg", "param_value_internal": 1.2824492106830442e-07, "distribution": "{\"name\": \"FloatDistribution\", \"attributes\": {\"step\": null, \"low\": 1e-08, \"high\": 0.001, \"log\": true}}"}
{"op_code": 5, "worker_id": "2c471342-4350-4c5c-8e43-2c98921bf901-140227401709376", "trial_id": 45, "param_name": "random_seed", "param_value_internal": 0, "distribution": "{\"name\": \"CategoricalDistribution\", \"attributes\": {\"choices\": [42]}}"}
{"op_code": 5, "worker_id": "2c471342-4350-4c5c-8e43-2c98921bf901-140227401709376", "trial_id": 45, "param_name": "degree", "param_value_internal": 0, "distribution": "{\"name\": \"CategoricalDistribution\", \"attributes\": {\"choices\": [0]}}"}
{"op_code": 8, "worker_id": "2c471342-4350-4c5c-8e43-2c98921bf901-140227401709376", "trial_id": 45, "user_attr": {"best_epoch": 2}}
{"op_code": 8, "worker_id": "2c471342-4350-4c5c-8e43-2c98921bf901-140227401709376", "trial_id": 45, "user_attr": {"test_loss": 0.4606088879251633}}
{"op_code": 6, "worker_id": "2c471342-4350-4c5c-8e43-2c98921bf901-140227401709376", "trial_id": 45, "state": 1, "values": [0.45942097314565117], "datetime_complete": "2024-08-28T10:52:17.436923"}
{"op_code": 4, "worker_id": "2c471342-4350-4c5c-8e43-2c98921bf901-140227401709376", "study_id": 0, "datetime_start": "2024-08-28T10:52:17.445900"}
{"op_code": 5, "worker_id": "2c471342-4350-4c5c-8e43-2c98921bf901-140227401709376", "trial_id": 46, "param_name": "lr", "param_value_internal": 0.00010955069313565677, "distribution": "{\"name\": \"FloatDistribution\", \"attributes\": {\"step\": null, \"low\": 1e-05, \"high\": 0.001, \"log\": true}}"}
{"op_code": 5, "worker_id": "2c471342-4350-4c5c-8e43-2c98921bf901-140227401709376", "trial_id": 46, "param_name": "l2reg", "param_value_internal": 2.6802917614218404e-07, "distribution": "{\"name\": \"FloatDistribution\", \"attributes\": {\"step\": null, \"low\": 1e-08, \"high\": 0.001, \"log\": true}}"}
{"op_code": 5, "worker_id": "2c471342-4350-4c5c-8e43-2c98921bf901-140227401709376", "trial_id": 46, "param_name": "random_seed", "param_value_internal": 0, "distribution": "{\"name\": \"CategoricalDistribution\", \"attributes\": {\"choices\": [42]}}"}
{"op_code": 5, "worker_id": "2c471342-4350-4c5c-8e43-2c98921bf901-140227401709376", "trial_id": 46, "param_name": "degree", "param_value_internal": 0, "distribution": "{\"name\": \"CategoricalDistribution\", \"attributes\": {\"choices\": [0]}}"}
{"op_code": 8, "worker_id": "2c471342-4350-4c5c-8e43-2c98921bf901-140227401709376", "trial_id": 46, "user_attr": {"best_epoch": 2}}
{"op_code": 8, "worker_id": "2c471342-4350-4c5c-8e43-2c98921bf901-140227401709376", "trial_id": 46, "user_attr": {"test_loss": 0.4612521874704138}}
{"op_code": 6, "worker_id": "2c471342-4350-4c5c-8e43-2c98921bf901-140227401709376", "trial_id": 46, "state": 1, "values": [0.46022514529690045], "datetime_complete": "2024-08-28T10:57:27.145819"}
{"op_code": 4, "worker_id": "2c471342-4350-4c5c-8e43-2c98921bf901-140227401709376", "study_id": 0, "datetime_start": "2024-08-28T10:57:27.154647"}
{"op_code": 5, "worker_id": "2c471342-4350-4c5c-8e43-2c98921bf901-140227401709376", "trial_id": 47, "param_name": "lr", "param_value_internal": 0.0003142468449877539, "distribution": "{\"name\": \"FloatDistribution\", \"attributes\": {\"step\": null, \"low\": 1e-05, \"high\": 0.001, \"log\": true}}"}
{"op_code": 5, "worker_id": "2c471342-4350-4c5c-8e43-2c98921bf901-140227401709376", "trial_id": 47, "param_name": "l2reg", "param_value_internal": 5.703776609158244e-08, "distribution": "{\"name\": \"FloatDistribution\", \"attributes\": {\"step\": null, \"low\": 1e-08, \"high\": 0.001, \"log\": true}}"}
{"op_code": 5, "worker_id": "2c471342-4350-4c5c-8e43-2c98921bf901-140227401709376", "trial_id": 47, "param_name": "random_seed", "param_value_internal": 0, "distribution": "{\"name\": \"CategoricalDistribution\", \"attributes\": {\"choices\": [42]}}"}
{"op_code": 5, "worker_id": "2c471342-4350-4c5c-8e43-2c98921bf901-140227401709376", "trial_id": 47, "param_name": "degree", "param_value_internal": 0, "distribution": "{\"name\": \"CategoricalDistribution\", \"attributes\": {\"choices\": [0]}}"}
{"op_code": 8, "worker_id": "2c471342-4350-4c5c-8e43-2c98921bf901-140227401709376", "trial_id": 47, "user_attr": {"best_epoch": 1}}
{"op_code": 8, "worker_id": "2c471342-4350-4c5c-8e43-2c98921bf901-140227401709376", "trial_id": 47, "user_attr": {"test_loss": 0.4611308649403084}}
{"op_code": 6, "worker_id": "2c471342-4350-4c5c-8e43-2c98921bf901-140227401709376", "trial_id": 47, "state": 1, "values": [0.4598853429556581], "datetime_complete": "2024-08-28T11:01:52.995413"}
{"op_code": 4, "worker_id": "2c471342-4350-4c5c-8e43-2c98921bf901-140227401709376", "study_id": 0, "datetime_start": "2024-08-28T11:01:53.004728"}
{"op_code": 5, "worker_id": "2c471342-4350-4c5c-8e43-2c98921bf901-140227401709376", "trial_id": 48, "param_name": "lr", "param_value_internal": 1.722693994422323e-05, "distribution": "{\"name\": \"FloatDistribution\", \"attributes\": {\"step\": null, \"low\": 1e-05, \"high\": 0.001, \"log\": true}}"}
{"op_code": 5, "worker_id": "2c471342-4350-4c5c-8e43-2c98921bf901-140227401709376", "trial_id": 48, "param_name": "l2reg", "param_value_internal": 4.853145278549433e-08, "distribution": "{\"name\": \"FloatDistribution\", \"attributes\": {\"step\": null, \"low\": 1e-08, \"high\": 0.001, \"log\": true}}"}
{"op_code": 5, "worker_id": "2c471342-4350-4c5c-8e43-2c98921bf901-140227401709376", "trial_id": 48, "param_name": "random_seed", "param_value_internal": 0, "distribution": "{\"name\": \"CategoricalDistribution\", \"attributes\": {\"choices\": [42]}}"}
{"op_code": 5, "worker_id": "2c471342-4350-4c5c-8e43-2c98921bf901-140227401709376", "trial_id": 48, "param_name": "degree", "param_value_internal": 0, "distribution": "{\"name\": \"CategoricalDistribution\", \"attributes\": {\"choices\": [0]}}"}
{"op_code": 8, "worker_id": "2c471342-4350-4c5c-8e43-2c98921bf901-140227401709376", "trial_id": 48, "user_attr": {"best_epoch": 2}}
{"op_code": 8, "worker_id": "2c471342-4350-4c5c-8e43-2c98921bf901-140227401709376", "trial_id": 48, "user_attr": {"test_loss": 0.4647978365039565}}
{"op_code": 6, "worker_id": "2c471342-4350-4c5c-8e43-2c98921bf901-140227401709376", "trial_id": 48, "state": 1, "values": [0.46404504891076953], "datetime_complete": "2024-08-28T11:07:01.534667"}
{"op_code": 4, "worker_id": "2c471342-4350-4c5c-8e43-2c98921bf901-140227401709376", "study_id": 0, "datetime_start": "2024-08-28T11:07:01.553407"}
{"op_code": 5, "worker_id": "2c471342-4350-4c5c-8e43-2c98921bf901-140227401709376", "trial_id": 49, "param_name": "lr", "param_value_internal": 0.00016810251455396118, "distribution": "{\"name\": \"FloatDistribution\", \"attributes\": {\"step\": null, \"low\": 1e-05, \"high\": 0.001, \"log\": true}}"}
{"op_code": 5, "worker_id": "2c471342-4350-4c5c-8e43-2c98921bf901-140227401709376", "trial_id": 49, "param_name": "l2reg", "param_value_internal": 9.381584945219744e-08, "distribution": "{\"name\": \"FloatDistribution\", \"attributes\": {\"step\": null, \"low\": 1e-08, \"high\": 0.001, \"log\": true}}"}
{"op_code": 5, "worker_id": "2c471342-4350-4c5c-8e43-2c98921bf901-140227401709376", "trial_id": 49, "param_name": "random_seed", "param_value_internal": 0, "distribution": "{\"name\": \"CategoricalDistribution\", \"attributes\": {\"choices\": [42]}}"}
{"op_code": 5, "worker_id": "2c471342-4350-4c5c-8e43-2c98921bf901-140227401709376", "trial_id": 49, "param_name": "degree", "param_value_internal": 0, "distribution": "{\"name\": \"CategoricalDistribution\", \"attributes\": {\"choices\": [0]}}"}
{"op_code": 8, "worker_id": "2c471342-4350-4c5c-8e43-2c98921bf901-140227401709376", "trial_id": 49, "user_attr": {"best_epoch": 1}}
{"op_code": 8, "worker_id": "2c471342-4350-4c5c-8e43-2c98921bf901-140227401709376", "trial_id": 49, "user_attr": {"test_loss": 0.46066149410719137}}
{"op_code": 6, "worker_id": "2c471342-4350-4c5c-8e43-2c98921bf901-140227401709376", "trial_id": 49, "state": 1, "values": [0.45960352957704326], "datetime_complete": "2024-08-28T11:11:23.080891"}
