{"op_code": 0, "worker_id": "fbc2e059-6753-48e3-8b63-00f293d6af87-139891588650816", "study_name": "criteo_bins_22", "directions": [1]}
{"op_code": 4, "worker_id": "fbc2e059-6753-48e3-8b63-00f293d6af87-139891588650816", "study_id": 0, "datetime_start": "2024-08-21T06:42:28.419667"}
{"op_code": 5, "worker_id": "fbc2e059-6753-48e3-8b63-00f293d6af87-139891588650816", "trial_id": 0, "param_name": "lr", "param_value_internal": 5.6115164153345e-05, "distribution": "{\"name\": \"FloatDistribution\", \"attributes\": {\"step\": null, \"low\": 1e-05, \"high\": 0.001, \"log\": true}}"}
{"op_code": 5, "worker_id": "fbc2e059-6753-48e3-8b63-00f293d6af87-139891588650816", "trial_id": 0, "param_name": "l2reg", "param_value_internal": 0.0005669849511478851, "distribution": "{\"name\": \"FloatDistribution\", \"attributes\": {\"step\": null, \"low\": 1e-08, \"high\": 0.001, \"log\": true}}"}
{"op_code": 5, "worker_id": "fbc2e059-6753-48e3-8b63-00f293d6af87-139891588650816", "trial_id": 0, "param_name": "random_seed", "param_value_internal": 0, "distribution": "{\"name\": \"CategoricalDistribution\", \"attributes\": {\"choices\": [42]}}"}
{"op_code": 5, "worker_id": "fbc2e059-6753-48e3-8b63-00f293d6af87-139891588650816", "trial_id": 0, "param_name": "degree", "param_value_internal": 0, "distribution": "{\"name\": \"CategoricalDistribution\", \"attributes\": {\"choices\": [0]}}"}
{"op_code": 8, "worker_id": "fbc2e059-6753-48e3-8b63-00f293d6af87-139891588650816", "trial_id": 0, "user_attr": {"best_epoch": 3}}
{"op_code": 8, "worker_id": "fbc2e059-6753-48e3-8b63-00f293d6af87-139891588650816", "trial_id": 0, "user_attr": {"test_loss": 0.44522557289809384}}
{"op_code": 6, "worker_id": "fbc2e059-6753-48e3-8b63-00f293d6af87-139891588650816", "trial_id": 0, "state": 1, "values": [0.44506320667856003], "datetime_complete": "2024-08-21T07:09:04.099212"}
{"op_code": 4, "worker_id": "fbc2e059-6753-48e3-8b63-00f293d6af87-139891588650816", "study_id": 0, "datetime_start": "2024-08-21T07:09:04.108755"}
{"op_code": 5, "worker_id": "fbc2e059-6753-48e3-8b63-00f293d6af87-139891588650816", "trial_id": 1, "param_name": "lr", "param_value_internal": 0.000291063591313307, "distribution": "{\"name\": \"FloatDistribution\", \"attributes\": {\"step\": null, \"low\": 1e-05, \"high\": 0.001, \"log\": true}}"}
{"op_code": 5, "worker_id": "fbc2e059-6753-48e3-8b63-00f293d6af87-139891588650816", "trial_id": 1, "param_name": "l2reg", "param_value_internal": 9.846738873614555e-06, "distribution": "{\"name\": \"FloatDistribution\", \"attributes\": {\"step\": null, \"low\": 1e-08, \"high\": 0.001, \"log\": true}}"}
{"op_code": 5, "worker_id": "fbc2e059-6753-48e3-8b63-00f293d6af87-139891588650816", "trial_id": 1, "param_name": "random_seed", "param_value_internal": 0, "distribution": "{\"name\": \"CategoricalDistribution\", \"attributes\": {\"choices\": [42]}}"}
{"op_code": 5, "worker_id": "fbc2e059-6753-48e3-8b63-00f293d6af87-139891588650816", "trial_id": 1, "param_name": "degree", "param_value_internal": 0, "distribution": "{\"name\": \"CategoricalDistribution\", \"attributes\": {\"choices\": [0]}}"}
{"op_code": 8, "worker_id": "fbc2e059-6753-48e3-8b63-00f293d6af87-139891588650816", "trial_id": 1, "user_attr": {"best_epoch": 0}}
{"op_code": 8, "worker_id": "fbc2e059-6753-48e3-8b63-00f293d6af87-139891588650816", "trial_id": 1, "user_attr": {"test_loss": 0.4450699612512456}}
{"op_code": 6, "worker_id": "fbc2e059-6753-48e3-8b63-00f293d6af87-139891588650816", "trial_id": 1, "state": 1, "values": [0.44495027917743407], "datetime_complete": "2024-08-21T07:24:58.281561"}
{"op_code": 4, "worker_id": "fbc2e059-6753-48e3-8b63-00f293d6af87-139891588650816", "study_id": 0, "datetime_start": "2024-08-21T07:24:58.294559"}
{"op_code": 5, "worker_id": "fbc2e059-6753-48e3-8b63-00f293d6af87-139891588650816", "trial_id": 2, "param_name": "lr", "param_value_internal": 2.0513382630874486e-05, "distribution": "{\"name\": \"FloatDistribution\", \"attributes\": {\"step\": null, \"low\": 1e-05, \"high\": 0.001, \"log\": true}}"}
{"op_code": 5, "worker_id": "fbc2e059-6753-48e3-8b63-00f293d6af87-139891588650816", "trial_id": 2, "param_name": "l2reg", "param_value_internal": 6.02521573620385e-08, "distribution": "{\"name\": \"FloatDistribution\", \"attributes\": {\"step\": null, \"low\": 1e-08, \"high\": 0.001, \"log\": true}}"}
{"op_code": 5, "worker_id": "fbc2e059-6753-48e3-8b63-00f293d6af87-139891588650816", "trial_id": 2, "param_name": "random_seed", "param_value_internal": 0, "distribution": "{\"name\": \"CategoricalDistribution\", \"attributes\": {\"choices\": [42]}}"}
{"op_code": 5, "worker_id": "fbc2e059-6753-48e3-8b63-00f293d6af87-139891588650816", "trial_id": 2, "param_name": "degree", "param_value_internal": 0, "distribution": "{\"name\": \"CategoricalDistribution\", \"attributes\": {\"choices\": [0]}}"}
{"op_code": 8, "worker_id": "fbc2e059-6753-48e3-8b63-00f293d6af87-139891588650816", "trial_id": 2, "user_attr": {"best_epoch": 10}}
{"op_code": 8, "worker_id": "fbc2e059-6753-48e3-8b63-00f293d6af87-139891588650816", "trial_id": 2, "user_attr": {"test_loss": 0.44596709148161484}}
{"op_code": 6, "worker_id": "fbc2e059-6753-48e3-8b63-00f293d6af87-139891588650816", "trial_id": 2, "state": 1, "values": [0.4458147962803877], "datetime_complete": "2024-08-21T08:14:50.185822"}
{"op_code": 4, "worker_id": "fbc2e059-6753-48e3-8b63-00f293d6af87-139891588650816", "study_id": 0, "datetime_start": "2024-08-21T08:14:50.223376"}
{"op_code": 5, "worker_id": "fbc2e059-6753-48e3-8b63-00f293d6af87-139891588650816", "trial_id": 3, "param_name": "lr", "param_value_internal": 1.3066739238053272e-05, "distribution": "{\"name\": \"FloatDistribution\", \"attributes\": {\"step\": null, \"low\": 1e-05, \"high\": 0.001, \"log\": true}}"}
{"op_code": 5, "worker_id": "fbc2e059-6753-48e3-8b63-00f293d6af87-139891588650816", "trial_id": 3, "param_name": "l2reg", "param_value_internal": 0.00021423021757741048, "distribution": "{\"name\": \"FloatDistribution\", \"attributes\": {\"step\": null, \"low\": 1e-08, \"high\": 0.001, \"log\": true}}"}
{"op_code": 5, "worker_id": "fbc2e059-6753-48e3-8b63-00f293d6af87-139891588650816", "trial_id": 3, "param_name": "random_seed", "param_value_internal": 0, "distribution": "{\"name\": \"CategoricalDistribution\", \"attributes\": {\"choices\": [42]}}"}
{"op_code": 5, "worker_id": "fbc2e059-6753-48e3-8b63-00f293d6af87-139891588650816", "trial_id": 3, "param_name": "degree", "param_value_internal": 0, "distribution": "{\"name\": \"CategoricalDistribution\", \"attributes\": {\"choices\": [0]}}"}
{"op_code": 8, "worker_id": "fbc2e059-6753-48e3-8b63-00f293d6af87-139891588650816", "trial_id": 3, "user_attr": {"best_epoch": 16}}
{"op_code": 8, "worker_id": "fbc2e059-6753-48e3-8b63-00f293d6af87-139891588650816", "trial_id": 3, "user_attr": {"test_loss": 0.44617073186338985}}
{"op_code": 6, "worker_id": "fbc2e059-6753-48e3-8b63-00f293d6af87-139891588650816", "trial_id": 3, "state": 1, "values": [0.44600371170081615], "datetime_complete": "2024-08-21T09:27:48.611854"}
{"op_code": 4, "worker_id": "fbc2e059-6753-48e3-8b63-00f293d6af87-139891588650816", "study_id": 0, "datetime_start": "2024-08-21T09:27:48.628795"}
{"op_code": 5, "worker_id": "fbc2e059-6753-48e3-8b63-00f293d6af87-139891588650816", "trial_id": 4, "param_name": "lr", "param_value_internal": 0.00015930522616241006, "distribution": "{\"name\": \"FloatDistribution\", \"attributes\": {\"step\": null, \"low\": 1e-05, \"high\": 0.001, \"log\": true}}"}
{"op_code": 5, "worker_id": "fbc2e059-6753-48e3-8b63-00f293d6af87-139891588650816", "trial_id": 4, "param_name": "l2reg", "param_value_internal": 3.47026698865041e-05, "distribution": "{\"name\": \"FloatDistribution\", \"attributes\": {\"step\": null, \"low\": 1e-08, \"high\": 0.001, \"log\": true}}"}
{"op_code": 5, "worker_id": "fbc2e059-6753-48e3-8b63-00f293d6af87-139891588650816", "trial_id": 4, "param_name": "random_seed", "param_value_internal": 0, "distribution": "{\"name\": \"CategoricalDistribution\", \"attributes\": {\"choices\": [42]}}"}
{"op_code": 5, "worker_id": "fbc2e059-6753-48e3-8b63-00f293d6af87-139891588650816", "trial_id": 4, "param_name": "degree", "param_value_internal": 0, "distribution": "{\"name\": \"CategoricalDistribution\", \"attributes\": {\"choices\": [0]}}"}
{"op_code": 8, "worker_id": "fbc2e059-6753-48e3-8b63-00f293d6af87-139891588650816", "trial_id": 4, "user_attr": {"best_epoch": 1}}
{"op_code": 8, "worker_id": "fbc2e059-6753-48e3-8b63-00f293d6af87-139891588650816", "trial_id": 4, "user_attr": {"test_loss": 0.4447315786350735}}
{"op_code": 6, "worker_id": "fbc2e059-6753-48e3-8b63-00f293d6af87-139891588650816", "trial_id": 4, "state": 1, "values": [0.44454248946312974], "datetime_complete": "2024-08-21T09:47:43.559962"}
{"op_code": 4, "worker_id": "fbc2e059-6753-48e3-8b63-00f293d6af87-139891588650816", "study_id": 0, "datetime_start": "2024-08-21T09:47:43.568981"}
{"op_code": 5, "worker_id": "fbc2e059-6753-48e3-8b63-00f293d6af87-139891588650816", "trial_id": 5, "param_name": "lr", "param_value_internal": 1.0994335574766187e-05, "distribution": "{\"name\": \"FloatDistribution\", \"attributes\": {\"step\": null, \"low\": 1e-05, \"high\": 0.001, \"log\": true}}"}
{"op_code": 5, "worker_id": "fbc2e059-6753-48e3-8b63-00f293d6af87-139891588650816", "trial_id": 5, "param_name": "l2reg", "param_value_internal": 0.0007072114131472234, "distribution": "{\"name\": \"FloatDistribution\", \"attributes\": {\"step\": null, \"low\": 1e-08, \"high\": 0.001, \"log\": true}}"}
{"op_code": 5, "worker_id": "fbc2e059-6753-48e3-8b63-00f293d6af87-139891588650816", "trial_id": 5, "param_name": "random_seed", "param_value_internal": 0, "distribution": "{\"name\": \"CategoricalDistribution\", \"attributes\": {\"choices\": [42]}}"}
{"op_code": 5, "worker_id": "fbc2e059-6753-48e3-8b63-00f293d6af87-139891588650816", "trial_id": 5, "param_name": "degree", "param_value_internal": 0, "distribution": "{\"name\": \"CategoricalDistribution\", \"attributes\": {\"choices\": [0]}}"}
{"op_code": 8, "worker_id": "fbc2e059-6753-48e3-8b63-00f293d6af87-139891588650816", "trial_id": 5, "user_attr": {"best_epoch": 19}}
{"op_code": 8, "worker_id": "fbc2e059-6753-48e3-8b63-00f293d6af87-139891588650816", "trial_id": 5, "user_attr": {"test_loss": 0.4462073442298329}}
{"op_code": 6, "worker_id": "fbc2e059-6753-48e3-8b63-00f293d6af87-139891588650816", "trial_id": 5, "state": 1, "values": [0.44606432024697745], "datetime_complete": "2024-08-21T10:59:48.200786"}
{"op_code": 4, "worker_id": "fbc2e059-6753-48e3-8b63-00f293d6af87-139891588650816", "study_id": 0, "datetime_start": "2024-08-21T10:59:48.213983"}
{"op_code": 5, "worker_id": "fbc2e059-6753-48e3-8b63-00f293d6af87-139891588650816", "trial_id": 6, "param_name": "lr", "param_value_internal": 0.000462258900102083, "distribution": "{\"name\": \"FloatDistribution\", \"attributes\": {\"step\": null, \"low\": 1e-05, \"high\": 0.001, \"log\": true}}"}
{"op_code": 5, "worker_id": "fbc2e059-6753-48e3-8b63-00f293d6af87-139891588650816", "trial_id": 6, "param_name": "l2reg", "param_value_internal": 1.1526449540315595e-07, "distribution": "{\"name\": \"FloatDistribution\", \"attributes\": {\"step\": null, \"low\": 1e-08, \"high\": 0.001, \"log\": true}}"}
{"op_code": 5, "worker_id": "fbc2e059-6753-48e3-8b63-00f293d6af87-139891588650816", "trial_id": 6, "param_name": "random_seed", "param_value_internal": 0, "distribution": "{\"name\": \"CategoricalDistribution\", \"attributes\": {\"choices\": [42]}}"}
{"op_code": 5, "worker_id": "fbc2e059-6753-48e3-8b63-00f293d6af87-139891588650816", "trial_id": 6, "param_name": "degree", "param_value_internal": 0, "distribution": "{\"name\": \"CategoricalDistribution\", \"attributes\": {\"choices\": [0]}}"}
{"op_code": 8, "worker_id": "fbc2e059-6753-48e3-8b63-00f293d6af87-139891588650816", "trial_id": 6, "user_attr": {"best_epoch": 0}}
{"op_code": 8, "worker_id": "fbc2e059-6753-48e3-8b63-00f293d6af87-139891588650816", "trial_id": 6, "user_attr": {"test_loss": 0.4449830296046068}}
{"op_code": 6, "worker_id": "fbc2e059-6753-48e3-8b63-00f293d6af87-139891588650816", "trial_id": 6, "state": 1, "values": [0.4448644019212655], "datetime_complete": "2024-08-21T11:15:15.128816"}
{"op_code": 4, "worker_id": "fbc2e059-6753-48e3-8b63-00f293d6af87-139891588650816", "study_id": 0, "datetime_start": "2024-08-21T11:15:15.141441"}
{"op_code": 5, "worker_id": "fbc2e059-6753-48e3-8b63-00f293d6af87-139891588650816", "trial_id": 7, "param_name": "lr", "param_value_internal": 2.3102018878452926e-05, "distribution": "{\"name\": \"FloatDistribution\", \"attributes\": {\"step\": null, \"low\": 1e-05, \"high\": 0.001, \"log\": true}}"}
{"op_code": 5, "worker_id": "fbc2e059-6753-48e3-8b63-00f293d6af87-139891588650816", "trial_id": 7, "param_name": "l2reg", "param_value_internal": 8.260808399079588e-08, "distribution": "{\"name\": \"FloatDistribution\", \"attributes\": {\"step\": null, \"low\": 1e-08, \"high\": 0.001, \"log\": true}}"}
{"op_code": 5, "worker_id": "fbc2e059-6753-48e3-8b63-00f293d6af87-139891588650816", "trial_id": 7, "param_name": "random_seed", "param_value_internal": 0, "distribution": "{\"name\": \"CategoricalDistribution\", \"attributes\": {\"choices\": [42]}}"}
{"op_code": 5, "worker_id": "fbc2e059-6753-48e3-8b63-00f293d6af87-139891588650816", "trial_id": 7, "param_name": "degree", "param_value_internal": 0, "distribution": "{\"name\": \"CategoricalDistribution\", \"attributes\": {\"choices\": [0]}}"}
{"op_code": 8, "worker_id": "fbc2e059-6753-48e3-8b63-00f293d6af87-139891588650816", "trial_id": 7, "user_attr": {"best_epoch": 8}}
{"op_code": 8, "worker_id": "fbc2e059-6753-48e3-8b63-00f293d6af87-139891588650816", "trial_id": 7, "user_attr": {"test_loss": 0.44593120627240007}}
{"op_code": 6, "worker_id": "fbc2e059-6753-48e3-8b63-00f293d6af87-139891588650816", "trial_id": 7, "state": 1, "values": [0.4457660040374672], "datetime_complete": "2024-08-21T11:58:39.238771"}
{"op_code": 4, "worker_id": "fbc2e059-6753-48e3-8b63-00f293d6af87-139891588650816", "study_id": 0, "datetime_start": "2024-08-21T11:58:39.265374"}
{"op_code": 5, "worker_id": "fbc2e059-6753-48e3-8b63-00f293d6af87-139891588650816", "trial_id": 8, "param_name": "lr", "param_value_internal": 4.059611610484306e-05, "distribution": "{\"name\": \"FloatDistribution\", \"attributes\": {\"step\": null, \"low\": 1e-05, \"high\": 0.001, \"log\": true}}"}
{"op_code": 5, "worker_id": "fbc2e059-6753-48e3-8b63-00f293d6af87-139891588650816", "trial_id": 8, "param_name": "l2reg", "param_value_internal": 4.2051564509138674e-06, "distribution": "{\"name\": \"FloatDistribution\", \"attributes\": {\"step\": null, \"low\": 1e-08, \"high\": 0.001, \"log\": true}}"}
{"op_code": 5, "worker_id": "fbc2e059-6753-48e3-8b63-00f293d6af87-139891588650816", "trial_id": 8, "param_name": "random_seed", "param_value_internal": 0, "distribution": "{\"name\": \"CategoricalDistribution\", \"attributes\": {\"choices\": [42]}}"}
{"op_code": 5, "worker_id": "fbc2e059-6753-48e3-8b63-00f293d6af87-139891588650816", "trial_id": 8, "param_name": "degree", "param_value_internal": 0, "distribution": "{\"name\": \"CategoricalDistribution\", \"attributes\": {\"choices\": [0]}}"}
{"op_code": 8, "worker_id": "fbc2e059-6753-48e3-8b63-00f293d6af87-139891588650816", "trial_id": 8, "user_attr": {"best_epoch": 5}}
{"op_code": 8, "worker_id": "fbc2e059-6753-48e3-8b63-00f293d6af87-139891588650816", "trial_id": 8, "user_attr": {"test_loss": 0.4456467423647037}}
{"op_code": 6, "worker_id": "fbc2e059-6753-48e3-8b63-00f293d6af87-139891588650816", "trial_id": 8, "state": 1, "values": [0.4455172799437122], "datetime_complete": "2024-08-21T12:31:20.946937"}
{"op_code": 4, "worker_id": "fbc2e059-6753-48e3-8b63-00f293d6af87-139891588650816", "study_id": 0, "datetime_start": "2024-08-21T12:31:20.955882"}
{"op_code": 5, "worker_id": "fbc2e059-6753-48e3-8b63-00f293d6af87-139891588650816", "trial_id": 9, "param_name": "lr", "param_value_internal": 7.309539835912905e-05, "distribution": "{\"name\": \"FloatDistribution\", \"attributes\": {\"step\": null, \"low\": 1e-05, \"high\": 0.001, \"log\": true}}"}
{"op_code": 5, "worker_id": "fbc2e059-6753-48e3-8b63-00f293d6af87-139891588650816", "trial_id": 9, "param_name": "l2reg", "param_value_internal": 2.8585493941961875e-07, "distribution": "{\"name\": \"FloatDistribution\", \"attributes\": {\"step\": null, \"low\": 1e-08, \"high\": 0.001, \"log\": true}}"}
{"op_code": 5, "worker_id": "fbc2e059-6753-48e3-8b63-00f293d6af87-139891588650816", "trial_id": 9, "param_name": "random_seed", "param_value_internal": 0, "distribution": "{\"name\": \"CategoricalDistribution\", \"attributes\": {\"choices\": [42]}}"}
{"op_code": 5, "worker_id": "fbc2e059-6753-48e3-8b63-00f293d6af87-139891588650816", "trial_id": 9, "param_name": "degree", "param_value_internal": 0, "distribution": "{\"name\": \"CategoricalDistribution\", \"attributes\": {\"choices\": [0]}}"}
{"op_code": 8, "worker_id": "fbc2e059-6753-48e3-8b63-00f293d6af87-139891588650816", "trial_id": 9, "user_attr": {"best_epoch": 2}}
{"op_code": 8, "worker_id": "fbc2e059-6753-48e3-8b63-00f293d6af87-139891588650816", "trial_id": 9, "user_attr": {"test_loss": 0.44517521726003667}}
{"op_code": 6, "worker_id": "fbc2e059-6753-48e3-8b63-00f293d6af87-139891588650816", "trial_id": 9, "state": 1, "values": [0.4450594981772352], "datetime_complete": "2024-08-21T12:54:07.504050"}
{"op_code": 4, "worker_id": "fbc2e059-6753-48e3-8b63-00f293d6af87-139891588650816", "study_id": 0, "datetime_start": "2024-08-21T12:54:07.518257"}
{"op_code": 5, "worker_id": "fbc2e059-6753-48e3-8b63-00f293d6af87-139891588650816", "trial_id": 10, "param_name": "lr", "param_value_internal": 0.00018471184590376964, "distribution": "{\"name\": \"FloatDistribution\", \"attributes\": {\"step\": null, \"low\": 1e-05, \"high\": 0.001, \"log\": true}}"}
{"op_code": 5, "worker_id": "fbc2e059-6753-48e3-8b63-00f293d6af87-139891588650816", "trial_id": 10, "param_name": "l2reg", "param_value_internal": 3.8521646942747446e-05, "distribution": "{\"name\": \"FloatDistribution\", \"attributes\": {\"step\": null, \"low\": 1e-08, \"high\": 0.001, \"log\": true}}"}
{"op_code": 5, "worker_id": "fbc2e059-6753-48e3-8b63-00f293d6af87-139891588650816", "trial_id": 10, "param_name": "random_seed", "param_value_internal": 0, "distribution": "{\"name\": \"CategoricalDistribution\", \"attributes\": {\"choices\": [42]}}"}
{"op_code": 5, "worker_id": "fbc2e059-6753-48e3-8b63-00f293d6af87-139891588650816", "trial_id": 10, "param_name": "degree", "param_value_internal": 0, "distribution": "{\"name\": \"CategoricalDistribution\", \"attributes\": {\"choices\": [0]}}"}
{"op_code": 8, "worker_id": "fbc2e059-6753-48e3-8b63-00f293d6af87-139891588650816", "trial_id": 10, "user_attr": {"best_epoch": 1}}
{"op_code": 8, "worker_id": "fbc2e059-6753-48e3-8b63-00f293d6af87-139891588650816", "trial_id": 10, "user_attr": {"test_loss": 0.44493870937154417}}
{"op_code": 6, "worker_id": "fbc2e059-6753-48e3-8b63-00f293d6af87-139891588650816", "trial_id": 10, "state": 1, "values": [0.44475940043277484], "datetime_complete": "2024-08-21T13:13:12.599778"}
{"op_code": 4, "worker_id": "fbc2e059-6753-48e3-8b63-00f293d6af87-139891588650816", "study_id": 0, "datetime_start": "2024-08-21T13:13:12.614882"}
{"op_code": 5, "worker_id": "fbc2e059-6753-48e3-8b63-00f293d6af87-139891588650816", "trial_id": 11, "param_name": "lr", "param_value_internal": 0.00015320252245209042, "distribution": "{\"name\": \"FloatDistribution\", \"attributes\": {\"step\": null, \"low\": 1e-05, \"high\": 0.001, \"log\": true}}"}
{"op_code": 5, "worker_id": "fbc2e059-6753-48e3-8b63-00f293d6af87-139891588650816", "trial_id": 11, "param_name": "l2reg", "param_value_internal": 4.011123221868182e-05, "distribution": "{\"name\": \"FloatDistribution\", \"attributes\": {\"step\": null, \"low\": 1e-08, \"high\": 0.001, \"log\": true}}"}
{"op_code": 5, "worker_id": "fbc2e059-6753-48e3-8b63-00f293d6af87-139891588650816", "trial_id": 11, "param_name": "random_seed", "param_value_internal": 0, "distribution": "{\"name\": \"CategoricalDistribution\", \"attributes\": {\"choices\": [42]}}"}
{"op_code": 5, "worker_id": "fbc2e059-6753-48e3-8b63-00f293d6af87-139891588650816", "trial_id": 11, "param_name": "degree", "param_value_internal": 0, "distribution": "{\"name\": \"CategoricalDistribution\", \"attributes\": {\"choices\": [0]}}"}
{"op_code": 8, "worker_id": "fbc2e059-6753-48e3-8b63-00f293d6af87-139891588650816", "trial_id": 11, "user_attr": {"best_epoch": 1}}
{"op_code": 8, "worker_id": "fbc2e059-6753-48e3-8b63-00f293d6af87-139891588650816", "trial_id": 11, "user_attr": {"test_loss": 0.4447020196937446}}
{"op_code": 6, "worker_id": "fbc2e059-6753-48e3-8b63-00f293d6af87-139891588650816", "trial_id": 11, "state": 1, "values": [0.4445115125697107], "datetime_complete": "2024-08-21T13:31:55.494770"}
{"op_code": 4, "worker_id": "fbc2e059-6753-48e3-8b63-00f293d6af87-139891588650816", "study_id": 0, "datetime_start": "2024-08-21T13:31:55.507548"}
{"op_code": 5, "worker_id": "fbc2e059-6753-48e3-8b63-00f293d6af87-139891588650816", "trial_id": 12, "param_name": "lr", "param_value_internal": 0.0001458251474269136, "distribution": "{\"name\": \"FloatDistribution\", \"attributes\": {\"step\": null, \"low\": 1e-05, \"high\": 0.001, \"log\": true}}"}
{"op_code": 5, "worker_id": "fbc2e059-6753-48e3-8b63-00f293d6af87-139891588650816", "trial_id": 12, "param_name": "l2reg", "param_value_internal": 4.634380861758262e-05, "distribution": "{\"name\": \"FloatDistribution\", \"attributes\": {\"step\": null, \"low\": 1e-08, \"high\": 0.001, \"log\": true}}"}
{"op_code": 5, "worker_id": "fbc2e059-6753-48e3-8b63-00f293d6af87-139891588650816", "trial_id": 12, "param_name": "random_seed", "param_value_internal": 0, "distribution": "{\"name\": \"CategoricalDistribution\", \"attributes\": {\"choices\": [42]}}"}
{"op_code": 5, "worker_id": "fbc2e059-6753-48e3-8b63-00f293d6af87-139891588650816", "trial_id": 12, "param_name": "degree", "param_value_internal": 0, "distribution": "{\"name\": \"CategoricalDistribution\", \"attributes\": {\"choices\": [0]}}"}
{"op_code": 8, "worker_id": "fbc2e059-6753-48e3-8b63-00f293d6af87-139891588650816", "trial_id": 12, "user_attr": {"best_epoch": 1}}
{"op_code": 8, "worker_id": "fbc2e059-6753-48e3-8b63-00f293d6af87-139891588650816", "trial_id": 12, "user_attr": {"test_loss": 0.4446810775655707}}
{"op_code": 6, "worker_id": "fbc2e059-6753-48e3-8b63-00f293d6af87-139891588650816", "trial_id": 12, "state": 1, "values": [0.44448922520390577], "datetime_complete": "2024-08-21T13:51:25.078824"}
{"op_code": 4, "worker_id": "fbc2e059-6753-48e3-8b63-00f293d6af87-139891588650816", "study_id": 0, "datetime_start": "2024-08-21T13:51:25.089295"}
{"op_code": 5, "worker_id": "fbc2e059-6753-48e3-8b63-00f293d6af87-139891588650816", "trial_id": 13, "param_name": "lr", "param_value_internal": 0.0007215064248475351, "distribution": "{\"name\": \"FloatDistribution\", \"attributes\": {\"step\": null, \"low\": 1e-05, \"high\": 0.001, \"log\": true}}"}
{"op_code": 5, "worker_id": "fbc2e059-6753-48e3-8b63-00f293d6af87-139891588650816", "trial_id": 13, "param_name": "l2reg", "param_value_internal": 8.51404885716151e-07, "distribution": "{\"name\": \"FloatDistribution\", \"attributes\": {\"step\": null, \"low\": 1e-08, \"high\": 0.001, \"log\": true}}"}
{"op_code": 5, "worker_id": "fbc2e059-6753-48e3-8b63-00f293d6af87-139891588650816", "trial_id": 13, "param_name": "random_seed", "param_value_internal": 0, "distribution": "{\"name\": \"CategoricalDistribution\", \"attributes\": {\"choices\": [42]}}"}
{"op_code": 5, "worker_id": "fbc2e059-6753-48e3-8b63-00f293d6af87-139891588650816", "trial_id": 13, "param_name": "degree", "param_value_internal": 0, "distribution": "{\"name\": \"CategoricalDistribution\", \"attributes\": {\"choices\": [0]}}"}
{"op_code": 8, "worker_id": "fbc2e059-6753-48e3-8b63-00f293d6af87-139891588650816", "trial_id": 13, "user_attr": {"best_epoch": 0}}
{"op_code": 8, "worker_id": "fbc2e059-6753-48e3-8b63-00f293d6af87-139891588650816", "trial_id": 13, "user_attr": {"test_loss": 0.44514398585708276}}
{"op_code": 6, "worker_id": "fbc2e059-6753-48e3-8b63-00f293d6af87-139891588650816", "trial_id": 13, "state": 1, "values": [0.44505255382671527], "datetime_complete": "2024-08-21T14:06:54.256209"}
{"op_code": 4, "worker_id": "fbc2e059-6753-48e3-8b63-00f293d6af87-139891588650816", "study_id": 0, "datetime_start": "2024-08-21T14:06:54.265034"}
{"op_code": 5, "worker_id": "fbc2e059-6753-48e3-8b63-00f293d6af87-139891588650816", "trial_id": 14, "param_name": "lr", "param_value_internal": 0.00012448484478535553, "distribution": "{\"name\": \"FloatDistribution\", \"attributes\": {\"step\": null, \"low\": 1e-05, \"high\": 0.001, \"log\": true}}"}
{"op_code": 5, "worker_id": "fbc2e059-6753-48e3-8b63-00f293d6af87-139891588650816", "trial_id": 14, "param_name": "l2reg", "param_value_internal": 1.163814228102759e-08, "distribution": "{\"name\": \"FloatDistribution\", \"attributes\": {\"step\": null, \"low\": 1e-08, \"high\": 0.001, \"log\": true}}"}
{"op_code": 5, "worker_id": "fbc2e059-6753-48e3-8b63-00f293d6af87-139891588650816", "trial_id": 14, "param_name": "random_seed", "param_value_internal": 0, "distribution": "{\"name\": \"CategoricalDistribution\", \"attributes\": {\"choices\": [42]}}"}
{"op_code": 5, "worker_id": "fbc2e059-6753-48e3-8b63-00f293d6af87-139891588650816", "trial_id": 14, "param_name": "degree", "param_value_internal": 0, "distribution": "{\"name\": \"CategoricalDistribution\", \"attributes\": {\"choices\": [0]}}"}
{"op_code": 8, "worker_id": "fbc2e059-6753-48e3-8b63-00f293d6af87-139891588650816", "trial_id": 14, "user_attr": {"best_epoch": 1}}
{"op_code": 8, "worker_id": "fbc2e059-6753-48e3-8b63-00f293d6af87-139891588650816", "trial_id": 14, "user_attr": {"test_loss": 0.4447379049029594}}
{"op_code": 6, "worker_id": "fbc2e059-6753-48e3-8b63-00f293d6af87-139891588650816", "trial_id": 14, "state": 1, "values": [0.44455041547576507], "datetime_complete": "2024-08-21T14:25:35.925152"}
{"op_code": 4, "worker_id": "fbc2e059-6753-48e3-8b63-00f293d6af87-139891588650816", "study_id": 0, "datetime_start": "2024-08-21T14:25:35.935436"}
{"op_code": 5, "worker_id": "fbc2e059-6753-48e3-8b63-00f293d6af87-139891588650816", "trial_id": 15, "param_name": "lr", "param_value_internal": 0.0002733762389478881, "distribution": "{\"name\": \"FloatDistribution\", \"attributes\": {\"step\": null, \"low\": 1e-05, \"high\": 0.001, \"log\": true}}"}
{"op_code": 5, "worker_id": "fbc2e059-6753-48e3-8b63-00f293d6af87-139891588650816", "trial_id": 15, "param_name": "l2reg", "param_value_internal": 7.561219687267911e-05, "distribution": "{\"name\": \"FloatDistribution\", \"attributes\": {\"step\": null, \"low\": 1e-08, \"high\": 0.001, \"log\": true}}"}
{"op_code": 5, "worker_id": "fbc2e059-6753-48e3-8b63-00f293d6af87-139891588650816", "trial_id": 15, "param_name": "random_seed", "param_value_internal": 0, "distribution": "{\"name\": \"CategoricalDistribution\", \"attributes\": {\"choices\": [42]}}"}
{"op_code": 5, "worker_id": "fbc2e059-6753-48e3-8b63-00f293d6af87-139891588650816", "trial_id": 15, "param_name": "degree", "param_value_internal": 0, "distribution": "{\"name\": \"CategoricalDistribution\", \"attributes\": {\"choices\": [0]}}"}
{"op_code": 8, "worker_id": "fbc2e059-6753-48e3-8b63-00f293d6af87-139891588650816", "trial_id": 15, "user_attr": {"best_epoch": 0}}
{"op_code": 8, "worker_id": "fbc2e059-6753-48e3-8b63-00f293d6af87-139891588650816", "trial_id": 15, "user_attr": {"test_loss": 0.44512533427417783}}
{"op_code": 6, "worker_id": "fbc2e059-6753-48e3-8b63-00f293d6af87-139891588650816", "trial_id": 15, "state": 1, "values": [0.4450029253531039], "datetime_complete": "2024-08-21T14:43:53.613254"}
{"op_code": 4, "worker_id": "fbc2e059-6753-48e3-8b63-00f293d6af87-139891588650816", "study_id": 0, "datetime_start": "2024-08-21T14:43:53.622040"}
{"op_code": 5, "worker_id": "fbc2e059-6753-48e3-8b63-00f293d6af87-139891588650816", "trial_id": 16, "param_name": "lr", "param_value_internal": 9.865355711626425e-05, "distribution": "{\"name\": \"FloatDistribution\", \"attributes\": {\"step\": null, \"low\": 1e-05, \"high\": 0.001, \"log\": true}}"}
{"op_code": 5, "worker_id": "fbc2e059-6753-48e3-8b63-00f293d6af87-139891588650816", "trial_id": 16, "param_name": "l2reg", "param_value_internal": 1.0788386058544978e-05, "distribution": "{\"name\": \"FloatDistribution\", \"attributes\": {\"step\": null, \"low\": 1e-08, \"high\": 0.001, \"log\": true}}"}
{"op_code": 5, "worker_id": "fbc2e059-6753-48e3-8b63-00f293d6af87-139891588650816", "trial_id": 16, "param_name": "random_seed", "param_value_internal": 0, "distribution": "{\"name\": \"CategoricalDistribution\", \"attributes\": {\"choices\": [42]}}"}
{"op_code": 5, "worker_id": "fbc2e059-6753-48e3-8b63-00f293d6af87-139891588650816", "trial_id": 16, "param_name": "degree", "param_value_internal": 0, "distribution": "{\"name\": \"CategoricalDistribution\", \"attributes\": {\"choices\": [0]}}"}
{"op_code": 8, "worker_id": "fbc2e059-6753-48e3-8b63-00f293d6af87-139891588650816", "trial_id": 16, "user_attr": {"best_epoch": 1}}
{"op_code": 8, "worker_id": "fbc2e059-6753-48e3-8b63-00f293d6af87-139891588650816", "trial_id": 16, "user_attr": {"test_loss": 0.4451990316592623}}
{"op_code": 6, "worker_id": "fbc2e059-6753-48e3-8b63-00f293d6af87-139891588650816", "trial_id": 16, "state": 1, "values": [0.4450322661429972], "datetime_complete": "2024-08-21T15:03:43.393716"}
{"op_code": 4, "worker_id": "fbc2e059-6753-48e3-8b63-00f293d6af87-139891588650816", "study_id": 0, "datetime_start": "2024-08-21T15:03:43.402521"}
{"op_code": 5, "worker_id": "fbc2e059-6753-48e3-8b63-00f293d6af87-139891588650816", "trial_id": 17, "param_name": "lr", "param_value_internal": 0.0009084876849999085, "distribution": "{\"name\": \"FloatDistribution\", \"attributes\": {\"step\": null, \"low\": 1e-05, \"high\": 0.001, \"log\": true}}"}
{"op_code": 5, "worker_id": "fbc2e059-6753-48e3-8b63-00f293d6af87-139891588650816", "trial_id": 17, "param_name": "l2reg", "param_value_internal": 0.00012808944435729837, "distribution": "{\"name\": \"FloatDistribution\", \"attributes\": {\"step\": null, \"low\": 1e-08, \"high\": 0.001, \"log\": true}}"}
{"op_code": 5, "worker_id": "fbc2e059-6753-48e3-8b63-00f293d6af87-139891588650816", "trial_id": 17, "param_name": "random_seed", "param_value_internal": 0, "distribution": "{\"name\": \"CategoricalDistribution\", \"attributes\": {\"choices\": [42]}}"}
{"op_code": 5, "worker_id": "fbc2e059-6753-48e3-8b63-00f293d6af87-139891588650816", "trial_id": 17, "param_name": "degree", "param_value_internal": 0, "distribution": "{\"name\": \"CategoricalDistribution\", \"attributes\": {\"choices\": [0]}}"}
{"op_code": 8, "worker_id": "fbc2e059-6753-48e3-8b63-00f293d6af87-139891588650816", "trial_id": 17, "user_attr": {"best_epoch": 0}}
{"op_code": 8, "worker_id": "fbc2e059-6753-48e3-8b63-00f293d6af87-139891588650816", "trial_id": 17, "user_attr": {"test_loss": 0.4453355190710072}}
{"op_code": 6, "worker_id": "fbc2e059-6753-48e3-8b63-00f293d6af87-139891588650816", "trial_id": 17, "state": 1, "values": [0.44526568357932333], "datetime_complete": "2024-08-21T15:19:17.249778"}
{"op_code": 4, "worker_id": "fbc2e059-6753-48e3-8b63-00f293d6af87-139891588650816", "study_id": 0, "datetime_start": "2024-08-21T15:19:17.261353"}
{"op_code": 5, "worker_id": "fbc2e059-6753-48e3-8b63-00f293d6af87-139891588650816", "trial_id": 18, "param_name": "lr", "param_value_internal": 0.0002705332129751736, "distribution": "{\"name\": \"FloatDistribution\", \"attributes\": {\"step\": null, \"low\": 1e-05, \"high\": 0.001, \"log\": true}}"}
{"op_code": 5, "worker_id": "fbc2e059-6753-48e3-8b63-00f293d6af87-139891588650816", "trial_id": 18, "param_name": "l2reg", "param_value_internal": 2.1896150220570466e-06, "distribution": "{\"name\": \"FloatDistribution\", \"attributes\": {\"step\": null, \"low\": 1e-08, \"high\": 0.001, \"log\": true}}"}
{"op_code": 5, "worker_id": "fbc2e059-6753-48e3-8b63-00f293d6af87-139891588650816", "trial_id": 18, "param_name": "random_seed", "param_value_internal": 0, "distribution": "{\"name\": \"CategoricalDistribution\", \"attributes\": {\"choices\": [42]}}"}
{"op_code": 5, "worker_id": "fbc2e059-6753-48e3-8b63-00f293d6af87-139891588650816", "trial_id": 18, "param_name": "degree", "param_value_internal": 0, "distribution": "{\"name\": \"CategoricalDistribution\", \"attributes\": {\"choices\": [0]}}"}
{"op_code": 8, "worker_id": "fbc2e059-6753-48e3-8b63-00f293d6af87-139891588650816", "trial_id": 18, "user_attr": {"best_epoch": 0}}
{"op_code": 8, "worker_id": "fbc2e059-6753-48e3-8b63-00f293d6af87-139891588650816", "trial_id": 18, "user_attr": {"test_loss": 0.4451361325590175}}
{"op_code": 6, "worker_id": "fbc2e059-6753-48e3-8b63-00f293d6af87-139891588650816", "trial_id": 18, "state": 1, "values": [0.4450129601213945], "datetime_complete": "2024-08-21T15:35:32.521361"}
{"op_code": 4, "worker_id": "fbc2e059-6753-48e3-8b63-00f293d6af87-139891588650816", "study_id": 0, "datetime_start": "2024-08-21T15:35:32.540882"}
{"op_code": 5, "worker_id": "fbc2e059-6753-48e3-8b63-00f293d6af87-139891588650816", "trial_id": 19, "param_name": "lr", "param_value_internal": 0.0004931414296689415, "distribution": "{\"name\": \"FloatDistribution\", \"attributes\": {\"step\": null, \"low\": 1e-05, \"high\": 0.001, \"log\": true}}"}
{"op_code": 5, "worker_id": "fbc2e059-6753-48e3-8b63-00f293d6af87-139891588650816", "trial_id": 19, "param_name": "l2reg", "param_value_internal": 1.695439134883415e-05, "distribution": "{\"name\": \"FloatDistribution\", \"attributes\": {\"step\": null, \"low\": 1e-08, \"high\": 0.001, \"log\": true}}"}
{"op_code": 5, "worker_id": "fbc2e059-6753-48e3-8b63-00f293d6af87-139891588650816", "trial_id": 19, "param_name": "random_seed", "param_value_internal": 0, "distribution": "{\"name\": \"CategoricalDistribution\", \"attributes\": {\"choices\": [42]}}"}
{"op_code": 5, "worker_id": "fbc2e059-6753-48e3-8b63-00f293d6af87-139891588650816", "trial_id": 19, "param_name": "degree", "param_value_internal": 0, "distribution": "{\"name\": \"CategoricalDistribution\", \"attributes\": {\"choices\": [0]}}"}
{"op_code": 8, "worker_id": "fbc2e059-6753-48e3-8b63-00f293d6af87-139891588650816", "trial_id": 19, "user_attr": {"best_epoch": 0}}
{"op_code": 8, "worker_id": "fbc2e059-6753-48e3-8b63-00f293d6af87-139891588650816", "trial_id": 19, "user_attr": {"test_loss": 0.44499139191273185}}
{"op_code": 6, "worker_id": "fbc2e059-6753-48e3-8b63-00f293d6af87-139891588650816", "trial_id": 19, "state": 1, "values": [0.4448735641010091], "datetime_complete": "2024-08-21T15:51:05.196562"}
{"op_code": 4, "worker_id": "fbc2e059-6753-48e3-8b63-00f293d6af87-139891588650816", "study_id": 0, "datetime_start": "2024-08-21T15:51:05.214742"}
{"op_code": 5, "worker_id": "fbc2e059-6753-48e3-8b63-00f293d6af87-139891588650816", "trial_id": 20, "param_name": "lr", "param_value_internal": 4.3579555677842685e-05, "distribution": "{\"name\": \"FloatDistribution\", \"attributes\": {\"step\": null, \"low\": 1e-05, \"high\": 0.001, \"log\": true}}"}
{"op_code": 5, "worker_id": "fbc2e059-6753-48e3-8b63-00f293d6af87-139891588650816", "trial_id": 20, "param_name": "l2reg", "param_value_internal": 0.0002494279464885976, "distribution": "{\"name\": \"FloatDistribution\", \"attributes\": {\"step\": null, \"low\": 1e-08, \"high\": 0.001, \"log\": true}}"}
{"op_code": 5, "worker_id": "fbc2e059-6753-48e3-8b63-00f293d6af87-139891588650816", "trial_id": 20, "param_name": "random_seed", "param_value_internal": 0, "distribution": "{\"name\": \"CategoricalDistribution\", \"attributes\": {\"choices\": [42]}}"}
{"op_code": 5, "worker_id": "fbc2e059-6753-48e3-8b63-00f293d6af87-139891588650816", "trial_id": 20, "param_name": "degree", "param_value_internal": 0, "distribution": "{\"name\": \"CategoricalDistribution\", \"attributes\": {\"choices\": [0]}}"}
{"op_code": 8, "worker_id": "fbc2e059-6753-48e3-8b63-00f293d6af87-139891588650816", "trial_id": 20, "user_attr": {"best_epoch": 4}}
{"op_code": 8, "worker_id": "fbc2e059-6753-48e3-8b63-00f293d6af87-139891588650816", "trial_id": 20, "user_attr": {"test_loss": 0.4455186899768066}}
{"op_code": 6, "worker_id": "fbc2e059-6753-48e3-8b63-00f293d6af87-139891588650816", "trial_id": 20, "state": 1, "values": [0.4453934450857486], "datetime_complete": "2024-08-21T16:21:41.339913"}
{"op_code": 4, "worker_id": "fbc2e059-6753-48e3-8b63-00f293d6af87-139891588650816", "study_id": 0, "datetime_start": "2024-08-21T16:21:41.353573"}
{"op_code": 5, "worker_id": "fbc2e059-6753-48e3-8b63-00f293d6af87-139891588650816", "trial_id": 21, "param_name": "lr", "param_value_internal": 0.00015417809361612488, "distribution": "{\"name\": \"FloatDistribution\", \"attributes\": {\"step\": null, \"low\": 1e-05, \"high\": 0.001, \"log\": true}}"}
{"op_code": 5, "worker_id": "fbc2e059-6753-48e3-8b63-00f293d6af87-139891588650816", "trial_id": 21, "param_name": "l2reg", "param_value_internal": 3.923746312241624e-05, "distribution": "{\"name\": \"FloatDistribution\", \"attributes\": {\"step\": null, \"low\": 1e-08, \"high\": 0.001, \"log\": true}}"}
{"op_code": 5, "worker_id": "fbc2e059-6753-48e3-8b63-00f293d6af87-139891588650816", "trial_id": 21, "param_name": "random_seed", "param_value_internal": 0, "distribution": "{\"name\": \"CategoricalDistribution\", \"attributes\": {\"choices\": [42]}}"}
{"op_code": 5, "worker_id": "fbc2e059-6753-48e3-8b63-00f293d6af87-139891588650816", "trial_id": 21, "param_name": "degree", "param_value_internal": 0, "distribution": "{\"name\": \"CategoricalDistribution\", \"attributes\": {\"choices\": [0]}}"}
{"op_code": 8, "worker_id": "fbc2e059-6753-48e3-8b63-00f293d6af87-139891588650816", "trial_id": 21, "user_attr": {"best_epoch": 1}}
{"op_code": 8, "worker_id": "fbc2e059-6753-48e3-8b63-00f293d6af87-139891588650816", "trial_id": 21, "user_attr": {"test_loss": 0.44470616448994577}}
{"op_code": 6, "worker_id": "fbc2e059-6753-48e3-8b63-00f293d6af87-139891588650816", "trial_id": 21, "state": 1, "values": [0.44451580279673353], "datetime_complete": "2024-08-21T16:40:43.920679"}
{"op_code": 4, "worker_id": "fbc2e059-6753-48e3-8b63-00f293d6af87-139891588650816", "study_id": 0, "datetime_start": "2024-08-21T16:40:43.929442"}
{"op_code": 5, "worker_id": "fbc2e059-6753-48e3-8b63-00f293d6af87-139891588650816", "trial_id": 22, "param_name": "lr", "param_value_internal": 9.345649089114622e-05, "distribution": "{\"name\": \"FloatDistribution\", \"attributes\": {\"step\": null, \"low\": 1e-05, \"high\": 0.001, \"log\": true}}"}
{"op_code": 5, "worker_id": "fbc2e059-6753-48e3-8b63-00f293d6af87-139891588650816", "trial_id": 22, "param_name": "l2reg", "param_value_internal": 5.836089858642801e-05, "distribution": "{\"name\": \"FloatDistribution\", \"attributes\": {\"step\": null, \"low\": 1e-08, \"high\": 0.001, \"log\": true}}"}
{"op_code": 5, "worker_id": "fbc2e059-6753-48e3-8b63-00f293d6af87-139891588650816", "trial_id": 22, "param_name": "random_seed", "param_value_internal": 0, "distribution": "{\"name\": \"CategoricalDistribution\", \"attributes\": {\"choices\": [42]}}"}
{"op_code": 5, "worker_id": "fbc2e059-6753-48e3-8b63-00f293d6af87-139891588650816", "trial_id": 22, "param_name": "degree", "param_value_internal": 0, "distribution": "{\"name\": \"CategoricalDistribution\", \"attributes\": {\"choices\": [0]}}"}
{"op_code": 8, "worker_id": "fbc2e059-6753-48e3-8b63-00f293d6af87-139891588650816", "trial_id": 22, "user_attr": {"best_epoch": 2}}
{"op_code": 8, "worker_id": "fbc2e059-6753-48e3-8b63-00f293d6af87-139891588650816", "trial_id": 22, "user_attr": {"test_loss": 0.4452128840044607}}
{"op_code": 6, "worker_id": "fbc2e059-6753-48e3-8b63-00f293d6af87-139891588650816", "trial_id": 22, "state": 1, "values": [0.44508120381734223], "datetime_complete": "2024-08-21T17:03:16.117499"}
{"op_code": 4, "worker_id": "fbc2e059-6753-48e3-8b63-00f293d6af87-139891588650816", "study_id": 0, "datetime_start": "2024-08-21T17:03:16.126523"}
{"op_code": 5, "worker_id": "fbc2e059-6753-48e3-8b63-00f293d6af87-139891588650816", "trial_id": 23, "param_name": "lr", "param_value_internal": 0.00017559913981942318, "distribution": "{\"name\": \"FloatDistribution\", \"attributes\": {\"step\": null, \"low\": 1e-05, \"high\": 0.001, \"log\": true}}"}
{"op_code": 5, "worker_id": "fbc2e059-6753-48e3-8b63-00f293d6af87-139891588650816", "trial_id": 23, "param_name": "l2reg", "param_value_internal": 3.5697338776264713e-06, "distribution": "{\"name\": \"FloatDistribution\", \"attributes\": {\"step\": null, \"low\": 1e-08, \"high\": 0.001, \"log\": true}}"}
{"op_code": 5, "worker_id": "fbc2e059-6753-48e3-8b63-00f293d6af87-139891588650816", "trial_id": 23, "param_name": "random_seed", "param_value_internal": 0, "distribution": "{\"name\": \"CategoricalDistribution\", \"attributes\": {\"choices\": [42]}}"}
{"op_code": 5, "worker_id": "fbc2e059-6753-48e3-8b63-00f293d6af87-139891588650816", "trial_id": 23, "param_name": "degree", "param_value_internal": 0, "distribution": "{\"name\": \"CategoricalDistribution\", \"attributes\": {\"choices\": [0]}}"}
{"op_code": 8, "worker_id": "fbc2e059-6753-48e3-8b63-00f293d6af87-139891588650816", "trial_id": 23, "user_attr": {"best_epoch": 1}}
{"op_code": 8, "worker_id": "fbc2e059-6753-48e3-8b63-00f293d6af87-139891588650816", "trial_id": 23, "user_attr": {"test_loss": 0.4448521049456581}}
{"op_code": 6, "worker_id": "fbc2e059-6753-48e3-8b63-00f293d6af87-139891588650816", "trial_id": 23, "state": 1, "values": [0.44466868758174155], "datetime_complete": "2024-08-21T17:22:22.637082"}
{"op_code": 4, "worker_id": "fbc2e059-6753-48e3-8b63-00f293d6af87-139891588650816", "study_id": 0, "datetime_start": "2024-08-21T17:22:22.646008"}
{"op_code": 5, "worker_id": "fbc2e059-6753-48e3-8b63-00f293d6af87-139891588650816", "trial_id": 24, "param_name": "lr", "param_value_internal": 0.00013493154309189814, "distribution": "{\"name\": \"FloatDistribution\", \"attributes\": {\"step\": null, \"low\": 1e-05, \"high\": 0.001, \"log\": true}}"}
{"op_code": 5, "worker_id": "fbc2e059-6753-48e3-8b63-00f293d6af87-139891588650816", "trial_id": 24, "param_name": "l2reg", "param_value_internal": 2.0150165915947382e-05, "distribution": "{\"name\": \"FloatDistribution\", \"attributes\": {\"step\": null, \"low\": 1e-08, \"high\": 0.001, \"log\": true}}"}
{"op_code": 5, "worker_id": "fbc2e059-6753-48e3-8b63-00f293d6af87-139891588650816", "trial_id": 24, "param_name": "random_seed", "param_value_internal": 0, "distribution": "{\"name\": \"CategoricalDistribution\", \"attributes\": {\"choices\": [42]}}"}
{"op_code": 5, "worker_id": "fbc2e059-6753-48e3-8b63-00f293d6af87-139891588650816", "trial_id": 24, "param_name": "degree", "param_value_internal": 0, "distribution": "{\"name\": \"CategoricalDistribution\", \"attributes\": {\"choices\": [0]}}"}
{"op_code": 8, "worker_id": "fbc2e059-6753-48e3-8b63-00f293d6af87-139891588650816", "trial_id": 24, "user_attr": {"best_epoch": 1}}
{"op_code": 8, "worker_id": "fbc2e059-6753-48e3-8b63-00f293d6af87-139891588650816", "trial_id": 24, "user_attr": {"test_loss": 0.4446838407630381}}
{"op_code": 6, "worker_id": "fbc2e059-6753-48e3-8b63-00f293d6af87-139891588650816", "trial_id": 24, "state": 1, "values": [0.4444930791366551], "datetime_complete": "2024-08-21T17:41:50.378538"}
{"op_code": 4, "worker_id": "fbc2e059-6753-48e3-8b63-00f293d6af87-139891588650816", "study_id": 0, "datetime_start": "2024-08-21T17:41:50.387565"}
{"op_code": 5, "worker_id": "fbc2e059-6753-48e3-8b63-00f293d6af87-139891588650816", "trial_id": 25, "param_name": "lr", "param_value_internal": 7.520735845066467e-05, "distribution": "{\"name\": \"FloatDistribution\", \"attributes\": {\"step\": null, \"low\": 1e-05, \"high\": 0.001, \"log\": true}}"}
{"op_code": 5, "worker_id": "fbc2e059-6753-48e3-8b63-00f293d6af87-139891588650816", "trial_id": 25, "param_name": "l2reg", "param_value_internal": 1.6390405896428492e-05, "distribution": "{\"name\": \"FloatDistribution\", \"attributes\": {\"step\": null, \"low\": 1e-08, \"high\": 0.001, \"log\": true}}"}
{"op_code": 5, "worker_id": "fbc2e059-6753-48e3-8b63-00f293d6af87-139891588650816", "trial_id": 25, "param_name": "random_seed", "param_value_internal": 0, "distribution": "{\"name\": \"CategoricalDistribution\", \"attributes\": {\"choices\": [42]}}"}
{"op_code": 5, "worker_id": "fbc2e059-6753-48e3-8b63-00f293d6af87-139891588650816", "trial_id": 25, "param_name": "degree", "param_value_internal": 0, "distribution": "{\"name\": \"CategoricalDistribution\", \"attributes\": {\"choices\": [0]}}"}
{"op_code": 8, "worker_id": "fbc2e059-6753-48e3-8b63-00f293d6af87-139891588650816", "trial_id": 25, "user_attr": {"best_epoch": 2}}
{"op_code": 8, "worker_id": "fbc2e059-6753-48e3-8b63-00f293d6af87-139891588650816", "trial_id": 25, "user_attr": {"test_loss": 0.44514078636527843}}
{"op_code": 6, "worker_id": "fbc2e059-6753-48e3-8b63-00f293d6af87-139891588650816", "trial_id": 25, "state": 1, "values": [0.4450228858161168], "datetime_complete": "2024-08-21T18:04:48.732155"}
{"op_code": 4, "worker_id": "fbc2e059-6753-48e3-8b63-00f293d6af87-139891588650816", "study_id": 0, "datetime_start": "2024-08-21T18:04:48.741527"}
{"op_code": 5, "worker_id": "fbc2e059-6753-48e3-8b63-00f293d6af87-139891588650816", "trial_id": 26, "param_name": "lr", "param_value_internal": 0.0003509560008241129, "distribution": "{\"name\": \"FloatDistribution\", \"attributes\": {\"step\": null, \"low\": 1e-05, \"high\": 0.001, \"log\": true}}"}
{"op_code": 5, "worker_id": "fbc2e059-6753-48e3-8b63-00f293d6af87-139891588650816", "trial_id": 26, "param_name": "l2reg", "param_value_internal": 1.0202131259001712e-06, "distribution": "{\"name\": \"FloatDistribution\", \"attributes\": {\"step\": null, \"low\": 1e-08, \"high\": 0.001, \"log\": true}}"}
{"op_code": 5, "worker_id": "fbc2e059-6753-48e3-8b63-00f293d6af87-139891588650816", "trial_id": 26, "param_name": "random_seed", "param_value_internal": 0, "distribution": "{\"name\": \"CategoricalDistribution\", \"attributes\": {\"choices\": [42]}}"}
{"op_code": 5, "worker_id": "fbc2e059-6753-48e3-8b63-00f293d6af87-139891588650816", "trial_id": 26, "param_name": "degree", "param_value_internal": 0, "distribution": "{\"name\": \"CategoricalDistribution\", \"attributes\": {\"choices\": [0]}}"}
{"op_code": 8, "worker_id": "fbc2e059-6753-48e3-8b63-00f293d6af87-139891588650816", "trial_id": 26, "user_attr": {"best_epoch": 0}}
{"op_code": 8, "worker_id": "fbc2e059-6753-48e3-8b63-00f293d6af87-139891588650816", "trial_id": 26, "user_attr": {"test_loss": 0.44498728347439215}}
{"op_code": 6, "worker_id": "fbc2e059-6753-48e3-8b63-00f293d6af87-139891588650816", "trial_id": 26, "state": 1, "values": [0.4448711281246487], "datetime_complete": "2024-08-21T18:20:22.187299"}
{"op_code": 4, "worker_id": "fbc2e059-6753-48e3-8b63-00f293d6af87-139891588650816", "study_id": 0, "datetime_start": "2024-08-21T18:20:22.196164"}
{"op_code": 5, "worker_id": "fbc2e059-6753-48e3-8b63-00f293d6af87-139891588650816", "trial_id": 27, "param_name": "lr", "param_value_internal": 0.00011456785628242, "distribution": "{\"name\": \"FloatDistribution\", \"attributes\": {\"step\": null, \"low\": 1e-05, \"high\": 0.001, \"log\": true}}"}
{"op_code": 5, "worker_id": "fbc2e059-6753-48e3-8b63-00f293d6af87-139891588650816", "trial_id": 27, "param_name": "l2reg", "param_value_internal": 6.770545041481762e-06, "distribution": "{\"name\": \"FloatDistribution\", \"attributes\": {\"step\": null, \"low\": 1e-08, \"high\": 0.001, \"log\": true}}"}
{"op_code": 5, "worker_id": "fbc2e059-6753-48e3-8b63-00f293d6af87-139891588650816", "trial_id": 27, "param_name": "random_seed", "param_value_internal": 0, "distribution": "{\"name\": \"CategoricalDistribution\", \"attributes\": {\"choices\": [42]}}"}
{"op_code": 5, "worker_id": "fbc2e059-6753-48e3-8b63-00f293d6af87-139891588650816", "trial_id": 27, "param_name": "degree", "param_value_internal": 0, "distribution": "{\"name\": \"CategoricalDistribution\", \"attributes\": {\"choices\": [0]}}"}
{"op_code": 8, "worker_id": "fbc2e059-6753-48e3-8b63-00f293d6af87-139891588650816", "trial_id": 27, "user_attr": {"best_epoch": 1}}
{"op_code": 8, "worker_id": "fbc2e059-6753-48e3-8b63-00f293d6af87-139891588650816", "trial_id": 27, "user_attr": {"test_loss": 0.4448487963802695}}
{"op_code": 6, "worker_id": "fbc2e059-6753-48e3-8b63-00f293d6af87-139891588650816", "trial_id": 27, "state": 1, "values": [0.4446679240667629], "datetime_complete": "2024-08-21T18:39:21.005080"}
{"op_code": 4, "worker_id": "fbc2e059-6753-48e3-8b63-00f293d6af87-139891588650816", "study_id": 0, "datetime_start": "2024-08-21T18:39:21.014364"}
{"op_code": 5, "worker_id": "fbc2e059-6753-48e3-8b63-00f293d6af87-139891588650816", "trial_id": 28, "param_name": "lr", "param_value_internal": 4.9215686149032695e-05, "distribution": "{\"name\": \"FloatDistribution\", \"attributes\": {\"step\": null, \"low\": 1e-05, \"high\": 0.001, \"log\": true}}"}
{"op_code": 5, "worker_id": "fbc2e059-6753-48e3-8b63-00f293d6af87-139891588650816", "trial_id": 28, "param_name": "l2reg", "param_value_internal": 0.000127902949768577, "distribution": "{\"name\": \"FloatDistribution\", \"attributes\": {\"step\": null, \"low\": 1e-08, \"high\": 0.001, \"log\": true}}"}
{"op_code": 5, "worker_id": "fbc2e059-6753-48e3-8b63-00f293d6af87-139891588650816", "trial_id": 28, "param_name": "random_seed", "param_value_internal": 0, "distribution": "{\"name\": \"CategoricalDistribution\", \"attributes\": {\"choices\": [42]}}"}
{"op_code": 5, "worker_id": "fbc2e059-6753-48e3-8b63-00f293d6af87-139891588650816", "trial_id": 28, "param_name": "degree", "param_value_internal": 0, "distribution": "{\"name\": \"CategoricalDistribution\", \"attributes\": {\"choices\": [0]}}"}
{"op_code": 8, "worker_id": "fbc2e059-6753-48e3-8b63-00f293d6af87-139891588650816", "trial_id": 28, "user_attr": {"best_epoch": 3}}
{"op_code": 8, "worker_id": "fbc2e059-6753-48e3-8b63-00f293d6af87-139891588650816", "trial_id": 28, "user_attr": {"test_loss": 0.4455087642806408}}
{"op_code": 6, "worker_id": "fbc2e059-6753-48e3-8b63-00f293d6af87-139891588650816", "trial_id": 28, "state": 1, "values": [0.4453602503631059], "datetime_complete": "2024-08-21T19:05:32.894832"}
{"op_code": 4, "worker_id": "fbc2e059-6753-48e3-8b63-00f293d6af87-139891588650816", "study_id": 0, "datetime_start": "2024-08-21T19:05:32.903633"}
{"op_code": 5, "worker_id": "fbc2e059-6753-48e3-8b63-00f293d6af87-139891588650816", "trial_id": 29, "param_name": "lr", "param_value_internal": 0.0002052775681849671, "distribution": "{\"name\": \"FloatDistribution\", \"attributes\": {\"step\": null, \"low\": 1e-05, \"high\": 0.001, \"log\": true}}"}
{"op_code": 5, "worker_id": "fbc2e059-6753-48e3-8b63-00f293d6af87-139891588650816", "trial_id": 29, "param_name": "l2reg", "param_value_internal": 0.0004748359748080653, "distribution": "{\"name\": \"FloatDistribution\", \"attributes\": {\"step\": null, \"low\": 1e-08, \"high\": 0.001, \"log\": true}}"}
{"op_code": 5, "worker_id": "fbc2e059-6753-48e3-8b63-00f293d6af87-139891588650816", "trial_id": 29, "param_name": "random_seed", "param_value_internal": 0, "distribution": "{\"name\": \"CategoricalDistribution\", \"attributes\": {\"choices\": [42]}}"}
{"op_code": 5, "worker_id": "fbc2e059-6753-48e3-8b63-00f293d6af87-139891588650816", "trial_id": 29, "param_name": "degree", "param_value_internal": 0, "distribution": "{\"name\": \"CategoricalDistribution\", \"attributes\": {\"choices\": [0]}}"}
{"op_code": 8, "worker_id": "fbc2e059-6753-48e3-8b63-00f293d6af87-139891588650816", "trial_id": 29, "user_attr": {"best_epoch": 1}}
{"op_code": 8, "worker_id": "fbc2e059-6753-48e3-8b63-00f293d6af87-139891588650816", "trial_id": 29, "user_attr": {"test_loss": 0.4451345328131154}}
{"op_code": 6, "worker_id": "fbc2e059-6753-48e3-8b63-00f293d6af87-139891588650816", "trial_id": 29, "state": 1, "values": [0.44496478596202815], "datetime_complete": "2024-08-21T19:24:40.061765"}
{"op_code": 4, "worker_id": "fbc2e059-6753-48e3-8b63-00f293d6af87-139891588650816", "study_id": 0, "datetime_start": "2024-08-21T19:24:40.070664"}
{"op_code": 5, "worker_id": "fbc2e059-6753-48e3-8b63-00f293d6af87-139891588650816", "trial_id": 30, "param_name": "lr", "param_value_internal": 6.711632979128908e-05, "distribution": "{\"name\": \"FloatDistribution\", \"attributes\": {\"step\": null, \"low\": 1e-05, \"high\": 0.001, \"log\": true}}"}
{"op_code": 5, "worker_id": "fbc2e059-6753-48e3-8b63-00f293d6af87-139891588650816", "trial_id": 30, "param_name": "l2reg", "param_value_internal": 1.9587109363272064e-05, "distribution": "{\"name\": \"FloatDistribution\", \"attributes\": {\"step\": null, \"low\": 1e-08, \"high\": 0.001, \"log\": true}}"}
{"op_code": 5, "worker_id": "fbc2e059-6753-48e3-8b63-00f293d6af87-139891588650816", "trial_id": 30, "param_name": "random_seed", "param_value_internal": 0, "distribution": "{\"name\": \"CategoricalDistribution\", \"attributes\": {\"choices\": [42]}}"}
{"op_code": 5, "worker_id": "fbc2e059-6753-48e3-8b63-00f293d6af87-139891588650816", "trial_id": 30, "param_name": "degree", "param_value_internal": 0, "distribution": "{\"name\": \"CategoricalDistribution\", \"attributes\": {\"choices\": [0]}}"}
{"op_code": 8, "worker_id": "fbc2e059-6753-48e3-8b63-00f293d6af87-139891588650816", "trial_id": 30, "user_attr": {"best_epoch": 3}}
{"op_code": 8, "worker_id": "fbc2e059-6753-48e3-8b63-00f293d6af87-139891588650816", "trial_id": 30, "user_attr": {"test_loss": 0.44532541158553435}}
{"op_code": 6, "worker_id": "fbc2e059-6753-48e3-8b63-00f293d6af87-139891588650816", "trial_id": 30, "state": 1, "values": [0.44514737511549074], "datetime_complete": "2024-08-21T19:51:13.502208"}
{"op_code": 4, "worker_id": "fbc2e059-6753-48e3-8b63-00f293d6af87-139891588650816", "study_id": 0, "datetime_start": "2024-08-21T19:51:13.515670"}
{"op_code": 5, "worker_id": "fbc2e059-6753-48e3-8b63-00f293d6af87-139891588650816", "trial_id": 31, "param_name": "lr", "param_value_internal": 0.0001424530044998241, "distribution": "{\"name\": \"FloatDistribution\", \"attributes\": {\"step\": null, \"low\": 1e-05, \"high\": 0.001, \"log\": true}}"}
{"op_code": 5, "worker_id": "fbc2e059-6753-48e3-8b63-00f293d6af87-139891588650816", "trial_id": 31, "param_name": "l2reg", "param_value_internal": 4.0904024345113314e-05, "distribution": "{\"name\": \"FloatDistribution\", \"attributes\": {\"step\": null, \"low\": 1e-08, \"high\": 0.001, \"log\": true}}"}
{"op_code": 5, "worker_id": "fbc2e059-6753-48e3-8b63-00f293d6af87-139891588650816", "trial_id": 31, "param_name": "random_seed", "param_value_internal": 0, "distribution": "{\"name\": \"CategoricalDistribution\", \"attributes\": {\"choices\": [42]}}"}
{"op_code": 5, "worker_id": "fbc2e059-6753-48e3-8b63-00f293d6af87-139891588650816", "trial_id": 31, "param_name": "degree", "param_value_internal": 0, "distribution": "{\"name\": \"CategoricalDistribution\", \"attributes\": {\"choices\": [0]}}"}
{"op_code": 8, "worker_id": "fbc2e059-6753-48e3-8b63-00f293d6af87-139891588650816", "trial_id": 31, "user_attr": {"best_epoch": 1}}
{"op_code": 8, "worker_id": "fbc2e059-6753-48e3-8b63-00f293d6af87-139891588650816", "trial_id": 31, "user_attr": {"test_loss": 0.44467744177942936}}
{"op_code": 6, "worker_id": "fbc2e059-6753-48e3-8b63-00f293d6af87-139891588650816", "trial_id": 31, "state": 1, "values": [0.44448544398686873], "datetime_complete": "2024-08-21T20:10:14.749723"}
{"op_code": 4, "worker_id": "fbc2e059-6753-48e3-8b63-00f293d6af87-139891588650816", "study_id": 0, "datetime_start": "2024-08-21T20:10:14.761286"}
{"op_code": 5, "worker_id": "fbc2e059-6753-48e3-8b63-00f293d6af87-139891588650816", "trial_id": 32, "param_name": "lr", "param_value_internal": 0.00012885338388100953, "distribution": "{\"name\": \"FloatDistribution\", \"attributes\": {\"step\": null, \"low\": 1e-05, \"high\": 0.001, \"log\": true}}"}
{"op_code": 5, "worker_id": "fbc2e059-6753-48e3-8b63-00f293d6af87-139891588650816", "trial_id": 32, "param_name": "l2reg", "param_value_internal": 8.420772166373425e-05, "distribution": "{\"name\": \"FloatDistribution\", \"attributes\": {\"step\": null, \"low\": 1e-08, \"high\": 0.001, \"log\": true}}"}
{"op_code": 5, "worker_id": "fbc2e059-6753-48e3-8b63-00f293d6af87-139891588650816", "trial_id": 32, "param_name": "random_seed", "param_value_internal": 0, "distribution": "{\"name\": \"CategoricalDistribution\", \"attributes\": {\"choices\": [42]}}"}
{"op_code": 5, "worker_id": "fbc2e059-6753-48e3-8b63-00f293d6af87-139891588650816", "trial_id": 32, "param_name": "degree", "param_value_internal": 0, "distribution": "{\"name\": \"CategoricalDistribution\", \"attributes\": {\"choices\": [0]}}"}
{"op_code": 8, "worker_id": "fbc2e059-6753-48e3-8b63-00f293d6af87-139891588650816", "trial_id": 32, "user_attr": {"best_epoch": 1}}
{"op_code": 8, "worker_id": "fbc2e059-6753-48e3-8b63-00f293d6af87-139891588650816", "trial_id": 32, "user_attr": {"test_loss": 0.4447085277509376}}
{"op_code": 6, "worker_id": "fbc2e059-6753-48e3-8b63-00f293d6af87-139891588650816", "trial_id": 32, "state": 1, "values": [0.4445190022880726], "datetime_complete": "2024-08-21T20:28:54.272242"}
{"op_code": 4, "worker_id": "fbc2e059-6753-48e3-8b63-00f293d6af87-139891588650816", "study_id": 0, "datetime_start": "2024-08-21T20:28:54.281685"}
{"op_code": 5, "worker_id": "fbc2e059-6753-48e3-8b63-00f293d6af87-139891588650816", "trial_id": 33, "param_name": "lr", "param_value_internal": 0.00020234184910301837, "distribution": "{\"name\": \"FloatDistribution\", \"attributes\": {\"step\": null, \"low\": 1e-05, \"high\": 0.001, \"log\": true}}"}
{"op_code": 5, "worker_id": "fbc2e059-6753-48e3-8b63-00f293d6af87-139891588650816", "trial_id": 33, "param_name": "l2reg", "param_value_internal": 2.6932500864435385e-05, "distribution": "{\"name\": \"FloatDistribution\", \"attributes\": {\"step\": null, \"low\": 1e-08, \"high\": 0.001, \"log\": true}}"}
{"op_code": 5, "worker_id": "fbc2e059-6753-48e3-8b63-00f293d6af87-139891588650816", "trial_id": 33, "param_name": "random_seed", "param_value_internal": 0, "distribution": "{\"name\": \"CategoricalDistribution\", \"attributes\": {\"choices\": [42]}}"}
{"op_code": 5, "worker_id": "fbc2e059-6753-48e3-8b63-00f293d6af87-139891588650816", "trial_id": 33, "param_name": "degree", "param_value_internal": 0, "distribution": "{\"name\": \"CategoricalDistribution\", \"attributes\": {\"choices\": [0]}}"}
{"op_code": 8, "worker_id": "fbc2e059-6753-48e3-8b63-00f293d6af87-139891588650816", "trial_id": 33, "user_attr": {"best_epoch": 1}}
{"op_code": 8, "worker_id": "fbc2e059-6753-48e3-8b63-00f293d6af87-139891588650816", "trial_id": 33, "user_attr": {"test_loss": 0.4451324967728762}}
{"op_code": 6, "worker_id": "fbc2e059-6753-48e3-8b63-00f293d6af87-139891588650816", "trial_id": 33, "state": 1, "values": [0.4449620227649626], "datetime_complete": "2024-08-21T20:47:57.110852"}
{"op_code": 4, "worker_id": "fbc2e059-6753-48e3-8b63-00f293d6af87-139891588650816", "study_id": 0, "datetime_start": "2024-08-21T20:47:57.341615"}
{"op_code": 5, "worker_id": "fbc2e059-6753-48e3-8b63-00f293d6af87-139891588650816", "trial_id": 34, "param_name": "lr", "param_value_internal": 0.00024277062709050675, "distribution": "{\"name\": \"FloatDistribution\", \"attributes\": {\"step\": null, \"low\": 1e-05, \"high\": 0.001, \"log\": true}}"}
{"op_code": 5, "worker_id": "fbc2e059-6753-48e3-8b63-00f293d6af87-139891588650816", "trial_id": 34, "param_name": "l2reg", "param_value_internal": 0.00029277877356875733, "distribution": "{\"name\": \"FloatDistribution\", \"attributes\": {\"step\": null, \"low\": 1e-08, \"high\": 0.001, \"log\": true}}"}
{"op_code": 5, "worker_id": "fbc2e059-6753-48e3-8b63-00f293d6af87-139891588650816", "trial_id": 34, "param_name": "random_seed", "param_value_internal": 0, "distribution": "{\"name\": \"CategoricalDistribution\", \"attributes\": {\"choices\": [42]}}"}
{"op_code": 5, "worker_id": "fbc2e059-6753-48e3-8b63-00f293d6af87-139891588650816", "trial_id": 34, "param_name": "degree", "param_value_internal": 0, "distribution": "{\"name\": \"CategoricalDistribution\", \"attributes\": {\"choices\": [0]}}"}
{"op_code": 8, "worker_id": "fbc2e059-6753-48e3-8b63-00f293d6af87-139891588650816", "trial_id": 34, "user_attr": {"best_epoch": 0}}
{"op_code": 8, "worker_id": "fbc2e059-6753-48e3-8b63-00f293d6af87-139891588650816", "trial_id": 34, "user_attr": {"test_loss": 0.4452762193990424}}
{"op_code": 6, "worker_id": "fbc2e059-6753-48e3-8b63-00f293d6af87-139891588650816", "trial_id": 34, "state": 1, "values": [0.44514813863046937], "datetime_complete": "2024-08-21T21:03:32.626046"}
{"op_code": 4, "worker_id": "fbc2e059-6753-48e3-8b63-00f293d6af87-139891588650816", "study_id": 0, "datetime_start": "2024-08-21T21:03:32.635424"}
{"op_code": 5, "worker_id": "fbc2e059-6753-48e3-8b63-00f293d6af87-139891588650816", "trial_id": 35, "param_name": "lr", "param_value_internal": 0.0003558108078640406, "distribution": "{\"name\": \"FloatDistribution\", \"attributes\": {\"step\": null, \"low\": 1e-05, \"high\": 0.001, \"log\": true}}"}
{"op_code": 5, "worker_id": "fbc2e059-6753-48e3-8b63-00f293d6af87-139891588650816", "trial_id": 35, "param_name": "l2reg", "param_value_internal": 7.63833869388685e-06, "distribution": "{\"name\": \"FloatDistribution\", \"attributes\": {\"step\": null, \"low\": 1e-08, \"high\": 0.001, \"log\": true}}"}
{"op_code": 5, "worker_id": "fbc2e059-6753-48e3-8b63-00f293d6af87-139891588650816", "trial_id": 35, "param_name": "random_seed", "param_value_internal": 0, "distribution": "{\"name\": \"CategoricalDistribution\", \"attributes\": {\"choices\": [42]}}"}
{"op_code": 5, "worker_id": "fbc2e059-6753-48e3-8b63-00f293d6af87-139891588650816", "trial_id": 35, "param_name": "degree", "param_value_internal": 0, "distribution": "{\"name\": \"CategoricalDistribution\", \"attributes\": {\"choices\": [0]}}"}
{"op_code": 8, "worker_id": "fbc2e059-6753-48e3-8b63-00f293d6af87-139891588650816", "trial_id": 35, "user_attr": {"best_epoch": 0}}
{"op_code": 8, "worker_id": "fbc2e059-6753-48e3-8b63-00f293d6af87-139891588650816", "trial_id": 35, "user_attr": {"test_loss": 0.444984629350509}}
{"op_code": 6, "worker_id": "fbc2e059-6753-48e3-8b63-00f293d6af87-139891588650816", "trial_id": 35, "state": 1, "values": [0.44486916480041794], "datetime_complete": "2024-08-21T21:19:03.640757"}
{"op_code": 4, "worker_id": "fbc2e059-6753-48e3-8b63-00f293d6af87-139891588650816", "study_id": 0, "datetime_start": "2024-08-21T21:19:03.649410"}
{"op_code": 5, "worker_id": "fbc2e059-6753-48e3-8b63-00f293d6af87-139891588650816", "trial_id": 36, "param_name": "lr", "param_value_internal": 9.053469617706032e-05, "distribution": "{\"name\": \"FloatDistribution\", \"attributes\": {\"step\": null, \"low\": 1e-05, \"high\": 0.001, \"log\": true}}"}
{"op_code": 5, "worker_id": "fbc2e059-6753-48e3-8b63-00f293d6af87-139891588650816", "trial_id": 36, "param_name": "l2reg", "param_value_internal": 0.00016128372895157168, "distribution": "{\"name\": \"FloatDistribution\", \"attributes\": {\"step\": null, \"low\": 1e-08, \"high\": 0.001, \"log\": true}}"}
{"op_code": 5, "worker_id": "fbc2e059-6753-48e3-8b63-00f293d6af87-139891588650816", "trial_id": 36, "param_name": "random_seed", "param_value_internal": 0, "distribution": "{\"name\": \"CategoricalDistribution\", \"attributes\": {\"choices\": [42]}}"}
{"op_code": 5, "worker_id": "fbc2e059-6753-48e3-8b63-00f293d6af87-139891588650816", "trial_id": 36, "param_name": "degree", "param_value_internal": 0, "distribution": "{\"name\": \"CategoricalDistribution\", \"attributes\": {\"choices\": [0]}}"}
{"op_code": 8, "worker_id": "fbc2e059-6753-48e3-8b63-00f293d6af87-139891588650816", "trial_id": 36, "user_attr": {"best_epoch": 2}}
{"op_code": 8, "worker_id": "fbc2e059-6753-48e3-8b63-00f293d6af87-139891588650816", "trial_id": 36, "user_attr": {"test_loss": 0.44516685495191166}}
{"op_code": 6, "worker_id": "fbc2e059-6753-48e3-8b63-00f293d6af87-139891588650816", "trial_id": 36, "state": 1, "values": [0.44503593828646587], "datetime_complete": "2024-08-21T21:41:15.755923"}
{"op_code": 4, "worker_id": "fbc2e059-6753-48e3-8b63-00f293d6af87-139891588650816", "study_id": 0, "datetime_start": "2024-08-21T21:41:15.765144"}
{"op_code": 5, "worker_id": "fbc2e059-6753-48e3-8b63-00f293d6af87-139891588650816", "trial_id": 37, "param_name": "lr", "param_value_internal": 0.00015037693986434577, "distribution": "{\"name\": \"FloatDistribution\", \"attributes\": {\"step\": null, \"low\": 1e-05, \"high\": 0.001, \"log\": true}}"}
{"op_code": 5, "worker_id": "fbc2e059-6753-48e3-8b63-00f293d6af87-139891588650816", "trial_id": 37, "param_name": "l2reg", "param_value_internal": 5.459867172039777e-05, "distribution": "{\"name\": \"FloatDistribution\", \"attributes\": {\"step\": null, \"low\": 1e-08, \"high\": 0.001, \"log\": true}}"}
{"op_code": 5, "worker_id": "fbc2e059-6753-48e3-8b63-00f293d6af87-139891588650816", "trial_id": 37, "param_name": "random_seed", "param_value_internal": 0, "distribution": "{\"name\": \"CategoricalDistribution\", \"attributes\": {\"choices\": [42]}}"}
{"op_code": 5, "worker_id": "fbc2e059-6753-48e3-8b63-00f293d6af87-139891588650816", "trial_id": 37, "param_name": "degree", "param_value_internal": 0, "distribution": "{\"name\": \"CategoricalDistribution\", \"attributes\": {\"choices\": [0]}}"}
{"op_code": 8, "worker_id": "fbc2e059-6753-48e3-8b63-00f293d6af87-139891588650816", "trial_id": 37, "user_attr": {"best_epoch": 1}}
{"op_code": 8, "worker_id": "fbc2e059-6753-48e3-8b63-00f293d6af87-139891588650816", "trial_id": 37, "user_attr": {"test_loss": 0.4446919485661332}}
{"op_code": 6, "worker_id": "fbc2e059-6753-48e3-8b63-00f293d6af87-139891588650816", "trial_id": 37, "state": 1, "values": [0.4445009324335782], "datetime_complete": "2024-08-21T22:00:13.639573"}
{"op_code": 4, "worker_id": "fbc2e059-6753-48e3-8b63-00f293d6af87-139891588650816", "study_id": 0, "datetime_start": "2024-08-21T22:00:13.650905"}
{"op_code": 5, "worker_id": "fbc2e059-6753-48e3-8b63-00f293d6af87-139891588650816", "trial_id": 38, "param_name": "lr", "param_value_internal": 3.1111929993172005e-05, "distribution": "{\"name\": \"FloatDistribution\", \"attributes\": {\"step\": null, \"low\": 1e-05, \"high\": 0.001, \"log\": true}}"}
{"op_code": 5, "worker_id": "fbc2e059-6753-48e3-8b63-00f293d6af87-139891588650816", "trial_id": 38, "param_name": "l2reg", "param_value_internal": 0.0007845669624570495, "distribution": "{\"name\": \"FloatDistribution\", \"attributes\": {\"step\": null, \"low\": 1e-08, \"high\": 0.001, \"log\": true}}"}
{"op_code": 5, "worker_id": "fbc2e059-6753-48e3-8b63-00f293d6af87-139891588650816", "trial_id": 38, "param_name": "random_seed", "param_value_internal": 0, "distribution": "{\"name\": \"CategoricalDistribution\", \"attributes\": {\"choices\": [42]}}"}
{"op_code": 5, "worker_id": "fbc2e059-6753-48e3-8b63-00f293d6af87-139891588650816", "trial_id": 38, "param_name": "degree", "param_value_internal": 0, "distribution": "{\"name\": \"CategoricalDistribution\", \"attributes\": {\"choices\": [0]}}"}
{"op_code": 8, "worker_id": "fbc2e059-6753-48e3-8b63-00f293d6af87-139891588650816", "trial_id": 38, "user_attr": {"best_epoch": 6}}
{"op_code": 8, "worker_id": "fbc2e059-6753-48e3-8b63-00f293d6af87-139891588650816", "trial_id": 38, "user_attr": {"test_loss": 0.44571978530828266}}
{"op_code": 6, "worker_id": "fbc2e059-6753-48e3-8b63-00f293d6af87-139891588650816", "trial_id": 38, "state": 1, "values": [0.44556843544728086], "datetime_complete": "2024-08-21T22:37:33.566048"}
{"op_code": 4, "worker_id": "fbc2e059-6753-48e3-8b63-00f293d6af87-139891588650816", "study_id": 0, "datetime_start": "2024-08-21T22:37:33.574736"}
{"op_code": 5, "worker_id": "fbc2e059-6753-48e3-8b63-00f293d6af87-139891588650816", "trial_id": 39, "param_name": "lr", "param_value_internal": 0.00012356185105409683, "distribution": "{\"name\": \"FloatDistribution\", \"attributes\": {\"step\": null, \"low\": 1e-05, \"high\": 0.001, \"log\": true}}"}
{"op_code": 5, "worker_id": "fbc2e059-6753-48e3-8b63-00f293d6af87-139891588650816", "trial_id": 39, "param_name": "l2reg", "param_value_internal": 0.0003570455286764712, "distribution": "{\"name\": \"FloatDistribution\", \"attributes\": {\"step\": null, \"low\": 1e-08, \"high\": 0.001, \"log\": true}}"}
{"op_code": 5, "worker_id": "fbc2e059-6753-48e3-8b63-00f293d6af87-139891588650816", "trial_id": 39, "param_name": "random_seed", "param_value_internal": 0, "distribution": "{\"name\": \"CategoricalDistribution\", \"attributes\": {\"choices\": [42]}}"}
{"op_code": 5, "worker_id": "fbc2e059-6753-48e3-8b63-00f293d6af87-139891588650816", "trial_id": 39, "param_name": "degree", "param_value_internal": 0, "distribution": "{\"name\": \"CategoricalDistribution\", \"attributes\": {\"choices\": [0]}}"}
{"op_code": 8, "worker_id": "fbc2e059-6753-48e3-8b63-00f293d6af87-139891588650816", "trial_id": 39, "user_attr": {"best_epoch": 1}}
{"op_code": 8, "worker_id": "fbc2e059-6753-48e3-8b63-00f293d6af87-139891588650816", "trial_id": 39, "user_attr": {"test_loss": 0.4447345599797094}}
{"op_code": 6, "worker_id": "fbc2e059-6753-48e3-8b63-00f293d6af87-139891588650816", "trial_id": 39, "state": 1, "values": [0.4445477613522679], "datetime_complete": "2024-08-21T22:56:36.050233"}
{"op_code": 4, "worker_id": "fbc2e059-6753-48e3-8b63-00f293d6af87-139891588650816", "study_id": 0, "datetime_start": "2024-08-21T22:56:36.059381"}
{"op_code": 5, "worker_id": "fbc2e059-6753-48e3-8b63-00f293d6af87-139891588650816", "trial_id": 40, "param_name": "lr", "param_value_internal": 0.0003949866402668733, "distribution": "{\"name\": \"FloatDistribution\", \"attributes\": {\"step\": null, \"low\": 1e-05, \"high\": 0.001, \"log\": true}}"}
{"op_code": 5, "worker_id": "fbc2e059-6753-48e3-8b63-00f293d6af87-139891588650816", "trial_id": 40, "param_name": "l2reg", "param_value_internal": 8.304552230175369e-05, "distribution": "{\"name\": \"FloatDistribution\", \"attributes\": {\"step\": null, \"low\": 1e-08, \"high\": 0.001, \"log\": true}}"}
{"op_code": 5, "worker_id": "fbc2e059-6753-48e3-8b63-00f293d6af87-139891588650816", "trial_id": 40, "param_name": "random_seed", "param_value_internal": 0, "distribution": "{\"name\": \"CategoricalDistribution\", \"attributes\": {\"choices\": [42]}}"}
{"op_code": 5, "worker_id": "fbc2e059-6753-48e3-8b63-00f293d6af87-139891588650816", "trial_id": 40, "param_name": "degree", "param_value_internal": 0, "distribution": "{\"name\": \"CategoricalDistribution\", \"attributes\": {\"choices\": [0]}}"}
{"op_code": 8, "worker_id": "fbc2e059-6753-48e3-8b63-00f293d6af87-139891588650816", "trial_id": 40, "user_attr": {"best_epoch": 0}}
{"op_code": 8, "worker_id": "fbc2e059-6753-48e3-8b63-00f293d6af87-139891588650816", "trial_id": 40, "user_attr": {"test_loss": 0.4449688136807943}}
{"op_code": 6, "worker_id": "fbc2e059-6753-48e3-8b63-00f293d6af87-139891588650816", "trial_id": 40, "state": 1, "values": [0.4448526583337369], "datetime_complete": "2024-08-21T23:12:06.436800"}
{"op_code": 4, "worker_id": "fbc2e059-6753-48e3-8b63-00f293d6af87-139891588650816", "study_id": 0, "datetime_start": "2024-08-21T23:12:06.446595"}
{"op_code": 5, "worker_id": "fbc2e059-6753-48e3-8b63-00f293d6af87-139891588650816", "trial_id": 41, "param_name": "lr", "param_value_internal": 0.0001518111794496565, "distribution": "{\"name\": \"FloatDistribution\", \"attributes\": {\"step\": null, \"low\": 1e-05, \"high\": 0.001, \"log\": true}}"}
{"op_code": 5, "worker_id": "fbc2e059-6753-48e3-8b63-00f293d6af87-139891588650816", "trial_id": 41, "param_name": "l2reg", "param_value_internal": 5.1623212534374055e-05, "distribution": "{\"name\": \"FloatDistribution\", \"attributes\": {\"step\": null, \"low\": 1e-08, \"high\": 0.001, \"log\": true}}"}
{"op_code": 5, "worker_id": "fbc2e059-6753-48e3-8b63-00f293d6af87-139891588650816", "trial_id": 41, "param_name": "random_seed", "param_value_internal": 0, "distribution": "{\"name\": \"CategoricalDistribution\", \"attributes\": {\"choices\": [42]}}"}
{"op_code": 5, "worker_id": "fbc2e059-6753-48e3-8b63-00f293d6af87-139891588650816", "trial_id": 41, "param_name": "degree", "param_value_internal": 0, "distribution": "{\"name\": \"CategoricalDistribution\", \"attributes\": {\"choices\": [0]}}"}
{"op_code": 8, "worker_id": "fbc2e059-6753-48e3-8b63-00f293d6af87-139891588650816", "trial_id": 41, "user_attr": {"best_epoch": 1}}
{"op_code": 8, "worker_id": "fbc2e059-6753-48e3-8b63-00f293d6af87-139891588650816", "trial_id": 41, "user_attr": {"test_loss": 0.4446967478038397}}
{"op_code": 6, "worker_id": "fbc2e059-6753-48e3-8b63-00f293d6af87-139891588650816", "trial_id": 41, "state": 1, "values": [0.44450565895487454], "datetime_complete": "2024-08-21T23:31:13.051823"}
{"op_code": 4, "worker_id": "fbc2e059-6753-48e3-8b63-00f293d6af87-139891588650816", "study_id": 0, "datetime_start": "2024-08-21T23:31:13.060796"}
{"op_code": 5, "worker_id": "fbc2e059-6753-48e3-8b63-00f293d6af87-139891588650816", "trial_id": 42, "param_name": "lr", "param_value_internal": 0.00022591824770144692, "distribution": "{\"name\": \"FloatDistribution\", \"attributes\": {\"step\": null, \"low\": 1e-05, \"high\": 0.001, \"log\": true}}"}
{"op_code": 5, "worker_id": "fbc2e059-6753-48e3-8b63-00f293d6af87-139891588650816", "trial_id": 42, "param_name": "l2reg", "param_value_internal": 1.0478599808551206e-05, "distribution": "{\"name\": \"FloatDistribution\", \"attributes\": {\"step\": null, \"low\": 1e-08, \"high\": 0.001, \"log\": true}}"}
{"op_code": 5, "worker_id": "fbc2e059-6753-48e3-8b63-00f293d6af87-139891588650816", "trial_id": 42, "param_name": "random_seed", "param_value_internal": 0, "distribution": "{\"name\": \"CategoricalDistribution\", \"attributes\": {\"choices\": [42]}}"}
{"op_code": 5, "worker_id": "fbc2e059-6753-48e3-8b63-00f293d6af87-139891588650816", "trial_id": 42, "param_name": "degree", "param_value_internal": 0, "distribution": "{\"name\": \"CategoricalDistribution\", \"attributes\": {\"choices\": [0]}}"}
{"op_code": 8, "worker_id": "fbc2e059-6753-48e3-8b63-00f293d6af87-139891588650816", "trial_id": 42, "user_attr": {"best_epoch": 1}}
{"op_code": 8, "worker_id": "fbc2e059-6753-48e3-8b63-00f293d6af87-139891588650816", "trial_id": 42, "user_attr": {"test_loss": 0.4454212509082194}}
{"op_code": 6, "worker_id": "fbc2e059-6753-48e3-8b63-00f293d6af87-139891588650816", "trial_id": 42, "state": 1, "values": [0.44526328396081905], "datetime_complete": "2024-08-21T23:50:02.061389"}
{"op_code": 4, "worker_id": "fbc2e059-6753-48e3-8b63-00f293d6af87-139891588650816", "study_id": 0, "datetime_start": "2024-08-21T23:50:02.072137"}
{"op_code": 5, "worker_id": "fbc2e059-6753-48e3-8b63-00f293d6af87-139891588650816", "trial_id": 43, "param_name": "lr", "param_value_internal": 6.332411782907586e-05, "distribution": "{\"name\": \"FloatDistribution\", \"attributes\": {\"step\": null, \"low\": 1e-05, \"high\": 0.001, \"log\": true}}"}
{"op_code": 5, "worker_id": "fbc2e059-6753-48e3-8b63-00f293d6af87-139891588650816", "trial_id": 43, "param_name": "l2reg", "param_value_internal": 5.642336554476352e-05, "distribution": "{\"name\": \"FloatDistribution\", \"attributes\": {\"step\": null, \"low\": 1e-08, \"high\": 0.001, \"log\": true}}"}
{"op_code": 5, "worker_id": "fbc2e059-6753-48e3-8b63-00f293d6af87-139891588650816", "trial_id": 43, "param_name": "random_seed", "param_value_internal": 0, "distribution": "{\"name\": \"CategoricalDistribution\", \"attributes\": {\"choices\": [42]}}"}
{"op_code": 5, "worker_id": "fbc2e059-6753-48e3-8b63-00f293d6af87-139891588650816", "trial_id": 43, "param_name": "degree", "param_value_internal": 0, "distribution": "{\"name\": \"CategoricalDistribution\", \"attributes\": {\"choices\": [0]}}"}
{"op_code": 8, "worker_id": "fbc2e059-6753-48e3-8b63-00f293d6af87-139891588650816", "trial_id": 43, "user_attr": {"best_epoch": 3}}
{"op_code": 8, "worker_id": "fbc2e059-6753-48e3-8b63-00f293d6af87-139891588650816", "trial_id": 43, "user_attr": {"test_loss": 0.4452458605847624}}
{"op_code": 6, "worker_id": "fbc2e059-6753-48e3-8b63-00f293d6af87-139891588650816", "trial_id": 43, "state": 1, "values": [0.4450722597847353], "datetime_complete": "2024-08-22T00:16:03.369032"}
{"op_code": 4, "worker_id": "fbc2e059-6753-48e3-8b63-00f293d6af87-139891588650816", "study_id": 0, "datetime_start": "2024-08-22T00:16:03.378802"}
{"op_code": 5, "worker_id": "fbc2e059-6753-48e3-8b63-00f293d6af87-139891588650816", "trial_id": 44, "param_name": "lr", "param_value_internal": 0.00015686089343996121, "distribution": "{\"name\": \"FloatDistribution\", \"attributes\": {\"step\": null, \"low\": 1e-05, \"high\": 0.001, \"log\": true}}"}
{"op_code": 5, "worker_id": "fbc2e059-6753-48e3-8b63-00f293d6af87-139891588650816", "trial_id": 44, "param_name": "l2reg", "param_value_internal": 2.2060021829604512e-05, "distribution": "{\"name\": \"FloatDistribution\", \"attributes\": {\"step\": null, \"low\": 1e-08, \"high\": 0.001, \"log\": true}}"}
{"op_code": 5, "worker_id": "fbc2e059-6753-48e3-8b63-00f293d6af87-139891588650816", "trial_id": 44, "param_name": "random_seed", "param_value_internal": 0, "distribution": "{\"name\": \"CategoricalDistribution\", \"attributes\": {\"choices\": [42]}}"}
{"op_code": 5, "worker_id": "fbc2e059-6753-48e3-8b63-00f293d6af87-139891588650816", "trial_id": 44, "param_name": "degree", "param_value_internal": 0, "distribution": "{\"name\": \"CategoricalDistribution\", \"attributes\": {\"choices\": [0]}}"}
{"op_code": 8, "worker_id": "fbc2e059-6753-48e3-8b63-00f293d6af87-139891588650816", "trial_id": 44, "user_attr": {"best_epoch": 1}}
{"op_code": 8, "worker_id": "fbc2e059-6753-48e3-8b63-00f293d6af87-139891588650816", "trial_id": 44, "user_attr": {"test_loss": 0.4447188170257175}}
{"op_code": 6, "worker_id": "fbc2e059-6753-48e3-8b63-00f293d6af87-139891588650816", "trial_id": 44, "state": 1, "values": [0.4445287825513704], "datetime_complete": "2024-08-22T00:35:03.064366"}
{"op_code": 4, "worker_id": "fbc2e059-6753-48e3-8b63-00f293d6af87-139891588650816", "study_id": 0, "datetime_start": "2024-08-22T00:35:03.075878"}
{"op_code": 5, "worker_id": "fbc2e059-6753-48e3-8b63-00f293d6af87-139891588650816", "trial_id": 45, "param_name": "lr", "param_value_internal": 0.00011255373112642805, "distribution": "{\"name\": \"FloatDistribution\", \"attributes\": {\"step\": null, \"low\": 1e-05, \"high\": 0.001, \"log\": true}}"}
{"op_code": 5, "worker_id": "fbc2e059-6753-48e3-8b63-00f293d6af87-139891588650816", "trial_id": 45, "param_name": "l2reg", "param_value_internal": 0.00017945290688443528, "distribution": "{\"name\": \"FloatDistribution\", \"attributes\": {\"step\": null, \"low\": 1e-08, \"high\": 0.001, \"log\": true}}"}
{"op_code": 5, "worker_id": "fbc2e059-6753-48e3-8b63-00f293d6af87-139891588650816", "trial_id": 45, "param_name": "random_seed", "param_value_internal": 0, "distribution": "{\"name\": \"CategoricalDistribution\", \"attributes\": {\"choices\": [42]}}"}
{"op_code": 5, "worker_id": "fbc2e059-6753-48e3-8b63-00f293d6af87-139891588650816", "trial_id": 45, "param_name": "degree", "param_value_internal": 0, "distribution": "{\"name\": \"CategoricalDistribution\", \"attributes\": {\"choices\": [0]}}"}
{"op_code": 8, "worker_id": "fbc2e059-6753-48e3-8b63-00f293d6af87-139891588650816", "trial_id": 45, "user_attr": {"best_epoch": 1}}
{"op_code": 8, "worker_id": "fbc2e059-6753-48e3-8b63-00f293d6af87-139891588650816", "trial_id": 45, "user_attr": {"test_loss": 0.44488042771969893}}
{"op_code": 6, "worker_id": "fbc2e059-6753-48e3-8b63-00f293d6af87-139891588650816", "trial_id": 45, "state": 1, "values": [0.44470108243154943], "datetime_complete": "2024-08-22T00:54:21.265347"}
{"op_code": 4, "worker_id": "fbc2e059-6753-48e3-8b63-00f293d6af87-139891588650816", "study_id": 0, "datetime_start": "2024-08-22T00:54:21.280204"}
{"op_code": 5, "worker_id": "fbc2e059-6753-48e3-8b63-00f293d6af87-139891588650816", "trial_id": 46, "param_name": "lr", "param_value_internal": 8.947379652165029e-05, "distribution": "{\"name\": \"FloatDistribution\", \"attributes\": {\"step\": null, \"low\": 1e-05, \"high\": 0.001, \"log\": true}}"}
{"op_code": 5, "worker_id": "fbc2e059-6753-48e3-8b63-00f293d6af87-139891588650816", "trial_id": 46, "param_name": "l2reg", "param_value_internal": 3.963477173916023e-05, "distribution": "{\"name\": \"FloatDistribution\", \"attributes\": {\"step\": null, \"low\": 1e-08, \"high\": 0.001, \"log\": true}}"}
{"op_code": 5, "worker_id": "fbc2e059-6753-48e3-8b63-00f293d6af87-139891588650816", "trial_id": 46, "param_name": "random_seed", "param_value_internal": 0, "distribution": "{\"name\": \"CategoricalDistribution\", \"attributes\": {\"choices\": [42]}}"}
{"op_code": 5, "worker_id": "fbc2e059-6753-48e3-8b63-00f293d6af87-139891588650816", "trial_id": 46, "param_name": "degree", "param_value_internal": 0, "distribution": "{\"name\": \"CategoricalDistribution\", \"attributes\": {\"choices\": [0]}}"}
{"op_code": 8, "worker_id": "fbc2e059-6753-48e3-8b63-00f293d6af87-139891588650816", "trial_id": 46, "user_attr": {"best_epoch": 2}}
{"op_code": 8, "worker_id": "fbc2e059-6753-48e3-8b63-00f293d6af87-139891588650816", "trial_id": 46, "user_attr": {"test_loss": 0.44515249359665343}}
{"op_code": 6, "worker_id": "fbc2e059-6753-48e3-8b63-00f293d6af87-139891588650816", "trial_id": 46, "state": 1, "values": [0.4450225949532678], "datetime_complete": "2024-08-22T01:16:35.982016"}
{"op_code": 4, "worker_id": "fbc2e059-6753-48e3-8b63-00f293d6af87-139891588650816", "study_id": 0, "datetime_start": "2024-08-22T01:16:35.994117"}
{"op_code": 5, "worker_id": "fbc2e059-6753-48e3-8b63-00f293d6af87-139891588650816", "trial_id": 47, "param_name": "lr", "param_value_internal": 0.00014203894171699522, "distribution": "{\"name\": \"FloatDistribution\", \"attributes\": {\"step\": null, \"low\": 1e-05, \"high\": 0.001, \"log\": true}}"}
{"op_code": 5, "worker_id": "fbc2e059-6753-48e3-8b63-00f293d6af87-139891588650816", "trial_id": 47, "param_name": "l2reg", "param_value_internal": 1.994945539949845e-06, "distribution": "{\"name\": \"FloatDistribution\", \"attributes\": {\"step\": null, \"low\": 1e-08, \"high\": 0.001, \"log\": true}}"}
{"op_code": 5, "worker_id": "fbc2e059-6753-48e3-8b63-00f293d6af87-139891588650816", "trial_id": 47, "param_name": "random_seed", "param_value_internal": 0, "distribution": "{\"name\": \"CategoricalDistribution\", \"attributes\": {\"choices\": [42]}}"}
{"op_code": 5, "worker_id": "fbc2e059-6753-48e3-8b63-00f293d6af87-139891588650816", "trial_id": 47, "param_name": "degree", "param_value_internal": 0, "distribution": "{\"name\": \"CategoricalDistribution\", \"attributes\": {\"choices\": [0]}}"}
{"op_code": 8, "worker_id": "fbc2e059-6753-48e3-8b63-00f293d6af87-139891588650816", "trial_id": 47, "user_attr": {"best_epoch": 1}}
{"op_code": 8, "worker_id": "fbc2e059-6753-48e3-8b63-00f293d6af87-139891588650816", "trial_id": 47, "user_attr": {"test_loss": 0.44467711455867664}}
{"op_code": 6, "worker_id": "fbc2e059-6753-48e3-8b63-00f293d6af87-139891588650816", "trial_id": 47, "state": 1, "values": [0.44448544398686873], "datetime_complete": "2024-08-22T01:35:39.565443"}
{"op_code": 4, "worker_id": "fbc2e059-6753-48e3-8b63-00f293d6af87-139891588650816", "study_id": 0, "datetime_start": "2024-08-22T01:35:39.574253"}
{"op_code": 5, "worker_id": "fbc2e059-6753-48e3-8b63-00f293d6af87-139891588650816", "trial_id": 48, "param_name": "lr", "param_value_internal": 1.722693994422323e-05, "distribution": "{\"name\": \"FloatDistribution\", \"attributes\": {\"step\": null, \"low\": 1e-05, \"high\": 0.001, \"log\": true}}"}
{"op_code": 5, "worker_id": "fbc2e059-6753-48e3-8b63-00f293d6af87-139891588650816", "trial_id": 48, "param_name": "l2reg", "param_value_internal": 1.7718767810338655e-06, "distribution": "{\"name\": \"FloatDistribution\", \"attributes\": {\"step\": null, \"low\": 1e-08, \"high\": 0.001, \"log\": true}}"}
{"op_code": 5, "worker_id": "fbc2e059-6753-48e3-8b63-00f293d6af87-139891588650816", "trial_id": 48, "param_name": "random_seed", "param_value_internal": 0, "distribution": "{\"name\": \"CategoricalDistribution\", \"attributes\": {\"choices\": [42]}}"}
{"op_code": 5, "worker_id": "fbc2e059-6753-48e3-8b63-00f293d6af87-139891588650816", "trial_id": 48, "param_name": "degree", "param_value_internal": 0, "distribution": "{\"name\": \"CategoricalDistribution\", \"attributes\": {\"choices\": [0]}}"}
{"op_code": 8, "worker_id": "fbc2e059-6753-48e3-8b63-00f293d6af87-139891588650816", "trial_id": 48, "user_attr": {"best_epoch": 12}}
{"op_code": 8, "worker_id": "fbc2e059-6753-48e3-8b63-00f293d6af87-139891588650816", "trial_id": 48, "user_attr": {"test_loss": 0.446113540947387}}
{"op_code": 6, "worker_id": "fbc2e059-6753-48e3-8b63-00f293d6af87-139891588650816", "trial_id": 48, "state": 1, "values": [0.44595779172852956], "datetime_complete": "2024-08-22T02:31:38.915273"}
{"op_code": 4, "worker_id": "fbc2e059-6753-48e3-8b63-00f293d6af87-139891588650816", "study_id": 0, "datetime_start": "2024-08-22T02:31:38.924252"}
{"op_code": 5, "worker_id": "fbc2e059-6753-48e3-8b63-00f293d6af87-139891588650816", "trial_id": 49, "param_name": "lr", "param_value_internal": 7.665249729639345e-05, "distribution": "{\"name\": \"FloatDistribution\", \"attributes\": {\"step\": null, \"low\": 1e-05, \"high\": 0.001, \"log\": true}}"}
{"op_code": 5, "worker_id": "fbc2e059-6753-48e3-8b63-00f293d6af87-139891588650816", "trial_id": 49, "param_name": "l2reg", "param_value_internal": 4.393570194324714e-06, "distribution": "{\"name\": \"FloatDistribution\", \"attributes\": {\"step\": null, \"low\": 1e-08, \"high\": 0.001, \"log\": true}}"}
{"op_code": 5, "worker_id": "fbc2e059-6753-48e3-8b63-00f293d6af87-139891588650816", "trial_id": 49, "param_name": "random_seed", "param_value_internal": 0, "distribution": "{\"name\": \"CategoricalDistribution\", \"attributes\": {\"choices\": [42]}}"}
{"op_code": 5, "worker_id": "fbc2e059-6753-48e3-8b63-00f293d6af87-139891588650816", "trial_id": 49, "param_name": "degree", "param_value_internal": 0, "distribution": "{\"name\": \"CategoricalDistribution\", \"attributes\": {\"choices\": [0]}}"}
{"op_code": 8, "worker_id": "fbc2e059-6753-48e3-8b63-00f293d6af87-139891588650816", "trial_id": 49, "user_attr": {"best_epoch": 2}}
{"op_code": 8, "worker_id": "fbc2e059-6753-48e3-8b63-00f293d6af87-139891588650816", "trial_id": 49, "user_attr": {"test_loss": 0.44512402539116697}}
{"op_code": 6, "worker_id": "fbc2e059-6753-48e3-8b63-00f293d6af87-139891588650816", "trial_id": 49, "state": 1, "values": [0.44500405244664376], "datetime_complete": "2024-08-22T02:52:59.068639"}
