{"op_code": 0, "worker_id": "814557d0-e8c9-493a-b6fa-51e4fcc88e4a-140376596985664", "study_name": "criteo_splines_3_40", "directions": [1]}
{"op_code": 4, "worker_id": "814557d0-e8c9-493a-b6fa-51e4fcc88e4a-140376596985664", "study_id": 0, "datetime_start": "2024-08-31T07:19:39.504399"}
{"op_code": 5, "worker_id": "814557d0-e8c9-493a-b6fa-51e4fcc88e4a-140376596985664", "trial_id": 0, "param_name": "lr", "param_value_internal": 5.6115164153345e-05, "distribution": "{\"name\": \"FloatDistribution\", \"attributes\": {\"step\": null, \"low\": 1e-05, \"high\": 0.001, \"log\": true}}"}
{"op_code": 5, "worker_id": "814557d0-e8c9-493a-b6fa-51e4fcc88e4a-140376596985664", "trial_id": 0, "param_name": "l2reg", "param_value_internal": 0.0005669849511478851, "distribution": "{\"name\": \"FloatDistribution\", \"attributes\": {\"step\": null, \"low\": 1e-08, \"high\": 0.001, \"log\": true}}"}
{"op_code": 5, "worker_id": "814557d0-e8c9-493a-b6fa-51e4fcc88e4a-140376596985664", "trial_id": 0, "param_name": "random_seed", "param_value_internal": 0, "distribution": "{\"name\": \"CategoricalDistribution\", \"attributes\": {\"choices\": [42]}}"}
{"op_code": 5, "worker_id": "814557d0-e8c9-493a-b6fa-51e4fcc88e4a-140376596985664", "trial_id": 0, "param_name": "degree", "param_value_internal": 0, "distribution": "{\"name\": \"CategoricalDistribution\", \"attributes\": {\"choices\": [3]}}"}
{"op_code": 8, "worker_id": "814557d0-e8c9-493a-b6fa-51e4fcc88e4a-140376596985664", "trial_id": 0, "user_attr": {"best_epoch": 2}}
{"op_code": 8, "worker_id": "814557d0-e8c9-493a-b6fa-51e4fcc88e4a-140376596985664", "trial_id": 0, "user_attr": {"test_loss": 0.4513947435650566}}
{"op_code": 6, "worker_id": "814557d0-e8c9-493a-b6fa-51e4fcc88e4a-140376596985664", "trial_id": 0, "state": 1, "values": [0.4466569496660385], "datetime_complete": "2024-08-31T07:46:12.557145"}
{"op_code": 4, "worker_id": "814557d0-e8c9-493a-b6fa-51e4fcc88e4a-140376596985664", "study_id": 0, "datetime_start": "2024-08-31T07:46:12.566077"}
{"op_code": 5, "worker_id": "814557d0-e8c9-493a-b6fa-51e4fcc88e4a-140376596985664", "trial_id": 1, "param_name": "lr", "param_value_internal": 0.000291063591313307, "distribution": "{\"name\": \"FloatDistribution\", \"attributes\": {\"step\": null, \"low\": 1e-05, \"high\": 0.001, \"log\": true}}"}
{"op_code": 5, "worker_id": "814557d0-e8c9-493a-b6fa-51e4fcc88e4a-140376596985664", "trial_id": 1, "param_name": "l2reg", "param_value_internal": 9.846738873614555e-06, "distribution": "{\"name\": \"FloatDistribution\", \"attributes\": {\"step\": null, \"low\": 1e-08, \"high\": 0.001, \"log\": true}}"}
{"op_code": 5, "worker_id": "814557d0-e8c9-493a-b6fa-51e4fcc88e4a-140376596985664", "trial_id": 1, "param_name": "random_seed", "param_value_internal": 0, "distribution": "{\"name\": \"CategoricalDistribution\", \"attributes\": {\"choices\": [42]}}"}
{"op_code": 5, "worker_id": "814557d0-e8c9-493a-b6fa-51e4fcc88e4a-140376596985664", "trial_id": 1, "param_name": "degree", "param_value_internal": 0, "distribution": "{\"name\": \"CategoricalDistribution\", \"attributes\": {\"choices\": [3]}}"}
{"op_code": 8, "worker_id": "814557d0-e8c9-493a-b6fa-51e4fcc88e4a-140376596985664", "trial_id": 1, "user_attr": {"best_epoch": 0}}
{"op_code": 8, "worker_id": "814557d0-e8c9-493a-b6fa-51e4fcc88e4a-140376596985664", "trial_id": 1, "user_attr": {"test_loss": 0.45143452270151796}}
{"op_code": 6, "worker_id": "814557d0-e8c9-493a-b6fa-51e4fcc88e4a-140376596985664", "trial_id": 1, "state": 1, "values": [0.4467444484825903], "datetime_complete": "2024-08-31T08:04:46.442146"}
{"op_code": 4, "worker_id": "814557d0-e8c9-493a-b6fa-51e4fcc88e4a-140376596985664", "study_id": 0, "datetime_start": "2024-08-31T08:04:46.450949"}
{"op_code": 5, "worker_id": "814557d0-e8c9-493a-b6fa-51e4fcc88e4a-140376596985664", "trial_id": 2, "param_name": "lr", "param_value_internal": 2.0513382630874486e-05, "distribution": "{\"name\": \"FloatDistribution\", \"attributes\": {\"step\": null, \"low\": 1e-05, \"high\": 0.001, \"log\": true}}"}
{"op_code": 5, "worker_id": "814557d0-e8c9-493a-b6fa-51e4fcc88e4a-140376596985664", "trial_id": 2, "param_name": "l2reg", "param_value_internal": 6.02521573620385e-08, "distribution": "{\"name\": \"FloatDistribution\", \"attributes\": {\"step\": null, \"low\": 1e-08, \"high\": 0.001, \"log\": true}}"}
{"op_code": 5, "worker_id": "814557d0-e8c9-493a-b6fa-51e4fcc88e4a-140376596985664", "trial_id": 2, "param_name": "random_seed", "param_value_internal": 0, "distribution": "{\"name\": \"CategoricalDistribution\", \"attributes\": {\"choices\": [42]}}"}
{"op_code": 5, "worker_id": "814557d0-e8c9-493a-b6fa-51e4fcc88e4a-140376596985664", "trial_id": 2, "param_name": "degree", "param_value_internal": 0, "distribution": "{\"name\": \"CategoricalDistribution\", \"attributes\": {\"choices\": [3]}}"}
{"op_code": 8, "worker_id": "814557d0-e8c9-493a-b6fa-51e4fcc88e4a-140376596985664", "trial_id": 2, "user_attr": {"best_epoch": 7}}
{"op_code": 8, "worker_id": "814557d0-e8c9-493a-b6fa-51e4fcc88e4a-140376596985664", "trial_id": 2, "user_attr": {"test_loss": 0.4521882266277722}}
{"op_code": 6, "worker_id": "814557d0-e8c9-493a-b6fa-51e4fcc88e4a-140376596985664", "trial_id": 2, "state": 1, "values": [0.4471738493065757], "datetime_complete": "2024-08-31T08:46:51.821580"}
{"op_code": 4, "worker_id": "814557d0-e8c9-493a-b6fa-51e4fcc88e4a-140376596985664", "study_id": 0, "datetime_start": "2024-08-31T08:46:51.831958"}
{"op_code": 5, "worker_id": "814557d0-e8c9-493a-b6fa-51e4fcc88e4a-140376596985664", "trial_id": 3, "param_name": "lr", "param_value_internal": 1.3066739238053272e-05, "distribution": "{\"name\": \"FloatDistribution\", \"attributes\": {\"step\": null, \"low\": 1e-05, \"high\": 0.001, \"log\": true}}"}
{"op_code": 5, "worker_id": "814557d0-e8c9-493a-b6fa-51e4fcc88e4a-140376596985664", "trial_id": 3, "param_name": "l2reg", "param_value_internal": 0.00021423021757741048, "distribution": "{\"name\": \"FloatDistribution\", \"attributes\": {\"step\": null, \"low\": 1e-08, \"high\": 0.001, \"log\": true}}"}
{"op_code": 5, "worker_id": "814557d0-e8c9-493a-b6fa-51e4fcc88e4a-140376596985664", "trial_id": 3, "param_name": "random_seed", "param_value_internal": 0, "distribution": "{\"name\": \"CategoricalDistribution\", \"attributes\": {\"choices\": [42]}}"}
{"op_code": 5, "worker_id": "814557d0-e8c9-493a-b6fa-51e4fcc88e4a-140376596985664", "trial_id": 3, "param_name": "degree", "param_value_internal": 0, "distribution": "{\"name\": \"CategoricalDistribution\", \"attributes\": {\"choices\": [3]}}"}
{"op_code": 8, "worker_id": "814557d0-e8c9-493a-b6fa-51e4fcc88e4a-140376596985664", "trial_id": 3, "user_attr": {"best_epoch": 9}}
{"op_code": 8, "worker_id": "814557d0-e8c9-493a-b6fa-51e4fcc88e4a-140376596985664", "trial_id": 3, "user_attr": {"test_loss": 0.45331143368436194}}
{"op_code": 6, "worker_id": "814557d0-e8c9-493a-b6fa-51e4fcc88e4a-140376596985664", "trial_id": 3, "state": 1, "values": [0.4484653730686889], "datetime_complete": "2024-08-31T09:28:57.068119"}
{"op_code": 4, "worker_id": "814557d0-e8c9-493a-b6fa-51e4fcc88e4a-140376596985664", "study_id": 0, "datetime_start": "2024-08-31T09:28:57.076549"}
{"op_code": 5, "worker_id": "814557d0-e8c9-493a-b6fa-51e4fcc88e4a-140376596985664", "trial_id": 4, "param_name": "lr", "param_value_internal": 0.00015930522616241006, "distribution": "{\"name\": \"FloatDistribution\", \"attributes\": {\"step\": null, \"low\": 1e-05, \"high\": 0.001, \"log\": true}}"}
{"op_code": 5, "worker_id": "814557d0-e8c9-493a-b6fa-51e4fcc88e4a-140376596985664", "trial_id": 4, "param_name": "l2reg", "param_value_internal": 3.47026698865041e-05, "distribution": "{\"name\": \"FloatDistribution\", \"attributes\": {\"step\": null, \"low\": 1e-08, \"high\": 0.001, \"log\": true}}"}
{"op_code": 5, "worker_id": "814557d0-e8c9-493a-b6fa-51e4fcc88e4a-140376596985664", "trial_id": 4, "param_name": "random_seed", "param_value_internal": 0, "distribution": "{\"name\": \"CategoricalDistribution\", \"attributes\": {\"choices\": [42]}}"}
{"op_code": 5, "worker_id": "814557d0-e8c9-493a-b6fa-51e4fcc88e4a-140376596985664", "trial_id": 4, "param_name": "degree", "param_value_internal": 0, "distribution": "{\"name\": \"CategoricalDistribution\", \"attributes\": {\"choices\": [3]}}"}
{"op_code": 8, "worker_id": "814557d0-e8c9-493a-b6fa-51e4fcc88e4a-140376596985664", "trial_id": 4, "user_attr": {"best_epoch": 1}}
{"op_code": 8, "worker_id": "814557d0-e8c9-493a-b6fa-51e4fcc88e4a-140376596985664", "trial_id": 4, "user_attr": {"test_loss": 0.4518063163771392}}
{"op_code": 6, "worker_id": "814557d0-e8c9-493a-b6fa-51e4fcc88e4a-140376596985664", "trial_id": 4, "state": 1, "values": [0.4470690950515067], "datetime_complete": "2024-08-31T09:51:22.670421"}
{"op_code": 4, "worker_id": "814557d0-e8c9-493a-b6fa-51e4fcc88e4a-140376596985664", "study_id": 0, "datetime_start": "2024-08-31T09:51:22.680625"}
{"op_code": 5, "worker_id": "814557d0-e8c9-493a-b6fa-51e4fcc88e4a-140376596985664", "trial_id": 5, "param_name": "lr", "param_value_internal": 1.0994335574766187e-05, "distribution": "{\"name\": \"FloatDistribution\", \"attributes\": {\"step\": null, \"low\": 1e-05, \"high\": 0.001, \"log\": true}}"}
{"op_code": 5, "worker_id": "814557d0-e8c9-493a-b6fa-51e4fcc88e4a-140376596985664", "trial_id": 5, "param_name": "l2reg", "param_value_internal": 0.0007072114131472234, "distribution": "{\"name\": \"FloatDistribution\", \"attributes\": {\"step\": null, \"low\": 1e-08, \"high\": 0.001, \"log\": true}}"}
{"op_code": 5, "worker_id": "814557d0-e8c9-493a-b6fa-51e4fcc88e4a-140376596985664", "trial_id": 5, "param_name": "random_seed", "param_value_internal": 0, "distribution": "{\"name\": \"CategoricalDistribution\", \"attributes\": {\"choices\": [42]}}"}
{"op_code": 5, "worker_id": "814557d0-e8c9-493a-b6fa-51e4fcc88e4a-140376596985664", "trial_id": 5, "param_name": "degree", "param_value_internal": 0, "distribution": "{\"name\": \"CategoricalDistribution\", \"attributes\": {\"choices\": [3]}}"}
{"op_code": 8, "worker_id": "814557d0-e8c9-493a-b6fa-51e4fcc88e4a-140376596985664", "trial_id": 5, "user_attr": {"best_epoch": 9}}
{"op_code": 8, "worker_id": "814557d0-e8c9-493a-b6fa-51e4fcc88e4a-140376596985664", "trial_id": 5, "user_attr": {"test_loss": 0.4545010665542365}}
{"op_code": 6, "worker_id": "814557d0-e8c9-493a-b6fa-51e4fcc88e4a-140376596985664", "trial_id": 5, "state": 1, "values": [0.4497183393243809], "datetime_complete": "2024-08-31T10:33:25.710540"}
{"op_code": 4, "worker_id": "814557d0-e8c9-493a-b6fa-51e4fcc88e4a-140376596985664", "study_id": 0, "datetime_start": "2024-08-31T10:33:25.719828"}
{"op_code": 5, "worker_id": "814557d0-e8c9-493a-b6fa-51e4fcc88e4a-140376596985664", "trial_id": 6, "param_name": "lr", "param_value_internal": 0.000462258900102083, "distribution": "{\"name\": \"FloatDistribution\", \"attributes\": {\"step\": null, \"low\": 1e-05, \"high\": 0.001, \"log\": true}}"}
{"op_code": 5, "worker_id": "814557d0-e8c9-493a-b6fa-51e4fcc88e4a-140376596985664", "trial_id": 6, "param_name": "l2reg", "param_value_internal": 1.1526449540315595e-07, "distribution": "{\"name\": \"FloatDistribution\", \"attributes\": {\"step\": null, \"low\": 1e-08, \"high\": 0.001, \"log\": true}}"}
{"op_code": 5, "worker_id": "814557d0-e8c9-493a-b6fa-51e4fcc88e4a-140376596985664", "trial_id": 6, "param_name": "random_seed", "param_value_internal": 0, "distribution": "{\"name\": \"CategoricalDistribution\", \"attributes\": {\"choices\": [42]}}"}
{"op_code": 5, "worker_id": "814557d0-e8c9-493a-b6fa-51e4fcc88e4a-140376596985664", "trial_id": 6, "param_name": "degree", "param_value_internal": 0, "distribution": "{\"name\": \"CategoricalDistribution\", \"attributes\": {\"choices\": [3]}}"}
{"op_code": 8, "worker_id": "814557d0-e8c9-493a-b6fa-51e4fcc88e4a-140376596985664", "trial_id": 6, "user_attr": {"best_epoch": 0}}
{"op_code": 8, "worker_id": "814557d0-e8c9-493a-b6fa-51e4fcc88e4a-140376596985664", "trial_id": 6, "user_attr": {"test_loss": 0.45145204537295347}}
{"op_code": 6, "worker_id": "814557d0-e8c9-493a-b6fa-51e4fcc88e4a-140376596985664", "trial_id": 6, "state": 1, "values": [0.44684431624179605], "datetime_complete": "2024-08-31T10:51:55.878829"}
{"op_code": 4, "worker_id": "814557d0-e8c9-493a-b6fa-51e4fcc88e4a-140376596985664", "study_id": 0, "datetime_start": "2024-08-31T10:51:55.900635"}
{"op_code": 5, "worker_id": "814557d0-e8c9-493a-b6fa-51e4fcc88e4a-140376596985664", "trial_id": 7, "param_name": "lr", "param_value_internal": 2.3102018878452926e-05, "distribution": "{\"name\": \"FloatDistribution\", \"attributes\": {\"step\": null, \"low\": 1e-05, \"high\": 0.001, \"log\": true}}"}
{"op_code": 5, "worker_id": "814557d0-e8c9-493a-b6fa-51e4fcc88e4a-140376596985664", "trial_id": 7, "param_name": "l2reg", "param_value_internal": 8.260808399079588e-08, "distribution": "{\"name\": \"FloatDistribution\", \"attributes\": {\"step\": null, \"low\": 1e-08, \"high\": 0.001, \"log\": true}}"}
{"op_code": 5, "worker_id": "814557d0-e8c9-493a-b6fa-51e4fcc88e4a-140376596985664", "trial_id": 7, "param_name": "random_seed", "param_value_internal": 0, "distribution": "{\"name\": \"CategoricalDistribution\", \"attributes\": {\"choices\": [42]}}"}
{"op_code": 5, "worker_id": "814557d0-e8c9-493a-b6fa-51e4fcc88e4a-140376596985664", "trial_id": 7, "param_name": "degree", "param_value_internal": 0, "distribution": "{\"name\": \"CategoricalDistribution\", \"attributes\": {\"choices\": [3]}}"}
{"op_code": 8, "worker_id": "814557d0-e8c9-493a-b6fa-51e4fcc88e4a-140376596985664", "trial_id": 7, "user_attr": {"best_epoch": 7}}
{"op_code": 8, "worker_id": "814557d0-e8c9-493a-b6fa-51e4fcc88e4a-140376596985664", "trial_id": 7, "user_attr": {"test_loss": 0.45211366937872316}}
{"op_code": 6, "worker_id": "814557d0-e8c9-493a-b6fa-51e4fcc88e4a-140376596985664", "trial_id": 7, "state": 1, "values": [0.44703782911313156], "datetime_complete": "2024-08-31T11:33:59.018447"}
{"op_code": 4, "worker_id": "814557d0-e8c9-493a-b6fa-51e4fcc88e4a-140376596985664", "study_id": 0, "datetime_start": "2024-08-31T11:33:59.030792"}
{"op_code": 5, "worker_id": "814557d0-e8c9-493a-b6fa-51e4fcc88e4a-140376596985664", "trial_id": 8, "param_name": "lr", "param_value_internal": 4.059611610484306e-05, "distribution": "{\"name\": \"FloatDistribution\", \"attributes\": {\"step\": null, \"low\": 1e-05, \"high\": 0.001, \"log\": true}}"}
{"op_code": 5, "worker_id": "814557d0-e8c9-493a-b6fa-51e4fcc88e4a-140376596985664", "trial_id": 8, "param_name": "l2reg", "param_value_internal": 4.2051564509138674e-06, "distribution": "{\"name\": \"FloatDistribution\", \"attributes\": {\"step\": null, \"low\": 1e-08, \"high\": 0.001, \"log\": true}}"}
{"op_code": 5, "worker_id": "814557d0-e8c9-493a-b6fa-51e4fcc88e4a-140376596985664", "trial_id": 8, "param_name": "random_seed", "param_value_internal": 0, "distribution": "{\"name\": \"CategoricalDistribution\", \"attributes\": {\"choices\": [42]}}"}
{"op_code": 5, "worker_id": "814557d0-e8c9-493a-b6fa-51e4fcc88e4a-140376596985664", "trial_id": 8, "param_name": "degree", "param_value_internal": 0, "distribution": "{\"name\": \"CategoricalDistribution\", \"attributes\": {\"choices\": [3]}}"}
{"op_code": 8, "worker_id": "814557d0-e8c9-493a-b6fa-51e4fcc88e4a-140376596985664", "trial_id": 8, "user_attr": {"best_epoch": 3}}
{"op_code": 8, "worker_id": "814557d0-e8c9-493a-b6fa-51e4fcc88e4a-140376596985664", "trial_id": 8, "user_attr": {"test_loss": 0.45175939837453744}}
{"op_code": 6, "worker_id": "814557d0-e8c9-493a-b6fa-51e4fcc88e4a-140376596985664", "trial_id": 8, "state": 1, "values": [0.4469363961482196], "datetime_complete": "2024-08-31T12:04:15.676908"}
{"op_code": 4, "worker_id": "814557d0-e8c9-493a-b6fa-51e4fcc88e4a-140376596985664", "study_id": 0, "datetime_start": "2024-08-31T12:04:15.687412"}
{"op_code": 5, "worker_id": "814557d0-e8c9-493a-b6fa-51e4fcc88e4a-140376596985664", "trial_id": 9, "param_name": "lr", "param_value_internal": 7.309539835912905e-05, "distribution": "{\"name\": \"FloatDistribution\", \"attributes\": {\"step\": null, \"low\": 1e-05, \"high\": 0.001, \"log\": true}}"}
{"op_code": 5, "worker_id": "814557d0-e8c9-493a-b6fa-51e4fcc88e4a-140376596985664", "trial_id": 9, "param_name": "l2reg", "param_value_internal": 2.8585493941961875e-07, "distribution": "{\"name\": \"FloatDistribution\", \"attributes\": {\"step\": null, \"low\": 1e-08, \"high\": 0.001, \"log\": true}}"}
{"op_code": 5, "worker_id": "814557d0-e8c9-493a-b6fa-51e4fcc88e4a-140376596985664", "trial_id": 9, "param_name": "random_seed", "param_value_internal": 0, "distribution": "{\"name\": \"CategoricalDistribution\", \"attributes\": {\"choices\": [42]}}"}
{"op_code": 5, "worker_id": "814557d0-e8c9-493a-b6fa-51e4fcc88e4a-140376596985664", "trial_id": 9, "param_name": "degree", "param_value_internal": 0, "distribution": "{\"name\": \"CategoricalDistribution\", \"attributes\": {\"choices\": [3]}}"}
{"op_code": 8, "worker_id": "814557d0-e8c9-493a-b6fa-51e4fcc88e4a-140376596985664", "trial_id": 9, "user_attr": {"best_epoch": 2}}
{"op_code": 8, "worker_id": "814557d0-e8c9-493a-b6fa-51e4fcc88e4a-140376596985664", "trial_id": 9, "user_attr": {"test_loss": 0.4513624468765285}}
{"op_code": 6, "worker_id": "814557d0-e8c9-493a-b6fa-51e4fcc88e4a-140376596985664", "trial_id": 9, "state": 1, "values": [0.4465127980380719], "datetime_complete": "2024-08-31T12:30:37.308581"}
{"op_code": 4, "worker_id": "814557d0-e8c9-493a-b6fa-51e4fcc88e4a-140376596985664", "study_id": 0, "datetime_start": "2024-08-31T12:30:37.316954"}
{"op_code": 5, "worker_id": "814557d0-e8c9-493a-b6fa-51e4fcc88e4a-140376596985664", "trial_id": 10, "param_name": "lr", "param_value_internal": 0.0001104450886277808, "distribution": "{\"name\": \"FloatDistribution\", \"attributes\": {\"step\": null, \"low\": 1e-05, \"high\": 0.001, \"log\": true}}"}
{"op_code": 5, "worker_id": "814557d0-e8c9-493a-b6fa-51e4fcc88e4a-140376596985664", "trial_id": 10, "param_name": "l2reg", "param_value_internal": 6.344493151988628e-07, "distribution": "{\"name\": \"FloatDistribution\", \"attributes\": {\"step\": null, \"low\": 1e-08, \"high\": 0.001, \"log\": true}}"}
{"op_code": 5, "worker_id": "814557d0-e8c9-493a-b6fa-51e4fcc88e4a-140376596985664", "trial_id": 10, "param_name": "random_seed", "param_value_internal": 0, "distribution": "{\"name\": \"CategoricalDistribution\", \"attributes\": {\"choices\": [42]}}"}
{"op_code": 5, "worker_id": "814557d0-e8c9-493a-b6fa-51e4fcc88e4a-140376596985664", "trial_id": 10, "param_name": "degree", "param_value_internal": 0, "distribution": "{\"name\": \"CategoricalDistribution\", \"attributes\": {\"choices\": [3]}}"}
{"op_code": 8, "worker_id": "814557d0-e8c9-493a-b6fa-51e4fcc88e4a-140376596985664", "trial_id": 10, "user_attr": {"best_epoch": 1}}
{"op_code": 8, "worker_id": "814557d0-e8c9-493a-b6fa-51e4fcc88e4a-140376596985664", "trial_id": 10, "user_attr": {"test_loss": 0.4507523601396866}}
{"op_code": 6, "worker_id": "814557d0-e8c9-493a-b6fa-51e4fcc88e4a-140376596985664", "trial_id": 10, "state": 1, "values": [0.4460068548374782], "datetime_complete": "2024-08-31T12:53:05.622957"}
{"op_code": 4, "worker_id": "814557d0-e8c9-493a-b6fa-51e4fcc88e4a-140376596985664", "study_id": 0, "datetime_start": "2024-08-31T12:53:05.632487"}
{"op_code": 5, "worker_id": "814557d0-e8c9-493a-b6fa-51e4fcc88e4a-140376596985664", "trial_id": 11, "param_name": "lr", "param_value_internal": 0.00010866115799955205, "distribution": "{\"name\": \"FloatDistribution\", \"attributes\": {\"step\": null, \"low\": 1e-05, \"high\": 0.001, \"log\": true}}"}
{"op_code": 5, "worker_id": "814557d0-e8c9-493a-b6fa-51e4fcc88e4a-140376596985664", "trial_id": 11, "param_name": "l2reg", "param_value_internal": 5.42318546635464e-07, "distribution": "{\"name\": \"FloatDistribution\", \"attributes\": {\"step\": null, \"low\": 1e-08, \"high\": 0.001, \"log\": true}}"}
{"op_code": 5, "worker_id": "814557d0-e8c9-493a-b6fa-51e4fcc88e4a-140376596985664", "trial_id": 11, "param_name": "random_seed", "param_value_internal": 0, "distribution": "{\"name\": \"CategoricalDistribution\", \"attributes\": {\"choices\": [42]}}"}
{"op_code": 5, "worker_id": "814557d0-e8c9-493a-b6fa-51e4fcc88e4a-140376596985664", "trial_id": 11, "param_name": "degree", "param_value_internal": 0, "distribution": "{\"name\": \"CategoricalDistribution\", \"attributes\": {\"choices\": [3]}}"}
{"op_code": 8, "worker_id": "814557d0-e8c9-493a-b6fa-51e4fcc88e4a-140376596985664", "trial_id": 11, "user_attr": {"best_epoch": 1}}
{"op_code": 8, "worker_id": "814557d0-e8c9-493a-b6fa-51e4fcc88e4a-140376596985664", "trial_id": 11, "user_attr": {"test_loss": 0.45074220538892007}}
{"op_code": 6, "worker_id": "814557d0-e8c9-493a-b6fa-51e4fcc88e4a-140376596985664", "trial_id": 11, "state": 1, "values": [0.44599673826401126], "datetime_complete": "2024-08-31T13:15:30.930049"}
{"op_code": 4, "worker_id": "814557d0-e8c9-493a-b6fa-51e4fcc88e4a-140376596985664", "study_id": 0, "datetime_start": "2024-08-31T13:15:30.938392"}
{"op_code": 5, "worker_id": "814557d0-e8c9-493a-b6fa-51e4fcc88e4a-140376596985664", "trial_id": 12, "param_name": "lr", "param_value_internal": 0.00015718058320945684, "distribution": "{\"name\": \"FloatDistribution\", \"attributes\": {\"step\": null, \"low\": 1e-05, \"high\": 0.001, \"log\": true}}"}
{"op_code": 5, "worker_id": "814557d0-e8c9-493a-b6fa-51e4fcc88e4a-140376596985664", "trial_id": 12, "param_name": "l2reg", "param_value_internal": 7.265551560051391e-07, "distribution": "{\"name\": \"FloatDistribution\", \"attributes\": {\"step\": null, \"low\": 1e-08, \"high\": 0.001, \"log\": true}}"}
{"op_code": 5, "worker_id": "814557d0-e8c9-493a-b6fa-51e4fcc88e4a-140376596985664", "trial_id": 12, "param_name": "random_seed", "param_value_internal": 0, "distribution": "{\"name\": \"CategoricalDistribution\", \"attributes\": {\"choices\": [42]}}"}
{"op_code": 5, "worker_id": "814557d0-e8c9-493a-b6fa-51e4fcc88e4a-140376596985664", "trial_id": 12, "param_name": "degree", "param_value_internal": 0, "distribution": "{\"name\": \"CategoricalDistribution\", \"attributes\": {\"choices\": [3]}}"}
{"op_code": 8, "worker_id": "814557d0-e8c9-493a-b6fa-51e4fcc88e4a-140376596985664", "trial_id": 12, "user_attr": {"best_epoch": 1}}
{"op_code": 8, "worker_id": "814557d0-e8c9-493a-b6fa-51e4fcc88e4a-140376596985664", "trial_id": 12, "user_attr": {"test_loss": 0.45174023414564723}}
{"op_code": 6, "worker_id": "814557d0-e8c9-493a-b6fa-51e4fcc88e4a-140376596985664", "trial_id": 12, "state": 1, "values": [0.44700499796905013], "datetime_complete": "2024-08-31T13:37:54.567008"}
{"op_code": 4, "worker_id": "814557d0-e8c9-493a-b6fa-51e4fcc88e4a-140376596985664", "study_id": 0, "datetime_start": "2024-08-31T13:37:54.577678"}
{"op_code": 5, "worker_id": "814557d0-e8c9-493a-b6fa-51e4fcc88e4a-140376596985664", "trial_id": 13, "param_name": "lr", "param_value_internal": 0.00012482732859565748, "distribution": "{\"name\": \"FloatDistribution\", \"attributes\": {\"step\": null, \"low\": 1e-05, \"high\": 0.001, \"log\": true}}"}
{"op_code": 5, "worker_id": "814557d0-e8c9-493a-b6fa-51e4fcc88e4a-140376596985664", "trial_id": 13, "param_name": "l2reg", "param_value_internal": 1.3720911301023708e-08, "distribution": "{\"name\": \"FloatDistribution\", \"attributes\": {\"step\": null, \"low\": 1e-08, \"high\": 0.001, \"log\": true}}"}
{"op_code": 5, "worker_id": "814557d0-e8c9-493a-b6fa-51e4fcc88e4a-140376596985664", "trial_id": 13, "param_name": "random_seed", "param_value_internal": 0, "distribution": "{\"name\": \"CategoricalDistribution\", \"attributes\": {\"choices\": [42]}}"}
{"op_code": 5, "worker_id": "814557d0-e8c9-493a-b6fa-51e4fcc88e4a-140376596985664", "trial_id": 13, "param_name": "degree", "param_value_internal": 0, "distribution": "{\"name\": \"CategoricalDistribution\", \"attributes\": {\"choices\": [3]}}"}
{"op_code": 8, "worker_id": "814557d0-e8c9-493a-b6fa-51e4fcc88e4a-140376596985664", "trial_id": 13, "user_attr": {"best_epoch": 1}}
{"op_code": 8, "worker_id": "814557d0-e8c9-493a-b6fa-51e4fcc88e4a-140376596985664", "trial_id": 13, "user_attr": {"test_loss": 0.4509259071208319}}
{"op_code": 6, "worker_id": "814557d0-e8c9-493a-b6fa-51e4fcc88e4a-140376596985664", "trial_id": 13, "state": 1, "values": [0.44618700619668755], "datetime_complete": "2024-08-31T14:00:21.004936"}
{"op_code": 4, "worker_id": "814557d0-e8c9-493a-b6fa-51e4fcc88e4a-140376596985664", "study_id": 0, "datetime_start": "2024-08-31T14:00:21.017473"}
{"op_code": 5, "worker_id": "814557d0-e8c9-493a-b6fa-51e4fcc88e4a-140376596985664", "trial_id": 14, "param_name": "lr", "param_value_internal": 0.0007832921114568409, "distribution": "{\"name\": \"FloatDistribution\", \"attributes\": {\"step\": null, \"low\": 1e-05, \"high\": 0.001, \"log\": true}}"}
{"op_code": 5, "worker_id": "814557d0-e8c9-493a-b6fa-51e4fcc88e4a-140376596985664", "trial_id": 14, "param_name": "l2reg", "param_value_internal": 8.384914323474842e-07, "distribution": "{\"name\": \"FloatDistribution\", \"attributes\": {\"step\": null, \"low\": 1e-08, \"high\": 0.001, \"log\": true}}"}
{"op_code": 5, "worker_id": "814557d0-e8c9-493a-b6fa-51e4fcc88e4a-140376596985664", "trial_id": 14, "param_name": "random_seed", "param_value_internal": 0, "distribution": "{\"name\": \"CategoricalDistribution\", \"attributes\": {\"choices\": [42]}}"}
{"op_code": 5, "worker_id": "814557d0-e8c9-493a-b6fa-51e4fcc88e4a-140376596985664", "trial_id": 14, "param_name": "degree", "param_value_internal": 0, "distribution": "{\"name\": \"CategoricalDistribution\", \"attributes\": {\"choices\": [3]}}"}
{"op_code": 8, "worker_id": "814557d0-e8c9-493a-b6fa-51e4fcc88e4a-140376596985664", "trial_id": 14, "user_attr": {"best_epoch": 0}}
{"op_code": 8, "worker_id": "814557d0-e8c9-493a-b6fa-51e4fcc88e4a-140376596985664", "trial_id": 14, "user_attr": {"test_loss": 0.4519312274467185}}
{"op_code": 6, "worker_id": "814557d0-e8c9-493a-b6fa-51e4fcc88e4a-140376596985664", "trial_id": 14, "state": 1, "values": [0.4473087624033008], "datetime_complete": "2024-08-31T14:18:51.400917"}
{"op_code": 4, "worker_id": "814557d0-e8c9-493a-b6fa-51e4fcc88e4a-140376596985664", "study_id": 0, "datetime_start": "2024-08-31T14:18:51.409559"}
{"op_code": 5, "worker_id": "814557d0-e8c9-493a-b6fa-51e4fcc88e4a-140376596985664", "trial_id": 15, "param_name": "lr", "param_value_internal": 0.0002733762389478881, "distribution": "{\"name\": \"FloatDistribution\", \"attributes\": {\"step\": null, \"low\": 1e-05, \"high\": 0.001, \"log\": true}}"}
{"op_code": 5, "worker_id": "814557d0-e8c9-493a-b6fa-51e4fcc88e4a-140376596985664", "trial_id": 15, "param_name": "l2reg", "param_value_internal": 1.5839666107830561e-06, "distribution": "{\"name\": \"FloatDistribution\", \"attributes\": {\"step\": null, \"low\": 1e-08, \"high\": 0.001, \"log\": true}}"}
{"op_code": 5, "worker_id": "814557d0-e8c9-493a-b6fa-51e4fcc88e4a-140376596985664", "trial_id": 15, "param_name": "random_seed", "param_value_internal": 0, "distribution": "{\"name\": \"CategoricalDistribution\", \"attributes\": {\"choices\": [42]}}"}
{"op_code": 5, "worker_id": "814557d0-e8c9-493a-b6fa-51e4fcc88e4a-140376596985664", "trial_id": 15, "param_name": "degree", "param_value_internal": 0, "distribution": "{\"name\": \"CategoricalDistribution\", \"attributes\": {\"choices\": [3]}}"}
{"op_code": 8, "worker_id": "814557d0-e8c9-493a-b6fa-51e4fcc88e4a-140376596985664", "trial_id": 15, "user_attr": {"best_epoch": 0}}
{"op_code": 8, "worker_id": "814557d0-e8c9-493a-b6fa-51e4fcc88e4a-140376596985664", "trial_id": 15, "user_attr": {"test_loss": 0.45143520986510366}}
{"op_code": 6, "worker_id": "814557d0-e8c9-493a-b6fa-51e4fcc88e4a-140376596985664", "trial_id": 15, "state": 1, "values": [0.44673414103037873], "datetime_complete": "2024-08-31T14:37:20.868269"}
{"op_code": 4, "worker_id": "814557d0-e8c9-493a-b6fa-51e4fcc88e4a-140376596985664", "study_id": 0, "datetime_start": "2024-08-31T14:37:20.877072"}
{"op_code": 5, "worker_id": "814557d0-e8c9-493a-b6fa-51e4fcc88e4a-140376596985664", "trial_id": 16, "param_name": "lr", "param_value_internal": 8.407931655574884e-05, "distribution": "{\"name\": \"FloatDistribution\", \"attributes\": {\"step\": null, \"low\": 1e-05, \"high\": 0.001, \"log\": true}}"}
{"op_code": 5, "worker_id": "814557d0-e8c9-493a-b6fa-51e4fcc88e4a-140376596985664", "trial_id": 16, "param_name": "l2reg", "param_value_internal": 6.30918978552151e-06, "distribution": "{\"name\": \"FloatDistribution\", \"attributes\": {\"step\": null, \"low\": 1e-08, \"high\": 0.001, \"log\": true}}"}
{"op_code": 5, "worker_id": "814557d0-e8c9-493a-b6fa-51e4fcc88e4a-140376596985664", "trial_id": 16, "param_name": "random_seed", "param_value_internal": 0, "distribution": "{\"name\": \"CategoricalDistribution\", \"attributes\": {\"choices\": [42]}}"}
{"op_code": 5, "worker_id": "814557d0-e8c9-493a-b6fa-51e4fcc88e4a-140376596985664", "trial_id": 16, "param_name": "degree", "param_value_internal": 0, "distribution": "{\"name\": \"CategoricalDistribution\", \"attributes\": {\"choices\": [3]}}"}
{"op_code": 8, "worker_id": "814557d0-e8c9-493a-b6fa-51e4fcc88e4a-140376596985664", "trial_id": 16, "user_attr": {"best_epoch": 1}}
{"op_code": 8, "worker_id": "814557d0-e8c9-493a-b6fa-51e4fcc88e4a-140376596985664", "trial_id": 16, "user_attr": {"test_loss": 0.45100195322431663}}
{"op_code": 6, "worker_id": "814557d0-e8c9-493a-b6fa-51e4fcc88e4a-140376596985664", "trial_id": 16, "state": 1, "values": [0.44626385397928736], "datetime_complete": "2024-08-31T14:59:45.813891"}
{"op_code": 4, "worker_id": "814557d0-e8c9-493a-b6fa-51e4fcc88e4a-140376596985664", "study_id": 0, "datetime_start": "2024-08-31T14:59:45.845545"}
{"op_code": 5, "worker_id": "814557d0-e8c9-493a-b6fa-51e4fcc88e4a-140376596985664", "trial_id": 17, "param_name": "lr", "param_value_internal": 3.562754193285478e-05, "distribution": "{\"name\": \"FloatDistribution\", \"attributes\": {\"step\": null, \"low\": 1e-05, \"high\": 0.001, \"log\": true}}"}
{"op_code": 5, "worker_id": "814557d0-e8c9-493a-b6fa-51e4fcc88e4a-140376596985664", "trial_id": 17, "param_name": "l2reg", "param_value_internal": 2.637164999379958e-05, "distribution": "{\"name\": \"FloatDistribution\", \"attributes\": {\"step\": null, \"low\": 1e-08, \"high\": 0.001, \"log\": true}}"}
{"op_code": 5, "worker_id": "814557d0-e8c9-493a-b6fa-51e4fcc88e4a-140376596985664", "trial_id": 17, "param_name": "random_seed", "param_value_internal": 0, "distribution": "{\"name\": \"CategoricalDistribution\", \"attributes\": {\"choices\": [42]}}"}
{"op_code": 5, "worker_id": "814557d0-e8c9-493a-b6fa-51e4fcc88e4a-140376596985664", "trial_id": 17, "param_name": "degree", "param_value_internal": 0, "distribution": "{\"name\": \"CategoricalDistribution\", \"attributes\": {\"choices\": [3]}}"}
{"op_code": 8, "worker_id": "814557d0-e8c9-493a-b6fa-51e4fcc88e4a-140376596985664", "trial_id": 17, "user_attr": {"best_epoch": 4}}
{"op_code": 8, "worker_id": "814557d0-e8c9-493a-b6fa-51e4fcc88e4a-140376596985664", "trial_id": 17, "user_attr": {"test_loss": 0.45177699739748245}}
{"op_code": 6, "worker_id": "814557d0-e8c9-493a-b6fa-51e4fcc88e4a-140376596985664", "trial_id": 17, "state": 1, "values": [0.4469400610201171], "datetime_complete": "2024-08-31T15:33:57.134761"}
{"op_code": 4, "worker_id": "814557d0-e8c9-493a-b6fa-51e4fcc88e4a-140376596985664", "study_id": 0, "datetime_start": "2024-08-31T15:33:57.143364"}
{"op_code": 5, "worker_id": "814557d0-e8c9-493a-b6fa-51e4fcc88e4a-140376596985664", "trial_id": 18, "param_name": "lr", "param_value_internal": 0.00023976227274240743, "distribution": "{\"name\": \"FloatDistribution\", \"attributes\": {\"step\": null, \"low\": 1e-05, \"high\": 0.001, \"log\": true}}"}
{"op_code": 5, "worker_id": "814557d0-e8c9-493a-b6fa-51e4fcc88e4a-140376596985664", "trial_id": 18, "param_name": "l2reg", "param_value_internal": 1.2392567383549065e-08, "distribution": "{\"name\": \"FloatDistribution\", \"attributes\": {\"step\": null, \"low\": 1e-08, \"high\": 0.001, \"log\": true}}"}
{"op_code": 5, "worker_id": "814557d0-e8c9-493a-b6fa-51e4fcc88e4a-140376596985664", "trial_id": 18, "param_name": "random_seed", "param_value_internal": 0, "distribution": "{\"name\": \"CategoricalDistribution\", \"attributes\": {\"choices\": [42]}}"}
{"op_code": 5, "worker_id": "814557d0-e8c9-493a-b6fa-51e4fcc88e4a-140376596985664", "trial_id": 18, "param_name": "degree", "param_value_internal": 0, "distribution": "{\"name\": \"CategoricalDistribution\", \"attributes\": {\"choices\": [3]}}"}
{"op_code": 8, "worker_id": "814557d0-e8c9-493a-b6fa-51e4fcc88e4a-140376596985664", "trial_id": 18, "user_attr": {"best_epoch": 0}}
{"op_code": 8, "worker_id": "814557d0-e8c9-493a-b6fa-51e4fcc88e4a-140376596985664", "trial_id": 18, "user_attr": {"test_loss": 0.4514569318695629}}
{"op_code": 6, "worker_id": "814557d0-e8c9-493a-b6fa-51e4fcc88e4a-140376596985664", "trial_id": 18, "state": 1, "values": [0.44673933293223345], "datetime_complete": "2024-08-31T15:52:26.409204"}
{"op_code": 4, "worker_id": "814557d0-e8c9-493a-b6fa-51e4fcc88e4a-140376596985664", "study_id": 0, "datetime_start": "2024-08-31T15:52:26.419988"}
{"op_code": 5, "worker_id": "814557d0-e8c9-493a-b6fa-51e4fcc88e4a-140376596985664", "trial_id": 19, "param_name": "lr", "param_value_internal": 0.0005923870959003156, "distribution": "{\"name\": \"FloatDistribution\", \"attributes\": {\"step\": null, \"low\": 1e-05, \"high\": 0.001, \"log\": true}}"}
{"op_code": 5, "worker_id": "814557d0-e8c9-493a-b6fa-51e4fcc88e4a-140376596985664", "trial_id": 19, "param_name": "l2reg", "param_value_internal": 4.7504867588386196e-07, "distribution": "{\"name\": \"FloatDistribution\", \"attributes\": {\"step\": null, \"low\": 1e-08, \"high\": 0.001, \"log\": true}}"}
{"op_code": 5, "worker_id": "814557d0-e8c9-493a-b6fa-51e4fcc88e4a-140376596985664", "trial_id": 19, "param_name": "random_seed", "param_value_internal": 0, "distribution": "{\"name\": \"CategoricalDistribution\", \"attributes\": {\"choices\": [42]}}"}
{"op_code": 5, "worker_id": "814557d0-e8c9-493a-b6fa-51e4fcc88e4a-140376596985664", "trial_id": 19, "param_name": "degree", "param_value_internal": 0, "distribution": "{\"name\": \"CategoricalDistribution\", \"attributes\": {\"choices\": [3]}}"}
{"op_code": 8, "worker_id": "814557d0-e8c9-493a-b6fa-51e4fcc88e4a-140376596985664", "trial_id": 19, "user_attr": {"best_epoch": 0}}
{"op_code": 8, "worker_id": "814557d0-e8c9-493a-b6fa-51e4fcc88e4a-140376596985664", "trial_id": 19, "user_attr": {"test_loss": 0.45160871867049424}}
{"op_code": 6, "worker_id": "814557d0-e8c9-493a-b6fa-51e4fcc88e4a-140376596985664", "trial_id": 19, "state": 1, "values": [0.44700633412026275], "datetime_complete": "2024-08-31T16:10:54.787637"}
{"op_code": 4, "worker_id": "814557d0-e8c9-493a-b6fa-51e4fcc88e4a-140376596985664", "study_id": 0, "datetime_start": "2024-08-31T16:10:54.796281"}
{"op_code": 5, "worker_id": "814557d0-e8c9-493a-b6fa-51e4fcc88e4a-140376596985664", "trial_id": 20, "param_name": "lr", "param_value_internal": 0.00010611780689371329, "distribution": "{\"name\": \"FloatDistribution\", \"attributes\": {\"step\": null, \"low\": 1e-05, \"high\": 0.001, \"log\": true}}"}
{"op_code": 5, "worker_id": "814557d0-e8c9-493a-b6fa-51e4fcc88e4a-140376596985664", "trial_id": 20, "param_name": "l2reg", "param_value_internal": 1.9312355292026686e-06, "distribution": "{\"name\": \"FloatDistribution\", \"attributes\": {\"step\": null, \"low\": 1e-08, \"high\": 0.001, \"log\": true}}"}
{"op_code": 5, "worker_id": "814557d0-e8c9-493a-b6fa-51e4fcc88e4a-140376596985664", "trial_id": 20, "param_name": "random_seed", "param_value_internal": 0, "distribution": "{\"name\": \"CategoricalDistribution\", \"attributes\": {\"choices\": [42]}}"}
{"op_code": 5, "worker_id": "814557d0-e8c9-493a-b6fa-51e4fcc88e4a-140376596985664", "trial_id": 20, "param_name": "degree", "param_value_internal": 0, "distribution": "{\"name\": \"CategoricalDistribution\", \"attributes\": {\"choices\": [3]}}"}
{"op_code": 8, "worker_id": "814557d0-e8c9-493a-b6fa-51e4fcc88e4a-140376596985664", "trial_id": 20, "user_attr": {"best_epoch": 1}}
{"op_code": 8, "worker_id": "814557d0-e8c9-493a-b6fa-51e4fcc88e4a-140376596985664", "trial_id": 20, "user_attr": {"test_loss": 0.45073384489862733}}
{"op_code": 6, "worker_id": "814557d0-e8c9-493a-b6fa-51e4fcc88e4a-140376596985664", "trial_id": 20, "state": 1, "values": [0.4459883014234973], "datetime_complete": "2024-08-31T16:33:19.494659"}
{"op_code": 4, "worker_id": "814557d0-e8c9-493a-b6fa-51e4fcc88e4a-140376596985664", "study_id": 0, "datetime_start": "2024-08-31T16:33:19.503073"}
{"op_code": 5, "worker_id": "814557d0-e8c9-493a-b6fa-51e4fcc88e4a-140376596985664", "trial_id": 21, "param_name": "lr", "param_value_internal": 0.00011143946789835289, "distribution": "{\"name\": \"FloatDistribution\", \"attributes\": {\"step\": null, \"low\": 1e-05, \"high\": 0.001, \"log\": true}}"}
{"op_code": 5, "worker_id": "814557d0-e8c9-493a-b6fa-51e4fcc88e4a-140376596985664", "trial_id": 21, "param_name": "l2reg", "param_value_internal": 1.921468901261832e-06, "distribution": "{\"name\": \"FloatDistribution\", \"attributes\": {\"step\": null, \"low\": 1e-08, \"high\": 0.001, \"log\": true}}"}
{"op_code": 5, "worker_id": "814557d0-e8c9-493a-b6fa-51e4fcc88e4a-140376596985664", "trial_id": 21, "param_name": "random_seed", "param_value_internal": 0, "distribution": "{\"name\": \"CategoricalDistribution\", \"attributes\": {\"choices\": [42]}}"}
{"op_code": 5, "worker_id": "814557d0-e8c9-493a-b6fa-51e4fcc88e4a-140376596985664", "trial_id": 21, "param_name": "degree", "param_value_internal": 0, "distribution": "{\"name\": \"CategoricalDistribution\", \"attributes\": {\"choices\": [3]}}"}
{"op_code": 8, "worker_id": "814557d0-e8c9-493a-b6fa-51e4fcc88e4a-140376596985664", "trial_id": 21, "user_attr": {"best_epoch": 1}}
{"op_code": 8, "worker_id": "814557d0-e8c9-493a-b6fa-51e4fcc88e4a-140376596985664", "trial_id": 21, "user_attr": {"test_loss": 0.4507582773816746}}
{"op_code": 6, "worker_id": "814557d0-e8c9-493a-b6fa-51e4fcc88e4a-140376596985664", "trial_id": 21, "state": 1, "values": [0.4460135737692902], "datetime_complete": "2024-08-31T16:55:43.426266"}
{"op_code": 4, "worker_id": "814557d0-e8c9-493a-b6fa-51e4fcc88e4a-140376596985664", "study_id": 0, "datetime_start": "2024-08-31T16:55:43.434895"}
{"op_code": 5, "worker_id": "814557d0-e8c9-493a-b6fa-51e4fcc88e4a-140376596985664", "trial_id": 22, "param_name": "lr", "param_value_internal": 6.843149515775774e-05, "distribution": "{\"name\": \"FloatDistribution\", \"attributes\": {\"step\": null, \"low\": 1e-05, \"high\": 0.001, \"log\": true}}"}
{"op_code": 5, "worker_id": "814557d0-e8c9-493a-b6fa-51e4fcc88e4a-140376596985664", "trial_id": 22, "param_name": "l2reg", "param_value_internal": 1.6661832743949415e-07, "distribution": "{\"name\": \"FloatDistribution\", \"attributes\": {\"step\": null, \"low\": 1e-08, \"high\": 0.001, \"log\": true}}"}
{"op_code": 5, "worker_id": "814557d0-e8c9-493a-b6fa-51e4fcc88e4a-140376596985664", "trial_id": 22, "param_name": "random_seed", "param_value_internal": 0, "distribution": "{\"name\": \"CategoricalDistribution\", \"attributes\": {\"choices\": [42]}}"}
{"op_code": 5, "worker_id": "814557d0-e8c9-493a-b6fa-51e4fcc88e4a-140376596985664", "trial_id": 22, "param_name": "degree", "param_value_internal": 0, "distribution": "{\"name\": \"CategoricalDistribution\", \"attributes\": {\"choices\": [3]}}"}
{"op_code": 8, "worker_id": "814557d0-e8c9-493a-b6fa-51e4fcc88e4a-140376596985664", "trial_id": 22, "user_attr": {"best_epoch": 2}}
{"op_code": 8, "worker_id": "814557d0-e8c9-493a-b6fa-51e4fcc88e4a-140376596985664", "trial_id": 22, "user_attr": {"test_loss": 0.45126162470820363}}
{"op_code": 6, "worker_id": "814557d0-e8c9-493a-b6fa-51e4fcc88e4a-140376596985664", "trial_id": 22, "state": 1, "values": [0.4464382026246591], "datetime_complete": "2024-08-31T17:22:02.451473"}
{"op_code": 4, "worker_id": "814557d0-e8c9-493a-b6fa-51e4fcc88e4a-140376596985664", "study_id": 0, "datetime_start": "2024-08-31T17:22:02.461071"}
{"op_code": 5, "worker_id": "814557d0-e8c9-493a-b6fa-51e4fcc88e4a-140376596985664", "trial_id": 23, "param_name": "lr", "param_value_internal": 0.00017533367777237616, "distribution": "{\"name\": \"FloatDistribution\", \"attributes\": {\"step\": null, \"low\": 1e-05, \"high\": 0.001, \"log\": true}}"}
{"op_code": 5, "worker_id": "814557d0-e8c9-493a-b6fa-51e4fcc88e4a-140376596985664", "trial_id": 23, "param_name": "l2reg", "param_value_internal": 1.6748375144726677e-05, "distribution": "{\"name\": \"FloatDistribution\", \"attributes\": {\"step\": null, \"low\": 1e-08, \"high\": 0.001, \"log\": true}}"}
{"op_code": 5, "worker_id": "814557d0-e8c9-493a-b6fa-51e4fcc88e4a-140376596985664", "trial_id": 23, "param_name": "random_seed", "param_value_internal": 0, "distribution": "{\"name\": \"CategoricalDistribution\", \"attributes\": {\"choices\": [42]}}"}
{"op_code": 5, "worker_id": "814557d0-e8c9-493a-b6fa-51e4fcc88e4a-140376596985664", "trial_id": 23, "param_name": "degree", "param_value_internal": 0, "distribution": "{\"name\": \"CategoricalDistribution\", \"attributes\": {\"choices\": [3]}}"}
{"op_code": 8, "worker_id": "814557d0-e8c9-493a-b6fa-51e4fcc88e4a-140376596985664", "trial_id": 23, "user_attr": {"best_epoch": 0}}
{"op_code": 8, "worker_id": "814557d0-e8c9-493a-b6fa-51e4fcc88e4a-140376596985664", "trial_id": 23, "user_attr": {"test_loss": 0.4518001700806226}}
{"op_code": 6, "worker_id": "814557d0-e8c9-493a-b6fa-51e4fcc88e4a-140376596985664", "trial_id": 23, "state": 1, "values": [0.4470775700677696], "datetime_complete": "2024-08-31T17:40:31.810739"}
{"op_code": 4, "worker_id": "814557d0-e8c9-493a-b6fa-51e4fcc88e4a-140376596985664", "study_id": 0, "datetime_start": "2024-08-31T17:40:31.821234"}
{"op_code": 5, "worker_id": "814557d0-e8c9-493a-b6fa-51e4fcc88e4a-140376596985664", "trial_id": 24, "param_name": "lr", "param_value_internal": 4.7333935545169595e-05, "distribution": "{\"name\": \"FloatDistribution\", \"attributes\": {\"step\": null, \"low\": 1e-05, \"high\": 0.001, \"log\": true}}"}
{"op_code": 5, "worker_id": "814557d0-e8c9-493a-b6fa-51e4fcc88e4a-140376596985664", "trial_id": 24, "param_name": "l2reg", "param_value_internal": 2.3426386805863572e-06, "distribution": "{\"name\": \"FloatDistribution\", \"attributes\": {\"step\": null, \"low\": 1e-08, \"high\": 0.001, \"log\": true}}"}
{"op_code": 5, "worker_id": "814557d0-e8c9-493a-b6fa-51e4fcc88e4a-140376596985664", "trial_id": 24, "param_name": "random_seed", "param_value_internal": 0, "distribution": "{\"name\": \"CategoricalDistribution\", \"attributes\": {\"choices\": [42]}}"}
{"op_code": 5, "worker_id": "814557d0-e8c9-493a-b6fa-51e4fcc88e4a-140376596985664", "trial_id": 24, "param_name": "degree", "param_value_internal": 0, "distribution": "{\"name\": \"CategoricalDistribution\", \"attributes\": {\"choices\": [3]}}"}
{"op_code": 8, "worker_id": "814557d0-e8c9-493a-b6fa-51e4fcc88e4a-140376596985664", "trial_id": 24, "user_attr": {"best_epoch": 3}}
{"op_code": 8, "worker_id": "814557d0-e8c9-493a-b6fa-51e4fcc88e4a-140376596985664", "trial_id": 24, "user_attr": {"test_loss": 0.45163952650458666}}
{"op_code": 6, "worker_id": "814557d0-e8c9-493a-b6fa-51e4fcc88e4a-140376596985664", "trial_id": 24, "state": 1, "values": [0.4467905647873], "datetime_complete": "2024-08-31T18:10:45.602100"}
{"op_code": 4, "worker_id": "814557d0-e8c9-493a-b6fa-51e4fcc88e4a-140376596985664", "study_id": 0, "datetime_start": "2024-08-31T18:10:45.610569"}
{"op_code": 5, "worker_id": "814557d0-e8c9-493a-b6fa-51e4fcc88e4a-140376596985664", "trial_id": 25, "param_name": "lr", "param_value_internal": 8.738899413333171e-05, "distribution": "{\"name\": \"FloatDistribution\", \"attributes\": {\"step\": null, \"low\": 1e-05, \"high\": 0.001, \"log\": true}}"}
{"op_code": 5, "worker_id": "814557d0-e8c9-493a-b6fa-51e4fcc88e4a-140376596985664", "trial_id": 25, "param_name": "l2reg", "param_value_internal": 3.450658482583949e-08, "distribution": "{\"name\": \"FloatDistribution\", \"attributes\": {\"step\": null, \"low\": 1e-08, \"high\": 0.001, \"log\": true}}"}
{"op_code": 5, "worker_id": "814557d0-e8c9-493a-b6fa-51e4fcc88e4a-140376596985664", "trial_id": 25, "param_name": "random_seed", "param_value_internal": 0, "distribution": "{\"name\": \"CategoricalDistribution\", \"attributes\": {\"choices\": [42]}}"}
{"op_code": 5, "worker_id": "814557d0-e8c9-493a-b6fa-51e4fcc88e4a-140376596985664", "trial_id": 25, "param_name": "degree", "param_value_internal": 0, "distribution": "{\"name\": \"CategoricalDistribution\", \"attributes\": {\"choices\": [3]}}"}
{"op_code": 8, "worker_id": "814557d0-e8c9-493a-b6fa-51e4fcc88e4a-140376596985664", "trial_id": 25, "user_attr": {"best_epoch": 1}}
{"op_code": 8, "worker_id": "814557d0-e8c9-493a-b6fa-51e4fcc88e4a-140376596985664", "trial_id": 25, "user_attr": {"test_loss": 0.45091254560666544}}
{"op_code": 6, "worker_id": "814557d0-e8c9-493a-b6fa-51e4fcc88e4a-140376596985664", "trial_id": 25, "state": 1, "values": [0.44617177407286374], "datetime_complete": "2024-08-31T18:33:09.935835"}
{"op_code": 4, "worker_id": "814557d0-e8c9-493a-b6fa-51e4fcc88e4a-140376596985664", "study_id": 0, "datetime_start": "2024-08-31T18:33:09.944409"}
{"op_code": 5, "worker_id": "814557d0-e8c9-493a-b6fa-51e4fcc88e4a-140376596985664", "trial_id": 26, "param_name": "lr", "param_value_internal": 0.00022146065969309603, "distribution": "{\"name\": \"FloatDistribution\", \"attributes\": {\"step\": null, \"low\": 1e-05, \"high\": 0.001, \"log\": true}}"}
{"op_code": 5, "worker_id": "814557d0-e8c9-493a-b6fa-51e4fcc88e4a-140376596985664", "trial_id": 26, "param_name": "l2reg", "param_value_internal": 5.034340113927904e-07, "distribution": "{\"name\": \"FloatDistribution\", \"attributes\": {\"step\": null, \"low\": 1e-08, \"high\": 0.001, \"log\": true}}"}
{"op_code": 5, "worker_id": "814557d0-e8c9-493a-b6fa-51e4fcc88e4a-140376596985664", "trial_id": 26, "param_name": "random_seed", "param_value_internal": 0, "distribution": "{\"name\": \"CategoricalDistribution\", \"attributes\": {\"choices\": [42]}}"}
{"op_code": 5, "worker_id": "814557d0-e8c9-493a-b6fa-51e4fcc88e4a-140376596985664", "trial_id": 26, "param_name": "degree", "param_value_internal": 0, "distribution": "{\"name\": \"CategoricalDistribution\", \"attributes\": {\"choices\": [3]}}"}
{"op_code": 8, "worker_id": "814557d0-e8c9-493a-b6fa-51e4fcc88e4a-140376596985664", "trial_id": 26, "user_attr": {"best_epoch": 0}}
{"op_code": 8, "worker_id": "814557d0-e8c9-493a-b6fa-51e4fcc88e4a-140376596985664", "trial_id": 26, "user_attr": {"test_loss": 0.4514978944544219}}
{"op_code": 6, "worker_id": "814557d0-e8c9-493a-b6fa-51e4fcc88e4a-140376596985664", "trial_id": 26, "state": 1, "values": [0.44677399651226357], "datetime_complete": "2024-08-31T18:51:39.620291"}
{"op_code": 4, "worker_id": "814557d0-e8c9-493a-b6fa-51e4fcc88e4a-140376596985664", "study_id": 0, "datetime_start": "2024-08-31T18:51:39.628818"}
{"op_code": 5, "worker_id": "814557d0-e8c9-493a-b6fa-51e4fcc88e4a-140376596985664", "trial_id": 27, "param_name": "lr", "param_value_internal": 0.00039708801632138134, "distribution": "{\"name\": \"FloatDistribution\", \"attributes\": {\"step\": null, \"low\": 1e-05, \"high\": 0.001, \"log\": true}}"}
{"op_code": 5, "worker_id": "814557d0-e8c9-493a-b6fa-51e4fcc88e4a-140376596985664", "trial_id": 27, "param_name": "l2reg", "param_value_internal": 7.484213686960315e-05, "distribution": "{\"name\": \"FloatDistribution\", \"attributes\": {\"step\": null, \"low\": 1e-08, \"high\": 0.001, \"log\": true}}"}
{"op_code": 5, "worker_id": "814557d0-e8c9-493a-b6fa-51e4fcc88e4a-140376596985664", "trial_id": 27, "param_name": "random_seed", "param_value_internal": 0, "distribution": "{\"name\": \"CategoricalDistribution\", \"attributes\": {\"choices\": [42]}}"}
{"op_code": 5, "worker_id": "814557d0-e8c9-493a-b6fa-51e4fcc88e4a-140376596985664", "trial_id": 27, "param_name": "degree", "param_value_internal": 0, "distribution": "{\"name\": \"CategoricalDistribution\", \"attributes\": {\"choices\": [3]}}"}
{"op_code": 8, "worker_id": "814557d0-e8c9-493a-b6fa-51e4fcc88e4a-140376596985664", "trial_id": 27, "user_attr": {"best_epoch": 0}}
{"op_code": 8, "worker_id": "814557d0-e8c9-493a-b6fa-51e4fcc88e4a-140376596985664", "trial_id": 27, "user_attr": {"test_loss": 0.45142742201113234}}
{"op_code": 6, "worker_id": "814557d0-e8c9-493a-b6fa-51e4fcc88e4a-140376596985664", "trial_id": 27, "state": 1, "values": [0.44679529858016753], "datetime_complete": "2024-08-31T19:10:11.361002"}
{"op_code": 4, "worker_id": "814557d0-e8c9-493a-b6fa-51e4fcc88e4a-140376596985664", "study_id": 0, "datetime_start": "2024-08-31T19:10:11.371307"}
{"op_code": 5, "worker_id": "814557d0-e8c9-493a-b6fa-51e4fcc88e4a-140376596985664", "trial_id": 28, "param_name": "lr", "param_value_internal": 0.00012362332330094207, "distribution": "{\"name\": \"FloatDistribution\", \"attributes\": {\"step\": null, \"low\": 1e-05, \"high\": 0.001, \"log\": true}}"}
{"op_code": 5, "worker_id": "814557d0-e8c9-493a-b6fa-51e4fcc88e4a-140376596985664", "trial_id": 28, "param_name": "l2reg", "param_value_internal": 2.40328362819632e-07, "distribution": "{\"name\": \"FloatDistribution\", \"attributes\": {\"step\": null, \"low\": 1e-08, \"high\": 0.001, \"log\": true}}"}
{"op_code": 5, "worker_id": "814557d0-e8c9-493a-b6fa-51e4fcc88e4a-140376596985664", "trial_id": 28, "param_name": "random_seed", "param_value_internal": 0, "distribution": "{\"name\": \"CategoricalDistribution\", \"attributes\": {\"choices\": [42]}}"}
{"op_code": 5, "worker_id": "814557d0-e8c9-493a-b6fa-51e4fcc88e4a-140376596985664", "trial_id": 28, "param_name": "degree", "param_value_internal": 0, "distribution": "{\"name\": \"CategoricalDistribution\", \"attributes\": {\"choices\": [3]}}"}
{"op_code": 8, "worker_id": "814557d0-e8c9-493a-b6fa-51e4fcc88e4a-140376596985664", "trial_id": 28, "user_attr": {"best_epoch": 1}}
{"op_code": 8, "worker_id": "814557d0-e8c9-493a-b6fa-51e4fcc88e4a-140376596985664", "trial_id": 28, "user_attr": {"test_loss": 0.45090533038901554}}
{"op_code": 6, "worker_id": "814557d0-e8c9-493a-b6fa-51e4fcc88e4a-140376596985664", "trial_id": 28, "state": 1, "values": [0.44616620041351973], "datetime_complete": "2024-08-31T19:32:34.693647"}
{"op_code": 4, "worker_id": "814557d0-e8c9-493a-b6fa-51e4fcc88e4a-140376596985664", "study_id": 0, "datetime_start": "2024-08-31T19:32:34.702442"}
{"op_code": 5, "worker_id": "814557d0-e8c9-493a-b6fa-51e4fcc88e4a-140376596985664", "trial_id": 29, "param_name": "lr", "param_value_internal": 5.771544406186038e-05, "distribution": "{\"name\": \"FloatDistribution\", \"attributes\": {\"step\": null, \"low\": 1e-05, \"high\": 0.001, \"log\": true}}"}
{"op_code": 5, "worker_id": "814557d0-e8c9-493a-b6fa-51e4fcc88e4a-140376596985664", "trial_id": 29, "param_name": "l2reg", "param_value_internal": 1.197523531539445e-06, "distribution": "{\"name\": \"FloatDistribution\", \"attributes\": {\"step\": null, \"low\": 1e-08, \"high\": 0.001, \"log\": true}}"}
{"op_code": 5, "worker_id": "814557d0-e8c9-493a-b6fa-51e4fcc88e4a-140376596985664", "trial_id": 29, "param_name": "random_seed", "param_value_internal": 0, "distribution": "{\"name\": \"CategoricalDistribution\", \"attributes\": {\"choices\": [42]}}"}
{"op_code": 5, "worker_id": "814557d0-e8c9-493a-b6fa-51e4fcc88e4a-140376596985664", "trial_id": 29, "param_name": "degree", "param_value_internal": 0, "distribution": "{\"name\": \"CategoricalDistribution\", \"attributes\": {\"choices\": [3]}}"}
{"op_code": 8, "worker_id": "814557d0-e8c9-493a-b6fa-51e4fcc88e4a-140376596985664", "trial_id": 29, "user_attr": {"best_epoch": 2}}
{"op_code": 8, "worker_id": "814557d0-e8c9-493a-b6fa-51e4fcc88e4a-140376596985664", "trial_id": 29, "user_attr": {"test_loss": 0.45136030903426183}}
{"op_code": 6, "worker_id": "814557d0-e8c9-493a-b6fa-51e4fcc88e4a-140376596985664", "trial_id": 29, "state": 1, "values": [0.4466047252414998], "datetime_complete": "2024-08-31T19:58:54.833744"}
{"op_code": 4, "worker_id": "814557d0-e8c9-493a-b6fa-51e4fcc88e4a-140376596985664", "study_id": 0, "datetime_start": "2024-08-31T19:58:54.842753"}
{"op_code": 5, "worker_id": "814557d0-e8c9-493a-b6fa-51e4fcc88e4a-140376596985664", "trial_id": 30, "param_name": "lr", "param_value_internal": 3.132889088281671e-05, "distribution": "{\"name\": \"FloatDistribution\", \"attributes\": {\"step\": null, \"low\": 1e-05, \"high\": 0.001, \"log\": true}}"}
{"op_code": 5, "worker_id": "814557d0-e8c9-493a-b6fa-51e4fcc88e4a-140376596985664", "trial_id": 30, "param_name": "l2reg", "param_value_internal": 4.525016339582631e-06, "distribution": "{\"name\": \"FloatDistribution\", \"attributes\": {\"step\": null, \"low\": 1e-08, \"high\": 0.001, \"log\": true}}"}
{"op_code": 5, "worker_id": "814557d0-e8c9-493a-b6fa-51e4fcc88e4a-140376596985664", "trial_id": 30, "param_name": "random_seed", "param_value_internal": 0, "distribution": "{\"name\": \"CategoricalDistribution\", \"attributes\": {\"choices\": [42]}}"}
{"op_code": 5, "worker_id": "814557d0-e8c9-493a-b6fa-51e4fcc88e4a-140376596985664", "trial_id": 30, "param_name": "degree", "param_value_internal": 0, "distribution": "{\"name\": \"CategoricalDistribution\", \"attributes\": {\"choices\": [3]}}"}
{"op_code": 8, "worker_id": "814557d0-e8c9-493a-b6fa-51e4fcc88e4a-140376596985664", "trial_id": 30, "user_attr": {"best_epoch": 5}}
{"op_code": 8, "worker_id": "814557d0-e8c9-493a-b6fa-51e4fcc88e4a-140376596985664", "trial_id": 30, "user_attr": {"test_loss": 0.451937870028047}}
{"op_code": 6, "worker_id": "814557d0-e8c9-493a-b6fa-51e4fcc88e4a-140376596985664", "trial_id": 30, "state": 1, "values": [0.447034202416983], "datetime_complete": "2024-08-31T20:36:59.704813"}
{"op_code": 4, "worker_id": "814557d0-e8c9-493a-b6fa-51e4fcc88e4a-140376596985664", "study_id": 0, "datetime_start": "2024-08-31T20:36:59.714915"}
{"op_code": 5, "worker_id": "814557d0-e8c9-493a-b6fa-51e4fcc88e4a-140376596985664", "trial_id": 31, "param_name": "lr", "param_value_internal": 0.00011299878364005009, "distribution": "{\"name\": \"FloatDistribution\", \"attributes\": {\"step\": null, \"low\": 1e-05, \"high\": 0.001, \"log\": true}}"}
{"op_code": 5, "worker_id": "814557d0-e8c9-493a-b6fa-51e4fcc88e4a-140376596985664", "trial_id": 31, "param_name": "l2reg", "param_value_internal": 2.276447098203505e-06, "distribution": "{\"name\": \"FloatDistribution\", \"attributes\": {\"step\": null, \"low\": 1e-08, \"high\": 0.001, \"log\": true}}"}
{"op_code": 5, "worker_id": "814557d0-e8c9-493a-b6fa-51e4fcc88e4a-140376596985664", "trial_id": 31, "param_name": "random_seed", "param_value_internal": 0, "distribution": "{\"name\": \"CategoricalDistribution\", \"attributes\": {\"choices\": [42]}}"}
{"op_code": 5, "worker_id": "814557d0-e8c9-493a-b6fa-51e4fcc88e4a-140376596985664", "trial_id": 31, "param_name": "degree", "param_value_internal": 0, "distribution": "{\"name\": \"CategoricalDistribution\", \"attributes\": {\"choices\": [3]}}"}
{"op_code": 8, "worker_id": "814557d0-e8c9-493a-b6fa-51e4fcc88e4a-140376596985664", "trial_id": 31, "user_attr": {"best_epoch": 1}}
{"op_code": 8, "worker_id": "814557d0-e8c9-493a-b6fa-51e4fcc88e4a-140376596985664", "trial_id": 31, "user_attr": {"test_loss": 0.45077114261102924}}
{"op_code": 6, "worker_id": "814557d0-e8c9-493a-b6fa-51e4fcc88e4a-140376596985664", "trial_id": 31, "state": 1, "values": [0.4460266680511738], "datetime_complete": "2024-08-31T20:59:23.671579"}
{"op_code": 4, "worker_id": "814557d0-e8c9-493a-b6fa-51e4fcc88e4a-140376596985664", "study_id": 0, "datetime_start": "2024-08-31T20:59:23.687525"}
{"op_code": 5, "worker_id": "814557d0-e8c9-493a-b6fa-51e4fcc88e4a-140376596985664", "trial_id": 32, "param_name": "lr", "param_value_internal": 0.00010116512557593047, "distribution": "{\"name\": \"FloatDistribution\", \"attributes\": {\"step\": null, \"low\": 1e-05, \"high\": 0.001, \"log\": true}}"}
{"op_code": 5, "worker_id": "814557d0-e8c9-493a-b6fa-51e4fcc88e4a-140376596985664", "trial_id": 32, "param_name": "l2reg", "param_value_internal": 8.99392692233404e-06, "distribution": "{\"name\": \"FloatDistribution\", \"attributes\": {\"step\": null, \"low\": 1e-08, \"high\": 0.001, \"log\": true}}"}
{"op_code": 5, "worker_id": "814557d0-e8c9-493a-b6fa-51e4fcc88e4a-140376596985664", "trial_id": 32, "param_name": "random_seed", "param_value_internal": 0, "distribution": "{\"name\": \"CategoricalDistribution\", \"attributes\": {\"choices\": [42]}}"}
{"op_code": 5, "worker_id": "814557d0-e8c9-493a-b6fa-51e4fcc88e4a-140376596985664", "trial_id": 32, "param_name": "degree", "param_value_internal": 0, "distribution": "{\"name\": \"CategoricalDistribution\", \"attributes\": {\"choices\": [3]}}"}
{"op_code": 8, "worker_id": "814557d0-e8c9-493a-b6fa-51e4fcc88e4a-140376596985664", "trial_id": 32, "user_attr": {"best_epoch": 1}}
{"op_code": 8, "worker_id": "814557d0-e8c9-493a-b6fa-51e4fcc88e4a-140376596985664", "trial_id": 32, "user_attr": {"test_loss": 0.4507360972681583}}
{"op_code": 6, "worker_id": "814557d0-e8c9-493a-b6fa-51e4fcc88e4a-140376596985664", "trial_id": 32, "state": 1, "values": [0.4459902102109439], "datetime_complete": "2024-08-31T21:21:47.565041"}
{"op_code": 4, "worker_id": "814557d0-e8c9-493a-b6fa-51e4fcc88e4a-140376596985664", "study_id": 0, "datetime_start": "2024-08-31T21:21:47.573601"}
{"op_code": 5, "worker_id": "814557d0-e8c9-493a-b6fa-51e4fcc88e4a-140376596985664", "trial_id": 33, "param_name": "lr", "param_value_internal": 6.315247203662277e-05, "distribution": "{\"name\": \"FloatDistribution\", \"attributes\": {\"step\": null, \"low\": 1e-05, \"high\": 0.001, \"log\": true}}"}
{"op_code": 5, "worker_id": "814557d0-e8c9-493a-b6fa-51e4fcc88e4a-140376596985664", "trial_id": 33, "param_name": "l2reg", "param_value_internal": 9.39883467429759e-06, "distribution": "{\"name\": \"FloatDistribution\", \"attributes\": {\"step\": null, \"low\": 1e-08, \"high\": 0.001, \"log\": true}}"}
{"op_code": 5, "worker_id": "814557d0-e8c9-493a-b6fa-51e4fcc88e4a-140376596985664", "trial_id": 33, "param_name": "random_seed", "param_value_internal": 0, "distribution": "{\"name\": \"CategoricalDistribution\", \"attributes\": {\"choices\": [42]}}"}
{"op_code": 5, "worker_id": "814557d0-e8c9-493a-b6fa-51e4fcc88e4a-140376596985664", "trial_id": 33, "param_name": "degree", "param_value_internal": 0, "distribution": "{\"name\": \"CategoricalDistribution\", \"attributes\": {\"choices\": [3]}}"}
{"op_code": 8, "worker_id": "814557d0-e8c9-493a-b6fa-51e4fcc88e4a-140376596985664", "trial_id": 33, "user_attr": {"best_epoch": 2}}
{"op_code": 8, "worker_id": "814557d0-e8c9-493a-b6fa-51e4fcc88e4a-140376596985664", "trial_id": 33, "user_attr": {"test_loss": 0.4512454381881848}}
{"op_code": 6, "worker_id": "814557d0-e8c9-493a-b6fa-51e4fcc88e4a-140376596985664", "trial_id": 33, "state": 1, "values": [0.44645408373621476], "datetime_complete": "2024-08-31T21:48:05.343347"}
{"op_code": 4, "worker_id": "814557d0-e8c9-493a-b6fa-51e4fcc88e4a-140376596985664", "study_id": 0, "datetime_start": "2024-08-31T21:48:05.351688"}
{"op_code": 5, "worker_id": "814557d0-e8c9-493a-b6fa-51e4fcc88e4a-140376596985664", "trial_id": 34, "param_name": "lr", "param_value_internal": 0.00018306378066323015, "distribution": "{\"name\": \"FloatDistribution\", \"attributes\": {\"step\": null, \"low\": 1e-05, \"high\": 0.001, \"log\": true}}"}
{"op_code": 5, "worker_id": "814557d0-e8c9-493a-b6fa-51e4fcc88e4a-140376596985664", "trial_id": 34, "param_name": "l2reg", "param_value_internal": 8.899014976907556e-05, "distribution": "{\"name\": \"FloatDistribution\", \"attributes\": {\"step\": null, \"low\": 1e-08, \"high\": 0.001, \"log\": true}}"}
{"op_code": 5, "worker_id": "814557d0-e8c9-493a-b6fa-51e4fcc88e4a-140376596985664", "trial_id": 34, "param_name": "random_seed", "param_value_internal": 0, "distribution": "{\"name\": \"CategoricalDistribution\", \"attributes\": {\"choices\": [42]}}"}
{"op_code": 5, "worker_id": "814557d0-e8c9-493a-b6fa-51e4fcc88e4a-140376596985664", "trial_id": 34, "param_name": "degree", "param_value_internal": 0, "distribution": "{\"name\": \"CategoricalDistribution\", \"attributes\": {\"choices\": [3]}}"}
{"op_code": 8, "worker_id": "814557d0-e8c9-493a-b6fa-51e4fcc88e4a-140376596985664", "trial_id": 34, "user_attr": {"best_epoch": 0}}
{"op_code": 8, "worker_id": "814557d0-e8c9-493a-b6fa-51e4fcc88e4a-140376596985664", "trial_id": 34, "user_attr": {"test_loss": 0.4517205736319451}}
{"op_code": 6, "worker_id": "814557d0-e8c9-493a-b6fa-51e4fcc88e4a-140376596985664", "trial_id": 34, "state": 1, "values": [0.4469964466012894], "datetime_complete": "2024-08-31T22:06:34.789583"}
{"op_code": 4, "worker_id": "814557d0-e8c9-493a-b6fa-51e4fcc88e4a-140376596985664", "study_id": 0, "datetime_start": "2024-08-31T22:06:34.800400"}
{"op_code": 5, "worker_id": "814557d0-e8c9-493a-b6fa-51e4fcc88e4a-140376596985664", "trial_id": 35, "param_name": "lr", "param_value_internal": 9.836664451124487e-05, "distribution": "{\"name\": \"FloatDistribution\", \"attributes\": {\"step\": null, \"low\": 1e-05, \"high\": 0.001, \"log\": true}}"}
{"op_code": 5, "worker_id": "814557d0-e8c9-493a-b6fa-51e4fcc88e4a-140376596985664", "trial_id": 35, "param_name": "l2reg", "param_value_internal": 1.3556828945257814e-05, "distribution": "{\"name\": \"FloatDistribution\", \"attributes\": {\"step\": null, \"low\": 1e-08, \"high\": 0.001, \"log\": true}}"}
{"op_code": 5, "worker_id": "814557d0-e8c9-493a-b6fa-51e4fcc88e4a-140376596985664", "trial_id": 35, "param_name": "random_seed", "param_value_internal": 0, "distribution": "{\"name\": \"CategoricalDistribution\", \"attributes\": {\"choices\": [42]}}"}
{"op_code": 5, "worker_id": "814557d0-e8c9-493a-b6fa-51e4fcc88e4a-140376596985664", "trial_id": 35, "param_name": "degree", "param_value_internal": 0, "distribution": "{\"name\": \"CategoricalDistribution\", \"attributes\": {\"choices\": [3]}}"}
{"op_code": 8, "worker_id": "814557d0-e8c9-493a-b6fa-51e4fcc88e4a-140376596985664", "trial_id": 35, "user_attr": {"best_epoch": 1}}
{"op_code": 8, "worker_id": "814557d0-e8c9-493a-b6fa-51e4fcc88e4a-140376596985664", "trial_id": 35, "user_attr": {"test_loss": 0.4507502986489295}}
{"op_code": 6, "worker_id": "814557d0-e8c9-493a-b6fa-51e4fcc88e4a-140376596985664", "trial_id": 35, "state": 1, "values": [0.4460046024682912], "datetime_complete": "2024-08-31T22:28:58.607930"}
{"op_code": 4, "worker_id": "814557d0-e8c9-493a-b6fa-51e4fcc88e4a-140376596985664", "study_id": 0, "datetime_start": "2024-08-31T22:28:58.616431"}
{"op_code": 5, "worker_id": "814557d0-e8c9-493a-b6fa-51e4fcc88e4a-140376596985664", "trial_id": 36, "param_name": "lr", "param_value_internal": 0.0003327528914795915, "distribution": "{\"name\": \"FloatDistribution\", \"attributes\": {\"step\": null, \"low\": 1e-05, \"high\": 0.001, \"log\": true}}"}
{"op_code": 5, "worker_id": "814557d0-e8c9-493a-b6fa-51e4fcc88e4a-140376596985664", "trial_id": 36, "param_name": "l2reg", "param_value_internal": 1.6285844385179674e-05, "distribution": "{\"name\": \"FloatDistribution\", \"attributes\": {\"step\": null, \"low\": 1e-08, \"high\": 0.001, \"log\": true}}"}
{"op_code": 5, "worker_id": "814557d0-e8c9-493a-b6fa-51e4fcc88e4a-140376596985664", "trial_id": 36, "param_name": "random_seed", "param_value_internal": 0, "distribution": "{\"name\": \"CategoricalDistribution\", \"attributes\": {\"choices\": [42]}}"}
{"op_code": 5, "worker_id": "814557d0-e8c9-493a-b6fa-51e4fcc88e4a-140376596985664", "trial_id": 36, "param_name": "degree", "param_value_internal": 0, "distribution": "{\"name\": \"CategoricalDistribution\", \"attributes\": {\"choices\": [3]}}"}
{"op_code": 8, "worker_id": "814557d0-e8c9-493a-b6fa-51e4fcc88e4a-140376596985664", "trial_id": 36, "user_attr": {"best_epoch": 0}}
{"op_code": 8, "worker_id": "814557d0-e8c9-493a-b6fa-51e4fcc88e4a-140376596985664", "trial_id": 36, "user_attr": {"test_loss": 0.4514304378957585}}
{"op_code": 6, "worker_id": "814557d0-e8c9-493a-b6fa-51e4fcc88e4a-140376596985664", "trial_id": 36, "state": 1, "values": [0.4467672775804516], "datetime_complete": "2024-08-31T22:47:26.607457"}
{"op_code": 4, "worker_id": "814557d0-e8c9-493a-b6fa-51e4fcc88e4a-140376596985664", "study_id": 0, "datetime_start": "2024-08-31T22:47:26.617309"}
{"op_code": 5, "worker_id": "814557d0-e8c9-493a-b6fa-51e4fcc88e4a-140376596985664", "trial_id": 37, "param_name": "lr", "param_value_internal": 5.183229472962533e-05, "distribution": "{\"name\": \"FloatDistribution\", \"attributes\": {\"step\": null, \"low\": 1e-05, \"high\": 0.001, \"log\": true}}"}
{"op_code": 5, "worker_id": "814557d0-e8c9-493a-b6fa-51e4fcc88e4a-140376596985664", "trial_id": 37, "param_name": "l2reg", "param_value_internal": 0.0001377007473362727, "distribution": "{\"name\": \"FloatDistribution\", \"attributes\": {\"step\": null, \"low\": 1e-08, \"high\": 0.001, \"log\": true}}"}
{"op_code": 5, "worker_id": "814557d0-e8c9-493a-b6fa-51e4fcc88e4a-140376596985664", "trial_id": 37, "param_name": "random_seed", "param_value_internal": 0, "distribution": "{\"name\": \"CategoricalDistribution\", \"attributes\": {\"choices\": [42]}}"}
{"op_code": 5, "worker_id": "814557d0-e8c9-493a-b6fa-51e4fcc88e4a-140376596985664", "trial_id": 37, "param_name": "degree", "param_value_internal": 0, "distribution": "{\"name\": \"CategoricalDistribution\", \"attributes\": {\"choices\": [3]}}"}
{"op_code": 8, "worker_id": "814557d0-e8c9-493a-b6fa-51e4fcc88e4a-140376596985664", "trial_id": 37, "user_attr": {"best_epoch": 3}}
{"op_code": 8, "worker_id": "814557d0-e8c9-493a-b6fa-51e4fcc88e4a-140376596985664", "trial_id": 37, "user_attr": {"test_loss": 0.45180181163807737}}
{"op_code": 6, "worker_id": "814557d0-e8c9-493a-b6fa-51e4fcc88e4a-140376596985664", "trial_id": 37, "state": 1, "values": [0.44693784682667903], "datetime_complete": "2024-08-31T23:17:40.036781"}
{"op_code": 4, "worker_id": "814557d0-e8c9-493a-b6fa-51e4fcc88e4a-140376596985664", "study_id": 0, "datetime_start": "2024-08-31T23:17:40.045087"}
{"op_code": 5, "worker_id": "814557d0-e8c9-493a-b6fa-51e4fcc88e4a-140376596985664", "trial_id": 38, "param_name": "lr", "param_value_internal": 0.00014471776889310364, "distribution": "{\"name\": \"FloatDistribution\", \"attributes\": {\"step\": null, \"low\": 1e-05, \"high\": 0.001, \"log\": true}}"}
{"op_code": 5, "worker_id": "814557d0-e8c9-493a-b6fa-51e4fcc88e4a-140376596985664", "trial_id": 38, "param_name": "l2reg", "param_value_internal": 5.2646040632100824e-05, "distribution": "{\"name\": \"FloatDistribution\", \"attributes\": {\"step\": null, \"low\": 1e-08, \"high\": 0.001, \"log\": true}}"}
{"op_code": 5, "worker_id": "814557d0-e8c9-493a-b6fa-51e4fcc88e4a-140376596985664", "trial_id": 38, "param_name": "random_seed", "param_value_internal": 0, "distribution": "{\"name\": \"CategoricalDistribution\", \"attributes\": {\"choices\": [42]}}"}
{"op_code": 5, "worker_id": "814557d0-e8c9-493a-b6fa-51e4fcc88e4a-140376596985664", "trial_id": 38, "param_name": "degree", "param_value_internal": 0, "distribution": "{\"name\": \"CategoricalDistribution\", \"attributes\": {\"choices\": [3]}}"}
{"op_code": 8, "worker_id": "814557d0-e8c9-493a-b6fa-51e4fcc88e4a-140376596985664", "trial_id": 38, "user_attr": {"best_epoch": 1}}
{"op_code": 8, "worker_id": "814557d0-e8c9-493a-b6fa-51e4fcc88e4a-140376596985664", "trial_id": 38, "user_attr": {"test_loss": 0.4513748539968259}}
{"op_code": 6, "worker_id": "814557d0-e8c9-493a-b6fa-51e4fcc88e4a-140376596985664", "trial_id": 38, "state": 1, "values": [0.4466433590994188], "datetime_complete": "2024-08-31T23:40:02.710964"}
{"op_code": 4, "worker_id": "814557d0-e8c9-493a-b6fa-51e4fcc88e4a-140376596985664", "study_id": 0, "datetime_start": "2024-08-31T23:40:02.719684"}
{"op_code": 5, "worker_id": "814557d0-e8c9-493a-b6fa-51e4fcc88e4a-140376596985664", "trial_id": 39, "param_name": "lr", "param_value_internal": 8.815448514174288e-05, "distribution": "{\"name\": \"FloatDistribution\", \"attributes\": {\"step\": null, \"low\": 1e-05, \"high\": 0.001, \"log\": true}}"}
{"op_code": 5, "worker_id": "814557d0-e8c9-493a-b6fa-51e4fcc88e4a-140376596985664", "trial_id": 39, "param_name": "l2reg", "param_value_internal": 0.0002618060369928394, "distribution": "{\"name\": \"FloatDistribution\", \"attributes\": {\"step\": null, \"low\": 1e-08, \"high\": 0.001, \"log\": true}}"}
{"op_code": 5, "worker_id": "814557d0-e8c9-493a-b6fa-51e4fcc88e4a-140376596985664", "trial_id": 39, "param_name": "random_seed", "param_value_internal": 0, "distribution": "{\"name\": \"CategoricalDistribution\", \"attributes\": {\"choices\": [42]}}"}
{"op_code": 5, "worker_id": "814557d0-e8c9-493a-b6fa-51e4fcc88e4a-140376596985664", "trial_id": 39, "param_name": "degree", "param_value_internal": 0, "distribution": "{\"name\": \"CategoricalDistribution\", \"attributes\": {\"choices\": [3]}}"}
{"op_code": 8, "worker_id": "814557d0-e8c9-493a-b6fa-51e4fcc88e4a-140376596985664", "trial_id": 39, "user_attr": {"best_epoch": 1}}
{"op_code": 8, "worker_id": "814557d0-e8c9-493a-b6fa-51e4fcc88e4a-140376596985664", "trial_id": 39, "user_attr": {"test_loss": 0.45089464117768235}}
{"op_code": 6, "worker_id": "814557d0-e8c9-493a-b6fa-51e4fcc88e4a-140376596985664", "trial_id": 39, "state": 1, "values": [0.4461536024163722], "datetime_complete": "2024-09-01T00:02:26.381110"}
{"op_code": 4, "worker_id": "814557d0-e8c9-493a-b6fa-51e4fcc88e4a-140376596985664", "study_id": 0, "datetime_start": "2024-09-01T00:02:26.394585"}
{"op_code": 5, "worker_id": "814557d0-e8c9-493a-b6fa-51e4fcc88e4a-140376596985664", "trial_id": 40, "param_name": "lr", "param_value_internal": 0.00020180234906213196, "distribution": "{\"name\": \"FloatDistribution\", \"attributes\": {\"step\": null, \"low\": 1e-05, \"high\": 0.001, \"log\": true}}"}
{"op_code": 5, "worker_id": "814557d0-e8c9-493a-b6fa-51e4fcc88e4a-140376596985664", "trial_id": 40, "param_name": "l2reg", "param_value_internal": 8.862065184935179e-06, "distribution": "{\"name\": \"FloatDistribution\", \"attributes\": {\"step\": null, \"low\": 1e-08, \"high\": 0.001, \"log\": true}}"}
{"op_code": 5, "worker_id": "814557d0-e8c9-493a-b6fa-51e4fcc88e4a-140376596985664", "trial_id": 40, "param_name": "random_seed", "param_value_internal": 0, "distribution": "{\"name\": \"CategoricalDistribution\", \"attributes\": {\"choices\": [42]}}"}
{"op_code": 5, "worker_id": "814557d0-e8c9-493a-b6fa-51e4fcc88e4a-140376596985664", "trial_id": 40, "param_name": "degree", "param_value_internal": 0, "distribution": "{\"name\": \"CategoricalDistribution\", \"attributes\": {\"choices\": [3]}}"}
{"op_code": 8, "worker_id": "814557d0-e8c9-493a-b6fa-51e4fcc88e4a-140376596985664", "trial_id": 40, "user_attr": {"best_epoch": 0}}
{"op_code": 8, "worker_id": "814557d0-e8c9-493a-b6fa-51e4fcc88e4a-140376596985664", "trial_id": 40, "user_attr": {"test_loss": 0.4515821101694255}}
{"op_code": 6, "worker_id": "814557d0-e8c9-493a-b6fa-51e4fcc88e4a-140376596985664", "trial_id": 40, "state": 1, "values": [0.44685664700870104], "datetime_complete": "2024-09-01T00:20:55.476048"}
{"op_code": 4, "worker_id": "814557d0-e8c9-493a-b6fa-51e4fcc88e4a-140376596985664", "study_id": 0, "datetime_start": "2024-09-01T00:20:55.484959"}
{"op_code": 5, "worker_id": "814557d0-e8c9-493a-b6fa-51e4fcc88e4a-140376596985664", "trial_id": 41, "param_name": "lr", "param_value_internal": 9.71931812723905e-05, "distribution": "{\"name\": \"FloatDistribution\", \"attributes\": {\"step\": null, \"low\": 1e-05, \"high\": 0.001, \"log\": true}}"}
{"op_code": 5, "worker_id": "814557d0-e8c9-493a-b6fa-51e4fcc88e4a-140376596985664", "trial_id": 41, "param_name": "l2reg", "param_value_internal": 3.5656171582860473e-06, "distribution": "{\"name\": \"FloatDistribution\", \"attributes\": {\"step\": null, \"low\": 1e-08, \"high\": 0.001, \"log\": true}}"}
{"op_code": 5, "worker_id": "814557d0-e8c9-493a-b6fa-51e4fcc88e4a-140376596985664", "trial_id": 41, "param_name": "random_seed", "param_value_internal": 0, "distribution": "{\"name\": \"CategoricalDistribution\", \"attributes\": {\"choices\": [42]}}"}
{"op_code": 5, "worker_id": "814557d0-e8c9-493a-b6fa-51e4fcc88e4a-140376596985664", "trial_id": 41, "param_name": "degree", "param_value_internal": 0, "distribution": "{\"name\": \"CategoricalDistribution\", \"attributes\": {\"choices\": [3]}}"}
{"op_code": 8, "worker_id": "814557d0-e8c9-493a-b6fa-51e4fcc88e4a-140376596985664", "trial_id": 41, "user_attr": {"best_epoch": 1}}
{"op_code": 8, "worker_id": "814557d0-e8c9-493a-b6fa-51e4fcc88e4a-140376596985664", "trial_id": 41, "user_attr": {"test_loss": 0.45075930812705317}}
{"op_code": 6, "worker_id": "814557d0-e8c9-493a-b6fa-51e4fcc88e4a-140376596985664", "trial_id": 41, "state": 1, "values": [0.44601422275702207], "datetime_complete": "2024-09-01T00:43:19.398628"}
{"op_code": 4, "worker_id": "814557d0-e8c9-493a-b6fa-51e4fcc88e4a-140376596985664", "study_id": 0, "datetime_start": "2024-09-01T00:43:19.407214"}
{"op_code": 5, "worker_id": "814557d0-e8c9-493a-b6fa-51e4fcc88e4a-140376596985664", "trial_id": 42, "param_name": "lr", "param_value_internal": 0.00013376088628606217, "distribution": "{\"name\": \"FloatDistribution\", \"attributes\": {\"step\": null, \"low\": 1e-05, \"high\": 0.001, \"log\": true}}"}
{"op_code": 5, "worker_id": "814557d0-e8c9-493a-b6fa-51e4fcc88e4a-140376596985664", "trial_id": 42, "param_name": "l2reg", "param_value_internal": 1.1462706860753755e-06, "distribution": "{\"name\": \"FloatDistribution\", \"attributes\": {\"step\": null, \"low\": 1e-08, \"high\": 0.001, \"log\": true}}"}
{"op_code": 5, "worker_id": "814557d0-e8c9-493a-b6fa-51e4fcc88e4a-140376596985664", "trial_id": 42, "param_name": "random_seed", "param_value_internal": 0, "distribution": "{\"name\": \"CategoricalDistribution\", \"attributes\": {\"choices\": [42]}}"}
{"op_code": 5, "worker_id": "814557d0-e8c9-493a-b6fa-51e4fcc88e4a-140376596985664", "trial_id": 42, "param_name": "degree", "param_value_internal": 0, "distribution": "{\"name\": \"CategoricalDistribution\", \"attributes\": {\"choices\": [3]}}"}
{"op_code": 8, "worker_id": "814557d0-e8c9-493a-b6fa-51e4fcc88e4a-140376596985664", "trial_id": 42, "user_attr": {"best_epoch": 1}}
{"op_code": 8, "worker_id": "814557d0-e8c9-493a-b6fa-51e4fcc88e4a-140376596985664", "trial_id": 42, "user_attr": {"test_loss": 0.4511029280956605}}
{"op_code": 6, "worker_id": "814557d0-e8c9-493a-b6fa-51e4fcc88e4a-140376596985664", "trial_id": 42, "state": 1, "values": [0.4463683410041138], "datetime_complete": "2024-09-01T01:05:43.348707"}
{"op_code": 4, "worker_id": "814557d0-e8c9-493a-b6fa-51e4fcc88e4a-140376596985664", "study_id": 0, "datetime_start": "2024-09-01T01:05:43.357034"}
{"op_code": 5, "worker_id": "814557d0-e8c9-493a-b6fa-51e4fcc88e4a-140376596985664", "trial_id": 43, "param_name": "lr", "param_value_internal": 7.898191362004491e-05, "distribution": "{\"name\": \"FloatDistribution\", \"attributes\": {\"step\": null, \"low\": 1e-05, \"high\": 0.001, \"log\": true}}"}
{"op_code": 5, "worker_id": "814557d0-e8c9-493a-b6fa-51e4fcc88e4a-140376596985664", "trial_id": 43, "param_name": "l2reg", "param_value_internal": 4.4640012498767197e-07, "distribution": "{\"name\": \"FloatDistribution\", \"attributes\": {\"step\": null, \"low\": 1e-08, \"high\": 0.001, \"log\": true}}"}
{"op_code": 5, "worker_id": "814557d0-e8c9-493a-b6fa-51e4fcc88e4a-140376596985664", "trial_id": 43, "param_name": "random_seed", "param_value_internal": 0, "distribution": "{\"name\": \"CategoricalDistribution\", \"attributes\": {\"choices\": [42]}}"}
{"op_code": 5, "worker_id": "814557d0-e8c9-493a-b6fa-51e4fcc88e4a-140376596985664", "trial_id": 43, "param_name": "degree", "param_value_internal": 0, "distribution": "{\"name\": \"CategoricalDistribution\", \"attributes\": {\"choices\": [3]}}"}
{"op_code": 8, "worker_id": "814557d0-e8c9-493a-b6fa-51e4fcc88e4a-140376596985664", "trial_id": 43, "user_attr": {"best_epoch": 1}}
{"op_code": 8, "worker_id": "814557d0-e8c9-493a-b6fa-51e4fcc88e4a-140376596985664", "trial_id": 43, "user_attr": {"test_loss": 0.451184280629057}}
{"op_code": 6, "worker_id": "814557d0-e8c9-493a-b6fa-51e4fcc88e4a-140376596985664", "trial_id": 43, "state": 1, "values": [0.4464495026463429], "datetime_complete": "2024-09-01T01:28:07.552493"}
{"op_code": 4, "worker_id": "814557d0-e8c9-493a-b6fa-51e4fcc88e4a-140376596985664", "study_id": 0, "datetime_start": "2024-09-01T01:28:07.561068"}
{"op_code": 5, "worker_id": "814557d0-e8c9-493a-b6fa-51e4fcc88e4a-140376596985664", "trial_id": 44, "param_name": "lr", "param_value_internal": 0.00010409151017808385, "distribution": "{\"name\": \"FloatDistribution\", \"attributes\": {\"step\": null, \"low\": 1e-05, \"high\": 0.001, \"log\": true}}"}
{"op_code": 5, "worker_id": "814557d0-e8c9-493a-b6fa-51e4fcc88e4a-140376596985664", "trial_id": 44, "param_name": "l2reg", "param_value_internal": 1.7160618657789763e-05, "distribution": "{\"name\": \"FloatDistribution\", \"attributes\": {\"step\": null, \"low\": 1e-08, \"high\": 0.001, \"log\": true}}"}
{"op_code": 5, "worker_id": "814557d0-e8c9-493a-b6fa-51e4fcc88e4a-140376596985664", "trial_id": 44, "param_name": "random_seed", "param_value_internal": 0, "distribution": "{\"name\": \"CategoricalDistribution\", \"attributes\": {\"choices\": [42]}}"}
{"op_code": 5, "worker_id": "814557d0-e8c9-493a-b6fa-51e4fcc88e4a-140376596985664", "trial_id": 44, "param_name": "degree", "param_value_internal": 0, "distribution": "{\"name\": \"CategoricalDistribution\", \"attributes\": {\"choices\": [3]}}"}
{"op_code": 8, "worker_id": "814557d0-e8c9-493a-b6fa-51e4fcc88e4a-140376596985664", "trial_id": 44, "user_attr": {"best_epoch": 1}}
{"op_code": 8, "worker_id": "814557d0-e8c9-493a-b6fa-51e4fcc88e4a-140376596985664", "trial_id": 44, "user_attr": {"test_loss": 0.4507314398260774}}
{"op_code": 6, "worker_id": "814557d0-e8c9-493a-b6fa-51e4fcc88e4a-140376596985664", "trial_id": 44, "state": 1, "values": [0.4459853618908296], "datetime_complete": "2024-09-01T01:50:31.646701"}
{"op_code": 4, "worker_id": "814557d0-e8c9-493a-b6fa-51e4fcc88e4a-140376596985664", "study_id": 0, "datetime_start": "2024-09-01T01:50:31.655200"}
{"op_code": 5, "worker_id": "814557d0-e8c9-493a-b6fa-51e4fcc88e4a-140376596985664", "trial_id": 45, "param_name": "lr", "param_value_internal": 4.481247260082179e-05, "distribution": "{\"name\": \"FloatDistribution\", \"attributes\": {\"step\": null, \"low\": 1e-05, \"high\": 0.001, \"log\": true}}"}
{"op_code": 5, "worker_id": "814557d0-e8c9-493a-b6fa-51e4fcc88e4a-140376596985664", "trial_id": 45, "param_name": "l2reg", "param_value_internal": 2.191533144219401e-05, "distribution": "{\"name\": \"FloatDistribution\", \"attributes\": {\"step\": null, \"low\": 1e-08, \"high\": 0.001, \"log\": true}}"}
{"op_code": 5, "worker_id": "814557d0-e8c9-493a-b6fa-51e4fcc88e4a-140376596985664", "trial_id": 45, "param_name": "random_seed", "param_value_internal": 0, "distribution": "{\"name\": \"CategoricalDistribution\", \"attributes\": {\"choices\": [42]}}"}
{"op_code": 5, "worker_id": "814557d0-e8c9-493a-b6fa-51e4fcc88e4a-140376596985664", "trial_id": 45, "param_name": "degree", "param_value_internal": 0, "distribution": "{\"name\": \"CategoricalDistribution\", \"attributes\": {\"choices\": [3]}}"}
{"op_code": 8, "worker_id": "814557d0-e8c9-493a-b6fa-51e4fcc88e4a-140376596985664", "trial_id": 45, "user_attr": {"best_epoch": 3}}
{"op_code": 8, "worker_id": "814557d0-e8c9-493a-b6fa-51e4fcc88e4a-140376596985664", "trial_id": 45, "user_attr": {"test_loss": 0.451628111953913}}
{"op_code": 6, "worker_id": "814557d0-e8c9-493a-b6fa-51e4fcc88e4a-140376596985664", "trial_id": 45, "state": 1, "values": [0.446787205321394], "datetime_complete": "2024-09-01T02:20:44.623762"}
{"op_code": 4, "worker_id": "814557d0-e8c9-493a-b6fa-51e4fcc88e4a-140376596985664", "study_id": 0, "datetime_start": "2024-09-01T02:20:44.634804"}
{"op_code": 5, "worker_id": "814557d0-e8c9-493a-b6fa-51e4fcc88e4a-140376596985664", "trial_id": 46, "param_name": "lr", "param_value_internal": 2.565570347466517e-05, "distribution": "{\"name\": \"FloatDistribution\", \"attributes\": {\"step\": null, \"low\": 1e-05, \"high\": 0.001, \"log\": true}}"}
{"op_code": 5, "worker_id": "814557d0-e8c9-493a-b6fa-51e4fcc88e4a-140376596985664", "trial_id": 46, "param_name": "l2reg", "param_value_internal": 3.7500704839965666e-05, "distribution": "{\"name\": \"FloatDistribution\", \"attributes\": {\"step\": null, \"low\": 1e-08, \"high\": 0.001, \"log\": true}}"}
{"op_code": 5, "worker_id": "814557d0-e8c9-493a-b6fa-51e4fcc88e4a-140376596985664", "trial_id": 46, "param_name": "random_seed", "param_value_internal": 0, "distribution": "{\"name\": \"CategoricalDistribution\", \"attributes\": {\"choices\": [42]}}"}
{"op_code": 5, "worker_id": "814557d0-e8c9-493a-b6fa-51e4fcc88e4a-140376596985664", "trial_id": 46, "param_name": "degree", "param_value_internal": 0, "distribution": "{\"name\": \"CategoricalDistribution\", \"attributes\": {\"choices\": [3]}}"}
{"op_code": 8, "worker_id": "814557d0-e8c9-493a-b6fa-51e4fcc88e4a-140376596985664", "trial_id": 46, "user_attr": {"best_epoch": 6}}
{"op_code": 8, "worker_id": "814557d0-e8c9-493a-b6fa-51e4fcc88e4a-140376596985664", "trial_id": 46, "user_attr": {"test_loss": 0.4521324518500658}}
{"op_code": 6, "worker_id": "814557d0-e8c9-493a-b6fa-51e4fcc88e4a-140376596985664", "trial_id": 46, "state": 1, "values": [0.447054931848653], "datetime_complete": "2024-09-01T03:02:38.365376"}
{"op_code": 4, "worker_id": "814557d0-e8c9-493a-b6fa-51e4fcc88e4a-140376596985664", "study_id": 0, "datetime_start": "2024-09-01T03:02:38.374764"}
{"op_code": 5, "worker_id": "814557d0-e8c9-493a-b6fa-51e4fcc88e4a-140376596985664", "trial_id": 47, "param_name": "lr", "param_value_internal": 0.0001617929180589591, "distribution": "{\"name\": \"FloatDistribution\", \"attributes\": {\"step\": null, \"low\": 1e-05, \"high\": 0.001, \"log\": true}}"}
{"op_code": 5, "worker_id": "814557d0-e8c9-493a-b6fa-51e4fcc88e4a-140376596985664", "trial_id": 47, "param_name": "l2reg", "param_value_internal": 1.2380858135487718e-05, "distribution": "{\"name\": \"FloatDistribution\", \"attributes\": {\"step\": null, \"low\": 1e-08, \"high\": 0.001, \"log\": true}}"}
{"op_code": 5, "worker_id": "814557d0-e8c9-493a-b6fa-51e4fcc88e4a-140376596985664", "trial_id": 47, "param_name": "random_seed", "param_value_internal": 0, "distribution": "{\"name\": \"CategoricalDistribution\", \"attributes\": {\"choices\": [42]}}"}
{"op_code": 5, "worker_id": "814557d0-e8c9-493a-b6fa-51e4fcc88e4a-140376596985664", "trial_id": 47, "param_name": "degree", "param_value_internal": 0, "distribution": "{\"name\": \"CategoricalDistribution\", \"attributes\": {\"choices\": [3]}}"}
{"op_code": 8, "worker_id": "814557d0-e8c9-493a-b6fa-51e4fcc88e4a-140376596985664", "trial_id": 47, "user_attr": {"best_epoch": 1}}
{"op_code": 8, "worker_id": "814557d0-e8c9-493a-b6fa-51e4fcc88e4a-140376596985664", "trial_id": 47, "user_attr": {"test_loss": 0.4518846148501548}}
{"op_code": 6, "worker_id": "814557d0-e8c9-493a-b6fa-51e4fcc88e4a-140376596985664", "trial_id": 47, "state": 1, "values": [0.4471458283068597], "datetime_complete": "2024-09-01T03:24:59.511344"}
{"op_code": 4, "worker_id": "814557d0-e8c9-493a-b6fa-51e4fcc88e4a-140376596985664", "study_id": 0, "datetime_start": "2024-09-01T03:24:59.519704"}
{"op_code": 5, "worker_id": "814557d0-e8c9-493a-b6fa-51e4fcc88e4a-140376596985664", "trial_id": 48, "param_name": "lr", "param_value_internal": 1.722693994422323e-05, "distribution": "{\"name\": \"FloatDistribution\", \"attributes\": {\"step\": null, \"low\": 1e-05, \"high\": 0.001, \"log\": true}}"}
{"op_code": 5, "worker_id": "814557d0-e8c9-493a-b6fa-51e4fcc88e4a-140376596985664", "trial_id": 48, "param_name": "l2reg", "param_value_internal": 7.883671366310428e-06, "distribution": "{\"name\": \"FloatDistribution\", \"attributes\": {\"step\": null, \"low\": 1e-08, \"high\": 0.001, \"log\": true}}"}
{"op_code": 5, "worker_id": "814557d0-e8c9-493a-b6fa-51e4fcc88e4a-140376596985664", "trial_id": 48, "param_name": "random_seed", "param_value_internal": 0, "distribution": "{\"name\": \"CategoricalDistribution\", \"attributes\": {\"choices\": [42]}}"}
{"op_code": 5, "worker_id": "814557d0-e8c9-493a-b6fa-51e4fcc88e4a-140376596985664", "trial_id": 48, "param_name": "degree", "param_value_internal": 0, "distribution": "{\"name\": \"CategoricalDistribution\", \"attributes\": {\"choices\": [3]}}"}
{"op_code": 8, "worker_id": "814557d0-e8c9-493a-b6fa-51e4fcc88e4a-140376596985664", "trial_id": 48, "user_attr": {"best_epoch": 9}}
{"op_code": 8, "worker_id": "814557d0-e8c9-493a-b6fa-51e4fcc88e4a-140376596985664", "trial_id": 48, "user_attr": {"test_loss": 0.4522624402950283}}
{"op_code": 6, "worker_id": "814557d0-e8c9-493a-b6fa-51e4fcc88e4a-140376596985664", "trial_id": 48, "state": 1, "values": [0.44729753873311484], "datetime_complete": "2024-09-01T04:06:53.053240"}
{"op_code": 4, "worker_id": "814557d0-e8c9-493a-b6fa-51e4fcc88e4a-140376596985664", "study_id": 0, "datetime_start": "2024-09-01T04:06:53.065092"}
{"op_code": 5, "worker_id": "814557d0-e8c9-493a-b6fa-51e4fcc88e4a-140376596985664", "trial_id": 49, "param_name": "lr", "param_value_internal": 9.997990968631252e-05, "distribution": "{\"name\": \"FloatDistribution\", \"attributes\": {\"step\": null, \"low\": 1e-05, \"high\": 0.001, \"log\": true}}"}
{"op_code": 5, "worker_id": "814557d0-e8c9-493a-b6fa-51e4fcc88e4a-140376596985664", "trial_id": 49, "param_name": "l2reg", "param_value_internal": 5.446734270034164e-06, "distribution": "{\"name\": \"FloatDistribution\", \"attributes\": {\"step\": null, \"low\": 1e-08, \"high\": 0.001, \"log\": true}}"}
{"op_code": 5, "worker_id": "814557d0-e8c9-493a-b6fa-51e4fcc88e4a-140376596985664", "trial_id": 49, "param_name": "random_seed", "param_value_internal": 0, "distribution": "{\"name\": \"CategoricalDistribution\", \"attributes\": {\"choices\": [42]}}"}
{"op_code": 5, "worker_id": "814557d0-e8c9-493a-b6fa-51e4fcc88e4a-140376596985664", "trial_id": 49, "param_name": "degree", "param_value_internal": 0, "distribution": "{\"name\": \"CategoricalDistribution\", \"attributes\": {\"choices\": [3]}}"}
{"op_code": 8, "worker_id": "814557d0-e8c9-493a-b6fa-51e4fcc88e4a-140376596985664", "trial_id": 49, "user_attr": {"best_epoch": 1}}
{"op_code": 8, "worker_id": "814557d0-e8c9-493a-b6fa-51e4fcc88e4a-140376596985664", "trial_id": 49, "user_attr": {"test_loss": 0.45074086923750345}}
{"op_code": 6, "worker_id": "814557d0-e8c9-493a-b6fa-51e4fcc88e4a-140376596985664", "trial_id": 49, "state": 1, "values": [0.44599528758555185], "datetime_complete": "2024-09-01T04:29:07.321669"}
