{"op_code": 0, "worker_id": "477d761b-9dd9-4784-9595-9d7adfb09b34-140686149334848", "study_name": "criteo_splines_3", "directions": [1]}
{"op_code": 4, "worker_id": "477d761b-9dd9-4784-9595-9d7adfb09b34-140686149334848", "study_id": 0, "datetime_start": "2024-08-17T11:39:38.957831"}
{"op_code": 5, "worker_id": "477d761b-9dd9-4784-9595-9d7adfb09b34-140686149334848", "trial_id": 0, "param_name": "lr", "param_value_internal": 5.6115164153345e-05, "distribution": "{\"name\": \"FloatDistribution\", \"attributes\": {\"step\": null, \"low\": 1e-05, \"high\": 0.001, \"log\": true}}"}
{"op_code": 5, "worker_id": "477d761b-9dd9-4784-9595-9d7adfb09b34-140686149334848", "trial_id": 0, "param_name": "l2reg", "param_value_internal": 0.0005669849511478851, "distribution": "{\"name\": \"FloatDistribution\", \"attributes\": {\"step\": null, \"low\": 1e-08, \"high\": 0.001, \"log\": true}}"}
{"op_code": 5, "worker_id": "477d761b-9dd9-4784-9595-9d7adfb09b34-140686149334848", "trial_id": 0, "param_name": "random_seed", "param_value_internal": 0, "distribution": "{\"name\": \"CategoricalDistribution\", \"attributes\": {\"choices\": [42]}}"}
{"op_code": 5, "worker_id": "477d761b-9dd9-4784-9595-9d7adfb09b34-140686149334848", "trial_id": 0, "param_name": "degree", "param_value_internal": 0, "distribution": "{\"name\": \"CategoricalDistribution\", \"attributes\": {\"choices\": [3]}}"}
{"op_code": 6, "worker_id": "477d761b-9dd9-4784-9595-9d7adfb09b34-140686149334848", "trial_id": 0, "state": 3, "values": null, "datetime_complete": "2024-08-17T11:42:09.994984"}
{"op_code": 0, "worker_id": "bba8044c-0643-4581-b8c1-28ea83e17cd0-139984703620928", "study_name": "criteo_splines_3", "directions": [1]}
{"op_code": 4, "worker_id": "bba8044c-0643-4581-b8c1-28ea83e17cd0-139984703620928", "study_id": 0, "datetime_start": "2024-08-17T11:42:15.254206"}
{"op_code": 5, "worker_id": "bba8044c-0643-4581-b8c1-28ea83e17cd0-139984703620928", "trial_id": 1, "param_name": "lr", "param_value_internal": 5.6115164153345e-05, "distribution": "{\"name\": \"FloatDistribution\", \"attributes\": {\"step\": null, \"low\": 1e-05, \"high\": 0.001, \"log\": true}}"}
{"op_code": 5, "worker_id": "bba8044c-0643-4581-b8c1-28ea83e17cd0-139984703620928", "trial_id": 1, "param_name": "l2reg", "param_value_internal": 0.0005669849511478851, "distribution": "{\"name\": \"FloatDistribution\", \"attributes\": {\"step\": null, \"low\": 1e-08, \"high\": 0.001, \"log\": true}}"}
{"op_code": 5, "worker_id": "bba8044c-0643-4581-b8c1-28ea83e17cd0-139984703620928", "trial_id": 1, "param_name": "random_seed", "param_value_internal": 0, "distribution": "{\"name\": \"CategoricalDistribution\", \"attributes\": {\"choices\": [42]}}"}
{"op_code": 5, "worker_id": "bba8044c-0643-4581-b8c1-28ea83e17cd0-139984703620928", "trial_id": 1, "param_name": "degree", "param_value_internal": 0, "distribution": "{\"name\": \"CategoricalDistribution\", \"attributes\": {\"choices\": [3]}}"}
{"op_code": 8, "worker_id": "bba8044c-0643-4581-b8c1-28ea83e17cd0-139984703620928", "trial_id": 1, "user_attr": {"best_epoch": 4}}
{"op_code": 8, "worker_id": "bba8044c-0643-4581-b8c1-28ea83e17cd0-139984703620928", "trial_id": 1, "user_attr": {"test_loss": 0.44525317387342755}}
{"op_code": 6, "worker_id": "bba8044c-0643-4581-b8c1-28ea83e17cd0-139984703620928", "trial_id": 1, "state": 1, "values": [0.4451696157569269], "datetime_complete": "2024-08-17T12:19:24.319579"}
{"op_code": 4, "worker_id": "bba8044c-0643-4581-b8c1-28ea83e17cd0-139984703620928", "study_id": 0, "datetime_start": "2024-08-17T12:19:24.328564"}
{"op_code": 5, "worker_id": "bba8044c-0643-4581-b8c1-28ea83e17cd0-139984703620928", "trial_id": 2, "param_name": "lr", "param_value_internal": 0.000291063591313307, "distribution": "{\"name\": \"FloatDistribution\", \"attributes\": {\"step\": null, \"low\": 1e-05, \"high\": 0.001, \"log\": true}}"}
{"op_code": 5, "worker_id": "bba8044c-0643-4581-b8c1-28ea83e17cd0-139984703620928", "trial_id": 2, "param_name": "l2reg", "param_value_internal": 9.846738873614555e-06, "distribution": "{\"name\": \"FloatDistribution\", \"attributes\": {\"step\": null, \"low\": 1e-08, \"high\": 0.001, \"log\": true}}"}
{"op_code": 5, "worker_id": "bba8044c-0643-4581-b8c1-28ea83e17cd0-139984703620928", "trial_id": 2, "param_name": "random_seed", "param_value_internal": 0, "distribution": "{\"name\": \"CategoricalDistribution\", \"attributes\": {\"choices\": [42]}}"}
{"op_code": 5, "worker_id": "bba8044c-0643-4581-b8c1-28ea83e17cd0-139984703620928", "trial_id": 2, "param_name": "degree", "param_value_internal": 0, "distribution": "{\"name\": \"CategoricalDistribution\", \"attributes\": {\"choices\": [3]}}"}
{"op_code": 8, "worker_id": "bba8044c-0643-4581-b8c1-28ea83e17cd0-139984703620928", "trial_id": 2, "user_attr": {"best_epoch": 0}}
{"op_code": 8, "worker_id": "bba8044c-0643-4581-b8c1-28ea83e17cd0-139984703620928", "trial_id": 2, "user_attr": {"test_loss": 0.44519502301341807}}
{"op_code": 6, "worker_id": "bba8044c-0643-4581-b8c1-28ea83e17cd0-139984703620928", "trial_id": 2, "state": 1, "values": [0.44512444882515884], "datetime_complete": "2024-08-17T12:39:02.053447"}
{"op_code": 4, "worker_id": "bba8044c-0643-4581-b8c1-28ea83e17cd0-139984703620928", "study_id": 0, "datetime_start": "2024-08-17T12:39:02.062146"}
{"op_code": 5, "worker_id": "bba8044c-0643-4581-b8c1-28ea83e17cd0-139984703620928", "trial_id": 3, "param_name": "lr", "param_value_internal": 2.0513382630874486e-05, "distribution": "{\"name\": \"FloatDistribution\", \"attributes\": {\"step\": null, \"low\": 1e-05, \"high\": 0.001, \"log\": true}}"}
{"op_code": 5, "worker_id": "bba8044c-0643-4581-b8c1-28ea83e17cd0-139984703620928", "trial_id": 3, "param_name": "l2reg", "param_value_internal": 6.02521573620385e-08, "distribution": "{\"name\": \"FloatDistribution\", \"attributes\": {\"step\": null, \"low\": 1e-08, \"high\": 0.001, \"log\": true}}"}
{"op_code": 5, "worker_id": "bba8044c-0643-4581-b8c1-28ea83e17cd0-139984703620928", "trial_id": 3, "param_name": "random_seed", "param_value_internal": 0, "distribution": "{\"name\": \"CategoricalDistribution\", \"attributes\": {\"choices\": [42]}}"}
{"op_code": 5, "worker_id": "bba8044c-0643-4581-b8c1-28ea83e17cd0-139984703620928", "trial_id": 3, "param_name": "degree", "param_value_internal": 0, "distribution": "{\"name\": \"CategoricalDistribution\", \"attributes\": {\"choices\": [3]}}"}
{"op_code": 8, "worker_id": "bba8044c-0643-4581-b8c1-28ea83e17cd0-139984703620928", "trial_id": 3, "user_attr": {"best_epoch": 12}}
{"op_code": 8, "worker_id": "bba8044c-0643-4581-b8c1-28ea83e17cd0-139984703620928", "trial_id": 3, "user_attr": {"test_loss": 0.4458612792557715}}
{"op_code": 6, "worker_id": "bba8044c-0643-4581-b8c1-28ea83e17cd0-139984703620928", "trial_id": 3, "state": 1, "values": [0.44576211637453633], "datetime_complete": "2024-08-17T13:50:52.053889"}
{"op_code": 4, "worker_id": "bba8044c-0643-4581-b8c1-28ea83e17cd0-139984703620928", "study_id": 0, "datetime_start": "2024-08-17T13:50:52.079162"}
{"op_code": 5, "worker_id": "bba8044c-0643-4581-b8c1-28ea83e17cd0-139984703620928", "trial_id": 4, "param_name": "lr", "param_value_internal": 1.3066739238053272e-05, "distribution": "{\"name\": \"FloatDistribution\", \"attributes\": {\"step\": null, \"low\": 1e-05, \"high\": 0.001, \"log\": true}}"}
{"op_code": 5, "worker_id": "bba8044c-0643-4581-b8c1-28ea83e17cd0-139984703620928", "trial_id": 4, "param_name": "l2reg", "param_value_internal": 0.00021423021757741048, "distribution": "{\"name\": \"FloatDistribution\", \"attributes\": {\"step\": null, \"low\": 1e-08, \"high\": 0.001, \"log\": true}}"}
{"op_code": 5, "worker_id": "bba8044c-0643-4581-b8c1-28ea83e17cd0-139984703620928", "trial_id": 4, "param_name": "random_seed", "param_value_internal": 0, "distribution": "{\"name\": \"CategoricalDistribution\", \"attributes\": {\"choices\": [42]}}"}
{"op_code": 5, "worker_id": "bba8044c-0643-4581-b8c1-28ea83e17cd0-139984703620928", "trial_id": 4, "param_name": "degree", "param_value_internal": 0, "distribution": "{\"name\": \"CategoricalDistribution\", \"attributes\": {\"choices\": [3]}}"}
{"op_code": 8, "worker_id": "bba8044c-0643-4581-b8c1-28ea83e17cd0-139984703620928", "trial_id": 4, "user_attr": {"best_epoch": 19}}
{"op_code": 8, "worker_id": "bba8044c-0643-4581-b8c1-28ea83e17cd0-139984703620928", "trial_id": 4, "user_attr": {"test_loss": 0.4459827516685567}}
{"op_code": 6, "worker_id": "bba8044c-0643-4581-b8c1-28ea83e17cd0-139984703620928", "trial_id": 4, "state": 1, "values": [0.44588939884026435], "datetime_complete": "2024-08-17T15:20:05.075392"}
{"op_code": 4, "worker_id": "bba8044c-0643-4581-b8c1-28ea83e17cd0-139984703620928", "study_id": 0, "datetime_start": "2024-08-17T15:20:05.084243"}
{"op_code": 5, "worker_id": "bba8044c-0643-4581-b8c1-28ea83e17cd0-139984703620928", "trial_id": 5, "param_name": "lr", "param_value_internal": 0.00015930522616241006, "distribution": "{\"name\": \"FloatDistribution\", \"attributes\": {\"step\": null, \"low\": 1e-05, \"high\": 0.001, \"log\": true}}"}
{"op_code": 5, "worker_id": "bba8044c-0643-4581-b8c1-28ea83e17cd0-139984703620928", "trial_id": 5, "param_name": "l2reg", "param_value_internal": 3.47026698865041e-05, "distribution": "{\"name\": \"FloatDistribution\", \"attributes\": {\"step\": null, \"low\": 1e-08, \"high\": 0.001, \"log\": true}}"}
{"op_code": 5, "worker_id": "bba8044c-0643-4581-b8c1-28ea83e17cd0-139984703620928", "trial_id": 5, "param_name": "random_seed", "param_value_internal": 0, "distribution": "{\"name\": \"CategoricalDistribution\", \"attributes\": {\"choices\": [42]}}"}
{"op_code": 5, "worker_id": "bba8044c-0643-4581-b8c1-28ea83e17cd0-139984703620928", "trial_id": 5, "param_name": "degree", "param_value_internal": 0, "distribution": "{\"name\": \"CategoricalDistribution\", \"attributes\": {\"choices\": [3]}}"}
{"op_code": 8, "worker_id": "bba8044c-0643-4581-b8c1-28ea83e17cd0-139984703620928", "trial_id": 5, "user_attr": {"best_epoch": 1}}
{"op_code": 8, "worker_id": "bba8044c-0643-4581-b8c1-28ea83e17cd0-139984703620928", "trial_id": 5, "user_attr": {"test_loss": 0.44452602884991066}}
{"op_code": 6, "worker_id": "bba8044c-0643-4581-b8c1-28ea83e17cd0-139984703620928", "trial_id": 5, "state": 1, "values": [0.4444143465514681], "datetime_complete": "2024-08-17T15:44:03.317675"}
{"op_code": 4, "worker_id": "bba8044c-0643-4581-b8c1-28ea83e17cd0-139984703620928", "study_id": 0, "datetime_start": "2024-08-17T15:44:03.326730"}
{"op_code": 5, "worker_id": "bba8044c-0643-4581-b8c1-28ea83e17cd0-139984703620928", "trial_id": 6, "param_name": "lr", "param_value_internal": 1.0994335574766187e-05, "distribution": "{\"name\": \"FloatDistribution\", \"attributes\": {\"step\": null, \"low\": 1e-05, \"high\": 0.001, \"log\": true}}"}
{"op_code": 5, "worker_id": "bba8044c-0643-4581-b8c1-28ea83e17cd0-139984703620928", "trial_id": 6, "param_name": "l2reg", "param_value_internal": 0.0007072114131472234, "distribution": "{\"name\": \"FloatDistribution\", \"attributes\": {\"step\": null, \"low\": 1e-08, \"high\": 0.001, \"log\": true}}"}
{"op_code": 5, "worker_id": "bba8044c-0643-4581-b8c1-28ea83e17cd0-139984703620928", "trial_id": 6, "param_name": "random_seed", "param_value_internal": 0, "distribution": "{\"name\": \"CategoricalDistribution\", \"attributes\": {\"choices\": [42]}}"}
{"op_code": 5, "worker_id": "bba8044c-0643-4581-b8c1-28ea83e17cd0-139984703620928", "trial_id": 6, "param_name": "degree", "param_value_internal": 0, "distribution": "{\"name\": \"CategoricalDistribution\", \"attributes\": {\"choices\": [3]}}"}
{"op_code": 0, "worker_id": "e111cc5e-8476-46e8-b827-25e6b64c1511-140619347871552", "study_name": "criteo_splines_3", "directions": [1]}
{"op_code": 0, "worker_id": "e1bae0be-22ac-4496-b659-b4dda0a634ea-140619347871552", "study_name": "criteo_splines_3", "directions": [1]}
{"op_code": 8, "worker_id": "bba8044c-0643-4581-b8c1-28ea83e17cd0-139984703620928", "trial_id": 6, "user_attr": {"best_epoch": 19}}
{"op_code": 8, "worker_id": "bba8044c-0643-4581-b8c1-28ea83e17cd0-139984703620928", "trial_id": 6, "user_attr": {"test_loss": 0.4462560428949437}}
{"op_code": 6, "worker_id": "bba8044c-0643-4581-b8c1-28ea83e17cd0-139984703620928", "trial_id": 6, "state": 1, "values": [0.44616178947822543], "datetime_complete": "2024-08-17T17:20:46.170433"}
{"op_code": 4, "worker_id": "bba8044c-0643-4581-b8c1-28ea83e17cd0-139984703620928", "study_id": 0, "datetime_start": "2024-08-17T17:20:46.181620"}
{"op_code": 5, "worker_id": "bba8044c-0643-4581-b8c1-28ea83e17cd0-139984703620928", "trial_id": 7, "param_name": "lr", "param_value_internal": 0.000462258900102083, "distribution": "{\"name\": \"FloatDistribution\", \"attributes\": {\"step\": null, \"low\": 1e-05, \"high\": 0.001, \"log\": true}}"}
{"op_code": 5, "worker_id": "bba8044c-0643-4581-b8c1-28ea83e17cd0-139984703620928", "trial_id": 7, "param_name": "l2reg", "param_value_internal": 1.1526449540315595e-07, "distribution": "{\"name\": \"FloatDistribution\", \"attributes\": {\"step\": null, \"low\": 1e-08, \"high\": 0.001, \"log\": true}}"}
{"op_code": 5, "worker_id": "bba8044c-0643-4581-b8c1-28ea83e17cd0-139984703620928", "trial_id": 7, "param_name": "random_seed", "param_value_internal": 0, "distribution": "{\"name\": \"CategoricalDistribution\", \"attributes\": {\"choices\": [42]}}"}
{"op_code": 5, "worker_id": "bba8044c-0643-4581-b8c1-28ea83e17cd0-139984703620928", "trial_id": 7, "param_name": "degree", "param_value_internal": 0, "distribution": "{\"name\": \"CategoricalDistribution\", \"attributes\": {\"choices\": [3]}}"}
{"op_code": 0, "worker_id": "77b5d3b5-6306-49ce-be1b-568a81a1134a-139957378852672", "study_name": "criteo_splines_3", "directions": [1]}
{"op_code": 8, "worker_id": "bba8044c-0643-4581-b8c1-28ea83e17cd0-139984703620928", "trial_id": 7, "user_attr": {"best_epoch": 0}}
{"op_code": 8, "worker_id": "bba8044c-0643-4581-b8c1-28ea83e17cd0-139984703620928", "trial_id": 7, "user_attr": {"test_loss": 0.44486923200654754}}
{"op_code": 6, "worker_id": "bba8044c-0643-4581-b8c1-28ea83e17cd0-139984703620928", "trial_id": 7, "state": 1, "values": [0.44480966942777767], "datetime_complete": "2024-08-17T17:40:16.141787"}
{"op_code": 4, "worker_id": "bba8044c-0643-4581-b8c1-28ea83e17cd0-139984703620928", "study_id": 0, "datetime_start": "2024-08-17T17:40:16.151221"}
{"op_code": 5, "worker_id": "bba8044c-0643-4581-b8c1-28ea83e17cd0-139984703620928", "trial_id": 8, "param_name": "lr", "param_value_internal": 2.3102018878452926e-05, "distribution": "{\"name\": \"FloatDistribution\", \"attributes\": {\"step\": null, \"low\": 1e-05, \"high\": 0.001, \"log\": true}}"}
{"op_code": 5, "worker_id": "bba8044c-0643-4581-b8c1-28ea83e17cd0-139984703620928", "trial_id": 8, "param_name": "l2reg", "param_value_internal": 8.260808399079588e-08, "distribution": "{\"name\": \"FloatDistribution\", \"attributes\": {\"step\": null, \"low\": 1e-08, \"high\": 0.001, \"log\": true}}"}
{"op_code": 5, "worker_id": "bba8044c-0643-4581-b8c1-28ea83e17cd0-139984703620928", "trial_id": 8, "param_name": "random_seed", "param_value_internal": 0, "distribution": "{\"name\": \"CategoricalDistribution\", \"attributes\": {\"choices\": [42]}}"}
{"op_code": 5, "worker_id": "bba8044c-0643-4581-b8c1-28ea83e17cd0-139984703620928", "trial_id": 8, "param_name": "degree", "param_value_internal": 0, "distribution": "{\"name\": \"CategoricalDistribution\", \"attributes\": {\"choices\": [3]}}"}
{"op_code": 8, "worker_id": "bba8044c-0643-4581-b8c1-28ea83e17cd0-139984703620928", "trial_id": 8, "user_attr": {"best_epoch": 10}}
{"op_code": 8, "worker_id": "bba8044c-0643-4581-b8c1-28ea83e17cd0-139984703620928", "trial_id": 8, "user_attr": {"test_loss": 0.4457447029313622}}
{"op_code": 6, "worker_id": "bba8044c-0643-4581-b8c1-28ea83e17cd0-139984703620928", "trial_id": 8, "state": 1, "values": [0.4456466200002191], "datetime_complete": "2024-08-17T18:43:45.128702"}
{"op_code": 4, "worker_id": "bba8044c-0643-4581-b8c1-28ea83e17cd0-139984703620928", "study_id": 0, "datetime_start": "2024-08-17T18:43:45.137373"}
{"op_code": 5, "worker_id": "bba8044c-0643-4581-b8c1-28ea83e17cd0-139984703620928", "trial_id": 9, "param_name": "lr", "param_value_internal": 4.059611610484306e-05, "distribution": "{\"name\": \"FloatDistribution\", \"attributes\": {\"step\": null, \"low\": 1e-05, \"high\": 0.001, \"log\": true}}"}
{"op_code": 5, "worker_id": "bba8044c-0643-4581-b8c1-28ea83e17cd0-139984703620928", "trial_id": 9, "param_name": "l2reg", "param_value_internal": 4.2051564509138674e-06, "distribution": "{\"name\": \"FloatDistribution\", \"attributes\": {\"step\": null, \"low\": 1e-08, \"high\": 0.001, \"log\": true}}"}
{"op_code": 5, "worker_id": "bba8044c-0643-4581-b8c1-28ea83e17cd0-139984703620928", "trial_id": 9, "param_name": "random_seed", "param_value_internal": 0, "distribution": "{\"name\": \"CategoricalDistribution\", \"attributes\": {\"choices\": [42]}}"}
{"op_code": 5, "worker_id": "bba8044c-0643-4581-b8c1-28ea83e17cd0-139984703620928", "trial_id": 9, "param_name": "degree", "param_value_internal": 0, "distribution": "{\"name\": \"CategoricalDistribution\", \"attributes\": {\"choices\": [3]}}"}
{"op_code": 0, "worker_id": "6eadcac5-77a2-4cb8-8598-9781eca13f66-139885789554496", "study_name": "criteo_splines_3", "directions": [1]}
{"op_code": 8, "worker_id": "bba8044c-0643-4581-b8c1-28ea83e17cd0-139984703620928", "trial_id": 9, "user_attr": {"best_epoch": 6}}
{"op_code": 8, "worker_id": "bba8044c-0643-4581-b8c1-28ea83e17cd0-139984703620928", "trial_id": 9, "user_attr": {"test_loss": 0.4454837795813714}}
{"op_code": 6, "worker_id": "bba8044c-0643-4581-b8c1-28ea83e17cd0-139984703620928", "trial_id": 9, "state": 1, "values": [0.44538653151530616], "datetime_complete": "2024-08-17T19:32:45.116856"}
{"op_code": 4, "worker_id": "bba8044c-0643-4581-b8c1-28ea83e17cd0-139984703620928", "study_id": 0, "datetime_start": "2024-08-17T19:32:45.127672"}
{"op_code": 5, "worker_id": "bba8044c-0643-4581-b8c1-28ea83e17cd0-139984703620928", "trial_id": 10, "param_name": "lr", "param_value_internal": 7.309539835912905e-05, "distribution": "{\"name\": \"FloatDistribution\", \"attributes\": {\"step\": null, \"low\": 1e-05, \"high\": 0.001, \"log\": true}}"}
{"op_code": 5, "worker_id": "bba8044c-0643-4581-b8c1-28ea83e17cd0-139984703620928", "trial_id": 10, "param_name": "l2reg", "param_value_internal": 2.8585493941961875e-07, "distribution": "{\"name\": \"FloatDistribution\", \"attributes\": {\"step\": null, \"low\": 1e-08, \"high\": 0.001, \"log\": true}}"}
{"op_code": 5, "worker_id": "bba8044c-0643-4581-b8c1-28ea83e17cd0-139984703620928", "trial_id": 10, "param_name": "random_seed", "param_value_internal": 0, "distribution": "{\"name\": \"CategoricalDistribution\", \"attributes\": {\"choices\": [42]}}"}
{"op_code": 5, "worker_id": "bba8044c-0643-4581-b8c1-28ea83e17cd0-139984703620928", "trial_id": 10, "param_name": "degree", "param_value_internal": 0, "distribution": "{\"name\": \"CategoricalDistribution\", \"attributes\": {\"choices\": [3]}}"}
{"op_code": 0, "worker_id": "c202c564-c5ea-476e-a8d5-cb1ad8a1d444-139822091638592", "study_name": "criteo_splines_3", "directions": [1]}
{"op_code": 8, "worker_id": "bba8044c-0643-4581-b8c1-28ea83e17cd0-139984703620928", "trial_id": 10, "user_attr": {"best_epoch": 3}}
{"op_code": 8, "worker_id": "bba8044c-0643-4581-b8c1-28ea83e17cd0-139984703620928", "trial_id": 10, "user_attr": {"test_loss": 0.4450195904474593}}
{"op_code": 6, "worker_id": "bba8044c-0643-4581-b8c1-28ea83e17cd0-139984703620928", "trial_id": 10, "state": 1, "values": [0.444928877374114], "datetime_complete": "2024-08-17T20:08:16.136871"}
{"op_code": 4, "worker_id": "bba8044c-0643-4581-b8c1-28ea83e17cd0-139984703620928", "study_id": 0, "datetime_start": "2024-08-17T20:08:16.146243"}
{"op_code": 5, "worker_id": "bba8044c-0643-4581-b8c1-28ea83e17cd0-139984703620928", "trial_id": 11, "param_name": "lr", "param_value_internal": 0.00018471184590376964, "distribution": "{\"name\": \"FloatDistribution\", \"attributes\": {\"step\": null, \"low\": 1e-05, \"high\": 0.001, \"log\": true}}"}
{"op_code": 5, "worker_id": "bba8044c-0643-4581-b8c1-28ea83e17cd0-139984703620928", "trial_id": 11, "param_name": "l2reg", "param_value_internal": 3.8521646942747446e-05, "distribution": "{\"name\": \"FloatDistribution\", \"attributes\": {\"step\": null, \"low\": 1e-08, \"high\": 0.001, \"log\": true}}"}
{"op_code": 5, "worker_id": "bba8044c-0643-4581-b8c1-28ea83e17cd0-139984703620928", "trial_id": 11, "param_name": "random_seed", "param_value_internal": 0, "distribution": "{\"name\": \"CategoricalDistribution\", \"attributes\": {\"choices\": [42]}}"}
{"op_code": 5, "worker_id": "bba8044c-0643-4581-b8c1-28ea83e17cd0-139984703620928", "trial_id": 11, "param_name": "degree", "param_value_internal": 0, "distribution": "{\"name\": \"CategoricalDistribution\", \"attributes\": {\"choices\": [3]}}"}
{"op_code": 8, "worker_id": "bba8044c-0643-4581-b8c1-28ea83e17cd0-139984703620928", "trial_id": 11, "user_attr": {"best_epoch": 1}}
{"op_code": 8, "worker_id": "bba8044c-0643-4581-b8c1-28ea83e17cd0-139984703620928", "trial_id": 11, "user_attr": {"test_loss": 0.44453511384844274}}
{"op_code": 6, "worker_id": "bba8044c-0643-4581-b8c1-28ea83e17cd0-139984703620928", "trial_id": 11, "state": 1, "values": [0.4444250896458], "datetime_complete": "2024-08-17T20:32:55.319239"}
{"op_code": 4, "worker_id": "bba8044c-0643-4581-b8c1-28ea83e17cd0-139984703620928", "study_id": 0, "datetime_start": "2024-08-17T20:32:55.327560"}
{"op_code": 5, "worker_id": "bba8044c-0643-4581-b8c1-28ea83e17cd0-139984703620928", "trial_id": 12, "param_name": "lr", "param_value_internal": 0.00015320252245209042, "distribution": "{\"name\": \"FloatDistribution\", \"attributes\": {\"step\": null, \"low\": 1e-05, \"high\": 0.001, \"log\": true}}"}
{"op_code": 5, "worker_id": "bba8044c-0643-4581-b8c1-28ea83e17cd0-139984703620928", "trial_id": 12, "param_name": "l2reg", "param_value_internal": 4.011123221868182e-05, "distribution": "{\"name\": \"FloatDistribution\", \"attributes\": {\"step\": null, \"low\": 1e-08, \"high\": 0.001, \"log\": true}}"}
{"op_code": 5, "worker_id": "bba8044c-0643-4581-b8c1-28ea83e17cd0-139984703620928", "trial_id": 12, "param_name": "random_seed", "param_value_internal": 0, "distribution": "{\"name\": \"CategoricalDistribution\", \"attributes\": {\"choices\": [42]}}"}
{"op_code": 5, "worker_id": "bba8044c-0643-4581-b8c1-28ea83e17cd0-139984703620928", "trial_id": 12, "param_name": "degree", "param_value_internal": 0, "distribution": "{\"name\": \"CategoricalDistribution\", \"attributes\": {\"choices\": [3]}}"}
{"op_code": 8, "worker_id": "bba8044c-0643-4581-b8c1-28ea83e17cd0-139984703620928", "trial_id": 12, "user_attr": {"best_epoch": 1}}
{"op_code": 8, "worker_id": "bba8044c-0643-4581-b8c1-28ea83e17cd0-139984703620928", "trial_id": 12, "user_attr": {"test_loss": 0.4445511408156164}}
{"op_code": 6, "worker_id": "bba8044c-0643-4581-b8c1-28ea83e17cd0-139984703620928", "trial_id": 12, "state": 1, "values": [0.4444377793029025], "datetime_complete": "2024-08-17T20:57:37.216662"}
{"op_code": 4, "worker_id": "bba8044c-0643-4581-b8c1-28ea83e17cd0-139984703620928", "study_id": 0, "datetime_start": "2024-08-17T20:57:37.225346"}
{"op_code": 5, "worker_id": "bba8044c-0643-4581-b8c1-28ea83e17cd0-139984703620928", "trial_id": 13, "param_name": "lr", "param_value_internal": 0.00016921668003142025, "distribution": "{\"name\": \"FloatDistribution\", \"attributes\": {\"step\": null, \"low\": 1e-05, \"high\": 0.001, \"log\": true}}"}
{"op_code": 5, "worker_id": "bba8044c-0643-4581-b8c1-28ea83e17cd0-139984703620928", "trial_id": 13, "param_name": "l2reg", "param_value_internal": 4.634380861758262e-05, "distribution": "{\"name\": \"FloatDistribution\", \"attributes\": {\"step\": null, \"low\": 1e-08, \"high\": 0.001, \"log\": true}}"}
{"op_code": 5, "worker_id": "bba8044c-0643-4581-b8c1-28ea83e17cd0-139984703620928", "trial_id": 13, "param_name": "random_seed", "param_value_internal": 0, "distribution": "{\"name\": \"CategoricalDistribution\", \"attributes\": {\"choices\": [42]}}"}
{"op_code": 5, "worker_id": "bba8044c-0643-4581-b8c1-28ea83e17cd0-139984703620928", "trial_id": 13, "param_name": "degree", "param_value_internal": 0, "distribution": "{\"name\": \"CategoricalDistribution\", \"attributes\": {\"choices\": [3]}}"}
{"op_code": 8, "worker_id": "bba8044c-0643-4581-b8c1-28ea83e17cd0-139984703620928", "trial_id": 13, "user_attr": {"best_epoch": 1}}
{"op_code": 8, "worker_id": "bba8044c-0643-4581-b8c1-28ea83e17cd0-139984703620928", "trial_id": 13, "user_attr": {"test_loss": 0.4445111796120761}}
{"op_code": 6, "worker_id": "bba8044c-0643-4581-b8c1-28ea83e17cd0-139984703620928", "trial_id": 13, "state": 1, "values": [0.4444010351007543], "datetime_complete": "2024-08-17T21:22:16.154792"}
{"op_code": 4, "worker_id": "bba8044c-0643-4581-b8c1-28ea83e17cd0-139984703620928", "study_id": 0, "datetime_start": "2024-08-17T21:22:16.164363"}
{"op_code": 5, "worker_id": "bba8044c-0643-4581-b8c1-28ea83e17cd0-139984703620928", "trial_id": 14, "param_name": "lr", "param_value_internal": 0.000758935828694729, "distribution": "{\"name\": \"FloatDistribution\", \"attributes\": {\"step\": null, \"low\": 1e-05, \"high\": 0.001, \"log\": true}}"}
{"op_code": 5, "worker_id": "bba8044c-0643-4581-b8c1-28ea83e17cd0-139984703620928", "trial_id": 14, "param_name": "l2reg", "param_value_internal": 8.51404885716151e-07, "distribution": "{\"name\": \"FloatDistribution\", \"attributes\": {\"step\": null, \"low\": 1e-08, \"high\": 0.001, \"log\": true}}"}
{"op_code": 5, "worker_id": "bba8044c-0643-4581-b8c1-28ea83e17cd0-139984703620928", "trial_id": 14, "param_name": "random_seed", "param_value_internal": 0, "distribution": "{\"name\": \"CategoricalDistribution\", \"attributes\": {\"choices\": [42]}}"}
{"op_code": 5, "worker_id": "bba8044c-0643-4581-b8c1-28ea83e17cd0-139984703620928", "trial_id": 14, "param_name": "degree", "param_value_internal": 0, "distribution": "{\"name\": \"CategoricalDistribution\", \"attributes\": {\"choices\": [3]}}"}
{"op_code": 8, "worker_id": "bba8044c-0643-4581-b8c1-28ea83e17cd0-139984703620928", "trial_id": 14, "user_attr": {"best_epoch": 0}}
{"op_code": 8, "worker_id": "bba8044c-0643-4581-b8c1-28ea83e17cd0-139984703620928", "trial_id": 14, "user_attr": {"test_loss": 0.444959303381073}}
{"op_code": 6, "worker_id": "bba8044c-0643-4581-b8c1-28ea83e17cd0-139984703620928", "trial_id": 14, "state": 1, "values": [0.44488459504840855], "datetime_complete": "2024-08-17T21:42:28.101950"}
{"op_code": 4, "worker_id": "bba8044c-0643-4581-b8c1-28ea83e17cd0-139984703620928", "study_id": 0, "datetime_start": "2024-08-17T21:42:28.110408"}
{"op_code": 5, "worker_id": "bba8044c-0643-4581-b8c1-28ea83e17cd0-139984703620928", "trial_id": 15, "param_name": "lr", "param_value_internal": 0.00012448484478535553, "distribution": "{\"name\": \"FloatDistribution\", \"attributes\": {\"step\": null, \"low\": 1e-05, \"high\": 0.001, \"log\": true}}"}
{"op_code": 5, "worker_id": "bba8044c-0643-4581-b8c1-28ea83e17cd0-139984703620928", "trial_id": 15, "param_name": "l2reg", "param_value_internal": 1.163814228102759e-08, "distribution": "{\"name\": \"FloatDistribution\", \"attributes\": {\"step\": null, \"low\": 1e-08, \"high\": 0.001, \"log\": true}}"}
{"op_code": 5, "worker_id": "bba8044c-0643-4581-b8c1-28ea83e17cd0-139984703620928", "trial_id": 15, "param_name": "random_seed", "param_value_internal": 0, "distribution": "{\"name\": \"CategoricalDistribution\", \"attributes\": {\"choices\": [42]}}"}
{"op_code": 5, "worker_id": "bba8044c-0643-4581-b8c1-28ea83e17cd0-139984703620928", "trial_id": 15, "param_name": "degree", "param_value_internal": 0, "distribution": "{\"name\": \"CategoricalDistribution\", \"attributes\": {\"choices\": [3]}}"}
{"op_code": 8, "worker_id": "bba8044c-0643-4581-b8c1-28ea83e17cd0-139984703620928", "trial_id": 15, "user_attr": {"best_epoch": 1}}
{"op_code": 8, "worker_id": "bba8044c-0643-4581-b8c1-28ea83e17cd0-139984703620928", "trial_id": 15, "user_attr": {"test_loss": 0.44489034815890244}}
{"op_code": 6, "worker_id": "bba8044c-0643-4581-b8c1-28ea83e17cd0-139984703620928", "trial_id": 15, "state": 1, "values": [0.4447666028318642], "datetime_complete": "2024-08-17T22:07:01.194254"}
{"op_code": 4, "worker_id": "bba8044c-0643-4581-b8c1-28ea83e17cd0-139984703620928", "study_id": 0, "datetime_start": "2024-08-17T22:07:01.203054"}
{"op_code": 5, "worker_id": "bba8044c-0643-4581-b8c1-28ea83e17cd0-139984703620928", "trial_id": 16, "param_name": "lr", "param_value_internal": 0.0002733762389478881, "distribution": "{\"name\": \"FloatDistribution\", \"attributes\": {\"step\": null, \"low\": 1e-05, \"high\": 0.001, \"log\": true}}"}
{"op_code": 5, "worker_id": "bba8044c-0643-4581-b8c1-28ea83e17cd0-139984703620928", "trial_id": 16, "param_name": "l2reg", "param_value_internal": 5.4572133958497654e-05, "distribution": "{\"name\": \"FloatDistribution\", \"attributes\": {\"step\": null, \"low\": 1e-08, \"high\": 0.001, \"log\": true}}"}
{"op_code": 5, "worker_id": "bba8044c-0643-4581-b8c1-28ea83e17cd0-139984703620928", "trial_id": 16, "param_name": "random_seed", "param_value_internal": 0, "distribution": "{\"name\": \"CategoricalDistribution\", \"attributes\": {\"choices\": [42]}}"}
{"op_code": 5, "worker_id": "bba8044c-0643-4581-b8c1-28ea83e17cd0-139984703620928", "trial_id": 16, "param_name": "degree", "param_value_internal": 0, "distribution": "{\"name\": \"CategoricalDistribution\", \"attributes\": {\"choices\": [3]}}"}
{"op_code": 8, "worker_id": "bba8044c-0643-4581-b8c1-28ea83e17cd0-139984703620928", "trial_id": 16, "user_attr": {"best_epoch": 1}}
{"op_code": 8, "worker_id": "bba8044c-0643-4581-b8c1-28ea83e17cd0-139984703620928", "trial_id": 16, "user_attr": {"test_loss": 0.4451222358961916}}
{"op_code": 6, "worker_id": "bba8044c-0643-4581-b8c1-28ea83e17cd0-139984703620928", "trial_id": 16, "state": 1, "values": [0.44500722719116853], "datetime_complete": "2024-08-17T22:31:38.237115"}
{"op_code": 4, "worker_id": "bba8044c-0643-4581-b8c1-28ea83e17cd0-139984703620928", "study_id": 0, "datetime_start": "2024-08-17T22:31:38.247277"}
{"op_code": 5, "worker_id": "bba8044c-0643-4581-b8c1-28ea83e17cd0-139984703620928", "trial_id": 17, "param_name": "lr", "param_value_internal": 8.407931655574884e-05, "distribution": "{\"name\": \"FloatDistribution\", \"attributes\": {\"step\": null, \"low\": 1e-05, \"high\": 0.001, \"log\": true}}"}
{"op_code": 5, "worker_id": "bba8044c-0643-4581-b8c1-28ea83e17cd0-139984703620928", "trial_id": 17, "param_name": "l2reg", "param_value_internal": 1.0788386058544978e-05, "distribution": "{\"name\": \"FloatDistribution\", \"attributes\": {\"step\": null, \"low\": 1e-08, \"high\": 0.001, \"log\": true}}"}
{"op_code": 5, "worker_id": "bba8044c-0643-4581-b8c1-28ea83e17cd0-139984703620928", "trial_id": 17, "param_name": "random_seed", "param_value_internal": 0, "distribution": "{\"name\": \"CategoricalDistribution\", \"attributes\": {\"choices\": [42]}}"}
{"op_code": 5, "worker_id": "bba8044c-0643-4581-b8c1-28ea83e17cd0-139984703620928", "trial_id": 17, "param_name": "degree", "param_value_internal": 0, "distribution": "{\"name\": \"CategoricalDistribution\", \"attributes\": {\"choices\": [3]}}"}
{"op_code": 8, "worker_id": "bba8044c-0643-4581-b8c1-28ea83e17cd0-139984703620928", "trial_id": 17, "user_attr": {"best_epoch": 2}}
{"op_code": 8, "worker_id": "bba8044c-0643-4581-b8c1-28ea83e17cd0-139984703620928", "trial_id": 17, "user_attr": {"test_loss": 0.445028001957312}}
{"op_code": 6, "worker_id": "bba8044c-0643-4581-b8c1-28ea83e17cd0-139984703620928", "trial_id": 17, "state": 1, "values": [0.4449666681147332], "datetime_complete": "2024-08-17T23:00:38.101897"}
{"op_code": 4, "worker_id": "bba8044c-0643-4581-b8c1-28ea83e17cd0-139984703620928", "study_id": 0, "datetime_start": "2024-08-17T23:00:38.110281"}
{"op_code": 5, "worker_id": "bba8044c-0643-4581-b8c1-28ea83e17cd0-139984703620928", "trial_id": 18, "param_name": "lr", "param_value_internal": 0.0009129978603227824, "distribution": "{\"name\": \"FloatDistribution\", \"attributes\": {\"step\": null, \"low\": 1e-05, \"high\": 0.001, \"log\": true}}"}
{"op_code": 5, "worker_id": "bba8044c-0643-4581-b8c1-28ea83e17cd0-139984703620928", "trial_id": 18, "param_name": "l2reg", "param_value_internal": 0.00012808944435729837, "distribution": "{\"name\": \"FloatDistribution\", \"attributes\": {\"step\": null, \"low\": 1e-08, \"high\": 0.001, \"log\": true}}"}
{"op_code": 5, "worker_id": "bba8044c-0643-4581-b8c1-28ea83e17cd0-139984703620928", "trial_id": 18, "param_name": "random_seed", "param_value_internal": 0, "distribution": "{\"name\": \"CategoricalDistribution\", \"attributes\": {\"choices\": [42]}}"}
{"op_code": 5, "worker_id": "bba8044c-0643-4581-b8c1-28ea83e17cd0-139984703620928", "trial_id": 18, "param_name": "degree", "param_value_internal": 0, "distribution": "{\"name\": \"CategoricalDistribution\", \"attributes\": {\"choices\": [3]}}"}
{"op_code": 8, "worker_id": "bba8044c-0643-4581-b8c1-28ea83e17cd0-139984703620928", "trial_id": 18, "user_attr": {"best_epoch": 0}}
{"op_code": 8, "worker_id": "bba8044c-0643-4581-b8c1-28ea83e17cd0-139984703620928", "trial_id": 18, "user_attr": {"test_loss": 0.4450668266256425}}
{"op_code": 6, "worker_id": "bba8044c-0643-4581-b8c1-28ea83e17cd0-139984703620928", "trial_id": 18, "state": 1, "values": [0.44499142256305924], "datetime_complete": "2024-08-17T23:20:46.100848"}
{"op_code": 4, "worker_id": "bba8044c-0643-4581-b8c1-28ea83e17cd0-139984703620928", "study_id": 0, "datetime_start": "2024-08-17T23:20:46.109190"}
{"op_code": 5, "worker_id": "bba8044c-0643-4581-b8c1-28ea83e17cd0-139984703620928", "trial_id": 19, "param_name": "lr", "param_value_internal": 0.000264776923290902, "distribution": "{\"name\": \"FloatDistribution\", \"attributes\": {\"step\": null, \"low\": 1e-05, \"high\": 0.001, \"log\": true}}"}
{"op_code": 5, "worker_id": "bba8044c-0643-4581-b8c1-28ea83e17cd0-139984703620928", "trial_id": 19, "param_name": "l2reg", "param_value_internal": 1.943488616247948e-06, "distribution": "{\"name\": \"FloatDistribution\", \"attributes\": {\"step\": null, \"low\": 1e-08, \"high\": 0.001, \"log\": true}}"}
{"op_code": 5, "worker_id": "bba8044c-0643-4581-b8c1-28ea83e17cd0-139984703620928", "trial_id": 19, "param_name": "random_seed", "param_value_internal": 0, "distribution": "{\"name\": \"CategoricalDistribution\", \"attributes\": {\"choices\": [42]}}"}
{"op_code": 5, "worker_id": "bba8044c-0643-4581-b8c1-28ea83e17cd0-139984703620928", "trial_id": 19, "param_name": "degree", "param_value_internal": 0, "distribution": "{\"name\": \"CategoricalDistribution\", \"attributes\": {\"choices\": [3]}}"}
{"op_code": 8, "worker_id": "bba8044c-0643-4581-b8c1-28ea83e17cd0-139984703620928", "trial_id": 19, "user_attr": {"best_epoch": 1}}
{"op_code": 8, "worker_id": "bba8044c-0643-4581-b8c1-28ea83e17cd0-139984703620928", "trial_id": 19, "user_attr": {"test_loss": 0.4450540237594327}}
{"op_code": 6, "worker_id": "bba8044c-0643-4581-b8c1-28ea83e17cd0-139984703620928", "trial_id": 19, "state": 1, "values": [0.44493904992527666], "datetime_complete": "2024-08-17T23:45:20.109163"}
{"op_code": 4, "worker_id": "bba8044c-0643-4581-b8c1-28ea83e17cd0-139984703620928", "study_id": 0, "datetime_start": "2024-08-17T23:45:20.120262"}
{"op_code": 5, "worker_id": "bba8044c-0643-4581-b8c1-28ea83e17cd0-139984703620928", "trial_id": 20, "param_name": "lr", "param_value_internal": 0.0004414973500475081, "distribution": "{\"name\": \"FloatDistribution\", \"attributes\": {\"step\": null, \"low\": 1e-05, \"high\": 0.001, \"log\": true}}"}
{"op_code": 5, "worker_id": "bba8044c-0643-4581-b8c1-28ea83e17cd0-139984703620928", "trial_id": 20, "param_name": "l2reg", "param_value_internal": 1.3275744888634099e-05, "distribution": "{\"name\": \"FloatDistribution\", \"attributes\": {\"step\": null, \"low\": 1e-08, \"high\": 0.001, \"log\": true}}"}
{"op_code": 5, "worker_id": "bba8044c-0643-4581-b8c1-28ea83e17cd0-139984703620928", "trial_id": 20, "param_name": "random_seed", "param_value_internal": 0, "distribution": "{\"name\": \"CategoricalDistribution\", \"attributes\": {\"choices\": [42]}}"}
{"op_code": 5, "worker_id": "bba8044c-0643-4581-b8c1-28ea83e17cd0-139984703620928", "trial_id": 20, "param_name": "degree", "param_value_internal": 0, "distribution": "{\"name\": \"CategoricalDistribution\", \"attributes\": {\"choices\": [3]}}"}
{"op_code": 8, "worker_id": "bba8044c-0643-4581-b8c1-28ea83e17cd0-139984703620928", "trial_id": 20, "user_attr": {"best_epoch": 0}}
{"op_code": 8, "worker_id": "bba8044c-0643-4581-b8c1-28ea83e17cd0-139984703620928", "trial_id": 20, "user_attr": {"test_loss": 0.4448821832509181}}
{"op_code": 6, "worker_id": "bba8044c-0643-4581-b8c1-28ea83e17cd0-139984703620928", "trial_id": 20, "state": 1, "values": [0.4448232571515587], "datetime_complete": "2024-08-18T00:05:31.104683"}
{"op_code": 4, "worker_id": "bba8044c-0643-4581-b8c1-28ea83e17cd0-139984703620928", "study_id": 0, "datetime_start": "2024-08-18T00:05:31.113119"}
{"op_code": 5, "worker_id": "bba8044c-0643-4581-b8c1-28ea83e17cd0-139984703620928", "trial_id": 21, "param_name": "lr", "param_value_internal": 4.503529799447425e-05, "distribution": "{\"name\": \"FloatDistribution\", \"attributes\": {\"step\": null, \"low\": 1e-05, \"high\": 0.001, \"log\": true}}"}
{"op_code": 5, "worker_id": "bba8044c-0643-4581-b8c1-28ea83e17cd0-139984703620928", "trial_id": 21, "param_name": "l2reg", "param_value_internal": 0.00017530943508005416, "distribution": "{\"name\": \"FloatDistribution\", \"attributes\": {\"step\": null, \"low\": 1e-08, \"high\": 0.001, \"log\": true}}"}
{"op_code": 5, "worker_id": "bba8044c-0643-4581-b8c1-28ea83e17cd0-139984703620928", "trial_id": 21, "param_name": "random_seed", "param_value_internal": 0, "distribution": "{\"name\": \"CategoricalDistribution\", \"attributes\": {\"choices\": [42]}}"}
{"op_code": 5, "worker_id": "bba8044c-0643-4581-b8c1-28ea83e17cd0-139984703620928", "trial_id": 21, "param_name": "degree", "param_value_internal": 0, "distribution": "{\"name\": \"CategoricalDistribution\", \"attributes\": {\"choices\": [3]}}"}
{"op_code": 8, "worker_id": "bba8044c-0643-4581-b8c1-28ea83e17cd0-139984703620928", "trial_id": 21, "user_attr": {"best_epoch": 5}}
{"op_code": 8, "worker_id": "bba8044c-0643-4581-b8c1-28ea83e17cd0-139984703620928", "trial_id": 21, "user_attr": {"test_loss": 0.4453640907175664}}
{"op_code": 6, "worker_id": "bba8044c-0643-4581-b8c1-28ea83e17cd0-139984703620928", "trial_id": 21, "state": 1, "values": [0.44528669598482784], "datetime_complete": "2024-08-18T00:47:38.112330"}
{"op_code": 4, "worker_id": "bba8044c-0643-4581-b8c1-28ea83e17cd0-139984703620928", "study_id": 0, "datetime_start": "2024-08-18T00:47:38.120714"}
{"op_code": 5, "worker_id": "bba8044c-0643-4581-b8c1-28ea83e17cd0-139984703620928", "trial_id": 22, "param_name": "lr", "param_value_internal": 0.0001652523814699286, "distribution": "{\"name\": \"FloatDistribution\", \"attributes\": {\"step\": null, \"low\": 1e-05, \"high\": 0.001, \"log\": true}}"}
{"op_code": 5, "worker_id": "bba8044c-0643-4581-b8c1-28ea83e17cd0-139984703620928", "trial_id": 22, "param_name": "l2reg", "param_value_internal": 3.472038306833192e-05, "distribution": "{\"name\": \"FloatDistribution\", \"attributes\": {\"step\": null, \"low\": 1e-08, \"high\": 0.001, \"log\": true}}"}
{"op_code": 5, "worker_id": "bba8044c-0643-4581-b8c1-28ea83e17cd0-139984703620928", "trial_id": 22, "param_name": "random_seed", "param_value_internal": 0, "distribution": "{\"name\": \"CategoricalDistribution\", \"attributes\": {\"choices\": [42]}}"}
{"op_code": 5, "worker_id": "bba8044c-0643-4581-b8c1-28ea83e17cd0-139984703620928", "trial_id": 22, "param_name": "degree", "param_value_internal": 0, "distribution": "{\"name\": \"CategoricalDistribution\", \"attributes\": {\"choices\": [3]}}"}
{"op_code": 8, "worker_id": "bba8044c-0643-4581-b8c1-28ea83e17cd0-139984703620928", "trial_id": 22, "user_attr": {"best_epoch": 1}}
{"op_code": 8, "worker_id": "bba8044c-0643-4581-b8c1-28ea83e17cd0-139984703620928", "trial_id": 22, "user_attr": {"test_loss": 0.44451384158199614}}
{"op_code": 6, "worker_id": "bba8044c-0643-4581-b8c1-28ea83e17cd0-139984703620928", "trial_id": 22, "state": 1, "values": [0.44440321031976926], "datetime_complete": "2024-08-18T01:12:12.217476"}
{"op_code": 4, "worker_id": "bba8044c-0643-4581-b8c1-28ea83e17cd0-139984703620928", "study_id": 0, "datetime_start": "2024-08-18T01:12:12.226131"}
{"op_code": 5, "worker_id": "bba8044c-0643-4581-b8c1-28ea83e17cd0-139984703620928", "trial_id": 23, "param_name": "lr", "param_value_internal": 0.0001086195811943341, "distribution": "{\"name\": \"FloatDistribution\", \"attributes\": {\"step\": null, \"low\": 1e-05, \"high\": 0.001, \"log\": true}}"}
{"op_code": 5, "worker_id": "bba8044c-0643-4581-b8c1-28ea83e17cd0-139984703620928", "trial_id": 23, "param_name": "l2reg", "param_value_internal": 1.7375178872931917e-05, "distribution": "{\"name\": \"FloatDistribution\", \"attributes\": {\"step\": null, \"low\": 1e-08, \"high\": 0.001, \"log\": true}}"}
{"op_code": 5, "worker_id": "bba8044c-0643-4581-b8c1-28ea83e17cd0-139984703620928", "trial_id": 23, "param_name": "random_seed", "param_value_internal": 0, "distribution": "{\"name\": \"CategoricalDistribution\", \"attributes\": {\"choices\": [42]}}"}
{"op_code": 5, "worker_id": "bba8044c-0643-4581-b8c1-28ea83e17cd0-139984703620928", "trial_id": 23, "param_name": "degree", "param_value_internal": 0, "distribution": "{\"name\": \"CategoricalDistribution\", \"attributes\": {\"choices\": [3]}}"}
{"op_code": 8, "worker_id": "bba8044c-0643-4581-b8c1-28ea83e17cd0-139984703620928", "trial_id": 23, "user_attr": {"best_epoch": 2}}
{"op_code": 8, "worker_id": "bba8044c-0643-4581-b8c1-28ea83e17cd0-139984703620928", "trial_id": 23, "user_attr": {"test_loss": 0.444928589206367}}
{"op_code": 6, "worker_id": "bba8044c-0643-4581-b8c1-28ea83e17cd0-139984703620928", "trial_id": 23, "state": 1, "values": [0.4448796748040223], "datetime_complete": "2024-08-18T01:41:08.297729"}
{"op_code": 4, "worker_id": "bba8044c-0643-4581-b8c1-28ea83e17cd0-139984703620928", "study_id": 0, "datetime_start": "2024-08-18T01:41:08.306801"}
{"op_code": 5, "worker_id": "bba8044c-0643-4581-b8c1-28ea83e17cd0-139984703620928", "trial_id": 24, "param_name": "lr", "param_value_internal": 0.00018712441819945732, "distribution": "{\"name\": \"FloatDistribution\", \"attributes\": {\"step\": null, \"low\": 1e-05, \"high\": 0.001, \"log\": true}}"}
{"op_code": 5, "worker_id": "bba8044c-0643-4581-b8c1-28ea83e17cd0-139984703620928", "trial_id": 24, "param_name": "l2reg", "param_value_internal": 3.455074436373801e-06, "distribution": "{\"name\": \"FloatDistribution\", \"attributes\": {\"step\": null, \"low\": 1e-08, \"high\": 0.001, \"log\": true}}"}
{"op_code": 5, "worker_id": "bba8044c-0643-4581-b8c1-28ea83e17cd0-139984703620928", "trial_id": 24, "param_name": "random_seed", "param_value_internal": 0, "distribution": "{\"name\": \"CategoricalDistribution\", \"attributes\": {\"choices\": [42]}}"}
{"op_code": 5, "worker_id": "bba8044c-0643-4581-b8c1-28ea83e17cd0-139984703620928", "trial_id": 24, "param_name": "degree", "param_value_internal": 0, "distribution": "{\"name\": \"CategoricalDistribution\", \"attributes\": {\"choices\": [3]}}"}
{"op_code": 8, "worker_id": "bba8044c-0643-4581-b8c1-28ea83e17cd0-139984703620928", "trial_id": 24, "user_attr": {"best_epoch": 1}}
{"op_code": 8, "worker_id": "bba8044c-0643-4581-b8c1-28ea83e17cd0-139984703620928", "trial_id": 24, "user_attr": {"test_loss": 0.44454294091105456}}
{"op_code": 6, "worker_id": "bba8044c-0643-4581-b8c1-28ea83e17cd0-139984703620928", "trial_id": 24, "state": 1, "values": [0.4444326693551531], "datetime_complete": "2024-08-18T02:05:41.103829"}
{"op_code": 4, "worker_id": "bba8044c-0643-4581-b8c1-28ea83e17cd0-139984703620928", "study_id": 0, "datetime_start": "2024-08-18T02:05:41.112673"}
{"op_code": 5, "worker_id": "bba8044c-0643-4581-b8c1-28ea83e17cd0-139984703620928", "trial_id": 25, "param_name": "lr", "param_value_internal": 0.0004273342514303558, "distribution": "{\"name\": \"FloatDistribution\", \"attributes\": {\"step\": null, \"low\": 1e-05, \"high\": 0.001, \"log\": true}}"}
{"op_code": 5, "worker_id": "bba8044c-0643-4581-b8c1-28ea83e17cd0-139984703620928", "trial_id": 25, "param_name": "l2reg", "param_value_internal": 8.632802554775993e-05, "distribution": "{\"name\": \"FloatDistribution\", \"attributes\": {\"step\": null, \"low\": 1e-08, \"high\": 0.001, \"log\": true}}"}
{"op_code": 5, "worker_id": "bba8044c-0643-4581-b8c1-28ea83e17cd0-139984703620928", "trial_id": 25, "param_name": "random_seed", "param_value_internal": 0, "distribution": "{\"name\": \"CategoricalDistribution\", \"attributes\": {\"choices\": [42]}}"}
{"op_code": 5, "worker_id": "bba8044c-0643-4581-b8c1-28ea83e17cd0-139984703620928", "trial_id": 25, "param_name": "degree", "param_value_internal": 0, "distribution": "{\"name\": \"CategoricalDistribution\", \"attributes\": {\"choices\": [3]}}"}
{"op_code": 8, "worker_id": "bba8044c-0643-4581-b8c1-28ea83e17cd0-139984703620928", "trial_id": 25, "user_attr": {"best_epoch": 0}}
{"op_code": 8, "worker_id": "bba8044c-0643-4581-b8c1-28ea83e17cd0-139984703620928", "trial_id": 25, "user_attr": {"test_loss": 0.44488931165538365}}
{"op_code": 6, "worker_id": "bba8044c-0643-4581-b8c1-28ea83e17cd0-139984703620928", "trial_id": 25, "state": 1, "values": [0.4448304169059479], "datetime_complete": "2024-08-18T02:25:48.105895"}
{"op_code": 4, "worker_id": "bba8044c-0643-4581-b8c1-28ea83e17cd0-139984703620928", "study_id": 0, "datetime_start": "2024-08-18T02:25:48.114431"}
{"op_code": 5, "worker_id": "bba8044c-0643-4581-b8c1-28ea83e17cd0-139984703620928", "trial_id": 26, "param_name": "lr", "param_value_internal": 0.00013291876343526332, "distribution": "{\"name\": \"FloatDistribution\", \"attributes\": {\"step\": null, \"low\": 1e-05, \"high\": 0.001, \"log\": true}}"}
{"op_code": 5, "worker_id": "bba8044c-0643-4581-b8c1-28ea83e17cd0-139984703620928", "trial_id": 26, "param_name": "l2reg", "param_value_internal": 0.00032847327477695355, "distribution": "{\"name\": \"FloatDistribution\", \"attributes\": {\"step\": null, \"low\": 1e-08, \"high\": 0.001, \"log\": true}}"}
{"op_code": 5, "worker_id": "bba8044c-0643-4581-b8c1-28ea83e17cd0-139984703620928", "trial_id": 26, "param_name": "random_seed", "param_value_internal": 0, "distribution": "{\"name\": \"CategoricalDistribution\", \"attributes\": {\"choices\": [42]}}"}
{"op_code": 5, "worker_id": "bba8044c-0643-4581-b8c1-28ea83e17cd0-139984703620928", "trial_id": 26, "param_name": "degree", "param_value_internal": 0, "distribution": "{\"name\": \"CategoricalDistribution\", \"attributes\": {\"choices\": [3]}}"}
{"op_code": 8, "worker_id": "bba8044c-0643-4581-b8c1-28ea83e17cd0-139984703620928", "trial_id": 26, "user_attr": {"best_epoch": 1}}
{"op_code": 8, "worker_id": "bba8044c-0643-4581-b8c1-28ea83e17cd0-139984703620928", "trial_id": 26, "user_attr": {"test_loss": 0.4447386861826828}}
{"op_code": 6, "worker_id": "bba8044c-0643-4581-b8c1-28ea83e17cd0-139984703620928", "trial_id": 26, "state": 1, "values": [0.4446180422895886], "datetime_complete": "2024-08-18T02:50:25.324889"}
{"op_code": 4, "worker_id": "bba8044c-0643-4581-b8c1-28ea83e17cd0-139984703620928", "study_id": 0, "datetime_start": "2024-08-18T02:50:25.334263"}
{"op_code": 5, "worker_id": "bba8044c-0643-4581-b8c1-28ea83e17cd0-139984703620928", "trial_id": 27, "param_name": "lr", "param_value_internal": 0.00019814191647007278, "distribution": "{\"name\": \"FloatDistribution\", \"attributes\": {\"step\": null, \"low\": 1e-05, \"high\": 0.001, \"log\": true}}"}
{"op_code": 5, "worker_id": "bba8044c-0643-4581-b8c1-28ea83e17cd0-139984703620928", "trial_id": 27, "param_name": "l2reg", "param_value_internal": 2.9613425987475864e-05, "distribution": "{\"name\": \"FloatDistribution\", \"attributes\": {\"step\": null, \"low\": 1e-08, \"high\": 0.001, \"log\": true}}"}
{"op_code": 5, "worker_id": "bba8044c-0643-4581-b8c1-28ea83e17cd0-139984703620928", "trial_id": 27, "param_name": "random_seed", "param_value_internal": 0, "distribution": "{\"name\": \"CategoricalDistribution\", \"attributes\": {\"choices\": [42]}}"}
{"op_code": 5, "worker_id": "bba8044c-0643-4581-b8c1-28ea83e17cd0-139984703620928", "trial_id": 27, "param_name": "degree", "param_value_internal": 0, "distribution": "{\"name\": \"CategoricalDistribution\", \"attributes\": {\"choices\": [3]}}"}
{"op_code": 8, "worker_id": "bba8044c-0643-4581-b8c1-28ea83e17cd0-139984703620928", "trial_id": 27, "user_attr": {"best_epoch": 1}}
{"op_code": 8, "worker_id": "bba8044c-0643-4581-b8c1-28ea83e17cd0-139984703620928", "trial_id": 27, "user_attr": {"test_loss": 0.444589217007109}}
{"op_code": 6, "worker_id": "bba8044c-0643-4581-b8c1-28ea83e17cd0-139984703620928", "trial_id": 27, "state": 1, "values": [0.44447803257024127], "datetime_complete": "2024-08-18T03:15:00.102366"}
{"op_code": 4, "worker_id": "bba8044c-0643-4581-b8c1-28ea83e17cd0-139984703620928", "study_id": 0, "datetime_start": "2024-08-18T03:15:00.120734"}
{"op_code": 5, "worker_id": "bba8044c-0643-4581-b8c1-28ea83e17cd0-139984703620928", "trial_id": 28, "param_name": "lr", "param_value_internal": 7.71605146513469e-05, "distribution": "{\"name\": \"FloatDistribution\", \"attributes\": {\"step\": null, \"low\": 1e-05, \"high\": 0.001, \"log\": true}}"}
{"op_code": 5, "worker_id": "bba8044c-0643-4581-b8c1-28ea83e17cd0-139984703620928", "trial_id": 28, "param_name": "l2reg", "param_value_internal": 5.467573809889287e-06, "distribution": "{\"name\": \"FloatDistribution\", \"attributes\": {\"step\": null, \"low\": 1e-08, \"high\": 0.001, \"log\": true}}"}
{"op_code": 5, "worker_id": "bba8044c-0643-4581-b8c1-28ea83e17cd0-139984703620928", "trial_id": 28, "param_name": "random_seed", "param_value_internal": 0, "distribution": "{\"name\": \"CategoricalDistribution\", \"attributes\": {\"choices\": [42]}}"}
{"op_code": 5, "worker_id": "bba8044c-0643-4581-b8c1-28ea83e17cd0-139984703620928", "trial_id": 28, "param_name": "degree", "param_value_internal": 0, "distribution": "{\"name\": \"CategoricalDistribution\", \"attributes\": {\"choices\": [3]}}"}
{"op_code": 8, "worker_id": "bba8044c-0643-4581-b8c1-28ea83e17cd0-139984703620928", "trial_id": 28, "user_attr": {"best_epoch": 3}}
{"op_code": 8, "worker_id": "bba8044c-0643-4581-b8c1-28ea83e17cd0-139984703620928", "trial_id": 28, "user_attr": {"test_loss": 0.4450501348520312}}
{"op_code": 6, "worker_id": "bba8044c-0643-4581-b8c1-28ea83e17cd0-139984703620928", "trial_id": 28, "state": 1, "values": [0.4449618296979483], "datetime_complete": "2024-08-18T03:48:26.109531"}
{"op_code": 4, "worker_id": "bba8044c-0643-4581-b8c1-28ea83e17cd0-139984703620928", "study_id": 0, "datetime_start": "2024-08-18T03:48:26.150223"}
{"op_code": 5, "worker_id": "bba8044c-0643-4581-b8c1-28ea83e17cd0-139984703620928", "trial_id": 29, "param_name": "lr", "param_value_internal": 0.00033808486966861555, "distribution": "{\"name\": \"FloatDistribution\", \"attributes\": {\"step\": null, \"low\": 1e-05, \"high\": 0.001, \"log\": true}}"}
{"op_code": 5, "worker_id": "bba8044c-0643-4581-b8c1-28ea83e17cd0-139984703620928", "trial_id": 29, "param_name": "l2reg", "param_value_internal": 1.119840066260619e-06, "distribution": "{\"name\": \"FloatDistribution\", \"attributes\": {\"step\": null, \"low\": 1e-08, \"high\": 0.001, \"log\": true}}"}
{"op_code": 5, "worker_id": "bba8044c-0643-4581-b8c1-28ea83e17cd0-139984703620928", "trial_id": 29, "param_name": "random_seed", "param_value_internal": 0, "distribution": "{\"name\": \"CategoricalDistribution\", \"attributes\": {\"choices\": [42]}}"}
{"op_code": 5, "worker_id": "bba8044c-0643-4581-b8c1-28ea83e17cd0-139984703620928", "trial_id": 29, "param_name": "degree", "param_value_internal": 0, "distribution": "{\"name\": \"CategoricalDistribution\", \"attributes\": {\"choices\": [3]}}"}
{"op_code": 0, "worker_id": "dc68828c-855c-4021-89e1-3de7734cccba-140409204926272", "study_name": "criteo_splines_3", "directions": [1]}
{"op_code": 8, "worker_id": "bba8044c-0643-4581-b8c1-28ea83e17cd0-139984703620928", "trial_id": 29, "user_attr": {"best_epoch": 0}}
{"op_code": 8, "worker_id": "bba8044c-0643-4581-b8c1-28ea83e17cd0-139984703620928", "trial_id": 29, "user_attr": {"test_loss": 0.44502809112361}}
{"op_code": 6, "worker_id": "bba8044c-0643-4581-b8c1-28ea83e17cd0-139984703620928", "trial_id": 29, "state": 1, "values": [0.4449651790553553], "datetime_complete": "2024-08-18T04:08:28.206610"}
{"op_code": 4, "worker_id": "bba8044c-0643-4581-b8c1-28ea83e17cd0-139984703620928", "study_id": 0, "datetime_start": "2024-08-18T04:08:28.217905"}
{"op_code": 5, "worker_id": "bba8044c-0643-4581-b8c1-28ea83e17cd0-139984703620928", "trial_id": 30, "param_name": "lr", "param_value_internal": 0.0005893562322995776, "distribution": "{\"name\": \"FloatDistribution\", \"attributes\": {\"step\": null, \"low\": 1e-05, \"high\": 0.001, \"log\": true}}"}
{"op_code": 5, "worker_id": "bba8044c-0643-4581-b8c1-28ea83e17cd0-139984703620928", "trial_id": 30, "param_name": "l2reg", "param_value_internal": 0.0009456070698934142, "distribution": "{\"name\": \"FloatDistribution\", \"attributes\": {\"step\": null, \"low\": 1e-08, \"high\": 0.001, \"log\": true}}"}
{"op_code": 5, "worker_id": "bba8044c-0643-4581-b8c1-28ea83e17cd0-139984703620928", "trial_id": 30, "param_name": "random_seed", "param_value_internal": 0, "distribution": "{\"name\": \"CategoricalDistribution\", \"attributes\": {\"choices\": [42]}}"}
{"op_code": 5, "worker_id": "bba8044c-0643-4581-b8c1-28ea83e17cd0-139984703620928", "trial_id": 30, "param_name": "degree", "param_value_internal": 0, "distribution": "{\"name\": \"CategoricalDistribution\", \"attributes\": {\"choices\": [3]}}"}
{"op_code": 8, "worker_id": "bba8044c-0643-4581-b8c1-28ea83e17cd0-139984703620928", "trial_id": 30, "user_attr": {"best_epoch": 0}}
{"op_code": 8, "worker_id": "bba8044c-0643-4581-b8c1-28ea83e17cd0-139984703620928", "trial_id": 30, "user_attr": {"test_loss": 0.4448406988491121}}
{"op_code": 6, "worker_id": "bba8044c-0643-4581-b8c1-28ea83e17cd0-139984703620928", "trial_id": 30, "state": 1, "values": [0.44477235184796216], "datetime_complete": "2024-08-18T04:28:24.162327"}
{"op_code": 4, "worker_id": "bba8044c-0643-4581-b8c1-28ea83e17cd0-139984703620928", "study_id": 0, "datetime_start": "2024-08-18T04:28:24.171312"}
{"op_code": 5, "worker_id": "bba8044c-0643-4581-b8c1-28ea83e17cd0-139984703620928", "trial_id": 31, "param_name": "lr", "param_value_internal": 5.630557768777306e-05, "distribution": "{\"name\": \"FloatDistribution\", \"attributes\": {\"step\": null, \"low\": 1e-05, \"high\": 0.001, \"log\": true}}"}
{"op_code": 5, "worker_id": "bba8044c-0643-4581-b8c1-28ea83e17cd0-139984703620928", "trial_id": 31, "param_name": "l2reg", "param_value_internal": 0.00039465176867896844, "distribution": "{\"name\": \"FloatDistribution\", \"attributes\": {\"step\": null, \"low\": 1e-08, \"high\": 0.001, \"log\": true}}"}
{"op_code": 5, "worker_id": "bba8044c-0643-4581-b8c1-28ea83e17cd0-139984703620928", "trial_id": 31, "param_name": "random_seed", "param_value_internal": 0, "distribution": "{\"name\": \"CategoricalDistribution\", \"attributes\": {\"choices\": [42]}}"}
{"op_code": 5, "worker_id": "bba8044c-0643-4581-b8c1-28ea83e17cd0-139984703620928", "trial_id": 31, "param_name": "degree", "param_value_internal": 0, "distribution": "{\"name\": \"CategoricalDistribution\", \"attributes\": {\"choices\": [3]}}"}
{"op_code": 0, "worker_id": "58ce9a47-599f-4cdd-b41a-a31d05f93f03-140708276602688", "study_name": "criteo_splines_3", "directions": [1]}
{"op_code": 8, "worker_id": "bba8044c-0643-4581-b8c1-28ea83e17cd0-139984703620928", "trial_id": 31, "user_attr": {"best_epoch": 4}}
{"op_code": 8, "worker_id": "bba8044c-0643-4581-b8c1-28ea83e17cd0-139984703620928", "trial_id": 31, "user_attr": {"test_loss": 0.445288403981247}}
{"op_code": 6, "worker_id": "bba8044c-0643-4581-b8c1-28ea83e17cd0-139984703620928", "trial_id": 31, "state": 1, "values": [0.4452055575905897], "datetime_complete": "2024-08-18T05:05:41.196741"}
{"op_code": 4, "worker_id": "bba8044c-0643-4581-b8c1-28ea83e17cd0-139984703620928", "study_id": 0, "datetime_start": "2024-08-18T05:05:41.206651"}
{"op_code": 5, "worker_id": "bba8044c-0643-4581-b8c1-28ea83e17cd0-139984703620928", "trial_id": 32, "param_name": "lr", "param_value_internal": 0.00019870207317903755, "distribution": "{\"name\": \"FloatDistribution\", \"attributes\": {\"step\": null, \"low\": 1e-05, \"high\": 0.001, \"log\": true}}"}
{"op_code": 5, "worker_id": "bba8044c-0643-4581-b8c1-28ea83e17cd0-139984703620928", "trial_id": 32, "param_name": "l2reg", "param_value_internal": 7.995009319726755e-05, "distribution": "{\"name\": \"FloatDistribution\", \"attributes\": {\"step\": null, \"low\": 1e-08, \"high\": 0.001, \"log\": true}}"}
{"op_code": 5, "worker_id": "bba8044c-0643-4581-b8c1-28ea83e17cd0-139984703620928", "trial_id": 32, "param_name": "random_seed", "param_value_internal": 0, "distribution": "{\"name\": \"CategoricalDistribution\", \"attributes\": {\"choices\": [42]}}"}
{"op_code": 5, "worker_id": "bba8044c-0643-4581-b8c1-28ea83e17cd0-139984703620928", "trial_id": 32, "param_name": "degree", "param_value_internal": 0, "distribution": "{\"name\": \"CategoricalDistribution\", \"attributes\": {\"choices\": [3]}}"}
{"op_code": 0, "worker_id": "a04e3ffc-9ecb-4c9f-ae38-aeaf376cfecd-140533453170496", "study_name": "criteo_splines_3", "directions": [1]}
{"op_code": 0, "worker_id": "7dcefdaa-4d75-4b9a-8d4f-c7fa85b751f9-140306833721152", "study_name": "criteo_splines_3", "directions": [1]}
{"op_code": 8, "worker_id": "bba8044c-0643-4581-b8c1-28ea83e17cd0-139984703620928", "trial_id": 32, "user_attr": {"best_epoch": 1}}
{"op_code": 8, "worker_id": "bba8044c-0643-4581-b8c1-28ea83e17cd0-139984703620928", "trial_id": 32, "user_attr": {"test_loss": 0.4445919715937102}}
{"op_code": 6, "worker_id": "bba8044c-0643-4581-b8c1-28ea83e17cd0-139984703620928", "trial_id": 32, "state": 1, "values": [0.4444807515802663], "datetime_complete": "2024-08-18T05:30:07.292032"}
{"op_code": 4, "worker_id": "bba8044c-0643-4581-b8c1-28ea83e17cd0-139984703620928", "study_id": 0, "datetime_start": "2024-08-18T05:30:07.300768"}
{"op_code": 5, "worker_id": "bba8044c-0643-4581-b8c1-28ea83e17cd0-139984703620928", "trial_id": 33, "param_name": "lr", "param_value_internal": 0.0001770230168573516, "distribution": "{\"name\": \"FloatDistribution\", \"attributes\": {\"step\": null, \"low\": 1e-05, \"high\": 0.001, \"log\": true}}"}
{"op_code": 5, "worker_id": "bba8044c-0643-4581-b8c1-28ea83e17cd0-139984703620928", "trial_id": 33, "param_name": "l2reg", "param_value_internal": 2.1962434720166102e-05, "distribution": "{\"name\": \"FloatDistribution\", \"attributes\": {\"step\": null, \"low\": 1e-08, \"high\": 0.001, \"log\": true}}"}
{"op_code": 5, "worker_id": "bba8044c-0643-4581-b8c1-28ea83e17cd0-139984703620928", "trial_id": 33, "param_name": "random_seed", "param_value_internal": 0, "distribution": "{\"name\": \"CategoricalDistribution\", \"attributes\": {\"choices\": [42]}}"}
{"op_code": 5, "worker_id": "bba8044c-0643-4581-b8c1-28ea83e17cd0-139984703620928", "trial_id": 33, "param_name": "degree", "param_value_internal": 0, "distribution": "{\"name\": \"CategoricalDistribution\", \"attributes\": {\"choices\": [3]}}"}
{"op_code": 8, "worker_id": "bba8044c-0643-4581-b8c1-28ea83e17cd0-139984703620928", "trial_id": 33, "user_attr": {"best_epoch": 1}}
{"op_code": 8, "worker_id": "bba8044c-0643-4581-b8c1-28ea83e17cd0-139984703620928", "trial_id": 33, "user_attr": {"test_loss": 0.44451706722300344}}
{"op_code": 6, "worker_id": "bba8044c-0643-4581-b8c1-28ea83e17cd0-139984703620928", "trial_id": 33, "state": 1, "values": [0.44440734201481485], "datetime_complete": "2024-08-18T05:54:34.109563"}
{"op_code": 4, "worker_id": "bba8044c-0643-4581-b8c1-28ea83e17cd0-139984703620928", "study_id": 0, "datetime_start": "2024-08-18T05:54:34.118182"}
{"op_code": 5, "worker_id": "bba8044c-0643-4581-b8c1-28ea83e17cd0-139984703620928", "trial_id": 34, "param_name": "lr", "param_value_internal": 9.770517694386187e-05, "distribution": "{\"name\": \"FloatDistribution\", \"attributes\": {\"step\": null, \"low\": 1e-05, \"high\": 0.001, \"log\": true}}"}
{"op_code": 5, "worker_id": "bba8044c-0643-4581-b8c1-28ea83e17cd0-139984703620928", "trial_id": 34, "param_name": "l2reg", "param_value_internal": 2.198096265052697e-05, "distribution": "{\"name\": \"FloatDistribution\", \"attributes\": {\"step\": null, \"low\": 1e-08, \"high\": 0.001, \"log\": true}}"}
{"op_code": 5, "worker_id": "bba8044c-0643-4581-b8c1-28ea83e17cd0-139984703620928", "trial_id": 34, "param_name": "random_seed", "param_value_internal": 0, "distribution": "{\"name\": \"CategoricalDistribution\", \"attributes\": {\"choices\": [42]}}"}
{"op_code": 5, "worker_id": "bba8044c-0643-4581-b8c1-28ea83e17cd0-139984703620928", "trial_id": 34, "param_name": "degree", "param_value_internal": 0, "distribution": "{\"name\": \"CategoricalDistribution\", \"attributes\": {\"choices\": [3]}}"}
{"op_code": 0, "worker_id": "68fcf664-6863-496c-8592-1ce97e866032-140587891914560", "study_name": "criteo_splines_3", "directions": [1]}
{"op_code": 8, "worker_id": "bba8044c-0643-4581-b8c1-28ea83e17cd0-139984703620928", "trial_id": 34, "user_attr": {"best_epoch": 2}}
{"op_code": 8, "worker_id": "bba8044c-0643-4581-b8c1-28ea83e17cd0-139984703620928", "trial_id": 34, "user_attr": {"test_loss": 0.4448828935465682}}
{"op_code": 6, "worker_id": "bba8044c-0643-4581-b8c1-28ea83e17cd0-139984703620928", "trial_id": 34, "state": 1, "values": [0.4448283452804328], "datetime_complete": "2024-08-18T06:23:04.002855"}
{"op_code": 4, "worker_id": "bba8044c-0643-4581-b8c1-28ea83e17cd0-139984703620928", "study_id": 0, "datetime_start": "2024-08-18T06:23:04.011651"}
{"op_code": 5, "worker_id": "bba8044c-0643-4581-b8c1-28ea83e17cd0-139984703620928", "trial_id": 35, "param_name": "lr", "param_value_internal": 0.0002432326465878641, "distribution": "{\"name\": \"FloatDistribution\", \"attributes\": {\"step\": null, \"low\": 1e-05, \"high\": 0.001, \"log\": true}}"}
{"op_code": 5, "worker_id": "bba8044c-0643-4581-b8c1-28ea83e17cd0-139984703620928", "trial_id": 35, "param_name": "l2reg", "param_value_internal": 7.898554645936551e-06, "distribution": "{\"name\": \"FloatDistribution\", \"attributes\": {\"step\": null, \"low\": 1e-08, \"high\": 0.001, \"log\": true}}"}
{"op_code": 5, "worker_id": "bba8044c-0643-4581-b8c1-28ea83e17cd0-139984703620928", "trial_id": 35, "param_name": "random_seed", "param_value_internal": 0, "distribution": "{\"name\": \"CategoricalDistribution\", \"attributes\": {\"choices\": [42]}}"}
{"op_code": 5, "worker_id": "bba8044c-0643-4581-b8c1-28ea83e17cd0-139984703620928", "trial_id": 35, "param_name": "degree", "param_value_internal": 0, "distribution": "{\"name\": \"CategoricalDistribution\", \"attributes\": {\"choices\": [3]}}"}
{"op_code": 8, "worker_id": "bba8044c-0643-4581-b8c1-28ea83e17cd0-139984703620928", "trial_id": 35, "user_attr": {"best_epoch": 1}}
{"op_code": 8, "worker_id": "bba8044c-0643-4581-b8c1-28ea83e17cd0-139984703620928", "trial_id": 35, "user_attr": {"test_loss": 0.44488626478793336}}
{"op_code": 6, "worker_id": "bba8044c-0643-4581-b8c1-28ea83e17cd0-139984703620928", "trial_id": 35, "state": 1, "values": [0.44477111006245096], "datetime_complete": "2024-08-18T06:47:09.256976"}
{"op_code": 4, "worker_id": "bba8044c-0643-4581-b8c1-28ea83e17cd0-139984703620928", "study_id": 0, "datetime_start": "2024-08-18T06:47:09.266620"}
{"op_code": 5, "worker_id": "bba8044c-0643-4581-b8c1-28ea83e17cd0-139984703620928", "trial_id": 36, "param_name": "lr", "param_value_internal": 0.00014100811050626446, "distribution": "{\"name\": \"FloatDistribution\", \"attributes\": {\"step\": null, \"low\": 1e-05, \"high\": 0.001, \"log\": true}}"}
{"op_code": 5, "worker_id": "bba8044c-0643-4581-b8c1-28ea83e17cd0-139984703620928", "trial_id": 36, "param_name": "l2reg", "param_value_internal": 0.00011342707936391066, "distribution": "{\"name\": \"FloatDistribution\", \"attributes\": {\"step\": null, \"low\": 1e-08, \"high\": 0.001, \"log\": true}}"}
{"op_code": 5, "worker_id": "bba8044c-0643-4581-b8c1-28ea83e17cd0-139984703620928", "trial_id": 36, "param_name": "random_seed", "param_value_internal": 0, "distribution": "{\"name\": \"CategoricalDistribution\", \"attributes\": {\"choices\": [42]}}"}
{"op_code": 5, "worker_id": "bba8044c-0643-4581-b8c1-28ea83e17cd0-139984703620928", "trial_id": 36, "param_name": "degree", "param_value_internal": 0, "distribution": "{\"name\": \"CategoricalDistribution\", \"attributes\": {\"choices\": [3]}}"}
{"op_code": 8, "worker_id": "bba8044c-0643-4581-b8c1-28ea83e17cd0-139984703620928", "trial_id": 36, "user_attr": {"best_epoch": 1}}
{"op_code": 8, "worker_id": "bba8044c-0643-4581-b8c1-28ea83e17cd0-139984703620928", "trial_id": 36, "user_attr": {"test_loss": 0.44464379910779195}}
{"op_code": 6, "worker_id": "bba8044c-0643-4581-b8c1-28ea83e17cd0-139984703620928", "trial_id": 36, "state": 1, "values": [0.4445266762297769], "datetime_complete": "2024-08-18T07:11:12.034891"}
{"op_code": 4, "worker_id": "bba8044c-0643-4581-b8c1-28ea83e17cd0-139984703620928", "study_id": 0, "datetime_start": "2024-08-18T07:11:12.044539"}
{"op_code": 5, "worker_id": "bba8044c-0643-4581-b8c1-28ea83e17cd0-139984703620928", "trial_id": 37, "param_name": "lr", "param_value_internal": 0.0003342410427923888, "distribution": "{\"name\": \"FloatDistribution\", \"attributes\": {\"step\": null, \"low\": 1e-05, \"high\": 0.001, \"log\": true}}"}
{"op_code": 5, "worker_id": "bba8044c-0643-4581-b8c1-28ea83e17cd0-139984703620928", "trial_id": 37, "param_name": "l2reg", "param_value_internal": 2.0196884073921154e-05, "distribution": "{\"name\": \"FloatDistribution\", \"attributes\": {\"step\": null, \"low\": 1e-08, \"high\": 0.001, \"log\": true}}"}
{"op_code": 5, "worker_id": "bba8044c-0643-4581-b8c1-28ea83e17cd0-139984703620928", "trial_id": 37, "param_name": "random_seed", "param_value_internal": 0, "distribution": "{\"name\": \"CategoricalDistribution\", \"attributes\": {\"choices\": [42]}}"}
{"op_code": 5, "worker_id": "bba8044c-0643-4581-b8c1-28ea83e17cd0-139984703620928", "trial_id": 37, "param_name": "degree", "param_value_internal": 0, "distribution": "{\"name\": \"CategoricalDistribution\", \"attributes\": {\"choices\": [3]}}"}
{"op_code": 8, "worker_id": "bba8044c-0643-4581-b8c1-28ea83e17cd0-139984703620928", "trial_id": 37, "user_attr": {"best_epoch": 0}}
{"op_code": 8, "worker_id": "bba8044c-0643-4581-b8c1-28ea83e17cd0-139984703620928", "trial_id": 37, "user_attr": {"test_loss": 0.4450381397006831}}
{"op_code": 6, "worker_id": "bba8044c-0643-4581-b8c1-28ea83e17cd0-139984703620928", "trial_id": 37, "state": 1, "values": [0.44497486891286225], "datetime_complete": "2024-08-18T07:30:56.023096"}
{"op_code": 4, "worker_id": "bba8044c-0643-4581-b8c1-28ea83e17cd0-139984703620928", "study_id": 0, "datetime_start": "2024-08-18T07:30:56.036333"}
{"op_code": 5, "worker_id": "bba8044c-0643-4581-b8c1-28ea83e17cd0-139984703620928", "trial_id": 38, "param_name": "lr", "param_value_internal": 6.27467185652645e-05, "distribution": "{\"name\": \"FloatDistribution\", \"attributes\": {\"step\": null, \"low\": 1e-05, \"high\": 0.001, \"log\": true}}"}
{"op_code": 5, "worker_id": "bba8044c-0643-4581-b8c1-28ea83e17cd0-139984703620928", "trial_id": 38, "param_name": "l2reg", "param_value_internal": 6.645638086924702e-05, "distribution": "{\"name\": \"FloatDistribution\", \"attributes\": {\"step\": null, \"low\": 1e-08, \"high\": 0.001, \"log\": true}}"}
{"op_code": 5, "worker_id": "bba8044c-0643-4581-b8c1-28ea83e17cd0-139984703620928", "trial_id": 38, "param_name": "random_seed", "param_value_internal": 0, "distribution": "{\"name\": \"CategoricalDistribution\", \"attributes\": {\"choices\": [42]}}"}
{"op_code": 5, "worker_id": "bba8044c-0643-4581-b8c1-28ea83e17cd0-139984703620928", "trial_id": 38, "param_name": "degree", "param_value_internal": 0, "distribution": "{\"name\": \"CategoricalDistribution\", \"attributes\": {\"choices\": [3]}}"}
{"op_code": 0, "worker_id": "7e3f37f2-9741-48cb-b475-1b11ba5fef51-140467172464448", "study_name": "criteo_splines_3", "directions": [1]}
{"op_code": 0, "worker_id": "dc17d2c0-75cf-443a-bef2-2054af45a064-140148683482944", "study_name": "criteo_splines_3", "directions": [1]}
{"op_code": 8, "worker_id": "bba8044c-0643-4581-b8c1-28ea83e17cd0-139984703620928", "trial_id": 38, "user_attr": {"best_epoch": 3}}
{"op_code": 8, "worker_id": "bba8044c-0643-4581-b8c1-28ea83e17cd0-139984703620928", "trial_id": 38, "user_attr": {"test_loss": 0.445142550340636}}
{"op_code": 6, "worker_id": "bba8044c-0643-4581-b8c1-28ea83e17cd0-139984703620928", "trial_id": 38, "state": 1, "values": [0.44504679062632096], "datetime_complete": "2024-08-18T08:03:39.125683"}
{"op_code": 4, "worker_id": "bba8044c-0643-4581-b8c1-28ea83e17cd0-139984703620928", "study_id": 0, "datetime_start": "2024-08-18T08:03:39.161115"}
{"op_code": 5, "worker_id": "bba8044c-0643-4581-b8c1-28ea83e17cd0-139984703620928", "trial_id": 39, "param_name": "lr", "param_value_internal": 0.00010388426620817162, "distribution": "{\"name\": \"FloatDistribution\", \"attributes\": {\"step\": null, \"low\": 1e-05, \"high\": 0.001, \"log\": true}}"}
{"op_code": 5, "worker_id": "bba8044c-0643-4581-b8c1-28ea83e17cd0-139984703620928", "trial_id": 39, "param_name": "l2reg", "param_value_internal": 6.696522617876087e-06, "distribution": "{\"name\": \"FloatDistribution\", \"attributes\": {\"step\": null, \"low\": 1e-08, \"high\": 0.001, \"log\": true}}"}
{"op_code": 5, "worker_id": "bba8044c-0643-4581-b8c1-28ea83e17cd0-139984703620928", "trial_id": 39, "param_name": "random_seed", "param_value_internal": 0, "distribution": "{\"name\": \"CategoricalDistribution\", \"attributes\": {\"choices\": [42]}}"}
{"op_code": 5, "worker_id": "bba8044c-0643-4581-b8c1-28ea83e17cd0-139984703620928", "trial_id": 39, "param_name": "degree", "param_value_internal": 0, "distribution": "{\"name\": \"CategoricalDistribution\", \"attributes\": {\"choices\": [3]}}"}
{"op_code": 8, "worker_id": "bba8044c-0643-4581-b8c1-28ea83e17cd0-139984703620928", "trial_id": 39, "user_attr": {"best_epoch": 2}}
{"op_code": 8, "worker_id": "bba8044c-0643-4581-b8c1-28ea83e17cd0-139984703620928", "trial_id": 39, "user_attr": {"test_loss": 0.44489455011800166}}
{"op_code": 6, "worker_id": "bba8044c-0643-4581-b8c1-28ea83e17cd0-139984703620928", "trial_id": 39, "state": 1, "values": [0.44484324516716117], "datetime_complete": "2024-08-18T08:32:05.130108"}
{"op_code": 4, "worker_id": "bba8044c-0643-4581-b8c1-28ea83e17cd0-139984703620928", "study_id": 0, "datetime_start": "2024-08-18T08:32:05.149307"}
{"op_code": 5, "worker_id": "bba8044c-0643-4581-b8c1-28ea83e17cd0-139984703620928", "trial_id": 40, "param_name": "lr", "param_value_internal": 2.999408970242993e-05, "distribution": "{\"name\": \"FloatDistribution\", \"attributes\": {\"step\": null, \"low\": 1e-05, \"high\": 0.001, \"log\": true}}"}
{"op_code": 5, "worker_id": "bba8044c-0643-4581-b8c1-28ea83e17cd0-139984703620928", "trial_id": 40, "param_name": "l2reg", "param_value_internal": 0.0002687481598755744, "distribution": "{\"name\": \"FloatDistribution\", \"attributes\": {\"step\": null, \"low\": 1e-08, \"high\": 0.001, \"log\": true}}"}
{"op_code": 5, "worker_id": "bba8044c-0643-4581-b8c1-28ea83e17cd0-139984703620928", "trial_id": 40, "param_name": "random_seed", "param_value_internal": 0, "distribution": "{\"name\": \"CategoricalDistribution\", \"attributes\": {\"choices\": [42]}}"}
{"op_code": 5, "worker_id": "bba8044c-0643-4581-b8c1-28ea83e17cd0-139984703620928", "trial_id": 40, "param_name": "degree", "param_value_internal": 0, "distribution": "{\"name\": \"CategoricalDistribution\", \"attributes\": {\"choices\": [3]}}"}
{"op_code": 8, "worker_id": "bba8044c-0643-4581-b8c1-28ea83e17cd0-139984703620928", "trial_id": 40, "user_attr": {"best_epoch": 8}}
{"op_code": 8, "worker_id": "bba8044c-0643-4581-b8c1-28ea83e17cd0-139984703620928", "trial_id": 40, "user_attr": {"test_loss": 0.44563717253875185}}
{"op_code": 6, "worker_id": "bba8044c-0643-4581-b8c1-28ea83e17cd0-139984703620928", "trial_id": 40, "state": 1, "values": [0.4455248208224907], "datetime_complete": "2024-08-18T09:26:22.116809"}
{"op_code": 4, "worker_id": "bba8044c-0643-4581-b8c1-28ea83e17cd0-139984703620928", "study_id": 0, "datetime_start": "2024-08-18T09:26:22.125427"}
{"op_code": 5, "worker_id": "bba8044c-0643-4581-b8c1-28ea83e17cd0-139984703620928", "trial_id": 41, "param_name": "lr", "param_value_internal": 0.00017490324084112454, "distribution": "{\"name\": \"FloatDistribution\", \"attributes\": {\"step\": null, \"low\": 1e-05, \"high\": 0.001, \"log\": true}}"}
{"op_code": 5, "worker_id": "bba8044c-0643-4581-b8c1-28ea83e17cd0-139984703620928", "trial_id": 41, "param_name": "l2reg", "param_value_internal": 3.409549783883765e-05, "distribution": "{\"name\": \"FloatDistribution\", \"attributes\": {\"step\": null, \"low\": 1e-08, \"high\": 0.001, \"log\": true}}"}
{"op_code": 5, "worker_id": "bba8044c-0643-4581-b8c1-28ea83e17cd0-139984703620928", "trial_id": 41, "param_name": "random_seed", "param_value_internal": 0, "distribution": "{\"name\": \"CategoricalDistribution\", \"attributes\": {\"choices\": [42]}}"}
{"op_code": 5, "worker_id": "bba8044c-0643-4581-b8c1-28ea83e17cd0-139984703620928", "trial_id": 41, "param_name": "degree", "param_value_internal": 0, "distribution": "{\"name\": \"CategoricalDistribution\", \"attributes\": {\"choices\": [3]}}"}
{"op_code": 8, "worker_id": "bba8044c-0643-4581-b8c1-28ea83e17cd0-139984703620928", "trial_id": 41, "user_attr": {"best_epoch": 1}}
{"op_code": 8, "worker_id": "bba8044c-0643-4581-b8c1-28ea83e17cd0-139984703620928", "trial_id": 41, "user_attr": {"test_loss": 0.44451403992491084}}
{"op_code": 6, "worker_id": "bba8044c-0643-4581-b8c1-28ea83e17cd0-139984703620928", "trial_id": 41, "state": 1, "values": [0.44440431664882624], "datetime_complete": "2024-08-18T09:50:30.024356"}
{"op_code": 4, "worker_id": "bba8044c-0643-4581-b8c1-28ea83e17cd0-139984703620928", "study_id": 0, "datetime_start": "2024-08-18T09:50:30.033166"}
{"op_code": 5, "worker_id": "bba8044c-0643-4581-b8c1-28ea83e17cd0-139984703620928", "trial_id": 42, "param_name": "lr", "param_value_internal": 0.00015099985911737936, "distribution": "{\"name\": \"FloatDistribution\", \"attributes\": {\"step\": null, \"low\": 1e-05, \"high\": 0.001, \"log\": true}}"}
{"op_code": 5, "worker_id": "bba8044c-0643-4581-b8c1-28ea83e17cd0-139984703620928", "trial_id": 42, "param_name": "l2reg", "param_value_internal": 3.744228577379653e-05, "distribution": "{\"name\": \"FloatDistribution\", \"attributes\": {\"step\": null, \"low\": 1e-08, \"high\": 0.001, \"log\": true}}"}
{"op_code": 5, "worker_id": "bba8044c-0643-4581-b8c1-28ea83e17cd0-139984703620928", "trial_id": 42, "param_name": "random_seed", "param_value_internal": 0, "distribution": "{\"name\": \"CategoricalDistribution\", \"attributes\": {\"choices\": [42]}}"}
{"op_code": 5, "worker_id": "bba8044c-0643-4581-b8c1-28ea83e17cd0-139984703620928", "trial_id": 42, "param_name": "degree", "param_value_internal": 0, "distribution": "{\"name\": \"CategoricalDistribution\", \"attributes\": {\"choices\": [3]}}"}
{"op_code": 8, "worker_id": "bba8044c-0643-4581-b8c1-28ea83e17cd0-139984703620928", "trial_id": 42, "user_attr": {"best_epoch": 1}}
{"op_code": 8, "worker_id": "bba8044c-0643-4581-b8c1-28ea83e17cd0-139984703620928", "trial_id": 42, "user_attr": {"test_loss": 0.4445633724571216}}
{"op_code": 6, "worker_id": "bba8044c-0643-4581-b8c1-28ea83e17cd0-139984703620928", "trial_id": 42, "state": 1, "values": [0.4444493904839363], "datetime_complete": "2024-08-18T10:14:34.121725"}
{"op_code": 4, "worker_id": "bba8044c-0643-4581-b8c1-28ea83e17cd0-139984703620928", "study_id": 0, "datetime_start": "2024-08-18T10:14:34.130226"}
{"op_code": 5, "worker_id": "bba8044c-0643-4581-b8c1-28ea83e17cd0-139984703620928", "trial_id": 43, "param_name": "lr", "param_value_internal": 0.00021048432607708464, "distribution": "{\"name\": \"FloatDistribution\", \"attributes\": {\"step\": null, \"low\": 1e-05, \"high\": 0.001, \"log\": true}}"}
{"op_code": 5, "worker_id": "bba8044c-0643-4581-b8c1-28ea83e17cd0-139984703620928", "trial_id": 43, "param_name": "l2reg", "param_value_internal": 1.1050857178818845e-05, "distribution": "{\"name\": \"FloatDistribution\", \"attributes\": {\"step\": null, \"low\": 1e-08, \"high\": 0.001, \"log\": true}}"}
{"op_code": 5, "worker_id": "bba8044c-0643-4581-b8c1-28ea83e17cd0-139984703620928", "trial_id": 43, "param_name": "random_seed", "param_value_internal": 0, "distribution": "{\"name\": \"CategoricalDistribution\", \"attributes\": {\"choices\": [42]}}"}
{"op_code": 5, "worker_id": "bba8044c-0643-4581-b8c1-28ea83e17cd0-139984703620928", "trial_id": 43, "param_name": "degree", "param_value_internal": 0, "distribution": "{\"name\": \"CategoricalDistribution\", \"attributes\": {\"choices\": [3]}}"}
{"op_code": 8, "worker_id": "bba8044c-0643-4581-b8c1-28ea83e17cd0-139984703620928", "trial_id": 43, "user_attr": {"best_epoch": 1}}
{"op_code": 8, "worker_id": "bba8044c-0643-4581-b8c1-28ea83e17cd0-139984703620928", "trial_id": 43, "user_attr": {"test_loss": 0.44465737095555136}}
{"op_code": 6, "worker_id": "bba8044c-0643-4581-b8c1-28ea83e17cd0-139984703620928", "trial_id": 43, "state": 1, "values": [0.4445450808874758], "datetime_complete": "2024-08-18T10:38:42.124619"}
{"op_code": 4, "worker_id": "bba8044c-0643-4581-b8c1-28ea83e17cd0-139984703620928", "study_id": 0, "datetime_start": "2024-08-18T10:38:42.134033"}
{"op_code": 5, "worker_id": "bba8044c-0643-4581-b8c1-28ea83e17cd0-139984703620928", "trial_id": 44, "param_name": "lr", "param_value_internal": 0.0001595786038665253, "distribution": "{\"name\": \"FloatDistribution\", \"attributes\": {\"step\": null, \"low\": 1e-05, \"high\": 0.001, \"log\": true}}"}
{"op_code": 5, "worker_id": "bba8044c-0643-4581-b8c1-28ea83e17cd0-139984703620928", "trial_id": 44, "param_name": "l2reg", "param_value_internal": 5.1146925422430115e-05, "distribution": "{\"name\": \"FloatDistribution\", \"attributes\": {\"step\": null, \"low\": 1e-08, \"high\": 0.001, \"log\": true}}"}
{"op_code": 5, "worker_id": "bba8044c-0643-4581-b8c1-28ea83e17cd0-139984703620928", "trial_id": 44, "param_name": "random_seed", "param_value_internal": 0, "distribution": "{\"name\": \"CategoricalDistribution\", \"attributes\": {\"choices\": [42]}}"}
{"op_code": 5, "worker_id": "bba8044c-0643-4581-b8c1-28ea83e17cd0-139984703620928", "trial_id": 44, "param_name": "degree", "param_value_internal": 0, "distribution": "{\"name\": \"CategoricalDistribution\", \"attributes\": {\"choices\": [3]}}"}
{"op_code": 8, "worker_id": "bba8044c-0643-4581-b8c1-28ea83e17cd0-139984703620928", "trial_id": 44, "user_attr": {"best_epoch": 1}}
{"op_code": 8, "worker_id": "bba8044c-0643-4581-b8c1-28ea83e17cd0-139984703620928", "trial_id": 44, "user_attr": {"test_loss": 0.4445252291262639}}
{"op_code": 6, "worker_id": "bba8044c-0643-4581-b8c1-28ea83e17cd0-139984703620928", "trial_id": 44, "state": 1, "values": [0.44441358755235577], "datetime_complete": "2024-08-18T11:02:15.153028"}
{"op_code": 4, "worker_id": "bba8044c-0643-4581-b8c1-28ea83e17cd0-139984703620928", "study_id": 0, "datetime_start": "2024-08-18T11:02:15.166409"}
{"op_code": 5, "worker_id": "bba8044c-0643-4581-b8c1-28ea83e17cd0-139984703620928", "trial_id": 45, "param_name": "lr", "param_value_internal": 0.00011738286616479068, "distribution": "{\"name\": \"FloatDistribution\", \"attributes\": {\"step\": null, \"low\": 1e-05, \"high\": 0.001, \"log\": true}}"}
{"op_code": 5, "worker_id": "bba8044c-0643-4581-b8c1-28ea83e17cd0-139984703620928", "trial_id": 45, "param_name": "l2reg", "param_value_internal": 0.00019036913858117414, "distribution": "{\"name\": \"FloatDistribution\", \"attributes\": {\"step\": null, \"low\": 1e-08, \"high\": 0.001, \"log\": true}}"}
{"op_code": 5, "worker_id": "bba8044c-0643-4581-b8c1-28ea83e17cd0-139984703620928", "trial_id": 45, "param_name": "random_seed", "param_value_internal": 0, "distribution": "{\"name\": \"CategoricalDistribution\", \"attributes\": {\"choices\": [42]}}"}
{"op_code": 5, "worker_id": "bba8044c-0643-4581-b8c1-28ea83e17cd0-139984703620928", "trial_id": 45, "param_name": "degree", "param_value_internal": 0, "distribution": "{\"name\": \"CategoricalDistribution\", \"attributes\": {\"choices\": [3]}}"}
{"op_code": 0, "worker_id": "8de99f6e-5b88-4bb2-8abd-5e7e2f2cedcf-139745299392320", "study_name": "criteo_splines_3", "directions": [1]}
{"op_code": 8, "worker_id": "bba8044c-0643-4581-b8c1-28ea83e17cd0-139984703620928", "trial_id": 45, "user_attr": {"best_epoch": 1}}
{"op_code": 8, "worker_id": "bba8044c-0643-4581-b8c1-28ea83e17cd0-139984703620928", "trial_id": 45, "user_attr": {"test_loss": 0.44505030581219646}}
{"op_code": 6, "worker_id": "bba8044c-0643-4581-b8c1-28ea83e17cd0-139984703620928", "trial_id": 45, "state": 1, "values": [0.44492419365406893], "datetime_complete": "2024-08-18T11:25:34.192680"}
{"op_code": 4, "worker_id": "bba8044c-0643-4581-b8c1-28ea83e17cd0-139984703620928", "study_id": 0, "datetime_start": "2024-08-18T11:25:34.204326"}
{"op_code": 5, "worker_id": "bba8044c-0643-4581-b8c1-28ea83e17cd0-139984703620928", "trial_id": 46, "param_name": "lr", "param_value_internal": 0.00033780422643471764, "distribution": "{\"name\": \"FloatDistribution\", \"attributes\": {\"step\": null, \"low\": 1e-05, \"high\": 0.001, \"log\": true}}"}
{"op_code": 5, "worker_id": "bba8044c-0643-4581-b8c1-28ea83e17cd0-139984703620928", "trial_id": 46, "param_name": "l2reg", "param_value_internal": 5.7460639111639366e-05, "distribution": "{\"name\": \"FloatDistribution\", \"attributes\": {\"step\": null, \"low\": 1e-08, \"high\": 0.001, \"log\": true}}"}
{"op_code": 5, "worker_id": "bba8044c-0643-4581-b8c1-28ea83e17cd0-139984703620928", "trial_id": 46, "param_name": "random_seed", "param_value_internal": 0, "distribution": "{\"name\": \"CategoricalDistribution\", \"attributes\": {\"choices\": [42]}}"}
{"op_code": 5, "worker_id": "bba8044c-0643-4581-b8c1-28ea83e17cd0-139984703620928", "trial_id": 46, "param_name": "degree", "param_value_internal": 0, "distribution": "{\"name\": \"CategoricalDistribution\", \"attributes\": {\"choices\": [3]}}"}
{"op_code": 8, "worker_id": "bba8044c-0643-4581-b8c1-28ea83e17cd0-139984703620928", "trial_id": 46, "user_attr": {"best_epoch": 0}}
{"op_code": 8, "worker_id": "bba8044c-0643-4581-b8c1-28ea83e17cd0-139984703620928", "trial_id": 46, "user_attr": {"test_loss": 0.4450288032512549}}
{"op_code": 6, "worker_id": "bba8044c-0643-4581-b8c1-28ea83e17cd0-139984703620928", "trial_id": 46, "state": 1, "values": [0.44496586721201586], "datetime_complete": "2024-08-18T11:44:44.177337"}
{"op_code": 4, "worker_id": "bba8044c-0643-4581-b8c1-28ea83e17cd0-139984703620928", "study_id": 0, "datetime_start": "2024-08-18T11:44:44.204164"}
{"op_code": 5, "worker_id": "bba8044c-0643-4581-b8c1-28ea83e17cd0-139984703620928", "trial_id": 47, "param_name": "lr", "param_value_internal": 0.0002414498515264687, "distribution": "{\"name\": \"FloatDistribution\", \"attributes\": {\"step\": null, \"low\": 1e-05, \"high\": 0.001, \"log\": true}}"}
{"op_code": 5, "worker_id": "bba8044c-0643-4581-b8c1-28ea83e17cd0-139984703620928", "trial_id": 47, "param_name": "l2reg", "param_value_internal": 2.561259745592853e-05, "distribution": "{\"name\": \"FloatDistribution\", \"attributes\": {\"step\": null, \"low\": 1e-08, \"high\": 0.001, \"log\": true}}"}
{"op_code": 5, "worker_id": "bba8044c-0643-4581-b8c1-28ea83e17cd0-139984703620928", "trial_id": 47, "param_name": "random_seed", "param_value_internal": 0, "distribution": "{\"name\": \"CategoricalDistribution\", \"attributes\": {\"choices\": [42]}}"}
{"op_code": 5, "worker_id": "bba8044c-0643-4581-b8c1-28ea83e17cd0-139984703620928", "trial_id": 47, "param_name": "degree", "param_value_internal": 0, "distribution": "{\"name\": \"CategoricalDistribution\", \"attributes\": {\"choices\": [3]}}"}
{"op_code": 8, "worker_id": "bba8044c-0643-4581-b8c1-28ea83e17cd0-139984703620928", "trial_id": 47, "user_attr": {"best_epoch": 1}}
{"op_code": 8, "worker_id": "bba8044c-0643-4581-b8c1-28ea83e17cd0-139984703620928", "trial_id": 47, "user_attr": {"test_loss": 0.4448726480149616}}
{"op_code": 6, "worker_id": "bba8044c-0643-4581-b8c1-28ea83e17cd0-139984703620928", "trial_id": 47, "state": 1, "values": [0.44475790014916894], "datetime_complete": "2024-08-18T12:08:07.212291"}
{"op_code": 4, "worker_id": "bba8044c-0643-4581-b8c1-28ea83e17cd0-139984703620928", "study_id": 0, "datetime_start": "2024-08-18T12:08:07.221757"}
{"op_code": 5, "worker_id": "bba8044c-0643-4581-b8c1-28ea83e17cd0-139984703620928", "trial_id": 48, "param_name": "lr", "param_value_internal": 0.00016204312232823923, "distribution": "{\"name\": \"FloatDistribution\", \"attributes\": {\"step\": null, \"low\": 1e-05, \"high\": 0.001, \"log\": true}}"}
{"op_code": 5, "worker_id": "bba8044c-0643-4581-b8c1-28ea83e17cd0-139984703620928", "trial_id": 48, "param_name": "l2reg", "param_value_internal": 1.994945539949845e-06, "distribution": "{\"name\": \"FloatDistribution\", \"attributes\": {\"step\": null, \"low\": 1e-08, \"high\": 0.001, \"log\": true}}"}
{"op_code": 5, "worker_id": "bba8044c-0643-4581-b8c1-28ea83e17cd0-139984703620928", "trial_id": 48, "param_name": "random_seed", "param_value_internal": 0, "distribution": "{\"name\": \"CategoricalDistribution\", \"attributes\": {\"choices\": [42]}}"}
{"op_code": 5, "worker_id": "bba8044c-0643-4581-b8c1-28ea83e17cd0-139984703620928", "trial_id": 48, "param_name": "degree", "param_value_internal": 0, "distribution": "{\"name\": \"CategoricalDistribution\", \"attributes\": {\"choices\": [3]}}"}
{"op_code": 8, "worker_id": "bba8044c-0643-4581-b8c1-28ea83e17cd0-139984703620928", "trial_id": 48, "user_attr": {"best_epoch": 1}}
{"op_code": 8, "worker_id": "bba8044c-0643-4581-b8c1-28ea83e17cd0-139984703620928", "trial_id": 48, "user_attr": {"test_loss": 0.44451912763027657}}
{"op_code": 6, "worker_id": "bba8044c-0643-4581-b8c1-28ea83e17cd0-139984703620928", "trial_id": 48, "state": 1, "values": [0.4444079136608632], "datetime_complete": "2024-08-18T12:31:29.115867"}
{"op_code": 4, "worker_id": "bba8044c-0643-4581-b8c1-28ea83e17cd0-139984703620928", "study_id": 0, "datetime_start": "2024-08-18T12:31:29.153624"}
{"op_code": 5, "worker_id": "bba8044c-0643-4581-b8c1-28ea83e17cd0-139984703620928", "trial_id": 49, "param_name": "lr", "param_value_internal": 8.71757170819836e-05, "distribution": "{\"name\": \"FloatDistribution\", \"attributes\": {\"step\": null, \"low\": 1e-05, \"high\": 0.001, \"log\": true}}"}
{"op_code": 5, "worker_id": "bba8044c-0643-4581-b8c1-28ea83e17cd0-139984703620928", "trial_id": 49, "param_name": "l2reg", "param_value_internal": 3.6533726801628215e-07, "distribution": "{\"name\": \"FloatDistribution\", \"attributes\": {\"step\": null, \"low\": 1e-08, \"high\": 0.001, \"log\": true}}"}
{"op_code": 5, "worker_id": "bba8044c-0643-4581-b8c1-28ea83e17cd0-139984703620928", "trial_id": 49, "param_name": "random_seed", "param_value_internal": 0, "distribution": "{\"name\": \"CategoricalDistribution\", \"attributes\": {\"choices\": [42]}}"}
{"op_code": 5, "worker_id": "bba8044c-0643-4581-b8c1-28ea83e17cd0-139984703620928", "trial_id": 49, "param_name": "degree", "param_value_internal": 0, "distribution": "{\"name\": \"CategoricalDistribution\", \"attributes\": {\"choices\": [3]}}"}
{"op_code": 8, "worker_id": "bba8044c-0643-4581-b8c1-28ea83e17cd0-139984703620928", "trial_id": 49, "user_attr": {"best_epoch": 2}}
{"op_code": 8, "worker_id": "bba8044c-0643-4581-b8c1-28ea83e17cd0-139984703620928", "trial_id": 49, "user_attr": {"test_loss": 0.444970130849208}}
{"op_code": 6, "worker_id": "bba8044c-0643-4581-b8c1-28ea83e17cd0-139984703620928", "trial_id": 49, "state": 1, "values": [0.4449102455572447], "datetime_complete": "2024-08-18T12:59:00.189549"}
{"op_code": 4, "worker_id": "bba8044c-0643-4581-b8c1-28ea83e17cd0-139984703620928", "study_id": 0, "datetime_start": "2024-08-18T12:59:00.200178"}
{"op_code": 5, "worker_id": "bba8044c-0643-4581-b8c1-28ea83e17cd0-139984703620928", "trial_id": 50, "param_name": "lr", "param_value_internal": 0.00015534050917641646, "distribution": "{\"name\": \"FloatDistribution\", \"attributes\": {\"step\": null, \"low\": 1e-05, \"high\": 0.001, \"log\": true}}"}
{"op_code": 5, "worker_id": "bba8044c-0643-4581-b8c1-28ea83e17cd0-139984703620928", "trial_id": 50, "param_name": "l2reg", "param_value_internal": 1.740908562077621e-06, "distribution": "{\"name\": \"FloatDistribution\", \"attributes\": {\"step\": null, \"low\": 1e-08, \"high\": 0.001, \"log\": true}}"}
{"op_code": 5, "worker_id": "bba8044c-0643-4581-b8c1-28ea83e17cd0-139984703620928", "trial_id": 50, "param_name": "random_seed", "param_value_internal": 0, "distribution": "{\"name\": \"CategoricalDistribution\", \"attributes\": {\"choices\": [42]}}"}
{"op_code": 5, "worker_id": "bba8044c-0643-4581-b8c1-28ea83e17cd0-139984703620928", "trial_id": 50, "param_name": "degree", "param_value_internal": 0, "distribution": "{\"name\": \"CategoricalDistribution\", \"attributes\": {\"choices\": [3]}}"}
{"op_code": 8, "worker_id": "bba8044c-0643-4581-b8c1-28ea83e17cd0-139984703620928", "trial_id": 50, "user_attr": {"best_epoch": 1}}
{"op_code": 8, "worker_id": "bba8044c-0643-4581-b8c1-28ea83e17cd0-139984703620928", "trial_id": 50, "user_attr": {"test_loss": 0.4445407843982294}}
{"op_code": 6, "worker_id": "bba8044c-0643-4581-b8c1-28ea83e17cd0-139984703620928", "trial_id": 50, "state": 1, "values": [0.44442814335868], "datetime_complete": "2024-08-18T13:22:24.112304"}
{"op_code": 0, "worker_id": "e9864e1f-2b68-4c20-98e9-d046ca7b661e-140361245218624", "study_name": "criteo_splines_3", "directions": [1]}
