{"op_code": 0, "worker_id": "0eff42fd-bfa2-4a51-b1bf-d818e31c6c69-139808118376256", "study_name": "criteo_splines_3_12", "directions": [1]}
{"op_code": 4, "worker_id": "0eff42fd-bfa2-4a51-b1bf-d818e31c6c69-139808118376256", "study_id": 0, "datetime_start": "2024-08-18T14:27:17.309796"}
{"op_code": 5, "worker_id": "0eff42fd-bfa2-4a51-b1bf-d818e31c6c69-139808118376256", "trial_id": 0, "param_name": "lr", "param_value_internal": 5.6115164153345e-05, "distribution": "{\"name\": \"FloatDistribution\", \"attributes\": {\"step\": null, \"low\": 1e-05, \"high\": 0.001, \"log\": true}}"}
{"op_code": 5, "worker_id": "0eff42fd-bfa2-4a51-b1bf-d818e31c6c69-139808118376256", "trial_id": 0, "param_name": "l2reg", "param_value_internal": 0.0005669849511478851, "distribution": "{\"name\": \"FloatDistribution\", \"attributes\": {\"step\": null, \"low\": 1e-08, \"high\": 0.001, \"log\": true}}"}
{"op_code": 5, "worker_id": "0eff42fd-bfa2-4a51-b1bf-d818e31c6c69-139808118376256", "trial_id": 0, "param_name": "random_seed", "param_value_internal": 0, "distribution": "{\"name\": \"CategoricalDistribution\", \"attributes\": {\"choices\": [42]}}"}
{"op_code": 5, "worker_id": "0eff42fd-bfa2-4a51-b1bf-d818e31c6c69-139808118376256", "trial_id": 0, "param_name": "degree", "param_value_internal": 0, "distribution": "{\"name\": \"CategoricalDistribution\", \"attributes\": {\"choices\": [3]}}"}
{"op_code": 8, "worker_id": "0eff42fd-bfa2-4a51-b1bf-d818e31c6c69-139808118376256", "trial_id": 0, "user_attr": {"best_epoch": 4}}
{"op_code": 8, "worker_id": "0eff42fd-bfa2-4a51-b1bf-d818e31c6c69-139808118376256", "trial_id": 0, "user_attr": {"test_loss": 0.4458917579927668}}
{"op_code": 6, "worker_id": "0eff42fd-bfa2-4a51-b1bf-d818e31c6c69-139808118376256", "trial_id": 0, "state": 1, "values": [0.44574633443730327], "datetime_complete": "2024-08-18T14:59:04.514860"}
{"op_code": 4, "worker_id": "0eff42fd-bfa2-4a51-b1bf-d818e31c6c69-139808118376256", "study_id": 0, "datetime_start": "2024-08-18T14:59:04.523403"}
{"op_code": 5, "worker_id": "0eff42fd-bfa2-4a51-b1bf-d818e31c6c69-139808118376256", "trial_id": 1, "param_name": "lr", "param_value_internal": 0.000291063591313307, "distribution": "{\"name\": \"FloatDistribution\", \"attributes\": {\"step\": null, \"low\": 1e-05, \"high\": 0.001, \"log\": true}}"}
{"op_code": 5, "worker_id": "0eff42fd-bfa2-4a51-b1bf-d818e31c6c69-139808118376256", "trial_id": 1, "param_name": "l2reg", "param_value_internal": 9.846738873614555e-06, "distribution": "{\"name\": \"FloatDistribution\", \"attributes\": {\"step\": null, \"low\": 1e-08, \"high\": 0.001, \"log\": true}}"}
{"op_code": 5, "worker_id": "0eff42fd-bfa2-4a51-b1bf-d818e31c6c69-139808118376256", "trial_id": 1, "param_name": "random_seed", "param_value_internal": 0, "distribution": "{\"name\": \"CategoricalDistribution\", \"attributes\": {\"choices\": [42]}}"}
{"op_code": 5, "worker_id": "0eff42fd-bfa2-4a51-b1bf-d818e31c6c69-139808118376256", "trial_id": 1, "param_name": "degree", "param_value_internal": 0, "distribution": "{\"name\": \"CategoricalDistribution\", \"attributes\": {\"choices\": [3]}}"}
{"op_code": 8, "worker_id": "0eff42fd-bfa2-4a51-b1bf-d818e31c6c69-139808118376256", "trial_id": 1, "user_attr": {"best_epoch": 1}}
{"op_code": 8, "worker_id": "0eff42fd-bfa2-4a51-b1bf-d818e31c6c69-139808118376256", "trial_id": 1, "user_attr": {"test_loss": 0.44553243324842073}}
{"op_code": 6, "worker_id": "0eff42fd-bfa2-4a51-b1bf-d818e31c6c69-139808118376256", "trial_id": 1, "state": 1, "values": [0.44535519662110445], "datetime_complete": "2024-08-18T15:19:56.100647"}
{"op_code": 4, "worker_id": "0eff42fd-bfa2-4a51-b1bf-d818e31c6c69-139808118376256", "study_id": 0, "datetime_start": "2024-08-18T15:19:56.109048"}
{"op_code": 5, "worker_id": "0eff42fd-bfa2-4a51-b1bf-d818e31c6c69-139808118376256", "trial_id": 2, "param_name": "lr", "param_value_internal": 2.0513382630874486e-05, "distribution": "{\"name\": \"FloatDistribution\", \"attributes\": {\"step\": null, \"low\": 1e-05, \"high\": 0.001, \"log\": true}}"}
{"op_code": 5, "worker_id": "0eff42fd-bfa2-4a51-b1bf-d818e31c6c69-139808118376256", "trial_id": 2, "param_name": "l2reg", "param_value_internal": 6.02521573620385e-08, "distribution": "{\"name\": \"FloatDistribution\", \"attributes\": {\"step\": null, \"low\": 1e-08, \"high\": 0.001, \"log\": true}}"}
{"op_code": 5, "worker_id": "0eff42fd-bfa2-4a51-b1bf-d818e31c6c69-139808118376256", "trial_id": 2, "param_name": "random_seed", "param_value_internal": 0, "distribution": "{\"name\": \"CategoricalDistribution\", \"attributes\": {\"choices\": [42]}}"}
{"op_code": 5, "worker_id": "0eff42fd-bfa2-4a51-b1bf-d818e31c6c69-139808118376256", "trial_id": 2, "param_name": "degree", "param_value_internal": 0, "distribution": "{\"name\": \"CategoricalDistribution\", \"attributes\": {\"choices\": [3]}}"}
{"op_code": 8, "worker_id": "0eff42fd-bfa2-4a51-b1bf-d818e31c6c69-139808118376256", "trial_id": 2, "user_attr": {"best_epoch": 13}}
{"op_code": 8, "worker_id": "0eff42fd-bfa2-4a51-b1bf-d818e31c6c69-139808118376256", "trial_id": 2, "user_attr": {"test_loss": 0.4464401436164612}}
{"op_code": 6, "worker_id": "0eff42fd-bfa2-4a51-b1bf-d818e31c6c69-139808118376256", "trial_id": 2, "state": 1, "values": [0.44628701211574656], "datetime_complete": "2024-08-18T16:24:21.675771"}
{"op_code": 4, "worker_id": "0eff42fd-bfa2-4a51-b1bf-d818e31c6c69-139808118376256", "study_id": 0, "datetime_start": "2024-08-18T16:24:21.684640"}
{"op_code": 5, "worker_id": "0eff42fd-bfa2-4a51-b1bf-d818e31c6c69-139808118376256", "trial_id": 3, "param_name": "lr", "param_value_internal": 1.3066739238053272e-05, "distribution": "{\"name\": \"FloatDistribution\", \"attributes\": {\"step\": null, \"low\": 1e-05, \"high\": 0.001, \"log\": true}}"}
{"op_code": 5, "worker_id": "0eff42fd-bfa2-4a51-b1bf-d818e31c6c69-139808118376256", "trial_id": 3, "param_name": "l2reg", "param_value_internal": 0.00021423021757741048, "distribution": "{\"name\": \"FloatDistribution\", \"attributes\": {\"step\": null, \"low\": 1e-08, \"high\": 0.001, \"log\": true}}"}
{"op_code": 5, "worker_id": "0eff42fd-bfa2-4a51-b1bf-d818e31c6c69-139808118376256", "trial_id": 3, "param_name": "random_seed", "param_value_internal": 0, "distribution": "{\"name\": \"CategoricalDistribution\", \"attributes\": {\"choices\": [42]}}"}
{"op_code": 5, "worker_id": "0eff42fd-bfa2-4a51-b1bf-d818e31c6c69-139808118376256", "trial_id": 3, "param_name": "degree", "param_value_internal": 0, "distribution": "{\"name\": \"CategoricalDistribution\", \"attributes\": {\"choices\": [3]}}"}
{"op_code": 8, "worker_id": "0eff42fd-bfa2-4a51-b1bf-d818e31c6c69-139808118376256", "trial_id": 3, "user_attr": {"best_epoch": 19}}
{"op_code": 8, "worker_id": "0eff42fd-bfa2-4a51-b1bf-d818e31c6c69-139808118376256", "trial_id": 3, "user_attr": {"test_loss": 0.44675467547554626}}
{"op_code": 6, "worker_id": "0eff42fd-bfa2-4a51-b1bf-d818e31c6c69-139808118376256", "trial_id": 3, "state": 1, "values": [0.44662833966905335], "datetime_complete": "2024-08-18T17:40:01.365898"}
{"op_code": 4, "worker_id": "0eff42fd-bfa2-4a51-b1bf-d818e31c6c69-139808118376256", "study_id": 0, "datetime_start": "2024-08-18T17:40:01.382713"}
{"op_code": 5, "worker_id": "0eff42fd-bfa2-4a51-b1bf-d818e31c6c69-139808118376256", "trial_id": 4, "param_name": "lr", "param_value_internal": 0.00015930522616241006, "distribution": "{\"name\": \"FloatDistribution\", \"attributes\": {\"step\": null, \"low\": 1e-05, \"high\": 0.001, \"log\": true}}"}
{"op_code": 5, "worker_id": "0eff42fd-bfa2-4a51-b1bf-d818e31c6c69-139808118376256", "trial_id": 4, "param_name": "l2reg", "param_value_internal": 3.47026698865041e-05, "distribution": "{\"name\": \"FloatDistribution\", \"attributes\": {\"step\": null, \"low\": 1e-08, \"high\": 0.001, \"log\": true}}"}
{"op_code": 5, "worker_id": "0eff42fd-bfa2-4a51-b1bf-d818e31c6c69-139808118376256", "trial_id": 4, "param_name": "random_seed", "param_value_internal": 0, "distribution": "{\"name\": \"CategoricalDistribution\", \"attributes\": {\"choices\": [42]}}"}
{"op_code": 5, "worker_id": "0eff42fd-bfa2-4a51-b1bf-d818e31c6c69-139808118376256", "trial_id": 4, "param_name": "degree", "param_value_internal": 0, "distribution": "{\"name\": \"CategoricalDistribution\", \"attributes\": {\"choices\": [3]}}"}
{"op_code": 8, "worker_id": "0eff42fd-bfa2-4a51-b1bf-d818e31c6c69-139808118376256", "trial_id": 4, "user_attr": {"best_epoch": 1}}
{"op_code": 8, "worker_id": "0eff42fd-bfa2-4a51-b1bf-d818e31c6c69-139808118376256", "trial_id": 4, "user_attr": {"test_loss": 0.44513449645525394}}
{"op_code": 6, "worker_id": "0eff42fd-bfa2-4a51-b1bf-d818e31c6c69-139808118376256", "trial_id": 4, "state": 1, "values": [0.4449508245452759], "datetime_complete": "2024-08-18T18:00:56.443715"}
{"op_code": 4, "worker_id": "0eff42fd-bfa2-4a51-b1bf-d818e31c6c69-139808118376256", "study_id": 0, "datetime_start": "2024-08-18T18:00:56.456612"}
{"op_code": 5, "worker_id": "0eff42fd-bfa2-4a51-b1bf-d818e31c6c69-139808118376256", "trial_id": 5, "param_name": "lr", "param_value_internal": 1.0994335574766187e-05, "distribution": "{\"name\": \"FloatDistribution\", \"attributes\": {\"step\": null, \"low\": 1e-05, \"high\": 0.001, \"log\": true}}"}
{"op_code": 5, "worker_id": "0eff42fd-bfa2-4a51-b1bf-d818e31c6c69-139808118376256", "trial_id": 5, "param_name": "l2reg", "param_value_internal": 0.0007072114131472234, "distribution": "{\"name\": \"FloatDistribution\", \"attributes\": {\"step\": null, \"low\": 1e-08, \"high\": 0.001, \"log\": true}}"}
{"op_code": 5, "worker_id": "0eff42fd-bfa2-4a51-b1bf-d818e31c6c69-139808118376256", "trial_id": 5, "param_name": "random_seed", "param_value_internal": 0, "distribution": "{\"name\": \"CategoricalDistribution\", \"attributes\": {\"choices\": [42]}}"}
{"op_code": 5, "worker_id": "0eff42fd-bfa2-4a51-b1bf-d818e31c6c69-139808118376256", "trial_id": 5, "param_name": "degree", "param_value_internal": 0, "distribution": "{\"name\": \"CategoricalDistribution\", \"attributes\": {\"choices\": [3]}}"}
{"op_code": 8, "worker_id": "0eff42fd-bfa2-4a51-b1bf-d818e31c6c69-139808118376256", "trial_id": 5, "user_attr": {"best_epoch": 19}}
{"op_code": 8, "worker_id": "0eff42fd-bfa2-4a51-b1bf-d818e31c6c69-139808118376256", "trial_id": 5, "user_attr": {"test_loss": 0.447343927335469}}
{"op_code": 6, "worker_id": "0eff42fd-bfa2-4a51-b1bf-d818e31c6c69-139808118376256", "trial_id": 5, "state": 1, "values": [0.4472170097175824], "datetime_complete": "2024-08-18T19:16:13.268642"}
{"op_code": 4, "worker_id": "0eff42fd-bfa2-4a51-b1bf-d818e31c6c69-139808118376256", "study_id": 0, "datetime_start": "2024-08-18T19:16:13.277496"}
{"op_code": 5, "worker_id": "0eff42fd-bfa2-4a51-b1bf-d818e31c6c69-139808118376256", "trial_id": 6, "param_name": "lr", "param_value_internal": 0.000462258900102083, "distribution": "{\"name\": \"FloatDistribution\", \"attributes\": {\"step\": null, \"low\": 1e-05, \"high\": 0.001, \"log\": true}}"}
{"op_code": 5, "worker_id": "0eff42fd-bfa2-4a51-b1bf-d818e31c6c69-139808118376256", "trial_id": 6, "param_name": "l2reg", "param_value_internal": 1.1526449540315595e-07, "distribution": "{\"name\": \"FloatDistribution\", \"attributes\": {\"step\": null, \"low\": 1e-08, \"high\": 0.001, \"log\": true}}"}
{"op_code": 5, "worker_id": "0eff42fd-bfa2-4a51-b1bf-d818e31c6c69-139808118376256", "trial_id": 6, "param_name": "random_seed", "param_value_internal": 0, "distribution": "{\"name\": \"CategoricalDistribution\", \"attributes\": {\"choices\": [42]}}"}
{"op_code": 5, "worker_id": "0eff42fd-bfa2-4a51-b1bf-d818e31c6c69-139808118376256", "trial_id": 6, "param_name": "degree", "param_value_internal": 0, "distribution": "{\"name\": \"CategoricalDistribution\", \"attributes\": {\"choices\": [3]}}"}
{"op_code": 8, "worker_id": "0eff42fd-bfa2-4a51-b1bf-d818e31c6c69-139808118376256", "trial_id": 6, "user_attr": {"best_epoch": 0}}
{"op_code": 8, "worker_id": "0eff42fd-bfa2-4a51-b1bf-d818e31c6c69-139808118376256", "trial_id": 6, "user_attr": {"test_loss": 0.445396927498934}}
{"op_code": 6, "worker_id": "0eff42fd-bfa2-4a51-b1bf-d818e31c6c69-139808118376256", "trial_id": 6, "state": 1, "values": [0.4453309822889248], "datetime_complete": "2024-08-18T19:33:12.959095"}
{"op_code": 4, "worker_id": "0eff42fd-bfa2-4a51-b1bf-d818e31c6c69-139808118376256", "study_id": 0, "datetime_start": "2024-08-18T19:33:12.967863"}
{"op_code": 5, "worker_id": "0eff42fd-bfa2-4a51-b1bf-d818e31c6c69-139808118376256", "trial_id": 7, "param_name": "lr", "param_value_internal": 2.3102018878452926e-05, "distribution": "{\"name\": \"FloatDistribution\", \"attributes\": {\"step\": null, \"low\": 1e-05, \"high\": 0.001, \"log\": true}}"}
{"op_code": 5, "worker_id": "0eff42fd-bfa2-4a51-b1bf-d818e31c6c69-139808118376256", "trial_id": 7, "param_name": "l2reg", "param_value_internal": 8.260808399079588e-08, "distribution": "{\"name\": \"FloatDistribution\", \"attributes\": {\"step\": null, \"low\": 1e-08, \"high\": 0.001, \"log\": true}}"}
{"op_code": 5, "worker_id": "0eff42fd-bfa2-4a51-b1bf-d818e31c6c69-139808118376256", "trial_id": 7, "param_name": "random_seed", "param_value_internal": 0, "distribution": "{\"name\": \"CategoricalDistribution\", \"attributes\": {\"choices\": [42]}}"}
{"op_code": 5, "worker_id": "0eff42fd-bfa2-4a51-b1bf-d818e31c6c69-139808118376256", "trial_id": 7, "param_name": "degree", "param_value_internal": 0, "distribution": "{\"name\": \"CategoricalDistribution\", \"attributes\": {\"choices\": [3]}}"}
{"op_code": 8, "worker_id": "0eff42fd-bfa2-4a51-b1bf-d818e31c6c69-139808118376256", "trial_id": 7, "user_attr": {"best_epoch": 12}}
{"op_code": 8, "worker_id": "0eff42fd-bfa2-4a51-b1bf-d818e31c6c69-139808118376256", "trial_id": 7, "user_attr": {"test_loss": 0.44643225396053454}}
{"op_code": 6, "worker_id": "0eff42fd-bfa2-4a51-b1bf-d818e31c6c69-139808118376256", "trial_id": 7, "state": 1, "values": [0.44628264917301147], "datetime_complete": "2024-08-18T20:33:30.420748"}
{"op_code": 4, "worker_id": "0eff42fd-bfa2-4a51-b1bf-d818e31c6c69-139808118376256", "study_id": 0, "datetime_start": "2024-08-18T20:33:30.430348"}
{"op_code": 5, "worker_id": "0eff42fd-bfa2-4a51-b1bf-d818e31c6c69-139808118376256", "trial_id": 8, "param_name": "lr", "param_value_internal": 4.059611610484306e-05, "distribution": "{\"name\": \"FloatDistribution\", \"attributes\": {\"step\": null, \"low\": 1e-05, \"high\": 0.001, \"log\": true}}"}
{"op_code": 5, "worker_id": "0eff42fd-bfa2-4a51-b1bf-d818e31c6c69-139808118376256", "trial_id": 8, "param_name": "l2reg", "param_value_internal": 4.2051564509138674e-06, "distribution": "{\"name\": \"FloatDistribution\", \"attributes\": {\"step\": null, \"low\": 1e-08, \"high\": 0.001, \"log\": true}}"}
{"op_code": 5, "worker_id": "0eff42fd-bfa2-4a51-b1bf-d818e31c6c69-139808118376256", "trial_id": 8, "param_name": "random_seed", "param_value_internal": 0, "distribution": "{\"name\": \"CategoricalDistribution\", \"attributes\": {\"choices\": [42]}}"}
{"op_code": 5, "worker_id": "0eff42fd-bfa2-4a51-b1bf-d818e31c6c69-139808118376256", "trial_id": 8, "param_name": "degree", "param_value_internal": 0, "distribution": "{\"name\": \"CategoricalDistribution\", \"attributes\": {\"choices\": [3]}}"}
{"op_code": 8, "worker_id": "0eff42fd-bfa2-4a51-b1bf-d818e31c6c69-139808118376256", "trial_id": 8, "user_attr": {"best_epoch": 6}}
{"op_code": 8, "worker_id": "0eff42fd-bfa2-4a51-b1bf-d818e31c6c69-139808118376256", "trial_id": 8, "user_attr": {"test_loss": 0.4460635488879439}}
{"op_code": 6, "worker_id": "0eff42fd-bfa2-4a51-b1bf-d818e31c6c69-139808118376256", "trial_id": 8, "state": 1, "values": [0.4459187797489068], "datetime_complete": "2024-08-18T21:12:07.503568"}
{"op_code": 4, "worker_id": "0eff42fd-bfa2-4a51-b1bf-d818e31c6c69-139808118376256", "study_id": 0, "datetime_start": "2024-08-18T21:12:07.523271"}
{"op_code": 5, "worker_id": "0eff42fd-bfa2-4a51-b1bf-d818e31c6c69-139808118376256", "trial_id": 9, "param_name": "lr", "param_value_internal": 7.309539835912905e-05, "distribution": "{\"name\": \"FloatDistribution\", \"attributes\": {\"step\": null, \"low\": 1e-05, \"high\": 0.001, \"log\": true}}"}
{"op_code": 5, "worker_id": "0eff42fd-bfa2-4a51-b1bf-d818e31c6c69-139808118376256", "trial_id": 9, "param_name": "l2reg", "param_value_internal": 2.8585493941961875e-07, "distribution": "{\"name\": \"FloatDistribution\", \"attributes\": {\"step\": null, \"low\": 1e-08, \"high\": 0.001, \"log\": true}}"}
{"op_code": 5, "worker_id": "0eff42fd-bfa2-4a51-b1bf-d818e31c6c69-139808118376256", "trial_id": 9, "param_name": "random_seed", "param_value_internal": 0, "distribution": "{\"name\": \"CategoricalDistribution\", \"attributes\": {\"choices\": [42]}}"}
{"op_code": 5, "worker_id": "0eff42fd-bfa2-4a51-b1bf-d818e31c6c69-139808118376256", "trial_id": 9, "param_name": "degree", "param_value_internal": 0, "distribution": "{\"name\": \"CategoricalDistribution\", \"attributes\": {\"choices\": [3]}}"}
{"op_code": 8, "worker_id": "0eff42fd-bfa2-4a51-b1bf-d818e31c6c69-139808118376256", "trial_id": 9, "user_attr": {"best_epoch": 3}}
{"op_code": 8, "worker_id": "0eff42fd-bfa2-4a51-b1bf-d818e31c6c69-139808118376256", "trial_id": 9, "user_attr": {"test_loss": 0.4456089665466954}}
{"op_code": 6, "worker_id": "0eff42fd-bfa2-4a51-b1bf-d818e31c6c69-139808118376256", "trial_id": 9, "state": 1, "values": [0.4454560896718529], "datetime_complete": "2024-08-18T21:39:57.434234"}
{"op_code": 4, "worker_id": "0eff42fd-bfa2-4a51-b1bf-d818e31c6c69-139808118376256", "study_id": 0, "datetime_start": "2024-08-18T21:39:57.443067"}
{"op_code": 5, "worker_id": "0eff42fd-bfa2-4a51-b1bf-d818e31c6c69-139808118376256", "trial_id": 10, "param_name": "lr", "param_value_internal": 0.00018471184590376964, "distribution": "{\"name\": \"FloatDistribution\", \"attributes\": {\"step\": null, \"low\": 1e-05, \"high\": 0.001, \"log\": true}}"}
{"op_code": 5, "worker_id": "0eff42fd-bfa2-4a51-b1bf-d818e31c6c69-139808118376256", "trial_id": 10, "param_name": "l2reg", "param_value_internal": 3.8521646942747446e-05, "distribution": "{\"name\": \"FloatDistribution\", \"attributes\": {\"step\": null, \"low\": 1e-08, \"high\": 0.001, \"log\": true}}"}
{"op_code": 5, "worker_id": "0eff42fd-bfa2-4a51-b1bf-d818e31c6c69-139808118376256", "trial_id": 10, "param_name": "random_seed", "param_value_internal": 0, "distribution": "{\"name\": \"CategoricalDistribution\", \"attributes\": {\"choices\": [42]}}"}
{"op_code": 5, "worker_id": "0eff42fd-bfa2-4a51-b1bf-d818e31c6c69-139808118376256", "trial_id": 10, "param_name": "degree", "param_value_internal": 0, "distribution": "{\"name\": \"CategoricalDistribution\", \"attributes\": {\"choices\": [3]}}"}
{"op_code": 8, "worker_id": "0eff42fd-bfa2-4a51-b1bf-d818e31c6c69-139808118376256", "trial_id": 10, "user_attr": {"best_epoch": 1}}
{"op_code": 8, "worker_id": "0eff42fd-bfa2-4a51-b1bf-d818e31c6c69-139808118376256", "trial_id": 10, "user_attr": {"test_loss": 0.4450416748350662}}
{"op_code": 6, "worker_id": "0eff42fd-bfa2-4a51-b1bf-d818e31c6c69-139808118376256", "trial_id": 10, "state": 1, "values": [0.4448549125208167], "datetime_complete": "2024-08-18T22:00:31.786356"}
{"op_code": 4, "worker_id": "0eff42fd-bfa2-4a51-b1bf-d818e31c6c69-139808118376256", "study_id": 0, "datetime_start": "2024-08-18T22:00:31.801251"}
{"op_code": 5, "worker_id": "0eff42fd-bfa2-4a51-b1bf-d818e31c6c69-139808118376256", "trial_id": 11, "param_name": "lr", "param_value_internal": 0.00015320252245209042, "distribution": "{\"name\": \"FloatDistribution\", \"attributes\": {\"step\": null, \"low\": 1e-05, \"high\": 0.001, \"log\": true}}"}
{"op_code": 5, "worker_id": "0eff42fd-bfa2-4a51-b1bf-d818e31c6c69-139808118376256", "trial_id": 11, "param_name": "l2reg", "param_value_internal": 4.011123221868182e-05, "distribution": "{\"name\": \"FloatDistribution\", \"attributes\": {\"step\": null, \"low\": 1e-08, \"high\": 0.001, \"log\": true}}"}
{"op_code": 5, "worker_id": "0eff42fd-bfa2-4a51-b1bf-d818e31c6c69-139808118376256", "trial_id": 11, "param_name": "random_seed", "param_value_internal": 0, "distribution": "{\"name\": \"CategoricalDistribution\", \"attributes\": {\"choices\": [42]}}"}
{"op_code": 5, "worker_id": "0eff42fd-bfa2-4a51-b1bf-d818e31c6c69-139808118376256", "trial_id": 11, "param_name": "degree", "param_value_internal": 0, "distribution": "{\"name\": \"CategoricalDistribution\", \"attributes\": {\"choices\": [3]}}"}
{"op_code": 8, "worker_id": "0eff42fd-bfa2-4a51-b1bf-d818e31c6c69-139808118376256", "trial_id": 11, "user_attr": {"best_epoch": 1}}
{"op_code": 8, "worker_id": "0eff42fd-bfa2-4a51-b1bf-d818e31c6c69-139808118376256", "trial_id": 11, "user_attr": {"test_loss": 0.4451865245549361}}
{"op_code": 6, "worker_id": "0eff42fd-bfa2-4a51-b1bf-d818e31c6c69-139808118376256", "trial_id": 11, "state": 1, "values": [0.44500387065736313], "datetime_complete": "2024-08-18T22:21:13.125131"}
{"op_code": 4, "worker_id": "0eff42fd-bfa2-4a51-b1bf-d818e31c6c69-139808118376256", "study_id": 0, "datetime_start": "2024-08-18T22:21:13.164702"}
{"op_code": 5, "worker_id": "0eff42fd-bfa2-4a51-b1bf-d818e31c6c69-139808118376256", "trial_id": 12, "param_name": "lr", "param_value_internal": 0.00016921668003142025, "distribution": "{\"name\": \"FloatDistribution\", \"attributes\": {\"step\": null, \"low\": 1e-05, \"high\": 0.001, \"log\": true}}"}
{"op_code": 5, "worker_id": "0eff42fd-bfa2-4a51-b1bf-d818e31c6c69-139808118376256", "trial_id": 12, "param_name": "l2reg", "param_value_internal": 4.634380861758262e-05, "distribution": "{\"name\": \"FloatDistribution\", \"attributes\": {\"step\": null, \"low\": 1e-08, \"high\": 0.001, \"log\": true}}"}
{"op_code": 5, "worker_id": "0eff42fd-bfa2-4a51-b1bf-d818e31c6c69-139808118376256", "trial_id": 12, "param_name": "random_seed", "param_value_internal": 0, "distribution": "{\"name\": \"CategoricalDistribution\", \"attributes\": {\"choices\": [42]}}"}
{"op_code": 5, "worker_id": "0eff42fd-bfa2-4a51-b1bf-d818e31c6c69-139808118376256", "trial_id": 12, "param_name": "degree", "param_value_internal": 0, "distribution": "{\"name\": \"CategoricalDistribution\", \"attributes\": {\"choices\": [3]}}"}
{"op_code": 8, "worker_id": "0eff42fd-bfa2-4a51-b1bf-d818e31c6c69-139808118376256", "trial_id": 12, "user_attr": {"best_epoch": 1}}
{"op_code": 8, "worker_id": "0eff42fd-bfa2-4a51-b1bf-d818e31c6c69-139808118376256", "trial_id": 12, "user_attr": {"test_loss": 0.44507686924491413}}
{"op_code": 6, "worker_id": "0eff42fd-bfa2-4a51-b1bf-d818e31c6c69-139808118376256", "trial_id": 12, "state": 1, "values": [0.44489228839691375], "datetime_complete": "2024-08-18T22:41:48.961506"}
{"op_code": 4, "worker_id": "0eff42fd-bfa2-4a51-b1bf-d818e31c6c69-139808118376256", "study_id": 0, "datetime_start": "2024-08-18T22:41:48.970617"}
{"op_code": 5, "worker_id": "0eff42fd-bfa2-4a51-b1bf-d818e31c6c69-139808118376256", "trial_id": 13, "param_name": "lr", "param_value_internal": 0.000758935828694729, "distribution": "{\"name\": \"FloatDistribution\", \"attributes\": {\"step\": null, \"low\": 1e-05, \"high\": 0.001, \"log\": true}}"}
{"op_code": 5, "worker_id": "0eff42fd-bfa2-4a51-b1bf-d818e31c6c69-139808118376256", "trial_id": 13, "param_name": "l2reg", "param_value_internal": 9.167785859319847e-07, "distribution": "{\"name\": \"FloatDistribution\", \"attributes\": {\"step\": null, \"low\": 1e-08, \"high\": 0.001, \"log\": true}}"}
{"op_code": 5, "worker_id": "0eff42fd-bfa2-4a51-b1bf-d818e31c6c69-139808118376256", "trial_id": 13, "param_name": "random_seed", "param_value_internal": 0, "distribution": "{\"name\": \"CategoricalDistribution\", \"attributes\": {\"choices\": [42]}}"}
{"op_code": 5, "worker_id": "0eff42fd-bfa2-4a51-b1bf-d818e31c6c69-139808118376256", "trial_id": 13, "param_name": "degree", "param_value_internal": 0, "distribution": "{\"name\": \"CategoricalDistribution\", \"attributes\": {\"choices\": [3]}}"}
{"op_code": 8, "worker_id": "0eff42fd-bfa2-4a51-b1bf-d818e31c6c69-139808118376256", "trial_id": 13, "user_attr": {"best_epoch": 0}}
{"op_code": 8, "worker_id": "0eff42fd-bfa2-4a51-b1bf-d818e31c6c69-139808118376256", "trial_id": 13, "user_attr": {"test_loss": 0.4452813458575016}}
{"op_code": 6, "worker_id": "0eff42fd-bfa2-4a51-b1bf-d818e31c6c69-139808118376256", "trial_id": 13, "state": 1, "values": [0.44523117997386014], "datetime_complete": "2024-08-18T22:58:49.699311"}
{"op_code": 4, "worker_id": "0eff42fd-bfa2-4a51-b1bf-d818e31c6c69-139808118376256", "study_id": 0, "datetime_start": "2024-08-18T22:58:49.707968"}
{"op_code": 5, "worker_id": "0eff42fd-bfa2-4a51-b1bf-d818e31c6c69-139808118376256", "trial_id": 14, "param_name": "lr", "param_value_internal": 0.0002506327991878283, "distribution": "{\"name\": \"FloatDistribution\", \"attributes\": {\"step\": null, \"low\": 1e-05, \"high\": 0.001, \"log\": true}}"}
{"op_code": 5, "worker_id": "0eff42fd-bfa2-4a51-b1bf-d818e31c6c69-139808118376256", "trial_id": 14, "param_name": "l2reg", "param_value_internal": 1.163814228102759e-08, "distribution": "{\"name\": \"FloatDistribution\", \"attributes\": {\"step\": null, \"low\": 1e-08, \"high\": 0.001, \"log\": true}}"}
{"op_code": 5, "worker_id": "0eff42fd-bfa2-4a51-b1bf-d818e31c6c69-139808118376256", "trial_id": 14, "param_name": "random_seed", "param_value_internal": 0, "distribution": "{\"name\": \"CategoricalDistribution\", \"attributes\": {\"choices\": [42]}}"}
{"op_code": 5, "worker_id": "0eff42fd-bfa2-4a51-b1bf-d818e31c6c69-139808118376256", "trial_id": 14, "param_name": "degree", "param_value_internal": 0, "distribution": "{\"name\": \"CategoricalDistribution\", \"attributes\": {\"choices\": [3]}}"}
{"op_code": 8, "worker_id": "0eff42fd-bfa2-4a51-b1bf-d818e31c6c69-139808118376256", "trial_id": 14, "user_attr": {"best_epoch": 1}}
{"op_code": 8, "worker_id": "0eff42fd-bfa2-4a51-b1bf-d818e31c6c69-139808118376256", "trial_id": 14, "user_attr": {"test_loss": 0.4452805823424119}}
{"op_code": 6, "worker_id": "0eff42fd-bfa2-4a51-b1bf-d818e31c6c69-139808118376256", "trial_id": 14, "state": 1, "values": [0.44509523794980665], "datetime_complete": "2024-08-18T23:19:24.962599"}
{"op_code": 4, "worker_id": "0eff42fd-bfa2-4a51-b1bf-d818e31c6c69-139808118376256", "study_id": 0, "datetime_start": "2024-08-18T23:19:24.971778"}
{"op_code": 5, "worker_id": "0eff42fd-bfa2-4a51-b1bf-d818e31c6c69-139808118376256", "trial_id": 15, "param_name": "lr", "param_value_internal": 0.00011971092838101261, "distribution": "{\"name\": \"FloatDistribution\", \"attributes\": {\"step\": null, \"low\": 1e-05, \"high\": 0.001, \"log\": true}}"}
{"op_code": 5, "worker_id": "0eff42fd-bfa2-4a51-b1bf-d818e31c6c69-139808118376256", "trial_id": 15, "param_name": "l2reg", "param_value_internal": 7.561219687267911e-05, "distribution": "{\"name\": \"FloatDistribution\", \"attributes\": {\"step\": null, \"low\": 1e-08, \"high\": 0.001, \"log\": true}}"}
{"op_code": 5, "worker_id": "0eff42fd-bfa2-4a51-b1bf-d818e31c6c69-139808118376256", "trial_id": 15, "param_name": "random_seed", "param_value_internal": 0, "distribution": "{\"name\": \"CategoricalDistribution\", \"attributes\": {\"choices\": [42]}}"}
{"op_code": 5, "worker_id": "0eff42fd-bfa2-4a51-b1bf-d818e31c6c69-139808118376256", "trial_id": 15, "param_name": "degree", "param_value_internal": 0, "distribution": "{\"name\": \"CategoricalDistribution\", \"attributes\": {\"choices\": [3]}}"}
{"op_code": 8, "worker_id": "0eff42fd-bfa2-4a51-b1bf-d818e31c6c69-139808118376256", "trial_id": 15, "user_attr": {"best_epoch": 2}}
{"op_code": 8, "worker_id": "0eff42fd-bfa2-4a51-b1bf-d818e31c6c69-139808118376256", "trial_id": 15, "user_attr": {"test_loss": 0.4453664959689312}}
{"op_code": 6, "worker_id": "0eff42fd-bfa2-4a51-b1bf-d818e31c6c69-139808118376256", "trial_id": 15, "state": 1, "values": [0.4452335795923644], "datetime_complete": "2024-08-18T23:43:39.807865"}
{"op_code": 4, "worker_id": "0eff42fd-bfa2-4a51-b1bf-d818e31c6c69-139808118376256", "study_id": 0, "datetime_start": "2024-08-18T23:43:39.816505"}
{"op_code": 5, "worker_id": "0eff42fd-bfa2-4a51-b1bf-d818e31c6c69-139808118376256", "trial_id": 16, "param_name": "lr", "param_value_internal": 0.0003137097699706723, "distribution": "{\"name\": \"FloatDistribution\", \"attributes\": {\"step\": null, \"low\": 1e-05, \"high\": 0.001, \"log\": true}}"}
{"op_code": 5, "worker_id": "0eff42fd-bfa2-4a51-b1bf-d818e31c6c69-139808118376256", "trial_id": 16, "param_name": "l2reg", "param_value_internal": 1.0788386058544978e-05, "distribution": "{\"name\": \"FloatDistribution\", \"attributes\": {\"step\": null, \"low\": 1e-08, \"high\": 0.001, \"log\": true}}"}
{"op_code": 5, "worker_id": "0eff42fd-bfa2-4a51-b1bf-d818e31c6c69-139808118376256", "trial_id": 16, "param_name": "random_seed", "param_value_internal": 0, "distribution": "{\"name\": \"CategoricalDistribution\", \"attributes\": {\"choices\": [42]}}"}
{"op_code": 5, "worker_id": "0eff42fd-bfa2-4a51-b1bf-d818e31c6c69-139808118376256", "trial_id": 16, "param_name": "degree", "param_value_internal": 0, "distribution": "{\"name\": \"CategoricalDistribution\", \"attributes\": {\"choices\": [3]}}"}
{"op_code": 8, "worker_id": "0eff42fd-bfa2-4a51-b1bf-d818e31c6c69-139808118376256", "trial_id": 16, "user_attr": {"best_epoch": 1}}
{"op_code": 8, "worker_id": "0eff42fd-bfa2-4a51-b1bf-d818e31c6c69-139808118376256", "trial_id": 16, "user_attr": {"test_loss": 0.4456716111419103}}
{"op_code": 6, "worker_id": "0eff42fd-bfa2-4a51-b1bf-d818e31c6c69-139808118376256", "trial_id": 16, "state": 1, "values": [0.44549859200566366], "datetime_complete": "2024-08-19T00:04:16.356764"}
{"op_code": 4, "worker_id": "0eff42fd-bfa2-4a51-b1bf-d818e31c6c69-139808118376256", "study_id": 0, "datetime_start": "2024-08-19T00:04:16.365386"}
{"op_code": 5, "worker_id": "0eff42fd-bfa2-4a51-b1bf-d818e31c6c69-139808118376256", "trial_id": 17, "param_name": "lr", "param_value_internal": 0.0009279057714208281, "distribution": "{\"name\": \"FloatDistribution\", \"attributes\": {\"step\": null, \"low\": 1e-05, \"high\": 0.001, \"log\": true}}"}
{"op_code": 5, "worker_id": "0eff42fd-bfa2-4a51-b1bf-d818e31c6c69-139808118376256", "trial_id": 17, "param_name": "l2reg", "param_value_internal": 0.00012808944435729837, "distribution": "{\"name\": \"FloatDistribution\", \"attributes\": {\"step\": null, \"low\": 1e-08, \"high\": 0.001, \"log\": true}}"}
{"op_code": 5, "worker_id": "0eff42fd-bfa2-4a51-b1bf-d818e31c6c69-139808118376256", "trial_id": 17, "param_name": "random_seed", "param_value_internal": 0, "distribution": "{\"name\": \"CategoricalDistribution\", \"attributes\": {\"choices\": [42]}}"}
{"op_code": 5, "worker_id": "0eff42fd-bfa2-4a51-b1bf-d818e31c6c69-139808118376256", "trial_id": 17, "param_name": "degree", "param_value_internal": 0, "distribution": "{\"name\": \"CategoricalDistribution\", \"attributes\": {\"choices\": [3]}}"}
{"op_code": 8, "worker_id": "0eff42fd-bfa2-4a51-b1bf-d818e31c6c69-139808118376256", "trial_id": 17, "user_attr": {"best_epoch": 0}}
{"op_code": 8, "worker_id": "0eff42fd-bfa2-4a51-b1bf-d818e31c6c69-139808118376256", "trial_id": 17, "user_attr": {"test_loss": 0.44534399045271644}}
{"op_code": 6, "worker_id": "0eff42fd-bfa2-4a51-b1bf-d818e31c6c69-139808118376256", "trial_id": 17, "state": 1, "values": [0.4452898615536468], "datetime_complete": "2024-08-19T00:21:16.078037"}
{"op_code": 4, "worker_id": "0eff42fd-bfa2-4a51-b1bf-d818e31c6c69-139808118376256", "study_id": 0, "datetime_start": "2024-08-19T00:21:16.102355"}
{"op_code": 5, "worker_id": "0eff42fd-bfa2-4a51-b1bf-d818e31c6c69-139808118376256", "trial_id": 18, "param_name": "lr", "param_value_internal": 0.0005047375759196421, "distribution": "{\"name\": \"FloatDistribution\", \"attributes\": {\"step\": null, \"low\": 1e-05, \"high\": 0.001, \"log\": true}}"}
{"op_code": 5, "worker_id": "0eff42fd-bfa2-4a51-b1bf-d818e31c6c69-139808118376256", "trial_id": 18, "param_name": "l2reg", "param_value_internal": 2.1181449462294946e-06, "distribution": "{\"name\": \"FloatDistribution\", \"attributes\": {\"step\": null, \"low\": 1e-08, \"high\": 0.001, \"log\": true}}"}
{"op_code": 5, "worker_id": "0eff42fd-bfa2-4a51-b1bf-d818e31c6c69-139808118376256", "trial_id": 18, "param_name": "random_seed", "param_value_internal": 0, "distribution": "{\"name\": \"CategoricalDistribution\", \"attributes\": {\"choices\": [42]}}"}
{"op_code": 5, "worker_id": "0eff42fd-bfa2-4a51-b1bf-d818e31c6c69-139808118376256", "trial_id": 18, "param_name": "degree", "param_value_internal": 0, "distribution": "{\"name\": \"CategoricalDistribution\", \"attributes\": {\"choices\": [3]}}"}
{"op_code": 8, "worker_id": "0eff42fd-bfa2-4a51-b1bf-d818e31c6c69-139808118376256", "trial_id": 18, "user_attr": {"best_epoch": 0}}
{"op_code": 8, "worker_id": "0eff42fd-bfa2-4a51-b1bf-d818e31c6c69-139808118376256", "trial_id": 18, "user_attr": {"test_loss": 0.44535177103505885}}
{"op_code": 6, "worker_id": "0eff42fd-bfa2-4a51-b1bf-d818e31c6c69-139808118376256", "trial_id": 18, "state": 1, "values": [0.4452915340150286], "datetime_complete": "2024-08-19T00:38:17.444609"}
{"op_code": 4, "worker_id": "0eff42fd-bfa2-4a51-b1bf-d818e31c6c69-139808118376256", "study_id": 0, "datetime_start": "2024-08-19T00:38:17.453433"}
{"op_code": 5, "worker_id": "0eff42fd-bfa2-4a51-b1bf-d818e31c6c69-139808118376256", "trial_id": 19, "param_name": "lr", "param_value_internal": 8.653118455000341e-05, "distribution": "{\"name\": \"FloatDistribution\", \"attributes\": {\"step\": null, \"low\": 1e-05, \"high\": 0.001, \"log\": true}}"}
{"op_code": 5, "worker_id": "0eff42fd-bfa2-4a51-b1bf-d818e31c6c69-139808118376256", "trial_id": 19, "param_name": "l2reg", "param_value_internal": 1.695439134883415e-05, "distribution": "{\"name\": \"FloatDistribution\", \"attributes\": {\"step\": null, \"low\": 1e-08, \"high\": 0.001, \"log\": true}}"}
{"op_code": 5, "worker_id": "0eff42fd-bfa2-4a51-b1bf-d818e31c6c69-139808118376256", "trial_id": 19, "param_name": "random_seed", "param_value_internal": 0, "distribution": "{\"name\": \"CategoricalDistribution\", \"attributes\": {\"choices\": [42]}}"}
{"op_code": 5, "worker_id": "0eff42fd-bfa2-4a51-b1bf-d818e31c6c69-139808118376256", "trial_id": 19, "param_name": "degree", "param_value_internal": 0, "distribution": "{\"name\": \"CategoricalDistribution\", \"attributes\": {\"choices\": [3]}}"}
{"op_code": 8, "worker_id": "0eff42fd-bfa2-4a51-b1bf-d818e31c6c69-139808118376256", "trial_id": 19, "user_attr": {"best_epoch": 3}}
{"op_code": 8, "worker_id": "0eff42fd-bfa2-4a51-b1bf-d818e31c6c69-139808118376256", "trial_id": 19, "user_attr": {"test_loss": 0.44553374213143165}}
{"op_code": 6, "worker_id": "0eff42fd-bfa2-4a51-b1bf-d818e31c6c69-139808118376256", "trial_id": 19, "state": 1, "values": [0.44537541158911026], "datetime_complete": "2024-08-19T01:05:59.466233"}
{"op_code": 4, "worker_id": "0eff42fd-bfa2-4a51-b1bf-d818e31c6c69-139808118376256", "study_id": 0, "datetime_start": "2024-08-19T01:05:59.476506"}
{"op_code": 5, "worker_id": "0eff42fd-bfa2-4a51-b1bf-d818e31c6c69-139808118376256", "trial_id": 20, "param_name": "lr", "param_value_internal": 0.00019950364153925506, "distribution": "{\"name\": \"FloatDistribution\", \"attributes\": {\"step\": null, \"low\": 1e-05, \"high\": 0.001, \"log\": true}}"}
{"op_code": 5, "worker_id": "0eff42fd-bfa2-4a51-b1bf-d818e31c6c69-139808118376256", "trial_id": 20, "param_name": "l2reg", "param_value_internal": 0.0002494279464885976, "distribution": "{\"name\": \"FloatDistribution\", \"attributes\": {\"step\": null, \"low\": 1e-08, \"high\": 0.001, \"log\": true}}"}
{"op_code": 5, "worker_id": "0eff42fd-bfa2-4a51-b1bf-d818e31c6c69-139808118376256", "trial_id": 20, "param_name": "random_seed", "param_value_internal": 0, "distribution": "{\"name\": \"CategoricalDistribution\", \"attributes\": {\"choices\": [42]}}"}
{"op_code": 5, "worker_id": "0eff42fd-bfa2-4a51-b1bf-d818e31c6c69-139808118376256", "trial_id": 20, "param_name": "degree", "param_value_internal": 0, "distribution": "{\"name\": \"CategoricalDistribution\", \"attributes\": {\"choices\": [3]}}"}
{"op_code": 8, "worker_id": "0eff42fd-bfa2-4a51-b1bf-d818e31c6c69-139808118376256", "trial_id": 20, "user_attr": {"best_epoch": 1}}
{"op_code": 8, "worker_id": "0eff42fd-bfa2-4a51-b1bf-d818e31c6c69-139808118376256", "trial_id": 20, "user_attr": {"test_loss": 0.4450418929822347}}
{"op_code": 6, "worker_id": "0eff42fd-bfa2-4a51-b1bf-d818e31c6c69-139808118376256", "trial_id": 20, "state": 1, "values": [0.44485382178513294], "datetime_complete": "2024-08-19T01:26:27.126710"}
{"op_code": 4, "worker_id": "0eff42fd-bfa2-4a51-b1bf-d818e31c6c69-139808118376256", "study_id": 0, "datetime_start": "2024-08-19T01:26:27.141527"}
{"op_code": 5, "worker_id": "0eff42fd-bfa2-4a51-b1bf-d818e31c6c69-139808118376256", "trial_id": 21, "param_name": "lr", "param_value_internal": 0.00020957470381061463, "distribution": "{\"name\": \"FloatDistribution\", \"attributes\": {\"step\": null, \"low\": 1e-05, \"high\": 0.001, \"log\": true}}"}
{"op_code": 5, "worker_id": "0eff42fd-bfa2-4a51-b1bf-d818e31c6c69-139808118376256", "trial_id": 21, "param_name": "l2reg", "param_value_internal": 0.00024280414026731873, "distribution": "{\"name\": \"FloatDistribution\", \"attributes\": {\"step\": null, \"low\": 1e-08, \"high\": 0.001, \"log\": true}}"}
{"op_code": 5, "worker_id": "0eff42fd-bfa2-4a51-b1bf-d818e31c6c69-139808118376256", "trial_id": 21, "param_name": "random_seed", "param_value_internal": 0, "distribution": "{\"name\": \"CategoricalDistribution\", \"attributes\": {\"choices\": [42]}}"}
{"op_code": 5, "worker_id": "0eff42fd-bfa2-4a51-b1bf-d818e31c6c69-139808118376256", "trial_id": 21, "param_name": "degree", "param_value_internal": 0, "distribution": "{\"name\": \"CategoricalDistribution\", \"attributes\": {\"choices\": [3]}}"}
{"op_code": 8, "worker_id": "0eff42fd-bfa2-4a51-b1bf-d818e31c6c69-139808118376256", "trial_id": 21, "user_attr": {"best_epoch": 1}}
{"op_code": 8, "worker_id": "0eff42fd-bfa2-4a51-b1bf-d818e31c6c69-139808118376256", "trial_id": 21, "user_attr": {"test_loss": 0.44506781613742225}}
{"op_code": 6, "worker_id": "0eff42fd-bfa2-4a51-b1bf-d818e31c6c69-139808118376256", "trial_id": 21, "state": 1, "values": [0.44487832698016155], "datetime_complete": "2024-08-19T01:46:58.822529"}
{"op_code": 4, "worker_id": "0eff42fd-bfa2-4a51-b1bf-d818e31c6c69-139808118376256", "study_id": 0, "datetime_start": "2024-08-19T01:46:58.834581"}
{"op_code": 5, "worker_id": "0eff42fd-bfa2-4a51-b1bf-d818e31c6c69-139808118376256", "trial_id": 22, "param_name": "lr", "param_value_internal": 0.0002387358522223511, "distribution": "{\"name\": \"FloatDistribution\", \"attributes\": {\"step\": null, \"low\": 1e-05, \"high\": 0.001, \"log\": true}}"}
{"op_code": 5, "worker_id": "0eff42fd-bfa2-4a51-b1bf-d818e31c6c69-139808118376256", "trial_id": 22, "param_name": "l2reg", "param_value_internal": 0.00026809177048658017, "distribution": "{\"name\": \"FloatDistribution\", \"attributes\": {\"step\": null, \"low\": 1e-08, \"high\": 0.001, \"log\": true}}"}
{"op_code": 5, "worker_id": "0eff42fd-bfa2-4a51-b1bf-d818e31c6c69-139808118376256", "trial_id": 22, "param_name": "random_seed", "param_value_internal": 0, "distribution": "{\"name\": \"CategoricalDistribution\", \"attributes\": {\"choices\": [42]}}"}
{"op_code": 5, "worker_id": "0eff42fd-bfa2-4a51-b1bf-d818e31c6c69-139808118376256", "trial_id": 22, "param_name": "degree", "param_value_internal": 0, "distribution": "{\"name\": \"CategoricalDistribution\", \"attributes\": {\"choices\": [3]}}"}
{"op_code": 8, "worker_id": "0eff42fd-bfa2-4a51-b1bf-d818e31c6c69-139808118376256", "trial_id": 22, "user_attr": {"best_epoch": 1}}
{"op_code": 8, "worker_id": "0eff42fd-bfa2-4a51-b1bf-d818e31c6c69-139808118376256", "trial_id": 22, "user_attr": {"test_loss": 0.4451963775353791}}
{"op_code": 6, "worker_id": "0eff42fd-bfa2-4a51-b1bf-d818e31c6c69-139808118376256", "trial_id": 22, "state": 1, "values": [0.44500903347293297], "datetime_complete": "2024-08-19T02:07:35.757643"}
{"op_code": 4, "worker_id": "0eff42fd-bfa2-4a51-b1bf-d818e31c6c69-139808118376256", "study_id": 0, "datetime_start": "2024-08-19T02:07:35.768521"}
{"op_code": 5, "worker_id": "0eff42fd-bfa2-4a51-b1bf-d818e31c6c69-139808118376256", "trial_id": 23, "param_name": "lr", "param_value_internal": 0.0004073859762101027, "distribution": "{\"name\": \"FloatDistribution\", \"attributes\": {\"step\": null, \"low\": 1e-05, \"high\": 0.001, \"log\": true}}"}
{"op_code": 5, "worker_id": "0eff42fd-bfa2-4a51-b1bf-d818e31c6c69-139808118376256", "trial_id": 23, "param_name": "l2reg", "param_value_internal": 0.0009551743658898723, "distribution": "{\"name\": \"FloatDistribution\", \"attributes\": {\"step\": null, \"low\": 1e-08, \"high\": 0.001, \"log\": true}}"}
{"op_code": 5, "worker_id": "0eff42fd-bfa2-4a51-b1bf-d818e31c6c69-139808118376256", "trial_id": 23, "param_name": "random_seed", "param_value_internal": 0, "distribution": "{\"name\": \"CategoricalDistribution\", \"attributes\": {\"choices\": [42]}}"}
{"op_code": 5, "worker_id": "0eff42fd-bfa2-4a51-b1bf-d818e31c6c69-139808118376256", "trial_id": 23, "param_name": "degree", "param_value_internal": 0, "distribution": "{\"name\": \"CategoricalDistribution\", \"attributes\": {\"choices\": [3]}}"}
{"op_code": 8, "worker_id": "0eff42fd-bfa2-4a51-b1bf-d818e31c6c69-139808118376256", "trial_id": 23, "user_attr": {"best_epoch": 0}}
{"op_code": 8, "worker_id": "0eff42fd-bfa2-4a51-b1bf-d818e31c6c69-139808118376256", "trial_id": 23, "user_attr": {"test_loss": 0.44545070077596405}}
{"op_code": 6, "worker_id": "0eff42fd-bfa2-4a51-b1bf-d818e31c6c69-139808118376256", "trial_id": 23, "state": 1, "values": [0.4453703578471088], "datetime_complete": "2024-08-19T02:24:35.239229"}
{"op_code": 4, "worker_id": "0eff42fd-bfa2-4a51-b1bf-d818e31c6c69-139808118376256", "study_id": 0, "datetime_start": "2024-08-19T02:24:35.248101"}
{"op_code": 5, "worker_id": "0eff42fd-bfa2-4a51-b1bf-d818e31c6c69-139808118376256", "trial_id": 24, "param_name": "lr", "param_value_internal": 0.000111591481744725, "distribution": "{\"name\": \"FloatDistribution\", \"attributes\": {\"step\": null, \"low\": 1e-05, \"high\": 0.001, \"log\": true}}"}
{"op_code": 5, "worker_id": "0eff42fd-bfa2-4a51-b1bf-d818e31c6c69-139808118376256", "trial_id": 24, "param_name": "l2reg", "param_value_internal": 0.00020061385537592733, "distribution": "{\"name\": \"FloatDistribution\", \"attributes\": {\"step\": null, \"low\": 1e-08, \"high\": 0.001, \"log\": true}}"}
{"op_code": 5, "worker_id": "0eff42fd-bfa2-4a51-b1bf-d818e31c6c69-139808118376256", "trial_id": 24, "param_name": "random_seed", "param_value_internal": 0, "distribution": "{\"name\": \"CategoricalDistribution\", \"attributes\": {\"choices\": [42]}}"}
{"op_code": 5, "worker_id": "0eff42fd-bfa2-4a51-b1bf-d818e31c6c69-139808118376256", "trial_id": 24, "param_name": "degree", "param_value_internal": 0, "distribution": "{\"name\": \"CategoricalDistribution\", \"attributes\": {\"choices\": [3]}}"}
{"op_code": 8, "worker_id": "0eff42fd-bfa2-4a51-b1bf-d818e31c6c69-139808118376256", "trial_id": 24, "user_attr": {"best_epoch": 2}}
{"op_code": 8, "worker_id": "0eff42fd-bfa2-4a51-b1bf-d818e31c6c69-139808118376256", "trial_id": 24, "user_attr": {"test_loss": 0.44535013493129527}}
{"op_code": 6, "worker_id": "0eff42fd-bfa2-4a51-b1bf-d818e31c6c69-139808118376256", "trial_id": 24, "state": 1, "values": [0.44521598238999965], "datetime_complete": "2024-08-19T02:48:50.852005"}
{"op_code": 4, "worker_id": "0eff42fd-bfa2-4a51-b1bf-d818e31c6c69-139808118376256", "study_id": 0, "datetime_start": "2024-08-19T02:48:50.863270"}
{"op_code": 5, "worker_id": "0eff42fd-bfa2-4a51-b1bf-d818e31c6c69-139808118376256", "trial_id": 25, "param_name": "lr", "param_value_internal": 0.00019645836711178132, "distribution": "{\"name\": \"FloatDistribution\", \"attributes\": {\"step\": null, \"low\": 1e-05, \"high\": 0.001, \"log\": true}}"}
{"op_code": 5, "worker_id": "0eff42fd-bfa2-4a51-b1bf-d818e31c6c69-139808118376256", "trial_id": 25, "param_name": "l2reg", "param_value_internal": 0.00010313316434028185, "distribution": "{\"name\": \"FloatDistribution\", \"attributes\": {\"step\": null, \"low\": 1e-08, \"high\": 0.001, \"log\": true}}"}
{"op_code": 5, "worker_id": "0eff42fd-bfa2-4a51-b1bf-d818e31c6c69-139808118376256", "trial_id": 25, "param_name": "random_seed", "param_value_internal": 0, "distribution": "{\"name\": \"CategoricalDistribution\", \"attributes\": {\"choices\": [42]}}"}
{"op_code": 5, "worker_id": "0eff42fd-bfa2-4a51-b1bf-d818e31c6c69-139808118376256", "trial_id": 25, "param_name": "degree", "param_value_internal": 0, "distribution": "{\"name\": \"CategoricalDistribution\", \"attributes\": {\"choices\": [3]}}"}
{"op_code": 8, "worker_id": "0eff42fd-bfa2-4a51-b1bf-d818e31c6c69-139808118376256", "trial_id": 25, "user_attr": {"best_epoch": 1}}
{"op_code": 8, "worker_id": "0eff42fd-bfa2-4a51-b1bf-d818e31c6c69-139808118376256", "trial_id": 25, "user_attr": {"test_loss": 0.4450487282601803}}
{"op_code": 6, "worker_id": "0eff42fd-bfa2-4a51-b1bf-d818e31c6c69-139808118376256", "trial_id": 25, "state": 1, "values": [0.44486000262067427], "datetime_complete": "2024-08-19T03:09:18.708187"}
{"op_code": 4, "worker_id": "0eff42fd-bfa2-4a51-b1bf-d818e31c6c69-139808118376256", "study_id": 0, "datetime_start": "2024-08-19T03:09:18.717929"}
{"op_code": 5, "worker_id": "0eff42fd-bfa2-4a51-b1bf-d818e31c6c69-139808118376256", "trial_id": 26, "param_name": "lr", "param_value_internal": 5.797419451931536e-05, "distribution": "{\"name\": \"FloatDistribution\", \"attributes\": {\"step\": null, \"low\": 1e-05, \"high\": 0.001, \"log\": true}}"}
{"op_code": 5, "worker_id": "0eff42fd-bfa2-4a51-b1bf-d818e31c6c69-139808118376256", "trial_id": 26, "param_name": "l2reg", "param_value_internal": 8.546624888645673e-05, "distribution": "{\"name\": \"FloatDistribution\", \"attributes\": {\"step\": null, \"low\": 1e-08, \"high\": 0.001, \"log\": true}}"}
{"op_code": 5, "worker_id": "0eff42fd-bfa2-4a51-b1bf-d818e31c6c69-139808118376256", "trial_id": 26, "param_name": "random_seed", "param_value_internal": 0, "distribution": "{\"name\": \"CategoricalDistribution\", \"attributes\": {\"choices\": [42]}}"}
{"op_code": 5, "worker_id": "0eff42fd-bfa2-4a51-b1bf-d818e31c6c69-139808118376256", "trial_id": 26, "param_name": "degree", "param_value_internal": 0, "distribution": "{\"name\": \"CategoricalDistribution\", \"attributes\": {\"choices\": [3]}}"}
{"op_code": 8, "worker_id": "0eff42fd-bfa2-4a51-b1bf-d818e31c6c69-139808118376256", "trial_id": 26, "user_attr": {"best_epoch": 4}}
{"op_code": 8, "worker_id": "0eff42fd-bfa2-4a51-b1bf-d818e31c6c69-139808118376256", "trial_id": 26, "user_attr": {"test_loss": 0.445861326462764}}
{"op_code": 6, "worker_id": "0eff42fd-bfa2-4a51-b1bf-d818e31c6c69-139808118376256", "trial_id": 26, "state": 1, "values": [0.4457139395874954], "datetime_complete": "2024-08-19T03:40:33.951857"}
{"op_code": 4, "worker_id": "0eff42fd-bfa2-4a51-b1bf-d818e31c6c69-139808118376256", "study_id": 0, "datetime_start": "2024-08-19T03:40:33.961186"}
{"op_code": 5, "worker_id": "0eff42fd-bfa2-4a51-b1bf-d818e31c6c69-139808118376256", "trial_id": 27, "param_name": "lr", "param_value_internal": 0.0006223220087963262, "distribution": "{\"name\": \"FloatDistribution\", \"attributes\": {\"step\": null, \"low\": 1e-05, \"high\": 0.001, \"log\": true}}"}
{"op_code": 5, "worker_id": "0eff42fd-bfa2-4a51-b1bf-d818e31c6c69-139808118376256", "trial_id": 27, "param_name": "l2reg", "param_value_internal": 1.6725088571097363e-05, "distribution": "{\"name\": \"FloatDistribution\", \"attributes\": {\"step\": null, \"low\": 1e-08, \"high\": 0.001, \"log\": true}}"}
{"op_code": 5, "worker_id": "0eff42fd-bfa2-4a51-b1bf-d818e31c6c69-139808118376256", "trial_id": 27, "param_name": "random_seed", "param_value_internal": 0, "distribution": "{\"name\": \"CategoricalDistribution\", \"attributes\": {\"choices\": [42]}}"}
{"op_code": 5, "worker_id": "0eff42fd-bfa2-4a51-b1bf-d818e31c6c69-139808118376256", "trial_id": 27, "param_name": "degree", "param_value_internal": 0, "distribution": "{\"name\": \"CategoricalDistribution\", \"attributes\": {\"choices\": [3]}}"}
{"op_code": 8, "worker_id": "0eff42fd-bfa2-4a51-b1bf-d818e31c6c69-139808118376256", "trial_id": 27, "user_attr": {"best_epoch": 0}}
{"op_code": 8, "worker_id": "0eff42fd-bfa2-4a51-b1bf-d818e31c6c69-139808118376256", "trial_id": 27, "user_attr": {"test_loss": 0.4452774919241918}}
{"op_code": 6, "worker_id": "0eff42fd-bfa2-4a51-b1bf-d818e31c6c69-139808118376256", "trial_id": 27, "state": 1, "values": [0.44522449012833304], "datetime_complete": "2024-08-19T03:57:36.193781"}
{"op_code": 4, "worker_id": "0eff42fd-bfa2-4a51-b1bf-d818e31c6c69-139808118376256", "study_id": 0, "datetime_start": "2024-08-19T03:57:36.213144"}
{"op_code": 5, "worker_id": "0eff42fd-bfa2-4a51-b1bf-d818e31c6c69-139808118376256", "trial_id": 28, "param_name": "lr", "param_value_internal": 0.00037280375435423587, "distribution": "{\"name\": \"FloatDistribution\", \"attributes\": {\"step\": null, \"low\": 1e-05, \"high\": 0.001, \"log\": true}}"}
{"op_code": 5, "worker_id": "0eff42fd-bfa2-4a51-b1bf-d818e31c6c69-139808118376256", "trial_id": 28, "param_name": "l2reg", "param_value_internal": 6.582436150775454e-06, "distribution": "{\"name\": \"FloatDistribution\", \"attributes\": {\"step\": null, \"low\": 1e-08, \"high\": 0.001, \"log\": true}}"}
{"op_code": 5, "worker_id": "0eff42fd-bfa2-4a51-b1bf-d818e31c6c69-139808118376256", "trial_id": 28, "param_name": "random_seed", "param_value_internal": 0, "distribution": "{\"name\": \"CategoricalDistribution\", \"attributes\": {\"choices\": [42]}}"}
{"op_code": 5, "worker_id": "0eff42fd-bfa2-4a51-b1bf-d818e31c6c69-139808118376256", "trial_id": 28, "param_name": "degree", "param_value_internal": 0, "distribution": "{\"name\": \"CategoricalDistribution\", \"attributes\": {\"choices\": [3]}}"}
{"op_code": 8, "worker_id": "0eff42fd-bfa2-4a51-b1bf-d818e31c6c69-139808118376256", "trial_id": 28, "user_attr": {"best_epoch": 0}}
{"op_code": 8, "worker_id": "0eff42fd-bfa2-4a51-b1bf-d818e31c6c69-139808118376256", "trial_id": 28, "user_attr": {"test_loss": 0.4455216713214425}}
{"op_code": 6, "worker_id": "0eff42fd-bfa2-4a51-b1bf-d818e31c6c69-139808118376256", "trial_id": 28, "state": 1, "values": [0.4454302392361476], "datetime_complete": "2024-08-19T04:14:34.576781"}
{"op_code": 4, "worker_id": "0eff42fd-bfa2-4a51-b1bf-d818e31c6c69-139808118376256", "study_id": 0, "datetime_start": "2024-08-19T04:14:34.626783"}
{"op_code": 5, "worker_id": "0eff42fd-bfa2-4a51-b1bf-d818e31c6c69-139808118376256", "trial_id": 29, "param_name": "lr", "param_value_internal": 4.0622242895107814e-05, "distribution": "{\"name\": \"FloatDistribution\", \"attributes\": {\"step\": null, \"low\": 1e-05, \"high\": 0.001, \"log\": true}}"}
{"op_code": 5, "worker_id": "0eff42fd-bfa2-4a51-b1bf-d818e31c6c69-139808118376256", "trial_id": 29, "param_name": "l2reg", "param_value_internal": 0.0003391144269480922, "distribution": "{\"name\": \"FloatDistribution\", \"attributes\": {\"step\": null, \"low\": 1e-08, \"high\": 0.001, \"log\": true}}"}
{"op_code": 5, "worker_id": "0eff42fd-bfa2-4a51-b1bf-d818e31c6c69-139808118376256", "trial_id": 29, "param_name": "random_seed", "param_value_internal": 0, "distribution": "{\"name\": \"CategoricalDistribution\", \"attributes\": {\"choices\": [42]}}"}
{"op_code": 5, "worker_id": "0eff42fd-bfa2-4a51-b1bf-d818e31c6c69-139808118376256", "trial_id": 29, "param_name": "degree", "param_value_internal": 0, "distribution": "{\"name\": \"CategoricalDistribution\", \"attributes\": {\"choices\": [3]}}"}
{"op_code": 8, "worker_id": "0eff42fd-bfa2-4a51-b1bf-d818e31c6c69-139808118376256", "trial_id": 29, "user_attr": {"best_epoch": 6}}
{"op_code": 8, "worker_id": "0eff42fd-bfa2-4a51-b1bf-d818e31c6c69-139808118376256", "trial_id": 29, "user_attr": {"test_loss": 0.44606260358354716}}
{"op_code": 6, "worker_id": "0eff42fd-bfa2-4a51-b1bf-d818e31c6c69-139808118376256", "trial_id": 29, "state": 1, "values": [0.4459177617289353], "datetime_complete": "2024-08-19T04:53:17.869075"}
{"op_code": 4, "worker_id": "0eff42fd-bfa2-4a51-b1bf-d818e31c6c69-139808118376256", "study_id": 0, "datetime_start": "2024-08-19T04:53:17.877864"}
{"op_code": 5, "worker_id": "0eff42fd-bfa2-4a51-b1bf-d818e31c6c69-139808118376256", "trial_id": 30, "param_name": "lr", "param_value_internal": 0.0001365689654094815, "distribution": "{\"name\": \"FloatDistribution\", \"attributes\": {\"step\": null, \"low\": 1e-05, \"high\": 0.001, \"log\": true}}"}
{"op_code": 5, "worker_id": "0eff42fd-bfa2-4a51-b1bf-d818e31c6c69-139808118376256", "trial_id": 30, "param_name": "l2reg", "param_value_internal": 2.112033518966169e-06, "distribution": "{\"name\": \"FloatDistribution\", \"attributes\": {\"step\": null, \"low\": 1e-08, \"high\": 0.001, \"log\": true}}"}
{"op_code": 5, "worker_id": "0eff42fd-bfa2-4a51-b1bf-d818e31c6c69-139808118376256", "trial_id": 30, "param_name": "random_seed", "param_value_internal": 0, "distribution": "{\"name\": \"CategoricalDistribution\", \"attributes\": {\"choices\": [42]}}"}
{"op_code": 5, "worker_id": "0eff42fd-bfa2-4a51-b1bf-d818e31c6c69-139808118376256", "trial_id": 30, "param_name": "degree", "param_value_internal": 0, "distribution": "{\"name\": \"CategoricalDistribution\", \"attributes\": {\"choices\": [3]}}"}
{"op_code": 8, "worker_id": "0eff42fd-bfa2-4a51-b1bf-d818e31c6c69-139808118376256", "trial_id": 30, "user_attr": {"best_epoch": 1}}
{"op_code": 8, "worker_id": "0eff42fd-bfa2-4a51-b1bf-d818e31c6c69-139808118376256", "trial_id": 30, "user_attr": {"test_loss": 0.4454113979277764}}
{"op_code": 6, "worker_id": "0eff42fd-bfa2-4a51-b1bf-d818e31c6c69-139808118376256", "trial_id": 30, "state": 1, "values": [0.4452308163952989], "datetime_complete": "2024-08-19T05:13:52.770335"}
{"op_code": 4, "worker_id": "0eff42fd-bfa2-4a51-b1bf-d818e31c6c69-139808118376256", "study_id": 0, "datetime_start": "2024-08-19T05:13:52.780418"}
{"op_code": 5, "worker_id": "0eff42fd-bfa2-4a51-b1bf-d818e31c6c69-139808118376256", "trial_id": 31, "param_name": "lr", "param_value_internal": 0.00021371298888960414, "distribution": "{\"name\": \"FloatDistribution\", \"attributes\": {\"step\": null, \"low\": 1e-05, \"high\": 0.001, \"log\": true}}"}
{"op_code": 5, "worker_id": "0eff42fd-bfa2-4a51-b1bf-d818e31c6c69-139808118376256", "trial_id": 31, "param_name": "l2reg", "param_value_internal": 0.0004154317474854171, "distribution": "{\"name\": \"FloatDistribution\", \"attributes\": {\"step\": null, \"low\": 1e-08, \"high\": 0.001, \"log\": true}}"}
{"op_code": 5, "worker_id": "0eff42fd-bfa2-4a51-b1bf-d818e31c6c69-139808118376256", "trial_id": 31, "param_name": "random_seed", "param_value_internal": 0, "distribution": "{\"name\": \"CategoricalDistribution\", \"attributes\": {\"choices\": [42]}}"}
{"op_code": 5, "worker_id": "0eff42fd-bfa2-4a51-b1bf-d818e31c6c69-139808118376256", "trial_id": 31, "param_name": "degree", "param_value_internal": 0, "distribution": "{\"name\": \"CategoricalDistribution\", \"attributes\": {\"choices\": [3]}}"}
{"op_code": 8, "worker_id": "0eff42fd-bfa2-4a51-b1bf-d818e31c6c69-139808118376256", "trial_id": 31, "user_attr": {"best_epoch": 1}}
{"op_code": 8, "worker_id": "0eff42fd-bfa2-4a51-b1bf-d818e31c6c69-139808118376256", "trial_id": 31, "user_attr": {"test_loss": 0.4450814866933136}}
{"op_code": 6, "worker_id": "0eff42fd-bfa2-4a51-b1bf-d818e31c6c69-139808118376256", "trial_id": 31, "state": 1, "values": [0.44489236111262603], "datetime_complete": "2024-08-19T05:34:29.037802"}
{"op_code": 4, "worker_id": "0eff42fd-bfa2-4a51-b1bf-d818e31c6c69-139808118376256", "study_id": 0, "datetime_start": "2024-08-19T05:34:29.047265"}
{"op_code": 5, "worker_id": "0eff42fd-bfa2-4a51-b1bf-d818e31c6c69-139808118376256", "trial_id": 32, "param_name": "lr", "param_value_internal": 0.00020879683856203437, "distribution": "{\"name\": \"FloatDistribution\", \"attributes\": {\"step\": null, \"low\": 1e-05, \"high\": 0.001, \"log\": true}}"}
{"op_code": 5, "worker_id": "0eff42fd-bfa2-4a51-b1bf-d818e31c6c69-139808118376256", "trial_id": 32, "param_name": "l2reg", "param_value_internal": 0.0001489384268408153, "distribution": "{\"name\": \"FloatDistribution\", \"attributes\": {\"step\": null, \"low\": 1e-08, \"high\": 0.001, \"log\": true}}"}
{"op_code": 5, "worker_id": "0eff42fd-bfa2-4a51-b1bf-d818e31c6c69-139808118376256", "trial_id": 32, "param_name": "random_seed", "param_value_internal": 0, "distribution": "{\"name\": \"CategoricalDistribution\", \"attributes\": {\"choices\": [42]}}"}
{"op_code": 5, "worker_id": "0eff42fd-bfa2-4a51-b1bf-d818e31c6c69-139808118376256", "trial_id": 32, "param_name": "degree", "param_value_internal": 0, "distribution": "{\"name\": \"CategoricalDistribution\", \"attributes\": {\"choices\": [3]}}"}
{"op_code": 8, "worker_id": "0eff42fd-bfa2-4a51-b1bf-d818e31c6c69-139808118376256", "trial_id": 32, "user_attr": {"best_epoch": 1}}
{"op_code": 8, "worker_id": "0eff42fd-bfa2-4a51-b1bf-d818e31c6c69-139808118376256", "trial_id": 32, "user_attr": {"test_loss": 0.44506552559215323}}
{"op_code": 6, "worker_id": "0eff42fd-bfa2-4a51-b1bf-d818e31c6c69-139808118376256", "trial_id": 32, "state": 1, "values": [0.444876145508794], "datetime_complete": "2024-08-19T05:55:05.339031"}
{"op_code": 4, "worker_id": "0eff42fd-bfa2-4a51-b1bf-d818e31c6c69-139808118376256", "study_id": 0, "datetime_start": "2024-08-19T05:55:05.349459"}
{"op_code": 5, "worker_id": "0eff42fd-bfa2-4a51-b1bf-d818e31c6c69-139808118376256", "trial_id": 33, "param_name": "lr", "param_value_internal": 0.0002830124051682891, "distribution": "{\"name\": \"FloatDistribution\", \"attributes\": {\"step\": null, \"low\": 1e-05, \"high\": 0.001, \"log\": true}}"}
{"op_code": 5, "worker_id": "0eff42fd-bfa2-4a51-b1bf-d818e31c6c69-139808118376256", "trial_id": 33, "param_name": "l2reg", "param_value_internal": 0.00010534932947382238, "distribution": "{\"name\": \"FloatDistribution\", \"attributes\": {\"step\": null, \"low\": 1e-08, \"high\": 0.001, \"log\": true}}"}
{"op_code": 5, "worker_id": "0eff42fd-bfa2-4a51-b1bf-d818e31c6c69-139808118376256", "trial_id": 33, "param_name": "random_seed", "param_value_internal": 0, "distribution": "{\"name\": \"CategoricalDistribution\", \"attributes\": {\"choices\": [42]}}"}
{"op_code": 5, "worker_id": "0eff42fd-bfa2-4a51-b1bf-d818e31c6c69-139808118376256", "trial_id": 33, "param_name": "degree", "param_value_internal": 0, "distribution": "{\"name\": \"CategoricalDistribution\", \"attributes\": {\"choices\": [3]}}"}
{"op_code": 8, "worker_id": "0eff42fd-bfa2-4a51-b1bf-d818e31c6c69-139808118376256", "trial_id": 33, "user_attr": {"best_epoch": 1}}
{"op_code": 8, "worker_id": "0eff42fd-bfa2-4a51-b1bf-d818e31c6c69-139808118376256", "trial_id": 33, "user_attr": {"test_loss": 0.44546298973312165}}
{"op_code": 6, "worker_id": "0eff42fd-bfa2-4a51-b1bf-d818e31c6c69-139808118376256", "trial_id": 33, "state": 1, "values": [0.4452835716445371], "datetime_complete": "2024-08-19T06:15:42.816957"}
{"op_code": 4, "worker_id": "0eff42fd-bfa2-4a51-b1bf-d818e31c6c69-139808118376256", "study_id": 0, "datetime_start": "2024-08-19T06:15:42.828562"}
{"op_code": 5, "worker_id": "0eff42fd-bfa2-4a51-b1bf-d818e31c6c69-139808118376256", "trial_id": 34, "param_name": "lr", "param_value_internal": 0.00018306378066323015, "distribution": "{\"name\": \"FloatDistribution\", \"attributes\": {\"step\": null, \"low\": 1e-05, \"high\": 0.001, \"log\": true}}"}
{"op_code": 5, "worker_id": "0eff42fd-bfa2-4a51-b1bf-d818e31c6c69-139808118376256", "trial_id": 34, "param_name": "l2reg", "param_value_internal": 1.9129032248868407e-05, "distribution": "{\"name\": \"FloatDistribution\", \"attributes\": {\"step\": null, \"low\": 1e-08, \"high\": 0.001, \"log\": true}}"}
{"op_code": 5, "worker_id": "0eff42fd-bfa2-4a51-b1bf-d818e31c6c69-139808118376256", "trial_id": 34, "param_name": "random_seed", "param_value_internal": 0, "distribution": "{\"name\": \"CategoricalDistribution\", \"attributes\": {\"choices\": [42]}}"}
{"op_code": 5, "worker_id": "0eff42fd-bfa2-4a51-b1bf-d818e31c6c69-139808118376256", "trial_id": 34, "param_name": "degree", "param_value_internal": 0, "distribution": "{\"name\": \"CategoricalDistribution\", \"attributes\": {\"choices\": [3]}}"}
{"op_code": 8, "worker_id": "0eff42fd-bfa2-4a51-b1bf-d818e31c6c69-139808118376256", "trial_id": 34, "user_attr": {"best_epoch": 1}}
{"op_code": 8, "worker_id": "0eff42fd-bfa2-4a51-b1bf-d818e31c6c69-139808118376256", "trial_id": 34, "user_attr": {"test_loss": 0.4450425474237401}}
{"op_code": 6, "worker_id": "0eff42fd-bfa2-4a51-b1bf-d818e31c6c69-139808118376256", "trial_id": 34, "state": 1, "values": [0.4448563304772056], "datetime_complete": "2024-08-19T06:36:17.555851"}
{"op_code": 4, "worker_id": "0eff42fd-bfa2-4a51-b1bf-d818e31c6c69-139808118376256", "study_id": 0, "datetime_start": "2024-08-19T06:36:17.565852"}
{"op_code": 5, "worker_id": "0eff42fd-bfa2-4a51-b1bf-d818e31c6c69-139808118376256", "trial_id": 35, "param_name": "lr", "param_value_internal": 0.00010053174985998983, "distribution": "{\"name\": \"FloatDistribution\", \"attributes\": {\"step\": null, \"low\": 1e-05, \"high\": 0.001, \"log\": true}}"}
{"op_code": 5, "worker_id": "0eff42fd-bfa2-4a51-b1bf-d818e31c6c69-139808118376256", "trial_id": 35, "param_name": "l2reg", "param_value_internal": 2.711879075035043e-05, "distribution": "{\"name\": \"FloatDistribution\", \"attributes\": {\"step\": null, \"low\": 1e-08, \"high\": 0.001, \"log\": true}}"}
{"op_code": 5, "worker_id": "0eff42fd-bfa2-4a51-b1bf-d818e31c6c69-139808118376256", "trial_id": 35, "param_name": "random_seed", "param_value_internal": 0, "distribution": "{\"name\": \"CategoricalDistribution\", \"attributes\": {\"choices\": [42]}}"}
{"op_code": 5, "worker_id": "0eff42fd-bfa2-4a51-b1bf-d818e31c6c69-139808118376256", "trial_id": 35, "param_name": "degree", "param_value_internal": 0, "distribution": "{\"name\": \"CategoricalDistribution\", \"attributes\": {\"choices\": [3]}}"}
{"op_code": 8, "worker_id": "0eff42fd-bfa2-4a51-b1bf-d818e31c6c69-139808118376256", "trial_id": 35, "user_attr": {"best_epoch": 2}}
{"op_code": 8, "worker_id": "0eff42fd-bfa2-4a51-b1bf-d818e31c6c69-139808118376256", "trial_id": 35, "user_attr": {"test_loss": 0.4454198693094857}}
{"op_code": 6, "worker_id": "0eff42fd-bfa2-4a51-b1bf-d818e31c6c69-139808118376256", "trial_id": 35, "state": 1, "values": [0.445285571326624], "datetime_complete": "2024-08-19T07:00:30.492045"}
{"op_code": 4, "worker_id": "0eff42fd-bfa2-4a51-b1bf-d818e31c6c69-139808118376256", "study_id": 0, "datetime_start": "2024-08-19T07:00:30.500697"}
{"op_code": 5, "worker_id": "0eff42fd-bfa2-4a51-b1bf-d818e31c6c69-139808118376256", "trial_id": 36, "param_name": "lr", "param_value_internal": 0.0003321784132470582, "distribution": "{\"name\": \"FloatDistribution\", \"attributes\": {\"step\": null, \"low\": 1e-05, \"high\": 0.001, \"log\": true}}"}
{"op_code": 5, "worker_id": "0eff42fd-bfa2-4a51-b1bf-d818e31c6c69-139808118376256", "trial_id": 36, "param_name": "l2reg", "param_value_internal": 6.22483065533219e-05, "distribution": "{\"name\": \"FloatDistribution\", \"attributes\": {\"step\": null, \"low\": 1e-08, \"high\": 0.001, \"log\": true}}"}
{"op_code": 5, "worker_id": "0eff42fd-bfa2-4a51-b1bf-d818e31c6c69-139808118376256", "trial_id": 36, "param_name": "random_seed", "param_value_internal": 0, "distribution": "{\"name\": \"CategoricalDistribution\", \"attributes\": {\"choices\": [42]}}"}
{"op_code": 5, "worker_id": "0eff42fd-bfa2-4a51-b1bf-d818e31c6c69-139808118376256", "trial_id": 36, "param_name": "degree", "param_value_internal": 0, "distribution": "{\"name\": \"CategoricalDistribution\", \"attributes\": {\"choices\": [3]}}"}
{"op_code": 8, "worker_id": "0eff42fd-bfa2-4a51-b1bf-d818e31c6c69-139808118376256", "trial_id": 36, "user_attr": {"best_epoch": 0}}
{"op_code": 8, "worker_id": "0eff42fd-bfa2-4a51-b1bf-d818e31c6c69-139808118376256", "trial_id": 36, "user_attr": {"test_loss": 0.44561878316927694}}
{"op_code": 6, "worker_id": "0eff42fd-bfa2-4a51-b1bf-d818e31c6c69-139808118376256", "trial_id": 36, "state": 1, "values": [0.44551037195104837], "datetime_complete": "2024-08-19T07:17:30.698585"}
{"op_code": 4, "worker_id": "0eff42fd-bfa2-4a51-b1bf-d818e31c6c69-139808118376256", "study_id": 0, "datetime_start": "2024-08-19T07:17:30.707497"}
{"op_code": 5, "worker_id": "0eff42fd-bfa2-4a51-b1bf-d818e31c6c69-139808118376256", "trial_id": 37, "param_name": "lr", "param_value_internal": 0.00017291980321061412, "distribution": "{\"name\": \"FloatDistribution\", \"attributes\": {\"step\": null, \"low\": 1e-05, \"high\": 0.001, \"log\": true}}"}
{"op_code": 5, "worker_id": "0eff42fd-bfa2-4a51-b1bf-d818e31c6c69-139808118376256", "trial_id": 37, "param_name": "l2reg", "param_value_internal": 2.0217072369648617e-05, "distribution": "{\"name\": \"FloatDistribution\", \"attributes\": {\"step\": null, \"low\": 1e-08, \"high\": 0.001, \"log\": true}}"}
{"op_code": 5, "worker_id": "0eff42fd-bfa2-4a51-b1bf-d818e31c6c69-139808118376256", "trial_id": 37, "param_name": "random_seed", "param_value_internal": 0, "distribution": "{\"name\": \"CategoricalDistribution\", \"attributes\": {\"choices\": [42]}}"}
{"op_code": 5, "worker_id": "0eff42fd-bfa2-4a51-b1bf-d818e31c6c69-139808118376256", "trial_id": 37, "param_name": "degree", "param_value_internal": 0, "distribution": "{\"name\": \"CategoricalDistribution\", \"attributes\": {\"choices\": [3]}}"}
{"op_code": 8, "worker_id": "0eff42fd-bfa2-4a51-b1bf-d818e31c6c69-139808118376256", "trial_id": 37, "user_attr": {"best_epoch": 1}}
{"op_code": 8, "worker_id": "0eff42fd-bfa2-4a51-b1bf-d818e31c6c69-139808118376256", "trial_id": 37, "user_attr": {"test_loss": 0.4450629805418543}}
{"op_code": 6, "worker_id": "0eff42fd-bfa2-4a51-b1bf-d818e31c6c69-139808118376256", "trial_id": 37, "state": 1, "values": [0.44487832698016155], "datetime_complete": "2024-08-19T07:39:03.292626"}
{"op_code": 4, "worker_id": "0eff42fd-bfa2-4a51-b1bf-d818e31c6c69-139808118376256", "study_id": 0, "datetime_start": "2024-08-19T07:39:03.302128"}
{"op_code": 5, "worker_id": "0eff42fd-bfa2-4a51-b1bf-d818e31c6c69-139808118376256", "trial_id": 38, "param_name": "lr", "param_value_internal": 0.00012984021076127547, "distribution": "{\"name\": \"FloatDistribution\", \"attributes\": {\"step\": null, \"low\": 1e-05, \"high\": 0.001, \"log\": true}}"}
{"op_code": 5, "worker_id": "0eff42fd-bfa2-4a51-b1bf-d818e31c6c69-139808118376256", "trial_id": 38, "param_name": "l2reg", "param_value_internal": 0.00057531775118589, "distribution": "{\"name\": \"FloatDistribution\", \"attributes\": {\"step\": null, \"low\": 1e-08, \"high\": 0.001, \"log\": true}}"}
{"op_code": 5, "worker_id": "0eff42fd-bfa2-4a51-b1bf-d818e31c6c69-139808118376256", "trial_id": 38, "param_name": "random_seed", "param_value_internal": 0, "distribution": "{\"name\": \"CategoricalDistribution\", \"attributes\": {\"choices\": [42]}}"}
{"op_code": 5, "worker_id": "0eff42fd-bfa2-4a51-b1bf-d818e31c6c69-139808118376256", "trial_id": 38, "param_name": "degree", "param_value_internal": 0, "distribution": "{\"name\": \"CategoricalDistribution\", \"attributes\": {\"choices\": [3]}}"}
{"op_code": 8, "worker_id": "0eff42fd-bfa2-4a51-b1bf-d818e31c6c69-139808118376256", "trial_id": 38, "user_attr": {"best_epoch": 2}}
{"op_code": 8, "worker_id": "0eff42fd-bfa2-4a51-b1bf-d818e31c6c69-139808118376256", "trial_id": 38, "user_attr": {"test_loss": 0.4454218689918634}}
{"op_code": 6, "worker_id": "0eff42fd-bfa2-4a51-b1bf-d818e31c6c69-139808118376256", "trial_id": 38, "state": 1, "values": [0.44528895260724366], "datetime_complete": "2024-08-19T08:04:28.201595"}
{"op_code": 4, "worker_id": "0eff42fd-bfa2-4a51-b1bf-d818e31c6c69-139808118376256", "study_id": 0, "datetime_start": "2024-08-19T08:04:28.210549"}
{"op_code": 5, "worker_id": "0eff42fd-bfa2-4a51-b1bf-d818e31c6c69-139808118376256", "trial_id": 39, "param_name": "lr", "param_value_internal": 9.029245888295042e-05, "distribution": "{\"name\": \"FloatDistribution\", \"attributes\": {\"step\": null, \"low\": 1e-05, \"high\": 0.001, \"log\": true}}"}
{"op_code": 5, "worker_id": "0eff42fd-bfa2-4a51-b1bf-d818e31c6c69-139808118376256", "trial_id": 39, "param_name": "l2reg", "param_value_internal": 8.249974491960027e-06, "distribution": "{\"name\": \"FloatDistribution\", \"attributes\": {\"step\": null, \"low\": 1e-08, \"high\": 0.001, \"log\": true}}"}
{"op_code": 5, "worker_id": "0eff42fd-bfa2-4a51-b1bf-d818e31c6c69-139808118376256", "trial_id": 39, "param_name": "random_seed", "param_value_internal": 0, "distribution": "{\"name\": \"CategoricalDistribution\", \"attributes\": {\"choices\": [42]}}"}
{"op_code": 5, "worker_id": "0eff42fd-bfa2-4a51-b1bf-d818e31c6c69-139808118376256", "trial_id": 39, "param_name": "degree", "param_value_internal": 0, "distribution": "{\"name\": \"CategoricalDistribution\", \"attributes\": {\"choices\": [3]}}"}
{"op_code": 8, "worker_id": "0eff42fd-bfa2-4a51-b1bf-d818e31c6c69-139808118376256", "trial_id": 39, "user_attr": {"best_epoch": 3}}
{"op_code": 8, "worker_id": "0eff42fd-bfa2-4a51-b1bf-d818e31c6c69-139808118376256", "trial_id": 39, "user_attr": {"test_loss": 0.4455701363507062}}
{"op_code": 6, "worker_id": "0eff42fd-bfa2-4a51-b1bf-d818e31c6c69-139808118376256", "trial_id": 39, "state": 1, "values": [0.44540951525815603], "datetime_complete": "2024-08-19T08:33:35.389944"}
{"op_code": 4, "worker_id": "0eff42fd-bfa2-4a51-b1bf-d818e31c6c69-139808118376256", "study_id": 0, "datetime_start": "2024-08-19T08:33:35.398812"}
{"op_code": 5, "worker_id": "0eff42fd-bfa2-4a51-b1bf-d818e31c6c69-139808118376256", "trial_id": 40, "param_name": "lr", "param_value_internal": 0.00046889708352213747, "distribution": "{\"name\": \"FloatDistribution\", \"attributes\": {\"step\": null, \"low\": 1e-05, \"high\": 0.001, \"log\": true}}"}
{"op_code": 5, "worker_id": "0eff42fd-bfa2-4a51-b1bf-d818e31c6c69-139808118376256", "trial_id": 40, "param_name": "l2reg", "param_value_internal": 3.399265347628099e-05, "distribution": "{\"name\": \"FloatDistribution\", \"attributes\": {\"step\": null, \"low\": 1e-08, \"high\": 0.001, \"log\": true}}"}
{"op_code": 5, "worker_id": "0eff42fd-bfa2-4a51-b1bf-d818e31c6c69-139808118376256", "trial_id": 40, "param_name": "random_seed", "param_value_internal": 0, "distribution": "{\"name\": \"CategoricalDistribution\", \"attributes\": {\"choices\": [42]}}"}
{"op_code": 5, "worker_id": "0eff42fd-bfa2-4a51-b1bf-d818e31c6c69-139808118376256", "trial_id": 40, "param_name": "degree", "param_value_internal": 0, "distribution": "{\"name\": \"CategoricalDistribution\", \"attributes\": {\"choices\": [3]}}"}
{"op_code": 8, "worker_id": "0eff42fd-bfa2-4a51-b1bf-d818e31c6c69-139808118376256", "trial_id": 40, "user_attr": {"best_epoch": 0}}
{"op_code": 8, "worker_id": "0eff42fd-bfa2-4a51-b1bf-d818e31c6c69-139808118376256", "trial_id": 40, "user_attr": {"test_loss": 0.44538907420086876}}
{"op_code": 6, "worker_id": "0eff42fd-bfa2-4a51-b1bf-d818e31c6c69-139808118376256", "trial_id": 40, "state": 1, "values": [0.4453242924433977], "datetime_complete": "2024-08-19T08:51:18.976770"}
{"op_code": 4, "worker_id": "0eff42fd-bfa2-4a51-b1bf-d818e31c6c69-139808118376256", "study_id": 0, "datetime_start": "2024-08-19T08:51:18.993230"}
{"op_code": 5, "worker_id": "0eff42fd-bfa2-4a51-b1bf-d818e31c6c69-139808118376256", "trial_id": 41, "param_name": "lr", "param_value_internal": 0.0001993181245131084, "distribution": "{\"name\": \"FloatDistribution\", \"attributes\": {\"step\": null, \"low\": 1e-05, \"high\": 0.001, \"log\": true}}"}
{"op_code": 5, "worker_id": "0eff42fd-bfa2-4a51-b1bf-d818e31c6c69-139808118376256", "trial_id": 41, "param_name": "l2reg", "param_value_internal": 0.00013165578853864017, "distribution": "{\"name\": \"FloatDistribution\", \"attributes\": {\"step\": null, \"low\": 1e-08, \"high\": 0.001, \"log\": true}}"}
{"op_code": 5, "worker_id": "0eff42fd-bfa2-4a51-b1bf-d818e31c6c69-139808118376256", "trial_id": 41, "param_name": "random_seed", "param_value_internal": 0, "distribution": "{\"name\": \"CategoricalDistribution\", \"attributes\": {\"choices\": [42]}}"}
{"op_code": 5, "worker_id": "0eff42fd-bfa2-4a51-b1bf-d818e31c6c69-139808118376256", "trial_id": 41, "param_name": "degree", "param_value_internal": 0, "distribution": "{\"name\": \"CategoricalDistribution\", \"attributes\": {\"choices\": [3]}}"}
{"op_code": 8, "worker_id": "0eff42fd-bfa2-4a51-b1bf-d818e31c6c69-139808118376256", "trial_id": 41, "user_attr": {"best_epoch": 1}}
{"op_code": 8, "worker_id": "0eff42fd-bfa2-4a51-b1bf-d818e31c6c69-139808118376256", "trial_id": 41, "user_attr": {"test_loss": 0.4450545818758679}}
{"op_code": 6, "worker_id": "0eff42fd-bfa2-4a51-b1bf-d818e31c6c69-139808118376256", "trial_id": 41, "state": 1, "values": [0.44486549265694925], "datetime_complete": "2024-08-19T09:12:57.553512"}
{"op_code": 4, "worker_id": "0eff42fd-bfa2-4a51-b1bf-d818e31c6c69-139808118376256", "study_id": 0, "datetime_start": "2024-08-19T09:12:57.564692"}
{"op_code": 5, "worker_id": "0eff42fd-bfa2-4a51-b1bf-d818e31c6c69-139808118376256", "trial_id": 42, "param_name": "lr", "param_value_internal": 0.00028466482989625573, "distribution": "{\"name\": \"FloatDistribution\", \"attributes\": {\"step\": null, \"low\": 1e-05, \"high\": 0.001, \"log\": true}}"}
{"op_code": 5, "worker_id": "0eff42fd-bfa2-4a51-b1bf-d818e31c6c69-139808118376256", "trial_id": 42, "param_name": "l2reg", "param_value_internal": 6.822240973683991e-05, "distribution": "{\"name\": \"FloatDistribution\", \"attributes\": {\"step\": null, \"low\": 1e-08, \"high\": 0.001, \"log\": true}}"}
{"op_code": 5, "worker_id": "0eff42fd-bfa2-4a51-b1bf-d818e31c6c69-139808118376256", "trial_id": 42, "param_name": "random_seed", "param_value_internal": 0, "distribution": "{\"name\": \"CategoricalDistribution\", \"attributes\": {\"choices\": [42]}}"}
{"op_code": 5, "worker_id": "0eff42fd-bfa2-4a51-b1bf-d818e31c6c69-139808118376256", "trial_id": 42, "param_name": "degree", "param_value_internal": 0, "distribution": "{\"name\": \"CategoricalDistribution\", \"attributes\": {\"choices\": [3]}}"}
{"op_code": 8, "worker_id": "0eff42fd-bfa2-4a51-b1bf-d818e31c6c69-139808118376256", "trial_id": 42, "user_attr": {"best_epoch": 1}}
{"op_code": 8, "worker_id": "0eff42fd-bfa2-4a51-b1bf-d818e31c6c69-139808118376256", "trial_id": 42, "user_attr": {"test_loss": 0.4454924396008663}}
{"op_code": 6, "worker_id": "0eff42fd-bfa2-4a51-b1bf-d818e31c6c69-139808118376256", "trial_id": 42, "state": 1, "values": [0.44531342144441616], "datetime_complete": "2024-08-19T09:34:27.882771"}
{"op_code": 4, "worker_id": "0eff42fd-bfa2-4a51-b1bf-d818e31c6c69-139808118376256", "study_id": 0, "datetime_start": "2024-08-19T09:34:27.892234"}
{"op_code": 5, "worker_id": "0eff42fd-bfa2-4a51-b1bf-d818e31c6c69-139808118376256", "trial_id": 43, "param_name": "lr", "param_value_internal": 0.00016599390928568206, "distribution": "{\"name\": \"FloatDistribution\", \"attributes\": {\"step\": null, \"low\": 1e-05, \"high\": 0.001, \"log\": true}}"}
{"op_code": 5, "worker_id": "0eff42fd-bfa2-4a51-b1bf-d818e31c6c69-139808118376256", "trial_id": 43, "param_name": "l2reg", "param_value_internal": 0.0001222563374914768, "distribution": "{\"name\": \"FloatDistribution\", \"attributes\": {\"step\": null, \"low\": 1e-08, \"high\": 0.001, \"log\": true}}"}
{"op_code": 5, "worker_id": "0eff42fd-bfa2-4a51-b1bf-d818e31c6c69-139808118376256", "trial_id": 43, "param_name": "random_seed", "param_value_internal": 0, "distribution": "{\"name\": \"CategoricalDistribution\", \"attributes\": {\"choices\": [42]}}"}
{"op_code": 5, "worker_id": "0eff42fd-bfa2-4a51-b1bf-d818e31c6c69-139808118376256", "trial_id": 43, "param_name": "degree", "param_value_internal": 0, "distribution": "{\"name\": \"CategoricalDistribution\", \"attributes\": {\"choices\": [3]}}"}
{"op_code": 8, "worker_id": "0eff42fd-bfa2-4a51-b1bf-d818e31c6c69-139808118376256", "trial_id": 43, "user_attr": {"best_epoch": 1}}
{"op_code": 8, "worker_id": "0eff42fd-bfa2-4a51-b1bf-d818e31c6c69-139808118376256", "trial_id": 43, "user_attr": {"test_loss": 0.44509195775740057}}
{"op_code": 6, "worker_id": "0eff42fd-bfa2-4a51-b1bf-d818e31c6c69-139808118376256", "trial_id": 43, "state": 1, "values": [0.4449081404221845], "datetime_complete": "2024-08-19T09:56:03.484819"}
{"op_code": 4, "worker_id": "0eff42fd-bfa2-4a51-b1bf-d818e31c6c69-139808118376256", "study_id": 0, "datetime_start": "2024-08-19T09:56:03.494120"}
{"op_code": 5, "worker_id": "0eff42fd-bfa2-4a51-b1bf-d818e31c6c69-139808118376256", "trial_id": 44, "param_name": "lr", "param_value_internal": 7.059241548645606e-05, "distribution": "{\"name\": \"FloatDistribution\", \"attributes\": {\"step\": null, \"low\": 1e-05, \"high\": 0.001, \"log\": true}}"}
{"op_code": 5, "worker_id": "0eff42fd-bfa2-4a51-b1bf-d818e31c6c69-139808118376256", "trial_id": 44, "param_name": "l2reg", "param_value_internal": 0.00044997425594696833, "distribution": "{\"name\": \"FloatDistribution\", \"attributes\": {\"step\": null, \"low\": 1e-08, \"high\": 0.001, \"log\": true}}"}
{"op_code": 5, "worker_id": "0eff42fd-bfa2-4a51-b1bf-d818e31c6c69-139808118376256", "trial_id": 44, "param_name": "random_seed", "param_value_internal": 0, "distribution": "{\"name\": \"CategoricalDistribution\", \"attributes\": {\"choices\": [42]}}"}
{"op_code": 5, "worker_id": "0eff42fd-bfa2-4a51-b1bf-d818e31c6c69-139808118376256", "trial_id": 44, "param_name": "degree", "param_value_internal": 0, "distribution": "{\"name\": \"CategoricalDistribution\", \"attributes\": {\"choices\": [3]}}"}
{"op_code": 6, "worker_id": "0eff42fd-bfa2-4a51-b1bf-d818e31c6c69-139808118376256", "trial_id": 44, "state": 3, "values": null, "datetime_complete": "2024-08-19T10:19:19.683438"}
