{"op_code": 0, "worker_id": "f3a4c5fd-98f9-4d65-b1d1-edd312f267be-139740366329664", "study_name": "criteo_bins_8", "directions": [1]}
{"op_code": 4, "worker_id": "f3a4c5fd-98f9-4d65-b1d1-edd312f267be-139740366329664", "study_id": 0, "datetime_start": "2024-09-01T08:09:50.316969"}
{"op_code": 5, "worker_id": "f3a4c5fd-98f9-4d65-b1d1-edd312f267be-139740366329664", "trial_id": 0, "param_name": "lr", "param_value_internal": 5.6115164153345e-05, "distribution": "{\"name\": \"FloatDistribution\", \"attributes\": {\"step\": null, \"low\": 1e-05, \"high\": 0.001, \"log\": true}}"}
{"op_code": 5, "worker_id": "f3a4c5fd-98f9-4d65-b1d1-edd312f267be-139740366329664", "trial_id": 0, "param_name": "l2reg", "param_value_internal": 0.0005669849511478851, "distribution": "{\"name\": \"FloatDistribution\", \"attributes\": {\"step\": null, \"low\": 1e-08, \"high\": 0.001, \"log\": true}}"}
{"op_code": 5, "worker_id": "f3a4c5fd-98f9-4d65-b1d1-edd312f267be-139740366329664", "trial_id": 0, "param_name": "random_seed", "param_value_internal": 0, "distribution": "{\"name\": \"CategoricalDistribution\", \"attributes\": {\"choices\": [42]}}"}
{"op_code": 5, "worker_id": "f3a4c5fd-98f9-4d65-b1d1-edd312f267be-139740366329664", "trial_id": 0, "param_name": "degree", "param_value_internal": 0, "distribution": "{\"name\": \"CategoricalDistribution\", \"attributes\": {\"choices\": [0]}}"}
{"op_code": 8, "worker_id": "f3a4c5fd-98f9-4d65-b1d1-edd312f267be-139740366329664", "trial_id": 0, "user_attr": {"best_epoch": 5}}
{"op_code": 8, "worker_id": "f3a4c5fd-98f9-4d65-b1d1-edd312f267be-139740366329664", "trial_id": 0, "user_attr": {"test_loss": 0.4533668648802755}}
{"op_code": 6, "worker_id": "f3a4c5fd-98f9-4d65-b1d1-edd312f267be-139740366329664", "trial_id": 0, "state": 1, "values": [0.4487141644244777], "datetime_complete": "2024-09-01T08:43:14.663665"}
{"op_code": 4, "worker_id": "f3a4c5fd-98f9-4d65-b1d1-edd312f267be-139740366329664", "study_id": 0, "datetime_start": "2024-09-01T08:43:14.672736"}
{"op_code": 5, "worker_id": "f3a4c5fd-98f9-4d65-b1d1-edd312f267be-139740366329664", "trial_id": 1, "param_name": "lr", "param_value_internal": 0.000291063591313307, "distribution": "{\"name\": \"FloatDistribution\", \"attributes\": {\"step\": null, \"low\": 1e-05, \"high\": 0.001, \"log\": true}}"}
{"op_code": 5, "worker_id": "f3a4c5fd-98f9-4d65-b1d1-edd312f267be-139740366329664", "trial_id": 1, "param_name": "l2reg", "param_value_internal": 9.846738873614555e-06, "distribution": "{\"name\": \"FloatDistribution\", \"attributes\": {\"step\": null, \"low\": 1e-08, \"high\": 0.001, \"log\": true}}"}
{"op_code": 5, "worker_id": "f3a4c5fd-98f9-4d65-b1d1-edd312f267be-139740366329664", "trial_id": 1, "param_name": "random_seed", "param_value_internal": 0, "distribution": "{\"name\": \"CategoricalDistribution\", \"attributes\": {\"choices\": [42]}}"}
{"op_code": 5, "worker_id": "f3a4c5fd-98f9-4d65-b1d1-edd312f267be-139740366329664", "trial_id": 1, "param_name": "degree", "param_value_internal": 0, "distribution": "{\"name\": \"CategoricalDistribution\", \"attributes\": {\"choices\": [0]}}"}
{"op_code": 8, "worker_id": "f3a4c5fd-98f9-4d65-b1d1-edd312f267be-139740366329664", "trial_id": 1, "user_attr": {"best_epoch": 1}}
{"op_code": 8, "worker_id": "f3a4c5fd-98f9-4d65-b1d1-edd312f267be-139740366329664", "trial_id": 1, "user_attr": {"test_loss": 0.45267832696739896}}
{"op_code": 6, "worker_id": "f3a4c5fd-98f9-4d65-b1d1-edd312f267be-139740366329664", "trial_id": 1, "state": 1, "values": [0.44800119413742656], "datetime_complete": "2024-09-01T09:02:06.101367"}
{"op_code": 4, "worker_id": "f3a4c5fd-98f9-4d65-b1d1-edd312f267be-139740366329664", "study_id": 0, "datetime_start": "2024-09-01T09:02:06.110398"}
{"op_code": 5, "worker_id": "f3a4c5fd-98f9-4d65-b1d1-edd312f267be-139740366329664", "trial_id": 2, "param_name": "lr", "param_value_internal": 2.0513382630874486e-05, "distribution": "{\"name\": \"FloatDistribution\", \"attributes\": {\"step\": null, \"low\": 1e-05, \"high\": 0.001, \"log\": true}}"}
{"op_code": 5, "worker_id": "f3a4c5fd-98f9-4d65-b1d1-edd312f267be-139740366329664", "trial_id": 2, "param_name": "l2reg", "param_value_internal": 6.02521573620385e-08, "distribution": "{\"name\": \"FloatDistribution\", \"attributes\": {\"step\": null, \"low\": 1e-08, \"high\": 0.001, \"log\": true}}"}
{"op_code": 5, "worker_id": "f3a4c5fd-98f9-4d65-b1d1-edd312f267be-139740366329664", "trial_id": 2, "param_name": "random_seed", "param_value_internal": 0, "distribution": "{\"name\": \"CategoricalDistribution\", \"attributes\": {\"choices\": [42]}}"}
{"op_code": 5, "worker_id": "f3a4c5fd-98f9-4d65-b1d1-edd312f267be-139740366329664", "trial_id": 2, "param_name": "degree", "param_value_internal": 0, "distribution": "{\"name\": \"CategoricalDistribution\", \"attributes\": {\"choices\": [0]}}"}
{"op_code": 8, "worker_id": "f3a4c5fd-98f9-4d65-b1d1-edd312f267be-139740366329664", "trial_id": 2, "user_attr": {"best_epoch": 9}}
{"op_code": 8, "worker_id": "f3a4c5fd-98f9-4d65-b1d1-edd312f267be-139740366329664", "trial_id": 2, "user_attr": {"test_loss": 0.45491489173585004}}
{"op_code": 6, "worker_id": "f3a4c5fd-98f9-4d65-b1d1-edd312f267be-139740366329664", "trial_id": 2, "state": 1, "values": [0.4503287313740521], "datetime_complete": "2024-09-01T09:38:27.285101"}
{"op_code": 4, "worker_id": "f3a4c5fd-98f9-4d65-b1d1-edd312f267be-139740366329664", "study_id": 0, "datetime_start": "2024-09-01T09:38:27.293698"}
{"op_code": 5, "worker_id": "f3a4c5fd-98f9-4d65-b1d1-edd312f267be-139740366329664", "trial_id": 3, "param_name": "lr", "param_value_internal": 1.3066739238053272e-05, "distribution": "{\"name\": \"FloatDistribution\", \"attributes\": {\"step\": null, \"low\": 1e-05, \"high\": 0.001, \"log\": true}}"}
{"op_code": 5, "worker_id": "f3a4c5fd-98f9-4d65-b1d1-edd312f267be-139740366329664", "trial_id": 3, "param_name": "l2reg", "param_value_internal": 0.00021423021757741048, "distribution": "{\"name\": \"FloatDistribution\", \"attributes\": {\"step\": null, \"low\": 1e-08, \"high\": 0.001, \"log\": true}}"}
{"op_code": 5, "worker_id": "f3a4c5fd-98f9-4d65-b1d1-edd312f267be-139740366329664", "trial_id": 3, "param_name": "random_seed", "param_value_internal": 0, "distribution": "{\"name\": \"CategoricalDistribution\", \"attributes\": {\"choices\": [42]}}"}
{"op_code": 5, "worker_id": "f3a4c5fd-98f9-4d65-b1d1-edd312f267be-139740366329664", "trial_id": 3, "param_name": "degree", "param_value_internal": 0, "distribution": "{\"name\": \"CategoricalDistribution\", \"attributes\": {\"choices\": [0]}}"}
{"op_code": 8, "worker_id": "f3a4c5fd-98f9-4d65-b1d1-edd312f267be-139740366329664", "trial_id": 3, "user_attr": {"best_epoch": 9}}
{"op_code": 8, "worker_id": "f3a4c5fd-98f9-4d65-b1d1-edd312f267be-139740366329664", "trial_id": 3, "user_attr": {"test_loss": 0.4566144763378273}}
{"op_code": 6, "worker_id": "f3a4c5fd-98f9-4d65-b1d1-edd312f267be-139740366329664", "trial_id": 3, "state": 1, "values": [0.4521060797170719], "datetime_complete": "2024-09-01T10:14:09.919656"}
{"op_code": 4, "worker_id": "f3a4c5fd-98f9-4d65-b1d1-edd312f267be-139740366329664", "study_id": 0, "datetime_start": "2024-09-01T10:14:09.931695"}
{"op_code": 5, "worker_id": "f3a4c5fd-98f9-4d65-b1d1-edd312f267be-139740366329664", "trial_id": 4, "param_name": "lr", "param_value_internal": 0.00015930522616241006, "distribution": "{\"name\": \"FloatDistribution\", \"attributes\": {\"step\": null, \"low\": 1e-05, \"high\": 0.001, \"log\": true}}"}
{"op_code": 5, "worker_id": "f3a4c5fd-98f9-4d65-b1d1-edd312f267be-139740366329664", "trial_id": 4, "param_name": "l2reg", "param_value_internal": 3.47026698865041e-05, "distribution": "{\"name\": \"FloatDistribution\", \"attributes\": {\"step\": null, \"low\": 1e-08, \"high\": 0.001, \"log\": true}}"}
{"op_code": 5, "worker_id": "f3a4c5fd-98f9-4d65-b1d1-edd312f267be-139740366329664", "trial_id": 4, "param_name": "random_seed", "param_value_internal": 0, "distribution": "{\"name\": \"CategoricalDistribution\", \"attributes\": {\"choices\": [42]}}"}
{"op_code": 5, "worker_id": "f3a4c5fd-98f9-4d65-b1d1-edd312f267be-139740366329664", "trial_id": 4, "param_name": "degree", "param_value_internal": 0, "distribution": "{\"name\": \"CategoricalDistribution\", \"attributes\": {\"choices\": [0]}}"}
{"op_code": 8, "worker_id": "f3a4c5fd-98f9-4d65-b1d1-edd312f267be-139740366329664", "trial_id": 4, "user_attr": {"best_epoch": 1}}
{"op_code": 8, "worker_id": "f3a4c5fd-98f9-4d65-b1d1-edd312f267be-139740366329664", "trial_id": 4, "user_attr": {"test_loss": 0.4526593917930373}}
{"op_code": 6, "worker_id": "f3a4c5fd-98f9-4d65-b1d1-edd312f267be-139740366329664", "trial_id": 4, "state": 1, "values": [0.44807872908350715], "datetime_complete": "2024-09-01T10:33:51.749642"}
{"op_code": 4, "worker_id": "f3a4c5fd-98f9-4d65-b1d1-edd312f267be-139740366329664", "study_id": 0, "datetime_start": "2024-09-01T10:33:51.758474"}
{"op_code": 5, "worker_id": "f3a4c5fd-98f9-4d65-b1d1-edd312f267be-139740366329664", "trial_id": 5, "param_name": "lr", "param_value_internal": 1.0994335574766187e-05, "distribution": "{\"name\": \"FloatDistribution\", \"attributes\": {\"step\": null, \"low\": 1e-05, \"high\": 0.001, \"log\": true}}"}
{"op_code": 5, "worker_id": "f3a4c5fd-98f9-4d65-b1d1-edd312f267be-139740366329664", "trial_id": 5, "param_name": "l2reg", "param_value_internal": 0.0007072114131472234, "distribution": "{\"name\": \"FloatDistribution\", \"attributes\": {\"step\": null, \"low\": 1e-08, \"high\": 0.001, \"log\": true}}"}
{"op_code": 5, "worker_id": "f3a4c5fd-98f9-4d65-b1d1-edd312f267be-139740366329664", "trial_id": 5, "param_name": "random_seed", "param_value_internal": 0, "distribution": "{\"name\": \"CategoricalDistribution\", \"attributes\": {\"choices\": [42]}}"}
{"op_code": 5, "worker_id": "f3a4c5fd-98f9-4d65-b1d1-edd312f267be-139740366329664", "trial_id": 5, "param_name": "degree", "param_value_internal": 0, "distribution": "{\"name\": \"CategoricalDistribution\", \"attributes\": {\"choices\": [0]}}"}
{"op_code": 8, "worker_id": "f3a4c5fd-98f9-4d65-b1d1-edd312f267be-139740366329664", "trial_id": 5, "user_attr": {"best_epoch": 9}}
{"op_code": 8, "worker_id": "f3a4c5fd-98f9-4d65-b1d1-edd312f267be-139740366329664", "trial_id": 5, "user_attr": {"test_loss": 0.4571550450252487}}
{"op_code": 6, "worker_id": "f3a4c5fd-98f9-4d65-b1d1-edd312f267be-139740366329664", "trial_id": 5, "state": 1, "values": [0.4526739058066841], "datetime_complete": "2024-09-01T11:10:54.910146"}
{"op_code": 4, "worker_id": "f3a4c5fd-98f9-4d65-b1d1-edd312f267be-139740366329664", "study_id": 0, "datetime_start": "2024-09-01T11:10:54.918769"}
{"op_code": 5, "worker_id": "f3a4c5fd-98f9-4d65-b1d1-edd312f267be-139740366329664", "trial_id": 6, "param_name": "lr", "param_value_internal": 0.000462258900102083, "distribution": "{\"name\": \"FloatDistribution\", \"attributes\": {\"step\": null, \"low\": 1e-05, \"high\": 0.001, \"log\": true}}"}
{"op_code": 5, "worker_id": "f3a4c5fd-98f9-4d65-b1d1-edd312f267be-139740366329664", "trial_id": 6, "param_name": "l2reg", "param_value_internal": 1.1526449540315595e-07, "distribution": "{\"name\": \"FloatDistribution\", \"attributes\": {\"step\": null, \"low\": 1e-08, \"high\": 0.001, \"log\": true}}"}
{"op_code": 5, "worker_id": "f3a4c5fd-98f9-4d65-b1d1-edd312f267be-139740366329664", "trial_id": 6, "param_name": "random_seed", "param_value_internal": 0, "distribution": "{\"name\": \"CategoricalDistribution\", \"attributes\": {\"choices\": [42]}}"}
{"op_code": 5, "worker_id": "f3a4c5fd-98f9-4d65-b1d1-edd312f267be-139740366329664", "trial_id": 6, "param_name": "degree", "param_value_internal": 0, "distribution": "{\"name\": \"CategoricalDistribution\", \"attributes\": {\"choices\": [0]}}"}
{"op_code": 8, "worker_id": "f3a4c5fd-98f9-4d65-b1d1-edd312f267be-139740366329664", "trial_id": 6, "user_attr": {"best_epoch": 1}}
{"op_code": 8, "worker_id": "f3a4c5fd-98f9-4d65-b1d1-edd312f267be-139740366329664", "trial_id": 6, "user_attr": {"test_loss": 0.45313036607952867}}
{"op_code": 6, "worker_id": "f3a4c5fd-98f9-4d65-b1d1-edd312f267be-139740366329664", "trial_id": 6, "state": 1, "values": [0.44843063313716086], "datetime_complete": "2024-09-01T11:30:00.064987"}
{"op_code": 4, "worker_id": "f3a4c5fd-98f9-4d65-b1d1-edd312f267be-139740366329664", "study_id": 0, "datetime_start": "2024-09-01T11:30:00.075909"}
{"op_code": 5, "worker_id": "f3a4c5fd-98f9-4d65-b1d1-edd312f267be-139740366329664", "trial_id": 7, "param_name": "lr", "param_value_internal": 2.3102018878452926e-05, "distribution": "{\"name\": \"FloatDistribution\", \"attributes\": {\"step\": null, \"low\": 1e-05, \"high\": 0.001, \"log\": true}}"}
{"op_code": 5, "worker_id": "f3a4c5fd-98f9-4d65-b1d1-edd312f267be-139740366329664", "trial_id": 7, "param_name": "l2reg", "param_value_internal": 8.260808399079588e-08, "distribution": "{\"name\": \"FloatDistribution\", \"attributes\": {\"step\": null, \"low\": 1e-08, \"high\": 0.001, \"log\": true}}"}
{"op_code": 5, "worker_id": "f3a4c5fd-98f9-4d65-b1d1-edd312f267be-139740366329664", "trial_id": 7, "param_name": "random_seed", "param_value_internal": 0, "distribution": "{\"name\": \"CategoricalDistribution\", \"attributes\": {\"choices\": [42]}}"}
{"op_code": 5, "worker_id": "f3a4c5fd-98f9-4d65-b1d1-edd312f267be-139740366329664", "trial_id": 7, "param_name": "degree", "param_value_internal": 0, "distribution": "{\"name\": \"CategoricalDistribution\", \"attributes\": {\"choices\": [0]}}"}
{"op_code": 8, "worker_id": "f3a4c5fd-98f9-4d65-b1d1-edd312f267be-139740366329664", "trial_id": 7, "user_attr": {"best_epoch": 9}}
{"op_code": 8, "worker_id": "f3a4c5fd-98f9-4d65-b1d1-edd312f267be-139740366329664", "trial_id": 7, "user_attr": {"test_loss": 0.45448549084629386}}
{"op_code": 6, "worker_id": "f3a4c5fd-98f9-4d65-b1d1-edd312f267be-139740366329664", "trial_id": 7, "state": 1, "values": [0.4498754325312354], "datetime_complete": "2024-09-01T12:05:44.880948"}
{"op_code": 4, "worker_id": "f3a4c5fd-98f9-4d65-b1d1-edd312f267be-139740366329664", "study_id": 0, "datetime_start": "2024-09-01T12:05:44.889973"}
{"op_code": 5, "worker_id": "f3a4c5fd-98f9-4d65-b1d1-edd312f267be-139740366329664", "trial_id": 8, "param_name": "lr", "param_value_internal": 4.059611610484306e-05, "distribution": "{\"name\": \"FloatDistribution\", \"attributes\": {\"step\": null, \"low\": 1e-05, \"high\": 0.001, \"log\": true}}"}
{"op_code": 5, "worker_id": "f3a4c5fd-98f9-4d65-b1d1-edd312f267be-139740366329664", "trial_id": 8, "param_name": "l2reg", "param_value_internal": 4.2051564509138674e-06, "distribution": "{\"name\": \"FloatDistribution\", \"attributes\": {\"step\": null, \"low\": 1e-08, \"high\": 0.001, \"log\": true}}"}
{"op_code": 5, "worker_id": "f3a4c5fd-98f9-4d65-b1d1-edd312f267be-139740366329664", "trial_id": 8, "param_name": "random_seed", "param_value_internal": 0, "distribution": "{\"name\": \"CategoricalDistribution\", \"attributes\": {\"choices\": [42]}}"}
{"op_code": 5, "worker_id": "f3a4c5fd-98f9-4d65-b1d1-edd312f267be-139740366329664", "trial_id": 8, "param_name": "degree", "param_value_internal": 0, "distribution": "{\"name\": \"CategoricalDistribution\", \"attributes\": {\"choices\": [0]}}"}
{"op_code": 8, "worker_id": "f3a4c5fd-98f9-4d65-b1d1-edd312f267be-139740366329664", "trial_id": 8, "user_attr": {"best_epoch": 7}}
{"op_code": 8, "worker_id": "f3a4c5fd-98f9-4d65-b1d1-edd312f267be-139740366329664", "trial_id": 8, "user_attr": {"test_loss": 0.4535602632538967}}
{"op_code": 6, "worker_id": "f3a4c5fd-98f9-4d65-b1d1-edd312f267be-139740366329664", "trial_id": 8, "state": 1, "values": [0.4488493829271943], "datetime_complete": "2024-09-01T12:41:42.692593"}
{"op_code": 4, "worker_id": "f3a4c5fd-98f9-4d65-b1d1-edd312f267be-139740366329664", "study_id": 0, "datetime_start": "2024-09-01T12:41:42.702736"}
{"op_code": 5, "worker_id": "f3a4c5fd-98f9-4d65-b1d1-edd312f267be-139740366329664", "trial_id": 9, "param_name": "lr", "param_value_internal": 7.309539835912905e-05, "distribution": "{\"name\": \"FloatDistribution\", \"attributes\": {\"step\": null, \"low\": 1e-05, \"high\": 0.001, \"log\": true}}"}
{"op_code": 5, "worker_id": "f3a4c5fd-98f9-4d65-b1d1-edd312f267be-139740366329664", "trial_id": 9, "param_name": "l2reg", "param_value_internal": 2.8585493941961875e-07, "distribution": "{\"name\": \"FloatDistribution\", \"attributes\": {\"step\": null, \"low\": 1e-08, \"high\": 0.001, \"log\": true}}"}
{"op_code": 5, "worker_id": "f3a4c5fd-98f9-4d65-b1d1-edd312f267be-139740366329664", "trial_id": 9, "param_name": "random_seed", "param_value_internal": 0, "distribution": "{\"name\": \"CategoricalDistribution\", \"attributes\": {\"choices\": [42]}}"}
{"op_code": 5, "worker_id": "f3a4c5fd-98f9-4d65-b1d1-edd312f267be-139740366329664", "trial_id": 9, "param_name": "degree", "param_value_internal": 0, "distribution": "{\"name\": \"CategoricalDistribution\", \"attributes\": {\"choices\": [0]}}"}
{"op_code": 8, "worker_id": "f3a4c5fd-98f9-4d65-b1d1-edd312f267be-139740366329664", "trial_id": 9, "user_attr": {"best_epoch": 4}}
{"op_code": 8, "worker_id": "f3a4c5fd-98f9-4d65-b1d1-edd312f267be-139740366329664", "trial_id": 9, "user_attr": {"test_loss": 0.45317575705193996}}
{"op_code": 6, "worker_id": "f3a4c5fd-98f9-4d65-b1d1-edd312f267be-139740366329664", "trial_id": 9, "state": 1, "values": [0.44850599206555236], "datetime_complete": "2024-09-01T13:10:11.666500"}
{"op_code": 4, "worker_id": "f3a4c5fd-98f9-4d65-b1d1-edd312f267be-139740366329664", "study_id": 0, "datetime_start": "2024-09-01T13:10:11.675449"}
{"op_code": 5, "worker_id": "f3a4c5fd-98f9-4d65-b1d1-edd312f267be-139740366329664", "trial_id": 10, "param_name": "lr", "param_value_internal": 0.000872134982845204, "distribution": "{\"name\": \"FloatDistribution\", \"attributes\": {\"step\": null, \"low\": 1e-05, \"high\": 0.001, \"log\": true}}"}
{"op_code": 5, "worker_id": "f3a4c5fd-98f9-4d65-b1d1-edd312f267be-139740366329664", "trial_id": 10, "param_name": "l2reg", "param_value_internal": 2.3261440591233855e-06, "distribution": "{\"name\": \"FloatDistribution\", \"attributes\": {\"step\": null, \"low\": 1e-08, \"high\": 0.001, \"log\": true}}"}
{"op_code": 5, "worker_id": "f3a4c5fd-98f9-4d65-b1d1-edd312f267be-139740366329664", "trial_id": 10, "param_name": "random_seed", "param_value_internal": 0, "distribution": "{\"name\": \"CategoricalDistribution\", \"attributes\": {\"choices\": [42]}}"}
{"op_code": 5, "worker_id": "f3a4c5fd-98f9-4d65-b1d1-edd312f267be-139740366329664", "trial_id": 10, "param_name": "degree", "param_value_internal": 0, "distribution": "{\"name\": \"CategoricalDistribution\", \"attributes\": {\"choices\": [0]}}"}
{"op_code": 8, "worker_id": "f3a4c5fd-98f9-4d65-b1d1-edd312f267be-139740366329664", "trial_id": 10, "user_attr": {"best_epoch": 1}}
{"op_code": 8, "worker_id": "f3a4c5fd-98f9-4d65-b1d1-edd312f267be-139740366329664", "trial_id": 10, "user_attr": {"test_loss": 0.45313395460047623}}
{"op_code": 6, "worker_id": "f3a4c5fd-98f9-4d65-b1d1-edd312f267be-139740366329664", "trial_id": 10, "state": 1, "values": [0.4484010469317387], "datetime_complete": "2024-09-01T13:28:56.629958"}
{"op_code": 4, "worker_id": "f3a4c5fd-98f9-4d65-b1d1-edd312f267be-139740366329664", "study_id": 0, "datetime_start": "2024-09-01T13:28:56.638597"}
{"op_code": 5, "worker_id": "f3a4c5fd-98f9-4d65-b1d1-edd312f267be-139740366329664", "trial_id": 11, "param_name": "lr", "param_value_internal": 0.0002440058840598451, "distribution": "{\"name\": \"FloatDistribution\", \"attributes\": {\"step\": null, \"low\": 1e-05, \"high\": 0.001, \"log\": true}}"}
{"op_code": 5, "worker_id": "f3a4c5fd-98f9-4d65-b1d1-edd312f267be-139740366329664", "trial_id": 11, "param_name": "l2reg", "param_value_internal": 3.129273150205426e-05, "distribution": "{\"name\": \"FloatDistribution\", \"attributes\": {\"step\": null, \"low\": 1e-08, \"high\": 0.001, \"log\": true}}"}
{"op_code": 5, "worker_id": "f3a4c5fd-98f9-4d65-b1d1-edd312f267be-139740366329664", "trial_id": 11, "param_name": "random_seed", "param_value_internal": 0, "distribution": "{\"name\": \"CategoricalDistribution\", \"attributes\": {\"choices\": [42]}}"}
{"op_code": 5, "worker_id": "f3a4c5fd-98f9-4d65-b1d1-edd312f267be-139740366329664", "trial_id": 11, "param_name": "degree", "param_value_internal": 0, "distribution": "{\"name\": \"CategoricalDistribution\", \"attributes\": {\"choices\": [0]}}"}
{"op_code": 8, "worker_id": "f3a4c5fd-98f9-4d65-b1d1-edd312f267be-139740366329664", "trial_id": 11, "user_attr": {"best_epoch": 1}}
{"op_code": 8, "worker_id": "f3a4c5fd-98f9-4d65-b1d1-edd312f267be-139740366329664", "trial_id": 11, "user_attr": {"test_loss": 0.45250153504709895}}
{"op_code": 6, "worker_id": "f3a4c5fd-98f9-4d65-b1d1-edd312f267be-139740366329664", "trial_id": 11, "state": 1, "values": [0.447843566470087], "datetime_complete": "2024-09-01T13:47:00.762701"}
{"op_code": 4, "worker_id": "f3a4c5fd-98f9-4d65-b1d1-edd312f267be-139740366329664", "study_id": 0, "datetime_start": "2024-09-01T13:47:00.771418"}
{"op_code": 5, "worker_id": "f3a4c5fd-98f9-4d65-b1d1-edd312f267be-139740366329664", "trial_id": 12, "param_name": "lr", "param_value_internal": 0.0002012487082975096, "distribution": "{\"name\": \"FloatDistribution\", \"attributes\": {\"step\": null, \"low\": 1e-05, \"high\": 0.001, \"log\": true}}"}
{"op_code": 5, "worker_id": "f3a4c5fd-98f9-4d65-b1d1-edd312f267be-139740366329664", "trial_id": 12, "param_name": "l2reg", "param_value_internal": 2.1085532598082538e-05, "distribution": "{\"name\": \"FloatDistribution\", \"attributes\": {\"step\": null, \"low\": 1e-08, \"high\": 0.001, \"log\": true}}"}
{"op_code": 5, "worker_id": "f3a4c5fd-98f9-4d65-b1d1-edd312f267be-139740366329664", "trial_id": 12, "param_name": "random_seed", "param_value_internal": 0, "distribution": "{\"name\": \"CategoricalDistribution\", \"attributes\": {\"choices\": [42]}}"}
{"op_code": 5, "worker_id": "f3a4c5fd-98f9-4d65-b1d1-edd312f267be-139740366329664", "trial_id": 12, "param_name": "degree", "param_value_internal": 0, "distribution": "{\"name\": \"CategoricalDistribution\", \"attributes\": {\"choices\": [0]}}"}
{"op_code": 8, "worker_id": "f3a4c5fd-98f9-4d65-b1d1-edd312f267be-139740366329664", "trial_id": 12, "user_attr": {"best_epoch": 1}}
{"op_code": 8, "worker_id": "f3a4c5fd-98f9-4d65-b1d1-edd312f267be-139740366329664", "trial_id": 12, "user_attr": {"test_loss": 0.45243499470654985}}
{"op_code": 6, "worker_id": "f3a4c5fd-98f9-4d65-b1d1-edd312f267be-139740366329664", "trial_id": 12, "state": 1, "values": [0.44780981910803125], "datetime_complete": "2024-09-01T14:05:26.016981"}
{"op_code": 4, "worker_id": "f3a4c5fd-98f9-4d65-b1d1-edd312f267be-139740366329664", "study_id": 0, "datetime_start": "2024-09-01T14:05:26.035631"}
{"op_code": 5, "worker_id": "f3a4c5fd-98f9-4d65-b1d1-edd312f267be-139740366329664", "trial_id": 13, "param_name": "lr", "param_value_internal": 0.0002077380431622322, "distribution": "{\"name\": \"FloatDistribution\", \"attributes\": {\"step\": null, \"low\": 1e-05, \"high\": 0.001, \"log\": true}}"}
{"op_code": 5, "worker_id": "f3a4c5fd-98f9-4d65-b1d1-edd312f267be-139740366329664", "trial_id": 13, "param_name": "l2reg", "param_value_internal": 5.1878287290726494e-05, "distribution": "{\"name\": \"FloatDistribution\", \"attributes\": {\"step\": null, \"low\": 1e-08, \"high\": 0.001, \"log\": true}}"}
{"op_code": 5, "worker_id": "f3a4c5fd-98f9-4d65-b1d1-edd312f267be-139740366329664", "trial_id": 13, "param_name": "random_seed", "param_value_internal": 0, "distribution": "{\"name\": \"CategoricalDistribution\", \"attributes\": {\"choices\": [42]}}"}
{"op_code": 5, "worker_id": "f3a4c5fd-98f9-4d65-b1d1-edd312f267be-139740366329664", "trial_id": 13, "param_name": "degree", "param_value_internal": 0, "distribution": "{\"name\": \"CategoricalDistribution\", \"attributes\": {\"choices\": [0]}}"}
{"op_code": 8, "worker_id": "f3a4c5fd-98f9-4d65-b1d1-edd312f267be-139740366329664", "trial_id": 13, "user_attr": {"best_epoch": 1}}
{"op_code": 8, "worker_id": "f3a4c5fd-98f9-4d65-b1d1-edd312f267be-139740366329664", "trial_id": 13, "user_attr": {"test_loss": 0.4524327805127737}}
{"op_code": 6, "worker_id": "f3a4c5fd-98f9-4d65-b1d1-edd312f267be-139740366329664", "trial_id": 13, "state": 1, "values": [0.44780180220075555], "datetime_complete": "2024-09-01T14:23:55.515828"}
{"op_code": 4, "worker_id": "f3a4c5fd-98f9-4d65-b1d1-edd312f267be-139740366329664", "study_id": 0, "datetime_start": "2024-09-01T14:23:55.525356"}
{"op_code": 5, "worker_id": "f3a4c5fd-98f9-4d65-b1d1-edd312f267be-139740366329664", "trial_id": 14, "param_name": "lr", "param_value_internal": 0.00012448484478535553, "distribution": "{\"name\": \"FloatDistribution\", \"attributes\": {\"step\": null, \"low\": 1e-05, \"high\": 0.001, \"log\": true}}"}
{"op_code": 5, "worker_id": "f3a4c5fd-98f9-4d65-b1d1-edd312f267be-139740366329664", "trial_id": 14, "param_name": "l2reg", "param_value_internal": 4.9207094652271e-05, "distribution": "{\"name\": \"FloatDistribution\", \"attributes\": {\"step\": null, \"low\": 1e-08, \"high\": 0.001, \"log\": true}}"}
{"op_code": 5, "worker_id": "f3a4c5fd-98f9-4d65-b1d1-edd312f267be-139740366329664", "trial_id": 14, "param_name": "random_seed", "param_value_internal": 0, "distribution": "{\"name\": \"CategoricalDistribution\", \"attributes\": {\"choices\": [42]}}"}
{"op_code": 5, "worker_id": "f3a4c5fd-98f9-4d65-b1d1-edd312f267be-139740366329664", "trial_id": 14, "param_name": "degree", "param_value_internal": 0, "distribution": "{\"name\": \"CategoricalDistribution\", \"attributes\": {\"choices\": [0]}}"}
{"op_code": 8, "worker_id": "f3a4c5fd-98f9-4d65-b1d1-edd312f267be-139740366329664", "trial_id": 14, "user_attr": {"best_epoch": 2}}
{"op_code": 8, "worker_id": "f3a4c5fd-98f9-4d65-b1d1-edd312f267be-139740366329664", "trial_id": 14, "user_attr": {"test_loss": 0.45280541405499963}}
{"op_code": 6, "worker_id": "f3a4c5fd-98f9-4d65-b1d1-edd312f267be-139740366329664", "trial_id": 14, "state": 1, "values": [0.4481949742390046], "datetime_complete": "2024-09-01T14:45:45.632719"}
{"op_code": 4, "worker_id": "f3a4c5fd-98f9-4d65-b1d1-edd312f267be-139740366329664", "study_id": 0, "datetime_start": "2024-09-01T14:45:45.646556"}
{"op_code": 5, "worker_id": "f3a4c5fd-98f9-4d65-b1d1-edd312f267be-139740366329664", "trial_id": 15, "param_name": "lr", "param_value_internal": 0.0005222195515640683, "distribution": "{\"name\": \"FloatDistribution\", \"attributes\": {\"step\": null, \"low\": 1e-05, \"high\": 0.001, \"log\": true}}"}
{"op_code": 5, "worker_id": "f3a4c5fd-98f9-4d65-b1d1-edd312f267be-139740366329664", "trial_id": 15, "param_name": "l2reg", "param_value_internal": 1.0867392426169915e-06, "distribution": "{\"name\": \"FloatDistribution\", \"attributes\": {\"step\": null, \"low\": 1e-08, \"high\": 0.001, \"log\": true}}"}
{"op_code": 5, "worker_id": "f3a4c5fd-98f9-4d65-b1d1-edd312f267be-139740366329664", "trial_id": 15, "param_name": "random_seed", "param_value_internal": 0, "distribution": "{\"name\": \"CategoricalDistribution\", \"attributes\": {\"choices\": [42]}}"}
{"op_code": 5, "worker_id": "f3a4c5fd-98f9-4d65-b1d1-edd312f267be-139740366329664", "trial_id": 15, "param_name": "degree", "param_value_internal": 0, "distribution": "{\"name\": \"CategoricalDistribution\", \"attributes\": {\"choices\": [0]}}"}
{"op_code": 8, "worker_id": "f3a4c5fd-98f9-4d65-b1d1-edd312f267be-139740366329664", "trial_id": 15, "user_attr": {"best_epoch": 0}}
{"op_code": 8, "worker_id": "f3a4c5fd-98f9-4d65-b1d1-edd312f267be-139740366329664", "trial_id": 15, "user_attr": {"test_loss": 0.45302225234204435}}
{"op_code": 6, "worker_id": "f3a4c5fd-98f9-4d65-b1d1-edd312f267be-139740366329664", "trial_id": 15, "state": 1, "values": [0.4484480031029249], "datetime_complete": "2024-09-01T15:00:53.840282"}
{"op_code": 4, "worker_id": "f3a4c5fd-98f9-4d65-b1d1-edd312f267be-139740366329664", "study_id": 0, "datetime_start": "2024-09-01T15:00:53.852144"}
{"op_code": 5, "worker_id": "f3a4c5fd-98f9-4d65-b1d1-edd312f267be-139740366329664", "trial_id": 16, "param_name": "lr", "param_value_internal": 0.0001862094348794995, "distribution": "{\"name\": \"FloatDistribution\", \"attributes\": {\"step\": null, \"low\": 1e-05, \"high\": 0.001, \"log\": true}}"}
{"op_code": 5, "worker_id": "f3a4c5fd-98f9-4d65-b1d1-edd312f267be-139740366329664", "trial_id": 16, "param_name": "l2reg", "param_value_internal": 8.060285272790355e-05, "distribution": "{\"name\": \"FloatDistribution\", \"attributes\": {\"step\": null, \"low\": 1e-08, \"high\": 0.001, \"log\": true}}"}
{"op_code": 5, "worker_id": "f3a4c5fd-98f9-4d65-b1d1-edd312f267be-139740366329664", "trial_id": 16, "param_name": "random_seed", "param_value_internal": 0, "distribution": "{\"name\": \"CategoricalDistribution\", \"attributes\": {\"choices\": [42]}}"}
{"op_code": 5, "worker_id": "f3a4c5fd-98f9-4d65-b1d1-edd312f267be-139740366329664", "trial_id": 16, "param_name": "degree", "param_value_internal": 0, "distribution": "{\"name\": \"CategoricalDistribution\", \"attributes\": {\"choices\": [0]}}"}
{"op_code": 8, "worker_id": "f3a4c5fd-98f9-4d65-b1d1-edd312f267be-139740366329664", "trial_id": 16, "user_attr": {"best_epoch": 1}}
{"op_code": 8, "worker_id": "f3a4c5fd-98f9-4d65-b1d1-edd312f267be-139740366329664", "trial_id": 16, "user_attr": {"test_loss": 0.4524688184252684}}
{"op_code": 6, "worker_id": "f3a4c5fd-98f9-4d65-b1d1-edd312f267be-139740366329664", "trial_id": 16, "state": 1, "values": [0.4478567752792174], "datetime_complete": "2024-09-01T15:19:53.052320"}
{"op_code": 4, "worker_id": "f3a4c5fd-98f9-4d65-b1d1-edd312f267be-139740366329664", "study_id": 0, "datetime_start": "2024-09-01T15:19:53.081282"}
{"op_code": 5, "worker_id": "f3a4c5fd-98f9-4d65-b1d1-edd312f267be-139740366329664", "trial_id": 17, "param_name": "lr", "param_value_internal": 9.877872879918899e-05, "distribution": "{\"name\": \"FloatDistribution\", \"attributes\": {\"step\": null, \"low\": 1e-05, \"high\": 0.001, \"log\": true}}"}
{"op_code": 5, "worker_id": "f3a4c5fd-98f9-4d65-b1d1-edd312f267be-139740366329664", "trial_id": 17, "param_name": "l2reg", "param_value_internal": 1.2521885136283712e-05, "distribution": "{\"name\": \"FloatDistribution\", \"attributes\": {\"step\": null, \"low\": 1e-08, \"high\": 0.001, \"log\": true}}"}
{"op_code": 5, "worker_id": "f3a4c5fd-98f9-4d65-b1d1-edd312f267be-139740366329664", "trial_id": 17, "param_name": "random_seed", "param_value_internal": 0, "distribution": "{\"name\": \"CategoricalDistribution\", \"attributes\": {\"choices\": [42]}}"}
{"op_code": 5, "worker_id": "f3a4c5fd-98f9-4d65-b1d1-edd312f267be-139740366329664", "trial_id": 17, "param_name": "degree", "param_value_internal": 0, "distribution": "{\"name\": \"CategoricalDistribution\", \"attributes\": {\"choices\": [0]}}"}
{"op_code": 8, "worker_id": "f3a4c5fd-98f9-4d65-b1d1-edd312f267be-139740366329664", "trial_id": 17, "user_attr": {"best_epoch": 3}}
{"op_code": 8, "worker_id": "f3a4c5fd-98f9-4d65-b1d1-edd312f267be-139740366329664", "trial_id": 17, "user_attr": {"test_loss": 0.45306558182369855}}
{"op_code": 6, "worker_id": "f3a4c5fd-98f9-4d65-b1d1-edd312f267be-139740366329664", "trial_id": 17, "state": 1, "values": [0.44838562392917025], "datetime_complete": "2024-09-01T15:45:01.913413"}
{"op_code": 4, "worker_id": "f3a4c5fd-98f9-4d65-b1d1-edd312f267be-139740366329664", "study_id": 0, "datetime_start": "2024-09-01T15:45:01.923452"}
{"op_code": 5, "worker_id": "f3a4c5fd-98f9-4d65-b1d1-edd312f267be-139740366329664", "trial_id": 18, "param_name": "lr", "param_value_internal": 0.0003492832542792941, "distribution": "{\"name\": \"FloatDistribution\", \"attributes\": {\"step\": null, \"low\": 1e-05, \"high\": 0.001, \"log\": true}}"}
{"op_code": 5, "worker_id": "f3a4c5fd-98f9-4d65-b1d1-edd312f267be-139740366329664", "trial_id": 18, "param_name": "l2reg", "param_value_internal": 0.00014154968405317536, "distribution": "{\"name\": \"FloatDistribution\", \"attributes\": {\"step\": null, \"low\": 1e-08, \"high\": 0.001, \"log\": true}}"}
{"op_code": 5, "worker_id": "f3a4c5fd-98f9-4d65-b1d1-edd312f267be-139740366329664", "trial_id": 18, "param_name": "random_seed", "param_value_internal": 0, "distribution": "{\"name\": \"CategoricalDistribution\", \"attributes\": {\"choices\": [42]}}"}
{"op_code": 5, "worker_id": "f3a4c5fd-98f9-4d65-b1d1-edd312f267be-139740366329664", "trial_id": 18, "param_name": "degree", "param_value_internal": 0, "distribution": "{\"name\": \"CategoricalDistribution\", \"attributes\": {\"choices\": [0]}}"}
{"op_code": 8, "worker_id": "f3a4c5fd-98f9-4d65-b1d1-edd312f267be-139740366329664", "trial_id": 18, "user_attr": {"best_epoch": 1}}
{"op_code": 8, "worker_id": "f3a4c5fd-98f9-4d65-b1d1-edd312f267be-139740366329664", "trial_id": 18, "user_attr": {"test_loss": 0.45286977837752734}}
{"op_code": 6, "worker_id": "f3a4c5fd-98f9-4d65-b1d1-edd312f267be-139740366329664", "trial_id": 18, "state": 1, "values": [0.44818466678679303], "datetime_complete": "2024-09-01T16:03:56.464405"}
{"op_code": 4, "worker_id": "f3a4c5fd-98f9-4d65-b1d1-edd312f267be-139740366329664", "study_id": 0, "datetime_start": "2024-09-01T16:03:56.473483"}
{"op_code": 5, "worker_id": "f3a4c5fd-98f9-4d65-b1d1-edd312f267be-139740366329664", "trial_id": 19, "param_name": "lr", "param_value_internal": 0.0005948097340964143, "distribution": "{\"name\": \"FloatDistribution\", \"attributes\": {\"step\": null, \"low\": 1e-05, \"high\": 0.001, \"log\": true}}"}
{"op_code": 5, "worker_id": "f3a4c5fd-98f9-4d65-b1d1-edd312f267be-139740366329664", "trial_id": 19, "param_name": "l2reg", "param_value_internal": 8.669040269005445e-07, "distribution": "{\"name\": \"FloatDistribution\", \"attributes\": {\"step\": null, \"low\": 1e-08, \"high\": 0.001, \"log\": true}}"}
{"op_code": 5, "worker_id": "f3a4c5fd-98f9-4d65-b1d1-edd312f267be-139740366329664", "trial_id": 19, "param_name": "random_seed", "param_value_internal": 0, "distribution": "{\"name\": \"CategoricalDistribution\", \"attributes\": {\"choices\": [42]}}"}
{"op_code": 5, "worker_id": "f3a4c5fd-98f9-4d65-b1d1-edd312f267be-139740366329664", "trial_id": 19, "param_name": "degree", "param_value_internal": 0, "distribution": "{\"name\": \"CategoricalDistribution\", \"attributes\": {\"choices\": [0]}}"}
{"op_code": 8, "worker_id": "f3a4c5fd-98f9-4d65-b1d1-edd312f267be-139740366329664", "trial_id": 19, "user_attr": {"best_epoch": 0}}
{"op_code": 8, "worker_id": "f3a4c5fd-98f9-4d65-b1d1-edd312f267be-139740366329664", "trial_id": 19, "user_attr": {"test_loss": 0.45300297358588987}}
{"op_code": 6, "worker_id": "f3a4c5fd-98f9-4d65-b1d1-edd312f267be-139740366329664", "trial_id": 19, "state": 1, "values": [0.4484223871753916], "datetime_complete": "2024-09-01T16:18:54.731332"}
{"op_code": 4, "worker_id": "f3a4c5fd-98f9-4d65-b1d1-edd312f267be-139740366329664", "study_id": 0, "datetime_start": "2024-09-01T16:18:54.740146"}
{"op_code": 5, "worker_id": "f3a4c5fd-98f9-4d65-b1d1-edd312f267be-139740366329664", "trial_id": 20, "param_name": "lr", "param_value_internal": 0.00020102764353302456, "distribution": "{\"name\": \"FloatDistribution\", \"attributes\": {\"step\": null, \"low\": 1e-05, \"high\": 0.001, \"log\": true}}"}
{"op_code": 5, "worker_id": "f3a4c5fd-98f9-4d65-b1d1-edd312f267be-139740366329664", "trial_id": 20, "param_name": "l2reg", "param_value_internal": 1.3546915505098678e-08, "distribution": "{\"name\": \"FloatDistribution\", \"attributes\": {\"step\": null, \"low\": 1e-08, \"high\": 0.001, \"log\": true}}"}
{"op_code": 5, "worker_id": "f3a4c5fd-98f9-4d65-b1d1-edd312f267be-139740366329664", "trial_id": 20, "param_name": "random_seed", "param_value_internal": 0, "distribution": "{\"name\": \"CategoricalDistribution\", \"attributes\": {\"choices\": [42]}}"}
{"op_code": 5, "worker_id": "f3a4c5fd-98f9-4d65-b1d1-edd312f267be-139740366329664", "trial_id": 20, "param_name": "degree", "param_value_internal": 0, "distribution": "{\"name\": \"CategoricalDistribution\", \"attributes\": {\"choices\": [0]}}"}
{"op_code": 8, "worker_id": "f3a4c5fd-98f9-4d65-b1d1-edd312f267be-139740366329664", "trial_id": 20, "user_attr": {"best_epoch": 1}}
{"op_code": 8, "worker_id": "f3a4c5fd-98f9-4d65-b1d1-edd312f267be-139740366329664", "trial_id": 20, "user_attr": {"test_loss": 0.4524353001125879}}
{"op_code": 6, "worker_id": "f3a4c5fd-98f9-4d65-b1d1-edd312f267be-139740366329664", "trial_id": 20, "state": 1, "values": [0.44781039174426523], "datetime_complete": "2024-09-01T16:37:40.979010"}
{"op_code": 4, "worker_id": "f3a4c5fd-98f9-4d65-b1d1-edd312f267be-139740366329664", "study_id": 0, "datetime_start": "2024-09-01T16:37:40.987996"}
{"op_code": 5, "worker_id": "f3a4c5fd-98f9-4d65-b1d1-edd312f267be-139740366329664", "trial_id": 21, "param_name": "lr", "param_value_internal": 0.0002031742192759957, "distribution": "{\"name\": \"FloatDistribution\", \"attributes\": {\"step\": null, \"low\": 1e-05, \"high\": 0.001, \"log\": true}}"}
{"op_code": 5, "worker_id": "f3a4c5fd-98f9-4d65-b1d1-edd312f267be-139740366329664", "trial_id": 21, "param_name": "l2reg", "param_value_internal": 1.7448535236637716e-08, "distribution": "{\"name\": \"FloatDistribution\", \"attributes\": {\"step\": null, \"low\": 1e-08, \"high\": 0.001, \"log\": true}}"}
{"op_code": 5, "worker_id": "f3a4c5fd-98f9-4d65-b1d1-edd312f267be-139740366329664", "trial_id": 21, "param_name": "random_seed", "param_value_internal": 0, "distribution": "{\"name\": \"CategoricalDistribution\", \"attributes\": {\"choices\": [42]}}"}
{"op_code": 5, "worker_id": "f3a4c5fd-98f9-4d65-b1d1-edd312f267be-139740366329664", "trial_id": 21, "param_name": "degree", "param_value_internal": 0, "distribution": "{\"name\": \"CategoricalDistribution\", \"attributes\": {\"choices\": [0]}}"}
{"op_code": 8, "worker_id": "f3a4c5fd-98f9-4d65-b1d1-edd312f267be-139740366329664", "trial_id": 21, "user_attr": {"best_epoch": 1}}
{"op_code": 8, "worker_id": "f3a4c5fd-98f9-4d65-b1d1-edd312f267be-139740366329664", "trial_id": 21, "user_attr": {"test_loss": 0.45243381125815224}}
{"op_code": 6, "worker_id": "f3a4c5fd-98f9-4d65-b1d1-edd312f267be-139740366329664", "trial_id": 21, "state": 1, "values": [0.44780707045410817], "datetime_complete": "2024-09-01T16:56:31.712564"}
{"op_code": 4, "worker_id": "f3a4c5fd-98f9-4d65-b1d1-edd312f267be-139740366329664", "study_id": 0, "datetime_start": "2024-09-01T16:56:31.721424"}
{"op_code": 5, "worker_id": "f3a4c5fd-98f9-4d65-b1d1-edd312f267be-139740366329664", "trial_id": 22, "param_name": "lr", "param_value_internal": 0.00012001629444458152, "distribution": "{\"name\": \"FloatDistribution\", \"attributes\": {\"step\": null, \"low\": 1e-05, \"high\": 0.001, \"log\": true}}"}
{"op_code": 5, "worker_id": "f3a4c5fd-98f9-4d65-b1d1-edd312f267be-139740366329664", "trial_id": 22, "param_name": "l2reg", "param_value_internal": 1.4720732627022175e-08, "distribution": "{\"name\": \"FloatDistribution\", \"attributes\": {\"step\": null, \"low\": 1e-08, \"high\": 0.001, \"log\": true}}"}
{"op_code": 5, "worker_id": "f3a4c5fd-98f9-4d65-b1d1-edd312f267be-139740366329664", "trial_id": 22, "param_name": "random_seed", "param_value_internal": 0, "distribution": "{\"name\": \"CategoricalDistribution\", \"attributes\": {\"choices\": [42]}}"}
{"op_code": 5, "worker_id": "f3a4c5fd-98f9-4d65-b1d1-edd312f267be-139740366329664", "trial_id": 22, "param_name": "degree", "param_value_internal": 0, "distribution": "{\"name\": \"CategoricalDistribution\", \"attributes\": {\"choices\": [0]}}"}
{"op_code": 8, "worker_id": "f3a4c5fd-98f9-4d65-b1d1-edd312f267be-139740366329664", "trial_id": 22, "user_attr": {"best_epoch": 2}}
{"op_code": 8, "worker_id": "f3a4c5fd-98f9-4d65-b1d1-edd312f267be-139740366329664", "trial_id": 22, "user_attr": {"test_loss": 0.4528166377268995}}
{"op_code": 6, "worker_id": "f3a4c5fd-98f9-4d65-b1d1-edd312f267be-139740366329664", "trial_id": 22, "state": 1, "values": [0.44821142798679425], "datetime_complete": "2024-09-01T17:19:17.125864"}
{"op_code": 4, "worker_id": "f3a4c5fd-98f9-4d65-b1d1-edd312f267be-139740366329664", "study_id": 0, "datetime_start": "2024-09-01T17:19:17.135026"}
{"op_code": 5, "worker_id": "f3a4c5fd-98f9-4d65-b1d1-edd312f267be-139740366329664", "trial_id": 23, "param_name": "lr", "param_value_internal": 0.0003498317056382214, "distribution": "{\"name\": \"FloatDistribution\", \"attributes\": {\"step\": null, \"low\": 1e-05, \"high\": 0.001, \"log\": true}}"}
{"op_code": 5, "worker_id": "f3a4c5fd-98f9-4d65-b1d1-edd312f267be-139740366329664", "trial_id": 23, "param_name": "l2reg", "param_value_internal": 7.834230752896657e-06, "distribution": "{\"name\": \"FloatDistribution\", \"attributes\": {\"step\": null, \"low\": 1e-08, \"high\": 0.001, \"log\": true}}"}
{"op_code": 5, "worker_id": "f3a4c5fd-98f9-4d65-b1d1-edd312f267be-139740366329664", "trial_id": 23, "param_name": "random_seed", "param_value_internal": 0, "distribution": "{\"name\": \"CategoricalDistribution\", \"attributes\": {\"choices\": [42]}}"}
{"op_code": 5, "worker_id": "f3a4c5fd-98f9-4d65-b1d1-edd312f267be-139740366329664", "trial_id": 23, "param_name": "degree", "param_value_internal": 0, "distribution": "{\"name\": \"CategoricalDistribution\", \"attributes\": {\"choices\": [0]}}"}
{"op_code": 8, "worker_id": "f3a4c5fd-98f9-4d65-b1d1-edd312f267be-139740366329664", "trial_id": 23, "user_attr": {"best_epoch": 1}}
{"op_code": 8, "worker_id": "f3a4c5fd-98f9-4d65-b1d1-edd312f267be-139740366329664", "trial_id": 23, "user_attr": {"test_loss": 0.4528902024063247}}
{"op_code": 6, "worker_id": "f3a4c5fd-98f9-4d65-b1d1-edd312f267be-139740366329664", "trial_id": 23, "state": 1, "values": [0.44820341107951855], "datetime_complete": "2024-09-01T17:38:41.497916"}
{"op_code": 4, "worker_id": "f3a4c5fd-98f9-4d65-b1d1-edd312f267be-139740366329664", "study_id": 0, "datetime_start": "2024-09-01T17:38:41.506441"}
{"op_code": 5, "worker_id": "f3a4c5fd-98f9-4d65-b1d1-edd312f267be-139740366329664", "trial_id": 24, "param_name": "lr", "param_value_internal": 8.517619573116803e-05, "distribution": "{\"name\": \"FloatDistribution\", \"attributes\": {\"step\": null, \"low\": 1e-05, \"high\": 0.001, \"log\": true}}"}
{"op_code": 5, "worker_id": "f3a4c5fd-98f9-4d65-b1d1-edd312f267be-139740366329664", "trial_id": 24, "param_name": "l2reg", "param_value_internal": 1.918962295329286e-05, "distribution": "{\"name\": \"FloatDistribution\", \"attributes\": {\"step\": null, \"low\": 1e-08, \"high\": 0.001, \"log\": true}}"}
{"op_code": 5, "worker_id": "f3a4c5fd-98f9-4d65-b1d1-edd312f267be-139740366329664", "trial_id": 24, "param_name": "random_seed", "param_value_internal": 0, "distribution": "{\"name\": \"CategoricalDistribution\", \"attributes\": {\"choices\": [42]}}"}
{"op_code": 5, "worker_id": "f3a4c5fd-98f9-4d65-b1d1-edd312f267be-139740366329664", "trial_id": 24, "param_name": "degree", "param_value_internal": 0, "distribution": "{\"name\": \"CategoricalDistribution\", \"attributes\": {\"choices\": [0]}}"}
{"op_code": 8, "worker_id": "f3a4c5fd-98f9-4d65-b1d1-edd312f267be-139740366329664", "trial_id": 24, "user_attr": {"best_epoch": 3}}
{"op_code": 8, "worker_id": "f3a4c5fd-98f9-4d65-b1d1-edd312f267be-139740366329664", "trial_id": 24, "user_attr": {"test_loss": 0.45306882676285326}}
{"op_code": 6, "worker_id": "f3a4c5fd-98f9-4d65-b1d1-edd312f267be-139740366329664", "trial_id": 24, "state": 1, "values": [0.44841727162503475], "datetime_complete": "2024-09-01T18:04:25.242203"}
{"op_code": 4, "worker_id": "f3a4c5fd-98f9-4d65-b1d1-edd312f267be-139740366329664", "study_id": 0, "datetime_start": "2024-09-01T18:04:25.251309"}
{"op_code": 5, "worker_id": "f3a4c5fd-98f9-4d65-b1d1-edd312f267be-139740366329664", "trial_id": 25, "param_name": "lr", "param_value_internal": 0.00015201089104719358, "distribution": "{\"name\": \"FloatDistribution\", \"attributes\": {\"step\": null, \"low\": 1e-05, \"high\": 0.001, \"log\": true}}"}
{"op_code": 5, "worker_id": "f3a4c5fd-98f9-4d65-b1d1-edd312f267be-139740366329664", "trial_id": 25, "param_name": "l2reg", "param_value_internal": 0.0002434712942907709, "distribution": "{\"name\": \"FloatDistribution\", \"attributes\": {\"step\": null, \"low\": 1e-08, \"high\": 0.001, \"log\": true}}"}
{"op_code": 5, "worker_id": "f3a4c5fd-98f9-4d65-b1d1-edd312f267be-139740366329664", "trial_id": 25, "param_name": "random_seed", "param_value_internal": 0, "distribution": "{\"name\": \"CategoricalDistribution\", \"attributes\": {\"choices\": [42]}}"}
{"op_code": 5, "worker_id": "f3a4c5fd-98f9-4d65-b1d1-edd312f267be-139740366329664", "trial_id": 25, "param_name": "degree", "param_value_internal": 0, "distribution": "{\"name\": \"CategoricalDistribution\", \"attributes\": {\"choices\": [0]}}"}
{"op_code": 8, "worker_id": "f3a4c5fd-98f9-4d65-b1d1-edd312f267be-139740366329664", "trial_id": 25, "user_attr": {"best_epoch": 1}}
{"op_code": 8, "worker_id": "f3a4c5fd-98f9-4d65-b1d1-edd312f267be-139740366329664", "trial_id": 25, "user_attr": {"test_loss": 0.4527450963624767}}
{"op_code": 6, "worker_id": "f3a4c5fd-98f9-4d65-b1d1-edd312f267be-139740366329664", "trial_id": 25, "state": 1, "values": [0.44817527555255576], "datetime_complete": "2024-09-01T18:23:03.483826"}
{"op_code": 4, "worker_id": "f3a4c5fd-98f9-4d65-b1d1-edd312f267be-139740366329664", "study_id": 0, "datetime_start": "2024-09-01T18:23:03.492560"}
{"op_code": 5, "worker_id": "f3a4c5fd-98f9-4d65-b1d1-edd312f267be-139740366329664", "trial_id": 26, "param_name": "lr", "param_value_internal": 0.00024380989761322273, "distribution": "{\"name\": \"FloatDistribution\", \"attributes\": {\"step\": null, \"low\": 1e-05, \"high\": 0.001, \"log\": true}}"}
{"op_code": 5, "worker_id": "f3a4c5fd-98f9-4d65-b1d1-edd312f267be-139740366329664", "trial_id": 26, "param_name": "l2reg", "param_value_internal": 3.1400253432841242e-06, "distribution": "{\"name\": \"FloatDistribution\", \"attributes\": {\"step\": null, \"low\": 1e-08, \"high\": 0.001, \"log\": true}}"}
{"op_code": 5, "worker_id": "f3a4c5fd-98f9-4d65-b1d1-edd312f267be-139740366329664", "trial_id": 26, "param_name": "random_seed", "param_value_internal": 0, "distribution": "{\"name\": \"CategoricalDistribution\", \"attributes\": {\"choices\": [42]}}"}
{"op_code": 5, "worker_id": "f3a4c5fd-98f9-4d65-b1d1-edd312f267be-139740366329664", "trial_id": 26, "param_name": "degree", "param_value_internal": 0, "distribution": "{\"name\": \"CategoricalDistribution\", \"attributes\": {\"choices\": [0]}}"}
{"op_code": 8, "worker_id": "f3a4c5fd-98f9-4d65-b1d1-edd312f267be-139740366329664", "trial_id": 26, "user_attr": {"best_epoch": 1}}
{"op_code": 8, "worker_id": "f3a4c5fd-98f9-4d65-b1d1-edd312f267be-139740366329664", "trial_id": 26, "user_attr": {"test_loss": 0.45250092423502275}}
{"op_code": 6, "worker_id": "f3a4c5fd-98f9-4d65-b1d1-edd312f267be-139740366329664", "trial_id": 26, "state": 1, "values": [0.447842993833853], "datetime_complete": "2024-09-01T18:41:40.034000"}
{"op_code": 4, "worker_id": "f3a4c5fd-98f9-4d65-b1d1-edd312f267be-139740366329664", "study_id": 0, "datetime_start": "2024-09-01T18:41:40.042674"}
{"op_code": 5, "worker_id": "f3a4c5fd-98f9-4d65-b1d1-edd312f267be-139740366329664", "trial_id": 27, "param_name": "lr", "param_value_internal": 0.0009301572426910606, "distribution": "{\"name\": \"FloatDistribution\", \"attributes\": {\"step\": null, \"low\": 1e-05, \"high\": 0.001, \"log\": true}}"}
{"op_code": 5, "worker_id": "f3a4c5fd-98f9-4d65-b1d1-edd312f267be-139740366329664", "trial_id": 27, "param_name": "l2reg", "param_value_internal": 5.412985141891769e-07, "distribution": "{\"name\": \"FloatDistribution\", \"attributes\": {\"step\": null, \"low\": 1e-08, \"high\": 0.001, \"log\": true}}"}
{"op_code": 5, "worker_id": "f3a4c5fd-98f9-4d65-b1d1-edd312f267be-139740366329664", "trial_id": 27, "param_name": "random_seed", "param_value_internal": 0, "distribution": "{\"name\": \"CategoricalDistribution\", \"attributes\": {\"choices\": [42]}}"}
{"op_code": 5, "worker_id": "f3a4c5fd-98f9-4d65-b1d1-edd312f267be-139740366329664", "trial_id": 27, "param_name": "degree", "param_value_internal": 0, "distribution": "{\"name\": \"CategoricalDistribution\", \"attributes\": {\"choices\": [0]}}"}
{"op_code": 8, "worker_id": "f3a4c5fd-98f9-4d65-b1d1-edd312f267be-139740366329664", "trial_id": 27, "user_attr": {"best_epoch": 1}}
{"op_code": 8, "worker_id": "f3a4c5fd-98f9-4d65-b1d1-edd312f267be-139740366329664", "trial_id": 27, "user_attr": {"test_loss": 0.45312086031659304}}
{"op_code": 6, "worker_id": "f3a4c5fd-98f9-4d65-b1d1-edd312f267be-139740366329664", "trial_id": 27, "state": 1, "values": [0.448383524262979], "datetime_complete": "2024-09-01T18:59:55.343740"}
{"op_code": 4, "worker_id": "f3a4c5fd-98f9-4d65-b1d1-edd312f267be-139740366329664", "study_id": 0, "datetime_start": "2024-09-01T18:59:55.391576"}
{"op_code": 5, "worker_id": "f3a4c5fd-98f9-4d65-b1d1-edd312f267be-139740366329664", "trial_id": 28, "param_name": "lr", "param_value_internal": 6.186130432864901e-05, "distribution": "{\"name\": \"FloatDistribution\", \"attributes\": {\"step\": null, \"low\": 1e-05, \"high\": 0.001, \"log\": true}}"}
{"op_code": 5, "worker_id": "f3a4c5fd-98f9-4d65-b1d1-edd312f267be-139740366329664", "trial_id": 28, "param_name": "l2reg", "param_value_internal": 9.060206739987435e-05, "distribution": "{\"name\": \"FloatDistribution\", \"attributes\": {\"step\": null, \"low\": 1e-08, \"high\": 0.001, \"log\": true}}"}
{"op_code": 5, "worker_id": "f3a4c5fd-98f9-4d65-b1d1-edd312f267be-139740366329664", "trial_id": 28, "param_name": "random_seed", "param_value_internal": 0, "distribution": "{\"name\": \"CategoricalDistribution\", \"attributes\": {\"choices\": [42]}}"}
{"op_code": 5, "worker_id": "f3a4c5fd-98f9-4d65-b1d1-edd312f267be-139740366329664", "trial_id": 28, "param_name": "degree", "param_value_internal": 0, "distribution": "{\"name\": \"CategoricalDistribution\", \"attributes\": {\"choices\": [0]}}"}
{"op_code": 8, "worker_id": "f3a4c5fd-98f9-4d65-b1d1-edd312f267be-139740366329664", "trial_id": 28, "user_attr": {"best_epoch": 4}}
{"op_code": 8, "worker_id": "f3a4c5fd-98f9-4d65-b1d1-edd312f267be-139740366329664", "trial_id": 28, "user_attr": {"test_loss": 0.45328215288046}}
{"op_code": 6, "worker_id": "f3a4c5fd-98f9-4d65-b1d1-edd312f267be-139740366329664", "trial_id": 28, "state": 1, "values": [0.44865896229152225], "datetime_complete": "2024-09-01T19:28:33.784108"}
{"op_code": 4, "worker_id": "f3a4c5fd-98f9-4d65-b1d1-edd312f267be-139740366329664", "study_id": 0, "datetime_start": "2024-09-01T19:28:33.792553"}
{"op_code": 5, "worker_id": "f3a4c5fd-98f9-4d65-b1d1-edd312f267be-139740366329664", "trial_id": 29, "param_name": "lr", "param_value_internal": 4.2190402776620644e-05, "distribution": "{\"name\": \"FloatDistribution\", \"attributes\": {\"step\": null, \"low\": 1e-05, \"high\": 0.001, \"log\": true}}"}
{"op_code": 5, "worker_id": "f3a4c5fd-98f9-4d65-b1d1-edd312f267be-139740366329664", "trial_id": 29, "param_name": "l2reg", "param_value_internal": 5.941741034099657e-06, "distribution": "{\"name\": \"FloatDistribution\", \"attributes\": {\"step\": null, \"low\": 1e-08, \"high\": 0.001, \"log\": true}}"}
{"op_code": 5, "worker_id": "f3a4c5fd-98f9-4d65-b1d1-edd312f267be-139740366329664", "trial_id": 29, "param_name": "random_seed", "param_value_internal": 0, "distribution": "{\"name\": \"CategoricalDistribution\", \"attributes\": {\"choices\": [42]}}"}
{"op_code": 5, "worker_id": "f3a4c5fd-98f9-4d65-b1d1-edd312f267be-139740366329664", "trial_id": 29, "param_name": "degree", "param_value_internal": 0, "distribution": "{\"name\": \"CategoricalDistribution\", \"attributes\": {\"choices\": [0]}}"}
{"op_code": 8, "worker_id": "f3a4c5fd-98f9-4d65-b1d1-edd312f267be-139740366329664", "trial_id": 29, "user_attr": {"best_epoch": 7}}
{"op_code": 8, "worker_id": "f3a4c5fd-98f9-4d65-b1d1-edd312f267be-139740366329664", "trial_id": 29, "user_attr": {"test_loss": 0.4535423970006684}}
{"op_code": 6, "worker_id": "f3a4c5fd-98f9-4d65-b1d1-edd312f267be-139740366329664", "trial_id": 29, "state": 1, "values": [0.448817620704083], "datetime_complete": "2024-09-01T20:04:48.084019"}
{"op_code": 4, "worker_id": "f3a4c5fd-98f9-4d65-b1d1-edd312f267be-139740366329664", "study_id": 0, "datetime_start": "2024-09-01T20:04:48.092769"}
{"op_code": 5, "worker_id": "f3a4c5fd-98f9-4d65-b1d1-edd312f267be-139740366329664", "trial_id": 30, "param_name": "lr", "param_value_internal": 0.00038457423181417966, "distribution": "{\"name\": \"FloatDistribution\", \"attributes\": {\"step\": null, \"low\": 1e-05, \"high\": 0.001, \"log\": true}}"}
{"op_code": 5, "worker_id": "f3a4c5fd-98f9-4d65-b1d1-edd312f267be-139740366329664", "trial_id": 30, "param_name": "l2reg", "param_value_internal": 0.0004135602194263561, "distribution": "{\"name\": \"FloatDistribution\", \"attributes\": {\"step\": null, \"low\": 1e-08, \"high\": 0.001, \"log\": true}}"}
{"op_code": 5, "worker_id": "f3a4c5fd-98f9-4d65-b1d1-edd312f267be-139740366329664", "trial_id": 30, "param_name": "random_seed", "param_value_internal": 0, "distribution": "{\"name\": \"CategoricalDistribution\", \"attributes\": {\"choices\": [42]}}"}
{"op_code": 5, "worker_id": "f3a4c5fd-98f9-4d65-b1d1-edd312f267be-139740366329664", "trial_id": 30, "param_name": "degree", "param_value_internal": 0, "distribution": "{\"name\": \"CategoricalDistribution\", \"attributes\": {\"choices\": [0]}}"}
{"op_code": 8, "worker_id": "f3a4c5fd-98f9-4d65-b1d1-edd312f267be-139740366329664", "trial_id": 30, "user_attr": {"best_epoch": 1}}
{"op_code": 8, "worker_id": "f3a4c5fd-98f9-4d65-b1d1-edd312f267be-139740366329664", "trial_id": 30, "user_attr": {"test_loss": 0.4529446028568597}}
{"op_code": 6, "worker_id": "f3a4c5fd-98f9-4d65-b1d1-edd312f267be-139740366329664", "trial_id": 30, "state": 1, "values": [0.448256933479521], "datetime_complete": "2024-09-01T20:23:27.006452"}
{"op_code": 4, "worker_id": "f3a4c5fd-98f9-4d65-b1d1-edd312f267be-139740366329664", "study_id": 0, "datetime_start": "2024-09-01T20:23:27.015486"}
{"op_code": 5, "worker_id": "f3a4c5fd-98f9-4d65-b1d1-edd312f267be-139740366329664", "trial_id": 31, "param_name": "lr", "param_value_internal": 0.00020666524361005663, "distribution": "{\"name\": \"FloatDistribution\", \"attributes\": {\"step\": null, \"low\": 1e-05, \"high\": 0.001, \"log\": true}}"}
{"op_code": 5, "worker_id": "f3a4c5fd-98f9-4d65-b1d1-edd312f267be-139740366329664", "trial_id": 31, "param_name": "l2reg", "param_value_internal": 2.1276699984178794e-08, "distribution": "{\"name\": \"FloatDistribution\", \"attributes\": {\"step\": null, \"low\": 1e-08, \"high\": 0.001, \"log\": true}}"}
{"op_code": 5, "worker_id": "f3a4c5fd-98f9-4d65-b1d1-edd312f267be-139740366329664", "trial_id": 31, "param_name": "random_seed", "param_value_internal": 0, "distribution": "{\"name\": \"CategoricalDistribution\", \"attributes\": {\"choices\": [42]}}"}
{"op_code": 5, "worker_id": "f3a4c5fd-98f9-4d65-b1d1-edd312f267be-139740366329664", "trial_id": 31, "param_name": "degree", "param_value_internal": 0, "distribution": "{\"name\": \"CategoricalDistribution\", \"attributes\": {\"choices\": [0]}}"}
{"op_code": 8, "worker_id": "f3a4c5fd-98f9-4d65-b1d1-edd312f267be-139740366329664", "trial_id": 31, "user_attr": {"best_epoch": 1}}
{"op_code": 8, "worker_id": "f3a4c5fd-98f9-4d65-b1d1-edd312f267be-139740366329664", "trial_id": 31, "user_attr": {"test_loss": 0.4524325514582451}}
{"op_code": 6, "worker_id": "f3a4c5fd-98f9-4d65-b1d1-edd312f267be-139740366329664", "trial_id": 31, "state": 1, "values": [0.4478030620004703], "datetime_complete": "2024-09-01T20:42:28.805686"}
{"op_code": 4, "worker_id": "f3a4c5fd-98f9-4d65-b1d1-edd312f267be-139740366329664", "study_id": 0, "datetime_start": "2024-09-01T20:42:28.814479"}
{"op_code": 5, "worker_id": "f3a4c5fd-98f9-4d65-b1d1-edd312f267be-139740366329664", "trial_id": 32, "param_name": "lr", "param_value_internal": 0.0002569532796402451, "distribution": "{\"name\": \"FloatDistribution\", \"attributes\": {\"step\": null, \"low\": 1e-05, \"high\": 0.001, \"log\": true}}"}
{"op_code": 5, "worker_id": "f3a4c5fd-98f9-4d65-b1d1-edd312f267be-139740366329664", "trial_id": 32, "param_name": "l2reg", "param_value_internal": 2.138625037464674e-08, "distribution": "{\"name\": \"FloatDistribution\", \"attributes\": {\"step\": null, \"low\": 1e-08, \"high\": 0.001, \"log\": true}}"}
{"op_code": 5, "worker_id": "f3a4c5fd-98f9-4d65-b1d1-edd312f267be-139740366329664", "trial_id": 32, "param_name": "random_seed", "param_value_internal": 0, "distribution": "{\"name\": \"CategoricalDistribution\", \"attributes\": {\"choices\": [42]}}"}
{"op_code": 5, "worker_id": "f3a4c5fd-98f9-4d65-b1d1-edd312f267be-139740366329664", "trial_id": 32, "param_name": "degree", "param_value_internal": 0, "distribution": "{\"name\": \"CategoricalDistribution\", \"attributes\": {\"choices\": [0]}}"}
{"op_code": 8, "worker_id": "f3a4c5fd-98f9-4d65-b1d1-edd312f267be-139740366329664", "trial_id": 32, "user_attr": {"best_epoch": 1}}
{"op_code": 8, "worker_id": "f3a4c5fd-98f9-4d65-b1d1-edd312f267be-139740366329664", "trial_id": 32, "user_attr": {"test_loss": 0.45254692601951024}}
{"op_code": 6, "worker_id": "f3a4c5fd-98f9-4d65-b1d1-edd312f267be-139740366329664", "trial_id": 32, "state": 1, "values": [0.44788147498877634], "datetime_complete": "2024-09-01T21:01:09.184263"}
{"op_code": 4, "worker_id": "f3a4c5fd-98f9-4d65-b1d1-edd312f267be-139740366329664", "study_id": 0, "datetime_start": "2024-09-01T21:01:09.194693"}
{"op_code": 5, "worker_id": "f3a4c5fd-98f9-4d65-b1d1-edd312f267be-139740366329664", "trial_id": 33, "param_name": "lr", "param_value_internal": 0.00014425540650734185, "distribution": "{\"name\": \"FloatDistribution\", \"attributes\": {\"step\": null, \"low\": 1e-05, \"high\": 0.001, \"log\": true}}"}
{"op_code": 5, "worker_id": "f3a4c5fd-98f9-4d65-b1d1-edd312f267be-139740366329664", "trial_id": 33, "param_name": "l2reg", "param_value_internal": 3.7332936250763343e-08, "distribution": "{\"name\": \"FloatDistribution\", \"attributes\": {\"step\": null, \"low\": 1e-08, \"high\": 0.001, \"log\": true}}"}
{"op_code": 5, "worker_id": "f3a4c5fd-98f9-4d65-b1d1-edd312f267be-139740366329664", "trial_id": 33, "param_name": "random_seed", "param_value_internal": 0, "distribution": "{\"name\": \"CategoricalDistribution\", \"attributes\": {\"choices\": [42]}}"}
{"op_code": 5, "worker_id": "f3a4c5fd-98f9-4d65-b1d1-edd312f267be-139740366329664", "trial_id": 33, "param_name": "degree", "param_value_internal": 0, "distribution": "{\"name\": \"CategoricalDistribution\", \"attributes\": {\"choices\": [0]}}"}
{"op_code": 8, "worker_id": "f3a4c5fd-98f9-4d65-b1d1-edd312f267be-139740366329664", "trial_id": 33, "user_attr": {"best_epoch": 2}}
{"op_code": 8, "worker_id": "f3a4c5fd-98f9-4d65-b1d1-edd312f267be-139740366329664", "trial_id": 33, "user_attr": {"test_loss": 0.45288081117065343}}
{"op_code": 6, "worker_id": "f3a4c5fd-98f9-4d65-b1d1-edd312f267be-139740366329664", "trial_id": 33, "state": 1, "values": [0.44825063448094726], "datetime_complete": "2024-09-01T21:22:57.925986"}
{"op_code": 4, "worker_id": "f3a4c5fd-98f9-4d65-b1d1-edd312f267be-139740366329664", "study_id": 0, "datetime_start": "2024-09-01T21:22:57.939978"}
{"op_code": 5, "worker_id": "f3a4c5fd-98f9-4d65-b1d1-edd312f267be-139740366329664", "trial_id": 34, "param_name": "lr", "param_value_internal": 0.0001836453478771205, "distribution": "{\"name\": \"FloatDistribution\", \"attributes\": {\"step\": null, \"low\": 1e-05, \"high\": 0.001, \"log\": true}}"}
{"op_code": 5, "worker_id": "f3a4c5fd-98f9-4d65-b1d1-edd312f267be-139740366329664", "trial_id": 34, "param_name": "l2reg", "param_value_internal": 2.3007303400729678e-07, "distribution": "{\"name\": \"FloatDistribution\", \"attributes\": {\"step\": null, \"low\": 1e-08, \"high\": 0.001, \"log\": true}}"}
{"op_code": 5, "worker_id": "f3a4c5fd-98f9-4d65-b1d1-edd312f267be-139740366329664", "trial_id": 34, "param_name": "random_seed", "param_value_internal": 0, "distribution": "{\"name\": \"CategoricalDistribution\", \"attributes\": {\"choices\": [42]}}"}
{"op_code": 5, "worker_id": "f3a4c5fd-98f9-4d65-b1d1-edd312f267be-139740366329664", "trial_id": 34, "param_name": "degree", "param_value_internal": 0, "distribution": "{\"name\": \"CategoricalDistribution\", \"attributes\": {\"choices\": [0]}}"}
{"op_code": 8, "worker_id": "f3a4c5fd-98f9-4d65-b1d1-edd312f267be-139740366329664", "trial_id": 34, "user_attr": {"best_epoch": 1}}
{"op_code": 8, "worker_id": "f3a4c5fd-98f9-4d65-b1d1-edd312f267be-139740366329664", "trial_id": 34, "user_attr": {"test_loss": 0.45247916405480876}}
{"op_code": 6, "worker_id": "f3a4c5fd-98f9-4d65-b1d1-edd312f267be-139740366329664", "trial_id": 34, "state": 1, "values": [0.44786952597936064], "datetime_complete": "2024-09-01T21:41:34.164542"}
{"op_code": 4, "worker_id": "f3a4c5fd-98f9-4d65-b1d1-edd312f267be-139740366329664", "study_id": 0, "datetime_start": "2024-09-01T21:41:34.173811"}
{"op_code": 5, "worker_id": "f3a4c5fd-98f9-4d65-b1d1-edd312f267be-139740366329664", "trial_id": 35, "param_name": "lr", "param_value_internal": 0.0006702232793345294, "distribution": "{\"name\": \"FloatDistribution\", \"attributes\": {\"step\": null, \"low\": 1e-05, \"high\": 0.001, \"log\": true}}"}
{"op_code": 5, "worker_id": "f3a4c5fd-98f9-4d65-b1d1-edd312f267be-139740366329664", "trial_id": 35, "param_name": "l2reg", "param_value_internal": 3.1875457761065736e-08, "distribution": "{\"name\": \"FloatDistribution\", \"attributes\": {\"step\": null, \"low\": 1e-08, \"high\": 0.001, \"log\": true}}"}
{"op_code": 5, "worker_id": "f3a4c5fd-98f9-4d65-b1d1-edd312f267be-139740366329664", "trial_id": 35, "param_name": "random_seed", "param_value_internal": 0, "distribution": "{\"name\": \"CategoricalDistribution\", \"attributes\": {\"choices\": [42]}}"}
{"op_code": 5, "worker_id": "f3a4c5fd-98f9-4d65-b1d1-edd312f267be-139740366329664", "trial_id": 35, "param_name": "degree", "param_value_internal": 0, "distribution": "{\"name\": \"CategoricalDistribution\", \"attributes\": {\"choices\": [0]}}"}
{"op_code": 8, "worker_id": "f3a4c5fd-98f9-4d65-b1d1-edd312f267be-139740366329664", "trial_id": 35, "user_attr": {"best_epoch": 0}}
{"op_code": 8, "worker_id": "f3a4c5fd-98f9-4d65-b1d1-edd312f267be-139740366329664", "trial_id": 35, "user_attr": {"test_loss": 0.45300041581032086}}
{"op_code": 6, "worker_id": "f3a4c5fd-98f9-4d65-b1d1-edd312f267be-139740366329664", "trial_id": 35, "state": 1, "values": [0.44841104897795886], "datetime_complete": "2024-09-01T21:56:36.412670"}
{"op_code": 4, "worker_id": "f3a4c5fd-98f9-4d65-b1d1-edd312f267be-139740366329664", "study_id": 0, "datetime_start": "2024-09-01T21:56:36.452012"}
{"op_code": 5, "worker_id": "f3a4c5fd-98f9-4d65-b1d1-edd312f267be-139740366329664", "trial_id": 36, "param_name": "lr", "param_value_internal": 0.0002905652509697076, "distribution": "{\"name\": \"FloatDistribution\", \"attributes\": {\"step\": null, \"low\": 1e-05, \"high\": 0.001, \"log\": true}}"}
{"op_code": 5, "worker_id": "f3a4c5fd-98f9-4d65-b1d1-edd312f267be-139740366329664", "trial_id": 36, "param_name": "l2reg", "param_value_internal": 1.7892421386011036e-05, "distribution": "{\"name\": \"FloatDistribution\", \"attributes\": {\"step\": null, \"low\": 1e-08, \"high\": 0.001, \"log\": true}}"}
{"op_code": 5, "worker_id": "f3a4c5fd-98f9-4d65-b1d1-edd312f267be-139740366329664", "trial_id": 36, "param_name": "random_seed", "param_value_internal": 0, "distribution": "{\"name\": \"CategoricalDistribution\", \"attributes\": {\"choices\": [42]}}"}
{"op_code": 5, "worker_id": "f3a4c5fd-98f9-4d65-b1d1-edd312f267be-139740366329664", "trial_id": 36, "param_name": "degree", "param_value_internal": 0, "distribution": "{\"name\": \"CategoricalDistribution\", \"attributes\": {\"choices\": [0]}}"}
{"op_code": 8, "worker_id": "f3a4c5fd-98f9-4d65-b1d1-edd312f267be-139740366329664", "trial_id": 36, "user_attr": {"best_epoch": 1}}
{"op_code": 8, "worker_id": "f3a4c5fd-98f9-4d65-b1d1-edd312f267be-139740366329664", "trial_id": 36, "user_attr": {"test_loss": 0.45267638000390614}}
{"op_code": 6, "worker_id": "f3a4c5fd-98f9-4d65-b1d1-edd312f267be-139740366329664", "trial_id": 36, "state": 1, "values": [0.4479995525802225], "datetime_complete": "2024-09-01T22:15:57.164838"}
{"op_code": 4, "worker_id": "f3a4c5fd-98f9-4d65-b1d1-edd312f267be-139740366329664", "study_id": 0, "datetime_start": "2024-09-01T22:15:57.176581"}
{"op_code": 5, "worker_id": "f3a4c5fd-98f9-4d65-b1d1-edd312f267be-139740366329664", "trial_id": 37, "param_name": "lr", "param_value_internal": 0.00012555832000216046, "distribution": "{\"name\": \"FloatDistribution\", \"attributes\": {\"step\": null, \"low\": 1e-05, \"high\": 0.001, \"log\": true}}"}
{"op_code": 5, "worker_id": "f3a4c5fd-98f9-4d65-b1d1-edd312f267be-139740366329664", "trial_id": 37, "param_name": "l2reg", "param_value_internal": 1.3911124366609346e-07, "distribution": "{\"name\": \"FloatDistribution\", \"attributes\": {\"step\": null, \"low\": 1e-08, \"high\": 0.001, \"log\": true}}"}
{"op_code": 5, "worker_id": "f3a4c5fd-98f9-4d65-b1d1-edd312f267be-139740366329664", "trial_id": 37, "param_name": "random_seed", "param_value_internal": 0, "distribution": "{\"name\": \"CategoricalDistribution\", \"attributes\": {\"choices\": [42]}}"}
{"op_code": 5, "worker_id": "f3a4c5fd-98f9-4d65-b1d1-edd312f267be-139740366329664", "trial_id": 37, "param_name": "degree", "param_value_internal": 0, "distribution": "{\"name\": \"CategoricalDistribution\", \"attributes\": {\"choices\": [0]}}"}
{"op_code": 8, "worker_id": "f3a4c5fd-98f9-4d65-b1d1-edd312f267be-139740366329664", "trial_id": 37, "user_attr": {"best_epoch": 2}}
{"op_code": 8, "worker_id": "f3a4c5fd-98f9-4d65-b1d1-edd312f267be-139740366329664", "trial_id": 37, "user_attr": {"test_loss": 0.4528046887156592}}
{"op_code": 6, "worker_id": "f3a4c5fd-98f9-4d65-b1d1-edd312f267be-139740366329664", "trial_id": 37, "state": 1, "values": [0.44819298910006017], "datetime_complete": "2024-09-01T22:37:46.293610"}
{"op_code": 4, "worker_id": "f3a4c5fd-98f9-4d65-b1d1-edd312f267be-139740366329664", "study_id": 0, "datetime_start": "2024-09-01T22:37:46.312681"}
{"op_code": 5, "worker_id": "f3a4c5fd-98f9-4d65-b1d1-edd312f267be-139740366329664", "trial_id": 38, "param_name": "lr", "param_value_internal": 0.0001938967555398511, "distribution": "{\"name\": \"FloatDistribution\", \"attributes\": {\"step\": null, \"low\": 1e-05, \"high\": 0.001, \"log\": true}}"}
{"op_code": 5, "worker_id": "f3a4c5fd-98f9-4d65-b1d1-edd312f267be-139740366329664", "trial_id": 38, "param_name": "l2reg", "param_value_internal": 1.0244081248728058e-08, "distribution": "{\"name\": \"FloatDistribution\", \"attributes\": {\"step\": null, \"low\": 1e-08, \"high\": 0.001, \"log\": true}}"}
{"op_code": 5, "worker_id": "f3a4c5fd-98f9-4d65-b1d1-edd312f267be-139740366329664", "trial_id": 38, "param_name": "random_seed", "param_value_internal": 0, "distribution": "{\"name\": \"CategoricalDistribution\", \"attributes\": {\"choices\": [42]}}"}
{"op_code": 5, "worker_id": "f3a4c5fd-98f9-4d65-b1d1-edd312f267be-139740366329664", "trial_id": 38, "param_name": "degree", "param_value_internal": 0, "distribution": "{\"name\": \"CategoricalDistribution\", \"attributes\": {\"choices\": [0]}}"}
{"op_code": 8, "worker_id": "f3a4c5fd-98f9-4d65-b1d1-edd312f267be-139740366329664", "trial_id": 38, "user_attr": {"best_epoch": 1}}
{"op_code": 8, "worker_id": "f3a4c5fd-98f9-4d65-b1d1-edd312f267be-139740366329664", "trial_id": 38, "user_attr": {"test_loss": 0.45244675283901636}}
{"op_code": 6, "worker_id": "f3a4c5fd-98f9-4d65-b1d1-edd312f267be-139740366329664", "trial_id": 38, "state": 1, "values": [0.4478270363707995], "datetime_complete": "2024-09-01T22:56:56.092065"}
{"op_code": 4, "worker_id": "f3a4c5fd-98f9-4d65-b1d1-edd312f267be-139740366329664", "study_id": 0, "datetime_start": "2024-09-01T22:56:56.101216"}
{"op_code": 5, "worker_id": "f3a4c5fd-98f9-4d65-b1d1-edd312f267be-139740366329664", "trial_id": 39, "param_name": "lr", "param_value_internal": 9.029245888295042e-05, "distribution": "{\"name\": \"FloatDistribution\", \"attributes\": {\"step\": null, \"low\": 1e-05, \"high\": 0.001, \"log\": true}}"}
{"op_code": 5, "worker_id": "f3a4c5fd-98f9-4d65-b1d1-edd312f267be-139740366329664", "trial_id": 39, "param_name": "l2reg", "param_value_internal": 1.6647919353470413e-06, "distribution": "{\"name\": \"FloatDistribution\", \"attributes\": {\"step\": null, \"low\": 1e-08, \"high\": 0.001, \"log\": true}}"}
{"op_code": 5, "worker_id": "f3a4c5fd-98f9-4d65-b1d1-edd312f267be-139740366329664", "trial_id": 39, "param_name": "random_seed", "param_value_internal": 0, "distribution": "{\"name\": \"CategoricalDistribution\", \"attributes\": {\"choices\": [42]}}"}
{"op_code": 5, "worker_id": "f3a4c5fd-98f9-4d65-b1d1-edd312f267be-139740366329664", "trial_id": 39, "param_name": "degree", "param_value_internal": 0, "distribution": "{\"name\": \"CategoricalDistribution\", \"attributes\": {\"choices\": [0]}}"}
{"op_code": 8, "worker_id": "f3a4c5fd-98f9-4d65-b1d1-edd312f267be-139740366329664", "trial_id": 39, "user_attr": {"best_epoch": 3}}
{"op_code": 8, "worker_id": "f3a4c5fd-98f9-4d65-b1d1-edd312f267be-139740366329664", "trial_id": 39, "user_attr": {"test_loss": 0.4530422182617846}}
{"op_code": 6, "worker_id": "f3a4c5fd-98f9-4d65-b1d1-edd312f267be-139740366329664", "trial_id": 39, "state": 1, "values": [0.4483792104033497], "datetime_complete": "2024-09-01T23:22:26.945727"}
{"op_code": 4, "worker_id": "f3a4c5fd-98f9-4d65-b1d1-edd312f267be-139740366329664", "study_id": 0, "datetime_start": "2024-09-01T23:22:26.954330"}
{"op_code": 5, "worker_id": "f3a4c5fd-98f9-4d65-b1d1-edd312f267be-139740366329664", "trial_id": 40, "param_name": "lr", "param_value_internal": 0.0004317966581956629, "distribution": "{\"name\": \"FloatDistribution\", \"attributes\": {\"step\": null, \"low\": 1e-05, \"high\": 0.001, \"log\": true}}"}
{"op_code": 5, "worker_id": "f3a4c5fd-98f9-4d65-b1d1-edd312f267be-139740366329664", "trial_id": 40, "param_name": "l2reg", "param_value_internal": 6.569132078273192e-08, "distribution": "{\"name\": \"FloatDistribution\", \"attributes\": {\"step\": null, \"low\": 1e-08, \"high\": 0.001, \"log\": true}}"}
{"op_code": 5, "worker_id": "f3a4c5fd-98f9-4d65-b1d1-edd312f267be-139740366329664", "trial_id": 40, "param_name": "random_seed", "param_value_internal": 0, "distribution": "{\"name\": \"CategoricalDistribution\", \"attributes\": {\"choices\": [42]}}"}
{"op_code": 5, "worker_id": "f3a4c5fd-98f9-4d65-b1d1-edd312f267be-139740366329664", "trial_id": 40, "param_name": "degree", "param_value_internal": 0, "distribution": "{\"name\": \"CategoricalDistribution\", \"attributes\": {\"choices\": [0]}}"}
{"op_code": 8, "worker_id": "f3a4c5fd-98f9-4d65-b1d1-edd312f267be-139740366329664", "trial_id": 40, "user_attr": {"best_epoch": 1}}
{"op_code": 8, "worker_id": "f3a4c5fd-98f9-4d65-b1d1-edd312f267be-139740366329664", "trial_id": 40, "user_attr": {"test_loss": 0.453084707876834}}
{"op_code": 6, "worker_id": "f3a4c5fd-98f9-4d65-b1d1-edd312f267be-139740366329664", "trial_id": 40, "state": 1, "values": [0.44838776177111045], "datetime_complete": "2024-09-01T23:40:48.691866"}
{"op_code": 4, "worker_id": "f3a4c5fd-98f9-4d65-b1d1-edd312f267be-139740366329664", "study_id": 0, "datetime_start": "2024-09-01T23:40:48.700851"}
{"op_code": 5, "worker_id": "f3a4c5fd-98f9-4d65-b1d1-edd312f267be-139740366329664", "trial_id": 41, "param_name": "lr", "param_value_internal": 0.00021531350891894905, "distribution": "{\"name\": \"FloatDistribution\", \"attributes\": {\"step\": null, \"low\": 1e-05, \"high\": 0.001, \"log\": true}}"}
{"op_code": 5, "worker_id": "f3a4c5fd-98f9-4d65-b1d1-edd312f267be-139740366329664", "trial_id": 41, "param_name": "l2reg", "param_value_internal": 3.647227468637523e-08, "distribution": "{\"name\": \"FloatDistribution\", \"attributes\": {\"step\": null, \"low\": 1e-08, \"high\": 0.001, \"log\": true}}"}
{"op_code": 5, "worker_id": "f3a4c5fd-98f9-4d65-b1d1-edd312f267be-139740366329664", "trial_id": 41, "param_name": "random_seed", "param_value_internal": 0, "distribution": "{\"name\": \"CategoricalDistribution\", \"attributes\": {\"choices\": [42]}}"}
{"op_code": 5, "worker_id": "f3a4c5fd-98f9-4d65-b1d1-edd312f267be-139740366329664", "trial_id": 41, "param_name": "degree", "param_value_internal": 0, "distribution": "{\"name\": \"CategoricalDistribution\", \"attributes\": {\"choices\": [0]}}"}
{"op_code": 8, "worker_id": "f3a4c5fd-98f9-4d65-b1d1-edd312f267be-139740366329664", "trial_id": 41, "user_attr": {"best_epoch": 1}}
{"op_code": 8, "worker_id": "f3a4c5fd-98f9-4d65-b1d1-edd312f267be-139740366329664", "trial_id": 41, "user_attr": {"test_loss": 0.4524367126155141}}
{"op_code": 6, "worker_id": "f3a4c5fd-98f9-4d65-b1d1-edd312f267be-139740366329664", "trial_id": 41, "state": 1, "values": [0.44780008429205365], "datetime_complete": "2024-09-02T00:00:23.105843"}
{"op_code": 4, "worker_id": "f3a4c5fd-98f9-4d65-b1d1-edd312f267be-139740366329664", "study_id": 0, "datetime_start": "2024-09-02T00:00:23.118335"}
{"op_code": 5, "worker_id": "f3a4c5fd-98f9-4d65-b1d1-edd312f267be-139740366329664", "trial_id": 42, "param_name": "lr", "param_value_internal": 0.00030590282012691645, "distribution": "{\"name\": \"FloatDistribution\", \"attributes\": {\"step\": null, \"low\": 1e-05, \"high\": 0.001, \"log\": true}}"}
{"op_code": 5, "worker_id": "f3a4c5fd-98f9-4d65-b1d1-edd312f267be-139740366329664", "trial_id": 42, "param_name": "l2reg", "param_value_internal": 3.682635977406555e-08, "distribution": "{\"name\": \"FloatDistribution\", \"attributes\": {\"step\": null, \"low\": 1e-08, \"high\": 0.001, \"log\": true}}"}
{"op_code": 5, "worker_id": "f3a4c5fd-98f9-4d65-b1d1-edd312f267be-139740366329664", "trial_id": 42, "param_name": "random_seed", "param_value_internal": 0, "distribution": "{\"name\": \"CategoricalDistribution\", \"attributes\": {\"choices\": [42]}}"}
{"op_code": 5, "worker_id": "f3a4c5fd-98f9-4d65-b1d1-edd312f267be-139740366329664", "trial_id": 42, "param_name": "degree", "param_value_internal": 0, "distribution": "{\"name\": \"CategoricalDistribution\", \"attributes\": {\"choices\": [0]}}"}
{"op_code": 8, "worker_id": "f3a4c5fd-98f9-4d65-b1d1-edd312f267be-139740366329664", "trial_id": 42, "user_attr": {"best_epoch": 1}}
{"op_code": 8, "worker_id": "f3a4c5fd-98f9-4d65-b1d1-edd312f267be-139740366329664", "trial_id": 42, "user_attr": {"test_loss": 0.45273608688435296}}
{"op_code": 6, "worker_id": "f3a4c5fd-98f9-4d65-b1d1-edd312f267be-139740366329664", "trial_id": 42, "state": 1, "values": [0.4480563580946331], "datetime_complete": "2024-09-02T00:19:40.423394"}
{"op_code": 4, "worker_id": "f3a4c5fd-98f9-4d65-b1d1-edd312f267be-139740366329664", "study_id": 0, "datetime_start": "2024-09-02T00:19:40.432192"}
{"op_code": 5, "worker_id": "f3a4c5fd-98f9-4d65-b1d1-edd312f267be-139740366329664", "trial_id": 43, "param_name": "lr", "param_value_internal": 0.00022402662134483404, "distribution": "{\"name\": \"FloatDistribution\", \"attributes\": {\"step\": null, \"low\": 1e-05, \"high\": 0.001, \"log\": true}}"}
{"op_code": 5, "worker_id": "f3a4c5fd-98f9-4d65-b1d1-edd312f267be-139740366329664", "trial_id": 43, "param_name": "l2reg", "param_value_internal": 2.6308768862436317e-08, "distribution": "{\"name\": \"FloatDistribution\", \"attributes\": {\"step\": null, \"low\": 1e-08, \"high\": 0.001, \"log\": true}}"}
{"op_code": 5, "worker_id": "f3a4c5fd-98f9-4d65-b1d1-edd312f267be-139740366329664", "trial_id": 43, "param_name": "random_seed", "param_value_internal": 0, "distribution": "{\"name\": \"CategoricalDistribution\", \"attributes\": {\"choices\": [42]}}"}
{"op_code": 5, "worker_id": "f3a4c5fd-98f9-4d65-b1d1-edd312f267be-139740366329664", "trial_id": 43, "param_name": "degree", "param_value_internal": 0, "distribution": "{\"name\": \"CategoricalDistribution\", \"attributes\": {\"choices\": [0]}}"}
{"op_code": 8, "worker_id": "f3a4c5fd-98f9-4d65-b1d1-edd312f267be-139740366329664", "trial_id": 43, "user_attr": {"best_epoch": 1}}
{"op_code": 8, "worker_id": "f3a4c5fd-98f9-4d65-b1d1-edd312f267be-139740366329664", "trial_id": 43, "user_attr": {"test_loss": 0.4524491579115663}}
{"op_code": 6, "worker_id": "f3a4c5fd-98f9-4d65-b1d1-edd312f267be-139740366329664", "trial_id": 43, "state": 1, "values": [0.4478052380181594], "datetime_complete": "2024-09-02T00:38:14.300945"}
{"op_code": 4, "worker_id": "f3a4c5fd-98f9-4d65-b1d1-edd312f267be-139740366329664", "study_id": 0, "datetime_start": "2024-09-02T00:38:14.309864"}
{"op_code": 5, "worker_id": "f3a4c5fd-98f9-4d65-b1d1-edd312f267be-139740366329664", "trial_id": 44, "param_name": "lr", "param_value_internal": 0.00023756702745919559, "distribution": "{\"name\": \"FloatDistribution\", \"attributes\": {\"step\": null, \"low\": 1e-05, \"high\": 0.001, \"log\": true}}"}
{"op_code": 5, "worker_id": "f3a4c5fd-98f9-4d65-b1d1-edd312f267be-139740366329664", "trial_id": 44, "param_name": "l2reg", "param_value_internal": 2.3611388315511733e-08, "distribution": "{\"name\": \"FloatDistribution\", \"attributes\": {\"step\": null, \"low\": 1e-08, \"high\": 0.001, \"log\": true}}"}
{"op_code": 5, "worker_id": "f3a4c5fd-98f9-4d65-b1d1-edd312f267be-139740366329664", "trial_id": 44, "param_name": "random_seed", "param_value_internal": 0, "distribution": "{\"name\": \"CategoricalDistribution\", \"attributes\": {\"choices\": [42]}}"}
{"op_code": 5, "worker_id": "f3a4c5fd-98f9-4d65-b1d1-edd312f267be-139740366329664", "trial_id": 44, "param_name": "degree", "param_value_internal": 0, "distribution": "{\"name\": \"CategoricalDistribution\", \"attributes\": {\"choices\": [0]}}"}
{"op_code": 8, "worker_id": "f3a4c5fd-98f9-4d65-b1d1-edd312f267be-139740366329664", "trial_id": 44, "user_attr": {"best_epoch": 1}}
{"op_code": 8, "worker_id": "f3a4c5fd-98f9-4d65-b1d1-edd312f267be-139740366329664", "trial_id": 44, "user_attr": {"test_loss": 0.4524819127091516}}
{"op_code": 6, "worker_id": "f3a4c5fd-98f9-4d65-b1d1-edd312f267be-139740366329664", "trial_id": 44, "state": 1, "values": [0.44782825799476533], "datetime_complete": "2024-09-02T00:56:31.711050"}
{"op_code": 4, "worker_id": "f3a4c5fd-98f9-4d65-b1d1-edd312f267be-139740366329664", "study_id": 0, "datetime_start": "2024-09-02T00:56:31.720224"}
{"op_code": 5, "worker_id": "f3a4c5fd-98f9-4d65-b1d1-edd312f267be-139740366329664", "trial_id": 45, "param_name": "lr", "param_value_internal": 0.0001455709904769938, "distribution": "{\"name\": \"FloatDistribution\", \"attributes\": {\"step\": null, \"low\": 1e-05, \"high\": 0.001, \"log\": true}}"}
{"op_code": 5, "worker_id": "f3a4c5fd-98f9-4d65-b1d1-edd312f267be-139740366329664", "trial_id": 45, "param_name": "l2reg", "param_value_internal": 1.2824492106830442e-07, "distribution": "{\"name\": \"FloatDistribution\", \"attributes\": {\"step\": null, \"low\": 1e-08, \"high\": 0.001, \"log\": true}}"}
{"op_code": 5, "worker_id": "f3a4c5fd-98f9-4d65-b1d1-edd312f267be-139740366329664", "trial_id": 45, "param_name": "random_seed", "param_value_internal": 0, "distribution": "{\"name\": \"CategoricalDistribution\", \"attributes\": {\"choices\": [42]}}"}
{"op_code": 5, "worker_id": "f3a4c5fd-98f9-4d65-b1d1-edd312f267be-139740366329664", "trial_id": 45, "param_name": "degree", "param_value_internal": 0, "distribution": "{\"name\": \"CategoricalDistribution\", \"attributes\": {\"choices\": [0]}}"}
{"op_code": 8, "worker_id": "f3a4c5fd-98f9-4d65-b1d1-edd312f267be-139740366329664", "trial_id": 45, "user_attr": {"best_epoch": 2}}
{"op_code": 8, "worker_id": "f3a4c5fd-98f9-4d65-b1d1-edd312f267be-139740366329664", "trial_id": 45, "user_attr": {"test_loss": 0.45289066051538185}}
{"op_code": 6, "worker_id": "f3a4c5fd-98f9-4d65-b1d1-edd312f267be-139740366329664", "trial_id": 45, "state": 1, "values": [0.4482601020666823], "datetime_complete": "2024-09-02T01:18:27.704195"}
{"op_code": 4, "worker_id": "f3a4c5fd-98f9-4d65-b1d1-edd312f267be-139740366329664", "study_id": 0, "datetime_start": "2024-09-02T01:18:27.713029"}
{"op_code": 5, "worker_id": "f3a4c5fd-98f9-4d65-b1d1-edd312f267be-139740366329664", "trial_id": 46, "param_name": "lr", "param_value_internal": 0.00010955069313565677, "distribution": "{\"name\": \"FloatDistribution\", \"attributes\": {\"step\": null, \"low\": 1e-05, \"high\": 0.001, \"log\": true}}"}
{"op_code": 5, "worker_id": "f3a4c5fd-98f9-4d65-b1d1-edd312f267be-139740366329664", "trial_id": 46, "param_name": "l2reg", "param_value_internal": 2.6802917614218404e-07, "distribution": "{\"name\": \"FloatDistribution\", \"attributes\": {\"step\": null, \"low\": 1e-08, \"high\": 0.001, \"log\": true}}"}
{"op_code": 5, "worker_id": "f3a4c5fd-98f9-4d65-b1d1-edd312f267be-139740366329664", "trial_id": 46, "param_name": "random_seed", "param_value_internal": 0, "distribution": "{\"name\": \"CategoricalDistribution\", \"attributes\": {\"choices\": [42]}}"}
{"op_code": 5, "worker_id": "f3a4c5fd-98f9-4d65-b1d1-edd312f267be-139740366329664", "trial_id": 46, "param_name": "degree", "param_value_internal": 0, "distribution": "{\"name\": \"CategoricalDistribution\", \"attributes\": {\"choices\": [0]}}"}
{"op_code": 8, "worker_id": "f3a4c5fd-98f9-4d65-b1d1-edd312f267be-139740366329664", "trial_id": 46, "user_attr": {"best_epoch": 2}}
{"op_code": 8, "worker_id": "f3a4c5fd-98f9-4d65-b1d1-edd312f267be-139740366329664", "trial_id": 46, "user_attr": {"test_loss": 0.4528918057880247}}
{"op_code": 6, "worker_id": "f3a4c5fd-98f9-4d65-b1d1-edd312f267be-139740366329664", "trial_id": 46, "state": 1, "values": [0.4483030497842307], "datetime_complete": "2024-09-02T01:40:02.839959"}
{"op_code": 4, "worker_id": "f3a4c5fd-98f9-4d65-b1d1-edd312f267be-139740366329664", "study_id": 0, "datetime_start": "2024-09-02T01:40:02.853035"}
{"op_code": 5, "worker_id": "f3a4c5fd-98f9-4d65-b1d1-edd312f267be-139740366329664", "trial_id": 47, "param_name": "lr", "param_value_internal": 0.0003142468449877539, "distribution": "{\"name\": \"FloatDistribution\", \"attributes\": {\"step\": null, \"low\": 1e-05, \"high\": 0.001, \"log\": true}}"}
{"op_code": 5, "worker_id": "f3a4c5fd-98f9-4d65-b1d1-edd312f267be-139740366329664", "trial_id": 47, "param_name": "l2reg", "param_value_internal": 5.703776609158244e-08, "distribution": "{\"name\": \"FloatDistribution\", \"attributes\": {\"step\": null, \"low\": 1e-08, \"high\": 0.001, \"log\": true}}"}
{"op_code": 5, "worker_id": "f3a4c5fd-98f9-4d65-b1d1-edd312f267be-139740366329664", "trial_id": 47, "param_name": "random_seed", "param_value_internal": 0, "distribution": "{\"name\": \"CategoricalDistribution\", \"attributes\": {\"choices\": [42]}}"}
{"op_code": 5, "worker_id": "f3a4c5fd-98f9-4d65-b1d1-edd312f267be-139740366329664", "trial_id": 47, "param_name": "degree", "param_value_internal": 0, "distribution": "{\"name\": \"CategoricalDistribution\", \"attributes\": {\"choices\": [0]}}"}
{"op_code": 8, "worker_id": "f3a4c5fd-98f9-4d65-b1d1-edd312f267be-139740366329664", "trial_id": 47, "user_attr": {"best_epoch": 1}}
{"op_code": 8, "worker_id": "f3a4c5fd-98f9-4d65-b1d1-edd312f267be-139740366329664", "trial_id": 47, "user_attr": {"test_loss": 0.45276781093655966}}
{"op_code": 6, "worker_id": "f3a4c5fd-98f9-4d65-b1d1-edd312f267be-139740366329664", "trial_id": 47, "state": 1, "values": [0.44808708957252325], "datetime_complete": "2024-09-02T01:58:26.820120"}
{"op_code": 4, "worker_id": "f3a4c5fd-98f9-4d65-b1d1-edd312f267be-139740366329664", "study_id": 0, "datetime_start": "2024-09-02T01:58:26.829185"}
{"op_code": 5, "worker_id": "f3a4c5fd-98f9-4d65-b1d1-edd312f267be-139740366329664", "trial_id": 48, "param_name": "lr", "param_value_internal": 1.722693994422323e-05, "distribution": "{\"name\": \"FloatDistribution\", \"attributes\": {\"step\": null, \"low\": 1e-05, \"high\": 0.001, \"log\": true}}"}
{"op_code": 5, "worker_id": "f3a4c5fd-98f9-4d65-b1d1-edd312f267be-139740366329664", "trial_id": 48, "param_name": "l2reg", "param_value_internal": 4.853145278549433e-08, "distribution": "{\"name\": \"FloatDistribution\", \"attributes\": {\"step\": null, \"low\": 1e-08, \"high\": 0.001, \"log\": true}}"}
{"op_code": 5, "worker_id": "f3a4c5fd-98f9-4d65-b1d1-edd312f267be-139740366329664", "trial_id": 48, "param_name": "random_seed", "param_value_internal": 0, "distribution": "{\"name\": \"CategoricalDistribution\", \"attributes\": {\"choices\": [42]}}"}
{"op_code": 5, "worker_id": "f3a4c5fd-98f9-4d65-b1d1-edd312f267be-139740366329664", "trial_id": 48, "param_name": "degree", "param_value_internal": 0, "distribution": "{\"name\": \"CategoricalDistribution\", \"attributes\": {\"choices\": [0]}}"}
{"op_code": 8, "worker_id": "f3a4c5fd-98f9-4d65-b1d1-edd312f267be-139740366329664", "trial_id": 48, "user_attr": {"best_epoch": 9}}
{"op_code": 8, "worker_id": "f3a4c5fd-98f9-4d65-b1d1-edd312f267be-139740366329664", "trial_id": 48, "user_attr": {"test_loss": 0.45559583267352904}}
{"op_code": 6, "worker_id": "f3a4c5fd-98f9-4d65-b1d1-edd312f267be-139740366329664", "trial_id": 48, "state": 1, "values": [0.4510417016611032], "datetime_complete": "2024-09-02T02:33:26.163439"}
{"op_code": 4, "worker_id": "f3a4c5fd-98f9-4d65-b1d1-edd312f267be-139740366329664", "study_id": 0, "datetime_start": "2024-09-02T02:33:26.172158"}
{"op_code": 5, "worker_id": "f3a4c5fd-98f9-4d65-b1d1-edd312f267be-139740366329664", "trial_id": 49, "param_name": "lr", "param_value_internal": 0.00016810251455396118, "distribution": "{\"name\": \"FloatDistribution\", \"attributes\": {\"step\": null, \"low\": 1e-05, \"high\": 0.001, \"log\": true}}"}
{"op_code": 5, "worker_id": "f3a4c5fd-98f9-4d65-b1d1-edd312f267be-139740366329664", "trial_id": 49, "param_name": "l2reg", "param_value_internal": 9.381584945219744e-08, "distribution": "{\"name\": \"FloatDistribution\", \"attributes\": {\"step\": null, \"low\": 1e-08, \"high\": 0.001, \"log\": true}}"}
{"op_code": 5, "worker_id": "f3a4c5fd-98f9-4d65-b1d1-edd312f267be-139740366329664", "trial_id": 49, "param_name": "random_seed", "param_value_internal": 0, "distribution": "{\"name\": \"CategoricalDistribution\", \"attributes\": {\"choices\": [42]}}"}
{"op_code": 5, "worker_id": "f3a4c5fd-98f9-4d65-b1d1-edd312f267be-139740366329664", "trial_id": 49, "param_name": "degree", "param_value_internal": 0, "distribution": "{\"name\": \"CategoricalDistribution\", \"attributes\": {\"choices\": [0]}}"}
{"op_code": 8, "worker_id": "f3a4c5fd-98f9-4d65-b1d1-edd312f267be-139740366329664", "trial_id": 49, "user_attr": {"best_epoch": 1}}
{"op_code": 8, "worker_id": "f3a4c5fd-98f9-4d65-b1d1-edd312f267be-139740366329664", "trial_id": 49, "user_attr": {"test_loss": 0.4525747943204861}}
{"op_code": 6, "worker_id": "f3a4c5fd-98f9-4d65-b1d1-edd312f267be-139740366329664", "trial_id": 49, "state": 1, "values": [0.44798279342644143], "datetime_complete": "2024-09-02T02:51:45.595121"}
