{"op_code": 0, "worker_id": "7bcfa588-ca64-4332-ba91-3b9420ea4ba4-140520958826304", "study_name": "criteo_splines_0_20", "directions": [1]}
{"op_code": 4, "worker_id": "7bcfa588-ca64-4332-ba91-3b9420ea4ba4-140520958826304", "study_id": 0, "datetime_start": "2024-08-20T09:23:12.458564"}
{"op_code": 5, "worker_id": "7bcfa588-ca64-4332-ba91-3b9420ea4ba4-140520958826304", "trial_id": 0, "param_name": "lr", "param_value_internal": 5.6115164153345e-05, "distribution": "{\"name\": \"FloatDistribution\", \"attributes\": {\"step\": null, \"low\": 1e-05, \"high\": 0.001, \"log\": true}}"}
{"op_code": 5, "worker_id": "7bcfa588-ca64-4332-ba91-3b9420ea4ba4-140520958826304", "trial_id": 0, "param_name": "l2reg", "param_value_internal": 0.0005669849511478851, "distribution": "{\"name\": \"FloatDistribution\", \"attributes\": {\"step\": null, \"low\": 1e-08, \"high\": 0.001, \"log\": true}}"}
{"op_code": 5, "worker_id": "7bcfa588-ca64-4332-ba91-3b9420ea4ba4-140520958826304", "trial_id": 0, "param_name": "random_seed", "param_value_internal": 0, "distribution": "{\"name\": \"CategoricalDistribution\", \"attributes\": {\"choices\": [42]}}"}
{"op_code": 5, "worker_id": "7bcfa588-ca64-4332-ba91-3b9420ea4ba4-140520958826304", "trial_id": 0, "param_name": "degree", "param_value_internal": 0, "distribution": "{\"name\": \"CategoricalDistribution\", \"attributes\": {\"choices\": [0]}}"}
{"op_code": 8, "worker_id": "7bcfa588-ca64-4332-ba91-3b9420ea4ba4-140520958826304", "trial_id": 0, "user_attr": {"best_epoch": 3}}
{"op_code": 8, "worker_id": "7bcfa588-ca64-4332-ba91-3b9420ea4ba4-140520958826304", "trial_id": 0, "user_attr": {"test_loss": 0.4454495373243988}}
{"op_code": 6, "worker_id": "7bcfa588-ca64-4332-ba91-3b9420ea4ba4-140520958826304", "trial_id": 0, "state": 1, "values": [0.4453236380019875], "datetime_complete": "2024-08-20T09:48:55.261367"}
{"op_code": 4, "worker_id": "7bcfa588-ca64-4332-ba91-3b9420ea4ba4-140520958826304", "study_id": 0, "datetime_start": "2024-08-20T09:48:55.272506"}
{"op_code": 5, "worker_id": "7bcfa588-ca64-4332-ba91-3b9420ea4ba4-140520958826304", "trial_id": 1, "param_name": "lr", "param_value_internal": 0.000291063591313307, "distribution": "{\"name\": \"FloatDistribution\", \"attributes\": {\"step\": null, \"low\": 1e-05, \"high\": 0.001, \"log\": true}}"}
{"op_code": 5, "worker_id": "7bcfa588-ca64-4332-ba91-3b9420ea4ba4-140520958826304", "trial_id": 1, "param_name": "l2reg", "param_value_internal": 9.846738873614555e-06, "distribution": "{\"name\": \"FloatDistribution\", \"attributes\": {\"step\": null, \"low\": 1e-08, \"high\": 0.001, \"log\": true}}"}
{"op_code": 5, "worker_id": "7bcfa588-ca64-4332-ba91-3b9420ea4ba4-140520958826304", "trial_id": 1, "param_name": "random_seed", "param_value_internal": 0, "distribution": "{\"name\": \"CategoricalDistribution\", \"attributes\": {\"choices\": [42]}}"}
{"op_code": 5, "worker_id": "7bcfa588-ca64-4332-ba91-3b9420ea4ba4-140520958826304", "trial_id": 1, "param_name": "degree", "param_value_internal": 0, "distribution": "{\"name\": \"CategoricalDistribution\", \"attributes\": {\"choices\": [0]}}"}
{"op_code": 8, "worker_id": "7bcfa588-ca64-4332-ba91-3b9420ea4ba4-140520958826304", "trial_id": 1, "user_attr": {"best_epoch": 0}}
{"op_code": 8, "worker_id": "7bcfa588-ca64-4332-ba91-3b9420ea4ba4-140520958826304", "trial_id": 1, "user_attr": {"test_loss": 0.4452080484088927}}
{"op_code": 6, "worker_id": "7bcfa588-ca64-4332-ba91-3b9420ea4ba4-140520958826304", "trial_id": 1, "state": 1, "values": [0.4451628635622002], "datetime_complete": "2024-08-20T10:04:31.682772"}
{"op_code": 4, "worker_id": "7bcfa588-ca64-4332-ba91-3b9420ea4ba4-140520958826304", "study_id": 0, "datetime_start": "2024-08-20T10:04:31.691939"}
{"op_code": 5, "worker_id": "7bcfa588-ca64-4332-ba91-3b9420ea4ba4-140520958826304", "trial_id": 2, "param_name": "lr", "param_value_internal": 2.0513382630874486e-05, "distribution": "{\"name\": \"FloatDistribution\", \"attributes\": {\"step\": null, \"low\": 1e-05, \"high\": 0.001, \"log\": true}}"}
{"op_code": 5, "worker_id": "7bcfa588-ca64-4332-ba91-3b9420ea4ba4-140520958826304", "trial_id": 2, "param_name": "l2reg", "param_value_internal": 6.02521573620385e-08, "distribution": "{\"name\": \"FloatDistribution\", \"attributes\": {\"step\": null, \"low\": 1e-08, \"high\": 0.001, \"log\": true}}"}
{"op_code": 5, "worker_id": "7bcfa588-ca64-4332-ba91-3b9420ea4ba4-140520958826304", "trial_id": 2, "param_name": "random_seed", "param_value_internal": 0, "distribution": "{\"name\": \"CategoricalDistribution\", \"attributes\": {\"choices\": [42]}}"}
{"op_code": 5, "worker_id": "7bcfa588-ca64-4332-ba91-3b9420ea4ba4-140520958826304", "trial_id": 2, "param_name": "degree", "param_value_internal": 0, "distribution": "{\"name\": \"CategoricalDistribution\", \"attributes\": {\"choices\": [0]}}"}
{"op_code": 8, "worker_id": "7bcfa588-ca64-4332-ba91-3b9420ea4ba4-140520958826304", "trial_id": 2, "user_attr": {"best_epoch": 10}}
{"op_code": 8, "worker_id": "7bcfa588-ca64-4332-ba91-3b9420ea4ba4-140520958826304", "trial_id": 2, "user_attr": {"test_loss": 0.44619676409216164}}
{"op_code": 6, "worker_id": "7bcfa588-ca64-4332-ba91-3b9420ea4ba4-140520958826304", "trial_id": 2, "state": 1, "values": [0.44607180996533935], "datetime_complete": "2024-08-20T10:54:38.243725"}
{"op_code": 4, "worker_id": "7bcfa588-ca64-4332-ba91-3b9420ea4ba4-140520958826304", "study_id": 0, "datetime_start": "2024-08-20T10:54:38.261118"}
{"op_code": 5, "worker_id": "7bcfa588-ca64-4332-ba91-3b9420ea4ba4-140520958826304", "trial_id": 3, "param_name": "lr", "param_value_internal": 1.3066739238053272e-05, "distribution": "{\"name\": \"FloatDistribution\", \"attributes\": {\"step\": null, \"low\": 1e-05, \"high\": 0.001, \"log\": true}}"}
{"op_code": 5, "worker_id": "7bcfa588-ca64-4332-ba91-3b9420ea4ba4-140520958826304", "trial_id": 3, "param_name": "l2reg", "param_value_internal": 0.00021423021757741048, "distribution": "{\"name\": \"FloatDistribution\", \"attributes\": {\"step\": null, \"low\": 1e-08, \"high\": 0.001, \"log\": true}}"}
{"op_code": 5, "worker_id": "7bcfa588-ca64-4332-ba91-3b9420ea4ba4-140520958826304", "trial_id": 3, "param_name": "random_seed", "param_value_internal": 0, "distribution": "{\"name\": \"CategoricalDistribution\", \"attributes\": {\"choices\": [42]}}"}
{"op_code": 5, "worker_id": "7bcfa588-ca64-4332-ba91-3b9420ea4ba4-140520958826304", "trial_id": 3, "param_name": "degree", "param_value_internal": 0, "distribution": "{\"name\": \"CategoricalDistribution\", \"attributes\": {\"choices\": [0]}}"}
{"op_code": 8, "worker_id": "7bcfa588-ca64-4332-ba91-3b9420ea4ba4-140520958826304", "trial_id": 3, "user_attr": {"best_epoch": 16}}
{"op_code": 8, "worker_id": "7bcfa588-ca64-4332-ba91-3b9420ea4ba4-140520958826304", "trial_id": 3, "user_attr": {"test_loss": 0.44645661372768136}}
{"op_code": 6, "worker_id": "7bcfa588-ca64-4332-ba91-3b9420ea4ba4-140520958826304", "trial_id": 3, "state": 1, "values": [0.44631035385937917], "datetime_complete": "2024-08-20T12:05:27.210005"}
{"op_code": 4, "worker_id": "7bcfa588-ca64-4332-ba91-3b9420ea4ba4-140520958826304", "study_id": 0, "datetime_start": "2024-08-20T12:05:27.218332"}
{"op_code": 5, "worker_id": "7bcfa588-ca64-4332-ba91-3b9420ea4ba4-140520958826304", "trial_id": 4, "param_name": "lr", "param_value_internal": 0.00015930522616241006, "distribution": "{\"name\": \"FloatDistribution\", \"attributes\": {\"step\": null, \"low\": 1e-05, \"high\": 0.001, \"log\": true}}"}
{"op_code": 5, "worker_id": "7bcfa588-ca64-4332-ba91-3b9420ea4ba4-140520958826304", "trial_id": 4, "param_name": "l2reg", "param_value_internal": 3.47026698865041e-05, "distribution": "{\"name\": \"FloatDistribution\", \"attributes\": {\"step\": null, \"low\": 1e-08, \"high\": 0.001, \"log\": true}}"}
{"op_code": 5, "worker_id": "7bcfa588-ca64-4332-ba91-3b9420ea4ba4-140520958826304", "trial_id": 4, "param_name": "random_seed", "param_value_internal": 0, "distribution": "{\"name\": \"CategoricalDistribution\", \"attributes\": {\"choices\": [42]}}"}
{"op_code": 5, "worker_id": "7bcfa588-ca64-4332-ba91-3b9420ea4ba4-140520958826304", "trial_id": 4, "param_name": "degree", "param_value_internal": 0, "distribution": "{\"name\": \"CategoricalDistribution\", \"attributes\": {\"choices\": [0]}}"}
{"op_code": 8, "worker_id": "7bcfa588-ca64-4332-ba91-3b9420ea4ba4-140520958826304", "trial_id": 4, "user_attr": {"best_epoch": 1}}
{"op_code": 8, "worker_id": "7bcfa588-ca64-4332-ba91-3b9420ea4ba4-140520958826304", "trial_id": 4, "user_attr": {"test_loss": 0.44471743542698383}}
{"op_code": 6, "worker_id": "7bcfa588-ca64-4332-ba91-3b9420ea4ba4-140520958826304", "trial_id": 4, "state": 1, "values": [0.4446102241490916], "datetime_complete": "2024-08-20T12:24:10.326700"}
{"op_code": 4, "worker_id": "7bcfa588-ca64-4332-ba91-3b9420ea4ba4-140520958826304", "study_id": 0, "datetime_start": "2024-08-20T12:24:10.335299"}
{"op_code": 5, "worker_id": "7bcfa588-ca64-4332-ba91-3b9420ea4ba4-140520958826304", "trial_id": 5, "param_name": "lr", "param_value_internal": 1.0994335574766187e-05, "distribution": "{\"name\": \"FloatDistribution\", \"attributes\": {\"step\": null, \"low\": 1e-05, \"high\": 0.001, \"log\": true}}"}
{"op_code": 5, "worker_id": "7bcfa588-ca64-4332-ba91-3b9420ea4ba4-140520958826304", "trial_id": 5, "param_name": "l2reg", "param_value_internal": 0.0007072114131472234, "distribution": "{\"name\": \"FloatDistribution\", \"attributes\": {\"step\": null, \"low\": 1e-08, \"high\": 0.001, \"log\": true}}"}
{"op_code": 5, "worker_id": "7bcfa588-ca64-4332-ba91-3b9420ea4ba4-140520958826304", "trial_id": 5, "param_name": "random_seed", "param_value_internal": 0, "distribution": "{\"name\": \"CategoricalDistribution\", \"attributes\": {\"choices\": [42]}}"}
{"op_code": 5, "worker_id": "7bcfa588-ca64-4332-ba91-3b9420ea4ba4-140520958826304", "trial_id": 5, "param_name": "degree", "param_value_internal": 0, "distribution": "{\"name\": \"CategoricalDistribution\", \"attributes\": {\"choices\": [0]}}"}
{"op_code": 8, "worker_id": "7bcfa588-ca64-4332-ba91-3b9420ea4ba4-140520958826304", "trial_id": 5, "user_attr": {"best_epoch": 19}}
{"op_code": 8, "worker_id": "7bcfa588-ca64-4332-ba91-3b9420ea4ba4-140520958826304", "trial_id": 5, "user_attr": {"test_loss": 0.44651435001160544}}
{"op_code": 6, "worker_id": "7bcfa588-ca64-4332-ba91-3b9420ea4ba4-140520958826304", "trial_id": 5, "state": 1, "values": [0.4463869235043796], "datetime_complete": "2024-08-20T13:34:57.274154"}
{"op_code": 4, "worker_id": "7bcfa588-ca64-4332-ba91-3b9420ea4ba4-140520958826304", "study_id": 0, "datetime_start": "2024-08-20T13:34:57.283104"}
{"op_code": 5, "worker_id": "7bcfa588-ca64-4332-ba91-3b9420ea4ba4-140520958826304", "trial_id": 6, "param_name": "lr", "param_value_internal": 0.000462258900102083, "distribution": "{\"name\": \"FloatDistribution\", \"attributes\": {\"step\": null, \"low\": 1e-05, \"high\": 0.001, \"log\": true}}"}
{"op_code": 5, "worker_id": "7bcfa588-ca64-4332-ba91-3b9420ea4ba4-140520958826304", "trial_id": 6, "param_name": "l2reg", "param_value_internal": 1.1526449540315595e-07, "distribution": "{\"name\": \"FloatDistribution\", \"attributes\": {\"step\": null, \"low\": 1e-08, \"high\": 0.001, \"log\": true}}"}
{"op_code": 5, "worker_id": "7bcfa588-ca64-4332-ba91-3b9420ea4ba4-140520958826304", "trial_id": 6, "param_name": "random_seed", "param_value_internal": 0, "distribution": "{\"name\": \"CategoricalDistribution\", \"attributes\": {\"choices\": [42]}}"}
{"op_code": 5, "worker_id": "7bcfa588-ca64-4332-ba91-3b9420ea4ba4-140520958826304", "trial_id": 6, "param_name": "degree", "param_value_internal": 0, "distribution": "{\"name\": \"CategoricalDistribution\", \"attributes\": {\"choices\": [0]}}"}
{"op_code": 8, "worker_id": "7bcfa588-ca64-4332-ba91-3b9420ea4ba4-140520958826304", "trial_id": 6, "user_attr": {"best_epoch": 0}}
{"op_code": 8, "worker_id": "7bcfa588-ca64-4332-ba91-3b9420ea4ba4-140520958826304", "trial_id": 6, "user_attr": {"test_loss": 0.444965795978297}}
{"op_code": 6, "worker_id": "7bcfa588-ca64-4332-ba91-3b9420ea4ba4-140520958826304", "trial_id": 6, "state": 1, "values": [0.44495609643441414], "datetime_complete": "2024-08-20T13:50:15.988554"}
{"op_code": 4, "worker_id": "7bcfa588-ca64-4332-ba91-3b9420ea4ba4-140520958826304", "study_id": 0, "datetime_start": "2024-08-20T13:50:15.998594"}
{"op_code": 5, "worker_id": "7bcfa588-ca64-4332-ba91-3b9420ea4ba4-140520958826304", "trial_id": 7, "param_name": "lr", "param_value_internal": 2.3102018878452926e-05, "distribution": "{\"name\": \"FloatDistribution\", \"attributes\": {\"step\": null, \"low\": 1e-05, \"high\": 0.001, \"log\": true}}"}
{"op_code": 5, "worker_id": "7bcfa588-ca64-4332-ba91-3b9420ea4ba4-140520958826304", "trial_id": 7, "param_name": "l2reg", "param_value_internal": 8.260808399079588e-08, "distribution": "{\"name\": \"FloatDistribution\", \"attributes\": {\"step\": null, \"low\": 1e-08, \"high\": 0.001, \"log\": true}}"}
{"op_code": 5, "worker_id": "7bcfa588-ca64-4332-ba91-3b9420ea4ba4-140520958826304", "trial_id": 7, "param_name": "random_seed", "param_value_internal": 0, "distribution": "{\"name\": \"CategoricalDistribution\", \"attributes\": {\"choices\": [42]}}"}
{"op_code": 5, "worker_id": "7bcfa588-ca64-4332-ba91-3b9420ea4ba4-140520958826304", "trial_id": 7, "param_name": "degree", "param_value_internal": 0, "distribution": "{\"name\": \"CategoricalDistribution\", \"attributes\": {\"choices\": [0]}}"}
{"op_code": 8, "worker_id": "7bcfa588-ca64-4332-ba91-3b9420ea4ba4-140520958826304", "trial_id": 7, "user_attr": {"best_epoch": 9}}
{"op_code": 8, "worker_id": "7bcfa588-ca64-4332-ba91-3b9420ea4ba4-140520958826304", "trial_id": 7, "user_attr": {"test_loss": 0.4461389550925148}}
{"op_code": 6, "worker_id": "7bcfa588-ca64-4332-ba91-3b9420ea4ba4-140520958826304", "trial_id": 7, "state": 1, "values": [0.4460199273046481], "datetime_complete": "2024-08-20T14:36:45.023724"}
{"op_code": 4, "worker_id": "7bcfa588-ca64-4332-ba91-3b9420ea4ba4-140520958826304", "study_id": 0, "datetime_start": "2024-08-20T14:36:45.032974"}
{"op_code": 5, "worker_id": "7bcfa588-ca64-4332-ba91-3b9420ea4ba4-140520958826304", "trial_id": 8, "param_name": "lr", "param_value_internal": 4.059611610484306e-05, "distribution": "{\"name\": \"FloatDistribution\", \"attributes\": {\"step\": null, \"low\": 1e-05, \"high\": 0.001, \"log\": true}}"}
{"op_code": 5, "worker_id": "7bcfa588-ca64-4332-ba91-3b9420ea4ba4-140520958826304", "trial_id": 8, "param_name": "l2reg", "param_value_internal": 4.2051564509138674e-06, "distribution": "{\"name\": \"FloatDistribution\", \"attributes\": {\"step\": null, \"low\": 1e-08, \"high\": 0.001, \"log\": true}}"}
{"op_code": 5, "worker_id": "7bcfa588-ca64-4332-ba91-3b9420ea4ba4-140520958826304", "trial_id": 8, "param_name": "random_seed", "param_value_internal": 0, "distribution": "{\"name\": \"CategoricalDistribution\", \"attributes\": {\"choices\": [42]}}"}
{"op_code": 5, "worker_id": "7bcfa588-ca64-4332-ba91-3b9420ea4ba4-140520958826304", "trial_id": 8, "param_name": "degree", "param_value_internal": 0, "distribution": "{\"name\": \"CategoricalDistribution\", \"attributes\": {\"choices\": [0]}}"}
{"op_code": 8, "worker_id": "7bcfa588-ca64-4332-ba91-3b9420ea4ba4-140520958826304", "trial_id": 8, "user_attr": {"best_epoch": 5}}
{"op_code": 8, "worker_id": "7bcfa588-ca64-4332-ba91-3b9420ea4ba4-140520958826304", "trial_id": 8, "user_attr": {"test_loss": 0.4457394549113072}}
{"op_code": 6, "worker_id": "7bcfa588-ca64-4332-ba91-3b9420ea4ba4-140520958826304", "trial_id": 8, "state": 1, "values": [0.44564900445645517], "datetime_complete": "2024-08-20T15:09:25.086645"}
{"op_code": 4, "worker_id": "7bcfa588-ca64-4332-ba91-3b9420ea4ba4-140520958826304", "study_id": 0, "datetime_start": "2024-08-20T15:09:25.097084"}
{"op_code": 5, "worker_id": "7bcfa588-ca64-4332-ba91-3b9420ea4ba4-140520958826304", "trial_id": 9, "param_name": "lr", "param_value_internal": 7.309539835912905e-05, "distribution": "{\"name\": \"FloatDistribution\", \"attributes\": {\"step\": null, \"low\": 1e-05, \"high\": 0.001, \"log\": true}}"}
{"op_code": 5, "worker_id": "7bcfa588-ca64-4332-ba91-3b9420ea4ba4-140520958826304", "trial_id": 9, "param_name": "l2reg", "param_value_internal": 2.8585493941961875e-07, "distribution": "{\"name\": \"FloatDistribution\", \"attributes\": {\"step\": null, \"low\": 1e-08, \"high\": 0.001, \"log\": true}}"}
{"op_code": 5, "worker_id": "7bcfa588-ca64-4332-ba91-3b9420ea4ba4-140520958826304", "trial_id": 9, "param_name": "random_seed", "param_value_internal": 0, "distribution": "{\"name\": \"CategoricalDistribution\", \"attributes\": {\"choices\": [42]}}"}
{"op_code": 5, "worker_id": "7bcfa588-ca64-4332-ba91-3b9420ea4ba4-140520958826304", "trial_id": 9, "param_name": "degree", "param_value_internal": 0, "distribution": "{\"name\": \"CategoricalDistribution\", \"attributes\": {\"choices\": [0]}}"}
{"op_code": 8, "worker_id": "7bcfa588-ca64-4332-ba91-3b9420ea4ba4-140520958826304", "trial_id": 9, "user_attr": {"best_epoch": 2}}
{"op_code": 8, "worker_id": "7bcfa588-ca64-4332-ba91-3b9420ea4ba4-140520958826304", "trial_id": 9, "user_attr": {"test_loss": 0.4453915465354448}}
{"op_code": 6, "worker_id": "7bcfa588-ca64-4332-ba91-3b9420ea4ba4-140520958826304", "trial_id": 9, "state": 1, "values": [0.4453058226524859], "datetime_complete": "2024-08-20T15:31:41.030327"}
{"op_code": 4, "worker_id": "7bcfa588-ca64-4332-ba91-3b9420ea4ba4-140520958826304", "study_id": 0, "datetime_start": "2024-08-20T15:31:41.043858"}
{"op_code": 5, "worker_id": "7bcfa588-ca64-4332-ba91-3b9420ea4ba4-140520958826304", "trial_id": 10, "param_name": "lr", "param_value_internal": 0.00018471184590376964, "distribution": "{\"name\": \"FloatDistribution\", \"attributes\": {\"step\": null, \"low\": 1e-05, \"high\": 0.001, \"log\": true}}"}
{"op_code": 5, "worker_id": "7bcfa588-ca64-4332-ba91-3b9420ea4ba4-140520958826304", "trial_id": 10, "param_name": "l2reg", "param_value_internal": 3.8521646942747446e-05, "distribution": "{\"name\": \"FloatDistribution\", \"attributes\": {\"step\": null, \"low\": 1e-08, \"high\": 0.001, \"log\": true}}"}
{"op_code": 5, "worker_id": "7bcfa588-ca64-4332-ba91-3b9420ea4ba4-140520958826304", "trial_id": 10, "param_name": "random_seed", "param_value_internal": 0, "distribution": "{\"name\": \"CategoricalDistribution\", \"attributes\": {\"choices\": [42]}}"}
{"op_code": 5, "worker_id": "7bcfa588-ca64-4332-ba91-3b9420ea4ba4-140520958826304", "trial_id": 10, "param_name": "degree", "param_value_internal": 0, "distribution": "{\"name\": \"CategoricalDistribution\", \"attributes\": {\"choices\": [0]}}"}
{"op_code": 8, "worker_id": "7bcfa588-ca64-4332-ba91-3b9420ea4ba4-140520958826304", "trial_id": 10, "user_attr": {"best_epoch": 1}}
{"op_code": 8, "worker_id": "7bcfa588-ca64-4332-ba91-3b9420ea4ba4-140520958826304", "trial_id": 10, "user_attr": {"test_loss": 0.4448673388895902}}
{"op_code": 6, "worker_id": "7bcfa588-ca64-4332-ba91-3b9420ea4ba4-140520958826304", "trial_id": 10, "state": 1, "values": [0.44478092428360116], "datetime_complete": "2024-08-20T15:50:29.270620"}
{"op_code": 4, "worker_id": "7bcfa588-ca64-4332-ba91-3b9420ea4ba4-140520958826304", "study_id": 0, "datetime_start": "2024-08-20T15:50:29.282462"}
{"op_code": 5, "worker_id": "7bcfa588-ca64-4332-ba91-3b9420ea4ba4-140520958826304", "trial_id": 11, "param_name": "lr", "param_value_internal": 0.00015320252245209042, "distribution": "{\"name\": \"FloatDistribution\", \"attributes\": {\"step\": null, \"low\": 1e-05, \"high\": 0.001, \"log\": true}}"}
{"op_code": 5, "worker_id": "7bcfa588-ca64-4332-ba91-3b9420ea4ba4-140520958826304", "trial_id": 11, "param_name": "l2reg", "param_value_internal": 4.011123221868182e-05, "distribution": "{\"name\": \"FloatDistribution\", \"attributes\": {\"step\": null, \"low\": 1e-08, \"high\": 0.001, \"log\": true}}"}
{"op_code": 5, "worker_id": "7bcfa588-ca64-4332-ba91-3b9420ea4ba4-140520958826304", "trial_id": 11, "param_name": "random_seed", "param_value_internal": 0, "distribution": "{\"name\": \"CategoricalDistribution\", \"attributes\": {\"choices\": [42]}}"}
{"op_code": 5, "worker_id": "7bcfa588-ca64-4332-ba91-3b9420ea4ba4-140520958826304", "trial_id": 11, "param_name": "degree", "param_value_internal": 0, "distribution": "{\"name\": \"CategoricalDistribution\", \"attributes\": {\"choices\": [0]}}"}
{"op_code": 8, "worker_id": "7bcfa588-ca64-4332-ba91-3b9420ea4ba4-140520958826304", "trial_id": 11, "user_attr": {"best_epoch": 1}}
{"op_code": 8, "worker_id": "7bcfa588-ca64-4332-ba91-3b9420ea4ba4-140520958826304", "trial_id": 11, "user_attr": {"test_loss": 0.44470783695157073}}
{"op_code": 6, "worker_id": "7bcfa588-ca64-4332-ba91-3b9420ea4ba4-140520958826304", "trial_id": 11, "state": 1, "values": [0.44459451755524537], "datetime_complete": "2024-08-20T16:09:12.670529"}
{"op_code": 4, "worker_id": "7bcfa588-ca64-4332-ba91-3b9420ea4ba4-140520958826304", "study_id": 0, "datetime_start": "2024-08-20T16:09:12.679562"}
{"op_code": 5, "worker_id": "7bcfa588-ca64-4332-ba91-3b9420ea4ba4-140520958826304", "trial_id": 12, "param_name": "lr", "param_value_internal": 0.0001458251474269136, "distribution": "{\"name\": \"FloatDistribution\", \"attributes\": {\"step\": null, \"low\": 1e-05, \"high\": 0.001, \"log\": true}}"}
{"op_code": 5, "worker_id": "7bcfa588-ca64-4332-ba91-3b9420ea4ba4-140520958826304", "trial_id": 12, "param_name": "l2reg", "param_value_internal": 4.634380861758262e-05, "distribution": "{\"name\": \"FloatDistribution\", \"attributes\": {\"step\": null, \"low\": 1e-08, \"high\": 0.001, \"log\": true}}"}
{"op_code": 5, "worker_id": "7bcfa588-ca64-4332-ba91-3b9420ea4ba4-140520958826304", "trial_id": 12, "param_name": "random_seed", "param_value_internal": 0, "distribution": "{\"name\": \"CategoricalDistribution\", \"attributes\": {\"choices\": [42]}}"}
{"op_code": 5, "worker_id": "7bcfa588-ca64-4332-ba91-3b9420ea4ba4-140520958826304", "trial_id": 12, "param_name": "degree", "param_value_internal": 0, "distribution": "{\"name\": \"CategoricalDistribution\", \"attributes\": {\"choices\": [0]}}"}
{"op_code": 8, "worker_id": "7bcfa588-ca64-4332-ba91-3b9420ea4ba4-140520958826304", "trial_id": 12, "user_attr": {"best_epoch": 1}}
{"op_code": 8, "worker_id": "7bcfa588-ca64-4332-ba91-3b9420ea4ba4-140520958826304", "trial_id": 12, "user_attr": {"test_loss": 0.44471332698864413}}
{"op_code": 6, "worker_id": "7bcfa588-ca64-4332-ba91-3b9420ea4ba4-140520958826304", "trial_id": 12, "state": 1, "values": [0.4445936813245545], "datetime_complete": "2024-08-20T16:27:54.716290"}
{"op_code": 4, "worker_id": "7bcfa588-ca64-4332-ba91-3b9420ea4ba4-140520958826304", "study_id": 0, "datetime_start": "2024-08-20T16:27:54.725585"}
{"op_code": 5, "worker_id": "7bcfa588-ca64-4332-ba91-3b9420ea4ba4-140520958826304", "trial_id": 13, "param_name": "lr", "param_value_internal": 0.0007215064248475351, "distribution": "{\"name\": \"FloatDistribution\", \"attributes\": {\"step\": null, \"low\": 1e-05, \"high\": 0.001, \"log\": true}}"}
{"op_code": 5, "worker_id": "7bcfa588-ca64-4332-ba91-3b9420ea4ba4-140520958826304", "trial_id": 13, "param_name": "l2reg", "param_value_internal": 8.51404885716151e-07, "distribution": "{\"name\": \"FloatDistribution\", \"attributes\": {\"step\": null, \"low\": 1e-08, \"high\": 0.001, \"log\": true}}"}
{"op_code": 5, "worker_id": "7bcfa588-ca64-4332-ba91-3b9420ea4ba4-140520958826304", "trial_id": 13, "param_name": "random_seed", "param_value_internal": 0, "distribution": "{\"name\": \"CategoricalDistribution\", \"attributes\": {\"choices\": [42]}}"}
{"op_code": 5, "worker_id": "7bcfa588-ca64-4332-ba91-3b9420ea4ba4-140520958826304", "trial_id": 13, "param_name": "degree", "param_value_internal": 0, "distribution": "{\"name\": \"CategoricalDistribution\", \"attributes\": {\"choices\": [0]}}"}
{"op_code": 8, "worker_id": "7bcfa588-ca64-4332-ba91-3b9420ea4ba4-140520958826304", "trial_id": 13, "user_attr": {"best_epoch": 0}}
{"op_code": 8, "worker_id": "7bcfa588-ca64-4332-ba91-3b9420ea4ba4-140520958826304", "trial_id": 13, "user_attr": {"test_loss": 0.4451338056558871}}
{"op_code": 6, "worker_id": "7bcfa588-ca64-4332-ba91-3b9420ea4ba4-140520958826304", "trial_id": 13, "state": 1, "values": [0.44512665113749916], "datetime_complete": "2024-08-20T16:43:13.755735"}
{"op_code": 4, "worker_id": "7bcfa588-ca64-4332-ba91-3b9420ea4ba4-140520958826304", "study_id": 0, "datetime_start": "2024-08-20T16:43:13.766155"}
{"op_code": 5, "worker_id": "7bcfa588-ca64-4332-ba91-3b9420ea4ba4-140520958826304", "trial_id": 14, "param_name": "lr", "param_value_internal": 0.00012448484478535553, "distribution": "{\"name\": \"FloatDistribution\", \"attributes\": {\"step\": null, \"low\": 1e-05, \"high\": 0.001, \"log\": true}}"}
{"op_code": 5, "worker_id": "7bcfa588-ca64-4332-ba91-3b9420ea4ba4-140520958826304", "trial_id": 14, "param_name": "l2reg", "param_value_internal": 1.163814228102759e-08, "distribution": "{\"name\": \"FloatDistribution\", \"attributes\": {\"step\": null, \"low\": 1e-08, \"high\": 0.001, \"log\": true}}"}
{"op_code": 5, "worker_id": "7bcfa588-ca64-4332-ba91-3b9420ea4ba4-140520958826304", "trial_id": 14, "param_name": "random_seed", "param_value_internal": 0, "distribution": "{\"name\": \"CategoricalDistribution\", \"attributes\": {\"choices\": [42]}}"}
{"op_code": 5, "worker_id": "7bcfa588-ca64-4332-ba91-3b9420ea4ba4-140520958826304", "trial_id": 14, "param_name": "degree", "param_value_internal": 0, "distribution": "{\"name\": \"CategoricalDistribution\", \"attributes\": {\"choices\": [0]}}"}
{"op_code": 8, "worker_id": "7bcfa588-ca64-4332-ba91-3b9420ea4ba4-140520958826304", "trial_id": 14, "user_attr": {"best_epoch": 1}}
{"op_code": 8, "worker_id": "7bcfa588-ca64-4332-ba91-3b9420ea4ba4-140520958826304", "trial_id": 14, "user_attr": {"test_loss": 0.44487184726440543}}
{"op_code": 6, "worker_id": "7bcfa588-ca64-4332-ba91-3b9420ea4ba4-140520958826304", "trial_id": 14, "state": 1, "values": [0.444735113384883], "datetime_complete": "2024-08-20T17:02:00.833108"}
{"op_code": 4, "worker_id": "7bcfa588-ca64-4332-ba91-3b9420ea4ba4-140520958826304", "study_id": 0, "datetime_start": "2024-08-20T17:02:00.842950"}
{"op_code": 5, "worker_id": "7bcfa588-ca64-4332-ba91-3b9420ea4ba4-140520958826304", "trial_id": 15, "param_name": "lr", "param_value_internal": 0.0002733762389478881, "distribution": "{\"name\": \"FloatDistribution\", \"attributes\": {\"step\": null, \"low\": 1e-05, \"high\": 0.001, \"log\": true}}"}
{"op_code": 5, "worker_id": "7bcfa588-ca64-4332-ba91-3b9420ea4ba4-140520958826304", "trial_id": 15, "param_name": "l2reg", "param_value_internal": 7.561219687267911e-05, "distribution": "{\"name\": \"FloatDistribution\", \"attributes\": {\"step\": null, \"low\": 1e-08, \"high\": 0.001, \"log\": true}}"}
{"op_code": 5, "worker_id": "7bcfa588-ca64-4332-ba91-3b9420ea4ba4-140520958826304", "trial_id": 15, "param_name": "random_seed", "param_value_internal": 0, "distribution": "{\"name\": \"CategoricalDistribution\", \"attributes\": {\"choices\": [42]}}"}
{"op_code": 5, "worker_id": "7bcfa588-ca64-4332-ba91-3b9420ea4ba4-140520958826304", "trial_id": 15, "param_name": "degree", "param_value_internal": 0, "distribution": "{\"name\": \"CategoricalDistribution\", \"attributes\": {\"choices\": [0]}}"}
{"op_code": 8, "worker_id": "7bcfa588-ca64-4332-ba91-3b9420ea4ba4-140520958826304", "trial_id": 15, "user_attr": {"best_epoch": 0}}
{"op_code": 8, "worker_id": "7bcfa588-ca64-4332-ba91-3b9420ea4ba4-140520958826304", "trial_id": 15, "user_attr": {"test_loss": 0.44528832656689293}}
{"op_code": 6, "worker_id": "7bcfa588-ca64-4332-ba91-3b9420ea4ba4-140520958826304", "trial_id": 15, "state": 1, "values": [0.4452340522444941], "datetime_complete": "2024-08-20T17:17:19.484225"}
{"op_code": 4, "worker_id": "7bcfa588-ca64-4332-ba91-3b9420ea4ba4-140520958826304", "study_id": 0, "datetime_start": "2024-08-20T17:17:19.497951"}
{"op_code": 5, "worker_id": "7bcfa588-ca64-4332-ba91-3b9420ea4ba4-140520958826304", "trial_id": 16, "param_name": "lr", "param_value_internal": 9.865355711626425e-05, "distribution": "{\"name\": \"FloatDistribution\", \"attributes\": {\"step\": null, \"low\": 1e-05, \"high\": 0.001, \"log\": true}}"}
{"op_code": 5, "worker_id": "7bcfa588-ca64-4332-ba91-3b9420ea4ba4-140520958826304", "trial_id": 16, "param_name": "l2reg", "param_value_internal": 1.0788386058544978e-05, "distribution": "{\"name\": \"FloatDistribution\", \"attributes\": {\"step\": null, \"low\": 1e-08, \"high\": 0.001, \"log\": true}}"}
{"op_code": 5, "worker_id": "7bcfa588-ca64-4332-ba91-3b9420ea4ba4-140520958826304", "trial_id": 16, "param_name": "random_seed", "param_value_internal": 0, "distribution": "{\"name\": \"CategoricalDistribution\", \"attributes\": {\"choices\": [42]}}"}
{"op_code": 5, "worker_id": "7bcfa588-ca64-4332-ba91-3b9420ea4ba4-140520958826304", "trial_id": 16, "param_name": "degree", "param_value_internal": 0, "distribution": "{\"name\": \"CategoricalDistribution\", \"attributes\": {\"choices\": [0]}}"}
{"op_code": 8, "worker_id": "7bcfa588-ca64-4332-ba91-3b9420ea4ba4-140520958826304", "trial_id": 16, "user_attr": {"best_epoch": 2}}
{"op_code": 8, "worker_id": "7bcfa588-ca64-4332-ba91-3b9420ea4ba4-140520958826304", "trial_id": 16, "user_attr": {"test_loss": 0.4452688023953141}}
{"op_code": 6, "worker_id": "7bcfa588-ca64-4332-ba91-3b9420ea4ba4-140520958826304", "trial_id": 16, "state": 1, "values": [0.44521125586870336], "datetime_complete": "2024-08-20T17:39:28.538304"}
{"op_code": 4, "worker_id": "7bcfa588-ca64-4332-ba91-3b9420ea4ba4-140520958826304", "study_id": 0, "datetime_start": "2024-08-20T17:39:28.546681"}
{"op_code": 5, "worker_id": "7bcfa588-ca64-4332-ba91-3b9420ea4ba4-140520958826304", "trial_id": 17, "param_name": "lr", "param_value_internal": 0.0009084876849999085, "distribution": "{\"name\": \"FloatDistribution\", \"attributes\": {\"step\": null, \"low\": 1e-05, \"high\": 0.001, \"log\": true}}"}
{"op_code": 5, "worker_id": "7bcfa588-ca64-4332-ba91-3b9420ea4ba4-140520958826304", "trial_id": 17, "param_name": "l2reg", "param_value_internal": 0.00012808944435729837, "distribution": "{\"name\": \"FloatDistribution\", \"attributes\": {\"step\": null, \"low\": 1e-08, \"high\": 0.001, \"log\": true}}"}
{"op_code": 5, "worker_id": "7bcfa588-ca64-4332-ba91-3b9420ea4ba4-140520958826304", "trial_id": 17, "param_name": "random_seed", "param_value_internal": 0, "distribution": "{\"name\": \"CategoricalDistribution\", \"attributes\": {\"choices\": [42]}}"}
{"op_code": 5, "worker_id": "7bcfa588-ca64-4332-ba91-3b9420ea4ba4-140520958826304", "trial_id": 17, "param_name": "degree", "param_value_internal": 0, "distribution": "{\"name\": \"CategoricalDistribution\", \"attributes\": {\"choices\": [0]}}"}
{"op_code": 8, "worker_id": "7bcfa588-ca64-4332-ba91-3b9420ea4ba4-140520958826304", "trial_id": 17, "user_attr": {"best_epoch": 0}}
{"op_code": 8, "worker_id": "7bcfa588-ca64-4332-ba91-3b9420ea4ba4-140520958826304", "trial_id": 17, "user_attr": {"test_loss": 0.4453468990816295}}
{"op_code": 6, "worker_id": "7bcfa588-ca64-4332-ba91-3b9420ea4ba4-140520958826304", "trial_id": 17, "state": 1, "values": [0.44532432880125383], "datetime_complete": "2024-08-20T17:54:42.873017"}
{"op_code": 4, "worker_id": "7bcfa588-ca64-4332-ba91-3b9420ea4ba4-140520958826304", "study_id": 0, "datetime_start": "2024-08-20T17:54:42.883983"}
{"op_code": 5, "worker_id": "7bcfa588-ca64-4332-ba91-3b9420ea4ba4-140520958826304", "trial_id": 18, "param_name": "lr", "param_value_internal": 0.0002705332129751736, "distribution": "{\"name\": \"FloatDistribution\", \"attributes\": {\"step\": null, \"low\": 1e-05, \"high\": 0.001, \"log\": true}}"}
{"op_code": 5, "worker_id": "7bcfa588-ca64-4332-ba91-3b9420ea4ba4-140520958826304", "trial_id": 18, "param_name": "l2reg", "param_value_internal": 2.1896150220570466e-06, "distribution": "{\"name\": \"FloatDistribution\", \"attributes\": {\"step\": null, \"low\": 1e-08, \"high\": 0.001, \"log\": true}}"}
{"op_code": 5, "worker_id": "7bcfa588-ca64-4332-ba91-3b9420ea4ba4-140520958826304", "trial_id": 18, "param_name": "random_seed", "param_value_internal": 0, "distribution": "{\"name\": \"CategoricalDistribution\", \"attributes\": {\"choices\": [42]}}"}
{"op_code": 5, "worker_id": "7bcfa588-ca64-4332-ba91-3b9420ea4ba4-140520958826304", "trial_id": 18, "param_name": "degree", "param_value_internal": 0, "distribution": "{\"name\": \"CategoricalDistribution\", \"attributes\": {\"choices\": [0]}}"}
{"op_code": 8, "worker_id": "7bcfa588-ca64-4332-ba91-3b9420ea4ba4-140520958826304", "trial_id": 18, "user_attr": {"best_epoch": 0}}
{"op_code": 8, "worker_id": "7bcfa588-ca64-4332-ba91-3b9420ea4ba4-140520958826304", "trial_id": 18, "user_attr": {"test_loss": 0.44530225162781417}}
{"op_code": 6, "worker_id": "7bcfa588-ca64-4332-ba91-3b9420ea4ba4-140520958826304", "trial_id": 18, "state": 1, "values": [0.4452468865677064], "datetime_complete": "2024-08-20T18:10:01.141771"}
{"op_code": 4, "worker_id": "7bcfa588-ca64-4332-ba91-3b9420ea4ba4-140520958826304", "study_id": 0, "datetime_start": "2024-08-20T18:10:01.151808"}
{"op_code": 5, "worker_id": "7bcfa588-ca64-4332-ba91-3b9420ea4ba4-140520958826304", "trial_id": 19, "param_name": "lr", "param_value_internal": 0.0004931414296689415, "distribution": "{\"name\": \"FloatDistribution\", \"attributes\": {\"step\": null, \"low\": 1e-05, \"high\": 0.001, \"log\": true}}"}
{"op_code": 5, "worker_id": "7bcfa588-ca64-4332-ba91-3b9420ea4ba4-140520958826304", "trial_id": 19, "param_name": "l2reg", "param_value_internal": 1.695439134883415e-05, "distribution": "{\"name\": \"FloatDistribution\", \"attributes\": {\"step\": null, \"low\": 1e-08, \"high\": 0.001, \"log\": true}}"}
{"op_code": 5, "worker_id": "7bcfa588-ca64-4332-ba91-3b9420ea4ba4-140520958826304", "trial_id": 19, "param_name": "random_seed", "param_value_internal": 0, "distribution": "{\"name\": \"CategoricalDistribution\", \"attributes\": {\"choices\": [42]}}"}
{"op_code": 5, "worker_id": "7bcfa588-ca64-4332-ba91-3b9420ea4ba4-140520958826304", "trial_id": 19, "param_name": "degree", "param_value_internal": 0, "distribution": "{\"name\": \"CategoricalDistribution\", \"attributes\": {\"choices\": [0]}}"}
{"op_code": 8, "worker_id": "7bcfa588-ca64-4332-ba91-3b9420ea4ba4-140520958826304", "trial_id": 19, "user_attr": {"best_epoch": 0}}
{"op_code": 8, "worker_id": "7bcfa588-ca64-4332-ba91-3b9420ea4ba4-140520958826304", "trial_id": 19, "user_attr": {"test_loss": 0.44496677764055514}}
{"op_code": 6, "worker_id": "7bcfa588-ca64-4332-ba91-3b9420ea4ba4-140520958826304", "trial_id": 19, "state": 1, "values": [0.44496176825996975], "datetime_complete": "2024-08-20T18:25:21.480810"}
{"op_code": 4, "worker_id": "7bcfa588-ca64-4332-ba91-3b9420ea4ba4-140520958826304", "study_id": 0, "datetime_start": "2024-08-20T18:25:21.489802"}
{"op_code": 5, "worker_id": "7bcfa588-ca64-4332-ba91-3b9420ea4ba4-140520958826304", "trial_id": 20, "param_name": "lr", "param_value_internal": 4.3579555677842685e-05, "distribution": "{\"name\": \"FloatDistribution\", \"attributes\": {\"step\": null, \"low\": 1e-05, \"high\": 0.001, \"log\": true}}"}
{"op_code": 5, "worker_id": "7bcfa588-ca64-4332-ba91-3b9420ea4ba4-140520958826304", "trial_id": 20, "param_name": "l2reg", "param_value_internal": 0.0002494279464885976, "distribution": "{\"name\": \"FloatDistribution\", \"attributes\": {\"step\": null, \"low\": 1e-08, \"high\": 0.001, \"log\": true}}"}
{"op_code": 5, "worker_id": "7bcfa588-ca64-4332-ba91-3b9420ea4ba4-140520958826304", "trial_id": 20, "param_name": "random_seed", "param_value_internal": 0, "distribution": "{\"name\": \"CategoricalDistribution\", \"attributes\": {\"choices\": [42]}}"}
{"op_code": 5, "worker_id": "7bcfa588-ca64-4332-ba91-3b9420ea4ba4-140520958826304", "trial_id": 20, "param_name": "degree", "param_value_internal": 0, "distribution": "{\"name\": \"CategoricalDistribution\", \"attributes\": {\"choices\": [0]}}"}
{"op_code": 8, "worker_id": "7bcfa588-ca64-4332-ba91-3b9420ea4ba4-140520958826304", "trial_id": 20, "user_attr": {"best_epoch": 4}}
{"op_code": 8, "worker_id": "7bcfa588-ca64-4332-ba91-3b9420ea4ba4-140520958826304", "trial_id": 20, "user_attr": {"test_loss": 0.4457630148055029}}
{"op_code": 6, "worker_id": "7bcfa588-ca64-4332-ba91-3b9420ea4ba4-140520958826304", "trial_id": 20, "state": 1, "values": [0.44564402343016596], "datetime_complete": "2024-08-20T18:54:20.702423"}
{"op_code": 4, "worker_id": "7bcfa588-ca64-4332-ba91-3b9420ea4ba4-140520958826304", "study_id": 0, "datetime_start": "2024-08-20T18:54:20.714796"}
{"op_code": 5, "worker_id": "7bcfa588-ca64-4332-ba91-3b9420ea4ba4-140520958826304", "trial_id": 21, "param_name": "lr", "param_value_internal": 0.00015417809361612488, "distribution": "{\"name\": \"FloatDistribution\", \"attributes\": {\"step\": null, \"low\": 1e-05, \"high\": 0.001, \"log\": true}}"}
{"op_code": 5, "worker_id": "7bcfa588-ca64-4332-ba91-3b9420ea4ba4-140520958826304", "trial_id": 21, "param_name": "l2reg", "param_value_internal": 3.923746312241624e-05, "distribution": "{\"name\": \"FloatDistribution\", \"attributes\": {\"step\": null, \"low\": 1e-08, \"high\": 0.001, \"log\": true}}"}
{"op_code": 5, "worker_id": "7bcfa588-ca64-4332-ba91-3b9420ea4ba4-140520958826304", "trial_id": 21, "param_name": "random_seed", "param_value_internal": 0, "distribution": "{\"name\": \"CategoricalDistribution\", \"attributes\": {\"choices\": [42]}}"}
{"op_code": 5, "worker_id": "7bcfa588-ca64-4332-ba91-3b9420ea4ba4-140520958826304", "trial_id": 21, "param_name": "degree", "param_value_internal": 0, "distribution": "{\"name\": \"CategoricalDistribution\", \"attributes\": {\"choices\": [0]}}"}
{"op_code": 8, "worker_id": "7bcfa588-ca64-4332-ba91-3b9420ea4ba4-140520958826304", "trial_id": 21, "user_attr": {"best_epoch": 1}}
{"op_code": 8, "worker_id": "7bcfa588-ca64-4332-ba91-3b9420ea4ba4-140520958826304", "trial_id": 21, "user_attr": {"test_loss": 0.44470838231949195}}
{"op_code": 6, "worker_id": "7bcfa588-ca64-4332-ba91-3b9420ea4ba4-140520958826304", "trial_id": 21, "state": 1, "values": [0.4445961173009149], "datetime_complete": "2024-08-20T19:12:53.277576"}
{"op_code": 4, "worker_id": "7bcfa588-ca64-4332-ba91-3b9420ea4ba4-140520958826304", "study_id": 0, "datetime_start": "2024-08-20T19:12:53.286144"}
{"op_code": 5, "worker_id": "7bcfa588-ca64-4332-ba91-3b9420ea4ba4-140520958826304", "trial_id": 22, "param_name": "lr", "param_value_internal": 9.345649089114622e-05, "distribution": "{\"name\": \"FloatDistribution\", \"attributes\": {\"step\": null, \"low\": 1e-05, \"high\": 0.001, \"log\": true}}"}
{"op_code": 5, "worker_id": "7bcfa588-ca64-4332-ba91-3b9420ea4ba4-140520958826304", "trial_id": 22, "param_name": "l2reg", "param_value_internal": 5.836089858642801e-05, "distribution": "{\"name\": \"FloatDistribution\", \"attributes\": {\"step\": null, \"low\": 1e-08, \"high\": 0.001, \"log\": true}}"}
{"op_code": 5, "worker_id": "7bcfa588-ca64-4332-ba91-3b9420ea4ba4-140520958826304", "trial_id": 22, "param_name": "random_seed", "param_value_internal": 0, "distribution": "{\"name\": \"CategoricalDistribution\", \"attributes\": {\"choices\": [42]}}"}
{"op_code": 5, "worker_id": "7bcfa588-ca64-4332-ba91-3b9420ea4ba4-140520958826304", "trial_id": 22, "param_name": "degree", "param_value_internal": 0, "distribution": "{\"name\": \"CategoricalDistribution\", \"attributes\": {\"choices\": [0]}}"}
{"op_code": 8, "worker_id": "7bcfa588-ca64-4332-ba91-3b9420ea4ba4-140520958826304", "trial_id": 22, "user_attr": {"best_epoch": 2}}
{"op_code": 8, "worker_id": "7bcfa588-ca64-4332-ba91-3b9420ea4ba4-140520958826304", "trial_id": 22, "user_attr": {"test_loss": 0.4452085210610911}}
{"op_code": 6, "worker_id": "7bcfa588-ca64-4332-ba91-3b9420ea4ba4-140520958826304", "trial_id": 22, "state": 1, "values": [0.44514512092841096], "datetime_complete": "2024-08-20T19:35:00.871689"}
{"op_code": 4, "worker_id": "7bcfa588-ca64-4332-ba91-3b9420ea4ba4-140520958826304", "study_id": 0, "datetime_start": "2024-08-20T19:35:00.880709"}
{"op_code": 5, "worker_id": "7bcfa588-ca64-4332-ba91-3b9420ea4ba4-140520958826304", "trial_id": 23, "param_name": "lr", "param_value_internal": 0.00017559913981942318, "distribution": "{\"name\": \"FloatDistribution\", \"attributes\": {\"step\": null, \"low\": 1e-05, \"high\": 0.001, \"log\": true}}"}
{"op_code": 5, "worker_id": "7bcfa588-ca64-4332-ba91-3b9420ea4ba4-140520958826304", "trial_id": 23, "param_name": "l2reg", "param_value_internal": 3.5697338776264713e-06, "distribution": "{\"name\": \"FloatDistribution\", \"attributes\": {\"step\": null, \"low\": 1e-08, \"high\": 0.001, \"log\": true}}"}
{"op_code": 5, "worker_id": "7bcfa588-ca64-4332-ba91-3b9420ea4ba4-140520958826304", "trial_id": 23, "param_name": "random_seed", "param_value_internal": 0, "distribution": "{\"name\": \"CategoricalDistribution\", \"attributes\": {\"choices\": [42]}}"}
{"op_code": 5, "worker_id": "7bcfa588-ca64-4332-ba91-3b9420ea4ba4-140520958826304", "trial_id": 23, "param_name": "degree", "param_value_internal": 0, "distribution": "{\"name\": \"CategoricalDistribution\", \"attributes\": {\"choices\": [0]}}"}
{"op_code": 8, "worker_id": "7bcfa588-ca64-4332-ba91-3b9420ea4ba4-140520958826304", "trial_id": 23, "user_attr": {"best_epoch": 1}}
{"op_code": 8, "worker_id": "7bcfa588-ca64-4332-ba91-3b9420ea4ba4-140520958826304", "trial_id": 23, "user_attr": {"test_loss": 0.44479665920700306}}
{"op_code": 6, "worker_id": "7bcfa588-ca64-4332-ba91-3b9420ea4ba4-140520958826304", "trial_id": 23, "state": 1, "values": [0.44470351840790984], "datetime_complete": "2024-08-20T19:53:41.485837"}
{"op_code": 4, "worker_id": "7bcfa588-ca64-4332-ba91-3b9420ea4ba4-140520958826304", "study_id": 0, "datetime_start": "2024-08-20T19:53:41.494526"}
{"op_code": 5, "worker_id": "7bcfa588-ca64-4332-ba91-3b9420ea4ba4-140520958826304", "trial_id": 24, "param_name": "lr", "param_value_internal": 0.00013493154309189814, "distribution": "{\"name\": \"FloatDistribution\", \"attributes\": {\"step\": null, \"low\": 1e-05, \"high\": 0.001, \"log\": true}}"}
{"op_code": 5, "worker_id": "7bcfa588-ca64-4332-ba91-3b9420ea4ba4-140520958826304", "trial_id": 24, "param_name": "l2reg", "param_value_internal": 2.0150165915947382e-05, "distribution": "{\"name\": \"FloatDistribution\", \"attributes\": {\"step\": null, \"low\": 1e-08, \"high\": 0.001, \"log\": true}}"}
{"op_code": 5, "worker_id": "7bcfa588-ca64-4332-ba91-3b9420ea4ba4-140520958826304", "trial_id": 24, "param_name": "random_seed", "param_value_internal": 0, "distribution": "{\"name\": \"CategoricalDistribution\", \"attributes\": {\"choices\": [42]}}"}
{"op_code": 5, "worker_id": "7bcfa588-ca64-4332-ba91-3b9420ea4ba4-140520958826304", "trial_id": 24, "param_name": "degree", "param_value_internal": 0, "distribution": "{\"name\": \"CategoricalDistribution\", \"attributes\": {\"choices\": [0]}}"}
{"op_code": 8, "worker_id": "7bcfa588-ca64-4332-ba91-3b9420ea4ba4-140520958826304", "trial_id": 24, "user_attr": {"best_epoch": 1}}
{"op_code": 8, "worker_id": "7bcfa588-ca64-4332-ba91-3b9420ea4ba4-140520958826304", "trial_id": 24, "user_attr": {"test_loss": 0.4447644097839296}}
{"op_code": 6, "worker_id": "7bcfa588-ca64-4332-ba91-3b9420ea4ba4-140520958826304", "trial_id": 24, "state": 1, "values": [0.44463563829052344], "datetime_complete": "2024-08-20T20:12:22.786083"}
{"op_code": 4, "worker_id": "7bcfa588-ca64-4332-ba91-3b9420ea4ba4-140520958826304", "study_id": 0, "datetime_start": "2024-08-20T20:12:22.797945"}
{"op_code": 5, "worker_id": "7bcfa588-ca64-4332-ba91-3b9420ea4ba4-140520958826304", "trial_id": 25, "param_name": "lr", "param_value_internal": 0.00022203583274197042, "distribution": "{\"name\": \"FloatDistribution\", \"attributes\": {\"step\": null, \"low\": 1e-05, \"high\": 0.001, \"log\": true}}"}
{"op_code": 5, "worker_id": "7bcfa588-ca64-4332-ba91-3b9420ea4ba4-140520958826304", "trial_id": 25, "param_name": "l2reg", "param_value_internal": 0.00018988221751931422, "distribution": "{\"name\": \"FloatDistribution\", \"attributes\": {\"step\": null, \"low\": 1e-08, \"high\": 0.001, \"log\": true}}"}
{"op_code": 5, "worker_id": "7bcfa588-ca64-4332-ba91-3b9420ea4ba4-140520958826304", "trial_id": 25, "param_name": "random_seed", "param_value_internal": 0, "distribution": "{\"name\": \"CategoricalDistribution\", \"attributes\": {\"choices\": [42]}}"}
{"op_code": 5, "worker_id": "7bcfa588-ca64-4332-ba91-3b9420ea4ba4-140520958826304", "trial_id": 25, "param_name": "degree", "param_value_internal": 0, "distribution": "{\"name\": \"CategoricalDistribution\", \"attributes\": {\"choices\": [0]}}"}
{"op_code": 8, "worker_id": "7bcfa588-ca64-4332-ba91-3b9420ea4ba4-140520958826304", "trial_id": 25, "user_attr": {"best_epoch": 1}}
{"op_code": 8, "worker_id": "7bcfa588-ca64-4332-ba91-3b9420ea4ba4-140520958826304", "trial_id": 25, "user_attr": {"test_loss": 0.44524876921367545}}
{"op_code": 6, "worker_id": "7bcfa588-ca64-4332-ba91-3b9420ea4ba4-140520958826304", "trial_id": 25, "state": 1, "values": [0.44518969566002087], "datetime_complete": "2024-08-20T20:31:07.537543"}
{"op_code": 4, "worker_id": "7bcfa588-ca64-4332-ba91-3b9420ea4ba4-140520958826304", "study_id": 0, "datetime_start": "2024-08-20T20:31:07.546789"}
{"op_code": 5, "worker_id": "7bcfa588-ca64-4332-ba91-3b9420ea4ba4-140520958826304", "trial_id": 26, "param_name": "lr", "param_value_internal": 0.0003923307133541219, "distribution": "{\"name\": \"FloatDistribution\", \"attributes\": {\"step\": null, \"low\": 1e-05, \"high\": 0.001, \"log\": true}}"}
{"op_code": 5, "worker_id": "7bcfa588-ca64-4332-ba91-3b9420ea4ba4-140520958826304", "trial_id": 26, "param_name": "l2reg", "param_value_internal": 1.0202131259001712e-06, "distribution": "{\"name\": \"FloatDistribution\", \"attributes\": {\"step\": null, \"low\": 1e-08, \"high\": 0.001, \"log\": true}}"}
{"op_code": 5, "worker_id": "7bcfa588-ca64-4332-ba91-3b9420ea4ba4-140520958826304", "trial_id": 26, "param_name": "random_seed", "param_value_internal": 0, "distribution": "{\"name\": \"CategoricalDistribution\", \"attributes\": {\"choices\": [42]}}"}
{"op_code": 5, "worker_id": "7bcfa588-ca64-4332-ba91-3b9420ea4ba4-140520958826304", "trial_id": 26, "param_name": "degree", "param_value_internal": 0, "distribution": "{\"name\": \"CategoricalDistribution\", \"attributes\": {\"choices\": [0]}}"}
{"op_code": 8, "worker_id": "7bcfa588-ca64-4332-ba91-3b9420ea4ba4-140520958826304", "trial_id": 26, "user_attr": {"best_epoch": 0}}
{"op_code": 8, "worker_id": "7bcfa588-ca64-4332-ba91-3b9420ea4ba4-140520958826304", "trial_id": 26, "user_attr": {"test_loss": 0.4449971728126965}}
{"op_code": 6, "worker_id": "7bcfa588-ca64-4332-ba91-3b9420ea4ba4-140520958826304", "trial_id": 26, "state": 1, "values": [0.4449772203488231], "datetime_complete": "2024-08-20T20:46:24.256227"}
{"op_code": 4, "worker_id": "7bcfa588-ca64-4332-ba91-3b9420ea4ba4-140520958826304", "study_id": 0, "datetime_start": "2024-08-20T20:46:24.265681"}
{"op_code": 5, "worker_id": "7bcfa588-ca64-4332-ba91-3b9420ea4ba4-140520958826304", "trial_id": 27, "param_name": "lr", "param_value_internal": 7.225176547350268e-05, "distribution": "{\"name\": \"FloatDistribution\", \"attributes\": {\"step\": null, \"low\": 1e-05, \"high\": 0.001, \"log\": true}}"}
{"op_code": 5, "worker_id": "7bcfa588-ca64-4332-ba91-3b9420ea4ba4-140520958826304", "trial_id": 27, "param_name": "l2reg", "param_value_internal": 6.770545041481762e-06, "distribution": "{\"name\": \"FloatDistribution\", \"attributes\": {\"step\": null, \"low\": 1e-08, \"high\": 0.001, \"log\": true}}"}
{"op_code": 5, "worker_id": "7bcfa588-ca64-4332-ba91-3b9420ea4ba4-140520958826304", "trial_id": 27, "param_name": "random_seed", "param_value_internal": 0, "distribution": "{\"name\": \"CategoricalDistribution\", \"attributes\": {\"choices\": [42]}}"}
{"op_code": 5, "worker_id": "7bcfa588-ca64-4332-ba91-3b9420ea4ba4-140520958826304", "trial_id": 27, "param_name": "degree", "param_value_internal": 0, "distribution": "{\"name\": \"CategoricalDistribution\", \"attributes\": {\"choices\": [0]}}"}
{"op_code": 8, "worker_id": "7bcfa588-ca64-4332-ba91-3b9420ea4ba4-140520958826304", "trial_id": 27, "user_attr": {"best_epoch": 2}}
{"op_code": 8, "worker_id": "7bcfa588-ca64-4332-ba91-3b9420ea4ba4-140520958826304", "trial_id": 27, "user_attr": {"test_loss": 0.445418051416415}}
{"op_code": 6, "worker_id": "7bcfa588-ca64-4332-ba91-3b9420ea4ba4-140520958826304", "trial_id": 27, "state": 1, "values": [0.44533141858319836], "datetime_complete": "2024-08-20T21:08:36.294753"}
{"op_code": 4, "worker_id": "7bcfa588-ca64-4332-ba91-3b9420ea4ba4-140520958826304", "study_id": 0, "datetime_start": "2024-08-20T21:08:36.307016"}
{"op_code": 5, "worker_id": "7bcfa588-ca64-4332-ba91-3b9420ea4ba4-140520958826304", "trial_id": 28, "param_name": "lr", "param_value_internal": 0.00011230288134827879, "distribution": "{\"name\": \"FloatDistribution\", \"attributes\": {\"step\": null, \"low\": 1e-05, \"high\": 0.001, \"log\": true}}"}
{"op_code": 5, "worker_id": "7bcfa588-ca64-4332-ba91-3b9420ea4ba4-140520958826304", "trial_id": 28, "param_name": "l2reg", "param_value_internal": 8.362676617873525e-05, "distribution": "{\"name\": \"FloatDistribution\", \"attributes\": {\"step\": null, \"low\": 1e-08, \"high\": 0.001, \"log\": true}}"}
{"op_code": 5, "worker_id": "7bcfa588-ca64-4332-ba91-3b9420ea4ba4-140520958826304", "trial_id": 28, "param_name": "random_seed", "param_value_internal": 0, "distribution": "{\"name\": \"CategoricalDistribution\", \"attributes\": {\"choices\": [42]}}"}
{"op_code": 5, "worker_id": "7bcfa588-ca64-4332-ba91-3b9420ea4ba4-140520958826304", "trial_id": 28, "param_name": "degree", "param_value_internal": 0, "distribution": "{\"name\": \"CategoricalDistribution\", \"attributes\": {\"choices\": [0]}}"}
{"op_code": 8, "worker_id": "7bcfa588-ca64-4332-ba91-3b9420ea4ba4-140520958826304", "trial_id": 28, "user_attr": {"best_epoch": 1}}
{"op_code": 8, "worker_id": "7bcfa588-ca64-4332-ba91-3b9420ea4ba4-140520958826304", "trial_id": 28, "user_attr": {"test_loss": 0.44508832197125925}}
{"op_code": 6, "worker_id": "7bcfa588-ca64-4332-ba91-3b9420ea4ba4-140520958826304", "trial_id": 28, "state": 1, "values": [0.4449447891411591], "datetime_complete": "2024-08-20T21:27:27.978774"}
{"op_code": 4, "worker_id": "7bcfa588-ca64-4332-ba91-3b9420ea4ba4-140520958826304", "study_id": 0, "datetime_start": "2024-08-20T21:27:27.988206"}
{"op_code": 5, "worker_id": "7bcfa588-ca64-4332-ba91-3b9420ea4ba4-140520958826304", "trial_id": 29, "param_name": "lr", "param_value_internal": 6.229282838561071e-05, "distribution": "{\"name\": \"FloatDistribution\", \"attributes\": {\"step\": null, \"low\": 1e-05, \"high\": 0.001, \"log\": true}}"}
{"op_code": 5, "worker_id": "7bcfa588-ca64-4332-ba91-3b9420ea4ba4-140520958826304", "trial_id": 29, "param_name": "l2reg", "param_value_internal": 0.0009540429782146586, "distribution": "{\"name\": \"FloatDistribution\", \"attributes\": {\"step\": null, \"low\": 1e-08, \"high\": 0.001, \"log\": true}}"}
{"op_code": 5, "worker_id": "7bcfa588-ca64-4332-ba91-3b9420ea4ba4-140520958826304", "trial_id": 29, "param_name": "random_seed", "param_value_internal": 0, "distribution": "{\"name\": \"CategoricalDistribution\", \"attributes\": {\"choices\": [42]}}"}
{"op_code": 5, "worker_id": "7bcfa588-ca64-4332-ba91-3b9420ea4ba4-140520958826304", "trial_id": 29, "param_name": "degree", "param_value_internal": 0, "distribution": "{\"name\": \"CategoricalDistribution\", \"attributes\": {\"choices\": [0]}}"}
{"op_code": 8, "worker_id": "7bcfa588-ca64-4332-ba91-3b9420ea4ba4-140520958826304", "trial_id": 29, "user_attr": {"best_epoch": 3}}
{"op_code": 8, "worker_id": "7bcfa588-ca64-4332-ba91-3b9420ea4ba4-140520958826304", "trial_id": 29, "user_attr": {"test_loss": 0.44532508436478163}}
{"op_code": 6, "worker_id": "7bcfa588-ca64-4332-ba91-3b9420ea4ba4-140520958826304", "trial_id": 29, "state": 1, "values": [0.4452082018087888], "datetime_complete": "2024-08-20T21:53:08.097937"}
{"op_code": 4, "worker_id": "7bcfa588-ca64-4332-ba91-3b9420ea4ba4-140520958826304", "study_id": 0, "datetime_start": "2024-08-20T21:53:08.108934"}
{"op_code": 5, "worker_id": "7bcfa588-ca64-4332-ba91-3b9420ea4ba4-140520958826304", "trial_id": 30, "param_name": "lr", "param_value_internal": 4.435624831498986e-05, "distribution": "{\"name\": \"FloatDistribution\", \"attributes\": {\"step\": null, \"low\": 1e-05, \"high\": 0.001, \"log\": true}}"}
{"op_code": 5, "worker_id": "7bcfa588-ca64-4332-ba91-3b9420ea4ba4-140520958826304", "trial_id": 30, "param_name": "l2reg", "param_value_internal": 0.00039465176867896844, "distribution": "{\"name\": \"FloatDistribution\", \"attributes\": {\"step\": null, \"low\": 1e-08, \"high\": 0.001, \"log\": true}}"}
{"op_code": 5, "worker_id": "7bcfa588-ca64-4332-ba91-3b9420ea4ba4-140520958826304", "trial_id": 30, "param_name": "random_seed", "param_value_internal": 0, "distribution": "{\"name\": \"CategoricalDistribution\", \"attributes\": {\"choices\": [42]}}"}
{"op_code": 5, "worker_id": "7bcfa588-ca64-4332-ba91-3b9420ea4ba4-140520958826304", "trial_id": 30, "param_name": "degree", "param_value_internal": 0, "distribution": "{\"name\": \"CategoricalDistribution\", \"attributes\": {\"choices\": [0]}}"}
{"op_code": 8, "worker_id": "7bcfa588-ca64-4332-ba91-3b9420ea4ba4-140520958826304", "trial_id": 30, "user_attr": {"best_epoch": 4}}
{"op_code": 8, "worker_id": "7bcfa588-ca64-4332-ba91-3b9420ea4ba4-140520958826304", "trial_id": 30, "user_attr": {"test_loss": 0.44572858391074466}}
{"op_code": 6, "worker_id": "7bcfa588-ca64-4332-ba91-3b9420ea4ba4-140520958826304", "trial_id": 30, "state": 1, "values": [0.4456112286439407], "datetime_complete": "2024-08-20T22:22:09.753302"}
{"op_code": 4, "worker_id": "7bcfa588-ca64-4332-ba91-3b9420ea4ba4-140520958826304", "study_id": 0, "datetime_start": "2024-08-20T22:22:09.766221"}
{"op_code": 5, "worker_id": "7bcfa588-ca64-4332-ba91-3b9420ea4ba4-140520958826304", "trial_id": 31, "param_name": "lr", "param_value_internal": 0.00015761829196766328, "distribution": "{\"name\": \"FloatDistribution\", \"attributes\": {\"step\": null, \"low\": 1e-05, \"high\": 0.001, \"log\": true}}"}
{"op_code": 5, "worker_id": "7bcfa588-ca64-4332-ba91-3b9420ea4ba4-140520958826304", "trial_id": 31, "param_name": "l2reg", "param_value_internal": 3.9882198165608416e-05, "distribution": "{\"name\": \"FloatDistribution\", \"attributes\": {\"step\": null, \"low\": 1e-08, \"high\": 0.001, \"log\": true}}"}
{"op_code": 5, "worker_id": "7bcfa588-ca64-4332-ba91-3b9420ea4ba4-140520958826304", "trial_id": 31, "param_name": "random_seed", "param_value_internal": 0, "distribution": "{\"name\": \"CategoricalDistribution\", \"attributes\": {\"choices\": [42]}}"}
{"op_code": 5, "worker_id": "7bcfa588-ca64-4332-ba91-3b9420ea4ba4-140520958826304", "trial_id": 31, "param_name": "degree", "param_value_internal": 0, "distribution": "{\"name\": \"CategoricalDistribution\", \"attributes\": {\"choices\": [0]}}"}
{"op_code": 8, "worker_id": "7bcfa588-ca64-4332-ba91-3b9420ea4ba4-140520958826304", "trial_id": 31, "user_attr": {"best_epoch": 1}}
{"op_code": 8, "worker_id": "7bcfa588-ca64-4332-ba91-3b9420ea4ba4-140520958826304", "trial_id": 31, "user_attr": {"test_loss": 0.4447133633465055}}
{"op_code": 6, "worker_id": "7bcfa588-ca64-4332-ba91-3b9420ea4ba4-140520958826304", "trial_id": 31, "state": 1, "values": [0.4446047704706728], "datetime_complete": "2024-08-20T22:40:58.866040"}
{"op_code": 4, "worker_id": "7bcfa588-ca64-4332-ba91-3b9420ea4ba4-140520958826304", "study_id": 0, "datetime_start": "2024-08-20T22:40:58.875250"}
{"op_code": 5, "worker_id": "7bcfa588-ca64-4332-ba91-3b9420ea4ba4-140520958826304", "trial_id": 32, "param_name": "lr", "param_value_internal": 0.0003416482031254812, "distribution": "{\"name\": \"FloatDistribution\", \"attributes\": {\"step\": null, \"low\": 1e-05, \"high\": 0.001, \"log\": true}}"}
{"op_code": 5, "worker_id": "7bcfa588-ca64-4332-ba91-3b9420ea4ba4-140520958826304", "trial_id": 32, "param_name": "l2reg", "param_value_internal": 2.488009151435151e-05, "distribution": "{\"name\": \"FloatDistribution\", \"attributes\": {\"step\": null, \"low\": 1e-08, \"high\": 0.001, \"log\": true}}"}
{"op_code": 5, "worker_id": "7bcfa588-ca64-4332-ba91-3b9420ea4ba4-140520958826304", "trial_id": 32, "param_name": "random_seed", "param_value_internal": 0, "distribution": "{\"name\": \"CategoricalDistribution\", \"attributes\": {\"choices\": [42]}}"}
{"op_code": 5, "worker_id": "7bcfa588-ca64-4332-ba91-3b9420ea4ba4-140520958826304", "trial_id": 32, "param_name": "degree", "param_value_internal": 0, "distribution": "{\"name\": \"CategoricalDistribution\", \"attributes\": {\"choices\": [0]}}"}
{"op_code": 8, "worker_id": "7bcfa588-ca64-4332-ba91-3b9420ea4ba4-140520958826304", "trial_id": 32, "user_attr": {"best_epoch": 0}}
{"op_code": 8, "worker_id": "7bcfa588-ca64-4332-ba91-3b9420ea4ba4-140520958826304", "trial_id": 32, "user_attr": {"test_loss": 0.445063307762607}}
{"op_code": 6, "worker_id": "7bcfa588-ca64-4332-ba91-3b9420ea4ba4-140520958826304", "trial_id": 32, "state": 1, "values": [0.4450324479322778], "datetime_complete": "2024-08-20T22:56:15.105176"}
{"op_code": 4, "worker_id": "7bcfa588-ca64-4332-ba91-3b9420ea4ba4-140520958826304", "study_id": 0, "datetime_start": "2024-08-20T22:56:15.114998"}
{"op_code": 5, "worker_id": "7bcfa588-ca64-4332-ba91-3b9420ea4ba4-140520958826304", "trial_id": 33, "param_name": "lr", "param_value_internal": 0.00021745218198956202, "distribution": "{\"name\": \"FloatDistribution\", \"attributes\": {\"step\": null, \"low\": 1e-05, \"high\": 0.001, \"log\": true}}"}
{"op_code": 5, "worker_id": "7bcfa588-ca64-4332-ba91-3b9420ea4ba4-140520958826304", "trial_id": 33, "param_name": "l2reg", "param_value_internal": 1.0384468537604916e-05, "distribution": "{\"name\": \"FloatDistribution\", \"attributes\": {\"step\": null, \"low\": 1e-08, \"high\": 0.001, \"log\": true}}"}
{"op_code": 5, "worker_id": "7bcfa588-ca64-4332-ba91-3b9420ea4ba4-140520958826304", "trial_id": 33, "param_name": "random_seed", "param_value_internal": 0, "distribution": "{\"name\": \"CategoricalDistribution\", \"attributes\": {\"choices\": [42]}}"}
{"op_code": 5, "worker_id": "7bcfa588-ca64-4332-ba91-3b9420ea4ba4-140520958826304", "trial_id": 33, "param_name": "degree", "param_value_internal": 0, "distribution": "{\"name\": \"CategoricalDistribution\", \"attributes\": {\"choices\": [0]}}"}
{"op_code": 8, "worker_id": "7bcfa588-ca64-4332-ba91-3b9420ea4ba4-140520958826304", "trial_id": 33, "user_attr": {"best_epoch": 1}}
{"op_code": 8, "worker_id": "7bcfa588-ca64-4332-ba91-3b9420ea4ba4-140520958826304", "trial_id": 33, "user_attr": {"test_loss": 0.4452163380012949}}
{"op_code": 6, "worker_id": "7bcfa588-ca64-4332-ba91-3b9420ea4ba4-140520958826304", "trial_id": 33, "state": 1, "values": [0.44515406496101784], "datetime_complete": "2024-08-20T23:15:00.332061"}
{"op_code": 4, "worker_id": "7bcfa588-ca64-4332-ba91-3b9420ea4ba4-140520958826304", "study_id": 0, "datetime_start": "2024-08-20T23:15:00.360217"}
{"op_code": 5, "worker_id": "7bcfa588-ca64-4332-ba91-3b9420ea4ba4-140520958826304", "trial_id": 34, "param_name": "lr", "param_value_internal": 0.00014080453711684497, "distribution": "{\"name\": \"FloatDistribution\", \"attributes\": {\"step\": null, \"low\": 1e-05, \"high\": 0.001, \"log\": true}}"}
{"op_code": 5, "worker_id": "7bcfa588-ca64-4332-ba91-3b9420ea4ba4-140520958826304", "trial_id": 34, "param_name": "l2reg", "param_value_internal": 5.105111825879921e-05, "distribution": "{\"name\": \"FloatDistribution\", \"attributes\": {\"step\": null, \"low\": 1e-08, \"high\": 0.001, \"log\": true}}"}
{"op_code": 5, "worker_id": "7bcfa588-ca64-4332-ba91-3b9420ea4ba4-140520958826304", "trial_id": 34, "param_name": "random_seed", "param_value_internal": 0, "distribution": "{\"name\": \"CategoricalDistribution\", \"attributes\": {\"choices\": [42]}}"}
{"op_code": 5, "worker_id": "7bcfa588-ca64-4332-ba91-3b9420ea4ba4-140520958826304", "trial_id": 34, "param_name": "degree", "param_value_internal": 0, "distribution": "{\"name\": \"CategoricalDistribution\", \"attributes\": {\"choices\": [0]}}"}
{"op_code": 8, "worker_id": "7bcfa588-ca64-4332-ba91-3b9420ea4ba4-140520958826304", "trial_id": 34, "user_attr": {"best_epoch": 1}}
{"op_code": 8, "worker_id": "7bcfa588-ca64-4332-ba91-3b9420ea4ba4-140520958826304", "trial_id": 34, "user_attr": {"test_loss": 0.4447306696885382}}
{"op_code": 6, "worker_id": "7bcfa588-ca64-4332-ba91-3b9420ea4ba4-140520958826304", "trial_id": 34, "state": 1, "values": [0.4446060066377811], "datetime_complete": "2024-08-20T23:33:45.910224"}
{"op_code": 4, "worker_id": "7bcfa588-ca64-4332-ba91-3b9420ea4ba4-140520958826304", "study_id": 0, "datetime_start": "2024-08-20T23:33:45.921870"}
{"op_code": 5, "worker_id": "7bcfa588-ca64-4332-ba91-3b9420ea4ba4-140520958826304", "trial_id": 35, "param_name": "lr", "param_value_internal": 9.486145868106547e-05, "distribution": "{\"name\": \"FloatDistribution\", \"attributes\": {\"step\": null, \"low\": 1e-05, \"high\": 0.001, \"log\": true}}"}
{"op_code": 5, "worker_id": "7bcfa588-ca64-4332-ba91-3b9420ea4ba4-140520958826304", "trial_id": 35, "param_name": "l2reg", "param_value_internal": 0.00011531757620151002, "distribution": "{\"name\": \"FloatDistribution\", \"attributes\": {\"step\": null, \"low\": 1e-08, \"high\": 0.001, \"log\": true}}"}
{"op_code": 5, "worker_id": "7bcfa588-ca64-4332-ba91-3b9420ea4ba4-140520958826304", "trial_id": 35, "param_name": "random_seed", "param_value_internal": 0, "distribution": "{\"name\": \"CategoricalDistribution\", \"attributes\": {\"choices\": [42]}}"}
{"op_code": 5, "worker_id": "7bcfa588-ca64-4332-ba91-3b9420ea4ba4-140520958826304", "trial_id": 35, "param_name": "degree", "param_value_internal": 0, "distribution": "{\"name\": \"CategoricalDistribution\", \"attributes\": {\"choices\": [0]}}"}
{"op_code": 8, "worker_id": "7bcfa588-ca64-4332-ba91-3b9420ea4ba4-140520958826304", "trial_id": 35, "user_attr": {"best_epoch": 2}}
{"op_code": 8, "worker_id": "7bcfa588-ca64-4332-ba91-3b9420ea4ba4-140520958826304", "trial_id": 35, "user_attr": {"test_loss": 0.4452210281654172}}
{"op_code": 6, "worker_id": "7bcfa588-ca64-4332-ba91-3b9420ea4ba4-140520958826304", "trial_id": 35, "state": 1, "values": [0.44515951863943665], "datetime_complete": "2024-08-20T23:55:53.116542"}
{"op_code": 4, "worker_id": "7bcfa588-ca64-4332-ba91-3b9420ea4ba4-140520958826304", "study_id": 0, "datetime_start": "2024-08-20T23:55:53.125441"}
{"op_code": 5, "worker_id": "7bcfa588-ca64-4332-ba91-3b9420ea4ba4-140520958826304", "trial_id": 36, "param_name": "lr", "param_value_internal": 0.0002193260843592441, "distribution": "{\"name\": \"FloatDistribution\", \"attributes\": {\"step\": null, \"low\": 1e-05, \"high\": 0.001, \"log\": true}}"}
{"op_code": 5, "worker_id": "7bcfa588-ca64-4332-ba91-3b9420ea4ba4-140520958826304", "trial_id": 36, "param_name": "l2reg", "param_value_internal": 0.0003794900519694475, "distribution": "{\"name\": \"FloatDistribution\", \"attributes\": {\"step\": null, \"low\": 1e-08, \"high\": 0.001, \"log\": true}}"}
{"op_code": 5, "worker_id": "7bcfa588-ca64-4332-ba91-3b9420ea4ba4-140520958826304", "trial_id": 36, "param_name": "random_seed", "param_value_internal": 0, "distribution": "{\"name\": \"CategoricalDistribution\", \"attributes\": {\"choices\": [42]}}"}
{"op_code": 5, "worker_id": "7bcfa588-ca64-4332-ba91-3b9420ea4ba4-140520958826304", "trial_id": 36, "param_name": "degree", "param_value_internal": 0, "distribution": "{\"name\": \"CategoricalDistribution\", \"attributes\": {\"choices\": [0]}}"}
{"op_code": 8, "worker_id": "7bcfa588-ca64-4332-ba91-3b9420ea4ba4-140520958826304", "trial_id": 36, "user_attr": {"best_epoch": 1}}
{"op_code": 8, "worker_id": "7bcfa588-ca64-4332-ba91-3b9420ea4ba4-140520958826304", "trial_id": 36, "user_attr": {"test_loss": 0.44521590170695796}}
{"op_code": 6, "worker_id": "7bcfa588-ca64-4332-ba91-3b9420ea4ba4-140520958826304", "trial_id": 36, "state": 1, "values": [0.4451543194660107], "datetime_complete": "2024-08-21T00:14:33.340337"}
{"op_code": 4, "worker_id": "7bcfa588-ca64-4332-ba91-3b9420ea4ba4-140520958826304", "study_id": 0, "datetime_start": "2024-08-21T00:14:33.370650"}
{"op_code": 5, "worker_id": "7bcfa588-ca64-4332-ba91-3b9420ea4ba4-140520958826304", "trial_id": 37, "param_name": "lr", "param_value_internal": 0.00015037693986434577, "distribution": "{\"name\": \"FloatDistribution\", \"attributes\": {\"step\": null, \"low\": 1e-05, \"high\": 0.001, \"log\": true}}"}
{"op_code": 5, "worker_id": "7bcfa588-ca64-4332-ba91-3b9420ea4ba4-140520958826304", "trial_id": 37, "param_name": "l2reg", "param_value_internal": 1.6790496184261437e-05, "distribution": "{\"name\": \"FloatDistribution\", \"attributes\": {\"step\": null, \"low\": 1e-08, \"high\": 0.001, \"log\": true}}"}
{"op_code": 5, "worker_id": "7bcfa588-ca64-4332-ba91-3b9420ea4ba4-140520958826304", "trial_id": 37, "param_name": "random_seed", "param_value_internal": 0, "distribution": "{\"name\": \"CategoricalDistribution\", \"attributes\": {\"choices\": [42]}}"}
{"op_code": 5, "worker_id": "7bcfa588-ca64-4332-ba91-3b9420ea4ba4-140520958826304", "trial_id": 37, "param_name": "degree", "param_value_internal": 0, "distribution": "{\"name\": \"CategoricalDistribution\", \"attributes\": {\"choices\": [0]}}"}
{"op_code": 8, "worker_id": "7bcfa588-ca64-4332-ba91-3b9420ea4ba4-140520958826304", "trial_id": 37, "user_attr": {"best_epoch": 1}}
{"op_code": 8, "worker_id": "7bcfa588-ca64-4332-ba91-3b9420ea4ba4-140520958826304", "trial_id": 37, "user_attr": {"test_loss": 0.44470710979434247}}
{"op_code": 6, "worker_id": "7bcfa588-ca64-4332-ba91-3b9420ea4ba4-140520958826304", "trial_id": 37, "state": 1, "values": [0.4445916816424676], "datetime_complete": "2024-08-21T00:33:17.922800"}
{"op_code": 4, "worker_id": "7bcfa588-ca64-4332-ba91-3b9420ea4ba4-140520958826304", "study_id": 0, "datetime_start": "2024-08-21T00:33:17.931732"}
{"op_code": 5, "worker_id": "7bcfa588-ca64-4332-ba91-3b9420ea4ba4-140520958826304", "trial_id": 38, "param_name": "lr", "param_value_internal": 8.617335311319147e-05, "distribution": "{\"name\": \"FloatDistribution\", \"attributes\": {\"step\": null, \"low\": 1e-05, \"high\": 0.001, \"log\": true}}"}
{"op_code": 5, "worker_id": "7bcfa588-ca64-4332-ba91-3b9420ea4ba4-140520958826304", "trial_id": 38, "param_name": "l2reg", "param_value_internal": 1.618203641824386e-05, "distribution": "{\"name\": \"FloatDistribution\", \"attributes\": {\"step\": null, \"low\": 1e-08, \"high\": 0.001, \"log\": true}}"}
{"op_code": 5, "worker_id": "7bcfa588-ca64-4332-ba91-3b9420ea4ba4-140520958826304", "trial_id": 38, "param_name": "random_seed", "param_value_internal": 0, "distribution": "{\"name\": \"CategoricalDistribution\", \"attributes\": {\"choices\": [42]}}"}
{"op_code": 5, "worker_id": "7bcfa588-ca64-4332-ba91-3b9420ea4ba4-140520958826304", "trial_id": 38, "param_name": "degree", "param_value_internal": 0, "distribution": "{\"name\": \"CategoricalDistribution\", \"attributes\": {\"choices\": [0]}}"}
{"op_code": 8, "worker_id": "7bcfa588-ca64-4332-ba91-3b9420ea4ba4-140520958826304", "trial_id": 38, "user_attr": {"best_epoch": 2}}
{"op_code": 8, "worker_id": "7bcfa588-ca64-4332-ba91-3b9420ea4ba4-140520958826304", "trial_id": 38, "user_attr": {"test_loss": 0.44518714263858017}}
{"op_code": 6, "worker_id": "7bcfa588-ca64-4332-ba91-3b9420ea4ba4-140520958826304", "trial_id": 38, "state": 1, "values": [0.44511567106494926], "datetime_complete": "2024-08-21T00:55:29.463798"}
{"op_code": 4, "worker_id": "7bcfa588-ca64-4332-ba91-3b9420ea4ba4-140520958826304", "study_id": 0, "datetime_start": "2024-08-21T00:55:29.474934"}
{"op_code": 5, "worker_id": "7bcfa588-ca64-4332-ba91-3b9420ea4ba4-140520958826304", "trial_id": 39, "param_name": "lr", "param_value_internal": 2.595842695523268e-05, "distribution": "{\"name\": \"FloatDistribution\", \"attributes\": {\"step\": null, \"low\": 1e-05, \"high\": 0.001, \"log\": true}}"}
{"op_code": 5, "worker_id": "7bcfa588-ca64-4332-ba91-3b9420ea4ba4-140520958826304", "trial_id": 39, "param_name": "l2reg", "param_value_internal": 6.657779696519755e-06, "distribution": "{\"name\": \"FloatDistribution\", \"attributes\": {\"step\": null, \"low\": 1e-08, \"high\": 0.001, \"log\": true}}"}
{"op_code": 5, "worker_id": "7bcfa588-ca64-4332-ba91-3b9420ea4ba4-140520958826304", "trial_id": 39, "param_name": "random_seed", "param_value_internal": 0, "distribution": "{\"name\": \"CategoricalDistribution\", \"attributes\": {\"choices\": [42]}}"}
{"op_code": 5, "worker_id": "7bcfa588-ca64-4332-ba91-3b9420ea4ba4-140520958826304", "trial_id": 39, "param_name": "degree", "param_value_internal": 0, "distribution": "{\"name\": \"CategoricalDistribution\", \"attributes\": {\"choices\": [0]}}"}
{"op_code": 8, "worker_id": "7bcfa588-ca64-4332-ba91-3b9420ea4ba4-140520958826304", "trial_id": 39, "user_attr": {"best_epoch": 8}}
{"op_code": 8, "worker_id": "7bcfa588-ca64-4332-ba91-3b9420ea4ba4-140520958826304", "trial_id": 39, "user_attr": {"test_loss": 0.44606224000493305}}
{"op_code": 6, "worker_id": "7bcfa588-ca64-4332-ba91-3b9420ea4ba4-140520958826304", "trial_id": 39, "state": 1, "values": [0.4459218701666775], "datetime_complete": "2024-08-21T01:38:27.920422"}
{"op_code": 4, "worker_id": "7bcfa588-ca64-4332-ba91-3b9420ea4ba4-140520958826304", "study_id": 0, "datetime_start": "2024-08-21T01:38:27.929617"}
{"op_code": 5, "worker_id": "7bcfa588-ca64-4332-ba91-3b9420ea4ba4-140520958826304", "trial_id": 40, "param_name": "lr", "param_value_internal": 0.00032537721305191477, "distribution": "{\"name\": \"FloatDistribution\", \"attributes\": {\"step\": null, \"low\": 1e-05, \"high\": 0.001, \"log\": true}}"}
{"op_code": 5, "worker_id": "7bcfa588-ca64-4332-ba91-3b9420ea4ba4-140520958826304", "trial_id": 40, "param_name": "l2reg", "param_value_internal": 0.0001623097493870444, "distribution": "{\"name\": \"FloatDistribution\", \"attributes\": {\"step\": null, \"low\": 1e-08, \"high\": 0.001, \"log\": true}}"}
{"op_code": 5, "worker_id": "7bcfa588-ca64-4332-ba91-3b9420ea4ba4-140520958826304", "trial_id": 40, "param_name": "random_seed", "param_value_internal": 0, "distribution": "{\"name\": \"CategoricalDistribution\", \"attributes\": {\"choices\": [42]}}"}
{"op_code": 5, "worker_id": "7bcfa588-ca64-4332-ba91-3b9420ea4ba4-140520958826304", "trial_id": 40, "param_name": "degree", "param_value_internal": 0, "distribution": "{\"name\": \"CategoricalDistribution\", \"attributes\": {\"choices\": [0]}}"}
{"op_code": 8, "worker_id": "7bcfa588-ca64-4332-ba91-3b9420ea4ba4-140520958826304", "trial_id": 40, "user_attr": {"best_epoch": 0}}
{"op_code": 8, "worker_id": "7bcfa588-ca64-4332-ba91-3b9420ea4ba4-140520958826304", "trial_id": 40, "user_attr": {"test_loss": 0.44509461188128374}}
{"op_code": 6, "worker_id": "7bcfa588-ca64-4332-ba91-3b9420ea4ba4-140520958826304", "trial_id": 40, "state": 1, "values": [0.445060007187221], "datetime_complete": "2024-08-21T01:53:43.788808"}
{"op_code": 4, "worker_id": "7bcfa588-ca64-4332-ba91-3b9420ea4ba4-140520958826304", "study_id": 0, "datetime_start": "2024-08-21T01:53:43.799461"}
{"op_code": 5, "worker_id": "7bcfa588-ca64-4332-ba91-3b9420ea4ba4-140520958826304", "trial_id": 41, "param_name": "lr", "param_value_internal": 0.00016576373803303112, "distribution": "{\"name\": \"FloatDistribution\", \"attributes\": {\"step\": null, \"low\": 1e-05, \"high\": 0.001, \"log\": true}}"}
{"op_code": 5, "worker_id": "7bcfa588-ca64-4332-ba91-3b9420ea4ba4-140520958826304", "trial_id": 41, "param_name": "l2reg", "param_value_internal": 3.5186504384846184e-05, "distribution": "{\"name\": \"FloatDistribution\", \"attributes\": {\"step\": null, \"low\": 1e-08, \"high\": 0.001, \"log\": true}}"}
{"op_code": 5, "worker_id": "7bcfa588-ca64-4332-ba91-3b9420ea4ba4-140520958826304", "trial_id": 41, "param_name": "random_seed", "param_value_internal": 0, "distribution": "{\"name\": \"CategoricalDistribution\", \"attributes\": {\"choices\": [42]}}"}
{"op_code": 5, "worker_id": "7bcfa588-ca64-4332-ba91-3b9420ea4ba4-140520958826304", "trial_id": 41, "param_name": "degree", "param_value_internal": 0, "distribution": "{\"name\": \"CategoricalDistribution\", \"attributes\": {\"choices\": [0]}}"}
{"op_code": 8, "worker_id": "7bcfa588-ca64-4332-ba91-3b9420ea4ba4-140520958826304", "trial_id": 41, "user_attr": {"best_epoch": 1}}
{"op_code": 8, "worker_id": "7bcfa588-ca64-4332-ba91-3b9420ea4ba4-140520958826304", "trial_id": 41, "user_attr": {"test_loss": 0.4447403045218127}}
{"op_code": 6, "worker_id": "7bcfa588-ca64-4332-ba91-3b9420ea4ba4-140520958826304", "trial_id": 41, "state": 1, "values": [0.44463934679184824], "datetime_complete": "2024-08-21T02:12:33.128282"}
{"op_code": 4, "worker_id": "7bcfa588-ca64-4332-ba91-3b9420ea4ba4-140520958826304", "study_id": 0, "datetime_start": "2024-08-21T02:12:33.137534"}
{"op_code": 5, "worker_id": "7bcfa588-ca64-4332-ba91-3b9420ea4ba4-140520958826304", "trial_id": 42, "param_name": "lr", "param_value_internal": 0.00019390613056698952, "distribution": "{\"name\": \"FloatDistribution\", \"attributes\": {\"step\": null, \"low\": 1e-05, \"high\": 0.001, \"log\": true}}"}
{"op_code": 5, "worker_id": "7bcfa588-ca64-4332-ba91-3b9420ea4ba4-140520958826304", "trial_id": 42, "param_name": "l2reg", "param_value_internal": 2.8673300210819137e-05, "distribution": "{\"name\": \"FloatDistribution\", \"attributes\": {\"step\": null, \"low\": 1e-08, \"high\": 0.001, \"log\": true}}"}
{"op_code": 5, "worker_id": "7bcfa588-ca64-4332-ba91-3b9420ea4ba4-140520958826304", "trial_id": 42, "param_name": "random_seed", "param_value_internal": 0, "distribution": "{\"name\": \"CategoricalDistribution\", \"attributes\": {\"choices\": [42]}}"}
{"op_code": 5, "worker_id": "7bcfa588-ca64-4332-ba91-3b9420ea4ba4-140520958826304", "trial_id": 42, "param_name": "degree", "param_value_internal": 0, "distribution": "{\"name\": \"CategoricalDistribution\", \"attributes\": {\"choices\": [0]}}"}
{"op_code": 8, "worker_id": "7bcfa588-ca64-4332-ba91-3b9420ea4ba4-140520958826304", "trial_id": 42, "user_attr": {"best_epoch": 1}}
{"op_code": 8, "worker_id": "7bcfa588-ca64-4332-ba91-3b9420ea4ba4-140520958826304", "trial_id": 42, "user_attr": {"test_loss": 0.44495281622177246}}
{"op_code": 6, "worker_id": "7bcfa588-ca64-4332-ba91-3b9420ea4ba4-140520958826304", "trial_id": 42, "state": 1, "values": [0.44487280058603046], "datetime_complete": "2024-08-21T02:31:18.168280"}
{"op_code": 4, "worker_id": "7bcfa588-ca64-4332-ba91-3b9420ea4ba4-140520958826304", "study_id": 0, "datetime_start": "2024-08-21T02:31:18.182199"}
{"op_code": 5, "worker_id": "7bcfa588-ca64-4332-ba91-3b9420ea4ba4-140520958826304", "trial_id": 43, "param_name": "lr", "param_value_internal": 0.00014227014386432294, "distribution": "{\"name\": \"FloatDistribution\", \"attributes\": {\"step\": null, \"low\": 1e-05, \"high\": 0.001, \"log\": true}}"}
{"op_code": 5, "worker_id": "7bcfa588-ca64-4332-ba91-3b9420ea4ba4-140520958826304", "trial_id": 43, "param_name": "l2reg", "param_value_internal": 5.840030135359504e-05, "distribution": "{\"name\": \"FloatDistribution\", \"attributes\": {\"step\": null, \"low\": 1e-08, \"high\": 0.001, \"log\": true}}"}
{"op_code": 5, "worker_id": "7bcfa588-ca64-4332-ba91-3b9420ea4ba4-140520958826304", "trial_id": 43, "param_name": "random_seed", "param_value_internal": 0, "distribution": "{\"name\": \"CategoricalDistribution\", \"attributes\": {\"choices\": [42]}}"}
{"op_code": 5, "worker_id": "7bcfa588-ca64-4332-ba91-3b9420ea4ba4-140520958826304", "trial_id": 43, "param_name": "degree", "param_value_internal": 0, "distribution": "{\"name\": \"CategoricalDistribution\", \"attributes\": {\"choices\": [0]}}"}
{"op_code": 8, "worker_id": "7bcfa588-ca64-4332-ba91-3b9420ea4ba4-140520958826304", "trial_id": 43, "user_attr": {"best_epoch": 1}}
{"op_code": 8, "worker_id": "7bcfa588-ca64-4332-ba91-3b9420ea4ba4-140520958826304", "trial_id": 43, "user_attr": {"test_loss": 0.4447237616948697}}
{"op_code": 6, "worker_id": "7bcfa588-ca64-4332-ba91-3b9420ea4ba4-140520958826304", "trial_id": 43, "state": 1, "values": [0.4446014982636215], "datetime_complete": "2024-08-21T02:49:52.474911"}
{"op_code": 4, "worker_id": "7bcfa588-ca64-4332-ba91-3b9420ea4ba4-140520958826304", "study_id": 0, "datetime_start": "2024-08-21T02:49:52.488325"}
{"op_code": 5, "worker_id": "7bcfa588-ca64-4332-ba91-3b9420ea4ba4-140520958826304", "trial_id": 44, "param_name": "lr", "param_value_internal": 0.00012367027057244651, "distribution": "{\"name\": \"FloatDistribution\", \"attributes\": {\"step\": null, \"low\": 1e-05, \"high\": 0.001, \"log\": true}}"}
{"op_code": 5, "worker_id": "7bcfa588-ca64-4332-ba91-3b9420ea4ba4-140520958826304", "trial_id": 44, "param_name": "l2reg", "param_value_internal": 9.079927839816403e-05, "distribution": "{\"name\": \"FloatDistribution\", \"attributes\": {\"step\": null, \"low\": 1e-08, \"high\": 0.001, \"log\": true}}"}
{"op_code": 5, "worker_id": "7bcfa588-ca64-4332-ba91-3b9420ea4ba4-140520958826304", "trial_id": 44, "param_name": "random_seed", "param_value_internal": 0, "distribution": "{\"name\": \"CategoricalDistribution\", \"attributes\": {\"choices\": [42]}}"}
{"op_code": 5, "worker_id": "7bcfa588-ca64-4332-ba91-3b9420ea4ba4-140520958826304", "trial_id": 44, "param_name": "degree", "param_value_internal": 0, "distribution": "{\"name\": \"CategoricalDistribution\", \"attributes\": {\"choices\": [0]}}"}
{"op_code": 8, "worker_id": "7bcfa588-ca64-4332-ba91-3b9420ea4ba4-140520958826304", "trial_id": 44, "user_attr": {"best_epoch": 1}}
{"op_code": 8, "worker_id": "7bcfa588-ca64-4332-ba91-3b9420ea4ba4-140520958826304", "trial_id": 44, "user_attr": {"test_loss": 0.4448830818435821}}
{"op_code": 6, "worker_id": "7bcfa588-ca64-4332-ba91-3b9420ea4ba4-140520958826304", "trial_id": 44, "state": 1, "values": [0.444745548089591], "datetime_complete": "2024-08-21T03:08:36.916733"}
{"op_code": 4, "worker_id": "7bcfa588-ca64-4332-ba91-3b9420ea4ba4-140520958826304", "study_id": 0, "datetime_start": "2024-08-21T03:08:36.925678"}
{"op_code": 5, "worker_id": "7bcfa588-ca64-4332-ba91-3b9420ea4ba4-140520958826304", "trial_id": 45, "param_name": "lr", "param_value_internal": 5.3132616246322755e-05, "distribution": "{\"name\": \"FloatDistribution\", \"attributes\": {\"step\": null, \"low\": 1e-05, \"high\": 0.001, \"log\": true}}"}
{"op_code": 5, "worker_id": "7bcfa588-ca64-4332-ba91-3b9420ea4ba4-140520958826304", "trial_id": 45, "param_name": "l2reg", "param_value_internal": 1.3699300283104651e-05, "distribution": "{\"name\": \"FloatDistribution\", \"attributes\": {\"step\": null, \"low\": 1e-08, \"high\": 0.001, \"log\": true}}"}
{"op_code": 5, "worker_id": "7bcfa588-ca64-4332-ba91-3b9420ea4ba4-140520958826304", "trial_id": 45, "param_name": "random_seed", "param_value_internal": 0, "distribution": "{\"name\": \"CategoricalDistribution\", \"attributes\": {\"choices\": [42]}}"}
{"op_code": 5, "worker_id": "7bcfa588-ca64-4332-ba91-3b9420ea4ba4-140520958826304", "trial_id": 45, "param_name": "degree", "param_value_internal": 0, "distribution": "{\"name\": \"CategoricalDistribution\", \"attributes\": {\"choices\": [0]}}"}
{"op_code": 8, "worker_id": "7bcfa588-ca64-4332-ba91-3b9420ea4ba4-140520958826304", "trial_id": 45, "user_attr": {"best_epoch": 3}}
{"op_code": 8, "worker_id": "7bcfa588-ca64-4332-ba91-3b9420ea4ba4-140520958826304", "trial_id": 45, "user_attr": {"test_loss": 0.44559344173987203}}
{"op_code": 6, "worker_id": "7bcfa588-ca64-4332-ba91-3b9420ea4ba4-140520958826304", "trial_id": 45, "state": 1, "values": [0.4454640884002005], "datetime_complete": "2024-08-21T03:34:17.733000"}
{"op_code": 4, "worker_id": "7bcfa588-ca64-4332-ba91-3b9420ea4ba4-140520958826304", "study_id": 0, "datetime_start": "2024-08-21T03:34:17.748557"}
{"op_code": 5, "worker_id": "7bcfa588-ca64-4332-ba91-3b9420ea4ba4-140520958826304", "trial_id": 46, "param_name": "lr", "param_value_internal": 7.677050367887305e-05, "distribution": "{\"name\": \"FloatDistribution\", \"attributes\": {\"step\": null, \"low\": 1e-05, \"high\": 0.001, \"log\": true}}"}
{"op_code": 5, "worker_id": "7bcfa588-ca64-4332-ba91-3b9420ea4ba4-140520958826304", "trial_id": 46, "param_name": "l2reg", "param_value_internal": 6.115556910605808e-06, "distribution": "{\"name\": \"FloatDistribution\", \"attributes\": {\"step\": null, \"low\": 1e-08, \"high\": 0.001, \"log\": true}}"}
{"op_code": 5, "worker_id": "7bcfa588-ca64-4332-ba91-3b9420ea4ba4-140520958826304", "trial_id": 46, "param_name": "random_seed", "param_value_internal": 0, "distribution": "{\"name\": \"CategoricalDistribution\", \"attributes\": {\"choices\": [42]}}"}
{"op_code": 5, "worker_id": "7bcfa588-ca64-4332-ba91-3b9420ea4ba4-140520958826304", "trial_id": 46, "param_name": "degree", "param_value_internal": 0, "distribution": "{\"name\": \"CategoricalDistribution\", \"attributes\": {\"choices\": [0]}}"}
{"op_code": 8, "worker_id": "7bcfa588-ca64-4332-ba91-3b9420ea4ba4-140520958826304", "trial_id": 46, "user_attr": {"best_epoch": 2}}
{"op_code": 8, "worker_id": "7bcfa588-ca64-4332-ba91-3b9420ea4ba4-140520958826304", "trial_id": 46, "user_attr": {"test_loss": 0.44529687066432505}}
{"op_code": 6, "worker_id": "7bcfa588-ca64-4332-ba91-3b9420ea4ba4-140520958826304", "trial_id": 46, "state": 1, "values": [0.44521467350717914], "datetime_complete": "2024-08-21T03:56:32.321881"}
{"op_code": 4, "worker_id": "7bcfa588-ca64-4332-ba91-3b9420ea4ba4-140520958826304", "study_id": 0, "datetime_start": "2024-08-21T03:56:32.330927"}
{"op_code": 5, "worker_id": "7bcfa588-ca64-4332-ba91-3b9420ea4ba4-140520958826304", "trial_id": 47, "param_name": "lr", "param_value_internal": 0.0002457566349562215, "distribution": "{\"name\": \"FloatDistribution\", \"attributes\": {\"step\": null, \"low\": 1e-05, \"high\": 0.001, \"log\": true}}"}
{"op_code": 5, "worker_id": "7bcfa588-ca64-4332-ba91-3b9420ea4ba4-140520958826304", "trial_id": 47, "param_name": "l2reg", "param_value_internal": 1.994945539949845e-06, "distribution": "{\"name\": \"FloatDistribution\", \"attributes\": {\"step\": null, \"low\": 1e-08, \"high\": 0.001, \"log\": true}}"}
{"op_code": 5, "worker_id": "7bcfa588-ca64-4332-ba91-3b9420ea4ba4-140520958826304", "trial_id": 47, "param_name": "random_seed", "param_value_internal": 0, "distribution": "{\"name\": \"CategoricalDistribution\", \"attributes\": {\"choices\": [42]}}"}
{"op_code": 5, "worker_id": "7bcfa588-ca64-4332-ba91-3b9420ea4ba4-140520958826304", "trial_id": 47, "param_name": "degree", "param_value_internal": 0, "distribution": "{\"name\": \"CategoricalDistribution\", \"attributes\": {\"choices\": [0]}}"}
{"op_code": 8, "worker_id": "7bcfa588-ca64-4332-ba91-3b9420ea4ba4-140520958826304", "trial_id": 47, "user_attr": {"best_epoch": 0}}
{"op_code": 8, "worker_id": "7bcfa588-ca64-4332-ba91-3b9420ea4ba4-140520958826304", "trial_id": 47, "user_attr": {"test_loss": 0.44545680889668143}}
{"op_code": 6, "worker_id": "7bcfa588-ca64-4332-ba91-3b9420ea4ba4-140520958826304", "trial_id": 47, "state": 1, "values": [0.44538715517663885], "datetime_complete": "2024-08-21T04:11:49.430774"}
{"op_code": 4, "worker_id": "7bcfa588-ca64-4332-ba91-3b9420ea4ba4-140520958826304", "study_id": 0, "datetime_start": "2024-08-21T04:11:49.439754"}
{"op_code": 5, "worker_id": "7bcfa588-ca64-4332-ba91-3b9420ea4ba4-140520958826304", "trial_id": 48, "param_name": "lr", "param_value_internal": 0.00011207065116856052, "distribution": "{\"name\": \"FloatDistribution\", \"attributes\": {\"step\": null, \"low\": 1e-05, \"high\": 0.001, \"log\": true}}"}
{"op_code": 5, "worker_id": "7bcfa588-ca64-4332-ba91-3b9420ea4ba4-140520958826304", "trial_id": 48, "param_name": "l2reg", "param_value_internal": 5.941287495242569e-05, "distribution": "{\"name\": \"FloatDistribution\", \"attributes\": {\"step\": null, \"low\": 1e-08, \"high\": 0.001, \"log\": true}}"}
{"op_code": 5, "worker_id": "7bcfa588-ca64-4332-ba91-3b9420ea4ba4-140520958826304", "trial_id": 48, "param_name": "random_seed", "param_value_internal": 0, "distribution": "{\"name\": \"CategoricalDistribution\", \"attributes\": {\"choices\": [42]}}"}
{"op_code": 5, "worker_id": "7bcfa588-ca64-4332-ba91-3b9420ea4ba4-140520958826304", "trial_id": 48, "param_name": "degree", "param_value_internal": 0, "distribution": "{\"name\": \"CategoricalDistribution\", \"attributes\": {\"choices\": [0]}}"}
{"op_code": 8, "worker_id": "7bcfa588-ca64-4332-ba91-3b9420ea4ba4-140520958826304", "trial_id": 48, "user_attr": {"best_epoch": 1}}
{"op_code": 8, "worker_id": "7bcfa588-ca64-4332-ba91-3b9420ea4ba4-140520958826304", "trial_id": 48, "user_attr": {"test_loss": 0.44509359386116415}}
{"op_code": 6, "worker_id": "7bcfa588-ca64-4332-ba91-3b9420ea4ba4-140520958826304", "trial_id": 48, "state": 1, "values": [0.44495017010386567], "datetime_complete": "2024-08-21T04:30:23.497888"}
{"op_code": 4, "worker_id": "7bcfa588-ca64-4332-ba91-3b9420ea4ba4-140520958826304", "study_id": 0, "datetime_start": "2024-08-21T04:30:23.507107"}
{"op_code": 5, "worker_id": "7bcfa588-ca64-4332-ba91-3b9420ea4ba4-140520958826304", "trial_id": 49, "param_name": "lr", "param_value_internal": 0.000554891429280969, "distribution": "{\"name\": \"FloatDistribution\", \"attributes\": {\"step\": null, \"low\": 1e-05, \"high\": 0.001, \"log\": true}}"}
{"op_code": 5, "worker_id": "7bcfa588-ca64-4332-ba91-3b9420ea4ba4-140520958826304", "trial_id": 49, "param_name": "l2reg", "param_value_internal": 2.373918803290405e-05, "distribution": "{\"name\": \"FloatDistribution\", \"attributes\": {\"step\": null, \"low\": 1e-08, \"high\": 0.001, \"log\": true}}"}
{"op_code": 5, "worker_id": "7bcfa588-ca64-4332-ba91-3b9420ea4ba4-140520958826304", "trial_id": 49, "param_name": "random_seed", "param_value_internal": 0, "distribution": "{\"name\": \"CategoricalDistribution\", \"attributes\": {\"choices\": [42]}}"}
{"op_code": 5, "worker_id": "7bcfa588-ca64-4332-ba91-3b9420ea4ba4-140520958826304", "trial_id": 49, "param_name": "degree", "param_value_internal": 0, "distribution": "{\"name\": \"CategoricalDistribution\", \"attributes\": {\"choices\": [0]}}"}
{"op_code": 8, "worker_id": "7bcfa588-ca64-4332-ba91-3b9420ea4ba4-140520958826304", "trial_id": 49, "user_attr": {"best_epoch": 0}}
{"op_code": 8, "worker_id": "7bcfa588-ca64-4332-ba91-3b9420ea4ba4-140520958826304", "trial_id": 49, "user_attr": {"test_loss": 0.4449904829661965}}
{"op_code": 6, "worker_id": "7bcfa588-ca64-4332-ba91-3b9420ea4ba4-140520958826304", "trial_id": 49, "state": 1, "values": [0.4449911817655753], "datetime_complete": "2024-08-21T04:45:41.520771"}
