{"op_code": 0, "worker_id": "ae1562a0-8f14-401f-b51b-a94bbe3f726f-140006759937856", "study_name": "criteo_bins_48", "directions": [1]}
{"op_code": 4, "worker_id": "ae1562a0-8f14-401f-b51b-a94bbe3f726f-140006759937856", "study_id": 0, "datetime_start": "2024-08-28T07:09:17.516978"}
{"op_code": 5, "worker_id": "ae1562a0-8f14-401f-b51b-a94bbe3f726f-140006759937856", "trial_id": 0, "param_name": "lr", "param_value_internal": 5.6115164153345e-05, "distribution": "{\"name\": \"FloatDistribution\", \"attributes\": {\"step\": null, \"low\": 1e-05, \"high\": 0.001, \"log\": true}}"}
{"op_code": 5, "worker_id": "ae1562a0-8f14-401f-b51b-a94bbe3f726f-140006759937856", "trial_id": 0, "param_name": "l2reg", "param_value_internal": 0.0005669849511478851, "distribution": "{\"name\": \"FloatDistribution\", \"attributes\": {\"step\": null, \"low\": 1e-08, \"high\": 0.001, \"log\": true}}"}
{"op_code": 5, "worker_id": "ae1562a0-8f14-401f-b51b-a94bbe3f726f-140006759937856", "trial_id": 0, "param_name": "random_seed", "param_value_internal": 0, "distribution": "{\"name\": \"CategoricalDistribution\", \"attributes\": {\"choices\": [42]}}"}
{"op_code": 5, "worker_id": "ae1562a0-8f14-401f-b51b-a94bbe3f726f-140006759937856", "trial_id": 0, "param_name": "degree", "param_value_internal": 0, "distribution": "{\"name\": \"CategoricalDistribution\", \"attributes\": {\"choices\": [0]}}"}
{"op_code": 8, "worker_id": "ae1562a0-8f14-401f-b51b-a94bbe3f726f-140006759937856", "trial_id": 0, "user_attr": {"best_epoch": 5}}
{"op_code": 8, "worker_id": "ae1562a0-8f14-401f-b51b-a94bbe3f726f-140006759937856", "trial_id": 0, "user_attr": {"test_loss": 0.46335025028021}}
{"op_code": 6, "worker_id": "ae1562a0-8f14-401f-b51b-a94bbe3f726f-140006759937856", "trial_id": 0, "state": 1, "values": [0.4625481014436541], "datetime_complete": "2024-08-28T07:16:37.858395"}
{"op_code": 4, "worker_id": "ae1562a0-8f14-401f-b51b-a94bbe3f726f-140006759937856", "study_id": 0, "datetime_start": "2024-08-28T07:16:37.877174"}
{"op_code": 5, "worker_id": "ae1562a0-8f14-401f-b51b-a94bbe3f726f-140006759937856", "trial_id": 1, "param_name": "lr", "param_value_internal": 0.000291063591313307, "distribution": "{\"name\": \"FloatDistribution\", \"attributes\": {\"step\": null, \"low\": 1e-05, \"high\": 0.001, \"log\": true}}"}
{"op_code": 5, "worker_id": "ae1562a0-8f14-401f-b51b-a94bbe3f726f-140006759937856", "trial_id": 1, "param_name": "l2reg", "param_value_internal": 9.846738873614555e-06, "distribution": "{\"name\": \"FloatDistribution\", \"attributes\": {\"step\": null, \"low\": 1e-08, \"high\": 0.001, \"log\": true}}"}
{"op_code": 5, "worker_id": "ae1562a0-8f14-401f-b51b-a94bbe3f726f-140006759937856", "trial_id": 1, "param_name": "random_seed", "param_value_internal": 0, "distribution": "{\"name\": \"CategoricalDistribution\", \"attributes\": {\"choices\": [42]}}"}
{"op_code": 5, "worker_id": "ae1562a0-8f14-401f-b51b-a94bbe3f726f-140006759937856", "trial_id": 1, "param_name": "degree", "param_value_internal": 0, "distribution": "{\"name\": \"CategoricalDistribution\", \"attributes\": {\"choices\": [0]}}"}
{"op_code": 8, "worker_id": "ae1562a0-8f14-401f-b51b-a94bbe3f726f-140006759937856", "trial_id": 1, "user_attr": {"best_epoch": 1}}
{"op_code": 8, "worker_id": "ae1562a0-8f14-401f-b51b-a94bbe3f726f-140006759937856", "trial_id": 1, "user_attr": {"test_loss": 0.4609047499793851}}
{"op_code": 6, "worker_id": "ae1562a0-8f14-401f-b51b-a94bbe3f726f-140006759937856", "trial_id": 1, "state": 1, "values": [0.4595776082435185], "datetime_complete": "2024-08-28T07:20:55.375821"}
{"op_code": 4, "worker_id": "ae1562a0-8f14-401f-b51b-a94bbe3f726f-140006759937856", "study_id": 0, "datetime_start": "2024-08-28T07:20:55.387622"}
{"op_code": 5, "worker_id": "ae1562a0-8f14-401f-b51b-a94bbe3f726f-140006759937856", "trial_id": 2, "param_name": "lr", "param_value_internal": 2.0513382630874486e-05, "distribution": "{\"name\": \"FloatDistribution\", \"attributes\": {\"step\": null, \"low\": 1e-05, \"high\": 0.001, \"log\": true}}"}
{"op_code": 5, "worker_id": "ae1562a0-8f14-401f-b51b-a94bbe3f726f-140006759937856", "trial_id": 2, "param_name": "l2reg", "param_value_internal": 6.02521573620385e-08, "distribution": "{\"name\": \"FloatDistribution\", \"attributes\": {\"step\": null, \"low\": 1e-08, \"high\": 0.001, \"log\": true}}"}
{"op_code": 5, "worker_id": "ae1562a0-8f14-401f-b51b-a94bbe3f726f-140006759937856", "trial_id": 2, "param_name": "random_seed", "param_value_internal": 0, "distribution": "{\"name\": \"CategoricalDistribution\", \"attributes\": {\"choices\": [42]}}"}
{"op_code": 5, "worker_id": "ae1562a0-8f14-401f-b51b-a94bbe3f726f-140006759937856", "trial_id": 2, "param_name": "degree", "param_value_internal": 0, "distribution": "{\"name\": \"CategoricalDistribution\", \"attributes\": {\"choices\": [0]}}"}
{"op_code": 8, "worker_id": "ae1562a0-8f14-401f-b51b-a94bbe3f726f-140006759937856", "trial_id": 2, "user_attr": {"best_epoch": 2}}
{"op_code": 8, "worker_id": "ae1562a0-8f14-401f-b51b-a94bbe3f726f-140006759937856", "trial_id": 2, "user_attr": {"test_loss": 0.4652225035350743}}
{"op_code": 6, "worker_id": "ae1562a0-8f14-401f-b51b-a94bbe3f726f-140006759937856", "trial_id": 2, "state": 1, "values": [0.4645067464183512], "datetime_complete": "2024-08-28T07:25:59.312973"}
{"op_code": 4, "worker_id": "ae1562a0-8f14-401f-b51b-a94bbe3f726f-140006759937856", "study_id": 0, "datetime_start": "2024-08-28T07:25:59.325002"}
{"op_code": 5, "worker_id": "ae1562a0-8f14-401f-b51b-a94bbe3f726f-140006759937856", "trial_id": 3, "param_name": "lr", "param_value_internal": 1.3066739238053272e-05, "distribution": "{\"name\": \"FloatDistribution\", \"attributes\": {\"step\": null, \"low\": 1e-05, \"high\": 0.001, \"log\": true}}"}
{"op_code": 5, "worker_id": "ae1562a0-8f14-401f-b51b-a94bbe3f726f-140006759937856", "trial_id": 3, "param_name": "l2reg", "param_value_internal": 0.00021423021757741048, "distribution": "{\"name\": \"FloatDistribution\", \"attributes\": {\"step\": null, \"low\": 1e-08, \"high\": 0.001, \"log\": true}}"}
{"op_code": 5, "worker_id": "ae1562a0-8f14-401f-b51b-a94bbe3f726f-140006759937856", "trial_id": 3, "param_name": "random_seed", "param_value_internal": 0, "distribution": "{\"name\": \"CategoricalDistribution\", \"attributes\": {\"choices\": [42]}}"}
{"op_code": 5, "worker_id": "ae1562a0-8f14-401f-b51b-a94bbe3f726f-140006759937856", "trial_id": 3, "param_name": "degree", "param_value_internal": 0, "distribution": "{\"name\": \"CategoricalDistribution\", \"attributes\": {\"choices\": [0]}}"}
{"op_code": 8, "worker_id": "ae1562a0-8f14-401f-b51b-a94bbe3f726f-140006759937856", "trial_id": 3, "user_attr": {"best_epoch": 4}}
{"op_code": 8, "worker_id": "ae1562a0-8f14-401f-b51b-a94bbe3f726f-140006759937856", "trial_id": 3, "user_attr": {"test_loss": 0.4648920924280693}}
{"op_code": 6, "worker_id": "ae1562a0-8f14-401f-b51b-a94bbe3f726f-140006759937856", "trial_id": 3, "state": 1, "values": [0.46426455946712764], "datetime_complete": "2024-08-28T07:32:31.348733"}
{"op_code": 4, "worker_id": "ae1562a0-8f14-401f-b51b-a94bbe3f726f-140006759937856", "study_id": 0, "datetime_start": "2024-08-28T07:32:31.357781"}
{"op_code": 5, "worker_id": "ae1562a0-8f14-401f-b51b-a94bbe3f726f-140006759937856", "trial_id": 4, "param_name": "lr", "param_value_internal": 0.00015930522616241006, "distribution": "{\"name\": \"FloatDistribution\", \"attributes\": {\"step\": null, \"low\": 1e-05, \"high\": 0.001, \"log\": true}}"}
{"op_code": 5, "worker_id": "ae1562a0-8f14-401f-b51b-a94bbe3f726f-140006759937856", "trial_id": 4, "param_name": "l2reg", "param_value_internal": 3.47026698865041e-05, "distribution": "{\"name\": \"FloatDistribution\", \"attributes\": {\"step\": null, \"low\": 1e-08, \"high\": 0.001, \"log\": true}}"}
{"op_code": 5, "worker_id": "ae1562a0-8f14-401f-b51b-a94bbe3f726f-140006759937856", "trial_id": 4, "param_name": "random_seed", "param_value_internal": 0, "distribution": "{\"name\": \"CategoricalDistribution\", \"attributes\": {\"choices\": [42]}}"}
{"op_code": 5, "worker_id": "ae1562a0-8f14-401f-b51b-a94bbe3f726f-140006759937856", "trial_id": 4, "param_name": "degree", "param_value_internal": 0, "distribution": "{\"name\": \"CategoricalDistribution\", \"attributes\": {\"choices\": [0]}}"}
{"op_code": 8, "worker_id": "ae1562a0-8f14-401f-b51b-a94bbe3f726f-140006759937856", "trial_id": 4, "user_attr": {"best_epoch": 2}}
{"op_code": 8, "worker_id": "ae1562a0-8f14-401f-b51b-a94bbe3f726f-140006759937856", "trial_id": 4, "user_attr": {"test_loss": 0.46133208931292813}}
{"op_code": 6, "worker_id": "ae1562a0-8f14-401f-b51b-a94bbe3f726f-140006759937856", "trial_id": 4, "state": 1, "values": [0.46006896830802024], "datetime_complete": "2024-08-28T07:37:33.486316"}
{"op_code": 4, "worker_id": "ae1562a0-8f14-401f-b51b-a94bbe3f726f-140006759937856", "study_id": 0, "datetime_start": "2024-08-28T07:37:33.494881"}
{"op_code": 5, "worker_id": "ae1562a0-8f14-401f-b51b-a94bbe3f726f-140006759937856", "trial_id": 5, "param_name": "lr", "param_value_internal": 1.0994335574766187e-05, "distribution": "{\"name\": \"FloatDistribution\", \"attributes\": {\"step\": null, \"low\": 1e-05, \"high\": 0.001, \"log\": true}}"}
{"op_code": 5, "worker_id": "ae1562a0-8f14-401f-b51b-a94bbe3f726f-140006759937856", "trial_id": 5, "param_name": "l2reg", "param_value_internal": 0.0007072114131472234, "distribution": "{\"name\": \"FloatDistribution\", \"attributes\": {\"step\": null, \"low\": 1e-08, \"high\": 0.001, \"log\": true}}"}
{"op_code": 5, "worker_id": "ae1562a0-8f14-401f-b51b-a94bbe3f726f-140006759937856", "trial_id": 5, "param_name": "random_seed", "param_value_internal": 0, "distribution": "{\"name\": \"CategoricalDistribution\", \"attributes\": {\"choices\": [42]}}"}
{"op_code": 5, "worker_id": "ae1562a0-8f14-401f-b51b-a94bbe3f726f-140006759937856", "trial_id": 5, "param_name": "degree", "param_value_internal": 0, "distribution": "{\"name\": \"CategoricalDistribution\", \"attributes\": {\"choices\": [0]}}"}
{"op_code": 8, "worker_id": "ae1562a0-8f14-401f-b51b-a94bbe3f726f-140006759937856", "trial_id": 5, "user_attr": {"best_epoch": 4}}
{"op_code": 8, "worker_id": "ae1562a0-8f14-401f-b51b-a94bbe3f726f-140006759937856", "trial_id": 5, "user_attr": {"test_loss": 0.4647985236674373}}
{"op_code": 6, "worker_id": "ae1562a0-8f14-401f-b51b-a94bbe3f726f-140006759937856", "trial_id": 5, "state": 1, "values": [0.464150643032315], "datetime_complete": "2024-08-28T07:44:01.539134"}
{"op_code": 4, "worker_id": "ae1562a0-8f14-401f-b51b-a94bbe3f726f-140006759937856", "study_id": 0, "datetime_start": "2024-08-28T07:44:01.555479"}
{"op_code": 5, "worker_id": "ae1562a0-8f14-401f-b51b-a94bbe3f726f-140006759937856", "trial_id": 6, "param_name": "lr", "param_value_internal": 0.000462258900102083, "distribution": "{\"name\": \"FloatDistribution\", \"attributes\": {\"step\": null, \"low\": 1e-05, \"high\": 0.001, \"log\": true}}"}
{"op_code": 5, "worker_id": "ae1562a0-8f14-401f-b51b-a94bbe3f726f-140006759937856", "trial_id": 6, "param_name": "l2reg", "param_value_internal": 1.1526449540315595e-07, "distribution": "{\"name\": \"FloatDistribution\", \"attributes\": {\"step\": null, \"low\": 1e-08, \"high\": 0.001, \"log\": true}}"}
{"op_code": 5, "worker_id": "ae1562a0-8f14-401f-b51b-a94bbe3f726f-140006759937856", "trial_id": 6, "param_name": "random_seed", "param_value_internal": 0, "distribution": "{\"name\": \"CategoricalDistribution\", \"attributes\": {\"choices\": [42]}}"}
{"op_code": 5, "worker_id": "ae1562a0-8f14-401f-b51b-a94bbe3f726f-140006759937856", "trial_id": 6, "param_name": "degree", "param_value_internal": 0, "distribution": "{\"name\": \"CategoricalDistribution\", \"attributes\": {\"choices\": [0]}}"}
{"op_code": 8, "worker_id": "ae1562a0-8f14-401f-b51b-a94bbe3f726f-140006759937856", "trial_id": 6, "user_attr": {"best_epoch": 0}}
{"op_code": 8, "worker_id": "ae1562a0-8f14-401f-b51b-a94bbe3f726f-140006759937856", "trial_id": 6, "user_attr": {"test_loss": 0.4607816331890799}}
{"op_code": 6, "worker_id": "ae1562a0-8f14-401f-b51b-a94bbe3f726f-140006759937856", "trial_id": 6, "state": 1, "values": [0.45970416085122756], "datetime_complete": "2024-08-28T07:47:34.946784"}
{"op_code": 4, "worker_id": "ae1562a0-8f14-401f-b51b-a94bbe3f726f-140006759937856", "study_id": 0, "datetime_start": "2024-08-28T07:47:34.957504"}
{"op_code": 5, "worker_id": "ae1562a0-8f14-401f-b51b-a94bbe3f726f-140006759937856", "trial_id": 7, "param_name": "lr", "param_value_internal": 2.3102018878452926e-05, "distribution": "{\"name\": \"FloatDistribution\", \"attributes\": {\"step\": null, \"low\": 1e-05, \"high\": 0.001, \"log\": true}}"}
{"op_code": 5, "worker_id": "ae1562a0-8f14-401f-b51b-a94bbe3f726f-140006759937856", "trial_id": 7, "param_name": "l2reg", "param_value_internal": 8.260808399079588e-08, "distribution": "{\"name\": \"FloatDistribution\", \"attributes\": {\"step\": null, \"low\": 1e-08, \"high\": 0.001, \"log\": true}}"}
{"op_code": 5, "worker_id": "ae1562a0-8f14-401f-b51b-a94bbe3f726f-140006759937856", "trial_id": 7, "param_name": "random_seed", "param_value_internal": 0, "distribution": "{\"name\": \"CategoricalDistribution\", \"attributes\": {\"choices\": [42]}}"}
{"op_code": 5, "worker_id": "ae1562a0-8f14-401f-b51b-a94bbe3f726f-140006759937856", "trial_id": 7, "param_name": "degree", "param_value_internal": 0, "distribution": "{\"name\": \"CategoricalDistribution\", \"attributes\": {\"choices\": [0]}}"}
{"op_code": 8, "worker_id": "ae1562a0-8f14-401f-b51b-a94bbe3f726f-140006759937856", "trial_id": 7, "user_attr": {"best_epoch": 2}}
{"op_code": 8, "worker_id": "ae1562a0-8f14-401f-b51b-a94bbe3f726f-140006759937856", "trial_id": 7, "user_attr": {"test_loss": 0.4653633338728839}}
{"op_code": 6, "worker_id": "ae1562a0-8f14-401f-b51b-a94bbe3f726f-140006759937856", "trial_id": 7, "state": 1, "values": [0.4646510889250625], "datetime_complete": "2024-08-28T07:52:33.717645"}
{"op_code": 4, "worker_id": "ae1562a0-8f14-401f-b51b-a94bbe3f726f-140006759937856", "study_id": 0, "datetime_start": "2024-08-28T07:52:33.728544"}
{"op_code": 5, "worker_id": "ae1562a0-8f14-401f-b51b-a94bbe3f726f-140006759937856", "trial_id": 8, "param_name": "lr", "param_value_internal": 4.059611610484306e-05, "distribution": "{\"name\": \"FloatDistribution\", \"attributes\": {\"step\": null, \"low\": 1e-05, \"high\": 0.001, \"log\": true}}"}
{"op_code": 5, "worker_id": "ae1562a0-8f14-401f-b51b-a94bbe3f726f-140006759937856", "trial_id": 8, "param_name": "l2reg", "param_value_internal": 4.2051564509138674e-06, "distribution": "{\"name\": \"FloatDistribution\", \"attributes\": {\"step\": null, \"low\": 1e-08, \"high\": 0.001, \"log\": true}}"}
{"op_code": 5, "worker_id": "ae1562a0-8f14-401f-b51b-a94bbe3f726f-140006759937856", "trial_id": 8, "param_name": "random_seed", "param_value_internal": 0, "distribution": "{\"name\": \"CategoricalDistribution\", \"attributes\": {\"choices\": [42]}}"}
{"op_code": 5, "worker_id": "ae1562a0-8f14-401f-b51b-a94bbe3f726f-140006759937856", "trial_id": 8, "param_name": "degree", "param_value_internal": 0, "distribution": "{\"name\": \"CategoricalDistribution\", \"attributes\": {\"choices\": [0]}}"}
{"op_code": 8, "worker_id": "ae1562a0-8f14-401f-b51b-a94bbe3f726f-140006759937856", "trial_id": 8, "user_attr": {"best_epoch": 8}}
{"op_code": 8, "worker_id": "ae1562a0-8f14-401f-b51b-a94bbe3f726f-140006759937856", "trial_id": 8, "user_attr": {"test_loss": 0.46403722288223853}}
{"op_code": 6, "worker_id": "ae1562a0-8f14-401f-b51b-a94bbe3f726f-140006759937856", "trial_id": 8, "state": 1, "values": [0.46324423622542626], "datetime_complete": "2024-08-28T08:00:30.683960"}
{"op_code": 4, "worker_id": "ae1562a0-8f14-401f-b51b-a94bbe3f726f-140006759937856", "study_id": 0, "datetime_start": "2024-08-28T08:00:30.695984"}
{"op_code": 5, "worker_id": "ae1562a0-8f14-401f-b51b-a94bbe3f726f-140006759937856", "trial_id": 9, "param_name": "lr", "param_value_internal": 7.309539835912905e-05, "distribution": "{\"name\": \"FloatDistribution\", \"attributes\": {\"step\": null, \"low\": 1e-05, \"high\": 0.001, \"log\": true}}"}
{"op_code": 5, "worker_id": "ae1562a0-8f14-401f-b51b-a94bbe3f726f-140006759937856", "trial_id": 9, "param_name": "l2reg", "param_value_internal": 2.8585493941961875e-07, "distribution": "{\"name\": \"FloatDistribution\", \"attributes\": {\"step\": null, \"low\": 1e-08, \"high\": 0.001, \"log\": true}}"}
{"op_code": 5, "worker_id": "ae1562a0-8f14-401f-b51b-a94bbe3f726f-140006759937856", "trial_id": 9, "param_name": "random_seed", "param_value_internal": 0, "distribution": "{\"name\": \"CategoricalDistribution\", \"attributes\": {\"choices\": [42]}}"}
{"op_code": 5, "worker_id": "ae1562a0-8f14-401f-b51b-a94bbe3f726f-140006759937856", "trial_id": 9, "param_name": "degree", "param_value_internal": 0, "distribution": "{\"name\": \"CategoricalDistribution\", \"attributes\": {\"choices\": [0]}}"}
{"op_code": 8, "worker_id": "ae1562a0-8f14-401f-b51b-a94bbe3f726f-140006759937856", "trial_id": 9, "user_attr": {"best_epoch": 4}}
{"op_code": 8, "worker_id": "ae1562a0-8f14-401f-b51b-a94bbe3f726f-140006759937856", "trial_id": 9, "user_attr": {"test_loss": 0.46279234988532003}}
{"op_code": 6, "worker_id": "ae1562a0-8f14-401f-b51b-a94bbe3f726f-140006759937856", "trial_id": 9, "state": 1, "values": [0.4620003176222311], "datetime_complete": "2024-08-28T08:06:58.034257"}
{"op_code": 4, "worker_id": "ae1562a0-8f14-401f-b51b-a94bbe3f726f-140006759937856", "study_id": 0, "datetime_start": "2024-08-28T08:06:58.042611"}
{"op_code": 5, "worker_id": "ae1562a0-8f14-401f-b51b-a94bbe3f726f-140006759937856", "trial_id": 10, "param_name": "lr", "param_value_internal": 0.000872134982845204, "distribution": "{\"name\": \"FloatDistribution\", \"attributes\": {\"step\": null, \"low\": 1e-05, \"high\": 0.001, \"log\": true}}"}
{"op_code": 5, "worker_id": "ae1562a0-8f14-401f-b51b-a94bbe3f726f-140006759937856", "trial_id": 10, "param_name": "l2reg", "param_value_internal": 2.3261440591233855e-06, "distribution": "{\"name\": \"FloatDistribution\", \"attributes\": {\"step\": null, \"low\": 1e-08, \"high\": 0.001, \"log\": true}}"}
{"op_code": 5, "worker_id": "ae1562a0-8f14-401f-b51b-a94bbe3f726f-140006759937856", "trial_id": 10, "param_name": "random_seed", "param_value_internal": 0, "distribution": "{\"name\": \"CategoricalDistribution\", \"attributes\": {\"choices\": [42]}}"}
{"op_code": 5, "worker_id": "ae1562a0-8f14-401f-b51b-a94bbe3f726f-140006759937856", "trial_id": 10, "param_name": "degree", "param_value_internal": 0, "distribution": "{\"name\": \"CategoricalDistribution\", \"attributes\": {\"choices\": [0]}}"}
{"op_code": 8, "worker_id": "ae1562a0-8f14-401f-b51b-a94bbe3f726f-140006759937856", "trial_id": 10, "user_attr": {"best_epoch": 0}}
{"op_code": 8, "worker_id": "ae1562a0-8f14-401f-b51b-a94bbe3f726f-140006759937856", "trial_id": 10, "user_attr": {"test_loss": 0.4622984702213888}}
{"op_code": 6, "worker_id": "ae1562a0-8f14-401f-b51b-a94bbe3f726f-140006759937856", "trial_id": 10, "state": 1, "values": [0.4610940635183381], "datetime_complete": "2024-08-28T08:10:29.463756"}
{"op_code": 4, "worker_id": "ae1562a0-8f14-401f-b51b-a94bbe3f726f-140006759937856", "study_id": 0, "datetime_start": "2024-08-28T08:10:29.472562"}
{"op_code": 5, "worker_id": "ae1562a0-8f14-401f-b51b-a94bbe3f726f-140006759937856", "trial_id": 11, "param_name": "lr", "param_value_internal": 0.00026979688754341885, "distribution": "{\"name\": \"FloatDistribution\", \"attributes\": {\"step\": null, \"low\": 1e-05, \"high\": 0.001, \"log\": true}}"}
{"op_code": 5, "worker_id": "ae1562a0-8f14-401f-b51b-a94bbe3f726f-140006759937856", "trial_id": 11, "param_name": "l2reg", "param_value_internal": 1.1463467961454662e-08, "distribution": "{\"name\": \"FloatDistribution\", \"attributes\": {\"step\": null, \"low\": 1e-08, \"high\": 0.001, \"log\": true}}"}
{"op_code": 5, "worker_id": "ae1562a0-8f14-401f-b51b-a94bbe3f726f-140006759937856", "trial_id": 11, "param_name": "random_seed", "param_value_internal": 0, "distribution": "{\"name\": \"CategoricalDistribution\", \"attributes\": {\"choices\": [42]}}"}
{"op_code": 5, "worker_id": "ae1562a0-8f14-401f-b51b-a94bbe3f726f-140006759937856", "trial_id": 11, "param_name": "degree", "param_value_internal": 0, "distribution": "{\"name\": \"CategoricalDistribution\", \"attributes\": {\"choices\": [0]}}"}
{"op_code": 8, "worker_id": "ae1562a0-8f14-401f-b51b-a94bbe3f726f-140006759937856", "trial_id": 11, "user_attr": {"best_epoch": 1}}
{"op_code": 8, "worker_id": "ae1562a0-8f14-401f-b51b-a94bbe3f726f-140006759937856", "trial_id": 11, "user_attr": {"test_loss": 0.46054181313429005}}
{"op_code": 6, "worker_id": "ae1562a0-8f14-401f-b51b-a94bbe3f726f-140006759937856", "trial_id": 11, "state": 1, "values": [0.45924880051796857], "datetime_complete": "2024-08-28T08:14:44.676574"}
{"op_code": 4, "worker_id": "ae1562a0-8f14-401f-b51b-a94bbe3f726f-140006759937856", "study_id": 0, "datetime_start": "2024-08-28T08:14:44.685405"}
{"op_code": 5, "worker_id": "ae1562a0-8f14-401f-b51b-a94bbe3f726f-140006759937856", "trial_id": 12, "param_name": "lr", "param_value_internal": 0.0002012487082975096, "distribution": "{\"name\": \"FloatDistribution\", \"attributes\": {\"step\": null, \"low\": 1e-05, \"high\": 0.001, \"log\": true}}"}
{"op_code": 5, "worker_id": "ae1562a0-8f14-401f-b51b-a94bbe3f726f-140006759937856", "trial_id": 12, "param_name": "l2reg", "param_value_internal": 1.5618020905061994e-08, "distribution": "{\"name\": \"FloatDistribution\", \"attributes\": {\"step\": null, \"low\": 1e-08, \"high\": 0.001, \"log\": true}}"}
{"op_code": 5, "worker_id": "ae1562a0-8f14-401f-b51b-a94bbe3f726f-140006759937856", "trial_id": 12, "param_name": "random_seed", "param_value_internal": 0, "distribution": "{\"name\": \"CategoricalDistribution\", \"attributes\": {\"choices\": [42]}}"}
{"op_code": 5, "worker_id": "ae1562a0-8f14-401f-b51b-a94bbe3f726f-140006759937856", "trial_id": 12, "param_name": "degree", "param_value_internal": 0, "distribution": "{\"name\": \"CategoricalDistribution\", \"attributes\": {\"choices\": [0]}}"}
{"op_code": 8, "worker_id": "ae1562a0-8f14-401f-b51b-a94bbe3f726f-140006759937856", "trial_id": 12, "user_attr": {"best_epoch": 1}}
{"op_code": 8, "worker_id": "ae1562a0-8f14-401f-b51b-a94bbe3f726f-140006759937856", "trial_id": 12, "user_attr": {"test_loss": 0.46018299927007966}}
{"op_code": 6, "worker_id": "ae1562a0-8f14-401f-b51b-a94bbe3f726f-140006759937856", "trial_id": 12, "state": 1, "values": [0.4590293281373594], "datetime_complete": "2024-08-28T08:18:59.112791"}
{"op_code": 4, "worker_id": "ae1562a0-8f14-401f-b51b-a94bbe3f726f-140006759937856", "study_id": 0, "datetime_start": "2024-08-28T08:18:59.121677"}
{"op_code": 5, "worker_id": "ae1562a0-8f14-401f-b51b-a94bbe3f726f-140006759937856", "trial_id": 13, "param_name": "lr", "param_value_internal": 0.0002077380431622322, "distribution": "{\"name\": \"FloatDistribution\", \"attributes\": {\"step\": null, \"low\": 1e-05, \"high\": 0.001, \"log\": true}}"}
{"op_code": 5, "worker_id": "ae1562a0-8f14-401f-b51b-a94bbe3f726f-140006759937856", "trial_id": 13, "param_name": "l2reg", "param_value_internal": 1.0706432673851829e-08, "distribution": "{\"name\": \"FloatDistribution\", \"attributes\": {\"step\": null, \"low\": 1e-08, \"high\": 0.001, \"log\": true}}"}
{"op_code": 5, "worker_id": "ae1562a0-8f14-401f-b51b-a94bbe3f726f-140006759937856", "trial_id": 13, "param_name": "random_seed", "param_value_internal": 0, "distribution": "{\"name\": \"CategoricalDistribution\", \"attributes\": {\"choices\": [42]}}"}
{"op_code": 5, "worker_id": "ae1562a0-8f14-401f-b51b-a94bbe3f726f-140006759937856", "trial_id": 13, "param_name": "degree", "param_value_internal": 0, "distribution": "{\"name\": \"CategoricalDistribution\", \"attributes\": {\"choices\": [0]}}"}
{"op_code": 8, "worker_id": "ae1562a0-8f14-401f-b51b-a94bbe3f726f-140006759937856", "trial_id": 13, "user_attr": {"best_epoch": 1}}
{"op_code": 8, "worker_id": "ae1562a0-8f14-401f-b51b-a94bbe3f726f-140006759937856", "trial_id": 13, "user_attr": {"test_loss": 0.4601349360021745}}
{"op_code": 6, "worker_id": "ae1562a0-8f14-401f-b51b-a94bbe3f726f-140006759937856", "trial_id": 13, "state": 1, "values": [0.45896534558214963], "datetime_complete": "2024-08-28T08:23:15.392484"}
{"op_code": 4, "worker_id": "ae1562a0-8f14-401f-b51b-a94bbe3f726f-140006759937856", "study_id": 0, "datetime_start": "2024-08-28T08:23:15.401182"}
{"op_code": 5, "worker_id": "ae1562a0-8f14-401f-b51b-a94bbe3f726f-140006759937856", "trial_id": 14, "param_name": "lr", "param_value_internal": 0.00013838713864867098, "distribution": "{\"name\": \"FloatDistribution\", \"attributes\": {\"step\": null, \"low\": 1e-05, \"high\": 0.001, \"log\": true}}"}
{"op_code": 5, "worker_id": "ae1562a0-8f14-401f-b51b-a94bbe3f726f-140006759937856", "trial_id": 14, "param_name": "l2reg", "param_value_internal": 1.0426175230458133e-08, "distribution": "{\"name\": \"FloatDistribution\", \"attributes\": {\"step\": null, \"low\": 1e-08, \"high\": 0.001, \"log\": true}}"}
{"op_code": 5, "worker_id": "ae1562a0-8f14-401f-b51b-a94bbe3f726f-140006759937856", "trial_id": 14, "param_name": "random_seed", "param_value_internal": 0, "distribution": "{\"name\": \"CategoricalDistribution\", \"attributes\": {\"choices\": [42]}}"}
{"op_code": 5, "worker_id": "ae1562a0-8f14-401f-b51b-a94bbe3f726f-140006759937856", "trial_id": 14, "param_name": "degree", "param_value_internal": 0, "distribution": "{\"name\": \"CategoricalDistribution\", \"attributes\": {\"choices\": [0]}}"}
{"op_code": 8, "worker_id": "ae1562a0-8f14-401f-b51b-a94bbe3f726f-140006759937856", "trial_id": 14, "user_attr": {"best_epoch": 2}}
{"op_code": 8, "worker_id": "ae1562a0-8f14-401f-b51b-a94bbe3f726f-140006759937856", "trial_id": 14, "user_attr": {"test_loss": 0.46093311456084146}}
{"op_code": 6, "worker_id": "ae1562a0-8f14-401f-b51b-a94bbe3f726f-140006759937856", "trial_id": 14, "state": 1, "values": [0.45976417312854845], "datetime_complete": "2024-08-28T08:28:15.806043"}
{"op_code": 4, "worker_id": "ae1562a0-8f14-401f-b51b-a94bbe3f726f-140006759937856", "study_id": 0, "datetime_start": "2024-08-28T08:28:15.814734"}
{"op_code": 5, "worker_id": "ae1562a0-8f14-401f-b51b-a94bbe3f726f-140006759937856", "trial_id": 15, "param_name": "lr", "param_value_internal": 0.0002363808276397828, "distribution": "{\"name\": \"FloatDistribution\", \"attributes\": {\"step\": null, \"low\": 1e-05, \"high\": 0.001, \"log\": true}}"}
{"op_code": 5, "worker_id": "ae1562a0-8f14-401f-b51b-a94bbe3f726f-140006759937856", "trial_id": 15, "param_name": "l2reg", "param_value_internal": 6.031927551809129e-07, "distribution": "{\"name\": \"FloatDistribution\", \"attributes\": {\"step\": null, \"low\": 1e-08, \"high\": 0.001, \"log\": true}}"}
{"op_code": 5, "worker_id": "ae1562a0-8f14-401f-b51b-a94bbe3f726f-140006759937856", "trial_id": 15, "param_name": "random_seed", "param_value_internal": 0, "distribution": "{\"name\": \"CategoricalDistribution\", \"attributes\": {\"choices\": [42]}}"}
{"op_code": 5, "worker_id": "ae1562a0-8f14-401f-b51b-a94bbe3f726f-140006759937856", "trial_id": 15, "param_name": "degree", "param_value_internal": 0, "distribution": "{\"name\": \"CategoricalDistribution\", \"attributes\": {\"choices\": [0]}}"}
{"op_code": 8, "worker_id": "ae1562a0-8f14-401f-b51b-a94bbe3f726f-140006759937856", "trial_id": 15, "user_attr": {"best_epoch": 1}}
{"op_code": 8, "worker_id": "ae1562a0-8f14-401f-b51b-a94bbe3f726f-140006759937856", "trial_id": 15, "user_attr": {"test_loss": 0.4601651711953285}}
{"op_code": 6, "worker_id": "ae1562a0-8f14-401f-b51b-a94bbe3f726f-140006759937856", "trial_id": 15, "state": 1, "values": [0.4589341559952723], "datetime_complete": "2024-08-28T08:32:32.734276"}
{"op_code": 4, "worker_id": "ae1562a0-8f14-401f-b51b-a94bbe3f726f-140006759937856", "study_id": 0, "datetime_start": "2024-08-28T08:32:32.742578"}
{"op_code": 5, "worker_id": "ae1562a0-8f14-401f-b51b-a94bbe3f726f-140006759937856", "trial_id": 16, "param_name": "lr", "param_value_internal": 0.0005448887892819805, "distribution": "{\"name\": \"FloatDistribution\", \"attributes\": {\"step\": null, \"low\": 1e-05, \"high\": 0.001, \"log\": true}}"}
{"op_code": 5, "worker_id": "ae1562a0-8f14-401f-b51b-a94bbe3f726f-140006759937856", "trial_id": 16, "param_name": "l2reg", "param_value_internal": 9.909852464923097e-07, "distribution": "{\"name\": \"FloatDistribution\", \"attributes\": {\"step\": null, \"low\": 1e-08, \"high\": 0.001, \"log\": true}}"}
{"op_code": 5, "worker_id": "ae1562a0-8f14-401f-b51b-a94bbe3f726f-140006759937856", "trial_id": 16, "param_name": "random_seed", "param_value_internal": 0, "distribution": "{\"name\": \"CategoricalDistribution\", \"attributes\": {\"choices\": [42]}}"}
{"op_code": 5, "worker_id": "ae1562a0-8f14-401f-b51b-a94bbe3f726f-140006759937856", "trial_id": 16, "param_name": "degree", "param_value_internal": 0, "distribution": "{\"name\": \"CategoricalDistribution\", \"attributes\": {\"choices\": [0]}}"}
{"op_code": 8, "worker_id": "ae1562a0-8f14-401f-b51b-a94bbe3f726f-140006759937856", "trial_id": 16, "user_attr": {"best_epoch": 0}}
{"op_code": 8, "worker_id": "ae1562a0-8f14-401f-b51b-a94bbe3f726f-140006759937856", "trial_id": 16, "user_attr": {"test_loss": 0.46105875095057613}}
{"op_code": 6, "worker_id": "ae1562a0-8f14-401f-b51b-a94bbe3f726f-140006759937856", "trial_id": 16, "state": 1, "values": [0.4599411177248475], "datetime_complete": "2024-08-28T08:36:05.777695"}
{"op_code": 4, "worker_id": "ae1562a0-8f14-401f-b51b-a94bbe3f726f-140006759937856", "study_id": 0, "datetime_start": "2024-08-28T08:36:05.789252"}
{"op_code": 5, "worker_id": "ae1562a0-8f14-401f-b51b-a94bbe3f726f-140006759937856", "trial_id": 17, "param_name": "lr", "param_value_internal": 0.000101437677792145, "distribution": "{\"name\": \"FloatDistribution\", \"attributes\": {\"step\": null, \"low\": 1e-05, \"high\": 0.001, \"log\": true}}"}
{"op_code": 5, "worker_id": "ae1562a0-8f14-401f-b51b-a94bbe3f726f-140006759937856", "trial_id": 17, "param_name": "l2reg", "param_value_internal": 3.903293879717595e-07, "distribution": "{\"name\": \"FloatDistribution\", \"attributes\": {\"step\": null, \"low\": 1e-08, \"high\": 0.001, \"log\": true}}"}
{"op_code": 5, "worker_id": "ae1562a0-8f14-401f-b51b-a94bbe3f726f-140006759937856", "trial_id": 17, "param_name": "random_seed", "param_value_internal": 0, "distribution": "{\"name\": \"CategoricalDistribution\", \"attributes\": {\"choices\": [42]}}"}
{"op_code": 5, "worker_id": "ae1562a0-8f14-401f-b51b-a94bbe3f726f-140006759937856", "trial_id": 17, "param_name": "degree", "param_value_internal": 0, "distribution": "{\"name\": \"CategoricalDistribution\", \"attributes\": {\"choices\": [0]}}"}
{"op_code": 8, "worker_id": "ae1562a0-8f14-401f-b51b-a94bbe3f726f-140006759937856", "trial_id": 17, "user_attr": {"best_epoch": 2}}
{"op_code": 8, "worker_id": "ae1562a0-8f14-401f-b51b-a94bbe3f726f-140006759937856", "trial_id": 17, "user_attr": {"test_loss": 0.4620873201540468}}
{"op_code": 6, "worker_id": "ae1562a0-8f14-401f-b51b-a94bbe3f726f-140006759937856", "trial_id": 17, "state": 1, "values": [0.4611173125494376], "datetime_complete": "2024-08-28T08:41:05.750860"}
{"op_code": 4, "worker_id": "ae1562a0-8f14-401f-b51b-a94bbe3f726f-140006759937856", "study_id": 0, "datetime_start": "2024-08-28T08:41:05.759409"}
{"op_code": 5, "worker_id": "ae1562a0-8f14-401f-b51b-a94bbe3f726f-140006759937856", "trial_id": 18, "param_name": "lr", "param_value_internal": 0.0003798184583257853, "distribution": "{\"name\": \"FloatDistribution\", \"attributes\": {\"step\": null, \"low\": 1e-05, \"high\": 0.001, \"log\": true}}"}
{"op_code": 5, "worker_id": "ae1562a0-8f14-401f-b51b-a94bbe3f726f-140006759937856", "trial_id": 18, "param_name": "l2reg", "param_value_internal": 6.888584474317184e-05, "distribution": "{\"name\": \"FloatDistribution\", \"attributes\": {\"step\": null, \"low\": 1e-08, \"high\": 0.001, \"log\": true}}"}
{"op_code": 5, "worker_id": "ae1562a0-8f14-401f-b51b-a94bbe3f726f-140006759937856", "trial_id": 18, "param_name": "random_seed", "param_value_internal": 0, "distribution": "{\"name\": \"CategoricalDistribution\", \"attributes\": {\"choices\": [42]}}"}
{"op_code": 5, "worker_id": "ae1562a0-8f14-401f-b51b-a94bbe3f726f-140006759937856", "trial_id": 18, "param_name": "degree", "param_value_internal": 0, "distribution": "{\"name\": \"CategoricalDistribution\", \"attributes\": {\"choices\": [0]}}"}
{"op_code": 8, "worker_id": "ae1562a0-8f14-401f-b51b-a94bbe3f726f-140006759937856", "trial_id": 18, "user_attr": {"best_epoch": 0}}
{"op_code": 8, "worker_id": "ae1562a0-8f14-401f-b51b-a94bbe3f726f-140006759937856", "trial_id": 18, "user_attr": {"test_loss": 0.4607951855799507}}
{"op_code": 6, "worker_id": "ae1562a0-8f14-401f-b51b-a94bbe3f726f-140006759937856", "trial_id": 18, "state": 1, "values": [0.45976249339559544], "datetime_complete": "2024-08-28T08:44:39.449579"}
{"op_code": 4, "worker_id": "ae1562a0-8f14-401f-b51b-a94bbe3f726f-140006759937856", "study_id": 0, "datetime_start": "2024-08-28T08:44:39.461344"}
{"op_code": 5, "worker_id": "ae1562a0-8f14-401f-b51b-a94bbe3f726f-140006759937856", "trial_id": 19, "param_name": "lr", "param_value_internal": 0.0006291158542236842, "distribution": "{\"name\": \"FloatDistribution\", \"attributes\": {\"step\": null, \"low\": 1e-05, \"high\": 0.001, \"log\": true}}"}
{"op_code": 5, "worker_id": "ae1562a0-8f14-401f-b51b-a94bbe3f726f-140006759937856", "trial_id": 19, "param_name": "l2reg", "param_value_internal": 3.990036156383742e-08, "distribution": "{\"name\": \"FloatDistribution\", \"attributes\": {\"step\": null, \"low\": 1e-08, \"high\": 0.001, \"log\": true}}"}
{"op_code": 5, "worker_id": "ae1562a0-8f14-401f-b51b-a94bbe3f726f-140006759937856", "trial_id": 19, "param_name": "random_seed", "param_value_internal": 0, "distribution": "{\"name\": \"CategoricalDistribution\", \"attributes\": {\"choices\": [42]}}"}
{"op_code": 5, "worker_id": "ae1562a0-8f14-401f-b51b-a94bbe3f726f-140006759937856", "trial_id": 19, "param_name": "degree", "param_value_internal": 0, "distribution": "{\"name\": \"CategoricalDistribution\", \"attributes\": {\"choices\": [0]}}"}
{"op_code": 8, "worker_id": "ae1562a0-8f14-401f-b51b-a94bbe3f726f-140006759937856", "trial_id": 19, "user_attr": {"best_epoch": 0}}
{"op_code": 8, "worker_id": "ae1562a0-8f14-401f-b51b-a94bbe3f726f-140006759937856", "trial_id": 19, "user_attr": {"test_loss": 0.4614084026350429}}
{"op_code": 6, "worker_id": "ae1562a0-8f14-401f-b51b-a94bbe3f726f-140006759937856", "trial_id": 19, "state": 1, "values": [0.4602553041385566], "datetime_complete": "2024-08-28T08:48:12.775971"}
{"op_code": 4, "worker_id": "ae1562a0-8f14-401f-b51b-a94bbe3f726f-140006759937856", "study_id": 0, "datetime_start": "2024-08-28T08:48:12.784819"}
{"op_code": 5, "worker_id": "ae1562a0-8f14-401f-b51b-a94bbe3f726f-140006759937856", "trial_id": 20, "param_name": "lr", "param_value_internal": 0.00010705304526172818, "distribution": "{\"name\": \"FloatDistribution\", \"attributes\": {\"step\": null, \"low\": 1e-05, \"high\": 0.001, \"log\": true}}"}
{"op_code": 5, "worker_id": "ae1562a0-8f14-401f-b51b-a94bbe3f726f-140006759937856", "trial_id": 20, "param_name": "l2reg", "param_value_internal": 4.2238906811558947e-07, "distribution": "{\"name\": \"FloatDistribution\", \"attributes\": {\"step\": null, \"low\": 1e-08, \"high\": 0.001, \"log\": true}}"}
{"op_code": 5, "worker_id": "ae1562a0-8f14-401f-b51b-a94bbe3f726f-140006759937856", "trial_id": 20, "param_name": "random_seed", "param_value_internal": 0, "distribution": "{\"name\": \"CategoricalDistribution\", \"attributes\": {\"choices\": [42]}}"}
{"op_code": 5, "worker_id": "ae1562a0-8f14-401f-b51b-a94bbe3f726f-140006759937856", "trial_id": 20, "param_name": "degree", "param_value_internal": 0, "distribution": "{\"name\": \"CategoricalDistribution\", \"attributes\": {\"choices\": [0]}}"}
{"op_code": 8, "worker_id": "ae1562a0-8f14-401f-b51b-a94bbe3f726f-140006759937856", "trial_id": 20, "user_attr": {"best_epoch": 2}}
{"op_code": 8, "worker_id": "ae1562a0-8f14-401f-b51b-a94bbe3f726f-140006759937856", "trial_id": 20, "user_attr": {"test_loss": 0.46174851038227666}}
{"op_code": 6, "worker_id": "ae1562a0-8f14-401f-b51b-a94bbe3f726f-140006759937856", "trial_id": 20, "state": 1, "values": [0.4607470077847987], "datetime_complete": "2024-08-28T08:53:13.687495"}
{"op_code": 4, "worker_id": "ae1562a0-8f14-401f-b51b-a94bbe3f726f-140006759937856", "study_id": 0, "datetime_start": "2024-08-28T08:53:13.696019"}
{"op_code": 5, "worker_id": "ae1562a0-8f14-401f-b51b-a94bbe3f726f-140006759937856", "trial_id": 21, "param_name": "lr", "param_value_internal": 0.0002031742192759957, "distribution": "{\"name\": \"FloatDistribution\", \"attributes\": {\"step\": null, \"low\": 1e-05, \"high\": 0.001, \"log\": true}}"}
{"op_code": 5, "worker_id": "ae1562a0-8f14-401f-b51b-a94bbe3f726f-140006759937856", "trial_id": 21, "param_name": "l2reg", "param_value_internal": 2.7727484952687155e-08, "distribution": "{\"name\": \"FloatDistribution\", \"attributes\": {\"step\": null, \"low\": 1e-08, \"high\": 0.001, \"log\": true}}"}
{"op_code": 5, "worker_id": "ae1562a0-8f14-401f-b51b-a94bbe3f726f-140006759937856", "trial_id": 21, "param_name": "random_seed", "param_value_internal": 0, "distribution": "{\"name\": \"CategoricalDistribution\", \"attributes\": {\"choices\": [42]}}"}
{"op_code": 5, "worker_id": "ae1562a0-8f14-401f-b51b-a94bbe3f726f-140006759937856", "trial_id": 21, "param_name": "degree", "param_value_internal": 0, "distribution": "{\"name\": \"CategoricalDistribution\", \"attributes\": {\"choices\": [0]}}"}
{"op_code": 8, "worker_id": "ae1562a0-8f14-401f-b51b-a94bbe3f726f-140006759937856", "trial_id": 21, "user_attr": {"best_epoch": 1}}
{"op_code": 8, "worker_id": "ae1562a0-8f14-401f-b51b-a94bbe3f726f-140006759937856", "trial_id": 21, "user_attr": {"test_loss": 0.4601663546435454}}
{"op_code": 6, "worker_id": "ae1562a0-8f14-401f-b51b-a94bbe3f726f-140006759937856", "trial_id": 21, "state": 1, "values": [0.45900760613621716], "datetime_complete": "2024-08-28T08:57:28.830039"}
{"op_code": 4, "worker_id": "ae1562a0-8f14-401f-b51b-a94bbe3f726f-140006759937856", "study_id": 0, "datetime_start": "2024-08-28T08:57:28.850972"}
{"op_code": 5, "worker_id": "ae1562a0-8f14-401f-b51b-a94bbe3f726f-140006759937856", "trial_id": 22, "param_name": "lr", "param_value_internal": 0.00023243345420759774, "distribution": "{\"name\": \"FloatDistribution\", \"attributes\": {\"step\": null, \"low\": 1e-05, \"high\": 0.001, \"log\": true}}"}
{"op_code": 5, "worker_id": "ae1562a0-8f14-401f-b51b-a94bbe3f726f-140006759937856", "trial_id": 22, "param_name": "l2reg", "param_value_internal": 3.390353206968354e-08, "distribution": "{\"name\": \"FloatDistribution\", \"attributes\": {\"step\": null, \"low\": 1e-08, \"high\": 0.001, \"log\": true}}"}
{"op_code": 5, "worker_id": "ae1562a0-8f14-401f-b51b-a94bbe3f726f-140006759937856", "trial_id": 22, "param_name": "random_seed", "param_value_internal": 0, "distribution": "{\"name\": \"CategoricalDistribution\", \"attributes\": {\"choices\": [42]}}"}
{"op_code": 5, "worker_id": "ae1562a0-8f14-401f-b51b-a94bbe3f726f-140006759937856", "trial_id": 22, "param_name": "degree", "param_value_internal": 0, "distribution": "{\"name\": \"CategoricalDistribution\", \"attributes\": {\"choices\": [0]}}"}
{"op_code": 8, "worker_id": "ae1562a0-8f14-401f-b51b-a94bbe3f726f-140006759937856", "trial_id": 22, "user_attr": {"best_epoch": 1}}
{"op_code": 8, "worker_id": "ae1562a0-8f14-401f-b51b-a94bbe3f726f-140006759937856", "trial_id": 22, "user_attr": {"test_loss": 0.46014081506751}}
{"op_code": 6, "worker_id": "ae1562a0-8f14-401f-b51b-a94bbe3f726f-140006759937856", "trial_id": 22, "state": 1, "values": [0.4589180458292231], "datetime_complete": "2024-08-28T09:01:45.014670"}
{"op_code": 4, "worker_id": "ae1562a0-8f14-401f-b51b-a94bbe3f726f-140006759937856", "study_id": 0, "datetime_start": "2024-08-28T09:01:45.023228"}
{"op_code": 5, "worker_id": "ae1562a0-8f14-401f-b51b-a94bbe3f726f-140006759937856", "trial_id": 23, "param_name": "lr", "param_value_internal": 0.00033633339474371896, "distribution": "{\"name\": \"FloatDistribution\", \"attributes\": {\"step\": null, \"low\": 1e-05, \"high\": 0.001, \"log\": true}}"}
{"op_code": 5, "worker_id": "ae1562a0-8f14-401f-b51b-a94bbe3f726f-140006759937856", "trial_id": 23, "param_name": "l2reg", "param_value_internal": 1.593180138288995e-07, "distribution": "{\"name\": \"FloatDistribution\", \"attributes\": {\"step\": null, \"low\": 1e-08, \"high\": 0.001, \"log\": true}}"}
{"op_code": 5, "worker_id": "ae1562a0-8f14-401f-b51b-a94bbe3f726f-140006759937856", "trial_id": 23, "param_name": "random_seed", "param_value_internal": 0, "distribution": "{\"name\": \"CategoricalDistribution\", \"attributes\": {\"choices\": [42]}}"}
{"op_code": 5, "worker_id": "ae1562a0-8f14-401f-b51b-a94bbe3f726f-140006759937856", "trial_id": 23, "param_name": "degree", "param_value_internal": 0, "distribution": "{\"name\": \"CategoricalDistribution\", \"attributes\": {\"choices\": [0]}}"}
{"op_code": 8, "worker_id": "ae1562a0-8f14-401f-b51b-a94bbe3f726f-140006759937856", "trial_id": 23, "user_attr": {"best_epoch": 0}}
{"op_code": 8, "worker_id": "ae1562a0-8f14-401f-b51b-a94bbe3f726f-140006759937856", "trial_id": 23, "user_attr": {"test_loss": 0.4611294524375979}}
{"op_code": 6, "worker_id": "ae1562a0-8f14-401f-b51b-a94bbe3f726f-140006759937856", "trial_id": 23, "state": 1, "values": [0.4601273390281371], "datetime_complete": "2024-08-28T09:05:15.845964"}
{"op_code": 4, "worker_id": "ae1562a0-8f14-401f-b51b-a94bbe3f726f-140006759937856", "study_id": 0, "datetime_start": "2024-08-28T09:05:15.858506"}
{"op_code": 5, "worker_id": "ae1562a0-8f14-401f-b51b-a94bbe3f726f-140006759937856", "trial_id": 24, "param_name": "lr", "param_value_internal": 0.000224961188615808, "distribution": "{\"name\": \"FloatDistribution\", \"attributes\": {\"step\": null, \"low\": 1e-05, \"high\": 0.001, \"log\": true}}"}
{"op_code": 5, "worker_id": "ae1562a0-8f14-401f-b51b-a94bbe3f726f-140006759937856", "trial_id": 24, "param_name": "l2reg", "param_value_internal": 1.3486352717922437e-06, "distribution": "{\"name\": \"FloatDistribution\", \"attributes\": {\"step\": null, \"low\": 1e-08, \"high\": 0.001, \"log\": true}}"}
{"op_code": 5, "worker_id": "ae1562a0-8f14-401f-b51b-a94bbe3f726f-140006759937856", "trial_id": 24, "param_name": "random_seed", "param_value_internal": 0, "distribution": "{\"name\": \"CategoricalDistribution\", \"attributes\": {\"choices\": [42]}}"}
{"op_code": 5, "worker_id": "ae1562a0-8f14-401f-b51b-a94bbe3f726f-140006759937856", "trial_id": 24, "param_name": "degree", "param_value_internal": 0, "distribution": "{\"name\": \"CategoricalDistribution\", \"attributes\": {\"choices\": [0]}}"}
{"op_code": 8, "worker_id": "ae1562a0-8f14-401f-b51b-a94bbe3f726f-140006759937856", "trial_id": 24, "user_attr": {"best_epoch": 1}}
{"op_code": 8, "worker_id": "ae1562a0-8f14-401f-b51b-a94bbe3f726f-140006759937856", "trial_id": 24, "user_attr": {"test_loss": 0.46011088528034744}}
{"op_code": 6, "worker_id": "ae1562a0-8f14-401f-b51b-a94bbe3f726f-140006759937856", "trial_id": 24, "state": 1, "values": [0.4589032336386375], "datetime_complete": "2024-08-28T09:09:30.418100"}
{"op_code": 4, "worker_id": "ae1562a0-8f14-401f-b51b-a94bbe3f726f-140006759937856", "study_id": 0, "datetime_start": "2024-08-28T09:09:30.426792"}
{"op_code": 5, "worker_id": "ae1562a0-8f14-401f-b51b-a94bbe3f726f-140006759937856", "trial_id": 25, "param_name": "lr", "param_value_internal": 0.0009970682275036447, "distribution": "{\"name\": \"FloatDistribution\", \"attributes\": {\"step\": null, \"low\": 1e-05, \"high\": 0.001, \"log\": true}}"}
{"op_code": 5, "worker_id": "ae1562a0-8f14-401f-b51b-a94bbe3f726f-140006759937856", "trial_id": 25, "param_name": "l2reg", "param_value_internal": 1.215130835091933e-06, "distribution": "{\"name\": \"FloatDistribution\", \"attributes\": {\"step\": null, \"low\": 1e-08, \"high\": 0.001, \"log\": true}}"}
{"op_code": 5, "worker_id": "ae1562a0-8f14-401f-b51b-a94bbe3f726f-140006759937856", "trial_id": 25, "param_name": "random_seed", "param_value_internal": 0, "distribution": "{\"name\": \"CategoricalDistribution\", \"attributes\": {\"choices\": [42]}}"}
{"op_code": 5, "worker_id": "ae1562a0-8f14-401f-b51b-a94bbe3f726f-140006759937856", "trial_id": 25, "param_name": "degree", "param_value_internal": 0, "distribution": "{\"name\": \"CategoricalDistribution\", \"attributes\": {\"choices\": [0]}}"}
{"op_code": 8, "worker_id": "ae1562a0-8f14-401f-b51b-a94bbe3f726f-140006759937856", "trial_id": 25, "user_attr": {"best_epoch": 0}}
{"op_code": 8, "worker_id": "ae1562a0-8f14-401f-b51b-a94bbe3f726f-140006759937856", "trial_id": 25, "user_attr": {"test_loss": 0.4626936655743312}}
{"op_code": 6, "worker_id": "ae1562a0-8f14-401f-b51b-a94bbe3f726f-140006759937856", "trial_id": 25, "state": 1, "values": [0.4614709345117933], "datetime_complete": "2024-08-28T09:13:01.767179"}
{"op_code": 4, "worker_id": "ae1562a0-8f14-401f-b51b-a94bbe3f726f-140006759937856", "study_id": 0, "datetime_start": "2024-08-28T09:13:01.776189"}
{"op_code": 5, "worker_id": "ae1562a0-8f14-401f-b51b-a94bbe3f726f-140006759937856", "trial_id": 26, "param_name": "lr", "param_value_internal": 0.00014670817273054065, "distribution": "{\"name\": \"FloatDistribution\", \"attributes\": {\"step\": null, \"low\": 1e-05, \"high\": 0.001, \"log\": true}}"}
{"op_code": 5, "worker_id": "ae1562a0-8f14-401f-b51b-a94bbe3f726f-140006759937856", "trial_id": 26, "param_name": "l2reg", "param_value_internal": 5.671434415126024e-06, "distribution": "{\"name\": \"FloatDistribution\", \"attributes\": {\"step\": null, \"low\": 1e-08, \"high\": 0.001, \"log\": true}}"}
{"op_code": 5, "worker_id": "ae1562a0-8f14-401f-b51b-a94bbe3f726f-140006759937856", "trial_id": 26, "param_name": "random_seed", "param_value_internal": 0, "distribution": "{\"name\": \"CategoricalDistribution\", \"attributes\": {\"choices\": [42]}}"}
{"op_code": 5, "worker_id": "ae1562a0-8f14-401f-b51b-a94bbe3f726f-140006759937856", "trial_id": 26, "param_name": "degree", "param_value_internal": 0, "distribution": "{\"name\": \"CategoricalDistribution\", \"attributes\": {\"choices\": [0]}}"}
{"op_code": 8, "worker_id": "ae1562a0-8f14-401f-b51b-a94bbe3f726f-140006759937856", "trial_id": 26, "user_attr": {"best_epoch": 2}}
{"op_code": 8, "worker_id": "ae1562a0-8f14-401f-b51b-a94bbe3f726f-140006759937856", "trial_id": 26, "user_attr": {"test_loss": 0.46101160390064533}}
{"op_code": 6, "worker_id": "ae1562a0-8f14-401f-b51b-a94bbe3f726f-140006759937856", "trial_id": 26, "state": 1, "values": [0.45980341779845035], "datetime_complete": "2024-08-28T09:18:01.840309"}
{"op_code": 4, "worker_id": "ae1562a0-8f14-401f-b51b-a94bbe3f726f-140006759937856", "study_id": 0, "datetime_start": "2024-08-28T09:18:01.848850"}
{"op_code": 5, "worker_id": "ae1562a0-8f14-401f-b51b-a94bbe3f726f-140006759937856", "trial_id": 27, "param_name": "lr", "param_value_internal": 7.630928846354307e-05, "distribution": "{\"name\": \"FloatDistribution\", \"attributes\": {\"step\": null, \"low\": 1e-05, \"high\": 0.001, \"log\": true}}"}
{"op_code": 5, "worker_id": "ae1562a0-8f14-401f-b51b-a94bbe3f726f-140006759937856", "trial_id": 27, "param_name": "l2reg", "param_value_internal": 1.6725088571097363e-05, "distribution": "{\"name\": \"FloatDistribution\", \"attributes\": {\"step\": null, \"low\": 1e-08, \"high\": 0.001, \"log\": true}}"}
{"op_code": 5, "worker_id": "ae1562a0-8f14-401f-b51b-a94bbe3f726f-140006759937856", "trial_id": 27, "param_name": "random_seed", "param_value_internal": 0, "distribution": "{\"name\": \"CategoricalDistribution\", \"attributes\": {\"choices\": [42]}}"}
{"op_code": 5, "worker_id": "ae1562a0-8f14-401f-b51b-a94bbe3f726f-140006759937856", "trial_id": 27, "param_name": "degree", "param_value_internal": 0, "distribution": "{\"name\": \"CategoricalDistribution\", \"attributes\": {\"choices\": [0]}}"}
{"op_code": 8, "worker_id": "ae1562a0-8f14-401f-b51b-a94bbe3f726f-140006759937856", "trial_id": 27, "user_attr": {"best_epoch": 4}}
{"op_code": 8, "worker_id": "ae1562a0-8f14-401f-b51b-a94bbe3f726f-140006759937856", "trial_id": 27, "user_attr": {"test_loss": 0.4627175635931626}}
{"op_code": 6, "worker_id": "ae1562a0-8f14-401f-b51b-a94bbe3f726f-140006759937856", "trial_id": 27, "state": 1, "values": [0.4619013660809998], "datetime_complete": "2024-08-28T09:24:25.437066"}
{"op_code": 4, "worker_id": "ae1562a0-8f14-401f-b51b-a94bbe3f726f-140006759937856", "study_id": 0, "datetime_start": "2024-08-28T09:24:25.445514"}
{"op_code": 5, "worker_id": "ae1562a0-8f14-401f-b51b-a94bbe3f726f-140006759937856", "trial_id": 28, "param_name": "lr", "param_value_internal": 0.00041336448120033375, "distribution": "{\"name\": \"FloatDistribution\", \"attributes\": {\"step\": null, \"low\": 1e-05, \"high\": 0.001, \"log\": true}}"}
{"op_code": 5, "worker_id": "ae1562a0-8f14-401f-b51b-a94bbe3f726f-140006759937856", "trial_id": 28, "param_name": "l2reg", "param_value_internal": 1.714515433733583e-06, "distribution": "{\"name\": \"FloatDistribution\", \"attributes\": {\"step\": null, \"low\": 1e-08, \"high\": 0.001, \"log\": true}}"}
{"op_code": 5, "worker_id": "ae1562a0-8f14-401f-b51b-a94bbe3f726f-140006759937856", "trial_id": 28, "param_name": "random_seed", "param_value_internal": 0, "distribution": "{\"name\": \"CategoricalDistribution\", \"attributes\": {\"choices\": [42]}}"}
{"op_code": 5, "worker_id": "ae1562a0-8f14-401f-b51b-a94bbe3f726f-140006759937856", "trial_id": 28, "param_name": "degree", "param_value_internal": 0, "distribution": "{\"name\": \"CategoricalDistribution\", \"attributes\": {\"choices\": [0]}}"}
{"op_code": 8, "worker_id": "ae1562a0-8f14-401f-b51b-a94bbe3f726f-140006759937856", "trial_id": 28, "user_attr": {"best_epoch": 0}}
{"op_code": 8, "worker_id": "ae1562a0-8f14-401f-b51b-a94bbe3f726f-140006759937856", "trial_id": 28, "user_attr": {"test_loss": 0.46072414051118854}}
{"op_code": 6, "worker_id": "ae1562a0-8f14-401f-b51b-a94bbe3f726f-140006759937856", "trial_id": 28, "state": 1, "values": [0.4596719023433802], "datetime_complete": "2024-08-28T09:27:56.579235"}
{"op_code": 4, "worker_id": "ae1562a0-8f14-401f-b51b-a94bbe3f726f-140006759937856", "study_id": 0, "datetime_start": "2024-08-28T09:27:56.587805"}
{"op_code": 5, "worker_id": "ae1562a0-8f14-401f-b51b-a94bbe3f726f-140006759937856", "trial_id": 29, "param_name": "lr", "param_value_internal": 4.6857847986990016e-05, "distribution": "{\"name\": \"FloatDistribution\", \"attributes\": {\"step\": null, \"low\": 1e-05, \"high\": 0.001, \"log\": true}}"}
{"op_code": 5, "worker_id": "ae1562a0-8f14-401f-b51b-a94bbe3f726f-140006759937856", "trial_id": 29, "param_name": "l2reg", "param_value_internal": 7.319940299776359e-07, "distribution": "{\"name\": \"FloatDistribution\", \"attributes\": {\"step\": null, \"low\": 1e-08, \"high\": 0.001, \"log\": true}}"}
{"op_code": 5, "worker_id": "ae1562a0-8f14-401f-b51b-a94bbe3f726f-140006759937856", "trial_id": 29, "param_name": "random_seed", "param_value_internal": 0, "distribution": "{\"name\": \"CategoricalDistribution\", \"attributes\": {\"choices\": [42]}}"}
{"op_code": 5, "worker_id": "ae1562a0-8f14-401f-b51b-a94bbe3f726f-140006759937856", "trial_id": 29, "param_name": "degree", "param_value_internal": 0, "distribution": "{\"name\": \"CategoricalDistribution\", \"attributes\": {\"choices\": [0]}}"}
{"op_code": 8, "worker_id": "ae1562a0-8f14-401f-b51b-a94bbe3f726f-140006759937856", "trial_id": 29, "user_attr": {"best_epoch": 7}}
{"op_code": 8, "worker_id": "ae1562a0-8f14-401f-b51b-a94bbe3f726f-140006759937856", "trial_id": 29, "user_attr": {"test_loss": 0.46396136766911095}}
{"op_code": 6, "worker_id": "ae1562a0-8f14-401f-b51b-a94bbe3f726f-140006759937856", "trial_id": 29, "state": 1, "values": [0.46297494449246107], "datetime_complete": "2024-08-28T09:35:52.171783"}
{"op_code": 4, "worker_id": "ae1562a0-8f14-401f-b51b-a94bbe3f726f-140006759937856", "study_id": 0, "datetime_start": "2024-08-28T09:35:52.180312"}
{"op_code": 5, "worker_id": "ae1562a0-8f14-401f-b51b-a94bbe3f726f-140006759937856", "trial_id": 30, "param_name": "lr", "param_value_internal": 0.0006764331799087737, "distribution": "{\"name\": \"FloatDistribution\", \"attributes\": {\"step\": null, \"low\": 1e-05, \"high\": 0.001, \"log\": true}}"}
{"op_code": 5, "worker_id": "ae1562a0-8f14-401f-b51b-a94bbe3f726f-140006759937856", "trial_id": 30, "param_name": "l2reg", "param_value_internal": 1.9328200770855613e-07, "distribution": "{\"name\": \"FloatDistribution\", \"attributes\": {\"step\": null, \"low\": 1e-08, \"high\": 0.001, \"log\": true}}"}
{"op_code": 5, "worker_id": "ae1562a0-8f14-401f-b51b-a94bbe3f726f-140006759937856", "trial_id": 30, "param_name": "random_seed", "param_value_internal": 0, "distribution": "{\"name\": \"CategoricalDistribution\", \"attributes\": {\"choices\": [42]}}"}
{"op_code": 5, "worker_id": "ae1562a0-8f14-401f-b51b-a94bbe3f726f-140006759937856", "trial_id": 30, "param_name": "degree", "param_value_internal": 0, "distribution": "{\"name\": \"CategoricalDistribution\", \"attributes\": {\"choices\": [0]}}"}
{"op_code": 8, "worker_id": "ae1562a0-8f14-401f-b51b-a94bbe3f726f-140006759937856", "trial_id": 30, "user_attr": {"best_epoch": 0}}
{"op_code": 8, "worker_id": "ae1562a0-8f14-401f-b51b-a94bbe3f726f-140006759937856", "trial_id": 30, "user_attr": {"test_loss": 0.4615992432039532}}
{"op_code": 6, "worker_id": "ae1562a0-8f14-401f-b51b-a94bbe3f726f-140006759937856", "trial_id": 30, "state": 1, "values": [0.4604327831953407], "datetime_complete": "2024-08-28T09:39:25.153212"}
{"op_code": 4, "worker_id": "ae1562a0-8f14-401f-b51b-a94bbe3f726f-140006759937856", "study_id": 0, "datetime_start": "2024-08-28T09:39:25.161849"}
{"op_code": 5, "worker_id": "ae1562a0-8f14-401f-b51b-a94bbe3f726f-140006759937856", "trial_id": 31, "param_name": "lr", "param_value_internal": 0.00021291039158905574, "distribution": "{\"name\": \"FloatDistribution\", \"attributes\": {\"step\": null, \"low\": 1e-05, \"high\": 0.001, \"log\": true}}"}
{"op_code": 5, "worker_id": "ae1562a0-8f14-401f-b51b-a94bbe3f726f-140006759937856", "trial_id": 31, "param_name": "l2reg", "param_value_internal": 2.227367791096656e-08, "distribution": "{\"name\": \"FloatDistribution\", \"attributes\": {\"step\": null, \"low\": 1e-08, \"high\": 0.001, \"log\": true}}"}
{"op_code": 5, "worker_id": "ae1562a0-8f14-401f-b51b-a94bbe3f726f-140006759937856", "trial_id": 31, "param_name": "random_seed", "param_value_internal": 0, "distribution": "{\"name\": \"CategoricalDistribution\", \"attributes\": {\"choices\": [42]}}"}
{"op_code": 5, "worker_id": "ae1562a0-8f14-401f-b51b-a94bbe3f726f-140006759937856", "trial_id": 31, "param_name": "degree", "param_value_internal": 0, "distribution": "{\"name\": \"CategoricalDistribution\", \"attributes\": {\"choices\": [0]}}"}
{"op_code": 8, "worker_id": "ae1562a0-8f14-401f-b51b-a94bbe3f726f-140006759937856", "trial_id": 31, "user_attr": {"best_epoch": 1}}
{"op_code": 8, "worker_id": "ae1562a0-8f14-401f-b51b-a94bbe3f726f-140006759937856", "trial_id": 31, "user_attr": {"test_loss": 0.4601124123103047}}
{"op_code": 6, "worker_id": "ae1562a0-8f14-401f-b51b-a94bbe3f726f-140006759937856", "trial_id": 31, "state": 1, "values": [0.4589309110566131], "datetime_complete": "2024-08-28T09:43:40.764724"}
{"op_code": 4, "worker_id": "ae1562a0-8f14-401f-b51b-a94bbe3f726f-140006759937856", "study_id": 0, "datetime_start": "2024-08-28T09:43:40.773404"}
{"op_code": 5, "worker_id": "ae1562a0-8f14-401f-b51b-a94bbe3f726f-140006759937856", "trial_id": 32, "param_name": "lr", "param_value_internal": 0.0002569532796402451, "distribution": "{\"name\": \"FloatDistribution\", \"attributes\": {\"step\": null, \"low\": 1e-05, \"high\": 0.001, \"log\": true}}"}
{"op_code": 5, "worker_id": "ae1562a0-8f14-401f-b51b-a94bbe3f726f-140006759937856", "trial_id": 32, "param_name": "l2reg", "param_value_internal": 3.959637581983245e-08, "distribution": "{\"name\": \"FloatDistribution\", \"attributes\": {\"step\": null, \"low\": 1e-08, \"high\": 0.001, \"log\": true}}"}
{"op_code": 5, "worker_id": "ae1562a0-8f14-401f-b51b-a94bbe3f726f-140006759937856", "trial_id": 32, "param_name": "random_seed", "param_value_internal": 0, "distribution": "{\"name\": \"CategoricalDistribution\", \"attributes\": {\"choices\": [42]}}"}
{"op_code": 5, "worker_id": "ae1562a0-8f14-401f-b51b-a94bbe3f726f-140006759937856", "trial_id": 32, "param_name": "degree", "param_value_internal": 0, "distribution": "{\"name\": \"CategoricalDistribution\", \"attributes\": {\"choices\": [0]}}"}
{"op_code": 8, "worker_id": "ae1562a0-8f14-401f-b51b-a94bbe3f726f-140006759937856", "trial_id": 32, "user_attr": {"best_epoch": 1}}
{"op_code": 8, "worker_id": "ae1562a0-8f14-401f-b51b-a94bbe3f726f-140006759937856", "trial_id": 32, "user_attr": {"test_loss": 0.4603655175257228}}
{"op_code": 6, "worker_id": "ae1562a0-8f14-401f-b51b-a94bbe3f726f-140006759937856", "trial_id": 32, "state": 1, "values": [0.4590951431285179], "datetime_complete": "2024-08-28T09:47:56.127606"}
{"op_code": 4, "worker_id": "ae1562a0-8f14-401f-b51b-a94bbe3f726f-140006759937856", "study_id": 0, "datetime_start": "2024-08-28T09:47:56.135995"}
{"op_code": 5, "worker_id": "ae1562a0-8f14-401f-b51b-a94bbe3f726f-140006759937856", "trial_id": 33, "param_name": "lr", "param_value_internal": 0.0002765161696407391, "distribution": "{\"name\": \"FloatDistribution\", \"attributes\": {\"step\": null, \"low\": 1e-05, \"high\": 0.001, \"log\": true}}"}
{"op_code": 5, "worker_id": "ae1562a0-8f14-401f-b51b-a94bbe3f726f-140006759937856", "trial_id": 33, "param_name": "l2reg", "param_value_internal": 2.4996529232985436e-08, "distribution": "{\"name\": \"FloatDistribution\", \"attributes\": {\"step\": null, \"low\": 1e-08, \"high\": 0.001, \"log\": true}}"}
{"op_code": 5, "worker_id": "ae1562a0-8f14-401f-b51b-a94bbe3f726f-140006759937856", "trial_id": 33, "param_name": "random_seed", "param_value_internal": 0, "distribution": "{\"name\": \"CategoricalDistribution\", \"attributes\": {\"choices\": [42]}}"}
{"op_code": 5, "worker_id": "ae1562a0-8f14-401f-b51b-a94bbe3f726f-140006759937856", "trial_id": 33, "param_name": "degree", "param_value_internal": 0, "distribution": "{\"name\": \"CategoricalDistribution\", \"attributes\": {\"choices\": [0]}}"}
{"op_code": 8, "worker_id": "ae1562a0-8f14-401f-b51b-a94bbe3f726f-140006759937856", "trial_id": 33, "user_attr": {"best_epoch": 1}}
{"op_code": 8, "worker_id": "ae1562a0-8f14-401f-b51b-a94bbe3f726f-140006759937856", "trial_id": 33, "user_attr": {"test_loss": 0.4606468727953505}}
{"op_code": 6, "worker_id": "ae1562a0-8f14-401f-b51b-a94bbe3f726f-140006759937856", "trial_id": 33, "state": 1, "values": [0.459343209145077], "datetime_complete": "2024-08-28T09:52:11.478215"}
{"op_code": 4, "worker_id": "ae1562a0-8f14-401f-b51b-a94bbe3f726f-140006759937856", "study_id": 0, "datetime_start": "2024-08-28T09:52:11.488156"}
{"op_code": 5, "worker_id": "ae1562a0-8f14-401f-b51b-a94bbe3f726f-140006759937856", "trial_id": 34, "param_name": "lr", "param_value_internal": 0.0001734869955434796, "distribution": "{\"name\": \"FloatDistribution\", \"attributes\": {\"step\": null, \"low\": 1e-05, \"high\": 0.001, \"log\": true}}"}
{"op_code": 5, "worker_id": "ae1562a0-8f14-401f-b51b-a94bbe3f726f-140006759937856", "trial_id": 34, "param_name": "l2reg", "param_value_internal": 6.162914578302289e-08, "distribution": "{\"name\": \"FloatDistribution\", \"attributes\": {\"step\": null, \"low\": 1e-08, \"high\": 0.001, \"log\": true}}"}
{"op_code": 5, "worker_id": "ae1562a0-8f14-401f-b51b-a94bbe3f726f-140006759937856", "trial_id": 34, "param_name": "random_seed", "param_value_internal": 0, "distribution": "{\"name\": \"CategoricalDistribution\", \"attributes\": {\"choices\": [42]}}"}
{"op_code": 5, "worker_id": "ae1562a0-8f14-401f-b51b-a94bbe3f726f-140006759937856", "trial_id": 34, "param_name": "degree", "param_value_internal": 0, "distribution": "{\"name\": \"CategoricalDistribution\", \"attributes\": {\"choices\": [0]}}"}
{"op_code": 8, "worker_id": "ae1562a0-8f14-401f-b51b-a94bbe3f726f-140006759937856", "trial_id": 34, "user_attr": {"best_epoch": 1}}
{"op_code": 8, "worker_id": "ae1562a0-8f14-401f-b51b-a94bbe3f726f-140006759937856", "trial_id": 34, "user_attr": {"test_loss": 0.4607069614241692}}
{"op_code": 6, "worker_id": "ae1562a0-8f14-401f-b51b-a94bbe3f726f-140006759937856", "trial_id": 34, "state": 1, "values": [0.45962864921984037], "datetime_complete": "2024-08-28T09:56:27.210054"}
{"op_code": 4, "worker_id": "ae1562a0-8f14-401f-b51b-a94bbe3f726f-140006759937856", "study_id": 0, "datetime_start": "2024-08-28T09:56:27.218664"}
{"op_code": 5, "worker_id": "ae1562a0-8f14-401f-b51b-a94bbe3f726f-140006759937856", "trial_id": 35, "param_name": "lr", "param_value_internal": 0.0001279983477624717, "distribution": "{\"name\": \"FloatDistribution\", \"attributes\": {\"step\": null, \"low\": 1e-05, \"high\": 0.001, \"log\": true}}"}
{"op_code": 5, "worker_id": "ae1562a0-8f14-401f-b51b-a94bbe3f726f-140006759937856", "trial_id": 35, "param_name": "l2reg", "param_value_internal": 1.1101253312259746e-05, "distribution": "{\"name\": \"FloatDistribution\", \"attributes\": {\"step\": null, \"low\": 1e-08, \"high\": 0.001, \"log\": true}}"}
{"op_code": 5, "worker_id": "ae1562a0-8f14-401f-b51b-a94bbe3f726f-140006759937856", "trial_id": 35, "param_name": "random_seed", "param_value_internal": 0, "distribution": "{\"name\": \"CategoricalDistribution\", \"attributes\": {\"choices\": [42]}}"}
{"op_code": 5, "worker_id": "ae1562a0-8f14-401f-b51b-a94bbe3f726f-140006759937856", "trial_id": 35, "param_name": "degree", "param_value_internal": 0, "distribution": "{\"name\": \"CategoricalDistribution\", \"attributes\": {\"choices\": [0]}}"}
{"op_code": 8, "worker_id": "ae1562a0-8f14-401f-b51b-a94bbe3f726f-140006759937856", "trial_id": 35, "user_attr": {"best_epoch": 2}}
{"op_code": 8, "worker_id": "ae1562a0-8f14-401f-b51b-a94bbe3f726f-140006759937856", "trial_id": 35, "user_attr": {"test_loss": 0.4610004184062083}}
{"op_code": 6, "worker_id": "ae1562a0-8f14-401f-b51b-a94bbe3f726f-140006759937856", "trial_id": 35, "state": 1, "values": [0.45988419768319017], "datetime_complete": "2024-08-28T10:01:27.680767"}
{"op_code": 4, "worker_id": "ae1562a0-8f14-401f-b51b-a94bbe3f726f-140006759937856", "study_id": 0, "datetime_start": "2024-08-28T10:01:27.693461"}
{"op_code": 5, "worker_id": "ae1562a0-8f14-401f-b51b-a94bbe3f726f-140006759937856", "trial_id": 36, "param_name": "lr", "param_value_internal": 0.0003183841699106418, "distribution": "{\"name\": \"FloatDistribution\", \"attributes\": {\"step\": null, \"low\": 1e-05, \"high\": 0.001, \"log\": true}}"}
{"op_code": 5, "worker_id": "ae1562a0-8f14-401f-b51b-a94bbe3f726f-140006759937856", "trial_id": 36, "param_name": "l2reg", "param_value_internal": 5.646150634013562e-07, "distribution": "{\"name\": \"FloatDistribution\", \"attributes\": {\"step\": null, \"low\": 1e-08, \"high\": 0.001, \"log\": true}}"}
{"op_code": 5, "worker_id": "ae1562a0-8f14-401f-b51b-a94bbe3f726f-140006759937856", "trial_id": 36, "param_name": "random_seed", "param_value_internal": 0, "distribution": "{\"name\": \"CategoricalDistribution\", \"attributes\": {\"choices\": [42]}}"}
{"op_code": 5, "worker_id": "ae1562a0-8f14-401f-b51b-a94bbe3f726f-140006759937856", "trial_id": 36, "param_name": "degree", "param_value_internal": 0, "distribution": "{\"name\": \"CategoricalDistribution\", \"attributes\": {\"choices\": [0]}}"}
{"op_code": 8, "worker_id": "ae1562a0-8f14-401f-b51b-a94bbe3f726f-140006759937856", "trial_id": 36, "user_attr": {"best_epoch": 1}}
{"op_code": 8, "worker_id": "ae1562a0-8f14-401f-b51b-a94bbe3f726f-140006759937856", "trial_id": 36, "user_attr": {"test_loss": 0.4614894497500252}}
{"op_code": 6, "worker_id": "ae1562a0-8f14-401f-b51b-a94bbe3f726f-140006759937856", "trial_id": 36, "state": 1, "values": [0.46012554476793727], "datetime_complete": "2024-08-28T10:05:44.012249"}
{"op_code": 4, "worker_id": "ae1562a0-8f14-401f-b51b-a94bbe3f726f-140006759937856", "study_id": 0, "datetime_start": "2024-08-28T10:05:44.021462"}
{"op_code": 5, "worker_id": "ae1562a0-8f14-401f-b51b-a94bbe3f726f-140006759937856", "trial_id": 37, "param_name": "lr", "param_value_internal": 7.512832812480501e-05, "distribution": "{\"name\": \"FloatDistribution\", \"attributes\": {\"step\": null, \"low\": 1e-05, \"high\": 0.001, \"log\": true}}"}
{"op_code": 5, "worker_id": "ae1562a0-8f14-401f-b51b-a94bbe3f726f-140006759937856", "trial_id": 37, "param_name": "l2reg", "param_value_internal": 2.1478955917015822e-07, "distribution": "{\"name\": \"FloatDistribution\", \"attributes\": {\"step\": null, \"low\": 1e-08, \"high\": 0.001, \"log\": true}}"}
{"op_code": 5, "worker_id": "ae1562a0-8f14-401f-b51b-a94bbe3f726f-140006759937856", "trial_id": 37, "param_name": "random_seed", "param_value_internal": 0, "distribution": "{\"name\": \"CategoricalDistribution\", \"attributes\": {\"choices\": [42]}}"}
{"op_code": 5, "worker_id": "ae1562a0-8f14-401f-b51b-a94bbe3f726f-140006759937856", "trial_id": 37, "param_name": "degree", "param_value_internal": 0, "distribution": "{\"name\": \"CategoricalDistribution\", \"attributes\": {\"choices\": [0]}}"}
{"op_code": 8, "worker_id": "ae1562a0-8f14-401f-b51b-a94bbe3f726f-140006759937856", "trial_id": 37, "user_attr": {"best_epoch": 4}}
{"op_code": 8, "worker_id": "ae1562a0-8f14-401f-b51b-a94bbe3f726f-140006759937856", "trial_id": 37, "user_attr": {"test_loss": 0.46273817849758575}}
{"op_code": 6, "worker_id": "ae1562a0-8f14-401f-b51b-a94bbe3f726f-140006759937856", "trial_id": 37, "state": 1, "values": [0.46193068505617946], "datetime_complete": "2024-08-28T10:12:11.136306"}
{"op_code": 4, "worker_id": "ae1562a0-8f14-401f-b51b-a94bbe3f726f-140006759937856", "study_id": 0, "datetime_start": "2024-08-28T10:12:11.144767"}
{"op_code": 5, "worker_id": "ae1562a0-8f14-401f-b51b-a94bbe3f726f-140006759937856", "trial_id": 38, "param_name": "lr", "param_value_internal": 0.0002152928962861136, "distribution": "{\"name\": \"FloatDistribution\", \"attributes\": {\"step\": null, \"low\": 1e-05, \"high\": 0.001, \"log\": true}}"}
{"op_code": 5, "worker_id": "ae1562a0-8f14-401f-b51b-a94bbe3f726f-140006759937856", "trial_id": 38, "param_name": "l2reg", "param_value_internal": 1.0327008229105815e-07, "distribution": "{\"name\": \"FloatDistribution\", \"attributes\": {\"step\": null, \"low\": 1e-08, \"high\": 0.001, \"log\": true}}"}
{"op_code": 5, "worker_id": "ae1562a0-8f14-401f-b51b-a94bbe3f726f-140006759937856", "trial_id": 38, "param_name": "random_seed", "param_value_internal": 0, "distribution": "{\"name\": \"CategoricalDistribution\", \"attributes\": {\"choices\": [42]}}"}
{"op_code": 5, "worker_id": "ae1562a0-8f14-401f-b51b-a94bbe3f726f-140006759937856", "trial_id": 38, "param_name": "degree", "param_value_internal": 0, "distribution": "{\"name\": \"CategoricalDistribution\", \"attributes\": {\"choices\": [0]}}"}
{"op_code": 8, "worker_id": "ae1562a0-8f14-401f-b51b-a94bbe3f726f-140006759937856", "trial_id": 38, "user_attr": {"best_epoch": 1}}
{"op_code": 8, "worker_id": "ae1562a0-8f14-401f-b51b-a94bbe3f726f-140006759937856", "trial_id": 38, "user_attr": {"test_loss": 0.46010668594796494}}
{"op_code": 6, "worker_id": "ae1562a0-8f14-401f-b51b-a94bbe3f726f-140006759937856", "trial_id": 38, "state": 1, "values": [0.4589201454954143], "datetime_complete": "2024-08-28T10:16:23.530333"}
{"op_code": 4, "worker_id": "ae1562a0-8f14-401f-b51b-a94bbe3f726f-140006759937856", "study_id": 0, "datetime_start": "2024-08-28T10:16:23.538790"}
{"op_code": 5, "worker_id": "ae1562a0-8f14-401f-b51b-a94bbe3f726f-140006759937856", "trial_id": 39, "param_name": "lr", "param_value_internal": 0.0004798156216545933, "distribution": "{\"name\": \"FloatDistribution\", \"attributes\": {\"step\": null, \"low\": 1e-05, \"high\": 0.001, \"log\": true}}"}
{"op_code": 5, "worker_id": "ae1562a0-8f14-401f-b51b-a94bbe3f726f-140006759937856", "trial_id": 39, "param_name": "l2reg", "param_value_internal": 9.190778581824061e-08, "distribution": "{\"name\": \"FloatDistribution\", \"attributes\": {\"step\": null, \"low\": 1e-08, \"high\": 0.001, \"log\": true}}"}
{"op_code": 5, "worker_id": "ae1562a0-8f14-401f-b51b-a94bbe3f726f-140006759937856", "trial_id": 39, "param_name": "random_seed", "param_value_internal": 0, "distribution": "{\"name\": \"CategoricalDistribution\", \"attributes\": {\"choices\": [42]}}"}
{"op_code": 5, "worker_id": "ae1562a0-8f14-401f-b51b-a94bbe3f726f-140006759937856", "trial_id": 39, "param_name": "degree", "param_value_internal": 0, "distribution": "{\"name\": \"CategoricalDistribution\", \"attributes\": {\"choices\": [0]}}"}
{"op_code": 8, "worker_id": "ae1562a0-8f14-401f-b51b-a94bbe3f726f-140006759937856", "trial_id": 39, "user_attr": {"best_epoch": 0}}
{"op_code": 8, "worker_id": "ae1562a0-8f14-401f-b51b-a94bbe3f726f-140006759937856", "trial_id": 39, "user_attr": {"test_loss": 0.46083034544471696}}
{"op_code": 6, "worker_id": "ae1562a0-8f14-401f-b51b-a94bbe3f726f-140006759937856", "trial_id": 39, "state": 1, "values": [0.4597435582241252], "datetime_complete": "2024-08-28T10:19:55.295350"}
{"op_code": 4, "worker_id": "ae1562a0-8f14-401f-b51b-a94bbe3f726f-140006759937856", "study_id": 0, "datetime_start": "2024-08-28T10:19:55.318752"}
{"op_code": 5, "worker_id": "ae1562a0-8f14-401f-b51b-a94bbe3f726f-140006759937856", "trial_id": 40, "param_name": "lr", "param_value_internal": 0.00017664658523925875, "distribution": "{\"name\": \"FloatDistribution\", \"attributes\": {\"step\": null, \"low\": 1e-05, \"high\": 0.001, \"log\": true}}"}
{"op_code": 5, "worker_id": "ae1562a0-8f14-401f-b51b-a94bbe3f726f-140006759937856", "trial_id": 40, "param_name": "l2reg", "param_value_internal": 3.075316483148354e-08, "distribution": "{\"name\": \"FloatDistribution\", \"attributes\": {\"step\": null, \"low\": 1e-08, \"high\": 0.001, \"log\": true}}"}
{"op_code": 5, "worker_id": "ae1562a0-8f14-401f-b51b-a94bbe3f726f-140006759937856", "trial_id": 40, "param_name": "random_seed", "param_value_internal": 0, "distribution": "{\"name\": \"CategoricalDistribution\", \"attributes\": {\"choices\": [42]}}"}
{"op_code": 5, "worker_id": "ae1562a0-8f14-401f-b51b-a94bbe3f726f-140006759937856", "trial_id": 40, "param_name": "degree", "param_value_internal": 0, "distribution": "{\"name\": \"CategoricalDistribution\", \"attributes\": {\"choices\": [0]}}"}
{"op_code": 8, "worker_id": "ae1562a0-8f14-401f-b51b-a94bbe3f726f-140006759937856", "trial_id": 40, "user_attr": {"best_epoch": 1}}
{"op_code": 8, "worker_id": "ae1562a0-8f14-401f-b51b-a94bbe3f726f-140006759937856", "trial_id": 40, "user_attr": {"test_loss": 0.4606179355776602}}
{"op_code": 6, "worker_id": "ae1562a0-8f14-401f-b51b-a94bbe3f726f-140006759937856", "trial_id": 40, "state": 1, "values": [0.4595306902480813], "datetime_complete": "2024-08-28T10:24:10.974039"}
{"op_code": 4, "worker_id": "ae1562a0-8f14-401f-b51b-a94bbe3f726f-140006759937856", "study_id": 0, "datetime_start": "2024-08-28T10:24:10.985340"}
{"op_code": 5, "worker_id": "ae1562a0-8f14-401f-b51b-a94bbe3f726f-140006759937856", "trial_id": 41, "param_name": "lr", "param_value_internal": 0.0002505638915103063, "distribution": "{\"name\": \"FloatDistribution\", \"attributes\": {\"step\": null, \"low\": 1e-05, \"high\": 0.001, \"log\": true}}"}
{"op_code": 5, "worker_id": "ae1562a0-8f14-401f-b51b-a94bbe3f726f-140006759937856", "trial_id": 41, "param_name": "l2reg", "param_value_internal": 1.1652434708622023e-07, "distribution": "{\"name\": \"FloatDistribution\", \"attributes\": {\"step\": null, \"low\": 1e-08, \"high\": 0.001, \"log\": true}}"}
{"op_code": 5, "worker_id": "ae1562a0-8f14-401f-b51b-a94bbe3f726f-140006759937856", "trial_id": 41, "param_name": "random_seed", "param_value_internal": 0, "distribution": "{\"name\": \"CategoricalDistribution\", \"attributes\": {\"choices\": [42]}}"}
{"op_code": 5, "worker_id": "ae1562a0-8f14-401f-b51b-a94bbe3f726f-140006759937856", "trial_id": 41, "param_name": "degree", "param_value_internal": 0, "distribution": "{\"name\": \"CategoricalDistribution\", \"attributes\": {\"choices\": [0]}}"}
{"op_code": 8, "worker_id": "ae1562a0-8f14-401f-b51b-a94bbe3f726f-140006759937856", "trial_id": 41, "user_attr": {"best_epoch": 1}}
{"op_code": 8, "worker_id": "ae1562a0-8f14-401f-b51b-a94bbe3f726f-140006759937856", "trial_id": 41, "user_attr": {"test_loss": 0.4602911129910547}}
{"op_code": 6, "worker_id": "ae1562a0-8f14-401f-b51b-a94bbe3f726f-140006759937856", "trial_id": 41, "state": 1, "values": [0.4590325730760186], "datetime_complete": "2024-08-28T10:28:26.813542"}
{"op_code": 4, "worker_id": "ae1562a0-8f14-401f-b51b-a94bbe3f726f-140006759937856", "study_id": 0, "datetime_start": "2024-08-28T10:28:26.829716"}
{"op_code": 5, "worker_id": "ae1562a0-8f14-401f-b51b-a94bbe3f726f-140006759937856", "trial_id": 42, "param_name": "lr", "param_value_internal": 0.0001273226155967636, "distribution": "{\"name\": \"FloatDistribution\", \"attributes\": {\"step\": null, \"low\": 1e-05, \"high\": 0.001, \"log\": true}}"}
{"op_code": 5, "worker_id": "ae1562a0-8f14-401f-b51b-a94bbe3f726f-140006759937856", "trial_id": 42, "param_name": "l2reg", "param_value_internal": 2.865930401667479e-06, "distribution": "{\"name\": \"FloatDistribution\", \"attributes\": {\"step\": null, \"low\": 1e-08, \"high\": 0.001, \"log\": true}}"}
{"op_code": 5, "worker_id": "ae1562a0-8f14-401f-b51b-a94bbe3f726f-140006759937856", "trial_id": 42, "param_name": "random_seed", "param_value_internal": 0, "distribution": "{\"name\": \"CategoricalDistribution\", \"attributes\": {\"choices\": [42]}}"}
{"op_code": 5, "worker_id": "ae1562a0-8f14-401f-b51b-a94bbe3f726f-140006759937856", "trial_id": 42, "param_name": "degree", "param_value_internal": 0, "distribution": "{\"name\": \"CategoricalDistribution\", \"attributes\": {\"choices\": [0]}}"}
{"op_code": 8, "worker_id": "ae1562a0-8f14-401f-b51b-a94bbe3f726f-140006759937856", "trial_id": 42, "user_attr": {"best_epoch": 2}}
{"op_code": 8, "worker_id": "ae1562a0-8f14-401f-b51b-a94bbe3f726f-140006759937856", "trial_id": 42, "user_attr": {"test_loss": 0.46101213836113036}}
{"op_code": 6, "worker_id": "ae1562a0-8f14-401f-b51b-a94bbe3f726f-140006759937856", "trial_id": 42, "state": 1, "values": [0.4598987426435332], "datetime_complete": "2024-08-28T10:33:27.815476"}
{"op_code": 4, "worker_id": "ae1562a0-8f14-401f-b51b-a94bbe3f726f-140006759937856", "study_id": 0, "datetime_start": "2024-08-28T10:33:27.825081"}
{"op_code": 5, "worker_id": "ae1562a0-8f14-401f-b51b-a94bbe3f726f-140006759937856", "trial_id": 43, "param_name": "lr", "param_value_internal": 0.0002306333659463728, "distribution": "{\"name\": \"FloatDistribution\", \"attributes\": {\"step\": null, \"low\": 1e-05, \"high\": 0.001, \"log\": true}}"}
{"op_code": 5, "worker_id": "ae1562a0-8f14-401f-b51b-a94bbe3f726f-140006759937856", "trial_id": 43, "param_name": "l2reg", "param_value_internal": 6.100908962548757e-08, "distribution": "{\"name\": \"FloatDistribution\", \"attributes\": {\"step\": null, \"low\": 1e-08, \"high\": 0.001, \"log\": true}}"}
{"op_code": 5, "worker_id": "ae1562a0-8f14-401f-b51b-a94bbe3f726f-140006759937856", "trial_id": 43, "param_name": "random_seed", "param_value_internal": 0, "distribution": "{\"name\": \"CategoricalDistribution\", \"attributes\": {\"choices\": [42]}}"}
{"op_code": 5, "worker_id": "ae1562a0-8f14-401f-b51b-a94bbe3f726f-140006759937856", "trial_id": 43, "param_name": "degree", "param_value_internal": 0, "distribution": "{\"name\": \"CategoricalDistribution\", \"attributes\": {\"choices\": [0]}}"}
{"op_code": 8, "worker_id": "ae1562a0-8f14-401f-b51b-a94bbe3f726f-140006759937856", "trial_id": 43, "user_attr": {"best_epoch": 1}}
{"op_code": 8, "worker_id": "ae1562a0-8f14-401f-b51b-a94bbe3f726f-140006759937856", "trial_id": 43, "user_attr": {"test_loss": 0.46013153836051957}}
{"op_code": 6, "worker_id": "ae1562a0-8f14-401f-b51b-a94bbe3f726f-140006759937856", "trial_id": 43, "state": 1, "values": [0.4589121285881386], "datetime_complete": "2024-08-28T10:37:43.896100"}
{"op_code": 4, "worker_id": "ae1562a0-8f14-401f-b51b-a94bbe3f726f-140006759937856", "study_id": 0, "datetime_start": "2024-08-28T10:37:43.904558"}
{"op_code": 5, "worker_id": "ae1562a0-8f14-401f-b51b-a94bbe3f726f-140006759937856", "trial_id": 44, "param_name": "lr", "param_value_internal": 0.0003220697372393947, "distribution": "{\"name\": \"FloatDistribution\", \"attributes\": {\"step\": null, \"low\": 1e-05, \"high\": 0.001, \"log\": true}}"}
{"op_code": 5, "worker_id": "ae1562a0-8f14-401f-b51b-a94bbe3f726f-140006759937856", "trial_id": 44, "param_name": "l2reg", "param_value_internal": 7.15857452072715e-08, "distribution": "{\"name\": \"FloatDistribution\", \"attributes\": {\"step\": null, \"low\": 1e-08, \"high\": 0.001, \"log\": true}}"}
{"op_code": 5, "worker_id": "ae1562a0-8f14-401f-b51b-a94bbe3f726f-140006759937856", "trial_id": 44, "param_name": "random_seed", "param_value_internal": 0, "distribution": "{\"name\": \"CategoricalDistribution\", \"attributes\": {\"choices\": [42]}}"}
{"op_code": 5, "worker_id": "ae1562a0-8f14-401f-b51b-a94bbe3f726f-140006759937856", "trial_id": 44, "param_name": "degree", "param_value_internal": 0, "distribution": "{\"name\": \"CategoricalDistribution\", \"attributes\": {\"choices\": [0]}}"}
{"op_code": 8, "worker_id": "ae1562a0-8f14-401f-b51b-a94bbe3f726f-140006759937856", "trial_id": 44, "user_attr": {"best_epoch": 1}}
{"op_code": 8, "worker_id": "ae1562a0-8f14-401f-b51b-a94bbe3f726f-140006759937856", "trial_id": 44, "user_attr": {"test_loss": 0.4615784374207853}}
{"op_code": 6, "worker_id": "ae1562a0-8f14-401f-b51b-a94bbe3f726f-140006759937856", "trial_id": 44, "state": 1, "values": [0.4602094168883405], "datetime_complete": "2024-08-28T10:42:00.265480"}
{"op_code": 4, "worker_id": "ae1562a0-8f14-401f-b51b-a94bbe3f726f-140006759937856", "study_id": 0, "datetime_start": "2024-08-28T10:42:00.281564"}
{"op_code": 5, "worker_id": "ae1562a0-8f14-401f-b51b-a94bbe3f726f-140006759937856", "trial_id": 45, "param_name": "lr", "param_value_internal": 0.00016989202376819314, "distribution": "{\"name\": \"FloatDistribution\", \"attributes\": {\"step\": null, \"low\": 1e-05, \"high\": 0.001, \"log\": true}}"}
{"op_code": 5, "worker_id": "ae1562a0-8f14-401f-b51b-a94bbe3f726f-140006759937856", "trial_id": 45, "param_name": "l2reg", "param_value_internal": 2.2870710717698934e-08, "distribution": "{\"name\": \"FloatDistribution\", \"attributes\": {\"step\": null, \"low\": 1e-08, \"high\": 0.001, \"log\": true}}"}
{"op_code": 5, "worker_id": "ae1562a0-8f14-401f-b51b-a94bbe3f726f-140006759937856", "trial_id": 45, "param_name": "random_seed", "param_value_internal": 0, "distribution": "{\"name\": \"CategoricalDistribution\", \"attributes\": {\"choices\": [42]}}"}
{"op_code": 5, "worker_id": "ae1562a0-8f14-401f-b51b-a94bbe3f726f-140006759937856", "trial_id": 45, "param_name": "degree", "param_value_internal": 0, "distribution": "{\"name\": \"CategoricalDistribution\", \"attributes\": {\"choices\": [0]}}"}
{"op_code": 8, "worker_id": "ae1562a0-8f14-401f-b51b-a94bbe3f726f-140006759937856", "trial_id": 45, "user_attr": {"best_epoch": 1}}
{"op_code": 8, "worker_id": "ae1562a0-8f14-401f-b51b-a94bbe3f726f-140006759937856", "trial_id": 45, "user_attr": {"test_loss": 0.46081816738080766}}
{"op_code": 6, "worker_id": "ae1562a0-8f14-401f-b51b-a94bbe3f726f-140006759937856", "trial_id": 45, "state": 1, "values": [0.45975073526492444], "datetime_complete": "2024-08-28T10:46:12.684690"}
{"op_code": 4, "worker_id": "ae1562a0-8f14-401f-b51b-a94bbe3f726f-140006759937856", "study_id": 0, "datetime_start": "2024-08-28T10:46:12.693195"}
{"op_code": 5, "worker_id": "ae1562a0-8f14-401f-b51b-a94bbe3f726f-140006759937856", "trial_id": 46, "param_name": "lr", "param_value_internal": 2.565570347466517e-05, "distribution": "{\"name\": \"FloatDistribution\", \"attributes\": {\"step\": null, \"low\": 1e-05, \"high\": 0.001, \"log\": true}}"}
{"op_code": 5, "worker_id": "ae1562a0-8f14-401f-b51b-a94bbe3f726f-140006759937856", "trial_id": 46, "param_name": "l2reg", "param_value_internal": 4.816225143727036e-08, "distribution": "{\"name\": \"FloatDistribution\", \"attributes\": {\"step\": null, \"low\": 1e-08, \"high\": 0.001, \"log\": true}}"}
{"op_code": 5, "worker_id": "ae1562a0-8f14-401f-b51b-a94bbe3f726f-140006759937856", "trial_id": 46, "param_name": "random_seed", "param_value_internal": 0, "distribution": "{\"name\": \"CategoricalDistribution\", \"attributes\": {\"choices\": [42]}}"}
{"op_code": 5, "worker_id": "ae1562a0-8f14-401f-b51b-a94bbe3f726f-140006759937856", "trial_id": 46, "param_name": "degree", "param_value_internal": 0, "distribution": "{\"name\": \"CategoricalDistribution\", \"attributes\": {\"choices\": [0]}}"}
{"op_code": 8, "worker_id": "ae1562a0-8f14-401f-b51b-a94bbe3f726f-140006759937856", "trial_id": 46, "user_attr": {"best_epoch": 2}}
{"op_code": 8, "worker_id": "ae1562a0-8f14-401f-b51b-a94bbe3f726f-140006759937856", "trial_id": 46, "user_attr": {"test_loss": 0.4655140517296668}}
{"op_code": 6, "worker_id": "ae1562a0-8f14-401f-b51b-a94bbe3f726f-140006759937856", "trial_id": 46, "state": 1, "values": [0.46480478449026214], "datetime_complete": "2024-08-28T10:51:09.929915"}
{"op_code": 4, "worker_id": "ae1562a0-8f14-401f-b51b-a94bbe3f726f-140006759937856", "study_id": 0, "datetime_start": "2024-08-28T10:51:09.939724"}
{"op_code": 5, "worker_id": "ae1562a0-8f14-401f-b51b-a94bbe3f726f-140006759937856", "trial_id": 47, "param_name": "lr", "param_value_internal": 0.00021677716826758655, "distribution": "{\"name\": \"FloatDistribution\", \"attributes\": {\"step\": null, \"low\": 1e-05, \"high\": 0.001, \"log\": true}}"}
{"op_code": 5, "worker_id": "ae1562a0-8f14-401f-b51b-a94bbe3f726f-140006759937856", "trial_id": 47, "param_name": "l2reg", "param_value_internal": 0.0003260511554433512, "distribution": "{\"name\": \"FloatDistribution\", \"attributes\": {\"step\": null, \"low\": 1e-08, \"high\": 0.001, \"log\": true}}"}
{"op_code": 5, "worker_id": "ae1562a0-8f14-401f-b51b-a94bbe3f726f-140006759937856", "trial_id": 47, "param_name": "random_seed", "param_value_internal": 0, "distribution": "{\"name\": \"CategoricalDistribution\", \"attributes\": {\"choices\": [42]}}"}
{"op_code": 5, "worker_id": "ae1562a0-8f14-401f-b51b-a94bbe3f726f-140006759937856", "trial_id": 47, "param_name": "degree", "param_value_internal": 0, "distribution": "{\"name\": \"CategoricalDistribution\", \"attributes\": {\"choices\": [0]}}"}
{"op_code": 8, "worker_id": "ae1562a0-8f14-401f-b51b-a94bbe3f726f-140006759937856", "trial_id": 47, "user_attr": {"best_epoch": 1}}
{"op_code": 8, "worker_id": "ae1562a0-8f14-401f-b51b-a94bbe3f726f-140006759937856", "trial_id": 47, "user_attr": {"test_loss": 0.46009496599304284}}
{"op_code": 6, "worker_id": "ae1562a0-8f14-401f-b51b-a94bbe3f726f-140006759937856", "trial_id": 47, "state": 1, "values": [0.45890506607458625], "datetime_complete": "2024-08-28T10:55:26.139857"}
{"op_code": 4, "worker_id": "ae1562a0-8f14-401f-b51b-a94bbe3f726f-140006759937856", "study_id": 0, "datetime_start": "2024-08-28T10:55:26.164057"}
{"op_code": 5, "worker_id": "ae1562a0-8f14-401f-b51b-a94bbe3f726f-140006759937856", "trial_id": 48, "param_name": "lr", "param_value_internal": 0.00039582411923453015, "distribution": "{\"name\": \"FloatDistribution\", \"attributes\": {\"step\": null, \"low\": 1e-05, \"high\": 0.001, \"log\": true}}"}
{"op_code": 5, "worker_id": "ae1562a0-8f14-401f-b51b-a94bbe3f726f-140006759937856", "trial_id": 48, "param_name": "l2reg", "param_value_internal": 0.00032252700253491924, "distribution": "{\"name\": \"FloatDistribution\", \"attributes\": {\"step\": null, \"low\": 1e-08, \"high\": 0.001, \"log\": true}}"}
{"op_code": 5, "worker_id": "ae1562a0-8f14-401f-b51b-a94bbe3f726f-140006759937856", "trial_id": 48, "param_name": "random_seed", "param_value_internal": 0, "distribution": "{\"name\": \"CategoricalDistribution\", \"attributes\": {\"choices\": [42]}}"}
{"op_code": 5, "worker_id": "ae1562a0-8f14-401f-b51b-a94bbe3f726f-140006759937856", "trial_id": 48, "param_name": "degree", "param_value_internal": 0, "distribution": "{\"name\": \"CategoricalDistribution\", \"attributes\": {\"choices\": [0]}}"}
{"op_code": 8, "worker_id": "ae1562a0-8f14-401f-b51b-a94bbe3f726f-140006759937856", "trial_id": 48, "user_attr": {"best_epoch": 0}}
{"op_code": 8, "worker_id": "ae1562a0-8f14-401f-b51b-a94bbe3f726f-140006759937856", "trial_id": 48, "user_attr": {"test_loss": 0.4607397543925017}}
{"op_code": 6, "worker_id": "ae1562a0-8f14-401f-b51b-a94bbe3f726f-140006759937856", "trial_id": 48, "state": 1, "values": [0.45969782367690487], "datetime_complete": "2024-08-28T10:58:59.234939"}
{"op_code": 4, "worker_id": "ae1562a0-8f14-401f-b51b-a94bbe3f726f-140006759937856", "study_id": 0, "datetime_start": "2024-08-28T10:58:59.243796"}
{"op_code": 5, "worker_id": "ae1562a0-8f14-401f-b51b-a94bbe3f726f-140006759937856", "trial_id": 49, "param_name": "lr", "param_value_internal": 8.611449637859449e-05, "distribution": "{\"name\": \"FloatDistribution\", \"attributes\": {\"step\": null, \"low\": 1e-05, \"high\": 0.001, \"log\": true}}"}
{"op_code": 5, "worker_id": "ae1562a0-8f14-401f-b51b-a94bbe3f726f-140006759937856", "trial_id": 49, "param_name": "l2reg", "param_value_internal": 6.084452028590767e-05, "distribution": "{\"name\": \"FloatDistribution\", \"attributes\": {\"step\": null, \"low\": 1e-08, \"high\": 0.001, \"log\": true}}"}
{"op_code": 5, "worker_id": "ae1562a0-8f14-401f-b51b-a94bbe3f726f-140006759937856", "trial_id": 49, "param_name": "random_seed", "param_value_internal": 0, "distribution": "{\"name\": \"CategoricalDistribution\", \"attributes\": {\"choices\": [42]}}"}
{"op_code": 5, "worker_id": "ae1562a0-8f14-401f-b51b-a94bbe3f726f-140006759937856", "trial_id": 49, "param_name": "degree", "param_value_internal": 0, "distribution": "{\"name\": \"CategoricalDistribution\", \"attributes\": {\"choices\": [0]}}"}
{"op_code": 8, "worker_id": "ae1562a0-8f14-401f-b51b-a94bbe3f726f-140006759937856", "trial_id": 49, "user_attr": {"best_epoch": 4}}
{"op_code": 8, "worker_id": "ae1562a0-8f14-401f-b51b-a94bbe3f726f-140006759937856", "trial_id": 49, "user_attr": {"test_loss": 0.46287939059288463}}
{"op_code": 6, "worker_id": "ae1562a0-8f14-401f-b51b-a94bbe3f726f-140006759937856", "trial_id": 49, "state": 1, "values": [0.461998714240776], "datetime_complete": "2024-08-28T11:05:24.347334"}
