{"op_code": 0, "worker_id": "39d33038-9795-44d9-a39c-4049a7de4fb9-140446145607488", "study_name": "criteo_bins_10", "directions": [1]}
{"op_code": 4, "worker_id": "39d33038-9795-44d9-a39c-4049a7de4fb9-140446145607488", "study_id": 0, "datetime_start": "2024-08-23T20:59:26.867163"}
{"op_code": 5, "worker_id": "39d33038-9795-44d9-a39c-4049a7de4fb9-140446145607488", "trial_id": 0, "param_name": "lr", "param_value_internal": 5.6115164153345e-05, "distribution": "{\"name\": \"FloatDistribution\", \"attributes\": {\"step\": null, \"low\": 1e-05, \"high\": 0.001, \"log\": true}}"}
{"op_code": 5, "worker_id": "39d33038-9795-44d9-a39c-4049a7de4fb9-140446145607488", "trial_id": 0, "param_name": "l2reg", "param_value_internal": 0.0005669849511478851, "distribution": "{\"name\": \"FloatDistribution\", \"attributes\": {\"step\": null, \"low\": 1e-08, \"high\": 0.001, \"log\": true}}"}
{"op_code": 5, "worker_id": "39d33038-9795-44d9-a39c-4049a7de4fb9-140446145607488", "trial_id": 0, "param_name": "random_seed", "param_value_internal": 0, "distribution": "{\"name\": \"CategoricalDistribution\", \"attributes\": {\"choices\": [42]}}"}
{"op_code": 5, "worker_id": "39d33038-9795-44d9-a39c-4049a7de4fb9-140446145607488", "trial_id": 0, "param_name": "degree", "param_value_internal": 0, "distribution": "{\"name\": \"CategoricalDistribution\", \"attributes\": {\"choices\": [0]}}"}
{"op_code": 8, "worker_id": "39d33038-9795-44d9-a39c-4049a7de4fb9-140446145607488", "trial_id": 0, "user_attr": {"best_epoch": 5}}
{"op_code": 8, "worker_id": "39d33038-9795-44d9-a39c-4049a7de4fb9-140446145607488", "trial_id": 0, "user_attr": {"test_loss": 0.4520877920190713}}
{"op_code": 6, "worker_id": "39d33038-9795-44d9-a39c-4049a7de4fb9-140446145607488", "trial_id": 0, "state": 1, "values": [0.44865354497095955], "datetime_complete": "2024-08-23T21:32:05.921792"}
{"op_code": 4, "worker_id": "39d33038-9795-44d9-a39c-4049a7de4fb9-140446145607488", "study_id": 0, "datetime_start": "2024-08-23T21:32:05.930743"}
{"op_code": 5, "worker_id": "39d33038-9795-44d9-a39c-4049a7de4fb9-140446145607488", "trial_id": 1, "param_name": "lr", "param_value_internal": 0.000291063591313307, "distribution": "{\"name\": \"FloatDistribution\", \"attributes\": {\"step\": null, \"low\": 1e-05, \"high\": 0.001, \"log\": true}}"}
{"op_code": 5, "worker_id": "39d33038-9795-44d9-a39c-4049a7de4fb9-140446145607488", "trial_id": 1, "param_name": "l2reg", "param_value_internal": 9.846738873614555e-06, "distribution": "{\"name\": \"FloatDistribution\", \"attributes\": {\"step\": null, \"low\": 1e-08, \"high\": 0.001, \"log\": true}}"}
{"op_code": 5, "worker_id": "39d33038-9795-44d9-a39c-4049a7de4fb9-140446145607488", "trial_id": 1, "param_name": "random_seed", "param_value_internal": 0, "distribution": "{\"name\": \"CategoricalDistribution\", \"attributes\": {\"choices\": [42]}}"}
{"op_code": 5, "worker_id": "39d33038-9795-44d9-a39c-4049a7de4fb9-140446145607488", "trial_id": 1, "param_name": "degree", "param_value_internal": 0, "distribution": "{\"name\": \"CategoricalDistribution\", \"attributes\": {\"choices\": [0]}}"}
{"op_code": 8, "worker_id": "39d33038-9795-44d9-a39c-4049a7de4fb9-140446145607488", "trial_id": 1, "user_attr": {"best_epoch": 1}}
{"op_code": 8, "worker_id": "39d33038-9795-44d9-a39c-4049a7de4fb9-140446145607488", "trial_id": 1, "user_attr": {"test_loss": 0.451694654463611}}
{"op_code": 6, "worker_id": "39d33038-9795-44d9-a39c-4049a7de4fb9-140446145607488", "trial_id": 1, "state": 1, "values": [0.44828691234978935], "datetime_complete": "2024-08-23T21:50:51.275772"}
{"op_code": 4, "worker_id": "39d33038-9795-44d9-a39c-4049a7de4fb9-140446145607488", "study_id": 0, "datetime_start": "2024-08-23T21:50:51.284785"}
{"op_code": 5, "worker_id": "39d33038-9795-44d9-a39c-4049a7de4fb9-140446145607488", "trial_id": 2, "param_name": "lr", "param_value_internal": 2.0513382630874486e-05, "distribution": "{\"name\": \"FloatDistribution\", \"attributes\": {\"step\": null, \"low\": 1e-05, \"high\": 0.001, \"log\": true}}"}
{"op_code": 5, "worker_id": "39d33038-9795-44d9-a39c-4049a7de4fb9-140446145607488", "trial_id": 2, "param_name": "l2reg", "param_value_internal": 6.02521573620385e-08, "distribution": "{\"name\": \"FloatDistribution\", \"attributes\": {\"step\": null, \"low\": 1e-08, \"high\": 0.001, \"log\": true}}"}
{"op_code": 5, "worker_id": "39d33038-9795-44d9-a39c-4049a7de4fb9-140446145607488", "trial_id": 2, "param_name": "random_seed", "param_value_internal": 0, "distribution": "{\"name\": \"CategoricalDistribution\", \"attributes\": {\"choices\": [42]}}"}
{"op_code": 5, "worker_id": "39d33038-9795-44d9-a39c-4049a7de4fb9-140446145607488", "trial_id": 2, "param_name": "degree", "param_value_internal": 0, "distribution": "{\"name\": \"CategoricalDistribution\", \"attributes\": {\"choices\": [0]}}"}
{"op_code": 8, "worker_id": "39d33038-9795-44d9-a39c-4049a7de4fb9-140446145607488", "trial_id": 2, "user_attr": {"best_epoch": 9}}
{"op_code": 8, "worker_id": "39d33038-9795-44d9-a39c-4049a7de4fb9-140446145607488", "trial_id": 2, "user_attr": {"test_loss": 0.4534575744478113}}
{"op_code": 6, "worker_id": "39d33038-9795-44d9-a39c-4049a7de4fb9-140446145607488", "trial_id": 2, "state": 1, "values": [0.4501426900421504], "datetime_complete": "2024-08-23T22:26:39.452197"}
{"op_code": 4, "worker_id": "39d33038-9795-44d9-a39c-4049a7de4fb9-140446145607488", "study_id": 0, "datetime_start": "2024-08-23T22:26:39.460899"}
{"op_code": 5, "worker_id": "39d33038-9795-44d9-a39c-4049a7de4fb9-140446145607488", "trial_id": 3, "param_name": "lr", "param_value_internal": 1.3066739238053272e-05, "distribution": "{\"name\": \"FloatDistribution\", \"attributes\": {\"step\": null, \"low\": 1e-05, \"high\": 0.001, \"log\": true}}"}
{"op_code": 5, "worker_id": "39d33038-9795-44d9-a39c-4049a7de4fb9-140446145607488", "trial_id": 3, "param_name": "l2reg", "param_value_internal": 0.00021423021757741048, "distribution": "{\"name\": \"FloatDistribution\", \"attributes\": {\"step\": null, \"low\": 1e-08, \"high\": 0.001, \"log\": true}}"}
{"op_code": 5, "worker_id": "39d33038-9795-44d9-a39c-4049a7de4fb9-140446145607488", "trial_id": 3, "param_name": "random_seed", "param_value_internal": 0, "distribution": "{\"name\": \"CategoricalDistribution\", \"attributes\": {\"choices\": [42]}}"}
{"op_code": 5, "worker_id": "39d33038-9795-44d9-a39c-4049a7de4fb9-140446145607488", "trial_id": 3, "param_name": "degree", "param_value_internal": 0, "distribution": "{\"name\": \"CategoricalDistribution\", \"attributes\": {\"choices\": [0]}}"}
{"op_code": 8, "worker_id": "39d33038-9795-44d9-a39c-4049a7de4fb9-140446145607488", "trial_id": 3, "user_attr": {"best_epoch": 9}}
{"op_code": 8, "worker_id": "39d33038-9795-44d9-a39c-4049a7de4fb9-140446145607488", "trial_id": 3, "user_attr": {"test_loss": 0.45537905106563437}}
{"op_code": 6, "worker_id": "39d33038-9795-44d9-a39c-4049a7de4fb9-140446145607488", "trial_id": 3, "state": 1, "values": [0.45211652169335115], "datetime_complete": "2024-08-23T23:03:07.399776"}
{"op_code": 4, "worker_id": "39d33038-9795-44d9-a39c-4049a7de4fb9-140446145607488", "study_id": 0, "datetime_start": "2024-08-23T23:03:07.408749"}
{"op_code": 5, "worker_id": "39d33038-9795-44d9-a39c-4049a7de4fb9-140446145607488", "trial_id": 4, "param_name": "lr", "param_value_internal": 0.00015930522616241006, "distribution": "{\"name\": \"FloatDistribution\", \"attributes\": {\"step\": null, \"low\": 1e-05, \"high\": 0.001, \"log\": true}}"}
{"op_code": 5, "worker_id": "39d33038-9795-44d9-a39c-4049a7de4fb9-140446145607488", "trial_id": 4, "param_name": "l2reg", "param_value_internal": 3.47026698865041e-05, "distribution": "{\"name\": \"FloatDistribution\", \"attributes\": {\"step\": null, \"low\": 1e-08, \"high\": 0.001, \"log\": true}}"}
{"op_code": 5, "worker_id": "39d33038-9795-44d9-a39c-4049a7de4fb9-140446145607488", "trial_id": 4, "param_name": "random_seed", "param_value_internal": 0, "distribution": "{\"name\": \"CategoricalDistribution\", \"attributes\": {\"choices\": [42]}}"}
{"op_code": 5, "worker_id": "39d33038-9795-44d9-a39c-4049a7de4fb9-140446145607488", "trial_id": 4, "param_name": "degree", "param_value_internal": 0, "distribution": "{\"name\": \"CategoricalDistribution\", \"attributes\": {\"choices\": [0]}}"}
{"op_code": 8, "worker_id": "39d33038-9795-44d9-a39c-4049a7de4fb9-140446145607488", "trial_id": 4, "user_attr": {"best_epoch": 1}}
{"op_code": 8, "worker_id": "39d33038-9795-44d9-a39c-4049a7de4fb9-140446145607488", "trial_id": 4, "user_attr": {"test_loss": 0.45131315142380296}}
{"op_code": 6, "worker_id": "39d33038-9795-44d9-a39c-4049a7de4fb9-140446145607488", "trial_id": 4, "state": 1, "values": [0.4480150646595385], "datetime_complete": "2024-08-23T23:21:55.955071"}
{"op_code": 4, "worker_id": "39d33038-9795-44d9-a39c-4049a7de4fb9-140446145607488", "study_id": 0, "datetime_start": "2024-08-23T23:21:55.965465"}
{"op_code": 5, "worker_id": "39d33038-9795-44d9-a39c-4049a7de4fb9-140446145607488", "trial_id": 5, "param_name": "lr", "param_value_internal": 1.0994335574766187e-05, "distribution": "{\"name\": \"FloatDistribution\", \"attributes\": {\"step\": null, \"low\": 1e-05, \"high\": 0.001, \"log\": true}}"}
{"op_code": 5, "worker_id": "39d33038-9795-44d9-a39c-4049a7de4fb9-140446145607488", "trial_id": 5, "param_name": "l2reg", "param_value_internal": 0.0007072114131472234, "distribution": "{\"name\": \"FloatDistribution\", \"attributes\": {\"step\": null, \"low\": 1e-08, \"high\": 0.001, \"log\": true}}"}
{"op_code": 5, "worker_id": "39d33038-9795-44d9-a39c-4049a7de4fb9-140446145607488", "trial_id": 5, "param_name": "random_seed", "param_value_internal": 0, "distribution": "{\"name\": \"CategoricalDistribution\", \"attributes\": {\"choices\": [42]}}"}
{"op_code": 5, "worker_id": "39d33038-9795-44d9-a39c-4049a7de4fb9-140446145607488", "trial_id": 5, "param_name": "degree", "param_value_internal": 0, "distribution": "{\"name\": \"CategoricalDistribution\", \"attributes\": {\"choices\": [0]}}"}
{"op_code": 8, "worker_id": "39d33038-9795-44d9-a39c-4049a7de4fb9-140446145607488", "trial_id": 5, "user_attr": {"best_epoch": 9}}
{"op_code": 8, "worker_id": "39d33038-9795-44d9-a39c-4049a7de4fb9-140446145607488", "trial_id": 5, "user_attr": {"test_loss": 0.45601342303157083}}
{"op_code": 6, "worker_id": "39d33038-9795-44d9-a39c-4049a7de4fb9-140446145607488", "trial_id": 5, "state": 1, "values": [0.45276623658231496], "datetime_complete": "2024-08-23T23:57:59.621993"}
{"op_code": 4, "worker_id": "39d33038-9795-44d9-a39c-4049a7de4fb9-140446145607488", "study_id": 0, "datetime_start": "2024-08-23T23:57:59.635538"}
{"op_code": 5, "worker_id": "39d33038-9795-44d9-a39c-4049a7de4fb9-140446145607488", "trial_id": 6, "param_name": "lr", "param_value_internal": 0.000462258900102083, "distribution": "{\"name\": \"FloatDistribution\", \"attributes\": {\"step\": null, \"low\": 1e-05, \"high\": 0.001, \"log\": true}}"}
{"op_code": 5, "worker_id": "39d33038-9795-44d9-a39c-4049a7de4fb9-140446145607488", "trial_id": 6, "param_name": "l2reg", "param_value_internal": 1.1526449540315595e-07, "distribution": "{\"name\": \"FloatDistribution\", \"attributes\": {\"step\": null, \"low\": 1e-08, \"high\": 0.001, \"log\": true}}"}
{"op_code": 5, "worker_id": "39d33038-9795-44d9-a39c-4049a7de4fb9-140446145607488", "trial_id": 6, "param_name": "random_seed", "param_value_internal": 0, "distribution": "{\"name\": \"CategoricalDistribution\", \"attributes\": {\"choices\": [42]}}"}
{"op_code": 5, "worker_id": "39d33038-9795-44d9-a39c-4049a7de4fb9-140446145607488", "trial_id": 6, "param_name": "degree", "param_value_internal": 0, "distribution": "{\"name\": \"CategoricalDistribution\", \"attributes\": {\"choices\": [0]}}"}
{"op_code": 8, "worker_id": "39d33038-9795-44d9-a39c-4049a7de4fb9-140446145607488", "trial_id": 6, "user_attr": {"best_epoch": 0}}
{"op_code": 8, "worker_id": "39d33038-9795-44d9-a39c-4049a7de4fb9-140446145607488", "trial_id": 6, "user_attr": {"test_loss": 0.4517289035690622}}
{"op_code": 6, "worker_id": "39d33038-9795-44d9-a39c-4049a7de4fb9-140446145607488", "trial_id": 6, "state": 1, "values": [0.44843768837914205], "datetime_complete": "2024-08-24T00:13:12.485753"}
{"op_code": 4, "worker_id": "39d33038-9795-44d9-a39c-4049a7de4fb9-140446145607488", "study_id": 0, "datetime_start": "2024-08-24T00:13:12.501092"}
{"op_code": 5, "worker_id": "39d33038-9795-44d9-a39c-4049a7de4fb9-140446145607488", "trial_id": 7, "param_name": "lr", "param_value_internal": 2.3102018878452926e-05, "distribution": "{\"name\": \"FloatDistribution\", \"attributes\": {\"step\": null, \"low\": 1e-05, \"high\": 0.001, \"log\": true}}"}
{"op_code": 5, "worker_id": "39d33038-9795-44d9-a39c-4049a7de4fb9-140446145607488", "trial_id": 7, "param_name": "l2reg", "param_value_internal": 8.260808399079588e-08, "distribution": "{\"name\": \"FloatDistribution\", \"attributes\": {\"step\": null, \"low\": 1e-08, \"high\": 0.001, \"log\": true}}"}
{"op_code": 5, "worker_id": "39d33038-9795-44d9-a39c-4049a7de4fb9-140446145607488", "trial_id": 7, "param_name": "random_seed", "param_value_internal": 0, "distribution": "{\"name\": \"CategoricalDistribution\", \"attributes\": {\"choices\": [42]}}"}
{"op_code": 5, "worker_id": "39d33038-9795-44d9-a39c-4049a7de4fb9-140446145607488", "trial_id": 7, "param_name": "degree", "param_value_internal": 0, "distribution": "{\"name\": \"CategoricalDistribution\", \"attributes\": {\"choices\": [0]}}"}
{"op_code": 8, "worker_id": "39d33038-9795-44d9-a39c-4049a7de4fb9-140446145607488", "trial_id": 7, "user_attr": {"best_epoch": 9}}
{"op_code": 8, "worker_id": "39d33038-9795-44d9-a39c-4049a7de4fb9-140446145607488", "trial_id": 7, "user_attr": {"test_loss": 0.45302796995735367}}
{"op_code": 6, "worker_id": "39d33038-9795-44d9-a39c-4049a7de4fb9-140446145607488", "trial_id": 7, "state": 1, "values": [0.4496823268678885], "datetime_complete": "2024-08-24T00:48:59.889730"}
{"op_code": 4, "worker_id": "39d33038-9795-44d9-a39c-4049a7de4fb9-140446145607488", "study_id": 0, "datetime_start": "2024-08-24T00:48:59.898845"}
{"op_code": 5, "worker_id": "39d33038-9795-44d9-a39c-4049a7de4fb9-140446145607488", "trial_id": 8, "param_name": "lr", "param_value_internal": 4.059611610484306e-05, "distribution": "{\"name\": \"FloatDistribution\", \"attributes\": {\"step\": null, \"low\": 1e-05, \"high\": 0.001, \"log\": true}}"}
{"op_code": 5, "worker_id": "39d33038-9795-44d9-a39c-4049a7de4fb9-140446145607488", "trial_id": 8, "param_name": "l2reg", "param_value_internal": 4.2051564509138674e-06, "distribution": "{\"name\": \"FloatDistribution\", \"attributes\": {\"step\": null, \"low\": 1e-08, \"high\": 0.001, \"log\": true}}"}
{"op_code": 5, "worker_id": "39d33038-9795-44d9-a39c-4049a7de4fb9-140446145607488", "trial_id": 8, "param_name": "random_seed", "param_value_internal": 0, "distribution": "{\"name\": \"CategoricalDistribution\", \"attributes\": {\"choices\": [42]}}"}
{"op_code": 5, "worker_id": "39d33038-9795-44d9-a39c-4049a7de4fb9-140446145607488", "trial_id": 8, "param_name": "degree", "param_value_internal": 0, "distribution": "{\"name\": \"CategoricalDistribution\", \"attributes\": {\"choices\": [0]}}"}
{"op_code": 8, "worker_id": "39d33038-9795-44d9-a39c-4049a7de4fb9-140446145607488", "trial_id": 8, "user_attr": {"best_epoch": 7}}
{"op_code": 8, "worker_id": "39d33038-9795-44d9-a39c-4049a7de4fb9-140446145607488", "trial_id": 8, "user_attr": {"test_loss": 0.45236131221048237}}
{"op_code": 6, "worker_id": "39d33038-9795-44d9-a39c-4049a7de4fb9-140446145607488", "trial_id": 8, "state": 1, "values": [0.44893051911892407], "datetime_complete": "2024-08-24T01:24:52.237323"}
{"op_code": 4, "worker_id": "39d33038-9795-44d9-a39c-4049a7de4fb9-140446145607488", "study_id": 0, "datetime_start": "2024-08-24T01:24:52.246123"}
{"op_code": 5, "worker_id": "39d33038-9795-44d9-a39c-4049a7de4fb9-140446145607488", "trial_id": 9, "param_name": "lr", "param_value_internal": 7.309539835912905e-05, "distribution": "{\"name\": \"FloatDistribution\", \"attributes\": {\"step\": null, \"low\": 1e-05, \"high\": 0.001, \"log\": true}}"}
{"op_code": 5, "worker_id": "39d33038-9795-44d9-a39c-4049a7de4fb9-140446145607488", "trial_id": 9, "param_name": "l2reg", "param_value_internal": 2.8585493941961875e-07, "distribution": "{\"name\": \"FloatDistribution\", \"attributes\": {\"step\": null, \"low\": 1e-08, \"high\": 0.001, \"log\": true}}"}
{"op_code": 5, "worker_id": "39d33038-9795-44d9-a39c-4049a7de4fb9-140446145607488", "trial_id": 9, "param_name": "random_seed", "param_value_internal": 0, "distribution": "{\"name\": \"CategoricalDistribution\", \"attributes\": {\"choices\": [42]}}"}
{"op_code": 5, "worker_id": "39d33038-9795-44d9-a39c-4049a7de4fb9-140446145607488", "trial_id": 9, "param_name": "degree", "param_value_internal": 0, "distribution": "{\"name\": \"CategoricalDistribution\", \"attributes\": {\"choices\": [0]}}"}
{"op_code": 8, "worker_id": "39d33038-9795-44d9-a39c-4049a7de4fb9-140446145607488", "trial_id": 9, "user_attr": {"best_epoch": 3}}
{"op_code": 8, "worker_id": "39d33038-9795-44d9-a39c-4049a7de4fb9-140446145607488", "trial_id": 9, "user_attr": {"test_loss": 0.45193068969990513}}
{"op_code": 6, "worker_id": "39d33038-9795-44d9-a39c-4049a7de4fb9-140446145607488", "trial_id": 9, "state": 1, "values": [0.4485260743273833], "datetime_complete": "2024-08-24T01:50:28.481175"}
{"op_code": 4, "worker_id": "39d33038-9795-44d9-a39c-4049a7de4fb9-140446145607488", "study_id": 0, "datetime_start": "2024-08-24T01:50:28.490155"}
{"op_code": 5, "worker_id": "39d33038-9795-44d9-a39c-4049a7de4fb9-140446145607488", "trial_id": 10, "param_name": "lr", "param_value_internal": 0.00018471184590376964, "distribution": "{\"name\": \"FloatDistribution\", \"attributes\": {\"step\": null, \"low\": 1e-05, \"high\": 0.001, \"log\": true}}"}
{"op_code": 5, "worker_id": "39d33038-9795-44d9-a39c-4049a7de4fb9-140446145607488", "trial_id": 10, "param_name": "l2reg", "param_value_internal": 3.8521646942747446e-05, "distribution": "{\"name\": \"FloatDistribution\", \"attributes\": {\"step\": null, \"low\": 1e-08, \"high\": 0.001, \"log\": true}}"}
{"op_code": 5, "worker_id": "39d33038-9795-44d9-a39c-4049a7de4fb9-140446145607488", "trial_id": 10, "param_name": "random_seed", "param_value_internal": 0, "distribution": "{\"name\": \"CategoricalDistribution\", \"attributes\": {\"choices\": [42]}}"}
{"op_code": 5, "worker_id": "39d33038-9795-44d9-a39c-4049a7de4fb9-140446145607488", "trial_id": 10, "param_name": "degree", "param_value_internal": 0, "distribution": "{\"name\": \"CategoricalDistribution\", \"attributes\": {\"choices\": [0]}}"}
{"op_code": 8, "worker_id": "39d33038-9795-44d9-a39c-4049a7de4fb9-140446145607488", "trial_id": 10, "user_attr": {"best_epoch": 1}}
{"op_code": 8, "worker_id": "39d33038-9795-44d9-a39c-4049a7de4fb9-140446145607488", "trial_id": 10, "user_attr": {"test_loss": 0.45119040728367216}}
{"op_code": 6, "worker_id": "39d33038-9795-44d9-a39c-4049a7de4fb9-140446145607488", "trial_id": 10, "state": 1, "values": [0.4478733780942172], "datetime_complete": "2024-08-24T02:09:35.636561"}
{"op_code": 4, "worker_id": "39d33038-9795-44d9-a39c-4049a7de4fb9-140446145607488", "study_id": 0, "datetime_start": "2024-08-24T02:09:35.645276"}
{"op_code": 5, "worker_id": "39d33038-9795-44d9-a39c-4049a7de4fb9-140446145607488", "trial_id": 11, "param_name": "lr", "param_value_internal": 0.00015320252245209042, "distribution": "{\"name\": \"FloatDistribution\", \"attributes\": {\"step\": null, \"low\": 1e-05, \"high\": 0.001, \"log\": true}}"}
{"op_code": 5, "worker_id": "39d33038-9795-44d9-a39c-4049a7de4fb9-140446145607488", "trial_id": 11, "param_name": "l2reg", "param_value_internal": 4.011123221868182e-05, "distribution": "{\"name\": \"FloatDistribution\", \"attributes\": {\"step\": null, \"low\": 1e-08, \"high\": 0.001, \"log\": true}}"}
{"op_code": 5, "worker_id": "39d33038-9795-44d9-a39c-4049a7de4fb9-140446145607488", "trial_id": 11, "param_name": "random_seed", "param_value_internal": 0, "distribution": "{\"name\": \"CategoricalDistribution\", \"attributes\": {\"choices\": [42]}}"}
{"op_code": 5, "worker_id": "39d33038-9795-44d9-a39c-4049a7de4fb9-140446145607488", "trial_id": 11, "param_name": "degree", "param_value_internal": 0, "distribution": "{\"name\": \"CategoricalDistribution\", \"attributes\": {\"choices\": [0]}}"}
{"op_code": 8, "worker_id": "39d33038-9795-44d9-a39c-4049a7de4fb9-140446145607488", "trial_id": 11, "user_attr": {"best_epoch": 1}}
{"op_code": 8, "worker_id": "39d33038-9795-44d9-a39c-4049a7de4fb9-140446145607488", "trial_id": 11, "user_attr": {"test_loss": 0.4513721238750151}}
{"op_code": 6, "worker_id": "39d33038-9795-44d9-a39c-4049a7de4fb9-140446145607488", "trial_id": 11, "state": 1, "values": [0.448078909054895], "datetime_complete": "2024-08-24T02:28:14.823432"}
{"op_code": 4, "worker_id": "39d33038-9795-44d9-a39c-4049a7de4fb9-140446145607488", "study_id": 0, "datetime_start": "2024-08-24T02:28:14.835857"}
{"op_code": 5, "worker_id": "39d33038-9795-44d9-a39c-4049a7de4fb9-140446145607488", "trial_id": 12, "param_name": "lr", "param_value_internal": 0.00016921668003142025, "distribution": "{\"name\": \"FloatDistribution\", \"attributes\": {\"step\": null, \"low\": 1e-05, \"high\": 0.001, \"log\": true}}"}
{"op_code": 5, "worker_id": "39d33038-9795-44d9-a39c-4049a7de4fb9-140446145607488", "trial_id": 12, "param_name": "l2reg", "param_value_internal": 4.634380861758262e-05, "distribution": "{\"name\": \"FloatDistribution\", \"attributes\": {\"step\": null, \"low\": 1e-08, \"high\": 0.001, \"log\": true}}"}
{"op_code": 5, "worker_id": "39d33038-9795-44d9-a39c-4049a7de4fb9-140446145607488", "trial_id": 12, "param_name": "random_seed", "param_value_internal": 0, "distribution": "{\"name\": \"CategoricalDistribution\", \"attributes\": {\"choices\": [42]}}"}
{"op_code": 5, "worker_id": "39d33038-9795-44d9-a39c-4049a7de4fb9-140446145607488", "trial_id": 12, "param_name": "degree", "param_value_internal": 0, "distribution": "{\"name\": \"CategoricalDistribution\", \"attributes\": {\"choices\": [0]}}"}
{"op_code": 8, "worker_id": "39d33038-9795-44d9-a39c-4049a7de4fb9-140446145607488", "trial_id": 12, "user_attr": {"best_epoch": 1}}
{"op_code": 8, "worker_id": "39d33038-9795-44d9-a39c-4049a7de4fb9-140446145607488", "trial_id": 12, "user_attr": {"test_loss": 0.45124374426636527}}
{"op_code": 6, "worker_id": "39d33038-9795-44d9-a39c-4049a7de4fb9-140446145607488", "trial_id": 12, "state": 1, "values": [0.44793736792099814], "datetime_complete": "2024-08-24T02:46:43.277748"}
{"op_code": 4, "worker_id": "39d33038-9795-44d9-a39c-4049a7de4fb9-140446145607488", "study_id": 0, "datetime_start": "2024-08-24T02:46:43.287556"}
{"op_code": 5, "worker_id": "39d33038-9795-44d9-a39c-4049a7de4fb9-140446145607488", "trial_id": 13, "param_name": "lr", "param_value_internal": 0.000758935828694729, "distribution": "{\"name\": \"FloatDistribution\", \"attributes\": {\"step\": null, \"low\": 1e-05, \"high\": 0.001, \"log\": true}}"}
{"op_code": 5, "worker_id": "39d33038-9795-44d9-a39c-4049a7de4fb9-140446145607488", "trial_id": 13, "param_name": "l2reg", "param_value_internal": 9.167785859319847e-07, "distribution": "{\"name\": \"FloatDistribution\", \"attributes\": {\"step\": null, \"low\": 1e-08, \"high\": 0.001, \"log\": true}}"}
{"op_code": 5, "worker_id": "39d33038-9795-44d9-a39c-4049a7de4fb9-140446145607488", "trial_id": 13, "param_name": "random_seed", "param_value_internal": 0, "distribution": "{\"name\": \"CategoricalDistribution\", \"attributes\": {\"choices\": [42]}}"}
{"op_code": 5, "worker_id": "39d33038-9795-44d9-a39c-4049a7de4fb9-140446145607488", "trial_id": 13, "param_name": "degree", "param_value_internal": 0, "distribution": "{\"name\": \"CategoricalDistribution\", \"attributes\": {\"choices\": [0]}}"}
{"op_code": 8, "worker_id": "39d33038-9795-44d9-a39c-4049a7de4fb9-140446145607488", "trial_id": 13, "user_attr": {"best_epoch": 0}}
{"op_code": 8, "worker_id": "39d33038-9795-44d9-a39c-4049a7de4fb9-140446145607488", "trial_id": 13, "user_attr": {"test_loss": 0.45162644711559996}}
{"op_code": 6, "worker_id": "39d33038-9795-44d9-a39c-4049a7de4fb9-140446145607488", "trial_id": 13, "state": 1, "values": [0.44829851050589337], "datetime_complete": "2024-08-24T03:02:07.898416"}
{"op_code": 4, "worker_id": "39d33038-9795-44d9-a39c-4049a7de4fb9-140446145607488", "study_id": 0, "datetime_start": "2024-08-24T03:02:07.907483"}
{"op_code": 5, "worker_id": "39d33038-9795-44d9-a39c-4049a7de4fb9-140446145607488", "trial_id": 14, "param_name": "lr", "param_value_internal": 0.0002506327991878283, "distribution": "{\"name\": \"FloatDistribution\", \"attributes\": {\"step\": null, \"low\": 1e-05, \"high\": 0.001, \"log\": true}}"}
{"op_code": 5, "worker_id": "39d33038-9795-44d9-a39c-4049a7de4fb9-140446145607488", "trial_id": 14, "param_name": "l2reg", "param_value_internal": 1.163814228102759e-08, "distribution": "{\"name\": \"FloatDistribution\", \"attributes\": {\"step\": null, \"low\": 1e-08, \"high\": 0.001, \"log\": true}}"}
{"op_code": 5, "worker_id": "39d33038-9795-44d9-a39c-4049a7de4fb9-140446145607488", "trial_id": 14, "param_name": "random_seed", "param_value_internal": 0, "distribution": "{\"name\": \"CategoricalDistribution\", \"attributes\": {\"choices\": [42]}}"}
{"op_code": 5, "worker_id": "39d33038-9795-44d9-a39c-4049a7de4fb9-140446145607488", "trial_id": 14, "param_name": "degree", "param_value_internal": 0, "distribution": "{\"name\": \"CategoricalDistribution\", \"attributes\": {\"choices\": [0]}}"}
{"op_code": 8, "worker_id": "39d33038-9795-44d9-a39c-4049a7de4fb9-140446145607488", "trial_id": 14, "user_attr": {"best_epoch": 1}}
{"op_code": 8, "worker_id": "39d33038-9795-44d9-a39c-4049a7de4fb9-140446145607488", "trial_id": 14, "user_attr": {"test_loss": 0.45141604417160214}}
{"op_code": 6, "worker_id": "39d33038-9795-44d9-a39c-4049a7de4fb9-140446145607488", "trial_id": 14, "state": 1, "values": [0.4480457506901085], "datetime_complete": "2024-08-24T03:20:56.431544"}
{"op_code": 4, "worker_id": "39d33038-9795-44d9-a39c-4049a7de4fb9-140446145607488", "study_id": 0, "datetime_start": "2024-08-24T03:20:56.440289"}
{"op_code": 5, "worker_id": "39d33038-9795-44d9-a39c-4049a7de4fb9-140446145607488", "trial_id": 15, "param_name": "lr", "param_value_internal": 0.00011971092838101261, "distribution": "{\"name\": \"FloatDistribution\", \"attributes\": {\"step\": null, \"low\": 1e-05, \"high\": 0.001, \"log\": true}}"}
{"op_code": 5, "worker_id": "39d33038-9795-44d9-a39c-4049a7de4fb9-140446145607488", "trial_id": 15, "param_name": "l2reg", "param_value_internal": 7.561219687267911e-05, "distribution": "{\"name\": \"FloatDistribution\", \"attributes\": {\"step\": null, \"low\": 1e-08, \"high\": 0.001, \"log\": true}}"}
{"op_code": 5, "worker_id": "39d33038-9795-44d9-a39c-4049a7de4fb9-140446145607488", "trial_id": 15, "param_name": "random_seed", "param_value_internal": 0, "distribution": "{\"name\": \"CategoricalDistribution\", \"attributes\": {\"choices\": [42]}}"}
{"op_code": 5, "worker_id": "39d33038-9795-44d9-a39c-4049a7de4fb9-140446145607488", "trial_id": 15, "param_name": "degree", "param_value_internal": 0, "distribution": "{\"name\": \"CategoricalDistribution\", \"attributes\": {\"choices\": [0]}}"}
{"op_code": 8, "worker_id": "39d33038-9795-44d9-a39c-4049a7de4fb9-140446145607488", "trial_id": 15, "user_attr": {"best_epoch": 2}}
{"op_code": 8, "worker_id": "39d33038-9795-44d9-a39c-4049a7de4fb9-140446145607488", "trial_id": 15, "user_attr": {"test_loss": 0.45147250793037674}}
{"op_code": 6, "worker_id": "39d33038-9795-44d9-a39c-4049a7de4fb9-140446145607488", "trial_id": 15, "state": 1, "values": [0.44813359127050784], "datetime_complete": "2024-08-24T03:43:23.644260"}
{"op_code": 4, "worker_id": "39d33038-9795-44d9-a39c-4049a7de4fb9-140446145607488", "study_id": 0, "datetime_start": "2024-08-24T03:43:23.654411"}
{"op_code": 5, "worker_id": "39d33038-9795-44d9-a39c-4049a7de4fb9-140446145607488", "trial_id": 16, "param_name": "lr", "param_value_internal": 0.0003137097699706723, "distribution": "{\"name\": \"FloatDistribution\", \"attributes\": {\"step\": null, \"low\": 1e-05, \"high\": 0.001, \"log\": true}}"}
{"op_code": 5, "worker_id": "39d33038-9795-44d9-a39c-4049a7de4fb9-140446145607488", "trial_id": 16, "param_name": "l2reg", "param_value_internal": 1.0788386058544978e-05, "distribution": "{\"name\": \"FloatDistribution\", \"attributes\": {\"step\": null, \"low\": 1e-08, \"high\": 0.001, \"log\": true}}"}
{"op_code": 5, "worker_id": "39d33038-9795-44d9-a39c-4049a7de4fb9-140446145607488", "trial_id": 16, "param_name": "random_seed", "param_value_internal": 0, "distribution": "{\"name\": \"CategoricalDistribution\", \"attributes\": {\"choices\": [42]}}"}
{"op_code": 5, "worker_id": "39d33038-9795-44d9-a39c-4049a7de4fb9-140446145607488", "trial_id": 16, "param_name": "degree", "param_value_internal": 0, "distribution": "{\"name\": \"CategoricalDistribution\", \"attributes\": {\"choices\": [0]}}"}
{"op_code": 8, "worker_id": "39d33038-9795-44d9-a39c-4049a7de4fb9-140446145607488", "trial_id": 16, "user_attr": {"best_epoch": 1}}
{"op_code": 8, "worker_id": "39d33038-9795-44d9-a39c-4049a7de4fb9-140446145607488", "trial_id": 16, "user_attr": {"test_loss": 0.4518464485350109}}
{"op_code": 6, "worker_id": "39d33038-9795-44d9-a39c-4049a7de4fb9-140446145607488", "trial_id": 16, "state": 1, "values": [0.4484215454910223], "datetime_complete": "2024-08-24T04:02:03.894660"}
{"op_code": 4, "worker_id": "39d33038-9795-44d9-a39c-4049a7de4fb9-140446145607488", "study_id": 0, "datetime_start": "2024-08-24T04:02:03.906125"}
{"op_code": 5, "worker_id": "39d33038-9795-44d9-a39c-4049a7de4fb9-140446145607488", "trial_id": 17, "param_name": "lr", "param_value_internal": 0.0009279057714208281, "distribution": "{\"name\": \"FloatDistribution\", \"attributes\": {\"step\": null, \"low\": 1e-05, \"high\": 0.001, \"log\": true}}"}
{"op_code": 5, "worker_id": "39d33038-9795-44d9-a39c-4049a7de4fb9-140446145607488", "trial_id": 17, "param_name": "l2reg", "param_value_internal": 0.00012808944435729837, "distribution": "{\"name\": \"FloatDistribution\", \"attributes\": {\"step\": null, \"low\": 1e-08, \"high\": 0.001, \"log\": true}}"}
{"op_code": 5, "worker_id": "39d33038-9795-44d9-a39c-4049a7de4fb9-140446145607488", "trial_id": 17, "param_name": "random_seed", "param_value_internal": 0, "distribution": "{\"name\": \"CategoricalDistribution\", \"attributes\": {\"choices\": [42]}}"}
{"op_code": 5, "worker_id": "39d33038-9795-44d9-a39c-4049a7de4fb9-140446145607488", "trial_id": 17, "param_name": "degree", "param_value_internal": 0, "distribution": "{\"name\": \"CategoricalDistribution\", \"attributes\": {\"choices\": [0]}}"}
{"op_code": 8, "worker_id": "39d33038-9795-44d9-a39c-4049a7de4fb9-140446145607488", "trial_id": 17, "user_attr": {"best_epoch": 0}}
{"op_code": 8, "worker_id": "39d33038-9795-44d9-a39c-4049a7de4fb9-140446145607488", "trial_id": 17, "user_attr": {"test_loss": 0.4516676405725811}}
{"op_code": 6, "worker_id": "39d33038-9795-44d9-a39c-4049a7de4fb9-140446145607488", "trial_id": 17, "state": 1, "values": [0.448343557889633], "datetime_complete": "2024-08-24T04:17:20.541299"}
{"op_code": 4, "worker_id": "39d33038-9795-44d9-a39c-4049a7de4fb9-140446145607488", "study_id": 0, "datetime_start": "2024-08-24T04:17:20.551327"}
{"op_code": 5, "worker_id": "39d33038-9795-44d9-a39c-4049a7de4fb9-140446145607488", "trial_id": 18, "param_name": "lr", "param_value_internal": 0.0005047375759196421, "distribution": "{\"name\": \"FloatDistribution\", \"attributes\": {\"step\": null, \"low\": 1e-05, \"high\": 0.001, \"log\": true}}"}
{"op_code": 5, "worker_id": "39d33038-9795-44d9-a39c-4049a7de4fb9-140446145607488", "trial_id": 18, "param_name": "l2reg", "param_value_internal": 2.1181449462294946e-06, "distribution": "{\"name\": \"FloatDistribution\", \"attributes\": {\"step\": null, \"low\": 1e-08, \"high\": 0.001, \"log\": true}}"}
{"op_code": 5, "worker_id": "39d33038-9795-44d9-a39c-4049a7de4fb9-140446145607488", "trial_id": 18, "param_name": "random_seed", "param_value_internal": 0, "distribution": "{\"name\": \"CategoricalDistribution\", \"attributes\": {\"choices\": [42]}}"}
{"op_code": 5, "worker_id": "39d33038-9795-44d9-a39c-4049a7de4fb9-140446145607488", "trial_id": 18, "param_name": "degree", "param_value_internal": 0, "distribution": "{\"name\": \"CategoricalDistribution\", \"attributes\": {\"choices\": [0]}}"}
{"op_code": 8, "worker_id": "39d33038-9795-44d9-a39c-4049a7de4fb9-140446145607488", "trial_id": 18, "user_attr": {"best_epoch": 0}}
{"op_code": 8, "worker_id": "39d33038-9795-44d9-a39c-4049a7de4fb9-140446145607488", "trial_id": 18, "user_attr": {"test_loss": 0.4517009443736355}}
{"op_code": 6, "worker_id": "39d33038-9795-44d9-a39c-4049a7de4fb9-140446145607488", "trial_id": 18, "state": 1, "values": [0.4484010760180236], "datetime_complete": "2024-08-24T04:33:05.823502"}
{"op_code": 4, "worker_id": "39d33038-9795-44d9-a39c-4049a7de4fb9-140446145607488", "study_id": 0, "datetime_start": "2024-08-24T04:33:05.832600"}
{"op_code": 5, "worker_id": "39d33038-9795-44d9-a39c-4049a7de4fb9-140446145607488", "trial_id": 19, "param_name": "lr", "param_value_internal": 8.653118455000341e-05, "distribution": "{\"name\": \"FloatDistribution\", \"attributes\": {\"step\": null, \"low\": 1e-05, \"high\": 0.001, \"log\": true}}"}
{"op_code": 5, "worker_id": "39d33038-9795-44d9-a39c-4049a7de4fb9-140446145607488", "trial_id": 19, "param_name": "l2reg", "param_value_internal": 1.695439134883415e-05, "distribution": "{\"name\": \"FloatDistribution\", \"attributes\": {\"step\": null, \"low\": 1e-08, \"high\": 0.001, \"log\": true}}"}
{"op_code": 5, "worker_id": "39d33038-9795-44d9-a39c-4049a7de4fb9-140446145607488", "trial_id": 19, "param_name": "random_seed", "param_value_internal": 0, "distribution": "{\"name\": \"CategoricalDistribution\", \"attributes\": {\"choices\": [42]}}"}
{"op_code": 5, "worker_id": "39d33038-9795-44d9-a39c-4049a7de4fb9-140446145607488", "trial_id": 19, "param_name": "degree", "param_value_internal": 0, "distribution": "{\"name\": \"CategoricalDistribution\", \"attributes\": {\"choices\": [0]}}"}
{"op_code": 8, "worker_id": "39d33038-9795-44d9-a39c-4049a7de4fb9-140446145607488", "trial_id": 19, "user_attr": {"best_epoch": 3}}
{"op_code": 8, "worker_id": "39d33038-9795-44d9-a39c-4049a7de4fb9-140446145607488", "trial_id": 19, "user_attr": {"test_loss": 0.45181648965720644}}
{"op_code": 6, "worker_id": "39d33038-9795-44d9-a39c-4049a7de4fb9-140446145607488", "trial_id": 19, "state": 1, "values": [0.4483686084525035], "datetime_complete": "2024-08-24T04:58:20.962572"}
{"op_code": 4, "worker_id": "39d33038-9795-44d9-a39c-4049a7de4fb9-140446145607488", "study_id": 0, "datetime_start": "2024-08-24T04:58:20.971400"}
{"op_code": 5, "worker_id": "39d33038-9795-44d9-a39c-4049a7de4fb9-140446145607488", "trial_id": 20, "param_name": "lr", "param_value_internal": 0.00019950364153925506, "distribution": "{\"name\": \"FloatDistribution\", \"attributes\": {\"step\": null, \"low\": 1e-05, \"high\": 0.001, \"log\": true}}"}
{"op_code": 5, "worker_id": "39d33038-9795-44d9-a39c-4049a7de4fb9-140446145607488", "trial_id": 20, "param_name": "l2reg", "param_value_internal": 0.0002494279464885976, "distribution": "{\"name\": \"FloatDistribution\", \"attributes\": {\"step\": null, \"low\": 1e-08, \"high\": 0.001, \"log\": true}}"}
{"op_code": 5, "worker_id": "39d33038-9795-44d9-a39c-4049a7de4fb9-140446145607488", "trial_id": 20, "param_name": "random_seed", "param_value_internal": 0, "distribution": "{\"name\": \"CategoricalDistribution\", \"attributes\": {\"choices\": [42]}}"}
{"op_code": 5, "worker_id": "39d33038-9795-44d9-a39c-4049a7de4fb9-140446145607488", "trial_id": 20, "param_name": "degree", "param_value_internal": 0, "distribution": "{\"name\": \"CategoricalDistribution\", \"attributes\": {\"choices\": [0]}}"}
{"op_code": 8, "worker_id": "39d33038-9795-44d9-a39c-4049a7de4fb9-140446145607488", "trial_id": 20, "user_attr": {"best_epoch": 1}}
{"op_code": 8, "worker_id": "39d33038-9795-44d9-a39c-4049a7de4fb9-140446145607488", "trial_id": 20, "user_attr": {"test_loss": 0.45117735481142485}}
{"op_code": 6, "worker_id": "39d33038-9795-44d9-a39c-4049a7de4fb9-140446145607488", "trial_id": 20, "state": 1, "values": [0.4478503999291458], "datetime_complete": "2024-08-24T05:17:08.460983"}
{"op_code": 4, "worker_id": "39d33038-9795-44d9-a39c-4049a7de4fb9-140446145607488", "study_id": 0, "datetime_start": "2024-08-24T05:17:08.474950"}
{"op_code": 5, "worker_id": "39d33038-9795-44d9-a39c-4049a7de4fb9-140446145607488", "trial_id": 21, "param_name": "lr", "param_value_internal": 0.00020957470381061463, "distribution": "{\"name\": \"FloatDistribution\", \"attributes\": {\"step\": null, \"low\": 1e-05, \"high\": 0.001, \"log\": true}}"}
{"op_code": 5, "worker_id": "39d33038-9795-44d9-a39c-4049a7de4fb9-140446145607488", "trial_id": 21, "param_name": "l2reg", "param_value_internal": 0.00024280414026731873, "distribution": "{\"name\": \"FloatDistribution\", \"attributes\": {\"step\": null, \"low\": 1e-08, \"high\": 0.001, \"log\": true}}"}
{"op_code": 5, "worker_id": "39d33038-9795-44d9-a39c-4049a7de4fb9-140446145607488", "trial_id": 21, "param_name": "random_seed", "param_value_internal": 0, "distribution": "{\"name\": \"CategoricalDistribution\", \"attributes\": {\"choices\": [42]}}"}
{"op_code": 5, "worker_id": "39d33038-9795-44d9-a39c-4049a7de4fb9-140446145607488", "trial_id": 21, "param_name": "degree", "param_value_internal": 0, "distribution": "{\"name\": \"CategoricalDistribution\", \"attributes\": {\"choices\": [0]}}"}
{"op_code": 8, "worker_id": "39d33038-9795-44d9-a39c-4049a7de4fb9-140446145607488", "trial_id": 21, "user_attr": {"best_epoch": 1}}
{"op_code": 8, "worker_id": "39d33038-9795-44d9-a39c-4049a7de4fb9-140446145607488", "trial_id": 21, "user_attr": {"test_loss": 0.4511974607087863}}
{"op_code": 6, "worker_id": "39d33038-9795-44d9-a39c-4049a7de4fb9-140446145607488", "trial_id": 21, "state": 1, "values": [0.4478629797473653], "datetime_complete": "2024-08-24T05:35:54.979880"}
{"op_code": 4, "worker_id": "39d33038-9795-44d9-a39c-4049a7de4fb9-140446145607488", "study_id": 0, "datetime_start": "2024-08-24T05:35:54.990488"}
{"op_code": 5, "worker_id": "39d33038-9795-44d9-a39c-4049a7de4fb9-140446145607488", "trial_id": 22, "param_name": "lr", "param_value_internal": 0.0002387358522223511, "distribution": "{\"name\": \"FloatDistribution\", \"attributes\": {\"step\": null, \"low\": 1e-05, \"high\": 0.001, \"log\": true}}"}
{"op_code": 5, "worker_id": "39d33038-9795-44d9-a39c-4049a7de4fb9-140446145607488", "trial_id": 22, "param_name": "l2reg", "param_value_internal": 0.00026809177048658017, "distribution": "{\"name\": \"FloatDistribution\", \"attributes\": {\"step\": null, \"low\": 1e-08, \"high\": 0.001, \"log\": true}}"}
{"op_code": 5, "worker_id": "39d33038-9795-44d9-a39c-4049a7de4fb9-140446145607488", "trial_id": 22, "param_name": "random_seed", "param_value_internal": 0, "distribution": "{\"name\": \"CategoricalDistribution\", \"attributes\": {\"choices\": [42]}}"}
{"op_code": 5, "worker_id": "39d33038-9795-44d9-a39c-4049a7de4fb9-140446145607488", "trial_id": 22, "param_name": "degree", "param_value_internal": 0, "distribution": "{\"name\": \"CategoricalDistribution\", \"attributes\": {\"choices\": [0]}}"}
{"op_code": 8, "worker_id": "39d33038-9795-44d9-a39c-4049a7de4fb9-140446145607488", "trial_id": 22, "user_attr": {"best_epoch": 1}}
{"op_code": 8, "worker_id": "39d33038-9795-44d9-a39c-4049a7de4fb9-140446145607488", "trial_id": 22, "user_attr": {"test_loss": 0.45132667654824865}}
{"op_code": 6, "worker_id": "39d33038-9795-44d9-a39c-4049a7de4fb9-140446145607488", "trial_id": 22, "state": 1, "values": [0.4479679085201436], "datetime_complete": "2024-08-24T05:54:36.494368"}
{"op_code": 4, "worker_id": "39d33038-9795-44d9-a39c-4049a7de4fb9-140446145607488", "study_id": 0, "datetime_start": "2024-08-24T05:54:36.507462"}
{"op_code": 5, "worker_id": "39d33038-9795-44d9-a39c-4049a7de4fb9-140446145607488", "trial_id": 23, "param_name": "lr", "param_value_internal": 0.0004073859762101027, "distribution": "{\"name\": \"FloatDistribution\", \"attributes\": {\"step\": null, \"low\": 1e-05, \"high\": 0.001, \"log\": true}}"}
{"op_code": 5, "worker_id": "39d33038-9795-44d9-a39c-4049a7de4fb9-140446145607488", "trial_id": 23, "param_name": "l2reg", "param_value_internal": 0.0009551743658898723, "distribution": "{\"name\": \"FloatDistribution\", \"attributes\": {\"step\": null, \"low\": 1e-08, \"high\": 0.001, \"log\": true}}"}
{"op_code": 5, "worker_id": "39d33038-9795-44d9-a39c-4049a7de4fb9-140446145607488", "trial_id": 23, "param_name": "random_seed", "param_value_internal": 0, "distribution": "{\"name\": \"CategoricalDistribution\", \"attributes\": {\"choices\": [42]}}"}
{"op_code": 5, "worker_id": "39d33038-9795-44d9-a39c-4049a7de4fb9-140446145607488", "trial_id": 23, "param_name": "degree", "param_value_internal": 0, "distribution": "{\"name\": \"CategoricalDistribution\", \"attributes\": {\"choices\": [0]}}"}
{"op_code": 8, "worker_id": "39d33038-9795-44d9-a39c-4049a7de4fb9-140446145607488", "trial_id": 23, "user_attr": {"best_epoch": 0}}
{"op_code": 8, "worker_id": "39d33038-9795-44d9-a39c-4049a7de4fb9-140446145607488", "trial_id": 23, "user_attr": {"test_loss": 0.4517560628915378}}
{"op_code": 6, "worker_id": "39d33038-9795-44d9-a39c-4049a7de4fb9-140446145607488", "trial_id": 23, "state": 1, "values": [0.4484783728201466], "datetime_complete": "2024-08-24T06:09:44.952152"}
{"op_code": 4, "worker_id": "39d33038-9795-44d9-a39c-4049a7de4fb9-140446145607488", "study_id": 0, "datetime_start": "2024-08-24T06:09:44.960849"}
{"op_code": 5, "worker_id": "39d33038-9795-44d9-a39c-4049a7de4fb9-140446145607488", "trial_id": 24, "param_name": "lr", "param_value_internal": 0.000111591481744725, "distribution": "{\"name\": \"FloatDistribution\", \"attributes\": {\"step\": null, \"low\": 1e-05, \"high\": 0.001, \"log\": true}}"}
{"op_code": 5, "worker_id": "39d33038-9795-44d9-a39c-4049a7de4fb9-140446145607488", "trial_id": 24, "param_name": "l2reg", "param_value_internal": 0.00020061385537592733, "distribution": "{\"name\": \"FloatDistribution\", \"attributes\": {\"step\": null, \"low\": 1e-08, \"high\": 0.001, \"log\": true}}"}
{"op_code": 5, "worker_id": "39d33038-9795-44d9-a39c-4049a7de4fb9-140446145607488", "trial_id": 24, "param_name": "random_seed", "param_value_internal": 0, "distribution": "{\"name\": \"CategoricalDistribution\", \"attributes\": {\"choices\": [42]}}"}
{"op_code": 5, "worker_id": "39d33038-9795-44d9-a39c-4049a7de4fb9-140446145607488", "trial_id": 24, "param_name": "degree", "param_value_internal": 0, "distribution": "{\"name\": \"CategoricalDistribution\", \"attributes\": {\"choices\": [0]}}"}
{"op_code": 8, "worker_id": "39d33038-9795-44d9-a39c-4049a7de4fb9-140446145607488", "trial_id": 24, "user_attr": {"best_epoch": 2}}
{"op_code": 8, "worker_id": "39d33038-9795-44d9-a39c-4049a7de4fb9-140446145607488", "trial_id": 24, "user_attr": {"test_loss": 0.4514887598944284}}
{"op_code": 6, "worker_id": "39d33038-9795-44d9-a39c-4049a7de4fb9-140446145607488", "trial_id": 24, "state": 1, "values": [0.4481636955753798], "datetime_complete": "2024-08-24T06:32:05.593983"}
{"op_code": 4, "worker_id": "39d33038-9795-44d9-a39c-4049a7de4fb9-140446145607488", "study_id": 0, "datetime_start": "2024-08-24T06:32:05.609019"}
{"op_code": 5, "worker_id": "39d33038-9795-44d9-a39c-4049a7de4fb9-140446145607488", "trial_id": 25, "param_name": "lr", "param_value_internal": 0.00019645836711178132, "distribution": "{\"name\": \"FloatDistribution\", \"attributes\": {\"step\": null, \"low\": 1e-05, \"high\": 0.001, \"log\": true}}"}
{"op_code": 5, "worker_id": "39d33038-9795-44d9-a39c-4049a7de4fb9-140446145607488", "trial_id": 25, "param_name": "l2reg", "param_value_internal": 0.00010313316434028185, "distribution": "{\"name\": \"FloatDistribution\", \"attributes\": {\"step\": null, \"low\": 1e-08, \"high\": 0.001, \"log\": true}}"}
{"op_code": 5, "worker_id": "39d33038-9795-44d9-a39c-4049a7de4fb9-140446145607488", "trial_id": 25, "param_name": "random_seed", "param_value_internal": 0, "distribution": "{\"name\": \"CategoricalDistribution\", \"attributes\": {\"choices\": [42]}}"}
{"op_code": 5, "worker_id": "39d33038-9795-44d9-a39c-4049a7de4fb9-140446145607488", "trial_id": 25, "param_name": "degree", "param_value_internal": 0, "distribution": "{\"name\": \"CategoricalDistribution\", \"attributes\": {\"choices\": [0]}}"}
{"op_code": 8, "worker_id": "39d33038-9795-44d9-a39c-4049a7de4fb9-140446145607488", "trial_id": 25, "user_attr": {"best_epoch": 1}}
{"op_code": 8, "worker_id": "39d33038-9795-44d9-a39c-4049a7de4fb9-140446145607488", "trial_id": 25, "user_attr": {"test_loss": 0.4511856444038271}}
{"op_code": 6, "worker_id": "39d33038-9795-44d9-a39c-4049a7de4fb9-140446145607488", "trial_id": 25, "state": 1, "values": [0.447861161854559], "datetime_complete": "2024-08-24T06:50:49.337770"}
{"op_code": 4, "worker_id": "39d33038-9795-44d9-a39c-4049a7de4fb9-140446145607488", "study_id": 0, "datetime_start": "2024-08-24T06:50:49.346606"}
{"op_code": 5, "worker_id": "39d33038-9795-44d9-a39c-4049a7de4fb9-140446145607488", "trial_id": 26, "param_name": "lr", "param_value_internal": 5.797419451931536e-05, "distribution": "{\"name\": \"FloatDistribution\", \"attributes\": {\"step\": null, \"low\": 1e-05, \"high\": 0.001, \"log\": true}}"}
{"op_code": 5, "worker_id": "39d33038-9795-44d9-a39c-4049a7de4fb9-140446145607488", "trial_id": 26, "param_name": "l2reg", "param_value_internal": 0.00041081458405860813, "distribution": "{\"name\": \"FloatDistribution\", \"attributes\": {\"step\": null, \"low\": 1e-08, \"high\": 0.001, \"log\": true}}"}
{"op_code": 5, "worker_id": "39d33038-9795-44d9-a39c-4049a7de4fb9-140446145607488", "trial_id": 26, "param_name": "random_seed", "param_value_internal": 0, "distribution": "{\"name\": \"CategoricalDistribution\", \"attributes\": {\"choices\": [42]}}"}
{"op_code": 5, "worker_id": "39d33038-9795-44d9-a39c-4049a7de4fb9-140446145607488", "trial_id": 26, "param_name": "degree", "param_value_internal": 0, "distribution": "{\"name\": \"CategoricalDistribution\", \"attributes\": {\"choices\": [0]}}"}
{"op_code": 8, "worker_id": "39d33038-9795-44d9-a39c-4049a7de4fb9-140446145607488", "trial_id": 26, "user_attr": {"best_epoch": 5}}
{"op_code": 8, "worker_id": "39d33038-9795-44d9-a39c-4049a7de4fb9-140446145607488", "trial_id": 26, "user_attr": {"test_loss": 0.45216265285572094}}
{"op_code": 6, "worker_id": "39d33038-9795-44d9-a39c-4049a7de4fb9-140446145607488", "trial_id": 26, "state": 1, "values": [0.4487126628450197], "datetime_complete": "2024-08-24T07:23:40.454349"}
{"op_code": 4, "worker_id": "39d33038-9795-44d9-a39c-4049a7de4fb9-140446145607488", "study_id": 0, "datetime_start": "2024-08-24T07:23:40.463223"}
{"op_code": 5, "worker_id": "39d33038-9795-44d9-a39c-4049a7de4fb9-140446145607488", "trial_id": 27, "param_name": "lr", "param_value_internal": 0.0006223220087963262, "distribution": "{\"name\": \"FloatDistribution\", \"attributes\": {\"step\": null, \"low\": 1e-05, \"high\": 0.001, \"log\": true}}"}
{"op_code": 5, "worker_id": "39d33038-9795-44d9-a39c-4049a7de4fb9-140446145607488", "trial_id": 27, "param_name": "l2reg", "param_value_internal": 0.00011461458143861298, "distribution": "{\"name\": \"FloatDistribution\", \"attributes\": {\"step\": null, \"low\": 1e-08, \"high\": 0.001, \"log\": true}}"}
{"op_code": 5, "worker_id": "39d33038-9795-44d9-a39c-4049a7de4fb9-140446145607488", "trial_id": 27, "param_name": "random_seed", "param_value_internal": 0, "distribution": "{\"name\": \"CategoricalDistribution\", \"attributes\": {\"choices\": [42]}}"}
{"op_code": 5, "worker_id": "39d33038-9795-44d9-a39c-4049a7de4fb9-140446145607488", "trial_id": 27, "param_name": "degree", "param_value_internal": 0, "distribution": "{\"name\": \"CategoricalDistribution\", \"attributes\": {\"choices\": [0]}}"}
{"op_code": 8, "worker_id": "39d33038-9795-44d9-a39c-4049a7de4fb9-140446145607488", "trial_id": 27, "user_attr": {"best_epoch": 0}}
{"op_code": 8, "worker_id": "39d33038-9795-44d9-a39c-4049a7de4fb9-140446145607488", "trial_id": 27, "user_attr": {"test_loss": 0.4516403358186598}}
{"op_code": 6, "worker_id": "39d33038-9795-44d9-a39c-4049a7de4fb9-140446145607488", "trial_id": 27, "state": 1, "values": [0.4483197071360146], "datetime_complete": "2024-08-24T07:38:44.907105"}
{"op_code": 4, "worker_id": "39d33038-9795-44d9-a39c-4049a7de4fb9-140446145607488", "study_id": 0, "datetime_start": "2024-08-24T07:38:44.915946"}
{"op_code": 5, "worker_id": "39d33038-9795-44d9-a39c-4049a7de4fb9-140446145607488", "trial_id": 28, "param_name": "lr", "param_value_internal": 0.00037280375435423587, "distribution": "{\"name\": \"FloatDistribution\", \"attributes\": {\"step\": null, \"low\": 1e-05, \"high\": 0.001, \"log\": true}}"}
{"op_code": 5, "worker_id": "39d33038-9795-44d9-a39c-4049a7de4fb9-140446145607488", "trial_id": 28, "param_name": "l2reg", "param_value_internal": 9.601491015702975e-05, "distribution": "{\"name\": \"FloatDistribution\", \"attributes\": {\"step\": null, \"low\": 1e-08, \"high\": 0.001, \"log\": true}}"}
{"op_code": 5, "worker_id": "39d33038-9795-44d9-a39c-4049a7de4fb9-140446145607488", "trial_id": 28, "param_name": "random_seed", "param_value_internal": 0, "distribution": "{\"name\": \"CategoricalDistribution\", \"attributes\": {\"choices\": [42]}}"}
{"op_code": 5, "worker_id": "39d33038-9795-44d9-a39c-4049a7de4fb9-140446145607488", "trial_id": 28, "param_name": "degree", "param_value_internal": 0, "distribution": "{\"name\": \"CategoricalDistribution\", \"attributes\": {\"choices\": [0]}}"}
{"op_code": 8, "worker_id": "39d33038-9795-44d9-a39c-4049a7de4fb9-140446145607488", "trial_id": 28, "user_attr": {"best_epoch": 0}}
{"op_code": 8, "worker_id": "39d33038-9795-44d9-a39c-4049a7de4fb9-140446145607488", "trial_id": 28, "user_attr": {"test_loss": 0.4518092180849238}}
{"op_code": 6, "worker_id": "39d33038-9795-44d9-a39c-4049a7de4fb9-140446145607488", "trial_id": 28, "state": 1, "values": [0.44854167184766114], "datetime_complete": "2024-08-24T07:54:31.071797"}
{"op_code": 4, "worker_id": "39d33038-9795-44d9-a39c-4049a7de4fb9-140446145607488", "study_id": 0, "datetime_start": "2024-08-24T07:54:31.080340"}
{"op_code": 5, "worker_id": "39d33038-9795-44d9-a39c-4049a7de4fb9-140446145607488", "trial_id": 29, "param_name": "lr", "param_value_internal": 4.253944707052333e-05, "distribution": "{\"name\": \"FloatDistribution\", \"attributes\": {\"step\": null, \"low\": 1e-05, \"high\": 0.001, \"log\": true}}"}
{"op_code": 5, "worker_id": "39d33038-9795-44d9-a39c-4049a7de4fb9-140446145607488", "trial_id": 29, "param_name": "l2reg", "param_value_internal": 0.0005593880160014067, "distribution": "{\"name\": \"FloatDistribution\", \"attributes\": {\"step\": null, \"low\": 1e-08, \"high\": 0.001, \"log\": true}}"}
{"op_code": 5, "worker_id": "39d33038-9795-44d9-a39c-4049a7de4fb9-140446145607488", "trial_id": 29, "param_name": "random_seed", "param_value_internal": 0, "distribution": "{\"name\": \"CategoricalDistribution\", \"attributes\": {\"choices\": [42]}}"}
{"op_code": 5, "worker_id": "39d33038-9795-44d9-a39c-4049a7de4fb9-140446145607488", "trial_id": 29, "param_name": "degree", "param_value_internal": 0, "distribution": "{\"name\": \"CategoricalDistribution\", \"attributes\": {\"choices\": [0]}}"}
{"op_code": 8, "worker_id": "39d33038-9795-44d9-a39c-4049a7de4fb9-140446145607488", "trial_id": 29, "user_attr": {"best_epoch": 6}}
{"op_code": 8, "worker_id": "39d33038-9795-44d9-a39c-4049a7de4fb9-140446145607488", "trial_id": 29, "user_attr": {"test_loss": 0.45231142922462353}}
{"op_code": 6, "worker_id": "39d33038-9795-44d9-a39c-4049a7de4fb9-140446145607488", "trial_id": 29, "state": 1, "values": [0.4488745280204907], "datetime_complete": "2024-08-24T08:30:54.068854"}
{"op_code": 4, "worker_id": "39d33038-9795-44d9-a39c-4049a7de4fb9-140446145607488", "study_id": 0, "datetime_start": "2024-08-24T08:30:54.079584"}
{"op_code": 5, "worker_id": "39d33038-9795-44d9-a39c-4049a7de4fb9-140446145607488", "trial_id": 30, "param_name": "lr", "param_value_internal": 0.00022357535271897433, "distribution": "{\"name\": \"FloatDistribution\", \"attributes\": {\"step\": null, \"low\": 1e-05, \"high\": 0.001, \"log\": true}}"}
{"op_code": 5, "worker_id": "39d33038-9795-44d9-a39c-4049a7de4fb9-140446145607488", "trial_id": 30, "param_name": "l2reg", "param_value_internal": 1.8035976269145646e-05, "distribution": "{\"name\": \"FloatDistribution\", \"attributes\": {\"step\": null, \"low\": 1e-08, \"high\": 0.001, \"log\": true}}"}
{"op_code": 5, "worker_id": "39d33038-9795-44d9-a39c-4049a7de4fb9-140446145607488", "trial_id": 30, "param_name": "random_seed", "param_value_internal": 0, "distribution": "{\"name\": \"CategoricalDistribution\", \"attributes\": {\"choices\": [42]}}"}
{"op_code": 5, "worker_id": "39d33038-9795-44d9-a39c-4049a7de4fb9-140446145607488", "trial_id": 30, "param_name": "degree", "param_value_internal": 0, "distribution": "{\"name\": \"CategoricalDistribution\", \"attributes\": {\"choices\": [0]}}"}
{"op_code": 8, "worker_id": "39d33038-9795-44d9-a39c-4049a7de4fb9-140446145607488", "trial_id": 30, "user_attr": {"best_epoch": 1}}
{"op_code": 8, "worker_id": "39d33038-9795-44d9-a39c-4049a7de4fb9-140446145607488", "trial_id": 30, "user_attr": {"test_loss": 0.4512640683108952}}
{"op_code": 6, "worker_id": "39d33038-9795-44d9-a39c-4049a7de4fb9-140446145607488", "trial_id": 30, "state": 1, "values": [0.44791671665871885], "datetime_complete": "2024-08-24T08:49:22.678945"}
{"op_code": 4, "worker_id": "39d33038-9795-44d9-a39c-4049a7de4fb9-140446145607488", "study_id": 0, "datetime_start": "2024-08-24T08:49:22.687696"}
{"op_code": 5, "worker_id": "39d33038-9795-44d9-a39c-4049a7de4fb9-140446145607488", "trial_id": 31, "param_name": "lr", "param_value_internal": 0.00019054573093481194, "distribution": "{\"name\": \"FloatDistribution\", \"attributes\": {\"step\": null, \"low\": 1e-05, \"high\": 0.001, \"log\": true}}"}
{"op_code": 5, "worker_id": "39d33038-9795-44d9-a39c-4049a7de4fb9-140446145607488", "trial_id": 31, "param_name": "l2reg", "param_value_internal": 0.00031722423937311585, "distribution": "{\"name\": \"FloatDistribution\", \"attributes\": {\"step\": null, \"low\": 1e-08, \"high\": 0.001, \"log\": true}}"}
{"op_code": 5, "worker_id": "39d33038-9795-44d9-a39c-4049a7de4fb9-140446145607488", "trial_id": 31, "param_name": "random_seed", "param_value_internal": 0, "distribution": "{\"name\": \"CategoricalDistribution\", \"attributes\": {\"choices\": [42]}}"}
{"op_code": 5, "worker_id": "39d33038-9795-44d9-a39c-4049a7de4fb9-140446145607488", "trial_id": 31, "param_name": "degree", "param_value_internal": 0, "distribution": "{\"name\": \"CategoricalDistribution\", \"attributes\": {\"choices\": [0]}}"}
{"op_code": 8, "worker_id": "39d33038-9795-44d9-a39c-4049a7de4fb9-140446145607488", "trial_id": 31, "user_attr": {"best_epoch": 1}}
{"op_code": 8, "worker_id": "39d33038-9795-44d9-a39c-4049a7de4fb9-140446145607488", "trial_id": 31, "user_attr": {"test_loss": 0.4511735008781151}}
{"op_code": 6, "worker_id": "39d33038-9795-44d9-a39c-4049a7de4fb9-140446145607488", "trial_id": 31, "state": 1, "values": [0.447853344915492], "datetime_complete": "2024-08-24T09:08:01.422702"}
{"op_code": 4, "worker_id": "39d33038-9795-44d9-a39c-4049a7de4fb9-140446145607488", "study_id": 0, "datetime_start": "2024-08-24T09:08:01.433426"}
{"op_code": 5, "worker_id": "39d33038-9795-44d9-a39c-4049a7de4fb9-140446145607488", "trial_id": 32, "param_name": "lr", "param_value_internal": 0.00011476359182851088, "distribution": "{\"name\": \"FloatDistribution\", \"attributes\": {\"step\": null, \"low\": 1e-05, \"high\": 0.001, \"log\": true}}"}
{"op_code": 5, "worker_id": "39d33038-9795-44d9-a39c-4049a7de4fb9-140446145607488", "trial_id": 32, "param_name": "l2reg", "param_value_internal": 0.00033970614755361614, "distribution": "{\"name\": \"FloatDistribution\", \"attributes\": {\"step\": null, \"low\": 1e-08, \"high\": 0.001, \"log\": true}}"}
{"op_code": 5, "worker_id": "39d33038-9795-44d9-a39c-4049a7de4fb9-140446145607488", "trial_id": 32, "param_name": "random_seed", "param_value_internal": 0, "distribution": "{\"name\": \"CategoricalDistribution\", \"attributes\": {\"choices\": [42]}}"}
{"op_code": 5, "worker_id": "39d33038-9795-44d9-a39c-4049a7de4fb9-140446145607488", "trial_id": 32, "param_name": "degree", "param_value_internal": 0, "distribution": "{\"name\": \"CategoricalDistribution\", \"attributes\": {\"choices\": [0]}}"}
{"op_code": 8, "worker_id": "39d33038-9795-44d9-a39c-4049a7de4fb9-140446145607488", "trial_id": 32, "user_attr": {"best_epoch": 2}}
{"op_code": 8, "worker_id": "39d33038-9795-44d9-a39c-4049a7de4fb9-140446145607488", "trial_id": 32, "user_attr": {"test_loss": 0.45145978267888215}}
{"op_code": 6, "worker_id": "39d33038-9795-44d9-a39c-4049a7de4fb9-140446145607488", "trial_id": 32, "state": 1, "values": [0.4481306826420178], "datetime_complete": "2024-08-24T09:29:59.569433"}
{"op_code": 4, "worker_id": "39d33038-9795-44d9-a39c-4049a7de4fb9-140446145607488", "study_id": 0, "datetime_start": "2024-08-24T09:29:59.579942"}
{"op_code": 5, "worker_id": "39d33038-9795-44d9-a39c-4049a7de4fb9-140446145607488", "trial_id": 33, "param_name": "lr", "param_value_internal": 0.0002847801539361863, "distribution": "{\"name\": \"FloatDistribution\", \"attributes\": {\"step\": null, \"low\": 1e-05, \"high\": 0.001, \"log\": true}}"}
{"op_code": 5, "worker_id": "39d33038-9795-44d9-a39c-4049a7de4fb9-140446145607488", "trial_id": 33, "param_name": "l2reg", "param_value_internal": 0.00016934112077872764, "distribution": "{\"name\": \"FloatDistribution\", \"attributes\": {\"step\": null, \"low\": 1e-08, \"high\": 0.001, \"log\": true}}"}
{"op_code": 5, "worker_id": "39d33038-9795-44d9-a39c-4049a7de4fb9-140446145607488", "trial_id": 33, "param_name": "random_seed", "param_value_internal": 0, "distribution": "{\"name\": \"CategoricalDistribution\", \"attributes\": {\"choices\": [42]}}"}
{"op_code": 5, "worker_id": "39d33038-9795-44d9-a39c-4049a7de4fb9-140446145607488", "trial_id": 33, "param_name": "degree", "param_value_internal": 0, "distribution": "{\"name\": \"CategoricalDistribution\", \"attributes\": {\"choices\": [0]}}"}
{"op_code": 8, "worker_id": "39d33038-9795-44d9-a39c-4049a7de4fb9-140446145607488", "trial_id": 33, "user_attr": {"best_epoch": 1}}
{"op_code": 8, "worker_id": "39d33038-9795-44d9-a39c-4049a7de4fb9-140446145607488", "trial_id": 33, "user_attr": {"test_loss": 0.45163135542689076}}
{"op_code": 6, "worker_id": "39d33038-9795-44d9-a39c-4049a7de4fb9-140446145607488", "trial_id": 33, "state": 1, "values": [0.4482293942213987], "datetime_complete": "2024-08-24T09:48:28.680985"}
{"op_code": 4, "worker_id": "39d33038-9795-44d9-a39c-4049a7de4fb9-140446145607488", "study_id": 0, "datetime_start": "2024-08-24T09:48:28.689771"}
{"op_code": 5, "worker_id": "39d33038-9795-44d9-a39c-4049a7de4fb9-140446145607488", "trial_id": 34, "param_name": "lr", "param_value_internal": 0.00014573015022580283, "distribution": "{\"name\": \"FloatDistribution\", \"attributes\": {\"step\": null, \"low\": 1e-05, \"high\": 0.001, \"log\": true}}"}
{"op_code": 5, "worker_id": "39d33038-9795-44d9-a39c-4049a7de4fb9-140446145607488", "trial_id": 34, "param_name": "l2reg", "param_value_internal": 0.0004285453647277413, "distribution": "{\"name\": \"FloatDistribution\", \"attributes\": {\"step\": null, \"low\": 1e-08, \"high\": 0.001, \"log\": true}}"}
{"op_code": 5, "worker_id": "39d33038-9795-44d9-a39c-4049a7de4fb9-140446145607488", "trial_id": 34, "param_name": "random_seed", "param_value_internal": 0, "distribution": "{\"name\": \"CategoricalDistribution\", \"attributes\": {\"choices\": [42]}}"}
{"op_code": 5, "worker_id": "39d33038-9795-44d9-a39c-4049a7de4fb9-140446145607488", "trial_id": 34, "param_name": "degree", "param_value_internal": 0, "distribution": "{\"name\": \"CategoricalDistribution\", \"attributes\": {\"choices\": [0]}}"}
{"op_code": 8, "worker_id": "39d33038-9795-44d9-a39c-4049a7de4fb9-140446145607488", "trial_id": 34, "user_attr": {"best_epoch": 1}}
{"op_code": 8, "worker_id": "39d33038-9795-44d9-a39c-4049a7de4fb9-140446145607488", "trial_id": 34, "user_attr": {"test_loss": 0.45145960088957504}}
{"op_code": 6, "worker_id": "39d33038-9795-44d9-a39c-4049a7de4fb9-140446145607488", "trial_id": 34, "state": 1, "values": [0.4481730759022602], "datetime_complete": "2024-08-24T10:06:53.588482"}
{"op_code": 4, "worker_id": "39d33038-9795-44d9-a39c-4049a7de4fb9-140446145607488", "study_id": 0, "datetime_start": "2024-08-24T10:06:53.597408"}
{"op_code": 5, "worker_id": "39d33038-9795-44d9-a39c-4049a7de4fb9-140446145607488", "trial_id": 35, "param_name": "lr", "param_value_internal": 0.00020904014390445955, "distribution": "{\"name\": \"FloatDistribution\", \"attributes\": {\"step\": null, \"low\": 1e-05, \"high\": 0.001, \"log\": true}}"}
{"op_code": 5, "worker_id": "39d33038-9795-44d9-a39c-4049a7de4fb9-140446145607488", "trial_id": 35, "param_name": "l2reg", "param_value_internal": 8.34362388289175e-05, "distribution": "{\"name\": \"FloatDistribution\", \"attributes\": {\"step\": null, \"low\": 1e-08, \"high\": 0.001, \"log\": true}}"}
{"op_code": 5, "worker_id": "39d33038-9795-44d9-a39c-4049a7de4fb9-140446145607488", "trial_id": 35, "param_name": "random_seed", "param_value_internal": 0, "distribution": "{\"name\": \"CategoricalDistribution\", \"attributes\": {\"choices\": [42]}}"}
{"op_code": 5, "worker_id": "39d33038-9795-44d9-a39c-4049a7de4fb9-140446145607488", "trial_id": 35, "param_name": "degree", "param_value_internal": 0, "distribution": "{\"name\": \"CategoricalDistribution\", \"attributes\": {\"choices\": [0]}}"}
{"op_code": 8, "worker_id": "39d33038-9795-44d9-a39c-4049a7de4fb9-140446145607488", "trial_id": 35, "user_attr": {"best_epoch": 1}}
{"op_code": 8, "worker_id": "39d33038-9795-44d9-a39c-4049a7de4fb9-140446145607488", "trial_id": 35, "user_attr": {"test_loss": 0.4512093497294684}}
{"op_code": 6, "worker_id": "39d33038-9795-44d9-a39c-4049a7de4fb9-140446145607488", "trial_id": 35, "state": 1, "values": [0.4478747233348938], "datetime_complete": "2024-08-24T10:25:19.004097"}
{"op_code": 4, "worker_id": "39d33038-9795-44d9-a39c-4049a7de4fb9-140446145607488", "study_id": 0, "datetime_start": "2024-08-24T10:25:19.013515"}
{"op_code": 5, "worker_id": "39d33038-9795-44d9-a39c-4049a7de4fb9-140446145607488", "trial_id": 36, "param_name": "lr", "param_value_internal": 0.0003321784132470582, "distribution": "{\"name\": \"FloatDistribution\", \"attributes\": {\"step\": null, \"low\": 1e-05, \"high\": 0.001, \"log\": true}}"}
{"op_code": 5, "worker_id": "39d33038-9795-44d9-a39c-4049a7de4fb9-140446145607488", "trial_id": 36, "param_name": "l2reg", "param_value_internal": 0.0007697192144784921, "distribution": "{\"name\": \"FloatDistribution\", \"attributes\": {\"step\": null, \"low\": 1e-08, \"high\": 0.001, \"log\": true}}"}
{"op_code": 5, "worker_id": "39d33038-9795-44d9-a39c-4049a7de4fb9-140446145607488", "trial_id": 36, "param_name": "random_seed", "param_value_internal": 0, "distribution": "{\"name\": \"CategoricalDistribution\", \"attributes\": {\"choices\": [42]}}"}
{"op_code": 5, "worker_id": "39d33038-9795-44d9-a39c-4049a7de4fb9-140446145607488", "trial_id": 36, "param_name": "degree", "param_value_internal": 0, "distribution": "{\"name\": \"CategoricalDistribution\", \"attributes\": {\"choices\": [0]}}"}
{"op_code": 8, "worker_id": "39d33038-9795-44d9-a39c-4049a7de4fb9-140446145607488", "trial_id": 36, "user_attr": {"best_epoch": 1}}
{"op_code": 8, "worker_id": "39d33038-9795-44d9-a39c-4049a7de4fb9-140446145607488", "trial_id": 36, "user_attr": {"test_loss": 0.45190193063152734}}
{"op_code": 6, "worker_id": "39d33038-9795-44d9-a39c-4049a7de4fb9-140446145607488", "trial_id": 36, "state": 1, "values": [0.4484678653997263], "datetime_complete": "2024-08-24T10:44:12.837099"}
{"op_code": 4, "worker_id": "39d33038-9795-44d9-a39c-4049a7de4fb9-140446145607488", "study_id": 0, "datetime_start": "2024-08-24T10:44:12.851159"}
{"op_code": 5, "worker_id": "39d33038-9795-44d9-a39c-4049a7de4fb9-140446145607488", "trial_id": 37, "param_name": "lr", "param_value_internal": 9.41708655045485e-05, "distribution": "{\"name\": \"FloatDistribution\", \"attributes\": {\"step\": null, \"low\": 1e-05, \"high\": 0.001, \"log\": true}}"}
{"op_code": 5, "worker_id": "39d33038-9795-44d9-a39c-4049a7de4fb9-140446145607488", "trial_id": 37, "param_name": "l2reg", "param_value_internal": 2.1643277434515136e-05, "distribution": "{\"name\": \"FloatDistribution\", \"attributes\": {\"step\": null, \"low\": 1e-08, \"high\": 0.001, \"log\": true}}"}
{"op_code": 5, "worker_id": "39d33038-9795-44d9-a39c-4049a7de4fb9-140446145607488", "trial_id": 37, "param_name": "random_seed", "param_value_internal": 0, "distribution": "{\"name\": \"CategoricalDistribution\", \"attributes\": {\"choices\": [42]}}"}
{"op_code": 5, "worker_id": "39d33038-9795-44d9-a39c-4049a7de4fb9-140446145607488", "trial_id": 37, "param_name": "degree", "param_value_internal": 0, "distribution": "{\"name\": \"CategoricalDistribution\", \"attributes\": {\"choices\": [0]}}"}
{"op_code": 8, "worker_id": "39d33038-9795-44d9-a39c-4049a7de4fb9-140446145607488", "trial_id": 37, "user_attr": {"best_epoch": 3}}
{"op_code": 8, "worker_id": "39d33038-9795-44d9-a39c-4049a7de4fb9-140446145607488", "trial_id": 37, "user_attr": {"test_loss": 0.451871280954356}}
{"op_code": 6, "worker_id": "39d33038-9795-44d9-a39c-4049a7de4fb9-140446145607488", "trial_id": 37, "state": 1, "values": [0.44840158502800936], "datetime_complete": "2024-08-24T11:09:57.162362"}
{"op_code": 4, "worker_id": "39d33038-9795-44d9-a39c-4049a7de4fb9-140446145607488", "study_id": 0, "datetime_start": "2024-08-24T11:09:57.171077"}
{"op_code": 5, "worker_id": "39d33038-9795-44d9-a39c-4049a7de4fb9-140446145607488", "trial_id": 38, "param_name": "lr", "param_value_internal": 0.00012984021076127547, "distribution": "{\"name\": \"FloatDistribution\", \"attributes\": {\"step\": null, \"low\": 1e-05, \"high\": 0.001, \"log\": true}}"}
{"op_code": 5, "worker_id": "39d33038-9795-44d9-a39c-4049a7de4fb9-140446145607488", "trial_id": 38, "param_name": "l2reg", "param_value_internal": 7.278895841650778e-06, "distribution": "{\"name\": \"FloatDistribution\", \"attributes\": {\"step\": null, \"low\": 1e-08, \"high\": 0.001, \"log\": true}}"}
{"op_code": 5, "worker_id": "39d33038-9795-44d9-a39c-4049a7de4fb9-140446145607488", "trial_id": 38, "param_name": "random_seed", "param_value_internal": 0, "distribution": "{\"name\": \"CategoricalDistribution\", \"attributes\": {\"choices\": [42]}}"}
{"op_code": 5, "worker_id": "39d33038-9795-44d9-a39c-4049a7de4fb9-140446145607488", "trial_id": 38, "param_name": "degree", "param_value_internal": 0, "distribution": "{\"name\": \"CategoricalDistribution\", \"attributes\": {\"choices\": [0]}}"}
{"op_code": 8, "worker_id": "39d33038-9795-44d9-a39c-4049a7de4fb9-140446145607488", "trial_id": 38, "user_attr": {"best_epoch": 2}}
{"op_code": 8, "worker_id": "39d33038-9795-44d9-a39c-4049a7de4fb9-140446145607488", "trial_id": 38, "user_attr": {"test_loss": 0.4515114108420888}}
{"op_code": 6, "worker_id": "39d33038-9795-44d9-a39c-4049a7de4fb9-140446145607488", "trial_id": 38, "state": 1, "values": [0.44815627857273016], "datetime_complete": "2024-08-24T11:31:51.105986"}
{"op_code": 4, "worker_id": "39d33038-9795-44d9-a39c-4049a7de4fb9-140446145607488", "study_id": 0, "datetime_start": "2024-08-24T11:31:51.115058"}
{"op_code": 5, "worker_id": "39d33038-9795-44d9-a39c-4049a7de4fb9-140446145607488", "trial_id": 39, "param_name": "lr", "param_value_internal": 0.0005574007556776092, "distribution": "{\"name\": \"FloatDistribution\", \"attributes\": {\"step\": null, \"low\": 1e-05, \"high\": 0.001, \"log\": true}}"}
{"op_code": 5, "worker_id": "39d33038-9795-44d9-a39c-4049a7de4fb9-140446145607488", "trial_id": 39, "param_name": "l2reg", "param_value_internal": 0.00021605904322280633, "distribution": "{\"name\": \"FloatDistribution\", \"attributes\": {\"step\": null, \"low\": 1e-08, \"high\": 0.001, \"log\": true}}"}
{"op_code": 5, "worker_id": "39d33038-9795-44d9-a39c-4049a7de4fb9-140446145607488", "trial_id": 39, "param_name": "random_seed", "param_value_internal": 0, "distribution": "{\"name\": \"CategoricalDistribution\", \"attributes\": {\"choices\": [42]}}"}
{"op_code": 5, "worker_id": "39d33038-9795-44d9-a39c-4049a7de4fb9-140446145607488", "trial_id": 39, "param_name": "degree", "param_value_internal": 0, "distribution": "{\"name\": \"CategoricalDistribution\", \"attributes\": {\"choices\": [0]}}"}
{"op_code": 8, "worker_id": "39d33038-9795-44d9-a39c-4049a7de4fb9-140446145607488", "trial_id": 39, "user_attr": {"best_epoch": 0}}
{"op_code": 8, "worker_id": "39d33038-9795-44d9-a39c-4049a7de4fb9-140446145607488", "trial_id": 39, "user_attr": {"test_loss": 0.45166600446881744}}
{"op_code": 6, "worker_id": "39d33038-9795-44d9-a39c-4049a7de4fb9-140446145607488", "trial_id": 39, "state": 1, "values": [0.4483557014135789], "datetime_complete": "2024-08-24T11:46:54.568714"}
{"op_code": 4, "worker_id": "39d33038-9795-44d9-a39c-4049a7de4fb9-140446145607488", "study_id": 0, "datetime_start": "2024-08-24T11:46:54.579731"}
{"op_code": 5, "worker_id": "39d33038-9795-44d9-a39c-4049a7de4fb9-140446145607488", "trial_id": 40, "param_name": "lr", "param_value_internal": 0.0002779015449150292, "distribution": "{\"name\": \"FloatDistribution\", \"attributes\": {\"step\": null, \"low\": 1e-05, \"high\": 0.001, \"log\": true}}"}
{"op_code": 5, "worker_id": "39d33038-9795-44d9-a39c-4049a7de4fb9-140446145607488", "trial_id": 40, "param_name": "l2reg", "param_value_internal": 6.256160946433401e-05, "distribution": "{\"name\": \"FloatDistribution\", \"attributes\": {\"step\": null, \"low\": 1e-08, \"high\": 0.001, \"log\": true}}"}
{"op_code": 5, "worker_id": "39d33038-9795-44d9-a39c-4049a7de4fb9-140446145607488", "trial_id": 40, "param_name": "random_seed", "param_value_internal": 0, "distribution": "{\"name\": \"CategoricalDistribution\", \"attributes\": {\"choices\": [42]}}"}
{"op_code": 5, "worker_id": "39d33038-9795-44d9-a39c-4049a7de4fb9-140446145607488", "trial_id": 40, "param_name": "degree", "param_value_internal": 0, "distribution": "{\"name\": \"CategoricalDistribution\", \"attributes\": {\"choices\": [0]}}"}
{"op_code": 8, "worker_id": "39d33038-9795-44d9-a39c-4049a7de4fb9-140446145607488", "trial_id": 40, "user_attr": {"best_epoch": 1}}
{"op_code": 8, "worker_id": "39d33038-9795-44d9-a39c-4049a7de4fb9-140446145607488", "trial_id": 40, "user_attr": {"test_loss": 0.45160295993712707}}
{"op_code": 6, "worker_id": "39d33038-9795-44d9-a39c-4049a7de4fb9-140446145607488", "trial_id": 40, "state": 1, "values": [0.4482057252570609], "datetime_complete": "2024-08-24T12:05:53.556217"}
{"op_code": 4, "worker_id": "39d33038-9795-44d9-a39c-4049a7de4fb9-140446145607488", "study_id": 0, "datetime_start": "2024-08-24T12:05:53.565224"}
{"op_code": 5, "worker_id": "39d33038-9795-44d9-a39c-4049a7de4fb9-140446145607488", "trial_id": 41, "param_name": "lr", "param_value_internal": 0.0001776969485291205, "distribution": "{\"name\": \"FloatDistribution\", \"attributes\": {\"step\": null, \"low\": 1e-05, \"high\": 0.001, \"log\": true}}"}
{"op_code": 5, "worker_id": "39d33038-9795-44d9-a39c-4049a7de4fb9-140446145607488", "trial_id": 41, "param_name": "l2reg", "param_value_internal": 3.642436700999936e-05, "distribution": "{\"name\": \"FloatDistribution\", \"attributes\": {\"step\": null, \"low\": 1e-08, \"high\": 0.001, \"log\": true}}"}
{"op_code": 5, "worker_id": "39d33038-9795-44d9-a39c-4049a7de4fb9-140446145607488", "trial_id": 41, "param_name": "random_seed", "param_value_internal": 0, "distribution": "{\"name\": \"CategoricalDistribution\", \"attributes\": {\"choices\": [42]}}"}
{"op_code": 5, "worker_id": "39d33038-9795-44d9-a39c-4049a7de4fb9-140446145607488", "trial_id": 41, "param_name": "degree", "param_value_internal": 0, "distribution": "{\"name\": \"CategoricalDistribution\", \"attributes\": {\"choices\": [0]}}"}
{"op_code": 8, "worker_id": "39d33038-9795-44d9-a39c-4049a7de4fb9-140446145607488", "trial_id": 41, "user_attr": {"best_epoch": 1}}
{"op_code": 8, "worker_id": "39d33038-9795-44d9-a39c-4049a7de4fb9-140446145607488", "trial_id": 41, "user_attr": {"test_loss": 0.45120756819425917}}
{"op_code": 6, "worker_id": "39d33038-9795-44d9-a39c-4049a7de4fb9-140446145607488", "trial_id": 41, "state": 1, "values": [0.44789497466075573], "datetime_complete": "2024-08-24T12:24:19.062689"}
{"op_code": 4, "worker_id": "39d33038-9795-44d9-a39c-4049a7de4fb9-140446145607488", "study_id": 0, "datetime_start": "2024-08-24T12:24:19.072027"}
{"op_code": 5, "worker_id": "39d33038-9795-44d9-a39c-4049a7de4fb9-140446145607488", "trial_id": 42, "param_name": "lr", "param_value_internal": 0.0002198230610619689, "distribution": "{\"name\": \"FloatDistribution\", \"attributes\": {\"step\": null, \"low\": 1e-05, \"high\": 0.001, \"log\": true}}"}
{"op_code": 5, "worker_id": "39d33038-9795-44d9-a39c-4049a7de4fb9-140446145607488", "trial_id": 42, "param_name": "l2reg", "param_value_internal": 0.0003067063144258024, "distribution": "{\"name\": \"FloatDistribution\", \"attributes\": {\"step\": null, \"low\": 1e-08, \"high\": 0.001, \"log\": true}}"}
{"op_code": 5, "worker_id": "39d33038-9795-44d9-a39c-4049a7de4fb9-140446145607488", "trial_id": 42, "param_name": "random_seed", "param_value_internal": 0, "distribution": "{\"name\": \"CategoricalDistribution\", \"attributes\": {\"choices\": [42]}}"}
{"op_code": 5, "worker_id": "39d33038-9795-44d9-a39c-4049a7de4fb9-140446145607488", "trial_id": 42, "param_name": "degree", "param_value_internal": 0, "distribution": "{\"name\": \"CategoricalDistribution\", \"attributes\": {\"choices\": [0]}}"}
{"op_code": 8, "worker_id": "39d33038-9795-44d9-a39c-4049a7de4fb9-140446145607488", "trial_id": 42, "user_attr": {"best_epoch": 1}}
{"op_code": 8, "worker_id": "39d33038-9795-44d9-a39c-4049a7de4fb9-140446145607488", "trial_id": 42, "user_attr": {"test_loss": 0.45123323684441685}}
{"op_code": 6, "worker_id": "39d33038-9795-44d9-a39c-4049a7de4fb9-140446145607488", "trial_id": 42, "state": 1, "values": [0.4478899209187543], "datetime_complete": "2024-08-24T12:42:47.346487"}
{"op_code": 4, "worker_id": "39d33038-9795-44d9-a39c-4049a7de4fb9-140446145607488", "study_id": 0, "datetime_start": "2024-08-24T12:42:47.355522"}
{"op_code": 5, "worker_id": "39d33038-9795-44d9-a39c-4049a7de4fb9-140446145607488", "trial_id": 43, "param_name": "lr", "param_value_internal": 0.0001767810769419366, "distribution": "{\"name\": \"FloatDistribution\", \"attributes\": {\"step\": null, \"low\": 1e-05, \"high\": 0.001, \"log\": true}}"}
{"op_code": 5, "worker_id": "39d33038-9795-44d9-a39c-4049a7de4fb9-140446145607488", "trial_id": 43, "param_name": "l2reg", "param_value_internal": 0.0001838269471843574, "distribution": "{\"name\": \"FloatDistribution\", \"attributes\": {\"step\": null, \"low\": 1e-08, \"high\": 0.001, \"log\": true}}"}
{"op_code": 5, "worker_id": "39d33038-9795-44d9-a39c-4049a7de4fb9-140446145607488", "trial_id": 43, "param_name": "random_seed", "param_value_internal": 0, "distribution": "{\"name\": \"CategoricalDistribution\", \"attributes\": {\"choices\": [42]}}"}
{"op_code": 5, "worker_id": "39d33038-9795-44d9-a39c-4049a7de4fb9-140446145607488", "trial_id": 43, "param_name": "degree", "param_value_internal": 0, "distribution": "{\"name\": \"CategoricalDistribution\", \"attributes\": {\"choices\": [0]}}"}
{"op_code": 8, "worker_id": "39d33038-9795-44d9-a39c-4049a7de4fb9-140446145607488", "trial_id": 43, "user_attr": {"best_epoch": 1}}
{"op_code": 8, "worker_id": "39d33038-9795-44d9-a39c-4049a7de4fb9-140446145607488", "trial_id": 43, "user_attr": {"test_loss": 0.45120116921065045}}
{"op_code": 6, "worker_id": "39d33038-9795-44d9-a39c-4049a7de4fb9-140446145607488", "trial_id": 43, "state": 1, "values": [0.4478899572766104], "datetime_complete": "2024-08-24T13:01:22.739136"}
{"op_code": 4, "worker_id": "39d33038-9795-44d9-a39c-4049a7de4fb9-140446145607488", "study_id": 0, "datetime_start": "2024-08-24T13:01:22.749662"}
{"op_code": 5, "worker_id": "39d33038-9795-44d9-a39c-4049a7de4fb9-140446145607488", "trial_id": 44, "param_name": "lr", "param_value_internal": 7.450744435901373e-05, "distribution": "{\"name\": \"FloatDistribution\", \"attributes\": {\"step\": null, \"low\": 1e-05, \"high\": 0.001, \"log\": true}}"}
{"op_code": 5, "worker_id": "39d33038-9795-44d9-a39c-4049a7de4fb9-140446145607488", "trial_id": 44, "param_name": "l2reg", "param_value_internal": 0.0006210271370671282, "distribution": "{\"name\": \"FloatDistribution\", \"attributes\": {\"step\": null, \"low\": 1e-08, \"high\": 0.001, \"log\": true}}"}
{"op_code": 5, "worker_id": "39d33038-9795-44d9-a39c-4049a7de4fb9-140446145607488", "trial_id": 44, "param_name": "random_seed", "param_value_internal": 0, "distribution": "{\"name\": \"CategoricalDistribution\", \"attributes\": {\"choices\": [42]}}"}
{"op_code": 5, "worker_id": "39d33038-9795-44d9-a39c-4049a7de4fb9-140446145607488", "trial_id": 44, "param_name": "degree", "param_value_internal": 0, "distribution": "{\"name\": \"CategoricalDistribution\", \"attributes\": {\"choices\": [0]}}"}
{"op_code": 8, "worker_id": "39d33038-9795-44d9-a39c-4049a7de4fb9-140446145607488", "trial_id": 44, "user_attr": {"best_epoch": 3}}
{"op_code": 8, "worker_id": "39d33038-9795-44d9-a39c-4049a7de4fb9-140446145607488", "trial_id": 44, "user_attr": {"test_loss": 0.45188426071088056}}
{"op_code": 6, "worker_id": "39d33038-9795-44d9-a39c-4049a7de4fb9-140446145607488", "trial_id": 44, "state": 1, "values": [0.44847611863306674], "datetime_complete": "2024-08-24T13:27:11.306238"}
{"op_code": 4, "worker_id": "39d33038-9795-44d9-a39c-4049a7de4fb9-140446145607488", "study_id": 0, "datetime_start": "2024-08-24T13:27:11.316977"}
{"op_code": 5, "worker_id": "39d33038-9795-44d9-a39c-4049a7de4fb9-140446145607488", "trial_id": 45, "param_name": "lr", "param_value_internal": 0.00014129755686215925, "distribution": "{\"name\": \"FloatDistribution\", \"attributes\": {\"step\": null, \"low\": 1e-05, \"high\": 0.001, \"log\": true}}"}
{"op_code": 5, "worker_id": "39d33038-9795-44d9-a39c-4049a7de4fb9-140446145607488", "trial_id": 45, "param_name": "l2reg", "param_value_internal": 5.2788300253510053e-05, "distribution": "{\"name\": \"FloatDistribution\", \"attributes\": {\"step\": null, \"low\": 1e-08, \"high\": 0.001, \"log\": true}}"}
{"op_code": 5, "worker_id": "39d33038-9795-44d9-a39c-4049a7de4fb9-140446145607488", "trial_id": 45, "param_name": "random_seed", "param_value_internal": 0, "distribution": "{\"name\": \"CategoricalDistribution\", \"attributes\": {\"choices\": [42]}}"}
{"op_code": 5, "worker_id": "39d33038-9795-44d9-a39c-4049a7de4fb9-140446145607488", "trial_id": 45, "param_name": "degree", "param_value_internal": 0, "distribution": "{\"name\": \"CategoricalDistribution\", \"attributes\": {\"choices\": [0]}}"}
{"op_code": 8, "worker_id": "39d33038-9795-44d9-a39c-4049a7de4fb9-140446145607488", "trial_id": 45, "user_attr": {"best_epoch": 2}}
{"op_code": 8, "worker_id": "39d33038-9795-44d9-a39c-4049a7de4fb9-140446145607488", "trial_id": 45, "user_attr": {"test_loss": 0.4516171031452168}}
{"op_code": 6, "worker_id": "39d33038-9795-44d9-a39c-4049a7de4fb9-140446145607488", "trial_id": 45, "state": 1, "values": [0.44824539167809396], "datetime_complete": "2024-08-24T13:49:07.057265"}
{"op_code": 4, "worker_id": "39d33038-9795-44d9-a39c-4049a7de4fb9-140446145607488", "study_id": 0, "datetime_start": "2024-08-24T13:49:07.066492"}
{"op_code": 5, "worker_id": "39d33038-9795-44d9-a39c-4049a7de4fb9-140446145607488", "trial_id": 46, "param_name": "lr", "param_value_internal": 0.0004139908606964906, "distribution": "{\"name\": \"FloatDistribution\", \"attributes\": {\"step\": null, \"low\": 1e-05, \"high\": 0.001, \"log\": true}}"}
{"op_code": 5, "worker_id": "39d33038-9795-44d9-a39c-4049a7de4fb9-140446145607488", "trial_id": 46, "param_name": "l2reg", "param_value_internal": 2.6095640853062003e-05, "distribution": "{\"name\": \"FloatDistribution\", \"attributes\": {\"step\": null, \"low\": 1e-08, \"high\": 0.001, \"log\": true}}"}
{"op_code": 5, "worker_id": "39d33038-9795-44d9-a39c-4049a7de4fb9-140446145607488", "trial_id": 46, "param_name": "random_seed", "param_value_internal": 0, "distribution": "{\"name\": \"CategoricalDistribution\", \"attributes\": {\"choices\": [42]}}"}
{"op_code": 5, "worker_id": "39d33038-9795-44d9-a39c-4049a7de4fb9-140446145607488", "trial_id": 46, "param_name": "degree", "param_value_internal": 0, "distribution": "{\"name\": \"CategoricalDistribution\", \"attributes\": {\"choices\": [0]}}"}
{"op_code": 8, "worker_id": "39d33038-9795-44d9-a39c-4049a7de4fb9-140446145607488", "trial_id": 46, "user_attr": {"best_epoch": 0}}
{"op_code": 8, "worker_id": "39d33038-9795-44d9-a39c-4049a7de4fb9-140446145607488", "trial_id": 46, "user_attr": {"test_loss": 0.45176777012291286}}
{"op_code": 6, "worker_id": "39d33038-9795-44d9-a39c-4049a7de4fb9-140446145607488", "trial_id": 46, "state": 1, "values": [0.4484870623477606], "datetime_complete": "2024-08-24T14:04:08.222658"}
{"op_code": 4, "worker_id": "39d33038-9795-44d9-a39c-4049a7de4fb9-140446145607488", "study_id": 0, "datetime_start": "2024-08-24T14:04:08.231749"}
{"op_code": 5, "worker_id": "39d33038-9795-44d9-a39c-4049a7de4fb9-140446145607488", "trial_id": 47, "param_name": "lr", "param_value_internal": 0.00019201200411590174, "distribution": "{\"name\": \"FloatDistribution\", \"attributes\": {\"step\": null, \"low\": 1e-05, \"high\": 0.001, \"log\": true}}"}
{"op_code": 5, "worker_id": "39d33038-9795-44d9-a39c-4049a7de4fb9-140446145607488", "trial_id": 47, "param_name": "l2reg", "param_value_internal": 0.00014665702972838706, "distribution": "{\"name\": \"FloatDistribution\", \"attributes\": {\"step\": null, \"low\": 1e-08, \"high\": 0.001, \"log\": true}}"}
{"op_code": 5, "worker_id": "39d33038-9795-44d9-a39c-4049a7de4fb9-140446145607488", "trial_id": 47, "param_name": "random_seed", "param_value_internal": 0, "distribution": "{\"name\": \"CategoricalDistribution\", \"attributes\": {\"choices\": [42]}}"}
{"op_code": 5, "worker_id": "39d33038-9795-44d9-a39c-4049a7de4fb9-140446145607488", "trial_id": 47, "param_name": "degree", "param_value_internal": 0, "distribution": "{\"name\": \"CategoricalDistribution\", \"attributes\": {\"choices\": [0]}}"}
{"op_code": 8, "worker_id": "39d33038-9795-44d9-a39c-4049a7de4fb9-140446145607488", "trial_id": 47, "user_attr": {"best_epoch": 1}}
{"op_code": 8, "worker_id": "39d33038-9795-44d9-a39c-4049a7de4fb9-140446145607488", "trial_id": 47, "user_attr": {"test_loss": 0.4511847354572917}}
{"op_code": 6, "worker_id": "39d33038-9795-44d9-a39c-4049a7de4fb9-140446145607488", "trial_id": 47, "state": 1, "values": [0.4478623616638111], "datetime_complete": "2024-08-24T14:22:44.871960"}
{"op_code": 4, "worker_id": "39d33038-9795-44d9-a39c-4049a7de4fb9-140446145607488", "study_id": 0, "datetime_start": "2024-08-24T14:22:44.883151"}
{"op_code": 5, "worker_id": "39d33038-9795-44d9-a39c-4049a7de4fb9-140446145607488", "trial_id": 48, "param_name": "lr", "param_value_internal": 1.722693994422323e-05, "distribution": "{\"name\": \"FloatDistribution\", \"attributes\": {\"step\": null, \"low\": 1e-05, \"high\": 0.001, \"log\": true}}"}
{"op_code": 5, "worker_id": "39d33038-9795-44d9-a39c-4049a7de4fb9-140446145607488", "trial_id": 48, "param_name": "l2reg", "param_value_internal": 0.00013449339510160124, "distribution": "{\"name\": \"FloatDistribution\", \"attributes\": {\"step\": null, \"low\": 1e-08, \"high\": 0.001, \"log\": true}}"}
{"op_code": 5, "worker_id": "39d33038-9795-44d9-a39c-4049a7de4fb9-140446145607488", "trial_id": 48, "param_name": "random_seed", "param_value_internal": 0, "distribution": "{\"name\": \"CategoricalDistribution\", \"attributes\": {\"choices\": [42]}}"}
{"op_code": 5, "worker_id": "39d33038-9795-44d9-a39c-4049a7de4fb9-140446145607488", "trial_id": 48, "param_name": "degree", "param_value_internal": 0, "distribution": "{\"name\": \"CategoricalDistribution\", \"attributes\": {\"choices\": [0]}}"}
{"op_code": 8, "worker_id": "39d33038-9795-44d9-a39c-4049a7de4fb9-140446145607488", "trial_id": 48, "user_attr": {"best_epoch": 9}}
{"op_code": 8, "worker_id": "39d33038-9795-44d9-a39c-4049a7de4fb9-140446145607488", "trial_id": 48, "user_attr": {"test_loss": 0.45419618440241927}}
{"op_code": 6, "worker_id": "39d33038-9795-44d9-a39c-4049a7de4fb9-140446145607488", "trial_id": 48, "state": 1, "values": [0.45091027710067333], "datetime_complete": "2024-08-24T14:57:57.161050"}
{"op_code": 4, "worker_id": "39d33038-9795-44d9-a39c-4049a7de4fb9-140446145607488", "study_id": 0, "datetime_start": "2024-08-24T14:57:57.173951"}
{"op_code": 5, "worker_id": "39d33038-9795-44d9-a39c-4049a7de4fb9-140446145607488", "trial_id": 49, "param_name": "lr", "param_value_internal": 0.00019614728754484593, "distribution": "{\"name\": \"FloatDistribution\", \"attributes\": {\"step\": null, \"low\": 1e-05, \"high\": 0.001, \"log\": true}}"}
{"op_code": 5, "worker_id": "39d33038-9795-44d9-a39c-4049a7de4fb9-140446145607488", "trial_id": 49, "param_name": "l2reg", "param_value_internal": 0.0004853404912497301, "distribution": "{\"name\": \"FloatDistribution\", \"attributes\": {\"step\": null, \"low\": 1e-08, \"high\": 0.001, \"log\": true}}"}
{"op_code": 5, "worker_id": "39d33038-9795-44d9-a39c-4049a7de4fb9-140446145607488", "trial_id": 49, "param_name": "random_seed", "param_value_internal": 0, "distribution": "{\"name\": \"CategoricalDistribution\", \"attributes\": {\"choices\": [42]}}"}
{"op_code": 5, "worker_id": "39d33038-9795-44d9-a39c-4049a7de4fb9-140446145607488", "trial_id": 49, "param_name": "degree", "param_value_internal": 0, "distribution": "{\"name\": \"CategoricalDistribution\", \"attributes\": {\"choices\": [0]}}"}
{"op_code": 8, "worker_id": "39d33038-9795-44d9-a39c-4049a7de4fb9-140446145607488", "trial_id": 49, "user_attr": {"best_epoch": 1}}
{"op_code": 8, "worker_id": "39d33038-9795-44d9-a39c-4049a7de4fb9-140446145607488", "trial_id": 49, "user_attr": {"test_loss": 0.4511707740385091}}
{"op_code": 6, "worker_id": "39d33038-9795-44d9-a39c-4049a7de4fb9-140446145607488", "trial_id": 49, "state": 1, "values": [0.4478462551335475], "datetime_complete": "2024-08-24T15:16:07.902983"}
