{"op_code": 0, "worker_id": "a25beb94-145b-4eaa-95e5-51c4d002a2fd-139960768907072", "study_name": "criteo_bins", "directions": [1]}
{"op_code": 4, "worker_id": "a25beb94-145b-4eaa-95e5-51c4d002a2fd-139960768907072", "study_id": 0, "datetime_start": "2024-08-17T11:39:28.462948"}
{"op_code": 5, "worker_id": "a25beb94-145b-4eaa-95e5-51c4d002a2fd-139960768907072", "trial_id": 0, "param_name": "lr", "param_value_internal": 5.6115164153345e-05, "distribution": "{\"name\": \"FloatDistribution\", \"attributes\": {\"step\": null, \"low\": 1e-05, \"high\": 0.001, \"log\": true}}"}
{"op_code": 5, "worker_id": "a25beb94-145b-4eaa-95e5-51c4d002a2fd-139960768907072", "trial_id": 0, "param_name": "l2reg", "param_value_internal": 0.0005669849511478851, "distribution": "{\"name\": \"FloatDistribution\", \"attributes\": {\"step\": null, \"low\": 1e-08, \"high\": 0.001, \"log\": true}}"}
{"op_code": 5, "worker_id": "a25beb94-145b-4eaa-95e5-51c4d002a2fd-139960768907072", "trial_id": 0, "param_name": "random_seed", "param_value_internal": 0, "distribution": "{\"name\": \"CategoricalDistribution\", \"attributes\": {\"choices\": [42]}}"}
{"op_code": 5, "worker_id": "a25beb94-145b-4eaa-95e5-51c4d002a2fd-139960768907072", "trial_id": 0, "param_name": "degree", "param_value_internal": 0, "distribution": "{\"name\": \"CategoricalDistribution\", \"attributes\": {\"choices\": [0]}}"}
{"op_code": 8, "worker_id": "a25beb94-145b-4eaa-95e5-51c4d002a2fd-139960768907072", "trial_id": 0, "user_attr": {"best_epoch": 3}}
{"op_code": 8, "worker_id": "a25beb94-145b-4eaa-95e5-51c4d002a2fd-139960768907072", "trial_id": 0, "user_attr": {"test_loss": 0.4460840467449901}}
{"op_code": 6, "worker_id": "a25beb94-145b-4eaa-95e5-51c4d002a2fd-139960768907072", "trial_id": 0, "state": 1, "values": [0.4459757896466562], "datetime_complete": "2024-08-17T12:11:13.262912"}
{"op_code": 4, "worker_id": "a25beb94-145b-4eaa-95e5-51c4d002a2fd-139960768907072", "study_id": 0, "datetime_start": "2024-08-17T12:11:13.271937"}
{"op_code": 5, "worker_id": "a25beb94-145b-4eaa-95e5-51c4d002a2fd-139960768907072", "trial_id": 1, "param_name": "lr", "param_value_internal": 0.000291063591313307, "distribution": "{\"name\": \"FloatDistribution\", \"attributes\": {\"step\": null, \"low\": 1e-05, \"high\": 0.001, \"log\": true}}"}
{"op_code": 5, "worker_id": "a25beb94-145b-4eaa-95e5-51c4d002a2fd-139960768907072", "trial_id": 1, "param_name": "l2reg", "param_value_internal": 9.846738873614555e-06, "distribution": "{\"name\": \"FloatDistribution\", \"attributes\": {\"step\": null, \"low\": 1e-08, \"high\": 0.001, \"log\": true}}"}
{"op_code": 5, "worker_id": "a25beb94-145b-4eaa-95e5-51c4d002a2fd-139960768907072", "trial_id": 1, "param_name": "random_seed", "param_value_internal": 0, "distribution": "{\"name\": \"CategoricalDistribution\", \"attributes\": {\"choices\": [42]}}"}
{"op_code": 5, "worker_id": "a25beb94-145b-4eaa-95e5-51c4d002a2fd-139960768907072", "trial_id": 1, "param_name": "degree", "param_value_internal": 0, "distribution": "{\"name\": \"CategoricalDistribution\", \"attributes\": {\"choices\": [0]}}"}
{"op_code": 8, "worker_id": "a25beb94-145b-4eaa-95e5-51c4d002a2fd-139960768907072", "trial_id": 1, "user_attr": {"best_epoch": 0}}
{"op_code": 8, "worker_id": "a25beb94-145b-4eaa-95e5-51c4d002a2fd-139960768907072", "trial_id": 1, "user_attr": {"test_loss": 0.44566013483480604}}
{"op_code": 6, "worker_id": "a25beb94-145b-4eaa-95e5-51c4d002a2fd-139960768907072", "trial_id": 1, "state": 1, "values": [0.4455854974719494], "datetime_complete": "2024-08-17T12:30:54.186538"}
{"op_code": 4, "worker_id": "a25beb94-145b-4eaa-95e5-51c4d002a2fd-139960768907072", "study_id": 0, "datetime_start": "2024-08-17T12:30:54.197375"}
{"op_code": 5, "worker_id": "a25beb94-145b-4eaa-95e5-51c4d002a2fd-139960768907072", "trial_id": 2, "param_name": "lr", "param_value_internal": 2.0513382630874486e-05, "distribution": "{\"name\": \"FloatDistribution\", \"attributes\": {\"step\": null, \"low\": 1e-05, \"high\": 0.001, \"log\": true}}"}
{"op_code": 5, "worker_id": "a25beb94-145b-4eaa-95e5-51c4d002a2fd-139960768907072", "trial_id": 2, "param_name": "l2reg", "param_value_internal": 6.02521573620385e-08, "distribution": "{\"name\": \"FloatDistribution\", \"attributes\": {\"step\": null, \"low\": 1e-08, \"high\": 0.001, \"log\": true}}"}
{"op_code": 5, "worker_id": "a25beb94-145b-4eaa-95e5-51c4d002a2fd-139960768907072", "trial_id": 2, "param_name": "random_seed", "param_value_internal": 0, "distribution": "{\"name\": \"CategoricalDistribution\", \"attributes\": {\"choices\": [42]}}"}
{"op_code": 5, "worker_id": "a25beb94-145b-4eaa-95e5-51c4d002a2fd-139960768907072", "trial_id": 2, "param_name": "degree", "param_value_internal": 0, "distribution": "{\"name\": \"CategoricalDistribution\", \"attributes\": {\"choices\": [0]}}"}
{"op_code": 8, "worker_id": "a25beb94-145b-4eaa-95e5-51c4d002a2fd-139960768907072", "trial_id": 2, "user_attr": {"best_epoch": 10}}
{"op_code": 8, "worker_id": "a25beb94-145b-4eaa-95e5-51c4d002a2fd-139960768907072", "trial_id": 2, "user_attr": {"test_loss": 0.4467146131868282}}
{"op_code": 6, "worker_id": "a25beb94-145b-4eaa-95e5-51c4d002a2fd-139960768907072", "trial_id": 2, "state": 1, "values": [0.4465956255895115], "datetime_complete": "2024-08-17T13:31:06.011042"}
{"op_code": 4, "worker_id": "a25beb94-145b-4eaa-95e5-51c4d002a2fd-139960768907072", "study_id": 0, "datetime_start": "2024-08-17T13:31:06.028730"}
{"op_code": 5, "worker_id": "a25beb94-145b-4eaa-95e5-51c4d002a2fd-139960768907072", "trial_id": 3, "param_name": "lr", "param_value_internal": 1.3066739238053272e-05, "distribution": "{\"name\": \"FloatDistribution\", \"attributes\": {\"step\": null, \"low\": 1e-05, \"high\": 0.001, \"log\": true}}"}
{"op_code": 5, "worker_id": "a25beb94-145b-4eaa-95e5-51c4d002a2fd-139960768907072", "trial_id": 3, "param_name": "l2reg", "param_value_internal": 0.00021423021757741048, "distribution": "{\"name\": \"FloatDistribution\", \"attributes\": {\"step\": null, \"low\": 1e-08, \"high\": 0.001, \"log\": true}}"}
{"op_code": 5, "worker_id": "a25beb94-145b-4eaa-95e5-51c4d002a2fd-139960768907072", "trial_id": 3, "param_name": "random_seed", "param_value_internal": 0, "distribution": "{\"name\": \"CategoricalDistribution\", \"attributes\": {\"choices\": [42]}}"}
{"op_code": 5, "worker_id": "a25beb94-145b-4eaa-95e5-51c4d002a2fd-139960768907072", "trial_id": 3, "param_name": "degree", "param_value_internal": 0, "distribution": "{\"name\": \"CategoricalDistribution\", \"attributes\": {\"choices\": [0]}}"}
{"op_code": 8, "worker_id": "a25beb94-145b-4eaa-95e5-51c4d002a2fd-139960768907072", "trial_id": 3, "user_attr": {"best_epoch": 17}}
{"op_code": 8, "worker_id": "a25beb94-145b-4eaa-95e5-51c4d002a2fd-139960768907072", "trial_id": 3, "user_attr": {"test_loss": 0.44689646065582395}}
{"op_code": 6, "worker_id": "a25beb94-145b-4eaa-95e5-51c4d002a2fd-139960768907072", "trial_id": 3, "state": 1, "values": [0.4467620430850497], "datetime_complete": "2024-08-17T14:54:02.305914"}
{"op_code": 4, "worker_id": "a25beb94-145b-4eaa-95e5-51c4d002a2fd-139960768907072", "study_id": 0, "datetime_start": "2024-08-17T14:54:02.314891"}
{"op_code": 5, "worker_id": "a25beb94-145b-4eaa-95e5-51c4d002a2fd-139960768907072", "trial_id": 4, "param_name": "lr", "param_value_internal": 0.00015930522616241006, "distribution": "{\"name\": \"FloatDistribution\", \"attributes\": {\"step\": null, \"low\": 1e-05, \"high\": 0.001, \"log\": true}}"}
{"op_code": 5, "worker_id": "a25beb94-145b-4eaa-95e5-51c4d002a2fd-139960768907072", "trial_id": 4, "param_name": "l2reg", "param_value_internal": 3.47026698865041e-05, "distribution": "{\"name\": \"FloatDistribution\", \"attributes\": {\"step\": null, \"low\": 1e-08, \"high\": 0.001, \"log\": true}}"}
{"op_code": 5, "worker_id": "a25beb94-145b-4eaa-95e5-51c4d002a2fd-139960768907072", "trial_id": 4, "param_name": "random_seed", "param_value_internal": 0, "distribution": "{\"name\": \"CategoricalDistribution\", \"attributes\": {\"choices\": [42]}}"}
{"op_code": 5, "worker_id": "a25beb94-145b-4eaa-95e5-51c4d002a2fd-139960768907072", "trial_id": 4, "param_name": "degree", "param_value_internal": 0, "distribution": "{\"name\": \"CategoricalDistribution\", \"attributes\": {\"choices\": [0]}}"}
{"op_code": 8, "worker_id": "a25beb94-145b-4eaa-95e5-51c4d002a2fd-139960768907072", "trial_id": 4, "user_attr": {"best_epoch": 1}}
{"op_code": 8, "worker_id": "a25beb94-145b-4eaa-95e5-51c4d002a2fd-139960768907072", "trial_id": 4, "user_attr": {"test_loss": 0.4450295956085908}}
{"op_code": 6, "worker_id": "a25beb94-145b-4eaa-95e5-51c4d002a2fd-139960768907072", "trial_id": 4, "state": 1, "values": [0.44491464037754463], "datetime_complete": "2024-08-17T15:15:56.302048"}
{"op_code": 4, "worker_id": "a25beb94-145b-4eaa-95e5-51c4d002a2fd-139960768907072", "study_id": 0, "datetime_start": "2024-08-17T15:15:56.310989"}
{"op_code": 5, "worker_id": "a25beb94-145b-4eaa-95e5-51c4d002a2fd-139960768907072", "trial_id": 5, "param_name": "lr", "param_value_internal": 1.0994335574766187e-05, "distribution": "{\"name\": \"FloatDistribution\", \"attributes\": {\"step\": null, \"low\": 1e-05, \"high\": 0.001, \"log\": true}}"}
{"op_code": 5, "worker_id": "a25beb94-145b-4eaa-95e5-51c4d002a2fd-139960768907072", "trial_id": 5, "param_name": "l2reg", "param_value_internal": 0.0007072114131472234, "distribution": "{\"name\": \"FloatDistribution\", \"attributes\": {\"step\": null, \"low\": 1e-08, \"high\": 0.001, \"log\": true}}"}
{"op_code": 5, "worker_id": "a25beb94-145b-4eaa-95e5-51c4d002a2fd-139960768907072", "trial_id": 5, "param_name": "random_seed", "param_value_internal": 0, "distribution": "{\"name\": \"CategoricalDistribution\", \"attributes\": {\"choices\": [42]}}"}
{"op_code": 5, "worker_id": "a25beb94-145b-4eaa-95e5-51c4d002a2fd-139960768907072", "trial_id": 5, "param_name": "degree", "param_value_internal": 0, "distribution": "{\"name\": \"CategoricalDistribution\", \"attributes\": {\"choices\": [0]}}"}
{"op_code": 8, "worker_id": "a25beb94-145b-4eaa-95e5-51c4d002a2fd-139960768907072", "trial_id": 5, "user_attr": {"best_epoch": 19}}
{"op_code": 8, "worker_id": "a25beb94-145b-4eaa-95e5-51c4d002a2fd-139960768907072", "trial_id": 5, "user_attr": {"test_loss": 0.4469850759407453}}
{"op_code": 6, "worker_id": "a25beb94-145b-4eaa-95e5-51c4d002a2fd-139960768907072", "trial_id": 5, "state": 1, "values": [0.44687598350115126], "datetime_complete": "2024-08-17T16:40:00.042300"}
{"op_code": 4, "worker_id": "a25beb94-145b-4eaa-95e5-51c4d002a2fd-139960768907072", "study_id": 0, "datetime_start": "2024-08-17T16:40:00.052501"}
{"op_code": 5, "worker_id": "a25beb94-145b-4eaa-95e5-51c4d002a2fd-139960768907072", "trial_id": 6, "param_name": "lr", "param_value_internal": 0.000462258900102083, "distribution": "{\"name\": \"FloatDistribution\", \"attributes\": {\"step\": null, \"low\": 1e-05, \"high\": 0.001, \"log\": true}}"}
{"op_code": 5, "worker_id": "a25beb94-145b-4eaa-95e5-51c4d002a2fd-139960768907072", "trial_id": 6, "param_name": "l2reg", "param_value_internal": 1.1526449540315595e-07, "distribution": "{\"name\": \"FloatDistribution\", \"attributes\": {\"step\": null, \"low\": 1e-08, \"high\": 0.001, \"log\": true}}"}
{"op_code": 5, "worker_id": "a25beb94-145b-4eaa-95e5-51c4d002a2fd-139960768907072", "trial_id": 6, "param_name": "random_seed", "param_value_internal": 0, "distribution": "{\"name\": \"CategoricalDistribution\", \"attributes\": {\"choices\": [42]}}"}
{"op_code": 5, "worker_id": "a25beb94-145b-4eaa-95e5-51c4d002a2fd-139960768907072", "trial_id": 6, "param_name": "degree", "param_value_internal": 0, "distribution": "{\"name\": \"CategoricalDistribution\", \"attributes\": {\"choices\": [0]}}"}
{"op_code": 8, "worker_id": "a25beb94-145b-4eaa-95e5-51c4d002a2fd-139960768907072", "trial_id": 6, "user_attr": {"best_epoch": 0}}
{"op_code": 8, "worker_id": "a25beb94-145b-4eaa-95e5-51c4d002a2fd-139960768907072", "trial_id": 6, "user_attr": {"test_loss": 0.44540015051796145}}
{"op_code": 6, "worker_id": "a25beb94-145b-4eaa-95e5-51c4d002a2fd-139960768907072", "trial_id": 6, "state": 1, "values": [0.44533311559783356], "datetime_complete": "2024-08-17T16:59:14.021143"}
{"op_code": 4, "worker_id": "a25beb94-145b-4eaa-95e5-51c4d002a2fd-139960768907072", "study_id": 0, "datetime_start": "2024-08-17T16:59:14.041165"}
{"op_code": 5, "worker_id": "a25beb94-145b-4eaa-95e5-51c4d002a2fd-139960768907072", "trial_id": 7, "param_name": "lr", "param_value_internal": 2.3102018878452926e-05, "distribution": "{\"name\": \"FloatDistribution\", \"attributes\": {\"step\": null, \"low\": 1e-05, \"high\": 0.001, \"log\": true}}"}
{"op_code": 5, "worker_id": "a25beb94-145b-4eaa-95e5-51c4d002a2fd-139960768907072", "trial_id": 7, "param_name": "l2reg", "param_value_internal": 8.260808399079588e-08, "distribution": "{\"name\": \"FloatDistribution\", \"attributes\": {\"step\": null, \"low\": 1e-08, \"high\": 0.001, \"log\": true}}"}
{"op_code": 5, "worker_id": "a25beb94-145b-4eaa-95e5-51c4d002a2fd-139960768907072", "trial_id": 7, "param_name": "random_seed", "param_value_internal": 0, "distribution": "{\"name\": \"CategoricalDistribution\", \"attributes\": {\"choices\": [42]}}"}
{"op_code": 5, "worker_id": "a25beb94-145b-4eaa-95e5-51c4d002a2fd-139960768907072", "trial_id": 7, "param_name": "degree", "param_value_internal": 0, "distribution": "{\"name\": \"CategoricalDistribution\", \"attributes\": {\"choices\": [0]}}"}
{"op_code": 0, "worker_id": "c47da30d-9f4f-4786-ad01-367a20d774ae-140619347871552", "study_name": "criteo_bins", "directions": [1]}
{"op_code": 0, "worker_id": "e0bc2930-0be1-4222-bc16-41b7c645f781-140619347871552", "study_name": "criteo_bins", "directions": [1]}
{"op_code": 0, "worker_id": "6b44c70b-2c86-42dc-9ce0-6c5b22bc133a-139957378852672", "study_name": "criteo_bins", "directions": [1]}
{"op_code": 8, "worker_id": "a25beb94-145b-4eaa-95e5-51c4d002a2fd-139960768907072", "trial_id": 7, "user_attr": {"best_epoch": 10}}
{"op_code": 8, "worker_id": "a25beb94-145b-4eaa-95e5-51c4d002a2fd-139960768907072", "trial_id": 7, "user_attr": {"test_loss": 0.44667088479711925}}
{"op_code": 6, "worker_id": "a25beb94-145b-4eaa-95e5-51c4d002a2fd-139960768907072", "trial_id": 7, "state": 1, "values": [0.4465374473910183], "datetime_complete": "2024-08-17T18:03:28.141524"}
{"op_code": 4, "worker_id": "a25beb94-145b-4eaa-95e5-51c4d002a2fd-139960768907072", "study_id": 0, "datetime_start": "2024-08-17T18:03:28.150237"}
{"op_code": 5, "worker_id": "a25beb94-145b-4eaa-95e5-51c4d002a2fd-139960768907072", "trial_id": 8, "param_name": "lr", "param_value_internal": 4.059611610484306e-05, "distribution": "{\"name\": \"FloatDistribution\", \"attributes\": {\"step\": null, \"low\": 1e-05, \"high\": 0.001, \"log\": true}}"}
{"op_code": 5, "worker_id": "a25beb94-145b-4eaa-95e5-51c4d002a2fd-139960768907072", "trial_id": 8, "param_name": "l2reg", "param_value_internal": 4.2051564509138674e-06, "distribution": "{\"name\": \"FloatDistribution\", \"attributes\": {\"step\": null, \"low\": 1e-08, \"high\": 0.001, \"log\": true}}"}
{"op_code": 5, "worker_id": "a25beb94-145b-4eaa-95e5-51c4d002a2fd-139960768907072", "trial_id": 8, "param_name": "random_seed", "param_value_internal": 0, "distribution": "{\"name\": \"CategoricalDistribution\", \"attributes\": {\"choices\": [42]}}"}
{"op_code": 5, "worker_id": "a25beb94-145b-4eaa-95e5-51c4d002a2fd-139960768907072", "trial_id": 8, "param_name": "degree", "param_value_internal": 0, "distribution": "{\"name\": \"CategoricalDistribution\", \"attributes\": {\"choices\": [0]}}"}
{"op_code": 8, "worker_id": "a25beb94-145b-4eaa-95e5-51c4d002a2fd-139960768907072", "trial_id": 8, "user_attr": {"best_epoch": 5}}
{"op_code": 8, "worker_id": "a25beb94-145b-4eaa-95e5-51c4d002a2fd-139960768907072", "trial_id": 8, "user_attr": {"test_loss": 0.4463049191341664}}
{"op_code": 6, "worker_id": "a25beb94-145b-4eaa-95e5-51c4d002a2fd-139960768907072", "trial_id": 8, "state": 1, "values": [0.44621606579493495], "datetime_complete": "2024-08-17T18:41:44.109426"}
{"op_code": 4, "worker_id": "a25beb94-145b-4eaa-95e5-51c4d002a2fd-139960768907072", "study_id": 0, "datetime_start": "2024-08-17T18:41:44.118724"}
{"op_code": 5, "worker_id": "a25beb94-145b-4eaa-95e5-51c4d002a2fd-139960768907072", "trial_id": 9, "param_name": "lr", "param_value_internal": 7.309539835912905e-05, "distribution": "{\"name\": \"FloatDistribution\", \"attributes\": {\"step\": null, \"low\": 1e-05, \"high\": 0.001, \"log\": true}}"}
{"op_code": 5, "worker_id": "a25beb94-145b-4eaa-95e5-51c4d002a2fd-139960768907072", "trial_id": 9, "param_name": "l2reg", "param_value_internal": 2.8585493941961875e-07, "distribution": "{\"name\": \"FloatDistribution\", \"attributes\": {\"step\": null, \"low\": 1e-08, \"high\": 0.001, \"log\": true}}"}
{"op_code": 5, "worker_id": "a25beb94-145b-4eaa-95e5-51c4d002a2fd-139960768907072", "trial_id": 9, "param_name": "random_seed", "param_value_internal": 0, "distribution": "{\"name\": \"CategoricalDistribution\", \"attributes\": {\"choices\": [42]}}"}
{"op_code": 5, "worker_id": "a25beb94-145b-4eaa-95e5-51c4d002a2fd-139960768907072", "trial_id": 9, "param_name": "degree", "param_value_internal": 0, "distribution": "{\"name\": \"CategoricalDistribution\", \"attributes\": {\"choices\": [0]}}"}
{"op_code": 8, "worker_id": "a25beb94-145b-4eaa-95e5-51c4d002a2fd-139960768907072", "trial_id": 9, "user_attr": {"best_epoch": 3}}
{"op_code": 8, "worker_id": "a25beb94-145b-4eaa-95e5-51c4d002a2fd-139960768907072", "trial_id": 9, "user_attr": {"test_loss": 0.4458311296866919}}
{"op_code": 6, "worker_id": "a25beb94-145b-4eaa-95e5-51c4d002a2fd-139960768907072", "trial_id": 9, "state": 1, "values": [0.4457016313879733], "datetime_complete": "2024-08-17T19:11:56.221617"}
{"op_code": 4, "worker_id": "a25beb94-145b-4eaa-95e5-51c4d002a2fd-139960768907072", "study_id": 0, "datetime_start": "2024-08-17T19:11:56.254665"}
{"op_code": 5, "worker_id": "a25beb94-145b-4eaa-95e5-51c4d002a2fd-139960768907072", "trial_id": 10, "param_name": "lr", "param_value_internal": 0.00018471184590376964, "distribution": "{\"name\": \"FloatDistribution\", \"attributes\": {\"step\": null, \"low\": 1e-05, \"high\": 0.001, \"log\": true}}"}
{"op_code": 5, "worker_id": "a25beb94-145b-4eaa-95e5-51c4d002a2fd-139960768907072", "trial_id": 10, "param_name": "l2reg", "param_value_internal": 3.8521646942747446e-05, "distribution": "{\"name\": \"FloatDistribution\", \"attributes\": {\"step\": null, \"low\": 1e-08, \"high\": 0.001, \"log\": true}}"}
{"op_code": 5, "worker_id": "a25beb94-145b-4eaa-95e5-51c4d002a2fd-139960768907072", "trial_id": 10, "param_name": "random_seed", "param_value_internal": 0, "distribution": "{\"name\": \"CategoricalDistribution\", \"attributes\": {\"choices\": [42]}}"}
{"op_code": 5, "worker_id": "a25beb94-145b-4eaa-95e5-51c4d002a2fd-139960768907072", "trial_id": 10, "param_name": "degree", "param_value_internal": 0, "distribution": "{\"name\": \"CategoricalDistribution\", \"attributes\": {\"choices\": [0]}}"}
{"op_code": 0, "worker_id": "e8afb175-a89b-487b-a1cc-a2d0b001bc55-139885789554496", "study_name": "criteo_bins", "directions": [1]}
{"op_code": 8, "worker_id": "a25beb94-145b-4eaa-95e5-51c4d002a2fd-139960768907072", "trial_id": 10, "user_attr": {"best_epoch": 1}}
{"op_code": 8, "worker_id": "a25beb94-145b-4eaa-95e5-51c4d002a2fd-139960768907072", "trial_id": 10, "user_attr": {"test_loss": 0.44501792948375973}}
{"op_code": 6, "worker_id": "a25beb94-145b-4eaa-95e5-51c4d002a2fd-139960768907072", "trial_id": 10, "state": 1, "values": [0.4449178954789921], "datetime_complete": "2024-08-17T19:34:00.316940"}
{"op_code": 4, "worker_id": "a25beb94-145b-4eaa-95e5-51c4d002a2fd-139960768907072", "study_id": 0, "datetime_start": "2024-08-17T19:34:00.325532"}
{"op_code": 5, "worker_id": "a25beb94-145b-4eaa-95e5-51c4d002a2fd-139960768907072", "trial_id": 11, "param_name": "lr", "param_value_internal": 0.00015320252245209042, "distribution": "{\"name\": \"FloatDistribution\", \"attributes\": {\"step\": null, \"low\": 1e-05, \"high\": 0.001, \"log\": true}}"}
{"op_code": 5, "worker_id": "a25beb94-145b-4eaa-95e5-51c4d002a2fd-139960768907072", "trial_id": 11, "param_name": "l2reg", "param_value_internal": 4.011123221868182e-05, "distribution": "{\"name\": \"FloatDistribution\", \"attributes\": {\"step\": null, \"low\": 1e-08, \"high\": 0.001, \"log\": true}}"}
{"op_code": 5, "worker_id": "a25beb94-145b-4eaa-95e5-51c4d002a2fd-139960768907072", "trial_id": 11, "param_name": "random_seed", "param_value_internal": 0, "distribution": "{\"name\": \"CategoricalDistribution\", \"attributes\": {\"choices\": [42]}}"}
{"op_code": 5, "worker_id": "a25beb94-145b-4eaa-95e5-51c4d002a2fd-139960768907072", "trial_id": 11, "param_name": "degree", "param_value_internal": 0, "distribution": "{\"name\": \"CategoricalDistribution\", \"attributes\": {\"choices\": [0]}}"}
{"op_code": 0, "worker_id": "4c7fdb60-a95c-4cf4-a262-aa08f1b21e04-139822091638592", "study_name": "criteo_bins", "directions": [1]}
{"op_code": 8, "worker_id": "a25beb94-145b-4eaa-95e5-51c4d002a2fd-139960768907072", "trial_id": 11, "user_attr": {"best_epoch": 1}}
{"op_code": 8, "worker_id": "a25beb94-145b-4eaa-95e5-51c4d002a2fd-139960768907072", "trial_id": 11, "user_attr": {"test_loss": 0.4450593646322958}}
{"op_code": 6, "worker_id": "a25beb94-145b-4eaa-95e5-51c4d002a2fd-139960768907072", "trial_id": 11, "state": 1, "values": [0.444940310016049], "datetime_complete": "2024-08-17T19:56:19.318692"}
{"op_code": 4, "worker_id": "a25beb94-145b-4eaa-95e5-51c4d002a2fd-139960768907072", "study_id": 0, "datetime_start": "2024-08-17T19:56:19.327626"}
{"op_code": 5, "worker_id": "a25beb94-145b-4eaa-95e5-51c4d002a2fd-139960768907072", "trial_id": 12, "param_name": "lr", "param_value_internal": 0.00016921668003142025, "distribution": "{\"name\": \"FloatDistribution\", \"attributes\": {\"step\": null, \"low\": 1e-05, \"high\": 0.001, \"log\": true}}"}
{"op_code": 5, "worker_id": "a25beb94-145b-4eaa-95e5-51c4d002a2fd-139960768907072", "trial_id": 12, "param_name": "l2reg", "param_value_internal": 4.634380861758262e-05, "distribution": "{\"name\": \"FloatDistribution\", \"attributes\": {\"step\": null, \"low\": 1e-08, \"high\": 0.001, \"log\": true}}"}
{"op_code": 5, "worker_id": "a25beb94-145b-4eaa-95e5-51c4d002a2fd-139960768907072", "trial_id": 12, "param_name": "random_seed", "param_value_internal": 0, "distribution": "{\"name\": \"CategoricalDistribution\", \"attributes\": {\"choices\": [42]}}"}
{"op_code": 5, "worker_id": "a25beb94-145b-4eaa-95e5-51c4d002a2fd-139960768907072", "trial_id": 12, "param_name": "degree", "param_value_internal": 0, "distribution": "{\"name\": \"CategoricalDistribution\", \"attributes\": {\"choices\": [0]}}"}
{"op_code": 8, "worker_id": "a25beb94-145b-4eaa-95e5-51c4d002a2fd-139960768907072", "trial_id": 12, "user_attr": {"best_epoch": 1}}
{"op_code": 8, "worker_id": "a25beb94-145b-4eaa-95e5-51c4d002a2fd-139960768907072", "trial_id": 12, "user_attr": {"test_loss": 0.4450061150110033}}
{"op_code": 6, "worker_id": "a25beb94-145b-4eaa-95e5-51c4d002a2fd-139960768907072", "trial_id": 12, "state": 1, "values": [0.4448969763627788], "datetime_complete": "2024-08-17T20:18:47.183320"}
{"op_code": 4, "worker_id": "a25beb94-145b-4eaa-95e5-51c4d002a2fd-139960768907072", "study_id": 0, "datetime_start": "2024-08-17T20:18:47.214175"}
{"op_code": 5, "worker_id": "a25beb94-145b-4eaa-95e5-51c4d002a2fd-139960768907072", "trial_id": 13, "param_name": "lr", "param_value_internal": 0.000758935828694729, "distribution": "{\"name\": \"FloatDistribution\", \"attributes\": {\"step\": null, \"low\": 1e-05, \"high\": 0.001, \"log\": true}}"}
{"op_code": 5, "worker_id": "a25beb94-145b-4eaa-95e5-51c4d002a2fd-139960768907072", "trial_id": 13, "param_name": "l2reg", "param_value_internal": 8.51404885716151e-07, "distribution": "{\"name\": \"FloatDistribution\", \"attributes\": {\"step\": null, \"low\": 1e-08, \"high\": 0.001, \"log\": true}}"}
{"op_code": 5, "worker_id": "a25beb94-145b-4eaa-95e5-51c4d002a2fd-139960768907072", "trial_id": 13, "param_name": "random_seed", "param_value_internal": 0, "distribution": "{\"name\": \"CategoricalDistribution\", \"attributes\": {\"choices\": [42]}}"}
{"op_code": 5, "worker_id": "a25beb94-145b-4eaa-95e5-51c4d002a2fd-139960768907072", "trial_id": 13, "param_name": "degree", "param_value_internal": 0, "distribution": "{\"name\": \"CategoricalDistribution\", \"attributes\": {\"choices\": [0]}}"}
{"op_code": 8, "worker_id": "a25beb94-145b-4eaa-95e5-51c4d002a2fd-139960768907072", "trial_id": 13, "user_attr": {"best_epoch": 0}}
{"op_code": 8, "worker_id": "a25beb94-145b-4eaa-95e5-51c4d002a2fd-139960768907072", "trial_id": 13, "user_attr": {"test_loss": 0.4455003721606235}}
{"op_code": 6, "worker_id": "a25beb94-145b-4eaa-95e5-51c4d002a2fd-139960768907072", "trial_id": 13, "state": 1, "values": [0.4454222584326446], "datetime_complete": "2024-08-17T20:38:36.255913"}
{"op_code": 4, "worker_id": "a25beb94-145b-4eaa-95e5-51c4d002a2fd-139960768907072", "study_id": 0, "datetime_start": "2024-08-17T20:38:36.264525"}
{"op_code": 5, "worker_id": "a25beb94-145b-4eaa-95e5-51c4d002a2fd-139960768907072", "trial_id": 14, "param_name": "lr", "param_value_internal": 0.00012448484478535553, "distribution": "{\"name\": \"FloatDistribution\", \"attributes\": {\"step\": null, \"low\": 1e-05, \"high\": 0.001, \"log\": true}}"}
{"op_code": 5, "worker_id": "a25beb94-145b-4eaa-95e5-51c4d002a2fd-139960768907072", "trial_id": 14, "param_name": "l2reg", "param_value_internal": 1.163814228102759e-08, "distribution": "{\"name\": \"FloatDistribution\", \"attributes\": {\"step\": null, \"low\": 1e-08, \"high\": 0.001, \"log\": true}}"}
{"op_code": 5, "worker_id": "a25beb94-145b-4eaa-95e5-51c4d002a2fd-139960768907072", "trial_id": 14, "param_name": "random_seed", "param_value_internal": 0, "distribution": "{\"name\": \"CategoricalDistribution\", \"attributes\": {\"choices\": [42]}}"}
{"op_code": 5, "worker_id": "a25beb94-145b-4eaa-95e5-51c4d002a2fd-139960768907072", "trial_id": 14, "param_name": "degree", "param_value_internal": 0, "distribution": "{\"name\": \"CategoricalDistribution\", \"attributes\": {\"choices\": [0]}}"}
{"op_code": 8, "worker_id": "a25beb94-145b-4eaa-95e5-51c4d002a2fd-139960768907072", "trial_id": 14, "user_attr": {"best_epoch": 1}}
{"op_code": 8, "worker_id": "a25beb94-145b-4eaa-95e5-51c4d002a2fd-139960768907072", "trial_id": 14, "user_attr": {"test_loss": 0.4454102106038301}}
{"op_code": 6, "worker_id": "a25beb94-145b-4eaa-95e5-51c4d002a2fd-139960768907072", "trial_id": 14, "state": 1, "values": [0.44527865441621256], "datetime_complete": "2024-08-17T21:00:58.281643"}
{"op_code": 4, "worker_id": "a25beb94-145b-4eaa-95e5-51c4d002a2fd-139960768907072", "study_id": 0, "datetime_start": "2024-08-17T21:00:58.305271"}
{"op_code": 5, "worker_id": "a25beb94-145b-4eaa-95e5-51c4d002a2fd-139960768907072", "trial_id": 15, "param_name": "lr", "param_value_internal": 0.0002733762389478881, "distribution": "{\"name\": \"FloatDistribution\", \"attributes\": {\"step\": null, \"low\": 1e-05, \"high\": 0.001, \"log\": true}}"}
{"op_code": 5, "worker_id": "a25beb94-145b-4eaa-95e5-51c4d002a2fd-139960768907072", "trial_id": 15, "param_name": "l2reg", "param_value_internal": 5.4572133958497654e-05, "distribution": "{\"name\": \"FloatDistribution\", \"attributes\": {\"step\": null, \"low\": 1e-08, \"high\": 0.001, \"log\": true}}"}
{"op_code": 5, "worker_id": "a25beb94-145b-4eaa-95e5-51c4d002a2fd-139960768907072", "trial_id": 15, "param_name": "random_seed", "param_value_internal": 0, "distribution": "{\"name\": \"CategoricalDistribution\", \"attributes\": {\"choices\": [42]}}"}
{"op_code": 5, "worker_id": "a25beb94-145b-4eaa-95e5-51c4d002a2fd-139960768907072", "trial_id": 15, "param_name": "degree", "param_value_internal": 0, "distribution": "{\"name\": \"CategoricalDistribution\", \"attributes\": {\"choices\": [0]}}"}
{"op_code": 8, "worker_id": "a25beb94-145b-4eaa-95e5-51c4d002a2fd-139960768907072", "trial_id": 15, "user_attr": {"best_epoch": 1}}
{"op_code": 8, "worker_id": "a25beb94-145b-4eaa-95e5-51c4d002a2fd-139960768907072", "trial_id": 15, "user_attr": {"test_loss": 0.4455990240180079}}
{"op_code": 6, "worker_id": "a25beb94-145b-4eaa-95e5-51c4d002a2fd-139960768907072", "trial_id": 15, "state": 1, "values": [0.44552014179680266], "datetime_complete": "2024-08-17T21:23:09.256430"}
{"op_code": 4, "worker_id": "a25beb94-145b-4eaa-95e5-51c4d002a2fd-139960768907072", "study_id": 0, "datetime_start": "2024-08-17T21:23:09.265343"}
{"op_code": 5, "worker_id": "a25beb94-145b-4eaa-95e5-51c4d002a2fd-139960768907072", "trial_id": 16, "param_name": "lr", "param_value_internal": 8.407931655574884e-05, "distribution": "{\"name\": \"FloatDistribution\", \"attributes\": {\"step\": null, \"low\": 1e-05, \"high\": 0.001, \"log\": true}}"}
{"op_code": 5, "worker_id": "a25beb94-145b-4eaa-95e5-51c4d002a2fd-139960768907072", "trial_id": 16, "param_name": "l2reg", "param_value_internal": 1.0788386058544978e-05, "distribution": "{\"name\": \"FloatDistribution\", \"attributes\": {\"step\": null, \"low\": 1e-08, \"high\": 0.001, \"log\": true}}"}
{"op_code": 5, "worker_id": "a25beb94-145b-4eaa-95e5-51c4d002a2fd-139960768907072", "trial_id": 16, "param_name": "random_seed", "param_value_internal": 0, "distribution": "{\"name\": \"CategoricalDistribution\", \"attributes\": {\"choices\": [42]}}"}
{"op_code": 5, "worker_id": "a25beb94-145b-4eaa-95e5-51c4d002a2fd-139960768907072", "trial_id": 16, "param_name": "degree", "param_value_internal": 0, "distribution": "{\"name\": \"CategoricalDistribution\", \"attributes\": {\"choices\": [0]}}"}
{"op_code": 8, "worker_id": "a25beb94-145b-4eaa-95e5-51c4d002a2fd-139960768907072", "trial_id": 16, "user_attr": {"best_epoch": 2}}
{"op_code": 8, "worker_id": "a25beb94-145b-4eaa-95e5-51c4d002a2fd-139960768907072", "trial_id": 16, "user_attr": {"test_loss": 0.4457056984010024}}
{"op_code": 6, "worker_id": "a25beb94-145b-4eaa-95e5-51c4d002a2fd-139960768907072", "trial_id": 16, "state": 1, "values": [0.44561709765166757], "datetime_complete": "2024-08-17T21:49:35.128929"}
{"op_code": 4, "worker_id": "a25beb94-145b-4eaa-95e5-51c4d002a2fd-139960768907072", "study_id": 0, "datetime_start": "2024-08-17T21:49:35.138669"}
{"op_code": 5, "worker_id": "a25beb94-145b-4eaa-95e5-51c4d002a2fd-139960768907072", "trial_id": 17, "param_name": "lr", "param_value_internal": 0.0009129978603227824, "distribution": "{\"name\": \"FloatDistribution\", \"attributes\": {\"step\": null, \"low\": 1e-05, \"high\": 0.001, \"log\": true}}"}
{"op_code": 5, "worker_id": "a25beb94-145b-4eaa-95e5-51c4d002a2fd-139960768907072", "trial_id": 17, "param_name": "l2reg", "param_value_internal": 0.00012808944435729837, "distribution": "{\"name\": \"FloatDistribution\", \"attributes\": {\"step\": null, \"low\": 1e-08, \"high\": 0.001, \"log\": true}}"}
{"op_code": 5, "worker_id": "a25beb94-145b-4eaa-95e5-51c4d002a2fd-139960768907072", "trial_id": 17, "param_name": "random_seed", "param_value_internal": 0, "distribution": "{\"name\": \"CategoricalDistribution\", \"attributes\": {\"choices\": [42]}}"}
{"op_code": 5, "worker_id": "a25beb94-145b-4eaa-95e5-51c4d002a2fd-139960768907072", "trial_id": 17, "param_name": "degree", "param_value_internal": 0, "distribution": "{\"name\": \"CategoricalDistribution\", \"attributes\": {\"choices\": [0]}}"}
{"op_code": 8, "worker_id": "a25beb94-145b-4eaa-95e5-51c4d002a2fd-139960768907072", "trial_id": 17, "user_attr": {"best_epoch": 0}}
{"op_code": 8, "worker_id": "a25beb94-145b-4eaa-95e5-51c4d002a2fd-139960768907072", "trial_id": 17, "user_attr": {"test_loss": 0.44555659797537867}}
{"op_code": 6, "worker_id": "a25beb94-145b-4eaa-95e5-51c4d002a2fd-139960768907072", "trial_id": 17, "state": 1, "values": [0.4454730924311357], "datetime_complete": "2024-08-17T22:07:37.143277"}
{"op_code": 4, "worker_id": "a25beb94-145b-4eaa-95e5-51c4d002a2fd-139960768907072", "study_id": 0, "datetime_start": "2024-08-17T22:07:37.152059"}
{"op_code": 5, "worker_id": "a25beb94-145b-4eaa-95e5-51c4d002a2fd-139960768907072", "trial_id": 18, "param_name": "lr", "param_value_internal": 0.000264776923290902, "distribution": "{\"name\": \"FloatDistribution\", \"attributes\": {\"step\": null, \"low\": 1e-05, \"high\": 0.001, \"log\": true}}"}
{"op_code": 5, "worker_id": "a25beb94-145b-4eaa-95e5-51c4d002a2fd-139960768907072", "trial_id": 18, "param_name": "l2reg", "param_value_internal": 1.943488616247948e-06, "distribution": "{\"name\": \"FloatDistribution\", \"attributes\": {\"step\": null, \"low\": 1e-08, \"high\": 0.001, \"log\": true}}"}
{"op_code": 5, "worker_id": "a25beb94-145b-4eaa-95e5-51c4d002a2fd-139960768907072", "trial_id": 18, "param_name": "random_seed", "param_value_internal": 0, "distribution": "{\"name\": \"CategoricalDistribution\", \"attributes\": {\"choices\": [42]}}"}
{"op_code": 5, "worker_id": "a25beb94-145b-4eaa-95e5-51c4d002a2fd-139960768907072", "trial_id": 18, "param_name": "degree", "param_value_internal": 0, "distribution": "{\"name\": \"CategoricalDistribution\", \"attributes\": {\"choices\": [0]}}"}
{"op_code": 8, "worker_id": "a25beb94-145b-4eaa-95e5-51c4d002a2fd-139960768907072", "trial_id": 18, "user_attr": {"best_epoch": 1}}
{"op_code": 8, "worker_id": "a25beb94-145b-4eaa-95e5-51c4d002a2fd-139960768907072", "trial_id": 18, "user_attr": {"test_loss": 0.4455286613390026}}
{"op_code": 6, "worker_id": "a25beb94-145b-4eaa-95e5-51c4d002a2fd-139960768907072", "trial_id": 18, "state": 1, "values": [0.4454508277213774], "datetime_complete": "2024-08-17T22:29:53.304066"}
{"op_code": 4, "worker_id": "a25beb94-145b-4eaa-95e5-51c4d002a2fd-139960768907072", "study_id": 0, "datetime_start": "2024-08-17T22:29:53.382612"}
{"op_code": 5, "worker_id": "a25beb94-145b-4eaa-95e5-51c4d002a2fd-139960768907072", "trial_id": 19, "param_name": "lr", "param_value_internal": 0.0004414973500475081, "distribution": "{\"name\": \"FloatDistribution\", \"attributes\": {\"step\": null, \"low\": 1e-05, \"high\": 0.001, \"log\": true}}"}
{"op_code": 5, "worker_id": "a25beb94-145b-4eaa-95e5-51c4d002a2fd-139960768907072", "trial_id": 19, "param_name": "l2reg", "param_value_internal": 1.3275744888634099e-05, "distribution": "{\"name\": \"FloatDistribution\", \"attributes\": {\"step\": null, \"low\": 1e-08, \"high\": 0.001, \"log\": true}}"}
{"op_code": 5, "worker_id": "a25beb94-145b-4eaa-95e5-51c4d002a2fd-139960768907072", "trial_id": 19, "param_name": "random_seed", "param_value_internal": 0, "distribution": "{\"name\": \"CategoricalDistribution\", \"attributes\": {\"choices\": [42]}}"}
{"op_code": 5, "worker_id": "a25beb94-145b-4eaa-95e5-51c4d002a2fd-139960768907072", "trial_id": 19, "param_name": "degree", "param_value_internal": 0, "distribution": "{\"name\": \"CategoricalDistribution\", \"attributes\": {\"choices\": [0]}}"}
{"op_code": 8, "worker_id": "a25beb94-145b-4eaa-95e5-51c4d002a2fd-139960768907072", "trial_id": 19, "user_attr": {"best_epoch": 0}}
{"op_code": 8, "worker_id": "a25beb94-145b-4eaa-95e5-51c4d002a2fd-139960768907072", "trial_id": 19, "user_attr": {"test_loss": 0.4454037006716645}}
{"op_code": 6, "worker_id": "a25beb94-145b-4eaa-95e5-51c4d002a2fd-139960768907072", "trial_id": 19, "state": 1, "values": [0.4453374891691874], "datetime_complete": "2024-08-17T22:47:56.310972"}
{"op_code": 4, "worker_id": "a25beb94-145b-4eaa-95e5-51c4d002a2fd-139960768907072", "study_id": 0, "datetime_start": "2024-08-17T22:47:56.319751"}
{"op_code": 5, "worker_id": "a25beb94-145b-4eaa-95e5-51c4d002a2fd-139960768907072", "trial_id": 20, "param_name": "lr", "param_value_internal": 4.503529799447425e-05, "distribution": "{\"name\": \"FloatDistribution\", \"attributes\": {\"step\": null, \"low\": 1e-05, \"high\": 0.001, \"log\": true}}"}
{"op_code": 5, "worker_id": "a25beb94-145b-4eaa-95e5-51c4d002a2fd-139960768907072", "trial_id": 20, "param_name": "l2reg", "param_value_internal": 0.00017530943508005416, "distribution": "{\"name\": \"FloatDistribution\", \"attributes\": {\"step\": null, \"low\": 1e-08, \"high\": 0.001, \"log\": true}}"}
{"op_code": 5, "worker_id": "a25beb94-145b-4eaa-95e5-51c4d002a2fd-139960768907072", "trial_id": 20, "param_name": "random_seed", "param_value_internal": 0, "distribution": "{\"name\": \"CategoricalDistribution\", \"attributes\": {\"choices\": [42]}}"}
{"op_code": 5, "worker_id": "a25beb94-145b-4eaa-95e5-51c4d002a2fd-139960768907072", "trial_id": 20, "param_name": "degree", "param_value_internal": 0, "distribution": "{\"name\": \"CategoricalDistribution\", \"attributes\": {\"choices\": [0]}}"}
{"op_code": 8, "worker_id": "a25beb94-145b-4eaa-95e5-51c4d002a2fd-139960768907072", "trial_id": 20, "user_attr": {"best_epoch": 5}}
{"op_code": 8, "worker_id": "a25beb94-145b-4eaa-95e5-51c4d002a2fd-139960768907072", "trial_id": 20, "user_attr": {"test_loss": 0.44629664462939117}}
{"op_code": 6, "worker_id": "a25beb94-145b-4eaa-95e5-51c4d002a2fd-139960768907072", "trial_id": 20, "state": 1, "values": [0.44619573067480933], "datetime_complete": "2024-08-17T23:28:03.270355"}
{"op_code": 4, "worker_id": "a25beb94-145b-4eaa-95e5-51c4d002a2fd-139960768907072", "study_id": 0, "datetime_start": "2024-08-17T23:28:03.279049"}
{"op_code": 5, "worker_id": "a25beb94-145b-4eaa-95e5-51c4d002a2fd-139960768907072", "trial_id": 21, "param_name": "lr", "param_value_internal": 0.0001652523814699286, "distribution": "{\"name\": \"FloatDistribution\", \"attributes\": {\"step\": null, \"low\": 1e-05, \"high\": 0.001, \"log\": true}}"}
{"op_code": 5, "worker_id": "a25beb94-145b-4eaa-95e5-51c4d002a2fd-139960768907072", "trial_id": 21, "param_name": "l2reg", "param_value_internal": 3.472038306833192e-05, "distribution": "{\"name\": \"FloatDistribution\", \"attributes\": {\"step\": null, \"low\": 1e-08, \"high\": 0.001, \"log\": true}}"}
{"op_code": 5, "worker_id": "a25beb94-145b-4eaa-95e5-51c4d002a2fd-139960768907072", "trial_id": 21, "param_name": "random_seed", "param_value_internal": 0, "distribution": "{\"name\": \"CategoricalDistribution\", \"attributes\": {\"choices\": [42]}}"}
{"op_code": 5, "worker_id": "a25beb94-145b-4eaa-95e5-51c4d002a2fd-139960768907072", "trial_id": 21, "param_name": "degree", "param_value_internal": 0, "distribution": "{\"name\": \"CategoricalDistribution\", \"attributes\": {\"choices\": [0]}}"}
{"op_code": 8, "worker_id": "a25beb94-145b-4eaa-95e5-51c4d002a2fd-139960768907072", "trial_id": 21, "user_attr": {"best_epoch": 1}}
{"op_code": 8, "worker_id": "a25beb94-145b-4eaa-95e5-51c4d002a2fd-139960768907072", "trial_id": 21, "user_attr": {"test_loss": 0.4450121164166146}}
{"op_code": 6, "worker_id": "a25beb94-145b-4eaa-95e5-51c4d002a2fd-139960768907072", "trial_id": 21, "state": 1, "values": [0.44490071276759385], "datetime_complete": "2024-08-17T23:50:20.294085"}
{"op_code": 4, "worker_id": "a25beb94-145b-4eaa-95e5-51c4d002a2fd-139960768907072", "study_id": 0, "datetime_start": "2024-08-17T23:50:20.303532"}
{"op_code": 5, "worker_id": "a25beb94-145b-4eaa-95e5-51c4d002a2fd-139960768907072", "trial_id": 22, "param_name": "lr", "param_value_internal": 0.0001086195811943341, "distribution": "{\"name\": \"FloatDistribution\", \"attributes\": {\"step\": null, \"low\": 1e-05, \"high\": 0.001, \"log\": true}}"}
{"op_code": 5, "worker_id": "a25beb94-145b-4eaa-95e5-51c4d002a2fd-139960768907072", "trial_id": 22, "param_name": "l2reg", "param_value_internal": 1.7375178872931917e-05, "distribution": "{\"name\": \"FloatDistribution\", \"attributes\": {\"step\": null, \"low\": 1e-08, \"high\": 0.001, \"log\": true}}"}
{"op_code": 5, "worker_id": "a25beb94-145b-4eaa-95e5-51c4d002a2fd-139960768907072", "trial_id": 22, "param_name": "random_seed", "param_value_internal": 0, "distribution": "{\"name\": \"CategoricalDistribution\", \"attributes\": {\"choices\": [42]}}"}
{"op_code": 5, "worker_id": "a25beb94-145b-4eaa-95e5-51c4d002a2fd-139960768907072", "trial_id": 22, "param_name": "degree", "param_value_internal": 0, "distribution": "{\"name\": \"CategoricalDistribution\", \"attributes\": {\"choices\": [0]}}"}
{"op_code": 8, "worker_id": "a25beb94-145b-4eaa-95e5-51c4d002a2fd-139960768907072", "trial_id": 22, "user_attr": {"best_epoch": 2}}
{"op_code": 8, "worker_id": "a25beb94-145b-4eaa-95e5-51c4d002a2fd-139960768907072", "trial_id": 22, "user_attr": {"test_loss": 0.4456316991889873}}
{"op_code": 6, "worker_id": "a25beb94-145b-4eaa-95e5-51c4d002a2fd-139960768907072", "trial_id": 22, "state": 1, "values": [0.44555106851471604], "datetime_complete": "2024-08-18T00:17:05.290982"}
{"op_code": 4, "worker_id": "a25beb94-145b-4eaa-95e5-51c4d002a2fd-139960768907072", "study_id": 0, "datetime_start": "2024-08-18T00:17:05.300042"}
{"op_code": 5, "worker_id": "a25beb94-145b-4eaa-95e5-51c4d002a2fd-139960768907072", "trial_id": 23, "param_name": "lr", "param_value_internal": 0.00018712441819945732, "distribution": "{\"name\": \"FloatDistribution\", \"attributes\": {\"step\": null, \"low\": 1e-05, \"high\": 0.001, \"log\": true}}"}
{"op_code": 5, "worker_id": "a25beb94-145b-4eaa-95e5-51c4d002a2fd-139960768907072", "trial_id": 23, "param_name": "l2reg", "param_value_internal": 3.455074436373801e-06, "distribution": "{\"name\": \"FloatDistribution\", \"attributes\": {\"step\": null, \"low\": 1e-08, \"high\": 0.001, \"log\": true}}"}
{"op_code": 5, "worker_id": "a25beb94-145b-4eaa-95e5-51c4d002a2fd-139960768907072", "trial_id": 23, "param_name": "random_seed", "param_value_internal": 0, "distribution": "{\"name\": \"CategoricalDistribution\", \"attributes\": {\"choices\": [42]}}"}
{"op_code": 5, "worker_id": "a25beb94-145b-4eaa-95e5-51c4d002a2fd-139960768907072", "trial_id": 23, "param_name": "degree", "param_value_internal": 0, "distribution": "{\"name\": \"CategoricalDistribution\", \"attributes\": {\"choices\": [0]}}"}
{"op_code": 8, "worker_id": "a25beb94-145b-4eaa-95e5-51c4d002a2fd-139960768907072", "trial_id": 23, "user_attr": {"best_epoch": 1}}
{"op_code": 8, "worker_id": "a25beb94-145b-4eaa-95e5-51c4d002a2fd-139960768907072", "trial_id": 23, "user_attr": {"test_loss": 0.4450240717578977}}
{"op_code": 6, "worker_id": "a25beb94-145b-4eaa-95e5-51c4d002a2fd-139960768907072", "trial_id": 23, "state": 1, "values": [0.44492556275481404], "datetime_complete": "2024-08-18T00:39:46.291882"}
{"op_code": 4, "worker_id": "a25beb94-145b-4eaa-95e5-51c4d002a2fd-139960768907072", "study_id": 0, "datetime_start": "2024-08-18T00:39:46.300861"}
{"op_code": 5, "worker_id": "a25beb94-145b-4eaa-95e5-51c4d002a2fd-139960768907072", "trial_id": 24, "param_name": "lr", "param_value_internal": 0.0004273342514303558, "distribution": "{\"name\": \"FloatDistribution\", \"attributes\": {\"step\": null, \"low\": 1e-05, \"high\": 0.001, \"log\": true}}"}
{"op_code": 5, "worker_id": "a25beb94-145b-4eaa-95e5-51c4d002a2fd-139960768907072", "trial_id": 24, "param_name": "l2reg", "param_value_internal": 8.632802554775993e-05, "distribution": "{\"name\": \"FloatDistribution\", \"attributes\": {\"step\": null, \"low\": 1e-08, \"high\": 0.001, \"log\": true}}"}
{"op_code": 5, "worker_id": "a25beb94-145b-4eaa-95e5-51c4d002a2fd-139960768907072", "trial_id": 24, "param_name": "random_seed", "param_value_internal": 0, "distribution": "{\"name\": \"CategoricalDistribution\", \"attributes\": {\"choices\": [42]}}"}
{"op_code": 5, "worker_id": "a25beb94-145b-4eaa-95e5-51c4d002a2fd-139960768907072", "trial_id": 24, "param_name": "degree", "param_value_internal": 0, "distribution": "{\"name\": \"CategoricalDistribution\", \"attributes\": {\"choices\": [0]}}"}
{"op_code": 8, "worker_id": "a25beb94-145b-4eaa-95e5-51c4d002a2fd-139960768907072", "trial_id": 24, "user_attr": {"best_epoch": 0}}
{"op_code": 8, "worker_id": "a25beb94-145b-4eaa-95e5-51c4d002a2fd-139960768907072", "trial_id": 24, "user_attr": {"test_loss": 0.4454044403422507}}
{"op_code": 6, "worker_id": "a25beb94-145b-4eaa-95e5-51c4d002a2fd-139960768907072", "trial_id": 24, "state": 1, "values": [0.4453386732510054], "datetime_complete": "2024-08-18T00:58:35.104763"}
{"op_code": 4, "worker_id": "a25beb94-145b-4eaa-95e5-51c4d002a2fd-139960768907072", "study_id": 0, "datetime_start": "2024-08-18T00:58:35.113521"}
{"op_code": 5, "worker_id": "a25beb94-145b-4eaa-95e5-51c4d002a2fd-139960768907072", "trial_id": 25, "param_name": "lr", "param_value_internal": 0.00013291876343526332, "distribution": "{\"name\": \"FloatDistribution\", \"attributes\": {\"step\": null, \"low\": 1e-05, \"high\": 0.001, \"log\": true}}"}
{"op_code": 5, "worker_id": "a25beb94-145b-4eaa-95e5-51c4d002a2fd-139960768907072", "trial_id": 25, "param_name": "l2reg", "param_value_internal": 0.00032847327477695355, "distribution": "{\"name\": \"FloatDistribution\", \"attributes\": {\"step\": null, \"low\": 1e-08, \"high\": 0.001, \"log\": true}}"}
{"op_code": 5, "worker_id": "a25beb94-145b-4eaa-95e5-51c4d002a2fd-139960768907072", "trial_id": 25, "param_name": "random_seed", "param_value_internal": 0, "distribution": "{\"name\": \"CategoricalDistribution\", \"attributes\": {\"choices\": [42]}}"}
{"op_code": 5, "worker_id": "a25beb94-145b-4eaa-95e5-51c4d002a2fd-139960768907072", "trial_id": 25, "param_name": "degree", "param_value_internal": 0, "distribution": "{\"name\": \"CategoricalDistribution\", \"attributes\": {\"choices\": [0]}}"}
{"op_code": 8, "worker_id": "a25beb94-145b-4eaa-95e5-51c4d002a2fd-139960768907072", "trial_id": 25, "user_attr": {"best_epoch": 1}}
{"op_code": 8, "worker_id": "a25beb94-145b-4eaa-95e5-51c4d002a2fd-139960768907072", "trial_id": 25, "user_attr": {"test_loss": 0.4452574784012647}}
{"op_code": 6, "worker_id": "a25beb94-145b-4eaa-95e5-51c4d002a2fd-139960768907072", "trial_id": 25, "state": 1, "values": [0.4451287049622316], "datetime_complete": "2024-08-18T01:21:08.236179"}
{"op_code": 4, "worker_id": "a25beb94-145b-4eaa-95e5-51c4d002a2fd-139960768907072", "study_id": 0, "datetime_start": "2024-08-18T01:21:08.245386"}
{"op_code": 5, "worker_id": "a25beb94-145b-4eaa-95e5-51c4d002a2fd-139960768907072", "trial_id": 26, "param_name": "lr", "param_value_internal": 0.00019814191647007278, "distribution": "{\"name\": \"FloatDistribution\", \"attributes\": {\"step\": null, \"low\": 1e-05, \"high\": 0.001, \"log\": true}}"}
{"op_code": 5, "worker_id": "a25beb94-145b-4eaa-95e5-51c4d002a2fd-139960768907072", "trial_id": 26, "param_name": "l2reg", "param_value_internal": 2.9613425987475864e-05, "distribution": "{\"name\": \"FloatDistribution\", \"attributes\": {\"step\": null, \"low\": 1e-08, \"high\": 0.001, \"log\": true}}"}
{"op_code": 5, "worker_id": "a25beb94-145b-4eaa-95e5-51c4d002a2fd-139960768907072", "trial_id": 26, "param_name": "random_seed", "param_value_internal": 0, "distribution": "{\"name\": \"CategoricalDistribution\", \"attributes\": {\"choices\": [42]}}"}
{"op_code": 5, "worker_id": "a25beb94-145b-4eaa-95e5-51c4d002a2fd-139960768907072", "trial_id": 26, "param_name": "degree", "param_value_internal": 0, "distribution": "{\"name\": \"CategoricalDistribution\", \"attributes\": {\"choices\": [0]}}"}
{"op_code": 8, "worker_id": "a25beb94-145b-4eaa-95e5-51c4d002a2fd-139960768907072", "trial_id": 26, "user_attr": {"best_epoch": 1}}
{"op_code": 8, "worker_id": "a25beb94-145b-4eaa-95e5-51c4d002a2fd-139960768907072", "trial_id": 26, "user_attr": {"test_loss": 0.4450649028255504}}
{"op_code": 6, "worker_id": "a25beb94-145b-4eaa-95e5-51c4d002a2fd-139960768907072", "trial_id": 26, "state": 1, "values": [0.44497185760447705], "datetime_complete": "2024-08-18T01:43:24.274893"}
{"op_code": 4, "worker_id": "a25beb94-145b-4eaa-95e5-51c4d002a2fd-139960768907072", "study_id": 0, "datetime_start": "2024-08-18T01:43:24.284102"}
{"op_code": 5, "worker_id": "a25beb94-145b-4eaa-95e5-51c4d002a2fd-139960768907072", "trial_id": 27, "param_name": "lr", "param_value_internal": 7.71605146513469e-05, "distribution": "{\"name\": \"FloatDistribution\", \"attributes\": {\"step\": null, \"low\": 1e-05, \"high\": 0.001, \"log\": true}}"}
{"op_code": 5, "worker_id": "a25beb94-145b-4eaa-95e5-51c4d002a2fd-139960768907072", "trial_id": 27, "param_name": "l2reg", "param_value_internal": 5.467573809889287e-06, "distribution": "{\"name\": \"FloatDistribution\", \"attributes\": {\"step\": null, \"low\": 1e-08, \"high\": 0.001, \"log\": true}}"}
{"op_code": 5, "worker_id": "a25beb94-145b-4eaa-95e5-51c4d002a2fd-139960768907072", "trial_id": 27, "param_name": "random_seed", "param_value_internal": 0, "distribution": "{\"name\": \"CategoricalDistribution\", \"attributes\": {\"choices\": [42]}}"}
{"op_code": 5, "worker_id": "a25beb94-145b-4eaa-95e5-51c4d002a2fd-139960768907072", "trial_id": 27, "param_name": "degree", "param_value_internal": 0, "distribution": "{\"name\": \"CategoricalDistribution\", \"attributes\": {\"choices\": [0]}}"}
{"op_code": 8, "worker_id": "a25beb94-145b-4eaa-95e5-51c4d002a2fd-139960768907072", "trial_id": 27, "user_attr": {"best_epoch": 3}}
{"op_code": 8, "worker_id": "a25beb94-145b-4eaa-95e5-51c4d002a2fd-139960768907072", "trial_id": 27, "user_attr": {"test_loss": 0.44587689014596277}}
{"op_code": 6, "worker_id": "a25beb94-145b-4eaa-95e5-51c4d002a2fd-139960768907072", "trial_id": 27, "state": 1, "values": [0.44574520432120035], "datetime_complete": "2024-08-18T02:14:19.269200"}
{"op_code": 4, "worker_id": "a25beb94-145b-4eaa-95e5-51c4d002a2fd-139960768907072", "study_id": 0, "datetime_start": "2024-08-18T02:14:19.290049"}
{"op_code": 5, "worker_id": "a25beb94-145b-4eaa-95e5-51c4d002a2fd-139960768907072", "trial_id": 28, "param_name": "lr", "param_value_internal": 0.00033808486966861555, "distribution": "{\"name\": \"FloatDistribution\", \"attributes\": {\"step\": null, \"low\": 1e-05, \"high\": 0.001, \"log\": true}}"}
{"op_code": 5, "worker_id": "a25beb94-145b-4eaa-95e5-51c4d002a2fd-139960768907072", "trial_id": 28, "param_name": "l2reg", "param_value_internal": 1.119840066260619e-06, "distribution": "{\"name\": \"FloatDistribution\", \"attributes\": {\"step\": null, \"low\": 1e-08, \"high\": 0.001, \"log\": true}}"}
{"op_code": 5, "worker_id": "a25beb94-145b-4eaa-95e5-51c4d002a2fd-139960768907072", "trial_id": 28, "param_name": "random_seed", "param_value_internal": 0, "distribution": "{\"name\": \"CategoricalDistribution\", \"attributes\": {\"choices\": [42]}}"}
{"op_code": 5, "worker_id": "a25beb94-145b-4eaa-95e5-51c4d002a2fd-139960768907072", "trial_id": 28, "param_name": "degree", "param_value_internal": 0, "distribution": "{\"name\": \"CategoricalDistribution\", \"attributes\": {\"choices\": [0]}}"}
{"op_code": 8, "worker_id": "a25beb94-145b-4eaa-95e5-51c4d002a2fd-139960768907072", "trial_id": 28, "user_attr": {"best_epoch": 0}}
{"op_code": 8, "worker_id": "a25beb94-145b-4eaa-95e5-51c4d002a2fd-139960768907072", "trial_id": 28, "user_attr": {"test_loss": 0.4455094811643537}}
{"op_code": 6, "worker_id": "a25beb94-145b-4eaa-95e5-51c4d002a2fd-139960768907072", "trial_id": 28, "state": 1, "values": [0.44544058966774586], "datetime_complete": "2024-08-18T02:32:28.118715"}
{"op_code": 4, "worker_id": "a25beb94-145b-4eaa-95e5-51c4d002a2fd-139960768907072", "study_id": 0, "datetime_start": "2024-08-18T02:32:28.127705"}
{"op_code": 5, "worker_id": "a25beb94-145b-4eaa-95e5-51c4d002a2fd-139960768907072", "trial_id": 29, "param_name": "lr", "param_value_internal": 0.0005893562322995776, "distribution": "{\"name\": \"FloatDistribution\", \"attributes\": {\"step\": null, \"low\": 1e-05, \"high\": 0.001, \"log\": true}}"}
{"op_code": 5, "worker_id": "a25beb94-145b-4eaa-95e5-51c4d002a2fd-139960768907072", "trial_id": 29, "param_name": "l2reg", "param_value_internal": 0.0009456070698934142, "distribution": "{\"name\": \"FloatDistribution\", \"attributes\": {\"step\": null, \"low\": 1e-08, \"high\": 0.001, \"log\": true}}"}
{"op_code": 5, "worker_id": "a25beb94-145b-4eaa-95e5-51c4d002a2fd-139960768907072", "trial_id": 29, "param_name": "random_seed", "param_value_internal": 0, "distribution": "{\"name\": \"CategoricalDistribution\", \"attributes\": {\"choices\": [42]}}"}
{"op_code": 5, "worker_id": "a25beb94-145b-4eaa-95e5-51c4d002a2fd-139960768907072", "trial_id": 29, "param_name": "degree", "param_value_internal": 0, "distribution": "{\"name\": \"CategoricalDistribution\", \"attributes\": {\"choices\": [0]}}"}
{"op_code": 8, "worker_id": "a25beb94-145b-4eaa-95e5-51c4d002a2fd-139960768907072", "trial_id": 29, "user_attr": {"best_epoch": 0}}
{"op_code": 8, "worker_id": "a25beb94-145b-4eaa-95e5-51c4d002a2fd-139960768907072", "trial_id": 29, "user_attr": {"test_loss": 0.4454106202399043}}
{"op_code": 6, "worker_id": "a25beb94-145b-4eaa-95e5-51c4d002a2fd-139960768907072", "trial_id": 29, "state": 1, "values": [0.4453393912873407], "datetime_complete": "2024-08-18T02:51:01.263544"}
{"op_code": 4, "worker_id": "a25beb94-145b-4eaa-95e5-51c4d002a2fd-139960768907072", "study_id": 0, "datetime_start": "2024-08-18T02:51:01.272743"}
{"op_code": 5, "worker_id": "a25beb94-145b-4eaa-95e5-51c4d002a2fd-139960768907072", "trial_id": 30, "param_name": "lr", "param_value_internal": 5.630557768777306e-05, "distribution": "{\"name\": \"FloatDistribution\", \"attributes\": {\"step\": null, \"low\": 1e-05, \"high\": 0.001, \"log\": true}}"}
{"op_code": 5, "worker_id": "a25beb94-145b-4eaa-95e5-51c4d002a2fd-139960768907072", "trial_id": 30, "param_name": "l2reg", "param_value_internal": 0.00039465176867896844, "distribution": "{\"name\": \"FloatDistribution\", \"attributes\": {\"step\": null, \"low\": 1e-08, \"high\": 0.001, \"log\": true}}"}
{"op_code": 5, "worker_id": "a25beb94-145b-4eaa-95e5-51c4d002a2fd-139960768907072", "trial_id": 30, "param_name": "random_seed", "param_value_internal": 0, "distribution": "{\"name\": \"CategoricalDistribution\", \"attributes\": {\"choices\": [42]}}"}
{"op_code": 5, "worker_id": "a25beb94-145b-4eaa-95e5-51c4d002a2fd-139960768907072", "trial_id": 30, "param_name": "degree", "param_value_internal": 0, "distribution": "{\"name\": \"CategoricalDistribution\", \"attributes\": {\"choices\": [0]}}"}
{"op_code": 8, "worker_id": "a25beb94-145b-4eaa-95e5-51c4d002a2fd-139960768907072", "trial_id": 30, "user_attr": {"best_epoch": 3}}
{"op_code": 8, "worker_id": "a25beb94-145b-4eaa-95e5-51c4d002a2fd-139960768907072", "trial_id": 30, "user_attr": {"test_loss": 0.4460924453506098}}
{"op_code": 6, "worker_id": "a25beb94-145b-4eaa-95e5-51c4d002a2fd-139960768907072", "trial_id": 30, "state": 1, "values": [0.4459833598919148], "datetime_complete": "2024-08-18T03:21:38.270795"}
{"op_code": 4, "worker_id": "a25beb94-145b-4eaa-95e5-51c4d002a2fd-139960768907072", "study_id": 0, "datetime_start": "2024-08-18T03:21:38.279476"}
{"op_code": 5, "worker_id": "a25beb94-145b-4eaa-95e5-51c4d002a2fd-139960768907072", "trial_id": 31, "param_name": "lr", "param_value_internal": 0.00019870207317903755, "distribution": "{\"name\": \"FloatDistribution\", \"attributes\": {\"step\": null, \"low\": 1e-05, \"high\": 0.001, \"log\": true}}"}
{"op_code": 5, "worker_id": "a25beb94-145b-4eaa-95e5-51c4d002a2fd-139960768907072", "trial_id": 31, "param_name": "l2reg", "param_value_internal": 7.995009319726755e-05, "distribution": "{\"name\": \"FloatDistribution\", \"attributes\": {\"step\": null, \"low\": 1e-08, \"high\": 0.001, \"log\": true}}"}
{"op_code": 5, "worker_id": "a25beb94-145b-4eaa-95e5-51c4d002a2fd-139960768907072", "trial_id": 31, "param_name": "random_seed", "param_value_internal": 0, "distribution": "{\"name\": \"CategoricalDistribution\", \"attributes\": {\"choices\": [42]}}"}
{"op_code": 5, "worker_id": "a25beb94-145b-4eaa-95e5-51c4d002a2fd-139960768907072", "trial_id": 31, "param_name": "degree", "param_value_internal": 0, "distribution": "{\"name\": \"CategoricalDistribution\", \"attributes\": {\"choices\": [0]}}"}
{"op_code": 8, "worker_id": "a25beb94-145b-4eaa-95e5-51c4d002a2fd-139960768907072", "trial_id": 31, "user_attr": {"best_epoch": 1}}
{"op_code": 8, "worker_id": "a25beb94-145b-4eaa-95e5-51c4d002a2fd-139960768907072", "trial_id": 31, "user_attr": {"test_loss": 0.44506743232659596}}
{"op_code": 6, "worker_id": "a25beb94-145b-4eaa-95e5-51c4d002a2fd-139960768907072", "trial_id": 31, "state": 1, "values": [0.444974639458801], "datetime_complete": "2024-08-18T03:44:03.263131"}
{"op_code": 4, "worker_id": "a25beb94-145b-4eaa-95e5-51c4d002a2fd-139960768907072", "study_id": 0, "datetime_start": "2024-08-18T03:44:03.272165"}
{"op_code": 5, "worker_id": "a25beb94-145b-4eaa-95e5-51c4d002a2fd-139960768907072", "trial_id": 32, "param_name": "lr", "param_value_internal": 0.0001770230168573516, "distribution": "{\"name\": \"FloatDistribution\", \"attributes\": {\"step\": null, \"low\": 1e-05, \"high\": 0.001, \"log\": true}}"}
{"op_code": 5, "worker_id": "a25beb94-145b-4eaa-95e5-51c4d002a2fd-139960768907072", "trial_id": 32, "param_name": "l2reg", "param_value_internal": 2.1962434720166102e-05, "distribution": "{\"name\": \"FloatDistribution\", \"attributes\": {\"step\": null, \"low\": 1e-08, \"high\": 0.001, \"log\": true}}"}
{"op_code": 5, "worker_id": "a25beb94-145b-4eaa-95e5-51c4d002a2fd-139960768907072", "trial_id": 32, "param_name": "random_seed", "param_value_internal": 0, "distribution": "{\"name\": \"CategoricalDistribution\", \"attributes\": {\"choices\": [42]}}"}
{"op_code": 5, "worker_id": "a25beb94-145b-4eaa-95e5-51c4d002a2fd-139960768907072", "trial_id": 32, "param_name": "degree", "param_value_internal": 0, "distribution": "{\"name\": \"CategoricalDistribution\", \"attributes\": {\"choices\": [0]}}"}
{"op_code": 0, "worker_id": "4ea444e2-fcfb-4ccc-894e-bb48fa420e98-140409204926272", "study_name": "criteo_bins", "directions": [1]}
{"op_code": 8, "worker_id": "a25beb94-145b-4eaa-95e5-51c4d002a2fd-139960768907072", "trial_id": 32, "user_attr": {"best_epoch": 1}}
{"op_code": 8, "worker_id": "a25beb94-145b-4eaa-95e5-51c4d002a2fd-139960768907072", "trial_id": 32, "user_attr": {"test_loss": 0.4450055999155433}}
{"op_code": 6, "worker_id": "a25beb94-145b-4eaa-95e5-51c4d002a2fd-139960768907072", "trial_id": 32, "state": 1, "values": [0.44490109726156335], "datetime_complete": "2024-08-18T04:06:05.089473"}
{"op_code": 4, "worker_id": "a25beb94-145b-4eaa-95e5-51c4d002a2fd-139960768907072", "study_id": 0, "datetime_start": "2024-08-18T04:06:05.107937"}
{"op_code": 5, "worker_id": "a25beb94-145b-4eaa-95e5-51c4d002a2fd-139960768907072", "trial_id": 33, "param_name": "lr", "param_value_internal": 9.770517694386187e-05, "distribution": "{\"name\": \"FloatDistribution\", \"attributes\": {\"step\": null, \"low\": 1e-05, \"high\": 0.001, \"log\": true}}"}
{"op_code": 5, "worker_id": "a25beb94-145b-4eaa-95e5-51c4d002a2fd-139960768907072", "trial_id": 33, "param_name": "l2reg", "param_value_internal": 2.198096265052697e-05, "distribution": "{\"name\": \"FloatDistribution\", \"attributes\": {\"step\": null, \"low\": 1e-08, \"high\": 0.001, \"log\": true}}"}
{"op_code": 5, "worker_id": "a25beb94-145b-4eaa-95e5-51c4d002a2fd-139960768907072", "trial_id": 33, "param_name": "random_seed", "param_value_internal": 0, "distribution": "{\"name\": \"CategoricalDistribution\", \"attributes\": {\"choices\": [42]}}"}
{"op_code": 5, "worker_id": "a25beb94-145b-4eaa-95e5-51c4d002a2fd-139960768907072", "trial_id": 33, "param_name": "degree", "param_value_internal": 0, "distribution": "{\"name\": \"CategoricalDistribution\", \"attributes\": {\"choices\": [0]}}"}
{"op_code": 8, "worker_id": "a25beb94-145b-4eaa-95e5-51c4d002a2fd-139960768907072", "trial_id": 33, "user_attr": {"best_epoch": 2}}
{"op_code": 8, "worker_id": "a25beb94-145b-4eaa-95e5-51c4d002a2fd-139960768907072", "trial_id": 33, "user_attr": {"test_loss": 0.4455826180472541}}
{"op_code": 6, "worker_id": "a25beb94-145b-4eaa-95e5-51c4d002a2fd-139960768907072", "trial_id": 33, "state": 1, "values": [0.4454952784688981], "datetime_complete": "2024-08-18T04:31:50.129346"}
{"op_code": 4, "worker_id": "a25beb94-145b-4eaa-95e5-51c4d002a2fd-139960768907072", "study_id": 0, "datetime_start": "2024-08-18T04:31:50.139800"}
{"op_code": 5, "worker_id": "a25beb94-145b-4eaa-95e5-51c4d002a2fd-139960768907072", "trial_id": 34, "param_name": "lr", "param_value_internal": 0.0002432326465878641, "distribution": "{\"name\": \"FloatDistribution\", \"attributes\": {\"step\": null, \"low\": 1e-05, \"high\": 0.001, \"log\": true}}"}
{"op_code": 5, "worker_id": "a25beb94-145b-4eaa-95e5-51c4d002a2fd-139960768907072", "trial_id": 34, "param_name": "l2reg", "param_value_internal": 7.898554645936551e-06, "distribution": "{\"name\": \"FloatDistribution\", \"attributes\": {\"step\": null, \"low\": 1e-08, \"high\": 0.001, \"log\": true}}"}
{"op_code": 5, "worker_id": "a25beb94-145b-4eaa-95e5-51c4d002a2fd-139960768907072", "trial_id": 34, "param_name": "random_seed", "param_value_internal": 0, "distribution": "{\"name\": \"CategoricalDistribution\", \"attributes\": {\"choices\": [42]}}"}
{"op_code": 5, "worker_id": "a25beb94-145b-4eaa-95e5-51c4d002a2fd-139960768907072", "trial_id": 34, "param_name": "degree", "param_value_internal": 0, "distribution": "{\"name\": \"CategoricalDistribution\", \"attributes\": {\"choices\": [0]}}"}
{"op_code": 8, "worker_id": "a25beb94-145b-4eaa-95e5-51c4d002a2fd-139960768907072", "trial_id": 34, "user_attr": {"best_epoch": 1}}
{"op_code": 8, "worker_id": "a25beb94-145b-4eaa-95e5-51c4d002a2fd-139960768907072", "trial_id": 34, "user_attr": {"test_loss": 0.44535686162524735}}
{"op_code": 6, "worker_id": "a25beb94-145b-4eaa-95e5-51c4d002a2fd-139960768907072", "trial_id": 34, "state": 1, "values": [0.44527839542413244], "datetime_complete": "2024-08-18T04:53:29.134784"}
{"op_code": 4, "worker_id": "a25beb94-145b-4eaa-95e5-51c4d002a2fd-139960768907072", "study_id": 0, "datetime_start": "2024-08-18T04:53:29.144492"}
{"op_code": 5, "worker_id": "a25beb94-145b-4eaa-95e5-51c4d002a2fd-139960768907072", "trial_id": 35, "param_name": "lr", "param_value_internal": 0.00014100811050626446, "distribution": "{\"name\": \"FloatDistribution\", \"attributes\": {\"step\": null, \"low\": 1e-05, \"high\": 0.001, \"log\": true}}"}
{"op_code": 5, "worker_id": "a25beb94-145b-4eaa-95e5-51c4d002a2fd-139960768907072", "trial_id": 35, "param_name": "l2reg", "param_value_internal": 0.00011342707936391066, "distribution": "{\"name\": \"FloatDistribution\", \"attributes\": {\"step\": null, \"low\": 1e-08, \"high\": 0.001, \"log\": true}}"}
{"op_code": 5, "worker_id": "a25beb94-145b-4eaa-95e5-51c4d002a2fd-139960768907072", "trial_id": 35, "param_name": "random_seed", "param_value_internal": 0, "distribution": "{\"name\": \"CategoricalDistribution\", \"attributes\": {\"choices\": [42]}}"}
{"op_code": 5, "worker_id": "a25beb94-145b-4eaa-95e5-51c4d002a2fd-139960768907072", "trial_id": 35, "param_name": "degree", "param_value_internal": 0, "distribution": "{\"name\": \"CategoricalDistribution\", \"attributes\": {\"choices\": [0]}}"}
{"op_code": 0, "worker_id": "f5dfe1a0-06d7-4cad-8c79-4b61d037d4b4-140708276602688", "study_name": "criteo_bins", "directions": [1]}
{"op_code": 8, "worker_id": "a25beb94-145b-4eaa-95e5-51c4d002a2fd-139960768907072", "trial_id": 35, "user_attr": {"best_epoch": 1}}
{"op_code": 8, "worker_id": "a25beb94-145b-4eaa-95e5-51c4d002a2fd-139960768907072", "trial_id": 35, "user_attr": {"test_loss": 0.44516026544971943}}
{"op_code": 6, "worker_id": "a25beb94-145b-4eaa-95e5-51c4d002a2fd-139960768907072", "trial_id": 35, "state": 1, "values": [0.44503438713994686], "datetime_complete": "2024-08-18T05:15:16.079680"}
{"op_code": 4, "worker_id": "a25beb94-145b-4eaa-95e5-51c4d002a2fd-139960768907072", "study_id": 0, "datetime_start": "2024-08-18T05:15:16.090283"}
{"op_code": 5, "worker_id": "a25beb94-145b-4eaa-95e5-51c4d002a2fd-139960768907072", "trial_id": 36, "param_name": "lr", "param_value_internal": 0.0003342410427923888, "distribution": "{\"name\": \"FloatDistribution\", \"attributes\": {\"step\": null, \"low\": 1e-05, \"high\": 0.001, \"log\": true}}"}
{"op_code": 5, "worker_id": "a25beb94-145b-4eaa-95e5-51c4d002a2fd-139960768907072", "trial_id": 36, "param_name": "l2reg", "param_value_internal": 2.0196884073921154e-05, "distribution": "{\"name\": \"FloatDistribution\", \"attributes\": {\"step\": null, \"low\": 1e-08, \"high\": 0.001, \"log\": true}}"}
{"op_code": 5, "worker_id": "a25beb94-145b-4eaa-95e5-51c4d002a2fd-139960768907072", "trial_id": 36, "param_name": "random_seed", "param_value_internal": 0, "distribution": "{\"name\": \"CategoricalDistribution\", \"attributes\": {\"choices\": [42]}}"}
{"op_code": 5, "worker_id": "a25beb94-145b-4eaa-95e5-51c4d002a2fd-139960768907072", "trial_id": 36, "param_name": "degree", "param_value_internal": 0, "distribution": "{\"name\": \"CategoricalDistribution\", \"attributes\": {\"choices\": [0]}}"}
{"op_code": 0, "worker_id": "5b3fc038-f5f5-4c54-8e98-04b57fdf3850-140533453170496", "study_name": "criteo_bins", "directions": [1]}
{"op_code": 0, "worker_id": "0b33d893-1864-4283-9cc0-0e057dbcc8d2-140306833721152", "study_name": "criteo_bins", "directions": [1]}
{"op_code": 8, "worker_id": "a25beb94-145b-4eaa-95e5-51c4d002a2fd-139960768907072", "trial_id": 36, "user_attr": {"best_epoch": 0}}
{"op_code": 8, "worker_id": "a25beb94-145b-4eaa-95e5-51c4d002a2fd-139960768907072", "trial_id": 36, "user_attr": {"test_loss": 0.4455183152073014}}
{"op_code": 6, "worker_id": "a25beb94-145b-4eaa-95e5-51c4d002a2fd-139960768907072", "trial_id": 36, "state": 1, "values": [0.4454488615870978], "datetime_complete": "2024-08-18T05:33:46.198443"}
{"op_code": 4, "worker_id": "a25beb94-145b-4eaa-95e5-51c4d002a2fd-139960768907072", "study_id": 0, "datetime_start": "2024-08-18T05:33:46.215612"}
{"op_code": 5, "worker_id": "a25beb94-145b-4eaa-95e5-51c4d002a2fd-139960768907072", "trial_id": 37, "param_name": "lr", "param_value_internal": 6.27467185652645e-05, "distribution": "{\"name\": \"FloatDistribution\", \"attributes\": {\"step\": null, \"low\": 1e-05, \"high\": 0.001, \"log\": true}}"}
{"op_code": 5, "worker_id": "a25beb94-145b-4eaa-95e5-51c4d002a2fd-139960768907072", "trial_id": 37, "param_name": "l2reg", "param_value_internal": 6.645638086924702e-05, "distribution": "{\"name\": \"FloatDistribution\", \"attributes\": {\"step\": null, \"low\": 1e-08, \"high\": 0.001, \"log\": true}}"}
{"op_code": 5, "worker_id": "a25beb94-145b-4eaa-95e5-51c4d002a2fd-139960768907072", "trial_id": 37, "param_name": "random_seed", "param_value_internal": 0, "distribution": "{\"name\": \"CategoricalDistribution\", \"attributes\": {\"choices\": [42]}}"}
{"op_code": 5, "worker_id": "a25beb94-145b-4eaa-95e5-51c4d002a2fd-139960768907072", "trial_id": 37, "param_name": "degree", "param_value_internal": 0, "distribution": "{\"name\": \"CategoricalDistribution\", \"attributes\": {\"choices\": [0]}}"}
{"op_code": 8, "worker_id": "a25beb94-145b-4eaa-95e5-51c4d002a2fd-139960768907072", "trial_id": 37, "user_attr": {"best_epoch": 3}}
{"op_code": 8, "worker_id": "a25beb94-145b-4eaa-95e5-51c4d002a2fd-139960768907072", "trial_id": 37, "user_attr": {"test_loss": 0.44589086624731583}}
{"op_code": 6, "worker_id": "a25beb94-145b-4eaa-95e5-51c4d002a2fd-139960768907072", "trial_id": 37, "state": 1, "values": [0.4457714331393276], "datetime_complete": "2024-08-18T06:05:21.055021"}
{"op_code": 4, "worker_id": "a25beb94-145b-4eaa-95e5-51c4d002a2fd-139960768907072", "study_id": 0, "datetime_start": "2024-08-18T06:05:21.065219"}
{"op_code": 5, "worker_id": "a25beb94-145b-4eaa-95e5-51c4d002a2fd-139960768907072", "trial_id": 38, "param_name": "lr", "param_value_internal": 0.00010388426620817162, "distribution": "{\"name\": \"FloatDistribution\", \"attributes\": {\"step\": null, \"low\": 1e-05, \"high\": 0.001, \"log\": true}}"}
{"op_code": 5, "worker_id": "a25beb94-145b-4eaa-95e5-51c4d002a2fd-139960768907072", "trial_id": 38, "param_name": "l2reg", "param_value_internal": 6.696522617876087e-06, "distribution": "{\"name\": \"FloatDistribution\", \"attributes\": {\"step\": null, \"low\": 1e-08, \"high\": 0.001, \"log\": true}}"}
{"op_code": 5, "worker_id": "a25beb94-145b-4eaa-95e5-51c4d002a2fd-139960768907072", "trial_id": 38, "param_name": "random_seed", "param_value_internal": 0, "distribution": "{\"name\": \"CategoricalDistribution\", \"attributes\": {\"choices\": [42]}}"}
{"op_code": 5, "worker_id": "a25beb94-145b-4eaa-95e5-51c4d002a2fd-139960768907072", "trial_id": 38, "param_name": "degree", "param_value_internal": 0, "distribution": "{\"name\": \"CategoricalDistribution\", \"attributes\": {\"choices\": [0]}}"}
{"op_code": 0, "worker_id": "ec33168f-3f81-4905-889a-b5f614f49dd7-140587891914560", "study_name": "criteo_bins", "directions": [1]}
{"op_code": 8, "worker_id": "a25beb94-145b-4eaa-95e5-51c4d002a2fd-139960768907072", "trial_id": 38, "user_attr": {"best_epoch": 2}}
{"op_code": 8, "worker_id": "a25beb94-145b-4eaa-95e5-51c4d002a2fd-139960768907072", "trial_id": 38, "user_attr": {"test_loss": 0.44559739809868326}}
{"op_code": 6, "worker_id": "a25beb94-145b-4eaa-95e5-51c4d002a2fd-139960768907072", "trial_id": 38, "state": 1, "values": [0.4455130411737859], "datetime_complete": "2024-08-18T06:34:46.078807"}
{"op_code": 4, "worker_id": "a25beb94-145b-4eaa-95e5-51c4d002a2fd-139960768907072", "study_id": 0, "datetime_start": "2024-08-18T06:34:46.088445"}
{"op_code": 5, "worker_id": "a25beb94-145b-4eaa-95e5-51c4d002a2fd-139960768907072", "trial_id": 39, "param_name": "lr", "param_value_internal": 2.999408970242993e-05, "distribution": "{\"name\": \"FloatDistribution\", \"attributes\": {\"step\": null, \"low\": 1e-05, \"high\": 0.001, \"log\": true}}"}
{"op_code": 5, "worker_id": "a25beb94-145b-4eaa-95e5-51c4d002a2fd-139960768907072", "trial_id": 39, "param_name": "l2reg", "param_value_internal": 0.0002687481598755744, "distribution": "{\"name\": \"FloatDistribution\", \"attributes\": {\"step\": null, \"low\": 1e-08, \"high\": 0.001, \"log\": true}}"}
{"op_code": 5, "worker_id": "a25beb94-145b-4eaa-95e5-51c4d002a2fd-139960768907072", "trial_id": 39, "param_name": "random_seed", "param_value_internal": 0, "distribution": "{\"name\": \"CategoricalDistribution\", \"attributes\": {\"choices\": [42]}}"}
{"op_code": 5, "worker_id": "a25beb94-145b-4eaa-95e5-51c4d002a2fd-139960768907072", "trial_id": 39, "param_name": "degree", "param_value_internal": 0, "distribution": "{\"name\": \"CategoricalDistribution\", \"attributes\": {\"choices\": [0]}}"}
{"op_code": 8, "worker_id": "a25beb94-145b-4eaa-95e5-51c4d002a2fd-139960768907072", "trial_id": 39, "user_attr": {"best_epoch": 7}}
{"op_code": 8, "worker_id": "a25beb94-145b-4eaa-95e5-51c4d002a2fd-139960768907072", "trial_id": 39, "user_attr": {"test_loss": 0.44654305029425856}}
{"op_code": 6, "worker_id": "a25beb94-145b-4eaa-95e5-51c4d002a2fd-139960768907072", "trial_id": 39, "state": 1, "values": [0.44641653356368965], "datetime_complete": "2024-08-18T07:21:16.119049"}
{"op_code": 4, "worker_id": "a25beb94-145b-4eaa-95e5-51c4d002a2fd-139960768907072", "study_id": 0, "datetime_start": "2024-08-18T07:21:16.128977"}
{"op_code": 5, "worker_id": "a25beb94-145b-4eaa-95e5-51c4d002a2fd-139960768907072", "trial_id": 40, "param_name": "lr", "param_value_internal": 0.00017490324084112454, "distribution": "{\"name\": \"FloatDistribution\", \"attributes\": {\"step\": null, \"low\": 1e-05, \"high\": 0.001, \"log\": true}}"}
{"op_code": 5, "worker_id": "a25beb94-145b-4eaa-95e5-51c4d002a2fd-139960768907072", "trial_id": 40, "param_name": "l2reg", "param_value_internal": 3.409549783883765e-05, "distribution": "{\"name\": \"FloatDistribution\", \"attributes\": {\"step\": null, \"low\": 1e-08, \"high\": 0.001, \"log\": true}}"}
{"op_code": 5, "worker_id": "a25beb94-145b-4eaa-95e5-51c4d002a2fd-139960768907072", "trial_id": 40, "param_name": "random_seed", "param_value_internal": 0, "distribution": "{\"name\": \"CategoricalDistribution\", \"attributes\": {\"choices\": [42]}}"}
{"op_code": 5, "worker_id": "a25beb94-145b-4eaa-95e5-51c4d002a2fd-139960768907072", "trial_id": 40, "param_name": "degree", "param_value_internal": 0, "distribution": "{\"name\": \"CategoricalDistribution\", \"attributes\": {\"choices\": [0]}}"}
{"op_code": 0, "worker_id": "4d5e0b91-913f-4779-a911-85c8293273c2-140467172464448", "study_name": "criteo_bins", "directions": [1]}
{"op_code": 8, "worker_id": "a25beb94-145b-4eaa-95e5-51c4d002a2fd-139960768907072", "trial_id": 40, "user_attr": {"best_epoch": 1}}
{"op_code": 8, "worker_id": "a25beb94-145b-4eaa-95e5-51c4d002a2fd-139960768907072", "trial_id": 40, "user_attr": {"test_loss": 0.44500437031053824}}
{"op_code": 6, "worker_id": "a25beb94-145b-4eaa-95e5-51c4d002a2fd-139960768907072", "trial_id": 40, "state": 1, "values": [0.4448986072425906], "datetime_complete": "2024-08-18T07:42:51.047484"}
{"op_code": 4, "worker_id": "a25beb94-145b-4eaa-95e5-51c4d002a2fd-139960768907072", "study_id": 0, "datetime_start": "2024-08-18T07:42:51.058183"}
{"op_code": 5, "worker_id": "a25beb94-145b-4eaa-95e5-51c4d002a2fd-139960768907072", "trial_id": 41, "param_name": "lr", "param_value_internal": 0.00015099985911737936, "distribution": "{\"name\": \"FloatDistribution\", \"attributes\": {\"step\": null, \"low\": 1e-05, \"high\": 0.001, \"log\": true}}"}
{"op_code": 5, "worker_id": "a25beb94-145b-4eaa-95e5-51c4d002a2fd-139960768907072", "trial_id": 41, "param_name": "l2reg", "param_value_internal": 3.744228577379653e-05, "distribution": "{\"name\": \"FloatDistribution\", \"attributes\": {\"step\": null, \"low\": 1e-08, \"high\": 0.001, \"log\": true}}"}
{"op_code": 5, "worker_id": "a25beb94-145b-4eaa-95e5-51c4d002a2fd-139960768907072", "trial_id": 41, "param_name": "random_seed", "param_value_internal": 0, "distribution": "{\"name\": \"CategoricalDistribution\", \"attributes\": {\"choices\": [42]}}"}
{"op_code": 5, "worker_id": "a25beb94-145b-4eaa-95e5-51c4d002a2fd-139960768907072", "trial_id": 41, "param_name": "degree", "param_value_internal": 0, "distribution": "{\"name\": \"CategoricalDistribution\", \"attributes\": {\"choices\": [0]}}"}
{"op_code": 0, "worker_id": "8a7644cd-d0ec-449f-bb56-3a7de5a0b83a-140148683482944", "study_name": "criteo_bins", "directions": [1]}
{"op_code": 8, "worker_id": "a25beb94-145b-4eaa-95e5-51c4d002a2fd-139960768907072", "trial_id": 41, "user_attr": {"best_epoch": 1}}
{"op_code": 8, "worker_id": "a25beb94-145b-4eaa-95e5-51c4d002a2fd-139960768907072", "trial_id": 41, "user_attr": {"test_loss": 0.4450731754152877}}
{"op_code": 6, "worker_id": "a25beb94-145b-4eaa-95e5-51c4d002a2fd-139960768907072", "trial_id": 41, "state": 1, "values": [0.4449527931000643], "datetime_complete": "2024-08-18T08:04:46.068153"}
{"op_code": 4, "worker_id": "a25beb94-145b-4eaa-95e5-51c4d002a2fd-139960768907072", "study_id": 0, "datetime_start": "2024-08-18T08:04:46.077569"}
{"op_code": 5, "worker_id": "a25beb94-145b-4eaa-95e5-51c4d002a2fd-139960768907072", "trial_id": 42, "param_name": "lr", "param_value_internal": 0.00021048432607708464, "distribution": "{\"name\": \"FloatDistribution\", \"attributes\": {\"step\": null, \"low\": 1e-05, \"high\": 0.001, \"log\": true}}"}
{"op_code": 5, "worker_id": "a25beb94-145b-4eaa-95e5-51c4d002a2fd-139960768907072", "trial_id": 42, "param_name": "l2reg", "param_value_internal": 1.1050857178818845e-05, "distribution": "{\"name\": \"FloatDistribution\", \"attributes\": {\"step\": null, \"low\": 1e-08, \"high\": 0.001, \"log\": true}}"}
{"op_code": 5, "worker_id": "a25beb94-145b-4eaa-95e5-51c4d002a2fd-139960768907072", "trial_id": 42, "param_name": "random_seed", "param_value_internal": 0, "distribution": "{\"name\": \"CategoricalDistribution\", \"attributes\": {\"choices\": [42]}}"}
{"op_code": 5, "worker_id": "a25beb94-145b-4eaa-95e5-51c4d002a2fd-139960768907072", "trial_id": 42, "param_name": "degree", "param_value_internal": 0, "distribution": "{\"name\": \"CategoricalDistribution\", \"attributes\": {\"choices\": [0]}}"}
{"op_code": 8, "worker_id": "a25beb94-145b-4eaa-95e5-51c4d002a2fd-139960768907072", "trial_id": 42, "user_attr": {"best_epoch": 1}}
{"op_code": 8, "worker_id": "a25beb94-145b-4eaa-95e5-51c4d002a2fd-139960768907072", "trial_id": 42, "user_attr": {"test_loss": 0.44512927438586103}}
{"op_code": 6, "worker_id": "a25beb94-145b-4eaa-95e5-51c4d002a2fd-139960768907072", "trial_id": 42, "state": 1, "values": [0.4450415005328477], "datetime_complete": "2024-08-18T08:26:26.069154"}
{"op_code": 4, "worker_id": "a25beb94-145b-4eaa-95e5-51c4d002a2fd-139960768907072", "study_id": 0, "datetime_start": "2024-08-18T08:26:26.079706"}
{"op_code": 5, "worker_id": "a25beb94-145b-4eaa-95e5-51c4d002a2fd-139960768907072", "trial_id": 43, "param_name": "lr", "param_value_internal": 0.0001595786038665253, "distribution": "{\"name\": \"FloatDistribution\", \"attributes\": {\"step\": null, \"low\": 1e-05, \"high\": 0.001, \"log\": true}}"}
{"op_code": 5, "worker_id": "a25beb94-145b-4eaa-95e5-51c4d002a2fd-139960768907072", "trial_id": 43, "param_name": "l2reg", "param_value_internal": 5.1146925422430115e-05, "distribution": "{\"name\": \"FloatDistribution\", \"attributes\": {\"step\": null, \"low\": 1e-08, \"high\": 0.001, \"log\": true}}"}
{"op_code": 5, "worker_id": "a25beb94-145b-4eaa-95e5-51c4d002a2fd-139960768907072", "trial_id": 43, "param_name": "random_seed", "param_value_internal": 0, "distribution": "{\"name\": \"CategoricalDistribution\", \"attributes\": {\"choices\": [42]}}"}
{"op_code": 5, "worker_id": "a25beb94-145b-4eaa-95e5-51c4d002a2fd-139960768907072", "trial_id": 43, "param_name": "degree", "param_value_internal": 0, "distribution": "{\"name\": \"CategoricalDistribution\", \"attributes\": {\"choices\": [0]}}"}
{"op_code": 8, "worker_id": "a25beb94-145b-4eaa-95e5-51c4d002a2fd-139960768907072", "trial_id": 43, "user_attr": {"best_epoch": 1}}
{"op_code": 8, "worker_id": "a25beb94-145b-4eaa-95e5-51c4d002a2fd-139960768907072", "trial_id": 43, "user_attr": {"test_loss": 0.4450285529437713}}
{"op_code": 6, "worker_id": "a25beb94-145b-4eaa-95e5-51c4d002a2fd-139960768907072", "trial_id": 43, "state": 1, "values": [0.4449137517388394], "datetime_complete": "2024-08-18T08:48:47.063394"}
{"op_code": 4, "worker_id": "a25beb94-145b-4eaa-95e5-51c4d002a2fd-139960768907072", "study_id": 0, "datetime_start": "2024-08-18T08:48:47.073153"}
{"op_code": 5, "worker_id": "a25beb94-145b-4eaa-95e5-51c4d002a2fd-139960768907072", "trial_id": 44, "param_name": "lr", "param_value_internal": 0.00011738286616479068, "distribution": "{\"name\": \"FloatDistribution\", \"attributes\": {\"step\": null, \"low\": 1e-05, \"high\": 0.001, \"log\": true}}"}
{"op_code": 5, "worker_id": "a25beb94-145b-4eaa-95e5-51c4d002a2fd-139960768907072", "trial_id": 44, "param_name": "l2reg", "param_value_internal": 0.00019036913858117414, "distribution": "{\"name\": \"FloatDistribution\", \"attributes\": {\"step\": null, \"low\": 1e-08, \"high\": 0.001, \"log\": true}}"}
{"op_code": 5, "worker_id": "a25beb94-145b-4eaa-95e5-51c4d002a2fd-139960768907072", "trial_id": 44, "param_name": "random_seed", "param_value_internal": 0, "distribution": "{\"name\": \"CategoricalDistribution\", \"attributes\": {\"choices\": [42]}}"}
{"op_code": 5, "worker_id": "a25beb94-145b-4eaa-95e5-51c4d002a2fd-139960768907072", "trial_id": 44, "param_name": "degree", "param_value_internal": 0, "distribution": "{\"name\": \"CategoricalDistribution\", \"attributes\": {\"choices\": [0]}}"}
{"op_code": 8, "worker_id": "a25beb94-145b-4eaa-95e5-51c4d002a2fd-139960768907072", "trial_id": 44, "user_attr": {"best_epoch": 1}}
{"op_code": 8, "worker_id": "a25beb94-145b-4eaa-95e5-51c4d002a2fd-139960768907072", "trial_id": 44, "user_attr": {"test_loss": 0.44556887844977155}}
{"op_code": 6, "worker_id": "a25beb94-145b-4eaa-95e5-51c4d002a2fd-139960768907072", "trial_id": 44, "state": 1, "values": [0.44543604914620477], "datetime_complete": "2024-08-18T09:10:27.197044"}
{"op_code": 4, "worker_id": "a25beb94-145b-4eaa-95e5-51c4d002a2fd-139960768907072", "study_id": 0, "datetime_start": "2024-08-18T09:10:27.208412"}
{"op_code": 5, "worker_id": "a25beb94-145b-4eaa-95e5-51c4d002a2fd-139960768907072", "trial_id": 45, "param_name": "lr", "param_value_internal": 0.00033780422643471764, "distribution": "{\"name\": \"FloatDistribution\", \"attributes\": {\"step\": null, \"low\": 1e-05, \"high\": 0.001, \"log\": true}}"}
{"op_code": 5, "worker_id": "a25beb94-145b-4eaa-95e5-51c4d002a2fd-139960768907072", "trial_id": 45, "param_name": "l2reg", "param_value_internal": 5.7460639111639366e-05, "distribution": "{\"name\": \"FloatDistribution\", \"attributes\": {\"step\": null, \"low\": 1e-08, \"high\": 0.001, \"log\": true}}"}
{"op_code": 5, "worker_id": "a25beb94-145b-4eaa-95e5-51c4d002a2fd-139960768907072", "trial_id": 45, "param_name": "random_seed", "param_value_internal": 0, "distribution": "{\"name\": \"CategoricalDistribution\", \"attributes\": {\"choices\": [42]}}"}
{"op_code": 5, "worker_id": "a25beb94-145b-4eaa-95e5-51c4d002a2fd-139960768907072", "trial_id": 45, "param_name": "degree", "param_value_internal": 0, "distribution": "{\"name\": \"CategoricalDistribution\", \"attributes\": {\"choices\": [0]}}"}
{"op_code": 8, "worker_id": "a25beb94-145b-4eaa-95e5-51c4d002a2fd-139960768907072", "trial_id": 45, "user_attr": {"best_epoch": 0}}
{"op_code": 8, "worker_id": "a25beb94-145b-4eaa-95e5-51c4d002a2fd-139960768907072", "trial_id": 45, "user_attr": {"test_loss": 0.4455101167582315}}
{"op_code": 6, "worker_id": "a25beb94-145b-4eaa-95e5-51c4d002a2fd-139960768907072", "trial_id": 45, "state": 1, "values": [0.4454411763601834], "datetime_complete": "2024-08-18T09:28:02.131702"}
{"op_code": 4, "worker_id": "a25beb94-145b-4eaa-95e5-51c4d002a2fd-139960768907072", "study_id": 0, "datetime_start": "2024-08-18T09:28:02.153278"}
{"op_code": 5, "worker_id": "a25beb94-145b-4eaa-95e5-51c4d002a2fd-139960768907072", "trial_id": 46, "param_name": "lr", "param_value_internal": 0.0002414498515264687, "distribution": "{\"name\": \"FloatDistribution\", \"attributes\": {\"step\": null, \"low\": 1e-05, \"high\": 0.001, \"log\": true}}"}
{"op_code": 5, "worker_id": "a25beb94-145b-4eaa-95e5-51c4d002a2fd-139960768907072", "trial_id": 46, "param_name": "l2reg", "param_value_internal": 2.561259745592853e-05, "distribution": "{\"name\": \"FloatDistribution\", \"attributes\": {\"step\": null, \"low\": 1e-08, \"high\": 0.001, \"log\": true}}"}
{"op_code": 5, "worker_id": "a25beb94-145b-4eaa-95e5-51c4d002a2fd-139960768907072", "trial_id": 46, "param_name": "random_seed", "param_value_internal": 0, "distribution": "{\"name\": \"CategoricalDistribution\", \"attributes\": {\"choices\": [42]}}"}
{"op_code": 5, "worker_id": "a25beb94-145b-4eaa-95e5-51c4d002a2fd-139960768907072", "trial_id": 46, "param_name": "degree", "param_value_internal": 0, "distribution": "{\"name\": \"CategoricalDistribution\", \"attributes\": {\"choices\": [0]}}"}
{"op_code": 8, "worker_id": "a25beb94-145b-4eaa-95e5-51c4d002a2fd-139960768907072", "trial_id": 46, "user_attr": {"best_epoch": 1}}
{"op_code": 8, "worker_id": "a25beb94-145b-4eaa-95e5-51c4d002a2fd-139960768907072", "trial_id": 46, "user_attr": {"test_loss": 0.4453430763122901}}
{"op_code": 6, "worker_id": "a25beb94-145b-4eaa-95e5-51c4d002a2fd-139960768907072", "trial_id": 46, "state": 1, "values": [0.4452642642507502], "datetime_complete": "2024-08-18T09:49:29.102967"}
{"op_code": 4, "worker_id": "a25beb94-145b-4eaa-95e5-51c4d002a2fd-139960768907072", "study_id": 0, "datetime_start": "2024-08-18T09:49:29.113476"}
{"op_code": 5, "worker_id": "a25beb94-145b-4eaa-95e5-51c4d002a2fd-139960768907072", "trial_id": 47, "param_name": "lr", "param_value_internal": 0.00016204312232823923, "distribution": "{\"name\": \"FloatDistribution\", \"attributes\": {\"step\": null, \"low\": 1e-05, \"high\": 0.001, \"log\": true}}"}
{"op_code": 5, "worker_id": "a25beb94-145b-4eaa-95e5-51c4d002a2fd-139960768907072", "trial_id": 47, "param_name": "l2reg", "param_value_internal": 1.994945539949845e-06, "distribution": "{\"name\": \"FloatDistribution\", \"attributes\": {\"step\": null, \"low\": 1e-08, \"high\": 0.001, \"log\": true}}"}
{"op_code": 5, "worker_id": "a25beb94-145b-4eaa-95e5-51c4d002a2fd-139960768907072", "trial_id": 47, "param_name": "random_seed", "param_value_internal": 0, "distribution": "{\"name\": \"CategoricalDistribution\", \"attributes\": {\"choices\": [42]}}"}
{"op_code": 5, "worker_id": "a25beb94-145b-4eaa-95e5-51c4d002a2fd-139960768907072", "trial_id": 47, "param_name": "degree", "param_value_internal": 0, "distribution": "{\"name\": \"CategoricalDistribution\", \"attributes\": {\"choices\": [0]}}"}
{"op_code": 8, "worker_id": "a25beb94-145b-4eaa-95e5-51c4d002a2fd-139960768907072", "trial_id": 47, "user_attr": {"best_epoch": 1}}
{"op_code": 8, "worker_id": "a25beb94-145b-4eaa-95e5-51c4d002a2fd-139960768907072", "trial_id": 47, "user_attr": {"test_loss": 0.4450201977660556}}
{"op_code": 6, "worker_id": "a25beb94-145b-4eaa-95e5-51c4d002a2fd-139960768907072", "trial_id": 47, "state": 1, "values": [0.4449068560041349], "datetime_complete": "2024-08-18T10:11:11.068775"}
{"op_code": 4, "worker_id": "a25beb94-145b-4eaa-95e5-51c4d002a2fd-139960768907072", "study_id": 0, "datetime_start": "2024-08-18T10:11:11.079624"}
{"op_code": 5, "worker_id": "a25beb94-145b-4eaa-95e5-51c4d002a2fd-139960768907072", "trial_id": 48, "param_name": "lr", "param_value_internal": 8.71757170819836e-05, "distribution": "{\"name\": \"FloatDistribution\", \"attributes\": {\"step\": null, \"low\": 1e-05, \"high\": 0.001, \"log\": true}}"}
{"op_code": 5, "worker_id": "a25beb94-145b-4eaa-95e5-51c4d002a2fd-139960768907072", "trial_id": 48, "param_name": "l2reg", "param_value_internal": 3.6533726801628215e-07, "distribution": "{\"name\": \"FloatDistribution\", \"attributes\": {\"step\": null, \"low\": 1e-08, \"high\": 0.001, \"log\": true}}"}
{"op_code": 5, "worker_id": "a25beb94-145b-4eaa-95e5-51c4d002a2fd-139960768907072", "trial_id": 48, "param_name": "random_seed", "param_value_internal": 0, "distribution": "{\"name\": \"CategoricalDistribution\", \"attributes\": {\"choices\": [42]}}"}
{"op_code": 5, "worker_id": "a25beb94-145b-4eaa-95e5-51c4d002a2fd-139960768907072", "trial_id": 48, "param_name": "degree", "param_value_internal": 0, "distribution": "{\"name\": \"CategoricalDistribution\", \"attributes\": {\"choices\": [0]}}"}
{"op_code": 8, "worker_id": "a25beb94-145b-4eaa-95e5-51c4d002a2fd-139960768907072", "trial_id": 48, "user_attr": {"best_epoch": 2}}
{"op_code": 8, "worker_id": "a25beb94-145b-4eaa-95e5-51c4d002a2fd-139960768907072", "trial_id": 48, "user_attr": {"test_loss": 0.44565537099247493}}
{"op_code": 6, "worker_id": "a25beb94-145b-4eaa-95e5-51c4d002a2fd-139960768907072", "trial_id": 48, "state": 1, "values": [0.44556658687851736], "datetime_complete": "2024-08-18T10:36:59.042400"}
{"op_code": 4, "worker_id": "a25beb94-145b-4eaa-95e5-51c4d002a2fd-139960768907072", "study_id": 0, "datetime_start": "2024-08-18T10:36:59.063705"}
{"op_code": 5, "worker_id": "a25beb94-145b-4eaa-95e5-51c4d002a2fd-139960768907072", "trial_id": 49, "param_name": "lr", "param_value_internal": 0.00015534050917641646, "distribution": "{\"name\": \"FloatDistribution\", \"attributes\": {\"step\": null, \"low\": 1e-05, \"high\": 0.001, \"log\": true}}"}
{"op_code": 5, "worker_id": "a25beb94-145b-4eaa-95e5-51c4d002a2fd-139960768907072", "trial_id": 49, "param_name": "l2reg", "param_value_internal": 1.740908562077621e-06, "distribution": "{\"name\": \"FloatDistribution\", \"attributes\": {\"step\": null, \"low\": 1e-08, \"high\": 0.001, \"log\": true}}"}
{"op_code": 5, "worker_id": "a25beb94-145b-4eaa-95e5-51c4d002a2fd-139960768907072", "trial_id": 49, "param_name": "random_seed", "param_value_internal": 0, "distribution": "{\"name\": \"CategoricalDistribution\", \"attributes\": {\"choices\": [42]}}"}
{"op_code": 5, "worker_id": "a25beb94-145b-4eaa-95e5-51c4d002a2fd-139960768907072", "trial_id": 49, "param_name": "degree", "param_value_internal": 0, "distribution": "{\"name\": \"CategoricalDistribution\", \"attributes\": {\"choices\": [0]}}"}
{"op_code": 8, "worker_id": "a25beb94-145b-4eaa-95e5-51c4d002a2fd-139960768907072", "trial_id": 49, "user_attr": {"best_epoch": 1}}
{"op_code": 8, "worker_id": "a25beb94-145b-4eaa-95e5-51c4d002a2fd-139960768907072", "trial_id": 49, "user_attr": {"test_loss": 0.4450475482569492}}
{"op_code": 6, "worker_id": "a25beb94-145b-4eaa-95e5-51c4d002a2fd-139960768907072", "trial_id": 49, "state": 1, "values": [0.4449299801292334], "datetime_complete": "2024-08-18T10:59:19.312013"}
{"op_code": 0, "worker_id": "c34c3361-13d6-49a9-b62d-447f91ac3966-139745299392320", "study_name": "criteo_bins", "directions": [1]}
{"op_code": 0, "worker_id": "743fad6c-7d35-4fb4-8489-dd5f2019758d-140361245218624", "study_name": "criteo_bins", "directions": [1]}
