{"op_code": 0, "worker_id": "bf779ff0-2f78-45ec-ad88-a454df95b651-139754784876352", "study_name": "criteo_splines_0_22", "directions": [1]}
{"op_code": 4, "worker_id": "bf779ff0-2f78-45ec-ad88-a454df95b651-139754784876352", "study_id": 0, "datetime_start": "2024-08-21T06:42:58.387911"}
{"op_code": 5, "worker_id": "bf779ff0-2f78-45ec-ad88-a454df95b651-139754784876352", "trial_id": 0, "param_name": "lr", "param_value_internal": 5.6115164153345e-05, "distribution": "{\"name\": \"FloatDistribution\", \"attributes\": {\"step\": null, \"low\": 1e-05, \"high\": 0.001, \"log\": true}}"}
{"op_code": 5, "worker_id": "bf779ff0-2f78-45ec-ad88-a454df95b651-139754784876352", "trial_id": 0, "param_name": "l2reg", "param_value_internal": 0.0005669849511478851, "distribution": "{\"name\": \"FloatDistribution\", \"attributes\": {\"step\": null, \"low\": 1e-08, \"high\": 0.001, \"log\": true}}"}
{"op_code": 5, "worker_id": "bf779ff0-2f78-45ec-ad88-a454df95b651-139754784876352", "trial_id": 0, "param_name": "random_seed", "param_value_internal": 0, "distribution": "{\"name\": \"CategoricalDistribution\", \"attributes\": {\"choices\": [42]}}"}
{"op_code": 5, "worker_id": "bf779ff0-2f78-45ec-ad88-a454df95b651-139754784876352", "trial_id": 0, "param_name": "degree", "param_value_internal": 0, "distribution": "{\"name\": \"CategoricalDistribution\", \"attributes\": {\"choices\": [0]}}"}
{"op_code": 8, "worker_id": "bf779ff0-2f78-45ec-ad88-a454df95b651-139754784876352", "trial_id": 0, "user_attr": {"best_epoch": 3}}
{"op_code": 8, "worker_id": "bf779ff0-2f78-45ec-ad88-a454df95b651-139754784876352", "trial_id": 0, "user_attr": {"test_loss": 0.44540067235865954}}
{"op_code": 6, "worker_id": "bf779ff0-2f78-45ec-ad88-a454df95b651-139754784876352", "trial_id": 0, "state": 1, "values": [0.44531589377863273], "datetime_complete": "2024-08-21T07:08:58.246404"}
{"op_code": 4, "worker_id": "bf779ff0-2f78-45ec-ad88-a454df95b651-139754784876352", "study_id": 0, "datetime_start": "2024-08-21T07:08:58.257149"}
{"op_code": 5, "worker_id": "bf779ff0-2f78-45ec-ad88-a454df95b651-139754784876352", "trial_id": 1, "param_name": "lr", "param_value_internal": 0.000291063591313307, "distribution": "{\"name\": \"FloatDistribution\", \"attributes\": {\"step\": null, \"low\": 1e-05, \"high\": 0.001, \"log\": true}}"}
{"op_code": 5, "worker_id": "bf779ff0-2f78-45ec-ad88-a454df95b651-139754784876352", "trial_id": 1, "param_name": "l2reg", "param_value_internal": 9.846738873614555e-06, "distribution": "{\"name\": \"FloatDistribution\", \"attributes\": {\"step\": null, \"low\": 1e-08, \"high\": 0.001, \"log\": true}}"}
{"op_code": 5, "worker_id": "bf779ff0-2f78-45ec-ad88-a454df95b651-139754784876352", "trial_id": 1, "param_name": "random_seed", "param_value_internal": 0, "distribution": "{\"name\": \"CategoricalDistribution\", \"attributes\": {\"choices\": [42]}}"}
{"op_code": 5, "worker_id": "bf779ff0-2f78-45ec-ad88-a454df95b651-139754784876352", "trial_id": 1, "param_name": "degree", "param_value_internal": 0, "distribution": "{\"name\": \"CategoricalDistribution\", \"attributes\": {\"choices\": [0]}}"}
{"op_code": 8, "worker_id": "bf779ff0-2f78-45ec-ad88-a454df95b651-139754784876352", "trial_id": 1, "user_attr": {"best_epoch": 0}}
{"op_code": 8, "worker_id": "bf779ff0-2f78-45ec-ad88-a454df95b651-139754784876352", "trial_id": 1, "user_attr": {"test_loss": 0.44541485192461067}}
{"op_code": 6, "worker_id": "bf779ff0-2f78-45ec-ad88-a454df95b651-139754784876352", "trial_id": 1, "state": 1, "values": [0.44528528046377497], "datetime_complete": "2024-08-21T07:24:27.757260"}
{"op_code": 4, "worker_id": "bf779ff0-2f78-45ec-ad88-a454df95b651-139754784876352", "study_id": 0, "datetime_start": "2024-08-21T07:24:27.770092"}
{"op_code": 5, "worker_id": "bf779ff0-2f78-45ec-ad88-a454df95b651-139754784876352", "trial_id": 2, "param_name": "lr", "param_value_internal": 2.0513382630874486e-05, "distribution": "{\"name\": \"FloatDistribution\", \"attributes\": {\"step\": null, \"low\": 1e-05, \"high\": 0.001, \"log\": true}}"}
{"op_code": 5, "worker_id": "bf779ff0-2f78-45ec-ad88-a454df95b651-139754784876352", "trial_id": 2, "param_name": "l2reg", "param_value_internal": 6.02521573620385e-08, "distribution": "{\"name\": \"FloatDistribution\", \"attributes\": {\"step\": null, \"low\": 1e-08, \"high\": 0.001, \"log\": true}}"}
{"op_code": 5, "worker_id": "bf779ff0-2f78-45ec-ad88-a454df95b651-139754784876352", "trial_id": 2, "param_name": "random_seed", "param_value_internal": 0, "distribution": "{\"name\": \"CategoricalDistribution\", \"attributes\": {\"choices\": [42]}}"}
{"op_code": 5, "worker_id": "bf779ff0-2f78-45ec-ad88-a454df95b651-139754784876352", "trial_id": 2, "param_name": "degree", "param_value_internal": 0, "distribution": "{\"name\": \"CategoricalDistribution\", \"attributes\": {\"choices\": [0]}}"}
{"op_code": 8, "worker_id": "bf779ff0-2f78-45ec-ad88-a454df95b651-139754784876352", "trial_id": 2, "user_attr": {"best_epoch": 10}}
{"op_code": 8, "worker_id": "bf779ff0-2f78-45ec-ad88-a454df95b651-139754784876352", "trial_id": 2, "user_attr": {"test_loss": 0.4461061966593815}}
{"op_code": 6, "worker_id": "bf779ff0-2f78-45ec-ad88-a454df95b651-139754784876352", "trial_id": 2, "state": 1, "values": [0.44600611131932044], "datetime_complete": "2024-08-21T08:14:43.551426"}
{"op_code": 4, "worker_id": "bf779ff0-2f78-45ec-ad88-a454df95b651-139754784876352", "study_id": 0, "datetime_start": "2024-08-21T08:14:43.580020"}
{"op_code": 5, "worker_id": "bf779ff0-2f78-45ec-ad88-a454df95b651-139754784876352", "trial_id": 3, "param_name": "lr", "param_value_internal": 1.3066739238053272e-05, "distribution": "{\"name\": \"FloatDistribution\", \"attributes\": {\"step\": null, \"low\": 1e-05, \"high\": 0.001, \"log\": true}}"}
{"op_code": 5, "worker_id": "bf779ff0-2f78-45ec-ad88-a454df95b651-139754784876352", "trial_id": 3, "param_name": "l2reg", "param_value_internal": 0.00021423021757741048, "distribution": "{\"name\": \"FloatDistribution\", \"attributes\": {\"step\": null, \"low\": 1e-08, \"high\": 0.001, \"log\": true}}"}
{"op_code": 5, "worker_id": "bf779ff0-2f78-45ec-ad88-a454df95b651-139754784876352", "trial_id": 3, "param_name": "random_seed", "param_value_internal": 0, "distribution": "{\"name\": \"CategoricalDistribution\", \"attributes\": {\"choices\": [42]}}"}
{"op_code": 5, "worker_id": "bf779ff0-2f78-45ec-ad88-a454df95b651-139754784876352", "trial_id": 3, "param_name": "degree", "param_value_internal": 0, "distribution": "{\"name\": \"CategoricalDistribution\", \"attributes\": {\"choices\": [0]}}"}
{"op_code": 8, "worker_id": "bf779ff0-2f78-45ec-ad88-a454df95b651-139754784876352", "trial_id": 3, "user_attr": {"best_epoch": 17}}
{"op_code": 8, "worker_id": "bf779ff0-2f78-45ec-ad88-a454df95b651-139754784876352", "trial_id": 3, "user_attr": {"test_loss": 0.4463324516309555}}
{"op_code": 6, "worker_id": "bf779ff0-2f78-45ec-ad88-a454df95b651-139754784876352", "trial_id": 3, "state": 1, "values": [0.44620400713021185], "datetime_complete": "2024-08-21T09:26:11.803295"}
{"op_code": 4, "worker_id": "bf779ff0-2f78-45ec-ad88-a454df95b651-139754784876352", "study_id": 0, "datetime_start": "2024-08-21T09:26:11.812761"}
{"op_code": 5, "worker_id": "bf779ff0-2f78-45ec-ad88-a454df95b651-139754784876352", "trial_id": 4, "param_name": "lr", "param_value_internal": 0.00015930522616241006, "distribution": "{\"name\": \"FloatDistribution\", \"attributes\": {\"step\": null, \"low\": 1e-05, \"high\": 0.001, \"log\": true}}"}
{"op_code": 5, "worker_id": "bf779ff0-2f78-45ec-ad88-a454df95b651-139754784876352", "trial_id": 4, "param_name": "l2reg", "param_value_internal": 3.47026698865041e-05, "distribution": "{\"name\": \"FloatDistribution\", \"attributes\": {\"step\": null, \"low\": 1e-08, \"high\": 0.001, \"log\": true}}"}
{"op_code": 5, "worker_id": "bf779ff0-2f78-45ec-ad88-a454df95b651-139754784876352", "trial_id": 4, "param_name": "random_seed", "param_value_internal": 0, "distribution": "{\"name\": \"CategoricalDistribution\", \"attributes\": {\"choices\": [42]}}"}
{"op_code": 5, "worker_id": "bf779ff0-2f78-45ec-ad88-a454df95b651-139754784876352", "trial_id": 4, "param_name": "degree", "param_value_internal": 0, "distribution": "{\"name\": \"CategoricalDistribution\", \"attributes\": {\"choices\": [0]}}"}
{"op_code": 8, "worker_id": "bf779ff0-2f78-45ec-ad88-a454df95b651-139754784876352", "trial_id": 4, "user_attr": {"best_epoch": 1}}
{"op_code": 8, "worker_id": "bf779ff0-2f78-45ec-ad88-a454df95b651-139754784876352", "trial_id": 4, "user_attr": {"test_loss": 0.444786006353609}}
{"op_code": 6, "worker_id": "bf779ff0-2f78-45ec-ad88-a454df95b651-139754784876352", "trial_id": 4, "state": 1, "values": [0.44467279601948373], "datetime_complete": "2024-08-21T09:45:01.478201"}
{"op_code": 4, "worker_id": "bf779ff0-2f78-45ec-ad88-a454df95b651-139754784876352", "study_id": 0, "datetime_start": "2024-08-21T09:45:01.487437"}
{"op_code": 5, "worker_id": "bf779ff0-2f78-45ec-ad88-a454df95b651-139754784876352", "trial_id": 5, "param_name": "lr", "param_value_internal": 1.0994335574766187e-05, "distribution": "{\"name\": \"FloatDistribution\", \"attributes\": {\"step\": null, \"low\": 1e-05, \"high\": 0.001, \"log\": true}}"}
{"op_code": 5, "worker_id": "bf779ff0-2f78-45ec-ad88-a454df95b651-139754784876352", "trial_id": 5, "param_name": "l2reg", "param_value_internal": 0.0007072114131472234, "distribution": "{\"name\": \"FloatDistribution\", \"attributes\": {\"step\": null, \"low\": 1e-08, \"high\": 0.001, \"log\": true}}"}
{"op_code": 5, "worker_id": "bf779ff0-2f78-45ec-ad88-a454df95b651-139754784876352", "trial_id": 5, "param_name": "random_seed", "param_value_internal": 0, "distribution": "{\"name\": \"CategoricalDistribution\", \"attributes\": {\"choices\": [42]}}"}
{"op_code": 5, "worker_id": "bf779ff0-2f78-45ec-ad88-a454df95b651-139754784876352", "trial_id": 5, "param_name": "degree", "param_value_internal": 0, "distribution": "{\"name\": \"CategoricalDistribution\", \"attributes\": {\"choices\": [0]}}"}
{"op_code": 8, "worker_id": "bf779ff0-2f78-45ec-ad88-a454df95b651-139754784876352", "trial_id": 5, "user_attr": {"best_epoch": 19}}
{"op_code": 8, "worker_id": "bf779ff0-2f78-45ec-ad88-a454df95b651-139754784876352", "trial_id": 5, "user_attr": {"test_loss": 0.44645443225599657}}
{"op_code": 6, "worker_id": "bf779ff0-2f78-45ec-ad88-a454df95b651-139754784876352", "trial_id": 5, "state": 1, "values": [0.4463434031505973], "datetime_complete": "2024-08-21T10:56:28.858835"}
{"op_code": 4, "worker_id": "bf779ff0-2f78-45ec-ad88-a454df95b651-139754784876352", "study_id": 0, "datetime_start": "2024-08-21T10:56:28.867213"}
{"op_code": 5, "worker_id": "bf779ff0-2f78-45ec-ad88-a454df95b651-139754784876352", "trial_id": 6, "param_name": "lr", "param_value_internal": 0.000462258900102083, "distribution": "{\"name\": \"FloatDistribution\", \"attributes\": {\"step\": null, \"low\": 1e-05, \"high\": 0.001, \"log\": true}}"}
{"op_code": 5, "worker_id": "bf779ff0-2f78-45ec-ad88-a454df95b651-139754784876352", "trial_id": 6, "param_name": "l2reg", "param_value_internal": 1.1526449540315595e-07, "distribution": "{\"name\": \"FloatDistribution\", \"attributes\": {\"step\": null, \"low\": 1e-08, \"high\": 0.001, \"log\": true}}"}
{"op_code": 5, "worker_id": "bf779ff0-2f78-45ec-ad88-a454df95b651-139754784876352", "trial_id": 6, "param_name": "random_seed", "param_value_internal": 0, "distribution": "{\"name\": \"CategoricalDistribution\", \"attributes\": {\"choices\": [42]}}"}
{"op_code": 5, "worker_id": "bf779ff0-2f78-45ec-ad88-a454df95b651-139754784876352", "trial_id": 6, "param_name": "degree", "param_value_internal": 0, "distribution": "{\"name\": \"CategoricalDistribution\", \"attributes\": {\"choices\": [0]}}"}
{"op_code": 8, "worker_id": "bf779ff0-2f78-45ec-ad88-a454df95b651-139754784876352", "trial_id": 6, "user_attr": {"best_epoch": 0}}
{"op_code": 8, "worker_id": "bf779ff0-2f78-45ec-ad88-a454df95b651-139754784876352", "trial_id": 6, "user_attr": {"test_loss": 0.44529218050020275}}
{"op_code": 6, "worker_id": "bf779ff0-2f78-45ec-ad88-a454df95b651-139754784876352", "trial_id": 6, "state": 1, "values": [0.4451783520089097], "datetime_complete": "2024-08-21T11:11:58.117789"}
{"op_code": 4, "worker_id": "bf779ff0-2f78-45ec-ad88-a454df95b651-139754784876352", "study_id": 0, "datetime_start": "2024-08-21T11:11:58.127206"}
{"op_code": 5, "worker_id": "bf779ff0-2f78-45ec-ad88-a454df95b651-139754784876352", "trial_id": 7, "param_name": "lr", "param_value_internal": 2.3102018878452926e-05, "distribution": "{\"name\": \"FloatDistribution\", \"attributes\": {\"step\": null, \"low\": 1e-05, \"high\": 0.001, \"log\": true}}"}
{"op_code": 5, "worker_id": "bf779ff0-2f78-45ec-ad88-a454df95b651-139754784876352", "trial_id": 7, "param_name": "l2reg", "param_value_internal": 8.260808399079588e-08, "distribution": "{\"name\": \"FloatDistribution\", \"attributes\": {\"step\": null, \"low\": 1e-08, \"high\": 0.001, \"log\": true}}"}
{"op_code": 5, "worker_id": "bf779ff0-2f78-45ec-ad88-a454df95b651-139754784876352", "trial_id": 7, "param_name": "random_seed", "param_value_internal": 0, "distribution": "{\"name\": \"CategoricalDistribution\", \"attributes\": {\"choices\": [42]}}"}
{"op_code": 5, "worker_id": "bf779ff0-2f78-45ec-ad88-a454df95b651-139754784876352", "trial_id": 7, "param_name": "degree", "param_value_internal": 0, "distribution": "{\"name\": \"CategoricalDistribution\", \"attributes\": {\"choices\": [0]}}"}
{"op_code": 8, "worker_id": "bf779ff0-2f78-45ec-ad88-a454df95b651-139754784876352", "trial_id": 7, "user_attr": {"best_epoch": 9}}
{"op_code": 8, "worker_id": "bf779ff0-2f78-45ec-ad88-a454df95b651-139754784876352", "trial_id": 7, "user_attr": {"test_loss": 0.4460341353780607}}
{"op_code": 6, "worker_id": "bf779ff0-2f78-45ec-ad88-a454df95b651-139754784876352", "trial_id": 7, "state": 1, "values": [0.44594488468960497], "datetime_complete": "2024-08-21T11:58:54.055063"}
{"op_code": 4, "worker_id": "bf779ff0-2f78-45ec-ad88-a454df95b651-139754784876352", "study_id": 0, "datetime_start": "2024-08-21T11:58:54.063569"}
{"op_code": 5, "worker_id": "bf779ff0-2f78-45ec-ad88-a454df95b651-139754784876352", "trial_id": 8, "param_name": "lr", "param_value_internal": 4.059611610484306e-05, "distribution": "{\"name\": \"FloatDistribution\", \"attributes\": {\"step\": null, \"low\": 1e-05, \"high\": 0.001, \"log\": true}}"}
{"op_code": 5, "worker_id": "bf779ff0-2f78-45ec-ad88-a454df95b651-139754784876352", "trial_id": 8, "param_name": "l2reg", "param_value_internal": 4.2051564509138674e-06, "distribution": "{\"name\": \"FloatDistribution\", \"attributes\": {\"step\": null, \"low\": 1e-08, \"high\": 0.001, \"log\": true}}"}
{"op_code": 5, "worker_id": "bf779ff0-2f78-45ec-ad88-a454df95b651-139754784876352", "trial_id": 8, "param_name": "random_seed", "param_value_internal": 0, "distribution": "{\"name\": \"CategoricalDistribution\", \"attributes\": {\"choices\": [42]}}"}
{"op_code": 5, "worker_id": "bf779ff0-2f78-45ec-ad88-a454df95b651-139754784876352", "trial_id": 8, "param_name": "degree", "param_value_internal": 0, "distribution": "{\"name\": \"CategoricalDistribution\", \"attributes\": {\"choices\": [0]}}"}
{"op_code": 8, "worker_id": "bf779ff0-2f78-45ec-ad88-a454df95b651-139754784876352", "trial_id": 8, "user_attr": {"best_epoch": 5}}
{"op_code": 8, "worker_id": "bf779ff0-2f78-45ec-ad88-a454df95b651-139754784876352", "trial_id": 8, "user_attr": {"test_loss": 0.4456415068326602}}
{"op_code": 6, "worker_id": "bf779ff0-2f78-45ec-ad88-a454df95b651-139754784876352", "trial_id": 8, "state": 1, "values": [0.44557039877151167], "datetime_complete": "2024-08-21T12:31:34.184284"}
{"op_code": 4, "worker_id": "bf779ff0-2f78-45ec-ad88-a454df95b651-139754784876352", "study_id": 0, "datetime_start": "2024-08-21T12:31:34.197397"}
{"op_code": 5, "worker_id": "bf779ff0-2f78-45ec-ad88-a454df95b651-139754784876352", "trial_id": 9, "param_name": "lr", "param_value_internal": 7.309539835912905e-05, "distribution": "{\"name\": \"FloatDistribution\", \"attributes\": {\"step\": null, \"low\": 1e-05, \"high\": 0.001, \"log\": true}}"}
{"op_code": 5, "worker_id": "bf779ff0-2f78-45ec-ad88-a454df95b651-139754784876352", "trial_id": 9, "param_name": "l2reg", "param_value_internal": 2.8585493941961875e-07, "distribution": "{\"name\": \"FloatDistribution\", \"attributes\": {\"step\": null, \"low\": 1e-08, \"high\": 0.001, \"log\": true}}"}
{"op_code": 5, "worker_id": "bf779ff0-2f78-45ec-ad88-a454df95b651-139754784876352", "trial_id": 9, "param_name": "random_seed", "param_value_internal": 0, "distribution": "{\"name\": \"CategoricalDistribution\", \"attributes\": {\"choices\": [42]}}"}
{"op_code": 5, "worker_id": "bf779ff0-2f78-45ec-ad88-a454df95b651-139754784876352", "trial_id": 9, "param_name": "degree", "param_value_internal": 0, "distribution": "{\"name\": \"CategoricalDistribution\", \"attributes\": {\"choices\": [0]}}"}
{"op_code": 8, "worker_id": "bf779ff0-2f78-45ec-ad88-a454df95b651-139754784876352", "trial_id": 9, "user_attr": {"best_epoch": 3}}
{"op_code": 8, "worker_id": "bf779ff0-2f78-45ec-ad88-a454df95b651-139754784876352", "trial_id": 9, "user_attr": {"test_loss": 0.44544062964835257}}
{"op_code": 6, "worker_id": "bf779ff0-2f78-45ec-ad88-a454df95b651-139754784876352", "trial_id": 9, "state": 1, "values": [0.4453609775202284], "datetime_complete": "2024-08-21T12:57:33.443079"}
{"op_code": 4, "worker_id": "bf779ff0-2f78-45ec-ad88-a454df95b651-139754784876352", "study_id": 0, "datetime_start": "2024-08-21T12:57:33.466860"}
{"op_code": 5, "worker_id": "bf779ff0-2f78-45ec-ad88-a454df95b651-139754784876352", "trial_id": 10, "param_name": "lr", "param_value_internal": 0.00018471184590376964, "distribution": "{\"name\": \"FloatDistribution\", \"attributes\": {\"step\": null, \"low\": 1e-05, \"high\": 0.001, \"log\": true}}"}
{"op_code": 5, "worker_id": "bf779ff0-2f78-45ec-ad88-a454df95b651-139754784876352", "trial_id": 10, "param_name": "l2reg", "param_value_internal": 3.8521646942747446e-05, "distribution": "{\"name\": \"FloatDistribution\", \"attributes\": {\"step\": null, \"low\": 1e-08, \"high\": 0.001, \"log\": true}}"}
{"op_code": 5, "worker_id": "bf779ff0-2f78-45ec-ad88-a454df95b651-139754784876352", "trial_id": 10, "param_name": "random_seed", "param_value_internal": 0, "distribution": "{\"name\": \"CategoricalDistribution\", \"attributes\": {\"choices\": [42]}}"}
{"op_code": 5, "worker_id": "bf779ff0-2f78-45ec-ad88-a454df95b651-139754784876352", "trial_id": 10, "param_name": "degree", "param_value_internal": 0, "distribution": "{\"name\": \"CategoricalDistribution\", \"attributes\": {\"choices\": [0]}}"}
{"op_code": 8, "worker_id": "bf779ff0-2f78-45ec-ad88-a454df95b651-139754784876352", "trial_id": 10, "user_attr": {"best_epoch": 1}}
{"op_code": 8, "worker_id": "bf779ff0-2f78-45ec-ad88-a454df95b651-139754784876352", "trial_id": 10, "user_attr": {"test_loss": 0.44497539445371004}}
{"op_code": 6, "worker_id": "bf779ff0-2f78-45ec-ad88-a454df95b651-139754784876352", "trial_id": 10, "state": 1, "values": [0.44486491093125125], "datetime_complete": "2024-08-21T13:16:31.853647"}
{"op_code": 4, "worker_id": "bf779ff0-2f78-45ec-ad88-a454df95b651-139754784876352", "study_id": 0, "datetime_start": "2024-08-21T13:16:31.863947"}
{"op_code": 5, "worker_id": "bf779ff0-2f78-45ec-ad88-a454df95b651-139754784876352", "trial_id": 11, "param_name": "lr", "param_value_internal": 0.00015320252245209042, "distribution": "{\"name\": \"FloatDistribution\", \"attributes\": {\"step\": null, \"low\": 1e-05, \"high\": 0.001, \"log\": true}}"}
{"op_code": 5, "worker_id": "bf779ff0-2f78-45ec-ad88-a454df95b651-139754784876352", "trial_id": 11, "param_name": "l2reg", "param_value_internal": 4.011123221868182e-05, "distribution": "{\"name\": \"FloatDistribution\", \"attributes\": {\"step\": null, \"low\": 1e-08, \"high\": 0.001, \"log\": true}}"}
{"op_code": 5, "worker_id": "bf779ff0-2f78-45ec-ad88-a454df95b651-139754784876352", "trial_id": 11, "param_name": "random_seed", "param_value_internal": 0, "distribution": "{\"name\": \"CategoricalDistribution\", \"attributes\": {\"choices\": [42]}}"}
{"op_code": 5, "worker_id": "bf779ff0-2f78-45ec-ad88-a454df95b651-139754784876352", "trial_id": 11, "param_name": "degree", "param_value_internal": 0, "distribution": "{\"name\": \"CategoricalDistribution\", \"attributes\": {\"choices\": [0]}}"}
{"op_code": 8, "worker_id": "bf779ff0-2f78-45ec-ad88-a454df95b651-139754784876352", "trial_id": 11, "user_attr": {"best_epoch": 1}}
{"op_code": 8, "worker_id": "bf779ff0-2f78-45ec-ad88-a454df95b651-139754784876352", "trial_id": 11, "user_attr": {"test_loss": 0.4447660822455546}}
{"op_code": 6, "worker_id": "bf779ff0-2f78-45ec-ad88-a454df95b651-139754784876352", "trial_id": 11, "state": 1, "values": [0.44465203568363604], "datetime_complete": "2024-08-21T13:35:30.744889"}
{"op_code": 4, "worker_id": "bf779ff0-2f78-45ec-ad88-a454df95b651-139754784876352", "study_id": 0, "datetime_start": "2024-08-21T13:35:30.753442"}
{"op_code": 5, "worker_id": "bf779ff0-2f78-45ec-ad88-a454df95b651-139754784876352", "trial_id": 12, "param_name": "lr", "param_value_internal": 0.0001458251474269136, "distribution": "{\"name\": \"FloatDistribution\", \"attributes\": {\"step\": null, \"low\": 1e-05, \"high\": 0.001, \"log\": true}}"}
{"op_code": 5, "worker_id": "bf779ff0-2f78-45ec-ad88-a454df95b651-139754784876352", "trial_id": 12, "param_name": "l2reg", "param_value_internal": 4.634380861758262e-05, "distribution": "{\"name\": \"FloatDistribution\", \"attributes\": {\"step\": null, \"low\": 1e-08, \"high\": 0.001, \"log\": true}}"}
{"op_code": 5, "worker_id": "bf779ff0-2f78-45ec-ad88-a454df95b651-139754784876352", "trial_id": 12, "param_name": "random_seed", "param_value_internal": 0, "distribution": "{\"name\": \"CategoricalDistribution\", \"attributes\": {\"choices\": [42]}}"}
{"op_code": 5, "worker_id": "bf779ff0-2f78-45ec-ad88-a454df95b651-139754784876352", "trial_id": 12, "param_name": "degree", "param_value_internal": 0, "distribution": "{\"name\": \"CategoricalDistribution\", \"attributes\": {\"choices\": [0]}}"}
{"op_code": 8, "worker_id": "bf779ff0-2f78-45ec-ad88-a454df95b651-139754784876352", "trial_id": 12, "user_attr": {"best_epoch": 1}}
{"op_code": 8, "worker_id": "bf779ff0-2f78-45ec-ad88-a454df95b651-139754784876352", "trial_id": 12, "user_attr": {"test_loss": 0.44475957418836165}}
{"op_code": 6, "worker_id": "bf779ff0-2f78-45ec-ad88-a454df95b651-139754784876352", "trial_id": 12, "state": 1, "values": [0.44464538219596506], "datetime_complete": "2024-08-21T13:54:28.398965"}
{"op_code": 4, "worker_id": "bf779ff0-2f78-45ec-ad88-a454df95b651-139754784876352", "study_id": 0, "datetime_start": "2024-08-21T13:54:28.407530"}
{"op_code": 5, "worker_id": "bf779ff0-2f78-45ec-ad88-a454df95b651-139754784876352", "trial_id": 13, "param_name": "lr", "param_value_internal": 0.0007215064248475351, "distribution": "{\"name\": \"FloatDistribution\", \"attributes\": {\"step\": null, \"low\": 1e-05, \"high\": 0.001, \"log\": true}}"}
{"op_code": 5, "worker_id": "bf779ff0-2f78-45ec-ad88-a454df95b651-139754784876352", "trial_id": 13, "param_name": "l2reg", "param_value_internal": 8.51404885716151e-07, "distribution": "{\"name\": \"FloatDistribution\", \"attributes\": {\"step\": null, \"low\": 1e-08, \"high\": 0.001, \"log\": true}}"}
{"op_code": 5, "worker_id": "bf779ff0-2f78-45ec-ad88-a454df95b651-139754784876352", "trial_id": 13, "param_name": "random_seed", "param_value_internal": 0, "distribution": "{\"name\": \"CategoricalDistribution\", \"attributes\": {\"choices\": [42]}}"}
{"op_code": 5, "worker_id": "bf779ff0-2f78-45ec-ad88-a454df95b651-139754784876352", "trial_id": 13, "param_name": "degree", "param_value_internal": 0, "distribution": "{\"name\": \"CategoricalDistribution\", \"attributes\": {\"choices\": [0]}}"}
{"op_code": 8, "worker_id": "bf779ff0-2f78-45ec-ad88-a454df95b651-139754784876352", "trial_id": 13, "user_attr": {"best_epoch": 0}}
{"op_code": 8, "worker_id": "bf779ff0-2f78-45ec-ad88-a454df95b651-139754784876352", "trial_id": 13, "user_attr": {"test_loss": 0.4453918010404747}}
{"op_code": 6, "worker_id": "bf779ff0-2f78-45ec-ad88-a454df95b651-139754784876352", "trial_id": 13, "state": 1, "values": [0.44532160196204446], "datetime_complete": "2024-08-21T14:09:58.040032"}
{"op_code": 4, "worker_id": "bf779ff0-2f78-45ec-ad88-a454df95b651-139754784876352", "study_id": 0, "datetime_start": "2024-08-21T14:09:58.048701"}
{"op_code": 5, "worker_id": "bf779ff0-2f78-45ec-ad88-a454df95b651-139754784876352", "trial_id": 14, "param_name": "lr", "param_value_internal": 0.00012448484478535553, "distribution": "{\"name\": \"FloatDistribution\", \"attributes\": {\"step\": null, \"low\": 1e-05, \"high\": 0.001, \"log\": true}}"}
{"op_code": 5, "worker_id": "bf779ff0-2f78-45ec-ad88-a454df95b651-139754784876352", "trial_id": 14, "param_name": "l2reg", "param_value_internal": 1.163814228102759e-08, "distribution": "{\"name\": \"FloatDistribution\", \"attributes\": {\"step\": null, \"low\": 1e-08, \"high\": 0.001, \"log\": true}}"}
{"op_code": 5, "worker_id": "bf779ff0-2f78-45ec-ad88-a454df95b651-139754784876352", "trial_id": 14, "param_name": "random_seed", "param_value_internal": 0, "distribution": "{\"name\": \"CategoricalDistribution\", \"attributes\": {\"choices\": [42]}}"}
{"op_code": 5, "worker_id": "bf779ff0-2f78-45ec-ad88-a454df95b651-139754784876352", "trial_id": 14, "param_name": "degree", "param_value_internal": 0, "distribution": "{\"name\": \"CategoricalDistribution\", \"attributes\": {\"choices\": [0]}}"}
{"op_code": 8, "worker_id": "bf779ff0-2f78-45ec-ad88-a454df95b651-139754784876352", "trial_id": 14, "user_attr": {"best_epoch": 1}}
{"op_code": 8, "worker_id": "bf779ff0-2f78-45ec-ad88-a454df95b651-139754784876352", "trial_id": 14, "user_attr": {"test_loss": 0.444891698656737}}
{"op_code": 6, "worker_id": "bf779ff0-2f78-45ec-ad88-a454df95b651-139754784876352", "trial_id": 14, "state": 1, "values": [0.44477597961516807], "datetime_complete": "2024-08-21T14:28:57.642706"}
{"op_code": 4, "worker_id": "bf779ff0-2f78-45ec-ad88-a454df95b651-139754784876352", "study_id": 0, "datetime_start": "2024-08-21T14:28:57.651337"}
{"op_code": 5, "worker_id": "bf779ff0-2f78-45ec-ad88-a454df95b651-139754784876352", "trial_id": 15, "param_name": "lr", "param_value_internal": 0.0002733762389478881, "distribution": "{\"name\": \"FloatDistribution\", \"attributes\": {\"step\": null, \"low\": 1e-05, \"high\": 0.001, \"log\": true}}"}
{"op_code": 5, "worker_id": "bf779ff0-2f78-45ec-ad88-a454df95b651-139754784876352", "trial_id": 15, "param_name": "l2reg", "param_value_internal": 7.561219687267911e-05, "distribution": "{\"name\": \"FloatDistribution\", \"attributes\": {\"step\": null, \"low\": 1e-08, \"high\": 0.001, \"log\": true}}"}
{"op_code": 5, "worker_id": "bf779ff0-2f78-45ec-ad88-a454df95b651-139754784876352", "trial_id": 15, "param_name": "random_seed", "param_value_internal": 0, "distribution": "{\"name\": \"CategoricalDistribution\", \"attributes\": {\"choices\": [42]}}"}
{"op_code": 5, "worker_id": "bf779ff0-2f78-45ec-ad88-a454df95b651-139754784876352", "trial_id": 15, "param_name": "degree", "param_value_internal": 0, "distribution": "{\"name\": \"CategoricalDistribution\", \"attributes\": {\"choices\": [0]}}"}
{"op_code": 8, "worker_id": "bf779ff0-2f78-45ec-ad88-a454df95b651-139754784876352", "trial_id": 15, "user_attr": {"best_epoch": 0}}
{"op_code": 8, "worker_id": "bf779ff0-2f78-45ec-ad88-a454df95b651-139754784876352", "trial_id": 15, "user_attr": {"test_loss": 0.44546513484694505}}
{"op_code": 6, "worker_id": "bf779ff0-2f78-45ec-ad88-a454df95b651-139754784876352", "trial_id": 15, "state": 1, "values": [0.44533559973665277], "datetime_complete": "2024-08-21T14:44:22.177314"}
{"op_code": 4, "worker_id": "bf779ff0-2f78-45ec-ad88-a454df95b651-139754784876352", "study_id": 0, "datetime_start": "2024-08-21T14:44:22.273441"}
{"op_code": 5, "worker_id": "bf779ff0-2f78-45ec-ad88-a454df95b651-139754784876352", "trial_id": 16, "param_name": "lr", "param_value_internal": 9.865355711626425e-05, "distribution": "{\"name\": \"FloatDistribution\", \"attributes\": {\"step\": null, \"low\": 1e-05, \"high\": 0.001, \"log\": true}}"}
{"op_code": 5, "worker_id": "bf779ff0-2f78-45ec-ad88-a454df95b651-139754784876352", "trial_id": 16, "param_name": "l2reg", "param_value_internal": 1.0788386058544978e-05, "distribution": "{\"name\": \"FloatDistribution\", \"attributes\": {\"step\": null, \"low\": 1e-08, \"high\": 0.001, \"log\": true}}"}
{"op_code": 5, "worker_id": "bf779ff0-2f78-45ec-ad88-a454df95b651-139754784876352", "trial_id": 16, "param_name": "random_seed", "param_value_internal": 0, "distribution": "{\"name\": \"CategoricalDistribution\", \"attributes\": {\"choices\": [42]}}"}
{"op_code": 5, "worker_id": "bf779ff0-2f78-45ec-ad88-a454df95b651-139754784876352", "trial_id": 16, "param_name": "degree", "param_value_internal": 0, "distribution": "{\"name\": \"CategoricalDistribution\", \"attributes\": {\"choices\": [0]}}"}
{"op_code": 8, "worker_id": "bf779ff0-2f78-45ec-ad88-a454df95b651-139754784876352", "trial_id": 16, "user_attr": {"best_epoch": 2}}
{"op_code": 8, "worker_id": "bf779ff0-2f78-45ec-ad88-a454df95b651-139754784876352", "trial_id": 16, "user_attr": {"test_loss": 0.44536173308908605}}
{"op_code": 6, "worker_id": "bf779ff0-2f78-45ec-ad88-a454df95b651-139754784876352", "trial_id": 16, "state": 1, "values": [0.44530978565880364], "datetime_complete": "2024-08-21T15:06:56.096232"}
{"op_code": 4, "worker_id": "bf779ff0-2f78-45ec-ad88-a454df95b651-139754784876352", "study_id": 0, "datetime_start": "2024-08-21T15:06:56.104672"}
{"op_code": 5, "worker_id": "bf779ff0-2f78-45ec-ad88-a454df95b651-139754784876352", "trial_id": 17, "param_name": "lr", "param_value_internal": 0.0009084876849999085, "distribution": "{\"name\": \"FloatDistribution\", \"attributes\": {\"step\": null, \"low\": 1e-05, \"high\": 0.001, \"log\": true}}"}
{"op_code": 5, "worker_id": "bf779ff0-2f78-45ec-ad88-a454df95b651-139754784876352", "trial_id": 17, "param_name": "l2reg", "param_value_internal": 0.00012808944435729837, "distribution": "{\"name\": \"FloatDistribution\", \"attributes\": {\"step\": null, \"low\": 1e-08, \"high\": 0.001, \"log\": true}}"}
{"op_code": 5, "worker_id": "bf779ff0-2f78-45ec-ad88-a454df95b651-139754784876352", "trial_id": 17, "param_name": "random_seed", "param_value_internal": 0, "distribution": "{\"name\": \"CategoricalDistribution\", \"attributes\": {\"choices\": [42]}}"}
{"op_code": 5, "worker_id": "bf779ff0-2f78-45ec-ad88-a454df95b651-139754784876352", "trial_id": 17, "param_name": "degree", "param_value_internal": 0, "distribution": "{\"name\": \"CategoricalDistribution\", \"attributes\": {\"choices\": [0]}}"}
{"op_code": 8, "worker_id": "bf779ff0-2f78-45ec-ad88-a454df95b651-139754784876352", "trial_id": 17, "user_attr": {"best_epoch": 0}}
{"op_code": 8, "worker_id": "bf779ff0-2f78-45ec-ad88-a454df95b651-139754784876352", "trial_id": 17, "user_attr": {"test_loss": 0.445592823656228}}
{"op_code": 6, "worker_id": "bf779ff0-2f78-45ec-ad88-a454df95b651-139754784876352", "trial_id": 17, "state": 1, "values": [0.4455327683904217], "datetime_complete": "2024-08-21T15:22:22.806812"}
{"op_code": 4, "worker_id": "bf779ff0-2f78-45ec-ad88-a454df95b651-139754784876352", "study_id": 0, "datetime_start": "2024-08-21T15:22:22.816753"}
{"op_code": 5, "worker_id": "bf779ff0-2f78-45ec-ad88-a454df95b651-139754784876352", "trial_id": 18, "param_name": "lr", "param_value_internal": 0.0002705332129751736, "distribution": "{\"name\": \"FloatDistribution\", \"attributes\": {\"step\": null, \"low\": 1e-05, \"high\": 0.001, \"log\": true}}"}
{"op_code": 5, "worker_id": "bf779ff0-2f78-45ec-ad88-a454df95b651-139754784876352", "trial_id": 18, "param_name": "l2reg", "param_value_internal": 2.1896150220570466e-06, "distribution": "{\"name\": \"FloatDistribution\", \"attributes\": {\"step\": null, \"low\": 1e-08, \"high\": 0.001, \"log\": true}}"}
{"op_code": 5, "worker_id": "bf779ff0-2f78-45ec-ad88-a454df95b651-139754784876352", "trial_id": 18, "param_name": "random_seed", "param_value_internal": 0, "distribution": "{\"name\": \"CategoricalDistribution\", \"attributes\": {\"choices\": [42]}}"}
{"op_code": 5, "worker_id": "bf779ff0-2f78-45ec-ad88-a454df95b651-139754784876352", "trial_id": 18, "param_name": "degree", "param_value_internal": 0, "distribution": "{\"name\": \"CategoricalDistribution\", \"attributes\": {\"choices\": [0]}}"}
{"op_code": 8, "worker_id": "bf779ff0-2f78-45ec-ad88-a454df95b651-139754784876352", "trial_id": 18, "user_attr": {"best_epoch": 0}}
{"op_code": 8, "worker_id": "bf779ff0-2f78-45ec-ad88-a454df95b651-139754784876352", "trial_id": 18, "user_attr": {"test_loss": 0.4454756422688934}}
{"op_code": 6, "worker_id": "bf779ff0-2f78-45ec-ad88-a454df95b651-139754784876352", "trial_id": 18, "state": 1, "values": [0.44534596172564855], "datetime_complete": "2024-08-21T15:37:51.229924"}
{"op_code": 4, "worker_id": "bf779ff0-2f78-45ec-ad88-a454df95b651-139754784876352", "study_id": 0, "datetime_start": "2024-08-21T15:37:51.246659"}
{"op_code": 5, "worker_id": "bf779ff0-2f78-45ec-ad88-a454df95b651-139754784876352", "trial_id": 19, "param_name": "lr", "param_value_internal": 0.0004931414296689415, "distribution": "{\"name\": \"FloatDistribution\", \"attributes\": {\"step\": null, \"low\": 1e-05, \"high\": 0.001, \"log\": true}}"}
{"op_code": 5, "worker_id": "bf779ff0-2f78-45ec-ad88-a454df95b651-139754784876352", "trial_id": 19, "param_name": "l2reg", "param_value_internal": 1.695439134883415e-05, "distribution": "{\"name\": \"FloatDistribution\", \"attributes\": {\"step\": null, \"low\": 1e-08, \"high\": 0.001, \"log\": true}}"}
{"op_code": 5, "worker_id": "bf779ff0-2f78-45ec-ad88-a454df95b651-139754784876352", "trial_id": 19, "param_name": "random_seed", "param_value_internal": 0, "distribution": "{\"name\": \"CategoricalDistribution\", \"attributes\": {\"choices\": [42]}}"}
{"op_code": 5, "worker_id": "bf779ff0-2f78-45ec-ad88-a454df95b651-139754784876352", "trial_id": 19, "param_name": "degree", "param_value_internal": 0, "distribution": "{\"name\": \"CategoricalDistribution\", \"attributes\": {\"choices\": [0]}}"}
{"op_code": 8, "worker_id": "bf779ff0-2f78-45ec-ad88-a454df95b651-139754784876352", "trial_id": 19, "user_attr": {"best_epoch": 0}}
{"op_code": 8, "worker_id": "bf779ff0-2f78-45ec-ad88-a454df95b651-139754784876352", "trial_id": 19, "user_attr": {"test_loss": 0.4452903262492707}}
{"op_code": 6, "worker_id": "bf779ff0-2f78-45ec-ad88-a454df95b651-139754784876352", "trial_id": 19, "state": 1, "values": [0.44517980632315474], "datetime_complete": "2024-08-21T15:53:21.910964"}
{"op_code": 4, "worker_id": "bf779ff0-2f78-45ec-ad88-a454df95b651-139754784876352", "study_id": 0, "datetime_start": "2024-08-21T15:53:21.922417"}
{"op_code": 5, "worker_id": "bf779ff0-2f78-45ec-ad88-a454df95b651-139754784876352", "trial_id": 20, "param_name": "lr", "param_value_internal": 4.3579555677842685e-05, "distribution": "{\"name\": \"FloatDistribution\", \"attributes\": {\"step\": null, \"low\": 1e-05, \"high\": 0.001, \"log\": true}}"}
{"op_code": 5, "worker_id": "bf779ff0-2f78-45ec-ad88-a454df95b651-139754784876352", "trial_id": 20, "param_name": "l2reg", "param_value_internal": 0.0002494279464885976, "distribution": "{\"name\": \"FloatDistribution\", \"attributes\": {\"step\": null, \"low\": 1e-08, \"high\": 0.001, \"log\": true}}"}
{"op_code": 5, "worker_id": "bf779ff0-2f78-45ec-ad88-a454df95b651-139754784876352", "trial_id": 20, "param_name": "random_seed", "param_value_internal": 0, "distribution": "{\"name\": \"CategoricalDistribution\", \"attributes\": {\"choices\": [42]}}"}
{"op_code": 5, "worker_id": "bf779ff0-2f78-45ec-ad88-a454df95b651-139754784876352", "trial_id": 20, "param_name": "degree", "param_value_internal": 0, "distribution": "{\"name\": \"CategoricalDistribution\", \"attributes\": {\"choices\": [0]}}"}
{"op_code": 8, "worker_id": "bf779ff0-2f78-45ec-ad88-a454df95b651-139754784876352", "trial_id": 20, "user_attr": {"best_epoch": 5}}
{"op_code": 8, "worker_id": "bf779ff0-2f78-45ec-ad88-a454df95b651-139754784876352", "trial_id": 20, "user_attr": {"test_loss": 0.44568393645692933}}
{"op_code": 6, "worker_id": "bf779ff0-2f78-45ec-ad88-a454df95b651-139754784876352", "trial_id": 20, "state": 1, "values": [0.4456103560553937], "datetime_complete": "2024-08-21T16:26:22.065119"}
{"op_code": 4, "worker_id": "bf779ff0-2f78-45ec-ad88-a454df95b651-139754784876352", "study_id": 0, "datetime_start": "2024-08-21T16:26:22.073671"}
{"op_code": 5, "worker_id": "bf779ff0-2f78-45ec-ad88-a454df95b651-139754784876352", "trial_id": 21, "param_name": "lr", "param_value_internal": 0.00015417809361612488, "distribution": "{\"name\": \"FloatDistribution\", \"attributes\": {\"step\": null, \"low\": 1e-05, \"high\": 0.001, \"log\": true}}"}
{"op_code": 5, "worker_id": "bf779ff0-2f78-45ec-ad88-a454df95b651-139754784876352", "trial_id": 21, "param_name": "l2reg", "param_value_internal": 3.923746312241624e-05, "distribution": "{\"name\": \"FloatDistribution\", \"attributes\": {\"step\": null, \"low\": 1e-08, \"high\": 0.001, \"log\": true}}"}
{"op_code": 5, "worker_id": "bf779ff0-2f78-45ec-ad88-a454df95b651-139754784876352", "trial_id": 21, "param_name": "random_seed", "param_value_internal": 0, "distribution": "{\"name\": \"CategoricalDistribution\", \"attributes\": {\"choices\": [42]}}"}
{"op_code": 5, "worker_id": "bf779ff0-2f78-45ec-ad88-a454df95b651-139754784876352", "trial_id": 21, "param_name": "degree", "param_value_internal": 0, "distribution": "{\"name\": \"CategoricalDistribution\", \"attributes\": {\"choices\": [0]}}"}
{"op_code": 8, "worker_id": "bf779ff0-2f78-45ec-ad88-a454df95b651-139754784876352", "trial_id": 21, "user_attr": {"best_epoch": 1}}
{"op_code": 8, "worker_id": "bf779ff0-2f78-45ec-ad88-a454df95b651-139754784876352", "trial_id": 21, "user_attr": {"test_loss": 0.4447680455700709}}
{"op_code": 6, "worker_id": "bf779ff0-2f78-45ec-ad88-a454df95b651-139754784876352", "trial_id": 21, "state": 1, "values": [0.4446546898071332], "datetime_complete": "2024-08-21T16:45:22.212002"}
{"op_code": 4, "worker_id": "bf779ff0-2f78-45ec-ad88-a454df95b651-139754784876352", "study_id": 0, "datetime_start": "2024-08-21T16:45:22.224575"}
{"op_code": 5, "worker_id": "bf779ff0-2f78-45ec-ad88-a454df95b651-139754784876352", "trial_id": 22, "param_name": "lr", "param_value_internal": 9.345649089114622e-05, "distribution": "{\"name\": \"FloatDistribution\", \"attributes\": {\"step\": null, \"low\": 1e-05, \"high\": 0.001, \"log\": true}}"}
{"op_code": 5, "worker_id": "bf779ff0-2f78-45ec-ad88-a454df95b651-139754784876352", "trial_id": 22, "param_name": "l2reg", "param_value_internal": 5.836089858642801e-05, "distribution": "{\"name\": \"FloatDistribution\", \"attributes\": {\"step\": null, \"low\": 1e-08, \"high\": 0.001, \"log\": true}}"}
{"op_code": 5, "worker_id": "bf779ff0-2f78-45ec-ad88-a454df95b651-139754784876352", "trial_id": 22, "param_name": "random_seed", "param_value_internal": 0, "distribution": "{\"name\": \"CategoricalDistribution\", \"attributes\": {\"choices\": [42]}}"}
{"op_code": 5, "worker_id": "bf779ff0-2f78-45ec-ad88-a454df95b651-139754784876352", "trial_id": 22, "param_name": "degree", "param_value_internal": 0, "distribution": "{\"name\": \"CategoricalDistribution\", \"attributes\": {\"choices\": [0]}}"}
{"op_code": 8, "worker_id": "bf779ff0-2f78-45ec-ad88-a454df95b651-139754784876352", "trial_id": 22, "user_attr": {"best_epoch": 2}}
{"op_code": 8, "worker_id": "bf779ff0-2f78-45ec-ad88-a454df95b651-139754784876352", "trial_id": 22, "user_attr": {"test_loss": 0.44528723583105057}}
{"op_code": 6, "worker_id": "bf779ff0-2f78-45ec-ad88-a454df95b651-139754784876352", "trial_id": 22, "state": 1, "values": [0.44523634278943], "datetime_complete": "2024-08-21T17:07:55.249845"}
{"op_code": 4, "worker_id": "bf779ff0-2f78-45ec-ad88-a454df95b651-139754784876352", "study_id": 0, "datetime_start": "2024-08-21T17:07:55.260390"}
{"op_code": 5, "worker_id": "bf779ff0-2f78-45ec-ad88-a454df95b651-139754784876352", "trial_id": 23, "param_name": "lr", "param_value_internal": 0.00017559913981942318, "distribution": "{\"name\": \"FloatDistribution\", \"attributes\": {\"step\": null, \"low\": 1e-05, \"high\": 0.001, \"log\": true}}"}
{"op_code": 5, "worker_id": "bf779ff0-2f78-45ec-ad88-a454df95b651-139754784876352", "trial_id": 23, "param_name": "l2reg", "param_value_internal": 3.5697338776264713e-06, "distribution": "{\"name\": \"FloatDistribution\", \"attributes\": {\"step\": null, \"low\": 1e-08, \"high\": 0.001, \"log\": true}}"}
{"op_code": 5, "worker_id": "bf779ff0-2f78-45ec-ad88-a454df95b651-139754784876352", "trial_id": 23, "param_name": "random_seed", "param_value_internal": 0, "distribution": "{\"name\": \"CategoricalDistribution\", \"attributes\": {\"choices\": [42]}}"}
{"op_code": 5, "worker_id": "bf779ff0-2f78-45ec-ad88-a454df95b651-139754784876352", "trial_id": 23, "param_name": "degree", "param_value_internal": 0, "distribution": "{\"name\": \"CategoricalDistribution\", \"attributes\": {\"choices\": [0]}}"}
{"op_code": 8, "worker_id": "bf779ff0-2f78-45ec-ad88-a454df95b651-139754784876352", "trial_id": 23, "user_attr": {"best_epoch": 1}}
{"op_code": 8, "worker_id": "bf779ff0-2f78-45ec-ad88-a454df95b651-139754784876352", "trial_id": 23, "user_attr": {"test_loss": 0.4448919531617669}}
{"op_code": 6, "worker_id": "bf779ff0-2f78-45ec-ad88-a454df95b651-139754784876352", "trial_id": 23, "state": 1, "values": [0.44477950632721225], "datetime_complete": "2024-08-21T17:26:47.904953"}
{"op_code": 4, "worker_id": "bf779ff0-2f78-45ec-ad88-a454df95b651-139754784876352", "study_id": 0, "datetime_start": "2024-08-21T17:26:47.913614"}
{"op_code": 5, "worker_id": "bf779ff0-2f78-45ec-ad88-a454df95b651-139754784876352", "trial_id": 24, "param_name": "lr", "param_value_internal": 0.00013493154309189814, "distribution": "{\"name\": \"FloatDistribution\", \"attributes\": {\"step\": null, \"low\": 1e-05, \"high\": 0.001, \"log\": true}}"}
{"op_code": 5, "worker_id": "bf779ff0-2f78-45ec-ad88-a454df95b651-139754784876352", "trial_id": 24, "param_name": "l2reg", "param_value_internal": 2.0150165915947382e-05, "distribution": "{\"name\": \"FloatDistribution\", \"attributes\": {\"step\": null, \"low\": 1e-08, \"high\": 0.001, \"log\": true}}"}
{"op_code": 5, "worker_id": "bf779ff0-2f78-45ec-ad88-a454df95b651-139754784876352", "trial_id": 24, "param_name": "random_seed", "param_value_internal": 0, "distribution": "{\"name\": \"CategoricalDistribution\", \"attributes\": {\"choices\": [42]}}"}
{"op_code": 5, "worker_id": "bf779ff0-2f78-45ec-ad88-a454df95b651-139754784876352", "trial_id": 24, "param_name": "degree", "param_value_internal": 0, "distribution": "{\"name\": \"CategoricalDistribution\", \"attributes\": {\"choices\": [0]}}"}
{"op_code": 8, "worker_id": "bf779ff0-2f78-45ec-ad88-a454df95b651-139754784876352", "trial_id": 24, "user_attr": {"best_epoch": 1}}
{"op_code": 8, "worker_id": "bf779ff0-2f78-45ec-ad88-a454df95b651-139754784876352", "trial_id": 24, "user_attr": {"test_loss": 0.4447942595881498}}
{"op_code": 6, "worker_id": "bf779ff0-2f78-45ec-ad88-a454df95b651-139754784876352", "trial_id": 24, "state": 1, "values": [0.4446788677814567], "datetime_complete": "2024-08-21T17:45:48.811275"}
{"op_code": 4, "worker_id": "bf779ff0-2f78-45ec-ad88-a454df95b651-139754784876352", "study_id": 0, "datetime_start": "2024-08-21T17:45:48.824231"}
{"op_code": 5, "worker_id": "bf779ff0-2f78-45ec-ad88-a454df95b651-139754784876352", "trial_id": 25, "param_name": "lr", "param_value_internal": 0.00022203583274197042, "distribution": "{\"name\": \"FloatDistribution\", \"attributes\": {\"step\": null, \"low\": 1e-05, \"high\": 0.001, \"log\": true}}"}
{"op_code": 5, "worker_id": "bf779ff0-2f78-45ec-ad88-a454df95b651-139754784876352", "trial_id": 25, "param_name": "l2reg", "param_value_internal": 0.00018988221751931422, "distribution": "{\"name\": \"FloatDistribution\", \"attributes\": {\"step\": null, \"low\": 1e-08, \"high\": 0.001, \"log\": true}}"}
{"op_code": 5, "worker_id": "bf779ff0-2f78-45ec-ad88-a454df95b651-139754784876352", "trial_id": 25, "param_name": "random_seed", "param_value_internal": 0, "distribution": "{\"name\": \"CategoricalDistribution\", \"attributes\": {\"choices\": [42]}}"}
{"op_code": 5, "worker_id": "bf779ff0-2f78-45ec-ad88-a454df95b651-139754784876352", "trial_id": 25, "param_name": "degree", "param_value_internal": 0, "distribution": "{\"name\": \"CategoricalDistribution\", \"attributes\": {\"choices\": [0]}}"}
{"op_code": 8, "worker_id": "bf779ff0-2f78-45ec-ad88-a454df95b651-139754784876352", "trial_id": 25, "user_attr": {"best_epoch": 1}}
{"op_code": 8, "worker_id": "bf779ff0-2f78-45ec-ad88-a454df95b651-139754784876352", "trial_id": 25, "user_attr": {"test_loss": 0.4453955822580617}}
{"op_code": 6, "worker_id": "bf779ff0-2f78-45ec-ad88-a454df95b651-139754784876352", "trial_id": 25, "state": 1, "values": [0.44529320647641035], "datetime_complete": "2024-08-21T18:04:46.329595"}
{"op_code": 4, "worker_id": "bf779ff0-2f78-45ec-ad88-a454df95b651-139754784876352", "study_id": 0, "datetime_start": "2024-08-21T18:04:46.338351"}
{"op_code": 5, "worker_id": "bf779ff0-2f78-45ec-ad88-a454df95b651-139754784876352", "trial_id": 26, "param_name": "lr", "param_value_internal": 0.0003923307133541219, "distribution": "{\"name\": \"FloatDistribution\", \"attributes\": {\"step\": null, \"low\": 1e-05, \"high\": 0.001, \"log\": true}}"}
{"op_code": 5, "worker_id": "bf779ff0-2f78-45ec-ad88-a454df95b651-139754784876352", "trial_id": 26, "param_name": "l2reg", "param_value_internal": 1.0202131259001712e-06, "distribution": "{\"name\": \"FloatDistribution\", \"attributes\": {\"step\": null, \"low\": 1e-08, \"high\": 0.001, \"log\": true}}"}
{"op_code": 5, "worker_id": "bf779ff0-2f78-45ec-ad88-a454df95b651-139754784876352", "trial_id": 26, "param_name": "random_seed", "param_value_internal": 0, "distribution": "{\"name\": \"CategoricalDistribution\", \"attributes\": {\"choices\": [42]}}"}
{"op_code": 5, "worker_id": "bf779ff0-2f78-45ec-ad88-a454df95b651-139754784876352", "trial_id": 26, "param_name": "degree", "param_value_internal": 0, "distribution": "{\"name\": \"CategoricalDistribution\", \"attributes\": {\"choices\": [0]}}"}
{"op_code": 8, "worker_id": "bf779ff0-2f78-45ec-ad88-a454df95b651-139754784876352", "trial_id": 26, "user_attr": {"best_epoch": 0}}
{"op_code": 8, "worker_id": "bf779ff0-2f78-45ec-ad88-a454df95b651-139754784876352", "trial_id": 26, "user_attr": {"test_loss": 0.44531315898623813}}
{"op_code": 6, "worker_id": "bf779ff0-2f78-45ec-ad88-a454df95b651-139754784876352", "trial_id": 26, "state": 1, "values": [0.4451893320814596], "datetime_complete": "2024-08-21T18:20:18.512975"}
{"op_code": 4, "worker_id": "bf779ff0-2f78-45ec-ad88-a454df95b651-139754784876352", "study_id": 0, "datetime_start": "2024-08-21T18:20:18.522285"}
{"op_code": 5, "worker_id": "bf779ff0-2f78-45ec-ad88-a454df95b651-139754784876352", "trial_id": 27, "param_name": "lr", "param_value_internal": 7.225176547350268e-05, "distribution": "{\"name\": \"FloatDistribution\", \"attributes\": {\"step\": null, \"low\": 1e-05, \"high\": 0.001, \"log\": true}}"}
{"op_code": 5, "worker_id": "bf779ff0-2f78-45ec-ad88-a454df95b651-139754784876352", "trial_id": 27, "param_name": "l2reg", "param_value_internal": 6.770545041481762e-06, "distribution": "{\"name\": \"FloatDistribution\", \"attributes\": {\"step\": null, \"low\": 1e-08, \"high\": 0.001, \"log\": true}}"}
{"op_code": 5, "worker_id": "bf779ff0-2f78-45ec-ad88-a454df95b651-139754784876352", "trial_id": 27, "param_name": "random_seed", "param_value_internal": 0, "distribution": "{\"name\": \"CategoricalDistribution\", \"attributes\": {\"choices\": [42]}}"}
{"op_code": 5, "worker_id": "bf779ff0-2f78-45ec-ad88-a454df95b651-139754784876352", "trial_id": 27, "param_name": "degree", "param_value_internal": 0, "distribution": "{\"name\": \"CategoricalDistribution\", \"attributes\": {\"choices\": [0]}}"}
{"op_code": 8, "worker_id": "bf779ff0-2f78-45ec-ad88-a454df95b651-139754784876352", "trial_id": 27, "user_attr": {"best_epoch": 3}}
{"op_code": 8, "worker_id": "bf779ff0-2f78-45ec-ad88-a454df95b651-139754784876352", "trial_id": 27, "user_attr": {"test_loss": 0.44541510642964055}}
{"op_code": 6, "worker_id": "bf779ff0-2f78-45ec-ad88-a454df95b651-139754784876352", "trial_id": 27, "state": 1, "values": [0.4453360723887824], "datetime_complete": "2024-08-21T18:46:13.453552"}
{"op_code": 4, "worker_id": "bf779ff0-2f78-45ec-ad88-a454df95b651-139754784876352", "study_id": 0, "datetime_start": "2024-08-21T18:46:13.462530"}
{"op_code": 5, "worker_id": "bf779ff0-2f78-45ec-ad88-a454df95b651-139754784876352", "trial_id": 28, "param_name": "lr", "param_value_internal": 0.00011230288134827879, "distribution": "{\"name\": \"FloatDistribution\", \"attributes\": {\"step\": null, \"low\": 1e-05, \"high\": 0.001, \"log\": true}}"}
{"op_code": 5, "worker_id": "bf779ff0-2f78-45ec-ad88-a454df95b651-139754784876352", "trial_id": 28, "param_name": "l2reg", "param_value_internal": 8.362676617873525e-05, "distribution": "{\"name\": \"FloatDistribution\", \"attributes\": {\"step\": null, \"low\": 1e-08, \"high\": 0.001, \"log\": true}}"}
{"op_code": 5, "worker_id": "bf779ff0-2f78-45ec-ad88-a454df95b651-139754784876352", "trial_id": 28, "param_name": "random_seed", "param_value_internal": 0, "distribution": "{\"name\": \"CategoricalDistribution\", \"attributes\": {\"choices\": [42]}}"}
{"op_code": 5, "worker_id": "bf779ff0-2f78-45ec-ad88-a454df95b651-139754784876352", "trial_id": 28, "param_name": "degree", "param_value_internal": 0, "distribution": "{\"name\": \"CategoricalDistribution\", \"attributes\": {\"choices\": [0]}}"}
{"op_code": 8, "worker_id": "bf779ff0-2f78-45ec-ad88-a454df95b651-139754784876352", "trial_id": 28, "user_attr": {"best_epoch": 1}}
{"op_code": 8, "worker_id": "bf779ff0-2f78-45ec-ad88-a454df95b651-139754784876352", "trial_id": 28, "user_attr": {"test_loss": 0.4451067917648571}}
{"op_code": 6, "worker_id": "bf779ff0-2f78-45ec-ad88-a454df95b651-139754784876352", "trial_id": 28, "state": 1, "values": [0.4449924906483958], "datetime_complete": "2024-08-21T19:05:13.792625"}
{"op_code": 4, "worker_id": "bf779ff0-2f78-45ec-ad88-a454df95b651-139754784876352", "study_id": 0, "datetime_start": "2024-08-21T19:05:13.801007"}
{"op_code": 5, "worker_id": "bf779ff0-2f78-45ec-ad88-a454df95b651-139754784876352", "trial_id": 29, "param_name": "lr", "param_value_internal": 6.229282838561071e-05, "distribution": "{\"name\": \"FloatDistribution\", \"attributes\": {\"step\": null, \"low\": 1e-05, \"high\": 0.001, \"log\": true}}"}
{"op_code": 5, "worker_id": "bf779ff0-2f78-45ec-ad88-a454df95b651-139754784876352", "trial_id": 29, "param_name": "l2reg", "param_value_internal": 0.0009540429782146586, "distribution": "{\"name\": \"FloatDistribution\", \"attributes\": {\"step\": null, \"low\": 1e-08, \"high\": 0.001, \"log\": true}}"}
{"op_code": 5, "worker_id": "bf779ff0-2f78-45ec-ad88-a454df95b651-139754784876352", "trial_id": 29, "param_name": "random_seed", "param_value_internal": 0, "distribution": "{\"name\": \"CategoricalDistribution\", \"attributes\": {\"choices\": [42]}}"}
{"op_code": 5, "worker_id": "bf779ff0-2f78-45ec-ad88-a454df95b651-139754784876352", "trial_id": 29, "param_name": "degree", "param_value_internal": 0, "distribution": "{\"name\": \"CategoricalDistribution\", \"attributes\": {\"choices\": [0]}}"}
{"op_code": 8, "worker_id": "bf779ff0-2f78-45ec-ad88-a454df95b651-139754784876352", "trial_id": 29, "user_attr": {"best_epoch": 3}}
{"op_code": 8, "worker_id": "bf779ff0-2f78-45ec-ad88-a454df95b651-139754784876352", "trial_id": 29, "user_attr": {"test_loss": 0.44526229433812115}}
{"op_code": 6, "worker_id": "bf779ff0-2f78-45ec-ad88-a454df95b651-139754784876352", "trial_id": 29, "state": 1, "values": [0.4451796245338741], "datetime_complete": "2024-08-21T19:31:09.574940"}
{"op_code": 4, "worker_id": "bf779ff0-2f78-45ec-ad88-a454df95b651-139754784876352", "study_id": 0, "datetime_start": "2024-08-21T19:31:09.583671"}
{"op_code": 5, "worker_id": "bf779ff0-2f78-45ec-ad88-a454df95b651-139754784876352", "trial_id": 30, "param_name": "lr", "param_value_internal": 4.435624831498986e-05, "distribution": "{\"name\": \"FloatDistribution\", \"attributes\": {\"step\": null, \"low\": 1e-05, \"high\": 0.001, \"log\": true}}"}
{"op_code": 5, "worker_id": "bf779ff0-2f78-45ec-ad88-a454df95b651-139754784876352", "trial_id": 30, "param_name": "l2reg", "param_value_internal": 0.00039465176867896844, "distribution": "{\"name\": \"FloatDistribution\", \"attributes\": {\"step\": null, \"low\": 1e-08, \"high\": 0.001, \"log\": true}}"}
{"op_code": 5, "worker_id": "bf779ff0-2f78-45ec-ad88-a454df95b651-139754784876352", "trial_id": 30, "param_name": "random_seed", "param_value_internal": 0, "distribution": "{\"name\": \"CategoricalDistribution\", \"attributes\": {\"choices\": [42]}}"}
{"op_code": 5, "worker_id": "bf779ff0-2f78-45ec-ad88-a454df95b651-139754784876352", "trial_id": 30, "param_name": "degree", "param_value_internal": 0, "distribution": "{\"name\": \"CategoricalDistribution\", \"attributes\": {\"choices\": [0]}}"}
{"op_code": 8, "worker_id": "bf779ff0-2f78-45ec-ad88-a454df95b651-139754784876352", "trial_id": 30, "user_attr": {"best_epoch": 4}}
{"op_code": 8, "worker_id": "bf779ff0-2f78-45ec-ad88-a454df95b651-139754784876352", "trial_id": 30, "user_attr": {"test_loss": 0.44567488334943745}}
{"op_code": 6, "worker_id": "bf779ff0-2f78-45ec-ad88-a454df95b651-139754784876352", "trial_id": 30, "state": 1, "values": [0.4455953402608138], "datetime_complete": "2024-08-21T20:00:42.658396"}
{"op_code": 4, "worker_id": "bf779ff0-2f78-45ec-ad88-a454df95b651-139754784876352", "study_id": 0, "datetime_start": "2024-08-21T20:00:42.666805"}
{"op_code": 5, "worker_id": "bf779ff0-2f78-45ec-ad88-a454df95b651-139754784876352", "trial_id": 31, "param_name": "lr", "param_value_internal": 0.00015761829196766328, "distribution": "{\"name\": \"FloatDistribution\", \"attributes\": {\"step\": null, \"low\": 1e-05, \"high\": 0.001, \"log\": true}}"}
{"op_code": 5, "worker_id": "bf779ff0-2f78-45ec-ad88-a454df95b651-139754784876352", "trial_id": 31, "param_name": "l2reg", "param_value_internal": 3.9882198165608416e-05, "distribution": "{\"name\": \"FloatDistribution\", \"attributes\": {\"step\": null, \"low\": 1e-08, \"high\": 0.001, \"log\": true}}"}
{"op_code": 5, "worker_id": "bf779ff0-2f78-45ec-ad88-a454df95b651-139754784876352", "trial_id": 31, "param_name": "random_seed", "param_value_internal": 0, "distribution": "{\"name\": \"CategoricalDistribution\", \"attributes\": {\"choices\": [42]}}"}
{"op_code": 5, "worker_id": "bf779ff0-2f78-45ec-ad88-a454df95b651-139754784876352", "trial_id": 31, "param_name": "degree", "param_value_internal": 0, "distribution": "{\"name\": \"CategoricalDistribution\", \"attributes\": {\"choices\": [0]}}"}
{"op_code": 8, "worker_id": "bf779ff0-2f78-45ec-ad88-a454df95b651-139754784876352", "trial_id": 31, "user_attr": {"best_epoch": 1}}
{"op_code": 8, "worker_id": "bf779ff0-2f78-45ec-ad88-a454df95b651-139754784876352", "trial_id": 31, "user_attr": {"test_loss": 0.4447793528649704}}
{"op_code": 6, "worker_id": "bf779ff0-2f78-45ec-ad88-a454df95b651-139754784876352", "trial_id": 31, "state": 1, "values": [0.4446657789532515], "datetime_complete": "2024-08-21T20:19:33.304101"}
{"op_code": 4, "worker_id": "bf779ff0-2f78-45ec-ad88-a454df95b651-139754784876352", "study_id": 0, "datetime_start": "2024-08-21T20:19:33.312834"}
{"op_code": 5, "worker_id": "bf779ff0-2f78-45ec-ad88-a454df95b651-139754784876352", "trial_id": 32, "param_name": "lr", "param_value_internal": 0.0003416482031254812, "distribution": "{\"name\": \"FloatDistribution\", \"attributes\": {\"step\": null, \"low\": 1e-05, \"high\": 0.001, \"log\": true}}"}
{"op_code": 5, "worker_id": "bf779ff0-2f78-45ec-ad88-a454df95b651-139754784876352", "trial_id": 32, "param_name": "l2reg", "param_value_internal": 2.488009151435151e-05, "distribution": "{\"name\": \"FloatDistribution\", \"attributes\": {\"step\": null, \"low\": 1e-08, \"high\": 0.001, \"log\": true}}"}
{"op_code": 5, "worker_id": "bf779ff0-2f78-45ec-ad88-a454df95b651-139754784876352", "trial_id": 32, "param_name": "random_seed", "param_value_internal": 0, "distribution": "{\"name\": \"CategoricalDistribution\", \"attributes\": {\"choices\": [42]}}"}
{"op_code": 5, "worker_id": "bf779ff0-2f78-45ec-ad88-a454df95b651-139754784876352", "trial_id": 32, "param_name": "degree", "param_value_internal": 0, "distribution": "{\"name\": \"CategoricalDistribution\", \"attributes\": {\"choices\": [0]}}"}
{"op_code": 8, "worker_id": "bf779ff0-2f78-45ec-ad88-a454df95b651-139754784876352", "trial_id": 32, "user_attr": {"best_epoch": 0}}
{"op_code": 8, "worker_id": "bf779ff0-2f78-45ec-ad88-a454df95b651-139754784876352", "trial_id": 32, "user_attr": {"test_loss": 0.44534319057976535}}
{"op_code": 6, "worker_id": "bf779ff0-2f78-45ec-ad88-a454df95b651-139754784876352", "trial_id": 32, "state": 1, "values": [0.4452164186842732], "datetime_complete": "2024-08-21T20:35:01.071218"}
{"op_code": 4, "worker_id": "bf779ff0-2f78-45ec-ad88-a454df95b651-139754784876352", "study_id": 0, "datetime_start": "2024-08-21T20:35:01.084213"}
{"op_code": 5, "worker_id": "bf779ff0-2f78-45ec-ad88-a454df95b651-139754784876352", "trial_id": 33, "param_name": "lr", "param_value_internal": 0.00021745218198956202, "distribution": "{\"name\": \"FloatDistribution\", \"attributes\": {\"step\": null, \"low\": 1e-05, \"high\": 0.001, \"log\": true}}"}
{"op_code": 5, "worker_id": "bf779ff0-2f78-45ec-ad88-a454df95b651-139754784876352", "trial_id": 33, "param_name": "l2reg", "param_value_internal": 1.0384468537604916e-05, "distribution": "{\"name\": \"FloatDistribution\", \"attributes\": {\"step\": null, \"low\": 1e-08, \"high\": 0.001, \"log\": true}}"}
{"op_code": 5, "worker_id": "bf779ff0-2f78-45ec-ad88-a454df95b651-139754784876352", "trial_id": 33, "param_name": "random_seed", "param_value_internal": 0, "distribution": "{\"name\": \"CategoricalDistribution\", \"attributes\": {\"choices\": [42]}}"}
{"op_code": 5, "worker_id": "bf779ff0-2f78-45ec-ad88-a454df95b651-139754784876352", "trial_id": 33, "param_name": "degree", "param_value_internal": 0, "distribution": "{\"name\": \"CategoricalDistribution\", \"attributes\": {\"choices\": [0]}}"}
{"op_code": 8, "worker_id": "bf779ff0-2f78-45ec-ad88-a454df95b651-139754784876352", "trial_id": 33, "user_attr": {"best_epoch": 1}}
{"op_code": 8, "worker_id": "bf779ff0-2f78-45ec-ad88-a454df95b651-139754784876352", "trial_id": 33, "user_attr": {"test_loss": 0.44536082414255074}}
{"op_code": 6, "worker_id": "bf779ff0-2f78-45ec-ad88-a454df95b651-139754784876352", "trial_id": 33, "state": 1, "values": [0.4452574303459828], "datetime_complete": "2024-08-21T20:54:00.290745"}
{"op_code": 4, "worker_id": "bf779ff0-2f78-45ec-ad88-a454df95b651-139754784876352", "study_id": 0, "datetime_start": "2024-08-21T20:54:00.300014"}
{"op_code": 5, "worker_id": "bf779ff0-2f78-45ec-ad88-a454df95b651-139754784876352", "trial_id": 34, "param_name": "lr", "param_value_internal": 0.00014080453711684497, "distribution": "{\"name\": \"FloatDistribution\", \"attributes\": {\"step\": null, \"low\": 1e-05, \"high\": 0.001, \"log\": true}}"}
{"op_code": 5, "worker_id": "bf779ff0-2f78-45ec-ad88-a454df95b651-139754784876352", "trial_id": 34, "param_name": "l2reg", "param_value_internal": 5.105111825879921e-05, "distribution": "{\"name\": \"FloatDistribution\", \"attributes\": {\"step\": null, \"low\": 1e-08, \"high\": 0.001, \"log\": true}}"}
{"op_code": 5, "worker_id": "bf779ff0-2f78-45ec-ad88-a454df95b651-139754784876352", "trial_id": 34, "param_name": "random_seed", "param_value_internal": 0, "distribution": "{\"name\": \"CategoricalDistribution\", \"attributes\": {\"choices\": [42]}}"}
{"op_code": 5, "worker_id": "bf779ff0-2f78-45ec-ad88-a454df95b651-139754784876352", "trial_id": 34, "param_name": "degree", "param_value_internal": 0, "distribution": "{\"name\": \"CategoricalDistribution\", \"attributes\": {\"choices\": [0]}}"}
{"op_code": 8, "worker_id": "bf779ff0-2f78-45ec-ad88-a454df95b651-139754784876352", "trial_id": 34, "user_attr": {"best_epoch": 1}}
{"op_code": 8, "worker_id": "bf779ff0-2f78-45ec-ad88-a454df95b651-139754784876352", "trial_id": 34, "user_attr": {"test_loss": 0.4447679728543481}}
{"op_code": 6, "worker_id": "bf779ff0-2f78-45ec-ad88-a454df95b651-139754784876352", "trial_id": 34, "state": 1, "values": [0.44465388993429844], "datetime_complete": "2024-08-21T21:13:02.196892"}
{"op_code": 4, "worker_id": "bf779ff0-2f78-45ec-ad88-a454df95b651-139754784876352", "study_id": 0, "datetime_start": "2024-08-21T21:13:02.205854"}
{"op_code": 5, "worker_id": "bf779ff0-2f78-45ec-ad88-a454df95b651-139754784876352", "trial_id": 35, "param_name": "lr", "param_value_internal": 8.556170875360977e-05, "distribution": "{\"name\": \"FloatDistribution\", \"attributes\": {\"step\": null, \"low\": 1e-05, \"high\": 0.001, \"log\": true}}"}
{"op_code": 5, "worker_id": "bf779ff0-2f78-45ec-ad88-a454df95b651-139754784876352", "trial_id": 35, "param_name": "l2reg", "param_value_internal": 0.00011531757620151002, "distribution": "{\"name\": \"FloatDistribution\", \"attributes\": {\"step\": null, \"low\": 1e-08, \"high\": 0.001, \"log\": true}}"}
{"op_code": 5, "worker_id": "bf779ff0-2f78-45ec-ad88-a454df95b651-139754784876352", "trial_id": 35, "param_name": "random_seed", "param_value_internal": 0, "distribution": "{\"name\": \"CategoricalDistribution\", \"attributes\": {\"choices\": [42]}}"}
{"op_code": 5, "worker_id": "bf779ff0-2f78-45ec-ad88-a454df95b651-139754784876352", "trial_id": 35, "param_name": "degree", "param_value_internal": 0, "distribution": "{\"name\": \"CategoricalDistribution\", \"attributes\": {\"choices\": [0]}}"}
{"op_code": 8, "worker_id": "bf779ff0-2f78-45ec-ad88-a454df95b651-139754784876352", "trial_id": 35, "user_attr": {"best_epoch": 2}}
{"op_code": 8, "worker_id": "bf779ff0-2f78-45ec-ad88-a454df95b651-139754784876352", "trial_id": 35, "user_attr": {"test_loss": 0.44524855106650696}}
{"op_code": 6, "worker_id": "bf779ff0-2f78-45ec-ad88-a454df95b651-139754784876352", "trial_id": 35, "state": 1, "values": [0.4451988214819084], "datetime_complete": "2024-08-21T21:35:28.118466"}
{"op_code": 4, "worker_id": "bf779ff0-2f78-45ec-ad88-a454df95b651-139754784876352", "study_id": 0, "datetime_start": "2024-08-21T21:35:28.127335"}
{"op_code": 5, "worker_id": "bf779ff0-2f78-45ec-ad88-a454df95b651-139754784876352", "trial_id": 36, "param_name": "lr", "param_value_internal": 0.0002193260843592441, "distribution": "{\"name\": \"FloatDistribution\", \"attributes\": {\"step\": null, \"low\": 1e-05, \"high\": 0.001, \"log\": true}}"}
{"op_code": 5, "worker_id": "bf779ff0-2f78-45ec-ad88-a454df95b651-139754784876352", "trial_id": 36, "param_name": "l2reg", "param_value_internal": 0.0003794900519694475, "distribution": "{\"name\": \"FloatDistribution\", \"attributes\": {\"step\": null, \"low\": 1e-08, \"high\": 0.001, \"log\": true}}"}
{"op_code": 5, "worker_id": "bf779ff0-2f78-45ec-ad88-a454df95b651-139754784876352", "trial_id": 36, "param_name": "random_seed", "param_value_internal": 0, "distribution": "{\"name\": \"CategoricalDistribution\", \"attributes\": {\"choices\": [42]}}"}
{"op_code": 5, "worker_id": "bf779ff0-2f78-45ec-ad88-a454df95b651-139754784876352", "trial_id": 36, "param_name": "degree", "param_value_internal": 0, "distribution": "{\"name\": \"CategoricalDistribution\", \"attributes\": {\"choices\": [0]}}"}
{"op_code": 8, "worker_id": "bf779ff0-2f78-45ec-ad88-a454df95b651-139754784876352", "trial_id": 36, "user_attr": {"best_epoch": 1}}
{"op_code": 8, "worker_id": "bf779ff0-2f78-45ec-ad88-a454df95b651-139754784876352", "trial_id": 36, "user_attr": {"test_loss": 0.4453603878482138}}
{"op_code": 6, "worker_id": "bf779ff0-2f78-45ec-ad88-a454df95b651-139754784876352", "trial_id": 36, "state": 1, "values": [0.44525732127241446], "datetime_complete": "2024-08-21T21:54:28.301154"}
{"op_code": 4, "worker_id": "bf779ff0-2f78-45ec-ad88-a454df95b651-139754784876352", "study_id": 0, "datetime_start": "2024-08-21T21:54:28.311293"}
{"op_code": 5, "worker_id": "bf779ff0-2f78-45ec-ad88-a454df95b651-139754784876352", "trial_id": 37, "param_name": "lr", "param_value_internal": 0.00012769205747677193, "distribution": "{\"name\": \"FloatDistribution\", \"attributes\": {\"step\": null, \"low\": 1e-05, \"high\": 0.001, \"log\": true}}"}
{"op_code": 5, "worker_id": "bf779ff0-2f78-45ec-ad88-a454df95b651-139754784876352", "trial_id": 37, "param_name": "l2reg", "param_value_internal": 1.5752240409654506e-05, "distribution": "{\"name\": \"FloatDistribution\", \"attributes\": {\"step\": null, \"low\": 1e-08, \"high\": 0.001, \"log\": true}}"}
{"op_code": 5, "worker_id": "bf779ff0-2f78-45ec-ad88-a454df95b651-139754784876352", "trial_id": 37, "param_name": "random_seed", "param_value_internal": 0, "distribution": "{\"name\": \"CategoricalDistribution\", \"attributes\": {\"choices\": [42]}}"}
{"op_code": 5, "worker_id": "bf779ff0-2f78-45ec-ad88-a454df95b651-139754784876352", "trial_id": 37, "param_name": "degree", "param_value_internal": 0, "distribution": "{\"name\": \"CategoricalDistribution\", \"attributes\": {\"choices\": [0]}}"}
{"op_code": 8, "worker_id": "bf779ff0-2f78-45ec-ad88-a454df95b651-139754784876352", "trial_id": 37, "user_attr": {"best_epoch": 1}}
{"op_code": 8, "worker_id": "bf779ff0-2f78-45ec-ad88-a454df95b651-139754784876352", "trial_id": 37, "user_attr": {"test_loss": 0.4448541046280358}}
{"op_code": 6, "worker_id": "bf779ff0-2f78-45ec-ad88-a454df95b651-139754784876352", "trial_id": 37, "state": 1, "values": [0.44473889460192], "datetime_complete": "2024-08-21T22:13:30.824149"}
{"op_code": 4, "worker_id": "bf779ff0-2f78-45ec-ad88-a454df95b651-139754784876352", "study_id": 0, "datetime_start": "2024-08-21T22:13:30.832455"}
{"op_code": 5, "worker_id": "bf779ff0-2f78-45ec-ad88-a454df95b651-139754784876352", "trial_id": 38, "param_name": "lr", "param_value_internal": 3.36132347070159e-05, "distribution": "{\"name\": \"FloatDistribution\", \"attributes\": {\"step\": null, \"low\": 1e-05, \"high\": 0.001, \"log\": true}}"}
{"op_code": 5, "worker_id": "bf779ff0-2f78-45ec-ad88-a454df95b651-139754784876352", "trial_id": 38, "param_name": "l2reg", "param_value_internal": 5.021540638095033e-05, "distribution": "{\"name\": \"FloatDistribution\", \"attributes\": {\"step\": null, \"low\": 1e-08, \"high\": 0.001, \"log\": true}}"}
{"op_code": 5, "worker_id": "bf779ff0-2f78-45ec-ad88-a454df95b651-139754784876352", "trial_id": 38, "param_name": "random_seed", "param_value_internal": 0, "distribution": "{\"name\": \"CategoricalDistribution\", \"attributes\": {\"choices\": [42]}}"}
{"op_code": 5, "worker_id": "bf779ff0-2f78-45ec-ad88-a454df95b651-139754784876352", "trial_id": 38, "param_name": "degree", "param_value_internal": 0, "distribution": "{\"name\": \"CategoricalDistribution\", \"attributes\": {\"choices\": [0]}}"}
{"op_code": 8, "worker_id": "bf779ff0-2f78-45ec-ad88-a454df95b651-139754784876352", "trial_id": 38, "user_attr": {"best_epoch": 6}}
{"op_code": 8, "worker_id": "bf779ff0-2f78-45ec-ad88-a454df95b651-139754784876352", "trial_id": 38, "user_attr": {"test_loss": 0.4457658870765545}}
{"op_code": 6, "worker_id": "bf779ff0-2f78-45ec-ad88-a454df95b651-139754784876352", "trial_id": 38, "state": 1, "values": [0.44566492919743816], "datetime_complete": "2024-08-21T22:50:01.458438"}
{"op_code": 4, "worker_id": "bf779ff0-2f78-45ec-ad88-a454df95b651-139754784876352", "study_id": 0, "datetime_start": "2024-08-21T22:50:01.470783"}
{"op_code": 5, "worker_id": "bf779ff0-2f78-45ec-ad88-a454df95b651-139754784876352", "trial_id": 39, "param_name": "lr", "param_value_internal": 0.0001527849151487076, "distribution": "{\"name\": \"FloatDistribution\", \"attributes\": {\"step\": null, \"low\": 1e-05, \"high\": 0.001, \"log\": true}}"}
{"op_code": 5, "worker_id": "bf779ff0-2f78-45ec-ad88-a454df95b651-139754784876352", "trial_id": 39, "param_name": "l2reg", "param_value_internal": 7.4563048961106564e-06, "distribution": "{\"name\": \"FloatDistribution\", \"attributes\": {\"step\": null, \"low\": 1e-08, \"high\": 0.001, \"log\": true}}"}
{"op_code": 5, "worker_id": "bf779ff0-2f78-45ec-ad88-a454df95b651-139754784876352", "trial_id": 39, "param_name": "random_seed", "param_value_internal": 0, "distribution": "{\"name\": \"CategoricalDistribution\", \"attributes\": {\"choices\": [42]}}"}
{"op_code": 5, "worker_id": "bf779ff0-2f78-45ec-ad88-a454df95b651-139754784876352", "trial_id": 39, "param_name": "degree", "param_value_internal": 0, "distribution": "{\"name\": \"CategoricalDistribution\", \"attributes\": {\"choices\": [0]}}"}
{"op_code": 8, "worker_id": "bf779ff0-2f78-45ec-ad88-a454df95b651-139754784876352", "trial_id": 39, "user_attr": {"best_epoch": 1}}
{"op_code": 8, "worker_id": "bf779ff0-2f78-45ec-ad88-a454df95b651-139754784876352", "trial_id": 39, "user_attr": {"test_loss": 0.4447654641619106}}
{"op_code": 6, "worker_id": "bf779ff0-2f78-45ec-ad88-a454df95b651-139754784876352", "trial_id": 39, "state": 1, "values": [0.44465134488436964], "datetime_complete": "2024-08-21T23:09:00.386565"}
{"op_code": 4, "worker_id": "bf779ff0-2f78-45ec-ad88-a454df95b651-139754784876352", "study_id": 0, "datetime_start": "2024-08-21T23:09:00.394963"}
{"op_code": 5, "worker_id": "bf779ff0-2f78-45ec-ad88-a454df95b651-139754784876352", "trial_id": 40, "param_name": "lr", "param_value_internal": 0.0003302252731475751, "distribution": "{\"name\": \"FloatDistribution\", \"attributes\": {\"step\": null, \"low\": 1e-05, \"high\": 0.001, \"log\": true}}"}
{"op_code": 5, "worker_id": "bf779ff0-2f78-45ec-ad88-a454df95b651-139754784876352", "trial_id": 40, "param_name": "l2reg", "param_value_internal": 1.4270506425853571e-06, "distribution": "{\"name\": \"FloatDistribution\", \"attributes\": {\"step\": null, \"low\": 1e-08, \"high\": 0.001, \"log\": true}}"}
{"op_code": 5, "worker_id": "bf779ff0-2f78-45ec-ad88-a454df95b651-139754784876352", "trial_id": 40, "param_name": "random_seed", "param_value_internal": 0, "distribution": "{\"name\": \"CategoricalDistribution\", \"attributes\": {\"choices\": [42]}}"}
{"op_code": 5, "worker_id": "bf779ff0-2f78-45ec-ad88-a454df95b651-139754784876352", "trial_id": 40, "param_name": "degree", "param_value_internal": 0, "distribution": "{\"name\": \"CategoricalDistribution\", \"attributes\": {\"choices\": [0]}}"}
{"op_code": 8, "worker_id": "bf779ff0-2f78-45ec-ad88-a454df95b651-139754784876352", "trial_id": 40, "user_attr": {"best_epoch": 0}}
{"op_code": 8, "worker_id": "bf779ff0-2f78-45ec-ad88-a454df95b651-139754784876352", "trial_id": 40, "user_attr": {"test_loss": 0.4453532617073768}}
{"op_code": 6, "worker_id": "bf779ff0-2f78-45ec-ad88-a454df95b651-139754784876352", "trial_id": 40, "state": 1, "values": [0.44522525364331167], "datetime_complete": "2024-08-21T23:24:29.195664"}
{"op_code": 4, "worker_id": "bf779ff0-2f78-45ec-ad88-a454df95b651-139754784876352", "study_id": 0, "datetime_start": "2024-08-21T23:24:29.204188"}
{"op_code": 5, "worker_id": "bf779ff0-2f78-45ec-ad88-a454df95b651-139754784876352", "trial_id": 41, "param_name": "lr", "param_value_internal": 0.00016576373803303112, "distribution": "{\"name\": \"FloatDistribution\", \"attributes\": {\"step\": null, \"low\": 1e-05, \"high\": 0.001, \"log\": true}}"}
{"op_code": 5, "worker_id": "bf779ff0-2f78-45ec-ad88-a454df95b651-139754784876352", "trial_id": 41, "param_name": "l2reg", "param_value_internal": 2.5073654454557678e-05, "distribution": "{\"name\": \"FloatDistribution\", \"attributes\": {\"step\": null, \"low\": 1e-08, \"high\": 0.001, \"log\": true}}"}
{"op_code": 5, "worker_id": "bf779ff0-2f78-45ec-ad88-a454df95b651-139754784876352", "trial_id": 41, "param_name": "random_seed", "param_value_internal": 0, "distribution": "{\"name\": \"CategoricalDistribution\", \"attributes\": {\"choices\": [42]}}"}
{"op_code": 5, "worker_id": "bf779ff0-2f78-45ec-ad88-a454df95b651-139754784876352", "trial_id": 41, "param_name": "degree", "param_value_internal": 0, "distribution": "{\"name\": \"CategoricalDistribution\", \"attributes\": {\"choices\": [0]}}"}
{"op_code": 8, "worker_id": "bf779ff0-2f78-45ec-ad88-a454df95b651-139754784876352", "trial_id": 41, "user_attr": {"best_epoch": 1}}
{"op_code": 8, "worker_id": "bf779ff0-2f78-45ec-ad88-a454df95b651-139754784876352", "trial_id": 41, "user_attr": {"test_loss": 0.44482029181692156}}
{"op_code": 6, "worker_id": "bf779ff0-2f78-45ec-ad88-a454df95b651-139754784876352", "trial_id": 41, "state": 1, "values": [0.444706463394256], "datetime_complete": "2024-08-21T23:43:30.388409"}
{"op_code": 4, "worker_id": "bf779ff0-2f78-45ec-ad88-a454df95b651-139754784876352", "study_id": 0, "datetime_start": "2024-08-21T23:43:30.396998"}
{"op_code": 5, "worker_id": "bf779ff0-2f78-45ec-ad88-a454df95b651-139754784876352", "trial_id": 42, "param_name": "lr", "param_value_internal": 9.968999808561225e-05, "distribution": "{\"name\": \"FloatDistribution\", \"attributes\": {\"step\": null, \"low\": 1e-05, \"high\": 0.001, \"log\": true}}"}
{"op_code": 5, "worker_id": "bf779ff0-2f78-45ec-ad88-a454df95b651-139754784876352", "trial_id": 42, "param_name": "l2reg", "param_value_internal": 6.300917240599718e-06, "distribution": "{\"name\": \"FloatDistribution\", \"attributes\": {\"step\": null, \"low\": 1e-08, \"high\": 0.001, \"log\": true}}"}
{"op_code": 5, "worker_id": "bf779ff0-2f78-45ec-ad88-a454df95b651-139754784876352", "trial_id": 42, "param_name": "random_seed", "param_value_internal": 0, "distribution": "{\"name\": \"CategoricalDistribution\", \"attributes\": {\"choices\": [42]}}"}
{"op_code": 5, "worker_id": "bf779ff0-2f78-45ec-ad88-a454df95b651-139754784876352", "trial_id": 42, "param_name": "degree", "param_value_internal": 0, "distribution": "{\"name\": \"CategoricalDistribution\", \"attributes\": {\"choices\": [0]}}"}
{"op_code": 8, "worker_id": "bf779ff0-2f78-45ec-ad88-a454df95b651-139754784876352", "trial_id": 42, "user_attr": {"best_epoch": 2}}
{"op_code": 8, "worker_id": "bf779ff0-2f78-45ec-ad88-a454df95b651-139754784876352", "trial_id": 42, "user_attr": {"test_loss": 0.44538096639777364}}
{"op_code": 6, "worker_id": "bf779ff0-2f78-45ec-ad88-a454df95b651-139754784876352", "trial_id": 42, "state": 1, "values": [0.44532814637614704], "datetime_complete": "2024-08-22T00:06:01.095023"}
{"op_code": 4, "worker_id": "bf779ff0-2f78-45ec-ad88-a454df95b651-139754784876352", "study_id": 0, "datetime_start": "2024-08-22T00:06:01.103927"}
{"op_code": 5, "worker_id": "bf779ff0-2f78-45ec-ad88-a454df95b651-139754784876352", "trial_id": 43, "param_name": "lr", "param_value_internal": 0.00014697899190838011, "distribution": "{\"name\": \"FloatDistribution\", \"attributes\": {\"step\": null, \"low\": 1e-05, \"high\": 0.001, \"log\": true}}"}
{"op_code": 5, "worker_id": "bf779ff0-2f78-45ec-ad88-a454df95b651-139754784876352", "trial_id": 43, "param_name": "l2reg", "param_value_internal": 6.358422597982806e-06, "distribution": "{\"name\": \"FloatDistribution\", \"attributes\": {\"step\": null, \"low\": 1e-08, \"high\": 0.001, \"log\": true}}"}
{"op_code": 5, "worker_id": "bf779ff0-2f78-45ec-ad88-a454df95b651-139754784876352", "trial_id": 43, "param_name": "random_seed", "param_value_internal": 0, "distribution": "{\"name\": \"CategoricalDistribution\", \"attributes\": {\"choices\": [42]}}"}
{"op_code": 5, "worker_id": "bf779ff0-2f78-45ec-ad88-a454df95b651-139754784876352", "trial_id": 43, "param_name": "degree", "param_value_internal": 0, "distribution": "{\"name\": \"CategoricalDistribution\", \"attributes\": {\"choices\": [0]}}"}
{"op_code": 8, "worker_id": "bf779ff0-2f78-45ec-ad88-a454df95b651-139754784876352", "trial_id": 43, "user_attr": {"best_epoch": 1}}
{"op_code": 8, "worker_id": "bf779ff0-2f78-45ec-ad88-a454df95b651-139754784876352", "trial_id": 43, "user_attr": {"test_loss": 0.44475924696760893}}
{"op_code": 6, "worker_id": "bf779ff0-2f78-45ec-ad88-a454df95b651-139754784876352", "trial_id": 43, "state": 1, "values": [0.4446450549752599], "datetime_complete": "2024-08-22T00:24:58.743751"}
{"op_code": 4, "worker_id": "bf779ff0-2f78-45ec-ad88-a454df95b651-139754784876352", "study_id": 0, "datetime_start": "2024-08-22T00:24:58.753650"}
{"op_code": 5, "worker_id": "bf779ff0-2f78-45ec-ad88-a454df95b651-139754784876352", "trial_id": 44, "param_name": "lr", "param_value_internal": 0.00020729600153729678, "distribution": "{\"name\": \"FloatDistribution\", \"attributes\": {\"step\": null, \"low\": 1e-05, \"high\": 0.001, \"log\": true}}"}
{"op_code": 5, "worker_id": "bf779ff0-2f78-45ec-ad88-a454df95b651-139754784876352", "trial_id": 44, "param_name": "l2reg", "param_value_internal": 5.403415347427432e-06, "distribution": "{\"name\": \"FloatDistribution\", \"attributes\": {\"step\": null, \"low\": 1e-08, \"high\": 0.001, \"log\": true}}"}
{"op_code": 5, "worker_id": "bf779ff0-2f78-45ec-ad88-a454df95b651-139754784876352", "trial_id": 44, "param_name": "random_seed", "param_value_internal": 0, "distribution": "{\"name\": \"CategoricalDistribution\", \"attributes\": {\"choices\": [42]}}"}
{"op_code": 5, "worker_id": "bf779ff0-2f78-45ec-ad88-a454df95b651-139754784876352", "trial_id": 44, "param_name": "degree", "param_value_internal": 0, "distribution": "{\"name\": \"CategoricalDistribution\", \"attributes\": {\"choices\": [0]}}"}
{"op_code": 8, "worker_id": "bf779ff0-2f78-45ec-ad88-a454df95b651-139754784876352", "trial_id": 44, "user_attr": {"best_epoch": 1}}
{"op_code": 8, "worker_id": "bf779ff0-2f78-45ec-ad88-a454df95b651-139754784876352", "trial_id": 44, "user_attr": {"test_loss": 0.4452328808282379}}
{"op_code": 6, "worker_id": "bf779ff0-2f78-45ec-ad88-a454df95b651-139754784876352", "trial_id": 44, "state": 1, "values": [0.4451264329903624], "datetime_complete": "2024-08-22T00:43:57.538433"}
{"op_code": 4, "worker_id": "bf779ff0-2f78-45ec-ad88-a454df95b651-139754784876352", "study_id": 0, "datetime_start": "2024-08-22T00:43:57.546952"}
{"op_code": 5, "worker_id": "bf779ff0-2f78-45ec-ad88-a454df95b651-139754784876352", "trial_id": 45, "param_name": "lr", "param_value_internal": 5.4884942406414785e-05, "distribution": "{\"name\": \"FloatDistribution\", \"attributes\": {\"step\": null, \"low\": 1e-05, \"high\": 0.001, \"log\": true}}"}
{"op_code": 5, "worker_id": "bf779ff0-2f78-45ec-ad88-a454df95b651-139754784876352", "trial_id": 45, "param_name": "l2reg", "param_value_internal": 4.935106082332399e-07, "distribution": "{\"name\": \"FloatDistribution\", \"attributes\": {\"step\": null, \"low\": 1e-08, \"high\": 0.001, \"log\": true}}"}
{"op_code": 5, "worker_id": "bf779ff0-2f78-45ec-ad88-a454df95b651-139754784876352", "trial_id": 45, "param_name": "random_seed", "param_value_internal": 0, "distribution": "{\"name\": \"CategoricalDistribution\", \"attributes\": {\"choices\": [42]}}"}
{"op_code": 5, "worker_id": "bf779ff0-2f78-45ec-ad88-a454df95b651-139754784876352", "trial_id": 45, "param_name": "degree", "param_value_internal": 0, "distribution": "{\"name\": \"CategoricalDistribution\", \"attributes\": {\"choices\": [0]}}"}
{"op_code": 8, "worker_id": "bf779ff0-2f78-45ec-ad88-a454df95b651-139754784876352", "trial_id": 45, "user_attr": {"best_epoch": 3}}
{"op_code": 8, "worker_id": "bf779ff0-2f78-45ec-ad88-a454df95b651-139754784876352", "trial_id": 45, "user_attr": {"test_loss": 0.4454741152387141}}
{"op_code": 6, "worker_id": "bf779ff0-2f78-45ec-ad88-a454df95b651-139754784876352", "trial_id": 45, "state": 1, "values": [0.4453887185644522], "datetime_complete": "2024-08-22T01:09:54.430537"}
{"op_code": 4, "worker_id": "bf779ff0-2f78-45ec-ad88-a454df95b651-139754784876352", "study_id": 0, "datetime_start": "2024-08-22T01:09:54.439460"}
{"op_code": 5, "worker_id": "bf779ff0-2f78-45ec-ad88-a454df95b651-139754784876352", "trial_id": 46, "param_name": "lr", "param_value_internal": 7.799422047276023e-05, "distribution": "{\"name\": \"FloatDistribution\", \"attributes\": {\"step\": null, \"low\": 1e-05, \"high\": 0.001, \"log\": true}}"}
{"op_code": 5, "worker_id": "bf779ff0-2f78-45ec-ad88-a454df95b651-139754784876352", "trial_id": 46, "param_name": "l2reg", "param_value_internal": 1.0005267078952917e-05, "distribution": "{\"name\": \"FloatDistribution\", \"attributes\": {\"step\": null, \"low\": 1e-08, \"high\": 0.001, \"log\": true}}"}
{"op_code": 5, "worker_id": "bf779ff0-2f78-45ec-ad88-a454df95b651-139754784876352", "trial_id": 46, "param_name": "random_seed", "param_value_internal": 0, "distribution": "{\"name\": \"CategoricalDistribution\", \"attributes\": {\"choices\": [42]}}"}
{"op_code": 5, "worker_id": "bf779ff0-2f78-45ec-ad88-a454df95b651-139754784876352", "trial_id": 46, "param_name": "degree", "param_value_internal": 0, "distribution": "{\"name\": \"CategoricalDistribution\", \"attributes\": {\"choices\": [0]}}"}
{"op_code": 8, "worker_id": "bf779ff0-2f78-45ec-ad88-a454df95b651-139754784876352", "trial_id": 46, "user_attr": {"best_epoch": 2}}
{"op_code": 8, "worker_id": "bf779ff0-2f78-45ec-ad88-a454df95b651-139754784876352", "trial_id": 46, "user_attr": {"test_loss": 0.44532093956858054}}
{"op_code": 6, "worker_id": "bf779ff0-2f78-45ec-ad88-a454df95b651-139754784876352", "trial_id": 46, "state": 1, "values": [0.44527004652205837], "datetime_complete": "2024-08-22T01:32:22.695968"}
{"op_code": 4, "worker_id": "bf779ff0-2f78-45ec-ad88-a454df95b651-139754784876352", "study_id": 0, "datetime_start": "2024-08-22T01:32:22.704746"}
{"op_code": 5, "worker_id": "bf779ff0-2f78-45ec-ad88-a454df95b651-139754784876352", "trial_id": 47, "param_name": "lr", "param_value_internal": 0.00012115151234027176, "distribution": "{\"name\": \"FloatDistribution\", \"attributes\": {\"step\": null, \"low\": 1e-05, \"high\": 0.001, \"log\": true}}"}
{"op_code": 5, "worker_id": "bf779ff0-2f78-45ec-ad88-a454df95b651-139754784876352", "trial_id": 47, "param_name": "l2reg", "param_value_internal": 2.2443830944555897e-06, "distribution": "{\"name\": \"FloatDistribution\", \"attributes\": {\"step\": null, \"low\": 1e-08, \"high\": 0.001, \"log\": true}}"}
{"op_code": 5, "worker_id": "bf779ff0-2f78-45ec-ad88-a454df95b651-139754784876352", "trial_id": 47, "param_name": "random_seed", "param_value_internal": 0, "distribution": "{\"name\": \"CategoricalDistribution\", \"attributes\": {\"choices\": [42]}}"}
{"op_code": 5, "worker_id": "bf779ff0-2f78-45ec-ad88-a454df95b651-139754784876352", "trial_id": 47, "param_name": "degree", "param_value_internal": 0, "distribution": "{\"name\": \"CategoricalDistribution\", \"attributes\": {\"choices\": [0]}}"}
{"op_code": 8, "worker_id": "bf779ff0-2f78-45ec-ad88-a454df95b651-139754784876352", "trial_id": 47, "user_attr": {"best_epoch": 1}}
{"op_code": 8, "worker_id": "bf779ff0-2f78-45ec-ad88-a454df95b651-139754784876352", "trial_id": 47, "user_attr": {"test_loss": 0.4449382367193458}}
{"op_code": 6, "worker_id": "bf779ff0-2f78-45ec-ad88-a454df95b651-139754784876352", "trial_id": 47, "state": 1, "values": [0.4448228085338578], "datetime_complete": "2024-08-22T01:51:18.815075"}
{"op_code": 4, "worker_id": "bf779ff0-2f78-45ec-ad88-a454df95b651-139754784876352", "study_id": 0, "datetime_start": "2024-08-22T01:51:18.842868"}
{"op_code": 5, "worker_id": "bf779ff0-2f78-45ec-ad88-a454df95b651-139754784876352", "trial_id": 48, "param_name": "lr", "param_value_internal": 0.0002663354694484702, "distribution": "{\"name\": \"FloatDistribution\", \"attributes\": {\"step\": null, \"low\": 1e-05, \"high\": 0.001, \"log\": true}}"}
{"op_code": 5, "worker_id": "bf779ff0-2f78-45ec-ad88-a454df95b651-139754784876352", "trial_id": 48, "param_name": "l2reg", "param_value_internal": 0.00014012810647316546, "distribution": "{\"name\": \"FloatDistribution\", \"attributes\": {\"step\": null, \"low\": 1e-08, \"high\": 0.001, \"log\": true}}"}
{"op_code": 5, "worker_id": "bf779ff0-2f78-45ec-ad88-a454df95b651-139754784876352", "trial_id": 48, "param_name": "random_seed", "param_value_internal": 0, "distribution": "{\"name\": \"CategoricalDistribution\", \"attributes\": {\"choices\": [42]}}"}
{"op_code": 5, "worker_id": "bf779ff0-2f78-45ec-ad88-a454df95b651-139754784876352", "trial_id": 48, "param_name": "degree", "param_value_internal": 0, "distribution": "{\"name\": \"CategoricalDistribution\", \"attributes\": {\"choices\": [0]}}"}
{"op_code": 8, "worker_id": "bf779ff0-2f78-45ec-ad88-a454df95b651-139754784876352", "trial_id": 48, "user_attr": {"best_epoch": 0}}
{"op_code": 8, "worker_id": "bf779ff0-2f78-45ec-ad88-a454df95b651-139754784876352", "trial_id": 48, "user_attr": {"test_loss": 0.4454871313531}}
{"op_code": 6, "worker_id": "bf779ff0-2f78-45ec-ad88-a454df95b651-139754784876352", "trial_id": 48, "state": 1, "values": [0.44535755988175263], "datetime_complete": "2024-08-22T02:06:37.144672"}
{"op_code": 4, "worker_id": "bf779ff0-2f78-45ec-ad88-a454df95b651-139754784876352", "study_id": 0, "datetime_start": "2024-08-22T02:06:37.153316"}
{"op_code": 5, "worker_id": "bf779ff0-2f78-45ec-ad88-a454df95b651-139754784876352", "trial_id": 49, "param_name": "lr", "param_value_internal": 0.000554891429280969, "distribution": "{\"name\": \"FloatDistribution\", \"attributes\": {\"step\": null, \"low\": 1e-05, \"high\": 0.001, \"log\": true}}"}
{"op_code": 5, "worker_id": "bf779ff0-2f78-45ec-ad88-a454df95b651-139754784876352", "trial_id": 49, "param_name": "l2reg", "param_value_internal": 2.595632673148124e-06, "distribution": "{\"name\": \"FloatDistribution\", \"attributes\": {\"step\": null, \"low\": 1e-08, \"high\": 0.001, \"log\": true}}"}
{"op_code": 5, "worker_id": "bf779ff0-2f78-45ec-ad88-a454df95b651-139754784876352", "trial_id": 49, "param_name": "random_seed", "param_value_internal": 0, "distribution": "{\"name\": \"CategoricalDistribution\", \"attributes\": {\"choices\": [42]}}"}
{"op_code": 5, "worker_id": "bf779ff0-2f78-45ec-ad88-a454df95b651-139754784876352", "trial_id": 49, "param_name": "degree", "param_value_internal": 0, "distribution": "{\"name\": \"CategoricalDistribution\", \"attributes\": {\"choices\": [0]}}"}
{"op_code": 8, "worker_id": "bf779ff0-2f78-45ec-ad88-a454df95b651-139754784876352", "trial_id": 49, "user_attr": {"best_epoch": 0}}
{"op_code": 8, "worker_id": "bf779ff0-2f78-45ec-ad88-a454df95b651-139754784876352", "trial_id": 49, "user_attr": {"test_loss": 0.4452959980756511}}
{"op_code": 6, "worker_id": "bf779ff0-2f78-45ec-ad88-a454df95b651-139754784876352", "trial_id": 49, "state": 1, "values": [0.44519474940202236], "datetime_complete": "2024-08-22T02:22:00.554409"}
