{"op_code": 0, "worker_id": "28ca17f3-2810-4e19-81c0-2b84c69d8fde-140066820978496", "study_name": "criteo_splines_3_24", "directions": [1]}
{"op_code": 4, "worker_id": "28ca17f3-2810-4e19-81c0-2b84c69d8fde-140066820978496", "study_id": 0, "datetime_start": "2024-08-21T06:43:45.156687"}
{"op_code": 5, "worker_id": "28ca17f3-2810-4e19-81c0-2b84c69d8fde-140066820978496", "trial_id": 0, "param_name": "lr", "param_value_internal": 5.6115164153345e-05, "distribution": "{\"name\": \"FloatDistribution\", \"attributes\": {\"step\": null, \"low\": 1e-05, \"high\": 0.001, \"log\": true}}"}
{"op_code": 5, "worker_id": "28ca17f3-2810-4e19-81c0-2b84c69d8fde-140066820978496", "trial_id": 0, "param_name": "l2reg", "param_value_internal": 0.0005669849511478851, "distribution": "{\"name\": \"FloatDistribution\", \"attributes\": {\"step\": null, \"low\": 1e-08, \"high\": 0.001, \"log\": true}}"}
{"op_code": 5, "worker_id": "28ca17f3-2810-4e19-81c0-2b84c69d8fde-140066820978496", "trial_id": 0, "param_name": "random_seed", "param_value_internal": 0, "distribution": "{\"name\": \"CategoricalDistribution\", \"attributes\": {\"choices\": [42]}}"}
{"op_code": 5, "worker_id": "28ca17f3-2810-4e19-81c0-2b84c69d8fde-140066820978496", "trial_id": 0, "param_name": "degree", "param_value_internal": 0, "distribution": "{\"name\": \"CategoricalDistribution\", \"attributes\": {\"choices\": [3]}}"}
{"op_code": 8, "worker_id": "28ca17f3-2810-4e19-81c0-2b84c69d8fde-140066820978496", "trial_id": 0, "user_attr": {"best_epoch": 3}}
{"op_code": 8, "worker_id": "28ca17f3-2810-4e19-81c0-2b84c69d8fde-140066820978496", "trial_id": 0, "user_attr": {"test_loss": 0.445495493661225}}
{"op_code": 6, "worker_id": "28ca17f3-2810-4e19-81c0-2b84c69d8fde-140066820978496", "trial_id": 0, "state": 1, "values": [0.44529142494146023], "datetime_complete": "2024-08-21T07:10:57.032321"}
{"op_code": 4, "worker_id": "28ca17f3-2810-4e19-81c0-2b84c69d8fde-140066820978496", "study_id": 0, "datetime_start": "2024-08-21T07:10:57.042426"}
{"op_code": 5, "worker_id": "28ca17f3-2810-4e19-81c0-2b84c69d8fde-140066820978496", "trial_id": 1, "param_name": "lr", "param_value_internal": 0.000291063591313307, "distribution": "{\"name\": \"FloatDistribution\", \"attributes\": {\"step\": null, \"low\": 1e-05, \"high\": 0.001, \"log\": true}}"}
{"op_code": 5, "worker_id": "28ca17f3-2810-4e19-81c0-2b84c69d8fde-140066820978496", "trial_id": 1, "param_name": "l2reg", "param_value_internal": 9.846738873614555e-06, "distribution": "{\"name\": \"FloatDistribution\", \"attributes\": {\"step\": null, \"low\": 1e-08, \"high\": 0.001, \"log\": true}}"}
{"op_code": 5, "worker_id": "28ca17f3-2810-4e19-81c0-2b84c69d8fde-140066820978496", "trial_id": 1, "param_name": "random_seed", "param_value_internal": 0, "distribution": "{\"name\": \"CategoricalDistribution\", \"attributes\": {\"choices\": [42]}}"}
{"op_code": 5, "worker_id": "28ca17f3-2810-4e19-81c0-2b84c69d8fde-140066820978496", "trial_id": 1, "param_name": "degree", "param_value_internal": 0, "distribution": "{\"name\": \"CategoricalDistribution\", \"attributes\": {\"choices\": [3]}}"}
{"op_code": 8, "worker_id": "28ca17f3-2810-4e19-81c0-2b84c69d8fde-140066820978496", "trial_id": 1, "user_attr": {"best_epoch": 0}}
{"op_code": 8, "worker_id": "28ca17f3-2810-4e19-81c0-2b84c69d8fde-140066820978496", "trial_id": 1, "user_attr": {"test_loss": 0.4453089414743142}}
{"op_code": 6, "worker_id": "28ca17f3-2810-4e19-81c0-2b84c69d8fde-140066820978496", "trial_id": 1, "state": 1, "values": [0.445189441155028], "datetime_complete": "2024-08-21T07:27:22.345728"}
{"op_code": 4, "worker_id": "28ca17f3-2810-4e19-81c0-2b84c69d8fde-140066820978496", "study_id": 0, "datetime_start": "2024-08-21T07:27:22.357551"}
{"op_code": 5, "worker_id": "28ca17f3-2810-4e19-81c0-2b84c69d8fde-140066820978496", "trial_id": 2, "param_name": "lr", "param_value_internal": 2.0513382630874486e-05, "distribution": "{\"name\": \"FloatDistribution\", \"attributes\": {\"step\": null, \"low\": 1e-05, \"high\": 0.001, \"log\": true}}"}
{"op_code": 5, "worker_id": "28ca17f3-2810-4e19-81c0-2b84c69d8fde-140066820978496", "trial_id": 2, "param_name": "l2reg", "param_value_internal": 6.02521573620385e-08, "distribution": "{\"name\": \"FloatDistribution\", \"attributes\": {\"step\": null, \"low\": 1e-08, \"high\": 0.001, \"log\": true}}"}
{"op_code": 5, "worker_id": "28ca17f3-2810-4e19-81c0-2b84c69d8fde-140066820978496", "trial_id": 2, "param_name": "random_seed", "param_value_internal": 0, "distribution": "{\"name\": \"CategoricalDistribution\", \"attributes\": {\"choices\": [42]}}"}
{"op_code": 5, "worker_id": "28ca17f3-2810-4e19-81c0-2b84c69d8fde-140066820978496", "trial_id": 2, "param_name": "degree", "param_value_internal": 0, "distribution": "{\"name\": \"CategoricalDistribution\", \"attributes\": {\"choices\": [3]}}"}
{"op_code": 8, "worker_id": "28ca17f3-2810-4e19-81c0-2b84c69d8fde-140066820978496", "trial_id": 2, "user_attr": {"best_epoch": 9}}
{"op_code": 8, "worker_id": "28ca17f3-2810-4e19-81c0-2b84c69d8fde-140066820978496", "trial_id": 2, "user_attr": {"test_loss": 0.44645432318241235}}
{"op_code": 6, "worker_id": "28ca17f3-2810-4e19-81c0-2b84c69d8fde-140066820978496", "trial_id": 2, "state": 1, "values": [0.4462733052039872], "datetime_complete": "2024-08-21T08:15:42.590900"}
{"op_code": 4, "worker_id": "28ca17f3-2810-4e19-81c0-2b84c69d8fde-140066820978496", "study_id": 0, "datetime_start": "2024-08-21T08:15:42.600807"}
{"op_code": 5, "worker_id": "28ca17f3-2810-4e19-81c0-2b84c69d8fde-140066820978496", "trial_id": 3, "param_name": "lr", "param_value_internal": 1.3066739238053272e-05, "distribution": "{\"name\": \"FloatDistribution\", \"attributes\": {\"step\": null, \"low\": 1e-05, \"high\": 0.001, \"log\": true}}"}
{"op_code": 5, "worker_id": "28ca17f3-2810-4e19-81c0-2b84c69d8fde-140066820978496", "trial_id": 3, "param_name": "l2reg", "param_value_internal": 0.00021423021757741048, "distribution": "{\"name\": \"FloatDistribution\", \"attributes\": {\"step\": null, \"low\": 1e-08, \"high\": 0.001, \"log\": true}}"}
{"op_code": 5, "worker_id": "28ca17f3-2810-4e19-81c0-2b84c69d8fde-140066820978496", "trial_id": 3, "param_name": "random_seed", "param_value_internal": 0, "distribution": "{\"name\": \"CategoricalDistribution\", \"attributes\": {\"choices\": [42]}}"}
{"op_code": 5, "worker_id": "28ca17f3-2810-4e19-81c0-2b84c69d8fde-140066820978496", "trial_id": 3, "param_name": "degree", "param_value_internal": 0, "distribution": "{\"name\": \"CategoricalDistribution\", \"attributes\": {\"choices\": [3]}}"}
{"op_code": 8, "worker_id": "28ca17f3-2810-4e19-81c0-2b84c69d8fde-140066820978496", "trial_id": 3, "user_attr": {"best_epoch": 15}}
{"op_code": 8, "worker_id": "28ca17f3-2810-4e19-81c0-2b84c69d8fde-140066820978496", "trial_id": 3, "user_attr": {"test_loss": 0.44672489838704893}}
{"op_code": 6, "worker_id": "28ca17f3-2810-4e19-81c0-2b84c69d8fde-140066820978496", "trial_id": 3, "state": 1, "values": [0.44652773748115393], "datetime_complete": "2024-08-21T09:25:41.915466"}
{"op_code": 4, "worker_id": "28ca17f3-2810-4e19-81c0-2b84c69d8fde-140066820978496", "study_id": 0, "datetime_start": "2024-08-21T09:25:41.924152"}
{"op_code": 5, "worker_id": "28ca17f3-2810-4e19-81c0-2b84c69d8fde-140066820978496", "trial_id": 4, "param_name": "lr", "param_value_internal": 0.00015930522616241006, "distribution": "{\"name\": \"FloatDistribution\", \"attributes\": {\"step\": null, \"low\": 1e-05, \"high\": 0.001, \"log\": true}}"}
{"op_code": 5, "worker_id": "28ca17f3-2810-4e19-81c0-2b84c69d8fde-140066820978496", "trial_id": 4, "param_name": "l2reg", "param_value_internal": 3.47026698865041e-05, "distribution": "{\"name\": \"FloatDistribution\", \"attributes\": {\"step\": null, \"low\": 1e-08, \"high\": 0.001, \"log\": true}}"}
{"op_code": 5, "worker_id": "28ca17f3-2810-4e19-81c0-2b84c69d8fde-140066820978496", "trial_id": 4, "param_name": "random_seed", "param_value_internal": 0, "distribution": "{\"name\": \"CategoricalDistribution\", \"attributes\": {\"choices\": [42]}}"}
{"op_code": 5, "worker_id": "28ca17f3-2810-4e19-81c0-2b84c69d8fde-140066820978496", "trial_id": 4, "param_name": "degree", "param_value_internal": 0, "distribution": "{\"name\": \"CategoricalDistribution\", \"attributes\": {\"choices\": [3]}}"}
{"op_code": 8, "worker_id": "28ca17f3-2810-4e19-81c0-2b84c69d8fde-140066820978496", "trial_id": 4, "user_attr": {"best_epoch": 1}}
{"op_code": 8, "worker_id": "28ca17f3-2810-4e19-81c0-2b84c69d8fde-140066820978496", "trial_id": 4, "user_attr": {"test_loss": 0.44500826196042753}}
{"op_code": 6, "worker_id": "28ca17f3-2810-4e19-81c0-2b84c69d8fde-140066820978496", "trial_id": 4, "state": 1, "values": [0.44480241177657137], "datetime_complete": "2024-08-21T09:45:28.474814"}
{"op_code": 4, "worker_id": "28ca17f3-2810-4e19-81c0-2b84c69d8fde-140066820978496", "study_id": 0, "datetime_start": "2024-08-21T09:45:28.483700"}
{"op_code": 5, "worker_id": "28ca17f3-2810-4e19-81c0-2b84c69d8fde-140066820978496", "trial_id": 5, "param_name": "lr", "param_value_internal": 1.0994335574766187e-05, "distribution": "{\"name\": \"FloatDistribution\", \"attributes\": {\"step\": null, \"low\": 1e-05, \"high\": 0.001, \"log\": true}}"}
{"op_code": 5, "worker_id": "28ca17f3-2810-4e19-81c0-2b84c69d8fde-140066820978496", "trial_id": 5, "param_name": "l2reg", "param_value_internal": 0.0007072114131472234, "distribution": "{\"name\": \"FloatDistribution\", \"attributes\": {\"step\": null, \"low\": 1e-08, \"high\": 0.001, \"log\": true}}"}
{"op_code": 5, "worker_id": "28ca17f3-2810-4e19-81c0-2b84c69d8fde-140066820978496", "trial_id": 5, "param_name": "random_seed", "param_value_internal": 0, "distribution": "{\"name\": \"CategoricalDistribution\", \"attributes\": {\"choices\": [42]}}"}
{"op_code": 5, "worker_id": "28ca17f3-2810-4e19-81c0-2b84c69d8fde-140066820978496", "trial_id": 5, "param_name": "degree", "param_value_internal": 0, "distribution": "{\"name\": \"CategoricalDistribution\", \"attributes\": {\"choices\": [3]}}"}
{"op_code": 8, "worker_id": "28ca17f3-2810-4e19-81c0-2b84c69d8fde-140066820978496", "trial_id": 5, "user_attr": {"best_epoch": 18}}
{"op_code": 8, "worker_id": "28ca17f3-2810-4e19-81c0-2b84c69d8fde-140066820978496", "trial_id": 5, "user_attr": {"test_loss": 0.4468070307959812}}
{"op_code": 6, "worker_id": "28ca17f3-2810-4e19-81c0-2b84c69d8fde-140066820978496", "trial_id": 5, "state": 1, "values": [0.44662663084981546], "datetime_complete": "2024-08-21T10:58:52.863518"}
{"op_code": 4, "worker_id": "28ca17f3-2810-4e19-81c0-2b84c69d8fde-140066820978496", "study_id": 0, "datetime_start": "2024-08-21T10:58:52.872313"}
{"op_code": 5, "worker_id": "28ca17f3-2810-4e19-81c0-2b84c69d8fde-140066820978496", "trial_id": 6, "param_name": "lr", "param_value_internal": 0.000462258900102083, "distribution": "{\"name\": \"FloatDistribution\", \"attributes\": {\"step\": null, \"low\": 1e-05, \"high\": 0.001, \"log\": true}}"}
{"op_code": 5, "worker_id": "28ca17f3-2810-4e19-81c0-2b84c69d8fde-140066820978496", "trial_id": 6, "param_name": "l2reg", "param_value_internal": 1.1526449540315595e-07, "distribution": "{\"name\": \"FloatDistribution\", \"attributes\": {\"step\": null, \"low\": 1e-08, \"high\": 0.001, \"log\": true}}"}
{"op_code": 5, "worker_id": "28ca17f3-2810-4e19-81c0-2b84c69d8fde-140066820978496", "trial_id": 6, "param_name": "random_seed", "param_value_internal": 0, "distribution": "{\"name\": \"CategoricalDistribution\", \"attributes\": {\"choices\": [42]}}"}
{"op_code": 5, "worker_id": "28ca17f3-2810-4e19-81c0-2b84c69d8fde-140066820978496", "trial_id": 6, "param_name": "degree", "param_value_internal": 0, "distribution": "{\"name\": \"CategoricalDistribution\", \"attributes\": {\"choices\": [3]}}"}
{"op_code": 8, "worker_id": "28ca17f3-2810-4e19-81c0-2b84c69d8fde-140066820978496", "trial_id": 6, "user_attr": {"best_epoch": 0}}
{"op_code": 8, "worker_id": "28ca17f3-2810-4e19-81c0-2b84c69d8fde-140066820978496", "trial_id": 6, "user_attr": {"test_loss": 0.44531741285602344}}
{"op_code": 6, "worker_id": "28ca17f3-2810-4e19-81c0-2b84c69d8fde-140066820978496", "trial_id": 6, "state": 1, "values": [0.4452106014272931], "datetime_complete": "2024-08-21T11:15:15.431585"}
{"op_code": 4, "worker_id": "28ca17f3-2810-4e19-81c0-2b84c69d8fde-140066820978496", "study_id": 0, "datetime_start": "2024-08-21T11:15:15.442315"}
{"op_code": 5, "worker_id": "28ca17f3-2810-4e19-81c0-2b84c69d8fde-140066820978496", "trial_id": 7, "param_name": "lr", "param_value_internal": 2.3102018878452926e-05, "distribution": "{\"name\": \"FloatDistribution\", \"attributes\": {\"step\": null, \"low\": 1e-05, \"high\": 0.001, \"log\": true}}"}
{"op_code": 5, "worker_id": "28ca17f3-2810-4e19-81c0-2b84c69d8fde-140066820978496", "trial_id": 7, "param_name": "l2reg", "param_value_internal": 8.260808399079588e-08, "distribution": "{\"name\": \"FloatDistribution\", \"attributes\": {\"step\": null, \"low\": 1e-08, \"high\": 0.001, \"log\": true}}"}
{"op_code": 5, "worker_id": "28ca17f3-2810-4e19-81c0-2b84c69d8fde-140066820978496", "trial_id": 7, "param_name": "random_seed", "param_value_internal": 0, "distribution": "{\"name\": \"CategoricalDistribution\", \"attributes\": {\"choices\": [42]}}"}
{"op_code": 5, "worker_id": "28ca17f3-2810-4e19-81c0-2b84c69d8fde-140066820978496", "trial_id": 7, "param_name": "degree", "param_value_internal": 0, "distribution": "{\"name\": \"CategoricalDistribution\", \"attributes\": {\"choices\": [3]}}"}
{"op_code": 8, "worker_id": "28ca17f3-2810-4e19-81c0-2b84c69d8fde-140066820978496", "trial_id": 7, "user_attr": {"best_epoch": 8}}
{"op_code": 8, "worker_id": "28ca17f3-2810-4e19-81c0-2b84c69d8fde-140066820978496", "trial_id": 7, "user_attr": {"test_loss": 0.4463537209798822}}
{"op_code": 6, "worker_id": "28ca17f3-2810-4e19-81c0-2b84c69d8fde-140066820978496", "trial_id": 7, "state": 1, "values": [0.4461413261862514], "datetime_complete": "2024-08-21T12:00:03.721526"}
{"op_code": 4, "worker_id": "28ca17f3-2810-4e19-81c0-2b84c69d8fde-140066820978496", "study_id": 0, "datetime_start": "2024-08-21T12:00:03.733777"}
{"op_code": 5, "worker_id": "28ca17f3-2810-4e19-81c0-2b84c69d8fde-140066820978496", "trial_id": 8, "param_name": "lr", "param_value_internal": 4.059611610484306e-05, "distribution": "{\"name\": \"FloatDistribution\", \"attributes\": {\"step\": null, \"low\": 1e-05, \"high\": 0.001, \"log\": true}}"}
{"op_code": 5, "worker_id": "28ca17f3-2810-4e19-81c0-2b84c69d8fde-140066820978496", "trial_id": 8, "param_name": "l2reg", "param_value_internal": 4.2051564509138674e-06, "distribution": "{\"name\": \"FloatDistribution\", \"attributes\": {\"step\": null, \"low\": 1e-08, \"high\": 0.001, \"log\": true}}"}
{"op_code": 5, "worker_id": "28ca17f3-2810-4e19-81c0-2b84c69d8fde-140066820978496", "trial_id": 8, "param_name": "random_seed", "param_value_internal": 0, "distribution": "{\"name\": \"CategoricalDistribution\", \"attributes\": {\"choices\": [42]}}"}
{"op_code": 5, "worker_id": "28ca17f3-2810-4e19-81c0-2b84c69d8fde-140066820978496", "trial_id": 8, "param_name": "degree", "param_value_internal": 0, "distribution": "{\"name\": \"CategoricalDistribution\", \"attributes\": {\"choices\": [3]}}"}
{"op_code": 8, "worker_id": "28ca17f3-2810-4e19-81c0-2b84c69d8fde-140066820978496", "trial_id": 8, "user_attr": {"best_epoch": 4}}
{"op_code": 8, "worker_id": "28ca17f3-2810-4e19-81c0-2b84c69d8fde-140066820978496", "trial_id": 8, "user_attr": {"test_loss": 0.4459274250548131}}
{"op_code": 6, "worker_id": "28ca17f3-2810-4e19-81c0-2b84c69d8fde-140066820978496", "trial_id": 8, "state": 1, "values": [0.44573593609045137], "datetime_complete": "2024-08-21T12:30:39.842528"}
{"op_code": 4, "worker_id": "28ca17f3-2810-4e19-81c0-2b84c69d8fde-140066820978496", "study_id": 0, "datetime_start": "2024-08-21T12:30:39.850804"}
{"op_code": 5, "worker_id": "28ca17f3-2810-4e19-81c0-2b84c69d8fde-140066820978496", "trial_id": 9, "param_name": "lr", "param_value_internal": 7.309539835912905e-05, "distribution": "{\"name\": \"FloatDistribution\", \"attributes\": {\"step\": null, \"low\": 1e-05, \"high\": 0.001, \"log\": true}}"}
{"op_code": 5, "worker_id": "28ca17f3-2810-4e19-81c0-2b84c69d8fde-140066820978496", "trial_id": 9, "param_name": "l2reg", "param_value_internal": 2.8585493941961875e-07, "distribution": "{\"name\": \"FloatDistribution\", \"attributes\": {\"step\": null, \"low\": 1e-08, \"high\": 0.001, \"log\": true}}"}
{"op_code": 5, "worker_id": "28ca17f3-2810-4e19-81c0-2b84c69d8fde-140066820978496", "trial_id": 9, "param_name": "random_seed", "param_value_internal": 0, "distribution": "{\"name\": \"CategoricalDistribution\", \"attributes\": {\"choices\": [42]}}"}
{"op_code": 5, "worker_id": "28ca17f3-2810-4e19-81c0-2b84c69d8fde-140066820978496", "trial_id": 9, "param_name": "degree", "param_value_internal": 0, "distribution": "{\"name\": \"CategoricalDistribution\", \"attributes\": {\"choices\": [3]}}"}
{"op_code": 8, "worker_id": "28ca17f3-2810-4e19-81c0-2b84c69d8fde-140066820978496", "trial_id": 9, "user_attr": {"best_epoch": 2}}
{"op_code": 8, "worker_id": "28ca17f3-2810-4e19-81c0-2b84c69d8fde-140066820978496", "trial_id": 9, "user_attr": {"test_loss": 0.44541394297807535}}
{"op_code": 6, "worker_id": "28ca17f3-2810-4e19-81c0-2b84c69d8fde-140066820978496", "trial_id": 9, "state": 1, "values": [0.44524895896550554], "datetime_complete": "2024-08-21T12:54:07.504180"}
{"op_code": 4, "worker_id": "28ca17f3-2810-4e19-81c0-2b84c69d8fde-140066820978496", "study_id": 0, "datetime_start": "2024-08-21T12:54:07.518765"}
{"op_code": 5, "worker_id": "28ca17f3-2810-4e19-81c0-2b84c69d8fde-140066820978496", "trial_id": 10, "param_name": "lr", "param_value_internal": 0.00018471184590376964, "distribution": "{\"name\": \"FloatDistribution\", \"attributes\": {\"step\": null, \"low\": 1e-05, \"high\": 0.001, \"log\": true}}"}
{"op_code": 5, "worker_id": "28ca17f3-2810-4e19-81c0-2b84c69d8fde-140066820978496", "trial_id": 10, "param_name": "l2reg", "param_value_internal": 3.8521646942747446e-05, "distribution": "{\"name\": \"FloatDistribution\", \"attributes\": {\"step\": null, \"low\": 1e-08, \"high\": 0.001, \"log\": true}}"}
{"op_code": 5, "worker_id": "28ca17f3-2810-4e19-81c0-2b84c69d8fde-140066820978496", "trial_id": 10, "param_name": "random_seed", "param_value_internal": 0, "distribution": "{\"name\": \"CategoricalDistribution\", \"attributes\": {\"choices\": [42]}}"}
{"op_code": 5, "worker_id": "28ca17f3-2810-4e19-81c0-2b84c69d8fde-140066820978496", "trial_id": 10, "param_name": "degree", "param_value_internal": 0, "distribution": "{\"name\": \"CategoricalDistribution\", \"attributes\": {\"choices\": [3]}}"}
{"op_code": 8, "worker_id": "28ca17f3-2810-4e19-81c0-2b84c69d8fde-140066820978496", "trial_id": 10, "user_attr": {"best_epoch": 1}}
{"op_code": 8, "worker_id": "28ca17f3-2810-4e19-81c0-2b84c69d8fde-140066820978496", "trial_id": 10, "user_attr": {"test_loss": 0.4453471899445208}}
{"op_code": 6, "worker_id": "28ca17f3-2810-4e19-81c0-2b84c69d8fde-140066820978496", "trial_id": 10, "state": 1, "values": [0.4451557737802557], "datetime_complete": "2024-08-21T13:14:04.926446"}
{"op_code": 4, "worker_id": "28ca17f3-2810-4e19-81c0-2b84c69d8fde-140066820978496", "study_id": 0, "datetime_start": "2024-08-21T13:14:04.934954"}
{"op_code": 5, "worker_id": "28ca17f3-2810-4e19-81c0-2b84c69d8fde-140066820978496", "trial_id": 11, "param_name": "lr", "param_value_internal": 0.00015320252245209042, "distribution": "{\"name\": \"FloatDistribution\", \"attributes\": {\"step\": null, \"low\": 1e-05, \"high\": 0.001, \"log\": true}}"}
{"op_code": 5, "worker_id": "28ca17f3-2810-4e19-81c0-2b84c69d8fde-140066820978496", "trial_id": 11, "param_name": "l2reg", "param_value_internal": 4.011123221868182e-05, "distribution": "{\"name\": \"FloatDistribution\", \"attributes\": {\"step\": null, \"low\": 1e-08, \"high\": 0.001, \"log\": true}}"}
{"op_code": 5, "worker_id": "28ca17f3-2810-4e19-81c0-2b84c69d8fde-140066820978496", "trial_id": 11, "param_name": "random_seed", "param_value_internal": 0, "distribution": "{\"name\": \"CategoricalDistribution\", \"attributes\": {\"choices\": [42]}}"}
{"op_code": 5, "worker_id": "28ca17f3-2810-4e19-81c0-2b84c69d8fde-140066820978496", "trial_id": 11, "param_name": "degree", "param_value_internal": 0, "distribution": "{\"name\": \"CategoricalDistribution\", \"attributes\": {\"choices\": [3]}}"}
{"op_code": 8, "worker_id": "28ca17f3-2810-4e19-81c0-2b84c69d8fde-140066820978496", "trial_id": 11, "user_attr": {"best_epoch": 1}}
{"op_code": 8, "worker_id": "28ca17f3-2810-4e19-81c0-2b84c69d8fde-140066820978496", "trial_id": 11, "user_attr": {"test_loss": 0.4449463445224409}}
{"op_code": 6, "worker_id": "28ca17f3-2810-4e19-81c0-2b84c69d8fde-140066820978496", "trial_id": 11, "state": 1, "values": [0.44473751300338726], "datetime_complete": "2024-08-21T13:34:00.676560"}
{"op_code": 4, "worker_id": "28ca17f3-2810-4e19-81c0-2b84c69d8fde-140066820978496", "study_id": 0, "datetime_start": "2024-08-21T13:34:00.685057"}
{"op_code": 5, "worker_id": "28ca17f3-2810-4e19-81c0-2b84c69d8fde-140066820978496", "trial_id": 12, "param_name": "lr", "param_value_internal": 0.0001458251474269136, "distribution": "{\"name\": \"FloatDistribution\", \"attributes\": {\"step\": null, \"low\": 1e-05, \"high\": 0.001, \"log\": true}}"}
{"op_code": 5, "worker_id": "28ca17f3-2810-4e19-81c0-2b84c69d8fde-140066820978496", "trial_id": 12, "param_name": "l2reg", "param_value_internal": 4.634380861758262e-05, "distribution": "{\"name\": \"FloatDistribution\", \"attributes\": {\"step\": null, \"low\": 1e-08, \"high\": 0.001, \"log\": true}}"}
{"op_code": 5, "worker_id": "28ca17f3-2810-4e19-81c0-2b84c69d8fde-140066820978496", "trial_id": 12, "param_name": "random_seed", "param_value_internal": 0, "distribution": "{\"name\": \"CategoricalDistribution\", \"attributes\": {\"choices\": [42]}}"}
{"op_code": 5, "worker_id": "28ca17f3-2810-4e19-81c0-2b84c69d8fde-140066820978496", "trial_id": 12, "param_name": "degree", "param_value_internal": 0, "distribution": "{\"name\": \"CategoricalDistribution\", \"attributes\": {\"choices\": [3]}}"}
{"op_code": 8, "worker_id": "28ca17f3-2810-4e19-81c0-2b84c69d8fde-140066820978496", "trial_id": 12, "user_attr": {"best_epoch": 1}}
{"op_code": 8, "worker_id": "28ca17f3-2810-4e19-81c0-2b84c69d8fde-140066820978496", "trial_id": 12, "user_attr": {"test_loss": 0.4448874811448131}}
{"op_code": 6, "worker_id": "28ca17f3-2810-4e19-81c0-2b84c69d8fde-140066820978496", "trial_id": 12, "state": 1, "values": [0.4446745775544339], "datetime_complete": "2024-08-21T13:53:59.212611"}
{"op_code": 4, "worker_id": "28ca17f3-2810-4e19-81c0-2b84c69d8fde-140066820978496", "study_id": 0, "datetime_start": "2024-08-21T13:53:59.221135"}
{"op_code": 5, "worker_id": "28ca17f3-2810-4e19-81c0-2b84c69d8fde-140066820978496", "trial_id": 13, "param_name": "lr", "param_value_internal": 0.0007215064248475351, "distribution": "{\"name\": \"FloatDistribution\", \"attributes\": {\"step\": null, \"low\": 1e-05, \"high\": 0.001, \"log\": true}}"}
{"op_code": 5, "worker_id": "28ca17f3-2810-4e19-81c0-2b84c69d8fde-140066820978496", "trial_id": 13, "param_name": "l2reg", "param_value_internal": 8.51404885716151e-07, "distribution": "{\"name\": \"FloatDistribution\", \"attributes\": {\"step\": null, \"low\": 1e-08, \"high\": 0.001, \"log\": true}}"}
{"op_code": 5, "worker_id": "28ca17f3-2810-4e19-81c0-2b84c69d8fde-140066820978496", "trial_id": 13, "param_name": "random_seed", "param_value_internal": 0, "distribution": "{\"name\": \"CategoricalDistribution\", \"attributes\": {\"choices\": [42]}}"}
{"op_code": 5, "worker_id": "28ca17f3-2810-4e19-81c0-2b84c69d8fde-140066820978496", "trial_id": 13, "param_name": "degree", "param_value_internal": 0, "distribution": "{\"name\": \"CategoricalDistribution\", \"attributes\": {\"choices\": [3]}}"}
{"op_code": 8, "worker_id": "28ca17f3-2810-4e19-81c0-2b84c69d8fde-140066820978496", "trial_id": 13, "user_attr": {"best_epoch": 0}}
{"op_code": 8, "worker_id": "28ca17f3-2810-4e19-81c0-2b84c69d8fde-140066820978496", "trial_id": 13, "user_attr": {"test_loss": 0.44540950731898293}}
{"op_code": 6, "worker_id": "28ca17f3-2810-4e19-81c0-2b84c69d8fde-140066820978496", "trial_id": 13, "state": 1, "values": [0.44534232594003603], "datetime_complete": "2024-08-21T14:10:22.418478"}
{"op_code": 4, "worker_id": "28ca17f3-2810-4e19-81c0-2b84c69d8fde-140066820978496", "study_id": 0, "datetime_start": "2024-08-21T14:10:22.428073"}
{"op_code": 5, "worker_id": "28ca17f3-2810-4e19-81c0-2b84c69d8fde-140066820978496", "trial_id": 14, "param_name": "lr", "param_value_internal": 0.00012448484478535553, "distribution": "{\"name\": \"FloatDistribution\", \"attributes\": {\"step\": null, \"low\": 1e-05, \"high\": 0.001, \"log\": true}}"}
{"op_code": 5, "worker_id": "28ca17f3-2810-4e19-81c0-2b84c69d8fde-140066820978496", "trial_id": 14, "param_name": "l2reg", "param_value_internal": 1.163814228102759e-08, "distribution": "{\"name\": \"FloatDistribution\", \"attributes\": {\"step\": null, \"low\": 1e-08, \"high\": 0.001, \"log\": true}}"}
{"op_code": 5, "worker_id": "28ca17f3-2810-4e19-81c0-2b84c69d8fde-140066820978496", "trial_id": 14, "param_name": "random_seed", "param_value_internal": 0, "distribution": "{\"name\": \"CategoricalDistribution\", \"attributes\": {\"choices\": [42]}}"}
{"op_code": 5, "worker_id": "28ca17f3-2810-4e19-81c0-2b84c69d8fde-140066820978496", "trial_id": 14, "param_name": "degree", "param_value_internal": 0, "distribution": "{\"name\": \"CategoricalDistribution\", \"attributes\": {\"choices\": [3]}}"}
{"op_code": 8, "worker_id": "28ca17f3-2810-4e19-81c0-2b84c69d8fde-140066820978496", "trial_id": 14, "user_attr": {"best_epoch": 1}}
{"op_code": 8, "worker_id": "28ca17f3-2810-4e19-81c0-2b84c69d8fde-140066820978496", "trial_id": 14, "user_attr": {"test_loss": 0.44485097785195427}}
{"op_code": 6, "worker_id": "28ca17f3-2810-4e19-81c0-2b84c69d8fde-140066820978496", "trial_id": 14, "state": 1, "values": [0.4446315298527812], "datetime_complete": "2024-08-21T14:30:17.066877"}
{"op_code": 4, "worker_id": "28ca17f3-2810-4e19-81c0-2b84c69d8fde-140066820978496", "study_id": 0, "datetime_start": "2024-08-21T14:30:17.077238"}
{"op_code": 5, "worker_id": "28ca17f3-2810-4e19-81c0-2b84c69d8fde-140066820978496", "trial_id": 15, "param_name": "lr", "param_value_internal": 9.923734852895986e-05, "distribution": "{\"name\": \"FloatDistribution\", \"attributes\": {\"step\": null, \"low\": 1e-05, \"high\": 0.001, \"log\": true}}"}
{"op_code": 5, "worker_id": "28ca17f3-2810-4e19-81c0-2b84c69d8fde-140066820978496", "trial_id": 15, "param_name": "l2reg", "param_value_internal": 1.2188956543477832e-08, "distribution": "{\"name\": \"FloatDistribution\", \"attributes\": {\"step\": null, \"low\": 1e-08, \"high\": 0.001, \"log\": true}}"}
{"op_code": 5, "worker_id": "28ca17f3-2810-4e19-81c0-2b84c69d8fde-140066820978496", "trial_id": 15, "param_name": "random_seed", "param_value_internal": 0, "distribution": "{\"name\": \"CategoricalDistribution\", \"attributes\": {\"choices\": [42]}}"}
{"op_code": 5, "worker_id": "28ca17f3-2810-4e19-81c0-2b84c69d8fde-140066820978496", "trial_id": 15, "param_name": "degree", "param_value_internal": 0, "distribution": "{\"name\": \"CategoricalDistribution\", \"attributes\": {\"choices\": [3]}}"}
{"op_code": 8, "worker_id": "28ca17f3-2810-4e19-81c0-2b84c69d8fde-140066820978496", "trial_id": 15, "user_attr": {"best_epoch": 1}}
{"op_code": 8, "worker_id": "28ca17f3-2810-4e19-81c0-2b84c69d8fde-140066820978496", "trial_id": 15, "user_attr": {"test_loss": 0.44522953590498787}}
{"op_code": 6, "worker_id": "28ca17f3-2810-4e19-81c0-2b84c69d8fde-140066820978496", "trial_id": 15, "state": 1, "values": [0.4450190318833675], "datetime_complete": "2024-08-21T14:50:16.466484"}
{"op_code": 4, "worker_id": "28ca17f3-2810-4e19-81c0-2b84c69d8fde-140066820978496", "study_id": 0, "datetime_start": "2024-08-21T14:50:16.481877"}
{"op_code": 5, "worker_id": "28ca17f3-2810-4e19-81c0-2b84c69d8fde-140066820978496", "trial_id": 16, "param_name": "lr", "param_value_internal": 0.0003333381808295152, "distribution": "{\"name\": \"FloatDistribution\", \"attributes\": {\"step\": null, \"low\": 1e-05, \"high\": 0.001, \"log\": true}}"}
{"op_code": 5, "worker_id": "28ca17f3-2810-4e19-81c0-2b84c69d8fde-140066820978496", "trial_id": 16, "param_name": "l2reg", "param_value_internal": 9.556902805448399e-07, "distribution": "{\"name\": \"FloatDistribution\", \"attributes\": {\"step\": null, \"low\": 1e-08, \"high\": 0.001, \"log\": true}}"}
{"op_code": 5, "worker_id": "28ca17f3-2810-4e19-81c0-2b84c69d8fde-140066820978496", "trial_id": 16, "param_name": "random_seed", "param_value_internal": 0, "distribution": "{\"name\": \"CategoricalDistribution\", \"attributes\": {\"choices\": [42]}}"}
{"op_code": 5, "worker_id": "28ca17f3-2810-4e19-81c0-2b84c69d8fde-140066820978496", "trial_id": 16, "param_name": "degree", "param_value_internal": 0, "distribution": "{\"name\": \"CategoricalDistribution\", \"attributes\": {\"choices\": [3]}}"}
{"op_code": 8, "worker_id": "28ca17f3-2810-4e19-81c0-2b84c69d8fde-140066820978496", "trial_id": 16, "user_attr": {"best_epoch": 0}}
{"op_code": 8, "worker_id": "28ca17f3-2810-4e19-81c0-2b84c69d8fde-140066820978496", "trial_id": 16, "user_attr": {"test_loss": 0.44530021558757504}}
{"op_code": 6, "worker_id": "28ca17f3-2810-4e19-81c0-2b84c69d8fde-140066820978496", "trial_id": 16, "state": 1, "values": [0.44518805955649526], "datetime_complete": "2024-08-21T15:06:40.025542"}
{"op_code": 4, "worker_id": "28ca17f3-2810-4e19-81c0-2b84c69d8fde-140066820978496", "study_id": 0, "datetime_start": "2024-08-21T15:06:40.034047"}
{"op_code": 5, "worker_id": "28ca17f3-2810-4e19-81c0-2b84c69d8fde-140066820978496", "trial_id": 17, "param_name": "lr", "param_value_internal": 0.0009024078553994887, "distribution": "{\"name\": \"FloatDistribution\", \"attributes\": {\"step\": null, \"low\": 1e-05, \"high\": 0.001, \"log\": true}}"}
{"op_code": 5, "worker_id": "28ca17f3-2810-4e19-81c0-2b84c69d8fde-140066820978496", "trial_id": 17, "param_name": "l2reg", "param_value_internal": 1.2593672273583213e-08, "distribution": "{\"name\": \"FloatDistribution\", \"attributes\": {\"step\": null, \"low\": 1e-08, \"high\": 0.001, \"log\": true}}"}
{"op_code": 5, "worker_id": "28ca17f3-2810-4e19-81c0-2b84c69d8fde-140066820978496", "trial_id": 17, "param_name": "random_seed", "param_value_internal": 0, "distribution": "{\"name\": \"CategoricalDistribution\", \"attributes\": {\"choices\": [42]}}"}
{"op_code": 5, "worker_id": "28ca17f3-2810-4e19-81c0-2b84c69d8fde-140066820978496", "trial_id": 17, "param_name": "degree", "param_value_internal": 0, "distribution": "{\"name\": \"CategoricalDistribution\", \"attributes\": {\"choices\": [3]}}"}
{"op_code": 8, "worker_id": "28ca17f3-2810-4e19-81c0-2b84c69d8fde-140066820978496", "trial_id": 17, "user_attr": {"best_epoch": 0}}
{"op_code": 8, "worker_id": "28ca17f3-2810-4e19-81c0-2b84c69d8fde-140066820978496", "trial_id": 17, "user_attr": {"test_loss": 0.4456016586165514}}
{"op_code": 6, "worker_id": "28ca17f3-2810-4e19-81c0-2b84c69d8fde-140066820978496", "trial_id": 17, "state": 1, "values": [0.4455404035402081], "datetime_complete": "2024-08-21T15:23:04.763128"}
{"op_code": 4, "worker_id": "28ca17f3-2810-4e19-81c0-2b84c69d8fde-140066820978496", "study_id": 0, "datetime_start": "2024-08-21T15:23:04.771697"}
{"op_code": 5, "worker_id": "28ca17f3-2810-4e19-81c0-2b84c69d8fde-140066820978496", "trial_id": 18, "param_name": "lr", "param_value_internal": 3.4545122750854934e-05, "distribution": "{\"name\": \"FloatDistribution\", \"attributes\": {\"step\": null, \"low\": 1e-05, \"high\": 0.001, \"log\": true}}"}
{"op_code": 5, "worker_id": "28ca17f3-2810-4e19-81c0-2b84c69d8fde-140066820978496", "trial_id": 18, "param_name": "l2reg", "param_value_internal": 9.086950863125907e-06, "distribution": "{\"name\": \"FloatDistribution\", \"attributes\": {\"step\": null, \"low\": 1e-08, \"high\": 0.001, \"log\": true}}"}
{"op_code": 5, "worker_id": "28ca17f3-2810-4e19-81c0-2b84c69d8fde-140066820978496", "trial_id": 18, "param_name": "random_seed", "param_value_internal": 0, "distribution": "{\"name\": \"CategoricalDistribution\", \"attributes\": {\"choices\": [42]}}"}
{"op_code": 5, "worker_id": "28ca17f3-2810-4e19-81c0-2b84c69d8fde-140066820978496", "trial_id": 18, "param_name": "degree", "param_value_internal": 0, "distribution": "{\"name\": \"CategoricalDistribution\", \"attributes\": {\"choices\": [3]}}"}
{"op_code": 8, "worker_id": "28ca17f3-2810-4e19-81c0-2b84c69d8fde-140066820978496", "trial_id": 18, "user_attr": {"best_epoch": 5}}
{"op_code": 8, "worker_id": "28ca17f3-2810-4e19-81c0-2b84c69d8fde-140066820978496", "trial_id": 18, "user_attr": {"test_loss": 0.4460200648856938}}
{"op_code": 6, "worker_id": "28ca17f3-2810-4e19-81c0-2b84c69d8fde-140066820978496", "trial_id": 18, "state": 1, "values": [0.4458573349720546], "datetime_complete": "2024-08-21T15:57:16.016343"}
{"op_code": 4, "worker_id": "28ca17f3-2810-4e19-81c0-2b84c69d8fde-140066820978496", "study_id": 0, "datetime_start": "2024-08-21T15:57:16.025154"}
{"op_code": 5, "worker_id": "28ca17f3-2810-4e19-81c0-2b84c69d8fde-140066820978496", "trial_id": 19, "param_name": "lr", "param_value_internal": 9.889558051357854e-05, "distribution": "{\"name\": \"FloatDistribution\", \"attributes\": {\"step\": null, \"low\": 1e-05, \"high\": 0.001, \"log\": true}}"}
{"op_code": 5, "worker_id": "28ca17f3-2810-4e19-81c0-2b84c69d8fde-140066820978496", "trial_id": 19, "param_name": "l2reg", "param_value_internal": 0.0001232213585329344, "distribution": "{\"name\": \"FloatDistribution\", \"attributes\": {\"step\": null, \"low\": 1e-08, \"high\": 0.001, \"log\": true}}"}
{"op_code": 5, "worker_id": "28ca17f3-2810-4e19-81c0-2b84c69d8fde-140066820978496", "trial_id": 19, "param_name": "random_seed", "param_value_internal": 0, "distribution": "{\"name\": \"CategoricalDistribution\", \"attributes\": {\"choices\": [42]}}"}
{"op_code": 5, "worker_id": "28ca17f3-2810-4e19-81c0-2b84c69d8fde-140066820978496", "trial_id": 19, "param_name": "degree", "param_value_internal": 0, "distribution": "{\"name\": \"CategoricalDistribution\", \"attributes\": {\"choices\": [3]}}"}
{"op_code": 8, "worker_id": "28ca17f3-2810-4e19-81c0-2b84c69d8fde-140066820978496", "trial_id": 19, "user_attr": {"best_epoch": 1}}
{"op_code": 8, "worker_id": "28ca17f3-2810-4e19-81c0-2b84c69d8fde-140066820978496", "trial_id": 19, "user_attr": {"test_loss": 0.4452396797483222}}
{"op_code": 6, "worker_id": "28ca17f3-2810-4e19-81c0-2b84c69d8fde-140066820978496", "trial_id": 19, "state": 1, "values": [0.44502848492596014], "datetime_complete": "2024-08-21T16:17:12.849974"}
{"op_code": 4, "worker_id": "28ca17f3-2810-4e19-81c0-2b84c69d8fde-140066820978496", "study_id": 0, "datetime_start": "2024-08-21T16:17:12.858884"}
{"op_code": 5, "worker_id": "28ca17f3-2810-4e19-81c0-2b84c69d8fde-140066820978496", "trial_id": 20, "param_name": "lr", "param_value_internal": 0.0002337184988407191, "distribution": "{\"name\": \"FloatDistribution\", \"attributes\": {\"step\": null, \"low\": 1e-05, \"high\": 0.001, \"log\": true}}"}
{"op_code": 5, "worker_id": "28ca17f3-2810-4e19-81c0-2b84c69d8fde-140066820978496", "trial_id": 20, "param_name": "l2reg", "param_value_internal": 6.276091013612694e-07, "distribution": "{\"name\": \"FloatDistribution\", \"attributes\": {\"step\": null, \"low\": 1e-08, \"high\": 0.001, \"log\": true}}"}
{"op_code": 5, "worker_id": "28ca17f3-2810-4e19-81c0-2b84c69d8fde-140066820978496", "trial_id": 20, "param_name": "random_seed", "param_value_internal": 0, "distribution": "{\"name\": \"CategoricalDistribution\", \"attributes\": {\"choices\": [42]}}"}
{"op_code": 5, "worker_id": "28ca17f3-2810-4e19-81c0-2b84c69d8fde-140066820978496", "trial_id": 20, "param_name": "degree", "param_value_internal": 0, "distribution": "{\"name\": \"CategoricalDistribution\", \"attributes\": {\"choices\": [3]}}"}
{"op_code": 8, "worker_id": "28ca17f3-2810-4e19-81c0-2b84c69d8fde-140066820978496", "trial_id": 20, "user_attr": {"best_epoch": 0}}
{"op_code": 8, "worker_id": "28ca17f3-2810-4e19-81c0-2b84c69d8fde-140066820978496", "trial_id": 20, "user_attr": {"test_loss": 0.44546208078658633}}
{"op_code": 6, "worker_id": "28ca17f3-2810-4e19-81c0-2b84c69d8fde-140066820978496", "trial_id": 20, "state": 1, "values": [0.4453200022163749], "datetime_complete": "2024-08-21T16:33:31.086978"}
{"op_code": 4, "worker_id": "28ca17f3-2810-4e19-81c0-2b84c69d8fde-140066820978496", "study_id": 0, "datetime_start": "2024-08-21T16:33:31.099581"}
{"op_code": 5, "worker_id": "28ca17f3-2810-4e19-81c0-2b84c69d8fde-140066820978496", "trial_id": 21, "param_name": "lr", "param_value_internal": 0.00014724373775961458, "distribution": "{\"name\": \"FloatDistribution\", \"attributes\": {\"step\": null, \"low\": 1e-05, \"high\": 0.001, \"log\": true}}"}
{"op_code": 5, "worker_id": "28ca17f3-2810-4e19-81c0-2b84c69d8fde-140066820978496", "trial_id": 21, "param_name": "l2reg", "param_value_internal": 4.2163621292191355e-05, "distribution": "{\"name\": \"FloatDistribution\", \"attributes\": {\"step\": null, \"low\": 1e-08, \"high\": 0.001, \"log\": true}}"}
{"op_code": 5, "worker_id": "28ca17f3-2810-4e19-81c0-2b84c69d8fde-140066820978496", "trial_id": 21, "param_name": "random_seed", "param_value_internal": 0, "distribution": "{\"name\": \"CategoricalDistribution\", \"attributes\": {\"choices\": [42]}}"}
{"op_code": 5, "worker_id": "28ca17f3-2810-4e19-81c0-2b84c69d8fde-140066820978496", "trial_id": 21, "param_name": "degree", "param_value_internal": 0, "distribution": "{\"name\": \"CategoricalDistribution\", \"attributes\": {\"choices\": [3]}}"}
{"op_code": 8, "worker_id": "28ca17f3-2810-4e19-81c0-2b84c69d8fde-140066820978496", "trial_id": 21, "user_attr": {"best_epoch": 1}}
{"op_code": 8, "worker_id": "28ca17f3-2810-4e19-81c0-2b84c69d8fde-140066820978496", "trial_id": 21, "user_attr": {"test_loss": 0.4448974431988403}}
{"op_code": 6, "worker_id": "28ca17f3-2810-4e19-81c0-2b84c69d8fde-140066820978496", "trial_id": 21, "state": 1, "values": [0.4446849031855736], "datetime_complete": "2024-08-21T16:53:27.397099"}
{"op_code": 4, "worker_id": "28ca17f3-2810-4e19-81c0-2b84c69d8fde-140066820978496", "study_id": 0, "datetime_start": "2024-08-21T16:53:27.405526"}
{"op_code": 5, "worker_id": "28ca17f3-2810-4e19-81c0-2b84c69d8fde-140066820978496", "trial_id": 22, "param_name": "lr", "param_value_internal": 0.00012001629444458152, "distribution": "{\"name\": \"FloatDistribution\", \"attributes\": {\"step\": null, \"low\": 1e-05, \"high\": 0.001, \"log\": true}}"}
{"op_code": 5, "worker_id": "28ca17f3-2810-4e19-81c0-2b84c69d8fde-140066820978496", "trial_id": 22, "param_name": "l2reg", "param_value_internal": 0.00014754880188387137, "distribution": "{\"name\": \"FloatDistribution\", \"attributes\": {\"step\": null, \"low\": 1e-08, \"high\": 0.001, \"log\": true}}"}
{"op_code": 5, "worker_id": "28ca17f3-2810-4e19-81c0-2b84c69d8fde-140066820978496", "trial_id": 22, "param_name": "random_seed", "param_value_internal": 0, "distribution": "{\"name\": \"CategoricalDistribution\", \"attributes\": {\"choices\": [42]}}"}
{"op_code": 5, "worker_id": "28ca17f3-2810-4e19-81c0-2b84c69d8fde-140066820978496", "trial_id": 22, "param_name": "degree", "param_value_internal": 0, "distribution": "{\"name\": \"CategoricalDistribution\", \"attributes\": {\"choices\": [3]}}"}
{"op_code": 8, "worker_id": "28ca17f3-2810-4e19-81c0-2b84c69d8fde-140066820978496", "trial_id": 22, "user_attr": {"best_epoch": 1}}
{"op_code": 8, "worker_id": "28ca17f3-2810-4e19-81c0-2b84c69d8fde-140066820978496", "trial_id": 22, "user_attr": {"test_loss": 0.444876828291419}}
{"op_code": 6, "worker_id": "28ca17f3-2810-4e19-81c0-2b84c69d8fde-140066820978496", "trial_id": 22, "state": 1, "values": [0.4446574166463426], "datetime_complete": "2024-08-21T17:13:22.659326"}
{"op_code": 4, "worker_id": "28ca17f3-2810-4e19-81c0-2b84c69d8fde-140066820978496", "study_id": 0, "datetime_start": "2024-08-21T17:13:22.673875"}
{"op_code": 5, "worker_id": "28ca17f3-2810-4e19-81c0-2b84c69d8fde-140066820978496", "trial_id": 23, "param_name": "lr", "param_value_internal": 7.585946441763878e-05, "distribution": "{\"name\": \"FloatDistribution\", \"attributes\": {\"step\": null, \"low\": 1e-05, \"high\": 0.001, \"log\": true}}"}
{"op_code": 5, "worker_id": "28ca17f3-2810-4e19-81c0-2b84c69d8fde-140066820978496", "trial_id": 23, "param_name": "l2reg", "param_value_internal": 0.0001704835873540374, "distribution": "{\"name\": \"FloatDistribution\", \"attributes\": {\"step\": null, \"low\": 1e-08, \"high\": 0.001, \"log\": true}}"}
{"op_code": 5, "worker_id": "28ca17f3-2810-4e19-81c0-2b84c69d8fde-140066820978496", "trial_id": 23, "param_name": "random_seed", "param_value_internal": 0, "distribution": "{\"name\": \"CategoricalDistribution\", \"attributes\": {\"choices\": [42]}}"}
{"op_code": 5, "worker_id": "28ca17f3-2810-4e19-81c0-2b84c69d8fde-140066820978496", "trial_id": 23, "param_name": "degree", "param_value_internal": 0, "distribution": "{\"name\": \"CategoricalDistribution\", \"attributes\": {\"choices\": [3]}}"}
{"op_code": 8, "worker_id": "28ca17f3-2810-4e19-81c0-2b84c69d8fde-140066820978496", "trial_id": 23, "user_attr": {"best_epoch": 2}}
{"op_code": 8, "worker_id": "28ca17f3-2810-4e19-81c0-2b84c69d8fde-140066820978496", "trial_id": 23, "user_attr": {"test_loss": 0.44539347350209973}}
{"op_code": 6, "worker_id": "28ca17f3-2810-4e19-81c0-2b84c69d8fde-140066820978496", "trial_id": 23, "state": 1, "values": [0.44522594444257807], "datetime_complete": "2024-08-21T17:36:51.736514"}
{"op_code": 4, "worker_id": "28ca17f3-2810-4e19-81c0-2b84c69d8fde-140066820978496", "study_id": 0, "datetime_start": "2024-08-21T17:36:51.745031"}
{"op_code": 5, "worker_id": "28ca17f3-2810-4e19-81c0-2b84c69d8fde-140066820978496", "trial_id": 24, "param_name": "lr", "param_value_internal": 0.0004943018624063403, "distribution": "{\"name\": \"FloatDistribution\", \"attributes\": {\"step\": null, \"low\": 1e-05, \"high\": 0.001, \"log\": true}}"}
{"op_code": 5, "worker_id": "28ca17f3-2810-4e19-81c0-2b84c69d8fde-140066820978496", "trial_id": 24, "param_name": "l2reg", "param_value_internal": 1.5071363649604151e-05, "distribution": "{\"name\": \"FloatDistribution\", \"attributes\": {\"step\": null, \"low\": 1e-08, \"high\": 0.001, \"log\": true}}"}
{"op_code": 5, "worker_id": "28ca17f3-2810-4e19-81c0-2b84c69d8fde-140066820978496", "trial_id": 24, "param_name": "random_seed", "param_value_internal": 0, "distribution": "{\"name\": \"CategoricalDistribution\", \"attributes\": {\"choices\": [42]}}"}
{"op_code": 5, "worker_id": "28ca17f3-2810-4e19-81c0-2b84c69d8fde-140066820978496", "trial_id": 24, "param_name": "degree", "param_value_internal": 0, "distribution": "{\"name\": \"CategoricalDistribution\", \"attributes\": {\"choices\": [3]}}"}
{"op_code": 8, "worker_id": "28ca17f3-2810-4e19-81c0-2b84c69d8fde-140066820978496", "trial_id": 24, "user_attr": {"best_epoch": 0}}
{"op_code": 8, "worker_id": "28ca17f3-2810-4e19-81c0-2b84c69d8fde-140066820978496", "trial_id": 24, "user_attr": {"test_loss": 0.4453148314478631}}
{"op_code": 6, "worker_id": "28ca17f3-2810-4e19-81c0-2b84c69d8fde-140066820978496", "trial_id": 24, "state": 1, "values": [0.44521183759440136], "datetime_complete": "2024-08-21T17:53:12.120871"}
{"op_code": 4, "worker_id": "28ca17f3-2810-4e19-81c0-2b84c69d8fde-140066820978496", "study_id": 0, "datetime_start": "2024-08-21T17:53:12.129854"}
{"op_code": 5, "worker_id": "28ca17f3-2810-4e19-81c0-2b84c69d8fde-140066820978496", "trial_id": 25, "param_name": "lr", "param_value_internal": 0.00011275218204905119, "distribution": "{\"name\": \"FloatDistribution\", \"attributes\": {\"step\": null, \"low\": 1e-05, \"high\": 0.001, \"log\": true}}"}
{"op_code": 5, "worker_id": "28ca17f3-2810-4e19-81c0-2b84c69d8fde-140066820978496", "trial_id": 25, "param_name": "l2reg", "param_value_internal": 3.19791758703069e-06, "distribution": "{\"name\": \"FloatDistribution\", \"attributes\": {\"step\": null, \"low\": 1e-08, \"high\": 0.001, \"log\": true}}"}
{"op_code": 5, "worker_id": "28ca17f3-2810-4e19-81c0-2b84c69d8fde-140066820978496", "trial_id": 25, "param_name": "random_seed", "param_value_internal": 0, "distribution": "{\"name\": \"CategoricalDistribution\", \"attributes\": {\"choices\": [42]}}"}
{"op_code": 5, "worker_id": "28ca17f3-2810-4e19-81c0-2b84c69d8fde-140066820978496", "trial_id": 25, "param_name": "degree", "param_value_internal": 0, "distribution": "{\"name\": \"CategoricalDistribution\", \"attributes\": {\"choices\": [3]}}"}
{"op_code": 8, "worker_id": "28ca17f3-2810-4e19-81c0-2b84c69d8fde-140066820978496", "trial_id": 25, "user_attr": {"best_epoch": 1}}
{"op_code": 8, "worker_id": "28ca17f3-2810-4e19-81c0-2b84c69d8fde-140066820978496", "trial_id": 25, "user_attr": {"test_loss": 0.444952598074604}}
{"op_code": 6, "worker_id": "28ca17f3-2810-4e19-81c0-2b84c69d8fde-140066820978496", "trial_id": 25, "state": 1, "values": [0.4447338772177747], "datetime_complete": "2024-08-21T18:13:07.893111"}
{"op_code": 4, "worker_id": "28ca17f3-2810-4e19-81c0-2b84c69d8fde-140066820978496", "study_id": 0, "datetime_start": "2024-08-21T18:13:07.902066"}
{"op_code": 5, "worker_id": "28ca17f3-2810-4e19-81c0-2b84c69d8fde-140066820978496", "trial_id": 26, "param_name": "lr", "param_value_internal": 4.968034549438472e-05, "distribution": "{\"name\": \"FloatDistribution\", \"attributes\": {\"step\": null, \"low\": 1e-05, \"high\": 0.001, \"log\": true}}"}
{"op_code": 5, "worker_id": "28ca17f3-2810-4e19-81c0-2b84c69d8fde-140066820978496", "trial_id": 26, "param_name": "l2reg", "param_value_internal": 0.00010704404671835294, "distribution": "{\"name\": \"FloatDistribution\", \"attributes\": {\"step\": null, \"low\": 1e-08, \"high\": 0.001, \"log\": true}}"}
{"op_code": 5, "worker_id": "28ca17f3-2810-4e19-81c0-2b84c69d8fde-140066820978496", "trial_id": 26, "param_name": "random_seed", "param_value_internal": 0, "distribution": "{\"name\": \"CategoricalDistribution\", \"attributes\": {\"choices\": [42]}}"}
{"op_code": 5, "worker_id": "28ca17f3-2810-4e19-81c0-2b84c69d8fde-140066820978496", "trial_id": 26, "param_name": "degree", "param_value_internal": 0, "distribution": "{\"name\": \"CategoricalDistribution\", \"attributes\": {\"choices\": [3]}}"}
{"op_code": 8, "worker_id": "28ca17f3-2810-4e19-81c0-2b84c69d8fde-140066820978496", "trial_id": 26, "user_attr": {"best_epoch": 3}}
{"op_code": 8, "worker_id": "28ca17f3-2810-4e19-81c0-2b84c69d8fde-140066820978496", "trial_id": 26, "user_attr": {"test_loss": 0.44569517103610595}}
{"op_code": 6, "worker_id": "28ca17f3-2810-4e19-81c0-2b84c69d8fde-140066820978496", "trial_id": 26, "state": 1, "values": [0.44549913737350555], "datetime_complete": "2024-08-21T18:40:14.088692"}
{"op_code": 4, "worker_id": "28ca17f3-2810-4e19-81c0-2b84c69d8fde-140066820978496", "study_id": 0, "datetime_start": "2024-08-21T18:40:14.109562"}
{"op_code": 5, "worker_id": "28ca17f3-2810-4e19-81c0-2b84c69d8fde-140066820978496", "trial_id": 27, "param_name": "lr", "param_value_internal": 0.00023793537960598534, "distribution": "{\"name\": \"FloatDistribution\", \"attributes\": {\"step\": null, \"low\": 1e-05, \"high\": 0.001, \"log\": true}}"}
{"op_code": 5, "worker_id": "28ca17f3-2810-4e19-81c0-2b84c69d8fde-140066820978496", "trial_id": 27, "param_name": "l2reg", "param_value_internal": 0.0003023076057793241, "distribution": "{\"name\": \"FloatDistribution\", \"attributes\": {\"step\": null, \"low\": 1e-08, \"high\": 0.001, \"log\": true}}"}
{"op_code": 5, "worker_id": "28ca17f3-2810-4e19-81c0-2b84c69d8fde-140066820978496", "trial_id": 27, "param_name": "random_seed", "param_value_internal": 0, "distribution": "{\"name\": \"CategoricalDistribution\", \"attributes\": {\"choices\": [42]}}"}
{"op_code": 5, "worker_id": "28ca17f3-2810-4e19-81c0-2b84c69d8fde-140066820978496", "trial_id": 27, "param_name": "degree", "param_value_internal": 0, "distribution": "{\"name\": \"CategoricalDistribution\", \"attributes\": {\"choices\": [3]}}"}
{"op_code": 8, "worker_id": "28ca17f3-2810-4e19-81c0-2b84c69d8fde-140066820978496", "trial_id": 27, "user_attr": {"best_epoch": 0}}
{"op_code": 8, "worker_id": "28ca17f3-2810-4e19-81c0-2b84c69d8fde-140066820978496", "trial_id": 27, "user_attr": {"test_loss": 0.44543528504272484}}
{"op_code": 6, "worker_id": "28ca17f3-2810-4e19-81c0-2b84c69d8fde-140066820978496", "trial_id": 27, "state": 1, "values": [0.44529531523206567], "datetime_complete": "2024-08-21T18:56:37.901794"}
{"op_code": 4, "worker_id": "28ca17f3-2810-4e19-81c0-2b84c69d8fde-140066820978496", "study_id": 0, "datetime_start": "2024-08-21T18:56:37.910747"}
{"op_code": 5, "worker_id": "28ca17f3-2810-4e19-81c0-2b84c69d8fde-140066820978496", "trial_id": 28, "param_name": "lr", "param_value_internal": 0.00011987516781133423, "distribution": "{\"name\": \"FloatDistribution\", \"attributes\": {\"step\": null, \"low\": 1e-05, \"high\": 0.001, \"log\": true}}"}
{"op_code": 5, "worker_id": "28ca17f3-2810-4e19-81c0-2b84c69d8fde-140066820978496", "trial_id": 28, "param_name": "l2reg", "param_value_internal": 3.32821716035647e-08, "distribution": "{\"name\": \"FloatDistribution\", \"attributes\": {\"step\": null, \"low\": 1e-08, \"high\": 0.001, \"log\": true}}"}
{"op_code": 5, "worker_id": "28ca17f3-2810-4e19-81c0-2b84c69d8fde-140066820978496", "trial_id": 28, "param_name": "random_seed", "param_value_internal": 0, "distribution": "{\"name\": \"CategoricalDistribution\", \"attributes\": {\"choices\": [42]}}"}
{"op_code": 5, "worker_id": "28ca17f3-2810-4e19-81c0-2b84c69d8fde-140066820978496", "trial_id": 28, "param_name": "degree", "param_value_internal": 0, "distribution": "{\"name\": \"CategoricalDistribution\", \"attributes\": {\"choices\": [3]}}"}
{"op_code": 8, "worker_id": "28ca17f3-2810-4e19-81c0-2b84c69d8fde-140066820978496", "trial_id": 28, "user_attr": {"best_epoch": 1}}
{"op_code": 8, "worker_id": "28ca17f3-2810-4e19-81c0-2b84c69d8fde-140066820978496", "trial_id": 28, "user_attr": {"test_loss": 0.4448776281643701}}
{"op_code": 6, "worker_id": "28ca17f3-2810-4e19-81c0-2b84c69d8fde-140066820978496", "trial_id": 28, "state": 1, "values": [0.4446586528134509], "datetime_complete": "2024-08-21T19:16:35.279449"}
{"op_code": 4, "worker_id": "28ca17f3-2810-4e19-81c0-2b84c69d8fde-140066820978496", "study_id": 0, "datetime_start": "2024-08-21T19:16:35.288014"}
{"op_code": 5, "worker_id": "28ca17f3-2810-4e19-81c0-2b84c69d8fde-140066820978496", "trial_id": 29, "param_name": "lr", "param_value_internal": 6.481357086517042e-05, "distribution": "{\"name\": \"FloatDistribution\", \"attributes\": {\"step\": null, \"low\": 1e-05, \"high\": 0.001, \"log\": true}}"}
{"op_code": 5, "worker_id": "28ca17f3-2810-4e19-81c0-2b84c69d8fde-140066820978496", "trial_id": 29, "param_name": "l2reg", "param_value_internal": 2.753317922185845e-08, "distribution": "{\"name\": \"FloatDistribution\", \"attributes\": {\"step\": null, \"low\": 1e-08, \"high\": 0.001, \"log\": true}}"}
{"op_code": 5, "worker_id": "28ca17f3-2810-4e19-81c0-2b84c69d8fde-140066820978496", "trial_id": 29, "param_name": "random_seed", "param_value_internal": 0, "distribution": "{\"name\": \"CategoricalDistribution\", \"attributes\": {\"choices\": [42]}}"}
{"op_code": 5, "worker_id": "28ca17f3-2810-4e19-81c0-2b84c69d8fde-140066820978496", "trial_id": 29, "param_name": "degree", "param_value_internal": 0, "distribution": "{\"name\": \"CategoricalDistribution\", \"attributes\": {\"choices\": [3]}}"}
{"op_code": 8, "worker_id": "28ca17f3-2810-4e19-81c0-2b84c69d8fde-140066820978496", "trial_id": 29, "user_attr": {"best_epoch": 2}}
{"op_code": 8, "worker_id": "28ca17f3-2810-4e19-81c0-2b84c69d8fde-140066820978496", "trial_id": 29, "user_attr": {"test_loss": 0.44561518374099707}}
{"op_code": 6, "worker_id": "28ca17f3-2810-4e19-81c0-2b84c69d8fde-140066820978496", "trial_id": 29, "state": 1, "values": [0.44545936187890417], "datetime_complete": "2024-08-21T19:40:02.989578"}
{"op_code": 4, "worker_id": "28ca17f3-2810-4e19-81c0-2b84c69d8fde-140066820978496", "study_id": 0, "datetime_start": "2024-08-21T19:40:02.999305"}
{"op_code": 5, "worker_id": "28ca17f3-2810-4e19-81c0-2b84c69d8fde-140066820978496", "trial_id": 30, "param_name": "lr", "param_value_internal": 0.00010597618612147148, "distribution": "{\"name\": \"FloatDistribution\", \"attributes\": {\"step\": null, \"low\": 1e-05, \"high\": 0.001, \"log\": true}}"}
{"op_code": 5, "worker_id": "28ca17f3-2810-4e19-81c0-2b84c69d8fde-140066820978496", "trial_id": 30, "param_name": "l2reg", "param_value_internal": 3.647214728780026e-08, "distribution": "{\"name\": \"FloatDistribution\", \"attributes\": {\"step\": null, \"low\": 1e-08, \"high\": 0.001, \"log\": true}}"}
{"op_code": 5, "worker_id": "28ca17f3-2810-4e19-81c0-2b84c69d8fde-140066820978496", "trial_id": 30, "param_name": "random_seed", "param_value_internal": 0, "distribution": "{\"name\": \"CategoricalDistribution\", \"attributes\": {\"choices\": [42]}}"}
{"op_code": 5, "worker_id": "28ca17f3-2810-4e19-81c0-2b84c69d8fde-140066820978496", "trial_id": 30, "param_name": "degree", "param_value_internal": 0, "distribution": "{\"name\": \"CategoricalDistribution\", \"attributes\": {\"choices\": [3]}}"}
{"op_code": 8, "worker_id": "28ca17f3-2810-4e19-81c0-2b84c69d8fde-140066820978496", "trial_id": 30, "user_attr": {"best_epoch": 1}}
{"op_code": 8, "worker_id": "28ca17f3-2810-4e19-81c0-2b84c69d8fde-140066820978496", "trial_id": 30, "user_attr": {"test_loss": 0.44506654361227277}}
{"op_code": 6, "worker_id": "28ca17f3-2810-4e19-81c0-2b84c69d8fde-140066820978496", "trial_id": 30, "state": 1, "values": [0.44485084044093065], "datetime_complete": "2024-08-21T19:59:52.092167"}
{"op_code": 4, "worker_id": "28ca17f3-2810-4e19-81c0-2b84c69d8fde-140066820978496", "study_id": 0, "datetime_start": "2024-08-21T19:59:52.102921"}
{"op_code": 5, "worker_id": "28ca17f3-2810-4e19-81c0-2b84c69d8fde-140066820978496", "trial_id": 31, "param_name": "lr", "param_value_internal": 0.00013019997340778204, "distribution": "{\"name\": \"FloatDistribution\", \"attributes\": {\"step\": null, \"low\": 1e-05, \"high\": 0.001, \"log\": true}}"}
{"op_code": 5, "worker_id": "28ca17f3-2810-4e19-81c0-2b84c69d8fde-140066820978496", "trial_id": 31, "param_name": "l2reg", "param_value_internal": 0.0008988797372924934, "distribution": "{\"name\": \"FloatDistribution\", \"attributes\": {\"step\": null, \"low\": 1e-08, \"high\": 0.001, \"log\": true}}"}
{"op_code": 5, "worker_id": "28ca17f3-2810-4e19-81c0-2b84c69d8fde-140066820978496", "trial_id": 31, "param_name": "random_seed", "param_value_internal": 0, "distribution": "{\"name\": \"CategoricalDistribution\", \"attributes\": {\"choices\": [42]}}"}
{"op_code": 5, "worker_id": "28ca17f3-2810-4e19-81c0-2b84c69d8fde-140066820978496", "trial_id": 31, "param_name": "degree", "param_value_internal": 0, "distribution": "{\"name\": \"CategoricalDistribution\", \"attributes\": {\"choices\": [3]}}"}
{"op_code": 8, "worker_id": "28ca17f3-2810-4e19-81c0-2b84c69d8fde-140066820978496", "trial_id": 31, "user_attr": {"best_epoch": 1}}
{"op_code": 8, "worker_id": "28ca17f3-2810-4e19-81c0-2b84c69d8fde-140066820978496", "trial_id": 31, "user_attr": {"test_loss": 0.4448147290641254}}
{"op_code": 6, "worker_id": "28ca17f3-2810-4e19-81c0-2b84c69d8fde-140066820978496", "trial_id": 31, "state": 1, "values": [0.4445973171101671], "datetime_complete": "2024-08-21T20:19:44.836237"}
{"op_code": 4, "worker_id": "28ca17f3-2810-4e19-81c0-2b84c69d8fde-140066820978496", "study_id": 0, "datetime_start": "2024-08-21T20:19:44.856907"}
{"op_code": 5, "worker_id": "28ca17f3-2810-4e19-81c0-2b84c69d8fde-140066820978496", "trial_id": 32, "param_name": "lr", "param_value_internal": 0.00023980062751160518, "distribution": "{\"name\": \"FloatDistribution\", \"attributes\": {\"step\": null, \"low\": 1e-05, \"high\": 0.001, \"log\": true}}"}
{"op_code": 5, "worker_id": "28ca17f3-2810-4e19-81c0-2b84c69d8fde-140066820978496", "trial_id": 32, "param_name": "l2reg", "param_value_internal": 0.0008564121931057162, "distribution": "{\"name\": \"FloatDistribution\", \"attributes\": {\"step\": null, \"low\": 1e-08, \"high\": 0.001, \"log\": true}}"}
{"op_code": 5, "worker_id": "28ca17f3-2810-4e19-81c0-2b84c69d8fde-140066820978496", "trial_id": 32, "param_name": "random_seed", "param_value_internal": 0, "distribution": "{\"name\": \"CategoricalDistribution\", \"attributes\": {\"choices\": [42]}}"}
{"op_code": 5, "worker_id": "28ca17f3-2810-4e19-81c0-2b84c69d8fde-140066820978496", "trial_id": 32, "param_name": "degree", "param_value_internal": 0, "distribution": "{\"name\": \"CategoricalDistribution\", \"attributes\": {\"choices\": [3]}}"}
{"op_code": 8, "worker_id": "28ca17f3-2810-4e19-81c0-2b84c69d8fde-140066820978496", "trial_id": 32, "user_attr": {"best_epoch": 0}}
{"op_code": 8, "worker_id": "28ca17f3-2810-4e19-81c0-2b84c69d8fde-140066820978496", "trial_id": 32, "user_attr": {"test_loss": 0.4454204873931297}}
{"op_code": 6, "worker_id": "28ca17f3-2810-4e19-81c0-2b84c69d8fde-140066820978496", "trial_id": 32, "state": 1, "values": [0.44528157196245016], "datetime_complete": "2024-08-21T20:36:07.469307"}
{"op_code": 4, "worker_id": "28ca17f3-2810-4e19-81c0-2b84c69d8fde-140066820978496", "study_id": 0, "datetime_start": "2024-08-21T20:36:07.478839"}
{"op_code": 5, "worker_id": "28ca17f3-2810-4e19-81c0-2b84c69d8fde-140066820978496", "trial_id": 33, "param_name": "lr", "param_value_internal": 0.0003309260774221168, "distribution": "{\"name\": \"FloatDistribution\", \"attributes\": {\"step\": null, \"low\": 1e-05, \"high\": 0.001, \"log\": true}}"}
{"op_code": 5, "worker_id": "28ca17f3-2810-4e19-81c0-2b84c69d8fde-140066820978496", "trial_id": 33, "param_name": "l2reg", "param_value_internal": 2.3672781306307826e-08, "distribution": "{\"name\": \"FloatDistribution\", \"attributes\": {\"step\": null, \"low\": 1e-08, \"high\": 0.001, \"log\": true}}"}
{"op_code": 5, "worker_id": "28ca17f3-2810-4e19-81c0-2b84c69d8fde-140066820978496", "trial_id": 33, "param_name": "random_seed", "param_value_internal": 0, "distribution": "{\"name\": \"CategoricalDistribution\", \"attributes\": {\"choices\": [42]}}"}
{"op_code": 5, "worker_id": "28ca17f3-2810-4e19-81c0-2b84c69d8fde-140066820978496", "trial_id": 33, "param_name": "degree", "param_value_internal": 0, "distribution": "{\"name\": \"CategoricalDistribution\", \"attributes\": {\"choices\": [3]}}"}
{"op_code": 8, "worker_id": "28ca17f3-2810-4e19-81c0-2b84c69d8fde-140066820978496", "trial_id": 33, "user_attr": {"best_epoch": 0}}
{"op_code": 8, "worker_id": "28ca17f3-2810-4e19-81c0-2b84c69d8fde-140066820978496", "trial_id": 33, "user_attr": {"test_loss": 0.4453001792297136}}
{"op_code": 6, "worker_id": "28ca17f3-2810-4e19-81c0-2b84c69d8fde-140066820978496", "trial_id": 33, "state": 1, "values": [0.44518805955649526], "datetime_complete": "2024-08-21T20:52:31.714069"}
{"op_code": 4, "worker_id": "28ca17f3-2810-4e19-81c0-2b84c69d8fde-140066820978496", "study_id": 0, "datetime_start": "2024-08-21T20:52:31.729879"}
{"op_code": 5, "worker_id": "28ca17f3-2810-4e19-81c0-2b84c69d8fde-140066820978496", "trial_id": 34, "param_name": "lr", "param_value_internal": 8.995279195281438e-05, "distribution": "{\"name\": \"FloatDistribution\", \"attributes\": {\"step\": null, \"low\": 1e-05, \"high\": 0.001, \"log\": true}}"}
{"op_code": 5, "worker_id": "28ca17f3-2810-4e19-81c0-2b84c69d8fde-140066820978496", "trial_id": 34, "param_name": "l2reg", "param_value_internal": 0.00040146298300111453, "distribution": "{\"name\": \"FloatDistribution\", \"attributes\": {\"step\": null, \"low\": 1e-08, \"high\": 0.001, \"log\": true}}"}
{"op_code": 5, "worker_id": "28ca17f3-2810-4e19-81c0-2b84c69d8fde-140066820978496", "trial_id": 34, "param_name": "random_seed", "param_value_internal": 0, "distribution": "{\"name\": \"CategoricalDistribution\", \"attributes\": {\"choices\": [42]}}"}
{"op_code": 5, "worker_id": "28ca17f3-2810-4e19-81c0-2b84c69d8fde-140066820978496", "trial_id": 34, "param_name": "degree", "param_value_internal": 0, "distribution": "{\"name\": \"CategoricalDistribution\", \"attributes\": {\"choices\": [3]}}"}
{"op_code": 8, "worker_id": "28ca17f3-2810-4e19-81c0-2b84c69d8fde-140066820978496", "trial_id": 34, "user_attr": {"best_epoch": 2}}
{"op_code": 8, "worker_id": "28ca17f3-2810-4e19-81c0-2b84c69d8fde-140066820978496", "trial_id": 34, "user_attr": {"test_loss": 0.4455125454982278}}
{"op_code": 6, "worker_id": "28ca17f3-2810-4e19-81c0-2b84c69d8fde-140066820978496", "trial_id": 34, "state": 1, "values": [0.4453389446594163], "datetime_complete": "2024-08-21T21:16:15.221776"}
{"op_code": 4, "worker_id": "28ca17f3-2810-4e19-81c0-2b84c69d8fde-140066820978496", "study_id": 0, "datetime_start": "2024-08-21T21:16:15.274952"}
{"op_code": 5, "worker_id": "28ca17f3-2810-4e19-81c0-2b84c69d8fde-140066820978496", "trial_id": 35, "param_name": "lr", "param_value_internal": 4.796292721883743e-05, "distribution": "{\"name\": \"FloatDistribution\", \"attributes\": {\"step\": null, \"low\": 1e-05, \"high\": 0.001, \"log\": true}}"}
{"op_code": 5, "worker_id": "28ca17f3-2810-4e19-81c0-2b84c69d8fde-140066820978496", "trial_id": 35, "param_name": "l2reg", "param_value_internal": 1.4176502295914946e-07, "distribution": "{\"name\": \"FloatDistribution\", \"attributes\": {\"step\": null, \"low\": 1e-08, \"high\": 0.001, \"log\": true}}"}
{"op_code": 5, "worker_id": "28ca17f3-2810-4e19-81c0-2b84c69d8fde-140066820978496", "trial_id": 35, "param_name": "random_seed", "param_value_internal": 0, "distribution": "{\"name\": \"CategoricalDistribution\", \"attributes\": {\"choices\": [42]}}"}
{"op_code": 5, "worker_id": "28ca17f3-2810-4e19-81c0-2b84c69d8fde-140066820978496", "trial_id": 35, "param_name": "degree", "param_value_internal": 0, "distribution": "{\"name\": \"CategoricalDistribution\", \"attributes\": {\"choices\": [3]}}"}
{"op_code": 8, "worker_id": "28ca17f3-2810-4e19-81c0-2b84c69d8fde-140066820978496", "trial_id": 35, "user_attr": {"best_epoch": 3}}
{"op_code": 8, "worker_id": "28ca17f3-2810-4e19-81c0-2b84c69d8fde-140066820978496", "trial_id": 35, "user_attr": {"test_loss": 0.44578632019466874}}
{"op_code": 6, "worker_id": "28ca17f3-2810-4e19-81c0-2b84c69d8fde-140066820978496", "trial_id": 35, "state": 1, "values": [0.4455934860101514], "datetime_complete": "2024-08-21T21:43:21.614831"}
{"op_code": 4, "worker_id": "28ca17f3-2810-4e19-81c0-2b84c69d8fde-140066820978496", "study_id": 0, "datetime_start": "2024-08-21T21:43:21.624659"}
{"op_code": 5, "worker_id": "28ca17f3-2810-4e19-81c0-2b84c69d8fde-140066820978496", "trial_id": 36, "param_name": "lr", "param_value_internal": 0.0001957298629945588, "distribution": "{\"name\": \"FloatDistribution\", \"attributes\": {\"step\": null, \"low\": 1e-05, \"high\": 0.001, \"log\": true}}"}
{"op_code": 5, "worker_id": "28ca17f3-2810-4e19-81c0-2b84c69d8fde-140066820978496", "trial_id": 36, "param_name": "l2reg", "param_value_internal": 2.2336463527587378e-07, "distribution": "{\"name\": \"FloatDistribution\", \"attributes\": {\"step\": null, \"low\": 1e-08, \"high\": 0.001, \"log\": true}}"}
{"op_code": 5, "worker_id": "28ca17f3-2810-4e19-81c0-2b84c69d8fde-140066820978496", "trial_id": 36, "param_name": "random_seed", "param_value_internal": 0, "distribution": "{\"name\": \"CategoricalDistribution\", \"attributes\": {\"choices\": [42]}}"}
{"op_code": 5, "worker_id": "28ca17f3-2810-4e19-81c0-2b84c69d8fde-140066820978496", "trial_id": 36, "param_name": "degree", "param_value_internal": 0, "distribution": "{\"name\": \"CategoricalDistribution\", \"attributes\": {\"choices\": [3]}}"}
{"op_code": 8, "worker_id": "28ca17f3-2810-4e19-81c0-2b84c69d8fde-140066820978496", "trial_id": 36, "user_attr": {"best_epoch": 1}}
{"op_code": 8, "worker_id": "28ca17f3-2810-4e19-81c0-2b84c69d8fde-140066820978496", "trial_id": 36, "user_attr": {"test_loss": 0.4455193080604506}}
{"op_code": 6, "worker_id": "28ca17f3-2810-4e19-81c0-2b84c69d8fde-140066820978496", "trial_id": 36, "state": 1, "values": [0.4453326547503066], "datetime_complete": "2024-08-21T22:03:19.877129"}
{"op_code": 4, "worker_id": "28ca17f3-2810-4e19-81c0-2b84c69d8fde-140066820978496", "study_id": 0, "datetime_start": "2024-08-21T22:03:19.886035"}
{"op_code": 5, "worker_id": "28ca17f3-2810-4e19-81c0-2b84c69d8fde-140066820978496", "trial_id": 37, "param_name": "lr", "param_value_internal": 0.00012268575575529492, "distribution": "{\"name\": \"FloatDistribution\", \"attributes\": {\"step\": null, \"low\": 1e-05, \"high\": 0.001, \"log\": true}}"}
{"op_code": 5, "worker_id": "28ca17f3-2810-4e19-81c0-2b84c69d8fde-140066820978496", "trial_id": 37, "param_name": "l2reg", "param_value_internal": 0.0004565572761063706, "distribution": "{\"name\": \"FloatDistribution\", \"attributes\": {\"step\": null, \"low\": 1e-08, \"high\": 0.001, \"log\": true}}"}
{"op_code": 5, "worker_id": "28ca17f3-2810-4e19-81c0-2b84c69d8fde-140066820978496", "trial_id": 37, "param_name": "random_seed", "param_value_internal": 0, "distribution": "{\"name\": \"CategoricalDistribution\", \"attributes\": {\"choices\": [42]}}"}
{"op_code": 5, "worker_id": "28ca17f3-2810-4e19-81c0-2b84c69d8fde-140066820978496", "trial_id": 37, "param_name": "degree", "param_value_internal": 0, "distribution": "{\"name\": \"CategoricalDistribution\", \"attributes\": {\"choices\": [3]}}"}
{"op_code": 8, "worker_id": "28ca17f3-2810-4e19-81c0-2b84c69d8fde-140066820978496", "trial_id": 37, "user_attr": {"best_epoch": 1}}
{"op_code": 8, "worker_id": "28ca17f3-2810-4e19-81c0-2b84c69d8fde-140066820978496", "trial_id": 37, "user_attr": {"test_loss": 0.444844615226207}}
{"op_code": 6, "worker_id": "28ca17f3-2810-4e19-81c0-2b84c69d8fde-140066820978496", "trial_id": 37, "state": 1, "values": [0.44462589438508177], "datetime_complete": "2024-08-21T22:23:19.552225"}
{"op_code": 4, "worker_id": "28ca17f3-2810-4e19-81c0-2b84c69d8fde-140066820978496", "study_id": 0, "datetime_start": "2024-08-21T22:23:19.560714"}
{"op_code": 5, "worker_id": "28ca17f3-2810-4e19-81c0-2b84c69d8fde-140066820978496", "trial_id": 38, "param_name": "lr", "param_value_internal": 2.8505402466088738e-05, "distribution": "{\"name\": \"FloatDistribution\", \"attributes\": {\"step\": null, \"low\": 1e-05, \"high\": 0.001, \"log\": true}}"}
{"op_code": 5, "worker_id": "28ca17f3-2810-4e19-81c0-2b84c69d8fde-140066820978496", "trial_id": 38, "param_name": "l2reg", "param_value_internal": 0.000937693918049206, "distribution": "{\"name\": \"FloatDistribution\", \"attributes\": {\"step\": null, \"low\": 1e-08, \"high\": 0.001, \"log\": true}}"}
{"op_code": 5, "worker_id": "28ca17f3-2810-4e19-81c0-2b84c69d8fde-140066820978496", "trial_id": 38, "param_name": "random_seed", "param_value_internal": 0, "distribution": "{\"name\": \"CategoricalDistribution\", \"attributes\": {\"choices\": [42]}}"}
{"op_code": 5, "worker_id": "28ca17f3-2810-4e19-81c0-2b84c69d8fde-140066820978496", "trial_id": 38, "param_name": "degree", "param_value_internal": 0, "distribution": "{\"name\": \"CategoricalDistribution\", \"attributes\": {\"choices\": [3]}}"}
{"op_code": 8, "worker_id": "28ca17f3-2810-4e19-81c0-2b84c69d8fde-140066820978496", "trial_id": 38, "user_attr": {"best_epoch": 6}}
{"op_code": 8, "worker_id": "28ca17f3-2810-4e19-81c0-2b84c69d8fde-140066820978496", "trial_id": 38, "user_attr": {"test_loss": 0.44619171034942523}}
{"op_code": 6, "worker_id": "28ca17f3-2810-4e19-81c0-2b84c69d8fde-140066820978496", "trial_id": 38, "state": 1, "values": [0.44599749450741866], "datetime_complete": "2024-08-21T23:01:05.964439"}
{"op_code": 4, "worker_id": "28ca17f3-2810-4e19-81c0-2b84c69d8fde-140066820978496", "study_id": 0, "datetime_start": "2024-08-21T23:01:05.974450"}
{"op_code": 5, "worker_id": "28ca17f3-2810-4e19-81c0-2b84c69d8fde-140066820978496", "trial_id": 39, "param_name": "lr", "param_value_internal": 0.00012948333269065978, "distribution": "{\"name\": \"FloatDistribution\", \"attributes\": {\"step\": null, \"low\": 1e-05, \"high\": 0.001, \"log\": true}}"}
{"op_code": 5, "worker_id": "28ca17f3-2810-4e19-81c0-2b84c69d8fde-140066820978496", "trial_id": 39, "param_name": "l2reg", "param_value_internal": 0.000488218679021829, "distribution": "{\"name\": \"FloatDistribution\", \"attributes\": {\"step\": null, \"low\": 1e-08, \"high\": 0.001, \"log\": true}}"}
{"op_code": 5, "worker_id": "28ca17f3-2810-4e19-81c0-2b84c69d8fde-140066820978496", "trial_id": 39, "param_name": "random_seed", "param_value_internal": 0, "distribution": "{\"name\": \"CategoricalDistribution\", \"attributes\": {\"choices\": [42]}}"}
{"op_code": 5, "worker_id": "28ca17f3-2810-4e19-81c0-2b84c69d8fde-140066820978496", "trial_id": 39, "param_name": "degree", "param_value_internal": 0, "distribution": "{\"name\": \"CategoricalDistribution\", \"attributes\": {\"choices\": [3]}}"}
{"op_code": 8, "worker_id": "28ca17f3-2810-4e19-81c0-2b84c69d8fde-140066820978496", "trial_id": 39, "user_attr": {"best_epoch": 1}}
{"op_code": 8, "worker_id": "28ca17f3-2810-4e19-81c0-2b84c69d8fde-140066820978496", "trial_id": 39, "user_attr": {"test_loss": 0.4448209099005656}}
{"op_code": 6, "worker_id": "28ca17f3-2810-4e19-81c0-2b84c69d8fde-140066820978496", "trial_id": 39, "state": 1, "values": [0.44460298893572264], "datetime_complete": "2024-08-21T23:21:05.564724"}
{"op_code": 4, "worker_id": "28ca17f3-2810-4e19-81c0-2b84c69d8fde-140066820978496", "study_id": 0, "datetime_start": "2024-08-21T23:21:05.573693"}
{"op_code": 5, "worker_id": "28ca17f3-2810-4e19-81c0-2b84c69d8fde-140066820978496", "trial_id": 40, "param_name": "lr", "param_value_internal": 6.191625527161772e-05, "distribution": "{\"name\": \"FloatDistribution\", \"attributes\": {\"step\": null, \"low\": 1e-05, \"high\": 0.001, \"log\": true}}"}
{"op_code": 5, "worker_id": "28ca17f3-2810-4e19-81c0-2b84c69d8fde-140066820978496", "trial_id": 40, "param_name": "l2reg", "param_value_internal": 0.0004992696110516823, "distribution": "{\"name\": \"FloatDistribution\", \"attributes\": {\"step\": null, \"low\": 1e-08, \"high\": 0.001, \"log\": true}}"}
{"op_code": 5, "worker_id": "28ca17f3-2810-4e19-81c0-2b84c69d8fde-140066820978496", "trial_id": 40, "param_name": "random_seed", "param_value_internal": 0, "distribution": "{\"name\": \"CategoricalDistribution\", \"attributes\": {\"choices\": [42]}}"}
{"op_code": 5, "worker_id": "28ca17f3-2810-4e19-81c0-2b84c69d8fde-140066820978496", "trial_id": 40, "param_name": "degree", "param_value_internal": 0, "distribution": "{\"name\": \"CategoricalDistribution\", \"attributes\": {\"choices\": [3]}}"}
{"op_code": 8, "worker_id": "28ca17f3-2810-4e19-81c0-2b84c69d8fde-140066820978496", "trial_id": 40, "user_attr": {"best_epoch": 3}}
{"op_code": 8, "worker_id": "28ca17f3-2810-4e19-81c0-2b84c69d8fde-140066820978496", "trial_id": 40, "user_attr": {"test_loss": 0.4455431224596762}}
{"op_code": 6, "worker_id": "28ca17f3-2810-4e19-81c0-2b84c69d8fde-140066820978496", "trial_id": 40, "state": 1, "values": [0.4453327274660189], "datetime_complete": "2024-08-21T23:48:12.838983"}
{"op_code": 4, "worker_id": "28ca17f3-2810-4e19-81c0-2b84c69d8fde-140066820978496", "study_id": 0, "datetime_start": "2024-08-21T23:48:12.848355"}
{"op_code": 5, "worker_id": "28ca17f3-2810-4e19-81c0-2b84c69d8fde-140066820978496", "trial_id": 41, "param_name": "lr", "param_value_internal": 0.00013486886930611322, "distribution": "{\"name\": \"FloatDistribution\", \"attributes\": {\"step\": null, \"low\": 1e-05, \"high\": 0.001, \"log\": true}}"}
{"op_code": 5, "worker_id": "28ca17f3-2810-4e19-81c0-2b84c69d8fde-140066820978496", "trial_id": 41, "param_name": "l2reg", "param_value_internal": 0.0002214677341094134, "distribution": "{\"name\": \"FloatDistribution\", \"attributes\": {\"step\": null, \"low\": 1e-08, \"high\": 0.001, \"log\": true}}"}
{"op_code": 5, "worker_id": "28ca17f3-2810-4e19-81c0-2b84c69d8fde-140066820978496", "trial_id": 41, "param_name": "random_seed", "param_value_internal": 0, "distribution": "{\"name\": \"CategoricalDistribution\", \"attributes\": {\"choices\": [42]}}"}
{"op_code": 5, "worker_id": "28ca17f3-2810-4e19-81c0-2b84c69d8fde-140066820978496", "trial_id": 41, "param_name": "degree", "param_value_internal": 0, "distribution": "{\"name\": \"CategoricalDistribution\", \"attributes\": {\"choices\": [3]}}"}
{"op_code": 8, "worker_id": "28ca17f3-2810-4e19-81c0-2b84c69d8fde-140066820978496", "trial_id": 41, "user_attr": {"best_epoch": 1}}
{"op_code": 8, "worker_id": "28ca17f3-2810-4e19-81c0-2b84c69d8fde-140066820978496", "trial_id": 41, "user_attr": {"test_loss": 0.4448214552684868}}
{"op_code": 6, "worker_id": "28ca17f3-2810-4e19-81c0-2b84c69d8fde-140066820978496", "trial_id": 41, "state": 1, "values": [0.4446052067649463], "datetime_complete": "2024-08-22T00:08:09.674196"}
{"op_code": 4, "worker_id": "28ca17f3-2810-4e19-81c0-2b84c69d8fde-140066820978496", "study_id": 0, "datetime_start": "2024-08-22T00:08:09.682980"}
{"op_code": 5, "worker_id": "28ca17f3-2810-4e19-81c0-2b84c69d8fde-140066820978496", "trial_id": 42, "param_name": "lr", "param_value_internal": 8.010007498866699e-05, "distribution": "{\"name\": \"FloatDistribution\", \"attributes\": {\"step\": null, \"low\": 1e-05, \"high\": 0.001, \"log\": true}}"}
{"op_code": 5, "worker_id": "28ca17f3-2810-4e19-81c0-2b84c69d8fde-140066820978496", "trial_id": 42, "param_name": "l2reg", "param_value_internal": 8.054137107657772e-05, "distribution": "{\"name\": \"FloatDistribution\", \"attributes\": {\"step\": null, \"low\": 1e-08, \"high\": 0.001, \"log\": true}}"}
{"op_code": 5, "worker_id": "28ca17f3-2810-4e19-81c0-2b84c69d8fde-140066820978496", "trial_id": 42, "param_name": "random_seed", "param_value_internal": 0, "distribution": "{\"name\": \"CategoricalDistribution\", \"attributes\": {\"choices\": [42]}}"}
{"op_code": 5, "worker_id": "28ca17f3-2810-4e19-81c0-2b84c69d8fde-140066820978496", "trial_id": 42, "param_name": "degree", "param_value_internal": 0, "distribution": "{\"name\": \"CategoricalDistribution\", \"attributes\": {\"choices\": [3]}}"}
{"op_code": 8, "worker_id": "28ca17f3-2810-4e19-81c0-2b84c69d8fde-140066820978496", "trial_id": 42, "user_attr": {"best_epoch": 2}}
{"op_code": 8, "worker_id": "28ca17f3-2810-4e19-81c0-2b84c69d8fde-140066820978496", "trial_id": 42, "user_attr": {"test_loss": 0.44539896353917313}}
{"op_code": 6, "worker_id": "28ca17f3-2810-4e19-81c0-2b84c69d8fde-140066820978496", "trial_id": 42, "state": 1, "values": [0.44522899850249265], "datetime_complete": "2024-08-22T00:31:38.097741"}
{"op_code": 4, "worker_id": "28ca17f3-2810-4e19-81c0-2b84c69d8fde-140066820978496", "study_id": 0, "datetime_start": "2024-08-22T00:31:38.106171"}
{"op_code": 5, "worker_id": "28ca17f3-2810-4e19-81c0-2b84c69d8fde-140066820978496", "trial_id": 43, "param_name": "lr", "param_value_internal": 0.0001879939694810167, "distribution": "{\"name\": \"FloatDistribution\", \"attributes\": {\"step\": null, \"low\": 1e-05, \"high\": 0.001, \"log\": true}}"}
{"op_code": 5, "worker_id": "28ca17f3-2810-4e19-81c0-2b84c69d8fde-140066820978496", "trial_id": 43, "param_name": "l2reg", "param_value_internal": 0.00034467681721221915, "distribution": "{\"name\": \"FloatDistribution\", \"attributes\": {\"step\": null, \"low\": 1e-08, \"high\": 0.001, \"log\": true}}"}
{"op_code": 5, "worker_id": "28ca17f3-2810-4e19-81c0-2b84c69d8fde-140066820978496", "trial_id": 43, "param_name": "random_seed", "param_value_internal": 0, "distribution": "{\"name\": \"CategoricalDistribution\", \"attributes\": {\"choices\": [42]}}"}
{"op_code": 5, "worker_id": "28ca17f3-2810-4e19-81c0-2b84c69d8fde-140066820978496", "trial_id": 43, "param_name": "degree", "param_value_internal": 0, "distribution": "{\"name\": \"CategoricalDistribution\", \"attributes\": {\"choices\": [3]}}"}
{"op_code": 8, "worker_id": "28ca17f3-2810-4e19-81c0-2b84c69d8fde-140066820978496", "trial_id": 43, "user_attr": {"best_epoch": 1}}
{"op_code": 8, "worker_id": "28ca17f3-2810-4e19-81c0-2b84c69d8fde-140066820978496", "trial_id": 43, "user_attr": {"test_loss": 0.44537009539721106}}
{"op_code": 6, "worker_id": "28ca17f3-2810-4e19-81c0-2b84c69d8fde-140066820978496", "trial_id": 43, "state": 1, "values": [0.4451809334166946], "datetime_complete": "2024-08-22T00:51:36.318534"}
{"op_code": 4, "worker_id": "28ca17f3-2810-4e19-81c0-2b84c69d8fde-140066820978496", "study_id": 0, "datetime_start": "2024-08-22T00:51:36.327233"}
{"op_code": 5, "worker_id": "28ca17f3-2810-4e19-81c0-2b84c69d8fde-140066820978496", "trial_id": 44, "param_name": "lr", "param_value_internal": 0.0001352011103552332, "distribution": "{\"name\": \"FloatDistribution\", \"attributes\": {\"step\": null, \"low\": 1e-05, \"high\": 0.001, \"log\": true}}"}
{"op_code": 5, "worker_id": "28ca17f3-2810-4e19-81c0-2b84c69d8fde-140066820978496", "trial_id": 44, "param_name": "l2reg", "param_value_internal": 0.00022689828461006404, "distribution": "{\"name\": \"FloatDistribution\", \"attributes\": {\"step\": null, \"low\": 1e-08, \"high\": 0.001, \"log\": true}}"}
{"op_code": 5, "worker_id": "28ca17f3-2810-4e19-81c0-2b84c69d8fde-140066820978496", "trial_id": 44, "param_name": "random_seed", "param_value_internal": 0, "distribution": "{\"name\": \"CategoricalDistribution\", \"attributes\": {\"choices\": [42]}}"}
{"op_code": 5, "worker_id": "28ca17f3-2810-4e19-81c0-2b84c69d8fde-140066820978496", "trial_id": 44, "param_name": "degree", "param_value_internal": 0, "distribution": "{\"name\": \"CategoricalDistribution\", \"attributes\": {\"choices\": [3]}}"}
{"op_code": 8, "worker_id": "28ca17f3-2810-4e19-81c0-2b84c69d8fde-140066820978496", "trial_id": 44, "user_attr": {"best_epoch": 1}}
{"op_code": 8, "worker_id": "28ca17f3-2810-4e19-81c0-2b84c69d8fde-140066820978496", "trial_id": 44, "user_attr": {"test_loss": 0.44482200063640803}}
{"op_code": 6, "worker_id": "28ca17f3-2810-4e19-81c0-2b84c69d8fde-140066820978496", "trial_id": 44, "state": 1, "values": [0.44460542491208305], "datetime_complete": "2024-08-22T01:11:34.100479"}
{"op_code": 4, "worker_id": "28ca17f3-2810-4e19-81c0-2b84c69d8fde-140066820978496", "study_id": 0, "datetime_start": "2024-08-22T01:11:34.110365"}
{"op_code": 5, "worker_id": "28ca17f3-2810-4e19-81c0-2b84c69d8fde-140066820978496", "trial_id": 45, "param_name": "lr", "param_value_internal": 0.00017886273123606907, "distribution": "{\"name\": \"FloatDistribution\", \"attributes\": {\"step\": null, \"low\": 1e-05, \"high\": 0.001, \"log\": true}}"}
{"op_code": 5, "worker_id": "28ca17f3-2810-4e19-81c0-2b84c69d8fde-140066820978496", "trial_id": 45, "param_name": "l2reg", "param_value_internal": 0.0002314110015279322, "distribution": "{\"name\": \"FloatDistribution\", \"attributes\": {\"step\": null, \"low\": 1e-08, \"high\": 0.001, \"log\": true}}"}
{"op_code": 5, "worker_id": "28ca17f3-2810-4e19-81c0-2b84c69d8fde-140066820978496", "trial_id": 45, "param_name": "random_seed", "param_value_internal": 0, "distribution": "{\"name\": \"CategoricalDistribution\", \"attributes\": {\"choices\": [42]}}"}
{"op_code": 5, "worker_id": "28ca17f3-2810-4e19-81c0-2b84c69d8fde-140066820978496", "trial_id": 45, "param_name": "degree", "param_value_internal": 0, "distribution": "{\"name\": \"CategoricalDistribution\", \"attributes\": {\"choices\": [3]}}"}
{"op_code": 8, "worker_id": "28ca17f3-2810-4e19-81c0-2b84c69d8fde-140066820978496", "trial_id": 45, "user_attr": {"best_epoch": 1}}
{"op_code": 8, "worker_id": "28ca17f3-2810-4e19-81c0-2b84c69d8fde-140066820978496", "trial_id": 45, "user_attr": {"test_loss": 0.44523524408922976}}
{"op_code": 6, "worker_id": "28ca17f3-2810-4e19-81c0-2b84c69d8fde-140066820978496", "trial_id": 45, "state": 1, "values": [0.44504077388133056], "datetime_complete": "2024-08-22T01:31:30.096464"}
{"op_code": 4, "worker_id": "28ca17f3-2810-4e19-81c0-2b84c69d8fde-140066820978496", "study_id": 0, "datetime_start": "2024-08-22T01:31:30.106061"}
{"op_code": 5, "worker_id": "28ca17f3-2810-4e19-81c0-2b84c69d8fde-140066820978496", "trial_id": 46, "param_name": "lr", "param_value_internal": 0.00014077605377431793, "distribution": "{\"name\": \"FloatDistribution\", \"attributes\": {\"step\": null, \"low\": 1e-05, \"high\": 0.001, \"log\": true}}"}
{"op_code": 5, "worker_id": "28ca17f3-2810-4e19-81c0-2b84c69d8fde-140066820978496", "trial_id": 46, "param_name": "l2reg", "param_value_internal": 0.0005780131964458803, "distribution": "{\"name\": \"FloatDistribution\", \"attributes\": {\"step\": null, \"low\": 1e-08, \"high\": 0.001, \"log\": true}}"}
{"op_code": 5, "worker_id": "28ca17f3-2810-4e19-81c0-2b84c69d8fde-140066820978496", "trial_id": 46, "param_name": "random_seed", "param_value_internal": 0, "distribution": "{\"name\": \"CategoricalDistribution\", \"attributes\": {\"choices\": [42]}}"}
{"op_code": 5, "worker_id": "28ca17f3-2810-4e19-81c0-2b84c69d8fde-140066820978496", "trial_id": 46, "param_name": "degree", "param_value_internal": 0, "distribution": "{\"name\": \"CategoricalDistribution\", \"attributes\": {\"choices\": [3]}}"}
{"op_code": 8, "worker_id": "28ca17f3-2810-4e19-81c0-2b84c69d8fde-140066820978496", "trial_id": 46, "user_attr": {"best_epoch": 1}}
{"op_code": 8, "worker_id": "28ca17f3-2810-4e19-81c0-2b84c69d8fde-140066820978496", "trial_id": 46, "user_attr": {"test_loss": 0.4448394160520249}}
{"op_code": 6, "worker_id": "28ca17f3-2810-4e19-81c0-2b84c69d8fde-140066820978496", "trial_id": 46, "state": 1, "values": [0.444625967100794], "datetime_complete": "2024-08-22T01:51:19.986831"}
{"op_code": 4, "worker_id": "28ca17f3-2810-4e19-81c0-2b84c69d8fde-140066820978496", "study_id": 0, "datetime_start": "2024-08-22T01:51:19.997807"}
{"op_code": 5, "worker_id": "28ca17f3-2810-4e19-81c0-2b84c69d8fde-140066820978496", "trial_id": 47, "param_name": "lr", "param_value_internal": 0.0003988566988668598, "distribution": "{\"name\": \"FloatDistribution\", \"attributes\": {\"step\": null, \"low\": 1e-05, \"high\": 0.001, \"log\": true}}"}
{"op_code": 5, "worker_id": "28ca17f3-2810-4e19-81c0-2b84c69d8fde-140066820978496", "trial_id": 47, "param_name": "l2reg", "param_value_internal": 0.0002243854399155969, "distribution": "{\"name\": \"FloatDistribution\", \"attributes\": {\"step\": null, \"low\": 1e-08, \"high\": 0.001, \"log\": true}}"}
{"op_code": 5, "worker_id": "28ca17f3-2810-4e19-81c0-2b84c69d8fde-140066820978496", "trial_id": 47, "param_name": "random_seed", "param_value_internal": 0, "distribution": "{\"name\": \"CategoricalDistribution\", \"attributes\": {\"choices\": [42]}}"}
{"op_code": 5, "worker_id": "28ca17f3-2810-4e19-81c0-2b84c69d8fde-140066820978496", "trial_id": 47, "param_name": "degree", "param_value_internal": 0, "distribution": "{\"name\": \"CategoricalDistribution\", \"attributes\": {\"choices\": [3]}}"}
{"op_code": 8, "worker_id": "28ca17f3-2810-4e19-81c0-2b84c69d8fde-140066820978496", "trial_id": 47, "user_attr": {"best_epoch": 0}}
{"op_code": 8, "worker_id": "28ca17f3-2810-4e19-81c0-2b84c69d8fde-140066820978496", "trial_id": 47, "user_attr": {"test_loss": 0.4453047239623903}}
{"op_code": 6, "worker_id": "28ca17f3-2810-4e19-81c0-2b84c69d8fde-140066820978496", "trial_id": 47, "state": 1, "values": [0.44519522205415196], "datetime_complete": "2024-08-22T02:07:41.261549"}
{"op_code": 4, "worker_id": "28ca17f3-2810-4e19-81c0-2b84c69d8fde-140066820978496", "study_id": 0, "datetime_start": "2024-08-22T02:07:41.270154"}
{"op_code": 5, "worker_id": "28ca17f3-2810-4e19-81c0-2b84c69d8fde-140066820978496", "trial_id": 48, "param_name": "lr", "param_value_internal": 1.722693994422323e-05, "distribution": "{\"name\": \"FloatDistribution\", \"attributes\": {\"step\": null, \"low\": 1e-05, \"high\": 0.001, \"log\": true}}"}
{"op_code": 5, "worker_id": "28ca17f3-2810-4e19-81c0-2b84c69d8fde-140066820978496", "trial_id": 48, "param_name": "l2reg", "param_value_internal": 6.988112175331151e-05, "distribution": "{\"name\": \"FloatDistribution\", \"attributes\": {\"step\": null, \"low\": 1e-08, \"high\": 0.001, \"log\": true}}"}
{"op_code": 5, "worker_id": "28ca17f3-2810-4e19-81c0-2b84c69d8fde-140066820978496", "trial_id": 48, "param_name": "random_seed", "param_value_internal": 0, "distribution": "{\"name\": \"CategoricalDistribution\", \"attributes\": {\"choices\": [42]}}"}
{"op_code": 5, "worker_id": "28ca17f3-2810-4e19-81c0-2b84c69d8fde-140066820978496", "trial_id": 48, "param_name": "degree", "param_value_internal": 0, "distribution": "{\"name\": \"CategoricalDistribution\", \"attributes\": {\"choices\": [3]}}"}
{"op_code": 8, "worker_id": "28ca17f3-2810-4e19-81c0-2b84c69d8fde-140066820978496", "trial_id": 48, "user_attr": {"best_epoch": 11}}
{"op_code": 8, "worker_id": "28ca17f3-2810-4e19-81c0-2b84c69d8fde-140066820978496", "trial_id": 48, "user_attr": {"test_loss": 0.446604335718603}}
{"op_code": 6, "worker_id": "28ca17f3-2810-4e19-81c0-2b84c69d8fde-140066820978496", "trial_id": 48, "state": 1, "values": [0.44641273758222877], "datetime_complete": "2024-08-22T03:02:11.163984"}
{"op_code": 4, "worker_id": "28ca17f3-2810-4e19-81c0-2b84c69d8fde-140066820978496", "study_id": 0, "datetime_start": "2024-08-22T03:02:11.177778"}
{"op_code": 5, "worker_id": "28ca17f3-2810-4e19-81c0-2b84c69d8fde-140066820978496", "trial_id": 49, "param_name": "lr", "param_value_internal": 0.0002825438981903483, "distribution": "{\"name\": \"FloatDistribution\", \"attributes\": {\"step\": null, \"low\": 1e-05, \"high\": 0.001, \"log\": true}}"}
{"op_code": 5, "worker_id": "28ca17f3-2810-4e19-81c0-2b84c69d8fde-140066820978496", "trial_id": 49, "param_name": "l2reg", "param_value_internal": 0.0005770244881737705, "distribution": "{\"name\": \"FloatDistribution\", \"attributes\": {\"step\": null, \"low\": 1e-08, \"high\": 0.001, \"log\": true}}"}
{"op_code": 5, "worker_id": "28ca17f3-2810-4e19-81c0-2b84c69d8fde-140066820978496", "trial_id": 49, "param_name": "random_seed", "param_value_internal": 0, "distribution": "{\"name\": \"CategoricalDistribution\", \"attributes\": {\"choices\": [42]}}"}
{"op_code": 5, "worker_id": "28ca17f3-2810-4e19-81c0-2b84c69d8fde-140066820978496", "trial_id": 49, "param_name": "degree", "param_value_internal": 0, "distribution": "{\"name\": \"CategoricalDistribution\", \"attributes\": {\"choices\": [3]}}"}
{"op_code": 8, "worker_id": "28ca17f3-2810-4e19-81c0-2b84c69d8fde-140066820978496", "trial_id": 49, "user_attr": {"best_epoch": 0}}
{"op_code": 8, "worker_id": "28ca17f3-2810-4e19-81c0-2b84c69d8fde-140066820978496", "trial_id": 49, "user_attr": {"test_loss": 0.44530308785862666}}
{"op_code": 6, "worker_id": "28ca17f3-2810-4e19-81c0-2b84c69d8fde-140066820978496", "trial_id": 49, "state": 1, "values": [0.44518100613240685], "datetime_complete": "2024-08-22T03:17:56.804396"}
