{"op_code": 0, "worker_id": "94e040dc-f1d7-4df3-8036-eee5acc970d7-140336698984256", "study_name": "criteo_splines_3_18", "directions": [1]}
{"op_code": 4, "worker_id": "94e040dc-f1d7-4df3-8036-eee5acc970d7-140336698984256", "study_id": 0, "datetime_start": "2024-08-20T09:22:36.014272"}
{"op_code": 5, "worker_id": "94e040dc-f1d7-4df3-8036-eee5acc970d7-140336698984256", "trial_id": 0, "param_name": "lr", "param_value_internal": 5.6115164153345e-05, "distribution": "{\"name\": \"FloatDistribution\", \"attributes\": {\"step\": null, \"low\": 1e-05, \"high\": 0.001, \"log\": true}}"}
{"op_code": 5, "worker_id": "94e040dc-f1d7-4df3-8036-eee5acc970d7-140336698984256", "trial_id": 0, "param_name": "l2reg", "param_value_internal": 0.0005669849511478851, "distribution": "{\"name\": \"FloatDistribution\", \"attributes\": {\"step\": null, \"low\": 1e-08, \"high\": 0.001, \"log\": true}}"}
{"op_code": 5, "worker_id": "94e040dc-f1d7-4df3-8036-eee5acc970d7-140336698984256", "trial_id": 0, "param_name": "random_seed", "param_value_internal": 0, "distribution": "{\"name\": \"CategoricalDistribution\", \"attributes\": {\"choices\": [42]}}"}
{"op_code": 5, "worker_id": "94e040dc-f1d7-4df3-8036-eee5acc970d7-140336698984256", "trial_id": 0, "param_name": "degree", "param_value_internal": 0, "distribution": "{\"name\": \"CategoricalDistribution\", \"attributes\": {\"choices\": [3]}}"}
{"op_code": 8, "worker_id": "94e040dc-f1d7-4df3-8036-eee5acc970d7-140336698984256", "trial_id": 0, "user_attr": {"best_epoch": 3}}
{"op_code": 8, "worker_id": "94e040dc-f1d7-4df3-8036-eee5acc970d7-140336698984256", "trial_id": 0, "user_attr": {"test_loss": 0.445560174296679}}
{"op_code": 6, "worker_id": "94e040dc-f1d7-4df3-8036-eee5acc970d7-140336698984256", "trial_id": 0, "state": 1, "values": [0.4454687422057846], "datetime_complete": "2024-08-20T09:50:13.632516"}
{"op_code": 4, "worker_id": "94e040dc-f1d7-4df3-8036-eee5acc970d7-140336698984256", "study_id": 0, "datetime_start": "2024-08-20T09:50:13.642342"}
{"op_code": 5, "worker_id": "94e040dc-f1d7-4df3-8036-eee5acc970d7-140336698984256", "trial_id": 1, "param_name": "lr", "param_value_internal": 0.000291063591313307, "distribution": "{\"name\": \"FloatDistribution\", \"attributes\": {\"step\": null, \"low\": 1e-05, \"high\": 0.001, \"log\": true}}"}
{"op_code": 5, "worker_id": "94e040dc-f1d7-4df3-8036-eee5acc970d7-140336698984256", "trial_id": 1, "param_name": "l2reg", "param_value_internal": 9.846738873614555e-06, "distribution": "{\"name\": \"FloatDistribution\", \"attributes\": {\"step\": null, \"low\": 1e-08, \"high\": 0.001, \"log\": true}}"}
{"op_code": 5, "worker_id": "94e040dc-f1d7-4df3-8036-eee5acc970d7-140336698984256", "trial_id": 1, "param_name": "random_seed", "param_value_internal": 0, "distribution": "{\"name\": \"CategoricalDistribution\", \"attributes\": {\"choices\": [42]}}"}
{"op_code": 5, "worker_id": "94e040dc-f1d7-4df3-8036-eee5acc970d7-140336698984256", "trial_id": 1, "param_name": "degree", "param_value_internal": 0, "distribution": "{\"name\": \"CategoricalDistribution\", \"attributes\": {\"choices\": [3]}}"}
{"op_code": 8, "worker_id": "94e040dc-f1d7-4df3-8036-eee5acc970d7-140336698984256", "trial_id": 1, "user_attr": {"best_epoch": 0}}
{"op_code": 8, "worker_id": "94e040dc-f1d7-4df3-8036-eee5acc970d7-140336698984256", "trial_id": 1, "user_attr": {"test_loss": 0.4454813868109967}}
{"op_code": 6, "worker_id": "94e040dc-f1d7-4df3-8036-eee5acc970d7-140336698984256", "trial_id": 1, "state": 1, "values": [0.4453905364572585], "datetime_complete": "2024-08-20T10:06:29.532052"}
{"op_code": 4, "worker_id": "94e040dc-f1d7-4df3-8036-eee5acc970d7-140336698984256", "study_id": 0, "datetime_start": "2024-08-20T10:06:29.541927"}
{"op_code": 5, "worker_id": "94e040dc-f1d7-4df3-8036-eee5acc970d7-140336698984256", "trial_id": 2, "param_name": "lr", "param_value_internal": 2.0513382630874486e-05, "distribution": "{\"name\": \"FloatDistribution\", \"attributes\": {\"step\": null, \"low\": 1e-05, \"high\": 0.001, \"log\": true}}"}
{"op_code": 5, "worker_id": "94e040dc-f1d7-4df3-8036-eee5acc970d7-140336698984256", "trial_id": 2, "param_name": "l2reg", "param_value_internal": 6.02521573620385e-08, "distribution": "{\"name\": \"FloatDistribution\", \"attributes\": {\"step\": null, \"low\": 1e-08, \"high\": 0.001, \"log\": true}}"}
{"op_code": 5, "worker_id": "94e040dc-f1d7-4df3-8036-eee5acc970d7-140336698984256", "trial_id": 2, "param_name": "random_seed", "param_value_internal": 0, "distribution": "{\"name\": \"CategoricalDistribution\", \"attributes\": {\"choices\": [42]}}"}
{"op_code": 5, "worker_id": "94e040dc-f1d7-4df3-8036-eee5acc970d7-140336698984256", "trial_id": 2, "param_name": "degree", "param_value_internal": 0, "distribution": "{\"name\": \"CategoricalDistribution\", \"attributes\": {\"choices\": [3]}}"}
{"op_code": 8, "worker_id": "94e040dc-f1d7-4df3-8036-eee5acc970d7-140336698984256", "trial_id": 2, "user_attr": {"best_epoch": 10}}
{"op_code": 8, "worker_id": "94e040dc-f1d7-4df3-8036-eee5acc970d7-140336698984256", "trial_id": 2, "user_attr": {"test_loss": 0.44616844131812083}}
{"op_code": 6, "worker_id": "94e040dc-f1d7-4df3-8036-eee5acc970d7-140336698984256", "trial_id": 2, "state": 1, "values": [0.4460702465775259], "datetime_complete": "2024-08-20T10:58:41.471672"}
{"op_code": 4, "worker_id": "94e040dc-f1d7-4df3-8036-eee5acc970d7-140336698984256", "study_id": 0, "datetime_start": "2024-08-20T10:58:41.480370"}
{"op_code": 5, "worker_id": "94e040dc-f1d7-4df3-8036-eee5acc970d7-140336698984256", "trial_id": 3, "param_name": "lr", "param_value_internal": 1.3066739238053272e-05, "distribution": "{\"name\": \"FloatDistribution\", \"attributes\": {\"step\": null, \"low\": 1e-05, \"high\": 0.001, \"log\": true}}"}
{"op_code": 5, "worker_id": "94e040dc-f1d7-4df3-8036-eee5acc970d7-140336698984256", "trial_id": 3, "param_name": "l2reg", "param_value_internal": 0.00021423021757741048, "distribution": "{\"name\": \"FloatDistribution\", \"attributes\": {\"step\": null, \"low\": 1e-08, \"high\": 0.001, \"log\": true}}"}
{"op_code": 5, "worker_id": "94e040dc-f1d7-4df3-8036-eee5acc970d7-140336698984256", "trial_id": 3, "param_name": "random_seed", "param_value_internal": 0, "distribution": "{\"name\": \"CategoricalDistribution\", \"attributes\": {\"choices\": [42]}}"}
{"op_code": 5, "worker_id": "94e040dc-f1d7-4df3-8036-eee5acc970d7-140336698984256", "trial_id": 3, "param_name": "degree", "param_value_internal": 0, "distribution": "{\"name\": \"CategoricalDistribution\", \"attributes\": {\"choices\": [3]}}"}
{"op_code": 8, "worker_id": "94e040dc-f1d7-4df3-8036-eee5acc970d7-140336698984256", "trial_id": 3, "user_attr": {"best_epoch": 17}}
{"op_code": 8, "worker_id": "94e040dc-f1d7-4df3-8036-eee5acc970d7-140336698984256", "trial_id": 3, "user_attr": {"test_loss": 0.4463483036585316}}
{"op_code": 6, "worker_id": "94e040dc-f1d7-4df3-8036-eee5acc970d7-140336698984256", "trial_id": 3, "state": 1, "values": [0.446221713406145], "datetime_complete": "2024-08-20T12:13:02.803238"}
{"op_code": 4, "worker_id": "94e040dc-f1d7-4df3-8036-eee5acc970d7-140336698984256", "study_id": 0, "datetime_start": "2024-08-20T12:13:02.816104"}
{"op_code": 5, "worker_id": "94e040dc-f1d7-4df3-8036-eee5acc970d7-140336698984256", "trial_id": 4, "param_name": "lr", "param_value_internal": 0.00015930522616241006, "distribution": "{\"name\": \"FloatDistribution\", \"attributes\": {\"step\": null, \"low\": 1e-05, \"high\": 0.001, \"log\": true}}"}
{"op_code": 5, "worker_id": "94e040dc-f1d7-4df3-8036-eee5acc970d7-140336698984256", "trial_id": 4, "param_name": "l2reg", "param_value_internal": 3.47026698865041e-05, "distribution": "{\"name\": \"FloatDistribution\", \"attributes\": {\"step\": null, \"low\": 1e-08, \"high\": 0.001, \"log\": true}}"}
{"op_code": 5, "worker_id": "94e040dc-f1d7-4df3-8036-eee5acc970d7-140336698984256", "trial_id": 4, "param_name": "random_seed", "param_value_internal": 0, "distribution": "{\"name\": \"CategoricalDistribution\", \"attributes\": {\"choices\": [42]}}"}
{"op_code": 5, "worker_id": "94e040dc-f1d7-4df3-8036-eee5acc970d7-140336698984256", "trial_id": 4, "param_name": "degree", "param_value_internal": 0, "distribution": "{\"name\": \"CategoricalDistribution\", \"attributes\": {\"choices\": [3]}}"}
{"op_code": 8, "worker_id": "94e040dc-f1d7-4df3-8036-eee5acc970d7-140336698984256", "trial_id": 4, "user_attr": {"best_epoch": 1}}
{"op_code": 8, "worker_id": "94e040dc-f1d7-4df3-8036-eee5acc970d7-140336698984256", "trial_id": 4, "user_attr": {"test_loss": 0.4449056600755196}}
{"op_code": 6, "worker_id": "94e040dc-f1d7-4df3-8036-eee5acc970d7-140336698984256", "trial_id": 4, "state": 1, "values": [0.44477776115011824], "datetime_complete": "2024-08-20T12:32:48.398153"}
{"op_code": 4, "worker_id": "94e040dc-f1d7-4df3-8036-eee5acc970d7-140336698984256", "study_id": 0, "datetime_start": "2024-08-20T12:32:48.409290"}
{"op_code": 5, "worker_id": "94e040dc-f1d7-4df3-8036-eee5acc970d7-140336698984256", "trial_id": 5, "param_name": "lr", "param_value_internal": 1.0994335574766187e-05, "distribution": "{\"name\": \"FloatDistribution\", \"attributes\": {\"step\": null, \"low\": 1e-05, \"high\": 0.001, \"log\": true}}"}
{"op_code": 5, "worker_id": "94e040dc-f1d7-4df3-8036-eee5acc970d7-140336698984256", "trial_id": 5, "param_name": "l2reg", "param_value_internal": 0.0007072114131472234, "distribution": "{\"name\": \"FloatDistribution\", \"attributes\": {\"step\": null, \"low\": 1e-08, \"high\": 0.001, \"log\": true}}"}
{"op_code": 5, "worker_id": "94e040dc-f1d7-4df3-8036-eee5acc970d7-140336698984256", "trial_id": 5, "param_name": "random_seed", "param_value_internal": 0, "distribution": "{\"name\": \"CategoricalDistribution\", \"attributes\": {\"choices\": [42]}}"}
{"op_code": 5, "worker_id": "94e040dc-f1d7-4df3-8036-eee5acc970d7-140336698984256", "trial_id": 5, "param_name": "degree", "param_value_internal": 0, "distribution": "{\"name\": \"CategoricalDistribution\", \"attributes\": {\"choices\": [3]}}"}
{"op_code": 8, "worker_id": "94e040dc-f1d7-4df3-8036-eee5acc970d7-140336698984256", "trial_id": 5, "user_attr": {"best_epoch": 19}}
{"op_code": 8, "worker_id": "94e040dc-f1d7-4df3-8036-eee5acc970d7-140336698984256", "trial_id": 5, "user_attr": {"test_loss": 0.4464541777509667}}
{"op_code": 6, "worker_id": "94e040dc-f1d7-4df3-8036-eee5acc970d7-140336698984256", "trial_id": 5, "state": 1, "values": [0.44633649515793344], "datetime_complete": "2024-08-20T13:45:32.753934"}
{"op_code": 4, "worker_id": "94e040dc-f1d7-4df3-8036-eee5acc970d7-140336698984256", "study_id": 0, "datetime_start": "2024-08-20T13:45:32.763801"}
{"op_code": 5, "worker_id": "94e040dc-f1d7-4df3-8036-eee5acc970d7-140336698984256", "trial_id": 6, "param_name": "lr", "param_value_internal": 0.000462258900102083, "distribution": "{\"name\": \"FloatDistribution\", \"attributes\": {\"step\": null, \"low\": 1e-05, \"high\": 0.001, \"log\": true}}"}
{"op_code": 5, "worker_id": "94e040dc-f1d7-4df3-8036-eee5acc970d7-140336698984256", "trial_id": 6, "param_name": "l2reg", "param_value_internal": 1.1526449540315595e-07, "distribution": "{\"name\": \"FloatDistribution\", \"attributes\": {\"step\": null, \"low\": 1e-08, \"high\": 0.001, \"log\": true}}"}
{"op_code": 5, "worker_id": "94e040dc-f1d7-4df3-8036-eee5acc970d7-140336698984256", "trial_id": 6, "param_name": "random_seed", "param_value_internal": 0, "distribution": "{\"name\": \"CategoricalDistribution\", \"attributes\": {\"choices\": [42]}}"}
{"op_code": 5, "worker_id": "94e040dc-f1d7-4df3-8036-eee5acc970d7-140336698984256", "trial_id": 6, "param_name": "degree", "param_value_internal": 0, "distribution": "{\"name\": \"CategoricalDistribution\", \"attributes\": {\"choices\": [3]}}"}
{"op_code": 8, "worker_id": "94e040dc-f1d7-4df3-8036-eee5acc970d7-140336698984256", "trial_id": 6, "user_attr": {"best_epoch": 0}}
{"op_code": 8, "worker_id": "94e040dc-f1d7-4df3-8036-eee5acc970d7-140336698984256", "trial_id": 6, "user_attr": {"test_loss": 0.4453363553018197}}
{"op_code": 6, "worker_id": "94e040dc-f1d7-4df3-8036-eee5acc970d7-140336698984256", "trial_id": 6, "state": 1, "values": [0.44527001016420226], "datetime_complete": "2024-08-20T14:02:36.979941"}
{"op_code": 4, "worker_id": "94e040dc-f1d7-4df3-8036-eee5acc970d7-140336698984256", "study_id": 0, "datetime_start": "2024-08-20T14:02:36.988823"}
{"op_code": 5, "worker_id": "94e040dc-f1d7-4df3-8036-eee5acc970d7-140336698984256", "trial_id": 7, "param_name": "lr", "param_value_internal": 2.3102018878452926e-05, "distribution": "{\"name\": \"FloatDistribution\", \"attributes\": {\"step\": null, \"low\": 1e-05, \"high\": 0.001, \"log\": true}}"}
{"op_code": 5, "worker_id": "94e040dc-f1d7-4df3-8036-eee5acc970d7-140336698984256", "trial_id": 7, "param_name": "l2reg", "param_value_internal": 8.260808399079588e-08, "distribution": "{\"name\": \"FloatDistribution\", \"attributes\": {\"step\": null, \"low\": 1e-08, \"high\": 0.001, \"log\": true}}"}
{"op_code": 5, "worker_id": "94e040dc-f1d7-4df3-8036-eee5acc970d7-140336698984256", "trial_id": 7, "param_name": "random_seed", "param_value_internal": 0, "distribution": "{\"name\": \"CategoricalDistribution\", \"attributes\": {\"choices\": [42]}}"}
{"op_code": 5, "worker_id": "94e040dc-f1d7-4df3-8036-eee5acc970d7-140336698984256", "trial_id": 7, "param_name": "degree", "param_value_internal": 0, "distribution": "{\"name\": \"CategoricalDistribution\", \"attributes\": {\"choices\": [3]}}"}
{"op_code": 8, "worker_id": "94e040dc-f1d7-4df3-8036-eee5acc970d7-140336698984256", "trial_id": 7, "user_attr": {"best_epoch": 9}}
{"op_code": 8, "worker_id": "94e040dc-f1d7-4df3-8036-eee5acc970d7-140336698984256", "trial_id": 7, "user_attr": {"test_loss": 0.4461038697562511}}
{"op_code": 6, "worker_id": "94e040dc-f1d7-4df3-8036-eee5acc970d7-140336698984256", "trial_id": 7, "state": 1, "values": [0.44600738384428484], "datetime_complete": "2024-08-20T14:50:41.710247"}
{"op_code": 4, "worker_id": "94e040dc-f1d7-4df3-8036-eee5acc970d7-140336698984256", "study_id": 0, "datetime_start": "2024-08-20T14:50:41.718920"}
{"op_code": 5, "worker_id": "94e040dc-f1d7-4df3-8036-eee5acc970d7-140336698984256", "trial_id": 8, "param_name": "lr", "param_value_internal": 4.059611610484306e-05, "distribution": "{\"name\": \"FloatDistribution\", \"attributes\": {\"step\": null, \"low\": 1e-05, \"high\": 0.001, \"log\": true}}"}
{"op_code": 5, "worker_id": "94e040dc-f1d7-4df3-8036-eee5acc970d7-140336698984256", "trial_id": 8, "param_name": "l2reg", "param_value_internal": 4.2051564509138674e-06, "distribution": "{\"name\": \"FloatDistribution\", \"attributes\": {\"step\": null, \"low\": 1e-08, \"high\": 0.001, \"log\": true}}"}
{"op_code": 5, "worker_id": "94e040dc-f1d7-4df3-8036-eee5acc970d7-140336698984256", "trial_id": 8, "param_name": "random_seed", "param_value_internal": 0, "distribution": "{\"name\": \"CategoricalDistribution\", \"attributes\": {\"choices\": [42]}}"}
{"op_code": 5, "worker_id": "94e040dc-f1d7-4df3-8036-eee5acc970d7-140336698984256", "trial_id": 8, "param_name": "degree", "param_value_internal": 0, "distribution": "{\"name\": \"CategoricalDistribution\", \"attributes\": {\"choices\": [3]}}"}
{"op_code": 8, "worker_id": "94e040dc-f1d7-4df3-8036-eee5acc970d7-140336698984256", "trial_id": 8, "user_attr": {"best_epoch": 5}}
{"op_code": 8, "worker_id": "94e040dc-f1d7-4df3-8036-eee5acc970d7-140336698984256", "trial_id": 8, "user_attr": {"test_loss": 0.4457677049696252}}
{"op_code": 6, "worker_id": "94e040dc-f1d7-4df3-8036-eee5acc970d7-140336698984256", "trial_id": 8, "state": 1, "values": [0.44569052512815055], "datetime_complete": "2024-08-20T15:24:19.264280"}
{"op_code": 4, "worker_id": "94e040dc-f1d7-4df3-8036-eee5acc970d7-140336698984256", "study_id": 0, "datetime_start": "2024-08-20T15:24:19.273751"}
{"op_code": 5, "worker_id": "94e040dc-f1d7-4df3-8036-eee5acc970d7-140336698984256", "trial_id": 9, "param_name": "lr", "param_value_internal": 7.309539835912905e-05, "distribution": "{\"name\": \"FloatDistribution\", \"attributes\": {\"step\": null, \"low\": 1e-05, \"high\": 0.001, \"log\": true}}"}
{"op_code": 5, "worker_id": "94e040dc-f1d7-4df3-8036-eee5acc970d7-140336698984256", "trial_id": 9, "param_name": "l2reg", "param_value_internal": 2.8585493941961875e-07, "distribution": "{\"name\": \"FloatDistribution\", \"attributes\": {\"step\": null, \"low\": 1e-08, \"high\": 0.001, \"log\": true}}"}
{"op_code": 5, "worker_id": "94e040dc-f1d7-4df3-8036-eee5acc970d7-140336698984256", "trial_id": 9, "param_name": "random_seed", "param_value_internal": 0, "distribution": "{\"name\": \"CategoricalDistribution\", \"attributes\": {\"choices\": [42]}}"}
{"op_code": 5, "worker_id": "94e040dc-f1d7-4df3-8036-eee5acc970d7-140336698984256", "trial_id": 9, "param_name": "degree", "param_value_internal": 0, "distribution": "{\"name\": \"CategoricalDistribution\", \"attributes\": {\"choices\": [3]}}"}
{"op_code": 8, "worker_id": "94e040dc-f1d7-4df3-8036-eee5acc970d7-140336698984256", "trial_id": 9, "user_attr": {"best_epoch": 3}}
{"op_code": 8, "worker_id": "94e040dc-f1d7-4df3-8036-eee5acc970d7-140336698984256", "trial_id": 9, "user_attr": {"test_loss": 0.4455110184680484}}
{"op_code": 6, "worker_id": "94e040dc-f1d7-4df3-8036-eee5acc970d7-140336698984256", "trial_id": 9, "state": 1, "values": [0.44542005903643245], "datetime_complete": "2024-08-20T15:50:58.574293"}
{"op_code": 4, "worker_id": "94e040dc-f1d7-4df3-8036-eee5acc970d7-140336698984256", "study_id": 0, "datetime_start": "2024-08-20T15:50:58.584158"}
{"op_code": 5, "worker_id": "94e040dc-f1d7-4df3-8036-eee5acc970d7-140336698984256", "trial_id": 10, "param_name": "lr", "param_value_internal": 0.00018471184590376964, "distribution": "{\"name\": \"FloatDistribution\", \"attributes\": {\"step\": null, \"low\": 1e-05, \"high\": 0.001, \"log\": true}}"}
{"op_code": 5, "worker_id": "94e040dc-f1d7-4df3-8036-eee5acc970d7-140336698984256", "trial_id": 10, "param_name": "l2reg", "param_value_internal": 3.8521646942747446e-05, "distribution": "{\"name\": \"FloatDistribution\", \"attributes\": {\"step\": null, \"low\": 1e-08, \"high\": 0.001, \"log\": true}}"}
{"op_code": 5, "worker_id": "94e040dc-f1d7-4df3-8036-eee5acc970d7-140336698984256", "trial_id": 10, "param_name": "random_seed", "param_value_internal": 0, "distribution": "{\"name\": \"CategoricalDistribution\", \"attributes\": {\"choices\": [42]}}"}
{"op_code": 5, "worker_id": "94e040dc-f1d7-4df3-8036-eee5acc970d7-140336698984256", "trial_id": 10, "param_name": "degree", "param_value_internal": 0, "distribution": "{\"name\": \"CategoricalDistribution\", \"attributes\": {\"choices\": [3]}}"}
{"op_code": 8, "worker_id": "94e040dc-f1d7-4df3-8036-eee5acc970d7-140336698984256", "trial_id": 10, "user_attr": {"best_epoch": 1}}
{"op_code": 8, "worker_id": "94e040dc-f1d7-4df3-8036-eee5acc970d7-140336698984256", "trial_id": 10, "user_attr": {"test_loss": 0.4450472739457238}}
{"op_code": 6, "worker_id": "94e040dc-f1d7-4df3-8036-eee5acc970d7-140336698984256", "trial_id": 10, "state": 1, "values": [0.44491573921411476], "datetime_complete": "2024-08-20T16:10:50.385068"}
{"op_code": 4, "worker_id": "94e040dc-f1d7-4df3-8036-eee5acc970d7-140336698984256", "study_id": 0, "datetime_start": "2024-08-20T16:10:50.395228"}
{"op_code": 5, "worker_id": "94e040dc-f1d7-4df3-8036-eee5acc970d7-140336698984256", "trial_id": 11, "param_name": "lr", "param_value_internal": 0.00015320252245209042, "distribution": "{\"name\": \"FloatDistribution\", \"attributes\": {\"step\": null, \"low\": 1e-05, \"high\": 0.001, \"log\": true}}"}
{"op_code": 5, "worker_id": "94e040dc-f1d7-4df3-8036-eee5acc970d7-140336698984256", "trial_id": 11, "param_name": "l2reg", "param_value_internal": 4.011123221868182e-05, "distribution": "{\"name\": \"FloatDistribution\", \"attributes\": {\"step\": null, \"low\": 1e-08, \"high\": 0.001, \"log\": true}}"}
{"op_code": 5, "worker_id": "94e040dc-f1d7-4df3-8036-eee5acc970d7-140336698984256", "trial_id": 11, "param_name": "random_seed", "param_value_internal": 0, "distribution": "{\"name\": \"CategoricalDistribution\", \"attributes\": {\"choices\": [42]}}"}
{"op_code": 5, "worker_id": "94e040dc-f1d7-4df3-8036-eee5acc970d7-140336698984256", "trial_id": 11, "param_name": "degree", "param_value_internal": 0, "distribution": "{\"name\": \"CategoricalDistribution\", \"attributes\": {\"choices\": [3]}}"}
{"op_code": 8, "worker_id": "94e040dc-f1d7-4df3-8036-eee5acc970d7-140336698984256", "trial_id": 11, "user_attr": {"best_epoch": 1}}
{"op_code": 8, "worker_id": "94e040dc-f1d7-4df3-8036-eee5acc970d7-140336698984256", "trial_id": 11, "user_attr": {"test_loss": 0.4448966069680278}}
{"op_code": 6, "worker_id": "94e040dc-f1d7-4df3-8036-eee5acc970d7-140336698984256", "trial_id": 11, "state": 1, "values": [0.4447697260639145], "datetime_complete": "2024-08-20T16:30:37.034732"}
{"op_code": 4, "worker_id": "94e040dc-f1d7-4df3-8036-eee5acc970d7-140336698984256", "study_id": 0, "datetime_start": "2024-08-20T16:30:37.046592"}
{"op_code": 5, "worker_id": "94e040dc-f1d7-4df3-8036-eee5acc970d7-140336698984256", "trial_id": 12, "param_name": "lr", "param_value_internal": 0.0001458251474269136, "distribution": "{\"name\": \"FloatDistribution\", \"attributes\": {\"step\": null, \"low\": 1e-05, \"high\": 0.001, \"log\": true}}"}
{"op_code": 5, "worker_id": "94e040dc-f1d7-4df3-8036-eee5acc970d7-140336698984256", "trial_id": 12, "param_name": "l2reg", "param_value_internal": 4.634380861758262e-05, "distribution": "{\"name\": \"FloatDistribution\", \"attributes\": {\"step\": null, \"low\": 1e-08, \"high\": 0.001, \"log\": true}}"}
{"op_code": 5, "worker_id": "94e040dc-f1d7-4df3-8036-eee5acc970d7-140336698984256", "trial_id": 12, "param_name": "random_seed", "param_value_internal": 0, "distribution": "{\"name\": \"CategoricalDistribution\", \"attributes\": {\"choices\": [42]}}"}
{"op_code": 5, "worker_id": "94e040dc-f1d7-4df3-8036-eee5acc970d7-140336698984256", "trial_id": 12, "param_name": "degree", "param_value_internal": 0, "distribution": "{\"name\": \"CategoricalDistribution\", \"attributes\": {\"choices\": [3]}}"}
{"op_code": 8, "worker_id": "94e040dc-f1d7-4df3-8036-eee5acc970d7-140336698984256", "trial_id": 12, "user_attr": {"best_epoch": 1}}
{"op_code": 8, "worker_id": "94e040dc-f1d7-4df3-8036-eee5acc970d7-140336698984256", "trial_id": 12, "user_attr": {"test_loss": 0.4449031513830821}}
{"op_code": 6, "worker_id": "94e040dc-f1d7-4df3-8036-eee5acc970d7-140336698984256", "trial_id": 12, "state": 1, "values": [0.4447767067722906], "datetime_complete": "2024-08-20T16:50:23.273506"}
{"op_code": 4, "worker_id": "94e040dc-f1d7-4df3-8036-eee5acc970d7-140336698984256", "study_id": 0, "datetime_start": "2024-08-20T16:50:23.285215"}
{"op_code": 5, "worker_id": "94e040dc-f1d7-4df3-8036-eee5acc970d7-140336698984256", "trial_id": 13, "param_name": "lr", "param_value_internal": 0.0007215064248475351, "distribution": "{\"name\": \"FloatDistribution\", \"attributes\": {\"step\": null, \"low\": 1e-05, \"high\": 0.001, \"log\": true}}"}
{"op_code": 5, "worker_id": "94e040dc-f1d7-4df3-8036-eee5acc970d7-140336698984256", "trial_id": 13, "param_name": "l2reg", "param_value_internal": 8.51404885716151e-07, "distribution": "{\"name\": \"FloatDistribution\", \"attributes\": {\"step\": null, \"low\": 1e-08, \"high\": 0.001, \"log\": true}}"}
{"op_code": 5, "worker_id": "94e040dc-f1d7-4df3-8036-eee5acc970d7-140336698984256", "trial_id": 13, "param_name": "random_seed", "param_value_internal": 0, "distribution": "{\"name\": \"CategoricalDistribution\", \"attributes\": {\"choices\": [42]}}"}
{"op_code": 5, "worker_id": "94e040dc-f1d7-4df3-8036-eee5acc970d7-140336698984256", "trial_id": 13, "param_name": "degree", "param_value_internal": 0, "distribution": "{\"name\": \"CategoricalDistribution\", \"attributes\": {\"choices\": [3]}}"}
{"op_code": 8, "worker_id": "94e040dc-f1d7-4df3-8036-eee5acc970d7-140336698984256", "trial_id": 13, "user_attr": {"best_epoch": 0}}
{"op_code": 8, "worker_id": "94e040dc-f1d7-4df3-8036-eee5acc970d7-140336698984256", "trial_id": 13, "user_attr": {"test_loss": 0.4454602992513771}}
{"op_code": 6, "worker_id": "94e040dc-f1d7-4df3-8036-eee5acc970d7-140336698984256", "trial_id": 13, "state": 1, "values": [0.44540566132540677], "datetime_complete": "2024-08-20T17:06:31.784390"}
{"op_code": 4, "worker_id": "94e040dc-f1d7-4df3-8036-eee5acc970d7-140336698984256", "study_id": 0, "datetime_start": "2024-08-20T17:06:31.794261"}
{"op_code": 5, "worker_id": "94e040dc-f1d7-4df3-8036-eee5acc970d7-140336698984256", "trial_id": 14, "param_name": "lr", "param_value_internal": 0.00012448484478535553, "distribution": "{\"name\": \"FloatDistribution\", \"attributes\": {\"step\": null, \"low\": 1e-05, \"high\": 0.001, \"log\": true}}"}
{"op_code": 5, "worker_id": "94e040dc-f1d7-4df3-8036-eee5acc970d7-140336698984256", "trial_id": 14, "param_name": "l2reg", "param_value_internal": 1.163814228102759e-08, "distribution": "{\"name\": \"FloatDistribution\", \"attributes\": {\"step\": null, \"low\": 1e-08, \"high\": 0.001, \"log\": true}}"}
{"op_code": 5, "worker_id": "94e040dc-f1d7-4df3-8036-eee5acc970d7-140336698984256", "trial_id": 14, "param_name": "random_seed", "param_value_internal": 0, "distribution": "{\"name\": \"CategoricalDistribution\", \"attributes\": {\"choices\": [42]}}"}
{"op_code": 5, "worker_id": "94e040dc-f1d7-4df3-8036-eee5acc970d7-140336698984256", "trial_id": 14, "param_name": "degree", "param_value_internal": 0, "distribution": "{\"name\": \"CategoricalDistribution\", \"attributes\": {\"choices\": [3]}}"}
{"op_code": 8, "worker_id": "94e040dc-f1d7-4df3-8036-eee5acc970d7-140336698984256", "trial_id": 14, "user_attr": {"best_epoch": 1}}
{"op_code": 8, "worker_id": "94e040dc-f1d7-4df3-8036-eee5acc970d7-140336698984256", "trial_id": 14, "user_attr": {"test_loss": 0.445062689678963}}
{"op_code": 6, "worker_id": "94e040dc-f1d7-4df3-8036-eee5acc970d7-140336698984256", "trial_id": 14, "state": 1, "values": [0.4449379538642075], "datetime_complete": "2024-08-20T17:26:43.734460"}
{"op_code": 4, "worker_id": "94e040dc-f1d7-4df3-8036-eee5acc970d7-140336698984256", "study_id": 0, "datetime_start": "2024-08-20T17:26:43.743761"}
{"op_code": 5, "worker_id": "94e040dc-f1d7-4df3-8036-eee5acc970d7-140336698984256", "trial_id": 15, "param_name": "lr", "param_value_internal": 0.0002733762389478881, "distribution": "{\"name\": \"FloatDistribution\", \"attributes\": {\"step\": null, \"low\": 1e-05, \"high\": 0.001, \"log\": true}}"}
{"op_code": 5, "worker_id": "94e040dc-f1d7-4df3-8036-eee5acc970d7-140336698984256", "trial_id": 15, "param_name": "l2reg", "param_value_internal": 7.561219687267911e-05, "distribution": "{\"name\": \"FloatDistribution\", \"attributes\": {\"step\": null, \"low\": 1e-08, \"high\": 0.001, \"log\": true}}"}
{"op_code": 5, "worker_id": "94e040dc-f1d7-4df3-8036-eee5acc970d7-140336698984256", "trial_id": 15, "param_name": "random_seed", "param_value_internal": 0, "distribution": "{\"name\": \"CategoricalDistribution\", \"attributes\": {\"choices\": [42]}}"}
{"op_code": 5, "worker_id": "94e040dc-f1d7-4df3-8036-eee5acc970d7-140336698984256", "trial_id": 15, "param_name": "degree", "param_value_internal": 0, "distribution": "{\"name\": \"CategoricalDistribution\", \"attributes\": {\"choices\": [3]}}"}
{"op_code": 8, "worker_id": "94e040dc-f1d7-4df3-8036-eee5acc970d7-140336698984256", "trial_id": 15, "user_attr": {"best_epoch": 0}}
{"op_code": 8, "worker_id": "94e040dc-f1d7-4df3-8036-eee5acc970d7-140336698984256", "trial_id": 15, "user_attr": {"test_loss": 0.4455422135131409}}
{"op_code": 6, "worker_id": "94e040dc-f1d7-4df3-8036-eee5acc970d7-140336698984256", "trial_id": 15, "state": 1, "values": [0.44545034513058507], "datetime_complete": "2024-08-20T17:43:35.227164"}
{"op_code": 4, "worker_id": "94e040dc-f1d7-4df3-8036-eee5acc970d7-140336698984256", "study_id": 0, "datetime_start": "2024-08-20T17:43:35.244697"}
{"op_code": 5, "worker_id": "94e040dc-f1d7-4df3-8036-eee5acc970d7-140336698984256", "trial_id": 16, "param_name": "lr", "param_value_internal": 9.865355711626425e-05, "distribution": "{\"name\": \"FloatDistribution\", \"attributes\": {\"step\": null, \"low\": 1e-05, \"high\": 0.001, \"log\": true}}"}
{"op_code": 5, "worker_id": "94e040dc-f1d7-4df3-8036-eee5acc970d7-140336698984256", "trial_id": 16, "param_name": "l2reg", "param_value_internal": 1.0788386058544978e-05, "distribution": "{\"name\": \"FloatDistribution\", \"attributes\": {\"step\": null, \"low\": 1e-08, \"high\": 0.001, \"log\": true}}"}
{"op_code": 5, "worker_id": "94e040dc-f1d7-4df3-8036-eee5acc970d7-140336698984256", "trial_id": 16, "param_name": "random_seed", "param_value_internal": 0, "distribution": "{\"name\": \"CategoricalDistribution\", \"attributes\": {\"choices\": [42]}}"}
{"op_code": 5, "worker_id": "94e040dc-f1d7-4df3-8036-eee5acc970d7-140336698984256", "trial_id": 16, "param_name": "degree", "param_value_internal": 0, "distribution": "{\"name\": \"CategoricalDistribution\", \"attributes\": {\"choices\": [3]}}"}
{"op_code": 8, "worker_id": "94e040dc-f1d7-4df3-8036-eee5acc970d7-140336698984256", "trial_id": 16, "user_attr": {"best_epoch": 2}}
{"op_code": 8, "worker_id": "94e040dc-f1d7-4df3-8036-eee5acc970d7-140336698984256", "trial_id": 16, "user_attr": {"test_loss": 0.4453131953440995}}
{"op_code": 6, "worker_id": "94e040dc-f1d7-4df3-8036-eee5acc970d7-140336698984256", "trial_id": 16, "state": 1, "values": [0.44524325078209387], "datetime_complete": "2024-08-20T18:07:05.911301"}
{"op_code": 4, "worker_id": "94e040dc-f1d7-4df3-8036-eee5acc970d7-140336698984256", "study_id": 0, "datetime_start": "2024-08-20T18:07:05.920115"}
{"op_code": 5, "worker_id": "94e040dc-f1d7-4df3-8036-eee5acc970d7-140336698984256", "trial_id": 17, "param_name": "lr", "param_value_internal": 0.0009084876849999085, "distribution": "{\"name\": \"FloatDistribution\", \"attributes\": {\"step\": null, \"low\": 1e-05, \"high\": 0.001, \"log\": true}}"}
{"op_code": 5, "worker_id": "94e040dc-f1d7-4df3-8036-eee5acc970d7-140336698984256", "trial_id": 17, "param_name": "l2reg", "param_value_internal": 0.00012808944435729837, "distribution": "{\"name\": \"FloatDistribution\", \"attributes\": {\"step\": null, \"low\": 1e-08, \"high\": 0.001, \"log\": true}}"}
{"op_code": 5, "worker_id": "94e040dc-f1d7-4df3-8036-eee5acc970d7-140336698984256", "trial_id": 17, "param_name": "random_seed", "param_value_internal": 0, "distribution": "{\"name\": \"CategoricalDistribution\", \"attributes\": {\"choices\": [42]}}"}
{"op_code": 5, "worker_id": "94e040dc-f1d7-4df3-8036-eee5acc970d7-140336698984256", "trial_id": 17, "param_name": "degree", "param_value_internal": 0, "distribution": "{\"name\": \"CategoricalDistribution\", \"attributes\": {\"choices\": [3]}}"}
{"op_code": 8, "worker_id": "94e040dc-f1d7-4df3-8036-eee5acc970d7-140336698984256", "trial_id": 17, "user_attr": {"best_epoch": 0}}
{"op_code": 8, "worker_id": "94e040dc-f1d7-4df3-8036-eee5acc970d7-140336698984256", "trial_id": 17, "user_attr": {"test_loss": 0.4456288542968884}}
{"op_code": 6, "worker_id": "94e040dc-f1d7-4df3-8036-eee5acc970d7-140336698984256", "trial_id": 17, "state": 1, "values": [0.4455655995345031], "datetime_complete": "2024-08-20T18:24:14.028376"}
{"op_code": 4, "worker_id": "94e040dc-f1d7-4df3-8036-eee5acc970d7-140336698984256", "study_id": 0, "datetime_start": "2024-08-20T18:24:14.037823"}
{"op_code": 5, "worker_id": "94e040dc-f1d7-4df3-8036-eee5acc970d7-140336698984256", "trial_id": 18, "param_name": "lr", "param_value_internal": 0.0002705332129751736, "distribution": "{\"name\": \"FloatDistribution\", \"attributes\": {\"step\": null, \"low\": 1e-05, \"high\": 0.001, \"log\": true}}"}
{"op_code": 5, "worker_id": "94e040dc-f1d7-4df3-8036-eee5acc970d7-140336698984256", "trial_id": 18, "param_name": "l2reg", "param_value_internal": 2.1896150220570466e-06, "distribution": "{\"name\": \"FloatDistribution\", \"attributes\": {\"step\": null, \"low\": 1e-08, \"high\": 0.001, \"log\": true}}"}
{"op_code": 5, "worker_id": "94e040dc-f1d7-4df3-8036-eee5acc970d7-140336698984256", "trial_id": 18, "param_name": "random_seed", "param_value_internal": 0, "distribution": "{\"name\": \"CategoricalDistribution\", \"attributes\": {\"choices\": [42]}}"}
{"op_code": 5, "worker_id": "94e040dc-f1d7-4df3-8036-eee5acc970d7-140336698984256", "trial_id": 18, "param_name": "degree", "param_value_internal": 0, "distribution": "{\"name\": \"CategoricalDistribution\", \"attributes\": {\"choices\": [3]}}"}
{"op_code": 8, "worker_id": "94e040dc-f1d7-4df3-8036-eee5acc970d7-140336698984256", "trial_id": 18, "user_attr": {"best_epoch": 0}}
{"op_code": 8, "worker_id": "94e040dc-f1d7-4df3-8036-eee5acc970d7-140336698984256", "trial_id": 18, "user_attr": {"test_loss": 0.4455541752495458}}
{"op_code": 6, "worker_id": "94e040dc-f1d7-4df3-8036-eee5acc970d7-140336698984256", "trial_id": 18, "state": 1, "values": [0.4454621614338259], "datetime_complete": "2024-08-20T18:40:51.588446"}
{"op_code": 4, "worker_id": "94e040dc-f1d7-4df3-8036-eee5acc970d7-140336698984256", "study_id": 0, "datetime_start": "2024-08-20T18:40:51.608586"}
{"op_code": 5, "worker_id": "94e040dc-f1d7-4df3-8036-eee5acc970d7-140336698984256", "trial_id": 19, "param_name": "lr", "param_value_internal": 0.0004931414296689415, "distribution": "{\"name\": \"FloatDistribution\", \"attributes\": {\"step\": null, \"low\": 1e-05, \"high\": 0.001, \"log\": true}}"}
{"op_code": 5, "worker_id": "94e040dc-f1d7-4df3-8036-eee5acc970d7-140336698984256", "trial_id": 19, "param_name": "l2reg", "param_value_internal": 1.695439134883415e-05, "distribution": "{\"name\": \"FloatDistribution\", \"attributes\": {\"step\": null, \"low\": 1e-08, \"high\": 0.001, \"log\": true}}"}
{"op_code": 5, "worker_id": "94e040dc-f1d7-4df3-8036-eee5acc970d7-140336698984256", "trial_id": 19, "param_name": "random_seed", "param_value_internal": 0, "distribution": "{\"name\": \"CategoricalDistribution\", \"attributes\": {\"choices\": [42]}}"}
{"op_code": 5, "worker_id": "94e040dc-f1d7-4df3-8036-eee5acc970d7-140336698984256", "trial_id": 19, "param_name": "degree", "param_value_internal": 0, "distribution": "{\"name\": \"CategoricalDistribution\", \"attributes\": {\"choices\": [3]}}"}
{"op_code": 8, "worker_id": "94e040dc-f1d7-4df3-8036-eee5acc970d7-140336698984256", "trial_id": 19, "user_attr": {"best_epoch": 0}}
{"op_code": 8, "worker_id": "94e040dc-f1d7-4df3-8036-eee5acc970d7-140336698984256", "trial_id": 19, "user_attr": {"test_loss": 0.44533744603766207}}
{"op_code": 6, "worker_id": "94e040dc-f1d7-4df3-8036-eee5acc970d7-140336698984256", "trial_id": 19, "state": 1, "values": [0.4452753184111966], "datetime_complete": "2024-08-20T18:57:52.849932"}
{"op_code": 4, "worker_id": "94e040dc-f1d7-4df3-8036-eee5acc970d7-140336698984256", "study_id": 0, "datetime_start": "2024-08-20T18:57:52.860004"}
{"op_code": 5, "worker_id": "94e040dc-f1d7-4df3-8036-eee5acc970d7-140336698984256", "trial_id": 20, "param_name": "lr", "param_value_internal": 4.3579555677842685e-05, "distribution": "{\"name\": \"FloatDistribution\", \"attributes\": {\"step\": null, \"low\": 1e-05, \"high\": 0.001, \"log\": true}}"}
{"op_code": 5, "worker_id": "94e040dc-f1d7-4df3-8036-eee5acc970d7-140336698984256", "trial_id": 20, "param_name": "l2reg", "param_value_internal": 0.0002494279464885976, "distribution": "{\"name\": \"FloatDistribution\", \"attributes\": {\"step\": null, \"low\": 1e-08, \"high\": 0.001, \"log\": true}}"}
{"op_code": 5, "worker_id": "94e040dc-f1d7-4df3-8036-eee5acc970d7-140336698984256", "trial_id": 20, "param_name": "random_seed", "param_value_internal": 0, "distribution": "{\"name\": \"CategoricalDistribution\", \"attributes\": {\"choices\": [42]}}"}
{"op_code": 5, "worker_id": "94e040dc-f1d7-4df3-8036-eee5acc970d7-140336698984256", "trial_id": 20, "param_name": "degree", "param_value_internal": 0, "distribution": "{\"name\": \"CategoricalDistribution\", \"attributes\": {\"choices\": [3]}}"}
{"op_code": 8, "worker_id": "94e040dc-f1d7-4df3-8036-eee5acc970d7-140336698984256", "trial_id": 20, "user_attr": {"best_epoch": 5}}
{"op_code": 8, "worker_id": "94e040dc-f1d7-4df3-8036-eee5acc970d7-140336698984256", "trial_id": 20, "user_attr": {"test_loss": 0.445789337897166}}
{"op_code": 6, "worker_id": "94e040dc-f1d7-4df3-8036-eee5acc970d7-140336698984256", "trial_id": 20, "state": 1, "values": [0.4457122671261136], "datetime_complete": "2024-08-20T19:31:30.064300"}
{"op_code": 4, "worker_id": "94e040dc-f1d7-4df3-8036-eee5acc970d7-140336698984256", "study_id": 0, "datetime_start": "2024-08-20T19:31:30.074700"}
{"op_code": 5, "worker_id": "94e040dc-f1d7-4df3-8036-eee5acc970d7-140336698984256", "trial_id": 21, "param_name": "lr", "param_value_internal": 0.00015417809361612488, "distribution": "{\"name\": \"FloatDistribution\", \"attributes\": {\"step\": null, \"low\": 1e-05, \"high\": 0.001, \"log\": true}}"}
{"op_code": 5, "worker_id": "94e040dc-f1d7-4df3-8036-eee5acc970d7-140336698984256", "trial_id": 21, "param_name": "l2reg", "param_value_internal": 3.923746312241624e-05, "distribution": "{\"name\": \"FloatDistribution\", \"attributes\": {\"step\": null, \"low\": 1e-08, \"high\": 0.001, \"log\": true}}"}
{"op_code": 5, "worker_id": "94e040dc-f1d7-4df3-8036-eee5acc970d7-140336698984256", "trial_id": 21, "param_name": "random_seed", "param_value_internal": 0, "distribution": "{\"name\": \"CategoricalDistribution\", \"attributes\": {\"choices\": [42]}}"}
{"op_code": 5, "worker_id": "94e040dc-f1d7-4df3-8036-eee5acc970d7-140336698984256", "trial_id": 21, "param_name": "degree", "param_value_internal": 0, "distribution": "{\"name\": \"CategoricalDistribution\", \"attributes\": {\"choices\": [3]}}"}
{"op_code": 8, "worker_id": "94e040dc-f1d7-4df3-8036-eee5acc970d7-140336698984256", "trial_id": 21, "user_attr": {"best_epoch": 1}}
{"op_code": 8, "worker_id": "94e040dc-f1d7-4df3-8036-eee5acc970d7-140336698984256", "trial_id": 21, "user_attr": {"test_loss": 0.4448974431988403}}
{"op_code": 6, "worker_id": "94e040dc-f1d7-4df3-8036-eee5acc970d7-140336698984256", "trial_id": 21, "state": 1, "values": [0.4447701260003319], "datetime_complete": "2024-08-20T19:51:27.800403"}
{"op_code": 4, "worker_id": "94e040dc-f1d7-4df3-8036-eee5acc970d7-140336698984256", "study_id": 0, "datetime_start": "2024-08-20T19:51:27.811402"}
{"op_code": 5, "worker_id": "94e040dc-f1d7-4df3-8036-eee5acc970d7-140336698984256", "trial_id": 22, "param_name": "lr", "param_value_internal": 9.345649089114622e-05, "distribution": "{\"name\": \"FloatDistribution\", \"attributes\": {\"step\": null, \"low\": 1e-05, \"high\": 0.001, \"log\": true}}"}
{"op_code": 5, "worker_id": "94e040dc-f1d7-4df3-8036-eee5acc970d7-140336698984256", "trial_id": 22, "param_name": "l2reg", "param_value_internal": 5.836089858642801e-05, "distribution": "{\"name\": \"FloatDistribution\", \"attributes\": {\"step\": null, \"low\": 1e-08, \"high\": 0.001, \"log\": true}}"}
{"op_code": 5, "worker_id": "94e040dc-f1d7-4df3-8036-eee5acc970d7-140336698984256", "trial_id": 22, "param_name": "random_seed", "param_value_internal": 0, "distribution": "{\"name\": \"CategoricalDistribution\", \"attributes\": {\"choices\": [42]}}"}
{"op_code": 5, "worker_id": "94e040dc-f1d7-4df3-8036-eee5acc970d7-140336698984256", "trial_id": 22, "param_name": "degree", "param_value_internal": 0, "distribution": "{\"name\": \"CategoricalDistribution\", \"attributes\": {\"choices\": [3]}}"}
{"op_code": 8, "worker_id": "94e040dc-f1d7-4df3-8036-eee5acc970d7-140336698984256", "trial_id": 22, "user_attr": {"best_epoch": 2}}
{"op_code": 8, "worker_id": "94e040dc-f1d7-4df3-8036-eee5acc970d7-140336698984256", "trial_id": 22, "user_attr": {"test_loss": 0.445268620606007}}
{"op_code": 6, "worker_id": "94e040dc-f1d7-4df3-8036-eee5acc970d7-140336698984256", "trial_id": 22, "state": 1, "values": [0.44519951228117477], "datetime_complete": "2024-08-20T20:14:35.366690"}
{"op_code": 4, "worker_id": "94e040dc-f1d7-4df3-8036-eee5acc970d7-140336698984256", "study_id": 0, "datetime_start": "2024-08-20T20:14:35.398676"}
{"op_code": 5, "worker_id": "94e040dc-f1d7-4df3-8036-eee5acc970d7-140336698984256", "trial_id": 23, "param_name": "lr", "param_value_internal": 0.00017559913981942318, "distribution": "{\"name\": \"FloatDistribution\", \"attributes\": {\"step\": null, \"low\": 1e-05, \"high\": 0.001, \"log\": true}}"}
{"op_code": 5, "worker_id": "94e040dc-f1d7-4df3-8036-eee5acc970d7-140336698984256", "trial_id": 23, "param_name": "l2reg", "param_value_internal": 3.5697338776264713e-06, "distribution": "{\"name\": \"FloatDistribution\", \"attributes\": {\"step\": null, \"low\": 1e-08, \"high\": 0.001, \"log\": true}}"}
{"op_code": 5, "worker_id": "94e040dc-f1d7-4df3-8036-eee5acc970d7-140336698984256", "trial_id": 23, "param_name": "random_seed", "param_value_internal": 0, "distribution": "{\"name\": \"CategoricalDistribution\", \"attributes\": {\"choices\": [42]}}"}
{"op_code": 5, "worker_id": "94e040dc-f1d7-4df3-8036-eee5acc970d7-140336698984256", "trial_id": 23, "param_name": "degree", "param_value_internal": 0, "distribution": "{\"name\": \"CategoricalDistribution\", \"attributes\": {\"choices\": [3]}}"}
{"op_code": 8, "worker_id": "94e040dc-f1d7-4df3-8036-eee5acc970d7-140336698984256", "trial_id": 23, "user_attr": {"best_epoch": 1}}
{"op_code": 8, "worker_id": "94e040dc-f1d7-4df3-8036-eee5acc970d7-140336698984256", "trial_id": 23, "user_attr": {"test_loss": 0.44498146621656604}}
{"op_code": 6, "worker_id": "94e040dc-f1d7-4df3-8036-eee5acc970d7-140336698984256", "trial_id": 23, "state": 1, "values": [0.44485076772521837], "datetime_complete": "2024-08-20T20:34:11.727763"}
{"op_code": 4, "worker_id": "94e040dc-f1d7-4df3-8036-eee5acc970d7-140336698984256", "study_id": 0, "datetime_start": "2024-08-20T20:34:11.736518"}
{"op_code": 5, "worker_id": "94e040dc-f1d7-4df3-8036-eee5acc970d7-140336698984256", "trial_id": 24, "param_name": "lr", "param_value_internal": 0.00013493154309189814, "distribution": "{\"name\": \"FloatDistribution\", \"attributes\": {\"step\": null, \"low\": 1e-05, \"high\": 0.001, \"log\": true}}"}
{"op_code": 5, "worker_id": "94e040dc-f1d7-4df3-8036-eee5acc970d7-140336698984256", "trial_id": 24, "param_name": "l2reg", "param_value_internal": 2.0150165915947382e-05, "distribution": "{\"name\": \"FloatDistribution\", \"attributes\": {\"step\": null, \"low\": 1e-08, \"high\": 0.001, \"log\": true}}"}
{"op_code": 5, "worker_id": "94e040dc-f1d7-4df3-8036-eee5acc970d7-140336698984256", "trial_id": 24, "param_name": "random_seed", "param_value_internal": 0, "distribution": "{\"name\": \"CategoricalDistribution\", \"attributes\": {\"choices\": [42]}}"}
{"op_code": 5, "worker_id": "94e040dc-f1d7-4df3-8036-eee5acc970d7-140336698984256", "trial_id": 24, "param_name": "degree", "param_value_internal": 0, "distribution": "{\"name\": \"CategoricalDistribution\", \"attributes\": {\"choices\": [3]}}"}
{"op_code": 8, "worker_id": "94e040dc-f1d7-4df3-8036-eee5acc970d7-140336698984256", "trial_id": 24, "user_attr": {"best_epoch": 1}}
{"op_code": 8, "worker_id": "94e040dc-f1d7-4df3-8036-eee5acc970d7-140336698984256", "trial_id": 24, "user_attr": {"test_loss": 0.4449545613991203}}
{"op_code": 6, "worker_id": "94e040dc-f1d7-4df3-8036-eee5acc970d7-140336698984256", "trial_id": 24, "state": 1, "values": [0.44482884393797467], "datetime_complete": "2024-08-20T20:53:58.953007"}
{"op_code": 4, "worker_id": "94e040dc-f1d7-4df3-8036-eee5acc970d7-140336698984256", "study_id": 0, "datetime_start": "2024-08-20T20:53:58.961894"}
{"op_code": 5, "worker_id": "94e040dc-f1d7-4df3-8036-eee5acc970d7-140336698984256", "trial_id": 25, "param_name": "lr", "param_value_internal": 0.00022203583274197042, "distribution": "{\"name\": \"FloatDistribution\", \"attributes\": {\"step\": null, \"low\": 1e-05, \"high\": 0.001, \"log\": true}}"}
{"op_code": 5, "worker_id": "94e040dc-f1d7-4df3-8036-eee5acc970d7-140336698984256", "trial_id": 25, "param_name": "l2reg", "param_value_internal": 0.00018988221751931422, "distribution": "{\"name\": \"FloatDistribution\", \"attributes\": {\"step\": null, \"low\": 1e-08, \"high\": 0.001, \"log\": true}}"}
{"op_code": 5, "worker_id": "94e040dc-f1d7-4df3-8036-eee5acc970d7-140336698984256", "trial_id": 25, "param_name": "random_seed", "param_value_internal": 0, "distribution": "{\"name\": \"CategoricalDistribution\", \"attributes\": {\"choices\": [42]}}"}
{"op_code": 5, "worker_id": "94e040dc-f1d7-4df3-8036-eee5acc970d7-140336698984256", "trial_id": 25, "param_name": "degree", "param_value_internal": 0, "distribution": "{\"name\": \"CategoricalDistribution\", \"attributes\": {\"choices\": [3]}}"}
{"op_code": 8, "worker_id": "94e040dc-f1d7-4df3-8036-eee5acc970d7-140336698984256", "trial_id": 25, "user_attr": {"best_epoch": 1}}
{"op_code": 8, "worker_id": "94e040dc-f1d7-4df3-8036-eee5acc970d7-140336698984256", "trial_id": 25, "user_attr": {"test_loss": 0.4453978364454693}}
{"op_code": 6, "worker_id": "94e040dc-f1d7-4df3-8036-eee5acc970d7-140336698984256", "trial_id": 25, "state": 1, "values": [0.4452629203822578], "datetime_complete": "2024-08-20T21:13:39.760476"}
{"op_code": 4, "worker_id": "94e040dc-f1d7-4df3-8036-eee5acc970d7-140336698984256", "study_id": 0, "datetime_start": "2024-08-20T21:13:39.769122"}
{"op_code": 5, "worker_id": "94e040dc-f1d7-4df3-8036-eee5acc970d7-140336698984256", "trial_id": 26, "param_name": "lr", "param_value_internal": 0.0003923307133541219, "distribution": "{\"name\": \"FloatDistribution\", \"attributes\": {\"step\": null, \"low\": 1e-05, \"high\": 0.001, \"log\": true}}"}
{"op_code": 5, "worker_id": "94e040dc-f1d7-4df3-8036-eee5acc970d7-140336698984256", "trial_id": 26, "param_name": "l2reg", "param_value_internal": 1.0202131259001712e-06, "distribution": "{\"name\": \"FloatDistribution\", \"attributes\": {\"step\": null, \"low\": 1e-08, \"high\": 0.001, \"log\": true}}"}
{"op_code": 5, "worker_id": "94e040dc-f1d7-4df3-8036-eee5acc970d7-140336698984256", "trial_id": 26, "param_name": "random_seed", "param_value_internal": 0, "distribution": "{\"name\": \"CategoricalDistribution\", \"attributes\": {\"choices\": [42]}}"}
{"op_code": 5, "worker_id": "94e040dc-f1d7-4df3-8036-eee5acc970d7-140336698984256", "trial_id": 26, "param_name": "degree", "param_value_internal": 0, "distribution": "{\"name\": \"CategoricalDistribution\", \"attributes\": {\"choices\": [3]}}"}
{"op_code": 8, "worker_id": "94e040dc-f1d7-4df3-8036-eee5acc970d7-140336698984256", "trial_id": 26, "user_attr": {"best_epoch": 0}}
{"op_code": 8, "worker_id": "94e040dc-f1d7-4df3-8036-eee5acc970d7-140336698984256", "trial_id": 26, "user_attr": {"test_loss": 0.445350462152048}}
{"op_code": 6, "worker_id": "94e040dc-f1d7-4df3-8036-eee5acc970d7-140336698984256", "trial_id": 26, "state": 1, "values": [0.4452741913176567], "datetime_complete": "2024-08-20T21:29:54.595418"}
{"op_code": 4, "worker_id": "94e040dc-f1d7-4df3-8036-eee5acc970d7-140336698984256", "study_id": 0, "datetime_start": "2024-08-20T21:29:54.604514"}
{"op_code": 5, "worker_id": "94e040dc-f1d7-4df3-8036-eee5acc970d7-140336698984256", "trial_id": 27, "param_name": "lr", "param_value_internal": 7.225176547350268e-05, "distribution": "{\"name\": \"FloatDistribution\", \"attributes\": {\"step\": null, \"low\": 1e-05, \"high\": 0.001, \"log\": true}}"}
{"op_code": 5, "worker_id": "94e040dc-f1d7-4df3-8036-eee5acc970d7-140336698984256", "trial_id": 27, "param_name": "l2reg", "param_value_internal": 6.770545041481762e-06, "distribution": "{\"name\": \"FloatDistribution\", \"attributes\": {\"step\": null, \"low\": 1e-08, \"high\": 0.001, \"log\": true}}"}
{"op_code": 5, "worker_id": "94e040dc-f1d7-4df3-8036-eee5acc970d7-140336698984256", "trial_id": 27, "param_name": "random_seed", "param_value_internal": 0, "distribution": "{\"name\": \"CategoricalDistribution\", \"attributes\": {\"choices\": [42]}}"}
{"op_code": 5, "worker_id": "94e040dc-f1d7-4df3-8036-eee5acc970d7-140336698984256", "trial_id": 27, "param_name": "degree", "param_value_internal": 0, "distribution": "{\"name\": \"CategoricalDistribution\", \"attributes\": {\"choices\": [3]}}"}
{"op_code": 8, "worker_id": "94e040dc-f1d7-4df3-8036-eee5acc970d7-140336698984256", "trial_id": 27, "user_attr": {"best_epoch": 3}}
{"op_code": 8, "worker_id": "94e040dc-f1d7-4df3-8036-eee5acc970d7-140336698984256", "trial_id": 27, "user_attr": {"test_loss": 0.4454923668851435}}
{"op_code": 6, "worker_id": "94e040dc-f1d7-4df3-8036-eee5acc970d7-140336698984256", "trial_id": 27, "state": 1, "values": [0.4454019891819381], "datetime_complete": "2024-08-20T21:57:10.070159"}
{"op_code": 4, "worker_id": "94e040dc-f1d7-4df3-8036-eee5acc970d7-140336698984256", "study_id": 0, "datetime_start": "2024-08-20T21:57:10.079582"}
{"op_code": 5, "worker_id": "94e040dc-f1d7-4df3-8036-eee5acc970d7-140336698984256", "trial_id": 28, "param_name": "lr", "param_value_internal": 0.00011230288134827879, "distribution": "{\"name\": \"FloatDistribution\", \"attributes\": {\"step\": null, \"low\": 1e-05, \"high\": 0.001, \"log\": true}}"}
{"op_code": 5, "worker_id": "94e040dc-f1d7-4df3-8036-eee5acc970d7-140336698984256", "trial_id": 28, "param_name": "l2reg", "param_value_internal": 8.362676617873525e-05, "distribution": "{\"name\": \"FloatDistribution\", \"attributes\": {\"step\": null, \"low\": 1e-08, \"high\": 0.001, \"log\": true}}"}
{"op_code": 5, "worker_id": "94e040dc-f1d7-4df3-8036-eee5acc970d7-140336698984256", "trial_id": 28, "param_name": "random_seed", "param_value_internal": 0, "distribution": "{\"name\": \"CategoricalDistribution\", \"attributes\": {\"choices\": [42]}}"}
{"op_code": 5, "worker_id": "94e040dc-f1d7-4df3-8036-eee5acc970d7-140336698984256", "trial_id": 28, "param_name": "degree", "param_value_internal": 0, "distribution": "{\"name\": \"CategoricalDistribution\", \"attributes\": {\"choices\": [3]}}"}
{"op_code": 8, "worker_id": "94e040dc-f1d7-4df3-8036-eee5acc970d7-140336698984256", "trial_id": 28, "user_attr": {"best_epoch": 1}}
{"op_code": 8, "worker_id": "94e040dc-f1d7-4df3-8036-eee5acc970d7-140336698984256", "trial_id": 28, "user_attr": {"test_loss": 0.4452811277103331}}
{"op_code": 6, "worker_id": "94e040dc-f1d7-4df3-8036-eee5acc970d7-140336698984256", "trial_id": 28, "state": 1, "values": [0.4451564645795221], "datetime_complete": "2024-08-20T22:16:56.253060"}
{"op_code": 4, "worker_id": "94e040dc-f1d7-4df3-8036-eee5acc970d7-140336698984256", "study_id": 0, "datetime_start": "2024-08-20T22:16:56.262633"}
{"op_code": 5, "worker_id": "94e040dc-f1d7-4df3-8036-eee5acc970d7-140336698984256", "trial_id": 29, "param_name": "lr", "param_value_internal": 6.229282838561071e-05, "distribution": "{\"name\": \"FloatDistribution\", \"attributes\": {\"step\": null, \"low\": 1e-05, \"high\": 0.001, \"log\": true}}"}
{"op_code": 5, "worker_id": "94e040dc-f1d7-4df3-8036-eee5acc970d7-140336698984256", "trial_id": 29, "param_name": "l2reg", "param_value_internal": 0.0009540429782146586, "distribution": "{\"name\": \"FloatDistribution\", \"attributes\": {\"step\": null, \"low\": 1e-08, \"high\": 0.001, \"log\": true}}"}
{"op_code": 5, "worker_id": "94e040dc-f1d7-4df3-8036-eee5acc970d7-140336698984256", "trial_id": 29, "param_name": "random_seed", "param_value_internal": 0, "distribution": "{\"name\": \"CategoricalDistribution\", \"attributes\": {\"choices\": [42]}}"}
{"op_code": 5, "worker_id": "94e040dc-f1d7-4df3-8036-eee5acc970d7-140336698984256", "trial_id": 29, "param_name": "degree", "param_value_internal": 0, "distribution": "{\"name\": \"CategoricalDistribution\", \"attributes\": {\"choices\": [3]}}"}
{"op_code": 8, "worker_id": "94e040dc-f1d7-4df3-8036-eee5acc970d7-140336698984256", "trial_id": 29, "user_attr": {"best_epoch": 3}}
{"op_code": 8, "worker_id": "94e040dc-f1d7-4df3-8036-eee5acc970d7-140336698984256", "trial_id": 29, "user_attr": {"test_loss": 0.4454092164560916}}
{"op_code": 6, "worker_id": "94e040dc-f1d7-4df3-8036-eee5acc970d7-140336698984256", "trial_id": 29, "state": 1, "values": [0.4453209838784903], "datetime_complete": "2024-08-20T22:43:21.887589"}
{"op_code": 4, "worker_id": "94e040dc-f1d7-4df3-8036-eee5acc970d7-140336698984256", "study_id": 0, "datetime_start": "2024-08-20T22:43:21.897487"}
{"op_code": 5, "worker_id": "94e040dc-f1d7-4df3-8036-eee5acc970d7-140336698984256", "trial_id": 30, "param_name": "lr", "param_value_internal": 4.435624831498986e-05, "distribution": "{\"name\": \"FloatDistribution\", \"attributes\": {\"step\": null, \"low\": 1e-05, \"high\": 0.001, \"log\": true}}"}
{"op_code": 5, "worker_id": "94e040dc-f1d7-4df3-8036-eee5acc970d7-140336698984256", "trial_id": 30, "param_name": "l2reg", "param_value_internal": 0.00039465176867896844, "distribution": "{\"name\": \"FloatDistribution\", \"attributes\": {\"step\": null, \"low\": 1e-08, \"high\": 0.001, \"log\": true}}"}
{"op_code": 5, "worker_id": "94e040dc-f1d7-4df3-8036-eee5acc970d7-140336698984256", "trial_id": 30, "param_name": "random_seed", "param_value_internal": 0, "distribution": "{\"name\": \"CategoricalDistribution\", \"attributes\": {\"choices\": [42]}}"}
{"op_code": 5, "worker_id": "94e040dc-f1d7-4df3-8036-eee5acc970d7-140336698984256", "trial_id": 30, "param_name": "degree", "param_value_internal": 0, "distribution": "{\"name\": \"CategoricalDistribution\", \"attributes\": {\"choices\": [3]}}"}
{"op_code": 8, "worker_id": "94e040dc-f1d7-4df3-8036-eee5acc970d7-140336698984256", "trial_id": 30, "user_attr": {"best_epoch": 4}}
{"op_code": 8, "worker_id": "94e040dc-f1d7-4df3-8036-eee5acc970d7-140336698984256", "trial_id": 30, "user_attr": {"test_loss": 0.4458020631486606}}
{"op_code": 6, "worker_id": "94e040dc-f1d7-4df3-8036-eee5acc970d7-140336698984256", "trial_id": 30, "state": 1, "values": [0.44571204897897687], "datetime_complete": "2024-08-20T23:13:51.092117"}
{"op_code": 4, "worker_id": "94e040dc-f1d7-4df3-8036-eee5acc970d7-140336698984256", "study_id": 0, "datetime_start": "2024-08-20T23:13:51.100945"}
{"op_code": 5, "worker_id": "94e040dc-f1d7-4df3-8036-eee5acc970d7-140336698984256", "trial_id": 31, "param_name": "lr", "param_value_internal": 0.00015761829196766328, "distribution": "{\"name\": \"FloatDistribution\", \"attributes\": {\"step\": null, \"low\": 1e-05, \"high\": 0.001, \"log\": true}}"}
{"op_code": 5, "worker_id": "94e040dc-f1d7-4df3-8036-eee5acc970d7-140336698984256", "trial_id": 31, "param_name": "l2reg", "param_value_internal": 3.9882198165608416e-05, "distribution": "{\"name\": \"FloatDistribution\", \"attributes\": {\"step\": null, \"low\": 1e-08, \"high\": 0.001, \"log\": true}}"}
{"op_code": 5, "worker_id": "94e040dc-f1d7-4df3-8036-eee5acc970d7-140336698984256", "trial_id": 31, "param_name": "random_seed", "param_value_internal": 0, "distribution": "{\"name\": \"CategoricalDistribution\", \"attributes\": {\"choices\": [42]}}"}
{"op_code": 5, "worker_id": "94e040dc-f1d7-4df3-8036-eee5acc970d7-140336698984256", "trial_id": 31, "param_name": "degree", "param_value_internal": 0, "distribution": "{\"name\": \"CategoricalDistribution\", \"attributes\": {\"choices\": [3]}}"}
{"op_code": 8, "worker_id": "94e040dc-f1d7-4df3-8036-eee5acc970d7-140336698984256", "trial_id": 31, "user_attr": {"best_epoch": 1}}
{"op_code": 8, "worker_id": "94e040dc-f1d7-4df3-8036-eee5acc970d7-140336698984256", "trial_id": 31, "user_attr": {"test_loss": 0.44490216972082397}}
{"op_code": 6, "worker_id": "94e040dc-f1d7-4df3-8036-eee5acc970d7-140336698984256", "trial_id": 31, "state": 1, "values": [0.4447739072173689], "datetime_complete": "2024-08-20T23:33:37.653516"}
{"op_code": 4, "worker_id": "94e040dc-f1d7-4df3-8036-eee5acc970d7-140336698984256", "study_id": 0, "datetime_start": "2024-08-20T23:33:37.662944"}
{"op_code": 5, "worker_id": "94e040dc-f1d7-4df3-8036-eee5acc970d7-140336698984256", "trial_id": 32, "param_name": "lr", "param_value_internal": 0.0003416482031254812, "distribution": "{\"name\": \"FloatDistribution\", \"attributes\": {\"step\": null, \"low\": 1e-05, \"high\": 0.001, \"log\": true}}"}
{"op_code": 5, "worker_id": "94e040dc-f1d7-4df3-8036-eee5acc970d7-140336698984256", "trial_id": 32, "param_name": "l2reg", "param_value_internal": 2.488009151435151e-05, "distribution": "{\"name\": \"FloatDistribution\", \"attributes\": {\"step\": null, \"low\": 1e-08, \"high\": 0.001, \"log\": true}}"}
{"op_code": 5, "worker_id": "94e040dc-f1d7-4df3-8036-eee5acc970d7-140336698984256", "trial_id": 32, "param_name": "random_seed", "param_value_internal": 0, "distribution": "{\"name\": \"CategoricalDistribution\", \"attributes\": {\"choices\": [42]}}"}
{"op_code": 5, "worker_id": "94e040dc-f1d7-4df3-8036-eee5acc970d7-140336698984256", "trial_id": 32, "param_name": "degree", "param_value_internal": 0, "distribution": "{\"name\": \"CategoricalDistribution\", \"attributes\": {\"choices\": [3]}}"}
{"op_code": 8, "worker_id": "94e040dc-f1d7-4df3-8036-eee5acc970d7-140336698984256", "trial_id": 32, "user_attr": {"best_epoch": 0}}
{"op_code": 8, "worker_id": "94e040dc-f1d7-4df3-8036-eee5acc970d7-140336698984256", "trial_id": 32, "user_attr": {"test_loss": 0.4453873290235209}}
{"op_code": 6, "worker_id": "94e040dc-f1d7-4df3-8036-eee5acc970d7-140336698984256", "trial_id": 32, "state": 1, "values": [0.44530309581327654], "datetime_complete": "2024-08-20T23:49:56.805465"}
{"op_code": 4, "worker_id": "94e040dc-f1d7-4df3-8036-eee5acc970d7-140336698984256", "study_id": 0, "datetime_start": "2024-08-20T23:49:56.816420"}
{"op_code": 5, "worker_id": "94e040dc-f1d7-4df3-8036-eee5acc970d7-140336698984256", "trial_id": 33, "param_name": "lr", "param_value_internal": 0.00021745218198956202, "distribution": "{\"name\": \"FloatDistribution\", \"attributes\": {\"step\": null, \"low\": 1e-05, \"high\": 0.001, \"log\": true}}"}
{"op_code": 5, "worker_id": "94e040dc-f1d7-4df3-8036-eee5acc970d7-140336698984256", "trial_id": 33, "param_name": "l2reg", "param_value_internal": 1.0384468537604916e-05, "distribution": "{\"name\": \"FloatDistribution\", \"attributes\": {\"step\": null, \"low\": 1e-08, \"high\": 0.001, \"log\": true}}"}
{"op_code": 5, "worker_id": "94e040dc-f1d7-4df3-8036-eee5acc970d7-140336698984256", "trial_id": 33, "param_name": "random_seed", "param_value_internal": 0, "distribution": "{\"name\": \"CategoricalDistribution\", \"attributes\": {\"choices\": [42]}}"}
{"op_code": 5, "worker_id": "94e040dc-f1d7-4df3-8036-eee5acc970d7-140336698984256", "trial_id": 33, "param_name": "degree", "param_value_internal": 0, "distribution": "{\"name\": \"CategoricalDistribution\", \"attributes\": {\"choices\": [3]}}"}
{"op_code": 8, "worker_id": "94e040dc-f1d7-4df3-8036-eee5acc970d7-140336698984256", "trial_id": 33, "user_attr": {"best_epoch": 1}}
{"op_code": 8, "worker_id": "94e040dc-f1d7-4df3-8036-eee5acc970d7-140336698984256", "trial_id": 33, "user_attr": {"test_loss": 0.44536994996576545}}
{"op_code": 6, "worker_id": "94e040dc-f1d7-4df3-8036-eee5acc970d7-140336698984256", "trial_id": 33, "state": 1, "values": [0.44523561563230746], "datetime_complete": "2024-08-21T00:09:45.184672"}
{"op_code": 4, "worker_id": "94e040dc-f1d7-4df3-8036-eee5acc970d7-140336698984256", "study_id": 0, "datetime_start": "2024-08-21T00:09:45.195797"}
{"op_code": 5, "worker_id": "94e040dc-f1d7-4df3-8036-eee5acc970d7-140336698984256", "trial_id": 34, "param_name": "lr", "param_value_internal": 0.00014080453711684497, "distribution": "{\"name\": \"FloatDistribution\", \"attributes\": {\"step\": null, \"low\": 1e-05, \"high\": 0.001, \"log\": true}}"}
{"op_code": 5, "worker_id": "94e040dc-f1d7-4df3-8036-eee5acc970d7-140336698984256", "trial_id": 34, "param_name": "l2reg", "param_value_internal": 5.105111825879921e-05, "distribution": "{\"name\": \"FloatDistribution\", \"attributes\": {\"step\": null, \"low\": 1e-08, \"high\": 0.001, \"log\": true}}"}
{"op_code": 5, "worker_id": "94e040dc-f1d7-4df3-8036-eee5acc970d7-140336698984256", "trial_id": 34, "param_name": "random_seed", "param_value_internal": 0, "distribution": "{\"name\": \"CategoricalDistribution\", \"attributes\": {\"choices\": [42]}}"}
{"op_code": 5, "worker_id": "94e040dc-f1d7-4df3-8036-eee5acc970d7-140336698984256", "trial_id": 34, "param_name": "degree", "param_value_internal": 0, "distribution": "{\"name\": \"CategoricalDistribution\", \"attributes\": {\"choices\": [3]}}"}
{"op_code": 8, "worker_id": "94e040dc-f1d7-4df3-8036-eee5acc970d7-140336698984256", "trial_id": 34, "user_attr": {"best_epoch": 1}}
{"op_code": 8, "worker_id": "94e040dc-f1d7-4df3-8036-eee5acc970d7-140336698984256", "trial_id": 34, "user_attr": {"test_loss": 0.4449202032200849}}
{"op_code": 6, "worker_id": "94e040dc-f1d7-4df3-8036-eee5acc970d7-140336698984256", "trial_id": 34, "state": 1, "values": [0.44479386768038187], "datetime_complete": "2024-08-21T00:29:31.137096"}
{"op_code": 4, "worker_id": "94e040dc-f1d7-4df3-8036-eee5acc970d7-140336698984256", "study_id": 0, "datetime_start": "2024-08-21T00:29:31.167823"}
{"op_code": 5, "worker_id": "94e040dc-f1d7-4df3-8036-eee5acc970d7-140336698984256", "trial_id": 35, "param_name": "lr", "param_value_internal": 9.486145868106547e-05, "distribution": "{\"name\": \"FloatDistribution\", \"attributes\": {\"step\": null, \"low\": 1e-05, \"high\": 0.001, \"log\": true}}"}
{"op_code": 5, "worker_id": "94e040dc-f1d7-4df3-8036-eee5acc970d7-140336698984256", "trial_id": 35, "param_name": "l2reg", "param_value_internal": 0.00011531757620151002, "distribution": "{\"name\": \"FloatDistribution\", \"attributes\": {\"step\": null, \"low\": 1e-08, \"high\": 0.001, \"log\": true}}"}
{"op_code": 5, "worker_id": "94e040dc-f1d7-4df3-8036-eee5acc970d7-140336698984256", "trial_id": 35, "param_name": "random_seed", "param_value_internal": 0, "distribution": "{\"name\": \"CategoricalDistribution\", \"attributes\": {\"choices\": [42]}}"}
{"op_code": 5, "worker_id": "94e040dc-f1d7-4df3-8036-eee5acc970d7-140336698984256", "trial_id": 35, "param_name": "degree", "param_value_internal": 0, "distribution": "{\"name\": \"CategoricalDistribution\", \"attributes\": {\"choices\": [3]}}"}
{"op_code": 8, "worker_id": "94e040dc-f1d7-4df3-8036-eee5acc970d7-140336698984256", "trial_id": 35, "user_attr": {"best_epoch": 2}}
{"op_code": 8, "worker_id": "94e040dc-f1d7-4df3-8036-eee5acc970d7-140336698984256", "trial_id": 35, "user_attr": {"test_loss": 0.44527727377702336}}
{"op_code": 6, "worker_id": "94e040dc-f1d7-4df3-8036-eee5acc970d7-140336698984256", "trial_id": 35, "state": 1, "values": [0.4452082018087888], "datetime_complete": "2024-08-21T00:53:29.494345"}
{"op_code": 4, "worker_id": "94e040dc-f1d7-4df3-8036-eee5acc970d7-140336698984256", "study_id": 0, "datetime_start": "2024-08-21T00:53:29.503603"}
{"op_code": 5, "worker_id": "94e040dc-f1d7-4df3-8036-eee5acc970d7-140336698984256", "trial_id": 36, "param_name": "lr", "param_value_internal": 0.0002193260843592441, "distribution": "{\"name\": \"FloatDistribution\", \"attributes\": {\"step\": null, \"low\": 1e-05, \"high\": 0.001, \"log\": true}}"}
{"op_code": 5, "worker_id": "94e040dc-f1d7-4df3-8036-eee5acc970d7-140336698984256", "trial_id": 36, "param_name": "l2reg", "param_value_internal": 0.0003794900519694475, "distribution": "{\"name\": \"FloatDistribution\", \"attributes\": {\"step\": null, \"low\": 1e-08, \"high\": 0.001, \"log\": true}}"}
{"op_code": 5, "worker_id": "94e040dc-f1d7-4df3-8036-eee5acc970d7-140336698984256", "trial_id": 36, "param_name": "random_seed", "param_value_internal": 0, "distribution": "{\"name\": \"CategoricalDistribution\", \"attributes\": {\"choices\": [42]}}"}
{"op_code": 5, "worker_id": "94e040dc-f1d7-4df3-8036-eee5acc970d7-140336698984256", "trial_id": 36, "param_name": "degree", "param_value_internal": 0, "distribution": "{\"name\": \"CategoricalDistribution\", \"attributes\": {\"choices\": [3]}}"}
{"op_code": 8, "worker_id": "94e040dc-f1d7-4df3-8036-eee5acc970d7-140336698984256", "trial_id": 36, "user_attr": {"best_epoch": 1}}
{"op_code": 8, "worker_id": "94e040dc-f1d7-4df3-8036-eee5acc970d7-140336698984256", "trial_id": 36, "user_attr": {"test_loss": 0.44536744127332795}}
{"op_code": 6, "worker_id": "94e040dc-f1d7-4df3-8036-eee5acc970d7-140336698984256", "trial_id": 36, "state": 1, "values": [0.44523332508737157], "datetime_complete": "2024-08-21T01:13:34.620875"}
{"op_code": 4, "worker_id": "94e040dc-f1d7-4df3-8036-eee5acc970d7-140336698984256", "study_id": 0, "datetime_start": "2024-08-21T01:13:34.631680"}
{"op_code": 5, "worker_id": "94e040dc-f1d7-4df3-8036-eee5acc970d7-140336698984256", "trial_id": 37, "param_name": "lr", "param_value_internal": 0.00015037693986434577, "distribution": "{\"name\": \"FloatDistribution\", \"attributes\": {\"step\": null, \"low\": 1e-05, \"high\": 0.001, \"log\": true}}"}
{"op_code": 5, "worker_id": "94e040dc-f1d7-4df3-8036-eee5acc970d7-140336698984256", "trial_id": 37, "param_name": "l2reg", "param_value_internal": 1.6790496184261437e-05, "distribution": "{\"name\": \"FloatDistribution\", \"attributes\": {\"step\": null, \"low\": 1e-08, \"high\": 0.001, \"log\": true}}"}
{"op_code": 5, "worker_id": "94e040dc-f1d7-4df3-8036-eee5acc970d7-140336698984256", "trial_id": 37, "param_name": "random_seed", "param_value_internal": 0, "distribution": "{\"name\": \"CategoricalDistribution\", \"attributes\": {\"choices\": [42]}}"}
{"op_code": 5, "worker_id": "94e040dc-f1d7-4df3-8036-eee5acc970d7-140336698984256", "trial_id": 37, "param_name": "degree", "param_value_internal": 0, "distribution": "{\"name\": \"CategoricalDistribution\", \"attributes\": {\"choices\": [3]}}"}
{"op_code": 8, "worker_id": "94e040dc-f1d7-4df3-8036-eee5acc970d7-140336698984256", "trial_id": 37, "user_attr": {"best_epoch": 1}}
{"op_code": 8, "worker_id": "94e040dc-f1d7-4df3-8036-eee5acc970d7-140336698984256", "trial_id": 37, "user_attr": {"test_loss": 0.44489689783091907}}
{"op_code": 6, "worker_id": "94e040dc-f1d7-4df3-8036-eee5acc970d7-140336698984256", "trial_id": 37, "state": 1, "values": [0.444770162358188], "datetime_complete": "2024-08-21T01:33:12.972391"}
{"op_code": 4, "worker_id": "94e040dc-f1d7-4df3-8036-eee5acc970d7-140336698984256", "study_id": 0, "datetime_start": "2024-08-21T01:33:12.989594"}
{"op_code": 5, "worker_id": "94e040dc-f1d7-4df3-8036-eee5acc970d7-140336698984256", "trial_id": 38, "param_name": "lr", "param_value_internal": 0.0005476850478849251, "distribution": "{\"name\": \"FloatDistribution\", \"attributes\": {\"step\": null, \"low\": 1e-05, \"high\": 0.001, \"log\": true}}"}
{"op_code": 5, "worker_id": "94e040dc-f1d7-4df3-8036-eee5acc970d7-140336698984256", "trial_id": 38, "param_name": "l2reg", "param_value_internal": 1.618203641824386e-05, "distribution": "{\"name\": \"FloatDistribution\", \"attributes\": {\"step\": null, \"low\": 1e-08, \"high\": 0.001, \"log\": true}}"}
{"op_code": 5, "worker_id": "94e040dc-f1d7-4df3-8036-eee5acc970d7-140336698984256", "trial_id": 38, "param_name": "random_seed", "param_value_internal": 0, "distribution": "{\"name\": \"CategoricalDistribution\", \"attributes\": {\"choices\": [42]}}"}
{"op_code": 5, "worker_id": "94e040dc-f1d7-4df3-8036-eee5acc970d7-140336698984256", "trial_id": 38, "param_name": "degree", "param_value_internal": 0, "distribution": "{\"name\": \"CategoricalDistribution\", \"attributes\": {\"choices\": [3]}}"}
{"op_code": 8, "worker_id": "94e040dc-f1d7-4df3-8036-eee5acc970d7-140336698984256", "trial_id": 38, "user_attr": {"best_epoch": 0}}
{"op_code": 8, "worker_id": "94e040dc-f1d7-4df3-8036-eee5acc970d7-140336698984256", "trial_id": 38, "user_attr": {"test_loss": 0.44535013493129527}}
{"op_code": 6, "worker_id": "94e040dc-f1d7-4df3-8036-eee5acc970d7-140336698984256", "trial_id": 38, "state": 1, "values": [0.44529455171708704], "datetime_complete": "2024-08-21T01:49:24.047085"}
{"op_code": 4, "worker_id": "94e040dc-f1d7-4df3-8036-eee5acc970d7-140336698984256", "study_id": 0, "datetime_start": "2024-08-21T01:49:24.071288"}
{"op_code": 5, "worker_id": "94e040dc-f1d7-4df3-8036-eee5acc970d7-140336698984256", "trial_id": 39, "param_name": "lr", "param_value_internal": 2.7396686859978846e-05, "distribution": "{\"name\": \"FloatDistribution\", \"attributes\": {\"step\": null, \"low\": 1e-05, \"high\": 0.001, \"log\": true}}"}
{"op_code": 5, "worker_id": "94e040dc-f1d7-4df3-8036-eee5acc970d7-140336698984256", "trial_id": 39, "param_name": "l2reg", "param_value_internal": 6.75953536229659e-06, "distribution": "{\"name\": \"FloatDistribution\", \"attributes\": {\"step\": null, \"low\": 1e-08, \"high\": 0.001, \"log\": true}}"}
{"op_code": 5, "worker_id": "94e040dc-f1d7-4df3-8036-eee5acc970d7-140336698984256", "trial_id": 39, "param_name": "random_seed", "param_value_internal": 0, "distribution": "{\"name\": \"CategoricalDistribution\", \"attributes\": {\"choices\": [42]}}"}
{"op_code": 5, "worker_id": "94e040dc-f1d7-4df3-8036-eee5acc970d7-140336698984256", "trial_id": 39, "param_name": "degree", "param_value_internal": 0, "distribution": "{\"name\": \"CategoricalDistribution\", \"attributes\": {\"choices\": [3]}}"}
{"op_code": 8, "worker_id": "94e040dc-f1d7-4df3-8036-eee5acc970d7-140336698984256", "trial_id": 39, "user_attr": {"best_epoch": 8}}
{"op_code": 8, "worker_id": "94e040dc-f1d7-4df3-8036-eee5acc970d7-140336698984256", "trial_id": 39, "user_attr": {"test_loss": 0.4460392981943813}}
{"op_code": 6, "worker_id": "94e040dc-f1d7-4df3-8036-eee5acc970d7-140336698984256", "trial_id": 39, "state": 1, "values": [0.44591768901322304], "datetime_complete": "2024-08-21T02:34:56.203997"}
{"op_code": 4, "worker_id": "94e040dc-f1d7-4df3-8036-eee5acc970d7-140336698984256", "study_id": 0, "datetime_start": "2024-08-21T02:34:56.214012"}
{"op_code": 5, "worker_id": "94e040dc-f1d7-4df3-8036-eee5acc970d7-140336698984256", "trial_id": 40, "param_name": "lr", "param_value_internal": 7.598279847183567e-05, "distribution": "{\"name\": \"FloatDistribution\", \"attributes\": {\"step\": null, \"low\": 1e-05, \"high\": 0.001, \"log\": true}}"}
{"op_code": 5, "worker_id": "94e040dc-f1d7-4df3-8036-eee5acc970d7-140336698984256", "trial_id": 40, "param_name": "l2reg", "param_value_internal": 2.9454819686910378e-05, "distribution": "{\"name\": \"FloatDistribution\", \"attributes\": {\"step\": null, \"low\": 1e-08, \"high\": 0.001, \"log\": true}}"}
{"op_code": 5, "worker_id": "94e040dc-f1d7-4df3-8036-eee5acc970d7-140336698984256", "trial_id": 40, "param_name": "random_seed", "param_value_internal": 0, "distribution": "{\"name\": \"CategoricalDistribution\", \"attributes\": {\"choices\": [42]}}"}
{"op_code": 5, "worker_id": "94e040dc-f1d7-4df3-8036-eee5acc970d7-140336698984256", "trial_id": 40, "param_name": "degree", "param_value_internal": 0, "distribution": "{\"name\": \"CategoricalDistribution\", \"attributes\": {\"choices\": [3]}}"}
{"op_code": 8, "worker_id": "94e040dc-f1d7-4df3-8036-eee5acc970d7-140336698984256", "trial_id": 40, "user_attr": {"best_epoch": 2}}
{"op_code": 8, "worker_id": "94e040dc-f1d7-4df3-8036-eee5acc970d7-140336698984256", "trial_id": 40, "user_attr": {"test_loss": 0.4454305221628797}}
{"op_code": 6, "worker_id": "94e040dc-f1d7-4df3-8036-eee5acc970d7-140336698984256", "trial_id": 40, "state": 1, "values": [0.44535959592169566], "datetime_complete": "2024-08-21T02:58:44.235020"}
{"op_code": 4, "worker_id": "94e040dc-f1d7-4df3-8036-eee5acc970d7-140336698984256", "study_id": 0, "datetime_start": "2024-08-21T02:58:44.246252"}
{"op_code": 5, "worker_id": "94e040dc-f1d7-4df3-8036-eee5acc970d7-140336698984256", "trial_id": 41, "param_name": "lr", "param_value_internal": 0.00016576373803303112, "distribution": "{\"name\": \"FloatDistribution\", \"attributes\": {\"step\": null, \"low\": 1e-05, \"high\": 0.001, \"log\": true}}"}
{"op_code": 5, "worker_id": "94e040dc-f1d7-4df3-8036-eee5acc970d7-140336698984256", "trial_id": 41, "param_name": "l2reg", "param_value_internal": 3.537462209868416e-05, "distribution": "{\"name\": \"FloatDistribution\", \"attributes\": {\"step\": null, \"low\": 1e-08, \"high\": 0.001, \"log\": true}}"}
{"op_code": 5, "worker_id": "94e040dc-f1d7-4df3-8036-eee5acc970d7-140336698984256", "trial_id": 41, "param_name": "random_seed", "param_value_internal": 0, "distribution": "{\"name\": \"CategoricalDistribution\", \"attributes\": {\"choices\": [42]}}"}
{"op_code": 5, "worker_id": "94e040dc-f1d7-4df3-8036-eee5acc970d7-140336698984256", "trial_id": 41, "param_name": "degree", "param_value_internal": 0, "distribution": "{\"name\": \"CategoricalDistribution\", \"attributes\": {\"choices\": [3]}}"}
{"op_code": 8, "worker_id": "94e040dc-f1d7-4df3-8036-eee5acc970d7-140336698984256", "trial_id": 41, "user_attr": {"best_epoch": 1}}
{"op_code": 8, "worker_id": "94e040dc-f1d7-4df3-8036-eee5acc970d7-140336698984256", "trial_id": 41, "user_attr": {"test_loss": 0.4449279110867045}}
{"op_code": 6, "worker_id": "94e040dc-f1d7-4df3-8036-eee5acc970d7-140336698984256", "trial_id": 41, "state": 1, "values": [0.4447988850645272], "datetime_complete": "2024-08-21T03:18:43.633274"}
{"op_code": 4, "worker_id": "94e040dc-f1d7-4df3-8036-eee5acc970d7-140336698984256", "study_id": 0, "datetime_start": "2024-08-21T03:18:43.650824"}
{"op_code": 5, "worker_id": "94e040dc-f1d7-4df3-8036-eee5acc970d7-140336698984256", "trial_id": 42, "param_name": "lr", "param_value_internal": 0.00019390613056698952, "distribution": "{\"name\": \"FloatDistribution\", \"attributes\": {\"step\": null, \"low\": 1e-05, \"high\": 0.001, \"log\": true}}"}
{"op_code": 5, "worker_id": "94e040dc-f1d7-4df3-8036-eee5acc970d7-140336698984256", "trial_id": 42, "param_name": "l2reg", "param_value_internal": 0.00018418042580553462, "distribution": "{\"name\": \"FloatDistribution\", \"attributes\": {\"step\": null, \"low\": 1e-08, \"high\": 0.001, \"log\": true}}"}
{"op_code": 5, "worker_id": "94e040dc-f1d7-4df3-8036-eee5acc970d7-140336698984256", "trial_id": 42, "param_name": "random_seed", "param_value_internal": 0, "distribution": "{\"name\": \"CategoricalDistribution\", \"attributes\": {\"choices\": [42]}}"}
{"op_code": 5, "worker_id": "94e040dc-f1d7-4df3-8036-eee5acc970d7-140336698984256", "trial_id": 42, "param_name": "degree", "param_value_internal": 0, "distribution": "{\"name\": \"CategoricalDistribution\", \"attributes\": {\"choices\": [3]}}"}
{"op_code": 8, "worker_id": "94e040dc-f1d7-4df3-8036-eee5acc970d7-140336698984256", "trial_id": 42, "user_attr": {"best_epoch": 1}}
{"op_code": 8, "worker_id": "94e040dc-f1d7-4df3-8036-eee5acc970d7-140336698984256", "trial_id": 42, "user_attr": {"test_loss": 0.4451086823736506}}
{"op_code": 6, "worker_id": "94e040dc-f1d7-4df3-8036-eee5acc970d7-140336698984256", "trial_id": 42, "state": 1, "values": [0.44497558424529743], "datetime_complete": "2024-08-21T03:38:42.097503"}
{"op_code": 4, "worker_id": "94e040dc-f1d7-4df3-8036-eee5acc970d7-140336698984256", "study_id": 0, "datetime_start": "2024-08-21T03:38:42.106544"}
{"op_code": 5, "worker_id": "94e040dc-f1d7-4df3-8036-eee5acc970d7-140336698984256", "trial_id": 43, "param_name": "lr", "param_value_internal": 0.00014697899190838011, "distribution": "{\"name\": \"FloatDistribution\", \"attributes\": {\"step\": null, \"low\": 1e-05, \"high\": 0.001, \"log\": true}}"}
{"op_code": 5, "worker_id": "94e040dc-f1d7-4df3-8036-eee5acc970d7-140336698984256", "trial_id": 43, "param_name": "l2reg", "param_value_internal": 5.840030135359504e-05, "distribution": "{\"name\": \"FloatDistribution\", \"attributes\": {\"step\": null, \"low\": 1e-08, \"high\": 0.001, \"log\": true}}"}
{"op_code": 5, "worker_id": "94e040dc-f1d7-4df3-8036-eee5acc970d7-140336698984256", "trial_id": 43, "param_name": "random_seed", "param_value_internal": 0, "distribution": "{\"name\": \"CategoricalDistribution\", \"attributes\": {\"choices\": [42]}}"}
{"op_code": 5, "worker_id": "94e040dc-f1d7-4df3-8036-eee5acc970d7-140336698984256", "trial_id": 43, "param_name": "degree", "param_value_internal": 0, "distribution": "{\"name\": \"CategoricalDistribution\", \"attributes\": {\"choices\": [3]}}"}
{"op_code": 8, "worker_id": "94e040dc-f1d7-4df3-8036-eee5acc970d7-140336698984256", "trial_id": 43, "user_attr": {"best_epoch": 1}}
{"op_code": 8, "worker_id": "94e040dc-f1d7-4df3-8036-eee5acc970d7-140336698984256", "trial_id": 43, "user_attr": {"test_loss": 0.4449007517642289}}
{"op_code": 6, "worker_id": "94e040dc-f1d7-4df3-8036-eee5acc970d7-140336698984256", "trial_id": 43, "state": 1, "values": [0.4447742707959302], "datetime_complete": "2024-08-21T03:58:22.570637"}
{"op_code": 4, "worker_id": "94e040dc-f1d7-4df3-8036-eee5acc970d7-140336698984256", "study_id": 0, "datetime_start": "2024-08-21T03:58:22.580000"}
{"op_code": 5, "worker_id": "94e040dc-f1d7-4df3-8036-eee5acc970d7-140336698984256", "trial_id": 44, "param_name": "lr", "param_value_internal": 0.0003211420312443301, "distribution": "{\"name\": \"FloatDistribution\", \"attributes\": {\"step\": null, \"low\": 1e-05, \"high\": 0.001, \"log\": true}}"}
{"op_code": 5, "worker_id": "94e040dc-f1d7-4df3-8036-eee5acc970d7-140336698984256", "trial_id": 44, "param_name": "l2reg", "param_value_internal": 0.00010157339997971272, "distribution": "{\"name\": \"FloatDistribution\", \"attributes\": {\"step\": null, \"low\": 1e-08, \"high\": 0.001, \"log\": true}}"}
{"op_code": 5, "worker_id": "94e040dc-f1d7-4df3-8036-eee5acc970d7-140336698984256", "trial_id": 44, "param_name": "random_seed", "param_value_internal": 0, "distribution": "{\"name\": \"CategoricalDistribution\", \"attributes\": {\"choices\": [42]}}"}
{"op_code": 5, "worker_id": "94e040dc-f1d7-4df3-8036-eee5acc970d7-140336698984256", "trial_id": 44, "param_name": "degree", "param_value_internal": 0, "distribution": "{\"name\": \"CategoricalDistribution\", \"attributes\": {\"choices\": [3]}}"}
{"op_code": 8, "worker_id": "94e040dc-f1d7-4df3-8036-eee5acc970d7-140336698984256", "trial_id": 44, "user_attr": {"best_epoch": 0}}
{"op_code": 8, "worker_id": "94e040dc-f1d7-4df3-8036-eee5acc970d7-140336698984256", "trial_id": 44, "user_attr": {"test_loss": 0.4454104889812411}}
{"op_code": 6, "worker_id": "94e040dc-f1d7-4df3-8036-eee5acc970d7-140336698984256", "trial_id": 44, "state": 1, "values": [0.44532378343341195], "datetime_complete": "2024-08-21T04:14:50.592574"}
{"op_code": 4, "worker_id": "94e040dc-f1d7-4df3-8036-eee5acc970d7-140336698984256", "study_id": 0, "datetime_start": "2024-08-21T04:14:50.602443"}
{"op_code": 5, "worker_id": "94e040dc-f1d7-4df3-8036-eee5acc970d7-140336698984256", "trial_id": 45, "param_name": "lr", "param_value_internal": 0.00011382571635002718, "distribution": "{\"name\": \"FloatDistribution\", \"attributes\": {\"step\": null, \"low\": 1e-05, \"high\": 0.001, \"log\": true}}"}
{"op_code": 5, "worker_id": "94e040dc-f1d7-4df3-8036-eee5acc970d7-140336698984256", "trial_id": 45, "param_name": "l2reg", "param_value_internal": 1.3699300283104651e-05, "distribution": "{\"name\": \"FloatDistribution\", \"attributes\": {\"step\": null, \"low\": 1e-08, \"high\": 0.001, \"log\": true}}"}
{"op_code": 5, "worker_id": "94e040dc-f1d7-4df3-8036-eee5acc970d7-140336698984256", "trial_id": 45, "param_name": "random_seed", "param_value_internal": 0, "distribution": "{\"name\": \"CategoricalDistribution\", \"attributes\": {\"choices\": [42]}}"}
{"op_code": 5, "worker_id": "94e040dc-f1d7-4df3-8036-eee5acc970d7-140336698984256", "trial_id": 45, "param_name": "degree", "param_value_internal": 0, "distribution": "{\"name\": \"CategoricalDistribution\", \"attributes\": {\"choices\": [3]}}"}
{"op_code": 8, "worker_id": "94e040dc-f1d7-4df3-8036-eee5acc970d7-140336698984256", "trial_id": 45, "user_attr": {"best_epoch": 1}}
{"op_code": 8, "worker_id": "94e040dc-f1d7-4df3-8036-eee5acc970d7-140336698984256", "trial_id": 45, "user_attr": {"test_loss": 0.44524716946777326}}
{"op_code": 6, "worker_id": "94e040dc-f1d7-4df3-8036-eee5acc970d7-140336698984256", "trial_id": 45, "state": 1, "values": [0.4451225790576131], "datetime_complete": "2024-08-21T04:34:31.571483"}
{"op_code": 4, "worker_id": "94e040dc-f1d7-4df3-8036-eee5acc970d7-140336698984256", "study_id": 0, "datetime_start": "2024-08-21T04:34:31.581824"}
{"op_code": 5, "worker_id": "94e040dc-f1d7-4df3-8036-eee5acc970d7-140336698984256", "trial_id": 46, "param_name": "lr", "param_value_internal": 0.0002622497486611445, "distribution": "{\"name\": \"FloatDistribution\", \"attributes\": {\"step\": null, \"low\": 1e-05, \"high\": 0.001, \"log\": true}}"}
{"op_code": 5, "worker_id": "94e040dc-f1d7-4df3-8036-eee5acc970d7-140336698984256", "trial_id": 46, "param_name": "l2reg", "param_value_internal": 6.115556910605808e-06, "distribution": "{\"name\": \"FloatDistribution\", \"attributes\": {\"step\": null, \"low\": 1e-08, \"high\": 0.001, \"log\": true}}"}
{"op_code": 5, "worker_id": "94e040dc-f1d7-4df3-8036-eee5acc970d7-140336698984256", "trial_id": 46, "param_name": "random_seed", "param_value_internal": 0, "distribution": "{\"name\": \"CategoricalDistribution\", \"attributes\": {\"choices\": [42]}}"}
{"op_code": 5, "worker_id": "94e040dc-f1d7-4df3-8036-eee5acc970d7-140336698984256", "trial_id": 46, "param_name": "degree", "param_value_internal": 0, "distribution": "{\"name\": \"CategoricalDistribution\", \"attributes\": {\"choices\": [3]}}"}
{"op_code": 8, "worker_id": "94e040dc-f1d7-4df3-8036-eee5acc970d7-140336698984256", "trial_id": 46, "user_attr": {"best_epoch": 0}}
{"op_code": 8, "worker_id": "94e040dc-f1d7-4df3-8036-eee5acc970d7-140336698984256", "trial_id": 46, "user_attr": {"test_loss": 0.4455916602046628}}
{"op_code": 6, "worker_id": "94e040dc-f1d7-4df3-8036-eee5acc970d7-140336698984256", "trial_id": 46, "state": 1, "values": [0.44549971909920355], "datetime_complete": "2024-08-21T04:50:37.200087"}
{"op_code": 4, "worker_id": "94e040dc-f1d7-4df3-8036-eee5acc970d7-140336698984256", "study_id": 0, "datetime_start": "2024-08-21T04:50:37.210687"}
{"op_code": 5, "worker_id": "94e040dc-f1d7-4df3-8036-eee5acc970d7-140336698984256", "trial_id": 47, "param_name": "lr", "param_value_internal": 8.370954613583325e-05, "distribution": "{\"name\": \"FloatDistribution\", \"attributes\": {\"step\": null, \"low\": 1e-05, \"high\": 0.001, \"log\": true}}"}
{"op_code": 5, "worker_id": "94e040dc-f1d7-4df3-8036-eee5acc970d7-140336698984256", "trial_id": 47, "param_name": "l2reg", "param_value_internal": 1.994945539949845e-06, "distribution": "{\"name\": \"FloatDistribution\", \"attributes\": {\"step\": null, \"low\": 1e-08, \"high\": 0.001, \"log\": true}}"}
{"op_code": 5, "worker_id": "94e040dc-f1d7-4df3-8036-eee5acc970d7-140336698984256", "trial_id": 47, "param_name": "random_seed", "param_value_internal": 0, "distribution": "{\"name\": \"CategoricalDistribution\", \"attributes\": {\"choices\": [42]}}"}
{"op_code": 5, "worker_id": "94e040dc-f1d7-4df3-8036-eee5acc970d7-140336698984256", "trial_id": 47, "param_name": "degree", "param_value_internal": 0, "distribution": "{\"name\": \"CategoricalDistribution\", \"attributes\": {\"choices\": [3]}}"}
{"op_code": 8, "worker_id": "94e040dc-f1d7-4df3-8036-eee5acc970d7-140336698984256", "trial_id": 47, "user_attr": {"best_epoch": 2}}
{"op_code": 8, "worker_id": "94e040dc-f1d7-4df3-8036-eee5acc970d7-140336698984256", "trial_id": 47, "user_attr": {"test_loss": 0.4452915624165587}}
{"op_code": 6, "worker_id": "94e040dc-f1d7-4df3-8036-eee5acc970d7-140336698984256", "trial_id": 47, "state": 1, "values": [0.44522245408839], "datetime_complete": "2024-08-21T05:17:21.401331"}
{"op_code": 4, "worker_id": "94e040dc-f1d7-4df3-8036-eee5acc970d7-140336698984256", "study_id": 0, "datetime_start": "2024-08-21T05:17:21.412762"}
{"op_code": 5, "worker_id": "94e040dc-f1d7-4df3-8036-eee5acc970d7-140336698984256", "trial_id": 48, "param_name": "lr", "param_value_internal": 5.58386416886003e-05, "distribution": "{\"name\": \"FloatDistribution\", \"attributes\": {\"step\": null, \"low\": 1e-05, \"high\": 0.001, \"log\": true}}"}
{"op_code": 5, "worker_id": "94e040dc-f1d7-4df3-8036-eee5acc970d7-140336698984256", "trial_id": 48, "param_name": "l2reg", "param_value_internal": 5.3788762041977745e-05, "distribution": "{\"name\": \"FloatDistribution\", \"attributes\": {\"step\": null, \"low\": 1e-08, \"high\": 0.001, \"log\": true}}"}
{"op_code": 5, "worker_id": "94e040dc-f1d7-4df3-8036-eee5acc970d7-140336698984256", "trial_id": 48, "param_name": "random_seed", "param_value_internal": 0, "distribution": "{\"name\": \"CategoricalDistribution\", \"attributes\": {\"choices\": [42]}}"}
{"op_code": 5, "worker_id": "94e040dc-f1d7-4df3-8036-eee5acc970d7-140336698984256", "trial_id": 48, "param_name": "degree", "param_value_internal": 0, "distribution": "{\"name\": \"CategoricalDistribution\", \"attributes\": {\"choices\": [3]}}"}
{"op_code": 8, "worker_id": "94e040dc-f1d7-4df3-8036-eee5acc970d7-140336698984256", "trial_id": 48, "user_attr": {"best_epoch": 3}}
{"op_code": 8, "worker_id": "94e040dc-f1d7-4df3-8036-eee5acc970d7-140336698984256", "trial_id": 48, "user_attr": {"test_loss": 0.4455890060807796}}
{"op_code": 6, "worker_id": "94e040dc-f1d7-4df3-8036-eee5acc970d7-140336698984256", "trial_id": 48, "state": 1, "values": [0.4454982284271024], "datetime_complete": "2024-08-21T05:43:25.287252"}
{"op_code": 4, "worker_id": "94e040dc-f1d7-4df3-8036-eee5acc970d7-140336698984256", "study_id": 0, "datetime_start": "2024-08-21T05:43:25.297102"}
{"op_code": 5, "worker_id": "94e040dc-f1d7-4df3-8036-eee5acc970d7-140336698984256", "trial_id": 49, "param_name": "lr", "param_value_internal": 0.00014502736475276902, "distribution": "{\"name\": \"FloatDistribution\", \"attributes\": {\"step\": null, \"low\": 1e-05, \"high\": 0.001, \"log\": true}}"}
{"op_code": 5, "worker_id": "94e040dc-f1d7-4df3-8036-eee5acc970d7-140336698984256", "trial_id": 49, "param_name": "l2reg", "param_value_internal": 2.373918803290405e-05, "distribution": "{\"name\": \"FloatDistribution\", \"attributes\": {\"step\": null, \"low\": 1e-08, \"high\": 0.001, \"log\": true}}"}
{"op_code": 5, "worker_id": "94e040dc-f1d7-4df3-8036-eee5acc970d7-140336698984256", "trial_id": 49, "param_name": "random_seed", "param_value_internal": 0, "distribution": "{\"name\": \"CategoricalDistribution\", \"attributes\": {\"choices\": [42]}}"}
{"op_code": 5, "worker_id": "94e040dc-f1d7-4df3-8036-eee5acc970d7-140336698984256", "trial_id": 49, "param_name": "degree", "param_value_internal": 0, "distribution": "{\"name\": \"CategoricalDistribution\", \"attributes\": {\"choices\": [3]}}"}
{"op_code": 8, "worker_id": "94e040dc-f1d7-4df3-8036-eee5acc970d7-140336698984256", "trial_id": 49, "user_attr": {"best_epoch": 1}}
{"op_code": 8, "worker_id": "94e040dc-f1d7-4df3-8036-eee5acc970d7-140336698984256", "trial_id": 49, "user_attr": {"test_loss": 0.4449046784132615}}
{"op_code": 6, "worker_id": "94e040dc-f1d7-4df3-8036-eee5acc970d7-140336698984256", "trial_id": 49, "state": 1, "values": [0.4447787428122336], "datetime_complete": "2024-08-21T06:01:36.586518"}
