{"op_code": 0, "worker_id": "dc919bce-ba4f-433a-8cd8-062a0ec80d3f-140368228910912", "study_name": "criteo_splines_0_40", "directions": [1]}
{"op_code": 4, "worker_id": "dc919bce-ba4f-433a-8cd8-062a0ec80d3f-140368228910912", "study_id": 0, "datetime_start": "2024-08-22T05:45:11.380193"}
{"op_code": 5, "worker_id": "dc919bce-ba4f-433a-8cd8-062a0ec80d3f-140368228910912", "trial_id": 0, "param_name": "lr", "param_value_internal": 5.6115164153345e-05, "distribution": "{\"name\": \"FloatDistribution\", \"attributes\": {\"step\": null, \"low\": 1e-05, \"high\": 0.001, \"log\": true}}"}
{"op_code": 5, "worker_id": "dc919bce-ba4f-433a-8cd8-062a0ec80d3f-140368228910912", "trial_id": 0, "param_name": "l2reg", "param_value_internal": 0.0005669849511478851, "distribution": "{\"name\": \"FloatDistribution\", \"attributes\": {\"step\": null, \"low\": 1e-08, \"high\": 0.001, \"log\": true}}"}
{"op_code": 5, "worker_id": "dc919bce-ba4f-433a-8cd8-062a0ec80d3f-140368228910912", "trial_id": 0, "param_name": "random_seed", "param_value_internal": 0, "distribution": "{\"name\": \"CategoricalDistribution\", \"attributes\": {\"choices\": [42]}}"}
{"op_code": 5, "worker_id": "dc919bce-ba4f-433a-8cd8-062a0ec80d3f-140368228910912", "trial_id": 0, "param_name": "degree", "param_value_internal": 0, "distribution": "{\"name\": \"CategoricalDistribution\", \"attributes\": {\"choices\": [0]}}"}
{"op_code": 8, "worker_id": "dc919bce-ba4f-433a-8cd8-062a0ec80d3f-140368228910912", "trial_id": 0, "user_attr": {"best_epoch": 2}}
{"op_code": 8, "worker_id": "dc919bce-ba4f-433a-8cd8-062a0ec80d3f-140368228910912", "trial_id": 0, "user_attr": {"test_loss": 0.44553239689055935}}
{"op_code": 6, "worker_id": "dc919bce-ba4f-433a-8cd8-062a0ec80d3f-140368228910912", "trial_id": 0, "state": 1, "values": [0.44547532297774334], "datetime_complete": "2024-08-22T06:09:23.874503"}
{"op_code": 4, "worker_id": "dc919bce-ba4f-433a-8cd8-062a0ec80d3f-140368228910912", "study_id": 0, "datetime_start": "2024-08-22T06:09:23.883452"}
{"op_code": 5, "worker_id": "dc919bce-ba4f-433a-8cd8-062a0ec80d3f-140368228910912", "trial_id": 1, "param_name": "lr", "param_value_internal": 0.000291063591313307, "distribution": "{\"name\": \"FloatDistribution\", \"attributes\": {\"step\": null, \"low\": 1e-05, \"high\": 0.001, \"log\": true}}"}
{"op_code": 5, "worker_id": "dc919bce-ba4f-433a-8cd8-062a0ec80d3f-140368228910912", "trial_id": 1, "param_name": "l2reg", "param_value_internal": 9.846738873614555e-06, "distribution": "{\"name\": \"FloatDistribution\", \"attributes\": {\"step\": null, \"low\": 1e-08, \"high\": 0.001, \"log\": true}}"}
{"op_code": 5, "worker_id": "dc919bce-ba4f-433a-8cd8-062a0ec80d3f-140368228910912", "trial_id": 1, "param_name": "random_seed", "param_value_internal": 0, "distribution": "{\"name\": \"CategoricalDistribution\", \"attributes\": {\"choices\": [42]}}"}
{"op_code": 5, "worker_id": "dc919bce-ba4f-433a-8cd8-062a0ec80d3f-140368228910912", "trial_id": 1, "param_name": "degree", "param_value_internal": 0, "distribution": "{\"name\": \"CategoricalDistribution\", \"attributes\": {\"choices\": [0]}}"}
{"op_code": 8, "worker_id": "dc919bce-ba4f-433a-8cd8-062a0ec80d3f-140368228910912", "trial_id": 1, "user_attr": {"best_epoch": 0}}
{"op_code": 8, "worker_id": "dc919bce-ba4f-433a-8cd8-062a0ec80d3f-140368228910912", "trial_id": 1, "user_attr": {"test_loss": 0.4453397002250697}}
{"op_code": 6, "worker_id": "dc919bce-ba4f-433a-8cd8-062a0ec80d3f-140368228910912", "trial_id": 1, "state": 1, "values": [0.44523746988296986], "datetime_complete": "2024-08-22T06:25:58.994087"}
{"op_code": 4, "worker_id": "dc919bce-ba4f-433a-8cd8-062a0ec80d3f-140368228910912", "study_id": 0, "datetime_start": "2024-08-22T06:25:59.003041"}
{"op_code": 5, "worker_id": "dc919bce-ba4f-433a-8cd8-062a0ec80d3f-140368228910912", "trial_id": 2, "param_name": "lr", "param_value_internal": 2.0513382630874486e-05, "distribution": "{\"name\": \"FloatDistribution\", \"attributes\": {\"step\": null, \"low\": 1e-05, \"high\": 0.001, \"log\": true}}"}
{"op_code": 5, "worker_id": "dc919bce-ba4f-433a-8cd8-062a0ec80d3f-140368228910912", "trial_id": 2, "param_name": "l2reg", "param_value_internal": 6.02521573620385e-08, "distribution": "{\"name\": \"FloatDistribution\", \"attributes\": {\"step\": null, \"low\": 1e-08, \"high\": 0.001, \"log\": true}}"}
{"op_code": 5, "worker_id": "dc919bce-ba4f-433a-8cd8-062a0ec80d3f-140368228910912", "trial_id": 2, "param_name": "random_seed", "param_value_internal": 0, "distribution": "{\"name\": \"CategoricalDistribution\", \"attributes\": {\"choices\": [42]}}"}
{"op_code": 5, "worker_id": "dc919bce-ba4f-433a-8cd8-062a0ec80d3f-140368228910912", "trial_id": 2, "param_name": "degree", "param_value_internal": 0, "distribution": "{\"name\": \"CategoricalDistribution\", \"attributes\": {\"choices\": [0]}}"}
{"op_code": 8, "worker_id": "dc919bce-ba4f-433a-8cd8-062a0ec80d3f-140368228910912", "trial_id": 2, "user_attr": {"best_epoch": 7}}
{"op_code": 8, "worker_id": "dc919bce-ba4f-433a-8cd8-062a0ec80d3f-140368228910912", "trial_id": 2, "user_attr": {"test_loss": 0.44593018825228053}}
{"op_code": 6, "worker_id": "dc919bce-ba4f-433a-8cd8-062a0ec80d3f-140368228910912", "trial_id": 2, "state": 1, "values": [0.4458629704397541], "datetime_complete": "2024-08-22T07:05:23.372261"}
{"op_code": 4, "worker_id": "dc919bce-ba4f-433a-8cd8-062a0ec80d3f-140368228910912", "study_id": 0, "datetime_start": "2024-08-22T07:05:23.381034"}
{"op_code": 5, "worker_id": "dc919bce-ba4f-433a-8cd8-062a0ec80d3f-140368228910912", "trial_id": 3, "param_name": "lr", "param_value_internal": 1.3066739238053272e-05, "distribution": "{\"name\": \"FloatDistribution\", \"attributes\": {\"step\": null, \"low\": 1e-05, \"high\": 0.001, \"log\": true}}"}
{"op_code": 5, "worker_id": "dc919bce-ba4f-433a-8cd8-062a0ec80d3f-140368228910912", "trial_id": 3, "param_name": "l2reg", "param_value_internal": 0.00021423021757741048, "distribution": "{\"name\": \"FloatDistribution\", \"attributes\": {\"step\": null, \"low\": 1e-08, \"high\": 0.001, \"log\": true}}"}
{"op_code": 5, "worker_id": "dc919bce-ba4f-433a-8cd8-062a0ec80d3f-140368228910912", "trial_id": 3, "param_name": "random_seed", "param_value_internal": 0, "distribution": "{\"name\": \"CategoricalDistribution\", \"attributes\": {\"choices\": [42]}}"}
{"op_code": 5, "worker_id": "dc919bce-ba4f-433a-8cd8-062a0ec80d3f-140368228910912", "trial_id": 3, "param_name": "degree", "param_value_internal": 0, "distribution": "{\"name\": \"CategoricalDistribution\", \"attributes\": {\"choices\": [0]}}"}
{"op_code": 8, "worker_id": "dc919bce-ba4f-433a-8cd8-062a0ec80d3f-140368228910912", "trial_id": 3, "user_attr": {"best_epoch": 9}}
{"op_code": 8, "worker_id": "dc919bce-ba4f-433a-8cd8-062a0ec80d3f-140368228910912", "trial_id": 3, "user_attr": {"test_loss": 0.4468638944912314}}
{"op_code": 6, "worker_id": "dc919bce-ba4f-433a-8cd8-062a0ec80d3f-140368228910912", "trial_id": 3, "state": 1, "values": [0.4467898776238192], "datetime_complete": "2024-08-22T07:44:57.284990"}
{"op_code": 4, "worker_id": "dc919bce-ba4f-433a-8cd8-062a0ec80d3f-140368228910912", "study_id": 0, "datetime_start": "2024-08-22T07:44:57.294428"}
{"op_code": 5, "worker_id": "dc919bce-ba4f-433a-8cd8-062a0ec80d3f-140368228910912", "trial_id": 4, "param_name": "lr", "param_value_internal": 0.00015930522616241006, "distribution": "{\"name\": \"FloatDistribution\", \"attributes\": {\"step\": null, \"low\": 1e-05, \"high\": 0.001, \"log\": true}}"}
{"op_code": 5, "worker_id": "dc919bce-ba4f-433a-8cd8-062a0ec80d3f-140368228910912", "trial_id": 4, "param_name": "l2reg", "param_value_internal": 3.47026698865041e-05, "distribution": "{\"name\": \"FloatDistribution\", \"attributes\": {\"step\": null, \"low\": 1e-08, \"high\": 0.001, \"log\": true}}"}
{"op_code": 5, "worker_id": "dc919bce-ba4f-433a-8cd8-062a0ec80d3f-140368228910912", "trial_id": 4, "param_name": "random_seed", "param_value_internal": 0, "distribution": "{\"name\": \"CategoricalDistribution\", \"attributes\": {\"choices\": [42]}}"}
{"op_code": 5, "worker_id": "dc919bce-ba4f-433a-8cd8-062a0ec80d3f-140368228910912", "trial_id": 4, "param_name": "degree", "param_value_internal": 0, "distribution": "{\"name\": \"CategoricalDistribution\", \"attributes\": {\"choices\": [0]}}"}
{"op_code": 8, "worker_id": "dc919bce-ba4f-433a-8cd8-062a0ec80d3f-140368228910912", "trial_id": 4, "user_attr": {"best_epoch": 1}}
{"op_code": 8, "worker_id": "dc919bce-ba4f-433a-8cd8-062a0ec80d3f-140368228910912", "trial_id": 4, "user_attr": {"test_loss": 0.4456697932488396}}
{"op_code": 6, "worker_id": "dc919bce-ba4f-433a-8cd8-062a0ec80d3f-140368228910912", "trial_id": 4, "state": 1, "values": [0.44550899035251557], "datetime_complete": "2024-08-22T08:05:17.860881"}
{"op_code": 4, "worker_id": "dc919bce-ba4f-433a-8cd8-062a0ec80d3f-140368228910912", "study_id": 0, "datetime_start": "2024-08-22T08:05:17.869813"}
{"op_code": 5, "worker_id": "dc919bce-ba4f-433a-8cd8-062a0ec80d3f-140368228910912", "trial_id": 5, "param_name": "lr", "param_value_internal": 1.0994335574766187e-05, "distribution": "{\"name\": \"FloatDistribution\", \"attributes\": {\"step\": null, \"low\": 1e-05, \"high\": 0.001, \"log\": true}}"}
{"op_code": 5, "worker_id": "dc919bce-ba4f-433a-8cd8-062a0ec80d3f-140368228910912", "trial_id": 5, "param_name": "l2reg", "param_value_internal": 0.0007072114131472234, "distribution": "{\"name\": \"FloatDistribution\", \"attributes\": {\"step\": null, \"low\": 1e-08, \"high\": 0.001, \"log\": true}}"}
{"op_code": 5, "worker_id": "dc919bce-ba4f-433a-8cd8-062a0ec80d3f-140368228910912", "trial_id": 5, "param_name": "random_seed", "param_value_internal": 0, "distribution": "{\"name\": \"CategoricalDistribution\", \"attributes\": {\"choices\": [42]}}"}
{"op_code": 5, "worker_id": "dc919bce-ba4f-433a-8cd8-062a0ec80d3f-140368228910912", "trial_id": 5, "param_name": "degree", "param_value_internal": 0, "distribution": "{\"name\": \"CategoricalDistribution\", \"attributes\": {\"choices\": [0]}}"}
{"op_code": 8, "worker_id": "dc919bce-ba4f-433a-8cd8-062a0ec80d3f-140368228910912", "trial_id": 5, "user_attr": {"best_epoch": 9}}
{"op_code": 8, "worker_id": "dc919bce-ba4f-433a-8cd8-062a0ec80d3f-140368228910912", "trial_id": 5, "user_attr": {"test_loss": 0.44796488325054407}}
{"op_code": 6, "worker_id": "dc919bce-ba4f-433a-8cd8-062a0ec80d3f-140368228910912", "trial_id": 5, "state": 1, "values": [0.4478833037889394], "datetime_complete": "2024-08-22T08:44:52.813425"}
{"op_code": 4, "worker_id": "dc919bce-ba4f-433a-8cd8-062a0ec80d3f-140368228910912", "study_id": 0, "datetime_start": "2024-08-22T08:44:52.822970"}
{"op_code": 5, "worker_id": "dc919bce-ba4f-433a-8cd8-062a0ec80d3f-140368228910912", "trial_id": 6, "param_name": "lr", "param_value_internal": 0.000462258900102083, "distribution": "{\"name\": \"FloatDistribution\", \"attributes\": {\"step\": null, \"low\": 1e-05, \"high\": 0.001, \"log\": true}}"}
{"op_code": 5, "worker_id": "dc919bce-ba4f-433a-8cd8-062a0ec80d3f-140368228910912", "trial_id": 6, "param_name": "l2reg", "param_value_internal": 1.1526449540315595e-07, "distribution": "{\"name\": \"FloatDistribution\", \"attributes\": {\"step\": null, \"low\": 1e-08, \"high\": 0.001, \"log\": true}}"}
{"op_code": 5, "worker_id": "dc919bce-ba4f-433a-8cd8-062a0ec80d3f-140368228910912", "trial_id": 6, "param_name": "random_seed", "param_value_internal": 0, "distribution": "{\"name\": \"CategoricalDistribution\", \"attributes\": {\"choices\": [42]}}"}
{"op_code": 5, "worker_id": "dc919bce-ba4f-433a-8cd8-062a0ec80d3f-140368228910912", "trial_id": 6, "param_name": "degree", "param_value_internal": 0, "distribution": "{\"name\": \"CategoricalDistribution\", \"attributes\": {\"choices\": [0]}}"}
{"op_code": 8, "worker_id": "dc919bce-ba4f-433a-8cd8-062a0ec80d3f-140368228910912", "trial_id": 6, "user_attr": {"best_epoch": 0}}
{"op_code": 8, "worker_id": "dc919bce-ba4f-433a-8cd8-062a0ec80d3f-140368228910912", "trial_id": 6, "user_attr": {"test_loss": 0.44539107388324645}}
{"op_code": 6, "worker_id": "dc919bce-ba4f-433a-8cd8-062a0ec80d3f-140368228910912", "trial_id": 6, "state": 1, "values": [0.4452965513991739], "datetime_complete": "2024-08-22T09:01:54.046692"}
{"op_code": 4, "worker_id": "dc919bce-ba4f-433a-8cd8-062a0ec80d3f-140368228910912", "study_id": 0, "datetime_start": "2024-08-22T09:01:54.055500"}
{"op_code": 5, "worker_id": "dc919bce-ba4f-433a-8cd8-062a0ec80d3f-140368228910912", "trial_id": 7, "param_name": "lr", "param_value_internal": 2.3102018878452926e-05, "distribution": "{\"name\": \"FloatDistribution\", \"attributes\": {\"step\": null, \"low\": 1e-05, \"high\": 0.001, \"log\": true}}"}
{"op_code": 5, "worker_id": "dc919bce-ba4f-433a-8cd8-062a0ec80d3f-140368228910912", "trial_id": 7, "param_name": "l2reg", "param_value_internal": 8.260808399079588e-08, "distribution": "{\"name\": \"FloatDistribution\", \"attributes\": {\"step\": null, \"low\": 1e-08, \"high\": 0.001, \"log\": true}}"}
{"op_code": 5, "worker_id": "dc919bce-ba4f-433a-8cd8-062a0ec80d3f-140368228910912", "trial_id": 7, "param_name": "random_seed", "param_value_internal": 0, "distribution": "{\"name\": \"CategoricalDistribution\", \"attributes\": {\"choices\": [42]}}"}
{"op_code": 5, "worker_id": "dc919bce-ba4f-433a-8cd8-062a0ec80d3f-140368228910912", "trial_id": 7, "param_name": "degree", "param_value_internal": 0, "distribution": "{\"name\": \"CategoricalDistribution\", \"attributes\": {\"choices\": [0]}}"}
{"op_code": 8, "worker_id": "dc919bce-ba4f-433a-8cd8-062a0ec80d3f-140368228910912", "trial_id": 7, "user_attr": {"best_epoch": 6}}
{"op_code": 8, "worker_id": "dc919bce-ba4f-433a-8cd8-062a0ec80d3f-140368228910912", "trial_id": 7, "user_attr": {"test_loss": 0.44583751206353844}}
{"op_code": 6, "worker_id": "dc919bce-ba4f-433a-8cd8-062a0ec80d3f-140368228910912", "trial_id": 7, "state": 1, "values": [0.4457704760537706], "datetime_complete": "2024-08-22T09:41:06.270854"}
{"op_code": 4, "worker_id": "dc919bce-ba4f-433a-8cd8-062a0ec80d3f-140368228910912", "study_id": 0, "datetime_start": "2024-08-22T09:41:06.284056"}
{"op_code": 5, "worker_id": "dc919bce-ba4f-433a-8cd8-062a0ec80d3f-140368228910912", "trial_id": 8, "param_name": "lr", "param_value_internal": 4.059611610484306e-05, "distribution": "{\"name\": \"FloatDistribution\", \"attributes\": {\"step\": null, \"low\": 1e-05, \"high\": 0.001, \"log\": true}}"}
{"op_code": 5, "worker_id": "dc919bce-ba4f-433a-8cd8-062a0ec80d3f-140368228910912", "trial_id": 8, "param_name": "l2reg", "param_value_internal": 4.2051564509138674e-06, "distribution": "{\"name\": \"FloatDistribution\", \"attributes\": {\"step\": null, \"low\": 1e-08, \"high\": 0.001, \"log\": true}}"}
{"op_code": 5, "worker_id": "dc919bce-ba4f-433a-8cd8-062a0ec80d3f-140368228910912", "trial_id": 8, "param_name": "random_seed", "param_value_internal": 0, "distribution": "{\"name\": \"CategoricalDistribution\", \"attributes\": {\"choices\": [42]}}"}
{"op_code": 5, "worker_id": "dc919bce-ba4f-433a-8cd8-062a0ec80d3f-140368228910912", "trial_id": 8, "param_name": "degree", "param_value_internal": 0, "distribution": "{\"name\": \"CategoricalDistribution\", \"attributes\": {\"choices\": [0]}}"}
{"op_code": 8, "worker_id": "dc919bce-ba4f-433a-8cd8-062a0ec80d3f-140368228910912", "trial_id": 8, "user_attr": {"best_epoch": 3}}
{"op_code": 8, "worker_id": "dc919bce-ba4f-433a-8cd8-062a0ec80d3f-140368228910912", "trial_id": 8, "user_attr": {"test_loss": 0.4454768784361815}}
{"op_code": 6, "worker_id": "dc919bce-ba4f-433a-8cd8-062a0ec80d3f-140368228910912", "trial_id": 8, "state": 1, "values": [0.4454013347405278], "datetime_complete": "2024-08-22T10:09:22.927137"}
{"op_code": 4, "worker_id": "dc919bce-ba4f-433a-8cd8-062a0ec80d3f-140368228910912", "study_id": 0, "datetime_start": "2024-08-22T10:09:22.936759"}
{"op_code": 5, "worker_id": "dc919bce-ba4f-433a-8cd8-062a0ec80d3f-140368228910912", "trial_id": 9, "param_name": "lr", "param_value_internal": 7.309539835912905e-05, "distribution": "{\"name\": \"FloatDistribution\", \"attributes\": {\"step\": null, \"low\": 1e-05, \"high\": 0.001, \"log\": true}}"}
{"op_code": 5, "worker_id": "dc919bce-ba4f-433a-8cd8-062a0ec80d3f-140368228910912", "trial_id": 9, "param_name": "l2reg", "param_value_internal": 2.8585493941961875e-07, "distribution": "{\"name\": \"FloatDistribution\", \"attributes\": {\"step\": null, \"low\": 1e-08, \"high\": 0.001, \"log\": true}}"}
{"op_code": 5, "worker_id": "dc919bce-ba4f-433a-8cd8-062a0ec80d3f-140368228910912", "trial_id": 9, "param_name": "random_seed", "param_value_internal": 0, "distribution": "{\"name\": \"CategoricalDistribution\", \"attributes\": {\"choices\": [42]}}"}
{"op_code": 5, "worker_id": "dc919bce-ba4f-433a-8cd8-062a0ec80d3f-140368228910912", "trial_id": 9, "param_name": "degree", "param_value_internal": 0, "distribution": "{\"name\": \"CategoricalDistribution\", \"attributes\": {\"choices\": [0]}}"}
{"op_code": 8, "worker_id": "dc919bce-ba4f-433a-8cd8-062a0ec80d3f-140368228910912", "trial_id": 9, "user_attr": {"best_epoch": 1}}
{"op_code": 8, "worker_id": "dc919bce-ba4f-433a-8cd8-062a0ec80d3f-140368228910912", "trial_id": 9, "user_attr": {"test_loss": 0.44562169179819}}
{"op_code": 6, "worker_id": "dc919bce-ba4f-433a-8cd8-062a0ec80d3f-140368228910912", "trial_id": 9, "state": 1, "values": [0.44547954048905386], "datetime_complete": "2024-08-22T10:29:51.758330"}
{"op_code": 4, "worker_id": "dc919bce-ba4f-433a-8cd8-062a0ec80d3f-140368228910912", "study_id": 0, "datetime_start": "2024-08-22T10:29:51.767366"}
{"op_code": 5, "worker_id": "dc919bce-ba4f-433a-8cd8-062a0ec80d3f-140368228910912", "trial_id": 10, "param_name": "lr", "param_value_internal": 0.000872134982845204, "distribution": "{\"name\": \"FloatDistribution\", \"attributes\": {\"step\": null, \"low\": 1e-05, \"high\": 0.001, \"log\": true}}"}
{"op_code": 5, "worker_id": "dc919bce-ba4f-433a-8cd8-062a0ec80d3f-140368228910912", "trial_id": 10, "param_name": "l2reg", "param_value_internal": 2.3261440591233855e-06, "distribution": "{\"name\": \"FloatDistribution\", \"attributes\": {\"step\": null, \"low\": 1e-08, \"high\": 0.001, \"log\": true}}"}
{"op_code": 5, "worker_id": "dc919bce-ba4f-433a-8cd8-062a0ec80d3f-140368228910912", "trial_id": 10, "param_name": "random_seed", "param_value_internal": 0, "distribution": "{\"name\": \"CategoricalDistribution\", \"attributes\": {\"choices\": [42]}}"}
{"op_code": 5, "worker_id": "dc919bce-ba4f-433a-8cd8-062a0ec80d3f-140368228910912", "trial_id": 10, "param_name": "degree", "param_value_internal": 0, "distribution": "{\"name\": \"CategoricalDistribution\", \"attributes\": {\"choices\": [0]}}"}
{"op_code": 8, "worker_id": "dc919bce-ba4f-433a-8cd8-062a0ec80d3f-140368228910912", "trial_id": 10, "user_attr": {"best_epoch": 0}}
{"op_code": 8, "worker_id": "dc919bce-ba4f-433a-8cd8-062a0ec80d3f-140368228910912", "trial_id": 10, "user_attr": {"test_loss": 0.4461497170194931}}
{"op_code": 6, "worker_id": "dc919bce-ba4f-433a-8cd8-062a0ec80d3f-140368228910912", "trial_id": 10, "state": 1, "values": [0.4460788633894277], "datetime_complete": "2024-08-22T10:46:24.278099"}
{"op_code": 4, "worker_id": "dc919bce-ba4f-433a-8cd8-062a0ec80d3f-140368228910912", "study_id": 0, "datetime_start": "2024-08-22T10:46:24.328481"}
{"op_code": 5, "worker_id": "dc919bce-ba4f-433a-8cd8-062a0ec80d3f-140368228910912", "trial_id": 11, "param_name": "lr", "param_value_internal": 0.00026979688754341885, "distribution": "{\"name\": \"FloatDistribution\", \"attributes\": {\"step\": null, \"low\": 1e-05, \"high\": 0.001, \"log\": true}}"}
{"op_code": 5, "worker_id": "dc919bce-ba4f-433a-8cd8-062a0ec80d3f-140368228910912", "trial_id": 11, "param_name": "l2reg", "param_value_internal": 1.1463467961454662e-08, "distribution": "{\"name\": \"FloatDistribution\", \"attributes\": {\"step\": null, \"low\": 1e-08, \"high\": 0.001, \"log\": true}}"}
{"op_code": 5, "worker_id": "dc919bce-ba4f-433a-8cd8-062a0ec80d3f-140368228910912", "trial_id": 11, "param_name": "random_seed", "param_value_internal": 0, "distribution": "{\"name\": \"CategoricalDistribution\", \"attributes\": {\"choices\": [42]}}"}
{"op_code": 5, "worker_id": "dc919bce-ba4f-433a-8cd8-062a0ec80d3f-140368228910912", "trial_id": 11, "param_name": "degree", "param_value_internal": 0, "distribution": "{\"name\": \"CategoricalDistribution\", \"attributes\": {\"choices\": [0]}}"}
{"op_code": 8, "worker_id": "dc919bce-ba4f-433a-8cd8-062a0ec80d3f-140368228910912", "trial_id": 11, "user_attr": {"best_epoch": 0}}
{"op_code": 8, "worker_id": "dc919bce-ba4f-433a-8cd8-062a0ec80d3f-140368228910912", "trial_id": 11, "user_attr": {"test_loss": 0.4453592971123714}}
{"op_code": 6, "worker_id": "dc919bce-ba4f-433a-8cd8-062a0ec80d3f-140368228910912", "trial_id": 11, "state": 1, "values": [0.4452580120716808], "datetime_complete": "2024-08-22T11:02:59.689801"}
{"op_code": 4, "worker_id": "dc919bce-ba4f-433a-8cd8-062a0ec80d3f-140368228910912", "study_id": 0, "datetime_start": "2024-08-22T11:02:59.701117"}
{"op_code": 5, "worker_id": "dc919bce-ba4f-433a-8cd8-062a0ec80d3f-140368228910912", "trial_id": 12, "param_name": "lr", "param_value_internal": 0.0002012487082975096, "distribution": "{\"name\": \"FloatDistribution\", \"attributes\": {\"step\": null, \"low\": 1e-05, \"high\": 0.001, \"log\": true}}"}
{"op_code": 5, "worker_id": "dc919bce-ba4f-433a-8cd8-062a0ec80d3f-140368228910912", "trial_id": 12, "param_name": "l2reg", "param_value_internal": 1.5618020905061994e-08, "distribution": "{\"name\": \"FloatDistribution\", \"attributes\": {\"step\": null, \"low\": 1e-08, \"high\": 0.001, \"log\": true}}"}
{"op_code": 5, "worker_id": "dc919bce-ba4f-433a-8cd8-062a0ec80d3f-140368228910912", "trial_id": 12, "param_name": "random_seed", "param_value_internal": 0, "distribution": "{\"name\": \"CategoricalDistribution\", \"attributes\": {\"choices\": [42]}}"}
{"op_code": 5, "worker_id": "dc919bce-ba4f-433a-8cd8-062a0ec80d3f-140368228910912", "trial_id": 12, "param_name": "degree", "param_value_internal": 0, "distribution": "{\"name\": \"CategoricalDistribution\", \"attributes\": {\"choices\": [0]}}"}
{"op_code": 6, "worker_id": "dc919bce-ba4f-433a-8cd8-062a0ec80d3f-140368228910912", "trial_id": 12, "state": 3, "values": null, "datetime_complete": "2024-08-22T11:14:36.142830"}
