{"op_code": 0, "worker_id": "3f5a30ad-e044-45b1-aa44-2214228e361d-139878398228288", "study_name": "criteo_splines_0_24", "directions": [1]}
{"op_code": 4, "worker_id": "3f5a30ad-e044-45b1-aa44-2214228e361d-139878398228288", "study_id": 0, "datetime_start": "2024-08-21T06:44:09.025186"}
{"op_code": 5, "worker_id": "3f5a30ad-e044-45b1-aa44-2214228e361d-139878398228288", "trial_id": 0, "param_name": "lr", "param_value_internal": 5.6115164153345e-05, "distribution": "{\"name\": \"FloatDistribution\", \"attributes\": {\"step\": null, \"low\": 1e-05, \"high\": 0.001, \"log\": true}}"}
{"op_code": 5, "worker_id": "3f5a30ad-e044-45b1-aa44-2214228e361d-139878398228288", "trial_id": 0, "param_name": "l2reg", "param_value_internal": 0.0005669849511478851, "distribution": "{\"name\": \"FloatDistribution\", \"attributes\": {\"step\": null, \"low\": 1e-08, \"high\": 0.001, \"log\": true}}"}
{"op_code": 5, "worker_id": "3f5a30ad-e044-45b1-aa44-2214228e361d-139878398228288", "trial_id": 0, "param_name": "random_seed", "param_value_internal": 0, "distribution": "{\"name\": \"CategoricalDistribution\", \"attributes\": {\"choices\": [42]}}"}
{"op_code": 5, "worker_id": "3f5a30ad-e044-45b1-aa44-2214228e361d-139878398228288", "trial_id": 0, "param_name": "degree", "param_value_internal": 0, "distribution": "{\"name\": \"CategoricalDistribution\", \"attributes\": {\"choices\": [0]}}"}
{"op_code": 8, "worker_id": "3f5a30ad-e044-45b1-aa44-2214228e361d-139878398228288", "trial_id": 0, "user_attr": {"best_epoch": 3}}
{"op_code": 8, "worker_id": "3f5a30ad-e044-45b1-aa44-2214228e361d-139878398228288", "trial_id": 0, "user_attr": {"test_loss": 0.4452615671808929}}
{"op_code": 6, "worker_id": "3f5a30ad-e044-45b1-aa44-2214228e361d-139878398228288", "trial_id": 0, "state": 1, "values": [0.4451882049879197], "datetime_complete": "2024-08-21T07:09:41.000823"}
{"op_code": 4, "worker_id": "3f5a30ad-e044-45b1-aa44-2214228e361d-139878398228288", "study_id": 0, "datetime_start": "2024-08-21T07:09:41.012711"}
{"op_code": 5, "worker_id": "3f5a30ad-e044-45b1-aa44-2214228e361d-139878398228288", "trial_id": 1, "param_name": "lr", "param_value_internal": 0.000291063591313307, "distribution": "{\"name\": \"FloatDistribution\", \"attributes\": {\"step\": null, \"low\": 1e-05, \"high\": 0.001, \"log\": true}}"}
{"op_code": 5, "worker_id": "3f5a30ad-e044-45b1-aa44-2214228e361d-139878398228288", "trial_id": 1, "param_name": "l2reg", "param_value_internal": 9.846738873614555e-06, "distribution": "{\"name\": \"FloatDistribution\", \"attributes\": {\"step\": null, \"low\": 1e-08, \"high\": 0.001, \"log\": true}}"}
{"op_code": 5, "worker_id": "3f5a30ad-e044-45b1-aa44-2214228e361d-139878398228288", "trial_id": 1, "param_name": "random_seed", "param_value_internal": 0, "distribution": "{\"name\": \"CategoricalDistribution\", \"attributes\": {\"choices\": [42]}}"}
{"op_code": 5, "worker_id": "3f5a30ad-e044-45b1-aa44-2214228e361d-139878398228288", "trial_id": 1, "param_name": "degree", "param_value_internal": 0, "distribution": "{\"name\": \"CategoricalDistribution\", \"attributes\": {\"choices\": [0]}}"}
{"op_code": 8, "worker_id": "3f5a30ad-e044-45b1-aa44-2214228e361d-139878398228288", "trial_id": 1, "user_attr": {"best_epoch": 0}}
{"op_code": 8, "worker_id": "3f5a30ad-e044-45b1-aa44-2214228e361d-139878398228288", "trial_id": 1, "user_attr": {"test_loss": 0.44522222797484384}}
{"op_code": 6, "worker_id": "3f5a30ad-e044-45b1-aa44-2214228e361d-139878398228288", "trial_id": 1, "state": 1, "values": [0.44521154673155233], "datetime_complete": "2024-08-21T07:24:54.111970"}
{"op_code": 4, "worker_id": "3f5a30ad-e044-45b1-aa44-2214228e361d-139878398228288", "study_id": 0, "datetime_start": "2024-08-21T07:24:54.120900"}
{"op_code": 5, "worker_id": "3f5a30ad-e044-45b1-aa44-2214228e361d-139878398228288", "trial_id": 2, "param_name": "lr", "param_value_internal": 2.0513382630874486e-05, "distribution": "{\"name\": \"FloatDistribution\", \"attributes\": {\"step\": null, \"low\": 1e-05, \"high\": 0.001, \"log\": true}}"}
{"op_code": 5, "worker_id": "3f5a30ad-e044-45b1-aa44-2214228e361d-139878398228288", "trial_id": 2, "param_name": "l2reg", "param_value_internal": 6.02521573620385e-08, "distribution": "{\"name\": \"FloatDistribution\", \"attributes\": {\"step\": null, \"low\": 1e-08, \"high\": 0.001, \"log\": true}}"}
{"op_code": 5, "worker_id": "3f5a30ad-e044-45b1-aa44-2214228e361d-139878398228288", "trial_id": 2, "param_name": "random_seed", "param_value_internal": 0, "distribution": "{\"name\": \"CategoricalDistribution\", \"attributes\": {\"choices\": [42]}}"}
{"op_code": 5, "worker_id": "3f5a30ad-e044-45b1-aa44-2214228e361d-139878398228288", "trial_id": 2, "param_name": "degree", "param_value_internal": 0, "distribution": "{\"name\": \"CategoricalDistribution\", \"attributes\": {\"choices\": [0]}}"}
{"op_code": 8, "worker_id": "3f5a30ad-e044-45b1-aa44-2214228e361d-139878398228288", "trial_id": 2, "user_attr": {"best_epoch": 8}}
{"op_code": 8, "worker_id": "3f5a30ad-e044-45b1-aa44-2214228e361d-139878398228288", "trial_id": 2, "user_attr": {"test_loss": 0.4459020836254082}}
{"op_code": 6, "worker_id": "3f5a30ad-e044-45b1-aa44-2214228e361d-139878398228288", "trial_id": 2, "state": 1, "values": [0.44577622059503846], "datetime_complete": "2024-08-21T08:08:01.921681"}
{"op_code": 4, "worker_id": "3f5a30ad-e044-45b1-aa44-2214228e361d-139878398228288", "study_id": 0, "datetime_start": "2024-08-21T08:08:01.930423"}
{"op_code": 5, "worker_id": "3f5a30ad-e044-45b1-aa44-2214228e361d-139878398228288", "trial_id": 3, "param_name": "lr", "param_value_internal": 1.3066739238053272e-05, "distribution": "{\"name\": \"FloatDistribution\", \"attributes\": {\"step\": null, \"low\": 1e-05, \"high\": 0.001, \"log\": true}}"}
{"op_code": 5, "worker_id": "3f5a30ad-e044-45b1-aa44-2214228e361d-139878398228288", "trial_id": 3, "param_name": "l2reg", "param_value_internal": 0.00021423021757741048, "distribution": "{\"name\": \"FloatDistribution\", \"attributes\": {\"step\": null, \"low\": 1e-08, \"high\": 0.001, \"log\": true}}"}
{"op_code": 5, "worker_id": "3f5a30ad-e044-45b1-aa44-2214228e361d-139878398228288", "trial_id": 3, "param_name": "random_seed", "param_value_internal": 0, "distribution": "{\"name\": \"CategoricalDistribution\", \"attributes\": {\"choices\": [42]}}"}
{"op_code": 5, "worker_id": "3f5a30ad-e044-45b1-aa44-2214228e361d-139878398228288", "trial_id": 3, "param_name": "degree", "param_value_internal": 0, "distribution": "{\"name\": \"CategoricalDistribution\", \"attributes\": {\"choices\": [0]}}"}
{"op_code": 8, "worker_id": "3f5a30ad-e044-45b1-aa44-2214228e361d-139878398228288", "trial_id": 3, "user_attr": {"best_epoch": 14}}
{"op_code": 8, "worker_id": "3f5a30ad-e044-45b1-aa44-2214228e361d-139878398228288", "trial_id": 3, "user_attr": {"test_loss": 0.44605591373704717}}
{"op_code": 6, "worker_id": "3f5a30ad-e044-45b1-aa44-2214228e361d-139878398228288", "trial_id": 3, "state": 1, "values": [0.4459560101935794], "datetime_complete": "2024-08-21T09:16:51.544292"}
{"op_code": 4, "worker_id": "3f5a30ad-e044-45b1-aa44-2214228e361d-139878398228288", "study_id": 0, "datetime_start": "2024-08-21T09:16:51.553334"}
{"op_code": 5, "worker_id": "3f5a30ad-e044-45b1-aa44-2214228e361d-139878398228288", "trial_id": 4, "param_name": "lr", "param_value_internal": 0.00015930522616241006, "distribution": "{\"name\": \"FloatDistribution\", \"attributes\": {\"step\": null, \"low\": 1e-05, \"high\": 0.001, \"log\": true}}"}
{"op_code": 5, "worker_id": "3f5a30ad-e044-45b1-aa44-2214228e361d-139878398228288", "trial_id": 4, "param_name": "l2reg", "param_value_internal": 3.47026698865041e-05, "distribution": "{\"name\": \"FloatDistribution\", \"attributes\": {\"step\": null, \"low\": 1e-08, \"high\": 0.001, \"log\": true}}"}
{"op_code": 5, "worker_id": "3f5a30ad-e044-45b1-aa44-2214228e361d-139878398228288", "trial_id": 4, "param_name": "random_seed", "param_value_internal": 0, "distribution": "{\"name\": \"CategoricalDistribution\", \"attributes\": {\"choices\": [42]}}"}
{"op_code": 5, "worker_id": "3f5a30ad-e044-45b1-aa44-2214228e361d-139878398228288", "trial_id": 4, "param_name": "degree", "param_value_internal": 0, "distribution": "{\"name\": \"CategoricalDistribution\", \"attributes\": {\"choices\": [0]}}"}
{"op_code": 8, "worker_id": "3f5a30ad-e044-45b1-aa44-2214228e361d-139878398228288", "trial_id": 4, "user_attr": {"best_epoch": 1}}
{"op_code": 8, "worker_id": "3f5a30ad-e044-45b1-aa44-2214228e361d-139878398228288", "trial_id": 4, "user_attr": {"test_loss": 0.445031094697395}}
{"op_code": 6, "worker_id": "3f5a30ad-e044-45b1-aa44-2214228e361d-139878398228288", "trial_id": 4, "state": 1, "values": [0.44499765346396564], "datetime_complete": "2024-08-21T09:35:34.662645"}
{"op_code": 4, "worker_id": "3f5a30ad-e044-45b1-aa44-2214228e361d-139878398228288", "study_id": 0, "datetime_start": "2024-08-21T09:35:34.674694"}
{"op_code": 5, "worker_id": "3f5a30ad-e044-45b1-aa44-2214228e361d-139878398228288", "trial_id": 5, "param_name": "lr", "param_value_internal": 1.0994335574766187e-05, "distribution": "{\"name\": \"FloatDistribution\", \"attributes\": {\"step\": null, \"low\": 1e-05, \"high\": 0.001, \"log\": true}}"}
{"op_code": 5, "worker_id": "3f5a30ad-e044-45b1-aa44-2214228e361d-139878398228288", "trial_id": 5, "param_name": "l2reg", "param_value_internal": 0.0007072114131472234, "distribution": "{\"name\": \"FloatDistribution\", \"attributes\": {\"step\": null, \"low\": 1e-08, \"high\": 0.001, \"log\": true}}"}
{"op_code": 5, "worker_id": "3f5a30ad-e044-45b1-aa44-2214228e361d-139878398228288", "trial_id": 5, "param_name": "random_seed", "param_value_internal": 0, "distribution": "{\"name\": \"CategoricalDistribution\", \"attributes\": {\"choices\": [42]}}"}
{"op_code": 5, "worker_id": "3f5a30ad-e044-45b1-aa44-2214228e361d-139878398228288", "trial_id": 5, "param_name": "degree", "param_value_internal": 0, "distribution": "{\"name\": \"CategoricalDistribution\", \"attributes\": {\"choices\": [0]}}"}
{"op_code": 8, "worker_id": "3f5a30ad-e044-45b1-aa44-2214228e361d-139878398228288", "trial_id": 5, "user_attr": {"best_epoch": 17}}
{"op_code": 8, "worker_id": "3f5a30ad-e044-45b1-aa44-2214228e361d-139878398228288", "trial_id": 5, "user_attr": {"test_loss": 0.44612041258319407}}
{"op_code": 6, "worker_id": "3f5a30ad-e044-45b1-aa44-2214228e361d-139878398228288", "trial_id": 5, "state": 1, "values": [0.4459940768689429], "datetime_complete": "2024-08-21T10:45:35.273782"}
{"op_code": 4, "worker_id": "3f5a30ad-e044-45b1-aa44-2214228e361d-139878398228288", "study_id": 0, "datetime_start": "2024-08-21T10:45:35.283501"}
{"op_code": 5, "worker_id": "3f5a30ad-e044-45b1-aa44-2214228e361d-139878398228288", "trial_id": 6, "param_name": "lr", "param_value_internal": 0.000462258900102083, "distribution": "{\"name\": \"FloatDistribution\", \"attributes\": {\"step\": null, \"low\": 1e-05, \"high\": 0.001, \"log\": true}}"}
{"op_code": 5, "worker_id": "3f5a30ad-e044-45b1-aa44-2214228e361d-139878398228288", "trial_id": 6, "param_name": "l2reg", "param_value_internal": 1.1526449540315595e-07, "distribution": "{\"name\": \"FloatDistribution\", \"attributes\": {\"step\": null, \"low\": 1e-08, \"high\": 0.001, \"log\": true}}"}
{"op_code": 5, "worker_id": "3f5a30ad-e044-45b1-aa44-2214228e361d-139878398228288", "trial_id": 6, "param_name": "random_seed", "param_value_internal": 0, "distribution": "{\"name\": \"CategoricalDistribution\", \"attributes\": {\"choices\": [42]}}"}
{"op_code": 5, "worker_id": "3f5a30ad-e044-45b1-aa44-2214228e361d-139878398228288", "trial_id": 6, "param_name": "degree", "param_value_internal": 0, "distribution": "{\"name\": \"CategoricalDistribution\", \"attributes\": {\"choices\": [0]}}"}
{"op_code": 8, "worker_id": "3f5a30ad-e044-45b1-aa44-2214228e361d-139878398228288", "trial_id": 6, "user_attr": {"best_epoch": 0}}
{"op_code": 8, "worker_id": "3f5a30ad-e044-45b1-aa44-2214228e361d-139878398228288", "trial_id": 6, "user_attr": {"test_loss": 0.44516554606890074}}
{"op_code": 6, "worker_id": "3f5a30ad-e044-45b1-aa44-2214228e361d-139878398228288", "trial_id": 6, "state": 1, "values": [0.44515424675029847], "datetime_complete": "2024-08-21T11:00:47.668065"}
{"op_code": 4, "worker_id": "3f5a30ad-e044-45b1-aa44-2214228e361d-139878398228288", "study_id": 0, "datetime_start": "2024-08-21T11:00:47.676646"}
{"op_code": 5, "worker_id": "3f5a30ad-e044-45b1-aa44-2214228e361d-139878398228288", "trial_id": 7, "param_name": "lr", "param_value_internal": 2.3102018878452926e-05, "distribution": "{\"name\": \"FloatDistribution\", \"attributes\": {\"step\": null, \"low\": 1e-05, \"high\": 0.001, \"log\": true}}"}
{"op_code": 5, "worker_id": "3f5a30ad-e044-45b1-aa44-2214228e361d-139878398228288", "trial_id": 7, "param_name": "l2reg", "param_value_internal": 8.260808399079588e-08, "distribution": "{\"name\": \"FloatDistribution\", \"attributes\": {\"step\": null, \"low\": 1e-08, \"high\": 0.001, \"log\": true}}"}
{"op_code": 5, "worker_id": "3f5a30ad-e044-45b1-aa44-2214228e361d-139878398228288", "trial_id": 7, "param_name": "random_seed", "param_value_internal": 0, "distribution": "{\"name\": \"CategoricalDistribution\", \"attributes\": {\"choices\": [42]}}"}
{"op_code": 5, "worker_id": "3f5a30ad-e044-45b1-aa44-2214228e361d-139878398228288", "trial_id": 7, "param_name": "degree", "param_value_internal": 0, "distribution": "{\"name\": \"CategoricalDistribution\", \"attributes\": {\"choices\": [0]}}"}
{"op_code": 8, "worker_id": "3f5a30ad-e044-45b1-aa44-2214228e361d-139878398228288", "trial_id": 7, "user_attr": {"best_epoch": 8}}
{"op_code": 8, "worker_id": "3f5a30ad-e044-45b1-aa44-2214228e361d-139878398228288", "trial_id": 7, "user_attr": {"test_loss": 0.4458334763409216}}
{"op_code": 6, "worker_id": "3f5a30ad-e044-45b1-aa44-2214228e361d-139878398228288", "trial_id": 7, "state": 1, "values": [0.4457055772805865], "datetime_complete": "2024-08-21T11:43:30.871571"}
{"op_code": 4, "worker_id": "3f5a30ad-e044-45b1-aa44-2214228e361d-139878398228288", "study_id": 0, "datetime_start": "2024-08-21T11:43:30.880313"}
{"op_code": 5, "worker_id": "3f5a30ad-e044-45b1-aa44-2214228e361d-139878398228288", "trial_id": 8, "param_name": "lr", "param_value_internal": 4.059611610484306e-05, "distribution": "{\"name\": \"FloatDistribution\", \"attributes\": {\"step\": null, \"low\": 1e-05, \"high\": 0.001, \"log\": true}}"}
{"op_code": 5, "worker_id": "3f5a30ad-e044-45b1-aa44-2214228e361d-139878398228288", "trial_id": 8, "param_name": "l2reg", "param_value_internal": 4.2051564509138674e-06, "distribution": "{\"name\": \"FloatDistribution\", \"attributes\": {\"step\": null, \"low\": 1e-08, \"high\": 0.001, \"log\": true}}"}
{"op_code": 5, "worker_id": "3f5a30ad-e044-45b1-aa44-2214228e361d-139878398228288", "trial_id": 8, "param_name": "random_seed", "param_value_internal": 0, "distribution": "{\"name\": \"CategoricalDistribution\", \"attributes\": {\"choices\": [42]}}"}
{"op_code": 5, "worker_id": "3f5a30ad-e044-45b1-aa44-2214228e361d-139878398228288", "trial_id": 8, "param_name": "degree", "param_value_internal": 0, "distribution": "{\"name\": \"CategoricalDistribution\", \"attributes\": {\"choices\": [0]}}"}
{"op_code": 8, "worker_id": "3f5a30ad-e044-45b1-aa44-2214228e361d-139878398228288", "trial_id": 8, "user_attr": {"best_epoch": 4}}
{"op_code": 8, "worker_id": "3f5a30ad-e044-45b1-aa44-2214228e361d-139878398228288", "trial_id": 8, "user_attr": {"test_loss": 0.4455098913743446}}
{"op_code": 6, "worker_id": "3f5a30ad-e044-45b1-aa44-2214228e361d-139878398228288", "trial_id": 8, "state": 1, "values": [0.44543183898181715], "datetime_complete": "2024-08-21T12:12:00.704737"}
{"op_code": 4, "worker_id": "3f5a30ad-e044-45b1-aa44-2214228e361d-139878398228288", "study_id": 0, "datetime_start": "2024-08-21T12:12:00.713420"}
{"op_code": 5, "worker_id": "3f5a30ad-e044-45b1-aa44-2214228e361d-139878398228288", "trial_id": 9, "param_name": "lr", "param_value_internal": 7.309539835912905e-05, "distribution": "{\"name\": \"FloatDistribution\", \"attributes\": {\"step\": null, \"low\": 1e-05, \"high\": 0.001, \"log\": true}}"}
{"op_code": 5, "worker_id": "3f5a30ad-e044-45b1-aa44-2214228e361d-139878398228288", "trial_id": 9, "param_name": "l2reg", "param_value_internal": 2.8585493941961875e-07, "distribution": "{\"name\": \"FloatDistribution\", \"attributes\": {\"step\": null, \"low\": 1e-08, \"high\": 0.001, \"log\": true}}"}
{"op_code": 5, "worker_id": "3f5a30ad-e044-45b1-aa44-2214228e361d-139878398228288", "trial_id": 9, "param_name": "random_seed", "param_value_internal": 0, "distribution": "{\"name\": \"CategoricalDistribution\", \"attributes\": {\"choices\": [42]}}"}
{"op_code": 5, "worker_id": "3f5a30ad-e044-45b1-aa44-2214228e361d-139878398228288", "trial_id": 9, "param_name": "degree", "param_value_internal": 0, "distribution": "{\"name\": \"CategoricalDistribution\", \"attributes\": {\"choices\": [0]}}"}
{"op_code": 8, "worker_id": "3f5a30ad-e044-45b1-aa44-2214228e361d-139878398228288", "trial_id": 9, "user_attr": {"best_epoch": 2}}
{"op_code": 8, "worker_id": "3f5a30ad-e044-45b1-aa44-2214228e361d-139878398228288", "trial_id": 9, "user_attr": {"test_loss": 0.4452378618552515}}
{"op_code": 6, "worker_id": "3f5a30ad-e044-45b1-aa44-2214228e361d-139878398228288", "trial_id": 9, "state": 1, "values": [0.44519147719497104], "datetime_complete": "2024-08-21T12:33:17.553254"}
{"op_code": 4, "worker_id": "3f5a30ad-e044-45b1-aa44-2214228e361d-139878398228288", "study_id": 0, "datetime_start": "2024-08-21T12:33:17.562476"}
{"op_code": 5, "worker_id": "3f5a30ad-e044-45b1-aa44-2214228e361d-139878398228288", "trial_id": 10, "param_name": "lr", "param_value_internal": 0.00018471184590376964, "distribution": "{\"name\": \"FloatDistribution\", \"attributes\": {\"step\": null, \"low\": 1e-05, \"high\": 0.001, \"log\": true}}"}
{"op_code": 5, "worker_id": "3f5a30ad-e044-45b1-aa44-2214228e361d-139878398228288", "trial_id": 10, "param_name": "l2reg", "param_value_internal": 3.8521646942747446e-05, "distribution": "{\"name\": \"FloatDistribution\", \"attributes\": {\"step\": null, \"low\": 1e-08, \"high\": 0.001, \"log\": true}}"}
{"op_code": 5, "worker_id": "3f5a30ad-e044-45b1-aa44-2214228e361d-139878398228288", "trial_id": 10, "param_name": "random_seed", "param_value_internal": 0, "distribution": "{\"name\": \"CategoricalDistribution\", \"attributes\": {\"choices\": [42]}}"}
{"op_code": 5, "worker_id": "3f5a30ad-e044-45b1-aa44-2214228e361d-139878398228288", "trial_id": 10, "param_name": "degree", "param_value_internal": 0, "distribution": "{\"name\": \"CategoricalDistribution\", \"attributes\": {\"choices\": [0]}}"}
{"op_code": 8, "worker_id": "3f5a30ad-e044-45b1-aa44-2214228e361d-139878398228288", "trial_id": 10, "user_attr": {"best_epoch": 1}}
{"op_code": 8, "worker_id": "3f5a30ad-e044-45b1-aa44-2214228e361d-139878398228288", "trial_id": 10, "user_attr": {"test_loss": 0.44537714882232526}}
{"op_code": 6, "worker_id": "3f5a30ad-e044-45b1-aa44-2214228e361d-139878398228288", "trial_id": 10, "state": 1, "values": [0.44535232435047056], "datetime_complete": "2024-08-21T12:51:55.923384"}
{"op_code": 4, "worker_id": "3f5a30ad-e044-45b1-aa44-2214228e361d-139878398228288", "study_id": 0, "datetime_start": "2024-08-21T12:51:55.933483"}
{"op_code": 5, "worker_id": "3f5a30ad-e044-45b1-aa44-2214228e361d-139878398228288", "trial_id": 11, "param_name": "lr", "param_value_internal": 0.0008691089486124979, "distribution": "{\"name\": \"FloatDistribution\", \"attributes\": {\"step\": null, \"low\": 1e-05, \"high\": 0.001, \"log\": true}}"}
{"op_code": 5, "worker_id": "3f5a30ad-e044-45b1-aa44-2214228e361d-139878398228288", "trial_id": 11, "param_name": "l2reg", "param_value_internal": 1.1463467961454662e-08, "distribution": "{\"name\": \"FloatDistribution\", \"attributes\": {\"step\": null, \"low\": 1e-08, \"high\": 0.001, \"log\": true}}"}
{"op_code": 5, "worker_id": "3f5a30ad-e044-45b1-aa44-2214228e361d-139878398228288", "trial_id": 11, "param_name": "random_seed", "param_value_internal": 0, "distribution": "{\"name\": \"CategoricalDistribution\", \"attributes\": {\"choices\": [42]}}"}
{"op_code": 5, "worker_id": "3f5a30ad-e044-45b1-aa44-2214228e361d-139878398228288", "trial_id": 11, "param_name": "degree", "param_value_internal": 0, "distribution": "{\"name\": \"CategoricalDistribution\", \"attributes\": {\"choices\": [0]}}"}
{"op_code": 8, "worker_id": "3f5a30ad-e044-45b1-aa44-2214228e361d-139878398228288", "trial_id": 11, "user_attr": {"best_epoch": 0}}
{"op_code": 8, "worker_id": "3f5a30ad-e044-45b1-aa44-2214228e361d-139878398228288", "trial_id": 11, "user_attr": {"test_loss": 0.44556264663125505}}
{"op_code": 6, "worker_id": "3f5a30ad-e044-45b1-aa44-2214228e361d-139878398228288", "trial_id": 11, "state": 1, "values": [0.44550426383121927], "datetime_complete": "2024-08-21T13:07:19.446534"}
{"op_code": 4, "worker_id": "3f5a30ad-e044-45b1-aa44-2214228e361d-139878398228288", "study_id": 0, "datetime_start": "2024-08-21T13:07:19.468645"}
{"op_code": 5, "worker_id": "3f5a30ad-e044-45b1-aa44-2214228e361d-139878398228288", "trial_id": 12, "param_name": "lr", "param_value_internal": 0.0005483529661201869, "distribution": "{\"name\": \"FloatDistribution\", \"attributes\": {\"step\": null, \"low\": 1e-05, \"high\": 0.001, \"log\": true}}"}
{"op_code": 5, "worker_id": "3f5a30ad-e044-45b1-aa44-2214228e361d-139878398228288", "trial_id": 12, "param_name": "l2reg", "param_value_internal": 6.643171800807067e-07, "distribution": "{\"name\": \"FloatDistribution\", \"attributes\": {\"step\": null, \"low\": 1e-08, \"high\": 0.001, \"log\": true}}"}
{"op_code": 5, "worker_id": "3f5a30ad-e044-45b1-aa44-2214228e361d-139878398228288", "trial_id": 12, "param_name": "random_seed", "param_value_internal": 0, "distribution": "{\"name\": \"CategoricalDistribution\", \"attributes\": {\"choices\": [42]}}"}
{"op_code": 5, "worker_id": "3f5a30ad-e044-45b1-aa44-2214228e361d-139878398228288", "trial_id": 12, "param_name": "degree", "param_value_internal": 0, "distribution": "{\"name\": \"CategoricalDistribution\", \"attributes\": {\"choices\": [0]}}"}
{"op_code": 8, "worker_id": "3f5a30ad-e044-45b1-aa44-2214228e361d-139878398228288", "trial_id": 12, "user_attr": {"best_epoch": 0}}
{"op_code": 8, "worker_id": "3f5a30ad-e044-45b1-aa44-2214228e361d-139878398228288", "trial_id": 12, "user_attr": {"test_loss": 0.4451924508863465}}
{"op_code": 6, "worker_id": "3f5a30ad-e044-45b1-aa44-2214228e361d-139878398228288", "trial_id": 12, "state": 1, "values": [0.4451757706011248], "datetime_complete": "2024-08-21T13:22:46.540957"}
{"op_code": 4, "worker_id": "3f5a30ad-e044-45b1-aa44-2214228e361d-139878398228288", "study_id": 0, "datetime_start": "2024-08-21T13:22:46.549697"}
{"op_code": 5, "worker_id": "3f5a30ad-e044-45b1-aa44-2214228e361d-139878398228288", "trial_id": 13, "param_name": "lr", "param_value_internal": 0.00016658096254695438, "distribution": "{\"name\": \"FloatDistribution\", \"attributes\": {\"step\": null, \"low\": 1e-05, \"high\": 0.001, \"log\": true}}"}
{"op_code": 5, "worker_id": "3f5a30ad-e044-45b1-aa44-2214228e361d-139878398228288", "trial_id": 13, "param_name": "l2reg", "param_value_internal": 3.0123844413910942e-05, "distribution": "{\"name\": \"FloatDistribution\", \"attributes\": {\"step\": null, \"low\": 1e-08, \"high\": 0.001, \"log\": true}}"}
{"op_code": 5, "worker_id": "3f5a30ad-e044-45b1-aa44-2214228e361d-139878398228288", "trial_id": 13, "param_name": "random_seed", "param_value_internal": 0, "distribution": "{\"name\": \"CategoricalDistribution\", \"attributes\": {\"choices\": [42]}}"}
{"op_code": 5, "worker_id": "3f5a30ad-e044-45b1-aa44-2214228e361d-139878398228288", "trial_id": 13, "param_name": "degree", "param_value_internal": 0, "distribution": "{\"name\": \"CategoricalDistribution\", \"attributes\": {\"choices\": [0]}}"}
{"op_code": 8, "worker_id": "3f5a30ad-e044-45b1-aa44-2214228e361d-139878398228288", "trial_id": 13, "user_attr": {"best_epoch": 1}}
{"op_code": 8, "worker_id": "3f5a30ad-e044-45b1-aa44-2214228e361d-139878398228288", "trial_id": 13, "user_attr": {"test_loss": 0.445120680467917}}
{"op_code": 6, "worker_id": "3f5a30ad-e044-45b1-aa44-2214228e361d-139878398228288", "trial_id": 13, "state": 1, "values": [0.44509109315420836], "datetime_complete": "2024-08-21T13:41:09.710197"}
{"op_code": 4, "worker_id": "3f5a30ad-e044-45b1-aa44-2214228e361d-139878398228288", "study_id": 0, "datetime_start": "2024-08-21T13:41:09.720446"}
{"op_code": 5, "worker_id": "3f5a30ad-e044-45b1-aa44-2214228e361d-139878398228288", "trial_id": 14, "param_name": "lr", "param_value_internal": 0.00013838713864867098, "distribution": "{\"name\": \"FloatDistribution\", \"attributes\": {\"step\": null, \"low\": 1e-05, \"high\": 0.001, \"log\": true}}"}
{"op_code": 5, "worker_id": "3f5a30ad-e044-45b1-aa44-2214228e361d-139878398228288", "trial_id": 14, "param_name": "l2reg", "param_value_internal": 4.9207094652271e-05, "distribution": "{\"name\": \"FloatDistribution\", \"attributes\": {\"step\": null, \"low\": 1e-08, \"high\": 0.001, \"log\": true}}"}
{"op_code": 5, "worker_id": "3f5a30ad-e044-45b1-aa44-2214228e361d-139878398228288", "trial_id": 14, "param_name": "random_seed", "param_value_internal": 0, "distribution": "{\"name\": \"CategoricalDistribution\", \"attributes\": {\"choices\": [42]}}"}
{"op_code": 5, "worker_id": "3f5a30ad-e044-45b1-aa44-2214228e361d-139878398228288", "trial_id": 14, "param_name": "degree", "param_value_internal": 0, "distribution": "{\"name\": \"CategoricalDistribution\", \"attributes\": {\"choices\": [0]}}"}
{"op_code": 8, "worker_id": "3f5a30ad-e044-45b1-aa44-2214228e361d-139878398228288", "trial_id": 14, "user_attr": {"best_epoch": 1}}
{"op_code": 8, "worker_id": "3f5a30ad-e044-45b1-aa44-2214228e361d-139878398228288", "trial_id": 14, "user_attr": {"test_loss": 0.44484846915951676}}
{"op_code": 6, "worker_id": "3f5a30ad-e044-45b1-aa44-2214228e361d-139878398228288", "trial_id": 14, "state": 1, "values": [0.44479554014176365], "datetime_complete": "2024-08-21T13:59:38.594245"}
{"op_code": 4, "worker_id": "3f5a30ad-e044-45b1-aa44-2214228e361d-139878398228288", "study_id": 0, "datetime_start": "2024-08-21T13:59:38.610217"}
{"op_code": 5, "worker_id": "3f5a30ad-e044-45b1-aa44-2214228e361d-139878398228288", "trial_id": 15, "param_name": "lr", "param_value_internal": 0.00012134141860383998, "distribution": "{\"name\": \"FloatDistribution\", \"attributes\": {\"step\": null, \"low\": 1e-05, \"high\": 0.001, \"log\": true}}"}
{"op_code": 5, "worker_id": "3f5a30ad-e044-45b1-aa44-2214228e361d-139878398228288", "trial_id": 15, "param_name": "l2reg", "param_value_internal": 7.561219687267911e-05, "distribution": "{\"name\": \"FloatDistribution\", \"attributes\": {\"step\": null, \"low\": 1e-08, \"high\": 0.001, \"log\": true}}"}
{"op_code": 5, "worker_id": "3f5a30ad-e044-45b1-aa44-2214228e361d-139878398228288", "trial_id": 15, "param_name": "random_seed", "param_value_internal": 0, "distribution": "{\"name\": \"CategoricalDistribution\", \"attributes\": {\"choices\": [42]}}"}
{"op_code": 5, "worker_id": "3f5a30ad-e044-45b1-aa44-2214228e361d-139878398228288", "trial_id": 15, "param_name": "degree", "param_value_internal": 0, "distribution": "{\"name\": \"CategoricalDistribution\", \"attributes\": {\"choices\": [0]}}"}
{"op_code": 8, "worker_id": "3f5a30ad-e044-45b1-aa44-2214228e361d-139878398228288", "trial_id": 15, "user_attr": {"best_epoch": 1}}
{"op_code": 8, "worker_id": "3f5a30ad-e044-45b1-aa44-2214228e361d-139878398228288", "trial_id": 15, "user_attr": {"test_loss": 0.44482327316155745}}
{"op_code": 6, "worker_id": "3f5a30ad-e044-45b1-aa44-2214228e361d-139878398228288", "trial_id": 15, "state": 1, "values": [0.4447492565909158], "datetime_complete": "2024-08-21T14:18:08.284015"}
{"op_code": 4, "worker_id": "3f5a30ad-e044-45b1-aa44-2214228e361d-139878398228288", "study_id": 0, "datetime_start": "2024-08-21T14:18:08.299135"}
{"op_code": 5, "worker_id": "3f5a30ad-e044-45b1-aa44-2214228e361d-139878398228288", "trial_id": 16, "param_name": "lr", "param_value_internal": 9.205926354661825e-05, "distribution": "{\"name\": \"FloatDistribution\", \"attributes\": {\"step\": null, \"low\": 1e-05, \"high\": 0.001, \"log\": true}}"}
{"op_code": 5, "worker_id": "3f5a30ad-e044-45b1-aa44-2214228e361d-139878398228288", "trial_id": 16, "param_name": "l2reg", "param_value_internal": 0.00013363052966676138, "distribution": "{\"name\": \"FloatDistribution\", \"attributes\": {\"step\": null, \"low\": 1e-08, \"high\": 0.001, \"log\": true}}"}
{"op_code": 5, "worker_id": "3f5a30ad-e044-45b1-aa44-2214228e361d-139878398228288", "trial_id": 16, "param_name": "random_seed", "param_value_internal": 0, "distribution": "{\"name\": \"CategoricalDistribution\", \"attributes\": {\"choices\": [42]}}"}
{"op_code": 5, "worker_id": "3f5a30ad-e044-45b1-aa44-2214228e361d-139878398228288", "trial_id": 16, "param_name": "degree", "param_value_internal": 0, "distribution": "{\"name\": \"CategoricalDistribution\", \"attributes\": {\"choices\": [0]}}"}
{"op_code": 8, "worker_id": "3f5a30ad-e044-45b1-aa44-2214228e361d-139878398228288", "trial_id": 16, "user_attr": {"best_epoch": 1}}
{"op_code": 8, "worker_id": "3f5a30ad-e044-45b1-aa44-2214228e361d-139878398228288", "trial_id": 16, "user_attr": {"test_loss": 0.44524513342753413}}
{"op_code": 6, "worker_id": "3f5a30ad-e044-45b1-aa44-2214228e361d-139878398228288", "trial_id": 16, "state": 1, "values": [0.4451352679494009], "datetime_complete": "2024-08-21T14:36:38.207996"}
{"op_code": 4, "worker_id": "3f5a30ad-e044-45b1-aa44-2214228e361d-139878398228288", "study_id": 0, "datetime_start": "2024-08-21T14:36:38.223459"}
{"op_code": 5, "worker_id": "3f5a30ad-e044-45b1-aa44-2214228e361d-139878398228288", "trial_id": 17, "param_name": "lr", "param_value_internal": 0.00025305138411404717, "distribution": "{\"name\": \"FloatDistribution\", \"attributes\": {\"step\": null, \"low\": 1e-05, \"high\": 0.001, \"log\": true}}"}
{"op_code": 5, "worker_id": "3f5a30ad-e044-45b1-aa44-2214228e361d-139878398228288", "trial_id": 17, "param_name": "l2reg", "param_value_internal": 1.673526453651439e-06, "distribution": "{\"name\": \"FloatDistribution\", \"attributes\": {\"step\": null, \"low\": 1e-08, \"high\": 0.001, \"log\": true}}"}
{"op_code": 5, "worker_id": "3f5a30ad-e044-45b1-aa44-2214228e361d-139878398228288", "trial_id": 17, "param_name": "random_seed", "param_value_internal": 0, "distribution": "{\"name\": \"CategoricalDistribution\", \"attributes\": {\"choices\": [42]}}"}
{"op_code": 5, "worker_id": "3f5a30ad-e044-45b1-aa44-2214228e361d-139878398228288", "trial_id": 17, "param_name": "degree", "param_value_internal": 0, "distribution": "{\"name\": \"CategoricalDistribution\", \"attributes\": {\"choices\": [0]}}"}
{"op_code": 8, "worker_id": "3f5a30ad-e044-45b1-aa44-2214228e361d-139878398228288", "trial_id": 17, "user_attr": {"best_epoch": 0}}
{"op_code": 8, "worker_id": "3f5a30ad-e044-45b1-aa44-2214228e361d-139878398228288", "trial_id": 17, "user_attr": {"test_loss": 0.4453093050529283}}
{"op_code": 6, "worker_id": "3f5a30ad-e044-45b1-aa44-2214228e361d-139878398228288", "trial_id": 17, "state": 1, "values": [0.4452919703093021], "datetime_complete": "2024-08-21T14:51:48.808056"}
{"op_code": 4, "worker_id": "3f5a30ad-e044-45b1-aa44-2214228e361d-139878398228288", "study_id": 0, "datetime_start": "2024-08-21T14:51:48.827872"}
{"op_code": 5, "worker_id": "3f5a30ad-e044-45b1-aa44-2214228e361d-139878398228288", "trial_id": 18, "param_name": "lr", "param_value_internal": 0.00011551744331564207, "distribution": "{\"name\": \"FloatDistribution\", \"attributes\": {\"step\": null, \"low\": 1e-05, \"high\": 0.001, \"log\": true}}"}
{"op_code": 5, "worker_id": "3f5a30ad-e044-45b1-aa44-2214228e361d-139878398228288", "trial_id": 18, "param_name": "l2reg", "param_value_internal": 0.00010185439578557871, "distribution": "{\"name\": \"FloatDistribution\", \"attributes\": {\"step\": null, \"low\": 1e-08, \"high\": 0.001, \"log\": true}}"}
{"op_code": 5, "worker_id": "3f5a30ad-e044-45b1-aa44-2214228e361d-139878398228288", "trial_id": 18, "param_name": "random_seed", "param_value_internal": 0, "distribution": "{\"name\": \"CategoricalDistribution\", \"attributes\": {\"choices\": [42]}}"}
{"op_code": 5, "worker_id": "3f5a30ad-e044-45b1-aa44-2214228e361d-139878398228288", "trial_id": 18, "param_name": "degree", "param_value_internal": 0, "distribution": "{\"name\": \"CategoricalDistribution\", \"attributes\": {\"choices\": [0]}}"}
{"op_code": 8, "worker_id": "3f5a30ad-e044-45b1-aa44-2214228e361d-139878398228288", "trial_id": 18, "user_attr": {"best_epoch": 1}}
{"op_code": 8, "worker_id": "3f5a30ad-e044-45b1-aa44-2214228e361d-139878398228288", "trial_id": 18, "user_attr": {"test_loss": 0.4448509414940929}}
{"op_code": 6, "worker_id": "3f5a30ad-e044-45b1-aa44-2214228e361d-139878398228288", "trial_id": 18, "state": 1, "values": [0.44476936248535326], "datetime_complete": "2024-08-21T15:10:31.902735"}
{"op_code": 4, "worker_id": "3f5a30ad-e044-45b1-aa44-2214228e361d-139878398228288", "study_id": 0, "datetime_start": "2024-08-21T15:10:31.912035"}
{"op_code": 5, "worker_id": "3f5a30ad-e044-45b1-aa44-2214228e361d-139878398228288", "trial_id": 19, "param_name": "lr", "param_value_internal": 4.373360618804214e-05, "distribution": "{\"name\": \"FloatDistribution\", \"attributes\": {\"step\": null, \"low\": 1e-05, \"high\": 0.001, \"log\": true}}"}
{"op_code": 5, "worker_id": "3f5a30ad-e044-45b1-aa44-2214228e361d-139878398228288", "trial_id": 19, "param_name": "l2reg", "param_value_internal": 6.436119539104884e-06, "distribution": "{\"name\": \"FloatDistribution\", \"attributes\": {\"step\": null, \"low\": 1e-08, \"high\": 0.001, \"log\": true}}"}
{"op_code": 5, "worker_id": "3f5a30ad-e044-45b1-aa44-2214228e361d-139878398228288", "trial_id": 19, "param_name": "random_seed", "param_value_internal": 0, "distribution": "{\"name\": \"CategoricalDistribution\", \"attributes\": {\"choices\": [42]}}"}
{"op_code": 5, "worker_id": "3f5a30ad-e044-45b1-aa44-2214228e361d-139878398228288", "trial_id": 19, "param_name": "degree", "param_value_internal": 0, "distribution": "{\"name\": \"CategoricalDistribution\", \"attributes\": {\"choices\": [0]}}"}
{"op_code": 8, "worker_id": "3f5a30ad-e044-45b1-aa44-2214228e361d-139878398228288", "trial_id": 19, "user_attr": {"best_epoch": 4}}
{"op_code": 8, "worker_id": "3f5a30ad-e044-45b1-aa44-2214228e361d-139878398228288", "trial_id": 19, "user_attr": {"test_loss": 0.4455266887063175}}
{"op_code": 6, "worker_id": "3f5a30ad-e044-45b1-aa44-2214228e361d-139878398228288", "trial_id": 19, "state": 1, "values": [0.4454529628962261], "datetime_complete": "2024-08-21T15:39:27.141781"}
{"op_code": 4, "worker_id": "3f5a30ad-e044-45b1-aa44-2214228e361d-139878398228288", "study_id": 0, "datetime_start": "2024-08-21T15:39:27.151061"}
{"op_code": 5, "worker_id": "3f5a30ad-e044-45b1-aa44-2214228e361d-139878398228288", "trial_id": 20, "param_name": "lr", "param_value_internal": 0.00010181215861645497, "distribution": "{\"name\": \"FloatDistribution\", \"attributes\": {\"step\": null, \"low\": 1e-05, \"high\": 0.001, \"log\": true}}"}
{"op_code": 5, "worker_id": "3f5a30ad-e044-45b1-aa44-2214228e361d-139878398228288", "trial_id": 20, "param_name": "l2reg", "param_value_internal": 0.0001374879705769827, "distribution": "{\"name\": \"FloatDistribution\", \"attributes\": {\"step\": null, \"low\": 1e-08, \"high\": 0.001, \"log\": true}}"}
{"op_code": 5, "worker_id": "3f5a30ad-e044-45b1-aa44-2214228e361d-139878398228288", "trial_id": 20, "param_name": "random_seed", "param_value_internal": 0, "distribution": "{\"name\": \"CategoricalDistribution\", \"attributes\": {\"choices\": [42]}}"}
{"op_code": 5, "worker_id": "3f5a30ad-e044-45b1-aa44-2214228e361d-139878398228288", "trial_id": 20, "param_name": "degree", "param_value_internal": 0, "distribution": "{\"name\": \"CategoricalDistribution\", \"attributes\": {\"choices\": [0]}}"}
{"op_code": 8, "worker_id": "3f5a30ad-e044-45b1-aa44-2214228e361d-139878398228288", "trial_id": 20, "user_attr": {"best_epoch": 1}}
{"op_code": 8, "worker_id": "3f5a30ad-e044-45b1-aa44-2214228e361d-139878398228288", "trial_id": 20, "user_attr": {"test_loss": 0.4450145882283134}}
{"op_code": 6, "worker_id": "3f5a30ad-e044-45b1-aa44-2214228e361d-139878398228288", "trial_id": 20, "state": 1, "values": [0.4449153392776974], "datetime_complete": "2024-08-21T15:58:00.481510"}
{"op_code": 4, "worker_id": "3f5a30ad-e044-45b1-aa44-2214228e361d-139878398228288", "study_id": 0, "datetime_start": "2024-08-21T15:58:00.490829"}
{"op_code": 5, "worker_id": "3f5a30ad-e044-45b1-aa44-2214228e361d-139878398228288", "trial_id": 21, "param_name": "lr", "param_value_internal": 0.00012379844600353225, "distribution": "{\"name\": \"FloatDistribution\", \"attributes\": {\"step\": null, \"low\": 1e-05, \"high\": 0.001, \"log\": true}}"}
{"op_code": 5, "worker_id": "3f5a30ad-e044-45b1-aa44-2214228e361d-139878398228288", "trial_id": 21, "param_name": "l2reg", "param_value_internal": 1.8340281663501497e-05, "distribution": "{\"name\": \"FloatDistribution\", \"attributes\": {\"step\": null, \"low\": 1e-08, \"high\": 0.001, \"log\": true}}"}
{"op_code": 5, "worker_id": "3f5a30ad-e044-45b1-aa44-2214228e361d-139878398228288", "trial_id": 21, "param_name": "random_seed", "param_value_internal": 0, "distribution": "{\"name\": \"CategoricalDistribution\", \"attributes\": {\"choices\": [42]}}"}
{"op_code": 5, "worker_id": "3f5a30ad-e044-45b1-aa44-2214228e361d-139878398228288", "trial_id": 21, "param_name": "degree", "param_value_internal": 0, "distribution": "{\"name\": \"CategoricalDistribution\", \"attributes\": {\"choices\": [0]}}"}
{"op_code": 8, "worker_id": "3f5a30ad-e044-45b1-aa44-2214228e361d-139878398228288", "trial_id": 21, "user_attr": {"best_epoch": 1}}
{"op_code": 8, "worker_id": "3f5a30ad-e044-45b1-aa44-2214228e361d-139878398228288", "trial_id": 21, "user_attr": {"test_loss": 0.44481821941882105}}
{"op_code": 6, "worker_id": "3f5a30ad-e044-45b1-aa44-2214228e361d-139878398228288", "trial_id": 21, "state": 1, "values": [0.44474718419311665], "datetime_complete": "2024-08-21T16:16:42.768604"}
{"op_code": 4, "worker_id": "3f5a30ad-e044-45b1-aa44-2214228e361d-139878398228288", "study_id": 0, "datetime_start": "2024-08-21T16:16:42.778246"}
{"op_code": 5, "worker_id": "3f5a30ad-e044-45b1-aa44-2214228e361d-139878398228288", "trial_id": 22, "param_name": "lr", "param_value_internal": 0.00025253710106474506, "distribution": "{\"name\": \"FloatDistribution\", \"attributes\": {\"step\": null, \"low\": 1e-05, \"high\": 0.001, \"log\": true}}"}
{"op_code": 5, "worker_id": "3f5a30ad-e044-45b1-aa44-2214228e361d-139878398228288", "trial_id": 22, "param_name": "l2reg", "param_value_internal": 1.3844078483203907e-05, "distribution": "{\"name\": \"FloatDistribution\", \"attributes\": {\"step\": null, \"low\": 1e-08, \"high\": 0.001, \"log\": true}}"}
{"op_code": 5, "worker_id": "3f5a30ad-e044-45b1-aa44-2214228e361d-139878398228288", "trial_id": 22, "param_name": "random_seed", "param_value_internal": 0, "distribution": "{\"name\": \"CategoricalDistribution\", \"attributes\": {\"choices\": [42]}}"}
{"op_code": 5, "worker_id": "3f5a30ad-e044-45b1-aa44-2214228e361d-139878398228288", "trial_id": 22, "param_name": "degree", "param_value_internal": 0, "distribution": "{\"name\": \"CategoricalDistribution\", \"attributes\": {\"choices\": [0]}}"}
{"op_code": 8, "worker_id": "3f5a30ad-e044-45b1-aa44-2214228e361d-139878398228288", "trial_id": 22, "user_attr": {"best_epoch": 0}}
{"op_code": 8, "worker_id": "3f5a30ad-e044-45b1-aa44-2214228e361d-139878398228288", "trial_id": 22, "user_attr": {"test_loss": 0.4453109411566919}}
{"op_code": 6, "worker_id": "3f5a30ad-e044-45b1-aa44-2214228e361d-139878398228288", "trial_id": 22, "state": 1, "values": [0.44529367912854], "datetime_complete": "2024-08-21T16:31:49.929360"}
{"op_code": 4, "worker_id": "3f5a30ad-e044-45b1-aa44-2214228e361d-139878398228288", "study_id": 0, "datetime_start": "2024-08-21T16:31:49.951678"}
{"op_code": 5, "worker_id": "3f5a30ad-e044-45b1-aa44-2214228e361d-139878398228288", "trial_id": 23, "param_name": "lr", "param_value_internal": 0.00010814406628766146, "distribution": "{\"name\": \"FloatDistribution\", \"attributes\": {\"step\": null, \"low\": 1e-05, \"high\": 0.001, \"log\": true}}"}
{"op_code": 5, "worker_id": "3f5a30ad-e044-45b1-aa44-2214228e361d-139878398228288", "trial_id": 23, "param_name": "l2reg", "param_value_internal": 9.139181662493847e-05, "distribution": "{\"name\": \"FloatDistribution\", \"attributes\": {\"step\": null, \"low\": 1e-08, \"high\": 0.001, \"log\": true}}"}
{"op_code": 5, "worker_id": "3f5a30ad-e044-45b1-aa44-2214228e361d-139878398228288", "trial_id": 23, "param_name": "random_seed", "param_value_internal": 0, "distribution": "{\"name\": \"CategoricalDistribution\", \"attributes\": {\"choices\": [42]}}"}
{"op_code": 5, "worker_id": "3f5a30ad-e044-45b1-aa44-2214228e361d-139878398228288", "trial_id": 23, "param_name": "degree", "param_value_internal": 0, "distribution": "{\"name\": \"CategoricalDistribution\", \"attributes\": {\"choices\": [0]}}"}
{"op_code": 8, "worker_id": "3f5a30ad-e044-45b1-aa44-2214228e361d-139878398228288", "trial_id": 23, "user_attr": {"best_epoch": 1}}
{"op_code": 8, "worker_id": "3f5a30ad-e044-45b1-aa44-2214228e361d-139878398228288", "trial_id": 23, "user_attr": {"test_loss": 0.44491980328360936}}
{"op_code": 6, "worker_id": "3f5a30ad-e044-45b1-aa44-2214228e361d-139878398228288", "trial_id": 23, "state": 1, "values": [0.44482808042299604], "datetime_complete": "2024-08-21T16:50:25.499297"}
{"op_code": 4, "worker_id": "3f5a30ad-e044-45b1-aa44-2214228e361d-139878398228288", "study_id": 0, "datetime_start": "2024-08-21T16:50:25.513708"}
{"op_code": 5, "worker_id": "3f5a30ad-e044-45b1-aa44-2214228e361d-139878398228288", "trial_id": 24, "param_name": "lr", "param_value_internal": 6.377347147396011e-05, "distribution": "{\"name\": \"FloatDistribution\", \"attributes\": {\"step\": null, \"low\": 1e-05, \"high\": 0.001, \"log\": true}}"}
{"op_code": 5, "worker_id": "3f5a30ad-e044-45b1-aa44-2214228e361d-139878398228288", "trial_id": 24, "param_name": "l2reg", "param_value_internal": 0.00041341207678909965, "distribution": "{\"name\": \"FloatDistribution\", \"attributes\": {\"step\": null, \"low\": 1e-08, \"high\": 0.001, \"log\": true}}"}
{"op_code": 5, "worker_id": "3f5a30ad-e044-45b1-aa44-2214228e361d-139878398228288", "trial_id": 24, "param_name": "random_seed", "param_value_internal": 0, "distribution": "{\"name\": \"CategoricalDistribution\", \"attributes\": {\"choices\": [42]}}"}
{"op_code": 5, "worker_id": "3f5a30ad-e044-45b1-aa44-2214228e361d-139878398228288", "trial_id": 24, "param_name": "degree", "param_value_internal": 0, "distribution": "{\"name\": \"CategoricalDistribution\", \"attributes\": {\"choices\": [0]}}"}
{"op_code": 8, "worker_id": "3f5a30ad-e044-45b1-aa44-2214228e361d-139878398228288", "trial_id": 24, "user_attr": {"best_epoch": 2}}
{"op_code": 8, "worker_id": "3f5a30ad-e044-45b1-aa44-2214228e361d-139878398228288", "trial_id": 24, "user_attr": {"test_loss": 0.44534751716527354}}
{"op_code": 6, "worker_id": "3f5a30ad-e044-45b1-aa44-2214228e361d-139878398228288", "trial_id": 24, "state": 1, "values": [0.445294260854238], "datetime_complete": "2024-08-21T17:12:21.832903"}
{"op_code": 4, "worker_id": "3f5a30ad-e044-45b1-aa44-2214228e361d-139878398228288", "study_id": 0, "datetime_start": "2024-08-21T17:12:21.844122"}
{"op_code": 5, "worker_id": "3f5a30ad-e044-45b1-aa44-2214228e361d-139878398228288", "trial_id": 25, "param_name": "lr", "param_value_internal": 0.00039796520336972803, "distribution": "{\"name\": \"FloatDistribution\", \"attributes\": {\"step\": null, \"low\": 1e-05, \"high\": 0.001, \"log\": true}}"}
{"op_code": 5, "worker_id": "3f5a30ad-e044-45b1-aa44-2214228e361d-139878398228288", "trial_id": 25, "param_name": "l2reg", "param_value_internal": 1.6623103062480018e-05, "distribution": "{\"name\": \"FloatDistribution\", \"attributes\": {\"step\": null, \"low\": 1e-08, \"high\": 0.001, \"log\": true}}"}
{"op_code": 5, "worker_id": "3f5a30ad-e044-45b1-aa44-2214228e361d-139878398228288", "trial_id": 25, "param_name": "random_seed", "param_value_internal": 0, "distribution": "{\"name\": \"CategoricalDistribution\", \"attributes\": {\"choices\": [42]}}"}
{"op_code": 5, "worker_id": "3f5a30ad-e044-45b1-aa44-2214228e361d-139878398228288", "trial_id": 25, "param_name": "degree", "param_value_internal": 0, "distribution": "{\"name\": \"CategoricalDistribution\", \"attributes\": {\"choices\": [0]}}"}
{"op_code": 8, "worker_id": "3f5a30ad-e044-45b1-aa44-2214228e361d-139878398228288", "trial_id": 25, "user_attr": {"best_epoch": 0}}
{"op_code": 8, "worker_id": "3f5a30ad-e044-45b1-aa44-2214228e361d-139878398228288", "trial_id": 25, "user_attr": {"test_loss": 0.44517169054747957}}
{"op_code": 6, "worker_id": "3f5a30ad-e044-45b1-aa44-2214228e361d-139878398228288", "trial_id": 25, "state": 1, "values": [0.4451606093751204], "datetime_complete": "2024-08-21T17:27:37.551110"}
{"op_code": 4, "worker_id": "3f5a30ad-e044-45b1-aa44-2214228e361d-139878398228288", "study_id": 0, "datetime_start": "2024-08-21T17:27:37.560571"}
{"op_code": 5, "worker_id": "3f5a30ad-e044-45b1-aa44-2214228e361d-139878398228288", "trial_id": 26, "param_name": "lr", "param_value_internal": 3.514619600397975e-05, "distribution": "{\"name\": \"FloatDistribution\", \"attributes\": {\"step\": null, \"low\": 1e-05, \"high\": 0.001, \"log\": true}}"}
{"op_code": 5, "worker_id": "3f5a30ad-e044-45b1-aa44-2214228e361d-139878398228288", "trial_id": 26, "param_name": "l2reg", "param_value_internal": 1.8019035592297758e-06, "distribution": "{\"name\": \"FloatDistribution\", \"attributes\": {\"step\": null, \"low\": 1e-08, \"high\": 0.001, \"log\": true}}"}
{"op_code": 5, "worker_id": "3f5a30ad-e044-45b1-aa44-2214228e361d-139878398228288", "trial_id": 26, "param_name": "random_seed", "param_value_internal": 0, "distribution": "{\"name\": \"CategoricalDistribution\", \"attributes\": {\"choices\": [42]}}"}
{"op_code": 5, "worker_id": "3f5a30ad-e044-45b1-aa44-2214228e361d-139878398228288", "trial_id": 26, "param_name": "degree", "param_value_internal": 0, "distribution": "{\"name\": \"CategoricalDistribution\", \"attributes\": {\"choices\": [0]}}"}
{"op_code": 8, "worker_id": "3f5a30ad-e044-45b1-aa44-2214228e361d-139878398228288", "trial_id": 26, "user_attr": {"best_epoch": 5}}
{"op_code": 8, "worker_id": "3f5a30ad-e044-45b1-aa44-2214228e361d-139878398228288", "trial_id": 26, "user_attr": {"test_loss": 0.4456058397706139}}
{"op_code": 6, "worker_id": "3f5a30ad-e044-45b1-aa44-2214228e361d-139878398228288", "trial_id": 26, "state": 1, "values": [0.44553422270466675], "datetime_complete": "2024-08-21T17:59:47.785895"}
{"op_code": 4, "worker_id": "3f5a30ad-e044-45b1-aa44-2214228e361d-139878398228288", "study_id": 0, "datetime_start": "2024-08-21T17:59:47.797651"}
{"op_code": 5, "worker_id": "3f5a30ad-e044-45b1-aa44-2214228e361d-139878398228288", "trial_id": 27, "param_name": "lr", "param_value_internal": 0.00012464414861750102, "distribution": "{\"name\": \"FloatDistribution\", \"attributes\": {\"step\": null, \"low\": 1e-05, \"high\": 0.001, \"log\": true}}"}
{"op_code": 5, "worker_id": "3f5a30ad-e044-45b1-aa44-2214228e361d-139878398228288", "trial_id": 27, "param_name": "l2reg", "param_value_internal": 6.692080183979916e-05, "distribution": "{\"name\": \"FloatDistribution\", \"attributes\": {\"step\": null, \"low\": 1e-08, \"high\": 0.001, \"log\": true}}"}
{"op_code": 5, "worker_id": "3f5a30ad-e044-45b1-aa44-2214228e361d-139878398228288", "trial_id": 27, "param_name": "random_seed", "param_value_internal": 0, "distribution": "{\"name\": \"CategoricalDistribution\", \"attributes\": {\"choices\": [42]}}"}
{"op_code": 5, "worker_id": "3f5a30ad-e044-45b1-aa44-2214228e361d-139878398228288", "trial_id": 27, "param_name": "degree", "param_value_internal": 0, "distribution": "{\"name\": \"CategoricalDistribution\", \"attributes\": {\"choices\": [0]}}"}
{"op_code": 8, "worker_id": "3f5a30ad-e044-45b1-aa44-2214228e361d-139878398228288", "trial_id": 27, "user_attr": {"best_epoch": 1}}
{"op_code": 8, "worker_id": "3f5a30ad-e044-45b1-aa44-2214228e361d-139878398228288", "trial_id": 27, "user_attr": {"test_loss": 0.4448166560307803}}
{"op_code": 6, "worker_id": "3f5a30ad-e044-45b1-aa44-2214228e361d-139878398228288", "trial_id": 27, "state": 1, "values": [0.4447472569088289], "datetime_complete": "2024-08-21T18:18:43.785568"}
{"op_code": 4, "worker_id": "3f5a30ad-e044-45b1-aa44-2214228e361d-139878398228288", "study_id": 0, "datetime_start": "2024-08-21T18:18:43.794284"}
{"op_code": 5, "worker_id": "3f5a30ad-e044-45b1-aa44-2214228e361d-139878398228288", "trial_id": 28, "param_name": "lr", "param_value_internal": 7.770670337400003e-05, "distribution": "{\"name\": \"FloatDistribution\", \"attributes\": {\"step\": null, \"low\": 1e-05, \"high\": 0.001, \"log\": true}}"}
{"op_code": 5, "worker_id": "3f5a30ad-e044-45b1-aa44-2214228e361d-139878398228288", "trial_id": 28, "param_name": "l2reg", "param_value_internal": 0.00021239723814253132, "distribution": "{\"name\": \"FloatDistribution\", \"attributes\": {\"step\": null, \"low\": 1e-08, \"high\": 0.001, \"log\": true}}"}
{"op_code": 5, "worker_id": "3f5a30ad-e044-45b1-aa44-2214228e361d-139878398228288", "trial_id": 28, "param_name": "random_seed", "param_value_internal": 0, "distribution": "{\"name\": \"CategoricalDistribution\", \"attributes\": {\"choices\": [42]}}"}
{"op_code": 5, "worker_id": "3f5a30ad-e044-45b1-aa44-2214228e361d-139878398228288", "trial_id": 28, "param_name": "degree", "param_value_internal": 0, "distribution": "{\"name\": \"CategoricalDistribution\", \"attributes\": {\"choices\": [0]}}"}
{"op_code": 8, "worker_id": "3f5a30ad-e044-45b1-aa44-2214228e361d-139878398228288", "trial_id": 28, "user_attr": {"best_epoch": 2}}
{"op_code": 8, "worker_id": "3f5a30ad-e044-45b1-aa44-2214228e361d-139878398228288", "trial_id": 28, "user_attr": {"test_loss": 0.4452676389437489}}
{"op_code": 6, "worker_id": "3f5a30ad-e044-45b1-aa44-2214228e361d-139878398228288", "trial_id": 28, "state": 1, "values": [0.4452256172218729], "datetime_complete": "2024-08-21T18:41:00.559829"}
{"op_code": 4, "worker_id": "3f5a30ad-e044-45b1-aa44-2214228e361d-139878398228288", "study_id": 0, "datetime_start": "2024-08-21T18:41:00.569968"}
{"op_code": 5, "worker_id": "3f5a30ad-e044-45b1-aa44-2214228e361d-139878398228288", "trial_id": 29, "param_name": "lr", "param_value_internal": 5.089973025808778e-05, "distribution": "{\"name\": \"FloatDistribution\", \"attributes\": {\"step\": null, \"low\": 1e-05, \"high\": 0.001, \"log\": true}}"}
{"op_code": 5, "worker_id": "3f5a30ad-e044-45b1-aa44-2214228e361d-139878398228288", "trial_id": 29, "param_name": "l2reg", "param_value_internal": 0.0009639129144838837, "distribution": "{\"name\": \"FloatDistribution\", \"attributes\": {\"step\": null, \"low\": 1e-08, \"high\": 0.001, \"log\": true}}"}
{"op_code": 5, "worker_id": "3f5a30ad-e044-45b1-aa44-2214228e361d-139878398228288", "trial_id": 29, "param_name": "random_seed", "param_value_internal": 0, "distribution": "{\"name\": \"CategoricalDistribution\", \"attributes\": {\"choices\": [42]}}"}
{"op_code": 5, "worker_id": "3f5a30ad-e044-45b1-aa44-2214228e361d-139878398228288", "trial_id": 29, "param_name": "degree", "param_value_internal": 0, "distribution": "{\"name\": \"CategoricalDistribution\", \"attributes\": {\"choices\": [0]}}"}
{"op_code": 8, "worker_id": "3f5a30ad-e044-45b1-aa44-2214228e361d-139878398228288", "trial_id": 29, "user_attr": {"best_epoch": 3}}
{"op_code": 8, "worker_id": "3f5a30ad-e044-45b1-aa44-2214228e361d-139878398228288", "trial_id": 29, "user_attr": {"test_loss": 0.4452693477632353}}
{"op_code": 6, "worker_id": "3f5a30ad-e044-45b1-aa44-2214228e361d-139878398228288", "trial_id": 29, "state": 1, "values": [0.4451868597472431], "datetime_complete": "2024-08-21T19:06:52.917302"}
{"op_code": 4, "worker_id": "3f5a30ad-e044-45b1-aa44-2214228e361d-139878398228288", "study_id": 0, "datetime_start": "2024-08-21T19:06:52.926252"}
{"op_code": 5, "worker_id": "3f5a30ad-e044-45b1-aa44-2214228e361d-139878398228288", "trial_id": 30, "param_name": "lr", "param_value_internal": 0.00021245349723189694, "distribution": "{\"name\": \"FloatDistribution\", \"attributes\": {\"step\": null, \"low\": 1e-05, \"high\": 0.001, \"log\": true}}"}
{"op_code": 5, "worker_id": "3f5a30ad-e044-45b1-aa44-2214228e361d-139878398228288", "trial_id": 30, "param_name": "l2reg", "param_value_internal": 0.00031764733822422386, "distribution": "{\"name\": \"FloatDistribution\", \"attributes\": {\"step\": null, \"low\": 1e-08, \"high\": 0.001, \"log\": true}}"}
{"op_code": 5, "worker_id": "3f5a30ad-e044-45b1-aa44-2214228e361d-139878398228288", "trial_id": 30, "param_name": "random_seed", "param_value_internal": 0, "distribution": "{\"name\": \"CategoricalDistribution\", \"attributes\": {\"choices\": [42]}}"}
{"op_code": 5, "worker_id": "3f5a30ad-e044-45b1-aa44-2214228e361d-139878398228288", "trial_id": 30, "param_name": "degree", "param_value_internal": 0, "distribution": "{\"name\": \"CategoricalDistribution\", \"attributes\": {\"choices\": [0]}}"}
{"op_code": 8, "worker_id": "3f5a30ad-e044-45b1-aa44-2214228e361d-139878398228288", "trial_id": 30, "user_attr": {"best_epoch": 0}}
{"op_code": 8, "worker_id": "3f5a30ad-e044-45b1-aa44-2214228e361d-139878398228288", "trial_id": 30, "user_attr": {"test_loss": 0.44554614016217353}}
{"op_code": 6, "worker_id": "3f5a30ad-e044-45b1-aa44-2214228e361d-139878398228288", "trial_id": 30, "state": 1, "values": [0.44551320786382614], "datetime_complete": "2024-08-21T19:22:23.074107"}
{"op_code": 4, "worker_id": "3f5a30ad-e044-45b1-aa44-2214228e361d-139878398228288", "study_id": 0, "datetime_start": "2024-08-21T19:22:23.082866"}
{"op_code": 5, "worker_id": "3f5a30ad-e044-45b1-aa44-2214228e361d-139878398228288", "trial_id": 31, "param_name": "lr", "param_value_internal": 0.00012399559960120932, "distribution": "{\"name\": \"FloatDistribution\", \"attributes\": {\"step\": null, \"low\": 1e-05, \"high\": 0.001, \"log\": true}}"}
{"op_code": 5, "worker_id": "3f5a30ad-e044-45b1-aa44-2214228e361d-139878398228288", "trial_id": 31, "param_name": "l2reg", "param_value_internal": 7.973484436550043e-05, "distribution": "{\"name\": \"FloatDistribution\", \"attributes\": {\"step\": null, \"low\": 1e-08, \"high\": 0.001, \"log\": true}}"}
{"op_code": 5, "worker_id": "3f5a30ad-e044-45b1-aa44-2214228e361d-139878398228288", "trial_id": 31, "param_name": "random_seed", "param_value_internal": 0, "distribution": "{\"name\": \"CategoricalDistribution\", \"attributes\": {\"choices\": [42]}}"}
{"op_code": 5, "worker_id": "3f5a30ad-e044-45b1-aa44-2214228e361d-139878398228288", "trial_id": 31, "param_name": "degree", "param_value_internal": 0, "distribution": "{\"name\": \"CategoricalDistribution\", \"attributes\": {\"choices\": [0]}}"}
{"op_code": 8, "worker_id": "3f5a30ad-e044-45b1-aa44-2214228e361d-139878398228288", "trial_id": 31, "user_attr": {"best_epoch": 1}}
{"op_code": 8, "worker_id": "3f5a30ad-e044-45b1-aa44-2214228e361d-139878398228288", "trial_id": 31, "user_attr": {"test_loss": 0.44481763769303845}}
{"op_code": 6, "worker_id": "3f5a30ad-e044-45b1-aa44-2214228e361d-139878398228288", "trial_id": 31, "state": 1, "values": [0.44474714783526054], "datetime_complete": "2024-08-21T19:40:50.920934"}
{"op_code": 4, "worker_id": "3f5a30ad-e044-45b1-aa44-2214228e361d-139878398228288", "study_id": 0, "datetime_start": "2024-08-21T19:40:50.930118"}
{"op_code": 5, "worker_id": "3f5a30ad-e044-45b1-aa44-2214228e361d-139878398228288", "trial_id": 32, "param_name": "lr", "param_value_internal": 0.00013374189242575685, "distribution": "{\"name\": \"FloatDistribution\", \"attributes\": {\"step\": null, \"low\": 1e-05, \"high\": 0.001, \"log\": true}}"}
{"op_code": 5, "worker_id": "3f5a30ad-e044-45b1-aa44-2214228e361d-139878398228288", "trial_id": 32, "param_name": "l2reg", "param_value_internal": 6.181844622078447e-05, "distribution": "{\"name\": \"FloatDistribution\", \"attributes\": {\"step\": null, \"low\": 1e-08, \"high\": 0.001, \"log\": true}}"}
{"op_code": 5, "worker_id": "3f5a30ad-e044-45b1-aa44-2214228e361d-139878398228288", "trial_id": 32, "param_name": "random_seed", "param_value_internal": 0, "distribution": "{\"name\": \"CategoricalDistribution\", \"attributes\": {\"choices\": [42]}}"}
{"op_code": 5, "worker_id": "3f5a30ad-e044-45b1-aa44-2214228e361d-139878398228288", "trial_id": 32, "param_name": "degree", "param_value_internal": 0, "distribution": "{\"name\": \"CategoricalDistribution\", \"attributes\": {\"choices\": [0]}}"}
{"op_code": 8, "worker_id": "3f5a30ad-e044-45b1-aa44-2214228e361d-139878398228288", "trial_id": 32, "user_attr": {"best_epoch": 1}}
{"op_code": 8, "worker_id": "3f5a30ad-e044-45b1-aa44-2214228e361d-139878398228288", "trial_id": 32, "user_attr": {"test_loss": 0.44482839962001675}}
{"op_code": 6, "worker_id": "3f5a30ad-e044-45b1-aa44-2214228e361d-139878398228288", "trial_id": 32, "state": 1, "values": [0.44476976242177063], "datetime_complete": "2024-08-21T19:59:26.990431"}
{"op_code": 4, "worker_id": "3f5a30ad-e044-45b1-aa44-2214228e361d-139878398228288", "study_id": 0, "datetime_start": "2024-08-21T19:59:27.049880"}
{"op_code": 5, "worker_id": "3f5a30ad-e044-45b1-aa44-2214228e361d-139878398228288", "trial_id": 33, "param_name": "lr", "param_value_internal": 0.00033107599263928306, "distribution": "{\"name\": \"FloatDistribution\", \"attributes\": {\"step\": null, \"low\": 1e-05, \"high\": 0.001, \"log\": true}}"}
{"op_code": 5, "worker_id": "3f5a30ad-e044-45b1-aa44-2214228e361d-139878398228288", "trial_id": 33, "param_name": "l2reg", "param_value_internal": 1.664677705820938e-05, "distribution": "{\"name\": \"FloatDistribution\", \"attributes\": {\"step\": null, \"low\": 1e-08, \"high\": 0.001, \"log\": true}}"}
{"op_code": 5, "worker_id": "3f5a30ad-e044-45b1-aa44-2214228e361d-139878398228288", "trial_id": 33, "param_name": "random_seed", "param_value_internal": 0, "distribution": "{\"name\": \"CategoricalDistribution\", \"attributes\": {\"choices\": [42]}}"}
{"op_code": 5, "worker_id": "3f5a30ad-e044-45b1-aa44-2214228e361d-139878398228288", "trial_id": 33, "param_name": "degree", "param_value_internal": 0, "distribution": "{\"name\": \"CategoricalDistribution\", \"attributes\": {\"choices\": [0]}}"}
{"op_code": 8, "worker_id": "3f5a30ad-e044-45b1-aa44-2214228e361d-139878398228288", "trial_id": 33, "user_attr": {"best_epoch": 0}}
{"op_code": 8, "worker_id": "3f5a30ad-e044-45b1-aa44-2214228e361d-139878398228288", "trial_id": 33, "user_attr": {"test_loss": 0.44519096021402854}}
{"op_code": 6, "worker_id": "3f5a30ad-e044-45b1-aa44-2214228e361d-139878398228288", "trial_id": 33, "state": 1, "values": [0.44517926095531285], "datetime_complete": "2024-08-21T20:14:37.074061"}
{"op_code": 4, "worker_id": "3f5a30ad-e044-45b1-aa44-2214228e361d-139878398228288", "study_id": 0, "datetime_start": "2024-08-21T20:14:37.089987"}
{"op_code": 5, "worker_id": "3f5a30ad-e044-45b1-aa44-2214228e361d-139878398228288", "trial_id": 34, "param_name": "lr", "param_value_internal": 9.348630745352163e-05, "distribution": "{\"name\": \"FloatDistribution\", \"attributes\": {\"step\": null, \"low\": 1e-05, \"high\": 0.001, \"log\": true}}"}
{"op_code": 5, "worker_id": "3f5a30ad-e044-45b1-aa44-2214228e361d-139878398228288", "trial_id": 34, "param_name": "l2reg", "param_value_internal": 9.118832455371678e-06, "distribution": "{\"name\": \"FloatDistribution\", \"attributes\": {\"step\": null, \"low\": 1e-08, \"high\": 0.001, \"log\": true}}"}
{"op_code": 5, "worker_id": "3f5a30ad-e044-45b1-aa44-2214228e361d-139878398228288", "trial_id": 34, "param_name": "random_seed", "param_value_internal": 0, "distribution": "{\"name\": \"CategoricalDistribution\", \"attributes\": {\"choices\": [42]}}"}
{"op_code": 5, "worker_id": "3f5a30ad-e044-45b1-aa44-2214228e361d-139878398228288", "trial_id": 34, "param_name": "degree", "param_value_internal": 0, "distribution": "{\"name\": \"CategoricalDistribution\", \"attributes\": {\"choices\": [0]}}"}
{"op_code": 8, "worker_id": "3f5a30ad-e044-45b1-aa44-2214228e361d-139878398228288", "trial_id": 34, "user_attr": {"best_epoch": 1}}
{"op_code": 8, "worker_id": "3f5a30ad-e044-45b1-aa44-2214228e361d-139878398228288", "trial_id": 34, "user_attr": {"test_loss": 0.44520423083344435}}
{"op_code": 6, "worker_id": "3f5a30ad-e044-45b1-aa44-2214228e361d-139878398228288", "trial_id": 34, "state": 1, "values": [0.445095637886224], "datetime_complete": "2024-08-21T20:33:14.126776"}
{"op_code": 4, "worker_id": "3f5a30ad-e044-45b1-aa44-2214228e361d-139878398228288", "study_id": 0, "datetime_start": "2024-08-21T20:33:14.135690"}
{"op_code": 5, "worker_id": "3f5a30ad-e044-45b1-aa44-2214228e361d-139878398228288", "trial_id": 35, "param_name": "lr", "param_value_internal": 0.00020853521263769205, "distribution": "{\"name\": \"FloatDistribution\", \"attributes\": {\"step\": null, \"low\": 1e-05, \"high\": 0.001, \"log\": true}}"}
{"op_code": 5, "worker_id": "3f5a30ad-e044-45b1-aa44-2214228e361d-139878398228288", "trial_id": 35, "param_name": "l2reg", "param_value_internal": 2.053583640427407e-05, "distribution": "{\"name\": \"FloatDistribution\", \"attributes\": {\"step\": null, \"low\": 1e-08, \"high\": 0.001, \"log\": true}}"}
{"op_code": 5, "worker_id": "3f5a30ad-e044-45b1-aa44-2214228e361d-139878398228288", "trial_id": 35, "param_name": "random_seed", "param_value_internal": 0, "distribution": "{\"name\": \"CategoricalDistribution\", \"attributes\": {\"choices\": [42]}}"}
{"op_code": 5, "worker_id": "3f5a30ad-e044-45b1-aa44-2214228e361d-139878398228288", "trial_id": 35, "param_name": "degree", "param_value_internal": 0, "distribution": "{\"name\": \"CategoricalDistribution\", \"attributes\": {\"choices\": [0]}}"}
{"op_code": 8, "worker_id": "3f5a30ad-e044-45b1-aa44-2214228e361d-139878398228288", "trial_id": 35, "user_attr": {"best_epoch": 0}}
{"op_code": 8, "worker_id": "3f5a30ad-e044-45b1-aa44-2214228e361d-139878398228288", "trial_id": 35, "user_attr": {"test_loss": 0.44558471585313286}}
{"op_code": 6, "worker_id": "3f5a30ad-e044-45b1-aa44-2214228e361d-139878398228288", "trial_id": 35, "state": 1, "values": [0.445550511024211], "datetime_complete": "2024-08-21T20:48:26.515710"}
{"op_code": 4, "worker_id": "3f5a30ad-e044-45b1-aa44-2214228e361d-139878398228288", "study_id": 0, "datetime_start": "2024-08-21T20:48:26.525717"}
{"op_code": 5, "worker_id": "3f5a30ad-e044-45b1-aa44-2214228e361d-139878398228288", "trial_id": 36, "param_name": "lr", "param_value_internal": 5.492150321526641e-05, "distribution": "{\"name\": \"FloatDistribution\", \"attributes\": {\"step\": null, \"low\": 1e-05, \"high\": 0.001, \"log\": true}}"}
{"op_code": 5, "worker_id": "3f5a30ad-e044-45b1-aa44-2214228e361d-139878398228288", "trial_id": 36, "param_name": "l2reg", "param_value_internal": 6.182102573575453e-05, "distribution": "{\"name\": \"FloatDistribution\", \"attributes\": {\"step\": null, \"low\": 1e-08, \"high\": 0.001, \"log\": true}}"}
{"op_code": 5, "worker_id": "3f5a30ad-e044-45b1-aa44-2214228e361d-139878398228288", "trial_id": 36, "param_name": "random_seed", "param_value_internal": 0, "distribution": "{\"name\": \"CategoricalDistribution\", \"attributes\": {\"choices\": [42]}}"}
{"op_code": 5, "worker_id": "3f5a30ad-e044-45b1-aa44-2214228e361d-139878398228288", "trial_id": 36, "param_name": "degree", "param_value_internal": 0, "distribution": "{\"name\": \"CategoricalDistribution\", \"attributes\": {\"choices\": [0]}}"}
{"op_code": 8, "worker_id": "3f5a30ad-e044-45b1-aa44-2214228e361d-139878398228288", "trial_id": 36, "user_attr": {"best_epoch": 3}}
{"op_code": 8, "worker_id": "3f5a30ad-e044-45b1-aa44-2214228e361d-139878398228288", "trial_id": 36, "user_attr": {"test_loss": 0.44528749033608045}}
{"op_code": 6, "worker_id": "3f5a30ad-e044-45b1-aa44-2214228e361d-139878398228288", "trial_id": 36, "state": 1, "values": [0.44521285561437285], "datetime_complete": "2024-08-21T21:14:25.773532"}
{"op_code": 4, "worker_id": "3f5a30ad-e044-45b1-aa44-2214228e361d-139878398228288", "study_id": 0, "datetime_start": "2024-08-21T21:14:25.782409"}
{"op_code": 5, "worker_id": "3f5a30ad-e044-45b1-aa44-2214228e361d-139878398228288", "trial_id": 37, "param_name": "lr", "param_value_internal": 0.00015686729867186373, "distribution": "{\"name\": \"FloatDistribution\", \"attributes\": {\"step\": null, \"low\": 1e-05, \"high\": 0.001, \"log\": true}}"}
{"op_code": 5, "worker_id": "3f5a30ad-e044-45b1-aa44-2214228e361d-139878398228288", "trial_id": 37, "param_name": "l2reg", "param_value_internal": 6.065897877117472e-06, "distribution": "{\"name\": \"FloatDistribution\", \"attributes\": {\"step\": null, \"low\": 1e-08, \"high\": 0.001, \"log\": true}}"}
{"op_code": 5, "worker_id": "3f5a30ad-e044-45b1-aa44-2214228e361d-139878398228288", "trial_id": 37, "param_name": "random_seed", "param_value_internal": 0, "distribution": "{\"name\": \"CategoricalDistribution\", \"attributes\": {\"choices\": [42]}}"}
{"op_code": 5, "worker_id": "3f5a30ad-e044-45b1-aa44-2214228e361d-139878398228288", "trial_id": 37, "param_name": "degree", "param_value_internal": 0, "distribution": "{\"name\": \"CategoricalDistribution\", \"attributes\": {\"choices\": [0]}}"}
{"op_code": 8, "worker_id": "3f5a30ad-e044-45b1-aa44-2214228e361d-139878398228288", "trial_id": 37, "user_attr": {"best_epoch": 1}}
{"op_code": 8, "worker_id": "3f5a30ad-e044-45b1-aa44-2214228e361d-139878398228288", "trial_id": 37, "user_attr": {"test_loss": 0.4450037899434737}}
{"op_code": 6, "worker_id": "3f5a30ad-e044-45b1-aa44-2214228e361d-139878398228288", "trial_id": 37, "state": 1, "values": [0.4449680945269356], "datetime_complete": "2024-08-21T21:33:27.249993"}
{"op_code": 4, "worker_id": "3f5a30ad-e044-45b1-aa44-2214228e361d-139878398228288", "study_id": 0, "datetime_start": "2024-08-21T21:33:27.260904"}
{"op_code": 5, "worker_id": "3f5a30ad-e044-45b1-aa44-2214228e361d-139878398228288", "trial_id": 38, "param_name": "lr", "param_value_internal": 2.7328249201495505e-05, "distribution": "{\"name\": \"FloatDistribution\", \"attributes\": {\"step\": null, \"low\": 1e-05, \"high\": 0.001, \"log\": true}}"}
{"op_code": 5, "worker_id": "3f5a30ad-e044-45b1-aa44-2214228e361d-139878398228288", "trial_id": 38, "param_name": "l2reg", "param_value_internal": 0.00023454792098696244, "distribution": "{\"name\": \"FloatDistribution\", \"attributes\": {\"step\": null, \"low\": 1e-08, \"high\": 0.001, \"log\": true}}"}
{"op_code": 5, "worker_id": "3f5a30ad-e044-45b1-aa44-2214228e361d-139878398228288", "trial_id": 38, "param_name": "random_seed", "param_value_internal": 0, "distribution": "{\"name\": \"CategoricalDistribution\", \"attributes\": {\"choices\": [42]}}"}
{"op_code": 5, "worker_id": "3f5a30ad-e044-45b1-aa44-2214228e361d-139878398228288", "trial_id": 38, "param_name": "degree", "param_value_internal": 0, "distribution": "{\"name\": \"CategoricalDistribution\", \"attributes\": {\"choices\": [0]}}"}
{"op_code": 8, "worker_id": "3f5a30ad-e044-45b1-aa44-2214228e361d-139878398228288", "trial_id": 38, "user_attr": {"best_epoch": 6}}
{"op_code": 8, "worker_id": "3f5a30ad-e044-45b1-aa44-2214228e361d-139878398228288", "trial_id": 38, "user_attr": {"test_loss": 0.44570956874922557}}
{"op_code": 6, "worker_id": "3f5a30ad-e044-45b1-aa44-2214228e361d-139878398228288", "trial_id": 38, "state": 1, "values": [0.44561304653674694], "datetime_complete": "2024-08-21T22:09:40.692923"}
{"op_code": 4, "worker_id": "3f5a30ad-e044-45b1-aa44-2214228e361d-139878398228288", "study_id": 0, "datetime_start": "2024-08-21T22:09:40.701927"}
{"op_code": 5, "worker_id": "3f5a30ad-e044-45b1-aa44-2214228e361d-139878398228288", "trial_id": 39, "param_name": "lr", "param_value_internal": 1.594632483403424e-05, "distribution": "{\"name\": \"FloatDistribution\", \"attributes\": {\"step\": null, \"low\": 1e-05, \"high\": 0.001, \"log\": true}}"}
{"op_code": 5, "worker_id": "3f5a30ad-e044-45b1-aa44-2214228e361d-139878398228288", "trial_id": 39, "param_name": "l2reg", "param_value_internal": 2.5831548750431424e-05, "distribution": "{\"name\": \"FloatDistribution\", \"attributes\": {\"step\": null, \"low\": 1e-08, \"high\": 0.001, \"log\": true}}"}
{"op_code": 5, "worker_id": "3f5a30ad-e044-45b1-aa44-2214228e361d-139878398228288", "trial_id": 39, "param_name": "random_seed", "param_value_internal": 0, "distribution": "{\"name\": \"CategoricalDistribution\", \"attributes\": {\"choices\": [42]}}"}
{"op_code": 5, "worker_id": "3f5a30ad-e044-45b1-aa44-2214228e361d-139878398228288", "trial_id": 39, "param_name": "degree", "param_value_internal": 0, "distribution": "{\"name\": \"CategoricalDistribution\", \"attributes\": {\"choices\": [0]}}"}
{"op_code": 8, "worker_id": "3f5a30ad-e044-45b1-aa44-2214228e361d-139878398228288", "trial_id": 39, "user_attr": {"best_epoch": 11}}
{"op_code": 8, "worker_id": "3f5a30ad-e044-45b1-aa44-2214228e361d-139878398228288", "trial_id": 39, "user_attr": {"test_loss": 0.44603580783968566}}
{"op_code": 6, "worker_id": "3f5a30ad-e044-45b1-aa44-2214228e361d-139878398228288", "trial_id": 39, "state": 1, "values": [0.44591736179251795], "datetime_complete": "2024-08-21T23:03:42.569729"}
{"op_code": 4, "worker_id": "3f5a30ad-e044-45b1-aa44-2214228e361d-139878398228288", "study_id": 0, "datetime_start": "2024-08-21T23:03:42.581244"}
{"op_code": 5, "worker_id": "3f5a30ad-e044-45b1-aa44-2214228e361d-139878398228288", "trial_id": 40, "param_name": "lr", "param_value_internal": 8.179604020670154e-05, "distribution": "{\"name\": \"FloatDistribution\", \"attributes\": {\"step\": null, \"low\": 1e-05, \"high\": 0.001, \"log\": true}}"}
{"op_code": 5, "worker_id": "3f5a30ad-e044-45b1-aa44-2214228e361d-139878398228288", "trial_id": 40, "param_name": "l2reg", "param_value_internal": 0.0004805853988207525, "distribution": "{\"name\": \"FloatDistribution\", \"attributes\": {\"step\": null, \"low\": 1e-08, \"high\": 0.001, \"log\": true}}"}
{"op_code": 5, "worker_id": "3f5a30ad-e044-45b1-aa44-2214228e361d-139878398228288", "trial_id": 40, "param_name": "random_seed", "param_value_internal": 0, "distribution": "{\"name\": \"CategoricalDistribution\", \"attributes\": {\"choices\": [42]}}"}
{"op_code": 5, "worker_id": "3f5a30ad-e044-45b1-aa44-2214228e361d-139878398228288", "trial_id": 40, "param_name": "degree", "param_value_internal": 0, "distribution": "{\"name\": \"CategoricalDistribution\", \"attributes\": {\"choices\": [0]}}"}
{"op_code": 8, "worker_id": "3f5a30ad-e044-45b1-aa44-2214228e361d-139878398228288", "trial_id": 40, "user_attr": {"best_epoch": 2}}
{"op_code": 8, "worker_id": "3f5a30ad-e044-45b1-aa44-2214228e361d-139878398228288", "trial_id": 40, "user_attr": {"test_loss": 0.4452965070857109}}
{"op_code": 6, "worker_id": "3f5a30ad-e044-45b1-aa44-2214228e361d-139878398228288", "trial_id": 40, "state": 1, "values": [0.4452568122624287], "datetime_complete": "2024-08-21T23:25:36.542443"}
{"op_code": 4, "worker_id": "3f5a30ad-e044-45b1-aa44-2214228e361d-139878398228288", "study_id": 0, "datetime_start": "2024-08-21T23:25:36.551855"}
{"op_code": 5, "worker_id": "3f5a30ad-e044-45b1-aa44-2214228e361d-139878398228288", "trial_id": 41, "param_name": "lr", "param_value_internal": 0.00013147590051335256, "distribution": "{\"name\": \"FloatDistribution\", \"attributes\": {\"step\": null, \"low\": 1e-05, \"high\": 0.001, \"log\": true}}"}
{"op_code": 5, "worker_id": "3f5a30ad-e044-45b1-aa44-2214228e361d-139878398228288", "trial_id": 41, "param_name": "l2reg", "param_value_internal": 0.00010487658442132483, "distribution": "{\"name\": \"FloatDistribution\", \"attributes\": {\"step\": null, \"low\": 1e-08, \"high\": 0.001, \"log\": true}}"}
{"op_code": 5, "worker_id": "3f5a30ad-e044-45b1-aa44-2214228e361d-139878398228288", "trial_id": 41, "param_name": "random_seed", "param_value_internal": 0, "distribution": "{\"name\": \"CategoricalDistribution\", \"attributes\": {\"choices\": [42]}}"}
{"op_code": 5, "worker_id": "3f5a30ad-e044-45b1-aa44-2214228e361d-139878398228288", "trial_id": 41, "param_name": "degree", "param_value_internal": 0, "distribution": "{\"name\": \"CategoricalDistribution\", \"attributes\": {\"choices\": [0]}}"}
{"op_code": 8, "worker_id": "3f5a30ad-e044-45b1-aa44-2214228e361d-139878398228288", "trial_id": 41, "user_attr": {"best_epoch": 1}}
{"op_code": 8, "worker_id": "3f5a30ad-e044-45b1-aa44-2214228e361d-139878398228288", "trial_id": 41, "user_attr": {"test_loss": 0.4448219279206852}}
{"op_code": 6, "worker_id": "3f5a30ad-e044-45b1-aa44-2214228e361d-139878398228288", "trial_id": 41, "state": 1, "values": [0.44476060024202696], "datetime_complete": "2024-08-21T23:44:22.389604"}
{"op_code": 4, "worker_id": "3f5a30ad-e044-45b1-aa44-2214228e361d-139878398228288", "study_id": 0, "datetime_start": "2024-08-21T23:44:22.414373"}
{"op_code": 5, "worker_id": "3f5a30ad-e044-45b1-aa44-2214228e361d-139878398228288", "trial_id": 42, "param_name": "lr", "param_value_internal": 0.00015241552868953265, "distribution": "{\"name\": \"FloatDistribution\", \"attributes\": {\"step\": null, \"low\": 1e-05, \"high\": 0.001, \"log\": true}}"}
{"op_code": 5, "worker_id": "3f5a30ad-e044-45b1-aa44-2214228e361d-139878398228288", "trial_id": 42, "param_name": "l2reg", "param_value_internal": 7.095520609774437e-05, "distribution": "{\"name\": \"FloatDistribution\", \"attributes\": {\"step\": null, \"low\": 1e-08, \"high\": 0.001, \"log\": true}}"}
{"op_code": 5, "worker_id": "3f5a30ad-e044-45b1-aa44-2214228e361d-139878398228288", "trial_id": 42, "param_name": "random_seed", "param_value_internal": 0, "distribution": "{\"name\": \"CategoricalDistribution\", \"attributes\": {\"choices\": [42]}}"}
{"op_code": 5, "worker_id": "3f5a30ad-e044-45b1-aa44-2214228e361d-139878398228288", "trial_id": 42, "param_name": "degree", "param_value_internal": 0, "distribution": "{\"name\": \"CategoricalDistribution\", \"attributes\": {\"choices\": [0]}}"}
{"op_code": 8, "worker_id": "3f5a30ad-e044-45b1-aa44-2214228e361d-139878398228288", "trial_id": 42, "user_attr": {"best_epoch": 1}}
{"op_code": 8, "worker_id": "3f5a30ad-e044-45b1-aa44-2214228e361d-139878398228288", "trial_id": 42, "user_attr": {"test_loss": 0.4449569610179736}}
{"op_code": 6, "worker_id": "3f5a30ad-e044-45b1-aa44-2214228e361d-139878398228288", "trial_id": 42, "state": 1, "values": [0.4449177388962017], "datetime_complete": "2024-08-22T00:04:06.673417"}
{"op_code": 4, "worker_id": "3f5a30ad-e044-45b1-aa44-2214228e361d-139878398228288", "study_id": 0, "datetime_start": "2024-08-22T00:04:06.682309"}
{"op_code": 5, "worker_id": "3f5a30ad-e044-45b1-aa44-2214228e361d-139878398228288", "trial_id": 43, "param_name": "lr", "param_value_internal": 0.00012488283029773534, "distribution": "{\"name\": \"FloatDistribution\", \"attributes\": {\"step\": null, \"low\": 1e-05, \"high\": 0.001, \"log\": true}}"}
{"op_code": 5, "worker_id": "3f5a30ad-e044-45b1-aa44-2214228e361d-139878398228288", "trial_id": 43, "param_name": "l2reg", "param_value_internal": 0.0001561271501734627, "distribution": "{\"name\": \"FloatDistribution\", \"attributes\": {\"step\": null, \"low\": 1e-08, \"high\": 0.001, \"log\": true}}"}
{"op_code": 5, "worker_id": "3f5a30ad-e044-45b1-aa44-2214228e361d-139878398228288", "trial_id": 43, "param_name": "random_seed", "param_value_internal": 0, "distribution": "{\"name\": \"CategoricalDistribution\", \"attributes\": {\"choices\": [42]}}"}
{"op_code": 5, "worker_id": "3f5a30ad-e044-45b1-aa44-2214228e361d-139878398228288", "trial_id": 43, "param_name": "degree", "param_value_internal": 0, "distribution": "{\"name\": \"CategoricalDistribution\", \"attributes\": {\"choices\": [0]}}"}
{"op_code": 8, "worker_id": "3f5a30ad-e044-45b1-aa44-2214228e361d-139878398228288", "trial_id": 43, "user_attr": {"best_epoch": 1}}
{"op_code": 8, "worker_id": "3f5a30ad-e044-45b1-aa44-2214228e361d-139878398228288", "trial_id": 43, "user_attr": {"test_loss": 0.44481651059933464}}
{"op_code": 6, "worker_id": "3f5a30ad-e044-45b1-aa44-2214228e361d-139878398228288", "trial_id": 43, "state": 1, "values": [0.44474732962454117], "datetime_complete": "2024-08-22T00:22:54.290755"}
{"op_code": 4, "worker_id": "3f5a30ad-e044-45b1-aa44-2214228e361d-139878398228288", "study_id": 0, "datetime_start": "2024-08-22T00:22:54.299715"}
{"op_code": 5, "worker_id": "3f5a30ad-e044-45b1-aa44-2214228e361d-139878398228288", "trial_id": 44, "param_name": "lr", "param_value_internal": 7.03060927690514e-05, "distribution": "{\"name\": \"FloatDistribution\", \"attributes\": {\"step\": null, \"low\": 1e-05, \"high\": 0.001, \"log\": true}}"}
{"op_code": 5, "worker_id": "3f5a30ad-e044-45b1-aa44-2214228e361d-139878398228288", "trial_id": 44, "param_name": "l2reg", "param_value_internal": 0.00019204198064577902, "distribution": "{\"name\": \"FloatDistribution\", \"attributes\": {\"step\": null, \"low\": 1e-08, \"high\": 0.001, \"log\": true}}"}
{"op_code": 5, "worker_id": "3f5a30ad-e044-45b1-aa44-2214228e361d-139878398228288", "trial_id": 44, "param_name": "random_seed", "param_value_internal": 0, "distribution": "{\"name\": \"CategoricalDistribution\", \"attributes\": {\"choices\": [42]}}"}
{"op_code": 5, "worker_id": "3f5a30ad-e044-45b1-aa44-2214228e361d-139878398228288", "trial_id": 44, "param_name": "degree", "param_value_internal": 0, "distribution": "{\"name\": \"CategoricalDistribution\", \"attributes\": {\"choices\": [0]}}"}
{"op_code": 8, "worker_id": "3f5a30ad-e044-45b1-aa44-2214228e361d-139878398228288", "trial_id": 44, "user_attr": {"best_epoch": 2}}
{"op_code": 8, "worker_id": "3f5a30ad-e044-45b1-aa44-2214228e361d-139878398228288", "trial_id": 44, "user_attr": {"test_loss": 0.4452445880596129}}
{"op_code": 6, "worker_id": "3f5a30ad-e044-45b1-aa44-2214228e361d-139878398228288", "trial_id": 44, "state": 1, "values": [0.44519562199056933], "datetime_complete": "2024-08-22T00:45:12.741237"}
{"op_code": 4, "worker_id": "3f5a30ad-e044-45b1-aa44-2214228e361d-139878398228288", "study_id": 0, "datetime_start": "2024-08-22T00:45:12.752520"}
{"op_code": 5, "worker_id": "3f5a30ad-e044-45b1-aa44-2214228e361d-139878398228288", "trial_id": 45, "param_name": "lr", "param_value_internal": 0.00019330747083156502, "distribution": "{\"name\": \"FloatDistribution\", \"attributes\": {\"step\": null, \"low\": 1e-05, \"high\": 0.001, \"log\": true}}"}
{"op_code": 5, "worker_id": "3f5a30ad-e044-45b1-aa44-2214228e361d-139878398228288", "trial_id": 45, "param_name": "l2reg", "param_value_internal": 4.230128436080178e-05, "distribution": "{\"name\": \"FloatDistribution\", \"attributes\": {\"step\": null, \"low\": 1e-08, \"high\": 0.001, \"log\": true}}"}
{"op_code": 5, "worker_id": "3f5a30ad-e044-45b1-aa44-2214228e361d-139878398228288", "trial_id": 45, "param_name": "random_seed", "param_value_internal": 0, "distribution": "{\"name\": \"CategoricalDistribution\", \"attributes\": {\"choices\": [42]}}"}
{"op_code": 5, "worker_id": "3f5a30ad-e044-45b1-aa44-2214228e361d-139878398228288", "trial_id": 45, "param_name": "degree", "param_value_internal": 0, "distribution": "{\"name\": \"CategoricalDistribution\", \"attributes\": {\"choices\": [0]}}"}
{"op_code": 8, "worker_id": "3f5a30ad-e044-45b1-aa44-2214228e361d-139878398228288", "trial_id": 45, "user_attr": {"best_epoch": 1}}
{"op_code": 8, "worker_id": "3f5a30ad-e044-45b1-aa44-2214228e361d-139878398228288", "trial_id": 45, "user_attr": {"test_loss": 0.4455098913743446}}
{"op_code": 6, "worker_id": "3f5a30ad-e044-45b1-aa44-2214228e361d-139878398228288", "trial_id": 45, "state": 1, "values": [0.44548448515748695], "datetime_complete": "2024-08-22T01:03:51.965190"}
{"op_code": 4, "worker_id": "3f5a30ad-e044-45b1-aa44-2214228e361d-139878398228288", "study_id": 0, "datetime_start": "2024-08-22T01:03:51.975295"}
{"op_code": 5, "worker_id": "3f5a30ad-e044-45b1-aa44-2214228e361d-139878398228288", "trial_id": 46, "param_name": "lr", "param_value_internal": 0.00010991041584635312, "distribution": "{\"name\": \"FloatDistribution\", \"attributes\": {\"step\": null, \"low\": 1e-05, \"high\": 0.001, \"log\": true}}"}
{"op_code": 5, "worker_id": "3f5a30ad-e044-45b1-aa44-2214228e361d-139878398228288", "trial_id": 46, "param_name": "l2reg", "param_value_internal": 0.0006701354450335775, "distribution": "{\"name\": \"FloatDistribution\", \"attributes\": {\"step\": null, \"low\": 1e-08, \"high\": 0.001, \"log\": true}}"}
{"op_code": 5, "worker_id": "3f5a30ad-e044-45b1-aa44-2214228e361d-139878398228288", "trial_id": 46, "param_name": "random_seed", "param_value_internal": 0, "distribution": "{\"name\": \"CategoricalDistribution\", \"attributes\": {\"choices\": [42]}}"}
{"op_code": 5, "worker_id": "3f5a30ad-e044-45b1-aa44-2214228e361d-139878398228288", "trial_id": 46, "param_name": "degree", "param_value_internal": 0, "distribution": "{\"name\": \"CategoricalDistribution\", \"attributes\": {\"choices\": [0]}}"}
{"op_code": 8, "worker_id": "3f5a30ad-e044-45b1-aa44-2214228e361d-139878398228288", "trial_id": 46, "user_attr": {"best_epoch": 1}}
{"op_code": 8, "worker_id": "3f5a30ad-e044-45b1-aa44-2214228e361d-139878398228288", "trial_id": 46, "user_attr": {"test_loss": 0.44488719028192175}}
{"op_code": 6, "worker_id": "3f5a30ad-e044-45b1-aa44-2214228e361d-139878398228288", "trial_id": 46, "state": 1, "values": [0.44479801247598016], "datetime_complete": "2024-08-22T01:23:12.293832"}
{"op_code": 4, "worker_id": "3f5a30ad-e044-45b1-aa44-2214228e361d-139878398228288", "study_id": 0, "datetime_start": "2024-08-22T01:23:12.302669"}
{"op_code": 5, "worker_id": "3f5a30ad-e044-45b1-aa44-2214228e361d-139878398228288", "trial_id": 47, "param_name": "lr", "param_value_internal": 0.00025306333707262837, "distribution": "{\"name\": \"FloatDistribution\", \"attributes\": {\"step\": null, \"low\": 1e-05, \"high\": 0.001, \"log\": true}}"}
{"op_code": 5, "worker_id": "3f5a30ad-e044-45b1-aa44-2214228e361d-139878398228288", "trial_id": 47, "param_name": "l2reg", "param_value_internal": 2.973137858775814e-06, "distribution": "{\"name\": \"FloatDistribution\", \"attributes\": {\"step\": null, \"low\": 1e-08, \"high\": 0.001, \"log\": true}}"}
{"op_code": 5, "worker_id": "3f5a30ad-e044-45b1-aa44-2214228e361d-139878398228288", "trial_id": 47, "param_name": "random_seed", "param_value_internal": 0, "distribution": "{\"name\": \"CategoricalDistribution\", \"attributes\": {\"choices\": [42]}}"}
{"op_code": 5, "worker_id": "3f5a30ad-e044-45b1-aa44-2214228e361d-139878398228288", "trial_id": 47, "param_name": "degree", "param_value_internal": 0, "distribution": "{\"name\": \"CategoricalDistribution\", \"attributes\": {\"choices\": [0]}}"}
{"op_code": 8, "worker_id": "3f5a30ad-e044-45b1-aa44-2214228e361d-139878398228288", "trial_id": 47, "user_attr": {"best_epoch": 0}}
{"op_code": 8, "worker_id": "3f5a30ad-e044-45b1-aa44-2214228e361d-139878398228288", "trial_id": 47, "user_attr": {"test_loss": 0.4453092323372055}}
{"op_code": 6, "worker_id": "3f5a30ad-e044-45b1-aa44-2214228e361d-139878398228288", "trial_id": 47, "state": 1, "values": [0.44529193395144595], "datetime_complete": "2024-08-22T01:38:28.257879"}
{"op_code": 4, "worker_id": "3f5a30ad-e044-45b1-aa44-2214228e361d-139878398228288", "study_id": 0, "datetime_start": "2024-08-22T01:38:28.266603"}
{"op_code": 5, "worker_id": "3f5a30ad-e044-45b1-aa44-2214228e361d-139878398228288", "trial_id": 48, "param_name": "lr", "param_value_internal": 0.00031808942619677386, "distribution": "{\"name\": \"FloatDistribution\", \"attributes\": {\"step\": null, \"low\": 1e-05, \"high\": 0.001, \"log\": true}}"}
{"op_code": 5, "worker_id": "3f5a30ad-e044-45b1-aa44-2214228e361d-139878398228288", "trial_id": 48, "param_name": "l2reg", "param_value_internal": 4.219326963018332e-05, "distribution": "{\"name\": \"FloatDistribution\", \"attributes\": {\"step\": null, \"low\": 1e-08, \"high\": 0.001, \"log\": true}}"}
{"op_code": 5, "worker_id": "3f5a30ad-e044-45b1-aa44-2214228e361d-139878398228288", "trial_id": 48, "param_name": "random_seed", "param_value_internal": 0, "distribution": "{\"name\": \"CategoricalDistribution\", \"attributes\": {\"choices\": [42]}}"}
{"op_code": 5, "worker_id": "3f5a30ad-e044-45b1-aa44-2214228e361d-139878398228288", "trial_id": 48, "param_name": "degree", "param_value_internal": 0, "distribution": "{\"name\": \"CategoricalDistribution\", \"attributes\": {\"choices\": [0]}}"}
{"op_code": 8, "worker_id": "3f5a30ad-e044-45b1-aa44-2214228e361d-139878398228288", "trial_id": 48, "user_attr": {"best_epoch": 0}}
{"op_code": 8, "worker_id": "3f5a30ad-e044-45b1-aa44-2214228e361d-139878398228288", "trial_id": 48, "user_attr": {"test_loss": 0.44519790456555847}}
{"op_code": 6, "worker_id": "3f5a30ad-e044-45b1-aa44-2214228e361d-139878398228288", "trial_id": 48, "state": 1, "values": [0.4451870415365237], "datetime_complete": "2024-08-22T01:53:31.916720"}
{"op_code": 4, "worker_id": "3f5a30ad-e044-45b1-aa44-2214228e361d-139878398228288", "study_id": 0, "datetime_start": "2024-08-22T01:53:31.927308"}
{"op_code": 5, "worker_id": "3f5a30ad-e044-45b1-aa44-2214228e361d-139878398228288", "trial_id": 49, "param_name": "lr", "param_value_internal": 6.381893698387824e-05, "distribution": "{\"name\": \"FloatDistribution\", \"attributes\": {\"step\": null, \"low\": 1e-05, \"high\": 0.001, \"log\": true}}"}
{"op_code": 5, "worker_id": "3f5a30ad-e044-45b1-aa44-2214228e361d-139878398228288", "trial_id": 49, "param_name": "l2reg", "param_value_internal": 1.0725085991416954e-05, "distribution": "{\"name\": \"FloatDistribution\", \"attributes\": {\"step\": null, \"low\": 1e-08, \"high\": 0.001, \"log\": true}}"}
{"op_code": 5, "worker_id": "3f5a30ad-e044-45b1-aa44-2214228e361d-139878398228288", "trial_id": 49, "param_name": "random_seed", "param_value_internal": 0, "distribution": "{\"name\": \"CategoricalDistribution\", \"attributes\": {\"choices\": [42]}}"}
{"op_code": 5, "worker_id": "3f5a30ad-e044-45b1-aa44-2214228e361d-139878398228288", "trial_id": 49, "param_name": "degree", "param_value_internal": 0, "distribution": "{\"name\": \"CategoricalDistribution\", \"attributes\": {\"choices\": [0]}}"}
{"op_code": 8, "worker_id": "3f5a30ad-e044-45b1-aa44-2214228e361d-139878398228288", "trial_id": 49, "user_attr": {"best_epoch": 2}}
{"op_code": 8, "worker_id": "3f5a30ad-e044-45b1-aa44-2214228e361d-139878398228288", "trial_id": 49, "user_attr": {"test_loss": 0.4453462809979855}}
{"op_code": 6, "worker_id": "3f5a30ad-e044-45b1-aa44-2214228e361d-139878398228288", "trial_id": 49, "state": 1, "values": [0.44529324283426647], "datetime_complete": "2024-08-22T02:15:44.947941"}
