{"op_code": 0, "worker_id": "fe197a1c-2bbe-4040-924a-e90ce6db4762-140163238070080", "study_name": "criteo_bins_12", "directions": [1]}
{"op_code": 4, "worker_id": "fe197a1c-2bbe-4040-924a-e90ce6db4762-140163238070080", "study_id": 0, "datetime_start": "2024-08-18T14:26:07.137549"}
{"op_code": 5, "worker_id": "fe197a1c-2bbe-4040-924a-e90ce6db4762-140163238070080", "trial_id": 0, "param_name": "lr", "param_value_internal": 5.6115164153345e-05, "distribution": "{\"name\": \"FloatDistribution\", \"attributes\": {\"step\": null, \"low\": 1e-05, \"high\": 0.001, \"log\": true}}"}
{"op_code": 5, "worker_id": "fe197a1c-2bbe-4040-924a-e90ce6db4762-140163238070080", "trial_id": 0, "param_name": "l2reg", "param_value_internal": 0.0005669849511478851, "distribution": "{\"name\": \"FloatDistribution\", \"attributes\": {\"step\": null, \"low\": 1e-08, \"high\": 0.001, \"log\": true}}"}
{"op_code": 5, "worker_id": "fe197a1c-2bbe-4040-924a-e90ce6db4762-140163238070080", "trial_id": 0, "param_name": "random_seed", "param_value_internal": 0, "distribution": "{\"name\": \"CategoricalDistribution\", \"attributes\": {\"choices\": [42]}}"}
{"op_code": 5, "worker_id": "fe197a1c-2bbe-4040-924a-e90ce6db4762-140163238070080", "trial_id": 0, "param_name": "degree", "param_value_internal": 0, "distribution": "{\"name\": \"CategoricalDistribution\", \"attributes\": {\"choices\": [0]}}"}
{"op_code": 6, "worker_id": "fe197a1c-2bbe-4040-924a-e90ce6db4762-140163238070080", "trial_id": 0, "state": 3, "values": null, "datetime_complete": "2024-08-18T14:26:21.093087"}
{"op_code": 0, "worker_id": "42c208b2-1ef6-4cd2-b995-cee42eb8203b-140275954739008", "study_name": "criteo_bins_12", "directions": [1]}
{"op_code": 4, "worker_id": "42c208b2-1ef6-4cd2-b995-cee42eb8203b-140275954739008", "study_id": 0, "datetime_start": "2024-08-18T14:26:33.107062"}
{"op_code": 5, "worker_id": "42c208b2-1ef6-4cd2-b995-cee42eb8203b-140275954739008", "trial_id": 1, "param_name": "lr", "param_value_internal": 5.6115164153345e-05, "distribution": "{\"name\": \"FloatDistribution\", \"attributes\": {\"step\": null, \"low\": 1e-05, \"high\": 0.001, \"log\": true}}"}
{"op_code": 5, "worker_id": "42c208b2-1ef6-4cd2-b995-cee42eb8203b-140275954739008", "trial_id": 1, "param_name": "l2reg", "param_value_internal": 0.0005669849511478851, "distribution": "{\"name\": \"FloatDistribution\", \"attributes\": {\"step\": null, \"low\": 1e-08, \"high\": 0.001, \"log\": true}}"}
{"op_code": 5, "worker_id": "42c208b2-1ef6-4cd2-b995-cee42eb8203b-140275954739008", "trial_id": 1, "param_name": "random_seed", "param_value_internal": 0, "distribution": "{\"name\": \"CategoricalDistribution\", \"attributes\": {\"choices\": [42]}}"}
{"op_code": 5, "worker_id": "42c208b2-1ef6-4cd2-b995-cee42eb8203b-140275954739008", "trial_id": 1, "param_name": "degree", "param_value_internal": 0, "distribution": "{\"name\": \"CategoricalDistribution\", \"attributes\": {\"choices\": [0]}}"}
{"op_code": 8, "worker_id": "42c208b2-1ef6-4cd2-b995-cee42eb8203b-140275954739008", "trial_id": 1, "user_attr": {"best_epoch": 4}}
{"op_code": 8, "worker_id": "42c208b2-1ef6-4cd2-b995-cee42eb8203b-140275954739008", "trial_id": 1, "user_attr": {"test_loss": 0.4459909422387019}}
{"op_code": 6, "worker_id": "42c208b2-1ef6-4cd2-b995-cee42eb8203b-140275954739008", "trial_id": 1, "state": 1, "values": [0.44585235394576544], "datetime_complete": "2024-08-18T14:55:48.418580"}
{"op_code": 4, "worker_id": "42c208b2-1ef6-4cd2-b995-cee42eb8203b-140275954739008", "study_id": 0, "datetime_start": "2024-08-18T14:55:48.427541"}
{"op_code": 5, "worker_id": "42c208b2-1ef6-4cd2-b995-cee42eb8203b-140275954739008", "trial_id": 2, "param_name": "lr", "param_value_internal": 0.000291063591313307, "distribution": "{\"name\": \"FloatDistribution\", \"attributes\": {\"step\": null, \"low\": 1e-05, \"high\": 0.001, \"log\": true}}"}
{"op_code": 5, "worker_id": "42c208b2-1ef6-4cd2-b995-cee42eb8203b-140275954739008", "trial_id": 2, "param_name": "l2reg", "param_value_internal": 9.846738873614555e-06, "distribution": "{\"name\": \"FloatDistribution\", \"attributes\": {\"step\": null, \"low\": 1e-08, \"high\": 0.001, \"log\": true}}"}
{"op_code": 5, "worker_id": "42c208b2-1ef6-4cd2-b995-cee42eb8203b-140275954739008", "trial_id": 2, "param_name": "random_seed", "param_value_internal": 0, "distribution": "{\"name\": \"CategoricalDistribution\", \"attributes\": {\"choices\": [42]}}"}
{"op_code": 5, "worker_id": "42c208b2-1ef6-4cd2-b995-cee42eb8203b-140275954739008", "trial_id": 2, "param_name": "degree", "param_value_internal": 0, "distribution": "{\"name\": \"CategoricalDistribution\", \"attributes\": {\"choices\": [0]}}"}
{"op_code": 8, "worker_id": "42c208b2-1ef6-4cd2-b995-cee42eb8203b-140275954739008", "trial_id": 2, "user_attr": {"best_epoch": 1}}
{"op_code": 8, "worker_id": "42c208b2-1ef6-4cd2-b995-cee42eb8203b-140275954739008", "trial_id": 2, "user_attr": {"test_loss": 0.4456827730053641}}
{"op_code": 6, "worker_id": "42c208b2-1ef6-4cd2-b995-cee42eb8203b-140275954739008", "trial_id": 2, "state": 1, "values": [0.44549670139714515], "datetime_complete": "2024-08-18T15:14:44.044448"}
{"op_code": 4, "worker_id": "42c208b2-1ef6-4cd2-b995-cee42eb8203b-140275954739008", "study_id": 0, "datetime_start": "2024-08-18T15:14:44.059212"}
{"op_code": 5, "worker_id": "42c208b2-1ef6-4cd2-b995-cee42eb8203b-140275954739008", "trial_id": 3, "param_name": "lr", "param_value_internal": 2.0513382630874486e-05, "distribution": "{\"name\": \"FloatDistribution\", \"attributes\": {\"step\": null, \"low\": 1e-05, \"high\": 0.001, \"log\": true}}"}
{"op_code": 5, "worker_id": "42c208b2-1ef6-4cd2-b995-cee42eb8203b-140275954739008", "trial_id": 3, "param_name": "l2reg", "param_value_internal": 6.02521573620385e-08, "distribution": "{\"name\": \"FloatDistribution\", \"attributes\": {\"step\": null, \"low\": 1e-08, \"high\": 0.001, \"log\": true}}"}
{"op_code": 5, "worker_id": "42c208b2-1ef6-4cd2-b995-cee42eb8203b-140275954739008", "trial_id": 3, "param_name": "random_seed", "param_value_internal": 0, "distribution": "{\"name\": \"CategoricalDistribution\", \"attributes\": {\"choices\": [42]}}"}
{"op_code": 5, "worker_id": "42c208b2-1ef6-4cd2-b995-cee42eb8203b-140275954739008", "trial_id": 3, "param_name": "degree", "param_value_internal": 0, "distribution": "{\"name\": \"CategoricalDistribution\", \"attributes\": {\"choices\": [0]}}"}
{"op_code": 8, "worker_id": "42c208b2-1ef6-4cd2-b995-cee42eb8203b-140275954739008", "trial_id": 3, "user_attr": {"best_epoch": 13}}
{"op_code": 8, "worker_id": "42c208b2-1ef6-4cd2-b995-cee42eb8203b-140275954739008", "trial_id": 3, "user_attr": {"test_loss": 0.4465273297681299}}
{"op_code": 6, "worker_id": "42c208b2-1ef6-4cd2-b995-cee42eb8203b-140275954739008", "trial_id": 3, "state": 1, "values": [0.4463715441312385], "datetime_complete": "2024-08-18T16:15:04.626224"}
{"op_code": 4, "worker_id": "42c208b2-1ef6-4cd2-b995-cee42eb8203b-140275954739008", "study_id": 0, "datetime_start": "2024-08-18T16:15:04.638899"}
{"op_code": 5, "worker_id": "42c208b2-1ef6-4cd2-b995-cee42eb8203b-140275954739008", "trial_id": 4, "param_name": "lr", "param_value_internal": 1.3066739238053272e-05, "distribution": "{\"name\": \"FloatDistribution\", \"attributes\": {\"step\": null, \"low\": 1e-05, \"high\": 0.001, \"log\": true}}"}
{"op_code": 5, "worker_id": "42c208b2-1ef6-4cd2-b995-cee42eb8203b-140275954739008", "trial_id": 4, "param_name": "l2reg", "param_value_internal": 0.00021423021757741048, "distribution": "{\"name\": \"FloatDistribution\", \"attributes\": {\"step\": null, \"low\": 1e-08, \"high\": 0.001, \"log\": true}}"}
{"op_code": 5, "worker_id": "42c208b2-1ef6-4cd2-b995-cee42eb8203b-140275954739008", "trial_id": 4, "param_name": "random_seed", "param_value_internal": 0, "distribution": "{\"name\": \"CategoricalDistribution\", \"attributes\": {\"choices\": [42]}}"}
{"op_code": 5, "worker_id": "42c208b2-1ef6-4cd2-b995-cee42eb8203b-140275954739008", "trial_id": 4, "param_name": "degree", "param_value_internal": 0, "distribution": "{\"name\": \"CategoricalDistribution\", \"attributes\": {\"choices\": [0]}}"}
{"op_code": 8, "worker_id": "42c208b2-1ef6-4cd2-b995-cee42eb8203b-140275954739008", "trial_id": 4, "user_attr": {"best_epoch": 19}}
{"op_code": 8, "worker_id": "42c208b2-1ef6-4cd2-b995-cee42eb8203b-140275954739008", "trial_id": 4, "user_attr": {"test_loss": 0.44677663562383985}}
{"op_code": 6, "worker_id": "42c208b2-1ef6-4cd2-b995-cee42eb8203b-140275954739008", "trial_id": 4, "state": 1, "values": [0.44663870165804914], "datetime_complete": "2024-08-18T17:24:55.536692"}
{"op_code": 4, "worker_id": "42c208b2-1ef6-4cd2-b995-cee42eb8203b-140275954739008", "study_id": 0, "datetime_start": "2024-08-18T17:24:55.545368"}
{"op_code": 5, "worker_id": "42c208b2-1ef6-4cd2-b995-cee42eb8203b-140275954739008", "trial_id": 5, "param_name": "lr", "param_value_internal": 0.00015930522616241006, "distribution": "{\"name\": \"FloatDistribution\", \"attributes\": {\"step\": null, \"low\": 1e-05, \"high\": 0.001, \"log\": true}}"}
{"op_code": 5, "worker_id": "42c208b2-1ef6-4cd2-b995-cee42eb8203b-140275954739008", "trial_id": 5, "param_name": "l2reg", "param_value_internal": 3.47026698865041e-05, "distribution": "{\"name\": \"FloatDistribution\", \"attributes\": {\"step\": null, \"low\": 1e-08, \"high\": 0.001, \"log\": true}}"}
{"op_code": 5, "worker_id": "42c208b2-1ef6-4cd2-b995-cee42eb8203b-140275954739008", "trial_id": 5, "param_name": "random_seed", "param_value_internal": 0, "distribution": "{\"name\": \"CategoricalDistribution\", \"attributes\": {\"choices\": [42]}}"}
{"op_code": 5, "worker_id": "42c208b2-1ef6-4cd2-b995-cee42eb8203b-140275954739008", "trial_id": 5, "param_name": "degree", "param_value_internal": 0, "distribution": "{\"name\": \"CategoricalDistribution\", \"attributes\": {\"choices\": [0]}}"}
{"op_code": 8, "worker_id": "42c208b2-1ef6-4cd2-b995-cee42eb8203b-140275954739008", "trial_id": 5, "user_attr": {"best_epoch": 1}}
{"op_code": 8, "worker_id": "42c208b2-1ef6-4cd2-b995-cee42eb8203b-140275954739008", "trial_id": 5, "user_attr": {"test_loss": 0.44525156876900424}}
{"op_code": 6, "worker_id": "42c208b2-1ef6-4cd2-b995-cee42eb8203b-140275954739008", "trial_id": 5, "state": 1, "values": [0.4450638611199703], "datetime_complete": "2024-08-18T17:43:30.080294"}
{"op_code": 4, "worker_id": "42c208b2-1ef6-4cd2-b995-cee42eb8203b-140275954739008", "study_id": 0, "datetime_start": "2024-08-18T17:43:30.089491"}
{"op_code": 5, "worker_id": "42c208b2-1ef6-4cd2-b995-cee42eb8203b-140275954739008", "trial_id": 6, "param_name": "lr", "param_value_internal": 1.0994335574766187e-05, "distribution": "{\"name\": \"FloatDistribution\", \"attributes\": {\"step\": null, \"low\": 1e-05, \"high\": 0.001, \"log\": true}}"}
{"op_code": 5, "worker_id": "42c208b2-1ef6-4cd2-b995-cee42eb8203b-140275954739008", "trial_id": 6, "param_name": "l2reg", "param_value_internal": 0.0007072114131472234, "distribution": "{\"name\": \"FloatDistribution\", \"attributes\": {\"step\": null, \"low\": 1e-08, \"high\": 0.001, \"log\": true}}"}
{"op_code": 5, "worker_id": "42c208b2-1ef6-4cd2-b995-cee42eb8203b-140275954739008", "trial_id": 6, "param_name": "random_seed", "param_value_internal": 0, "distribution": "{\"name\": \"CategoricalDistribution\", \"attributes\": {\"choices\": [42]}}"}
{"op_code": 5, "worker_id": "42c208b2-1ef6-4cd2-b995-cee42eb8203b-140275954739008", "trial_id": 6, "param_name": "degree", "param_value_internal": 0, "distribution": "{\"name\": \"CategoricalDistribution\", \"attributes\": {\"choices\": [0]}}"}
{"op_code": 8, "worker_id": "42c208b2-1ef6-4cd2-b995-cee42eb8203b-140275954739008", "trial_id": 6, "user_attr": {"best_epoch": 19}}
{"op_code": 8, "worker_id": "42c208b2-1ef6-4cd2-b995-cee42eb8203b-140275954739008", "trial_id": 6, "user_attr": {"test_loss": 0.44726899378309654}}
{"op_code": 6, "worker_id": "42c208b2-1ef6-4cd2-b995-cee42eb8203b-140275954739008", "trial_id": 6, "state": 1, "values": [0.44714574831957626], "datetime_complete": "2024-08-18T18:53:21.518396"}
{"op_code": 4, "worker_id": "42c208b2-1ef6-4cd2-b995-cee42eb8203b-140275954739008", "study_id": 0, "datetime_start": "2024-08-18T18:53:21.527113"}
{"op_code": 5, "worker_id": "42c208b2-1ef6-4cd2-b995-cee42eb8203b-140275954739008", "trial_id": 7, "param_name": "lr", "param_value_internal": 0.000462258900102083, "distribution": "{\"name\": \"FloatDistribution\", \"attributes\": {\"step\": null, \"low\": 1e-05, \"high\": 0.001, \"log\": true}}"}
{"op_code": 5, "worker_id": "42c208b2-1ef6-4cd2-b995-cee42eb8203b-140275954739008", "trial_id": 7, "param_name": "l2reg", "param_value_internal": 1.1526449540315595e-07, "distribution": "{\"name\": \"FloatDistribution\", \"attributes\": {\"step\": null, \"low\": 1e-08, \"high\": 0.001, \"log\": true}}"}
{"op_code": 5, "worker_id": "42c208b2-1ef6-4cd2-b995-cee42eb8203b-140275954739008", "trial_id": 7, "param_name": "random_seed", "param_value_internal": 0, "distribution": "{\"name\": \"CategoricalDistribution\", \"attributes\": {\"choices\": [42]}}"}
{"op_code": 5, "worker_id": "42c208b2-1ef6-4cd2-b995-cee42eb8203b-140275954739008", "trial_id": 7, "param_name": "degree", "param_value_internal": 0, "distribution": "{\"name\": \"CategoricalDistribution\", \"attributes\": {\"choices\": [0]}}"}
{"op_code": 8, "worker_id": "42c208b2-1ef6-4cd2-b995-cee42eb8203b-140275954739008", "trial_id": 7, "user_attr": {"best_epoch": 0}}
{"op_code": 8, "worker_id": "42c208b2-1ef6-4cd2-b995-cee42eb8203b-140275954739008", "trial_id": 7, "user_attr": {"test_loss": 0.44555712023632027}}
{"op_code": 6, "worker_id": "42c208b2-1ef6-4cd2-b995-cee42eb8203b-140275954739008", "trial_id": 7, "state": 1, "values": [0.4454346385367388], "datetime_complete": "2024-08-18T19:08:49.411035"}
{"op_code": 4, "worker_id": "42c208b2-1ef6-4cd2-b995-cee42eb8203b-140275954739008", "study_id": 0, "datetime_start": "2024-08-18T19:08:49.419944"}
{"op_code": 5, "worker_id": "42c208b2-1ef6-4cd2-b995-cee42eb8203b-140275954739008", "trial_id": 8, "param_name": "lr", "param_value_internal": 2.3102018878452926e-05, "distribution": "{\"name\": \"FloatDistribution\", \"attributes\": {\"step\": null, \"low\": 1e-05, \"high\": 0.001, \"log\": true}}"}
{"op_code": 5, "worker_id": "42c208b2-1ef6-4cd2-b995-cee42eb8203b-140275954739008", "trial_id": 8, "param_name": "l2reg", "param_value_internal": 8.260808399079588e-08, "distribution": "{\"name\": \"FloatDistribution\", \"attributes\": {\"step\": null, \"low\": 1e-08, \"high\": 0.001, \"log\": true}}"}
{"op_code": 5, "worker_id": "42c208b2-1ef6-4cd2-b995-cee42eb8203b-140275954739008", "trial_id": 8, "param_name": "random_seed", "param_value_internal": 0, "distribution": "{\"name\": \"CategoricalDistribution\", \"attributes\": {\"choices\": [42]}}"}
{"op_code": 5, "worker_id": "42c208b2-1ef6-4cd2-b995-cee42eb8203b-140275954739008", "trial_id": 8, "param_name": "degree", "param_value_internal": 0, "distribution": "{\"name\": \"CategoricalDistribution\", \"attributes\": {\"choices\": [0]}}"}
{"op_code": 8, "worker_id": "42c208b2-1ef6-4cd2-b995-cee42eb8203b-140275954739008", "trial_id": 8, "user_attr": {"best_epoch": 11}}
{"op_code": 8, "worker_id": "42c208b2-1ef6-4cd2-b995-cee42eb8203b-140275954739008", "trial_id": 8, "user_attr": {"test_loss": 0.446540273166793}}
{"op_code": 6, "worker_id": "42c208b2-1ef6-4cd2-b995-cee42eb8203b-140275954739008", "trial_id": 8, "state": 1, "values": [0.4463848147487243], "datetime_complete": "2024-08-18T20:02:45.392722"}
{"op_code": 4, "worker_id": "42c208b2-1ef6-4cd2-b995-cee42eb8203b-140275954739008", "study_id": 0, "datetime_start": "2024-08-18T20:02:45.405190"}
{"op_code": 5, "worker_id": "42c208b2-1ef6-4cd2-b995-cee42eb8203b-140275954739008", "trial_id": 9, "param_name": "lr", "param_value_internal": 4.059611610484306e-05, "distribution": "{\"name\": \"FloatDistribution\", \"attributes\": {\"step\": null, \"low\": 1e-05, \"high\": 0.001, \"log\": true}}"}
{"op_code": 5, "worker_id": "42c208b2-1ef6-4cd2-b995-cee42eb8203b-140275954739008", "trial_id": 9, "param_name": "l2reg", "param_value_internal": 4.2051564509138674e-06, "distribution": "{\"name\": \"FloatDistribution\", \"attributes\": {\"step\": null, \"low\": 1e-08, \"high\": 0.001, \"log\": true}}"}
{"op_code": 5, "worker_id": "42c208b2-1ef6-4cd2-b995-cee42eb8203b-140275954739008", "trial_id": 9, "param_name": "random_seed", "param_value_internal": 0, "distribution": "{\"name\": \"CategoricalDistribution\", \"attributes\": {\"choices\": [42]}}"}
{"op_code": 5, "worker_id": "42c208b2-1ef6-4cd2-b995-cee42eb8203b-140275954739008", "trial_id": 9, "param_name": "degree", "param_value_internal": 0, "distribution": "{\"name\": \"CategoricalDistribution\", \"attributes\": {\"choices\": [0]}}"}
{"op_code": 8, "worker_id": "42c208b2-1ef6-4cd2-b995-cee42eb8203b-140275954739008", "trial_id": 9, "user_attr": {"best_epoch": 6}}
{"op_code": 8, "worker_id": "42c208b2-1ef6-4cd2-b995-cee42eb8203b-140275954739008", "trial_id": 9, "user_attr": {"test_loss": 0.44617963953943607}}
{"op_code": 6, "worker_id": "42c208b2-1ef6-4cd2-b995-cee42eb8203b-140275954739008", "trial_id": 9, "state": 1, "values": [0.4460375972227252], "datetime_complete": "2024-08-18T20:38:15.573781"}
{"op_code": 4, "worker_id": "42c208b2-1ef6-4cd2-b995-cee42eb8203b-140275954739008", "study_id": 0, "datetime_start": "2024-08-18T20:38:15.587444"}
{"op_code": 5, "worker_id": "42c208b2-1ef6-4cd2-b995-cee42eb8203b-140275954739008", "trial_id": 10, "param_name": "lr", "param_value_internal": 7.309539835912905e-05, "distribution": "{\"name\": \"FloatDistribution\", \"attributes\": {\"step\": null, \"low\": 1e-05, \"high\": 0.001, \"log\": true}}"}
{"op_code": 5, "worker_id": "42c208b2-1ef6-4cd2-b995-cee42eb8203b-140275954739008", "trial_id": 10, "param_name": "l2reg", "param_value_internal": 2.8585493941961875e-07, "distribution": "{\"name\": \"FloatDistribution\", \"attributes\": {\"step\": null, \"low\": 1e-08, \"high\": 0.001, \"log\": true}}"}
{"op_code": 5, "worker_id": "42c208b2-1ef6-4cd2-b995-cee42eb8203b-140275954739008", "trial_id": 10, "param_name": "random_seed", "param_value_internal": 0, "distribution": "{\"name\": \"CategoricalDistribution\", \"attributes\": {\"choices\": [42]}}"}
{"op_code": 5, "worker_id": "42c208b2-1ef6-4cd2-b995-cee42eb8203b-140275954739008", "trial_id": 10, "param_name": "degree", "param_value_internal": 0, "distribution": "{\"name\": \"CategoricalDistribution\", \"attributes\": {\"choices\": [0]}}"}
{"op_code": 8, "worker_id": "42c208b2-1ef6-4cd2-b995-cee42eb8203b-140275954739008", "trial_id": 10, "user_attr": {"best_epoch": 3}}
{"op_code": 8, "worker_id": "42c208b2-1ef6-4cd2-b995-cee42eb8203b-140275954739008", "trial_id": 10, "user_attr": {"test_loss": 0.44575850643068765}}
{"op_code": 6, "worker_id": "42c208b2-1ef6-4cd2-b995-cee42eb8203b-140275954739008", "trial_id": 10, "state": 1, "values": [0.44559726722718845], "datetime_complete": "2024-08-18T21:03:28.365973"}
{"op_code": 4, "worker_id": "42c208b2-1ef6-4cd2-b995-cee42eb8203b-140275954739008", "study_id": 0, "datetime_start": "2024-08-18T21:03:28.375289"}
{"op_code": 5, "worker_id": "42c208b2-1ef6-4cd2-b995-cee42eb8203b-140275954739008", "trial_id": 11, "param_name": "lr", "param_value_internal": 0.00018471184590376964, "distribution": "{\"name\": \"FloatDistribution\", \"attributes\": {\"step\": null, \"low\": 1e-05, \"high\": 0.001, \"log\": true}}"}
{"op_code": 5, "worker_id": "42c208b2-1ef6-4cd2-b995-cee42eb8203b-140275954739008", "trial_id": 11, "param_name": "l2reg", "param_value_internal": 3.8521646942747446e-05, "distribution": "{\"name\": \"FloatDistribution\", \"attributes\": {\"step\": null, \"low\": 1e-08, \"high\": 0.001, \"log\": true}}"}
{"op_code": 5, "worker_id": "42c208b2-1ef6-4cd2-b995-cee42eb8203b-140275954739008", "trial_id": 11, "param_name": "random_seed", "param_value_internal": 0, "distribution": "{\"name\": \"CategoricalDistribution\", \"attributes\": {\"choices\": [42]}}"}
{"op_code": 5, "worker_id": "42c208b2-1ef6-4cd2-b995-cee42eb8203b-140275954739008", "trial_id": 11, "param_name": "degree", "param_value_internal": 0, "distribution": "{\"name\": \"CategoricalDistribution\", \"attributes\": {\"choices\": [0]}}"}
{"op_code": 8, "worker_id": "42c208b2-1ef6-4cd2-b995-cee42eb8203b-140275954739008", "trial_id": 11, "user_attr": {"best_epoch": 1}}
{"op_code": 8, "worker_id": "42c208b2-1ef6-4cd2-b995-cee42eb8203b-140275954739008", "trial_id": 11, "user_attr": {"test_loss": 0.44515841992806376}}
{"op_code": 6, "worker_id": "42c208b2-1ef6-4cd2-b995-cee42eb8203b-140275954739008", "trial_id": 11, "state": 1, "values": [0.4449662766341293], "datetime_complete": "2024-08-18T21:21:48.103383"}
{"op_code": 4, "worker_id": "42c208b2-1ef6-4cd2-b995-cee42eb8203b-140275954739008", "study_id": 0, "datetime_start": "2024-08-18T21:21:48.112615"}
{"op_code": 5, "worker_id": "42c208b2-1ef6-4cd2-b995-cee42eb8203b-140275954739008", "trial_id": 12, "param_name": "lr", "param_value_internal": 0.00015320252245209042, "distribution": "{\"name\": \"FloatDistribution\", \"attributes\": {\"step\": null, \"low\": 1e-05, \"high\": 0.001, \"log\": true}}"}
{"op_code": 5, "worker_id": "42c208b2-1ef6-4cd2-b995-cee42eb8203b-140275954739008", "trial_id": 12, "param_name": "l2reg", "param_value_internal": 4.011123221868182e-05, "distribution": "{\"name\": \"FloatDistribution\", \"attributes\": {\"step\": null, \"low\": 1e-08, \"high\": 0.001, \"log\": true}}"}
{"op_code": 5, "worker_id": "42c208b2-1ef6-4cd2-b995-cee42eb8203b-140275954739008", "trial_id": 12, "param_name": "random_seed", "param_value_internal": 0, "distribution": "{\"name\": \"CategoricalDistribution\", \"attributes\": {\"choices\": [42]}}"}
{"op_code": 5, "worker_id": "42c208b2-1ef6-4cd2-b995-cee42eb8203b-140275954739008", "trial_id": 12, "param_name": "degree", "param_value_internal": 0, "distribution": "{\"name\": \"CategoricalDistribution\", \"attributes\": {\"choices\": [0]}}"}
{"op_code": 8, "worker_id": "42c208b2-1ef6-4cd2-b995-cee42eb8203b-140275954739008", "trial_id": 12, "user_attr": {"best_epoch": 1}}
{"op_code": 8, "worker_id": "42c208b2-1ef6-4cd2-b995-cee42eb8203b-140275954739008", "trial_id": 12, "user_attr": {"test_loss": 0.4453040331630234}}
{"op_code": 6, "worker_id": "42c208b2-1ef6-4cd2-b995-cee42eb8203b-140275954739008", "trial_id": 12, "state": 1, "values": [0.44511810704130966], "datetime_complete": "2024-08-18T21:40:09.900141"}
{"op_code": 4, "worker_id": "42c208b2-1ef6-4cd2-b995-cee42eb8203b-140275954739008", "study_id": 0, "datetime_start": "2024-08-18T21:40:09.910765"}
{"op_code": 5, "worker_id": "42c208b2-1ef6-4cd2-b995-cee42eb8203b-140275954739008", "trial_id": 13, "param_name": "lr", "param_value_internal": 0.00016921668003142025, "distribution": "{\"name\": \"FloatDistribution\", \"attributes\": {\"step\": null, \"low\": 1e-05, \"high\": 0.001, \"log\": true}}"}
{"op_code": 5, "worker_id": "42c208b2-1ef6-4cd2-b995-cee42eb8203b-140275954739008", "trial_id": 13, "param_name": "l2reg", "param_value_internal": 4.634380861758262e-05, "distribution": "{\"name\": \"FloatDistribution\", \"attributes\": {\"step\": null, \"low\": 1e-08, \"high\": 0.001, \"log\": true}}"}
{"op_code": 5, "worker_id": "42c208b2-1ef6-4cd2-b995-cee42eb8203b-140275954739008", "trial_id": 13, "param_name": "random_seed", "param_value_internal": 0, "distribution": "{\"name\": \"CategoricalDistribution\", \"attributes\": {\"choices\": [42]}}"}
{"op_code": 5, "worker_id": "42c208b2-1ef6-4cd2-b995-cee42eb8203b-140275954739008", "trial_id": 13, "param_name": "degree", "param_value_internal": 0, "distribution": "{\"name\": \"CategoricalDistribution\", \"attributes\": {\"choices\": [0]}}"}
{"op_code": 8, "worker_id": "42c208b2-1ef6-4cd2-b995-cee42eb8203b-140275954739008", "trial_id": 13, "user_attr": {"best_epoch": 1}}
{"op_code": 8, "worker_id": "42c208b2-1ef6-4cd2-b995-cee42eb8203b-140275954739008", "trial_id": 13, "user_attr": {"test_loss": 0.44519405063224865}}
{"op_code": 6, "worker_id": "42c208b2-1ef6-4cd2-b995-cee42eb8203b-140275954739008", "trial_id": 13, "state": 1, "values": [0.44500347072094576], "datetime_complete": "2024-08-18T21:58:37.623054"}
{"op_code": 4, "worker_id": "42c208b2-1ef6-4cd2-b995-cee42eb8203b-140275954739008", "study_id": 0, "datetime_start": "2024-08-18T21:58:37.631835"}
{"op_code": 5, "worker_id": "42c208b2-1ef6-4cd2-b995-cee42eb8203b-140275954739008", "trial_id": 14, "param_name": "lr", "param_value_internal": 0.000758935828694729, "distribution": "{\"name\": \"FloatDistribution\", \"attributes\": {\"step\": null, \"low\": 1e-05, \"high\": 0.001, \"log\": true}}"}
{"op_code": 5, "worker_id": "42c208b2-1ef6-4cd2-b995-cee42eb8203b-140275954739008", "trial_id": 14, "param_name": "l2reg", "param_value_internal": 9.167785859319847e-07, "distribution": "{\"name\": \"FloatDistribution\", \"attributes\": {\"step\": null, \"low\": 1e-08, \"high\": 0.001, \"log\": true}}"}
{"op_code": 5, "worker_id": "42c208b2-1ef6-4cd2-b995-cee42eb8203b-140275954739008", "trial_id": 14, "param_name": "random_seed", "param_value_internal": 0, "distribution": "{\"name\": \"CategoricalDistribution\", \"attributes\": {\"choices\": [42]}}"}
{"op_code": 5, "worker_id": "42c208b2-1ef6-4cd2-b995-cee42eb8203b-140275954739008", "trial_id": 14, "param_name": "degree", "param_value_internal": 0, "distribution": "{\"name\": \"CategoricalDistribution\", \"attributes\": {\"choices\": [0]}}"}
{"op_code": 8, "worker_id": "42c208b2-1ef6-4cd2-b995-cee42eb8203b-140275954739008", "trial_id": 14, "user_attr": {"best_epoch": 0}}
{"op_code": 8, "worker_id": "42c208b2-1ef6-4cd2-b995-cee42eb8203b-140275954739008", "trial_id": 14, "user_attr": {"test_loss": 0.4454877857946054}}
{"op_code": 6, "worker_id": "42c208b2-1ef6-4cd2-b995-cee42eb8203b-140275954739008", "trial_id": 14, "state": 1, "values": [0.44541206030808483], "datetime_complete": "2024-08-18T22:13:49.028531"}
{"op_code": 4, "worker_id": "42c208b2-1ef6-4cd2-b995-cee42eb8203b-140275954739008", "study_id": 0, "datetime_start": "2024-08-18T22:13:49.037994"}
{"op_code": 5, "worker_id": "42c208b2-1ef6-4cd2-b995-cee42eb8203b-140275954739008", "trial_id": 15, "param_name": "lr", "param_value_internal": 0.0002506327991878283, "distribution": "{\"name\": \"FloatDistribution\", \"attributes\": {\"step\": null, \"low\": 1e-05, \"high\": 0.001, \"log\": true}}"}
{"op_code": 5, "worker_id": "42c208b2-1ef6-4cd2-b995-cee42eb8203b-140275954739008", "trial_id": 15, "param_name": "l2reg", "param_value_internal": 1.163814228102759e-08, "distribution": "{\"name\": \"FloatDistribution\", \"attributes\": {\"step\": null, \"low\": 1e-08, \"high\": 0.001, \"log\": true}}"}
{"op_code": 5, "worker_id": "42c208b2-1ef6-4cd2-b995-cee42eb8203b-140275954739008", "trial_id": 15, "param_name": "random_seed", "param_value_internal": 0, "distribution": "{\"name\": \"CategoricalDistribution\", \"attributes\": {\"choices\": [42]}}"}
{"op_code": 5, "worker_id": "42c208b2-1ef6-4cd2-b995-cee42eb8203b-140275954739008", "trial_id": 15, "param_name": "degree", "param_value_internal": 0, "distribution": "{\"name\": \"CategoricalDistribution\", \"attributes\": {\"choices\": [0]}}"}
{"op_code": 8, "worker_id": "42c208b2-1ef6-4cd2-b995-cee42eb8203b-140275954739008", "trial_id": 15, "user_attr": {"best_epoch": 1}}
{"op_code": 8, "worker_id": "42c208b2-1ef6-4cd2-b995-cee42eb8203b-140275954739008", "trial_id": 15, "user_attr": {"test_loss": 0.4454127068107873}}
{"op_code": 6, "worker_id": "42c208b2-1ef6-4cd2-b995-cee42eb8203b-140275954739008", "trial_id": 15, "state": 1, "values": [0.4452223813726778], "datetime_complete": "2024-08-18T22:32:15.942478"}
{"op_code": 4, "worker_id": "42c208b2-1ef6-4cd2-b995-cee42eb8203b-140275954739008", "study_id": 0, "datetime_start": "2024-08-18T22:32:15.951374"}
{"op_code": 5, "worker_id": "42c208b2-1ef6-4cd2-b995-cee42eb8203b-140275954739008", "trial_id": 16, "param_name": "lr", "param_value_internal": 0.00011971092838101261, "distribution": "{\"name\": \"FloatDistribution\", \"attributes\": {\"step\": null, \"low\": 1e-05, \"high\": 0.001, \"log\": true}}"}
{"op_code": 5, "worker_id": "42c208b2-1ef6-4cd2-b995-cee42eb8203b-140275954739008", "trial_id": 16, "param_name": "l2reg", "param_value_internal": 7.561219687267911e-05, "distribution": "{\"name\": \"FloatDistribution\", \"attributes\": {\"step\": null, \"low\": 1e-08, \"high\": 0.001, \"log\": true}}"}
{"op_code": 5, "worker_id": "42c208b2-1ef6-4cd2-b995-cee42eb8203b-140275954739008", "trial_id": 16, "param_name": "random_seed", "param_value_internal": 0, "distribution": "{\"name\": \"CategoricalDistribution\", \"attributes\": {\"choices\": [42]}}"}
{"op_code": 5, "worker_id": "42c208b2-1ef6-4cd2-b995-cee42eb8203b-140275954739008", "trial_id": 16, "param_name": "degree", "param_value_internal": 0, "distribution": "{\"name\": \"CategoricalDistribution\", \"attributes\": {\"choices\": [0]}}"}
{"op_code": 8, "worker_id": "42c208b2-1ef6-4cd2-b995-cee42eb8203b-140275954739008", "trial_id": 16, "user_attr": {"best_epoch": 2}}
{"op_code": 8, "worker_id": "42c208b2-1ef6-4cd2-b995-cee42eb8203b-140275954739008", "trial_id": 16, "user_attr": {"test_loss": 0.44548840387824945}}
{"op_code": 6, "worker_id": "42c208b2-1ef6-4cd2-b995-cee42eb8203b-140275954739008", "trial_id": 16, "state": 1, "values": [0.44535137904621125], "datetime_complete": "2024-08-18T22:53:56.929746"}
{"op_code": 4, "worker_id": "42c208b2-1ef6-4cd2-b995-cee42eb8203b-140275954739008", "study_id": 0, "datetime_start": "2024-08-18T22:53:56.938272"}
{"op_code": 5, "worker_id": "42c208b2-1ef6-4cd2-b995-cee42eb8203b-140275954739008", "trial_id": 17, "param_name": "lr", "param_value_internal": 0.0003137097699706723, "distribution": "{\"name\": \"FloatDistribution\", \"attributes\": {\"step\": null, \"low\": 1e-05, \"high\": 0.001, \"log\": true}}"}
{"op_code": 5, "worker_id": "42c208b2-1ef6-4cd2-b995-cee42eb8203b-140275954739008", "trial_id": 17, "param_name": "l2reg", "param_value_internal": 1.0788386058544978e-05, "distribution": "{\"name\": \"FloatDistribution\", \"attributes\": {\"step\": null, \"low\": 1e-08, \"high\": 0.001, \"log\": true}}"}
{"op_code": 5, "worker_id": "42c208b2-1ef6-4cd2-b995-cee42eb8203b-140275954739008", "trial_id": 17, "param_name": "random_seed", "param_value_internal": 0, "distribution": "{\"name\": \"CategoricalDistribution\", \"attributes\": {\"choices\": [42]}}"}
{"op_code": 5, "worker_id": "42c208b2-1ef6-4cd2-b995-cee42eb8203b-140275954739008", "trial_id": 17, "param_name": "degree", "param_value_internal": 0, "distribution": "{\"name\": \"CategoricalDistribution\", \"attributes\": {\"choices\": [0]}}"}
{"op_code": 8, "worker_id": "42c208b2-1ef6-4cd2-b995-cee42eb8203b-140275954739008", "trial_id": 17, "user_attr": {"best_epoch": 1}}
{"op_code": 8, "worker_id": "42c208b2-1ef6-4cd2-b995-cee42eb8203b-140275954739008", "trial_id": 17, "user_attr": {"test_loss": 0.44583122215351395}}
{"op_code": 6, "worker_id": "42c208b2-1ef6-4cd2-b995-cee42eb8203b-140275954739008", "trial_id": 17, "state": 1, "values": [0.44564871359360614], "datetime_complete": "2024-08-18T23:12:04.313723"}
{"op_code": 4, "worker_id": "42c208b2-1ef6-4cd2-b995-cee42eb8203b-140275954739008", "study_id": 0, "datetime_start": "2024-08-18T23:12:04.325147"}
{"op_code": 5, "worker_id": "42c208b2-1ef6-4cd2-b995-cee42eb8203b-140275954739008", "trial_id": 18, "param_name": "lr", "param_value_internal": 0.0009279057714208281, "distribution": "{\"name\": \"FloatDistribution\", \"attributes\": {\"step\": null, \"low\": 1e-05, \"high\": 0.001, \"log\": true}}"}
{"op_code": 5, "worker_id": "42c208b2-1ef6-4cd2-b995-cee42eb8203b-140275954739008", "trial_id": 18, "param_name": "l2reg", "param_value_internal": 0.00012808944435729837, "distribution": "{\"name\": \"FloatDistribution\", \"attributes\": {\"step\": null, \"low\": 1e-08, \"high\": 0.001, \"log\": true}}"}
{"op_code": 5, "worker_id": "42c208b2-1ef6-4cd2-b995-cee42eb8203b-140275954739008", "trial_id": 18, "param_name": "random_seed", "param_value_internal": 0, "distribution": "{\"name\": \"CategoricalDistribution\", \"attributes\": {\"choices\": [42]}}"}
{"op_code": 5, "worker_id": "42c208b2-1ef6-4cd2-b995-cee42eb8203b-140275954739008", "trial_id": 18, "param_name": "degree", "param_value_internal": 0, "distribution": "{\"name\": \"CategoricalDistribution\", \"attributes\": {\"choices\": [0]}}"}
{"op_code": 8, "worker_id": "42c208b2-1ef6-4cd2-b995-cee42eb8203b-140275954739008", "trial_id": 18, "user_attr": {"best_epoch": 0}}
{"op_code": 8, "worker_id": "42c208b2-1ef6-4cd2-b995-cee42eb8203b-140275954739008", "trial_id": 18, "user_attr": {"test_loss": 0.44550945508000767}}
{"op_code": 6, "worker_id": "42c208b2-1ef6-4cd2-b995-cee42eb8203b-140275954739008", "trial_id": 18, "state": 1, "values": [0.4454512540769882], "datetime_complete": "2024-08-18T23:27:08.901221"}
{"op_code": 4, "worker_id": "42c208b2-1ef6-4cd2-b995-cee42eb8203b-140275954739008", "study_id": 0, "datetime_start": "2024-08-18T23:27:08.911875"}
{"op_code": 5, "worker_id": "42c208b2-1ef6-4cd2-b995-cee42eb8203b-140275954739008", "trial_id": 19, "param_name": "lr", "param_value_internal": 0.0005047375759196421, "distribution": "{\"name\": \"FloatDistribution\", \"attributes\": {\"step\": null, \"low\": 1e-05, \"high\": 0.001, \"log\": true}}"}
{"op_code": 5, "worker_id": "42c208b2-1ef6-4cd2-b995-cee42eb8203b-140275954739008", "trial_id": 19, "param_name": "l2reg", "param_value_internal": 2.1181449462294946e-06, "distribution": "{\"name\": \"FloatDistribution\", \"attributes\": {\"step\": null, \"low\": 1e-08, \"high\": 0.001, \"log\": true}}"}
{"op_code": 5, "worker_id": "42c208b2-1ef6-4cd2-b995-cee42eb8203b-140275954739008", "trial_id": 19, "param_name": "random_seed", "param_value_internal": 0, "distribution": "{\"name\": \"CategoricalDistribution\", \"attributes\": {\"choices\": [42]}}"}
{"op_code": 5, "worker_id": "42c208b2-1ef6-4cd2-b995-cee42eb8203b-140275954739008", "trial_id": 19, "param_name": "degree", "param_value_internal": 0, "distribution": "{\"name\": \"CategoricalDistribution\", \"attributes\": {\"choices\": [0]}}"}
{"op_code": 8, "worker_id": "42c208b2-1ef6-4cd2-b995-cee42eb8203b-140275954739008", "trial_id": 19, "user_attr": {"best_epoch": 0}}
{"op_code": 8, "worker_id": "42c208b2-1ef6-4cd2-b995-cee42eb8203b-140275954739008", "trial_id": 19, "user_attr": {"test_loss": 0.44553603267670067}}
{"op_code": 6, "worker_id": "42c208b2-1ef6-4cd2-b995-cee42eb8203b-140275954739008", "trial_id": 19, "state": 1, "values": [0.4454196591000151], "datetime_complete": "2024-08-18T23:42:12.989061"}
{"op_code": 4, "worker_id": "42c208b2-1ef6-4cd2-b995-cee42eb8203b-140275954739008", "study_id": 0, "datetime_start": "2024-08-18T23:42:13.001401"}
{"op_code": 5, "worker_id": "42c208b2-1ef6-4cd2-b995-cee42eb8203b-140275954739008", "trial_id": 20, "param_name": "lr", "param_value_internal": 8.653118455000341e-05, "distribution": "{\"name\": \"FloatDistribution\", \"attributes\": {\"step\": null, \"low\": 1e-05, \"high\": 0.001, \"log\": true}}"}
{"op_code": 5, "worker_id": "42c208b2-1ef6-4cd2-b995-cee42eb8203b-140275954739008", "trial_id": 20, "param_name": "l2reg", "param_value_internal": 1.695439134883415e-05, "distribution": "{\"name\": \"FloatDistribution\", \"attributes\": {\"step\": null, \"low\": 1e-08, \"high\": 0.001, \"log\": true}}"}
{"op_code": 5, "worker_id": "42c208b2-1ef6-4cd2-b995-cee42eb8203b-140275954739008", "trial_id": 20, "param_name": "random_seed", "param_value_internal": 0, "distribution": "{\"name\": \"CategoricalDistribution\", \"attributes\": {\"choices\": [42]}}"}
{"op_code": 5, "worker_id": "42c208b2-1ef6-4cd2-b995-cee42eb8203b-140275954739008", "trial_id": 20, "param_name": "degree", "param_value_internal": 0, "distribution": "{\"name\": \"CategoricalDistribution\", \"attributes\": {\"choices\": [0]}}"}
{"op_code": 8, "worker_id": "42c208b2-1ef6-4cd2-b995-cee42eb8203b-140275954739008", "trial_id": 20, "user_attr": {"best_epoch": 3}}
{"op_code": 8, "worker_id": "42c208b2-1ef6-4cd2-b995-cee42eb8203b-140275954739008", "trial_id": 20, "user_attr": {"test_loss": 0.445733455864174}}
{"op_code": 6, "worker_id": "42c208b2-1ef6-4cd2-b995-cee42eb8203b-140275954739008", "trial_id": 20, "state": 1, "values": [0.4455634544209917], "datetime_complete": "2024-08-19T00:07:15.073352"}
{"op_code": 4, "worker_id": "42c208b2-1ef6-4cd2-b995-cee42eb8203b-140275954739008", "study_id": 0, "datetime_start": "2024-08-19T00:07:15.084367"}
{"op_code": 5, "worker_id": "42c208b2-1ef6-4cd2-b995-cee42eb8203b-140275954739008", "trial_id": 21, "param_name": "lr", "param_value_internal": 0.00019950364153925506, "distribution": "{\"name\": \"FloatDistribution\", \"attributes\": {\"step\": null, \"low\": 1e-05, \"high\": 0.001, \"log\": true}}"}
{"op_code": 5, "worker_id": "42c208b2-1ef6-4cd2-b995-cee42eb8203b-140275954739008", "trial_id": 21, "param_name": "l2reg", "param_value_internal": 0.0002494279464885976, "distribution": "{\"name\": \"FloatDistribution\", \"attributes\": {\"step\": null, \"low\": 1e-08, \"high\": 0.001, \"log\": true}}"}
{"op_code": 5, "worker_id": "42c208b2-1ef6-4cd2-b995-cee42eb8203b-140275954739008", "trial_id": 21, "param_name": "random_seed", "param_value_internal": 0, "distribution": "{\"name\": \"CategoricalDistribution\", \"attributes\": {\"choices\": [42]}}"}
{"op_code": 5, "worker_id": "42c208b2-1ef6-4cd2-b995-cee42eb8203b-140275954739008", "trial_id": 21, "param_name": "degree", "param_value_internal": 0, "distribution": "{\"name\": \"CategoricalDistribution\", \"attributes\": {\"choices\": [0]}}"}
{"op_code": 8, "worker_id": "42c208b2-1ef6-4cd2-b995-cee42eb8203b-140275954739008", "trial_id": 21, "user_attr": {"best_epoch": 1}}
{"op_code": 8, "worker_id": "42c208b2-1ef6-4cd2-b995-cee42eb8203b-140275954739008", "trial_id": 21, "user_attr": {"test_loss": 0.44515852900164804}}
{"op_code": 6, "worker_id": "42c208b2-1ef6-4cd2-b995-cee42eb8203b-140275954739008", "trial_id": 21, "state": 1, "values": [0.44496598577128027], "datetime_complete": "2024-08-19T00:25:30.322508"}
{"op_code": 4, "worker_id": "42c208b2-1ef6-4cd2-b995-cee42eb8203b-140275954739008", "study_id": 0, "datetime_start": "2024-08-19T00:25:30.331120"}
{"op_code": 5, "worker_id": "42c208b2-1ef6-4cd2-b995-cee42eb8203b-140275954739008", "trial_id": 22, "param_name": "lr", "param_value_internal": 0.00020957470381061463, "distribution": "{\"name\": \"FloatDistribution\", \"attributes\": {\"step\": null, \"low\": 1e-05, \"high\": 0.001, \"log\": true}}"}
{"op_code": 5, "worker_id": "42c208b2-1ef6-4cd2-b995-cee42eb8203b-140275954739008", "trial_id": 22, "param_name": "l2reg", "param_value_internal": 0.00024280414026731873, "distribution": "{\"name\": \"FloatDistribution\", \"attributes\": {\"step\": null, \"low\": 1e-08, \"high\": 0.001, \"log\": true}}"}
{"op_code": 5, "worker_id": "42c208b2-1ef6-4cd2-b995-cee42eb8203b-140275954739008", "trial_id": 22, "param_name": "random_seed", "param_value_internal": 0, "distribution": "{\"name\": \"CategoricalDistribution\", \"attributes\": {\"choices\": [42]}}"}
{"op_code": 5, "worker_id": "42c208b2-1ef6-4cd2-b995-cee42eb8203b-140275954739008", "trial_id": 22, "param_name": "degree", "param_value_internal": 0, "distribution": "{\"name\": \"CategoricalDistribution\", \"attributes\": {\"choices\": [0]}}"}
{"op_code": 8, "worker_id": "42c208b2-1ef6-4cd2-b995-cee42eb8203b-140275954739008", "trial_id": 22, "user_attr": {"best_epoch": 1}}
{"op_code": 8, "worker_id": "42c208b2-1ef6-4cd2-b995-cee42eb8203b-140275954739008", "trial_id": 22, "user_attr": {"test_loss": 0.44518590647129214}}
{"op_code": 6, "worker_id": "42c208b2-1ef6-4cd2-b995-cee42eb8203b-140275954739008", "trial_id": 22, "state": 1, "values": [0.4449932541633745], "datetime_complete": "2024-08-19T00:43:51.941056"}
{"op_code": 4, "worker_id": "42c208b2-1ef6-4cd2-b995-cee42eb8203b-140275954739008", "study_id": 0, "datetime_start": "2024-08-19T00:43:51.949921"}
{"op_code": 5, "worker_id": "42c208b2-1ef6-4cd2-b995-cee42eb8203b-140275954739008", "trial_id": 23, "param_name": "lr", "param_value_internal": 0.0002387358522223511, "distribution": "{\"name\": \"FloatDistribution\", \"attributes\": {\"step\": null, \"low\": 1e-05, \"high\": 0.001, \"log\": true}}"}
{"op_code": 5, "worker_id": "42c208b2-1ef6-4cd2-b995-cee42eb8203b-140275954739008", "trial_id": 23, "param_name": "l2reg", "param_value_internal": 0.00026809177048658017, "distribution": "{\"name\": \"FloatDistribution\", \"attributes\": {\"step\": null, \"low\": 1e-08, \"high\": 0.001, \"log\": true}}"}
{"op_code": 5, "worker_id": "42c208b2-1ef6-4cd2-b995-cee42eb8203b-140275954739008", "trial_id": 23, "param_name": "random_seed", "param_value_internal": 0, "distribution": "{\"name\": \"CategoricalDistribution\", \"attributes\": {\"choices\": [42]}}"}
{"op_code": 5, "worker_id": "42c208b2-1ef6-4cd2-b995-cee42eb8203b-140275954739008", "trial_id": 23, "param_name": "degree", "param_value_internal": 0, "distribution": "{\"name\": \"CategoricalDistribution\", \"attributes\": {\"choices\": [0]}}"}
{"op_code": 8, "worker_id": "42c208b2-1ef6-4cd2-b995-cee42eb8203b-140275954739008", "trial_id": 23, "user_attr": {"best_epoch": 1}}
{"op_code": 8, "worker_id": "42c208b2-1ef6-4cd2-b995-cee42eb8203b-140275954739008", "trial_id": 23, "user_attr": {"test_loss": 0.4453227211037898}}
{"op_code": 6, "worker_id": "42c208b2-1ef6-4cd2-b995-cee42eb8203b-140275954739008", "trial_id": 23, "state": 1, "values": [0.44513137765879546], "datetime_complete": "2024-08-19T01:02:24.149842"}
{"op_code": 4, "worker_id": "42c208b2-1ef6-4cd2-b995-cee42eb8203b-140275954739008", "study_id": 0, "datetime_start": "2024-08-19T01:02:24.159305"}
{"op_code": 5, "worker_id": "42c208b2-1ef6-4cd2-b995-cee42eb8203b-140275954739008", "trial_id": 24, "param_name": "lr", "param_value_internal": 0.0004073859762101027, "distribution": "{\"name\": \"FloatDistribution\", \"attributes\": {\"step\": null, \"low\": 1e-05, \"high\": 0.001, \"log\": true}}"}
{"op_code": 5, "worker_id": "42c208b2-1ef6-4cd2-b995-cee42eb8203b-140275954739008", "trial_id": 24, "param_name": "l2reg", "param_value_internal": 0.0009551743658898723, "distribution": "{\"name\": \"FloatDistribution\", \"attributes\": {\"step\": null, \"low\": 1e-08, \"high\": 0.001, \"log\": true}}"}
{"op_code": 5, "worker_id": "42c208b2-1ef6-4cd2-b995-cee42eb8203b-140275954739008", "trial_id": 24, "param_name": "random_seed", "param_value_internal": 0, "distribution": "{\"name\": \"CategoricalDistribution\", \"attributes\": {\"choices\": [42]}}"}
{"op_code": 5, "worker_id": "42c208b2-1ef6-4cd2-b995-cee42eb8203b-140275954739008", "trial_id": 24, "param_name": "degree", "param_value_internal": 0, "distribution": "{\"name\": \"CategoricalDistribution\", \"attributes\": {\"choices\": [0]}}"}
{"op_code": 8, "worker_id": "42c208b2-1ef6-4cd2-b995-cee42eb8203b-140275954739008", "trial_id": 24, "user_attr": {"best_epoch": 0}}
{"op_code": 8, "worker_id": "42c208b2-1ef6-4cd2-b995-cee42eb8203b-140275954739008", "trial_id": 24, "user_attr": {"test_loss": 0.44558246166572524}}
{"op_code": 6, "worker_id": "42c208b2-1ef6-4cd2-b995-cee42eb8203b-140275954739008", "trial_id": 24, "state": 1, "values": [0.4454506723512902], "datetime_complete": "2024-08-19T01:17:26.597196"}
{"op_code": 4, "worker_id": "42c208b2-1ef6-4cd2-b995-cee42eb8203b-140275954739008", "study_id": 0, "datetime_start": "2024-08-19T01:17:26.608102"}
{"op_code": 5, "worker_id": "42c208b2-1ef6-4cd2-b995-cee42eb8203b-140275954739008", "trial_id": 25, "param_name": "lr", "param_value_internal": 0.000111591481744725, "distribution": "{\"name\": \"FloatDistribution\", \"attributes\": {\"step\": null, \"low\": 1e-05, \"high\": 0.001, \"log\": true}}"}
{"op_code": 5, "worker_id": "42c208b2-1ef6-4cd2-b995-cee42eb8203b-140275954739008", "trial_id": 25, "param_name": "l2reg", "param_value_internal": 0.00020061385537592733, "distribution": "{\"name\": \"FloatDistribution\", \"attributes\": {\"step\": null, \"low\": 1e-08, \"high\": 0.001, \"log\": true}}"}
{"op_code": 5, "worker_id": "42c208b2-1ef6-4cd2-b995-cee42eb8203b-140275954739008", "trial_id": 25, "param_name": "random_seed", "param_value_internal": 0, "distribution": "{\"name\": \"CategoricalDistribution\", \"attributes\": {\"choices\": [42]}}"}
{"op_code": 5, "worker_id": "42c208b2-1ef6-4cd2-b995-cee42eb8203b-140275954739008", "trial_id": 25, "param_name": "degree", "param_value_internal": 0, "distribution": "{\"name\": \"CategoricalDistribution\", \"attributes\": {\"choices\": [0]}}"}
{"op_code": 8, "worker_id": "42c208b2-1ef6-4cd2-b995-cee42eb8203b-140275954739008", "trial_id": 25, "user_attr": {"best_epoch": 2}}
{"op_code": 8, "worker_id": "42c208b2-1ef6-4cd2-b995-cee42eb8203b-140275954739008", "trial_id": 25, "user_attr": {"test_loss": 0.4454638259639342}}
{"op_code": 6, "worker_id": "42c208b2-1ef6-4cd2-b995-cee42eb8203b-140275954739008", "trial_id": 25, "state": 1, "values": [0.4453280736604348], "datetime_complete": "2024-08-19T01:39:39.374337"}
{"op_code": 4, "worker_id": "42c208b2-1ef6-4cd2-b995-cee42eb8203b-140275954739008", "study_id": 0, "datetime_start": "2024-08-19T01:39:39.383477"}
{"op_code": 5, "worker_id": "42c208b2-1ef6-4cd2-b995-cee42eb8203b-140275954739008", "trial_id": 26, "param_name": "lr", "param_value_internal": 0.00019645836711178132, "distribution": "{\"name\": \"FloatDistribution\", \"attributes\": {\"step\": null, \"low\": 1e-05, \"high\": 0.001, \"log\": true}}"}
{"op_code": 5, "worker_id": "42c208b2-1ef6-4cd2-b995-cee42eb8203b-140275954739008", "trial_id": 26, "param_name": "l2reg", "param_value_internal": 0.00010313316434028185, "distribution": "{\"name\": \"FloatDistribution\", \"attributes\": {\"step\": null, \"low\": 1e-08, \"high\": 0.001, \"log\": true}}"}
{"op_code": 5, "worker_id": "42c208b2-1ef6-4cd2-b995-cee42eb8203b-140275954739008", "trial_id": 26, "param_name": "random_seed", "param_value_internal": 0, "distribution": "{\"name\": \"CategoricalDistribution\", \"attributes\": {\"choices\": [42]}}"}
{"op_code": 5, "worker_id": "42c208b2-1ef6-4cd2-b995-cee42eb8203b-140275954739008", "trial_id": 26, "param_name": "degree", "param_value_internal": 0, "distribution": "{\"name\": \"CategoricalDistribution\", \"attributes\": {\"choices\": [0]}}"}
{"op_code": 8, "worker_id": "42c208b2-1ef6-4cd2-b995-cee42eb8203b-140275954739008", "trial_id": 26, "user_attr": {"best_epoch": 1}}
{"op_code": 8, "worker_id": "42c208b2-1ef6-4cd2-b995-cee42eb8203b-140275954739008", "trial_id": 26, "user_attr": {"test_loss": 0.4451660187210991}}
{"op_code": 6, "worker_id": "42c208b2-1ef6-4cd2-b995-cee42eb8203b-140275954739008", "trial_id": 26, "state": 1, "values": [0.44497329370036154], "datetime_complete": "2024-08-19T01:58:29.962834"}
{"op_code": 4, "worker_id": "42c208b2-1ef6-4cd2-b995-cee42eb8203b-140275954739008", "study_id": 0, "datetime_start": "2024-08-19T01:58:29.972475"}
{"op_code": 5, "worker_id": "42c208b2-1ef6-4cd2-b995-cee42eb8203b-140275954739008", "trial_id": 27, "param_name": "lr", "param_value_internal": 5.797419451931536e-05, "distribution": "{\"name\": \"FloatDistribution\", \"attributes\": {\"step\": null, \"low\": 1e-05, \"high\": 0.001, \"log\": true}}"}
{"op_code": 5, "worker_id": "42c208b2-1ef6-4cd2-b995-cee42eb8203b-140275954739008", "trial_id": 27, "param_name": "l2reg", "param_value_internal": 8.546624888645673e-05, "distribution": "{\"name\": \"FloatDistribution\", \"attributes\": {\"step\": null, \"low\": 1e-08, \"high\": 0.001, \"log\": true}}"}
{"op_code": 5, "worker_id": "42c208b2-1ef6-4cd2-b995-cee42eb8203b-140275954739008", "trial_id": 27, "param_name": "random_seed", "param_value_internal": 0, "distribution": "{\"name\": \"CategoricalDistribution\", \"attributes\": {\"choices\": [42]}}"}
{"op_code": 5, "worker_id": "42c208b2-1ef6-4cd2-b995-cee42eb8203b-140275954739008", "trial_id": 27, "param_name": "degree", "param_value_internal": 0, "distribution": "{\"name\": \"CategoricalDistribution\", \"attributes\": {\"choices\": [0]}}"}
{"op_code": 8, "worker_id": "42c208b2-1ef6-4cd2-b995-cee42eb8203b-140275954739008", "trial_id": 27, "user_attr": {"best_epoch": 4}}
{"op_code": 8, "worker_id": "42c208b2-1ef6-4cd2-b995-cee42eb8203b-140275954739008", "trial_id": 27, "user_attr": {"test_loss": 0.44597123627781593}}
{"op_code": 6, "worker_id": "42c208b2-1ef6-4cd2-b995-cee42eb8203b-140275954739008", "trial_id": 27, "state": 1, "values": [0.4458311936735003], "datetime_complete": "2024-08-19T02:27:09.236104"}
{"op_code": 4, "worker_id": "42c208b2-1ef6-4cd2-b995-cee42eb8203b-140275954739008", "study_id": 0, "datetime_start": "2024-08-19T02:27:09.245295"}
{"op_code": 5, "worker_id": "42c208b2-1ef6-4cd2-b995-cee42eb8203b-140275954739008", "trial_id": 28, "param_name": "lr", "param_value_internal": 0.0006223220087963262, "distribution": "{\"name\": \"FloatDistribution\", \"attributes\": {\"step\": null, \"low\": 1e-05, \"high\": 0.001, \"log\": true}}"}
{"op_code": 5, "worker_id": "42c208b2-1ef6-4cd2-b995-cee42eb8203b-140275954739008", "trial_id": 28, "param_name": "l2reg", "param_value_internal": 1.6725088571097363e-05, "distribution": "{\"name\": \"FloatDistribution\", \"attributes\": {\"step\": null, \"low\": 1e-08, \"high\": 0.001, \"log\": true}}"}
{"op_code": 5, "worker_id": "42c208b2-1ef6-4cd2-b995-cee42eb8203b-140275954739008", "trial_id": 28, "param_name": "random_seed", "param_value_internal": 0, "distribution": "{\"name\": \"CategoricalDistribution\", \"attributes\": {\"choices\": [42]}}"}
{"op_code": 5, "worker_id": "42c208b2-1ef6-4cd2-b995-cee42eb8203b-140275954739008", "trial_id": 28, "param_name": "degree", "param_value_internal": 0, "distribution": "{\"name\": \"CategoricalDistribution\", \"attributes\": {\"choices\": [0]}}"}
{"op_code": 8, "worker_id": "42c208b2-1ef6-4cd2-b995-cee42eb8203b-140275954739008", "trial_id": 28, "user_attr": {"best_epoch": 0}}
{"op_code": 8, "worker_id": "42c208b2-1ef6-4cd2-b995-cee42eb8203b-140275954739008", "trial_id": 28, "user_attr": {"test_loss": 0.44549971117314896}}
{"op_code": 6, "worker_id": "42c208b2-1ef6-4cd2-b995-cee42eb8203b-140275954739008", "trial_id": 28, "state": 1, "values": [0.4453971172292172], "datetime_complete": "2024-08-19T02:42:15.675742"}
{"op_code": 4, "worker_id": "42c208b2-1ef6-4cd2-b995-cee42eb8203b-140275954739008", "study_id": 0, "datetime_start": "2024-08-19T02:42:15.695286"}
{"op_code": 5, "worker_id": "42c208b2-1ef6-4cd2-b995-cee42eb8203b-140275954739008", "trial_id": 29, "param_name": "lr", "param_value_internal": 0.00037280375435423587, "distribution": "{\"name\": \"FloatDistribution\", \"attributes\": {\"step\": null, \"low\": 1e-05, \"high\": 0.001, \"log\": true}}"}
{"op_code": 5, "worker_id": "42c208b2-1ef6-4cd2-b995-cee42eb8203b-140275954739008", "trial_id": 29, "param_name": "l2reg", "param_value_internal": 6.582436150775454e-06, "distribution": "{\"name\": \"FloatDistribution\", \"attributes\": {\"step\": null, \"low\": 1e-08, \"high\": 0.001, \"log\": true}}"}
{"op_code": 5, "worker_id": "42c208b2-1ef6-4cd2-b995-cee42eb8203b-140275954739008", "trial_id": 29, "param_name": "random_seed", "param_value_internal": 0, "distribution": "{\"name\": \"CategoricalDistribution\", \"attributes\": {\"choices\": [42]}}"}
{"op_code": 5, "worker_id": "42c208b2-1ef6-4cd2-b995-cee42eb8203b-140275954739008", "trial_id": 29, "param_name": "degree", "param_value_internal": 0, "distribution": "{\"name\": \"CategoricalDistribution\", \"attributes\": {\"choices\": [0]}}"}
{"op_code": 8, "worker_id": "42c208b2-1ef6-4cd2-b995-cee42eb8203b-140275954739008", "trial_id": 29, "user_attr": {"best_epoch": 0}}
{"op_code": 8, "worker_id": "42c208b2-1ef6-4cd2-b995-cee42eb8203b-140275954739008", "trial_id": 29, "user_attr": {"test_loss": 0.4456490329099727}}
{"op_code": 6, "worker_id": "42c208b2-1ef6-4cd2-b995-cee42eb8203b-140275954739008", "trial_id": 29, "state": 1, "values": [0.4455101538039116], "datetime_complete": "2024-08-19T02:57:34.091503"}
{"op_code": 4, "worker_id": "42c208b2-1ef6-4cd2-b995-cee42eb8203b-140275954739008", "study_id": 0, "datetime_start": "2024-08-19T02:57:34.102213"}
{"op_code": 5, "worker_id": "42c208b2-1ef6-4cd2-b995-cee42eb8203b-140275954739008", "trial_id": 30, "param_name": "lr", "param_value_internal": 4.0622242895107814e-05, "distribution": "{\"name\": \"FloatDistribution\", \"attributes\": {\"step\": null, \"low\": 1e-05, \"high\": 0.001, \"log\": true}}"}
{"op_code": 5, "worker_id": "42c208b2-1ef6-4cd2-b995-cee42eb8203b-140275954739008", "trial_id": 30, "param_name": "l2reg", "param_value_internal": 0.0003391144269480922, "distribution": "{\"name\": \"FloatDistribution\", \"attributes\": {\"step\": null, \"low\": 1e-08, \"high\": 0.001, \"log\": true}}"}
{"op_code": 5, "worker_id": "42c208b2-1ef6-4cd2-b995-cee42eb8203b-140275954739008", "trial_id": 30, "param_name": "random_seed", "param_value_internal": 0, "distribution": "{\"name\": \"CategoricalDistribution\", \"attributes\": {\"choices\": [42]}}"}
{"op_code": 5, "worker_id": "42c208b2-1ef6-4cd2-b995-cee42eb8203b-140275954739008", "trial_id": 30, "param_name": "degree", "param_value_internal": 0, "distribution": "{\"name\": \"CategoricalDistribution\", \"attributes\": {\"choices\": [0]}}"}
{"op_code": 8, "worker_id": "42c208b2-1ef6-4cd2-b995-cee42eb8203b-140275954739008", "trial_id": 30, "user_attr": {"best_epoch": 6}}
{"op_code": 8, "worker_id": "42c208b2-1ef6-4cd2-b995-cee42eb8203b-140275954739008", "trial_id": 30, "user_attr": {"test_loss": 0.4461791668872377}}
{"op_code": 6, "worker_id": "42c208b2-1ef6-4cd2-b995-cee42eb8203b-140275954739008", "trial_id": 30, "state": 1, "values": [0.44603687006560266], "datetime_complete": "2024-08-19T03:33:21.245175"}
{"op_code": 4, "worker_id": "42c208b2-1ef6-4cd2-b995-cee42eb8203b-140275954739008", "study_id": 0, "datetime_start": "2024-08-19T03:33:21.254483"}
{"op_code": 5, "worker_id": "42c208b2-1ef6-4cd2-b995-cee42eb8203b-140275954739008", "trial_id": 31, "param_name": "lr", "param_value_internal": 0.0001365689654094815, "distribution": "{\"name\": \"FloatDistribution\", \"attributes\": {\"step\": null, \"low\": 1e-05, \"high\": 0.001, \"log\": true}}"}
{"op_code": 5, "worker_id": "42c208b2-1ef6-4cd2-b995-cee42eb8203b-140275954739008", "trial_id": 31, "param_name": "l2reg", "param_value_internal": 2.112033518966169e-06, "distribution": "{\"name\": \"FloatDistribution\", \"attributes\": {\"step\": null, \"low\": 1e-08, \"high\": 0.001, \"log\": true}}"}
{"op_code": 5, "worker_id": "42c208b2-1ef6-4cd2-b995-cee42eb8203b-140275954739008", "trial_id": 31, "param_name": "random_seed", "param_value_internal": 0, "distribution": "{\"name\": \"CategoricalDistribution\", \"attributes\": {\"choices\": [42]}}"}
{"op_code": 5, "worker_id": "42c208b2-1ef6-4cd2-b995-cee42eb8203b-140275954739008", "trial_id": 31, "param_name": "degree", "param_value_internal": 0, "distribution": "{\"name\": \"CategoricalDistribution\", \"attributes\": {\"choices\": [0]}}"}
{"op_code": 8, "worker_id": "42c208b2-1ef6-4cd2-b995-cee42eb8203b-140275954739008", "trial_id": 31, "user_attr": {"best_epoch": 1}}
{"op_code": 8, "worker_id": "42c208b2-1ef6-4cd2-b995-cee42eb8203b-140275954739008", "trial_id": 31, "user_attr": {"test_loss": 0.4455299245559833}}
{"op_code": 6, "worker_id": "42c208b2-1ef6-4cd2-b995-cee42eb8203b-140275954739008", "trial_id": 31, "state": 1, "values": [0.44535017923695913], "datetime_complete": "2024-08-19T03:51:52.738393"}
{"op_code": 4, "worker_id": "42c208b2-1ef6-4cd2-b995-cee42eb8203b-140275954739008", "study_id": 0, "datetime_start": "2024-08-19T03:51:52.747511"}
{"op_code": 5, "worker_id": "42c208b2-1ef6-4cd2-b995-cee42eb8203b-140275954739008", "trial_id": 32, "param_name": "lr", "param_value_internal": 0.00021371298888960414, "distribution": "{\"name\": \"FloatDistribution\", \"attributes\": {\"step\": null, \"low\": 1e-05, \"high\": 0.001, \"log\": true}}"}
{"op_code": 5, "worker_id": "42c208b2-1ef6-4cd2-b995-cee42eb8203b-140275954739008", "trial_id": 32, "param_name": "l2reg", "param_value_internal": 0.0004154317474854171, "distribution": "{\"name\": \"FloatDistribution\", \"attributes\": {\"step\": null, \"low\": 1e-08, \"high\": 0.001, \"log\": true}}"}
{"op_code": 5, "worker_id": "42c208b2-1ef6-4cd2-b995-cee42eb8203b-140275954739008", "trial_id": 32, "param_name": "random_seed", "param_value_internal": 0, "distribution": "{\"name\": \"CategoricalDistribution\", \"attributes\": {\"choices\": [42]}}"}
{"op_code": 5, "worker_id": "42c208b2-1ef6-4cd2-b995-cee42eb8203b-140275954739008", "trial_id": 32, "param_name": "degree", "param_value_internal": 0, "distribution": "{\"name\": \"CategoricalDistribution\", \"attributes\": {\"choices\": [0]}}"}
{"op_code": 8, "worker_id": "42c208b2-1ef6-4cd2-b995-cee42eb8203b-140275954739008", "trial_id": 32, "user_attr": {"best_epoch": 1}}
{"op_code": 8, "worker_id": "42c208b2-1ef6-4cd2-b995-cee42eb8203b-140275954739008", "trial_id": 32, "user_attr": {"test_loss": 0.4452010676995014}}
{"op_code": 6, "worker_id": "42c208b2-1ef6-4cd2-b995-cee42eb8203b-140275954739008", "trial_id": 32, "state": 1, "values": [0.44500826995795434], "datetime_complete": "2024-08-19T04:10:19.364027"}
{"op_code": 4, "worker_id": "42c208b2-1ef6-4cd2-b995-cee42eb8203b-140275954739008", "study_id": 0, "datetime_start": "2024-08-19T04:10:19.379535"}
{"op_code": 5, "worker_id": "42c208b2-1ef6-4cd2-b995-cee42eb8203b-140275954739008", "trial_id": 33, "param_name": "lr", "param_value_internal": 0.00020879683856203437, "distribution": "{\"name\": \"FloatDistribution\", \"attributes\": {\"step\": null, \"low\": 1e-05, \"high\": 0.001, \"log\": true}}"}
{"op_code": 5, "worker_id": "42c208b2-1ef6-4cd2-b995-cee42eb8203b-140275954739008", "trial_id": 33, "param_name": "l2reg", "param_value_internal": 0.0001489384268408153, "distribution": "{\"name\": \"FloatDistribution\", \"attributes\": {\"step\": null, \"low\": 1e-08, \"high\": 0.001, \"log\": true}}"}
{"op_code": 5, "worker_id": "42c208b2-1ef6-4cd2-b995-cee42eb8203b-140275954739008", "trial_id": 33, "param_name": "random_seed", "param_value_internal": 0, "distribution": "{\"name\": \"CategoricalDistribution\", \"attributes\": {\"choices\": [42]}}"}
{"op_code": 5, "worker_id": "42c208b2-1ef6-4cd2-b995-cee42eb8203b-140275954739008", "trial_id": 33, "param_name": "degree", "param_value_internal": 0, "distribution": "{\"name\": \"CategoricalDistribution\", \"attributes\": {\"choices\": [0]}}"}
{"op_code": 8, "worker_id": "42c208b2-1ef6-4cd2-b995-cee42eb8203b-140275954739008", "trial_id": 33, "user_attr": {"best_epoch": 1}}
{"op_code": 8, "worker_id": "42c208b2-1ef6-4cd2-b995-cee42eb8203b-140275954739008", "trial_id": 33, "user_attr": {"test_loss": 0.44518350685243885}}
{"op_code": 6, "worker_id": "42c208b2-1ef6-4cd2-b995-cee42eb8203b-140275954739008", "trial_id": 33, "state": 1, "values": [0.4449907454713018], "datetime_complete": "2024-08-19T04:28:56.472115"}
{"op_code": 4, "worker_id": "42c208b2-1ef6-4cd2-b995-cee42eb8203b-140275954739008", "study_id": 0, "datetime_start": "2024-08-19T04:28:56.486975"}
{"op_code": 5, "worker_id": "42c208b2-1ef6-4cd2-b995-cee42eb8203b-140275954739008", "trial_id": 34, "param_name": "lr", "param_value_internal": 0.0002830124051682891, "distribution": "{\"name\": \"FloatDistribution\", \"attributes\": {\"step\": null, \"low\": 1e-05, \"high\": 0.001, \"log\": true}}"}
{"op_code": 5, "worker_id": "42c208b2-1ef6-4cd2-b995-cee42eb8203b-140275954739008", "trial_id": 34, "param_name": "l2reg", "param_value_internal": 0.00010534932947382238, "distribution": "{\"name\": \"FloatDistribution\", \"attributes\": {\"step\": null, \"low\": 1e-08, \"high\": 0.001, \"log\": true}}"}
{"op_code": 5, "worker_id": "42c208b2-1ef6-4cd2-b995-cee42eb8203b-140275954739008", "trial_id": 34, "param_name": "random_seed", "param_value_internal": 0, "distribution": "{\"name\": \"CategoricalDistribution\", \"attributes\": {\"choices\": [42]}}"}
{"op_code": 5, "worker_id": "42c208b2-1ef6-4cd2-b995-cee42eb8203b-140275954739008", "trial_id": 34, "param_name": "degree", "param_value_internal": 0, "distribution": "{\"name\": \"CategoricalDistribution\", \"attributes\": {\"choices\": [0]}}"}
{"op_code": 8, "worker_id": "42c208b2-1ef6-4cd2-b995-cee42eb8203b-140275954739008", "trial_id": 34, "user_attr": {"best_epoch": 1}}
{"op_code": 8, "worker_id": "42c208b2-1ef6-4cd2-b995-cee42eb8203b-140275954739008", "trial_id": 34, "user_attr": {"test_loss": 0.44560820303160575}}
{"op_code": 6, "worker_id": "42c208b2-1ef6-4cd2-b995-cee42eb8203b-140275954739008", "trial_id": 34, "state": 1, "values": [0.4454218405713826], "datetime_complete": "2024-08-19T04:47:37.696712"}
{"op_code": 4, "worker_id": "42c208b2-1ef6-4cd2-b995-cee42eb8203b-140275954739008", "study_id": 0, "datetime_start": "2024-08-19T04:47:37.707567"}
{"op_code": 5, "worker_id": "42c208b2-1ef6-4cd2-b995-cee42eb8203b-140275954739008", "trial_id": 35, "param_name": "lr", "param_value_internal": 0.00018306378066323015, "distribution": "{\"name\": \"FloatDistribution\", \"attributes\": {\"step\": null, \"low\": 1e-05, \"high\": 0.001, \"log\": true}}"}
{"op_code": 5, "worker_id": "42c208b2-1ef6-4cd2-b995-cee42eb8203b-140275954739008", "trial_id": 35, "param_name": "l2reg", "param_value_internal": 1.9129032248868407e-05, "distribution": "{\"name\": \"FloatDistribution\", \"attributes\": {\"step\": null, \"low\": 1e-08, \"high\": 0.001, \"log\": true}}"}
{"op_code": 5, "worker_id": "42c208b2-1ef6-4cd2-b995-cee42eb8203b-140275954739008", "trial_id": 35, "param_name": "random_seed", "param_value_internal": 0, "distribution": "{\"name\": \"CategoricalDistribution\", \"attributes\": {\"choices\": [42]}}"}
{"op_code": 5, "worker_id": "42c208b2-1ef6-4cd2-b995-cee42eb8203b-140275954739008", "trial_id": 35, "param_name": "degree", "param_value_internal": 0, "distribution": "{\"name\": \"CategoricalDistribution\", \"attributes\": {\"choices\": [0]}}"}
{"op_code": 8, "worker_id": "42c208b2-1ef6-4cd2-b995-cee42eb8203b-140275954739008", "trial_id": 35, "user_attr": {"best_epoch": 1}}
{"op_code": 8, "worker_id": "42c208b2-1ef6-4cd2-b995-cee42eb8203b-140275954739008", "trial_id": 35, "user_attr": {"test_loss": 0.4451598378846589}}
{"op_code": 6, "worker_id": "42c208b2-1ef6-4cd2-b995-cee42eb8203b-140275954739008", "trial_id": 35, "state": 1, "values": [0.44496733101195696], "datetime_complete": "2024-08-19T05:06:02.342526"}
{"op_code": 4, "worker_id": "42c208b2-1ef6-4cd2-b995-cee42eb8203b-140275954739008", "study_id": 0, "datetime_start": "2024-08-19T05:06:02.351640"}
{"op_code": 5, "worker_id": "42c208b2-1ef6-4cd2-b995-cee42eb8203b-140275954739008", "trial_id": 36, "param_name": "lr", "param_value_internal": 0.00010053174985998983, "distribution": "{\"name\": \"FloatDistribution\", \"attributes\": {\"step\": null, \"low\": 1e-05, \"high\": 0.001, \"log\": true}}"}
{"op_code": 5, "worker_id": "42c208b2-1ef6-4cd2-b995-cee42eb8203b-140275954739008", "trial_id": 36, "param_name": "l2reg", "param_value_internal": 2.711879075035043e-05, "distribution": "{\"name\": \"FloatDistribution\", \"attributes\": {\"step\": null, \"low\": 1e-08, \"high\": 0.001, \"log\": true}}"}
{"op_code": 5, "worker_id": "42c208b2-1ef6-4cd2-b995-cee42eb8203b-140275954739008", "trial_id": 36, "param_name": "random_seed", "param_value_internal": 0, "distribution": "{\"name\": \"CategoricalDistribution\", \"attributes\": {\"choices\": [42]}}"}
{"op_code": 5, "worker_id": "42c208b2-1ef6-4cd2-b995-cee42eb8203b-140275954739008", "trial_id": 36, "param_name": "degree", "param_value_internal": 0, "distribution": "{\"name\": \"CategoricalDistribution\", \"attributes\": {\"choices\": [0]}}"}
{"op_code": 8, "worker_id": "42c208b2-1ef6-4cd2-b995-cee42eb8203b-140275954739008", "trial_id": 36, "user_attr": {"best_epoch": 2}}
{"op_code": 8, "worker_id": "42c208b2-1ef6-4cd2-b995-cee42eb8203b-140275954739008", "trial_id": 36, "user_attr": {"test_loss": 0.44552472538180116}}
{"op_code": 6, "worker_id": "42c208b2-1ef6-4cd2-b995-cee42eb8203b-140275954739008", "trial_id": 36, "state": 1, "values": [0.44539202712935966], "datetime_complete": "2024-08-19T05:29:03.721547"}
{"op_code": 4, "worker_id": "42c208b2-1ef6-4cd2-b995-cee42eb8203b-140275954739008", "study_id": 0, "datetime_start": "2024-08-19T05:29:03.732768"}
{"op_code": 5, "worker_id": "42c208b2-1ef6-4cd2-b995-cee42eb8203b-140275954739008", "trial_id": 37, "param_name": "lr", "param_value_internal": 0.0003321784132470582, "distribution": "{\"name\": \"FloatDistribution\", \"attributes\": {\"step\": null, \"low\": 1e-05, \"high\": 0.001, \"log\": true}}"}
{"op_code": 5, "worker_id": "42c208b2-1ef6-4cd2-b995-cee42eb8203b-140275954739008", "trial_id": 37, "param_name": "l2reg", "param_value_internal": 6.22483065533219e-05, "distribution": "{\"name\": \"FloatDistribution\", \"attributes\": {\"step\": null, \"low\": 1e-08, \"high\": 0.001, \"log\": true}}"}
{"op_code": 5, "worker_id": "42c208b2-1ef6-4cd2-b995-cee42eb8203b-140275954739008", "trial_id": 37, "param_name": "random_seed", "param_value_internal": 0, "distribution": "{\"name\": \"CategoricalDistribution\", \"attributes\": {\"choices\": [42]}}"}
{"op_code": 5, "worker_id": "42c208b2-1ef6-4cd2-b995-cee42eb8203b-140275954739008", "trial_id": 37, "param_name": "degree", "param_value_internal": 0, "distribution": "{\"name\": \"CategoricalDistribution\", \"attributes\": {\"choices\": [0]}}"}
{"op_code": 8, "worker_id": "42c208b2-1ef6-4cd2-b995-cee42eb8203b-140275954739008", "trial_id": 37, "user_attr": {"best_epoch": 0}}
{"op_code": 8, "worker_id": "42c208b2-1ef6-4cd2-b995-cee42eb8203b-140275954739008", "trial_id": 37, "user_attr": {"test_loss": 0.4457442541490137}}
{"op_code": 6, "worker_id": "42c208b2-1ef6-4cd2-b995-cee42eb8203b-140275954739008", "trial_id": 37, "state": 1, "values": [0.44559853975215286], "datetime_complete": "2024-08-19T05:44:11.636998"}
{"op_code": 4, "worker_id": "42c208b2-1ef6-4cd2-b995-cee42eb8203b-140275954739008", "study_id": 0, "datetime_start": "2024-08-19T05:44:11.652195"}
{"op_code": 5, "worker_id": "42c208b2-1ef6-4cd2-b995-cee42eb8203b-140275954739008", "trial_id": 38, "param_name": "lr", "param_value_internal": 0.00017291980321061412, "distribution": "{\"name\": \"FloatDistribution\", \"attributes\": {\"step\": null, \"low\": 1e-05, \"high\": 0.001, \"log\": true}}"}
{"op_code": 5, "worker_id": "42c208b2-1ef6-4cd2-b995-cee42eb8203b-140275954739008", "trial_id": 38, "param_name": "l2reg", "param_value_internal": 2.0217072369648617e-05, "distribution": "{\"name\": \"FloatDistribution\", \"attributes\": {\"step\": null, \"low\": 1e-08, \"high\": 0.001, \"log\": true}}"}
{"op_code": 5, "worker_id": "42c208b2-1ef6-4cd2-b995-cee42eb8203b-140275954739008", "trial_id": 38, "param_name": "random_seed", "param_value_internal": 0, "distribution": "{\"name\": \"CategoricalDistribution\", \"attributes\": {\"choices\": [42]}}"}
{"op_code": 5, "worker_id": "42c208b2-1ef6-4cd2-b995-cee42eb8203b-140275954739008", "trial_id": 38, "param_name": "degree", "param_value_internal": 0, "distribution": "{\"name\": \"CategoricalDistribution\", \"attributes\": {\"choices\": [0]}}"}
{"op_code": 8, "worker_id": "42c208b2-1ef6-4cd2-b995-cee42eb8203b-140275954739008", "trial_id": 38, "user_attr": {"best_epoch": 1}}
{"op_code": 8, "worker_id": "42c208b2-1ef6-4cd2-b995-cee42eb8203b-140275954739008", "trial_id": 38, "user_attr": {"test_loss": 0.44517994378202036}}
{"op_code": 6, "worker_id": "42c208b2-1ef6-4cd2-b995-cee42eb8203b-140275954739008", "trial_id": 38, "state": 1, "values": [0.44498823677922916], "datetime_complete": "2024-08-19T06:02:32.735910"}
{"op_code": 4, "worker_id": "42c208b2-1ef6-4cd2-b995-cee42eb8203b-140275954739008", "study_id": 0, "datetime_start": "2024-08-19T06:02:32.751947"}
{"op_code": 5, "worker_id": "42c208b2-1ef6-4cd2-b995-cee42eb8203b-140275954739008", "trial_id": 39, "param_name": "lr", "param_value_internal": 0.00012984021076127547, "distribution": "{\"name\": \"FloatDistribution\", \"attributes\": {\"step\": null, \"low\": 1e-05, \"high\": 0.001, \"log\": true}}"}
{"op_code": 5, "worker_id": "42c208b2-1ef6-4cd2-b995-cee42eb8203b-140275954739008", "trial_id": 39, "param_name": "l2reg", "param_value_internal": 0.00057531775118589, "distribution": "{\"name\": \"FloatDistribution\", \"attributes\": {\"step\": null, \"low\": 1e-08, \"high\": 0.001, \"log\": true}}"}
{"op_code": 5, "worker_id": "42c208b2-1ef6-4cd2-b995-cee42eb8203b-140275954739008", "trial_id": 39, "param_name": "random_seed", "param_value_internal": 0, "distribution": "{\"name\": \"CategoricalDistribution\", \"attributes\": {\"choices\": [42]}}"}
{"op_code": 5, "worker_id": "42c208b2-1ef6-4cd2-b995-cee42eb8203b-140275954739008", "trial_id": 39, "param_name": "degree", "param_value_internal": 0, "distribution": "{\"name\": \"CategoricalDistribution\", \"attributes\": {\"choices\": [0]}}"}
{"op_code": 8, "worker_id": "42c208b2-1ef6-4cd2-b995-cee42eb8203b-140275954739008", "trial_id": 39, "user_attr": {"best_epoch": 2}}
{"op_code": 8, "worker_id": "42c208b2-1ef6-4cd2-b995-cee42eb8203b-140275954739008", "trial_id": 39, "user_attr": {"test_loss": 0.4455516665571083}}
{"op_code": 6, "worker_id": "42c208b2-1ef6-4cd2-b995-cee42eb8203b-140275954739008", "trial_id": 39, "state": 1, "values": [0.4454135873380421], "datetime_complete": "2024-08-19T06:24:50.416074"}
{"op_code": 4, "worker_id": "42c208b2-1ef6-4cd2-b995-cee42eb8203b-140275954739008", "study_id": 0, "datetime_start": "2024-08-19T06:24:50.427108"}
{"op_code": 5, "worker_id": "42c208b2-1ef6-4cd2-b995-cee42eb8203b-140275954739008", "trial_id": 40, "param_name": "lr", "param_value_internal": 9.029245888295042e-05, "distribution": "{\"name\": \"FloatDistribution\", \"attributes\": {\"step\": null, \"low\": 1e-05, \"high\": 0.001, \"log\": true}}"}
{"op_code": 5, "worker_id": "42c208b2-1ef6-4cd2-b995-cee42eb8203b-140275954739008", "trial_id": 40, "param_name": "l2reg", "param_value_internal": 8.249974491960027e-06, "distribution": "{\"name\": \"FloatDistribution\", \"attributes\": {\"step\": null, \"low\": 1e-08, \"high\": 0.001, \"log\": true}}"}
{"op_code": 5, "worker_id": "42c208b2-1ef6-4cd2-b995-cee42eb8203b-140275954739008", "trial_id": 40, "param_name": "random_seed", "param_value_internal": 0, "distribution": "{\"name\": \"CategoricalDistribution\", \"attributes\": {\"choices\": [42]}}"}
{"op_code": 5, "worker_id": "42c208b2-1ef6-4cd2-b995-cee42eb8203b-140275954739008", "trial_id": 40, "param_name": "degree", "param_value_internal": 0, "distribution": "{\"name\": \"CategoricalDistribution\", \"attributes\": {\"choices\": [0]}}"}
{"op_code": 8, "worker_id": "42c208b2-1ef6-4cd2-b995-cee42eb8203b-140275954739008", "trial_id": 40, "user_attr": {"best_epoch": 2}}
{"op_code": 8, "worker_id": "42c208b2-1ef6-4cd2-b995-cee42eb8203b-140275954739008", "trial_id": 40, "user_attr": {"test_loss": 0.44571004140142395}}
{"op_code": 6, "worker_id": "42c208b2-1ef6-4cd2-b995-cee42eb8203b-140275954739008", "trial_id": 40, "state": 1, "values": [0.4455783974998593], "datetime_complete": "2024-08-19T06:46:37.060130"}
{"op_code": 4, "worker_id": "42c208b2-1ef6-4cd2-b995-cee42eb8203b-140275954739008", "study_id": 0, "datetime_start": "2024-08-19T06:46:37.069429"}
{"op_code": 5, "worker_id": "42c208b2-1ef6-4cd2-b995-cee42eb8203b-140275954739008", "trial_id": 41, "param_name": "lr", "param_value_internal": 0.00046889708352213747, "distribution": "{\"name\": \"FloatDistribution\", \"attributes\": {\"step\": null, \"low\": 1e-05, \"high\": 0.001, \"log\": true}}"}
{"op_code": 5, "worker_id": "42c208b2-1ef6-4cd2-b995-cee42eb8203b-140275954739008", "trial_id": 41, "param_name": "l2reg", "param_value_internal": 3.399265347628099e-05, "distribution": "{\"name\": \"FloatDistribution\", \"attributes\": {\"step\": null, \"low\": 1e-08, \"high\": 0.001, \"log\": true}}"}
{"op_code": 5, "worker_id": "42c208b2-1ef6-4cd2-b995-cee42eb8203b-140275954739008", "trial_id": 41, "param_name": "random_seed", "param_value_internal": 0, "distribution": "{\"name\": \"CategoricalDistribution\", \"attributes\": {\"choices\": [42]}}"}
{"op_code": 5, "worker_id": "42c208b2-1ef6-4cd2-b995-cee42eb8203b-140275954739008", "trial_id": 41, "param_name": "degree", "param_value_internal": 0, "distribution": "{\"name\": \"CategoricalDistribution\", \"attributes\": {\"choices\": [0]}}"}
{"op_code": 8, "worker_id": "42c208b2-1ef6-4cd2-b995-cee42eb8203b-140275954739008", "trial_id": 41, "user_attr": {"best_epoch": 0}}
{"op_code": 8, "worker_id": "42c208b2-1ef6-4cd2-b995-cee42eb8203b-140275954739008", "trial_id": 41, "user_attr": {"test_loss": 0.44555373895520883}}
{"op_code": 6, "worker_id": "42c208b2-1ef6-4cd2-b995-cee42eb8203b-140275954739008", "trial_id": 41, "state": 1, "values": [0.44543169355039264], "datetime_complete": "2024-08-19T07:01:29.096517"}
{"op_code": 4, "worker_id": "42c208b2-1ef6-4cd2-b995-cee42eb8203b-140275954739008", "study_id": 0, "datetime_start": "2024-08-19T07:01:29.105332"}
{"op_code": 5, "worker_id": "42c208b2-1ef6-4cd2-b995-cee42eb8203b-140275954739008", "trial_id": 42, "param_name": "lr", "param_value_internal": 0.00017755155567719807, "distribution": "{\"name\": \"FloatDistribution\", \"attributes\": {\"step\": null, \"low\": 1e-05, \"high\": 0.001, \"log\": true}}"}
{"op_code": 5, "worker_id": "42c208b2-1ef6-4cd2-b995-cee42eb8203b-140275954739008", "trial_id": 42, "param_name": "l2reg", "param_value_internal": 1.9476819943779555e-05, "distribution": "{\"name\": \"FloatDistribution\", \"attributes\": {\"step\": null, \"low\": 1e-08, \"high\": 0.001, \"log\": true}}"}
{"op_code": 5, "worker_id": "42c208b2-1ef6-4cd2-b995-cee42eb8203b-140275954739008", "trial_id": 42, "param_name": "random_seed", "param_value_internal": 0, "distribution": "{\"name\": \"CategoricalDistribution\", \"attributes\": {\"choices\": [42]}}"}
{"op_code": 5, "worker_id": "42c208b2-1ef6-4cd2-b995-cee42eb8203b-140275954739008", "trial_id": 42, "param_name": "degree", "param_value_internal": 0, "distribution": "{\"name\": \"CategoricalDistribution\", \"attributes\": {\"choices\": [0]}}"}
{"op_code": 8, "worker_id": "42c208b2-1ef6-4cd2-b995-cee42eb8203b-140275954739008", "trial_id": 42, "user_attr": {"best_epoch": 1}}
{"op_code": 8, "worker_id": "42c208b2-1ef6-4cd2-b995-cee42eb8203b-140275954739008", "trial_id": 42, "user_attr": {"test_loss": 0.4451679820456154}}
{"op_code": 6, "worker_id": "42c208b2-1ef6-4cd2-b995-cee42eb8203b-140275954739008", "trial_id": 42, "state": 1, "values": [0.44497602053957097], "datetime_complete": "2024-08-19T07:19:36.609630"}
{"op_code": 4, "worker_id": "42c208b2-1ef6-4cd2-b995-cee42eb8203b-140275954739008", "study_id": 0, "datetime_start": "2024-08-19T07:19:36.618667"}
{"op_code": 5, "worker_id": "42c208b2-1ef6-4cd2-b995-cee42eb8203b-140275954739008", "trial_id": 43, "param_name": "lr", "param_value_internal": 0.00020515209798272702, "distribution": "{\"name\": \"FloatDistribution\", \"attributes\": {\"step\": null, \"low\": 1e-05, \"high\": 0.001, \"log\": true}}"}
{"op_code": 5, "worker_id": "42c208b2-1ef6-4cd2-b995-cee42eb8203b-140275954739008", "trial_id": 43, "param_name": "l2reg", "param_value_internal": 1.221345974047724e-05, "distribution": "{\"name\": \"FloatDistribution\", \"attributes\": {\"step\": null, \"low\": 1e-08, \"high\": 0.001, \"log\": true}}"}
{"op_code": 5, "worker_id": "42c208b2-1ef6-4cd2-b995-cee42eb8203b-140275954739008", "trial_id": 43, "param_name": "random_seed", "param_value_internal": 0, "distribution": "{\"name\": \"CategoricalDistribution\", \"attributes\": {\"choices\": [42]}}"}
{"op_code": 5, "worker_id": "42c208b2-1ef6-4cd2-b995-cee42eb8203b-140275954739008", "trial_id": 43, "param_name": "degree", "param_value_internal": 0, "distribution": "{\"name\": \"CategoricalDistribution\", \"attributes\": {\"choices\": [0]}}"}
{"op_code": 8, "worker_id": "42c208b2-1ef6-4cd2-b995-cee42eb8203b-140275954739008", "trial_id": 43, "user_attr": {"best_epoch": 1}}
{"op_code": 8, "worker_id": "42c208b2-1ef6-4cd2-b995-cee42eb8203b-140275954739008", "trial_id": 43, "user_attr": {"test_loss": 0.44518627004990624}}
{"op_code": 6, "worker_id": "42c208b2-1ef6-4cd2-b995-cee42eb8203b-140275954739008", "trial_id": 43, "state": 1, "values": [0.44499310873194997], "datetime_complete": "2024-08-19T07:39:05.506577"}
{"op_code": 4, "worker_id": "42c208b2-1ef6-4cd2-b995-cee42eb8203b-140275954739008", "study_id": 0, "datetime_start": "2024-08-19T07:39:05.516176"}
{"op_code": 5, "worker_id": "42c208b2-1ef6-4cd2-b995-cee42eb8203b-140275954739008", "trial_id": 44, "param_name": "lr", "param_value_internal": 0.00016599390928568206, "distribution": "{\"name\": \"FloatDistribution\", \"attributes\": {\"step\": null, \"low\": 1e-05, \"high\": 0.001, \"log\": true}}"}
{"op_code": 5, "worker_id": "42c208b2-1ef6-4cd2-b995-cee42eb8203b-140275954739008", "trial_id": 44, "param_name": "l2reg", "param_value_internal": 3.447139196461583e-06, "distribution": "{\"name\": \"FloatDistribution\", \"attributes\": {\"step\": null, \"low\": 1e-08, \"high\": 0.001, \"log\": true}}"}
{"op_code": 5, "worker_id": "42c208b2-1ef6-4cd2-b995-cee42eb8203b-140275954739008", "trial_id": 44, "param_name": "random_seed", "param_value_internal": 0, "distribution": "{\"name\": \"CategoricalDistribution\", \"attributes\": {\"choices\": [42]}}"}
{"op_code": 5, "worker_id": "42c208b2-1ef6-4cd2-b995-cee42eb8203b-140275954739008", "trial_id": 44, "param_name": "degree", "param_value_internal": 0, "distribution": "{\"name\": \"CategoricalDistribution\", \"attributes\": {\"choices\": [0]}}"}
{"op_code": 8, "worker_id": "42c208b2-1ef6-4cd2-b995-cee42eb8203b-140275954739008", "trial_id": 44, "user_attr": {"best_epoch": 1}}
{"op_code": 8, "worker_id": "42c208b2-1ef6-4cd2-b995-cee42eb8203b-140275954739008", "trial_id": 44, "user_attr": {"test_loss": 0.4452094300076264}}
{"op_code": 6, "worker_id": "42c208b2-1ef6-4cd2-b995-cee42eb8203b-140275954739008", "trial_id": 44, "state": 1, "values": [0.4450196499669216], "datetime_complete": "2024-08-19T07:58:15.590164"}
{"op_code": 4, "worker_id": "42c208b2-1ef6-4cd2-b995-cee42eb8203b-140275954739008", "study_id": 0, "datetime_start": "2024-08-19T07:58:15.600273"}
{"op_code": 5, "worker_id": "42c208b2-1ef6-4cd2-b995-cee42eb8203b-140275954739008", "trial_id": 45, "param_name": "lr", "param_value_internal": 7.059241548645606e-05, "distribution": "{\"name\": \"FloatDistribution\", \"attributes\": {\"step\": null, \"low\": 1e-05, \"high\": 0.001, \"log\": true}}"}
{"op_code": 5, "worker_id": "42c208b2-1ef6-4cd2-b995-cee42eb8203b-140275954739008", "trial_id": 45, "param_name": "l2reg", "param_value_internal": 5.0420471882527934e-05, "distribution": "{\"name\": \"FloatDistribution\", \"attributes\": {\"step\": null, \"low\": 1e-08, \"high\": 0.001, \"log\": true}}"}
{"op_code": 5, "worker_id": "42c208b2-1ef6-4cd2-b995-cee42eb8203b-140275954739008", "trial_id": 45, "param_name": "random_seed", "param_value_internal": 0, "distribution": "{\"name\": \"CategoricalDistribution\", \"attributes\": {\"choices\": [42]}}"}
{"op_code": 5, "worker_id": "42c208b2-1ef6-4cd2-b995-cee42eb8203b-140275954739008", "trial_id": 45, "param_name": "degree", "param_value_internal": 0, "distribution": "{\"name\": \"CategoricalDistribution\", \"attributes\": {\"choices\": [0]}}"}
{"op_code": 8, "worker_id": "42c208b2-1ef6-4cd2-b995-cee42eb8203b-140275954739008", "trial_id": 45, "user_attr": {"best_epoch": 3}}
{"op_code": 8, "worker_id": "42c208b2-1ef6-4cd2-b995-cee42eb8203b-140275954739008", "trial_id": 45, "user_attr": {"test_loss": 0.4458078440486253}}
{"op_code": 6, "worker_id": "42c208b2-1ef6-4cd2-b995-cee42eb8203b-140275954739008", "trial_id": 45, "state": 1, "values": [0.445648386372901], "datetime_complete": "2024-08-19T08:25:05.915424"}
{"op_code": 4, "worker_id": "42c208b2-1ef6-4cd2-b995-cee42eb8203b-140275954739008", "study_id": 0, "datetime_start": "2024-08-19T08:25:05.929250"}
{"op_code": 5, "worker_id": "42c208b2-1ef6-4cd2-b995-cee42eb8203b-140275954739008", "trial_id": 46, "param_name": "lr", "param_value_internal": 0.0003019212319541388, "distribution": "{\"name\": \"FloatDistribution\", \"attributes\": {\"step\": null, \"low\": 1e-05, \"high\": 0.001, \"log\": true}}"}
{"op_code": 5, "worker_id": "42c208b2-1ef6-4cd2-b995-cee42eb8203b-140275954739008", "trial_id": 46, "param_name": "l2reg", "param_value_internal": 2.9033206008231607e-05, "distribution": "{\"name\": \"FloatDistribution\", \"attributes\": {\"step\": null, \"low\": 1e-08, \"high\": 0.001, \"log\": true}}"}
{"op_code": 5, "worker_id": "42c208b2-1ef6-4cd2-b995-cee42eb8203b-140275954739008", "trial_id": 46, "param_name": "random_seed", "param_value_internal": 0, "distribution": "{\"name\": \"CategoricalDistribution\", \"attributes\": {\"choices\": [42]}}"}
{"op_code": 5, "worker_id": "42c208b2-1ef6-4cd2-b995-cee42eb8203b-140275954739008", "trial_id": 46, "param_name": "degree", "param_value_internal": 0, "distribution": "{\"name\": \"CategoricalDistribution\", \"attributes\": {\"choices\": [0]}}"}
{"op_code": 8, "worker_id": "42c208b2-1ef6-4cd2-b995-cee42eb8203b-140275954739008", "trial_id": 46, "user_attr": {"best_epoch": 1}}
{"op_code": 8, "worker_id": "42c208b2-1ef6-4cd2-b995-cee42eb8203b-140275954739008", "trial_id": 46, "user_attr": {"test_loss": 0.44575519786529905}}
{"op_code": 6, "worker_id": "42c208b2-1ef6-4cd2-b995-cee42eb8203b-140275954739008", "trial_id": 46, "state": 1, "values": [0.4455704351293678], "datetime_complete": "2024-08-19T08:44:43.149881"}
{"op_code": 4, "worker_id": "42c208b2-1ef6-4cd2-b995-cee42eb8203b-140275954739008", "study_id": 0, "datetime_start": "2024-08-19T08:44:43.161215"}
{"op_code": 5, "worker_id": "42c208b2-1ef6-4cd2-b995-cee42eb8203b-140275954739008", "trial_id": 47, "param_name": "lr", "param_value_internal": 0.00014287592863512495, "distribution": "{\"name\": \"FloatDistribution\", \"attributes\": {\"step\": null, \"low\": 1e-05, \"high\": 0.001, \"log\": true}}"}
{"op_code": 5, "worker_id": "42c208b2-1ef6-4cd2-b995-cee42eb8203b-140275954739008", "trial_id": 47, "param_name": "l2reg", "param_value_internal": 5.881749541013601e-06, "distribution": "{\"name\": \"FloatDistribution\", \"attributes\": {\"step\": null, \"low\": 1e-08, \"high\": 0.001, \"log\": true}}"}
{"op_code": 5, "worker_id": "42c208b2-1ef6-4cd2-b995-cee42eb8203b-140275954739008", "trial_id": 47, "param_name": "random_seed", "param_value_internal": 0, "distribution": "{\"name\": \"CategoricalDistribution\", \"attributes\": {\"choices\": [42]}}"}
{"op_code": 5, "worker_id": "42c208b2-1ef6-4cd2-b995-cee42eb8203b-140275954739008", "trial_id": 47, "param_name": "degree", "param_value_internal": 0, "distribution": "{\"name\": \"CategoricalDistribution\", \"attributes\": {\"choices\": [0]}}"}
{"op_code": 8, "worker_id": "42c208b2-1ef6-4cd2-b995-cee42eb8203b-140275954739008", "trial_id": 47, "user_attr": {"best_epoch": 1}}
{"op_code": 8, "worker_id": "42c208b2-1ef6-4cd2-b995-cee42eb8203b-140275954739008", "trial_id": 47, "user_attr": {"test_loss": 0.445428522480502}}
{"op_code": 6, "worker_id": "42c208b2-1ef6-4cd2-b995-cee42eb8203b-140275954739008", "trial_id": 47, "state": 1, "values": [0.44524601397915936], "datetime_complete": "2024-08-19T09:04:28.225561"}
{"op_code": 4, "worker_id": "42c208b2-1ef6-4cd2-b995-cee42eb8203b-140275954739008", "study_id": 0, "datetime_start": "2024-08-19T09:04:28.234573"}
{"op_code": 5, "worker_id": "42c208b2-1ef6-4cd2-b995-cee42eb8203b-140275954739008", "trial_id": 48, "param_name": "lr", "param_value_internal": 0.00025643082640086466, "distribution": "{\"name\": \"FloatDistribution\", \"attributes\": {\"step\": null, \"low\": 1e-05, \"high\": 0.001, \"log\": true}}"}
{"op_code": 5, "worker_id": "42c208b2-1ef6-4cd2-b995-cee42eb8203b-140275954739008", "trial_id": 48, "param_name": "l2reg", "param_value_internal": 6.074630250833396e-07, "distribution": "{\"name\": \"FloatDistribution\", \"attributes\": {\"step\": null, \"low\": 1e-08, \"high\": 0.001, \"log\": true}}"}
{"op_code": 5, "worker_id": "42c208b2-1ef6-4cd2-b995-cee42eb8203b-140275954739008", "trial_id": 48, "param_name": "random_seed", "param_value_internal": 0, "distribution": "{\"name\": \"CategoricalDistribution\", \"attributes\": {\"choices\": [42]}}"}
{"op_code": 5, "worker_id": "42c208b2-1ef6-4cd2-b995-cee42eb8203b-140275954739008", "trial_id": 48, "param_name": "degree", "param_value_internal": 0, "distribution": "{\"name\": \"CategoricalDistribution\", \"attributes\": {\"choices\": [0]}}"}
{"op_code": 8, "worker_id": "42c208b2-1ef6-4cd2-b995-cee42eb8203b-140275954739008", "trial_id": 48, "user_attr": {"best_epoch": 1}}
{"op_code": 8, "worker_id": "42c208b2-1ef6-4cd2-b995-cee42eb8203b-140275954739008", "trial_id": 48, "user_attr": {"test_loss": 0.44545022812376567}}
{"op_code": 6, "worker_id": "42c208b2-1ef6-4cd2-b995-cee42eb8203b-140275954739008", "trial_id": 48, "state": 1, "values": [0.4452599753959116], "datetime_complete": "2024-08-19T09:23:51.688018"}
{"op_code": 4, "worker_id": "42c208b2-1ef6-4cd2-b995-cee42eb8203b-140275954739008", "study_id": 0, "datetime_start": "2024-08-19T09:23:51.696905"}
{"op_code": 5, "worker_id": "42c208b2-1ef6-4cd2-b995-cee42eb8203b-140275954739008", "trial_id": 49, "param_name": "lr", "param_value_internal": 1.722693994422323e-05, "distribution": "{\"name\": \"FloatDistribution\", \"attributes\": {\"step\": null, \"low\": 1e-05, \"high\": 0.001, \"log\": true}}"}
{"op_code": 5, "worker_id": "42c208b2-1ef6-4cd2-b995-cee42eb8203b-140275954739008", "trial_id": 49, "param_name": "l2reg", "param_value_internal": 0.00015189795157672856, "distribution": "{\"name\": \"FloatDistribution\", \"attributes\": {\"step\": null, \"low\": 1e-08, \"high\": 0.001, \"log\": true}}"}
{"op_code": 5, "worker_id": "42c208b2-1ef6-4cd2-b995-cee42eb8203b-140275954739008", "trial_id": 49, "param_name": "random_seed", "param_value_internal": 0, "distribution": "{\"name\": \"CategoricalDistribution\", \"attributes\": {\"choices\": [42]}}"}
{"op_code": 5, "worker_id": "42c208b2-1ef6-4cd2-b995-cee42eb8203b-140275954739008", "trial_id": 49, "param_name": "degree", "param_value_internal": 0, "distribution": "{\"name\": \"CategoricalDistribution\", \"attributes\": {\"choices\": [0]}}"}
{"op_code": 6, "worker_id": "42c208b2-1ef6-4cd2-b995-cee42eb8203b-140275954739008", "trial_id": 49, "state": 3, "values": null, "datetime_complete": "2024-08-19T10:19:19.680535"}
