{"op_code": 0, "worker_id": "f8bbe29c-1164-47f2-8609-f753656205a6-140447914489664", "study_name": "criteo_splines_3_20", "directions": [1]}
{"op_code": 4, "worker_id": "f8bbe29c-1164-47f2-8609-f753656205a6-140447914489664", "study_id": 0, "datetime_start": "2024-08-20T09:23:01.667768"}
{"op_code": 5, "worker_id": "f8bbe29c-1164-47f2-8609-f753656205a6-140447914489664", "trial_id": 0, "param_name": "lr", "param_value_internal": 5.6115164153345e-05, "distribution": "{\"name\": \"FloatDistribution\", \"attributes\": {\"step\": null, \"low\": 1e-05, \"high\": 0.001, \"log\": true}}"}
{"op_code": 5, "worker_id": "f8bbe29c-1164-47f2-8609-f753656205a6-140447914489664", "trial_id": 0, "param_name": "l2reg", "param_value_internal": 0.0005669849511478851, "distribution": "{\"name\": \"FloatDistribution\", \"attributes\": {\"step\": null, \"low\": 1e-08, \"high\": 0.001, \"log\": true}}"}
{"op_code": 5, "worker_id": "f8bbe29c-1164-47f2-8609-f753656205a6-140447914489664", "trial_id": 0, "param_name": "random_seed", "param_value_internal": 0, "distribution": "{\"name\": \"CategoricalDistribution\", \"attributes\": {\"choices\": [42]}}"}
{"op_code": 5, "worker_id": "f8bbe29c-1164-47f2-8609-f753656205a6-140447914489664", "trial_id": 0, "param_name": "degree", "param_value_internal": 0, "distribution": "{\"name\": \"CategoricalDistribution\", \"attributes\": {\"choices\": [3]}}"}
{"op_code": 8, "worker_id": "f8bbe29c-1164-47f2-8609-f753656205a6-140447914489664", "trial_id": 0, "user_attr": {"best_epoch": 3}}
{"op_code": 8, "worker_id": "f8bbe29c-1164-47f2-8609-f753656205a6-140447914489664", "trial_id": 0, "user_attr": {"test_loss": 0.4450896308542701}}
{"op_code": 6, "worker_id": "f8bbe29c-1164-47f2-8609-f753656205a6-140447914489664", "trial_id": 0, "state": 1, "values": [0.44493039143013335], "datetime_complete": "2024-08-20T09:50:28.470360"}
{"op_code": 4, "worker_id": "f8bbe29c-1164-47f2-8609-f753656205a6-140447914489664", "study_id": 0, "datetime_start": "2024-08-20T09:50:28.481533"}
{"op_code": 5, "worker_id": "f8bbe29c-1164-47f2-8609-f753656205a6-140447914489664", "trial_id": 1, "param_name": "lr", "param_value_internal": 0.000291063591313307, "distribution": "{\"name\": \"FloatDistribution\", \"attributes\": {\"step\": null, \"low\": 1e-05, \"high\": 0.001, \"log\": true}}"}
{"op_code": 5, "worker_id": "f8bbe29c-1164-47f2-8609-f753656205a6-140447914489664", "trial_id": 1, "param_name": "l2reg", "param_value_internal": 9.846738873614555e-06, "distribution": "{\"name\": \"FloatDistribution\", \"attributes\": {\"step\": null, \"low\": 1e-08, \"high\": 0.001, \"log\": true}}"}
{"op_code": 5, "worker_id": "f8bbe29c-1164-47f2-8609-f753656205a6-140447914489664", "trial_id": 1, "param_name": "random_seed", "param_value_internal": 0, "distribution": "{\"name\": \"CategoricalDistribution\", \"attributes\": {\"choices\": [42]}}"}
{"op_code": 5, "worker_id": "f8bbe29c-1164-47f2-8609-f753656205a6-140447914489664", "trial_id": 1, "param_name": "degree", "param_value_internal": 0, "distribution": "{\"name\": \"CategoricalDistribution\", \"attributes\": {\"choices\": [3]}}"}
{"op_code": 8, "worker_id": "f8bbe29c-1164-47f2-8609-f753656205a6-140447914489664", "trial_id": 1, "user_attr": {"best_epoch": 0}}
{"op_code": 8, "worker_id": "f8bbe29c-1164-47f2-8609-f753656205a6-140447914489664", "trial_id": 1, "user_attr": {"test_loss": 0.4449949913410117}}
{"op_code": 6, "worker_id": "f8bbe29c-1164-47f2-8609-f753656205a6-140447914489664", "trial_id": 1, "state": 1, "values": [0.44486676518191365], "datetime_complete": "2024-08-20T10:07:03.072105"}
{"op_code": 4, "worker_id": "f8bbe29c-1164-47f2-8609-f753656205a6-140447914489664", "study_id": 0, "datetime_start": "2024-08-20T10:07:03.082265"}
{"op_code": 5, "worker_id": "f8bbe29c-1164-47f2-8609-f753656205a6-140447914489664", "trial_id": 2, "param_name": "lr", "param_value_internal": 2.0513382630874486e-05, "distribution": "{\"name\": \"FloatDistribution\", \"attributes\": {\"step\": null, \"low\": 1e-05, \"high\": 0.001, \"log\": true}}"}
{"op_code": 5, "worker_id": "f8bbe29c-1164-47f2-8609-f753656205a6-140447914489664", "trial_id": 2, "param_name": "l2reg", "param_value_internal": 6.02521573620385e-08, "distribution": "{\"name\": \"FloatDistribution\", \"attributes\": {\"step\": null, \"low\": 1e-08, \"high\": 0.001, \"log\": true}}"}
{"op_code": 5, "worker_id": "f8bbe29c-1164-47f2-8609-f753656205a6-140447914489664", "trial_id": 2, "param_name": "random_seed", "param_value_internal": 0, "distribution": "{\"name\": \"CategoricalDistribution\", \"attributes\": {\"choices\": [42]}}"}
{"op_code": 5, "worker_id": "f8bbe29c-1164-47f2-8609-f753656205a6-140447914489664", "trial_id": 2, "param_name": "degree", "param_value_internal": 0, "distribution": "{\"name\": \"CategoricalDistribution\", \"attributes\": {\"choices\": [3]}}"}
{"op_code": 8, "worker_id": "f8bbe29c-1164-47f2-8609-f753656205a6-140447914489664", "trial_id": 2, "user_attr": {"best_epoch": 10}}
{"op_code": 8, "worker_id": "f8bbe29c-1164-47f2-8609-f753656205a6-140447914489664", "trial_id": 2, "user_attr": {"test_loss": 0.4457988636568562}}
{"op_code": 6, "worker_id": "f8bbe29c-1164-47f2-8609-f753656205a6-140447914489664", "trial_id": 2, "state": 1, "values": [0.44563769716320006], "datetime_complete": "2024-08-20T10:59:47.601316"}
{"op_code": 4, "worker_id": "f8bbe29c-1164-47f2-8609-f753656205a6-140447914489664", "study_id": 0, "datetime_start": "2024-08-20T10:59:47.613635"}
{"op_code": 5, "worker_id": "f8bbe29c-1164-47f2-8609-f753656205a6-140447914489664", "trial_id": 3, "param_name": "lr", "param_value_internal": 1.3066739238053272e-05, "distribution": "{\"name\": \"FloatDistribution\", \"attributes\": {\"step\": null, \"low\": 1e-05, \"high\": 0.001, \"log\": true}}"}
{"op_code": 5, "worker_id": "f8bbe29c-1164-47f2-8609-f753656205a6-140447914489664", "trial_id": 3, "param_name": "l2reg", "param_value_internal": 0.00021423021757741048, "distribution": "{\"name\": \"FloatDistribution\", \"attributes\": {\"step\": null, \"low\": 1e-08, \"high\": 0.001, \"log\": true}}"}
{"op_code": 5, "worker_id": "f8bbe29c-1164-47f2-8609-f753656205a6-140447914489664", "trial_id": 3, "param_name": "random_seed", "param_value_internal": 0, "distribution": "{\"name\": \"CategoricalDistribution\", \"attributes\": {\"choices\": [42]}}"}
{"op_code": 5, "worker_id": "f8bbe29c-1164-47f2-8609-f753656205a6-140447914489664", "trial_id": 3, "param_name": "degree", "param_value_internal": 0, "distribution": "{\"name\": \"CategoricalDistribution\", \"attributes\": {\"choices\": [3]}}"}
{"op_code": 8, "worker_id": "f8bbe29c-1164-47f2-8609-f753656205a6-140447914489664", "trial_id": 3, "user_attr": {"best_epoch": 16}}
{"op_code": 8, "worker_id": "f8bbe29c-1164-47f2-8609-f753656205a6-140447914489664", "trial_id": 3, "user_attr": {"test_loss": 0.446033808157308}}
{"op_code": 6, "worker_id": "f8bbe29c-1164-47f2-8609-f753656205a6-140447914489664", "trial_id": 3, "state": 1, "values": [0.44585737132991077], "datetime_complete": "2024-08-20T12:14:20.443913"}
{"op_code": 4, "worker_id": "f8bbe29c-1164-47f2-8609-f753656205a6-140447914489664", "study_id": 0, "datetime_start": "2024-08-20T12:14:20.519923"}
{"op_code": 5, "worker_id": "f8bbe29c-1164-47f2-8609-f753656205a6-140447914489664", "trial_id": 4, "param_name": "lr", "param_value_internal": 0.00015930522616241006, "distribution": "{\"name\": \"FloatDistribution\", \"attributes\": {\"step\": null, \"low\": 1e-05, \"high\": 0.001, \"log\": true}}"}
{"op_code": 5, "worker_id": "f8bbe29c-1164-47f2-8609-f753656205a6-140447914489664", "trial_id": 4, "param_name": "l2reg", "param_value_internal": 3.47026698865041e-05, "distribution": "{\"name\": \"FloatDistribution\", \"attributes\": {\"step\": null, \"low\": 1e-08, \"high\": 0.001, \"log\": true}}"}
{"op_code": 5, "worker_id": "f8bbe29c-1164-47f2-8609-f753656205a6-140447914489664", "trial_id": 4, "param_name": "random_seed", "param_value_internal": 0, "distribution": "{\"name\": \"CategoricalDistribution\", \"attributes\": {\"choices\": [42]}}"}
{"op_code": 5, "worker_id": "f8bbe29c-1164-47f2-8609-f753656205a6-140447914489664", "trial_id": 4, "param_name": "degree", "param_value_internal": 0, "distribution": "{\"name\": \"CategoricalDistribution\", \"attributes\": {\"choices\": [3]}}"}
{"op_code": 8, "worker_id": "f8bbe29c-1164-47f2-8609-f753656205a6-140447914489664", "trial_id": 4, "user_attr": {"best_epoch": 1}}
{"op_code": 8, "worker_id": "f8bbe29c-1164-47f2-8609-f753656205a6-140447914489664", "trial_id": 4, "user_attr": {"test_loss": 0.4446363210381711}}
{"op_code": 6, "worker_id": "f8bbe29c-1164-47f2-8609-f753656205a6-140447914489664", "trial_id": 4, "state": 1, "values": [0.4444579574476378], "datetime_complete": "2024-08-20T12:34:36.444515"}
{"op_code": 4, "worker_id": "f8bbe29c-1164-47f2-8609-f753656205a6-140447914489664", "study_id": 0, "datetime_start": "2024-08-20T12:34:36.453512"}
{"op_code": 5, "worker_id": "f8bbe29c-1164-47f2-8609-f753656205a6-140447914489664", "trial_id": 5, "param_name": "lr", "param_value_internal": 1.0994335574766187e-05, "distribution": "{\"name\": \"FloatDistribution\", \"attributes\": {\"step\": null, \"low\": 1e-05, \"high\": 0.001, \"log\": true}}"}
{"op_code": 5, "worker_id": "f8bbe29c-1164-47f2-8609-f753656205a6-140447914489664", "trial_id": 5, "param_name": "l2reg", "param_value_internal": 0.0007072114131472234, "distribution": "{\"name\": \"FloatDistribution\", \"attributes\": {\"step\": null, \"low\": 1e-08, \"high\": 0.001, \"log\": true}}"}
{"op_code": 5, "worker_id": "f8bbe29c-1164-47f2-8609-f753656205a6-140447914489664", "trial_id": 5, "param_name": "random_seed", "param_value_internal": 0, "distribution": "{\"name\": \"CategoricalDistribution\", \"attributes\": {\"choices\": [42]}}"}
{"op_code": 5, "worker_id": "f8bbe29c-1164-47f2-8609-f753656205a6-140447914489664", "trial_id": 5, "param_name": "degree", "param_value_internal": 0, "distribution": "{\"name\": \"CategoricalDistribution\", \"attributes\": {\"choices\": [3]}}"}
{"op_code": 8, "worker_id": "f8bbe29c-1164-47f2-8609-f753656205a6-140447914489664", "trial_id": 5, "user_attr": {"best_epoch": 19}}
{"op_code": 8, "worker_id": "f8bbe29c-1164-47f2-8609-f753656205a6-140447914489664", "trial_id": 5, "user_attr": {"test_loss": 0.44608518181548473}}
{"op_code": 6, "worker_id": "f8bbe29c-1164-47f2-8609-f753656205a6-140447914489664", "trial_id": 5, "state": 1, "values": [0.4459261967515564], "datetime_complete": "2024-08-20T13:49:13.353269"}
{"op_code": 4, "worker_id": "f8bbe29c-1164-47f2-8609-f753656205a6-140447914489664", "study_id": 0, "datetime_start": "2024-08-20T13:49:13.399303"}
{"op_code": 5, "worker_id": "f8bbe29c-1164-47f2-8609-f753656205a6-140447914489664", "trial_id": 6, "param_name": "lr", "param_value_internal": 0.000462258900102083, "distribution": "{\"name\": \"FloatDistribution\", \"attributes\": {\"step\": null, \"low\": 1e-05, \"high\": 0.001, \"log\": true}}"}
{"op_code": 5, "worker_id": "f8bbe29c-1164-47f2-8609-f753656205a6-140447914489664", "trial_id": 6, "param_name": "l2reg", "param_value_internal": 1.1526449540315595e-07, "distribution": "{\"name\": \"FloatDistribution\", \"attributes\": {\"step\": null, \"low\": 1e-08, \"high\": 0.001, \"log\": true}}"}
{"op_code": 5, "worker_id": "f8bbe29c-1164-47f2-8609-f753656205a6-140447914489664", "trial_id": 6, "param_name": "random_seed", "param_value_internal": 0, "distribution": "{\"name\": \"CategoricalDistribution\", \"attributes\": {\"choices\": [42]}}"}
{"op_code": 5, "worker_id": "f8bbe29c-1164-47f2-8609-f753656205a6-140447914489664", "trial_id": 6, "param_name": "degree", "param_value_internal": 0, "distribution": "{\"name\": \"CategoricalDistribution\", \"attributes\": {\"choices\": [3]}}"}
{"op_code": 8, "worker_id": "f8bbe29c-1164-47f2-8609-f753656205a6-140447914489664", "trial_id": 6, "user_attr": {"best_epoch": 0}}
{"op_code": 8, "worker_id": "f8bbe29c-1164-47f2-8609-f753656205a6-140447914489664", "trial_id": 6, "user_attr": {"test_loss": 0.4448179285559297}}
{"op_code": 6, "worker_id": "f8bbe29c-1164-47f2-8609-f753656205a6-140447914489664", "trial_id": 6, "state": 1, "values": [0.4447247513958872], "datetime_complete": "2024-08-20T14:05:48.178809"}
{"op_code": 4, "worker_id": "f8bbe29c-1164-47f2-8609-f753656205a6-140447914489664", "study_id": 0, "datetime_start": "2024-08-20T14:05:48.187710"}
{"op_code": 5, "worker_id": "f8bbe29c-1164-47f2-8609-f753656205a6-140447914489664", "trial_id": 7, "param_name": "lr", "param_value_internal": 2.3102018878452926e-05, "distribution": "{\"name\": \"FloatDistribution\", \"attributes\": {\"step\": null, \"low\": 1e-05, \"high\": 0.001, \"log\": true}}"}
{"op_code": 5, "worker_id": "f8bbe29c-1164-47f2-8609-f753656205a6-140447914489664", "trial_id": 7, "param_name": "l2reg", "param_value_internal": 8.260808399079588e-08, "distribution": "{\"name\": \"FloatDistribution\", \"attributes\": {\"step\": null, \"low\": 1e-08, \"high\": 0.001, \"log\": true}}"}
{"op_code": 5, "worker_id": "f8bbe29c-1164-47f2-8609-f753656205a6-140447914489664", "trial_id": 7, "param_name": "random_seed", "param_value_internal": 0, "distribution": "{\"name\": \"CategoricalDistribution\", \"attributes\": {\"choices\": [42]}}"}
{"op_code": 5, "worker_id": "f8bbe29c-1164-47f2-8609-f753656205a6-140447914489664", "trial_id": 7, "param_name": "degree", "param_value_internal": 0, "distribution": "{\"name\": \"CategoricalDistribution\", \"attributes\": {\"choices\": [3]}}"}
{"op_code": 8, "worker_id": "f8bbe29c-1164-47f2-8609-f753656205a6-140447914489664", "trial_id": 7, "user_attr": {"best_epoch": 9}}
{"op_code": 8, "worker_id": "f8bbe29c-1164-47f2-8609-f753656205a6-140447914489664", "trial_id": 7, "user_attr": {"test_loss": 0.4457570521162311}}
{"op_code": 6, "worker_id": "f8bbe29c-1164-47f2-8609-f753656205a6-140447914489664", "trial_id": 7, "state": 1, "values": [0.4455983216050161], "datetime_complete": "2024-08-20T14:54:56.559104"}
{"op_code": 4, "worker_id": "f8bbe29c-1164-47f2-8609-f753656205a6-140447914489664", "study_id": 0, "datetime_start": "2024-08-20T14:54:56.568016"}
{"op_code": 5, "worker_id": "f8bbe29c-1164-47f2-8609-f753656205a6-140447914489664", "trial_id": 8, "param_name": "lr", "param_value_internal": 4.059611610484306e-05, "distribution": "{\"name\": \"FloatDistribution\", \"attributes\": {\"step\": null, \"low\": 1e-05, \"high\": 0.001, \"log\": true}}"}
{"op_code": 5, "worker_id": "f8bbe29c-1164-47f2-8609-f753656205a6-140447914489664", "trial_id": 8, "param_name": "l2reg", "param_value_internal": 4.2051564509138674e-06, "distribution": "{\"name\": \"FloatDistribution\", \"attributes\": {\"step\": null, \"low\": 1e-08, \"high\": 0.001, \"log\": true}}"}
{"op_code": 5, "worker_id": "f8bbe29c-1164-47f2-8609-f753656205a6-140447914489664", "trial_id": 8, "param_name": "random_seed", "param_value_internal": 0, "distribution": "{\"name\": \"CategoricalDistribution\", \"attributes\": {\"choices\": [42]}}"}
{"op_code": 5, "worker_id": "f8bbe29c-1164-47f2-8609-f753656205a6-140447914489664", "trial_id": 8, "param_name": "degree", "param_value_internal": 0, "distribution": "{\"name\": \"CategoricalDistribution\", \"attributes\": {\"choices\": [3]}}"}
{"op_code": 8, "worker_id": "f8bbe29c-1164-47f2-8609-f753656205a6-140447914489664", "trial_id": 8, "user_attr": {"best_epoch": 5}}
{"op_code": 8, "worker_id": "f8bbe29c-1164-47f2-8609-f753656205a6-140447914489664", "trial_id": 8, "user_attr": {"test_loss": 0.44543335807606993}}
{"op_code": 6, "worker_id": "f8bbe29c-1164-47f2-8609-f753656205a6-140447914489664", "trial_id": 8, "state": 1, "values": [0.44528408065452285], "datetime_complete": "2024-08-20T15:29:42.740063"}
{"op_code": 4, "worker_id": "f8bbe29c-1164-47f2-8609-f753656205a6-140447914489664", "study_id": 0, "datetime_start": "2024-08-20T15:29:42.750383"}
{"op_code": 5, "worker_id": "f8bbe29c-1164-47f2-8609-f753656205a6-140447914489664", "trial_id": 9, "param_name": "lr", "param_value_internal": 7.309539835912905e-05, "distribution": "{\"name\": \"FloatDistribution\", \"attributes\": {\"step\": null, \"low\": 1e-05, \"high\": 0.001, \"log\": true}}"}
{"op_code": 5, "worker_id": "f8bbe29c-1164-47f2-8609-f753656205a6-140447914489664", "trial_id": 9, "param_name": "l2reg", "param_value_internal": 2.8585493941961875e-07, "distribution": "{\"name\": \"FloatDistribution\", \"attributes\": {\"step\": null, \"low\": 1e-08, \"high\": 0.001, \"log\": true}}"}
{"op_code": 5, "worker_id": "f8bbe29c-1164-47f2-8609-f753656205a6-140447914489664", "trial_id": 9, "param_name": "random_seed", "param_value_internal": 0, "distribution": "{\"name\": \"CategoricalDistribution\", \"attributes\": {\"choices\": [42]}}"}
{"op_code": 5, "worker_id": "f8bbe29c-1164-47f2-8609-f753656205a6-140447914489664", "trial_id": 9, "param_name": "degree", "param_value_internal": 0, "distribution": "{\"name\": \"CategoricalDistribution\", \"attributes\": {\"choices\": [3]}}"}
{"op_code": 8, "worker_id": "f8bbe29c-1164-47f2-8609-f753656205a6-140447914489664", "trial_id": 9, "user_attr": {"best_epoch": 2}}
{"op_code": 8, "worker_id": "f8bbe29c-1164-47f2-8609-f753656205a6-140447914489664", "trial_id": 9, "user_attr": {"test_loss": 0.44506003555507984}}
{"op_code": 6, "worker_id": "f8bbe29c-1164-47f2-8609-f753656205a6-140447914489664", "trial_id": 9, "state": 1, "values": [0.44491101269281846], "datetime_complete": "2024-08-20T15:53:32.808239"}
{"op_code": 4, "worker_id": "f8bbe29c-1164-47f2-8609-f753656205a6-140447914489664", "study_id": 0, "datetime_start": "2024-08-20T15:53:32.816577"}
{"op_code": 5, "worker_id": "f8bbe29c-1164-47f2-8609-f753656205a6-140447914489664", "trial_id": 10, "param_name": "lr", "param_value_internal": 0.00018471184590376964, "distribution": "{\"name\": \"FloatDistribution\", \"attributes\": {\"step\": null, \"low\": 1e-05, \"high\": 0.001, \"log\": true}}"}
{"op_code": 5, "worker_id": "f8bbe29c-1164-47f2-8609-f753656205a6-140447914489664", "trial_id": 10, "param_name": "l2reg", "param_value_internal": 3.8521646942747446e-05, "distribution": "{\"name\": \"FloatDistribution\", \"attributes\": {\"step\": null, \"low\": 1e-08, \"high\": 0.001, \"log\": true}}"}
{"op_code": 5, "worker_id": "f8bbe29c-1164-47f2-8609-f753656205a6-140447914489664", "trial_id": 10, "param_name": "random_seed", "param_value_internal": 0, "distribution": "{\"name\": \"CategoricalDistribution\", \"attributes\": {\"choices\": [42]}}"}
{"op_code": 5, "worker_id": "f8bbe29c-1164-47f2-8609-f753656205a6-140447914489664", "trial_id": 10, "param_name": "degree", "param_value_internal": 0, "distribution": "{\"name\": \"CategoricalDistribution\", \"attributes\": {\"choices\": [3]}}"}
{"op_code": 8, "worker_id": "f8bbe29c-1164-47f2-8609-f753656205a6-140447914489664", "trial_id": 10, "user_attr": {"best_epoch": 1}}
{"op_code": 8, "worker_id": "f8bbe29c-1164-47f2-8609-f753656205a6-140447914489664", "trial_id": 10, "user_attr": {"test_loss": 0.44487159275937554}}
{"op_code": 6, "worker_id": "f8bbe29c-1164-47f2-8609-f753656205a6-140447914489664", "trial_id": 10, "state": 1, "values": [0.44469813744520326], "datetime_complete": "2024-08-20T16:13:42.041059"}
{"op_code": 4, "worker_id": "f8bbe29c-1164-47f2-8609-f753656205a6-140447914489664", "study_id": 0, "datetime_start": "2024-08-20T16:13:42.050785"}
{"op_code": 5, "worker_id": "f8bbe29c-1164-47f2-8609-f753656205a6-140447914489664", "trial_id": 11, "param_name": "lr", "param_value_internal": 0.00015320252245209042, "distribution": "{\"name\": \"FloatDistribution\", \"attributes\": {\"step\": null, \"low\": 1e-05, \"high\": 0.001, \"log\": true}}"}
{"op_code": 5, "worker_id": "f8bbe29c-1164-47f2-8609-f753656205a6-140447914489664", "trial_id": 11, "param_name": "l2reg", "param_value_internal": 4.011123221868182e-05, "distribution": "{\"name\": \"FloatDistribution\", \"attributes\": {\"step\": null, \"low\": 1e-08, \"high\": 0.001, \"log\": true}}"}
{"op_code": 5, "worker_id": "f8bbe29c-1164-47f2-8609-f753656205a6-140447914489664", "trial_id": 11, "param_name": "random_seed", "param_value_internal": 0, "distribution": "{\"name\": \"CategoricalDistribution\", \"attributes\": {\"choices\": [42]}}"}
{"op_code": 5, "worker_id": "f8bbe29c-1164-47f2-8609-f753656205a6-140447914489664", "trial_id": 11, "param_name": "degree", "param_value_internal": 0, "distribution": "{\"name\": \"CategoricalDistribution\", \"attributes\": {\"choices\": [3]}}"}
{"op_code": 8, "worker_id": "f8bbe29c-1164-47f2-8609-f753656205a6-140447914489664", "trial_id": 11, "user_attr": {"best_epoch": 1}}
{"op_code": 8, "worker_id": "f8bbe29c-1164-47f2-8609-f753656205a6-140447914489664", "trial_id": 11, "user_attr": {"test_loss": 0.44459992681889654}}
{"op_code": 6, "worker_id": "f8bbe29c-1164-47f2-8609-f753656205a6-140447914489664", "trial_id": 11, "state": 1, "values": [0.4444195271937131], "datetime_complete": "2024-08-20T16:33:51.012331"}
{"op_code": 4, "worker_id": "f8bbe29c-1164-47f2-8609-f753656205a6-140447914489664", "study_id": 0, "datetime_start": "2024-08-20T16:33:51.021262"}
{"op_code": 5, "worker_id": "f8bbe29c-1164-47f2-8609-f753656205a6-140447914489664", "trial_id": 12, "param_name": "lr", "param_value_internal": 0.0001458251474269136, "distribution": "{\"name\": \"FloatDistribution\", \"attributes\": {\"step\": null, \"low\": 1e-05, \"high\": 0.001, \"log\": true}}"}
{"op_code": 5, "worker_id": "f8bbe29c-1164-47f2-8609-f753656205a6-140447914489664", "trial_id": 12, "param_name": "l2reg", "param_value_internal": 4.634380861758262e-05, "distribution": "{\"name\": \"FloatDistribution\", \"attributes\": {\"step\": null, \"low\": 1e-08, \"high\": 0.001, \"log\": true}}"}
{"op_code": 5, "worker_id": "f8bbe29c-1164-47f2-8609-f753656205a6-140447914489664", "trial_id": 12, "param_name": "random_seed", "param_value_internal": 0, "distribution": "{\"name\": \"CategoricalDistribution\", \"attributes\": {\"choices\": [42]}}"}
{"op_code": 5, "worker_id": "f8bbe29c-1164-47f2-8609-f753656205a6-140447914489664", "trial_id": 12, "param_name": "degree", "param_value_internal": 0, "distribution": "{\"name\": \"CategoricalDistribution\", \"attributes\": {\"choices\": [3]}}"}
{"op_code": 8, "worker_id": "f8bbe29c-1164-47f2-8609-f753656205a6-140447914489664", "trial_id": 12, "user_attr": {"best_epoch": 1}}
{"op_code": 8, "worker_id": "f8bbe29c-1164-47f2-8609-f753656205a6-140447914489664", "trial_id": 12, "user_attr": {"test_loss": 0.44457138589768724}}
{"op_code": 6, "worker_id": "f8bbe29c-1164-47f2-8609-f753656205a6-140447914489664", "trial_id": 12, "state": 1, "values": [0.4443894228888411], "datetime_complete": "2024-08-20T16:54:01.987798"}
{"op_code": 4, "worker_id": "f8bbe29c-1164-47f2-8609-f753656205a6-140447914489664", "study_id": 0, "datetime_start": "2024-08-20T16:54:01.996403"}
{"op_code": 5, "worker_id": "f8bbe29c-1164-47f2-8609-f753656205a6-140447914489664", "trial_id": 13, "param_name": "lr", "param_value_internal": 0.0007215064248475351, "distribution": "{\"name\": \"FloatDistribution\", \"attributes\": {\"step\": null, \"low\": 1e-05, \"high\": 0.001, \"log\": true}}"}
{"op_code": 5, "worker_id": "f8bbe29c-1164-47f2-8609-f753656205a6-140447914489664", "trial_id": 13, "param_name": "l2reg", "param_value_internal": 8.51404885716151e-07, "distribution": "{\"name\": \"FloatDistribution\", \"attributes\": {\"step\": null, \"low\": 1e-08, \"high\": 0.001, \"log\": true}}"}
{"op_code": 5, "worker_id": "f8bbe29c-1164-47f2-8609-f753656205a6-140447914489664", "trial_id": 13, "param_name": "random_seed", "param_value_internal": 0, "distribution": "{\"name\": \"CategoricalDistribution\", \"attributes\": {\"choices\": [42]}}"}
{"op_code": 5, "worker_id": "f8bbe29c-1164-47f2-8609-f753656205a6-140447914489664", "trial_id": 13, "param_name": "degree", "param_value_internal": 0, "distribution": "{\"name\": \"CategoricalDistribution\", \"attributes\": {\"choices\": [3]}}"}
{"op_code": 8, "worker_id": "f8bbe29c-1164-47f2-8609-f753656205a6-140447914489664", "trial_id": 13, "user_attr": {"best_epoch": 0}}
{"op_code": 8, "worker_id": "f8bbe29c-1164-47f2-8609-f753656205a6-140447914489664", "trial_id": 13, "user_attr": {"test_loss": 0.4449121681327126}}
{"op_code": 6, "worker_id": "f8bbe29c-1164-47f2-8609-f753656205a6-140447914489664", "trial_id": 13, "state": 1, "values": [0.4448303346100758], "datetime_complete": "2024-08-20T17:10:30.737217"}
{"op_code": 4, "worker_id": "f8bbe29c-1164-47f2-8609-f753656205a6-140447914489664", "study_id": 0, "datetime_start": "2024-08-20T17:10:30.753913"}
{"op_code": 5, "worker_id": "f8bbe29c-1164-47f2-8609-f753656205a6-140447914489664", "trial_id": 14, "param_name": "lr", "param_value_internal": 0.00012448484478535553, "distribution": "{\"name\": \"FloatDistribution\", \"attributes\": {\"step\": null, \"low\": 1e-05, \"high\": 0.001, \"log\": true}}"}
{"op_code": 5, "worker_id": "f8bbe29c-1164-47f2-8609-f753656205a6-140447914489664", "trial_id": 14, "param_name": "l2reg", "param_value_internal": 1.163814228102759e-08, "distribution": "{\"name\": \"FloatDistribution\", \"attributes\": {\"step\": null, \"low\": 1e-08, \"high\": 0.001, \"log\": true}}"}
{"op_code": 5, "worker_id": "f8bbe29c-1164-47f2-8609-f753656205a6-140447914489664", "trial_id": 14, "param_name": "random_seed", "param_value_internal": 0, "distribution": "{\"name\": \"CategoricalDistribution\", \"attributes\": {\"choices\": [42]}}"}
{"op_code": 5, "worker_id": "f8bbe29c-1164-47f2-8609-f753656205a6-140447914489664", "trial_id": 14, "param_name": "degree", "param_value_internal": 0, "distribution": "{\"name\": \"CategoricalDistribution\", \"attributes\": {\"choices\": [3]}}"}
{"op_code": 8, "worker_id": "f8bbe29c-1164-47f2-8609-f753656205a6-140447914489664", "trial_id": 14, "user_attr": {"best_epoch": 1}}
{"op_code": 8, "worker_id": "f8bbe29c-1164-47f2-8609-f753656205a6-140447914489664", "trial_id": 14, "user_attr": {"test_loss": 0.44462454109107324}}
{"op_code": 6, "worker_id": "f8bbe29c-1164-47f2-8609-f753656205a6-140447914489664", "trial_id": 14, "state": 1, "values": [0.4444383969210422], "datetime_complete": "2024-08-20T17:30:26.423043"}
{"op_code": 4, "worker_id": "f8bbe29c-1164-47f2-8609-f753656205a6-140447914489664", "study_id": 0, "datetime_start": "2024-08-20T17:30:26.434624"}
{"op_code": 5, "worker_id": "f8bbe29c-1164-47f2-8609-f753656205a6-140447914489664", "trial_id": 15, "param_name": "lr", "param_value_internal": 0.0002733762389478881, "distribution": "{\"name\": \"FloatDistribution\", \"attributes\": {\"step\": null, \"low\": 1e-05, \"high\": 0.001, \"log\": true}}"}
{"op_code": 5, "worker_id": "f8bbe29c-1164-47f2-8609-f753656205a6-140447914489664", "trial_id": 15, "param_name": "l2reg", "param_value_internal": 7.561219687267911e-05, "distribution": "{\"name\": \"FloatDistribution\", \"attributes\": {\"step\": null, \"low\": 1e-08, \"high\": 0.001, \"log\": true}}"}
{"op_code": 5, "worker_id": "f8bbe29c-1164-47f2-8609-f753656205a6-140447914489664", "trial_id": 15, "param_name": "random_seed", "param_value_internal": 0, "distribution": "{\"name\": \"CategoricalDistribution\", \"attributes\": {\"choices\": [42]}}"}
{"op_code": 5, "worker_id": "f8bbe29c-1164-47f2-8609-f753656205a6-140447914489664", "trial_id": 15, "param_name": "degree", "param_value_internal": 0, "distribution": "{\"name\": \"CategoricalDistribution\", \"attributes\": {\"choices\": [3]}}"}
{"op_code": 8, "worker_id": "f8bbe29c-1164-47f2-8609-f753656205a6-140447914489664", "trial_id": 15, "user_attr": {"best_epoch": 0}}
{"op_code": 8, "worker_id": "f8bbe29c-1164-47f2-8609-f753656205a6-140447914489664", "trial_id": 15, "user_attr": {"test_loss": 0.4450503280060825}}
{"op_code": 6, "worker_id": "f8bbe29c-1164-47f2-8609-f753656205a6-140447914489664", "trial_id": 15, "state": 1, "values": [0.4449183933376119], "datetime_complete": "2024-08-20T17:46:57.738451"}
{"op_code": 4, "worker_id": "f8bbe29c-1164-47f2-8609-f753656205a6-140447914489664", "study_id": 0, "datetime_start": "2024-08-20T17:46:57.751819"}
{"op_code": 5, "worker_id": "f8bbe29c-1164-47f2-8609-f753656205a6-140447914489664", "trial_id": 16, "param_name": "lr", "param_value_internal": 9.865355711626425e-05, "distribution": "{\"name\": \"FloatDistribution\", \"attributes\": {\"step\": null, \"low\": 1e-05, \"high\": 0.001, \"log\": true}}"}
{"op_code": 5, "worker_id": "f8bbe29c-1164-47f2-8609-f753656205a6-140447914489664", "trial_id": 16, "param_name": "l2reg", "param_value_internal": 1.0788386058544978e-05, "distribution": "{\"name\": \"FloatDistribution\", \"attributes\": {\"step\": null, \"low\": 1e-08, \"high\": 0.001, \"log\": true}}"}
{"op_code": 5, "worker_id": "f8bbe29c-1164-47f2-8609-f753656205a6-140447914489664", "trial_id": 16, "param_name": "random_seed", "param_value_internal": 0, "distribution": "{\"name\": \"CategoricalDistribution\", \"attributes\": {\"choices\": [42]}}"}
{"op_code": 5, "worker_id": "f8bbe29c-1164-47f2-8609-f753656205a6-140447914489664", "trial_id": 16, "param_name": "degree", "param_value_internal": 0, "distribution": "{\"name\": \"CategoricalDistribution\", \"attributes\": {\"choices\": [3]}}"}
{"op_code": 8, "worker_id": "f8bbe29c-1164-47f2-8609-f753656205a6-140447914489664", "trial_id": 16, "user_attr": {"best_epoch": 1}}
{"op_code": 8, "worker_id": "f8bbe29c-1164-47f2-8609-f753656205a6-140447914489664", "trial_id": 16, "user_attr": {"test_loss": 0.44514282240551756}}
{"op_code": 6, "worker_id": "f8bbe29c-1164-47f2-8609-f753656205a6-140447914489664", "trial_id": 16, "state": 1, "values": [0.4449583506214939], "datetime_complete": "2024-08-20T18:07:03.604257"}
{"op_code": 4, "worker_id": "f8bbe29c-1164-47f2-8609-f753656205a6-140447914489664", "study_id": 0, "datetime_start": "2024-08-20T18:07:03.617397"}
{"op_code": 5, "worker_id": "f8bbe29c-1164-47f2-8609-f753656205a6-140447914489664", "trial_id": 17, "param_name": "lr", "param_value_internal": 0.0009084876849999085, "distribution": "{\"name\": \"FloatDistribution\", \"attributes\": {\"step\": null, \"low\": 1e-05, \"high\": 0.001, \"log\": true}}"}
{"op_code": 5, "worker_id": "f8bbe29c-1164-47f2-8609-f753656205a6-140447914489664", "trial_id": 17, "param_name": "l2reg", "param_value_internal": 0.00012808944435729837, "distribution": "{\"name\": \"FloatDistribution\", \"attributes\": {\"step\": null, \"low\": 1e-08, \"high\": 0.001, \"log\": true}}"}
{"op_code": 5, "worker_id": "f8bbe29c-1164-47f2-8609-f753656205a6-140447914489664", "trial_id": 17, "param_name": "random_seed", "param_value_internal": 0, "distribution": "{\"name\": \"CategoricalDistribution\", \"attributes\": {\"choices\": [42]}}"}
{"op_code": 5, "worker_id": "f8bbe29c-1164-47f2-8609-f753656205a6-140447914489664", "trial_id": 17, "param_name": "degree", "param_value_internal": 0, "distribution": "{\"name\": \"CategoricalDistribution\", \"attributes\": {\"choices\": [3]}}"}
{"op_code": 8, "worker_id": "f8bbe29c-1164-47f2-8609-f753656205a6-140447914489664", "trial_id": 17, "user_attr": {"best_epoch": 0}}
{"op_code": 8, "worker_id": "f8bbe29c-1164-47f2-8609-f753656205a6-140447914489664", "trial_id": 17, "user_attr": {"test_loss": 0.44506447121417225}}
{"op_code": 6, "worker_id": "f8bbe29c-1164-47f2-8609-f753656205a6-140447914489664", "trial_id": 17, "state": 1, "values": [0.44499594464472775], "datetime_complete": "2024-08-20T18:23:33.296720"}
{"op_code": 4, "worker_id": "f8bbe29c-1164-47f2-8609-f753656205a6-140447914489664", "study_id": 0, "datetime_start": "2024-08-20T18:23:33.307714"}
{"op_code": 5, "worker_id": "f8bbe29c-1164-47f2-8609-f753656205a6-140447914489664", "trial_id": 18, "param_name": "lr", "param_value_internal": 0.0002705332129751736, "distribution": "{\"name\": \"FloatDistribution\", \"attributes\": {\"step\": null, \"low\": 1e-05, \"high\": 0.001, \"log\": true}}"}
{"op_code": 5, "worker_id": "f8bbe29c-1164-47f2-8609-f753656205a6-140447914489664", "trial_id": 18, "param_name": "l2reg", "param_value_internal": 2.1896150220570466e-06, "distribution": "{\"name\": \"FloatDistribution\", \"attributes\": {\"step\": null, \"low\": 1e-08, \"high\": 0.001, \"log\": true}}"}
{"op_code": 5, "worker_id": "f8bbe29c-1164-47f2-8609-f753656205a6-140447914489664", "trial_id": 18, "param_name": "random_seed", "param_value_internal": 0, "distribution": "{\"name\": \"CategoricalDistribution\", \"attributes\": {\"choices\": [42]}}"}
{"op_code": 5, "worker_id": "f8bbe29c-1164-47f2-8609-f753656205a6-140447914489664", "trial_id": 18, "param_name": "degree", "param_value_internal": 0, "distribution": "{\"name\": \"CategoricalDistribution\", \"attributes\": {\"choices\": [3]}}"}
{"op_code": 8, "worker_id": "f8bbe29c-1164-47f2-8609-f753656205a6-140447914489664", "trial_id": 18, "user_attr": {"best_epoch": 0}}
{"op_code": 8, "worker_id": "f8bbe29c-1164-47f2-8609-f753656205a6-140447914489664", "trial_id": 18, "user_attr": {"test_loss": 0.44506152622739775}}
{"op_code": 6, "worker_id": "f8bbe29c-1164-47f2-8609-f753656205a6-140447914489664", "trial_id": 18, "state": 1, "values": [0.4449283553901903], "datetime_complete": "2024-08-20T18:40:03.718533"}
{"op_code": 4, "worker_id": "f8bbe29c-1164-47f2-8609-f753656205a6-140447914489664", "study_id": 0, "datetime_start": "2024-08-20T18:40:03.728630"}
{"op_code": 5, "worker_id": "f8bbe29c-1164-47f2-8609-f753656205a6-140447914489664", "trial_id": 19, "param_name": "lr", "param_value_internal": 0.0004931414296689415, "distribution": "{\"name\": \"FloatDistribution\", \"attributes\": {\"step\": null, \"low\": 1e-05, \"high\": 0.001, \"log\": true}}"}
{"op_code": 5, "worker_id": "f8bbe29c-1164-47f2-8609-f753656205a6-140447914489664", "trial_id": 19, "param_name": "l2reg", "param_value_internal": 1.695439134883415e-05, "distribution": "{\"name\": \"FloatDistribution\", \"attributes\": {\"step\": null, \"low\": 1e-08, \"high\": 0.001, \"log\": true}}"}
{"op_code": 5, "worker_id": "f8bbe29c-1164-47f2-8609-f753656205a6-140447914489664", "trial_id": 19, "param_name": "random_seed", "param_value_internal": 0, "distribution": "{\"name\": \"CategoricalDistribution\", \"attributes\": {\"choices\": [42]}}"}
{"op_code": 5, "worker_id": "f8bbe29c-1164-47f2-8609-f753656205a6-140447914489664", "trial_id": 19, "param_name": "degree", "param_value_internal": 0, "distribution": "{\"name\": \"CategoricalDistribution\", \"attributes\": {\"choices\": [3]}}"}
{"op_code": 8, "worker_id": "f8bbe29c-1164-47f2-8609-f753656205a6-140447914489664", "trial_id": 19, "user_attr": {"best_epoch": 0}}
{"op_code": 8, "worker_id": "f8bbe29c-1164-47f2-8609-f753656205a6-140447914489664", "trial_id": 19, "user_attr": {"test_loss": 0.4448116386459053}}
{"op_code": 6, "worker_id": "f8bbe29c-1164-47f2-8609-f753656205a6-140447914489664", "trial_id": 19, "state": 1, "values": [0.44472060660028884], "datetime_complete": "2024-08-20T18:56:31.784262"}
{"op_code": 4, "worker_id": "f8bbe29c-1164-47f2-8609-f753656205a6-140447914489664", "study_id": 0, "datetime_start": "2024-08-20T18:56:31.793141"}
{"op_code": 5, "worker_id": "f8bbe29c-1164-47f2-8609-f753656205a6-140447914489664", "trial_id": 20, "param_name": "lr", "param_value_internal": 4.3579555677842685e-05, "distribution": "{\"name\": \"FloatDistribution\", \"attributes\": {\"step\": null, \"low\": 1e-05, \"high\": 0.001, \"log\": true}}"}
{"op_code": 5, "worker_id": "f8bbe29c-1164-47f2-8609-f753656205a6-140447914489664", "trial_id": 20, "param_name": "l2reg", "param_value_internal": 0.0002494279464885976, "distribution": "{\"name\": \"FloatDistribution\", \"attributes\": {\"step\": null, \"low\": 1e-08, \"high\": 0.001, \"log\": true}}"}
{"op_code": 5, "worker_id": "f8bbe29c-1164-47f2-8609-f753656205a6-140447914489664", "trial_id": 20, "param_name": "random_seed", "param_value_internal": 0, "distribution": "{\"name\": \"CategoricalDistribution\", \"attributes\": {\"choices\": [42]}}"}
{"op_code": 5, "worker_id": "f8bbe29c-1164-47f2-8609-f753656205a6-140447914489664", "trial_id": 20, "param_name": "degree", "param_value_internal": 0, "distribution": "{\"name\": \"CategoricalDistribution\", \"attributes\": {\"choices\": [3]}}"}
{"op_code": 8, "worker_id": "f8bbe29c-1164-47f2-8609-f753656205a6-140447914489664", "trial_id": 20, "user_attr": {"best_epoch": 4}}
{"op_code": 8, "worker_id": "f8bbe29c-1164-47f2-8609-f753656205a6-140447914489664", "trial_id": 20, "user_attr": {"test_loss": 0.44540707134226826}}
{"op_code": 6, "worker_id": "f8bbe29c-1164-47f2-8609-f753656205a6-140447914489664", "trial_id": 20, "state": 1, "values": [0.4452376516722505], "datetime_complete": "2024-08-20T19:27:27.365984"}
{"op_code": 4, "worker_id": "f8bbe29c-1164-47f2-8609-f753656205a6-140447914489664", "study_id": 0, "datetime_start": "2024-08-20T19:27:27.374850"}
{"op_code": 5, "worker_id": "f8bbe29c-1164-47f2-8609-f753656205a6-140447914489664", "trial_id": 21, "param_name": "lr", "param_value_internal": 0.00014724373775961458, "distribution": "{\"name\": \"FloatDistribution\", \"attributes\": {\"step\": null, \"low\": 1e-05, \"high\": 0.001, \"log\": true}}"}
{"op_code": 5, "worker_id": "f8bbe29c-1164-47f2-8609-f753656205a6-140447914489664", "trial_id": 21, "param_name": "l2reg", "param_value_internal": 1.746639371713483e-08, "distribution": "{\"name\": \"FloatDistribution\", \"attributes\": {\"step\": null, \"low\": 1e-08, \"high\": 0.001, \"log\": true}}"}
{"op_code": 5, "worker_id": "f8bbe29c-1164-47f2-8609-f753656205a6-140447914489664", "trial_id": 21, "param_name": "random_seed", "param_value_internal": 0, "distribution": "{\"name\": \"CategoricalDistribution\", \"attributes\": {\"choices\": [42]}}"}
{"op_code": 5, "worker_id": "f8bbe29c-1164-47f2-8609-f753656205a6-140447914489664", "trial_id": 21, "param_name": "degree", "param_value_internal": 0, "distribution": "{\"name\": \"CategoricalDistribution\", \"attributes\": {\"choices\": [3]}}"}
{"op_code": 8, "worker_id": "f8bbe29c-1164-47f2-8609-f753656205a6-140447914489664", "trial_id": 21, "user_attr": {"best_epoch": 1}}
{"op_code": 8, "worker_id": "f8bbe29c-1164-47f2-8609-f753656205a6-140447914489664", "trial_id": 21, "user_attr": {"test_loss": 0.4445753489045813}}
{"op_code": 6, "worker_id": "f8bbe29c-1164-47f2-8609-f753656205a6-140447914489664", "trial_id": 21, "state": 1, "values": [0.44439338589515875], "datetime_complete": "2024-08-20T19:47:39.718865"}
{"op_code": 4, "worker_id": "f8bbe29c-1164-47f2-8609-f753656205a6-140447914489664", "study_id": 0, "datetime_start": "2024-08-20T19:47:39.729138"}
{"op_code": 5, "worker_id": "f8bbe29c-1164-47f2-8609-f753656205a6-140447914489664", "trial_id": 22, "param_name": "lr", "param_value_internal": 9.345649089114622e-05, "distribution": "{\"name\": \"FloatDistribution\", \"attributes\": {\"step\": null, \"low\": 1e-05, \"high\": 0.001, \"log\": true}}"}
{"op_code": 5, "worker_id": "f8bbe29c-1164-47f2-8609-f753656205a6-140447914489664", "trial_id": 22, "param_name": "l2reg", "param_value_internal": 1.4720732627022175e-08, "distribution": "{\"name\": \"FloatDistribution\", \"attributes\": {\"step\": null, \"low\": 1e-08, \"high\": 0.001, \"log\": true}}"}
{"op_code": 5, "worker_id": "f8bbe29c-1164-47f2-8609-f753656205a6-140447914489664", "trial_id": 22, "param_name": "random_seed", "param_value_internal": 0, "distribution": "{\"name\": \"CategoricalDistribution\", \"attributes\": {\"choices\": [42]}}"}
{"op_code": 5, "worker_id": "f8bbe29c-1164-47f2-8609-f753656205a6-140447914489664", "trial_id": 22, "param_name": "degree", "param_value_internal": 0, "distribution": "{\"name\": \"CategoricalDistribution\", \"attributes\": {\"choices\": [3]}}"}
{"op_code": 8, "worker_id": "f8bbe29c-1164-47f2-8609-f753656205a6-140447914489664", "trial_id": 22, "user_attr": {"best_epoch": 2}}
{"op_code": 8, "worker_id": "f8bbe29c-1164-47f2-8609-f753656205a6-140447914489664", "trial_id": 22, "user_attr": {"test_loss": 0.4450729062380201}}
{"op_code": 6, "worker_id": "f8bbe29c-1164-47f2-8609-f753656205a6-140447914489664", "trial_id": 22, "state": 1, "values": [0.44490955837857343], "datetime_complete": "2024-08-20T20:11:21.871646"}
{"op_code": 4, "worker_id": "f8bbe29c-1164-47f2-8609-f753656205a6-140447914489664", "study_id": 0, "datetime_start": "2024-08-20T20:11:21.880857"}
{"op_code": 5, "worker_id": "f8bbe29c-1164-47f2-8609-f753656205a6-140447914489664", "trial_id": 23, "param_name": "lr", "param_value_internal": 0.00017146533094594175, "distribution": "{\"name\": \"FloatDistribution\", \"attributes\": {\"step\": null, \"low\": 1e-05, \"high\": 0.001, \"log\": true}}"}
{"op_code": 5, "worker_id": "f8bbe29c-1164-47f2-8609-f753656205a6-140447914489664", "trial_id": 23, "param_name": "l2reg", "param_value_internal": 1.4739688975874562e-06, "distribution": "{\"name\": \"FloatDistribution\", \"attributes\": {\"step\": null, \"low\": 1e-08, \"high\": 0.001, \"log\": true}}"}
{"op_code": 5, "worker_id": "f8bbe29c-1164-47f2-8609-f753656205a6-140447914489664", "trial_id": 23, "param_name": "random_seed", "param_value_internal": 0, "distribution": "{\"name\": \"CategoricalDistribution\", \"attributes\": {\"choices\": [42]}}"}
{"op_code": 5, "worker_id": "f8bbe29c-1164-47f2-8609-f753656205a6-140447914489664", "trial_id": 23, "param_name": "degree", "param_value_internal": 0, "distribution": "{\"name\": \"CategoricalDistribution\", \"attributes\": {\"choices\": [3]}}"}
{"op_code": 8, "worker_id": "f8bbe29c-1164-47f2-8609-f753656205a6-140447914489664", "trial_id": 23, "user_attr": {"best_epoch": 1}}
{"op_code": 8, "worker_id": "f8bbe29c-1164-47f2-8609-f753656205a6-140447914489664", "trial_id": 23, "user_attr": {"test_loss": 0.4447356507155518}}
{"op_code": 6, "worker_id": "f8bbe29c-1164-47f2-8609-f753656205a6-140447914489664", "trial_id": 23, "state": 1, "values": [0.44456015938120674], "datetime_complete": "2024-08-20T20:31:30.327633"}
{"op_code": 4, "worker_id": "f8bbe29c-1164-47f2-8609-f753656205a6-140447914489664", "study_id": 0, "datetime_start": "2024-08-20T20:31:30.336699"}
{"op_code": 5, "worker_id": "f8bbe29c-1164-47f2-8609-f753656205a6-140447914489664", "trial_id": 24, "param_name": "lr", "param_value_internal": 0.0001263520971088908, "distribution": "{\"name\": \"FloatDistribution\", \"attributes\": {\"step\": null, \"low\": 1e-05, \"high\": 0.001, \"log\": true}}"}
{"op_code": 5, "worker_id": "f8bbe29c-1164-47f2-8609-f753656205a6-140447914489664", "trial_id": 24, "param_name": "l2reg", "param_value_internal": 4.129609405976803e-07, "distribution": "{\"name\": \"FloatDistribution\", \"attributes\": {\"step\": null, \"low\": 1e-08, \"high\": 0.001, \"log\": true}}"}
{"op_code": 5, "worker_id": "f8bbe29c-1164-47f2-8609-f753656205a6-140447914489664", "trial_id": 24, "param_name": "random_seed", "param_value_internal": 0, "distribution": "{\"name\": \"CategoricalDistribution\", \"attributes\": {\"choices\": [42]}}"}
{"op_code": 5, "worker_id": "f8bbe29c-1164-47f2-8609-f753656205a6-140447914489664", "trial_id": 24, "param_name": "degree", "param_value_internal": 0, "distribution": "{\"name\": \"CategoricalDistribution\", \"attributes\": {\"choices\": [3]}}"}
{"op_code": 8, "worker_id": "f8bbe29c-1164-47f2-8609-f753656205a6-140447914489664", "trial_id": 24, "user_attr": {"best_epoch": 1}}
{"op_code": 8, "worker_id": "f8bbe29c-1164-47f2-8609-f753656205a6-140447914489664", "trial_id": 24, "user_attr": {"test_loss": 0.444609561652171}}
{"op_code": 6, "worker_id": "f8bbe29c-1164-47f2-8609-f753656205a6-140447914489664", "trial_id": 24, "state": 1, "values": [0.4444231993371817], "datetime_complete": "2024-08-20T20:51:34.602479"}
{"op_code": 4, "worker_id": "f8bbe29c-1164-47f2-8609-f753656205a6-140447914489664", "study_id": 0, "datetime_start": "2024-08-20T20:51:34.611872"}
{"op_code": 5, "worker_id": "f8bbe29c-1164-47f2-8609-f753656205a6-140447914489664", "trial_id": 25, "param_name": "lr", "param_value_internal": 0.0002282550686339632, "distribution": "{\"name\": \"FloatDistribution\", \"attributes\": {\"step\": null, \"low\": 1e-05, \"high\": 0.001, \"log\": true}}"}
{"op_code": 5, "worker_id": "f8bbe29c-1164-47f2-8609-f753656205a6-140447914489664", "trial_id": 25, "param_name": "l2reg", "param_value_internal": 3.774506818956236e-06, "distribution": "{\"name\": \"FloatDistribution\", \"attributes\": {\"step\": null, \"low\": 1e-08, \"high\": 0.001, \"log\": true}}"}
{"op_code": 5, "worker_id": "f8bbe29c-1164-47f2-8609-f753656205a6-140447914489664", "trial_id": 25, "param_name": "random_seed", "param_value_internal": 0, "distribution": "{\"name\": \"CategoricalDistribution\", \"attributes\": {\"choices\": [42]}}"}
{"op_code": 5, "worker_id": "f8bbe29c-1164-47f2-8609-f753656205a6-140447914489664", "trial_id": 25, "param_name": "degree", "param_value_internal": 0, "distribution": "{\"name\": \"CategoricalDistribution\", \"attributes\": {\"choices\": [3]}}"}
{"op_code": 8, "worker_id": "f8bbe29c-1164-47f2-8609-f753656205a6-140447914489664", "trial_id": 25, "user_attr": {"best_epoch": 0}}
{"op_code": 8, "worker_id": "f8bbe29c-1164-47f2-8609-f753656205a6-140447914489664", "trial_id": 25, "user_attr": {"test_loss": 0.4453152677422001}}
{"op_code": 6, "worker_id": "f8bbe29c-1164-47f2-8609-f753656205a6-140447914489664", "trial_id": 25, "state": 1, "values": [0.44517140765838975], "datetime_complete": "2024-08-20T21:08:02.894681"}
{"op_code": 4, "worker_id": "f8bbe29c-1164-47f2-8609-f753656205a6-140447914489664", "study_id": 0, "datetime_start": "2024-08-20T21:08:02.905191"}
{"op_code": 5, "worker_id": "f8bbe29c-1164-47f2-8609-f753656205a6-140447914489664", "trial_id": 26, "param_name": "lr", "param_value_internal": 0.00037777660589913606, "distribution": "{\"name\": \"FloatDistribution\", \"attributes\": {\"step\": null, \"low\": 1e-05, \"high\": 0.001, \"log\": true}}"}
{"op_code": 5, "worker_id": "f8bbe29c-1164-47f2-8609-f753656205a6-140447914489664", "trial_id": 26, "param_name": "l2reg", "param_value_internal": 4.236773933998596e-05, "distribution": "{\"name\": \"FloatDistribution\", \"attributes\": {\"step\": null, \"low\": 1e-08, \"high\": 0.001, \"log\": true}}"}
{"op_code": 5, "worker_id": "f8bbe29c-1164-47f2-8609-f753656205a6-140447914489664", "trial_id": 26, "param_name": "random_seed", "param_value_internal": 0, "distribution": "{\"name\": \"CategoricalDistribution\", \"attributes\": {\"choices\": [42]}}"}
{"op_code": 5, "worker_id": "f8bbe29c-1164-47f2-8609-f753656205a6-140447914489664", "trial_id": 26, "param_name": "degree", "param_value_internal": 0, "distribution": "{\"name\": \"CategoricalDistribution\", \"attributes\": {\"choices\": [3]}}"}
{"op_code": 8, "worker_id": "f8bbe29c-1164-47f2-8609-f753656205a6-140447914489664", "trial_id": 26, "user_attr": {"best_epoch": 0}}
{"op_code": 8, "worker_id": "f8bbe29c-1164-47f2-8609-f753656205a6-140447914489664", "trial_id": 26, "user_attr": {"test_loss": 0.4448660663644407}}
{"op_code": 6, "worker_id": "f8bbe29c-1164-47f2-8609-f753656205a6-140447914489664", "trial_id": 26, "state": 1, "values": [0.4447580551920982], "datetime_complete": "2024-08-20T21:24:31.636004"}
{"op_code": 4, "worker_id": "f8bbe29c-1164-47f2-8609-f753656205a6-140447914489664", "study_id": 0, "datetime_start": "2024-08-20T21:24:31.649124"}
{"op_code": 5, "worker_id": "f8bbe29c-1164-47f2-8609-f753656205a6-140447914489664", "trial_id": 27, "param_name": "lr", "param_value_internal": 6.91608332635743e-05, "distribution": "{\"name\": \"FloatDistribution\", \"attributes\": {\"step\": null, \"low\": 1e-05, \"high\": 0.001, \"log\": true}}"}
{"op_code": 5, "worker_id": "f8bbe29c-1164-47f2-8609-f753656205a6-140447914489664", "trial_id": 27, "param_name": "l2reg", "param_value_internal": 1.6725088571097363e-05, "distribution": "{\"name\": \"FloatDistribution\", \"attributes\": {\"step\": null, \"low\": 1e-08, \"high\": 0.001, \"log\": true}}"}
{"op_code": 5, "worker_id": "f8bbe29c-1164-47f2-8609-f753656205a6-140447914489664", "trial_id": 27, "param_name": "random_seed", "param_value_internal": 0, "distribution": "{\"name\": \"CategoricalDistribution\", \"attributes\": {\"choices\": [42]}}"}
{"op_code": 5, "worker_id": "f8bbe29c-1164-47f2-8609-f753656205a6-140447914489664", "trial_id": 27, "param_name": "degree", "param_value_internal": 0, "distribution": "{\"name\": \"CategoricalDistribution\", \"attributes\": {\"choices\": [3]}}"}
{"op_code": 8, "worker_id": "f8bbe29c-1164-47f2-8609-f753656205a6-140447914489664", "trial_id": 27, "user_attr": {"best_epoch": 2}}
{"op_code": 8, "worker_id": "f8bbe29c-1164-47f2-8609-f753656205a6-140447914489664", "trial_id": 27, "user_attr": {"test_loss": 0.44517790774178123}}
{"op_code": 6, "worker_id": "f8bbe29c-1164-47f2-8609-f753656205a6-140447914489664", "trial_id": 27, "state": 1, "values": [0.4450320116380043], "datetime_complete": "2024-08-20T21:48:13.647852"}
{"op_code": 4, "worker_id": "f8bbe29c-1164-47f2-8609-f753656205a6-140447914489664", "study_id": 0, "datetime_start": "2024-08-20T21:48:13.656971"}
{"op_code": 5, "worker_id": "f8bbe29c-1164-47f2-8609-f753656205a6-140447914489664", "trial_id": 28, "param_name": "lr", "param_value_internal": 0.0001289998821790121, "distribution": "{\"name\": \"FloatDistribution\", \"attributes\": {\"step\": null, \"low\": 1e-05, \"high\": 0.001, \"log\": true}}"}
{"op_code": 5, "worker_id": "f8bbe29c-1164-47f2-8609-f753656205a6-140447914489664", "trial_id": 28, "param_name": "l2reg", "param_value_internal": 3.300912197277268e-08, "distribution": "{\"name\": \"FloatDistribution\", \"attributes\": {\"step\": null, \"low\": 1e-08, \"high\": 0.001, \"log\": true}}"}
{"op_code": 5, "worker_id": "f8bbe29c-1164-47f2-8609-f753656205a6-140447914489664", "trial_id": 28, "param_name": "random_seed", "param_value_internal": 0, "distribution": "{\"name\": \"CategoricalDistribution\", \"attributes\": {\"choices\": [42]}}"}
{"op_code": 5, "worker_id": "f8bbe29c-1164-47f2-8609-f753656205a6-140447914489664", "trial_id": 28, "param_name": "degree", "param_value_internal": 0, "distribution": "{\"name\": \"CategoricalDistribution\", \"attributes\": {\"choices\": [3]}}"}
{"op_code": 8, "worker_id": "f8bbe29c-1164-47f2-8609-f753656205a6-140447914489664", "trial_id": 28, "user_attr": {"best_epoch": 1}}
{"op_code": 8, "worker_id": "f8bbe29c-1164-47f2-8609-f753656205a6-140447914489664", "trial_id": 28, "user_attr": {"test_loss": 0.4445926552466139}}
{"op_code": 6, "worker_id": "f8bbe29c-1164-47f2-8609-f753656205a6-140447914489664", "trial_id": 28, "state": 1, "values": [0.4444062202183711], "datetime_complete": "2024-08-20T22:08:20.048251"}
{"op_code": 4, "worker_id": "f8bbe29c-1164-47f2-8609-f753656205a6-140447914489664", "study_id": 0, "datetime_start": "2024-08-20T22:08:20.057371"}
{"op_code": 5, "worker_id": "f8bbe29c-1164-47f2-8609-f753656205a6-140447914489664", "trial_id": 29, "param_name": "lr", "param_value_internal": 5.2585573134386886e-05, "distribution": "{\"name\": \"FloatDistribution\", \"attributes\": {\"step\": null, \"low\": 1e-05, \"high\": 0.001, \"log\": true}}"}
{"op_code": 5, "worker_id": "f8bbe29c-1164-47f2-8609-f753656205a6-140447914489664", "trial_id": 29, "param_name": "l2reg", "param_value_internal": 1.677495083967957e-08, "distribution": "{\"name\": \"FloatDistribution\", \"attributes\": {\"step\": null, \"low\": 1e-08, \"high\": 0.001, \"log\": true}}"}
{"op_code": 5, "worker_id": "f8bbe29c-1164-47f2-8609-f753656205a6-140447914489664", "trial_id": 29, "param_name": "random_seed", "param_value_internal": 0, "distribution": "{\"name\": \"CategoricalDistribution\", \"attributes\": {\"choices\": [42]}}"}
{"op_code": 5, "worker_id": "f8bbe29c-1164-47f2-8609-f753656205a6-140447914489664", "trial_id": 29, "param_name": "degree", "param_value_internal": 0, "distribution": "{\"name\": \"CategoricalDistribution\", \"attributes\": {\"choices\": [3]}}"}
{"op_code": 8, "worker_id": "f8bbe29c-1164-47f2-8609-f753656205a6-140447914489664", "trial_id": 29, "user_attr": {"best_epoch": 3}}
{"op_code": 8, "worker_id": "f8bbe29c-1164-47f2-8609-f753656205a6-140447914489664", "trial_id": 29, "user_attr": {"test_loss": 0.44523709834016184}}
{"op_code": 6, "worker_id": "f8bbe29c-1164-47f2-8609-f753656205a6-140447914489664", "trial_id": 29, "state": 1, "values": [0.44508011308165846], "datetime_complete": "2024-08-20T22:35:30.383082"}
{"op_code": 4, "worker_id": "f8bbe29c-1164-47f2-8609-f753656205a6-140447914489664", "study_id": 0, "datetime_start": "2024-08-20T22:35:30.394774"}
{"op_code": 5, "worker_id": "f8bbe29c-1164-47f2-8609-f753656205a6-140447914489664", "trial_id": 30, "param_name": "lr", "param_value_internal": 7.18169566087016e-05, "distribution": "{\"name\": \"FloatDistribution\", \"attributes\": {\"step\": null, \"low\": 1e-05, \"high\": 0.001, \"log\": true}}"}
{"op_code": 5, "worker_id": "f8bbe29c-1164-47f2-8609-f753656205a6-140447914489664", "trial_id": 30, "param_name": "l2reg", "param_value_internal": 2.598966592295443e-08, "distribution": "{\"name\": \"FloatDistribution\", \"attributes\": {\"step\": null, \"low\": 1e-08, \"high\": 0.001, \"log\": true}}"}
{"op_code": 5, "worker_id": "f8bbe29c-1164-47f2-8609-f753656205a6-140447914489664", "trial_id": 30, "param_name": "random_seed", "param_value_internal": 0, "distribution": "{\"name\": \"CategoricalDistribution\", \"attributes\": {\"choices\": [42]}}"}
{"op_code": 5, "worker_id": "f8bbe29c-1164-47f2-8609-f753656205a6-140447914489664", "trial_id": 30, "param_name": "degree", "param_value_internal": 0, "distribution": "{\"name\": \"CategoricalDistribution\", \"attributes\": {\"choices\": [3]}}"}
{"op_code": 8, "worker_id": "f8bbe29c-1164-47f2-8609-f753656205a6-140447914489664", "trial_id": 30, "user_attr": {"best_epoch": 2}}
{"op_code": 8, "worker_id": "f8bbe29c-1164-47f2-8609-f753656205a6-140447914489664", "trial_id": 30, "user_attr": {"test_loss": 0.4450928667039359}}
{"op_code": 6, "worker_id": "f8bbe29c-1164-47f2-8609-f753656205a6-140447914489664", "trial_id": 30, "state": 1, "values": [0.44494515271972035], "datetime_complete": "2024-08-20T22:59:19.805037"}
{"op_code": 4, "worker_id": "f8bbe29c-1164-47f2-8609-f753656205a6-140447914489664", "study_id": 0, "datetime_start": "2024-08-20T22:59:19.820198"}
{"op_code": 5, "worker_id": "f8bbe29c-1164-47f2-8609-f753656205a6-140447914489664", "trial_id": 31, "param_name": "lr", "param_value_internal": 0.00013109833200274283, "distribution": "{\"name\": \"FloatDistribution\", \"attributes\": {\"step\": null, \"low\": 1e-05, \"high\": 0.001, \"log\": true}}"}
{"op_code": 5, "worker_id": "f8bbe29c-1164-47f2-8609-f753656205a6-140447914489664", "trial_id": 31, "param_name": "l2reg", "param_value_internal": 3.974082859790436e-08, "distribution": "{\"name\": \"FloatDistribution\", \"attributes\": {\"step\": null, \"low\": 1e-08, \"high\": 0.001, \"log\": true}}"}
{"op_code": 5, "worker_id": "f8bbe29c-1164-47f2-8609-f753656205a6-140447914489664", "trial_id": 31, "param_name": "random_seed", "param_value_internal": 0, "distribution": "{\"name\": \"CategoricalDistribution\", \"attributes\": {\"choices\": [42]}}"}
{"op_code": 5, "worker_id": "f8bbe29c-1164-47f2-8609-f753656205a6-140447914489664", "trial_id": 31, "param_name": "degree", "param_value_internal": 0, "distribution": "{\"name\": \"CategoricalDistribution\", \"attributes\": {\"choices\": [3]}}"}
{"op_code": 8, "worker_id": "f8bbe29c-1164-47f2-8609-f753656205a6-140447914489664", "trial_id": 31, "user_attr": {"best_epoch": 1}}
{"op_code": 8, "worker_id": "f8bbe29c-1164-47f2-8609-f753656205a6-140447914489664", "trial_id": 31, "user_attr": {"test_loss": 0.4445821114668041}}
{"op_code": 6, "worker_id": "f8bbe29c-1164-47f2-8609-f753656205a6-140447914489664", "trial_id": 31, "state": 1, "values": [0.4443960763765121], "datetime_complete": "2024-08-20T23:19:21.822079"}
{"op_code": 4, "worker_id": "f8bbe29c-1164-47f2-8609-f753656205a6-140447914489664", "study_id": 0, "datetime_start": "2024-08-20T23:19:21.836172"}
{"op_code": 5, "worker_id": "f8bbe29c-1164-47f2-8609-f753656205a6-140447914489664", "trial_id": 32, "param_name": "lr", "param_value_internal": 0.0001187548937100803, "distribution": "{\"name\": \"FloatDistribution\", \"attributes\": {\"step\": null, \"low\": 1e-05, \"high\": 0.001, \"log\": true}}"}
{"op_code": 5, "worker_id": "f8bbe29c-1164-47f2-8609-f753656205a6-140447914489664", "trial_id": 32, "param_name": "l2reg", "param_value_internal": 5.390072992966506e-08, "distribution": "{\"name\": \"FloatDistribution\", \"attributes\": {\"step\": null, \"low\": 1e-08, \"high\": 0.001, \"log\": true}}"}
{"op_code": 5, "worker_id": "f8bbe29c-1164-47f2-8609-f753656205a6-140447914489664", "trial_id": 32, "param_name": "random_seed", "param_value_internal": 0, "distribution": "{\"name\": \"CategoricalDistribution\", \"attributes\": {\"choices\": [42]}}"}
{"op_code": 5, "worker_id": "f8bbe29c-1164-47f2-8609-f753656205a6-140447914489664", "trial_id": 32, "param_name": "degree", "param_value_internal": 0, "distribution": "{\"name\": \"CategoricalDistribution\", \"attributes\": {\"choices\": [3]}}"}
{"op_code": 8, "worker_id": "f8bbe29c-1164-47f2-8609-f753656205a6-140447914489664", "trial_id": 32, "user_attr": {"best_epoch": 1}}
{"op_code": 8, "worker_id": "f8bbe29c-1164-47f2-8609-f753656205a6-140447914489664", "trial_id": 32, "user_attr": {"test_loss": 0.4446858768032772}}
{"op_code": 6, "worker_id": "f8bbe29c-1164-47f2-8609-f753656205a6-140447914489664", "trial_id": 32, "state": 1, "values": [0.4444988236779229], "datetime_complete": "2024-08-20T23:39:22.145891"}
{"op_code": 4, "worker_id": "f8bbe29c-1164-47f2-8609-f753656205a6-140447914489664", "study_id": 0, "datetime_start": "2024-08-20T23:39:22.156285"}
{"op_code": 5, "worker_id": "f8bbe29c-1164-47f2-8609-f753656205a6-140447914489664", "trial_id": 33, "param_name": "lr", "param_value_internal": 0.00020424531729975532, "distribution": "{\"name\": \"FloatDistribution\", \"attributes\": {\"step\": null, \"low\": 1e-05, \"high\": 0.001, \"log\": true}}"}
{"op_code": 5, "worker_id": "f8bbe29c-1164-47f2-8609-f753656205a6-140447914489664", "trial_id": 33, "param_name": "l2reg", "param_value_internal": 3.459888716860206e-08, "distribution": "{\"name\": \"FloatDistribution\", \"attributes\": {\"step\": null, \"low\": 1e-08, \"high\": 0.001, \"log\": true}}"}
{"op_code": 5, "worker_id": "f8bbe29c-1164-47f2-8609-f753656205a6-140447914489664", "trial_id": 33, "param_name": "random_seed", "param_value_internal": 0, "distribution": "{\"name\": \"CategoricalDistribution\", \"attributes\": {\"choices\": [42]}}"}
{"op_code": 5, "worker_id": "f8bbe29c-1164-47f2-8609-f753656205a6-140447914489664", "trial_id": 33, "param_name": "degree", "param_value_internal": 0, "distribution": "{\"name\": \"CategoricalDistribution\", \"attributes\": {\"choices\": [3]}}"}
{"op_code": 8, "worker_id": "f8bbe29c-1164-47f2-8609-f753656205a6-140447914489664", "trial_id": 33, "user_attr": {"best_epoch": 1}}
{"op_code": 8, "worker_id": "f8bbe29c-1164-47f2-8609-f753656205a6-140447914489664", "trial_id": 33, "user_attr": {"test_loss": 0.44509737507875113}}
{"op_code": 6, "worker_id": "f8bbe29c-1164-47f2-8609-f753656205a6-140447914489664", "trial_id": 33, "state": 1, "values": [0.44492737372807495], "datetime_complete": "2024-08-20T23:59:25.865835"}
{"op_code": 4, "worker_id": "f8bbe29c-1164-47f2-8609-f753656205a6-140447914489664", "study_id": 0, "datetime_start": "2024-08-20T23:59:25.918069"}
{"op_code": 5, "worker_id": "f8bbe29c-1164-47f2-8609-f753656205a6-140447914489664", "trial_id": 34, "param_name": "lr", "param_value_internal": 8.820408621742424e-05, "distribution": "{\"name\": \"FloatDistribution\", \"attributes\": {\"step\": null, \"low\": 1e-05, \"high\": 0.001, \"log\": true}}"}
{"op_code": 5, "worker_id": "f8bbe29c-1164-47f2-8609-f753656205a6-140447914489664", "trial_id": 34, "param_name": "l2reg", "param_value_internal": 1.492364475820446e-07, "distribution": "{\"name\": \"FloatDistribution\", \"attributes\": {\"step\": null, \"low\": 1e-08, \"high\": 0.001, \"log\": true}}"}
{"op_code": 5, "worker_id": "f8bbe29c-1164-47f2-8609-f753656205a6-140447914489664", "trial_id": 34, "param_name": "random_seed", "param_value_internal": 0, "distribution": "{\"name\": \"CategoricalDistribution\", \"attributes\": {\"choices\": [42]}}"}
{"op_code": 5, "worker_id": "f8bbe29c-1164-47f2-8609-f753656205a6-140447914489664", "trial_id": 34, "param_name": "degree", "param_value_internal": 0, "distribution": "{\"name\": \"CategoricalDistribution\", \"attributes\": {\"choices\": [3]}}"}
{"op_code": 8, "worker_id": "f8bbe29c-1164-47f2-8609-f753656205a6-140447914489664", "trial_id": 34, "user_attr": {"best_epoch": 2}}
{"op_code": 8, "worker_id": "f8bbe29c-1164-47f2-8609-f753656205a6-140447914489664", "trial_id": 34, "user_attr": {"test_loss": 0.44499059203978075}}
{"op_code": 6, "worker_id": "f8bbe29c-1164-47f2-8609-f753656205a6-140447914489664", "trial_id": 34, "state": 1, "values": [0.4448300437472268], "datetime_complete": "2024-08-21T00:23:04.245691"}
{"op_code": 4, "worker_id": "f8bbe29c-1164-47f2-8609-f753656205a6-140447914489664", "study_id": 0, "datetime_start": "2024-08-21T00:23:04.258309"}
{"op_code": 5, "worker_id": "f8bbe29c-1164-47f2-8609-f753656205a6-140447914489664", "trial_id": 35, "param_name": "lr", "param_value_internal": 0.0003291907649972463, "distribution": "{\"name\": \"FloatDistribution\", \"attributes\": {\"step\": null, \"low\": 1e-05, \"high\": 0.001, \"log\": true}}"}
{"op_code": 5, "worker_id": "f8bbe29c-1164-47f2-8609-f753656205a6-140447914489664", "trial_id": 35, "param_name": "l2reg", "param_value_internal": 1.9889883641944733e-07, "distribution": "{\"name\": \"FloatDistribution\", \"attributes\": {\"step\": null, \"low\": 1e-08, \"high\": 0.001, \"log\": true}}"}
{"op_code": 5, "worker_id": "f8bbe29c-1164-47f2-8609-f753656205a6-140447914489664", "trial_id": 35, "param_name": "random_seed", "param_value_internal": 0, "distribution": "{\"name\": \"CategoricalDistribution\", \"attributes\": {\"choices\": [42]}}"}
{"op_code": 5, "worker_id": "f8bbe29c-1164-47f2-8609-f753656205a6-140447914489664", "trial_id": 35, "param_name": "degree", "param_value_internal": 0, "distribution": "{\"name\": \"CategoricalDistribution\", \"attributes\": {\"choices\": [3]}}"}
{"op_code": 8, "worker_id": "f8bbe29c-1164-47f2-8609-f753656205a6-140447914489664", "trial_id": 35, "user_attr": {"best_epoch": 0}}
{"op_code": 8, "worker_id": "f8bbe29c-1164-47f2-8609-f753656205a6-140447914489664", "trial_id": 35, "user_attr": {"test_loss": 0.44491889433707404}}
{"op_code": 6, "worker_id": "f8bbe29c-1164-47f2-8609-f753656205a6-140447914489664", "trial_id": 35, "state": 1, "values": [0.4447994304323691], "datetime_complete": "2024-08-21T00:39:33.368159"}
{"op_code": 4, "worker_id": "f8bbe29c-1164-47f2-8609-f753656205a6-140447914489664", "study_id": 0, "datetime_start": "2024-08-21T00:39:33.378119"}
{"op_code": 5, "worker_id": "f8bbe29c-1164-47f2-8609-f753656205a6-140447914489664", "trial_id": 36, "param_name": "lr", "param_value_internal": 0.0002236510639711193, "distribution": "{\"name\": \"FloatDistribution\", \"attributes\": {\"step\": null, \"low\": 1e-05, \"high\": 0.001, \"log\": true}}"}
{"op_code": 5, "worker_id": "f8bbe29c-1164-47f2-8609-f753656205a6-140447914489664", "trial_id": 36, "param_name": "l2reg", "param_value_internal": 3.3417459677955064e-08, "distribution": "{\"name\": \"FloatDistribution\", \"attributes\": {\"step\": null, \"low\": 1e-08, \"high\": 0.001, \"log\": true}}"}
{"op_code": 5, "worker_id": "f8bbe29c-1164-47f2-8609-f753656205a6-140447914489664", "trial_id": 36, "param_name": "random_seed", "param_value_internal": 0, "distribution": "{\"name\": \"CategoricalDistribution\", \"attributes\": {\"choices\": [42]}}"}
{"op_code": 5, "worker_id": "f8bbe29c-1164-47f2-8609-f753656205a6-140447914489664", "trial_id": 36, "param_name": "degree", "param_value_internal": 0, "distribution": "{\"name\": \"CategoricalDistribution\", \"attributes\": {\"choices\": [3]}}"}
{"op_code": 8, "worker_id": "f8bbe29c-1164-47f2-8609-f753656205a6-140447914489664", "trial_id": 36, "user_attr": {"best_epoch": 1}}
{"op_code": 8, "worker_id": "f8bbe29c-1164-47f2-8609-f753656205a6-140447914489664", "trial_id": 36, "user_attr": {"test_loss": 0.4453317742112816}}
{"op_code": 6, "worker_id": "f8bbe29c-1164-47f2-8609-f753656205a6-140447914489664", "trial_id": 36, "state": 1, "values": [0.44516577219069026], "datetime_complete": "2024-08-21T00:59:40.740658"}
{"op_code": 4, "worker_id": "f8bbe29c-1164-47f2-8609-f753656205a6-140447914489664", "study_id": 0, "datetime_start": "2024-08-21T00:59:40.789990"}
{"op_code": 5, "worker_id": "f8bbe29c-1164-47f2-8609-f753656205a6-140447914489664", "trial_id": 37, "param_name": "lr", "param_value_internal": 0.00014330568936386567, "distribution": "{\"name\": \"FloatDistribution\", \"attributes\": {\"step\": null, \"low\": 1e-05, \"high\": 0.001, \"log\": true}}"}
{"op_code": 5, "worker_id": "f8bbe29c-1164-47f2-8609-f753656205a6-140447914489664", "trial_id": 37, "param_name": "l2reg", "param_value_internal": 5.825148555202937e-07, "distribution": "{\"name\": \"FloatDistribution\", \"attributes\": {\"step\": null, \"low\": 1e-08, \"high\": 0.001, \"log\": true}}"}
{"op_code": 5, "worker_id": "f8bbe29c-1164-47f2-8609-f753656205a6-140447914489664", "trial_id": 37, "param_name": "random_seed", "param_value_internal": 0, "distribution": "{\"name\": \"CategoricalDistribution\", \"attributes\": {\"choices\": [42]}}"}
{"op_code": 5, "worker_id": "f8bbe29c-1164-47f2-8609-f753656205a6-140447914489664", "trial_id": 37, "param_name": "degree", "param_value_internal": 0, "distribution": "{\"name\": \"CategoricalDistribution\", \"attributes\": {\"choices\": [3]}}"}
{"op_code": 8, "worker_id": "f8bbe29c-1164-47f2-8609-f753656205a6-140447914489664", "trial_id": 37, "user_attr": {"best_epoch": 1}}
{"op_code": 8, "worker_id": "f8bbe29c-1164-47f2-8609-f753656205a6-140447914489664", "trial_id": 37, "user_attr": {"test_loss": 0.4445666593757035}}
{"op_code": 6, "worker_id": "f8bbe29c-1164-47f2-8609-f753656205a6-140447914489664", "trial_id": 37, "state": 1, "values": [0.4443834238425804], "datetime_complete": "2024-08-21T01:19:48.110972"}
{"op_code": 4, "worker_id": "f8bbe29c-1164-47f2-8609-f753656205a6-140447914489664", "study_id": 0, "datetime_start": "2024-08-21T01:19:48.134682"}
{"op_code": 5, "worker_id": "f8bbe29c-1164-47f2-8609-f753656205a6-140447914489664", "trial_id": 38, "param_name": "lr", "param_value_internal": 2.8696080597695934e-05, "distribution": "{\"name\": \"FloatDistribution\", \"attributes\": {\"step\": null, \"low\": 1e-05, \"high\": 0.001, \"log\": true}}"}
{"op_code": 5, "worker_id": "f8bbe29c-1164-47f2-8609-f753656205a6-140447914489664", "trial_id": 38, "param_name": "l2reg", "param_value_internal": 5.576863430782953e-07, "distribution": "{\"name\": \"FloatDistribution\", \"attributes\": {\"step\": null, \"low\": 1e-08, \"high\": 0.001, \"log\": true}}"}
{"op_code": 5, "worker_id": "f8bbe29c-1164-47f2-8609-f753656205a6-140447914489664", "trial_id": 38, "param_name": "random_seed", "param_value_internal": 0, "distribution": "{\"name\": \"CategoricalDistribution\", \"attributes\": {\"choices\": [42]}}"}
{"op_code": 5, "worker_id": "f8bbe29c-1164-47f2-8609-f753656205a6-140447914489664", "trial_id": 38, "param_name": "degree", "param_value_internal": 0, "distribution": "{\"name\": \"CategoricalDistribution\", \"attributes\": {\"choices\": [3]}}"}
{"op_code": 8, "worker_id": "f8bbe29c-1164-47f2-8609-f753656205a6-140447914489664", "trial_id": 38, "user_attr": {"best_epoch": 7}}
{"op_code": 8, "worker_id": "f8bbe29c-1164-47f2-8609-f753656205a6-140447914489664", "trial_id": 38, "user_attr": {"test_loss": 0.44565412301057056}}
{"op_code": 6, "worker_id": "f8bbe29c-1164-47f2-8609-f753656205a6-140447914489664", "trial_id": 38, "state": 1, "values": [0.4454856849667391], "datetime_complete": "2024-08-21T02:01:35.409088"}
{"op_code": 4, "worker_id": "f8bbe29c-1164-47f2-8609-f753656205a6-140447914489664", "study_id": 0, "datetime_start": "2024-08-21T02:01:35.423967"}
{"op_code": 5, "worker_id": "f8bbe29c-1164-47f2-8609-f753656205a6-140447914489664", "trial_id": 39, "param_name": "lr", "param_value_internal": 0.00016153502051196255, "distribution": "{\"name\": \"FloatDistribution\", \"attributes\": {\"step\": null, \"low\": 1e-05, \"high\": 0.001, \"log\": true}}"}
{"op_code": 5, "worker_id": "f8bbe29c-1164-47f2-8609-f753656205a6-140447914489664", "trial_id": 39, "param_name": "l2reg", "param_value_internal": 8.225551280965879e-08, "distribution": "{\"name\": \"FloatDistribution\", \"attributes\": {\"step\": null, \"low\": 1e-08, \"high\": 0.001, \"log\": true}}"}
{"op_code": 5, "worker_id": "f8bbe29c-1164-47f2-8609-f753656205a6-140447914489664", "trial_id": 39, "param_name": "random_seed", "param_value_internal": 0, "distribution": "{\"name\": \"CategoricalDistribution\", \"attributes\": {\"choices\": [42]}}"}
{"op_code": 5, "worker_id": "f8bbe29c-1164-47f2-8609-f753656205a6-140447914489664", "trial_id": 39, "param_name": "degree", "param_value_internal": 0, "distribution": "{\"name\": \"CategoricalDistribution\", \"attributes\": {\"choices\": [3]}}"}
{"op_code": 8, "worker_id": "f8bbe29c-1164-47f2-8609-f753656205a6-140447914489664", "trial_id": 39, "user_attr": {"best_epoch": 1}}
{"op_code": 8, "worker_id": "f8bbe29c-1164-47f2-8609-f753656205a6-140447914489664", "trial_id": 39, "user_attr": {"test_loss": 0.44465246392863855}}
{"op_code": 6, "worker_id": "f8bbe29c-1164-47f2-8609-f753656205a6-140447914489664", "trial_id": 39, "state": 1, "values": [0.44447453663003106], "datetime_complete": "2024-08-21T02:21:40.552570"}
{"op_code": 4, "worker_id": "f8bbe29c-1164-47f2-8609-f753656205a6-140447914489664", "study_id": 0, "datetime_start": "2024-08-21T02:21:40.571049"}
{"op_code": 5, "worker_id": "f8bbe29c-1164-47f2-8609-f753656205a6-140447914489664", "trial_id": 40, "param_name": "lr", "param_value_internal": 0.00037801809398756836, "distribution": "{\"name\": \"FloatDistribution\", \"attributes\": {\"step\": null, \"low\": 1e-05, \"high\": 0.001, \"log\": true}}"}
{"op_code": 5, "worker_id": "f8bbe29c-1164-47f2-8609-f753656205a6-140447914489664", "trial_id": 40, "param_name": "l2reg", "param_value_internal": 1.0656687194975715e-06, "distribution": "{\"name\": \"FloatDistribution\", \"attributes\": {\"step\": null, \"low\": 1e-08, \"high\": 0.001, \"log\": true}}"}
{"op_code": 5, "worker_id": "f8bbe29c-1164-47f2-8609-f753656205a6-140447914489664", "trial_id": 40, "param_name": "random_seed", "param_value_internal": 0, "distribution": "{\"name\": \"CategoricalDistribution\", \"attributes\": {\"choices\": [42]}}"}
{"op_code": 5, "worker_id": "f8bbe29c-1164-47f2-8609-f753656205a6-140447914489664", "trial_id": 40, "param_name": "degree", "param_value_internal": 0, "distribution": "{\"name\": \"CategoricalDistribution\", \"attributes\": {\"choices\": [3]}}"}
{"op_code": 8, "worker_id": "f8bbe29c-1164-47f2-8609-f753656205a6-140447914489664", "trial_id": 40, "user_attr": {"best_epoch": 0}}
{"op_code": 8, "worker_id": "f8bbe29c-1164-47f2-8609-f753656205a6-140447914489664", "trial_id": 40, "user_attr": {"test_loss": 0.4448659572908565}}
{"op_code": 6, "worker_id": "f8bbe29c-1164-47f2-8609-f753656205a6-140447914489664", "trial_id": 40, "state": 1, "values": [0.4447580551920982], "datetime_complete": "2024-08-21T02:38:12.878423"}
{"op_code": 4, "worker_id": "f8bbe29c-1164-47f2-8609-f753656205a6-140447914489664", "study_id": 0, "datetime_start": "2024-08-21T02:38:12.888072"}
{"op_code": 5, "worker_id": "f8bbe29c-1164-47f2-8609-f753656205a6-140447914489664", "trial_id": 41, "param_name": "lr", "param_value_internal": 0.00013155267880799764, "distribution": "{\"name\": \"FloatDistribution\", \"attributes\": {\"step\": null, \"low\": 1e-05, \"high\": 0.001, \"log\": true}}"}
{"op_code": 5, "worker_id": "f8bbe29c-1164-47f2-8609-f753656205a6-140447914489664", "trial_id": 41, "param_name": "l2reg", "param_value_internal": 6.137577286233436e-08, "distribution": "{\"name\": \"FloatDistribution\", \"attributes\": {\"step\": null, \"low\": 1e-08, \"high\": 0.001, \"log\": true}}"}
{"op_code": 5, "worker_id": "f8bbe29c-1164-47f2-8609-f753656205a6-140447914489664", "trial_id": 41, "param_name": "random_seed", "param_value_internal": 0, "distribution": "{\"name\": \"CategoricalDistribution\", \"attributes\": {\"choices\": [42]}}"}
{"op_code": 5, "worker_id": "f8bbe29c-1164-47f2-8609-f753656205a6-140447914489664", "trial_id": 41, "param_name": "degree", "param_value_internal": 0, "distribution": "{\"name\": \"CategoricalDistribution\", \"attributes\": {\"choices\": [3]}}"}
{"op_code": 8, "worker_id": "f8bbe29c-1164-47f2-8609-f753656205a6-140447914489664", "trial_id": 41, "user_attr": {"best_epoch": 1}}
{"op_code": 8, "worker_id": "f8bbe29c-1164-47f2-8609-f753656205a6-140447914489664", "trial_id": 41, "user_attr": {"test_loss": 0.44458000271084214}}
{"op_code": 6, "worker_id": "f8bbe29c-1164-47f2-8609-f753656205a6-140447914489664", "trial_id": 41, "state": 1, "values": [0.44439407669442516], "datetime_complete": "2024-08-21T02:58:13.507625"}
{"op_code": 4, "worker_id": "f8bbe29c-1164-47f2-8609-f753656205a6-140447914489664", "study_id": 0, "datetime_start": "2024-08-21T02:58:13.520358"}
{"op_code": 5, "worker_id": "f8bbe29c-1164-47f2-8609-f753656205a6-140447914489664", "trial_id": 42, "param_name": "lr", "param_value_internal": 8.58906262658679e-05, "distribution": "{\"name\": \"FloatDistribution\", \"attributes\": {\"step\": null, \"low\": 1e-05, \"high\": 0.001, \"log\": true}}"}
{"op_code": 5, "worker_id": "f8bbe29c-1164-47f2-8609-f753656205a6-140447914489664", "trial_id": 42, "param_name": "l2reg", "param_value_internal": 2.3241598003804815e-07, "distribution": "{\"name\": \"FloatDistribution\", \"attributes\": {\"step\": null, \"low\": 1e-08, \"high\": 0.001, \"log\": true}}"}
{"op_code": 5, "worker_id": "f8bbe29c-1164-47f2-8609-f753656205a6-140447914489664", "trial_id": 42, "param_name": "random_seed", "param_value_internal": 0, "distribution": "{\"name\": \"CategoricalDistribution\", \"attributes\": {\"choices\": [42]}}"}
{"op_code": 5, "worker_id": "f8bbe29c-1164-47f2-8609-f753656205a6-140447914489664", "trial_id": 42, "param_name": "degree", "param_value_internal": 0, "distribution": "{\"name\": \"CategoricalDistribution\", \"attributes\": {\"choices\": [3]}}"}
{"op_code": 8, "worker_id": "f8bbe29c-1164-47f2-8609-f753656205a6-140447914489664", "trial_id": 42, "user_attr": {"best_epoch": 2}}
{"op_code": 8, "worker_id": "f8bbe29c-1164-47f2-8609-f753656205a6-140447914489664", "trial_id": 42, "user_attr": {"test_loss": 0.4449688136807943}}
{"op_code": 6, "worker_id": "f8bbe29c-1164-47f2-8609-f753656205a6-140447914489664", "trial_id": 42, "state": 1, "values": [0.4448100832842139], "datetime_complete": "2024-08-21T03:21:59.536970"}
{"op_code": 4, "worker_id": "f8bbe29c-1164-47f2-8609-f753656205a6-140447914489664", "study_id": 0, "datetime_start": "2024-08-21T03:21:59.558574"}
{"op_code": 5, "worker_id": "f8bbe29c-1164-47f2-8609-f753656205a6-140447914489664", "trial_id": 43, "param_name": "lr", "param_value_internal": 0.00014839838416327, "distribution": "{\"name\": \"FloatDistribution\", \"attributes\": {\"step\": null, \"low\": 1e-05, \"high\": 0.001, \"log\": true}}"}
{"op_code": 5, "worker_id": "f8bbe29c-1164-47f2-8609-f753656205a6-140447914489664", "trial_id": 43, "param_name": "l2reg", "param_value_internal": 6.996573229642077e-08, "distribution": "{\"name\": \"FloatDistribution\", \"attributes\": {\"step\": null, \"low\": 1e-08, \"high\": 0.001, \"log\": true}}"}
{"op_code": 5, "worker_id": "f8bbe29c-1164-47f2-8609-f753656205a6-140447914489664", "trial_id": 43, "param_name": "random_seed", "param_value_internal": 0, "distribution": "{\"name\": \"CategoricalDistribution\", \"attributes\": {\"choices\": [42]}}"}
{"op_code": 5, "worker_id": "f8bbe29c-1164-47f2-8609-f753656205a6-140447914489664", "trial_id": 43, "param_name": "degree", "param_value_internal": 0, "distribution": "{\"name\": \"CategoricalDistribution\", \"attributes\": {\"choices\": [3]}}"}
{"op_code": 8, "worker_id": "f8bbe29c-1164-47f2-8609-f753656205a6-140447914489664", "trial_id": 43, "user_attr": {"best_epoch": 1}}
{"op_code": 8, "worker_id": "f8bbe29c-1164-47f2-8609-f753656205a6-140447914489664", "trial_id": 43, "user_attr": {"test_loss": 0.4445793119114753}}
{"op_code": 6, "worker_id": "f8bbe29c-1164-47f2-8609-f753656205a6-140447914489664", "trial_id": 43, "state": 1, "values": [0.4443974216171887], "datetime_complete": "2024-08-21T03:42:09.223776"}
{"op_code": 4, "worker_id": "f8bbe29c-1164-47f2-8609-f753656205a6-140447914489664", "study_id": 0, "datetime_start": "2024-08-21T03:42:09.235186"}
{"op_code": 5, "worker_id": "f8bbe29c-1164-47f2-8609-f753656205a6-140447914489664", "trial_id": 44, "param_name": "lr", "param_value_internal": 5.7592436584032395e-05, "distribution": "{\"name\": \"FloatDistribution\", \"attributes\": {\"step\": null, \"low\": 1e-05, \"high\": 0.001, \"log\": true}}"}
{"op_code": 5, "worker_id": "f8bbe29c-1164-47f2-8609-f753656205a6-140447914489664", "trial_id": 44, "param_name": "l2reg", "param_value_internal": 0.0004164224066181994, "distribution": "{\"name\": \"FloatDistribution\", \"attributes\": {\"step\": null, \"low\": 1e-08, \"high\": 0.001, \"log\": true}}"}
{"op_code": 5, "worker_id": "f8bbe29c-1164-47f2-8609-f753656205a6-140447914489664", "trial_id": 44, "param_name": "random_seed", "param_value_internal": 0, "distribution": "{\"name\": \"CategoricalDistribution\", \"attributes\": {\"choices\": [42]}}"}
{"op_code": 5, "worker_id": "f8bbe29c-1164-47f2-8609-f753656205a6-140447914489664", "trial_id": 44, "param_name": "degree", "param_value_internal": 0, "distribution": "{\"name\": \"CategoricalDistribution\", \"attributes\": {\"choices\": [3]}}"}
{"op_code": 8, "worker_id": "f8bbe29c-1164-47f2-8609-f753656205a6-140447914489664", "trial_id": 44, "user_attr": {"best_epoch": 3}}
{"op_code": 8, "worker_id": "f8bbe29c-1164-47f2-8609-f753656205a6-140447914489664", "trial_id": 44, "user_attr": {"test_loss": 0.4450873039511397}}
{"op_code": 6, "worker_id": "f8bbe29c-1164-47f2-8609-f753656205a6-140447914489664", "trial_id": 44, "state": 1, "values": [0.44492671928666466], "datetime_complete": "2024-08-21T04:09:32.723928"}
{"op_code": 4, "worker_id": "f8bbe29c-1164-47f2-8609-f753656205a6-140447914489664", "study_id": 0, "datetime_start": "2024-08-21T04:09:32.740661"}
{"op_code": 5, "worker_id": "f8bbe29c-1164-47f2-8609-f753656205a6-140447914489664", "trial_id": 45, "param_name": "lr", "param_value_internal": 0.00010873574094922517, "distribution": "{\"name\": \"FloatDistribution\", \"attributes\": {\"step\": null, \"low\": 1e-05, \"high\": 0.001, \"log\": true}}"}
{"op_code": 5, "worker_id": "f8bbe29c-1164-47f2-8609-f753656205a6-140447914489664", "trial_id": 45, "param_name": "l2reg", "param_value_internal": 1.312026114317502e-07, "distribution": "{\"name\": \"FloatDistribution\", \"attributes\": {\"step\": null, \"low\": 1e-08, \"high\": 0.001, \"log\": true}}"}
{"op_code": 5, "worker_id": "f8bbe29c-1164-47f2-8609-f753656205a6-140447914489664", "trial_id": 45, "param_name": "random_seed", "param_value_internal": 0, "distribution": "{\"name\": \"CategoricalDistribution\", \"attributes\": {\"choices\": [42]}}"}
{"op_code": 5, "worker_id": "f8bbe29c-1164-47f2-8609-f753656205a6-140447914489664", "trial_id": 45, "param_name": "degree", "param_value_internal": 0, "distribution": "{\"name\": \"CategoricalDistribution\", \"attributes\": {\"choices\": [3]}}"}
{"op_code": 8, "worker_id": "f8bbe29c-1164-47f2-8609-f753656205a6-140447914489664", "trial_id": 45, "user_attr": {"best_epoch": 1}}
{"op_code": 8, "worker_id": "f8bbe29c-1164-47f2-8609-f753656205a6-140447914489664", "trial_id": 45, "user_attr": {"test_loss": 0.4448589402236038}}
{"op_code": 6, "worker_id": "f8bbe29c-1164-47f2-8609-f753656205a6-140447914489664", "trial_id": 45, "state": 1, "values": [0.44467323231375727], "datetime_complete": "2024-08-21T04:29:42.554261"}
{"op_code": 4, "worker_id": "f8bbe29c-1164-47f2-8609-f753656205a6-140447914489664", "study_id": 0, "datetime_start": "2024-08-21T04:29:42.590726"}
{"op_code": 5, "worker_id": "f8bbe29c-1164-47f2-8609-f753656205a6-140447914489664", "trial_id": 46, "param_name": "lr", "param_value_internal": 0.0001995262962925855, "distribution": "{\"name\": \"FloatDistribution\", \"attributes\": {\"step\": null, \"low\": 1e-05, \"high\": 0.001, \"log\": true}}"}
{"op_code": 5, "worker_id": "f8bbe29c-1164-47f2-8609-f753656205a6-140447914489664", "trial_id": 46, "param_name": "l2reg", "param_value_internal": 2.1206738269434032e-08, "distribution": "{\"name\": \"FloatDistribution\", \"attributes\": {\"step\": null, \"low\": 1e-08, \"high\": 0.001, \"log\": true}}"}
{"op_code": 5, "worker_id": "f8bbe29c-1164-47f2-8609-f753656205a6-140447914489664", "trial_id": 46, "param_name": "random_seed", "param_value_internal": 0, "distribution": "{\"name\": \"CategoricalDistribution\", \"attributes\": {\"choices\": [42]}}"}
{"op_code": 5, "worker_id": "f8bbe29c-1164-47f2-8609-f753656205a6-140447914489664", "trial_id": 46, "param_name": "degree", "param_value_internal": 0, "distribution": "{\"name\": \"CategoricalDistribution\", \"attributes\": {\"choices\": [3]}}"}
{"op_code": 8, "worker_id": "f8bbe29c-1164-47f2-8609-f753656205a6-140447914489664", "trial_id": 46, "user_attr": {"best_epoch": 1}}
{"op_code": 8, "worker_id": "f8bbe29c-1164-47f2-8609-f753656205a6-140447914489664", "trial_id": 46, "user_attr": {"test_loss": 0.445041129467145}}
{"op_code": 6, "worker_id": "f8bbe29c-1164-47f2-8609-f753656205a6-140447914489664", "trial_id": 46, "state": 1, "values": [0.44486967381040365], "datetime_complete": "2024-08-21T04:49:48.388595"}
{"op_code": 4, "worker_id": "f8bbe29c-1164-47f2-8609-f753656205a6-140447914489664", "study_id": 0, "datetime_start": "2024-08-21T04:49:48.409023"}
{"op_code": 5, "worker_id": "f8bbe29c-1164-47f2-8609-f753656205a6-140447914489664", "trial_id": 47, "param_name": "lr", "param_value_internal": 0.00014301236794942083, "distribution": "{\"name\": \"FloatDistribution\", \"attributes\": {\"step\": null, \"low\": 1e-05, \"high\": 0.001, \"log\": true}}"}
{"op_code": 5, "worker_id": "f8bbe29c-1164-47f2-8609-f753656205a6-140447914489664", "trial_id": 47, "param_name": "l2reg", "param_value_internal": 1.0018065310315679e-08, "distribution": "{\"name\": \"FloatDistribution\", \"attributes\": {\"step\": null, \"low\": 1e-08, \"high\": 0.001, \"log\": true}}"}
{"op_code": 5, "worker_id": "f8bbe29c-1164-47f2-8609-f753656205a6-140447914489664", "trial_id": 47, "param_name": "random_seed", "param_value_internal": 0, "distribution": "{\"name\": \"CategoricalDistribution\", \"attributes\": {\"choices\": [42]}}"}
{"op_code": 5, "worker_id": "f8bbe29c-1164-47f2-8609-f753656205a6-140447914489664", "trial_id": 47, "param_name": "degree", "param_value_internal": 0, "distribution": "{\"name\": \"CategoricalDistribution\", \"attributes\": {\"choices\": [3]}}"}
{"op_code": 8, "worker_id": "f8bbe29c-1164-47f2-8609-f753656205a6-140447914489664", "trial_id": 47, "user_attr": {"best_epoch": 1}}
{"op_code": 8, "worker_id": "f8bbe29c-1164-47f2-8609-f753656205a6-140447914489664", "trial_id": 47, "user_attr": {"test_loss": 0.4445663321549508}}
{"op_code": 6, "worker_id": "f8bbe29c-1164-47f2-8609-f753656205a6-140447914489664", "trial_id": 47, "state": 1, "values": [0.4443828784747385], "datetime_complete": "2024-08-21T05:09:16.599835"}
{"op_code": 4, "worker_id": "f8bbe29c-1164-47f2-8609-f753656205a6-140447914489664", "study_id": 0, "datetime_start": "2024-08-21T05:09:16.610854"}
{"op_code": 5, "worker_id": "f8bbe29c-1164-47f2-8609-f753656205a6-140447914489664", "trial_id": 48, "param_name": "lr", "param_value_internal": 0.00025373145403713643, "distribution": "{\"name\": \"FloatDistribution\", \"attributes\": {\"step\": null, \"low\": 1e-05, \"high\": 0.001, \"log\": true}}"}
{"op_code": 5, "worker_id": "f8bbe29c-1164-47f2-8609-f753656205a6-140447914489664", "trial_id": 48, "param_name": "l2reg", "param_value_internal": 1.1635322026753982e-08, "distribution": "{\"name\": \"FloatDistribution\", \"attributes\": {\"step\": null, \"low\": 1e-08, \"high\": 0.001, \"log\": true}}"}
{"op_code": 5, "worker_id": "f8bbe29c-1164-47f2-8609-f753656205a6-140447914489664", "trial_id": 48, "param_name": "random_seed", "param_value_internal": 0, "distribution": "{\"name\": \"CategoricalDistribution\", \"attributes\": {\"choices\": [42]}}"}
{"op_code": 5, "worker_id": "f8bbe29c-1164-47f2-8609-f753656205a6-140447914489664", "trial_id": 48, "param_name": "degree", "param_value_internal": 0, "distribution": "{\"name\": \"CategoricalDistribution\", \"attributes\": {\"choices\": [3]}}"}
{"op_code": 8, "worker_id": "f8bbe29c-1164-47f2-8609-f753656205a6-140447914489664", "trial_id": 48, "user_attr": {"best_epoch": 0}}
{"op_code": 8, "worker_id": "f8bbe29c-1164-47f2-8609-f753656205a6-140447914489664", "trial_id": 48, "user_attr": {"test_loss": 0.4451384958200094}}
{"op_code": 6, "worker_id": "f8bbe29c-1164-47f2-8609-f753656205a6-140447914489664", "trial_id": 48, "state": 1, "values": [0.4450018709752762], "datetime_complete": "2024-08-21T05:25:11.796243"}
{"op_code": 4, "worker_id": "f8bbe29c-1164-47f2-8609-f753656205a6-140447914489664", "study_id": 0, "datetime_start": "2024-08-21T05:25:11.806433"}
{"op_code": 5, "worker_id": "f8bbe29c-1164-47f2-8609-f753656205a6-140447914489664", "trial_id": 49, "param_name": "lr", "param_value_internal": 0.00014930390187893562, "distribution": "{\"name\": \"FloatDistribution\", \"attributes\": {\"step\": null, \"low\": 1e-05, \"high\": 0.001, \"log\": true}}"}
{"op_code": 5, "worker_id": "f8bbe29c-1164-47f2-8609-f753656205a6-140447914489664", "trial_id": 49, "param_name": "l2reg", "param_value_internal": 5.1603164762798977e-08, "distribution": "{\"name\": \"FloatDistribution\", \"attributes\": {\"step\": null, \"low\": 1e-08, \"high\": 0.001, \"log\": true}}"}
{"op_code": 5, "worker_id": "f8bbe29c-1164-47f2-8609-f753656205a6-140447914489664", "trial_id": 49, "param_name": "random_seed", "param_value_internal": 0, "distribution": "{\"name\": \"CategoricalDistribution\", \"attributes\": {\"choices\": [42]}}"}
{"op_code": 5, "worker_id": "f8bbe29c-1164-47f2-8609-f753656205a6-140447914489664", "trial_id": 49, "param_name": "degree", "param_value_internal": 0, "distribution": "{\"name\": \"CategoricalDistribution\", \"attributes\": {\"choices\": [3]}}"}
{"op_code": 8, "worker_id": "f8bbe29c-1164-47f2-8609-f753656205a6-140447914489664", "trial_id": 49, "user_attr": {"best_epoch": 1}}
{"op_code": 8, "worker_id": "f8bbe29c-1164-47f2-8609-f753656205a6-140447914489664", "trial_id": 49, "user_attr": {"test_loss": 0.44458251140327965}}
{"op_code": 6, "worker_id": "f8bbe29c-1164-47f2-8609-f753656205a6-140447914489664", "trial_id": 49, "state": 1, "values": [0.44440102104494517], "datetime_complete": "2024-08-21T05:44:35.547666"}
