{"op_code": 0, "worker_id": "3f2012e2-55d4-4676-b112-b592dd799e7b-140643929483072", "study_name": "criteo_bins_40", "directions": [1]}
{"op_code": 4, "worker_id": "3f2012e2-55d4-4676-b112-b592dd799e7b-140643929483072", "study_id": 0, "datetime_start": "2024-08-23T20:59:47.694299"}
{"op_code": 5, "worker_id": "3f2012e2-55d4-4676-b112-b592dd799e7b-140643929483072", "trial_id": 0, "param_name": "lr", "param_value_internal": 5.6115164153345e-05, "distribution": "{\"name\": \"FloatDistribution\", \"attributes\": {\"step\": null, \"low\": 1e-05, \"high\": 0.001, \"log\": true}}"}
{"op_code": 5, "worker_id": "3f2012e2-55d4-4676-b112-b592dd799e7b-140643929483072", "trial_id": 0, "param_name": "l2reg", "param_value_internal": 0.0005669849511478851, "distribution": "{\"name\": \"FloatDistribution\", \"attributes\": {\"step\": null, \"low\": 1e-08, \"high\": 0.001, \"log\": true}}"}
{"op_code": 5, "worker_id": "3f2012e2-55d4-4676-b112-b592dd799e7b-140643929483072", "trial_id": 0, "param_name": "random_seed", "param_value_internal": 0, "distribution": "{\"name\": \"CategoricalDistribution\", \"attributes\": {\"choices\": [42]}}"}
{"op_code": 5, "worker_id": "3f2012e2-55d4-4676-b112-b592dd799e7b-140643929483072", "trial_id": 0, "param_name": "degree", "param_value_internal": 0, "distribution": "{\"name\": \"CategoricalDistribution\", \"attributes\": {\"choices\": [0]}}"}
{"op_code": 8, "worker_id": "3f2012e2-55d4-4676-b112-b592dd799e7b-140643929483072", "trial_id": 0, "user_attr": {"best_epoch": 2}}
{"op_code": 8, "worker_id": "3f2012e2-55d4-4676-b112-b592dd799e7b-140643929483072", "trial_id": 0, "user_attr": {"test_loss": 0.4521752326757699}}
{"op_code": 6, "worker_id": "3f2012e2-55d4-4676-b112-b592dd799e7b-140643929483072", "trial_id": 0, "state": 1, "values": [0.4486194413019137], "datetime_complete": "2024-08-23T21:23:50.865665"}
{"op_code": 4, "worker_id": "3f2012e2-55d4-4676-b112-b592dd799e7b-140643929483072", "study_id": 0, "datetime_start": "2024-08-23T21:23:50.882591"}
{"op_code": 5, "worker_id": "3f2012e2-55d4-4676-b112-b592dd799e7b-140643929483072", "trial_id": 1, "param_name": "lr", "param_value_internal": 0.000291063591313307, "distribution": "{\"name\": \"FloatDistribution\", \"attributes\": {\"step\": null, \"low\": 1e-05, \"high\": 0.001, \"log\": true}}"}
{"op_code": 5, "worker_id": "3f2012e2-55d4-4676-b112-b592dd799e7b-140643929483072", "trial_id": 1, "param_name": "l2reg", "param_value_internal": 9.846738873614555e-06, "distribution": "{\"name\": \"FloatDistribution\", \"attributes\": {\"step\": null, \"low\": 1e-08, \"high\": 0.001, \"log\": true}}"}
{"op_code": 5, "worker_id": "3f2012e2-55d4-4676-b112-b592dd799e7b-140643929483072", "trial_id": 1, "param_name": "random_seed", "param_value_internal": 0, "distribution": "{\"name\": \"CategoricalDistribution\", \"attributes\": {\"choices\": [42]}}"}
{"op_code": 5, "worker_id": "3f2012e2-55d4-4676-b112-b592dd799e7b-140643929483072", "trial_id": 1, "param_name": "degree", "param_value_internal": 0, "distribution": "{\"name\": \"CategoricalDistribution\", \"attributes\": {\"choices\": [0]}}"}
{"op_code": 8, "worker_id": "3f2012e2-55d4-4676-b112-b592dd799e7b-140643929483072", "trial_id": 1, "user_attr": {"best_epoch": 0}}
{"op_code": 8, "worker_id": "3f2012e2-55d4-4676-b112-b592dd799e7b-140643929483072", "trial_id": 1, "user_attr": {"test_loss": 0.4520697585198104}}
{"op_code": 6, "worker_id": "3f2012e2-55d4-4676-b112-b592dd799e7b-140643929483072", "trial_id": 1, "state": 1, "values": [0.4485822472150973], "datetime_complete": "2024-08-23T21:40:23.786184"}
{"op_code": 4, "worker_id": "3f2012e2-55d4-4676-b112-b592dd799e7b-140643929483072", "study_id": 0, "datetime_start": "2024-08-23T21:40:23.796194"}
{"op_code": 5, "worker_id": "3f2012e2-55d4-4676-b112-b592dd799e7b-140643929483072", "trial_id": 2, "param_name": "lr", "param_value_internal": 2.0513382630874486e-05, "distribution": "{\"name\": \"FloatDistribution\", \"attributes\": {\"step\": null, \"low\": 1e-05, \"high\": 0.001, \"log\": true}}"}
{"op_code": 5, "worker_id": "3f2012e2-55d4-4676-b112-b592dd799e7b-140643929483072", "trial_id": 2, "param_name": "l2reg", "param_value_internal": 6.02521573620385e-08, "distribution": "{\"name\": \"FloatDistribution\", \"attributes\": {\"step\": null, \"low\": 1e-08, \"high\": 0.001, \"log\": true}}"}
{"op_code": 5, "worker_id": "3f2012e2-55d4-4676-b112-b592dd799e7b-140643929483072", "trial_id": 2, "param_name": "random_seed", "param_value_internal": 0, "distribution": "{\"name\": \"CategoricalDistribution\", \"attributes\": {\"choices\": [42]}}"}
{"op_code": 5, "worker_id": "3f2012e2-55d4-4676-b112-b592dd799e7b-140643929483072", "trial_id": 2, "param_name": "degree", "param_value_internal": 0, "distribution": "{\"name\": \"CategoricalDistribution\", \"attributes\": {\"choices\": [0]}}"}
{"op_code": 8, "worker_id": "3f2012e2-55d4-4676-b112-b592dd799e7b-140643929483072", "trial_id": 2, "user_attr": {"best_epoch": 8}}
{"op_code": 8, "worker_id": "3f2012e2-55d4-4676-b112-b592dd799e7b-140643929483072", "trial_id": 2, "user_attr": {"test_loss": 0.45332097796248216}}
{"op_code": 6, "worker_id": "3f2012e2-55d4-4676-b112-b592dd799e7b-140643929483072", "trial_id": 2, "state": 1, "values": [0.4495626731633793], "datetime_complete": "2024-08-23T22:19:27.470351"}
{"op_code": 4, "worker_id": "3f2012e2-55d4-4676-b112-b592dd799e7b-140643929483072", "study_id": 0, "datetime_start": "2024-08-23T22:19:27.478825"}
{"op_code": 5, "worker_id": "3f2012e2-55d4-4676-b112-b592dd799e7b-140643929483072", "trial_id": 3, "param_name": "lr", "param_value_internal": 1.3066739238053272e-05, "distribution": "{\"name\": \"FloatDistribution\", \"attributes\": {\"step\": null, \"low\": 1e-05, \"high\": 0.001, \"log\": true}}"}
{"op_code": 5, "worker_id": "3f2012e2-55d4-4676-b112-b592dd799e7b-140643929483072", "trial_id": 3, "param_name": "l2reg", "param_value_internal": 0.00021423021757741048, "distribution": "{\"name\": \"FloatDistribution\", \"attributes\": {\"step\": null, \"low\": 1e-08, \"high\": 0.001, \"log\": true}}"}
{"op_code": 5, "worker_id": "3f2012e2-55d4-4676-b112-b592dd799e7b-140643929483072", "trial_id": 3, "param_name": "random_seed", "param_value_internal": 0, "distribution": "{\"name\": \"CategoricalDistribution\", \"attributes\": {\"choices\": [42]}}"}
{"op_code": 5, "worker_id": "3f2012e2-55d4-4676-b112-b592dd799e7b-140643929483072", "trial_id": 3, "param_name": "degree", "param_value_internal": 0, "distribution": "{\"name\": \"CategoricalDistribution\", \"attributes\": {\"choices\": [0]}}"}
{"op_code": 8, "worker_id": "3f2012e2-55d4-4676-b112-b592dd799e7b-140643929483072", "trial_id": 3, "user_attr": {"best_epoch": 9}}
{"op_code": 8, "worker_id": "3f2012e2-55d4-4676-b112-b592dd799e7b-140643929483072", "trial_id": 3, "user_attr": {"test_loss": 0.45440029743639265}}
{"op_code": 6, "worker_id": "3f2012e2-55d4-4676-b112-b592dd799e7b-140643929483072", "trial_id": 3, "state": 1, "values": [0.4507070366849314], "datetime_complete": "2024-08-23T22:58:30.295174"}
{"op_code": 4, "worker_id": "3f2012e2-55d4-4676-b112-b592dd799e7b-140643929483072", "study_id": 0, "datetime_start": "2024-08-23T22:58:30.305571"}
{"op_code": 5, "worker_id": "3f2012e2-55d4-4676-b112-b592dd799e7b-140643929483072", "trial_id": 4, "param_name": "lr", "param_value_internal": 0.00015930522616241006, "distribution": "{\"name\": \"FloatDistribution\", \"attributes\": {\"step\": null, \"low\": 1e-05, \"high\": 0.001, \"log\": true}}"}
{"op_code": 5, "worker_id": "3f2012e2-55d4-4676-b112-b592dd799e7b-140643929483072", "trial_id": 4, "param_name": "l2reg", "param_value_internal": 3.47026698865041e-05, "distribution": "{\"name\": \"FloatDistribution\", \"attributes\": {\"step\": null, \"low\": 1e-08, \"high\": 0.001, \"log\": true}}"}
{"op_code": 5, "worker_id": "3f2012e2-55d4-4676-b112-b592dd799e7b-140643929483072", "trial_id": 4, "param_name": "random_seed", "param_value_internal": 0, "distribution": "{\"name\": \"CategoricalDistribution\", \"attributes\": {\"choices\": [42]}}"}
{"op_code": 5, "worker_id": "3f2012e2-55d4-4676-b112-b592dd799e7b-140643929483072", "trial_id": 4, "param_name": "degree", "param_value_internal": 0, "distribution": "{\"name\": \"CategoricalDistribution\", \"attributes\": {\"choices\": [0]}}"}
{"op_code": 8, "worker_id": "3f2012e2-55d4-4676-b112-b592dd799e7b-140643929483072", "trial_id": 4, "user_attr": {"best_epoch": 1}}
{"op_code": 8, "worker_id": "3f2012e2-55d4-4676-b112-b592dd799e7b-140643929483072", "trial_id": 4, "user_attr": {"test_loss": 0.4522784526443218}}
{"op_code": 6, "worker_id": "3f2012e2-55d4-4676-b112-b592dd799e7b-140643929483072", "trial_id": 4, "state": 1, "values": [0.4487830880123349], "datetime_complete": "2024-08-23T23:18:47.488992"}
{"op_code": 4, "worker_id": "3f2012e2-55d4-4676-b112-b592dd799e7b-140643929483072", "study_id": 0, "datetime_start": "2024-08-23T23:18:47.505877"}
{"op_code": 5, "worker_id": "3f2012e2-55d4-4676-b112-b592dd799e7b-140643929483072", "trial_id": 5, "param_name": "lr", "param_value_internal": 1.0994335574766187e-05, "distribution": "{\"name\": \"FloatDistribution\", \"attributes\": {\"step\": null, \"low\": 1e-05, \"high\": 0.001, \"log\": true}}"}
{"op_code": 5, "worker_id": "3f2012e2-55d4-4676-b112-b592dd799e7b-140643929483072", "trial_id": 5, "param_name": "l2reg", "param_value_internal": 0.0007072114131472234, "distribution": "{\"name\": \"FloatDistribution\", \"attributes\": {\"step\": null, \"low\": 1e-08, \"high\": 0.001, \"log\": true}}"}
{"op_code": 5, "worker_id": "3f2012e2-55d4-4676-b112-b592dd799e7b-140643929483072", "trial_id": 5, "param_name": "random_seed", "param_value_internal": 0, "distribution": "{\"name\": \"CategoricalDistribution\", \"attributes\": {\"choices\": [42]}}"}
{"op_code": 5, "worker_id": "3f2012e2-55d4-4676-b112-b592dd799e7b-140643929483072", "trial_id": 5, "param_name": "degree", "param_value_internal": 0, "distribution": "{\"name\": \"CategoricalDistribution\", \"attributes\": {\"choices\": [0]}}"}
{"op_code": 8, "worker_id": "3f2012e2-55d4-4676-b112-b592dd799e7b-140643929483072", "trial_id": 5, "user_attr": {"best_epoch": 9}}
{"op_code": 8, "worker_id": "3f2012e2-55d4-4676-b112-b592dd799e7b-140643929483072", "trial_id": 5, "user_attr": {"test_loss": 0.4554720181172678}}
{"op_code": 6, "worker_id": "3f2012e2-55d4-4676-b112-b592dd799e7b-140643929483072", "trial_id": 5, "state": 1, "values": [0.4518074435584277], "datetime_complete": "2024-08-23T23:57:49.337400"}
{"op_code": 4, "worker_id": "3f2012e2-55d4-4676-b112-b592dd799e7b-140643929483072", "study_id": 0, "datetime_start": "2024-08-23T23:57:49.345884"}
{"op_code": 5, "worker_id": "3f2012e2-55d4-4676-b112-b592dd799e7b-140643929483072", "trial_id": 6, "param_name": "lr", "param_value_internal": 0.000462258900102083, "distribution": "{\"name\": \"FloatDistribution\", \"attributes\": {\"step\": null, \"low\": 1e-05, \"high\": 0.001, \"log\": true}}"}
{"op_code": 5, "worker_id": "3f2012e2-55d4-4676-b112-b592dd799e7b-140643929483072", "trial_id": 6, "param_name": "l2reg", "param_value_internal": 1.1526449540315595e-07, "distribution": "{\"name\": \"FloatDistribution\", \"attributes\": {\"step\": null, \"low\": 1e-08, \"high\": 0.001, \"log\": true}}"}
{"op_code": 5, "worker_id": "3f2012e2-55d4-4676-b112-b592dd799e7b-140643929483072", "trial_id": 6, "param_name": "random_seed", "param_value_internal": 0, "distribution": "{\"name\": \"CategoricalDistribution\", \"attributes\": {\"choices\": [42]}}"}
{"op_code": 5, "worker_id": "3f2012e2-55d4-4676-b112-b592dd799e7b-140643929483072", "trial_id": 6, "param_name": "degree", "param_value_internal": 0, "distribution": "{\"name\": \"CategoricalDistribution\", \"attributes\": {\"choices\": [0]}}"}
{"op_code": 8, "worker_id": "3f2012e2-55d4-4676-b112-b592dd799e7b-140643929483072", "trial_id": 6, "user_attr": {"best_epoch": 0}}
{"op_code": 8, "worker_id": "3f2012e2-55d4-4676-b112-b592dd799e7b-140643929483072", "trial_id": 6, "user_attr": {"test_loss": 0.45210866143152245}}
{"op_code": 6, "worker_id": "3f2012e2-55d4-4676-b112-b592dd799e7b-140643929483072", "trial_id": 6, "state": 1, "values": [0.44864816400825297], "datetime_complete": "2024-08-24T00:14:21.761596"}
{"op_code": 4, "worker_id": "3f2012e2-55d4-4676-b112-b592dd799e7b-140643929483072", "study_id": 0, "datetime_start": "2024-08-24T00:14:21.888290"}
{"op_code": 5, "worker_id": "3f2012e2-55d4-4676-b112-b592dd799e7b-140643929483072", "trial_id": 7, "param_name": "lr", "param_value_internal": 2.3102018878452926e-05, "distribution": "{\"name\": \"FloatDistribution\", \"attributes\": {\"step\": null, \"low\": 1e-05, \"high\": 0.001, \"log\": true}}"}
{"op_code": 5, "worker_id": "3f2012e2-55d4-4676-b112-b592dd799e7b-140643929483072", "trial_id": 7, "param_name": "l2reg", "param_value_internal": 8.260808399079588e-08, "distribution": "{\"name\": \"FloatDistribution\", \"attributes\": {\"step\": null, \"low\": 1e-08, \"high\": 0.001, \"log\": true}}"}
{"op_code": 5, "worker_id": "3f2012e2-55d4-4676-b112-b592dd799e7b-140643929483072", "trial_id": 7, "param_name": "random_seed", "param_value_internal": 0, "distribution": "{\"name\": \"CategoricalDistribution\", \"attributes\": {\"choices\": [42]}}"}
{"op_code": 5, "worker_id": "3f2012e2-55d4-4676-b112-b592dd799e7b-140643929483072", "trial_id": 7, "param_name": "degree", "param_value_internal": 0, "distribution": "{\"name\": \"CategoricalDistribution\", \"attributes\": {\"choices\": [0]}}"}
{"op_code": 8, "worker_id": "3f2012e2-55d4-4676-b112-b592dd799e7b-140643929483072", "trial_id": 7, "user_attr": {"best_epoch": 7}}
{"op_code": 8, "worker_id": "3f2012e2-55d4-4676-b112-b592dd799e7b-140643929483072", "trial_id": 7, "user_attr": {"test_loss": 0.45318041847025897}}
{"op_code": 6, "worker_id": "3f2012e2-55d4-4676-b112-b592dd799e7b-140643929483072", "trial_id": 7, "state": 1, "values": [0.44942127746090693], "datetime_complete": "2024-08-24T00:53:24.226218"}
{"op_code": 4, "worker_id": "3f2012e2-55d4-4676-b112-b592dd799e7b-140643929483072", "study_id": 0, "datetime_start": "2024-08-24T00:53:24.234956"}
{"op_code": 5, "worker_id": "3f2012e2-55d4-4676-b112-b592dd799e7b-140643929483072", "trial_id": 8, "param_name": "lr", "param_value_internal": 4.059611610484306e-05, "distribution": "{\"name\": \"FloatDistribution\", \"attributes\": {\"step\": null, \"low\": 1e-05, \"high\": 0.001, \"log\": true}}"}
{"op_code": 5, "worker_id": "3f2012e2-55d4-4676-b112-b592dd799e7b-140643929483072", "trial_id": 8, "param_name": "l2reg", "param_value_internal": 4.2051564509138674e-06, "distribution": "{\"name\": \"FloatDistribution\", \"attributes\": {\"step\": null, \"low\": 1e-08, \"high\": 0.001, \"log\": true}}"}
{"op_code": 5, "worker_id": "3f2012e2-55d4-4676-b112-b592dd799e7b-140643929483072", "trial_id": 8, "param_name": "random_seed", "param_value_internal": 0, "distribution": "{\"name\": \"CategoricalDistribution\", \"attributes\": {\"choices\": [42]}}"}
{"op_code": 5, "worker_id": "3f2012e2-55d4-4676-b112-b592dd799e7b-140643929483072", "trial_id": 8, "param_name": "degree", "param_value_internal": 0, "distribution": "{\"name\": \"CategoricalDistribution\", \"attributes\": {\"choices\": [0]}}"}
{"op_code": 8, "worker_id": "3f2012e2-55d4-4676-b112-b592dd799e7b-140643929483072", "trial_id": 8, "user_attr": {"best_epoch": 3}}
{"op_code": 8, "worker_id": "3f2012e2-55d4-4676-b112-b592dd799e7b-140643929483072", "trial_id": 8, "user_attr": {"test_loss": 0.4526307966792765}}
{"op_code": 6, "worker_id": "3f2012e2-55d4-4676-b112-b592dd799e7b-140643929483072", "trial_id": 8, "state": 1, "values": [0.44897869327829043], "datetime_complete": "2024-08-24T01:21:09.568359"}
{"op_code": 4, "worker_id": "3f2012e2-55d4-4676-b112-b592dd799e7b-140643929483072", "study_id": 0, "datetime_start": "2024-08-24T01:21:09.577089"}
{"op_code": 5, "worker_id": "3f2012e2-55d4-4676-b112-b592dd799e7b-140643929483072", "trial_id": 9, "param_name": "lr", "param_value_internal": 7.309539835912905e-05, "distribution": "{\"name\": \"FloatDistribution\", \"attributes\": {\"step\": null, \"low\": 1e-05, \"high\": 0.001, \"log\": true}}"}
{"op_code": 5, "worker_id": "3f2012e2-55d4-4676-b112-b592dd799e7b-140643929483072", "trial_id": 9, "param_name": "l2reg", "param_value_internal": 2.8585493941961875e-07, "distribution": "{\"name\": \"FloatDistribution\", \"attributes\": {\"step\": null, \"low\": 1e-08, \"high\": 0.001, \"log\": true}}"}
{"op_code": 5, "worker_id": "3f2012e2-55d4-4676-b112-b592dd799e7b-140643929483072", "trial_id": 9, "param_name": "random_seed", "param_value_internal": 0, "distribution": "{\"name\": \"CategoricalDistribution\", \"attributes\": {\"choices\": [42]}}"}
{"op_code": 5, "worker_id": "3f2012e2-55d4-4676-b112-b592dd799e7b-140643929483072", "trial_id": 9, "param_name": "degree", "param_value_internal": 0, "distribution": "{\"name\": \"CategoricalDistribution\", \"attributes\": {\"choices\": [0]}}"}
{"op_code": 8, "worker_id": "3f2012e2-55d4-4676-b112-b592dd799e7b-140643929483072", "trial_id": 9, "user_attr": {"best_epoch": 2}}
{"op_code": 8, "worker_id": "3f2012e2-55d4-4676-b112-b592dd799e7b-140643929483072", "trial_id": 9, "user_attr": {"test_loss": 0.4520679406267397}}
{"op_code": 6, "worker_id": "3f2012e2-55d4-4676-b112-b592dd799e7b-140643929483072", "trial_id": 9, "state": 1, "values": [0.44844110601761783], "datetime_complete": "2024-08-24T01:45:10.139976"}
{"op_code": 4, "worker_id": "3f2012e2-55d4-4676-b112-b592dd799e7b-140643929483072", "study_id": 0, "datetime_start": "2024-08-24T01:45:10.164260"}
{"op_code": 5, "worker_id": "3f2012e2-55d4-4676-b112-b592dd799e7b-140643929483072", "trial_id": 10, "param_name": "lr", "param_value_internal": 0.0001104450886277808, "distribution": "{\"name\": \"FloatDistribution\", \"attributes\": {\"step\": null, \"low\": 1e-05, \"high\": 0.001, \"log\": true}}"}
{"op_code": 5, "worker_id": "3f2012e2-55d4-4676-b112-b592dd799e7b-140643929483072", "trial_id": 10, "param_name": "l2reg", "param_value_internal": 6.344493151988628e-07, "distribution": "{\"name\": \"FloatDistribution\", \"attributes\": {\"step\": null, \"low\": 1e-08, \"high\": 0.001, \"log\": true}}"}
{"op_code": 5, "worker_id": "3f2012e2-55d4-4676-b112-b592dd799e7b-140643929483072", "trial_id": 10, "param_name": "random_seed", "param_value_internal": 0, "distribution": "{\"name\": \"CategoricalDistribution\", \"attributes\": {\"choices\": [42]}}"}
{"op_code": 5, "worker_id": "3f2012e2-55d4-4676-b112-b592dd799e7b-140643929483072", "trial_id": 10, "param_name": "degree", "param_value_internal": 0, "distribution": "{\"name\": \"CategoricalDistribution\", \"attributes\": {\"choices\": [0]}}"}
{"op_code": 8, "worker_id": "3f2012e2-55d4-4676-b112-b592dd799e7b-140643929483072", "trial_id": 10, "user_attr": {"best_epoch": 1}}
{"op_code": 8, "worker_id": "3f2012e2-55d4-4676-b112-b592dd799e7b-140643929483072", "trial_id": 10, "user_attr": {"test_loss": 0.4515199549395209}}
{"op_code": 6, "worker_id": "3f2012e2-55d4-4676-b112-b592dd799e7b-140643929483072", "trial_id": 10, "state": 1, "values": [0.44799266822016515], "datetime_complete": "2024-08-24T02:05:25.094873"}
{"op_code": 4, "worker_id": "3f2012e2-55d4-4676-b112-b592dd799e7b-140643929483072", "study_id": 0, "datetime_start": "2024-08-24T02:05:25.103237"}
{"op_code": 5, "worker_id": "3f2012e2-55d4-4676-b112-b592dd799e7b-140643929483072", "trial_id": 11, "param_name": "lr", "param_value_internal": 0.00010866115799955205, "distribution": "{\"name\": \"FloatDistribution\", \"attributes\": {\"step\": null, \"low\": 1e-05, \"high\": 0.001, \"log\": true}}"}
{"op_code": 5, "worker_id": "3f2012e2-55d4-4676-b112-b592dd799e7b-140643929483072", "trial_id": 11, "param_name": "l2reg", "param_value_internal": 5.42318546635464e-07, "distribution": "{\"name\": \"FloatDistribution\", \"attributes\": {\"step\": null, \"low\": 1e-08, \"high\": 0.001, \"log\": true}}"}
{"op_code": 5, "worker_id": "3f2012e2-55d4-4676-b112-b592dd799e7b-140643929483072", "trial_id": 11, "param_name": "random_seed", "param_value_internal": 0, "distribution": "{\"name\": \"CategoricalDistribution\", \"attributes\": {\"choices\": [42]}}"}
{"op_code": 5, "worker_id": "3f2012e2-55d4-4676-b112-b592dd799e7b-140643929483072", "trial_id": 11, "param_name": "degree", "param_value_internal": 0, "distribution": "{\"name\": \"CategoricalDistribution\", \"attributes\": {\"choices\": [0]}}"}
{"op_code": 8, "worker_id": "3f2012e2-55d4-4676-b112-b592dd799e7b-140643929483072", "trial_id": 11, "user_attr": {"best_epoch": 1}}
{"op_code": 8, "worker_id": "3f2012e2-55d4-4676-b112-b592dd799e7b-140643929483072", "trial_id": 11, "user_attr": {"test_loss": 0.45152097295964044}}
{"op_code": 6, "worker_id": "3f2012e2-55d4-4676-b112-b592dd799e7b-140643929483072", "trial_id": 11, "state": 1, "values": [0.44799263186230903], "datetime_complete": "2024-08-24T02:25:40.460575"}
{"op_code": 4, "worker_id": "3f2012e2-55d4-4676-b112-b592dd799e7b-140643929483072", "study_id": 0, "datetime_start": "2024-08-24T02:25:40.469096"}
{"op_code": 5, "worker_id": "3f2012e2-55d4-4676-b112-b592dd799e7b-140643929483072", "trial_id": 12, "param_name": "lr", "param_value_internal": 0.00015718058320945684, "distribution": "{\"name\": \"FloatDistribution\", \"attributes\": {\"step\": null, \"low\": 1e-05, \"high\": 0.001, \"log\": true}}"}
{"op_code": 5, "worker_id": "3f2012e2-55d4-4676-b112-b592dd799e7b-140643929483072", "trial_id": 12, "param_name": "l2reg", "param_value_internal": 7.265551560051391e-07, "distribution": "{\"name\": \"FloatDistribution\", \"attributes\": {\"step\": null, \"low\": 1e-08, \"high\": 0.001, \"log\": true}}"}
{"op_code": 5, "worker_id": "3f2012e2-55d4-4676-b112-b592dd799e7b-140643929483072", "trial_id": 12, "param_name": "random_seed", "param_value_internal": 0, "distribution": "{\"name\": \"CategoricalDistribution\", \"attributes\": {\"choices\": [42]}}"}
{"op_code": 5, "worker_id": "3f2012e2-55d4-4676-b112-b592dd799e7b-140643929483072", "trial_id": 12, "param_name": "degree", "param_value_internal": 0, "distribution": "{\"name\": \"CategoricalDistribution\", \"attributes\": {\"choices\": [0]}}"}
{"op_code": 8, "worker_id": "3f2012e2-55d4-4676-b112-b592dd799e7b-140643929483072", "trial_id": 12, "user_attr": {"best_epoch": 1}}
{"op_code": 8, "worker_id": "3f2012e2-55d4-4676-b112-b592dd799e7b-140643929483072", "trial_id": 12, "user_attr": {"test_loss": 0.45222584281885697}}
{"op_code": 6, "worker_id": "3f2012e2-55d4-4676-b112-b592dd799e7b-140643929483072", "trial_id": 12, "state": 1, "values": [0.4487295692481181], "datetime_complete": "2024-08-24T02:45:55.584832"}
{"op_code": 4, "worker_id": "3f2012e2-55d4-4676-b112-b592dd799e7b-140643929483072", "study_id": 0, "datetime_start": "2024-08-24T02:45:55.593461"}
{"op_code": 5, "worker_id": "3f2012e2-55d4-4676-b112-b592dd799e7b-140643929483072", "trial_id": 13, "param_name": "lr", "param_value_internal": 0.00012482732859565748, "distribution": "{\"name\": \"FloatDistribution\", \"attributes\": {\"step\": null, \"low\": 1e-05, \"high\": 0.001, \"log\": true}}"}
{"op_code": 5, "worker_id": "3f2012e2-55d4-4676-b112-b592dd799e7b-140643929483072", "trial_id": 13, "param_name": "l2reg", "param_value_internal": 1.3720911301023708e-08, "distribution": "{\"name\": \"FloatDistribution\", \"attributes\": {\"step\": null, \"low\": 1e-08, \"high\": 0.001, \"log\": true}}"}
{"op_code": 5, "worker_id": "3f2012e2-55d4-4676-b112-b592dd799e7b-140643929483072", "trial_id": 13, "param_name": "random_seed", "param_value_internal": 0, "distribution": "{\"name\": \"CategoricalDistribution\", \"attributes\": {\"choices\": [42]}}"}
{"op_code": 5, "worker_id": "3f2012e2-55d4-4676-b112-b592dd799e7b-140643929483072", "trial_id": 13, "param_name": "degree", "param_value_internal": 0, "distribution": "{\"name\": \"CategoricalDistribution\", \"attributes\": {\"choices\": [0]}}"}
{"op_code": 8, "worker_id": "3f2012e2-55d4-4676-b112-b592dd799e7b-140643929483072", "trial_id": 13, "user_attr": {"best_epoch": 1}}
{"op_code": 8, "worker_id": "3f2012e2-55d4-4676-b112-b592dd799e7b-140643929483072", "trial_id": 13, "user_attr": {"test_loss": 0.4516068138704369}}
{"op_code": 6, "worker_id": "3f2012e2-55d4-4676-b112-b592dd799e7b-140643929483072", "trial_id": 13, "state": 1, "values": [0.44809363398662583], "datetime_complete": "2024-08-24T03:06:12.196906"}
{"op_code": 4, "worker_id": "3f2012e2-55d4-4676-b112-b592dd799e7b-140643929483072", "study_id": 0, "datetime_start": "2024-08-24T03:06:12.206197"}
{"op_code": 5, "worker_id": "3f2012e2-55d4-4676-b112-b592dd799e7b-140643929483072", "trial_id": 14, "param_name": "lr", "param_value_internal": 0.0007832921114568409, "distribution": "{\"name\": \"FloatDistribution\", \"attributes\": {\"step\": null, \"low\": 1e-05, \"high\": 0.001, \"log\": true}}"}
{"op_code": 5, "worker_id": "3f2012e2-55d4-4676-b112-b592dd799e7b-140643929483072", "trial_id": 14, "param_name": "l2reg", "param_value_internal": 8.384914323474842e-07, "distribution": "{\"name\": \"FloatDistribution\", \"attributes\": {\"step\": null, \"low\": 1e-08, \"high\": 0.001, \"log\": true}}"}
{"op_code": 5, "worker_id": "3f2012e2-55d4-4676-b112-b592dd799e7b-140643929483072", "trial_id": 14, "param_name": "random_seed", "param_value_internal": 0, "distribution": "{\"name\": \"CategoricalDistribution\", \"attributes\": {\"choices\": [42]}}"}
{"op_code": 5, "worker_id": "3f2012e2-55d4-4676-b112-b592dd799e7b-140643929483072", "trial_id": 14, "param_name": "degree", "param_value_internal": 0, "distribution": "{\"name\": \"CategoricalDistribution\", \"attributes\": {\"choices\": [0]}}"}
{"op_code": 8, "worker_id": "3f2012e2-55d4-4676-b112-b592dd799e7b-140643929483072", "trial_id": 14, "user_attr": {"best_epoch": 0}}
{"op_code": 8, "worker_id": "3f2012e2-55d4-4676-b112-b592dd799e7b-140643929483072", "trial_id": 14, "user_attr": {"test_loss": 0.4526425039106516}}
{"op_code": 6, "worker_id": "3f2012e2-55d4-4676-b112-b592dd799e7b-140643929483072", "trial_id": 14, "state": 1, "values": [0.4491504114327715], "datetime_complete": "2024-08-24T03:22:42.257411"}
{"op_code": 4, "worker_id": "3f2012e2-55d4-4676-b112-b592dd799e7b-140643929483072", "study_id": 0, "datetime_start": "2024-08-24T03:22:42.267217"}
{"op_code": 5, "worker_id": "3f2012e2-55d4-4676-b112-b592dd799e7b-140643929483072", "trial_id": 15, "param_name": "lr", "param_value_internal": 0.0002733762389478881, "distribution": "{\"name\": \"FloatDistribution\", \"attributes\": {\"step\": null, \"low\": 1e-05, \"high\": 0.001, \"log\": true}}"}
{"op_code": 5, "worker_id": "3f2012e2-55d4-4676-b112-b592dd799e7b-140643929483072", "trial_id": 15, "param_name": "l2reg", "param_value_internal": 1.5839666107830561e-06, "distribution": "{\"name\": \"FloatDistribution\", \"attributes\": {\"step\": null, \"low\": 1e-08, \"high\": 0.001, \"log\": true}}"}
{"op_code": 5, "worker_id": "3f2012e2-55d4-4676-b112-b592dd799e7b-140643929483072", "trial_id": 15, "param_name": "random_seed", "param_value_internal": 0, "distribution": "{\"name\": \"CategoricalDistribution\", \"attributes\": {\"choices\": [42]}}"}
{"op_code": 5, "worker_id": "3f2012e2-55d4-4676-b112-b592dd799e7b-140643929483072", "trial_id": 15, "param_name": "degree", "param_value_internal": 0, "distribution": "{\"name\": \"CategoricalDistribution\", \"attributes\": {\"choices\": [0]}}"}
{"op_code": 8, "worker_id": "3f2012e2-55d4-4676-b112-b592dd799e7b-140643929483072", "trial_id": 15, "user_attr": {"best_epoch": 0}}
{"op_code": 8, "worker_id": "3f2012e2-55d4-4676-b112-b592dd799e7b-140643929483072", "trial_id": 15, "user_attr": {"test_loss": 0.4520832836442561}}
{"op_code": 6, "worker_id": "3f2012e2-55d4-4676-b112-b592dd799e7b-140643929483072", "trial_id": 15, "state": 1, "values": [0.4485961359161373], "datetime_complete": "2024-08-24T03:39:13.609284"}
{"op_code": 4, "worker_id": "3f2012e2-55d4-4676-b112-b592dd799e7b-140643929483072", "study_id": 0, "datetime_start": "2024-08-24T03:39:13.622547"}
{"op_code": 5, "worker_id": "3f2012e2-55d4-4676-b112-b592dd799e7b-140643929483072", "trial_id": 16, "param_name": "lr", "param_value_internal": 8.407931655574884e-05, "distribution": "{\"name\": \"FloatDistribution\", \"attributes\": {\"step\": null, \"low\": 1e-05, \"high\": 0.001, \"log\": true}}"}
{"op_code": 5, "worker_id": "3f2012e2-55d4-4676-b112-b592dd799e7b-140643929483072", "trial_id": 16, "param_name": "l2reg", "param_value_internal": 6.30918978552151e-06, "distribution": "{\"name\": \"FloatDistribution\", \"attributes\": {\"step\": null, \"low\": 1e-08, \"high\": 0.001, \"log\": true}}"}
{"op_code": 5, "worker_id": "3f2012e2-55d4-4676-b112-b592dd799e7b-140643929483072", "trial_id": 16, "param_name": "random_seed", "param_value_internal": 0, "distribution": "{\"name\": \"CategoricalDistribution\", \"attributes\": {\"choices\": [42]}}"}
{"op_code": 5, "worker_id": "3f2012e2-55d4-4676-b112-b592dd799e7b-140643929483072", "trial_id": 16, "param_name": "degree", "param_value_internal": 0, "distribution": "{\"name\": \"CategoricalDistribution\", \"attributes\": {\"choices\": [0]}}"}
{"op_code": 8, "worker_id": "3f2012e2-55d4-4676-b112-b592dd799e7b-140643929483072", "trial_id": 16, "user_attr": {"best_epoch": 1}}
{"op_code": 8, "worker_id": "3f2012e2-55d4-4676-b112-b592dd799e7b-140643929483072", "trial_id": 16, "user_attr": {"test_loss": 0.4519466871589269}}
{"op_code": 6, "worker_id": "3f2012e2-55d4-4676-b112-b592dd799e7b-140643929483072", "trial_id": 16, "state": 1, "values": [0.4484023121851319], "datetime_complete": "2024-08-24T03:59:28.340292"}
{"op_code": 4, "worker_id": "3f2012e2-55d4-4676-b112-b592dd799e7b-140643929483072", "study_id": 0, "datetime_start": "2024-08-24T03:59:28.414343"}
{"op_code": 5, "worker_id": "3f2012e2-55d4-4676-b112-b592dd799e7b-140643929483072", "trial_id": 17, "param_name": "lr", "param_value_internal": 3.562754193285478e-05, "distribution": "{\"name\": \"FloatDistribution\", \"attributes\": {\"step\": null, \"low\": 1e-05, \"high\": 0.001, \"log\": true}}"}
{"op_code": 5, "worker_id": "3f2012e2-55d4-4676-b112-b592dd799e7b-140643929483072", "trial_id": 17, "param_name": "l2reg", "param_value_internal": 2.637164999379958e-05, "distribution": "{\"name\": \"FloatDistribution\", \"attributes\": {\"step\": null, \"low\": 1e-08, \"high\": 0.001, \"log\": true}}"}
{"op_code": 5, "worker_id": "3f2012e2-55d4-4676-b112-b592dd799e7b-140643929483072", "trial_id": 17, "param_name": "random_seed", "param_value_internal": 0, "distribution": "{\"name\": \"CategoricalDistribution\", \"attributes\": {\"choices\": [42]}}"}
{"op_code": 5, "worker_id": "3f2012e2-55d4-4676-b112-b592dd799e7b-140643929483072", "trial_id": 17, "param_name": "degree", "param_value_internal": 0, "distribution": "{\"name\": \"CategoricalDistribution\", \"attributes\": {\"choices\": [0]}}"}
{"op_code": 8, "worker_id": "3f2012e2-55d4-4676-b112-b592dd799e7b-140643929483072", "trial_id": 17, "user_attr": {"best_epoch": 4}}
{"op_code": 8, "worker_id": "3f2012e2-55d4-4676-b112-b592dd799e7b-140643929483072", "trial_id": 17, "user_attr": {"test_loss": 0.45274016112640725}}
{"op_code": 6, "worker_id": "3f2012e2-55d4-4676-b112-b592dd799e7b-140643929483072", "trial_id": 17, "state": 1, "values": [0.4490740235770517], "datetime_complete": "2024-08-24T04:30:57.986796"}
{"op_code": 4, "worker_id": "3f2012e2-55d4-4676-b112-b592dd799e7b-140643929483072", "study_id": 0, "datetime_start": "2024-08-24T04:30:57.995148"}
{"op_code": 5, "worker_id": "3f2012e2-55d4-4676-b112-b592dd799e7b-140643929483072", "trial_id": 18, "param_name": "lr", "param_value_internal": 0.00023976227274240743, "distribution": "{\"name\": \"FloatDistribution\", \"attributes\": {\"step\": null, \"low\": 1e-05, \"high\": 0.001, \"log\": true}}"}
{"op_code": 5, "worker_id": "3f2012e2-55d4-4676-b112-b592dd799e7b-140643929483072", "trial_id": 18, "param_name": "l2reg", "param_value_internal": 1.2392567383549065e-08, "distribution": "{\"name\": \"FloatDistribution\", \"attributes\": {\"step\": null, \"low\": 1e-08, \"high\": 0.001, \"log\": true}}"}
{"op_code": 5, "worker_id": "3f2012e2-55d4-4676-b112-b592dd799e7b-140643929483072", "trial_id": 18, "param_name": "random_seed", "param_value_internal": 0, "distribution": "{\"name\": \"CategoricalDistribution\", \"attributes\": {\"choices\": [42]}}"}
{"op_code": 5, "worker_id": "3f2012e2-55d4-4676-b112-b592dd799e7b-140643929483072", "trial_id": 18, "param_name": "degree", "param_value_internal": 0, "distribution": "{\"name\": \"CategoricalDistribution\", \"attributes\": {\"choices\": [0]}}"}
{"op_code": 8, "worker_id": "3f2012e2-55d4-4676-b112-b592dd799e7b-140643929483072", "trial_id": 18, "user_attr": {"best_epoch": 0}}
{"op_code": 8, "worker_id": "3f2012e2-55d4-4676-b112-b592dd799e7b-140643929483072", "trial_id": 18, "user_attr": {"test_loss": 0.4521431650420035}}
{"op_code": 6, "worker_id": "3f2012e2-55d4-4676-b112-b592dd799e7b-140643929483072", "trial_id": 18, "state": 1, "values": [0.44865630816802504], "datetime_complete": "2024-08-24T04:47:27.832043"}
{"op_code": 4, "worker_id": "3f2012e2-55d4-4676-b112-b592dd799e7b-140643929483072", "study_id": 0, "datetime_start": "2024-08-24T04:47:27.840574"}
{"op_code": 5, "worker_id": "3f2012e2-55d4-4676-b112-b592dd799e7b-140643929483072", "trial_id": 19, "param_name": "lr", "param_value_internal": 0.0005923870959003156, "distribution": "{\"name\": \"FloatDistribution\", \"attributes\": {\"step\": null, \"low\": 1e-05, \"high\": 0.001, \"log\": true}}"}
{"op_code": 5, "worker_id": "3f2012e2-55d4-4676-b112-b592dd799e7b-140643929483072", "trial_id": 19, "param_name": "l2reg", "param_value_internal": 4.7504867588386196e-07, "distribution": "{\"name\": \"FloatDistribution\", \"attributes\": {\"step\": null, \"low\": 1e-08, \"high\": 0.001, \"log\": true}}"}
{"op_code": 5, "worker_id": "3f2012e2-55d4-4676-b112-b592dd799e7b-140643929483072", "trial_id": 19, "param_name": "random_seed", "param_value_internal": 0, "distribution": "{\"name\": \"CategoricalDistribution\", \"attributes\": {\"choices\": [42]}}"}
{"op_code": 5, "worker_id": "3f2012e2-55d4-4676-b112-b592dd799e7b-140643929483072", "trial_id": 19, "param_name": "degree", "param_value_internal": 0, "distribution": "{\"name\": \"CategoricalDistribution\", \"attributes\": {\"choices\": [0]}}"}
{"op_code": 8, "worker_id": "3f2012e2-55d4-4676-b112-b592dd799e7b-140643929483072", "trial_id": 19, "user_attr": {"best_epoch": 0}}
{"op_code": 8, "worker_id": "3f2012e2-55d4-4676-b112-b592dd799e7b-140643929483072", "trial_id": 19, "user_attr": {"test_loss": 0.45225940112494134}}
{"op_code": 6, "worker_id": "3f2012e2-55d4-4676-b112-b592dd799e7b-140643929483072", "trial_id": 19, "state": 1, "values": [0.4487997035525843], "datetime_complete": "2024-08-24T05:03:57.402717"}
{"op_code": 4, "worker_id": "3f2012e2-55d4-4676-b112-b592dd799e7b-140643929483072", "study_id": 0, "datetime_start": "2024-08-24T05:03:57.411604"}
{"op_code": 5, "worker_id": "3f2012e2-55d4-4676-b112-b592dd799e7b-140643929483072", "trial_id": 20, "param_name": "lr", "param_value_internal": 0.00010611780689371329, "distribution": "{\"name\": \"FloatDistribution\", \"attributes\": {\"step\": null, \"low\": 1e-05, \"high\": 0.001, \"log\": true}}"}
{"op_code": 5, "worker_id": "3f2012e2-55d4-4676-b112-b592dd799e7b-140643929483072", "trial_id": 20, "param_name": "l2reg", "param_value_internal": 1.9312355292026686e-06, "distribution": "{\"name\": \"FloatDistribution\", \"attributes\": {\"step\": null, \"low\": 1e-08, \"high\": 0.001, \"log\": true}}"}
{"op_code": 5, "worker_id": "3f2012e2-55d4-4676-b112-b592dd799e7b-140643929483072", "trial_id": 20, "param_name": "random_seed", "param_value_internal": 0, "distribution": "{\"name\": \"CategoricalDistribution\", \"attributes\": {\"choices\": [42]}}"}
{"op_code": 5, "worker_id": "3f2012e2-55d4-4676-b112-b592dd799e7b-140643929483072", "trial_id": 20, "param_name": "degree", "param_value_internal": 0, "distribution": "{\"name\": \"CategoricalDistribution\", \"attributes\": {\"choices\": [0]}}"}
{"op_code": 8, "worker_id": "3f2012e2-55d4-4676-b112-b592dd799e7b-140643929483072", "trial_id": 20, "user_attr": {"best_epoch": 1}}
{"op_code": 8, "worker_id": "3f2012e2-55d4-4676-b112-b592dd799e7b-140643929483072", "trial_id": 20, "user_attr": {"test_loss": 0.45152791731117037}}
{"op_code": 6, "worker_id": "3f2012e2-55d4-4676-b112-b592dd799e7b-140643929483072", "trial_id": 20, "state": 1, "values": [0.447997249310037], "datetime_complete": "2024-08-24T05:24:13.899080"}
{"op_code": 4, "worker_id": "3f2012e2-55d4-4676-b112-b592dd799e7b-140643929483072", "study_id": 0, "datetime_start": "2024-08-24T05:24:13.907934"}
{"op_code": 5, "worker_id": "3f2012e2-55d4-4676-b112-b592dd799e7b-140643929483072", "trial_id": 21, "param_name": "lr", "param_value_internal": 0.00011143946789835289, "distribution": "{\"name\": \"FloatDistribution\", \"attributes\": {\"step\": null, \"low\": 1e-05, \"high\": 0.001, \"log\": true}}"}
{"op_code": 5, "worker_id": "3f2012e2-55d4-4676-b112-b592dd799e7b-140643929483072", "trial_id": 21, "param_name": "l2reg", "param_value_internal": 1.921468901261832e-06, "distribution": "{\"name\": \"FloatDistribution\", \"attributes\": {\"step\": null, \"low\": 1e-08, \"high\": 0.001, \"log\": true}}"}
{"op_code": 5, "worker_id": "3f2012e2-55d4-4676-b112-b592dd799e7b-140643929483072", "trial_id": 21, "param_name": "random_seed", "param_value_internal": 0, "distribution": "{\"name\": \"CategoricalDistribution\", \"attributes\": {\"choices\": [42]}}"}
{"op_code": 5, "worker_id": "3f2012e2-55d4-4676-b112-b592dd799e7b-140643929483072", "trial_id": 21, "param_name": "degree", "param_value_internal": 0, "distribution": "{\"name\": \"CategoricalDistribution\", \"attributes\": {\"choices\": [0]}}"}
{"op_code": 8, "worker_id": "3f2012e2-55d4-4676-b112-b592dd799e7b-140643929483072", "trial_id": 21, "user_attr": {"best_epoch": 1}}
{"op_code": 8, "worker_id": "3f2012e2-55d4-4676-b112-b592dd799e7b-140643929483072", "trial_id": 21, "user_attr": {"test_loss": 0.45152060938102634}}
{"op_code": 6, "worker_id": "3f2012e2-55d4-4676-b112-b592dd799e7b-140643929483072", "trial_id": 21, "state": 1, "values": [0.4479944497551153], "datetime_complete": "2024-08-24T05:44:30.287046"}
{"op_code": 4, "worker_id": "3f2012e2-55d4-4676-b112-b592dd799e7b-140643929483072", "study_id": 0, "datetime_start": "2024-08-24T05:44:30.314030"}
{"op_code": 5, "worker_id": "3f2012e2-55d4-4676-b112-b592dd799e7b-140643929483072", "trial_id": 22, "param_name": "lr", "param_value_internal": 0.00018000554787310762, "distribution": "{\"name\": \"FloatDistribution\", \"attributes\": {\"step\": null, \"low\": 1e-05, \"high\": 0.001, \"log\": true}}"}
{"op_code": 5, "worker_id": "3f2012e2-55d4-4676-b112-b592dd799e7b-140643929483072", "trial_id": 22, "param_name": "l2reg", "param_value_internal": 1.6661832743949415e-07, "distribution": "{\"name\": \"FloatDistribution\", \"attributes\": {\"step\": null, \"low\": 1e-08, \"high\": 0.001, \"log\": true}}"}
{"op_code": 5, "worker_id": "3f2012e2-55d4-4676-b112-b592dd799e7b-140643929483072", "trial_id": 22, "param_name": "random_seed", "param_value_internal": 0, "distribution": "{\"name\": \"CategoricalDistribution\", \"attributes\": {\"choices\": [42]}}"}
{"op_code": 5, "worker_id": "3f2012e2-55d4-4676-b112-b592dd799e7b-140643929483072", "trial_id": 22, "param_name": "degree", "param_value_internal": 0, "distribution": "{\"name\": \"CategoricalDistribution\", \"attributes\": {\"choices\": [0]}}"}
{"op_code": 8, "worker_id": "3f2012e2-55d4-4676-b112-b592dd799e7b-140643929483072", "trial_id": 22, "user_attr": {"best_epoch": 0}}
{"op_code": 8, "worker_id": "3f2012e2-55d4-4676-b112-b592dd799e7b-140643929483072", "trial_id": 22, "user_attr": {"test_loss": 0.4525435014540236}}
{"op_code": 6, "worker_id": "3f2012e2-55d4-4676-b112-b592dd799e7b-140643929483072", "trial_id": 22, "state": 1, "values": [0.449054135829751], "datetime_complete": "2024-08-24T06:01:00.633505"}
{"op_code": 4, "worker_id": "3f2012e2-55d4-4676-b112-b592dd799e7b-140643929483072", "study_id": 0, "datetime_start": "2024-08-24T06:01:00.650802"}
{"op_code": 5, "worker_id": "3f2012e2-55d4-4676-b112-b592dd799e7b-140643929483072", "trial_id": 23, "param_name": "lr", "param_value_internal": 5.822018629143568e-05, "distribution": "{\"name\": \"FloatDistribution\", \"attributes\": {\"step\": null, \"low\": 1e-05, \"high\": 0.001, \"log\": true}}"}
{"op_code": 5, "worker_id": "3f2012e2-55d4-4676-b112-b592dd799e7b-140643929483072", "trial_id": 23, "param_name": "l2reg", "param_value_internal": 1.6748375144726677e-05, "distribution": "{\"name\": \"FloatDistribution\", \"attributes\": {\"step\": null, \"low\": 1e-08, \"high\": 0.001, \"log\": true}}"}
{"op_code": 5, "worker_id": "3f2012e2-55d4-4676-b112-b592dd799e7b-140643929483072", "trial_id": 23, "param_name": "random_seed", "param_value_internal": 0, "distribution": "{\"name\": \"CategoricalDistribution\", \"attributes\": {\"choices\": [42]}}"}
{"op_code": 5, "worker_id": "3f2012e2-55d4-4676-b112-b592dd799e7b-140643929483072", "trial_id": 23, "param_name": "degree", "param_value_internal": 0, "distribution": "{\"name\": \"CategoricalDistribution\", \"attributes\": {\"choices\": [0]}}"}
{"op_code": 8, "worker_id": "3f2012e2-55d4-4676-b112-b592dd799e7b-140643929483072", "trial_id": 23, "user_attr": {"best_epoch": 2}}
{"op_code": 8, "worker_id": "3f2012e2-55d4-4676-b112-b592dd799e7b-140643929483072", "trial_id": 23, "user_attr": {"test_loss": 0.4521281856031013}}
{"op_code": 6, "worker_id": "3f2012e2-55d4-4676-b112-b592dd799e7b-140643929483072", "trial_id": 23, "state": 1, "values": [0.44855843281933505], "datetime_complete": "2024-08-24T06:25:01.436310"}
{"op_code": 4, "worker_id": "3f2012e2-55d4-4676-b112-b592dd799e7b-140643929483072", "study_id": 0, "datetime_start": "2024-08-24T06:25:01.445040"}
{"op_code": 5, "worker_id": "3f2012e2-55d4-4676-b112-b592dd799e7b-140643929483072", "trial_id": 24, "param_name": "lr", "param_value_internal": 0.0001080408441898405, "distribution": "{\"name\": \"FloatDistribution\", \"attributes\": {\"step\": null, \"low\": 1e-05, \"high\": 0.001, \"log\": true}}"}
{"op_code": 5, "worker_id": "3f2012e2-55d4-4676-b112-b592dd799e7b-140643929483072", "trial_id": 24, "param_name": "l2reg", "param_value_internal": 2.3426386805863572e-06, "distribution": "{\"name\": \"FloatDistribution\", \"attributes\": {\"step\": null, \"low\": 1e-08, \"high\": 0.001, \"log\": true}}"}
{"op_code": 5, "worker_id": "3f2012e2-55d4-4676-b112-b592dd799e7b-140643929483072", "trial_id": 24, "param_name": "random_seed", "param_value_internal": 0, "distribution": "{\"name\": \"CategoricalDistribution\", \"attributes\": {\"choices\": [42]}}"}
{"op_code": 5, "worker_id": "3f2012e2-55d4-4676-b112-b592dd799e7b-140643929483072", "trial_id": 24, "param_name": "degree", "param_value_internal": 0, "distribution": "{\"name\": \"CategoricalDistribution\", \"attributes\": {\"choices\": [0]}}"}
{"op_code": 8, "worker_id": "3f2012e2-55d4-4676-b112-b592dd799e7b-140643929483072", "trial_id": 24, "user_attr": {"best_epoch": 1}}
{"op_code": 8, "worker_id": "3f2012e2-55d4-4676-b112-b592dd799e7b-140643929483072", "trial_id": 24, "user_attr": {"test_loss": 0.4515220273376214}}
{"op_code": 6, "worker_id": "3f2012e2-55d4-4676-b112-b592dd799e7b-140643929483072", "trial_id": 24, "state": 1, "values": [0.4479930317987264], "datetime_complete": "2024-08-24T06:45:16.331440"}
{"op_code": 4, "worker_id": "3f2012e2-55d4-4676-b112-b592dd799e7b-140643929483072", "study_id": 0, "datetime_start": "2024-08-24T06:45:16.341875"}
{"op_code": 5, "worker_id": "3f2012e2-55d4-4676-b112-b592dd799e7b-140643929483072", "trial_id": 25, "param_name": "lr", "param_value_internal": 0.00039796520336972803, "distribution": "{\"name\": \"FloatDistribution\", \"attributes\": {\"step\": null, \"low\": 1e-05, \"high\": 0.001, \"log\": true}}"}
{"op_code": 5, "worker_id": "3f2012e2-55d4-4676-b112-b592dd799e7b-140643929483072", "trial_id": 25, "param_name": "l2reg", "param_value_internal": 3.450658482583949e-08, "distribution": "{\"name\": \"FloatDistribution\", \"attributes\": {\"step\": null, \"low\": 1e-08, \"high\": 0.001, \"log\": true}}"}
{"op_code": 5, "worker_id": "3f2012e2-55d4-4676-b112-b592dd799e7b-140643929483072", "trial_id": 25, "param_name": "random_seed", "param_value_internal": 0, "distribution": "{\"name\": \"CategoricalDistribution\", \"attributes\": {\"choices\": [42]}}"}
{"op_code": 5, "worker_id": "3f2012e2-55d4-4676-b112-b592dd799e7b-140643929483072", "trial_id": 25, "param_name": "degree", "param_value_internal": 0, "distribution": "{\"name\": \"CategoricalDistribution\", \"attributes\": {\"choices\": [0]}}"}
{"op_code": 8, "worker_id": "3f2012e2-55d4-4676-b112-b592dd799e7b-140643929483072", "trial_id": 25, "user_attr": {"best_epoch": 0}}
{"op_code": 8, "worker_id": "3f2012e2-55d4-4676-b112-b592dd799e7b-140643929483072", "trial_id": 25, "user_attr": {"test_loss": 0.45207822990151963}}
{"op_code": 6, "worker_id": "3f2012e2-55d4-4676-b112-b592dd799e7b-140643929483072", "trial_id": 25, "state": 1, "values": [0.4486088248079251], "datetime_complete": "2024-08-24T07:01:47.130769"}
{"op_code": 4, "worker_id": "3f2012e2-55d4-4676-b112-b592dd799e7b-140643929483072", "study_id": 0, "datetime_start": "2024-08-24T07:01:47.144319"}
{"op_code": 5, "worker_id": "3f2012e2-55d4-4676-b112-b592dd799e7b-140643929483072", "trial_id": 26, "param_name": "lr", "param_value_internal": 4.4990419240614766e-05, "distribution": "{\"name\": \"FloatDistribution\", \"attributes\": {\"step\": null, \"low\": 1e-05, \"high\": 0.001, \"log\": true}}"}
{"op_code": 5, "worker_id": "3f2012e2-55d4-4676-b112-b592dd799e7b-140643929483072", "trial_id": 26, "param_name": "l2reg", "param_value_internal": 5.034340113927904e-07, "distribution": "{\"name\": \"FloatDistribution\", \"attributes\": {\"step\": null, \"low\": 1e-08, \"high\": 0.001, \"log\": true}}"}
{"op_code": 5, "worker_id": "3f2012e2-55d4-4676-b112-b592dd799e7b-140643929483072", "trial_id": 26, "param_name": "random_seed", "param_value_internal": 0, "distribution": "{\"name\": \"CategoricalDistribution\", \"attributes\": {\"choices\": [42]}}"}
{"op_code": 5, "worker_id": "3f2012e2-55d4-4676-b112-b592dd799e7b-140643929483072", "trial_id": 26, "param_name": "degree", "param_value_internal": 0, "distribution": "{\"name\": \"CategoricalDistribution\", \"attributes\": {\"choices\": [0]}}"}
{"op_code": 8, "worker_id": "3f2012e2-55d4-4676-b112-b592dd799e7b-140643929483072", "trial_id": 26, "user_attr": {"best_epoch": 3}}
{"op_code": 8, "worker_id": "3f2012e2-55d4-4676-b112-b592dd799e7b-140643929483072", "trial_id": 26, "user_attr": {"test_loss": 0.4524315192408711}}
{"op_code": 6, "worker_id": "3f2012e2-55d4-4676-b112-b592dd799e7b-140643929483072", "trial_id": 26, "state": 1, "values": [0.44876498179998436], "datetime_complete": "2024-08-24T07:29:32.034184"}
{"op_code": 4, "worker_id": "3f2012e2-55d4-4676-b112-b592dd799e7b-140643929483072", "study_id": 0, "datetime_start": "2024-08-24T07:29:32.048259"}
{"op_code": 5, "worker_id": "3f2012e2-55d4-4676-b112-b592dd799e7b-140643929483072", "trial_id": 27, "param_name": "lr", "param_value_internal": 8.341113200764363e-05, "distribution": "{\"name\": \"FloatDistribution\", \"attributes\": {\"step\": null, \"low\": 1e-05, \"high\": 0.001, \"log\": true}}"}
{"op_code": 5, "worker_id": "3f2012e2-55d4-4676-b112-b592dd799e7b-140643929483072", "trial_id": 27, "param_name": "l2reg", "param_value_internal": 7.484213686960315e-05, "distribution": "{\"name\": \"FloatDistribution\", \"attributes\": {\"step\": null, \"low\": 1e-08, \"high\": 0.001, \"log\": true}}"}
{"op_code": 5, "worker_id": "3f2012e2-55d4-4676-b112-b592dd799e7b-140643929483072", "trial_id": 27, "param_name": "random_seed", "param_value_internal": 0, "distribution": "{\"name\": \"CategoricalDistribution\", \"attributes\": {\"choices\": [42]}}"}
{"op_code": 5, "worker_id": "3f2012e2-55d4-4676-b112-b592dd799e7b-140643929483072", "trial_id": 27, "param_name": "degree", "param_value_internal": 0, "distribution": "{\"name\": \"CategoricalDistribution\", \"attributes\": {\"choices\": [0]}}"}
{"op_code": 8, "worker_id": "3f2012e2-55d4-4676-b112-b592dd799e7b-140643929483072", "trial_id": 27, "user_attr": {"best_epoch": 1}}
{"op_code": 8, "worker_id": "3f2012e2-55d4-4676-b112-b592dd799e7b-140643929483072", "trial_id": 27, "user_attr": {"test_loss": 0.4519718831568862}}
{"op_code": 6, "worker_id": "3f2012e2-55d4-4676-b112-b592dd799e7b-140643929483072", "trial_id": 27, "state": 1, "values": [0.4484276172529953], "datetime_complete": "2024-08-24T07:49:46.355165"}
{"op_code": 4, "worker_id": "3f2012e2-55d4-4676-b112-b592dd799e7b-140643929483072", "study_id": 0, "datetime_start": "2024-08-24T07:49:46.363967"}
{"op_code": 5, "worker_id": "3f2012e2-55d4-4676-b112-b592dd799e7b-140643929483072", "trial_id": 28, "param_name": "lr", "param_value_internal": 0.0002211355148474173, "distribution": "{\"name\": \"FloatDistribution\", \"attributes\": {\"step\": null, \"low\": 1e-05, \"high\": 0.001, \"log\": true}}"}
{"op_code": 5, "worker_id": "3f2012e2-55d4-4676-b112-b592dd799e7b-140643929483072", "trial_id": 28, "param_name": "l2reg", "param_value_internal": 2.6816342040130833e-07, "distribution": "{\"name\": \"FloatDistribution\", \"attributes\": {\"step\": null, \"low\": 1e-08, \"high\": 0.001, \"log\": true}}"}
{"op_code": 5, "worker_id": "3f2012e2-55d4-4676-b112-b592dd799e7b-140643929483072", "trial_id": 28, "param_name": "random_seed", "param_value_internal": 0, "distribution": "{\"name\": \"CategoricalDistribution\", \"attributes\": {\"choices\": [42]}}"}
{"op_code": 5, "worker_id": "3f2012e2-55d4-4676-b112-b592dd799e7b-140643929483072", "trial_id": 28, "param_name": "degree", "param_value_internal": 0, "distribution": "{\"name\": \"CategoricalDistribution\", \"attributes\": {\"choices\": [0]}}"}
{"op_code": 8, "worker_id": "3f2012e2-55d4-4676-b112-b592dd799e7b-140643929483072", "trial_id": 28, "user_attr": {"best_epoch": 0}}
{"op_code": 8, "worker_id": "3f2012e2-55d4-4676-b112-b592dd799e7b-140643929483072", "trial_id": 28, "user_attr": {"test_loss": 0.45221199047365856}}
{"op_code": 6, "worker_id": "3f2012e2-55d4-4676-b112-b592dd799e7b-140643929483072", "trial_id": 28, "state": 1, "values": [0.4487237883489941], "datetime_complete": "2024-08-24T08:06:17.210203"}
{"op_code": 4, "worker_id": "3f2012e2-55d4-4676-b112-b592dd799e7b-140643929483072", "study_id": 0, "datetime_start": "2024-08-24T08:06:17.218697"}
{"op_code": 5, "worker_id": "3f2012e2-55d4-4676-b112-b592dd799e7b-140643929483072", "trial_id": 29, "param_name": "lr", "param_value_internal": 5.8708137652808234e-05, "distribution": "{\"name\": \"FloatDistribution\", \"attributes\": {\"step\": null, \"low\": 1e-05, \"high\": 0.001, \"log\": true}}"}
{"op_code": 5, "worker_id": "3f2012e2-55d4-4676-b112-b592dd799e7b-140643929483072", "trial_id": 29, "param_name": "l2reg", "param_value_internal": 3.2367648175804436e-06, "distribution": "{\"name\": \"FloatDistribution\", \"attributes\": {\"step\": null, \"low\": 1e-08, \"high\": 0.001, \"log\": true}}"}
{"op_code": 5, "worker_id": "3f2012e2-55d4-4676-b112-b592dd799e7b-140643929483072", "trial_id": 29, "param_name": "random_seed", "param_value_internal": 0, "distribution": "{\"name\": \"CategoricalDistribution\", \"attributes\": {\"choices\": [42]}}"}
{"op_code": 5, "worker_id": "3f2012e2-55d4-4676-b112-b592dd799e7b-140643929483072", "trial_id": 29, "param_name": "degree", "param_value_internal": 0, "distribution": "{\"name\": \"CategoricalDistribution\", \"attributes\": {\"choices\": [0]}}"}
{"op_code": 8, "worker_id": "3f2012e2-55d4-4676-b112-b592dd799e7b-140643929483072", "trial_id": 29, "user_attr": {"best_epoch": 2}}
{"op_code": 8, "worker_id": "3f2012e2-55d4-4676-b112-b592dd799e7b-140643929483072", "trial_id": 29, "user_attr": {"test_loss": 0.45211258808055504}}
{"op_code": 6, "worker_id": "3f2012e2-55d4-4676-b112-b592dd799e7b-140643929483072", "trial_id": 29, "state": 1, "values": [0.44853992667056714], "datetime_complete": "2024-08-24T08:30:15.762287"}
{"op_code": 4, "worker_id": "3f2012e2-55d4-4676-b112-b592dd799e7b-140643929483072", "study_id": 0, "datetime_start": "2024-08-24T08:30:15.771556"}
{"op_code": 5, "worker_id": "3f2012e2-55d4-4676-b112-b592dd799e7b-140643929483072", "trial_id": 30, "param_name": "lr", "param_value_internal": 0.00013243791258016135, "distribution": "{\"name\": \"FloatDistribution\", \"attributes\": {\"step\": null, \"low\": 1e-05, \"high\": 0.001, \"log\": true}}"}
{"op_code": 5, "worker_id": "3f2012e2-55d4-4676-b112-b592dd799e7b-140643929483072", "trial_id": 30, "param_name": "l2reg", "param_value_internal": 1.1366988409883747e-06, "distribution": "{\"name\": \"FloatDistribution\", \"attributes\": {\"step\": null, \"low\": 1e-08, \"high\": 0.001, \"log\": true}}"}
{"op_code": 5, "worker_id": "3f2012e2-55d4-4676-b112-b592dd799e7b-140643929483072", "trial_id": 30, "param_name": "random_seed", "param_value_internal": 0, "distribution": "{\"name\": \"CategoricalDistribution\", \"attributes\": {\"choices\": [42]}}"}
{"op_code": 5, "worker_id": "3f2012e2-55d4-4676-b112-b592dd799e7b-140643929483072", "trial_id": 30, "param_name": "degree", "param_value_internal": 0, "distribution": "{\"name\": \"CategoricalDistribution\", \"attributes\": {\"choices\": [0]}}"}
{"op_code": 8, "worker_id": "3f2012e2-55d4-4676-b112-b592dd799e7b-140643929483072", "trial_id": 30, "user_attr": {"best_epoch": 1}}
{"op_code": 8, "worker_id": "3f2012e2-55d4-4676-b112-b592dd799e7b-140643929483072", "trial_id": 30, "user_attr": {"test_loss": 0.45170948847106757}}
{"op_code": 6, "worker_id": "3f2012e2-55d4-4676-b112-b592dd799e7b-140643929483072", "trial_id": 30, "state": 1, "values": [0.44820288934428315], "datetime_complete": "2024-08-24T08:50:29.409696"}
{"op_code": 4, "worker_id": "3f2012e2-55d4-4676-b112-b592dd799e7b-140643929483072", "study_id": 0, "datetime_start": "2024-08-24T08:50:29.418871"}
{"op_code": 5, "worker_id": "3f2012e2-55d4-4676-b112-b592dd799e7b-140643929483072", "trial_id": 31, "param_name": "lr", "param_value_internal": 0.0001035245351067768, "distribution": "{\"name\": \"FloatDistribution\", \"attributes\": {\"step\": null, \"low\": 1e-05, \"high\": 0.001, \"log\": true}}"}
{"op_code": 5, "worker_id": "3f2012e2-55d4-4676-b112-b592dd799e7b-140643929483072", "trial_id": 31, "param_name": "l2reg", "param_value_internal": 2.265090601402498e-06, "distribution": "{\"name\": \"FloatDistribution\", \"attributes\": {\"step\": null, \"low\": 1e-08, \"high\": 0.001, \"log\": true}}"}
{"op_code": 5, "worker_id": "3f2012e2-55d4-4676-b112-b592dd799e7b-140643929483072", "trial_id": 31, "param_name": "random_seed", "param_value_internal": 0, "distribution": "{\"name\": \"CategoricalDistribution\", \"attributes\": {\"choices\": [42]}}"}
{"op_code": 5, "worker_id": "3f2012e2-55d4-4676-b112-b592dd799e7b-140643929483072", "trial_id": 31, "param_name": "degree", "param_value_internal": 0, "distribution": "{\"name\": \"CategoricalDistribution\", \"attributes\": {\"choices\": [0]}}"}
{"op_code": 8, "worker_id": "3f2012e2-55d4-4676-b112-b592dd799e7b-140643929483072", "trial_id": 31, "user_attr": {"best_epoch": 1}}
{"op_code": 8, "worker_id": "3f2012e2-55d4-4676-b112-b592dd799e7b-140643929483072", "trial_id": 31, "user_attr": {"test_loss": 0.4515423513821514}}
{"op_code": 6, "worker_id": "3f2012e2-55d4-4676-b112-b592dd799e7b-140643929483072", "trial_id": 31, "state": 1, "values": [0.44800932011827066], "datetime_complete": "2024-08-24T09:10:44.814580"}
{"op_code": 4, "worker_id": "3f2012e2-55d4-4676-b112-b592dd799e7b-140643929483072", "study_id": 0, "datetime_start": "2024-08-24T09:10:44.824220"}
{"op_code": 5, "worker_id": "3f2012e2-55d4-4676-b112-b592dd799e7b-140643929483072", "trial_id": 32, "param_name": "lr", "param_value_internal": 7.793676111631848e-05, "distribution": "{\"name\": \"FloatDistribution\", \"attributes\": {\"step\": null, \"low\": 1e-05, \"high\": 0.001, \"log\": true}}"}
{"op_code": 5, "worker_id": "3f2012e2-55d4-4676-b112-b592dd799e7b-140643929483072", "trial_id": 32, "param_name": "l2reg", "param_value_internal": 8.171981739965193e-06, "distribution": "{\"name\": \"FloatDistribution\", \"attributes\": {\"step\": null, \"low\": 1e-08, \"high\": 0.001, \"log\": true}}"}
{"op_code": 5, "worker_id": "3f2012e2-55d4-4676-b112-b592dd799e7b-140643929483072", "trial_id": 32, "param_name": "random_seed", "param_value_internal": 0, "distribution": "{\"name\": \"CategoricalDistribution\", \"attributes\": {\"choices\": [42]}}"}
{"op_code": 5, "worker_id": "3f2012e2-55d4-4676-b112-b592dd799e7b-140643929483072", "trial_id": 32, "param_name": "degree", "param_value_internal": 0, "distribution": "{\"name\": \"CategoricalDistribution\", \"attributes\": {\"choices\": [0]}}"}
{"op_code": 8, "worker_id": "3f2012e2-55d4-4676-b112-b592dd799e7b-140643929483072", "trial_id": 32, "user_attr": {"best_epoch": 2}}
{"op_code": 8, "worker_id": "3f2012e2-55d4-4676-b112-b592dd799e7b-140643929483072", "trial_id": 32, "user_attr": {"test_loss": 0.45219722918192484}}
{"op_code": 6, "worker_id": "3f2012e2-55d4-4676-b112-b592dd799e7b-140643929483072", "trial_id": 32, "state": 1, "values": [0.44856086879569546], "datetime_complete": "2024-08-24T09:34:43.524460"}
{"op_code": 4, "worker_id": "3f2012e2-55d4-4676-b112-b592dd799e7b-140643929483072", "study_id": 0, "datetime_start": "2024-08-24T09:34:43.533913"}
{"op_code": 5, "worker_id": "3f2012e2-55d4-4676-b112-b592dd799e7b-140643929483072", "trial_id": 33, "param_name": "lr", "param_value_internal": 0.00012669696405678493, "distribution": "{\"name\": \"FloatDistribution\", \"attributes\": {\"step\": null, \"low\": 1e-05, \"high\": 0.001, \"log\": true}}"}
{"op_code": 5, "worker_id": "3f2012e2-55d4-4676-b112-b592dd799e7b-140643929483072", "trial_id": 33, "param_name": "l2reg", "param_value_internal": 2.9940610892982054e-07, "distribution": "{\"name\": \"FloatDistribution\", \"attributes\": {\"step\": null, \"low\": 1e-08, \"high\": 0.001, \"log\": true}}"}
{"op_code": 5, "worker_id": "3f2012e2-55d4-4676-b112-b592dd799e7b-140643929483072", "trial_id": 33, "param_name": "random_seed", "param_value_internal": 0, "distribution": "{\"name\": \"CategoricalDistribution\", \"attributes\": {\"choices\": [42]}}"}
{"op_code": 5, "worker_id": "3f2012e2-55d4-4676-b112-b592dd799e7b-140643929483072", "trial_id": 33, "param_name": "degree", "param_value_internal": 0, "distribution": "{\"name\": \"CategoricalDistribution\", \"attributes\": {\"choices\": [0]}}"}
{"op_code": 8, "worker_id": "3f2012e2-55d4-4676-b112-b592dd799e7b-140643929483072", "trial_id": 33, "user_attr": {"best_epoch": 1}}
{"op_code": 8, "worker_id": "3f2012e2-55d4-4676-b112-b592dd799e7b-140643929483072", "trial_id": 33, "user_attr": {"test_loss": 0.45162837408225487}}
{"op_code": 6, "worker_id": "3f2012e2-55d4-4676-b112-b592dd799e7b-140643929483072", "trial_id": 33, "state": 1, "values": [0.4481175210981003], "datetime_complete": "2024-08-24T09:54:57.475469"}
{"op_code": 4, "worker_id": "3f2012e2-55d4-4676-b112-b592dd799e7b-140643929483072", "study_id": 0, "datetime_start": "2024-08-24T09:54:57.485281"}
{"op_code": 5, "worker_id": "3f2012e2-55d4-4676-b112-b592dd799e7b-140643929483072", "trial_id": 34, "param_name": "lr", "param_value_internal": 0.00018306378066323015, "distribution": "{\"name\": \"FloatDistribution\", \"attributes\": {\"step\": null, \"low\": 1e-05, \"high\": 0.001, \"log\": true}}"}
{"op_code": 5, "worker_id": "3f2012e2-55d4-4676-b112-b592dd799e7b-140643929483072", "trial_id": 34, "param_name": "l2reg", "param_value_internal": 4.808844966182511e-06, "distribution": "{\"name\": \"FloatDistribution\", \"attributes\": {\"step\": null, \"low\": 1e-08, \"high\": 0.001, \"log\": true}}"}
{"op_code": 5, "worker_id": "3f2012e2-55d4-4676-b112-b592dd799e7b-140643929483072", "trial_id": 34, "param_name": "random_seed", "param_value_internal": 0, "distribution": "{\"name\": \"CategoricalDistribution\", \"attributes\": {\"choices\": [42]}}"}
{"op_code": 5, "worker_id": "3f2012e2-55d4-4676-b112-b592dd799e7b-140643929483072", "trial_id": 34, "param_name": "degree", "param_value_internal": 0, "distribution": "{\"name\": \"CategoricalDistribution\", \"attributes\": {\"choices\": [0]}}"}
{"op_code": 8, "worker_id": "3f2012e2-55d4-4676-b112-b592dd799e7b-140643929483072", "trial_id": 34, "user_attr": {"best_epoch": 0}}
{"op_code": 8, "worker_id": "3f2012e2-55d4-4676-b112-b592dd799e7b-140643929483072", "trial_id": 34, "user_attr": {"test_loss": 0.45250685272971913}}
{"op_code": 6, "worker_id": "3f2012e2-55d4-4676-b112-b592dd799e7b-140643929483072", "trial_id": 34, "state": 1, "values": [0.44901755982648867], "datetime_complete": "2024-08-24T10:11:26.408045"}
{"op_code": 4, "worker_id": "3f2012e2-55d4-4676-b112-b592dd799e7b-140643929483072", "study_id": 0, "datetime_start": "2024-08-24T10:11:26.437974"}
{"op_code": 5, "worker_id": "3f2012e2-55d4-4676-b112-b592dd799e7b-140643929483072", "trial_id": 35, "param_name": "lr", "param_value_internal": 6.58706487895738e-05, "distribution": "{\"name\": \"FloatDistribution\", \"attributes\": {\"step\": null, \"low\": 1e-05, \"high\": 0.001, \"log\": true}}"}
{"op_code": 5, "worker_id": "3f2012e2-55d4-4676-b112-b592dd799e7b-140643929483072", "trial_id": 35, "param_name": "l2reg", "param_value_internal": 1.114221218516262e-06, "distribution": "{\"name\": \"FloatDistribution\", \"attributes\": {\"step\": null, \"low\": 1e-08, \"high\": 0.001, \"log\": true}}"}
{"op_code": 5, "worker_id": "3f2012e2-55d4-4676-b112-b592dd799e7b-140643929483072", "trial_id": 35, "param_name": "random_seed", "param_value_internal": 0, "distribution": "{\"name\": \"CategoricalDistribution\", \"attributes\": {\"choices\": [42]}}"}
{"op_code": 5, "worker_id": "3f2012e2-55d4-4676-b112-b592dd799e7b-140643929483072", "trial_id": 35, "param_name": "degree", "param_value_internal": 0, "distribution": "{\"name\": \"CategoricalDistribution\", \"attributes\": {\"choices\": [0]}}"}
{"op_code": 8, "worker_id": "3f2012e2-55d4-4676-b112-b592dd799e7b-140643929483072", "trial_id": 35, "user_attr": {"best_epoch": 2}}
{"op_code": 8, "worker_id": "3f2012e2-55d4-4676-b112-b592dd799e7b-140643929483072", "trial_id": 35, "user_attr": {"test_loss": 0.4519969337233999}}
{"op_code": 6, "worker_id": "3f2012e2-55d4-4676-b112-b592dd799e7b-140643929483072", "trial_id": 35, "state": 1, "values": [0.44839427709892815], "datetime_complete": "2024-08-24T10:35:26.599141"}
{"op_code": 4, "worker_id": "3f2012e2-55d4-4676-b112-b592dd799e7b-140643929483072", "study_id": 0, "datetime_start": "2024-08-24T10:35:26.607557"}
{"op_code": 5, "worker_id": "3f2012e2-55d4-4676-b112-b592dd799e7b-140643929483072", "trial_id": 36, "param_name": "lr", "param_value_internal": 0.0003327528914795915, "distribution": "{\"name\": \"FloatDistribution\", \"attributes\": {\"step\": null, \"low\": 1e-05, \"high\": 0.001, \"log\": true}}"}
{"op_code": 5, "worker_id": "3f2012e2-55d4-4676-b112-b592dd799e7b-140643929483072", "trial_id": 36, "param_name": "l2reg", "param_value_internal": 4.612768480609007e-08, "distribution": "{\"name\": \"FloatDistribution\", \"attributes\": {\"step\": null, \"low\": 1e-08, \"high\": 0.001, \"log\": true}}"}
{"op_code": 5, "worker_id": "3f2012e2-55d4-4676-b112-b592dd799e7b-140643929483072", "trial_id": 36, "param_name": "random_seed", "param_value_internal": 0, "distribution": "{\"name\": \"CategoricalDistribution\", \"attributes\": {\"choices\": [42]}}"}
{"op_code": 5, "worker_id": "3f2012e2-55d4-4676-b112-b592dd799e7b-140643929483072", "trial_id": 36, "param_name": "degree", "param_value_internal": 0, "distribution": "{\"name\": \"CategoricalDistribution\", \"attributes\": {\"choices\": [0]}}"}
{"op_code": 8, "worker_id": "3f2012e2-55d4-4676-b112-b592dd799e7b-140643929483072", "trial_id": 36, "user_attr": {"best_epoch": 0}}
{"op_code": 8, "worker_id": "3f2012e2-55d4-4676-b112-b592dd799e7b-140643929483072", "trial_id": 36, "user_attr": {"test_loss": 0.45206379583053863}}
{"op_code": 6, "worker_id": "3f2012e2-55d4-4676-b112-b592dd799e7b-140643929483072", "trial_id": 36, "state": 1, "values": [0.44857937494446337], "datetime_complete": "2024-08-24T10:51:54.608389"}
{"op_code": 4, "worker_id": "3f2012e2-55d4-4676-b112-b592dd799e7b-140643929483072", "study_id": 0, "datetime_start": "2024-08-24T10:51:54.618139"}
{"op_code": 5, "worker_id": "3f2012e2-55d4-4676-b112-b592dd799e7b-140643929483072", "trial_id": 37, "param_name": "lr", "param_value_internal": 9.555804794473448e-05, "distribution": "{\"name\": \"FloatDistribution\", \"attributes\": {\"step\": null, \"low\": 1e-05, \"high\": 0.001, \"log\": true}}"}
{"op_code": 5, "worker_id": "3f2012e2-55d4-4676-b112-b592dd799e7b-140643929483072", "trial_id": 37, "param_name": "l2reg", "param_value_internal": 1.5752240409654506e-05, "distribution": "{\"name\": \"FloatDistribution\", \"attributes\": {\"step\": null, \"low\": 1e-08, \"high\": 0.001, \"log\": true}}"}
{"op_code": 5, "worker_id": "3f2012e2-55d4-4676-b112-b592dd799e7b-140643929483072", "trial_id": 37, "param_name": "random_seed", "param_value_internal": 0, "distribution": "{\"name\": \"CategoricalDistribution\", \"attributes\": {\"choices\": [42]}}"}
{"op_code": 5, "worker_id": "3f2012e2-55d4-4676-b112-b592dd799e7b-140643929483072", "trial_id": 37, "param_name": "degree", "param_value_internal": 0, "distribution": "{\"name\": \"CategoricalDistribution\", \"attributes\": {\"choices\": [0]}}"}
{"op_code": 8, "worker_id": "3f2012e2-55d4-4676-b112-b592dd799e7b-140643929483072", "trial_id": 37, "user_attr": {"best_epoch": 1}}
{"op_code": 8, "worker_id": "3f2012e2-55d4-4676-b112-b592dd799e7b-140643929483072", "trial_id": 37, "user_attr": {"test_loss": 0.4516385179255891}}
{"op_code": 6, "worker_id": "3f2012e2-55d4-4676-b112-b592dd799e7b-140643929483072", "trial_id": 37, "state": 1, "values": [0.4480991603807569], "datetime_complete": "2024-08-24T11:12:07.598485"}
{"op_code": 4, "worker_id": "3f2012e2-55d4-4676-b112-b592dd799e7b-140643929483072", "study_id": 0, "datetime_start": "2024-08-24T11:12:07.607130"}
{"op_code": 5, "worker_id": "3f2012e2-55d4-4676-b112-b592dd799e7b-140643929483072", "trial_id": 38, "param_name": "lr", "param_value_internal": 2.4550790764137534e-05, "distribution": "{\"name\": \"FloatDistribution\", \"attributes\": {\"step\": null, \"low\": 1e-05, \"high\": 0.001, \"log\": true}}"}
{"op_code": 5, "worker_id": "3f2012e2-55d4-4676-b112-b592dd799e7b-140643929483072", "trial_id": 38, "param_name": "l2reg", "param_value_internal": 9.889935101493481e-05, "distribution": "{\"name\": \"FloatDistribution\", \"attributes\": {\"step\": null, \"low\": 1e-08, \"high\": 0.001, \"log\": true}}"}
{"op_code": 5, "worker_id": "3f2012e2-55d4-4676-b112-b592dd799e7b-140643929483072", "trial_id": 38, "param_name": "random_seed", "param_value_internal": 0, "distribution": "{\"name\": \"CategoricalDistribution\", \"attributes\": {\"choices\": [42]}}"}
{"op_code": 5, "worker_id": "3f2012e2-55d4-4676-b112-b592dd799e7b-140643929483072", "trial_id": 38, "param_name": "degree", "param_value_internal": 0, "distribution": "{\"name\": \"CategoricalDistribution\", \"attributes\": {\"choices\": [0]}}"}
{"op_code": 8, "worker_id": "3f2012e2-55d4-4676-b112-b592dd799e7b-140643929483072", "trial_id": 38, "user_attr": {"best_epoch": 6}}
{"op_code": 8, "worker_id": "3f2012e2-55d4-4676-b112-b592dd799e7b-140643929483072", "trial_id": 38, "user_attr": {"test_loss": 0.4532092502543596}}
{"op_code": 6, "worker_id": "3f2012e2-55d4-4676-b112-b592dd799e7b-140643929483072", "trial_id": 38, "state": 1, "values": [0.4494087340005436], "datetime_complete": "2024-08-24T11:51:05.505309"}
{"op_code": 4, "worker_id": "3f2012e2-55d4-4676-b112-b592dd799e7b-140643929483072", "study_id": 0, "datetime_start": "2024-08-24T11:51:05.514636"}
{"op_code": 5, "worker_id": "3f2012e2-55d4-4676-b112-b592dd799e7b-140643929483072", "trial_id": 39, "param_name": "lr", "param_value_internal": 3.2367871286896835e-05, "distribution": "{\"name\": \"FloatDistribution\", \"attributes\": {\"step\": null, \"low\": 1e-05, \"high\": 0.001, \"log\": true}}"}
{"op_code": 5, "worker_id": "3f2012e2-55d4-4676-b112-b592dd799e7b-140643929483072", "trial_id": 39, "param_name": "l2reg", "param_value_internal": 1.5638250587649123e-07, "distribution": "{\"name\": \"FloatDistribution\", \"attributes\": {\"step\": null, \"low\": 1e-08, \"high\": 0.001, \"log\": true}}"}
{"op_code": 5, "worker_id": "3f2012e2-55d4-4676-b112-b592dd799e7b-140643929483072", "trial_id": 39, "param_name": "random_seed", "param_value_internal": 0, "distribution": "{\"name\": \"CategoricalDistribution\", \"attributes\": {\"choices\": [42]}}"}
{"op_code": 5, "worker_id": "3f2012e2-55d4-4676-b112-b592dd799e7b-140643929483072", "trial_id": 39, "param_name": "degree", "param_value_internal": 0, "distribution": "{\"name\": \"CategoricalDistribution\", \"attributes\": {\"choices\": [0]}}"}
{"op_code": 8, "worker_id": "3f2012e2-55d4-4676-b112-b592dd799e7b-140643929483072", "trial_id": 39, "user_attr": {"best_epoch": 5}}
{"op_code": 8, "worker_id": "3f2012e2-55d4-4676-b112-b592dd799e7b-140643929483072", "trial_id": 39, "user_attr": {"test_loss": 0.4529320215610844}}
{"op_code": 6, "worker_id": "3f2012e2-55d4-4676-b112-b592dd799e7b-140643929483072", "trial_id": 39, "state": 1, "values": [0.44917011739079155], "datetime_complete": "2024-08-24T12:26:19.375838"}
{"op_code": 4, "worker_id": "3f2012e2-55d4-4676-b112-b592dd799e7b-140643929483072", "study_id": 0, "datetime_start": "2024-08-24T12:26:19.391909"}
{"op_code": 5, "worker_id": "3f2012e2-55d4-4676-b112-b592dd799e7b-140643929483072", "trial_id": 40, "param_name": "lr", "param_value_internal": 0.00014894220695426766, "distribution": "{\"name\": \"FloatDistribution\", \"attributes\": {\"step\": null, \"low\": 1e-05, \"high\": 0.001, \"log\": true}}"}
{"op_code": 5, "worker_id": "3f2012e2-55d4-4676-b112-b592dd799e7b-140643929483072", "trial_id": 40, "param_name": "l2reg", "param_value_internal": 2.551334472489365e-06, "distribution": "{\"name\": \"FloatDistribution\", \"attributes\": {\"step\": null, \"low\": 1e-08, \"high\": 0.001, \"log\": true}}"}
{"op_code": 5, "worker_id": "3f2012e2-55d4-4676-b112-b592dd799e7b-140643929483072", "trial_id": 40, "param_name": "random_seed", "param_value_internal": 0, "distribution": "{\"name\": \"CategoricalDistribution\", \"attributes\": {\"choices\": [42]}}"}
{"op_code": 5, "worker_id": "3f2012e2-55d4-4676-b112-b592dd799e7b-140643929483072", "trial_id": 40, "param_name": "degree", "param_value_internal": 0, "distribution": "{\"name\": \"CategoricalDistribution\", \"attributes\": {\"choices\": [0]}}"}
{"op_code": 8, "worker_id": "3f2012e2-55d4-4676-b112-b592dd799e7b-140643929483072", "trial_id": 40, "user_attr": {"best_epoch": 1}}
{"op_code": 8, "worker_id": "3f2012e2-55d4-4676-b112-b592dd799e7b-140643929483072", "trial_id": 40, "user_attr": {"test_loss": 0.4520297285143945}}
{"op_code": 6, "worker_id": "3f2012e2-55d4-4676-b112-b592dd799e7b-140643929483072", "trial_id": 40, "state": 1, "values": [0.4485317097950828], "datetime_complete": "2024-08-24T12:46:33.561387"}
{"op_code": 4, "worker_id": "3f2012e2-55d4-4676-b112-b592dd799e7b-140643929483072", "study_id": 0, "datetime_start": "2024-08-24T12:46:33.569879"}
{"op_code": 5, "worker_id": "3f2012e2-55d4-4676-b112-b592dd799e7b-140643929483072", "trial_id": 41, "param_name": "lr", "param_value_internal": 9.71931812723905e-05, "distribution": "{\"name\": \"FloatDistribution\", \"attributes\": {\"step\": null, \"low\": 1e-05, \"high\": 0.001, \"log\": true}}"}
{"op_code": 5, "worker_id": "3f2012e2-55d4-4676-b112-b592dd799e7b-140643929483072", "trial_id": 41, "param_name": "l2reg", "param_value_internal": 1.7940675774454156e-06, "distribution": "{\"name\": \"FloatDistribution\", \"attributes\": {\"step\": null, \"low\": 1e-08, \"high\": 0.001, \"log\": true}}"}
{"op_code": 5, "worker_id": "3f2012e2-55d4-4676-b112-b592dd799e7b-140643929483072", "trial_id": 41, "param_name": "random_seed", "param_value_internal": 0, "distribution": "{\"name\": \"CategoricalDistribution\", \"attributes\": {\"choices\": [42]}}"}
{"op_code": 5, "worker_id": "3f2012e2-55d4-4676-b112-b592dd799e7b-140643929483072", "trial_id": 41, "param_name": "degree", "param_value_internal": 0, "distribution": "{\"name\": \"CategoricalDistribution\", \"attributes\": {\"choices\": [0]}}"}
{"op_code": 8, "worker_id": "3f2012e2-55d4-4676-b112-b592dd799e7b-140643929483072", "trial_id": 41, "user_attr": {"best_epoch": 1}}
{"op_code": 8, "worker_id": "3f2012e2-55d4-4676-b112-b592dd799e7b-140643929483072", "trial_id": 41, "user_attr": {"test_loss": 0.451612194833926}}
{"op_code": 6, "worker_id": "3f2012e2-55d4-4676-b112-b592dd799e7b-140643929483072", "trial_id": 41, "state": 1, "values": [0.4480738916707497], "datetime_complete": "2024-08-24T13:06:45.877955"}
{"op_code": 4, "worker_id": "3f2012e2-55d4-4676-b112-b592dd799e7b-140643929483072", "study_id": 0, "datetime_start": "2024-08-24T13:06:45.886645"}
{"op_code": 5, "worker_id": "3f2012e2-55d4-4676-b112-b592dd799e7b-140643929483072", "trial_id": 42, "param_name": "lr", "param_value_internal": 4.71112187230634e-05, "distribution": "{\"name\": \"FloatDistribution\", \"attributes\": {\"step\": null, \"low\": 1e-05, \"high\": 0.001, \"log\": true}}"}
{"op_code": 5, "worker_id": "3f2012e2-55d4-4676-b112-b592dd799e7b-140643929483072", "trial_id": 42, "param_name": "l2reg", "param_value_internal": 6.490537124593483e-07, "distribution": "{\"name\": \"FloatDistribution\", \"attributes\": {\"step\": null, \"low\": 1e-08, \"high\": 0.001, \"log\": true}}"}
{"op_code": 5, "worker_id": "3f2012e2-55d4-4676-b112-b592dd799e7b-140643929483072", "trial_id": 42, "param_name": "random_seed", "param_value_internal": 0, "distribution": "{\"name\": \"CategoricalDistribution\", \"attributes\": {\"choices\": [42]}}"}
{"op_code": 5, "worker_id": "3f2012e2-55d4-4676-b112-b592dd799e7b-140643929483072", "trial_id": 42, "param_name": "degree", "param_value_internal": 0, "distribution": "{\"name\": \"CategoricalDistribution\", \"attributes\": {\"choices\": [0]}}"}
{"op_code": 8, "worker_id": "3f2012e2-55d4-4676-b112-b592dd799e7b-140643929483072", "trial_id": 42, "user_attr": {"best_epoch": 3}}
{"op_code": 8, "worker_id": "3f2012e2-55d4-4676-b112-b592dd799e7b-140643929483072", "trial_id": 42, "user_attr": {"test_loss": 0.4524060687378819}}
{"op_code": 6, "worker_id": "3f2012e2-55d4-4676-b112-b592dd799e7b-140643929483072", "trial_id": 42, "state": 1, "values": [0.4487321142980469], "datetime_complete": "2024-08-24T13:34:30.096601"}
{"op_code": 4, "worker_id": "3f2012e2-55d4-4676-b112-b592dd799e7b-140643929483072", "study_id": 0, "datetime_start": "2024-08-24T13:34:30.105896"}
{"op_code": 5, "worker_id": "3f2012e2-55d4-4676-b112-b592dd799e7b-140643929483072", "trial_id": 43, "param_name": "lr", "param_value_internal": 0.00010965442443152361, "distribution": "{\"name\": \"FloatDistribution\", \"attributes\": {\"step\": null, \"low\": 1e-05, \"high\": 0.001, \"log\": true}}"}
{"op_code": 5, "worker_id": "3f2012e2-55d4-4676-b112-b592dd799e7b-140643929483072", "trial_id": 43, "param_name": "l2reg", "param_value_internal": 1.3764947682893104e-06, "distribution": "{\"name\": \"FloatDistribution\", \"attributes\": {\"step\": null, \"low\": 1e-08, \"high\": 0.001, \"log\": true}}"}
{"op_code": 5, "worker_id": "3f2012e2-55d4-4676-b112-b592dd799e7b-140643929483072", "trial_id": 43, "param_name": "random_seed", "param_value_internal": 0, "distribution": "{\"name\": \"CategoricalDistribution\", \"attributes\": {\"choices\": [42]}}"}
{"op_code": 5, "worker_id": "3f2012e2-55d4-4676-b112-b592dd799e7b-140643929483072", "trial_id": 43, "param_name": "degree", "param_value_internal": 0, "distribution": "{\"name\": \"CategoricalDistribution\", \"attributes\": {\"choices\": [0]}}"}
{"op_code": 8, "worker_id": "3f2012e2-55d4-4676-b112-b592dd799e7b-140643929483072", "trial_id": 43, "user_attr": {"best_epoch": 1}}
{"op_code": 8, "worker_id": "3f2012e2-55d4-4676-b112-b592dd799e7b-140643929483072", "trial_id": 43, "user_attr": {"test_loss": 0.4515199549395209}}
{"op_code": 6, "worker_id": "3f2012e2-55d4-4676-b112-b592dd799e7b-140643929483072", "trial_id": 43, "state": 1, "values": [0.4479924500730284], "datetime_complete": "2024-08-24T13:54:43.015642"}
{"op_code": 4, "worker_id": "3f2012e2-55d4-4676-b112-b592dd799e7b-140643929483072", "study_id": 0, "datetime_start": "2024-08-24T13:54:43.027113"}
{"op_code": 5, "worker_id": "3f2012e2-55d4-4676-b112-b592dd799e7b-140643929483072", "trial_id": 44, "param_name": "lr", "param_value_internal": 0.00019235749017787527, "distribution": "{\"name\": \"FloatDistribution\", \"attributes\": {\"step\": null, \"low\": 1e-05, \"high\": 0.001, \"log\": true}}"}
{"op_code": 5, "worker_id": "3f2012e2-55d4-4676-b112-b592dd799e7b-140643929483072", "trial_id": 44, "param_name": "l2reg", "param_value_internal": 3.7798365247414825e-07, "distribution": "{\"name\": \"FloatDistribution\", \"attributes\": {\"step\": null, \"low\": 1e-08, \"high\": 0.001, \"log\": true}}"}
{"op_code": 5, "worker_id": "3f2012e2-55d4-4676-b112-b592dd799e7b-140643929483072", "trial_id": 44, "param_name": "random_seed", "param_value_internal": 0, "distribution": "{\"name\": \"CategoricalDistribution\", \"attributes\": {\"choices\": [42]}}"}
{"op_code": 5, "worker_id": "3f2012e2-55d4-4676-b112-b592dd799e7b-140643929483072", "trial_id": 44, "param_name": "degree", "param_value_internal": 0, "distribution": "{\"name\": \"CategoricalDistribution\", \"attributes\": {\"choices\": [0]}}"}
{"op_code": 8, "worker_id": "3f2012e2-55d4-4676-b112-b592dd799e7b-140643929483072", "trial_id": 44, "user_attr": {"best_epoch": 0}}
{"op_code": 8, "worker_id": "3f2012e2-55d4-4676-b112-b592dd799e7b-140643929483072", "trial_id": 44, "user_attr": {"test_loss": 0.4524104316812515}}
{"op_code": 6, "worker_id": "3f2012e2-55d4-4676-b112-b592dd799e7b-140643929483072", "trial_id": 44, "state": 1, "values": [0.448919793551367], "datetime_complete": "2024-08-24T14:11:13.656105"}
{"op_code": 4, "worker_id": "3f2012e2-55d4-4676-b112-b592dd799e7b-140643929483072", "study_id": 0, "datetime_start": "2024-08-24T14:11:13.667456"}
{"op_code": 5, "worker_id": "3f2012e2-55d4-4676-b112-b592dd799e7b-140643929483072", "trial_id": 45, "param_name": "lr", "param_value_internal": 0.00011944746992328228, "distribution": "{\"name\": \"FloatDistribution\", \"attributes\": {\"step\": null, \"low\": 1e-05, \"high\": 0.001, \"log\": true}}"}
{"op_code": 5, "worker_id": "3f2012e2-55d4-4676-b112-b592dd799e7b-140643929483072", "trial_id": 45, "param_name": "l2reg", "param_value_internal": 4.4070659585301e-06, "distribution": "{\"name\": \"FloatDistribution\", \"attributes\": {\"step\": null, \"low\": 1e-08, \"high\": 0.001, \"log\": true}}"}
{"op_code": 5, "worker_id": "3f2012e2-55d4-4676-b112-b592dd799e7b-140643929483072", "trial_id": 45, "param_name": "random_seed", "param_value_internal": 0, "distribution": "{\"name\": \"CategoricalDistribution\", \"attributes\": {\"choices\": [42]}}"}
{"op_code": 5, "worker_id": "3f2012e2-55d4-4676-b112-b592dd799e7b-140643929483072", "trial_id": 45, "param_name": "degree", "param_value_internal": 0, "distribution": "{\"name\": \"CategoricalDistribution\", \"attributes\": {\"choices\": [0]}}"}
{"op_code": 8, "worker_id": "3f2012e2-55d4-4676-b112-b592dd799e7b-140643929483072", "trial_id": 45, "user_attr": {"best_epoch": 1}}
{"op_code": 8, "worker_id": "3f2012e2-55d4-4676-b112-b592dd799e7b-140643929483072", "trial_id": 45, "user_attr": {"test_loss": 0.4515565309481025}}
{"op_code": 6, "worker_id": "3f2012e2-55d4-4676-b112-b592dd799e7b-140643929483072", "trial_id": 45, "state": 1, "values": [0.448038370045315], "datetime_complete": "2024-08-24T14:31:27.684331"}
{"op_code": 4, "worker_id": "3f2012e2-55d4-4676-b112-b592dd799e7b-140643929483072", "study_id": 0, "datetime_start": "2024-08-24T14:31:27.696013"}
{"op_code": 5, "worker_id": "3f2012e2-55d4-4676-b112-b592dd799e7b-140643929483072", "trial_id": 46, "param_name": "lr", "param_value_internal": 0.00014456913519551854, "distribution": "{\"name\": \"FloatDistribution\", \"attributes\": {\"step\": null, \"low\": 1e-05, \"high\": 0.001, \"log\": true}}"}
{"op_code": 5, "worker_id": "3f2012e2-55d4-4676-b112-b592dd799e7b-140643929483072", "trial_id": 46, "param_name": "l2reg", "param_value_internal": 8.336977780637525e-07, "distribution": "{\"name\": \"FloatDistribution\", \"attributes\": {\"step\": null, \"low\": 1e-08, \"high\": 0.001, \"log\": true}}"}
{"op_code": 5, "worker_id": "3f2012e2-55d4-4676-b112-b592dd799e7b-140643929483072", "trial_id": 46, "param_name": "random_seed", "param_value_internal": 0, "distribution": "{\"name\": \"CategoricalDistribution\", \"attributes\": {\"choices\": [42]}}"}
{"op_code": 5, "worker_id": "3f2012e2-55d4-4676-b112-b592dd799e7b-140643929483072", "trial_id": 46, "param_name": "degree", "param_value_internal": 0, "distribution": "{\"name\": \"CategoricalDistribution\", \"attributes\": {\"choices\": [0]}}"}
{"op_code": 8, "worker_id": "3f2012e2-55d4-4676-b112-b592dd799e7b-140643929483072", "trial_id": 46, "user_attr": {"best_epoch": 1}}
{"op_code": 8, "worker_id": "3f2012e2-55d4-4676-b112-b592dd799e7b-140643929483072", "trial_id": 46, "user_attr": {"test_loss": 0.4519341800546008}}
{"op_code": 6, "worker_id": "3f2012e2-55d4-4676-b112-b592dd799e7b-140643929483072", "trial_id": 46, "state": 1, "values": [0.44843452524565913], "datetime_complete": "2024-08-24T14:51:40.538812"}
{"op_code": 4, "worker_id": "3f2012e2-55d4-4676-b112-b592dd799e7b-140643929483072", "study_id": 0, "datetime_start": "2024-08-24T14:51:40.563384"}
{"op_code": 5, "worker_id": "3f2012e2-55d4-4676-b112-b592dd799e7b-140643929483072", "trial_id": 47, "param_name": "lr", "param_value_internal": 5.2460204331222226e-05, "distribution": "{\"name\": \"FloatDistribution\", \"attributes\": {\"step\": null, \"low\": 1e-05, \"high\": 0.001, \"log\": true}}"}
{"op_code": 5, "worker_id": "3f2012e2-55d4-4676-b112-b592dd799e7b-140643929483072", "trial_id": 47, "param_name": "l2reg", "param_value_internal": 1.210126469193861e-06, "distribution": "{\"name\": \"FloatDistribution\", \"attributes\": {\"step\": null, \"low\": 1e-08, \"high\": 0.001, \"log\": true}}"}
{"op_code": 5, "worker_id": "3f2012e2-55d4-4676-b112-b592dd799e7b-140643929483072", "trial_id": 47, "param_name": "random_seed", "param_value_internal": 0, "distribution": "{\"name\": \"CategoricalDistribution\", \"attributes\": {\"choices\": [42]}}"}
{"op_code": 5, "worker_id": "3f2012e2-55d4-4676-b112-b592dd799e7b-140643929483072", "trial_id": 47, "param_name": "degree", "param_value_internal": 0, "distribution": "{\"name\": \"CategoricalDistribution\", \"attributes\": {\"choices\": [0]}}"}
{"op_code": 8, "worker_id": "3f2012e2-55d4-4676-b112-b592dd799e7b-140643929483072", "trial_id": 47, "user_attr": {"best_epoch": 3}}
{"op_code": 8, "worker_id": "3f2012e2-55d4-4676-b112-b592dd799e7b-140643929483072", "trial_id": 47, "user_attr": {"test_loss": 0.4525169965730534}}
{"op_code": 6, "worker_id": "3f2012e2-55d4-4676-b112-b592dd799e7b-140643929483072", "trial_id": 47, "state": 1, "values": [0.44882180912910863], "datetime_complete": "2024-08-24T15:19:23.216764"}
{"op_code": 4, "worker_id": "3f2012e2-55d4-4676-b112-b592dd799e7b-140643929483072", "study_id": 0, "datetime_start": "2024-08-24T15:19:23.225366"}
{"op_code": 5, "worker_id": "3f2012e2-55d4-4676-b112-b592dd799e7b-140643929483072", "trial_id": 48, "param_name": "lr", "param_value_internal": 6.919541862578464e-05, "distribution": "{\"name\": \"FloatDistribution\", \"attributes\": {\"step\": null, \"low\": 1e-05, \"high\": 0.001, \"log\": true}}"}
{"op_code": 5, "worker_id": "3f2012e2-55d4-4676-b112-b592dd799e7b-140643929483072", "trial_id": 48, "param_name": "l2reg", "param_value_internal": 1.1492165037918362e-05, "distribution": "{\"name\": \"FloatDistribution\", \"attributes\": {\"step\": null, \"low\": 1e-08, \"high\": 0.001, \"log\": true}}"}
{"op_code": 5, "worker_id": "3f2012e2-55d4-4676-b112-b592dd799e7b-140643929483072", "trial_id": 48, "param_name": "random_seed", "param_value_internal": 0, "distribution": "{\"name\": \"CategoricalDistribution\", \"attributes\": {\"choices\": [42]}}"}
{"op_code": 5, "worker_id": "3f2012e2-55d4-4676-b112-b592dd799e7b-140643929483072", "trial_id": 48, "param_name": "degree", "param_value_internal": 0, "distribution": "{\"name\": \"CategoricalDistribution\", \"attributes\": {\"choices\": [0]}}"}
{"op_code": 8, "worker_id": "3f2012e2-55d4-4676-b112-b592dd799e7b-140643929483072", "trial_id": 48, "user_attr": {"best_epoch": 2}}
{"op_code": 8, "worker_id": "3f2012e2-55d4-4676-b112-b592dd799e7b-140643929483072", "trial_id": 48, "user_attr": {"test_loss": 0.4520095135434488}}
{"op_code": 6, "worker_id": "3f2012e2-55d4-4676-b112-b592dd799e7b-140643929483072", "trial_id": 48, "state": 1, "values": [0.44839405895179135], "datetime_complete": "2024-08-24T15:43:23.567128"}
{"op_code": 4, "worker_id": "3f2012e2-55d4-4676-b112-b592dd799e7b-140643929483072", "study_id": 0, "datetime_start": "2024-08-24T15:43:23.580803"}
{"op_code": 5, "worker_id": "3f2012e2-55d4-4676-b112-b592dd799e7b-140643929483072", "trial_id": 49, "param_name": "lr", "param_value_internal": 0.000250673529808075, "distribution": "{\"name\": \"FloatDistribution\", \"attributes\": {\"step\": null, \"low\": 1e-05, \"high\": 0.001, \"log\": true}}"}
{"op_code": 5, "worker_id": "3f2012e2-55d4-4676-b112-b592dd799e7b-140643929483072", "trial_id": 49, "param_name": "l2reg", "param_value_internal": 1.481501126088236e-07, "distribution": "{\"name\": \"FloatDistribution\", \"attributes\": {\"step\": null, \"low\": 1e-08, \"high\": 0.001, \"log\": true}}"}
{"op_code": 5, "worker_id": "3f2012e2-55d4-4676-b112-b592dd799e7b-140643929483072", "trial_id": 49, "param_name": "random_seed", "param_value_internal": 0, "distribution": "{\"name\": \"CategoricalDistribution\", \"attributes\": {\"choices\": [42]}}"}
{"op_code": 5, "worker_id": "3f2012e2-55d4-4676-b112-b592dd799e7b-140643929483072", "trial_id": 49, "param_name": "degree", "param_value_internal": 0, "distribution": "{\"name\": \"CategoricalDistribution\", \"attributes\": {\"choices\": [0]}}"}
{"op_code": 8, "worker_id": "3f2012e2-55d4-4676-b112-b592dd799e7b-140643929483072", "trial_id": 49, "user_attr": {"best_epoch": 0}}
{"op_code": 8, "worker_id": "3f2012e2-55d4-4676-b112-b592dd799e7b-140643929483072", "trial_id": 49, "user_attr": {"test_loss": 0.45211636929814203}}
{"op_code": 6, "worker_id": "3f2012e2-55d4-4676-b112-b592dd799e7b-140643929483072", "trial_id": 49, "state": 1, "values": [0.44863013051161466], "datetime_complete": "2024-08-24T15:59:54.098013"}
