{"op_code": 0, "worker_id": "b02239f4-59a6-432f-96ba-09034c0a6a99-140051512837952", "study_name": "criteo_splines_0_16", "directions": [1]}
{"op_code": 4, "worker_id": "b02239f4-59a6-432f-96ba-09034c0a6a99-140051512837952", "study_id": 0, "datetime_start": "2024-08-26T07:51:03.381327"}
{"op_code": 5, "worker_id": "b02239f4-59a6-432f-96ba-09034c0a6a99-140051512837952", "trial_id": 0, "param_name": "lr", "param_value_internal": 5.6115164153345e-05, "distribution": "{\"name\": \"FloatDistribution\", \"attributes\": {\"step\": null, \"low\": 1e-05, \"high\": 0.001, \"log\": true}}"}
{"op_code": 5, "worker_id": "b02239f4-59a6-432f-96ba-09034c0a6a99-140051512837952", "trial_id": 0, "param_name": "l2reg", "param_value_internal": 0.0005669849511478851, "distribution": "{\"name\": \"FloatDistribution\", \"attributes\": {\"step\": null, \"low\": 1e-08, \"high\": 0.001, \"log\": true}}"}
{"op_code": 5, "worker_id": "b02239f4-59a6-432f-96ba-09034c0a6a99-140051512837952", "trial_id": 0, "param_name": "random_seed", "param_value_internal": 0, "distribution": "{\"name\": \"CategoricalDistribution\", \"attributes\": {\"choices\": [42]}}"}
{"op_code": 5, "worker_id": "b02239f4-59a6-432f-96ba-09034c0a6a99-140051512837952", "trial_id": 0, "param_name": "degree", "param_value_internal": 0, "distribution": "{\"name\": \"CategoricalDistribution\", \"attributes\": {\"choices\": [0]}}"}
{"op_code": 8, "worker_id": "b02239f4-59a6-432f-96ba-09034c0a6a99-140051512837952", "trial_id": 0, "user_attr": {"best_epoch": 8}}
{"op_code": 8, "worker_id": "b02239f4-59a6-432f-96ba-09034c0a6a99-140051512837952", "trial_id": 0, "user_attr": {"test_loss": 0.4623354625221038}}
{"op_code": 6, "worker_id": "b02239f4-59a6-432f-96ba-09034c0a6a99-140051512837952", "trial_id": 0, "state": 1, "values": [0.46154988196058433], "datetime_complete": "2024-08-26T07:59:21.011368"}
{"op_code": 4, "worker_id": "b02239f4-59a6-432f-96ba-09034c0a6a99-140051512837952", "study_id": 0, "datetime_start": "2024-08-26T07:59:21.125140"}
{"op_code": 5, "worker_id": "b02239f4-59a6-432f-96ba-09034c0a6a99-140051512837952", "trial_id": 1, "param_name": "lr", "param_value_internal": 0.000291063591313307, "distribution": "{\"name\": \"FloatDistribution\", \"attributes\": {\"step\": null, \"low\": 1e-05, \"high\": 0.001, \"log\": true}}"}
{"op_code": 5, "worker_id": "b02239f4-59a6-432f-96ba-09034c0a6a99-140051512837952", "trial_id": 1, "param_name": "l2reg", "param_value_internal": 9.846738873614555e-06, "distribution": "{\"name\": \"FloatDistribution\", \"attributes\": {\"step\": null, \"low\": 1e-08, \"high\": 0.001, \"log\": true}}"}
{"op_code": 5, "worker_id": "b02239f4-59a6-432f-96ba-09034c0a6a99-140051512837952", "trial_id": 1, "param_name": "random_seed", "param_value_internal": 0, "distribution": "{\"name\": \"CategoricalDistribution\", \"attributes\": {\"choices\": [42]}}"}
{"op_code": 5, "worker_id": "b02239f4-59a6-432f-96ba-09034c0a6a99-140051512837952", "trial_id": 1, "param_name": "degree", "param_value_internal": 0, "distribution": "{\"name\": \"CategoricalDistribution\", \"attributes\": {\"choices\": [0]}}"}
{"op_code": 8, "worker_id": "b02239f4-59a6-432f-96ba-09034c0a6a99-140051512837952", "trial_id": 1, "user_attr": {"best_epoch": 1}}
{"op_code": 8, "worker_id": "b02239f4-59a6-432f-96ba-09034c0a6a99-140051512837952", "trial_id": 1, "user_attr": {"test_loss": 0.4587955780266497}}
{"op_code": 6, "worker_id": "b02239f4-59a6-432f-96ba-09034c0a6a99-140051512837952", "trial_id": 1, "state": 1, "values": [0.4578021686879453], "datetime_complete": "2024-08-26T08:03:48.245275"}
{"op_code": 4, "worker_id": "b02239f4-59a6-432f-96ba-09034c0a6a99-140051512837952", "study_id": 0, "datetime_start": "2024-08-26T08:03:48.255160"}
{"op_code": 5, "worker_id": "b02239f4-59a6-432f-96ba-09034c0a6a99-140051512837952", "trial_id": 2, "param_name": "lr", "param_value_internal": 2.0513382630874486e-05, "distribution": "{\"name\": \"FloatDistribution\", \"attributes\": {\"step\": null, \"low\": 1e-05, \"high\": 0.001, \"log\": true}}"}
{"op_code": 5, "worker_id": "b02239f4-59a6-432f-96ba-09034c0a6a99-140051512837952", "trial_id": 2, "param_name": "l2reg", "param_value_internal": 6.02521573620385e-08, "distribution": "{\"name\": \"FloatDistribution\", \"attributes\": {\"step\": null, \"low\": 1e-08, \"high\": 0.001, \"log\": true}}"}
{"op_code": 5, "worker_id": "b02239f4-59a6-432f-96ba-09034c0a6a99-140051512837952", "trial_id": 2, "param_name": "random_seed", "param_value_internal": 0, "distribution": "{\"name\": \"CategoricalDistribution\", \"attributes\": {\"choices\": [42]}}"}
{"op_code": 5, "worker_id": "b02239f4-59a6-432f-96ba-09034c0a6a99-140051512837952", "trial_id": 2, "param_name": "degree", "param_value_internal": 0, "distribution": "{\"name\": \"CategoricalDistribution\", \"attributes\": {\"choices\": [0]}}"}
{"op_code": 8, "worker_id": "b02239f4-59a6-432f-96ba-09034c0a6a99-140051512837952", "trial_id": 2, "user_attr": {"best_epoch": 6}}
{"op_code": 8, "worker_id": "b02239f4-59a6-432f-96ba-09034c0a6a99-140051512837952", "trial_id": 2, "user_attr": {"test_loss": 0.46404867560691804}}
{"op_code": 6, "worker_id": "b02239f4-59a6-432f-96ba-09034c0a6a99-140051512837952", "trial_id": 2, "state": 1, "values": [0.4633175336633754], "datetime_complete": "2024-08-26T08:12:05.454907"}
{"op_code": 4, "worker_id": "b02239f4-59a6-432f-96ba-09034c0a6a99-140051512837952", "study_id": 0, "datetime_start": "2024-08-26T08:12:05.466748"}
{"op_code": 5, "worker_id": "b02239f4-59a6-432f-96ba-09034c0a6a99-140051512837952", "trial_id": 3, "param_name": "lr", "param_value_internal": 1.3066739238053272e-05, "distribution": "{\"name\": \"FloatDistribution\", \"attributes\": {\"step\": null, \"low\": 1e-05, \"high\": 0.001, \"log\": true}}"}
{"op_code": 5, "worker_id": "b02239f4-59a6-432f-96ba-09034c0a6a99-140051512837952", "trial_id": 3, "param_name": "l2reg", "param_value_internal": 0.00021423021757741048, "distribution": "{\"name\": \"FloatDistribution\", \"attributes\": {\"step\": null, \"low\": 1e-08, \"high\": 0.001, \"log\": true}}"}
{"op_code": 5, "worker_id": "b02239f4-59a6-432f-96ba-09034c0a6a99-140051512837952", "trial_id": 3, "param_name": "random_seed", "param_value_internal": 0, "distribution": "{\"name\": \"CategoricalDistribution\", \"attributes\": {\"choices\": [42]}}"}
{"op_code": 5, "worker_id": "b02239f4-59a6-432f-96ba-09034c0a6a99-140051512837952", "trial_id": 3, "param_name": "degree", "param_value_internal": 0, "distribution": "{\"name\": \"CategoricalDistribution\", \"attributes\": {\"choices\": [0]}}"}
{"op_code": 8, "worker_id": "b02239f4-59a6-432f-96ba-09034c0a6a99-140051512837952", "trial_id": 3, "user_attr": {"best_epoch": 9}}
{"op_code": 8, "worker_id": "b02239f4-59a6-432f-96ba-09034c0a6a99-140051512837952", "trial_id": 3, "user_attr": {"test_loss": 0.4640317255743923}}
{"op_code": 6, "worker_id": "b02239f4-59a6-432f-96ba-09034c0a6a99-140051512837952", "trial_id": 3, "state": 1, "values": [0.46332871915781243], "datetime_complete": "2024-08-26T08:20:22.713989"}
{"op_code": 4, "worker_id": "b02239f4-59a6-432f-96ba-09034c0a6a99-140051512837952", "study_id": 0, "datetime_start": "2024-08-26T08:20:22.722674"}
{"op_code": 5, "worker_id": "b02239f4-59a6-432f-96ba-09034c0a6a99-140051512837952", "trial_id": 4, "param_name": "lr", "param_value_internal": 0.00015930522616241006, "distribution": "{\"name\": \"FloatDistribution\", \"attributes\": {\"step\": null, \"low\": 1e-05, \"high\": 0.001, \"log\": true}}"}
{"op_code": 5, "worker_id": "b02239f4-59a6-432f-96ba-09034c0a6a99-140051512837952", "trial_id": 4, "param_name": "l2reg", "param_value_internal": 3.47026698865041e-05, "distribution": "{\"name\": \"FloatDistribution\", \"attributes\": {\"step\": null, \"low\": 1e-08, \"high\": 0.001, \"log\": true}}"}
{"op_code": 5, "worker_id": "b02239f4-59a6-432f-96ba-09034c0a6a99-140051512837952", "trial_id": 4, "param_name": "random_seed", "param_value_internal": 0, "distribution": "{\"name\": \"CategoricalDistribution\", \"attributes\": {\"choices\": [42]}}"}
{"op_code": 5, "worker_id": "b02239f4-59a6-432f-96ba-09034c0a6a99-140051512837952", "trial_id": 4, "param_name": "degree", "param_value_internal": 0, "distribution": "{\"name\": \"CategoricalDistribution\", \"attributes\": {\"choices\": [0]}}"}
{"op_code": 8, "worker_id": "b02239f4-59a6-432f-96ba-09034c0a6a99-140051512837952", "trial_id": 4, "user_attr": {"best_epoch": 2}}
{"op_code": 8, "worker_id": "b02239f4-59a6-432f-96ba-09034c0a6a99-140051512837952", "trial_id": 4, "user_attr": {"test_loss": 0.45992748898247887}}
{"op_code": 6, "worker_id": "b02239f4-59a6-432f-96ba-09034c0a6a99-140051512837952", "trial_id": 4, "state": 1, "values": [0.45903845214135414], "datetime_complete": "2024-08-26T08:25:35.120833"}
{"op_code": 4, "worker_id": "b02239f4-59a6-432f-96ba-09034c0a6a99-140051512837952", "study_id": 0, "datetime_start": "2024-08-26T08:25:35.129539"}
{"op_code": 5, "worker_id": "b02239f4-59a6-432f-96ba-09034c0a6a99-140051512837952", "trial_id": 5, "param_name": "lr", "param_value_internal": 1.0994335574766187e-05, "distribution": "{\"name\": \"FloatDistribution\", \"attributes\": {\"step\": null, \"low\": 1e-05, \"high\": 0.001, \"log\": true}}"}
{"op_code": 5, "worker_id": "b02239f4-59a6-432f-96ba-09034c0a6a99-140051512837952", "trial_id": 5, "param_name": "l2reg", "param_value_internal": 0.0007072114131472234, "distribution": "{\"name\": \"FloatDistribution\", \"attributes\": {\"step\": null, \"low\": 1e-08, \"high\": 0.001, \"log\": true}}"}
{"op_code": 5, "worker_id": "b02239f4-59a6-432f-96ba-09034c0a6a99-140051512837952", "trial_id": 5, "param_name": "random_seed", "param_value_internal": 0, "distribution": "{\"name\": \"CategoricalDistribution\", \"attributes\": {\"choices\": [42]}}"}
{"op_code": 5, "worker_id": "b02239f4-59a6-432f-96ba-09034c0a6a99-140051512837952", "trial_id": 5, "param_name": "degree", "param_value_internal": 0, "distribution": "{\"name\": \"CategoricalDistribution\", \"attributes\": {\"choices\": [0]}}"}
{"op_code": 8, "worker_id": "b02239f4-59a6-432f-96ba-09034c0a6a99-140051512837952", "trial_id": 5, "user_attr": {"best_epoch": 9}}
{"op_code": 8, "worker_id": "b02239f4-59a6-432f-96ba-09034c0a6a99-140051512837952", "trial_id": 5, "user_attr": {"test_loss": 0.46411193282289814}}
{"op_code": 6, "worker_id": "b02239f4-59a6-432f-96ba-09034c0a6a99-140051512837952", "trial_id": 5, "state": 1, "values": [0.46340304734098275], "datetime_complete": "2024-08-26T08:33:50.970715"}
{"op_code": 4, "worker_id": "b02239f4-59a6-432f-96ba-09034c0a6a99-140051512837952", "study_id": 0, "datetime_start": "2024-08-26T08:33:50.979222"}
{"op_code": 5, "worker_id": "b02239f4-59a6-432f-96ba-09034c0a6a99-140051512837952", "trial_id": 6, "param_name": "lr", "param_value_internal": 0.000462258900102083, "distribution": "{\"name\": \"FloatDistribution\", \"attributes\": {\"step\": null, \"low\": 1e-05, \"high\": 0.001, \"log\": true}}"}
{"op_code": 5, "worker_id": "b02239f4-59a6-432f-96ba-09034c0a6a99-140051512837952", "trial_id": 6, "param_name": "l2reg", "param_value_internal": 1.1526449540315595e-07, "distribution": "{\"name\": \"FloatDistribution\", \"attributes\": {\"step\": null, \"low\": 1e-08, \"high\": 0.001, \"log\": true}}"}
{"op_code": 5, "worker_id": "b02239f4-59a6-432f-96ba-09034c0a6a99-140051512837952", "trial_id": 6, "param_name": "random_seed", "param_value_internal": 0, "distribution": "{\"name\": \"CategoricalDistribution\", \"attributes\": {\"choices\": [42]}}"}
{"op_code": 5, "worker_id": "b02239f4-59a6-432f-96ba-09034c0a6a99-140051512837952", "trial_id": 6, "param_name": "degree", "param_value_internal": 0, "distribution": "{\"name\": \"CategoricalDistribution\", \"attributes\": {\"choices\": [0]}}"}
{"op_code": 8, "worker_id": "b02239f4-59a6-432f-96ba-09034c0a6a99-140051512837952", "trial_id": 6, "user_attr": {"best_epoch": 0}}
{"op_code": 8, "worker_id": "b02239f4-59a6-432f-96ba-09034c0a6a99-140051512837952", "trial_id": 6, "user_attr": {"test_loss": 0.45886990620982004}}
{"op_code": 6, "worker_id": "b02239f4-59a6-432f-96ba-09034c0a6a99-140051512837952", "trial_id": 6, "state": 1, "values": [0.4580464934811091], "datetime_complete": "2024-08-26T08:37:29.125377"}
{"op_code": 4, "worker_id": "b02239f4-59a6-432f-96ba-09034c0a6a99-140051512837952", "study_id": 0, "datetime_start": "2024-08-26T08:37:29.134374"}
{"op_code": 5, "worker_id": "b02239f4-59a6-432f-96ba-09034c0a6a99-140051512837952", "trial_id": 7, "param_name": "lr", "param_value_internal": 2.3102018878452926e-05, "distribution": "{\"name\": \"FloatDistribution\", \"attributes\": {\"step\": null, \"low\": 1e-05, \"high\": 0.001, \"log\": true}}"}
{"op_code": 5, "worker_id": "b02239f4-59a6-432f-96ba-09034c0a6a99-140051512837952", "trial_id": 7, "param_name": "l2reg", "param_value_internal": 8.260808399079588e-08, "distribution": "{\"name\": \"FloatDistribution\", \"attributes\": {\"step\": null, \"low\": 1e-08, \"high\": 0.001, \"log\": true}}"}
{"op_code": 5, "worker_id": "b02239f4-59a6-432f-96ba-09034c0a6a99-140051512837952", "trial_id": 7, "param_name": "random_seed", "param_value_internal": 0, "distribution": "{\"name\": \"CategoricalDistribution\", \"attributes\": {\"choices\": [42]}}"}
{"op_code": 5, "worker_id": "b02239f4-59a6-432f-96ba-09034c0a6a99-140051512837952", "trial_id": 7, "param_name": "degree", "param_value_internal": 0, "distribution": "{\"name\": \"CategoricalDistribution\", \"attributes\": {\"choices\": [0]}}"}
{"op_code": 8, "worker_id": "b02239f4-59a6-432f-96ba-09034c0a6a99-140051512837952", "trial_id": 7, "user_attr": {"best_epoch": 5}}
{"op_code": 8, "worker_id": "b02239f4-59a6-432f-96ba-09034c0a6a99-140051512837952", "trial_id": 7, "user_attr": {"test_loss": 0.46397961567710033}}
{"op_code": 6, "worker_id": "b02239f4-59a6-432f-96ba-09034c0a6a99-140051512837952", "trial_id": 7, "state": 1, "values": [0.46327817446622666], "datetime_complete": "2024-08-26T08:44:58.766845"}
{"op_code": 4, "worker_id": "b02239f4-59a6-432f-96ba-09034c0a6a99-140051512837952", "study_id": 0, "datetime_start": "2024-08-26T08:44:58.777251"}
{"op_code": 5, "worker_id": "b02239f4-59a6-432f-96ba-09034c0a6a99-140051512837952", "trial_id": 8, "param_name": "lr", "param_value_internal": 4.059611610484306e-05, "distribution": "{\"name\": \"FloatDistribution\", \"attributes\": {\"step\": null, \"low\": 1e-05, \"high\": 0.001, \"log\": true}}"}
{"op_code": 5, "worker_id": "b02239f4-59a6-432f-96ba-09034c0a6a99-140051512837952", "trial_id": 8, "param_name": "l2reg", "param_value_internal": 4.2051564509138674e-06, "distribution": "{\"name\": \"FloatDistribution\", \"attributes\": {\"step\": null, \"low\": 1e-08, \"high\": 0.001, \"log\": true}}"}
{"op_code": 5, "worker_id": "b02239f4-59a6-432f-96ba-09034c0a6a99-140051512837952", "trial_id": 8, "param_name": "random_seed", "param_value_internal": 0, "distribution": "{\"name\": \"CategoricalDistribution\", \"attributes\": {\"choices\": [42]}}"}
{"op_code": 5, "worker_id": "b02239f4-59a6-432f-96ba-09034c0a6a99-140051512837952", "trial_id": 8, "param_name": "degree", "param_value_internal": 0, "distribution": "{\"name\": \"CategoricalDistribution\", \"attributes\": {\"choices\": [0]}}"}
{"op_code": 8, "worker_id": "b02239f4-59a6-432f-96ba-09034c0a6a99-140051512837952", "trial_id": 8, "user_attr": {"best_epoch": 9}}
{"op_code": 8, "worker_id": "b02239f4-59a6-432f-96ba-09034c0a6a99-140051512837952", "trial_id": 8, "user_attr": {"test_loss": 0.46299353608219085}}
{"op_code": 6, "worker_id": "b02239f4-59a6-432f-96ba-09034c0a6a99-140051512837952", "trial_id": 8, "state": 1, "values": [0.4622288376553371], "datetime_complete": "2024-08-26T08:53:13.388752"}
{"op_code": 4, "worker_id": "b02239f4-59a6-432f-96ba-09034c0a6a99-140051512837952", "study_id": 0, "datetime_start": "2024-08-26T08:53:13.397720"}
{"op_code": 5, "worker_id": "b02239f4-59a6-432f-96ba-09034c0a6a99-140051512837952", "trial_id": 9, "param_name": "lr", "param_value_internal": 7.309539835912905e-05, "distribution": "{\"name\": \"FloatDistribution\", \"attributes\": {\"step\": null, \"low\": 1e-05, \"high\": 0.001, \"log\": true}}"}
{"op_code": 5, "worker_id": "b02239f4-59a6-432f-96ba-09034c0a6a99-140051512837952", "trial_id": 9, "param_name": "l2reg", "param_value_internal": 2.8585493941961875e-07, "distribution": "{\"name\": \"FloatDistribution\", \"attributes\": {\"step\": null, \"low\": 1e-08, \"high\": 0.001, \"log\": true}}"}
{"op_code": 5, "worker_id": "b02239f4-59a6-432f-96ba-09034c0a6a99-140051512837952", "trial_id": 9, "param_name": "random_seed", "param_value_internal": 0, "distribution": "{\"name\": \"CategoricalDistribution\", \"attributes\": {\"choices\": [42]}}"}
{"op_code": 5, "worker_id": "b02239f4-59a6-432f-96ba-09034c0a6a99-140051512837952", "trial_id": 9, "param_name": "degree", "param_value_internal": 0, "distribution": "{\"name\": \"CategoricalDistribution\", \"attributes\": {\"choices\": [0]}}"}
{"op_code": 8, "worker_id": "b02239f4-59a6-432f-96ba-09034c0a6a99-140051512837952", "trial_id": 9, "user_attr": {"best_epoch": 5}}
{"op_code": 8, "worker_id": "b02239f4-59a6-432f-96ba-09034c0a6a99-140051512837952", "trial_id": 9, "user_attr": {"test_loss": 0.46169899643591206}}
{"op_code": 6, "worker_id": "b02239f4-59a6-432f-96ba-09034c0a6a99-140051512837952", "trial_id": 9, "state": 1, "values": [0.4609205547394429], "datetime_complete": "2024-08-26T09:00:45.084775"}
{"op_code": 4, "worker_id": "b02239f4-59a6-432f-96ba-09034c0a6a99-140051512837952", "study_id": 0, "datetime_start": "2024-08-26T09:00:45.094465"}
{"op_code": 5, "worker_id": "b02239f4-59a6-432f-96ba-09034c0a6a99-140051512837952", "trial_id": 10, "param_name": "lr", "param_value_internal": 0.000872134982845204, "distribution": "{\"name\": \"FloatDistribution\", \"attributes\": {\"step\": null, \"low\": 1e-05, \"high\": 0.001, \"log\": true}}"}
{"op_code": 5, "worker_id": "b02239f4-59a6-432f-96ba-09034c0a6a99-140051512837952", "trial_id": 10, "param_name": "l2reg", "param_value_internal": 2.3261440591233855e-06, "distribution": "{\"name\": \"FloatDistribution\", \"attributes\": {\"step\": null, \"low\": 1e-08, \"high\": 0.001, \"log\": true}}"}
{"op_code": 5, "worker_id": "b02239f4-59a6-432f-96ba-09034c0a6a99-140051512837952", "trial_id": 10, "param_name": "random_seed", "param_value_internal": 0, "distribution": "{\"name\": \"CategoricalDistribution\", \"attributes\": {\"choices\": [42]}}"}
{"op_code": 5, "worker_id": "b02239f4-59a6-432f-96ba-09034c0a6a99-140051512837952", "trial_id": 10, "param_name": "degree", "param_value_internal": 0, "distribution": "{\"name\": \"CategoricalDistribution\", \"attributes\": {\"choices\": [0]}}"}
{"op_code": 8, "worker_id": "b02239f4-59a6-432f-96ba-09034c0a6a99-140051512837952", "trial_id": 10, "user_attr": {"best_epoch": 0}}
{"op_code": 8, "worker_id": "b02239f4-59a6-432f-96ba-09034c0a6a99-140051512837952", "trial_id": 10, "user_attr": {"test_loss": 0.458292459831477}}
{"op_code": 6, "worker_id": "b02239f4-59a6-432f-96ba-09034c0a6a99-140051512837952", "trial_id": 10, "state": 1, "values": [0.4572832457327148], "datetime_complete": "2024-08-26T09:04:26.809706"}
{"op_code": 4, "worker_id": "b02239f4-59a6-432f-96ba-09034c0a6a99-140051512837952", "study_id": 0, "datetime_start": "2024-08-26T09:04:26.819011"}
{"op_code": 5, "worker_id": "b02239f4-59a6-432f-96ba-09034c0a6a99-140051512837952", "trial_id": 11, "param_name": "lr", "param_value_internal": 0.0008691089486124979, "distribution": "{\"name\": \"FloatDistribution\", \"attributes\": {\"step\": null, \"low\": 1e-05, \"high\": 0.001, \"log\": true}}"}
{"op_code": 5, "worker_id": "b02239f4-59a6-432f-96ba-09034c0a6a99-140051512837952", "trial_id": 11, "param_name": "l2reg", "param_value_internal": 3.5507847999706146e-06, "distribution": "{\"name\": \"FloatDistribution\", \"attributes\": {\"step\": null, \"low\": 1e-08, \"high\": 0.001, \"log\": true}}"}
{"op_code": 5, "worker_id": "b02239f4-59a6-432f-96ba-09034c0a6a99-140051512837952", "trial_id": 11, "param_name": "random_seed", "param_value_internal": 0, "distribution": "{\"name\": \"CategoricalDistribution\", \"attributes\": {\"choices\": [42]}}"}
{"op_code": 5, "worker_id": "b02239f4-59a6-432f-96ba-09034c0a6a99-140051512837952", "trial_id": 11, "param_name": "degree", "param_value_internal": 0, "distribution": "{\"name\": \"CategoricalDistribution\", \"attributes\": {\"choices\": [0]}}"}
{"op_code": 8, "worker_id": "b02239f4-59a6-432f-96ba-09034c0a6a99-140051512837952", "trial_id": 11, "user_attr": {"best_epoch": 0}}
{"op_code": 8, "worker_id": "b02239f4-59a6-432f-96ba-09034c0a6a99-140051512837952", "trial_id": 11, "user_attr": {"test_loss": 0.45828921489281776}}
{"op_code": 6, "worker_id": "b02239f4-59a6-432f-96ba-09034c0a6a99-140051512837952", "trial_id": 11, "state": 1, "values": [0.4572795808608173], "datetime_complete": "2024-08-26T09:08:08.223861"}
{"op_code": 4, "worker_id": "b02239f4-59a6-432f-96ba-09034c0a6a99-140051512837952", "study_id": 0, "datetime_start": "2024-08-26T09:08:08.236704"}
{"op_code": 5, "worker_id": "b02239f4-59a6-432f-96ba-09034c0a6a99-140051512837952", "trial_id": 12, "param_name": "lr", "param_value_internal": 0.0009580639780152514, "distribution": "{\"name\": \"FloatDistribution\", \"attributes\": {\"step\": null, \"low\": 1e-05, \"high\": 0.001, \"log\": true}}"}
{"op_code": 5, "worker_id": "b02239f4-59a6-432f-96ba-09034c0a6a99-140051512837952", "trial_id": 12, "param_name": "l2reg", "param_value_internal": 9.076965189976697e-07, "distribution": "{\"name\": \"FloatDistribution\", \"attributes\": {\"step\": null, \"low\": 1e-08, \"high\": 0.001, \"log\": true}}"}
{"op_code": 5, "worker_id": "b02239f4-59a6-432f-96ba-09034c0a6a99-140051512837952", "trial_id": 12, "param_name": "random_seed", "param_value_internal": 0, "distribution": "{\"name\": \"CategoricalDistribution\", \"attributes\": {\"choices\": [42]}}"}
{"op_code": 5, "worker_id": "b02239f4-59a6-432f-96ba-09034c0a6a99-140051512837952", "trial_id": 12, "param_name": "degree", "param_value_internal": 0, "distribution": "{\"name\": \"CategoricalDistribution\", \"attributes\": {\"choices\": [0]}}"}
{"op_code": 8, "worker_id": "b02239f4-59a6-432f-96ba-09034c0a6a99-140051512837952", "trial_id": 12, "user_attr": {"best_epoch": 0}}
{"op_code": 8, "worker_id": "b02239f4-59a6-432f-96ba-09034c0a6a99-140051512837952", "trial_id": 12, "user_attr": {"test_loss": 0.45840305497613254}}
{"op_code": 6, "worker_id": "b02239f4-59a6-432f-96ba-09034c0a6a99-140051512837952", "trial_id": 12, "state": 1, "values": [0.45738223544969503], "datetime_complete": "2024-08-26T09:11:43.351926"}
{"op_code": 4, "worker_id": "b02239f4-59a6-432f-96ba-09034c0a6a99-140051512837952", "study_id": 0, "datetime_start": "2024-08-26T09:11:43.360394"}
{"op_code": 5, "worker_id": "b02239f4-59a6-432f-96ba-09034c0a6a99-140051512837952", "trial_id": 13, "param_name": "lr", "param_value_internal": 0.000930934503863675, "distribution": "{\"name\": \"FloatDistribution\", \"attributes\": {\"step\": null, \"low\": 1e-05, \"high\": 0.001, \"log\": true}}"}
{"op_code": 5, "worker_id": "b02239f4-59a6-432f-96ba-09034c0a6a99-140051512837952", "trial_id": 13, "param_name": "l2reg", "param_value_internal": 9.167785859319847e-07, "distribution": "{\"name\": \"FloatDistribution\", \"attributes\": {\"step\": null, \"low\": 1e-08, \"high\": 0.001, \"log\": true}}"}
{"op_code": 5, "worker_id": "b02239f4-59a6-432f-96ba-09034c0a6a99-140051512837952", "trial_id": 13, "param_name": "random_seed", "param_value_internal": 0, "distribution": "{\"name\": \"CategoricalDistribution\", \"attributes\": {\"choices\": [42]}}"}
{"op_code": 5, "worker_id": "b02239f4-59a6-432f-96ba-09034c0a6a99-140051512837952", "trial_id": 13, "param_name": "degree", "param_value_internal": 0, "distribution": "{\"name\": \"CategoricalDistribution\", \"attributes\": {\"choices\": [0]}}"}
{"op_code": 8, "worker_id": "b02239f4-59a6-432f-96ba-09034c0a6a99-140051512837952", "trial_id": 13, "user_attr": {"best_epoch": 0}}
{"op_code": 8, "worker_id": "b02239f4-59a6-432f-96ba-09034c0a6a99-140051512837952", "trial_id": 13, "user_attr": {"test_loss": 0.45836499375444745}}
{"op_code": 6, "worker_id": "b02239f4-59a6-432f-96ba-09034c0a6a99-140051512837952", "trial_id": 13, "state": 1, "values": [0.45734757186966496], "datetime_complete": "2024-08-26T09:15:24.311692"}
{"op_code": 4, "worker_id": "b02239f4-59a6-432f-96ba-09034c0a6a99-140051512837952", "study_id": 0, "datetime_start": "2024-08-26T09:15:24.321408"}
{"op_code": 5, "worker_id": "b02239f4-59a6-432f-96ba-09034c0a6a99-140051512837952", "trial_id": 14, "param_name": "lr", "param_value_internal": 0.0004004305648504992, "distribution": "{\"name\": \"FloatDistribution\", \"attributes\": {\"step\": null, \"low\": 1e-05, \"high\": 0.001, \"log\": true}}"}
{"op_code": 5, "worker_id": "b02239f4-59a6-432f-96ba-09034c0a6a99-140051512837952", "trial_id": 14, "param_name": "l2reg", "param_value_internal": 1.163814228102759e-08, "distribution": "{\"name\": \"FloatDistribution\", \"attributes\": {\"step\": null, \"low\": 1e-08, \"high\": 0.001, \"log\": true}}"}
{"op_code": 5, "worker_id": "b02239f4-59a6-432f-96ba-09034c0a6a99-140051512837952", "trial_id": 14, "param_name": "random_seed", "param_value_internal": 0, "distribution": "{\"name\": \"CategoricalDistribution\", \"attributes\": {\"choices\": [42]}}"}
{"op_code": 5, "worker_id": "b02239f4-59a6-432f-96ba-09034c0a6a99-140051512837952", "trial_id": 14, "param_name": "degree", "param_value_internal": 0, "distribution": "{\"name\": \"CategoricalDistribution\", \"attributes\": {\"choices\": [0]}}"}
{"op_code": 8, "worker_id": "b02239f4-59a6-432f-96ba-09034c0a6a99-140051512837952", "trial_id": 14, "user_attr": {"best_epoch": 1}}
{"op_code": 8, "worker_id": "b02239f4-59a6-432f-96ba-09034c0a6a99-140051512837952", "trial_id": 14, "user_attr": {"test_loss": 0.4589482810223771}}
{"op_code": 6, "worker_id": "b02239f4-59a6-432f-96ba-09034c0a6a99-140051512837952", "trial_id": 14, "state": 1, "values": [0.45783660321348185], "datetime_complete": "2024-08-26T09:19:52.718198"}
{"op_code": 4, "worker_id": "b02239f4-59a6-432f-96ba-09034c0a6a99-140051512837952", "study_id": 0, "datetime_start": "2024-08-26T09:19:52.726753"}
{"op_code": 5, "worker_id": "b02239f4-59a6-432f-96ba-09034c0a6a99-140051512837952", "trial_id": 15, "param_name": "lr", "param_value_internal": 0.00021167363993295147, "distribution": "{\"name\": \"FloatDistribution\", \"attributes\": {\"step\": null, \"low\": 1e-05, \"high\": 0.001, \"log\": true}}"}
{"op_code": 5, "worker_id": "b02239f4-59a6-432f-96ba-09034c0a6a99-140051512837952", "trial_id": 15, "param_name": "l2reg", "param_value_internal": 3.0604091496798447e-05, "distribution": "{\"name\": \"FloatDistribution\", \"attributes\": {\"step\": null, \"low\": 1e-08, \"high\": 0.001, \"log\": true}}"}
{"op_code": 5, "worker_id": "b02239f4-59a6-432f-96ba-09034c0a6a99-140051512837952", "trial_id": 15, "param_name": "random_seed", "param_value_internal": 0, "distribution": "{\"name\": \"CategoricalDistribution\", \"attributes\": {\"choices\": [42]}}"}
{"op_code": 5, "worker_id": "b02239f4-59a6-432f-96ba-09034c0a6a99-140051512837952", "trial_id": 15, "param_name": "degree", "param_value_internal": 0, "distribution": "{\"name\": \"CategoricalDistribution\", \"attributes\": {\"choices\": [0]}}"}
{"op_code": 8, "worker_id": "b02239f4-59a6-432f-96ba-09034c0a6a99-140051512837952", "trial_id": 15, "user_attr": {"best_epoch": 2}}
{"op_code": 8, "worker_id": "b02239f4-59a6-432f-96ba-09034c0a6a99-140051512837952", "trial_id": 15, "user_attr": {"test_loss": 0.45951469460927885}}
{"op_code": 6, "worker_id": "b02239f4-59a6-432f-96ba-09034c0a6a99-140051512837952", "trial_id": 15, "state": 1, "values": [0.45851532985374105], "datetime_complete": "2024-08-26T09:25:03.516945"}
{"op_code": 4, "worker_id": "b02239f4-59a6-432f-96ba-09034c0a6a99-140051512837952", "study_id": 0, "datetime_start": "2024-08-26T09:25:03.527684"}
{"op_code": 5, "worker_id": "b02239f4-59a6-432f-96ba-09034c0a6a99-140051512837952", "trial_id": 16, "param_name": "lr", "param_value_internal": 0.0006095918202153237, "distribution": "{\"name\": \"FloatDistribution\", \"attributes\": {\"step\": null, \"low\": 1e-05, \"high\": 0.001, \"log\": true}}"}
{"op_code": 5, "worker_id": "b02239f4-59a6-432f-96ba-09034c0a6a99-140051512837952", "trial_id": 16, "param_name": "l2reg", "param_value_internal": 1.4851877511086209e-06, "distribution": "{\"name\": \"FloatDistribution\", \"attributes\": {\"step\": null, \"low\": 1e-08, \"high\": 0.001, \"log\": true}}"}
{"op_code": 5, "worker_id": "b02239f4-59a6-432f-96ba-09034c0a6a99-140051512837952", "trial_id": 16, "param_name": "random_seed", "param_value_internal": 0, "distribution": "{\"name\": \"CategoricalDistribution\", \"attributes\": {\"choices\": [42]}}"}
{"op_code": 5, "worker_id": "b02239f4-59a6-432f-96ba-09034c0a6a99-140051512837952", "trial_id": 16, "param_name": "degree", "param_value_internal": 0, "distribution": "{\"name\": \"CategoricalDistribution\", \"attributes\": {\"choices\": [0]}}"}
{"op_code": 8, "worker_id": "b02239f4-59a6-432f-96ba-09034c0a6a99-140051512837952", "trial_id": 16, "user_attr": {"best_epoch": 0}}
{"op_code": 8, "worker_id": "b02239f4-59a6-432f-96ba-09034c0a6a99-140051512837952", "trial_id": 16, "user_attr": {"test_loss": 0.4582404644614318}}
{"op_code": 6, "worker_id": "b02239f4-59a6-432f-96ba-09034c0a6a99-140051512837952", "trial_id": 16, "state": 1, "values": [0.4573229485116039], "datetime_complete": "2024-08-26T09:28:42.066554"}
{"op_code": 4, "worker_id": "b02239f4-59a6-432f-96ba-09034c0a6a99-140051512837952", "study_id": 0, "datetime_start": "2024-08-26T09:28:42.076726"}
{"op_code": 5, "worker_id": "b02239f4-59a6-432f-96ba-09034c0a6a99-140051512837952", "trial_id": 17, "param_name": "lr", "param_value_internal": 0.0001568319298653617, "distribution": "{\"name\": \"FloatDistribution\", \"attributes\": {\"step\": null, \"low\": 1e-05, \"high\": 0.001, \"log\": true}}"}
{"op_code": 5, "worker_id": "b02239f4-59a6-432f-96ba-09034c0a6a99-140051512837952", "trial_id": 17, "param_name": "l2reg", "param_value_internal": 1.2521885136283712e-05, "distribution": "{\"name\": \"FloatDistribution\", \"attributes\": {\"step\": null, \"low\": 1e-08, \"high\": 0.001, \"log\": true}}"}
{"op_code": 5, "worker_id": "b02239f4-59a6-432f-96ba-09034c0a6a99-140051512837952", "trial_id": 17, "param_name": "random_seed", "param_value_internal": 0, "distribution": "{\"name\": \"CategoricalDistribution\", \"attributes\": {\"choices\": [42]}}"}
{"op_code": 5, "worker_id": "b02239f4-59a6-432f-96ba-09034c0a6a99-140051512837952", "trial_id": 17, "param_name": "degree", "param_value_internal": 0, "distribution": "{\"name\": \"CategoricalDistribution\", \"attributes\": {\"choices\": [0]}}"}
{"op_code": 8, "worker_id": "b02239f4-59a6-432f-96ba-09034c0a6a99-140051512837952", "trial_id": 17, "user_attr": {"best_epoch": 2}}
{"op_code": 8, "worker_id": "b02239f4-59a6-432f-96ba-09034c0a6a99-140051512837952", "trial_id": 17, "user_attr": {"test_loss": 0.45998494348462127}}
{"op_code": 6, "worker_id": "b02239f4-59a6-432f-96ba-09034c0a6a99-140051512837952", "trial_id": 17, "state": 1, "values": [0.4591014039513427], "datetime_complete": "2024-08-26T09:33:55.538735"}
{"op_code": 4, "worker_id": "b02239f4-59a6-432f-96ba-09034c0a6a99-140051512837952", "study_id": 0, "datetime_start": "2024-08-26T09:33:55.547423"}
{"op_code": 5, "worker_id": "b02239f4-59a6-432f-96ba-09034c0a6a99-140051512837952", "trial_id": 18, "param_name": "lr", "param_value_internal": 0.0006267873037911174, "distribution": "{\"name\": \"FloatDistribution\", \"attributes\": {\"step\": null, \"low\": 1e-05, \"high\": 0.001, \"log\": true}}"}
{"op_code": 5, "worker_id": "b02239f4-59a6-432f-96ba-09034c0a6a99-140051512837952", "trial_id": 18, "param_name": "l2reg", "param_value_internal": 0.0001011036955773139, "distribution": "{\"name\": \"FloatDistribution\", \"attributes\": {\"step\": null, \"low\": 1e-08, \"high\": 0.001, \"log\": true}}"}
{"op_code": 5, "worker_id": "b02239f4-59a6-432f-96ba-09034c0a6a99-140051512837952", "trial_id": 18, "param_name": "random_seed", "param_value_internal": 0, "distribution": "{\"name\": \"CategoricalDistribution\", \"attributes\": {\"choices\": [42]}}"}
{"op_code": 5, "worker_id": "b02239f4-59a6-432f-96ba-09034c0a6a99-140051512837952", "trial_id": 18, "param_name": "degree", "param_value_internal": 0, "distribution": "{\"name\": \"CategoricalDistribution\", \"attributes\": {\"choices\": [0]}}"}
{"op_code": 8, "worker_id": "b02239f4-59a6-432f-96ba-09034c0a6a99-140051512837952", "trial_id": 18, "user_attr": {"best_epoch": 0}}
{"op_code": 8, "worker_id": "b02239f4-59a6-432f-96ba-09034c0a6a99-140051512837952", "trial_id": 18, "user_attr": {"test_loss": 0.45821236711021796}}
{"op_code": 6, "worker_id": "b02239f4-59a6-432f-96ba-09034c0a6a99-140051512837952", "trial_id": 18, "state": 1, "values": [0.45728622344113146], "datetime_complete": "2024-08-26T09:37:36.687999"}
{"op_code": 4, "worker_id": "b02239f4-59a6-432f-96ba-09034c0a6a99-140051512837952", "study_id": 0, "datetime_start": "2024-08-26T09:37:36.696870"}
{"op_code": 5, "worker_id": "b02239f4-59a6-432f-96ba-09034c0a6a99-140051512837952", "trial_id": 19, "param_name": "lr", "param_value_internal": 0.00010846254477871581, "distribution": "{\"name\": \"FloatDistribution\", \"attributes\": {\"step\": null, \"low\": 1e-05, \"high\": 0.001, \"log\": true}}"}
{"op_code": 5, "worker_id": "b02239f4-59a6-432f-96ba-09034c0a6a99-140051512837952", "trial_id": 19, "param_name": "l2reg", "param_value_internal": 3.8975870919613185e-06, "distribution": "{\"name\": \"FloatDistribution\", \"attributes\": {\"step\": null, \"low\": 1e-08, \"high\": 0.001, \"log\": true}}"}
{"op_code": 5, "worker_id": "b02239f4-59a6-432f-96ba-09034c0a6a99-140051512837952", "trial_id": 19, "param_name": "random_seed", "param_value_internal": 0, "distribution": "{\"name\": \"CategoricalDistribution\", \"attributes\": {\"choices\": [42]}}"}
{"op_code": 5, "worker_id": "b02239f4-59a6-432f-96ba-09034c0a6a99-140051512837952", "trial_id": 19, "param_name": "degree", "param_value_internal": 0, "distribution": "{\"name\": \"CategoricalDistribution\", \"attributes\": {\"choices\": [0]}}"}
{"op_code": 8, "worker_id": "b02239f4-59a6-432f-96ba-09034c0a6a99-140051512837952", "trial_id": 19, "user_attr": {"best_epoch": 4}}
{"op_code": 8, "worker_id": "b02239f4-59a6-432f-96ba-09034c0a6a99-140051512837952", "trial_id": 19, "user_attr": {"test_loss": 0.46080961601304693}}
{"op_code": 6, "worker_id": "b02239f4-59a6-432f-96ba-09034c0a6a99-140051512837952", "trial_id": 19, "state": 1, "values": [0.46005087300302655], "datetime_complete": "2024-08-26T09:44:22.180345"}
{"op_code": 4, "worker_id": "b02239f4-59a6-432f-96ba-09034c0a6a99-140051512837952", "study_id": 0, "datetime_start": "2024-08-26T09:44:22.189163"}
{"op_code": 5, "worker_id": "b02239f4-59a6-432f-96ba-09034c0a6a99-140051512837952", "trial_id": 20, "param_name": "lr", "param_value_internal": 0.00031300785002269705, "distribution": "{\"name\": \"FloatDistribution\", \"attributes\": {\"step\": null, \"low\": 1e-05, \"high\": 0.001, \"log\": true}}"}
{"op_code": 5, "worker_id": "b02239f4-59a6-432f-96ba-09034c0a6a99-140051512837952", "trial_id": 20, "param_name": "l2reg", "param_value_internal": 3.2907434599556076e-07, "distribution": "{\"name\": \"FloatDistribution\", \"attributes\": {\"step\": null, \"low\": 1e-08, \"high\": 0.001, \"log\": true}}"}
{"op_code": 5, "worker_id": "b02239f4-59a6-432f-96ba-09034c0a6a99-140051512837952", "trial_id": 20, "param_name": "random_seed", "param_value_internal": 0, "distribution": "{\"name\": \"CategoricalDistribution\", \"attributes\": {\"choices\": [42]}}"}
{"op_code": 5, "worker_id": "b02239f4-59a6-432f-96ba-09034c0a6a99-140051512837952", "trial_id": 20, "param_name": "degree", "param_value_internal": 0, "distribution": "{\"name\": \"CategoricalDistribution\", \"attributes\": {\"choices\": [0]}}"}
{"op_code": 8, "worker_id": "b02239f4-59a6-432f-96ba-09034c0a6a99-140051512837952", "trial_id": 20, "user_attr": {"best_epoch": 1}}
{"op_code": 8, "worker_id": "b02239f4-59a6-432f-96ba-09034c0a6a99-140051512837952", "trial_id": 20, "user_attr": {"test_loss": 0.458711973136489}}
{"op_code": 6, "worker_id": "b02239f4-59a6-432f-96ba-09034c0a6a99-140051512837952", "trial_id": 20, "state": 1, "values": [0.45769409314271925], "datetime_complete": "2024-08-26T09:48:49.601050"}
{"op_code": 4, "worker_id": "b02239f4-59a6-432f-96ba-09034c0a6a99-140051512837952", "study_id": 0, "datetime_start": "2024-08-26T09:48:49.622456"}
{"op_code": 5, "worker_id": "b02239f4-59a6-432f-96ba-09034c0a6a99-140051512837952", "trial_id": 21, "param_name": "lr", "param_value_internal": 0.0006318224035300016, "distribution": "{\"name\": \"FloatDistribution\", \"attributes\": {\"step\": null, \"low\": 1e-05, \"high\": 0.001, \"log\": true}}"}
{"op_code": 5, "worker_id": "b02239f4-59a6-432f-96ba-09034c0a6a99-140051512837952", "trial_id": 21, "param_name": "l2reg", "param_value_internal": 8.859012849344958e-05, "distribution": "{\"name\": \"FloatDistribution\", \"attributes\": {\"step\": null, \"low\": 1e-08, \"high\": 0.001, \"log\": true}}"}
{"op_code": 5, "worker_id": "b02239f4-59a6-432f-96ba-09034c0a6a99-140051512837952", "trial_id": 21, "param_name": "random_seed", "param_value_internal": 0, "distribution": "{\"name\": \"CategoricalDistribution\", \"attributes\": {\"choices\": [42]}}"}
{"op_code": 5, "worker_id": "b02239f4-59a6-432f-96ba-09034c0a6a99-140051512837952", "trial_id": 21, "param_name": "degree", "param_value_internal": 0, "distribution": "{\"name\": \"CategoricalDistribution\", \"attributes\": {\"choices\": [0]}}"}
{"op_code": 8, "worker_id": "b02239f4-59a6-432f-96ba-09034c0a6a99-140051512837952", "trial_id": 21, "user_attr": {"best_epoch": 0}}
{"op_code": 8, "worker_id": "b02239f4-59a6-432f-96ba-09034c0a6a99-140051512837952", "trial_id": 21, "user_attr": {"test_loss": 0.4582057245299038}}
{"op_code": 6, "worker_id": "b02239f4-59a6-432f-96ba-09034c0a6a99-140051512837952", "trial_id": 21, "state": 1, "values": [0.45727660315240065], "datetime_complete": "2024-08-26T09:52:29.250751"}
{"op_code": 4, "worker_id": "b02239f4-59a6-432f-96ba-09034c0a6a99-140051512837952", "study_id": 0, "datetime_start": "2024-08-26T09:52:29.259319"}
{"op_code": 5, "worker_id": "b02239f4-59a6-432f-96ba-09034c0a6a99-140051512837952", "trial_id": 22, "param_name": "lr", "param_value_internal": 0.0006648631458856021, "distribution": "{\"name\": \"FloatDistribution\", \"attributes\": {\"step\": null, \"low\": 1e-05, \"high\": 0.001, \"log\": true}}"}
{"op_code": 5, "worker_id": "b02239f4-59a6-432f-96ba-09034c0a6a99-140051512837952", "trial_id": 22, "param_name": "l2reg", "param_value_internal": 6.463011335528456e-05, "distribution": "{\"name\": \"FloatDistribution\", \"attributes\": {\"step\": null, \"low\": 1e-08, \"high\": 0.001, \"log\": true}}"}
{"op_code": 5, "worker_id": "b02239f4-59a6-432f-96ba-09034c0a6a99-140051512837952", "trial_id": 22, "param_name": "random_seed", "param_value_internal": 0, "distribution": "{\"name\": \"CategoricalDistribution\", \"attributes\": {\"choices\": [42]}}"}
{"op_code": 5, "worker_id": "b02239f4-59a6-432f-96ba-09034c0a6a99-140051512837952", "trial_id": 22, "param_name": "degree", "param_value_internal": 0, "distribution": "{\"name\": \"CategoricalDistribution\", \"attributes\": {\"choices\": [0]}}"}
{"op_code": 8, "worker_id": "b02239f4-59a6-432f-96ba-09034c0a6a99-140051512837952", "trial_id": 22, "user_attr": {"best_epoch": 0}}
{"op_code": 8, "worker_id": "b02239f4-59a6-432f-96ba-09034c0a6a99-140051512837952", "trial_id": 22, "user_attr": {"test_loss": 0.4581756802154945}}
{"op_code": 6, "worker_id": "b02239f4-59a6-432f-96ba-09034c0a6a99-140051512837952", "trial_id": 22, "state": 1, "values": [0.4572308686051803], "datetime_complete": "2024-08-26T09:56:10.591722"}
{"op_code": 4, "worker_id": "b02239f4-59a6-432f-96ba-09034c0a6a99-140051512837952", "study_id": 0, "datetime_start": "2024-08-26T09:56:10.605589"}
{"op_code": 5, "worker_id": "b02239f4-59a6-432f-96ba-09034c0a6a99-140051512837952", "trial_id": 23, "param_name": "lr", "param_value_internal": 0.0005558004386166663, "distribution": "{\"name\": \"FloatDistribution\", \"attributes\": {\"step\": null, \"low\": 1e-05, \"high\": 0.001, \"log\": true}}"}
{"op_code": 5, "worker_id": "b02239f4-59a6-432f-96ba-09034c0a6a99-140051512837952", "trial_id": 23, "param_name": "l2reg", "param_value_internal": 9.00155279048912e-05, "distribution": "{\"name\": \"FloatDistribution\", \"attributes\": {\"step\": null, \"low\": 1e-08, \"high\": 0.001, \"log\": true}}"}
{"op_code": 5, "worker_id": "b02239f4-59a6-432f-96ba-09034c0a6a99-140051512837952", "trial_id": 23, "param_name": "random_seed", "param_value_internal": 0, "distribution": "{\"name\": \"CategoricalDistribution\", \"attributes\": {\"choices\": [42]}}"}
{"op_code": 5, "worker_id": "b02239f4-59a6-432f-96ba-09034c0a6a99-140051512837952", "trial_id": 23, "param_name": "degree", "param_value_internal": 0, "distribution": "{\"name\": \"CategoricalDistribution\", \"attributes\": {\"choices\": [0]}}"}
{"op_code": 8, "worker_id": "b02239f4-59a6-432f-96ba-09034c0a6a99-140051512837952", "trial_id": 23, "user_attr": {"best_epoch": 0}}
{"op_code": 8, "worker_id": "b02239f4-59a6-432f-96ba-09034c0a6a99-140051512837952", "trial_id": 23, "user_attr": {"test_loss": 0.45837346877071034}}
{"op_code": 6, "worker_id": "b02239f4-59a6-432f-96ba-09034c0a6a99-140051512837952", "trial_id": 23, "state": 1, "values": [0.4574877150439937], "datetime_complete": "2024-08-26T09:59:51.035008"}
{"op_code": 4, "worker_id": "b02239f4-59a6-432f-96ba-09034c0a6a99-140051512837952", "study_id": 0, "datetime_start": "2024-08-26T09:59:51.047261"}
{"op_code": 5, "worker_id": "b02239f4-59a6-432f-96ba-09034c0a6a99-140051512837952", "trial_id": 24, "param_name": "lr", "param_value_internal": 0.00027937074375516214, "distribution": "{\"name\": \"FloatDistribution\", \"attributes\": {\"step\": null, \"low\": 1e-05, \"high\": 0.001, \"log\": true}}"}
{"op_code": 5, "worker_id": "b02239f4-59a6-432f-96ba-09034c0a6a99-140051512837952", "trial_id": 24, "param_name": "l2reg", "param_value_internal": 3.220016910132742e-05, "distribution": "{\"name\": \"FloatDistribution\", \"attributes\": {\"step\": null, \"low\": 1e-08, \"high\": 0.001, \"log\": true}}"}
{"op_code": 5, "worker_id": "b02239f4-59a6-432f-96ba-09034c0a6a99-140051512837952", "trial_id": 24, "param_name": "random_seed", "param_value_internal": 0, "distribution": "{\"name\": \"CategoricalDistribution\", \"attributes\": {\"choices\": [42]}}"}
{"op_code": 5, "worker_id": "b02239f4-59a6-432f-96ba-09034c0a6a99-140051512837952", "trial_id": 24, "param_name": "degree", "param_value_internal": 0, "distribution": "{\"name\": \"CategoricalDistribution\", \"attributes\": {\"choices\": [0]}}"}
{"op_code": 8, "worker_id": "b02239f4-59a6-432f-96ba-09034c0a6a99-140051512837952", "trial_id": 24, "user_attr": {"best_epoch": 1}}
{"op_code": 8, "worker_id": "b02239f4-59a6-432f-96ba-09034c0a6a99-140051512837952", "trial_id": 24, "user_attr": {"test_loss": 0.45887185317301554}}
{"op_code": 6, "worker_id": "b02239f4-59a6-432f-96ba-09034c0a6a99-140051512837952", "trial_id": 24, "state": 1, "values": [0.45789142358894797], "datetime_complete": "2024-08-26T10:04:19.206146"}
{"op_code": 4, "worker_id": "b02239f4-59a6-432f-96ba-09034c0a6a99-140051512837952", "study_id": 0, "datetime_start": "2024-08-26T10:04:19.216821"}
{"op_code": 5, "worker_id": "b02239f4-59a6-432f-96ba-09034c0a6a99-140051512837952", "trial_id": 25, "param_name": "lr", "param_value_internal": 0.000682959048369258, "distribution": "{\"name\": \"FloatDistribution\", \"attributes\": {\"step\": null, \"low\": 1e-05, \"high\": 0.001, \"log\": true}}"}
{"op_code": 5, "worker_id": "b02239f4-59a6-432f-96ba-09034c0a6a99-140051512837952", "trial_id": 25, "param_name": "l2reg", "param_value_internal": 0.0002696230268009854, "distribution": "{\"name\": \"FloatDistribution\", \"attributes\": {\"step\": null, \"low\": 1e-08, \"high\": 0.001, \"log\": true}}"}
{"op_code": 5, "worker_id": "b02239f4-59a6-432f-96ba-09034c0a6a99-140051512837952", "trial_id": 25, "param_name": "random_seed", "param_value_internal": 0, "distribution": "{\"name\": \"CategoricalDistribution\", \"attributes\": {\"choices\": [42]}}"}
{"op_code": 5, "worker_id": "b02239f4-59a6-432f-96ba-09034c0a6a99-140051512837952", "trial_id": 25, "param_name": "degree", "param_value_internal": 0, "distribution": "{\"name\": \"CategoricalDistribution\", \"attributes\": {\"choices\": [0]}}"}
{"op_code": 8, "worker_id": "b02239f4-59a6-432f-96ba-09034c0a6a99-140051512837952", "trial_id": 25, "user_attr": {"best_epoch": 0}}
{"op_code": 8, "worker_id": "b02239f4-59a6-432f-96ba-09034c0a6a99-140051512837952", "trial_id": 25, "user_attr": {"test_loss": 0.45816632715700617}}
{"op_code": 6, "worker_id": "b02239f4-59a6-432f-96ba-09034c0a6a99-140051512837952", "trial_id": 25, "state": 1, "values": [0.45721330776067165], "datetime_complete": "2024-08-26T10:07:58.530454"}
{"op_code": 4, "worker_id": "b02239f4-59a6-432f-96ba-09034c0a6a99-140051512837952", "study_id": 0, "datetime_start": "2024-08-26T10:07:58.539322"}
{"op_code": 5, "worker_id": "b02239f4-59a6-432f-96ba-09034c0a6a99-140051512837952", "trial_id": 26, "param_name": "lr", "param_value_internal": 0.00041368084438012337, "distribution": "{\"name\": \"FloatDistribution\", \"attributes\": {\"step\": null, \"low\": 1e-05, \"high\": 0.001, \"log\": true}}"}
{"op_code": 5, "worker_id": "b02239f4-59a6-432f-96ba-09034c0a6a99-140051512837952", "trial_id": 26, "param_name": "l2reg", "param_value_internal": 0.0002093113724769985, "distribution": "{\"name\": \"FloatDistribution\", \"attributes\": {\"step\": null, \"low\": 1e-08, \"high\": 0.001, \"log\": true}}"}
{"op_code": 5, "worker_id": "b02239f4-59a6-432f-96ba-09034c0a6a99-140051512837952", "trial_id": 26, "param_name": "random_seed", "param_value_internal": 0, "distribution": "{\"name\": \"CategoricalDistribution\", \"attributes\": {\"choices\": [42]}}"}
{"op_code": 5, "worker_id": "b02239f4-59a6-432f-96ba-09034c0a6a99-140051512837952", "trial_id": 26, "param_name": "degree", "param_value_internal": 0, "distribution": "{\"name\": \"CategoricalDistribution\", \"attributes\": {\"choices\": [0]}}"}
{"op_code": 8, "worker_id": "b02239f4-59a6-432f-96ba-09034c0a6a99-140051512837952", "trial_id": 26, "user_attr": {"best_epoch": 1}}
{"op_code": 8, "worker_id": "b02239f4-59a6-432f-96ba-09034c0a6a99-140051512837952", "trial_id": 26, "user_attr": {"test_loss": 0.4590358943661757}}
{"op_code": 6, "worker_id": "b02239f4-59a6-432f-96ba-09034c0a6a99-140051512837952", "trial_id": 26, "state": 1, "values": [0.4579128783598477], "datetime_complete": "2024-08-26T10:12:26.087795"}
{"op_code": 4, "worker_id": "b02239f4-59a6-432f-96ba-09034c0a6a99-140051512837952", "study_id": 0, "datetime_start": "2024-08-26T10:12:26.096342"}
{"op_code": 5, "worker_id": "b02239f4-59a6-432f-96ba-09034c0a6a99-140051512837952", "trial_id": 27, "param_name": "lr", "param_value_internal": 0.0006732534117889716, "distribution": "{\"name\": \"FloatDistribution\", \"attributes\": {\"step\": null, \"low\": 1e-05, \"high\": 0.001, \"log\": true}}"}
{"op_code": 5, "worker_id": "b02239f4-59a6-432f-96ba-09034c0a6a99-140051512837952", "trial_id": 27, "param_name": "l2reg", "param_value_internal": 0.0009841211550300727, "distribution": "{\"name\": \"FloatDistribution\", \"attributes\": {\"step\": null, \"low\": 1e-08, \"high\": 0.001, \"log\": true}}"}
{"op_code": 5, "worker_id": "b02239f4-59a6-432f-96ba-09034c0a6a99-140051512837952", "trial_id": 27, "param_name": "random_seed", "param_value_internal": 0, "distribution": "{\"name\": \"CategoricalDistribution\", \"attributes\": {\"choices\": [42]}}"}
{"op_code": 5, "worker_id": "b02239f4-59a6-432f-96ba-09034c0a6a99-140051512837952", "trial_id": 27, "param_name": "degree", "param_value_internal": 0, "distribution": "{\"name\": \"CategoricalDistribution\", \"attributes\": {\"choices\": [0]}}"}
{"op_code": 8, "worker_id": "b02239f4-59a6-432f-96ba-09034c0a6a99-140051512837952", "trial_id": 27, "user_attr": {"best_epoch": 0}}
{"op_code": 8, "worker_id": "b02239f4-59a6-432f-96ba-09034c0a6a99-140051512837952", "trial_id": 27, "user_attr": {"test_loss": 0.4581620896488747}}
{"op_code": 6, "worker_id": "b02239f4-59a6-432f-96ba-09034c0a6a99-140051512837952", "trial_id": 27, "state": 1, "values": [0.4572148347906289], "datetime_complete": "2024-08-26T10:16:07.892764"}
{"op_code": 4, "worker_id": "b02239f4-59a6-432f-96ba-09034c0a6a99-140051512837952", "study_id": 0, "datetime_start": "2024-08-26T10:16:07.901664"}
{"op_code": 5, "worker_id": "b02239f4-59a6-432f-96ba-09034c0a6a99-140051512837952", "trial_id": 28, "param_name": "lr", "param_value_internal": 0.00021564306612499148, "distribution": "{\"name\": \"FloatDistribution\", \"attributes\": {\"step\": null, \"low\": 1e-05, \"high\": 0.001, \"log\": true}}"}
{"op_code": 5, "worker_id": "b02239f4-59a6-432f-96ba-09034c0a6a99-140051512837952", "trial_id": 28, "param_name": "l2reg", "param_value_internal": 0.000910937917500346, "distribution": "{\"name\": \"FloatDistribution\", \"attributes\": {\"step\": null, \"low\": 1e-08, \"high\": 0.001, \"log\": true}}"}
{"op_code": 5, "worker_id": "b02239f4-59a6-432f-96ba-09034c0a6a99-140051512837952", "trial_id": 28, "param_name": "random_seed", "param_value_internal": 0, "distribution": "{\"name\": \"CategoricalDistribution\", \"attributes\": {\"choices\": [42]}}"}
{"op_code": 5, "worker_id": "b02239f4-59a6-432f-96ba-09034c0a6a99-140051512837952", "trial_id": 28, "param_name": "degree", "param_value_internal": 0, "distribution": "{\"name\": \"CategoricalDistribution\", \"attributes\": {\"choices\": [0]}}"}
{"op_code": 8, "worker_id": "b02239f4-59a6-432f-96ba-09034c0a6a99-140051512837952", "trial_id": 28, "user_attr": {"best_epoch": 2}}
{"op_code": 8, "worker_id": "b02239f4-59a6-432f-96ba-09034c0a6a99-140051512837952", "trial_id": 28, "user_attr": {"test_loss": 0.4595199628626314}}
{"op_code": 6, "worker_id": "b02239f4-59a6-432f-96ba-09034c0a6a99-140051512837952", "trial_id": 28, "state": 1, "values": [0.4585134592420434], "datetime_complete": "2024-08-26T10:21:21.121724"}
{"op_code": 4, "worker_id": "b02239f4-59a6-432f-96ba-09034c0a6a99-140051512837952", "study_id": 0, "datetime_start": "2024-08-26T10:21:21.131998"}
{"op_code": 5, "worker_id": "b02239f4-59a6-432f-96ba-09034c0a6a99-140051512837952", "trial_id": 29, "param_name": "lr", "param_value_internal": 0.00011476426517194576, "distribution": "{\"name\": \"FloatDistribution\", \"attributes\": {\"step\": null, \"low\": 1e-05, \"high\": 0.001, \"log\": true}}"}
{"op_code": 5, "worker_id": "b02239f4-59a6-432f-96ba-09034c0a6a99-140051512837952", "trial_id": 29, "param_name": "l2reg", "param_value_internal": 0.0003135817451541613, "distribution": "{\"name\": \"FloatDistribution\", \"attributes\": {\"step\": null, \"low\": 1e-08, \"high\": 0.001, \"log\": true}}"}
{"op_code": 5, "worker_id": "b02239f4-59a6-432f-96ba-09034c0a6a99-140051512837952", "trial_id": 29, "param_name": "random_seed", "param_value_internal": 0, "distribution": "{\"name\": \"CategoricalDistribution\", \"attributes\": {\"choices\": [42]}}"}
{"op_code": 5, "worker_id": "b02239f4-59a6-432f-96ba-09034c0a6a99-140051512837952", "trial_id": 29, "param_name": "degree", "param_value_internal": 0, "distribution": "{\"name\": \"CategoricalDistribution\", \"attributes\": {\"choices\": [0]}}"}
{"op_code": 8, "worker_id": "b02239f4-59a6-432f-96ba-09034c0a6a99-140051512837952", "trial_id": 29, "user_attr": {"best_epoch": 4}}
{"op_code": 8, "worker_id": "b02239f4-59a6-432f-96ba-09034c0a6a99-140051512837952", "trial_id": 29, "user_attr": {"test_loss": 0.4607842673157562}}
{"op_code": 6, "worker_id": "b02239f4-59a6-432f-96ba-09034c0a6a99-140051512837952", "trial_id": 29, "state": 1, "values": [0.4600143769870477], "datetime_complete": "2024-08-26T10:28:05.186992"}
{"op_code": 4, "worker_id": "b02239f4-59a6-432f-96ba-09034c0a6a99-140051512837952", "study_id": 0, "datetime_start": "2024-08-26T10:28:05.195791"}
{"op_code": 5, "worker_id": "b02239f4-59a6-432f-96ba-09034c0a6a99-140051512837952", "trial_id": 30, "param_name": "lr", "param_value_internal": 4.663072570712844e-05, "distribution": "{\"name\": \"FloatDistribution\", \"attributes\": {\"step\": null, \"low\": 1e-05, \"high\": 0.001, \"log\": true}}"}
{"op_code": 5, "worker_id": "b02239f4-59a6-432f-96ba-09034c0a6a99-140051512837952", "trial_id": 30, "param_name": "l2reg", "param_value_internal": 0.0003721685939536722, "distribution": "{\"name\": \"FloatDistribution\", \"attributes\": {\"step\": null, \"low\": 1e-08, \"high\": 0.001, \"log\": true}}"}
{"op_code": 5, "worker_id": "b02239f4-59a6-432f-96ba-09034c0a6a99-140051512837952", "trial_id": 30, "param_name": "random_seed", "param_value_internal": 0, "distribution": "{\"name\": \"CategoricalDistribution\", \"attributes\": {\"choices\": [42]}}"}
{"op_code": 5, "worker_id": "b02239f4-59a6-432f-96ba-09034c0a6a99-140051512837952", "trial_id": 30, "param_name": "degree", "param_value_internal": 0, "distribution": "{\"name\": \"CategoricalDistribution\", \"attributes\": {\"choices\": [0]}}"}
{"op_code": 8, "worker_id": "b02239f4-59a6-432f-96ba-09034c0a6a99-140051512837952", "trial_id": 30, "user_attr": {"best_epoch": 9}}
{"op_code": 8, "worker_id": "b02239f4-59a6-432f-96ba-09034c0a6a99-140051512837952", "trial_id": 30, "user_attr": {"test_loss": 0.46267385236063563}}
{"op_code": 6, "worker_id": "b02239f4-59a6-432f-96ba-09034c0a6a99-140051512837952", "trial_id": 30, "state": 1, "values": [0.4618617014778596], "datetime_complete": "2024-08-26T10:36:22.870575"}
{"op_code": 4, "worker_id": "b02239f4-59a6-432f-96ba-09034c0a6a99-140051512837952", "study_id": 0, "datetime_start": "2024-08-26T10:36:22.879038"}
{"op_code": 5, "worker_id": "b02239f4-59a6-432f-96ba-09034c0a6a99-140051512837952", "trial_id": 31, "param_name": "lr", "param_value_internal": 0.0006629877597063351, "distribution": "{\"name\": \"FloatDistribution\", \"attributes\": {\"step\": null, \"low\": 1e-05, \"high\": 0.001, \"log\": true}}"}
{"op_code": 5, "worker_id": "b02239f4-59a6-432f-96ba-09034c0a6a99-140051512837952", "trial_id": 31, "param_name": "l2reg", "param_value_internal": 8.908989409205168e-05, "distribution": "{\"name\": \"FloatDistribution\", \"attributes\": {\"step\": null, \"low\": 1e-08, \"high\": 0.001, \"log\": true}}"}
{"op_code": 5, "worker_id": "b02239f4-59a6-432f-96ba-09034c0a6a99-140051512837952", "trial_id": 31, "param_name": "random_seed", "param_value_internal": 0, "distribution": "{\"name\": \"CategoricalDistribution\", \"attributes\": {\"choices\": [42]}}"}
{"op_code": 5, "worker_id": "b02239f4-59a6-432f-96ba-09034c0a6a99-140051512837952", "trial_id": 31, "param_name": "degree", "param_value_internal": 0, "distribution": "{\"name\": \"CategoricalDistribution\", \"attributes\": {\"choices\": [0]}}"}
{"op_code": 8, "worker_id": "b02239f4-59a6-432f-96ba-09034c0a6a99-140051512837952", "trial_id": 31, "user_attr": {"best_epoch": 0}}
{"op_code": 8, "worker_id": "b02239f4-59a6-432f-96ba-09034c0a6a99-140051512837952", "trial_id": 31, "user_attr": {"test_loss": 0.45817686366371135}}
{"op_code": 6, "worker_id": "b02239f4-59a6-432f-96ba-09034c0a6a99-140051512837952", "trial_id": 31, "state": 1, "values": [0.4572329300956226], "datetime_complete": "2024-08-26T10:40:04.820869"}
{"op_code": 4, "worker_id": "b02239f4-59a6-432f-96ba-09034c0a6a99-140051512837952", "study_id": 0, "datetime_start": "2024-08-26T10:40:04.829479"}
{"op_code": 5, "worker_id": "b02239f4-59a6-432f-96ba-09034c0a6a99-140051512837952", "trial_id": 32, "param_name": "lr", "param_value_internal": 0.0006635781854019431, "distribution": "{\"name\": \"FloatDistribution\", \"attributes\": {\"step\": null, \"low\": 1e-05, \"high\": 0.001, \"log\": true}}"}
{"op_code": 5, "worker_id": "b02239f4-59a6-432f-96ba-09034c0a6a99-140051512837952", "trial_id": 32, "param_name": "l2reg", "param_value_internal": 0.00014566361978250402, "distribution": "{\"name\": \"FloatDistribution\", \"attributes\": {\"step\": null, \"low\": 1e-08, \"high\": 0.001, \"log\": true}}"}
{"op_code": 5, "worker_id": "b02239f4-59a6-432f-96ba-09034c0a6a99-140051512837952", "trial_id": 32, "param_name": "random_seed", "param_value_internal": 0, "distribution": "{\"name\": \"CategoricalDistribution\", \"attributes\": {\"choices\": [42]}}"}
{"op_code": 5, "worker_id": "b02239f4-59a6-432f-96ba-09034c0a6a99-140051512837952", "trial_id": 32, "param_name": "degree", "param_value_internal": 0, "distribution": "{\"name\": \"CategoricalDistribution\", \"attributes\": {\"choices\": [0]}}"}
{"op_code": 8, "worker_id": "b02239f4-59a6-432f-96ba-09034c0a6a99-140051512837952", "trial_id": 32, "user_attr": {"best_epoch": 0}}
{"op_code": 8, "worker_id": "b02239f4-59a6-432f-96ba-09034c0a6a99-140051512837952", "trial_id": 32, "user_attr": {"test_loss": 0.4581760619729838}}
{"op_code": 6, "worker_id": "b02239f4-59a6-432f-96ba-09034c0a6a99-140051512837952", "trial_id": 32, "state": 1, "values": [0.4572320138776482], "datetime_complete": "2024-08-26T10:43:46.075321"}
{"op_code": 4, "worker_id": "b02239f4-59a6-432f-96ba-09034c0a6a99-140051512837952", "study_id": 0, "datetime_start": "2024-08-26T10:43:46.084062"}
{"op_code": 5, "worker_id": "b02239f4-59a6-432f-96ba-09034c0a6a99-140051512837952", "trial_id": 33, "param_name": "lr", "param_value_internal": 0.00032370628548283257, "distribution": "{\"name\": \"FloatDistribution\", \"attributes\": {\"step\": null, \"low\": 1e-05, \"high\": 0.001, \"log\": true}}"}
{"op_code": 5, "worker_id": "b02239f4-59a6-432f-96ba-09034c0a6a99-140051512837952", "trial_id": 33, "param_name": "l2reg", "param_value_internal": 0.0003747492523076402, "distribution": "{\"name\": \"FloatDistribution\", \"attributes\": {\"step\": null, \"low\": 1e-08, \"high\": 0.001, \"log\": true}}"}
{"op_code": 5, "worker_id": "b02239f4-59a6-432f-96ba-09034c0a6a99-140051512837952", "trial_id": 33, "param_name": "random_seed", "param_value_internal": 0, "distribution": "{\"name\": \"CategoricalDistribution\", \"attributes\": {\"choices\": [42]}}"}
{"op_code": 5, "worker_id": "b02239f4-59a6-432f-96ba-09034c0a6a99-140051512837952", "trial_id": 33, "param_name": "degree", "param_value_internal": 0, "distribution": "{\"name\": \"CategoricalDistribution\", \"attributes\": {\"choices\": [0]}}"}
{"op_code": 8, "worker_id": "b02239f4-59a6-432f-96ba-09034c0a6a99-140051512837952", "trial_id": 33, "user_attr": {"best_epoch": 1}}
{"op_code": 8, "worker_id": "b02239f4-59a6-432f-96ba-09034c0a6a99-140051512837952", "trial_id": 33, "user_attr": {"test_loss": 0.4586902511353468}}
{"op_code": 6, "worker_id": "b02239f4-59a6-432f-96ba-09034c0a6a99-140051512837952", "trial_id": 33, "state": 1, "values": [0.45766118564714003], "datetime_complete": "2024-08-26T10:48:14.100770"}
{"op_code": 4, "worker_id": "b02239f4-59a6-432f-96ba-09034c0a6a99-140051512837952", "study_id": 0, "datetime_start": "2024-08-26T10:48:14.109398"}
{"op_code": 5, "worker_id": "b02239f4-59a6-432f-96ba-09034c0a6a99-140051512837952", "trial_id": 34, "param_name": "lr", "param_value_internal": 0.00046812368289758427, "distribution": "{\"name\": \"FloatDistribution\", \"attributes\": {\"step\": null, \"low\": 1e-05, \"high\": 0.001, \"log\": true}}"}
{"op_code": 5, "worker_id": "b02239f4-59a6-432f-96ba-09034c0a6a99-140051512837952", "trial_id": 34, "param_name": "l2reg", "param_value_internal": 0.00018005519862521316, "distribution": "{\"name\": \"FloatDistribution\", \"attributes\": {\"step\": null, \"low\": 1e-08, \"high\": 0.001, \"log\": true}}"}
{"op_code": 5, "worker_id": "b02239f4-59a6-432f-96ba-09034c0a6a99-140051512837952", "trial_id": 34, "param_name": "random_seed", "param_value_internal": 0, "distribution": "{\"name\": \"CategoricalDistribution\", \"attributes\": {\"choices\": [42]}}"}
{"op_code": 5, "worker_id": "b02239f4-59a6-432f-96ba-09034c0a6a99-140051512837952", "trial_id": 34, "param_name": "degree", "param_value_internal": 0, "distribution": "{\"name\": \"CategoricalDistribution\", \"attributes\": {\"choices\": [0]}}"}
{"op_code": 8, "worker_id": "b02239f4-59a6-432f-96ba-09034c0a6a99-140051512837952", "trial_id": 34, "user_attr": {"best_epoch": 0}}
{"op_code": 8, "worker_id": "b02239f4-59a6-432f-96ba-09034c0a6a99-140051512837952", "trial_id": 34, "user_attr": {"test_loss": 0.45882546963806337}}
{"op_code": 6, "worker_id": "b02239f4-59a6-432f-96ba-09034c0a6a99-140051512837952", "trial_id": 34, "state": 1, "values": [0.4579985447404507], "datetime_complete": "2024-08-26T10:51:57.376445"}
{"op_code": 4, "worker_id": "b02239f4-59a6-432f-96ba-09034c0a6a99-140051512837952", "study_id": 0, "datetime_start": "2024-08-26T10:51:57.385008"}
{"op_code": 5, "worker_id": "b02239f4-59a6-432f-96ba-09034c0a6a99-140051512837952", "trial_id": 35, "param_name": "lr", "param_value_internal": 0.000736250014004305, "distribution": "{\"name\": \"FloatDistribution\", \"attributes\": {\"step\": null, \"low\": 1e-05, \"high\": 0.001, \"log\": true}}"}
{"op_code": 5, "worker_id": "b02239f4-59a6-432f-96ba-09034c0a6a99-140051512837952", "trial_id": 35, "param_name": "l2reg", "param_value_internal": 0.0008732394465840663, "distribution": "{\"name\": \"FloatDistribution\", \"attributes\": {\"step\": null, \"low\": 1e-08, \"high\": 0.001, \"log\": true}}"}
{"op_code": 5, "worker_id": "b02239f4-59a6-432f-96ba-09034c0a6a99-140051512837952", "trial_id": 35, "param_name": "random_seed", "param_value_internal": 0, "distribution": "{\"name\": \"CategoricalDistribution\", \"attributes\": {\"choices\": [42]}}"}
{"op_code": 5, "worker_id": "b02239f4-59a6-432f-96ba-09034c0a6a99-140051512837952", "trial_id": 35, "param_name": "degree", "param_value_internal": 0, "distribution": "{\"name\": \"CategoricalDistribution\", \"attributes\": {\"choices\": [0]}}"}
{"op_code": 8, "worker_id": "b02239f4-59a6-432f-96ba-09034c0a6a99-140051512837952", "trial_id": 35, "user_attr": {"best_epoch": 0}}
{"op_code": 8, "worker_id": "b02239f4-59a6-432f-96ba-09034c0a6a99-140051512837952", "trial_id": 35, "user_attr": {"test_loss": 0.45816113525515145}}
{"op_code": 6, "worker_id": "b02239f4-59a6-432f-96ba-09034c0a6a99-140051512837952", "trial_id": 35, "state": 1, "values": [0.4571877300088873], "datetime_complete": "2024-08-26T10:55:37.874191"}
{"op_code": 4, "worker_id": "b02239f4-59a6-432f-96ba-09034c0a6a99-140051512837952", "study_id": 0, "datetime_start": "2024-08-26T10:55:37.883421"}
{"op_code": 5, "worker_id": "b02239f4-59a6-432f-96ba-09034c0a6a99-140051512837952", "trial_id": 36, "param_name": "lr", "param_value_internal": 0.000782018065261028, "distribution": "{\"name\": \"FloatDistribution\", \"attributes\": {\"step\": null, \"low\": 1e-05, \"high\": 0.001, \"log\": true}}"}
{"op_code": 5, "worker_id": "b02239f4-59a6-432f-96ba-09034c0a6a99-140051512837952", "trial_id": 36, "param_name": "l2reg", "param_value_internal": 0.000842399083257079, "distribution": "{\"name\": \"FloatDistribution\", \"attributes\": {\"step\": null, \"low\": 1e-08, \"high\": 0.001, \"log\": true}}"}
{"op_code": 5, "worker_id": "b02239f4-59a6-432f-96ba-09034c0a6a99-140051512837952", "trial_id": 36, "param_name": "random_seed", "param_value_internal": 0, "distribution": "{\"name\": \"CategoricalDistribution\", \"attributes\": {\"choices\": [42]}}"}
{"op_code": 5, "worker_id": "b02239f4-59a6-432f-96ba-09034c0a6a99-140051512837952", "trial_id": 36, "param_name": "degree", "param_value_internal": 0, "distribution": "{\"name\": \"CategoricalDistribution\", \"attributes\": {\"choices\": [0]}}"}
{"op_code": 8, "worker_id": "b02239f4-59a6-432f-96ba-09034c0a6a99-140051512837952", "trial_id": 36, "user_attr": {"best_epoch": 0}}
{"op_code": 8, "worker_id": "b02239f4-59a6-432f-96ba-09034c0a6a99-140051512837952", "trial_id": 36, "user_attr": {"test_loss": 0.4581858349647103}}
{"op_code": 6, "worker_id": "b02239f4-59a6-432f-96ba-09034c0a6a99-140051512837952", "trial_id": 36, "state": 1, "values": [0.4571983428670904], "datetime_complete": "2024-08-26T10:59:17.866069"}
{"op_code": 4, "worker_id": "b02239f4-59a6-432f-96ba-09034c0a6a99-140051512837952", "study_id": 0, "datetime_start": "2024-08-26T10:59:17.943591"}
{"op_code": 5, "worker_id": "b02239f4-59a6-432f-96ba-09034c0a6a99-140051512837952", "trial_id": 37, "param_name": "lr", "param_value_internal": 0.000361592510650784, "distribution": "{\"name\": \"FloatDistribution\", \"attributes\": {\"step\": null, \"low\": 1e-05, \"high\": 0.001, \"log\": true}}"}
{"op_code": 5, "worker_id": "b02239f4-59a6-432f-96ba-09034c0a6a99-140051512837952", "trial_id": 37, "param_name": "l2reg", "param_value_internal": 0.0007660657197426572, "distribution": "{\"name\": \"FloatDistribution\", \"attributes\": {\"step\": null, \"low\": 1e-08, \"high\": 0.001, \"log\": true}}"}
{"op_code": 5, "worker_id": "b02239f4-59a6-432f-96ba-09034c0a6a99-140051512837952", "trial_id": 37, "param_name": "random_seed", "param_value_internal": 0, "distribution": "{\"name\": \"CategoricalDistribution\", \"attributes\": {\"choices\": [42]}}"}
{"op_code": 5, "worker_id": "b02239f4-59a6-432f-96ba-09034c0a6a99-140051512837952", "trial_id": 37, "param_name": "degree", "param_value_internal": 0, "distribution": "{\"name\": \"CategoricalDistribution\", \"attributes\": {\"choices\": [0]}}"}
{"op_code": 8, "worker_id": "b02239f4-59a6-432f-96ba-09034c0a6a99-140051512837952", "trial_id": 37, "user_attr": {"best_epoch": 1}}
{"op_code": 8, "worker_id": "b02239f4-59a6-432f-96ba-09034c0a6a99-140051512837952", "trial_id": 37, "user_attr": {"test_loss": 0.4587325116894143}}
{"op_code": 6, "worker_id": "b02239f4-59a6-432f-96ba-09034c0a6a99-140051512837952", "trial_id": 37, "state": 1, "values": [0.4576617964591229], "datetime_complete": "2024-08-26T11:03:41.539488"}
{"op_code": 4, "worker_id": "b02239f4-59a6-432f-96ba-09034c0a6a99-140051512837952", "study_id": 0, "datetime_start": "2024-08-26T11:03:41.548618"}
{"op_code": 5, "worker_id": "b02239f4-59a6-432f-96ba-09034c0a6a99-140051512837952", "trial_id": 38, "param_name": "lr", "param_value_internal": 0.0002253672569808375, "distribution": "{\"name\": \"FloatDistribution\", \"attributes\": {\"step\": null, \"low\": 1e-05, \"high\": 0.001, \"log\": true}}"}
{"op_code": 5, "worker_id": "b02239f4-59a6-432f-96ba-09034c0a6a99-140051512837952", "trial_id": 38, "param_name": "l2reg", "param_value_internal": 0.0009525667407528722, "distribution": "{\"name\": \"FloatDistribution\", \"attributes\": {\"step\": null, \"low\": 1e-08, \"high\": 0.001, \"log\": true}}"}
{"op_code": 5, "worker_id": "b02239f4-59a6-432f-96ba-09034c0a6a99-140051512837952", "trial_id": 38, "param_name": "random_seed", "param_value_internal": 0, "distribution": "{\"name\": \"CategoricalDistribution\", \"attributes\": {\"choices\": [42]}}"}
{"op_code": 5, "worker_id": "b02239f4-59a6-432f-96ba-09034c0a6a99-140051512837952", "trial_id": 38, "param_name": "degree", "param_value_internal": 0, "distribution": "{\"name\": \"CategoricalDistribution\", \"attributes\": {\"choices\": [0]}}"}
{"op_code": 8, "worker_id": "b02239f4-59a6-432f-96ba-09034c0a6a99-140051512837952", "trial_id": 38, "user_attr": {"best_epoch": 2}}
{"op_code": 8, "worker_id": "b02239f4-59a6-432f-96ba-09034c0a6a99-140051512837952", "trial_id": 38, "user_attr": {"test_loss": 0.4596065454612089}}
{"op_code": 6, "worker_id": "b02239f4-59a6-432f-96ba-09034c0a6a99-140051512837952", "trial_id": 38, "state": 1, "values": [0.4585785488939722], "datetime_complete": "2024-08-26T11:08:54.713042"}
{"op_code": 4, "worker_id": "b02239f4-59a6-432f-96ba-09034c0a6a99-140051512837952", "study_id": 0, "datetime_start": "2024-08-26T11:08:54.721574"}
{"op_code": 5, "worker_id": "b02239f4-59a6-432f-96ba-09034c0a6a99-140051512837952", "trial_id": 39, "param_name": "lr", "param_value_internal": 0.0004798156216545933, "distribution": "{\"name\": \"FloatDistribution\", \"attributes\": {\"step\": null, \"low\": 1e-05, \"high\": 0.001, \"log\": true}}"}
{"op_code": 5, "worker_id": "b02239f4-59a6-432f-96ba-09034c0a6a99-140051512837952", "trial_id": 39, "param_name": "l2reg", "param_value_internal": 0.0005661686117125741, "distribution": "{\"name\": \"FloatDistribution\", \"attributes\": {\"step\": null, \"low\": 1e-08, \"high\": 0.001, \"log\": true}}"}
{"op_code": 5, "worker_id": "b02239f4-59a6-432f-96ba-09034c0a6a99-140051512837952", "trial_id": 39, "param_name": "random_seed", "param_value_internal": 0, "distribution": "{\"name\": \"CategoricalDistribution\", \"attributes\": {\"choices\": [42]}}"}
{"op_code": 5, "worker_id": "b02239f4-59a6-432f-96ba-09034c0a6a99-140051512837952", "trial_id": 39, "param_name": "degree", "param_value_internal": 0, "distribution": "{\"name\": \"CategoricalDistribution\", \"attributes\": {\"choices\": [0]}}"}
{"op_code": 8, "worker_id": "b02239f4-59a6-432f-96ba-09034c0a6a99-140051512837952", "trial_id": 39, "user_attr": {"best_epoch": 0}}
{"op_code": 8, "worker_id": "b02239f4-59a6-432f-96ba-09034c0a6a99-140051512837952", "trial_id": 39, "user_attr": {"test_loss": 0.458743353602111}}
{"op_code": 6, "worker_id": "b02239f4-59a6-432f-96ba-09034c0a6a99-140051512837952", "trial_id": 39, "state": 1, "values": [0.4579086790274652], "datetime_complete": "2024-08-26T11:12:35.371034"}
{"op_code": 4, "worker_id": "b02239f4-59a6-432f-96ba-09034c0a6a99-140051512837952", "study_id": 0, "datetime_start": "2024-08-26T11:12:35.379673"}
{"op_code": 5, "worker_id": "b02239f4-59a6-432f-96ba-09034c0a6a99-140051512837952", "trial_id": 40, "param_name": "lr", "param_value_internal": 0.0007876194226554579, "distribution": "{\"name\": \"FloatDistribution\", \"attributes\": {\"step\": null, \"low\": 1e-05, \"high\": 0.001, \"log\": true}}"}
{"op_code": 5, "worker_id": "b02239f4-59a6-432f-96ba-09034c0a6a99-140051512837952", "trial_id": 40, "param_name": "l2reg", "param_value_internal": 0.00045025031290429993, "distribution": "{\"name\": \"FloatDistribution\", \"attributes\": {\"step\": null, \"low\": 1e-08, \"high\": 0.001, \"log\": true}}"}
{"op_code": 5, "worker_id": "b02239f4-59a6-432f-96ba-09034c0a6a99-140051512837952", "trial_id": 40, "param_name": "random_seed", "param_value_internal": 0, "distribution": "{\"name\": \"CategoricalDistribution\", \"attributes\": {\"choices\": [42]}}"}
{"op_code": 5, "worker_id": "b02239f4-59a6-432f-96ba-09034c0a6a99-140051512837952", "trial_id": 40, "param_name": "degree", "param_value_internal": 0, "distribution": "{\"name\": \"CategoricalDistribution\", \"attributes\": {\"choices\": [0]}}"}
{"op_code": 8, "worker_id": "b02239f4-59a6-432f-96ba-09034c0a6a99-140051512837952", "trial_id": 40, "user_attr": {"best_epoch": 0}}
{"op_code": 8, "worker_id": "b02239f4-59a6-432f-96ba-09034c0a6a99-140051512837952", "trial_id": 40, "user_attr": {"test_loss": 0.45819652417441126}}
{"op_code": 6, "worker_id": "b02239f4-59a6-432f-96ba-09034c0a6a99-140051512837952", "trial_id": 40, "state": 1, "values": [0.4572063215986171], "datetime_complete": "2024-08-26T11:16:15.262639"}
{"op_code": 4, "worker_id": "b02239f4-59a6-432f-96ba-09034c0a6a99-140051512837952", "study_id": 0, "datetime_start": "2024-08-26T11:16:15.271748"}
{"op_code": 5, "worker_id": "b02239f4-59a6-432f-96ba-09034c0a6a99-140051512837952", "trial_id": 41, "param_name": "lr", "param_value_internal": 0.0007705230187518942, "distribution": "{\"name\": \"FloatDistribution\", \"attributes\": {\"step\": null, \"low\": 1e-05, \"high\": 0.001, \"log\": true}}"}
{"op_code": 5, "worker_id": "b02239f4-59a6-432f-96ba-09034c0a6a99-140051512837952", "trial_id": 41, "param_name": "l2reg", "param_value_internal": 0.00047037252268927006, "distribution": "{\"name\": \"FloatDistribution\", \"attributes\": {\"step\": null, \"low\": 1e-08, \"high\": 0.001, \"log\": true}}"}
{"op_code": 5, "worker_id": "b02239f4-59a6-432f-96ba-09034c0a6a99-140051512837952", "trial_id": 41, "param_name": "random_seed", "param_value_internal": 0, "distribution": "{\"name\": \"CategoricalDistribution\", \"attributes\": {\"choices\": [42]}}"}
{"op_code": 5, "worker_id": "b02239f4-59a6-432f-96ba-09034c0a6a99-140051512837952", "trial_id": 41, "param_name": "degree", "param_value_internal": 0, "distribution": "{\"name\": \"CategoricalDistribution\", \"attributes\": {\"choices\": [0]}}"}
{"op_code": 8, "worker_id": "b02239f4-59a6-432f-96ba-09034c0a6a99-140051512837952", "trial_id": 41, "user_attr": {"best_epoch": 0}}
{"op_code": 8, "worker_id": "b02239f4-59a6-432f-96ba-09034c0a6a99-140051512837952", "trial_id": 41, "user_attr": {"test_loss": 0.4581835062440255}}
{"op_code": 6, "worker_id": "b02239f4-59a6-432f-96ba-09034c0a6a99-140051512837952", "trial_id": 41, "state": 1, "values": [0.4571982283398436], "datetime_complete": "2024-08-26T11:19:55.732870"}
{"op_code": 4, "worker_id": "b02239f4-59a6-432f-96ba-09034c0a6a99-140051512837952", "study_id": 0, "datetime_start": "2024-08-26T11:19:55.741668"}
{"op_code": 5, "worker_id": "b02239f4-59a6-432f-96ba-09034c0a6a99-140051512837952", "trial_id": 42, "param_name": "lr", "param_value_internal": 0.0007907789552386077, "distribution": "{\"name\": \"FloatDistribution\", \"attributes\": {\"step\": null, \"low\": 1e-05, \"high\": 0.001, \"log\": true}}"}
{"op_code": 5, "worker_id": "b02239f4-59a6-432f-96ba-09034c0a6a99-140051512837952", "trial_id": 42, "param_name": "l2reg", "param_value_internal": 0.00045612523564029616, "distribution": "{\"name\": \"FloatDistribution\", \"attributes\": {\"step\": null, \"low\": 1e-08, \"high\": 0.001, \"log\": true}}"}
{"op_code": 5, "worker_id": "b02239f4-59a6-432f-96ba-09034c0a6a99-140051512837952", "trial_id": 42, "param_name": "random_seed", "param_value_internal": 0, "distribution": "{\"name\": \"CategoricalDistribution\", \"attributes\": {\"choices\": [42]}}"}
{"op_code": 5, "worker_id": "b02239f4-59a6-432f-96ba-09034c0a6a99-140051512837952", "trial_id": 42, "param_name": "degree", "param_value_internal": 0, "distribution": "{\"name\": \"CategoricalDistribution\", \"attributes\": {\"choices\": [0]}}"}
{"op_code": 8, "worker_id": "b02239f4-59a6-432f-96ba-09034c0a6a99-140051512837952", "trial_id": 42, "user_attr": {"best_epoch": 0}}
{"op_code": 8, "worker_id": "b02239f4-59a6-432f-96ba-09034c0a6a99-140051512837952", "trial_id": 42, "user_attr": {"test_loss": 0.45819892924659394}}
{"op_code": 6, "worker_id": "b02239f4-59a6-432f-96ba-09034c0a6a99-140051512837952", "trial_id": 42, "state": 1, "values": [0.457208077683068], "datetime_complete": "2024-08-26T11:23:35.853368"}
{"op_code": 4, "worker_id": "b02239f4-59a6-432f-96ba-09034c0a6a99-140051512837952", "study_id": 0, "datetime_start": "2024-08-26T11:23:35.861808"}
{"op_code": 5, "worker_id": "b02239f4-59a6-432f-96ba-09034c0a6a99-140051512837952", "trial_id": 43, "param_name": "lr", "param_value_internal": 0.0008368737333748413, "distribution": "{\"name\": \"FloatDistribution\", \"attributes\": {\"step\": null, \"low\": 1e-05, \"high\": 0.001, \"log\": true}}"}
{"op_code": 5, "worker_id": "b02239f4-59a6-432f-96ba-09034c0a6a99-140051512837952", "trial_id": 43, "param_name": "l2reg", "param_value_internal": 0.0004983036444541149, "distribution": "{\"name\": \"FloatDistribution\", \"attributes\": {\"step\": null, \"low\": 1e-08, \"high\": 0.001, \"log\": true}}"}
{"op_code": 5, "worker_id": "b02239f4-59a6-432f-96ba-09034c0a6a99-140051512837952", "trial_id": 43, "param_name": "random_seed", "param_value_internal": 0, "distribution": "{\"name\": \"CategoricalDistribution\", \"attributes\": {\"choices\": [42]}}"}
{"op_code": 5, "worker_id": "b02239f4-59a6-432f-96ba-09034c0a6a99-140051512837952", "trial_id": 43, "param_name": "degree", "param_value_internal": 0, "distribution": "{\"name\": \"CategoricalDistribution\", \"attributes\": {\"choices\": [0]}}"}
{"op_code": 8, "worker_id": "b02239f4-59a6-432f-96ba-09034c0a6a99-140051512837952", "trial_id": 43, "user_attr": {"best_epoch": 0}}
{"op_code": 8, "worker_id": "b02239f4-59a6-432f-96ba-09034c0a6a99-140051512837952", "trial_id": 43, "user_attr": {"test_loss": 0.45824172426114657}}
{"op_code": 6, "worker_id": "b02239f4-59a6-432f-96ba-09034c0a6a99-140051512837952", "trial_id": 43, "state": 1, "values": [0.4572391527426985], "datetime_complete": "2024-08-26T11:27:16.738447"}
{"op_code": 4, "worker_id": "b02239f4-59a6-432f-96ba-09034c0a6a99-140051512837952", "study_id": 0, "datetime_start": "2024-08-26T11:27:16.763102"}
{"op_code": 5, "worker_id": "b02239f4-59a6-432f-96ba-09034c0a6a99-140051512837952", "trial_id": 44, "param_name": "lr", "param_value_internal": 0.0009968234665286247, "distribution": "{\"name\": \"FloatDistribution\", \"attributes\": {\"step\": null, \"low\": 1e-05, \"high\": 0.001, \"log\": true}}"}
{"op_code": 5, "worker_id": "b02239f4-59a6-432f-96ba-09034c0a6a99-140051512837952", "trial_id": 44, "param_name": "l2reg", "param_value_internal": 0.0004679521078701212, "distribution": "{\"name\": \"FloatDistribution\", \"attributes\": {\"step\": null, \"low\": 1e-08, \"high\": 0.001, \"log\": true}}"}
{"op_code": 5, "worker_id": "b02239f4-59a6-432f-96ba-09034c0a6a99-140051512837952", "trial_id": 44, "param_name": "random_seed", "param_value_internal": 0, "distribution": "{\"name\": \"CategoricalDistribution\", \"attributes\": {\"choices\": [42]}}"}
{"op_code": 5, "worker_id": "b02239f4-59a6-432f-96ba-09034c0a6a99-140051512837952", "trial_id": 44, "param_name": "degree", "param_value_internal": 0, "distribution": "{\"name\": \"CategoricalDistribution\", \"attributes\": {\"choices\": [0]}}"}
{"op_code": 8, "worker_id": "b02239f4-59a6-432f-96ba-09034c0a6a99-140051512837952", "trial_id": 44, "user_attr": {"best_epoch": 0}}
{"op_code": 8, "worker_id": "b02239f4-59a6-432f-96ba-09034c0a6a99-140051512837952", "trial_id": 44, "user_attr": {"test_loss": 0.45844023815559215}}
{"op_code": 6, "worker_id": "b02239f4-59a6-432f-96ba-09034c0a6a99-140051512837952", "trial_id": 44, "state": 1, "values": [0.4574183878839335], "datetime_complete": "2024-08-26T11:30:57.370954"}
{"op_code": 4, "worker_id": "b02239f4-59a6-432f-96ba-09034c0a6a99-140051512837952", "study_id": 0, "datetime_start": "2024-08-26T11:30:57.379746"}
{"op_code": 5, "worker_id": "b02239f4-59a6-432f-96ba-09034c0a6a99-140051512837952", "trial_id": 45, "param_name": "lr", "param_value_internal": 0.0008108250247447029, "distribution": "{\"name\": \"FloatDistribution\", \"attributes\": {\"step\": null, \"low\": 1e-05, \"high\": 0.001, \"log\": true}}"}
{"op_code": 5, "worker_id": "b02239f4-59a6-432f-96ba-09034c0a6a99-140051512837952", "trial_id": 45, "param_name": "l2reg", "param_value_internal": 8.865173701807023e-06, "distribution": "{\"name\": \"FloatDistribution\", \"attributes\": {\"step\": null, \"low\": 1e-08, \"high\": 0.001, \"log\": true}}"}
{"op_code": 5, "worker_id": "b02239f4-59a6-432f-96ba-09034c0a6a99-140051512837952", "trial_id": 45, "param_name": "random_seed", "param_value_internal": 0, "distribution": "{\"name\": \"CategoricalDistribution\", \"attributes\": {\"choices\": [42]}}"}
{"op_code": 5, "worker_id": "b02239f4-59a6-432f-96ba-09034c0a6a99-140051512837952", "trial_id": 45, "param_name": "degree", "param_value_internal": 0, "distribution": "{\"name\": \"CategoricalDistribution\", \"attributes\": {\"choices\": [0]}}"}
{"op_code": 8, "worker_id": "b02239f4-59a6-432f-96ba-09034c0a6a99-140051512837952", "trial_id": 45, "user_attr": {"best_epoch": 0}}
{"op_code": 8, "worker_id": "b02239f4-59a6-432f-96ba-09034c0a6a99-140051512837952", "trial_id": 45, "user_attr": {"test_loss": 0.4582239343621443}}
{"op_code": 6, "worker_id": "b02239f4-59a6-432f-96ba-09034c0a6a99-140051512837952", "trial_id": 45, "state": 1, "values": [0.457227127381785], "datetime_complete": "2024-08-26T11:34:38.347594"}
{"op_code": 4, "worker_id": "b02239f4-59a6-432f-96ba-09034c0a6a99-140051512837952", "study_id": 0, "datetime_start": "2024-08-26T11:34:38.356860"}
{"op_code": 5, "worker_id": "b02239f4-59a6-432f-96ba-09034c0a6a99-140051512837952", "trial_id": 46, "param_name": "lr", "param_value_internal": 2.565570347466517e-05, "distribution": "{\"name\": \"FloatDistribution\", \"attributes\": {\"step\": null, \"low\": 1e-05, \"high\": 0.001, \"log\": true}}"}
{"op_code": 5, "worker_id": "b02239f4-59a6-432f-96ba-09034c0a6a99-140051512837952", "trial_id": 46, "param_name": "l2reg", "param_value_internal": 5.1646400353616856e-05, "distribution": "{\"name\": \"FloatDistribution\", \"attributes\": {\"step\": null, \"low\": 1e-08, \"high\": 0.001, \"log\": true}}"}
{"op_code": 5, "worker_id": "b02239f4-59a6-432f-96ba-09034c0a6a99-140051512837952", "trial_id": 46, "param_name": "random_seed", "param_value_internal": 0, "distribution": "{\"name\": \"CategoricalDistribution\", \"attributes\": {\"choices\": [42]}}"}
{"op_code": 5, "worker_id": "b02239f4-59a6-432f-96ba-09034c0a6a99-140051512837952", "trial_id": 46, "param_name": "degree", "param_value_internal": 0, "distribution": "{\"name\": \"CategoricalDistribution\", \"attributes\": {\"choices\": [0]}}"}
{"op_code": 8, "worker_id": "b02239f4-59a6-432f-96ba-09034c0a6a99-140051512837952", "trial_id": 46, "user_attr": {"best_epoch": 5}}
{"op_code": 8, "worker_id": "b02239f4-59a6-432f-96ba-09034c0a6a99-140051512837952", "trial_id": 46, "user_attr": {"test_loss": 0.46395571765826904}}
{"op_code": 6, "worker_id": "b02239f4-59a6-432f-96ba-09034c0a6a99-140051512837952", "trial_id": 46, "state": 1, "values": [0.4632573305073099], "datetime_complete": "2024-08-26T11:42:10.063098"}
{"op_code": 4, "worker_id": "b02239f4-59a6-432f-96ba-09034c0a6a99-140051512837952", "study_id": 0, "datetime_start": "2024-08-26T11:42:10.071705"}
{"op_code": 5, "worker_id": "b02239f4-59a6-432f-96ba-09034c0a6a99-140051512837952", "trial_id": 47, "param_name": "lr", "param_value_internal": 0.0005149362034928487, "distribution": "{\"name\": \"FloatDistribution\", \"attributes\": {\"step\": null, \"low\": 1e-05, \"high\": 0.001, \"log\": true}}"}
{"op_code": 5, "worker_id": "b02239f4-59a6-432f-96ba-09034c0a6a99-140051512837952", "trial_id": 47, "param_name": "l2reg", "param_value_internal": 0.00014019437144337205, "distribution": "{\"name\": \"FloatDistribution\", \"attributes\": {\"step\": null, \"low\": 1e-08, \"high\": 0.001, \"log\": true}}"}
{"op_code": 5, "worker_id": "b02239f4-59a6-432f-96ba-09034c0a6a99-140051512837952", "trial_id": 47, "param_name": "random_seed", "param_value_internal": 0, "distribution": "{\"name\": \"CategoricalDistribution\", \"attributes\": {\"choices\": [42]}}"}
{"op_code": 5, "worker_id": "b02239f4-59a6-432f-96ba-09034c0a6a99-140051512837952", "trial_id": 47, "param_name": "degree", "param_value_internal": 0, "distribution": "{\"name\": \"CategoricalDistribution\", \"attributes\": {\"choices\": [0]}}"}
{"op_code": 8, "worker_id": "b02239f4-59a6-432f-96ba-09034c0a6a99-140051512837952", "trial_id": 47, "user_attr": {"best_epoch": 0}}
{"op_code": 8, "worker_id": "b02239f4-59a6-432f-96ba-09034c0a6a99-140051512837952", "trial_id": 47, "user_attr": {"test_loss": 0.45854167112050404}}
{"op_code": 6, "worker_id": "b02239f4-59a6-432f-96ba-09034c0a6a99-140051512837952", "trial_id": 47, "state": 1, "values": [0.45768222048480145], "datetime_complete": "2024-08-26T11:45:51.531923"}
{"op_code": 4, "worker_id": "b02239f4-59a6-432f-96ba-09034c0a6a99-140051512837952", "study_id": 0, "datetime_start": "2024-08-26T11:45:51.541915"}
{"op_code": 5, "worker_id": "b02239f4-59a6-432f-96ba-09034c0a6a99-140051512837952", "trial_id": 48, "param_name": "lr", "param_value_internal": 0.000777445187480853, "distribution": "{\"name\": \"FloatDistribution\", \"attributes\": {\"step\": null, \"low\": 1e-05, \"high\": 0.001, \"log\": true}}"}
{"op_code": 5, "worker_id": "b02239f4-59a6-432f-96ba-09034c0a6a99-140051512837952", "trial_id": 48, "param_name": "l2reg", "param_value_internal": 0.0002663102551415731, "distribution": "{\"name\": \"FloatDistribution\", \"attributes\": {\"step\": null, \"low\": 1e-08, \"high\": 0.001, \"log\": true}}"}
{"op_code": 5, "worker_id": "b02239f4-59a6-432f-96ba-09034c0a6a99-140051512837952", "trial_id": 48, "param_name": "random_seed", "param_value_internal": 0, "distribution": "{\"name\": \"CategoricalDistribution\", \"attributes\": {\"choices\": [42]}}"}
{"op_code": 5, "worker_id": "b02239f4-59a6-432f-96ba-09034c0a6a99-140051512837952", "trial_id": 48, "param_name": "degree", "param_value_internal": 0, "distribution": "{\"name\": \"CategoricalDistribution\", \"attributes\": {\"choices\": [0]}}"}
{"op_code": 8, "worker_id": "b02239f4-59a6-432f-96ba-09034c0a6a99-140051512837952", "trial_id": 48, "user_attr": {"best_epoch": 0}}
{"op_code": 8, "worker_id": "b02239f4-59a6-432f-96ba-09034c0a6a99-140051512837952", "trial_id": 48, "user_attr": {"test_loss": 0.45819167585429693}}
{"op_code": 6, "worker_id": "b02239f4-59a6-432f-96ba-09034c0a6a99-140051512837952", "trial_id": 48, "state": 1, "values": [0.4572043364596727], "datetime_complete": "2024-08-26T11:49:30.965597"}
{"op_code": 4, "worker_id": "b02239f4-59a6-432f-96ba-09034c0a6a99-140051512837952", "study_id": 0, "datetime_start": "2024-08-26T11:49:31.019799"}
{"op_code": 5, "worker_id": "b02239f4-59a6-432f-96ba-09034c0a6a99-140051512837952", "trial_id": 49, "param_name": "lr", "param_value_internal": 0.0005100491237705487, "distribution": "{\"name\": \"FloatDistribution\", \"attributes\": {\"step\": null, \"low\": 1e-05, \"high\": 0.001, \"log\": true}}"}
{"op_code": 5, "worker_id": "b02239f4-59a6-432f-96ba-09034c0a6a99-140051512837952", "trial_id": 49, "param_name": "l2reg", "param_value_internal": 0.00022515331560658326, "distribution": "{\"name\": \"FloatDistribution\", \"attributes\": {\"step\": null, \"low\": 1e-08, \"high\": 0.001, \"log\": true}}"}
{"op_code": 5, "worker_id": "b02239f4-59a6-432f-96ba-09034c0a6a99-140051512837952", "trial_id": 49, "param_name": "random_seed", "param_value_internal": 0, "distribution": "{\"name\": \"CategoricalDistribution\", \"attributes\": {\"choices\": [42]}}"}
{"op_code": 5, "worker_id": "b02239f4-59a6-432f-96ba-09034c0a6a99-140051512837952", "trial_id": 49, "param_name": "degree", "param_value_internal": 0, "distribution": "{\"name\": \"CategoricalDistribution\", \"attributes\": {\"choices\": [0]}}"}
{"op_code": 8, "worker_id": "b02239f4-59a6-432f-96ba-09034c0a6a99-140051512837952", "trial_id": 49, "user_attr": {"best_epoch": 0}}
{"op_code": 8, "worker_id": "b02239f4-59a6-432f-96ba-09034c0a6a99-140051512837952", "trial_id": 49, "user_attr": {"test_loss": 0.45856614177556937}}
{"op_code": 6, "worker_id": "b02239f4-59a6-432f-96ba-09034c0a6a99-140051512837952", "trial_id": 49, "state": 1, "values": [0.4577106232420068], "datetime_complete": "2024-08-26T11:53:11.080705"}
