{"op_code": 0, "worker_id": "5231571b-ec3d-43c3-8042-31c80a581c67-140443651331904", "study_name": "criteo_splines_0", "directions": [1]}
{"op_code": 4, "worker_id": "5231571b-ec3d-43c3-8042-31c80a581c67-140443651331904", "study_id": 0, "datetime_start": "2024-08-17T11:40:11.085667"}
{"op_code": 5, "worker_id": "5231571b-ec3d-43c3-8042-31c80a581c67-140443651331904", "trial_id": 0, "param_name": "lr", "param_value_internal": 5.6115164153345e-05, "distribution": "{\"name\": \"FloatDistribution\", \"attributes\": {\"step\": null, \"low\": 1e-05, \"high\": 0.001, \"log\": true}}"}
{"op_code": 5, "worker_id": "5231571b-ec3d-43c3-8042-31c80a581c67-140443651331904", "trial_id": 0, "param_name": "l2reg", "param_value_internal": 0.0005669849511478851, "distribution": "{\"name\": \"FloatDistribution\", \"attributes\": {\"step\": null, \"low\": 1e-08, \"high\": 0.001, \"log\": true}}"}
{"op_code": 5, "worker_id": "5231571b-ec3d-43c3-8042-31c80a581c67-140443651331904", "trial_id": 0, "param_name": "random_seed", "param_value_internal": 0, "distribution": "{\"name\": \"CategoricalDistribution\", \"attributes\": {\"choices\": [42]}}"}
{"op_code": 5, "worker_id": "5231571b-ec3d-43c3-8042-31c80a581c67-140443651331904", "trial_id": 0, "param_name": "degree", "param_value_internal": 0, "distribution": "{\"name\": \"CategoricalDistribution\", \"attributes\": {\"choices\": [0]}}"}
{"op_code": 6, "worker_id": "5231571b-ec3d-43c3-8042-31c80a581c67-140443651331904", "trial_id": 0, "state": 3, "values": null, "datetime_complete": "2024-08-17T11:42:18.200746"}
{"op_code": 0, "worker_id": "cb56bb38-5309-4b1e-99c6-9370f1092cd6-139625584609088", "study_name": "criteo_splines_0", "directions": [1]}
{"op_code": 4, "worker_id": "cb56bb38-5309-4b1e-99c6-9370f1092cd6-139625584609088", "study_id": 0, "datetime_start": "2024-08-17T11:42:22.916884"}
{"op_code": 5, "worker_id": "cb56bb38-5309-4b1e-99c6-9370f1092cd6-139625584609088", "trial_id": 1, "param_name": "lr", "param_value_internal": 5.6115164153345e-05, "distribution": "{\"name\": \"FloatDistribution\", \"attributes\": {\"step\": null, \"low\": 1e-05, \"high\": 0.001, \"log\": true}}"}
{"op_code": 5, "worker_id": "cb56bb38-5309-4b1e-99c6-9370f1092cd6-139625584609088", "trial_id": 1, "param_name": "l2reg", "param_value_internal": 0.0005669849511478851, "distribution": "{\"name\": \"FloatDistribution\", \"attributes\": {\"step\": null, \"low\": 1e-08, \"high\": 0.001, \"log\": true}}"}
{"op_code": 5, "worker_id": "cb56bb38-5309-4b1e-99c6-9370f1092cd6-139625584609088", "trial_id": 1, "param_name": "random_seed", "param_value_internal": 0, "distribution": "{\"name\": \"CategoricalDistribution\", \"attributes\": {\"choices\": [42]}}"}
{"op_code": 5, "worker_id": "cb56bb38-5309-4b1e-99c6-9370f1092cd6-139625584609088", "trial_id": 1, "param_name": "degree", "param_value_internal": 0, "distribution": "{\"name\": \"CategoricalDistribution\", \"attributes\": {\"choices\": [0]}}"}
{"op_code": 8, "worker_id": "cb56bb38-5309-4b1e-99c6-9370f1092cd6-139625584609088", "trial_id": 1, "user_attr": {"best_epoch": 3}}
{"op_code": 8, "worker_id": "cb56bb38-5309-4b1e-99c6-9370f1092cd6-139625584609088", "trial_id": 1, "user_attr": {"test_loss": 0.44567535451842233}}
{"op_code": 6, "worker_id": "cb56bb38-5309-4b1e-99c6-9370f1092cd6-139625584609088", "trial_id": 1, "state": 1, "values": [0.44549672189844713], "datetime_complete": "2024-08-17T12:12:53.072040"}
{"op_code": 4, "worker_id": "cb56bb38-5309-4b1e-99c6-9370f1092cd6-139625584609088", "study_id": 0, "datetime_start": "2024-08-17T12:12:53.081023"}
{"op_code": 5, "worker_id": "cb56bb38-5309-4b1e-99c6-9370f1092cd6-139625584609088", "trial_id": 2, "param_name": "lr", "param_value_internal": 0.000291063591313307, "distribution": "{\"name\": \"FloatDistribution\", \"attributes\": {\"step\": null, \"low\": 1e-05, \"high\": 0.001, \"log\": true}}"}
{"op_code": 5, "worker_id": "cb56bb38-5309-4b1e-99c6-9370f1092cd6-139625584609088", "trial_id": 2, "param_name": "l2reg", "param_value_internal": 9.846738873614555e-06, "distribution": "{\"name\": \"FloatDistribution\", \"attributes\": {\"step\": null, \"low\": 1e-08, \"high\": 0.001, \"log\": true}}"}
{"op_code": 5, "worker_id": "cb56bb38-5309-4b1e-99c6-9370f1092cd6-139625584609088", "trial_id": 2, "param_name": "random_seed", "param_value_internal": 0, "distribution": "{\"name\": \"CategoricalDistribution\", \"attributes\": {\"choices\": [42]}}"}
{"op_code": 5, "worker_id": "cb56bb38-5309-4b1e-99c6-9370f1092cd6-139625584609088", "trial_id": 2, "param_name": "degree", "param_value_internal": 0, "distribution": "{\"name\": \"CategoricalDistribution\", \"attributes\": {\"choices\": [0]}}"}
{"op_code": 8, "worker_id": "cb56bb38-5309-4b1e-99c6-9370f1092cd6-139625584609088", "trial_id": 2, "user_attr": {"best_epoch": 0}}
{"op_code": 8, "worker_id": "cb56bb38-5309-4b1e-99c6-9370f1092cd6-139625584609088", "trial_id": 2, "user_attr": {"test_loss": 0.4452756769668967}}
{"op_code": 6, "worker_id": "cb56bb38-5309-4b1e-99c6-9370f1092cd6-139625584609088", "trial_id": 2, "state": 1, "values": [0.4451523302207285], "datetime_complete": "2024-08-17T12:30:54.009483"}
{"op_code": 4, "worker_id": "cb56bb38-5309-4b1e-99c6-9370f1092cd6-139625584609088", "study_id": 0, "datetime_start": "2024-08-17T12:30:54.022231"}
{"op_code": 5, "worker_id": "cb56bb38-5309-4b1e-99c6-9370f1092cd6-139625584609088", "trial_id": 3, "param_name": "lr", "param_value_internal": 2.0513382630874486e-05, "distribution": "{\"name\": \"FloatDistribution\", \"attributes\": {\"step\": null, \"low\": 1e-05, \"high\": 0.001, \"log\": true}}"}
{"op_code": 5, "worker_id": "cb56bb38-5309-4b1e-99c6-9370f1092cd6-139625584609088", "trial_id": 3, "param_name": "l2reg", "param_value_internal": 6.02521573620385e-08, "distribution": "{\"name\": \"FloatDistribution\", \"attributes\": {\"step\": null, \"low\": 1e-08, \"high\": 0.001, \"log\": true}}"}
{"op_code": 5, "worker_id": "cb56bb38-5309-4b1e-99c6-9370f1092cd6-139625584609088", "trial_id": 3, "param_name": "random_seed", "param_value_internal": 0, "distribution": "{\"name\": \"CategoricalDistribution\", \"attributes\": {\"choices\": [42]}}"}
{"op_code": 5, "worker_id": "cb56bb38-5309-4b1e-99c6-9370f1092cd6-139625584609088", "trial_id": 3, "param_name": "degree", "param_value_internal": 0, "distribution": "{\"name\": \"CategoricalDistribution\", \"attributes\": {\"choices\": [0]}}"}
{"op_code": 8, "worker_id": "cb56bb38-5309-4b1e-99c6-9370f1092cd6-139625584609088", "trial_id": 3, "user_attr": {"best_epoch": 10}}
{"op_code": 8, "worker_id": "cb56bb38-5309-4b1e-99c6-9370f1092cd6-139625584609088", "trial_id": 3, "user_attr": {"test_loss": 0.4463331052184165}}
{"op_code": 6, "worker_id": "cb56bb38-5309-4b1e-99c6-9370f1092cd6-139625584609088", "trial_id": 3, "state": 1, "values": [0.44611962515743236], "datetime_complete": "2024-08-17T13:29:58.025015"}
{"op_code": 4, "worker_id": "cb56bb38-5309-4b1e-99c6-9370f1092cd6-139625584609088", "study_id": 0, "datetime_start": "2024-08-17T13:29:58.035952"}
{"op_code": 5, "worker_id": "cb56bb38-5309-4b1e-99c6-9370f1092cd6-139625584609088", "trial_id": 4, "param_name": "lr", "param_value_internal": 1.3066739238053272e-05, "distribution": "{\"name\": \"FloatDistribution\", \"attributes\": {\"step\": null, \"low\": 1e-05, \"high\": 0.001, \"log\": true}}"}
{"op_code": 5, "worker_id": "cb56bb38-5309-4b1e-99c6-9370f1092cd6-139625584609088", "trial_id": 4, "param_name": "l2reg", "param_value_internal": 0.00021423021757741048, "distribution": "{\"name\": \"FloatDistribution\", \"attributes\": {\"step\": null, \"low\": 1e-08, \"high\": 0.001, \"log\": true}}"}
{"op_code": 5, "worker_id": "cb56bb38-5309-4b1e-99c6-9370f1092cd6-139625584609088", "trial_id": 4, "param_name": "random_seed", "param_value_internal": 0, "distribution": "{\"name\": \"CategoricalDistribution\", \"attributes\": {\"choices\": [42]}}"}
{"op_code": 5, "worker_id": "cb56bb38-5309-4b1e-99c6-9370f1092cd6-139625584609088", "trial_id": 4, "param_name": "degree", "param_value_internal": 0, "distribution": "{\"name\": \"CategoricalDistribution\", \"attributes\": {\"choices\": [0]}}"}
{"op_code": 8, "worker_id": "cb56bb38-5309-4b1e-99c6-9370f1092cd6-139625584609088", "trial_id": 4, "user_attr": {"best_epoch": 17}}
{"op_code": 8, "worker_id": "cb56bb38-5309-4b1e-99c6-9370f1092cd6-139625584609088", "trial_id": 4, "user_attr": {"test_loss": 0.44652298605688306}}
{"op_code": 6, "worker_id": "cb56bb38-5309-4b1e-99c6-9370f1092cd6-139625584609088", "trial_id": 4, "state": 1, "values": [0.4462875271449572], "datetime_complete": "2024-08-17T14:54:08.043231"}
{"op_code": 4, "worker_id": "cb56bb38-5309-4b1e-99c6-9370f1092cd6-139625584609088", "study_id": 0, "datetime_start": "2024-08-17T14:54:08.053197"}
{"op_code": 5, "worker_id": "cb56bb38-5309-4b1e-99c6-9370f1092cd6-139625584609088", "trial_id": 5, "param_name": "lr", "param_value_internal": 0.00015930522616241006, "distribution": "{\"name\": \"FloatDistribution\", \"attributes\": {\"step\": null, \"low\": 1e-05, \"high\": 0.001, \"log\": true}}"}
{"op_code": 5, "worker_id": "cb56bb38-5309-4b1e-99c6-9370f1092cd6-139625584609088", "trial_id": 5, "param_name": "l2reg", "param_value_internal": 3.47026698865041e-05, "distribution": "{\"name\": \"FloatDistribution\", \"attributes\": {\"step\": null, \"low\": 1e-08, \"high\": 0.001, \"log\": true}}"}
{"op_code": 5, "worker_id": "cb56bb38-5309-4b1e-99c6-9370f1092cd6-139625584609088", "trial_id": 5, "param_name": "random_seed", "param_value_internal": 0, "distribution": "{\"name\": \"CategoricalDistribution\", \"attributes\": {\"choices\": [42]}}"}
{"op_code": 5, "worker_id": "cb56bb38-5309-4b1e-99c6-9370f1092cd6-139625584609088", "trial_id": 5, "param_name": "degree", "param_value_internal": 0, "distribution": "{\"name\": \"CategoricalDistribution\", \"attributes\": {\"choices\": [0]}}"}
{"op_code": 8, "worker_id": "cb56bb38-5309-4b1e-99c6-9370f1092cd6-139625584609088", "trial_id": 5, "user_attr": {"best_epoch": 1}}
{"op_code": 8, "worker_id": "cb56bb38-5309-4b1e-99c6-9370f1092cd6-139625584609088", "trial_id": 5, "user_attr": {"test_loss": 0.4447795750932861}}
{"op_code": 6, "worker_id": "cb56bb38-5309-4b1e-99c6-9370f1092cd6-139625584609088", "trial_id": 5, "state": 1, "values": [0.4445972045918722], "datetime_complete": "2024-08-17T15:16:19.174431"}
{"op_code": 4, "worker_id": "cb56bb38-5309-4b1e-99c6-9370f1092cd6-139625584609088", "study_id": 0, "datetime_start": "2024-08-17T15:16:19.186529"}
{"op_code": 5, "worker_id": "cb56bb38-5309-4b1e-99c6-9370f1092cd6-139625584609088", "trial_id": 6, "param_name": "lr", "param_value_internal": 1.0994335574766187e-05, "distribution": "{\"name\": \"FloatDistribution\", \"attributes\": {\"step\": null, \"low\": 1e-05, \"high\": 0.001, \"log\": true}}"}
{"op_code": 5, "worker_id": "cb56bb38-5309-4b1e-99c6-9370f1092cd6-139625584609088", "trial_id": 6, "param_name": "l2reg", "param_value_internal": 0.0007072114131472234, "distribution": "{\"name\": \"FloatDistribution\", \"attributes\": {\"step\": null, \"low\": 1e-08, \"high\": 0.001, \"log\": true}}"}
{"op_code": 5, "worker_id": "cb56bb38-5309-4b1e-99c6-9370f1092cd6-139625584609088", "trial_id": 6, "param_name": "random_seed", "param_value_internal": 0, "distribution": "{\"name\": \"CategoricalDistribution\", \"attributes\": {\"choices\": [42]}}"}
{"op_code": 5, "worker_id": "cb56bb38-5309-4b1e-99c6-9370f1092cd6-139625584609088", "trial_id": 6, "param_name": "degree", "param_value_internal": 0, "distribution": "{\"name\": \"CategoricalDistribution\", \"attributes\": {\"choices\": [0]}}"}
{"op_code": 8, "worker_id": "cb56bb38-5309-4b1e-99c6-9370f1092cd6-139625584609088", "trial_id": 6, "user_attr": {"best_epoch": 19}}
{"op_code": 8, "worker_id": "cb56bb38-5309-4b1e-99c6-9370f1092cd6-139625584609088", "trial_id": 6, "user_attr": {"test_loss": 0.4466246661490142}}
{"op_code": 6, "worker_id": "cb56bb38-5309-4b1e-99c6-9370f1092cd6-139625584609088", "trial_id": 6, "state": 1, "values": [0.4464170851137351], "datetime_complete": "2024-08-17T16:40:22.284962"}
{"op_code": 4, "worker_id": "cb56bb38-5309-4b1e-99c6-9370f1092cd6-139625584609088", "study_id": 0, "datetime_start": "2024-08-17T16:40:22.294597"}
{"op_code": 5, "worker_id": "cb56bb38-5309-4b1e-99c6-9370f1092cd6-139625584609088", "trial_id": 7, "param_name": "lr", "param_value_internal": 0.000462258900102083, "distribution": "{\"name\": \"FloatDistribution\", \"attributes\": {\"step\": null, \"low\": 1e-05, \"high\": 0.001, \"log\": true}}"}
{"op_code": 5, "worker_id": "cb56bb38-5309-4b1e-99c6-9370f1092cd6-139625584609088", "trial_id": 7, "param_name": "l2reg", "param_value_internal": 1.1526449540315595e-07, "distribution": "{\"name\": \"FloatDistribution\", \"attributes\": {\"step\": null, \"low\": 1e-08, \"high\": 0.001, \"log\": true}}"}
{"op_code": 5, "worker_id": "cb56bb38-5309-4b1e-99c6-9370f1092cd6-139625584609088", "trial_id": 7, "param_name": "random_seed", "param_value_internal": 0, "distribution": "{\"name\": \"CategoricalDistribution\", \"attributes\": {\"choices\": [42]}}"}
{"op_code": 5, "worker_id": "cb56bb38-5309-4b1e-99c6-9370f1092cd6-139625584609088", "trial_id": 7, "param_name": "degree", "param_value_internal": 0, "distribution": "{\"name\": \"CategoricalDistribution\", \"attributes\": {\"choices\": [0]}}"}
{"op_code": 8, "worker_id": "cb56bb38-5309-4b1e-99c6-9370f1092cd6-139625584609088", "trial_id": 7, "user_attr": {"best_epoch": 0}}
{"op_code": 8, "worker_id": "cb56bb38-5309-4b1e-99c6-9370f1092cd6-139625584609088", "trial_id": 7, "user_attr": {"test_loss": 0.44511586181201207}}
{"op_code": 6, "worker_id": "cb56bb38-5309-4b1e-99c6-9370f1092cd6-139625584609088", "trial_id": 7, "state": 1, "values": [0.4449919666047244], "datetime_complete": "2024-08-17T16:59:16.274829"}
{"op_code": 4, "worker_id": "cb56bb38-5309-4b1e-99c6-9370f1092cd6-139625584609088", "study_id": 0, "datetime_start": "2024-08-17T16:59:16.285924"}
{"op_code": 5, "worker_id": "cb56bb38-5309-4b1e-99c6-9370f1092cd6-139625584609088", "trial_id": 8, "param_name": "lr", "param_value_internal": 2.3102018878452926e-05, "distribution": "{\"name\": \"FloatDistribution\", \"attributes\": {\"step\": null, \"low\": 1e-05, \"high\": 0.001, \"log\": true}}"}
{"op_code": 5, "worker_id": "cb56bb38-5309-4b1e-99c6-9370f1092cd6-139625584609088", "trial_id": 8, "param_name": "l2reg", "param_value_internal": 8.260808399079588e-08, "distribution": "{\"name\": \"FloatDistribution\", \"attributes\": {\"step\": null, \"low\": 1e-08, \"high\": 0.001, \"log\": true}}"}
{"op_code": 5, "worker_id": "cb56bb38-5309-4b1e-99c6-9370f1092cd6-139625584609088", "trial_id": 8, "param_name": "random_seed", "param_value_internal": 0, "distribution": "{\"name\": \"CategoricalDistribution\", \"attributes\": {\"choices\": [42]}}"}
{"op_code": 5, "worker_id": "cb56bb38-5309-4b1e-99c6-9370f1092cd6-139625584609088", "trial_id": 8, "param_name": "degree", "param_value_internal": 0, "distribution": "{\"name\": \"CategoricalDistribution\", \"attributes\": {\"choices\": [0]}}"}
{"op_code": 0, "worker_id": "e6b45efe-77cb-458f-ae72-d2d2c7bc4b5b-140619347871552", "study_name": "criteo_splines_0", "directions": [1]}
{"op_code": 0, "worker_id": "4a580dff-13b7-4ad6-a665-33d55bbca7f2-140619347871552", "study_name": "criteo_splines_0", "directions": [1]}
{"op_code": 0, "worker_id": "d7334c5a-6b31-4887-861e-cb276510d4de-139957378852672", "study_name": "criteo_splines_0", "directions": [1]}
{"op_code": 8, "worker_id": "cb56bb38-5309-4b1e-99c6-9370f1092cd6-139625584609088", "trial_id": 8, "user_attr": {"best_epoch": 10}}
{"op_code": 8, "worker_id": "cb56bb38-5309-4b1e-99c6-9370f1092cd6-139625584609088", "trial_id": 8, "user_attr": {"test_loss": 0.4462674625443436}}
{"op_code": 6, "worker_id": "cb56bb38-5309-4b1e-99c6-9370f1092cd6-139625584609088", "trial_id": 8, "state": 1, "values": [0.4460352490502002], "datetime_complete": "2024-08-17T18:03:10.212006"}
{"op_code": 4, "worker_id": "cb56bb38-5309-4b1e-99c6-9370f1092cd6-139625584609088", "study_id": 0, "datetime_start": "2024-08-17T18:03:10.222308"}
{"op_code": 5, "worker_id": "cb56bb38-5309-4b1e-99c6-9370f1092cd6-139625584609088", "trial_id": 9, "param_name": "lr", "param_value_internal": 4.059611610484306e-05, "distribution": "{\"name\": \"FloatDistribution\", \"attributes\": {\"step\": null, \"low\": 1e-05, \"high\": 0.001, \"log\": true}}"}
{"op_code": 5, "worker_id": "cb56bb38-5309-4b1e-99c6-9370f1092cd6-139625584609088", "trial_id": 9, "param_name": "l2reg", "param_value_internal": 4.2051564509138674e-06, "distribution": "{\"name\": \"FloatDistribution\", \"attributes\": {\"step\": null, \"low\": 1e-08, \"high\": 0.001, \"log\": true}}"}
{"op_code": 5, "worker_id": "cb56bb38-5309-4b1e-99c6-9370f1092cd6-139625584609088", "trial_id": 9, "param_name": "random_seed", "param_value_internal": 0, "distribution": "{\"name\": \"CategoricalDistribution\", \"attributes\": {\"choices\": [42]}}"}
{"op_code": 5, "worker_id": "cb56bb38-5309-4b1e-99c6-9370f1092cd6-139625584609088", "trial_id": 9, "param_name": "degree", "param_value_internal": 0, "distribution": "{\"name\": \"CategoricalDistribution\", \"attributes\": {\"choices\": [0]}}"}
{"op_code": 8, "worker_id": "cb56bb38-5309-4b1e-99c6-9370f1092cd6-139625584609088", "trial_id": 9, "user_attr": {"best_epoch": 5}}
{"op_code": 8, "worker_id": "cb56bb38-5309-4b1e-99c6-9370f1092cd6-139625584609088", "trial_id": 9, "user_attr": {"test_loss": 0.4458829536007914}}
{"op_code": 6, "worker_id": "cb56bb38-5309-4b1e-99c6-9370f1092cd6-139625584609088", "trial_id": 9, "state": 1, "values": [0.4456986461378429], "datetime_complete": "2024-08-17T18:41:55.153974"}
{"op_code": 4, "worker_id": "cb56bb38-5309-4b1e-99c6-9370f1092cd6-139625584609088", "study_id": 0, "datetime_start": "2024-08-17T18:41:55.163204"}
{"op_code": 5, "worker_id": "cb56bb38-5309-4b1e-99c6-9370f1092cd6-139625584609088", "trial_id": 10, "param_name": "lr", "param_value_internal": 7.309539835912905e-05, "distribution": "{\"name\": \"FloatDistribution\", \"attributes\": {\"step\": null, \"low\": 1e-05, \"high\": 0.001, \"log\": true}}"}
{"op_code": 5, "worker_id": "cb56bb38-5309-4b1e-99c6-9370f1092cd6-139625584609088", "trial_id": 10, "param_name": "l2reg", "param_value_internal": 2.8585493941961875e-07, "distribution": "{\"name\": \"FloatDistribution\", \"attributes\": {\"step\": null, \"low\": 1e-08, \"high\": 0.001, \"log\": true}}"}
{"op_code": 5, "worker_id": "cb56bb38-5309-4b1e-99c6-9370f1092cd6-139625584609088", "trial_id": 10, "param_name": "random_seed", "param_value_internal": 0, "distribution": "{\"name\": \"CategoricalDistribution\", \"attributes\": {\"choices\": [42]}}"}
{"op_code": 5, "worker_id": "cb56bb38-5309-4b1e-99c6-9370f1092cd6-139625584609088", "trial_id": 10, "param_name": "degree", "param_value_internal": 0, "distribution": "{\"name\": \"CategoricalDistribution\", \"attributes\": {\"choices\": [0]}}"}
{"op_code": 8, "worker_id": "cb56bb38-5309-4b1e-99c6-9370f1092cd6-139625584609088", "trial_id": 10, "user_attr": {"best_epoch": 3}}
{"op_code": 8, "worker_id": "cb56bb38-5309-4b1e-99c6-9370f1092cd6-139625584609088", "trial_id": 10, "user_attr": {"test_loss": 0.44551616611548467}}
{"op_code": 6, "worker_id": "cb56bb38-5309-4b1e-99c6-9370f1092cd6-139625584609088", "trial_id": 10, "state": 1, "values": [0.445324068791765], "datetime_complete": "2024-08-17T19:12:31.111746"}
{"op_code": 4, "worker_id": "cb56bb38-5309-4b1e-99c6-9370f1092cd6-139625584609088", "study_id": 0, "datetime_start": "2024-08-17T19:12:31.121738"}
{"op_code": 5, "worker_id": "cb56bb38-5309-4b1e-99c6-9370f1092cd6-139625584609088", "trial_id": 11, "param_name": "lr", "param_value_internal": 0.00018471184590376964, "distribution": "{\"name\": \"FloatDistribution\", \"attributes\": {\"step\": null, \"low\": 1e-05, \"high\": 0.001, \"log\": true}}"}
{"op_code": 5, "worker_id": "cb56bb38-5309-4b1e-99c6-9370f1092cd6-139625584609088", "trial_id": 11, "param_name": "l2reg", "param_value_internal": 3.8521646942747446e-05, "distribution": "{\"name\": \"FloatDistribution\", \"attributes\": {\"step\": null, \"low\": 1e-08, \"high\": 0.001, \"log\": true}}"}
{"op_code": 5, "worker_id": "cb56bb38-5309-4b1e-99c6-9370f1092cd6-139625584609088", "trial_id": 11, "param_name": "random_seed", "param_value_internal": 0, "distribution": "{\"name\": \"CategoricalDistribution\", \"attributes\": {\"choices\": [42]}}"}
{"op_code": 5, "worker_id": "cb56bb38-5309-4b1e-99c6-9370f1092cd6-139625584609088", "trial_id": 11, "param_name": "degree", "param_value_internal": 0, "distribution": "{\"name\": \"CategoricalDistribution\", \"attributes\": {\"choices\": [0]}}"}
{"op_code": 0, "worker_id": "6b7fc42a-d070-4867-bf19-3714cfa10e83-139885789554496", "study_name": "criteo_splines_0", "directions": [1]}
{"op_code": 8, "worker_id": "cb56bb38-5309-4b1e-99c6-9370f1092cd6-139625584609088", "trial_id": 11, "user_attr": {"best_epoch": 1}}
{"op_code": 8, "worker_id": "cb56bb38-5309-4b1e-99c6-9370f1092cd6-139625584609088", "trial_id": 11, "user_attr": {"test_loss": 0.4448167921502777}}
{"op_code": 6, "worker_id": "cb56bb38-5309-4b1e-99c6-9370f1092cd6-139625584609088", "trial_id": 11, "state": 1, "values": [0.44463700046514815], "datetime_complete": "2024-08-17T19:34:57.147873"}
{"op_code": 4, "worker_id": "cb56bb38-5309-4b1e-99c6-9370f1092cd6-139625584609088", "study_id": 0, "datetime_start": "2024-08-17T19:34:57.156118"}
{"op_code": 5, "worker_id": "cb56bb38-5309-4b1e-99c6-9370f1092cd6-139625584609088", "trial_id": 12, "param_name": "lr", "param_value_internal": 0.00015320252245209042, "distribution": "{\"name\": \"FloatDistribution\", \"attributes\": {\"step\": null, \"low\": 1e-05, \"high\": 0.001, \"log\": true}}"}
{"op_code": 5, "worker_id": "cb56bb38-5309-4b1e-99c6-9370f1092cd6-139625584609088", "trial_id": 12, "param_name": "l2reg", "param_value_internal": 4.011123221868182e-05, "distribution": "{\"name\": \"FloatDistribution\", \"attributes\": {\"step\": null, \"low\": 1e-08, \"high\": 0.001, \"log\": true}}"}
{"op_code": 5, "worker_id": "cb56bb38-5309-4b1e-99c6-9370f1092cd6-139625584609088", "trial_id": 12, "param_name": "random_seed", "param_value_internal": 0, "distribution": "{\"name\": \"CategoricalDistribution\", \"attributes\": {\"choices\": [42]}}"}
{"op_code": 5, "worker_id": "cb56bb38-5309-4b1e-99c6-9370f1092cd6-139625584609088", "trial_id": 12, "param_name": "degree", "param_value_internal": 0, "distribution": "{\"name\": \"CategoricalDistribution\", \"attributes\": {\"choices\": [0]}}"}
{"op_code": 0, "worker_id": "73e9b099-d737-468a-ac1b-274358fb81d6-139822091638592", "study_name": "criteo_splines_0", "directions": [1]}
{"op_code": 8, "worker_id": "cb56bb38-5309-4b1e-99c6-9370f1092cd6-139625584609088", "trial_id": 12, "user_attr": {"best_epoch": 1}}
{"op_code": 8, "worker_id": "cb56bb38-5309-4b1e-99c6-9370f1092cd6-139625584609088", "trial_id": 12, "user_attr": {"test_loss": 0.44479563256838905}}
{"op_code": 6, "worker_id": "cb56bb38-5309-4b1e-99c6-9370f1092cd6-139625584609088", "trial_id": 12, "state": 1, "values": [0.4446125189216786], "datetime_complete": "2024-08-17T19:57:27.312545"}
{"op_code": 4, "worker_id": "cb56bb38-5309-4b1e-99c6-9370f1092cd6-139625584609088", "study_id": 0, "datetime_start": "2024-08-17T19:57:27.320978"}
{"op_code": 5, "worker_id": "cb56bb38-5309-4b1e-99c6-9370f1092cd6-139625584609088", "trial_id": 13, "param_name": "lr", "param_value_internal": 0.0001458251474269136, "distribution": "{\"name\": \"FloatDistribution\", \"attributes\": {\"step\": null, \"low\": 1e-05, \"high\": 0.001, \"log\": true}}"}
{"op_code": 5, "worker_id": "cb56bb38-5309-4b1e-99c6-9370f1092cd6-139625584609088", "trial_id": 13, "param_name": "l2reg", "param_value_internal": 4.634380861758262e-05, "distribution": "{\"name\": \"FloatDistribution\", \"attributes\": {\"step\": null, \"low\": 1e-08, \"high\": 0.001, \"log\": true}}"}
{"op_code": 5, "worker_id": "cb56bb38-5309-4b1e-99c6-9370f1092cd6-139625584609088", "trial_id": 13, "param_name": "random_seed", "param_value_internal": 0, "distribution": "{\"name\": \"CategoricalDistribution\", \"attributes\": {\"choices\": [42]}}"}
{"op_code": 5, "worker_id": "cb56bb38-5309-4b1e-99c6-9370f1092cd6-139625584609088", "trial_id": 13, "param_name": "degree", "param_value_internal": 0, "distribution": "{\"name\": \"CategoricalDistribution\", \"attributes\": {\"choices\": [0]}}"}
{"op_code": 8, "worker_id": "cb56bb38-5309-4b1e-99c6-9370f1092cd6-139625584609088", "trial_id": 13, "user_attr": {"best_epoch": 1}}
{"op_code": 8, "worker_id": "cb56bb38-5309-4b1e-99c6-9370f1092cd6-139625584609088", "trial_id": 13, "user_attr": {"test_loss": 0.44483128267820315}}
{"op_code": 6, "worker_id": "cb56bb38-5309-4b1e-99c6-9370f1092cd6-139625584609088", "trial_id": 13, "state": 1, "values": [0.4446480611770845], "datetime_complete": "2024-08-17T20:20:03.296328"}
{"op_code": 4, "worker_id": "cb56bb38-5309-4b1e-99c6-9370f1092cd6-139625584609088", "study_id": 0, "datetime_start": "2024-08-17T20:20:03.304631"}
{"op_code": 5, "worker_id": "cb56bb38-5309-4b1e-99c6-9370f1092cd6-139625584609088", "trial_id": 14, "param_name": "lr", "param_value_internal": 0.0007344264023066013, "distribution": "{\"name\": \"FloatDistribution\", \"attributes\": {\"step\": null, \"low\": 1e-05, \"high\": 0.001, \"log\": true}}"}
{"op_code": 5, "worker_id": "cb56bb38-5309-4b1e-99c6-9370f1092cd6-139625584609088", "trial_id": 14, "param_name": "l2reg", "param_value_internal": 9.167785859319847e-07, "distribution": "{\"name\": \"FloatDistribution\", \"attributes\": {\"step\": null, \"low\": 1e-08, \"high\": 0.001, \"log\": true}}"}
{"op_code": 5, "worker_id": "cb56bb38-5309-4b1e-99c6-9370f1092cd6-139625584609088", "trial_id": 14, "param_name": "random_seed", "param_value_internal": 0, "distribution": "{\"name\": \"CategoricalDistribution\", \"attributes\": {\"choices\": [42]}}"}
{"op_code": 5, "worker_id": "cb56bb38-5309-4b1e-99c6-9370f1092cd6-139625584609088", "trial_id": 14, "param_name": "degree", "param_value_internal": 0, "distribution": "{\"name\": \"CategoricalDistribution\", \"attributes\": {\"choices\": [0]}}"}
{"op_code": 8, "worker_id": "cb56bb38-5309-4b1e-99c6-9370f1092cd6-139625584609088", "trial_id": 14, "user_attr": {"best_epoch": 0}}
{"op_code": 8, "worker_id": "cb56bb38-5309-4b1e-99c6-9370f1092cd6-139625584609088", "trial_id": 14, "user_attr": {"test_loss": 0.44518928546845626}}
{"op_code": 6, "worker_id": "cb56bb38-5309-4b1e-99c6-9370f1092cd6-139625584609088", "trial_id": 14, "state": 1, "values": [0.44507584876979694], "datetime_complete": "2024-08-17T20:38:25.280691"}
{"op_code": 4, "worker_id": "cb56bb38-5309-4b1e-99c6-9370f1092cd6-139625584609088", "study_id": 0, "datetime_start": "2024-08-17T20:38:25.295207"}
{"op_code": 5, "worker_id": "cb56bb38-5309-4b1e-99c6-9370f1092cd6-139625584609088", "trial_id": 15, "param_name": "lr", "param_value_internal": 0.00012275891404132035, "distribution": "{\"name\": \"FloatDistribution\", \"attributes\": {\"step\": null, \"low\": 1e-05, \"high\": 0.001, \"log\": true}}"}
{"op_code": 5, "worker_id": "cb56bb38-5309-4b1e-99c6-9370f1092cd6-139625584609088", "trial_id": 15, "param_name": "l2reg", "param_value_internal": 1.163814228102759e-08, "distribution": "{\"name\": \"FloatDistribution\", \"attributes\": {\"step\": null, \"low\": 1e-08, \"high\": 0.001, \"log\": true}}"}
{"op_code": 5, "worker_id": "cb56bb38-5309-4b1e-99c6-9370f1092cd6-139625584609088", "trial_id": 15, "param_name": "random_seed", "param_value_internal": 0, "distribution": "{\"name\": \"CategoricalDistribution\", \"attributes\": {\"choices\": [42]}}"}
{"op_code": 5, "worker_id": "cb56bb38-5309-4b1e-99c6-9370f1092cd6-139625584609088", "trial_id": 15, "param_name": "degree", "param_value_internal": 0, "distribution": "{\"name\": \"CategoricalDistribution\", \"attributes\": {\"choices\": [0]}}"}
{"op_code": 8, "worker_id": "cb56bb38-5309-4b1e-99c6-9370f1092cd6-139625584609088", "trial_id": 15, "user_attr": {"best_epoch": 1}}
{"op_code": 8, "worker_id": "cb56bb38-5309-4b1e-99c6-9370f1092cd6-139625584609088", "trial_id": 15, "user_attr": {"test_loss": 0.44509498628356126}}
{"op_code": 6, "worker_id": "cb56bb38-5309-4b1e-99c6-9370f1092cd6-139625584609088", "trial_id": 15, "state": 1, "values": [0.4449131531386541], "datetime_complete": "2024-08-17T21:01:03.291453"}
{"op_code": 4, "worker_id": "cb56bb38-5309-4b1e-99c6-9370f1092cd6-139625584609088", "study_id": 0, "datetime_start": "2024-08-17T21:01:03.302612"}
{"op_code": 5, "worker_id": "cb56bb38-5309-4b1e-99c6-9370f1092cd6-139625584609088", "trial_id": 16, "param_name": "lr", "param_value_internal": 0.0002733762389478881, "distribution": "{\"name\": \"FloatDistribution\", \"attributes\": {\"step\": null, \"low\": 1e-05, \"high\": 0.001, \"log\": true}}"}
{"op_code": 5, "worker_id": "cb56bb38-5309-4b1e-99c6-9370f1092cd6-139625584609088", "trial_id": 16, "param_name": "l2reg", "param_value_internal": 4.402674821552163e-05, "distribution": "{\"name\": \"FloatDistribution\", \"attributes\": {\"step\": null, \"low\": 1e-08, \"high\": 0.001, \"log\": true}}"}
{"op_code": 5, "worker_id": "cb56bb38-5309-4b1e-99c6-9370f1092cd6-139625584609088", "trial_id": 16, "param_name": "random_seed", "param_value_internal": 0, "distribution": "{\"name\": \"CategoricalDistribution\", \"attributes\": {\"choices\": [42]}}"}
{"op_code": 5, "worker_id": "cb56bb38-5309-4b1e-99c6-9370f1092cd6-139625584609088", "trial_id": 16, "param_name": "degree", "param_value_internal": 0, "distribution": "{\"name\": \"CategoricalDistribution\", \"attributes\": {\"choices\": [0]}}"}
{"op_code": 8, "worker_id": "cb56bb38-5309-4b1e-99c6-9370f1092cd6-139625584609088", "trial_id": 16, "user_attr": {"best_epoch": 0}}
{"op_code": 8, "worker_id": "cb56bb38-5309-4b1e-99c6-9370f1092cd6-139625584609088", "trial_id": 16, "user_attr": {"test_loss": 0.44534247055559895}}
{"op_code": 6, "worker_id": "cb56bb38-5309-4b1e-99c6-9370f1092cd6-139625584609088", "trial_id": 16, "state": 1, "values": [0.44522092801018276], "datetime_complete": "2024-08-17T21:19:25.105660"}
{"op_code": 4, "worker_id": "cb56bb38-5309-4b1e-99c6-9370f1092cd6-139625584609088", "study_id": 0, "datetime_start": "2024-08-17T21:19:25.114251"}
{"op_code": 5, "worker_id": "cb56bb38-5309-4b1e-99c6-9370f1092cd6-139625584609088", "trial_id": 17, "param_name": "lr", "param_value_internal": 8.407931655574884e-05, "distribution": "{\"name\": \"FloatDistribution\", \"attributes\": {\"step\": null, \"low\": 1e-05, \"high\": 0.001, \"log\": true}}"}
{"op_code": 5, "worker_id": "cb56bb38-5309-4b1e-99c6-9370f1092cd6-139625584609088", "trial_id": 17, "param_name": "l2reg", "param_value_internal": 1.0143276990934137e-05, "distribution": "{\"name\": \"FloatDistribution\", \"attributes\": {\"step\": null, \"low\": 1e-08, \"high\": 0.001, \"log\": true}}"}
{"op_code": 5, "worker_id": "cb56bb38-5309-4b1e-99c6-9370f1092cd6-139625584609088", "trial_id": 17, "param_name": "random_seed", "param_value_internal": 0, "distribution": "{\"name\": \"CategoricalDistribution\", \"attributes\": {\"choices\": [42]}}"}
{"op_code": 5, "worker_id": "cb56bb38-5309-4b1e-99c6-9370f1092cd6-139625584609088", "trial_id": 17, "param_name": "degree", "param_value_internal": 0, "distribution": "{\"name\": \"CategoricalDistribution\", \"attributes\": {\"choices\": [0]}}"}
{"op_code": 8, "worker_id": "cb56bb38-5309-4b1e-99c6-9370f1092cd6-139625584609088", "trial_id": 17, "user_attr": {"best_epoch": 2}}
{"op_code": 8, "worker_id": "cb56bb38-5309-4b1e-99c6-9370f1092cd6-139625584609088", "trial_id": 17, "user_attr": {"test_loss": 0.4453190481386305}}
{"op_code": 6, "worker_id": "cb56bb38-5309-4b1e-99c6-9370f1092cd6-139625584609088", "trial_id": 17, "state": 1, "values": [0.4451675126932128], "datetime_complete": "2024-08-17T21:46:11.184090"}
{"op_code": 4, "worker_id": "cb56bb38-5309-4b1e-99c6-9370f1092cd6-139625584609088", "study_id": 0, "datetime_start": "2024-08-17T21:46:11.193994"}
{"op_code": 5, "worker_id": "cb56bb38-5309-4b1e-99c6-9370f1092cd6-139625584609088", "trial_id": 18, "param_name": "lr", "param_value_internal": 0.0009129978603227824, "distribution": "{\"name\": \"FloatDistribution\", \"attributes\": {\"step\": null, \"low\": 1e-05, \"high\": 0.001, \"log\": true}}"}
{"op_code": 5, "worker_id": "cb56bb38-5309-4b1e-99c6-9370f1092cd6-139625584609088", "trial_id": 18, "param_name": "l2reg", "param_value_internal": 0.00011816826115310131, "distribution": "{\"name\": \"FloatDistribution\", \"attributes\": {\"step\": null, \"low\": 1e-08, \"high\": 0.001, \"log\": true}}"}
{"op_code": 5, "worker_id": "cb56bb38-5309-4b1e-99c6-9370f1092cd6-139625584609088", "trial_id": 18, "param_name": "random_seed", "param_value_internal": 0, "distribution": "{\"name\": \"CategoricalDistribution\", \"attributes\": {\"choices\": [42]}}"}
{"op_code": 5, "worker_id": "cb56bb38-5309-4b1e-99c6-9370f1092cd6-139625584609088", "trial_id": 18, "param_name": "degree", "param_value_internal": 0, "distribution": "{\"name\": \"CategoricalDistribution\", \"attributes\": {\"choices\": [0]}}"}
{"op_code": 8, "worker_id": "cb56bb38-5309-4b1e-99c6-9370f1092cd6-139625584609088", "trial_id": 18, "user_attr": {"best_epoch": 0}}
{"op_code": 8, "worker_id": "cb56bb38-5309-4b1e-99c6-9370f1092cd6-139625584609088", "trial_id": 18, "user_attr": {"test_loss": 0.4453341209573269}}
{"op_code": 6, "worker_id": "cb56bb38-5309-4b1e-99c6-9370f1092cd6-139625584609088", "trial_id": 18, "state": 1, "values": [0.4452036911602261], "datetime_complete": "2024-08-17T22:04:26.294086"}
{"op_code": 4, "worker_id": "cb56bb38-5309-4b1e-99c6-9370f1092cd6-139625584609088", "study_id": 0, "datetime_start": "2024-08-17T22:04:26.303577"}
{"op_code": 5, "worker_id": "cb56bb38-5309-4b1e-99c6-9370f1092cd6-139625584609088", "trial_id": 19, "param_name": "lr", "param_value_internal": 0.00023976227274240743, "distribution": "{\"name\": \"FloatDistribution\", \"attributes\": {\"step\": null, \"low\": 1e-05, \"high\": 0.001, \"log\": true}}"}
{"op_code": 5, "worker_id": "cb56bb38-5309-4b1e-99c6-9370f1092cd6-139625584609088", "trial_id": 19, "param_name": "l2reg", "param_value_internal": 1.943488616247948e-06, "distribution": "{\"name\": \"FloatDistribution\", \"attributes\": {\"step\": null, \"low\": 1e-08, \"high\": 0.001, \"log\": true}}"}
{"op_code": 5, "worker_id": "cb56bb38-5309-4b1e-99c6-9370f1092cd6-139625584609088", "trial_id": 19, "param_name": "random_seed", "param_value_internal": 0, "distribution": "{\"name\": \"CategoricalDistribution\", \"attributes\": {\"choices\": [42]}}"}
{"op_code": 5, "worker_id": "cb56bb38-5309-4b1e-99c6-9370f1092cd6-139625584609088", "trial_id": 19, "param_name": "degree", "param_value_internal": 0, "distribution": "{\"name\": \"CategoricalDistribution\", \"attributes\": {\"choices\": [0]}}"}
{"op_code": 8, "worker_id": "cb56bb38-5309-4b1e-99c6-9370f1092cd6-139625584609088", "trial_id": 19, "user_attr": {"best_epoch": 1}}
{"op_code": 8, "worker_id": "cb56bb38-5309-4b1e-99c6-9370f1092cd6-139625584609088", "trial_id": 19, "user_attr": {"test_loss": 0.44519800406703874}}
{"op_code": 6, "worker_id": "cb56bb38-5309-4b1e-99c6-9370f1092cd6-139625584609088", "trial_id": 19, "state": 1, "values": [0.445022787323348], "datetime_complete": "2024-08-17T22:26:52.228214"}
{"op_code": 4, "worker_id": "cb56bb38-5309-4b1e-99c6-9370f1092cd6-139625584609088", "study_id": 0, "datetime_start": "2024-08-17T22:26:52.237309"}
{"op_code": 5, "worker_id": "cb56bb38-5309-4b1e-99c6-9370f1092cd6-139625584609088", "trial_id": 20, "param_name": "lr", "param_value_internal": 0.0004414973500475081, "distribution": "{\"name\": \"FloatDistribution\", \"attributes\": {\"step\": null, \"low\": 1e-05, \"high\": 0.001, \"log\": true}}"}
{"op_code": 5, "worker_id": "cb56bb38-5309-4b1e-99c6-9370f1092cd6-139625584609088", "trial_id": 20, "param_name": "l2reg", "param_value_internal": 1.3275744888634099e-05, "distribution": "{\"name\": \"FloatDistribution\", \"attributes\": {\"step\": null, \"low\": 1e-08, \"high\": 0.001, \"log\": true}}"}
{"op_code": 5, "worker_id": "cb56bb38-5309-4b1e-99c6-9370f1092cd6-139625584609088", "trial_id": 20, "param_name": "random_seed", "param_value_internal": 0, "distribution": "{\"name\": \"CategoricalDistribution\", \"attributes\": {\"choices\": [42]}}"}
{"op_code": 5, "worker_id": "cb56bb38-5309-4b1e-99c6-9370f1092cd6-139625584609088", "trial_id": 20, "param_name": "degree", "param_value_internal": 0, "distribution": "{\"name\": \"CategoricalDistribution\", \"attributes\": {\"choices\": [0]}}"}
{"op_code": 8, "worker_id": "cb56bb38-5309-4b1e-99c6-9370f1092cd6-139625584609088", "trial_id": 20, "user_attr": {"best_epoch": 0}}
{"op_code": 8, "worker_id": "cb56bb38-5309-4b1e-99c6-9370f1092cd6-139625584609088", "trial_id": 20, "user_attr": {"test_loss": 0.44512281765491407}}
{"op_code": 6, "worker_id": "cb56bb38-5309-4b1e-99c6-9370f1092cd6-139625584609088", "trial_id": 20, "state": 1, "values": [0.4449950690657818], "datetime_complete": "2024-08-17T22:45:06.197233"}
{"op_code": 4, "worker_id": "cb56bb38-5309-4b1e-99c6-9370f1092cd6-139625584609088", "study_id": 0, "datetime_start": "2024-08-17T22:45:06.207148"}
{"op_code": 5, "worker_id": "cb56bb38-5309-4b1e-99c6-9370f1092cd6-139625584609088", "trial_id": 21, "param_name": "lr", "param_value_internal": 4.503529799447425e-05, "distribution": "{\"name\": \"FloatDistribution\", \"attributes\": {\"step\": null, \"low\": 1e-05, \"high\": 0.001, \"log\": true}}"}
{"op_code": 5, "worker_id": "cb56bb38-5309-4b1e-99c6-9370f1092cd6-139625584609088", "trial_id": 21, "param_name": "l2reg", "param_value_internal": 0.0001628790264041172, "distribution": "{\"name\": \"FloatDistribution\", \"attributes\": {\"step\": null, \"low\": 1e-08, \"high\": 0.001, \"log\": true}}"}
{"op_code": 5, "worker_id": "cb56bb38-5309-4b1e-99c6-9370f1092cd6-139625584609088", "trial_id": 21, "param_name": "random_seed", "param_value_internal": 0, "distribution": "{\"name\": \"CategoricalDistribution\", \"attributes\": {\"choices\": [42]}}"}
{"op_code": 5, "worker_id": "cb56bb38-5309-4b1e-99c6-9370f1092cd6-139625584609088", "trial_id": 21, "param_name": "degree", "param_value_internal": 0, "distribution": "{\"name\": \"CategoricalDistribution\", \"attributes\": {\"choices\": [0]}}"}
{"op_code": 8, "worker_id": "cb56bb38-5309-4b1e-99c6-9370f1092cd6-139625584609088", "trial_id": 21, "user_attr": {"best_epoch": 5}}
{"op_code": 8, "worker_id": "cb56bb38-5309-4b1e-99c6-9370f1092cd6-139625584609088", "trial_id": 21, "user_attr": {"test_loss": 0.44589582688677976}}
{"op_code": 6, "worker_id": "cb56bb38-5309-4b1e-99c6-9370f1092cd6-139625584609088", "trial_id": 21, "state": 1, "values": [0.4457004825644914], "datetime_complete": "2024-08-17T23:24:30.124537"}
{"op_code": 4, "worker_id": "cb56bb38-5309-4b1e-99c6-9370f1092cd6-139625584609088", "study_id": 0, "datetime_start": "2024-08-17T23:24:30.136075"}
{"op_code": 5, "worker_id": "cb56bb38-5309-4b1e-99c6-9370f1092cd6-139625584609088", "trial_id": 22, "param_name": "lr", "param_value_internal": 0.0001652523814699286, "distribution": "{\"name\": \"FloatDistribution\", \"attributes\": {\"step\": null, \"low\": 1e-05, \"high\": 0.001, \"log\": true}}"}
{"op_code": 5, "worker_id": "cb56bb38-5309-4b1e-99c6-9370f1092cd6-139625584609088", "trial_id": 22, "param_name": "l2reg", "param_value_internal": 3.923746312241624e-05, "distribution": "{\"name\": \"FloatDistribution\", \"attributes\": {\"step\": null, \"low\": 1e-08, \"high\": 0.001, \"log\": true}}"}
{"op_code": 5, "worker_id": "cb56bb38-5309-4b1e-99c6-9370f1092cd6-139625584609088", "trial_id": 22, "param_name": "random_seed", "param_value_internal": 0, "distribution": "{\"name\": \"CategoricalDistribution\", \"attributes\": {\"choices\": [42]}}"}
{"op_code": 5, "worker_id": "cb56bb38-5309-4b1e-99c6-9370f1092cd6-139625584609088", "trial_id": 22, "param_name": "degree", "param_value_internal": 0, "distribution": "{\"name\": \"CategoricalDistribution\", \"attributes\": {\"choices\": [0]}}"}
{"op_code": 8, "worker_id": "cb56bb38-5309-4b1e-99c6-9370f1092cd6-139625584609088", "trial_id": 22, "user_attr": {"best_epoch": 1}}
{"op_code": 8, "worker_id": "cb56bb38-5309-4b1e-99c6-9370f1092cd6-139625584609088", "trial_id": 22, "user_attr": {"test_loss": 0.4447745314091756}}
{"op_code": 6, "worker_id": "cb56bb38-5309-4b1e-99c6-9370f1092cd6-139625584609088", "trial_id": 22, "state": 1, "values": [0.44459271820803137], "datetime_complete": "2024-08-17T23:47:02.291656"}
{"op_code": 4, "worker_id": "cb56bb38-5309-4b1e-99c6-9370f1092cd6-139625584609088", "study_id": 0, "datetime_start": "2024-08-17T23:47:02.301016"}
{"op_code": 5, "worker_id": "cb56bb38-5309-4b1e-99c6-9370f1092cd6-139625584609088", "trial_id": 23, "param_name": "lr", "param_value_internal": 0.0001086195811943341, "distribution": "{\"name\": \"FloatDistribution\", \"attributes\": {\"step\": null, \"low\": 1e-05, \"high\": 0.001, \"log\": true}}"}
{"op_code": 5, "worker_id": "cb56bb38-5309-4b1e-99c6-9370f1092cd6-139625584609088", "trial_id": 23, "param_name": "l2reg", "param_value_internal": 1.5388934368653876e-05, "distribution": "{\"name\": \"FloatDistribution\", \"attributes\": {\"step\": null, \"low\": 1e-08, \"high\": 0.001, \"log\": true}}"}
{"op_code": 5, "worker_id": "cb56bb38-5309-4b1e-99c6-9370f1092cd6-139625584609088", "trial_id": 23, "param_name": "random_seed", "param_value_internal": 0, "distribution": "{\"name\": \"CategoricalDistribution\", \"attributes\": {\"choices\": [42]}}"}
{"op_code": 5, "worker_id": "cb56bb38-5309-4b1e-99c6-9370f1092cd6-139625584609088", "trial_id": 23, "param_name": "degree", "param_value_internal": 0, "distribution": "{\"name\": \"CategoricalDistribution\", \"attributes\": {\"choices\": [0]}}"}
{"op_code": 8, "worker_id": "cb56bb38-5309-4b1e-99c6-9370f1092cd6-139625584609088", "trial_id": 23, "user_attr": {"best_epoch": 2}}
{"op_code": 8, "worker_id": "cb56bb38-5309-4b1e-99c6-9370f1092cd6-139625584609088", "trial_id": 23, "user_attr": {"test_loss": 0.4453695194875712}}
{"op_code": 6, "worker_id": "cb56bb38-5309-4b1e-99c6-9370f1092cd6-139625584609088", "trial_id": 23, "state": 1, "values": [0.44521095069561933], "datetime_complete": "2024-08-18T00:13:43.312037"}
{"op_code": 4, "worker_id": "cb56bb38-5309-4b1e-99c6-9370f1092cd6-139625584609088", "study_id": 0, "datetime_start": "2024-08-18T00:13:43.324040"}
{"op_code": 5, "worker_id": "cb56bb38-5309-4b1e-99c6-9370f1092cd6-139625584609088", "trial_id": 24, "param_name": "lr", "param_value_internal": 0.00017774534596192573, "distribution": "{\"name\": \"FloatDistribution\", \"attributes\": {\"step\": null, \"low\": 1e-05, \"high\": 0.001, \"log\": true}}"}
{"op_code": 5, "worker_id": "cb56bb38-5309-4b1e-99c6-9370f1092cd6-139625584609088", "trial_id": 24, "param_name": "l2reg", "param_value_internal": 7.296175811573665e-05, "distribution": "{\"name\": \"FloatDistribution\", \"attributes\": {\"step\": null, \"low\": 1e-08, \"high\": 0.001, \"log\": true}}"}
{"op_code": 5, "worker_id": "cb56bb38-5309-4b1e-99c6-9370f1092cd6-139625584609088", "trial_id": 24, "param_name": "random_seed", "param_value_internal": 0, "distribution": "{\"name\": \"CategoricalDistribution\", \"attributes\": {\"choices\": [42]}}"}
{"op_code": 5, "worker_id": "cb56bb38-5309-4b1e-99c6-9370f1092cd6-139625584609088", "trial_id": 24, "param_name": "degree", "param_value_internal": 0, "distribution": "{\"name\": \"CategoricalDistribution\", \"attributes\": {\"choices\": [0]}}"}
{"op_code": 8, "worker_id": "cb56bb38-5309-4b1e-99c6-9370f1092cd6-139625584609088", "trial_id": 24, "user_attr": {"best_epoch": 1}}
{"op_code": 8, "worker_id": "cb56bb38-5309-4b1e-99c6-9370f1092cd6-139625584609088", "trial_id": 24, "user_attr": {"test_loss": 0.444792603914491}}
{"op_code": 6, "worker_id": "cb56bb38-5309-4b1e-99c6-9370f1092cd6-139625584609088", "trial_id": 24, "state": 1, "values": [0.4446124537277827], "datetime_complete": "2024-08-18T00:36:07.306327"}
{"op_code": 4, "worker_id": "cb56bb38-5309-4b1e-99c6-9370f1092cd6-139625584609088", "study_id": 0, "datetime_start": "2024-08-18T00:36:07.315276"}
{"op_code": 5, "worker_id": "cb56bb38-5309-4b1e-99c6-9370f1092cd6-139625584609088", "trial_id": 25, "param_name": "lr", "param_value_internal": 0.00045178033224684444, "distribution": "{\"name\": \"FloatDistribution\", \"attributes\": {\"step\": null, \"low\": 1e-05, \"high\": 0.001, \"log\": true}}"}
{"op_code": 5, "worker_id": "cb56bb38-5309-4b1e-99c6-9370f1092cd6-139625584609088", "trial_id": 25, "param_name": "l2reg", "param_value_internal": 0.0002695018755409897, "distribution": "{\"name\": \"FloatDistribution\", \"attributes\": {\"step\": null, \"low\": 1e-08, \"high\": 0.001, \"log\": true}}"}
{"op_code": 5, "worker_id": "cb56bb38-5309-4b1e-99c6-9370f1092cd6-139625584609088", "trial_id": 25, "param_name": "random_seed", "param_value_internal": 0, "distribution": "{\"name\": \"CategoricalDistribution\", \"attributes\": {\"choices\": [42]}}"}
{"op_code": 5, "worker_id": "cb56bb38-5309-4b1e-99c6-9370f1092cd6-139625584609088", "trial_id": 25, "param_name": "degree", "param_value_internal": 0, "distribution": "{\"name\": \"CategoricalDistribution\", \"attributes\": {\"choices\": [0]}}"}
{"op_code": 8, "worker_id": "cb56bb38-5309-4b1e-99c6-9370f1092cd6-139625584609088", "trial_id": 25, "user_attr": {"best_epoch": 0}}
{"op_code": 8, "worker_id": "cb56bb38-5309-4b1e-99c6-9370f1092cd6-139625584609088", "trial_id": 25, "user_attr": {"test_loss": 0.44511372082071876}}
{"op_code": 6, "worker_id": "cb56bb38-5309-4b1e-99c6-9370f1092cd6-139625584609088", "trial_id": 25, "state": 1, "values": [0.44498809116432086], "datetime_complete": "2024-08-18T00:54:27.290568"}
{"op_code": 4, "worker_id": "cb56bb38-5309-4b1e-99c6-9370f1092cd6-139625584609088", "study_id": 0, "datetime_start": "2024-08-18T00:54:27.298884"}
{"op_code": 5, "worker_id": "cb56bb38-5309-4b1e-99c6-9370f1092cd6-139625584609088", "trial_id": 26, "param_name": "lr", "param_value_internal": 0.00019964160124183659, "distribution": "{\"name\": \"FloatDistribution\", \"attributes\": {\"step\": null, \"low\": 1e-05, \"high\": 0.001, \"log\": true}}"}
{"op_code": 5, "worker_id": "cb56bb38-5309-4b1e-99c6-9370f1092cd6-139625584609088", "trial_id": 26, "param_name": "l2reg", "param_value_internal": 8.796360074749052e-05, "distribution": "{\"name\": \"FloatDistribution\", \"attributes\": {\"step\": null, \"low\": 1e-08, \"high\": 0.001, \"log\": true}}"}
{"op_code": 5, "worker_id": "cb56bb38-5309-4b1e-99c6-9370f1092cd6-139625584609088", "trial_id": 26, "param_name": "random_seed", "param_value_internal": 0, "distribution": "{\"name\": \"CategoricalDistribution\", \"attributes\": {\"choices\": [42]}}"}
{"op_code": 5, "worker_id": "cb56bb38-5309-4b1e-99c6-9370f1092cd6-139625584609088", "trial_id": 26, "param_name": "degree", "param_value_internal": 0, "distribution": "{\"name\": \"CategoricalDistribution\", \"attributes\": {\"choices\": [0]}}"}
{"op_code": 8, "worker_id": "cb56bb38-5309-4b1e-99c6-9370f1092cd6-139625584609088", "trial_id": 26, "user_attr": {"best_epoch": 1}}
{"op_code": 8, "worker_id": "cb56bb38-5309-4b1e-99c6-9370f1092cd6-139625584609088", "trial_id": 26, "user_attr": {"test_loss": 0.4448937460825245}}
{"op_code": 6, "worker_id": "cb56bb38-5309-4b1e-99c6-9370f1092cd6-139625584609088", "trial_id": 26, "state": 1, "values": [0.4447153660834829], "datetime_complete": "2024-08-18T01:17:01.258849"}
{"op_code": 4, "worker_id": "cb56bb38-5309-4b1e-99c6-9370f1092cd6-139625584609088", "study_id": 0, "datetime_start": "2024-08-18T01:17:01.273177"}
{"op_code": 5, "worker_id": "cb56bb38-5309-4b1e-99c6-9370f1092cd6-139625584609088", "trial_id": 27, "param_name": "lr", "param_value_internal": 0.0003078897763413602, "distribution": "{\"name\": \"FloatDistribution\", \"attributes\": {\"step\": null, \"low\": 1e-05, \"high\": 0.001, \"log\": true}}"}
{"op_code": 5, "worker_id": "cb56bb38-5309-4b1e-99c6-9370f1092cd6-139625584609088", "trial_id": 27, "param_name": "l2reg", "param_value_internal": 4.054645302648109e-06, "distribution": "{\"name\": \"FloatDistribution\", \"attributes\": {\"step\": null, \"low\": 1e-08, \"high\": 0.001, \"log\": true}}"}
{"op_code": 5, "worker_id": "cb56bb38-5309-4b1e-99c6-9370f1092cd6-139625584609088", "trial_id": 27, "param_name": "random_seed", "param_value_internal": 0, "distribution": "{\"name\": \"CategoricalDistribution\", \"attributes\": {\"choices\": [42]}}"}
{"op_code": 5, "worker_id": "cb56bb38-5309-4b1e-99c6-9370f1092cd6-139625584609088", "trial_id": 27, "param_name": "degree", "param_value_internal": 0, "distribution": "{\"name\": \"CategoricalDistribution\", \"attributes\": {\"choices\": [0]}}"}
{"op_code": 8, "worker_id": "cb56bb38-5309-4b1e-99c6-9370f1092cd6-139625584609088", "trial_id": 27, "user_attr": {"best_epoch": 0}}
{"op_code": 8, "worker_id": "cb56bb38-5309-4b1e-99c6-9370f1092cd6-139625584609088", "trial_id": 27, "user_attr": {"test_loss": 0.44523192684796203}}
{"op_code": 6, "worker_id": "cb56bb38-5309-4b1e-99c6-9370f1092cd6-139625584609088", "trial_id": 27, "state": 1, "values": [0.4451061696589256], "datetime_complete": "2024-08-18T01:35:19.293988"}
{"op_code": 4, "worker_id": "cb56bb38-5309-4b1e-99c6-9370f1092cd6-139625584609088", "study_id": 0, "datetime_start": "2024-08-18T01:35:19.304176"}
{"op_code": 5, "worker_id": "cb56bb38-5309-4b1e-99c6-9370f1092cd6-139625584609088", "trial_id": 28, "param_name": "lr", "param_value_internal": 9.866674183934358e-05, "distribution": "{\"name\": \"FloatDistribution\", \"attributes\": {\"step\": null, \"low\": 1e-05, \"high\": 0.001, \"log\": true}}"}
{"op_code": 5, "worker_id": "cb56bb38-5309-4b1e-99c6-9370f1092cd6-139625584609088", "trial_id": 28, "param_name": "l2reg", "param_value_internal": 2.249272430211658e-05, "distribution": "{\"name\": \"FloatDistribution\", \"attributes\": {\"step\": null, \"low\": 1e-08, \"high\": 0.001, \"log\": true}}"}
{"op_code": 5, "worker_id": "cb56bb38-5309-4b1e-99c6-9370f1092cd6-139625584609088", "trial_id": 28, "param_name": "random_seed", "param_value_internal": 0, "distribution": "{\"name\": \"CategoricalDistribution\", \"attributes\": {\"choices\": [42]}}"}
{"op_code": 5, "worker_id": "cb56bb38-5309-4b1e-99c6-9370f1092cd6-139625584609088", "trial_id": 28, "param_name": "degree", "param_value_internal": 0, "distribution": "{\"name\": \"CategoricalDistribution\", \"attributes\": {\"choices\": [0]}}"}
{"op_code": 8, "worker_id": "cb56bb38-5309-4b1e-99c6-9370f1092cd6-139625584609088", "trial_id": 28, "user_attr": {"best_epoch": 2}}
{"op_code": 8, "worker_id": "cb56bb38-5309-4b1e-99c6-9370f1092cd6-139625584609088", "trial_id": 28, "user_attr": {"test_loss": 0.44527130621746885}}
{"op_code": 6, "worker_id": "cb56bb38-5309-4b1e-99c6-9370f1092cd6-139625584609088", "trial_id": 28, "state": 1, "values": [0.4451149335441009], "datetime_complete": "2024-08-18T02:02:03.288557"}
{"op_code": 4, "worker_id": "cb56bb38-5309-4b1e-99c6-9370f1092cd6-139625584609088", "study_id": 0, "datetime_start": "2024-08-18T02:02:03.297535"}
{"op_code": 5, "worker_id": "cb56bb38-5309-4b1e-99c6-9370f1092cd6-139625584609088", "trial_id": 29, "param_name": "lr", "param_value_internal": 0.0003590419494190178, "distribution": "{\"name\": \"FloatDistribution\", \"attributes\": {\"step\": null, \"low\": 1e-05, \"high\": 0.001, \"log\": true}}"}
{"op_code": 5, "worker_id": "cb56bb38-5309-4b1e-99c6-9370f1092cd6-139625584609088", "trial_id": 29, "param_name": "l2reg", "param_value_internal": 1.119840066260619e-06, "distribution": "{\"name\": \"FloatDistribution\", \"attributes\": {\"step\": null, \"low\": 1e-08, \"high\": 0.001, \"log\": true}}"}
{"op_code": 5, "worker_id": "cb56bb38-5309-4b1e-99c6-9370f1092cd6-139625584609088", "trial_id": 29, "param_name": "random_seed", "param_value_internal": 0, "distribution": "{\"name\": \"CategoricalDistribution\", \"attributes\": {\"choices\": [42]}}"}
{"op_code": 5, "worker_id": "cb56bb38-5309-4b1e-99c6-9370f1092cd6-139625584609088", "trial_id": 29, "param_name": "degree", "param_value_internal": 0, "distribution": "{\"name\": \"CategoricalDistribution\", \"attributes\": {\"choices\": [0]}}"}
{"op_code": 8, "worker_id": "cb56bb38-5309-4b1e-99c6-9370f1092cd6-139625584609088", "trial_id": 29, "user_attr": {"best_epoch": 0}}
{"op_code": 8, "worker_id": "cb56bb38-5309-4b1e-99c6-9370f1092cd6-139625584609088", "trial_id": 29, "user_attr": {"test_loss": 0.4451638868072395}}
{"op_code": 6, "worker_id": "cb56bb38-5309-4b1e-99c6-9370f1092cd6-139625584609088", "trial_id": 29, "state": 1, "values": [0.44503108068739133], "datetime_complete": "2024-08-18T02:20:25.334079"}
{"op_code": 4, "worker_id": "cb56bb38-5309-4b1e-99c6-9370f1092cd6-139625584609088", "study_id": 0, "datetime_start": "2024-08-18T02:20:25.353271"}
{"op_code": 5, "worker_id": "cb56bb38-5309-4b1e-99c6-9370f1092cd6-139625584609088", "trial_id": 30, "param_name": "lr", "param_value_internal": 7.127310848262888e-05, "distribution": "{\"name\": \"FloatDistribution\", \"attributes\": {\"step\": null, \"low\": 1e-05, \"high\": 0.001, \"log\": true}}"}
{"op_code": 5, "worker_id": "cb56bb38-5309-4b1e-99c6-9370f1092cd6-139625584609088", "trial_id": 30, "param_name": "l2reg", "param_value_internal": 0.0009656889028969657, "distribution": "{\"name\": \"FloatDistribution\", \"attributes\": {\"step\": null, \"low\": 1e-08, \"high\": 0.001, \"log\": true}}"}
{"op_code": 5, "worker_id": "cb56bb38-5309-4b1e-99c6-9370f1092cd6-139625584609088", "trial_id": 30, "param_name": "random_seed", "param_value_internal": 0, "distribution": "{\"name\": \"CategoricalDistribution\", \"attributes\": {\"choices\": [42]}}"}
{"op_code": 5, "worker_id": "cb56bb38-5309-4b1e-99c6-9370f1092cd6-139625584609088", "trial_id": 30, "param_name": "degree", "param_value_internal": 0, "distribution": "{\"name\": \"CategoricalDistribution\", \"attributes\": {\"choices\": [0]}}"}
{"op_code": 8, "worker_id": "cb56bb38-5309-4b1e-99c6-9370f1092cd6-139625584609088", "trial_id": 30, "user_attr": {"best_epoch": 3}}
{"op_code": 8, "worker_id": "cb56bb38-5309-4b1e-99c6-9370f1092cd6-139625584609088", "trial_id": 30, "user_attr": {"test_loss": 0.44546423249592737}}
{"op_code": 6, "worker_id": "cb56bb38-5309-4b1e-99c6-9370f1092cd6-139625584609088", "trial_id": 30, "state": 1, "values": [0.4452739140681693], "datetime_complete": "2024-08-18T02:51:23.315992"}
{"op_code": 4, "worker_id": "cb56bb38-5309-4b1e-99c6-9370f1092cd6-139625584609088", "study_id": 0, "datetime_start": "2024-08-18T02:51:23.324348"}
{"op_code": 5, "worker_id": "cb56bb38-5309-4b1e-99c6-9370f1092cd6-139625584609088", "trial_id": 31, "param_name": "lr", "param_value_internal": 5.5056133685768465e-05, "distribution": "{\"name\": \"FloatDistribution\", \"attributes\": {\"step\": null, \"low\": 1e-05, \"high\": 0.001, \"log\": true}}"}
{"op_code": 5, "worker_id": "cb56bb38-5309-4b1e-99c6-9370f1092cd6-139625584609088", "trial_id": 31, "param_name": "l2reg", "param_value_internal": 0.0003666127144898681, "distribution": "{\"name\": \"FloatDistribution\", \"attributes\": {\"step\": null, \"low\": 1e-08, \"high\": 0.001, \"log\": true}}"}
{"op_code": 5, "worker_id": "cb56bb38-5309-4b1e-99c6-9370f1092cd6-139625584609088", "trial_id": 31, "param_name": "random_seed", "param_value_internal": 0, "distribution": "{\"name\": \"CategoricalDistribution\", \"attributes\": {\"choices\": [42]}}"}
{"op_code": 5, "worker_id": "cb56bb38-5309-4b1e-99c6-9370f1092cd6-139625584609088", "trial_id": 31, "param_name": "degree", "param_value_internal": 0, "distribution": "{\"name\": \"CategoricalDistribution\", \"attributes\": {\"choices\": [0]}}"}
{"op_code": 8, "worker_id": "cb56bb38-5309-4b1e-99c6-9370f1092cd6-139625584609088", "trial_id": 31, "user_attr": {"best_epoch": 3}}
{"op_code": 8, "worker_id": "cb56bb38-5309-4b1e-99c6-9370f1092cd6-139625584609088", "trial_id": 31, "user_attr": {"test_loss": 0.4457362314437079}}
{"op_code": 6, "worker_id": "cb56bb38-5309-4b1e-99c6-9370f1092cd6-139625584609088", "trial_id": 31, "state": 1, "values": [0.4455586214508456], "datetime_complete": "2024-08-18T03:22:15.128536"}
{"op_code": 4, "worker_id": "cb56bb38-5309-4b1e-99c6-9370f1092cd6-139625584609088", "study_id": 0, "datetime_start": "2024-08-18T03:22:15.140578"}
{"op_code": 5, "worker_id": "cb56bb38-5309-4b1e-99c6-9370f1092cd6-139625584609088", "trial_id": 32, "param_name": "lr", "param_value_internal": 0.00015239385772757193, "distribution": "{\"name\": \"FloatDistribution\", \"attributes\": {\"step\": null, \"low\": 1e-05, \"high\": 0.001, \"log\": true}}"}
{"op_code": 5, "worker_id": "cb56bb38-5309-4b1e-99c6-9370f1092cd6-139625584609088", "trial_id": 32, "param_name": "l2reg", "param_value_internal": 8.908989409205168e-05, "distribution": "{\"name\": \"FloatDistribution\", \"attributes\": {\"step\": null, \"low\": 1e-08, \"high\": 0.001, \"log\": true}}"}
{"op_code": 5, "worker_id": "cb56bb38-5309-4b1e-99c6-9370f1092cd6-139625584609088", "trial_id": 32, "param_name": "random_seed", "param_value_internal": 0, "distribution": "{\"name\": \"CategoricalDistribution\", \"attributes\": {\"choices\": [42]}}"}
{"op_code": 5, "worker_id": "cb56bb38-5309-4b1e-99c6-9370f1092cd6-139625584609088", "trial_id": 32, "param_name": "degree", "param_value_internal": 0, "distribution": "{\"name\": \"CategoricalDistribution\", \"attributes\": {\"choices\": [0]}}"}
{"op_code": 8, "worker_id": "cb56bb38-5309-4b1e-99c6-9370f1092cd6-139625584609088", "trial_id": 32, "user_attr": {"best_epoch": 1}}
{"op_code": 8, "worker_id": "cb56bb38-5309-4b1e-99c6-9370f1092cd6-139625584609088", "trial_id": 32, "user_attr": {"test_loss": 0.44479859404930605}}
{"op_code": 6, "worker_id": "cb56bb38-5309-4b1e-99c6-9370f1092cd6-139625584609088", "trial_id": 32, "state": 1, "values": [0.4446154763611659], "datetime_complete": "2024-08-18T03:44:47.309953"}
{"op_code": 4, "worker_id": "cb56bb38-5309-4b1e-99c6-9370f1092cd6-139625584609088", "study_id": 0, "datetime_start": "2024-08-18T03:44:47.318348"}
{"op_code": 5, "worker_id": "cb56bb38-5309-4b1e-99c6-9370f1092cd6-139625584609088", "trial_id": 33, "param_name": "lr", "param_value_internal": 0.00018986168753566018, "distribution": "{\"name\": \"FloatDistribution\", \"attributes\": {\"step\": null, \"low\": 1e-05, \"high\": 0.001, \"log\": true}}"}
{"op_code": 5, "worker_id": "cb56bb38-5309-4b1e-99c6-9370f1092cd6-139625584609088", "trial_id": 33, "param_name": "l2reg", "param_value_internal": 6.336378507541797e-06, "distribution": "{\"name\": \"FloatDistribution\", \"attributes\": {\"step\": null, \"low\": 1e-08, \"high\": 0.001, \"log\": true}}"}
{"op_code": 5, "worker_id": "cb56bb38-5309-4b1e-99c6-9370f1092cd6-139625584609088", "trial_id": 33, "param_name": "random_seed", "param_value_internal": 0, "distribution": "{\"name\": \"CategoricalDistribution\", \"attributes\": {\"choices\": [42]}}"}
{"op_code": 5, "worker_id": "cb56bb38-5309-4b1e-99c6-9370f1092cd6-139625584609088", "trial_id": 33, "param_name": "degree", "param_value_internal": 0, "distribution": "{\"name\": \"CategoricalDistribution\", \"attributes\": {\"choices\": [0]}}"}
{"op_code": 0, "worker_id": "e5991dd4-5da2-4d9b-be9c-86c830fc9994-140409204926272", "study_name": "criteo_splines_0", "directions": [1]}
{"op_code": 8, "worker_id": "cb56bb38-5309-4b1e-99c6-9370f1092cd6-139625584609088", "trial_id": 33, "user_attr": {"best_epoch": 1}}
{"op_code": 8, "worker_id": "cb56bb38-5309-4b1e-99c6-9370f1092cd6-139625584609088", "trial_id": 33, "user_attr": {"test_loss": 0.44484006229039047}}
{"op_code": 6, "worker_id": "cb56bb38-5309-4b1e-99c6-9370f1092cd6-139625584609088", "trial_id": 33, "state": 1, "values": [0.44466056289458944], "datetime_complete": "2024-08-18T04:07:11.277122"}
{"op_code": 4, "worker_id": "cb56bb38-5309-4b1e-99c6-9370f1092cd6-139625584609088", "study_id": 0, "datetime_start": "2024-08-18T04:07:11.287116"}
{"op_code": 5, "worker_id": "cb56bb38-5309-4b1e-99c6-9370f1092cd6-139625584609088", "trial_id": 34, "param_name": "lr", "param_value_internal": 0.00014425540650734185, "distribution": "{\"name\": \"FloatDistribution\", \"attributes\": {\"step\": null, \"low\": 1e-05, \"high\": 0.001, \"log\": true}}"}
{"op_code": 5, "worker_id": "cb56bb38-5309-4b1e-99c6-9370f1092cd6-139625584609088", "trial_id": 34, "param_name": "l2reg", "param_value_internal": 2.8121173497674642e-05, "distribution": "{\"name\": \"FloatDistribution\", \"attributes\": {\"step\": null, \"low\": 1e-08, \"high\": 0.001, \"log\": true}}"}
{"op_code": 5, "worker_id": "cb56bb38-5309-4b1e-99c6-9370f1092cd6-139625584609088", "trial_id": 34, "param_name": "random_seed", "param_value_internal": 0, "distribution": "{\"name\": \"CategoricalDistribution\", \"attributes\": {\"choices\": [42]}}"}
{"op_code": 5, "worker_id": "cb56bb38-5309-4b1e-99c6-9370f1092cd6-139625584609088", "trial_id": 34, "param_name": "degree", "param_value_internal": 0, "distribution": "{\"name\": \"CategoricalDistribution\", \"attributes\": {\"choices\": [0]}}"}
{"op_code": 8, "worker_id": "cb56bb38-5309-4b1e-99c6-9370f1092cd6-139625584609088", "trial_id": 34, "user_attr": {"best_epoch": 1}}
{"op_code": 8, "worker_id": "cb56bb38-5309-4b1e-99c6-9370f1092cd6-139625584609088", "trial_id": 34, "user_attr": {"test_loss": 0.44484140688258983}}
{"op_code": 6, "worker_id": "cb56bb38-5309-4b1e-99c6-9370f1092cd6-139625584609088", "trial_id": 34, "state": 1, "values": [0.4446581871196707], "datetime_complete": "2024-08-18T04:29:20.227259"}
{"op_code": 4, "worker_id": "cb56bb38-5309-4b1e-99c6-9370f1092cd6-139625584609088", "study_id": 0, "datetime_start": "2024-08-18T04:29:20.236030"}
{"op_code": 5, "worker_id": "cb56bb38-5309-4b1e-99c6-9370f1092cd6-139625584609088", "trial_id": 35, "param_name": "lr", "param_value_internal": 0.0002201503686164214, "distribution": "{\"name\": \"FloatDistribution\", \"attributes\": {\"step\": null, \"low\": 1e-05, \"high\": 0.001, \"log\": true}}"}
{"op_code": 5, "worker_id": "cb56bb38-5309-4b1e-99c6-9370f1092cd6-139625584609088", "trial_id": 35, "param_name": "l2reg", "param_value_internal": 6.755401160922156e-05, "distribution": "{\"name\": \"FloatDistribution\", \"attributes\": {\"step\": null, \"low\": 1e-08, \"high\": 0.001, \"log\": true}}"}
{"op_code": 5, "worker_id": "cb56bb38-5309-4b1e-99c6-9370f1092cd6-139625584609088", "trial_id": 35, "param_name": "random_seed", "param_value_internal": 0, "distribution": "{\"name\": \"CategoricalDistribution\", \"attributes\": {\"choices\": [42]}}"}
{"op_code": 5, "worker_id": "cb56bb38-5309-4b1e-99c6-9370f1092cd6-139625584609088", "trial_id": 35, "param_name": "degree", "param_value_internal": 0, "distribution": "{\"name\": \"CategoricalDistribution\", \"attributes\": {\"choices\": [0]}}"}
{"op_code": 8, "worker_id": "cb56bb38-5309-4b1e-99c6-9370f1092cd6-139625584609088", "trial_id": 35, "user_attr": {"best_epoch": 1}}
{"op_code": 8, "worker_id": "cb56bb38-5309-4b1e-99c6-9370f1092cd6-139625584609088", "trial_id": 35, "user_attr": {"test_loss": 0.4450376291328617}}
{"op_code": 6, "worker_id": "cb56bb38-5309-4b1e-99c6-9370f1092cd6-139625584609088", "trial_id": 35, "state": 1, "values": [0.444861110359961], "datetime_complete": "2024-08-18T04:51:29.145497"}
{"op_code": 4, "worker_id": "cb56bb38-5309-4b1e-99c6-9370f1092cd6-139625584609088", "study_id": 0, "datetime_start": "2024-08-18T04:51:29.153974"}
{"op_code": 5, "worker_id": "cb56bb38-5309-4b1e-99c6-9370f1092cd6-139625584609088", "trial_id": 36, "param_name": "lr", "param_value_internal": 0.00011550464711868283, "distribution": "{\"name\": \"FloatDistribution\", \"attributes\": {\"step\": null, \"low\": 1e-05, \"high\": 0.001, \"log\": true}}"}
{"op_code": 5, "worker_id": "cb56bb38-5309-4b1e-99c6-9370f1092cd6-139625584609088", "trial_id": 36, "param_name": "l2reg", "param_value_internal": 0.0003704899191073429, "distribution": "{\"name\": \"FloatDistribution\", \"attributes\": {\"step\": null, \"low\": 1e-08, \"high\": 0.001, \"log\": true}}"}
{"op_code": 5, "worker_id": "cb56bb38-5309-4b1e-99c6-9370f1092cd6-139625584609088", "trial_id": 36, "param_name": "random_seed", "param_value_internal": 0, "distribution": "{\"name\": \"CategoricalDistribution\", \"attributes\": {\"choices\": [42]}}"}
{"op_code": 5, "worker_id": "cb56bb38-5309-4b1e-99c6-9370f1092cd6-139625584609088", "trial_id": 36, "param_name": "degree", "param_value_internal": 0, "distribution": "{\"name\": \"CategoricalDistribution\", \"attributes\": {\"choices\": [0]}}"}
{"op_code": 0, "worker_id": "74988de6-ca5a-4c57-bef4-e11e9c14c90a-140708276602688", "study_name": "criteo_splines_0", "directions": [1]}
{"op_code": 8, "worker_id": "cb56bb38-5309-4b1e-99c6-9370f1092cd6-139625584609088", "trial_id": 36, "user_attr": {"best_epoch": 1}}
{"op_code": 8, "worker_id": "cb56bb38-5309-4b1e-99c6-9370f1092cd6-139625584609088", "trial_id": 36, "user_attr": {"test_loss": 0.44523822084031256}}
{"op_code": 6, "worker_id": "cb56bb38-5309-4b1e-99c6-9370f1092cd6-139625584609088", "trial_id": 36, "state": 1, "values": [0.445058275855641], "datetime_complete": "2024-08-18T05:13:41.108879"}
{"op_code": 4, "worker_id": "cb56bb38-5309-4b1e-99c6-9370f1092cd6-139625584609088", "study_id": 0, "datetime_start": "2024-08-18T05:13:41.118197"}
{"op_code": 5, "worker_id": "cb56bb38-5309-4b1e-99c6-9370f1092cd6-139625584609088", "trial_id": 37, "param_name": "lr", "param_value_internal": 0.0003342410427923888, "distribution": "{\"name\": \"FloatDistribution\", \"attributes\": {\"step\": null, \"low\": 1e-05, \"high\": 0.001, \"log\": true}}"}
{"op_code": 5, "worker_id": "cb56bb38-5309-4b1e-99c6-9370f1092cd6-139625584609088", "trial_id": 37, "param_name": "l2reg", "param_value_internal": 2.3930226732558397e-05, "distribution": "{\"name\": \"FloatDistribution\", \"attributes\": {\"step\": null, \"low\": 1e-08, \"high\": 0.001, \"log\": true}}"}
{"op_code": 5, "worker_id": "cb56bb38-5309-4b1e-99c6-9370f1092cd6-139625584609088", "trial_id": 37, "param_name": "random_seed", "param_value_internal": 0, "distribution": "{\"name\": \"CategoricalDistribution\", \"attributes\": {\"choices\": [42]}}"}
{"op_code": 5, "worker_id": "cb56bb38-5309-4b1e-99c6-9370f1092cd6-139625584609088", "trial_id": 37, "param_name": "degree", "param_value_internal": 0, "distribution": "{\"name\": \"CategoricalDistribution\", \"attributes\": {\"choices\": [0]}}"}
{"op_code": 0, "worker_id": "63d4265e-5df2-4e96-9be5-89dc30a8e146-140533453170496", "study_name": "criteo_splines_0", "directions": [1]}
{"op_code": 0, "worker_id": "b72a0ce0-4d5c-47c9-9bee-3e9b19e5e5f3-140306833721152", "study_name": "criteo_splines_0", "directions": [1]}
{"op_code": 8, "worker_id": "cb56bb38-5309-4b1e-99c6-9370f1092cd6-139625584609088", "trial_id": 37, "user_attr": {"best_epoch": 0}}
{"op_code": 8, "worker_id": "cb56bb38-5309-4b1e-99c6-9370f1092cd6-139625584609088", "trial_id": 37, "user_attr": {"test_loss": 0.4451881489538425}}
{"op_code": 6, "worker_id": "cb56bb38-5309-4b1e-99c6-9370f1092cd6-139625584609088", "trial_id": 37, "state": 1, "values": [0.4450576534546573], "datetime_complete": "2024-08-18T05:31:57.182067"}
{"op_code": 4, "worker_id": "cb56bb38-5309-4b1e-99c6-9370f1092cd6-139625584609088", "study_id": 0, "datetime_start": "2024-08-18T05:31:57.190820"}
{"op_code": 5, "worker_id": "cb56bb38-5309-4b1e-99c6-9370f1092cd6-139625584609088", "trial_id": 38, "param_name": "lr", "param_value_internal": 0.0005902522588434287, "distribution": "{\"name\": \"FloatDistribution\", \"attributes\": {\"step\": null, \"low\": 1e-05, \"high\": 0.001, \"log\": true}}"}
{"op_code": 5, "worker_id": "cb56bb38-5309-4b1e-99c6-9370f1092cd6-139625584609088", "trial_id": 38, "param_name": "l2reg", "param_value_internal": 7.285383427206529e-06, "distribution": "{\"name\": \"FloatDistribution\", \"attributes\": {\"step\": null, \"low\": 1e-08, \"high\": 0.001, \"log\": true}}"}
{"op_code": 5, "worker_id": "cb56bb38-5309-4b1e-99c6-9370f1092cd6-139625584609088", "trial_id": 38, "param_name": "random_seed", "param_value_internal": 0, "distribution": "{\"name\": \"CategoricalDistribution\", \"attributes\": {\"choices\": [42]}}"}
{"op_code": 5, "worker_id": "cb56bb38-5309-4b1e-99c6-9370f1092cd6-139625584609088", "trial_id": 38, "param_name": "degree", "param_value_internal": 0, "distribution": "{\"name\": \"CategoricalDistribution\", \"attributes\": {\"choices\": [0]}}"}
{"op_code": 8, "worker_id": "cb56bb38-5309-4b1e-99c6-9370f1092cd6-139625584609088", "trial_id": 38, "user_attr": {"best_epoch": 0}}
{"op_code": 8, "worker_id": "cb56bb38-5309-4b1e-99c6-9370f1092cd6-139625584609088", "trial_id": 38, "user_attr": {"test_loss": 0.4451124733881476}}
{"op_code": 6, "worker_id": "cb56bb38-5309-4b1e-99c6-9370f1092cd6-139625584609088", "trial_id": 38, "state": 1, "values": [0.4450041049930619], "datetime_complete": "2024-08-18T05:50:14.095053"}
{"op_code": 4, "worker_id": "cb56bb38-5309-4b1e-99c6-9370f1092cd6-139625584609088", "study_id": 0, "datetime_start": "2024-08-18T05:50:14.103676"}
{"op_code": 5, "worker_id": "cb56bb38-5309-4b1e-99c6-9370f1092cd6-139625584609088", "trial_id": 39, "param_name": "lr", "param_value_internal": 0.00016217237084977952, "distribution": "{\"name\": \"FloatDistribution\", \"attributes\": {\"step\": null, \"low\": 1e-05, \"high\": 0.001, \"log\": true}}"}
{"op_code": 5, "worker_id": "cb56bb38-5309-4b1e-99c6-9370f1092cd6-139625584609088", "trial_id": 39, "param_name": "l2reg", "param_value_internal": 0.00015148306156180868, "distribution": "{\"name\": \"FloatDistribution\", \"attributes\": {\"step\": null, \"low\": 1e-08, \"high\": 0.001, \"log\": true}}"}
{"op_code": 5, "worker_id": "cb56bb38-5309-4b1e-99c6-9370f1092cd6-139625584609088", "trial_id": 39, "param_name": "random_seed", "param_value_internal": 0, "distribution": "{\"name\": \"CategoricalDistribution\", \"attributes\": {\"choices\": [42]}}"}
{"op_code": 5, "worker_id": "cb56bb38-5309-4b1e-99c6-9370f1092cd6-139625584609088", "trial_id": 39, "param_name": "degree", "param_value_internal": 0, "distribution": "{\"name\": \"CategoricalDistribution\", \"attributes\": {\"choices\": [0]}}"}
{"op_code": 0, "worker_id": "4cab9481-0296-437a-a2e1-554a557a1d7f-140587891914560", "study_name": "criteo_splines_0", "directions": [1]}
{"op_code": 8, "worker_id": "cb56bb38-5309-4b1e-99c6-9370f1092cd6-139625584609088", "trial_id": 39, "user_attr": {"best_epoch": 1}}
{"op_code": 8, "worker_id": "cb56bb38-5309-4b1e-99c6-9370f1092cd6-139625584609088", "trial_id": 39, "user_attr": {"test_loss": 0.44477594153263245}}
{"op_code": 6, "worker_id": "cb56bb38-5309-4b1e-99c6-9370f1092cd6-139625584609088", "trial_id": 39, "state": 1, "values": [0.4445938681357706], "datetime_complete": "2024-08-18T06:11:57.077168"}
{"op_code": 4, "worker_id": "cb56bb38-5309-4b1e-99c6-9370f1092cd6-139625584609088", "study_id": 0, "datetime_start": "2024-08-18T06:11:57.085773"}
{"op_code": 5, "worker_id": "cb56bb38-5309-4b1e-99c6-9370f1092cd6-139625584609088", "trial_id": 40, "param_name": "lr", "param_value_internal": 2.930882247085361e-05, "distribution": "{\"name\": \"FloatDistribution\", \"attributes\": {\"step\": null, \"low\": 1e-05, \"high\": 0.001, \"log\": true}}"}
{"op_code": 5, "worker_id": "cb56bb38-5309-4b1e-99c6-9370f1092cd6-139625584609088", "trial_id": 40, "param_name": "l2reg", "param_value_internal": 0.0005481762406406496, "distribution": "{\"name\": \"FloatDistribution\", \"attributes\": {\"step\": null, \"low\": 1e-08, \"high\": 0.001, \"log\": true}}"}
{"op_code": 5, "worker_id": "cb56bb38-5309-4b1e-99c6-9370f1092cd6-139625584609088", "trial_id": 40, "param_name": "random_seed", "param_value_internal": 0, "distribution": "{\"name\": \"CategoricalDistribution\", \"attributes\": {\"choices\": [42]}}"}
{"op_code": 5, "worker_id": "cb56bb38-5309-4b1e-99c6-9370f1092cd6-139625584609088", "trial_id": 40, "param_name": "degree", "param_value_internal": 0, "distribution": "{\"name\": \"CategoricalDistribution\", \"attributes\": {\"choices\": [0]}}"}
{"op_code": 8, "worker_id": "cb56bb38-5309-4b1e-99c6-9370f1092cd6-139625584609088", "trial_id": 40, "user_attr": {"best_epoch": 7}}
{"op_code": 8, "worker_id": "cb56bb38-5309-4b1e-99c6-9370f1092cd6-139625584609088", "trial_id": 40, "user_attr": {"test_loss": 0.4461414015711049}}
{"op_code": 6, "worker_id": "cb56bb38-5309-4b1e-99c6-9370f1092cd6-139625584609088", "trial_id": 40, "state": 1, "values": [0.44592014550301257], "datetime_complete": "2024-08-18T06:58:52.091767"}
{"op_code": 4, "worker_id": "cb56bb38-5309-4b1e-99c6-9370f1092cd6-139625584609088", "study_id": 0, "datetime_start": "2024-08-18T06:58:52.100217"}
{"op_code": 5, "worker_id": "cb56bb38-5309-4b1e-99c6-9370f1092cd6-139625584609088", "trial_id": 41, "param_name": "lr", "param_value_internal": 8.906567196479615e-05, "distribution": "{\"name\": \"FloatDistribution\", \"attributes\": {\"step\": null, \"low\": 1e-05, \"high\": 0.001, \"log\": true}}"}
{"op_code": 5, "worker_id": "cb56bb38-5309-4b1e-99c6-9370f1092cd6-139625584609088", "trial_id": 41, "param_name": "l2reg", "param_value_internal": 0.0001648689472418258, "distribution": "{\"name\": \"FloatDistribution\", \"attributes\": {\"step\": null, \"low\": 1e-08, \"high\": 0.001, \"log\": true}}"}
{"op_code": 5, "worker_id": "cb56bb38-5309-4b1e-99c6-9370f1092cd6-139625584609088", "trial_id": 41, "param_name": "random_seed", "param_value_internal": 0, "distribution": "{\"name\": \"CategoricalDistribution\", \"attributes\": {\"choices\": [42]}}"}
{"op_code": 5, "worker_id": "cb56bb38-5309-4b1e-99c6-9370f1092cd6-139625584609088", "trial_id": 41, "param_name": "degree", "param_value_internal": 0, "distribution": "{\"name\": \"CategoricalDistribution\", \"attributes\": {\"choices\": [0]}}"}
{"op_code": 8, "worker_id": "cb56bb38-5309-4b1e-99c6-9370f1092cd6-139625584609088", "trial_id": 41, "user_attr": {"best_epoch": 2}}
{"op_code": 8, "worker_id": "cb56bb38-5309-4b1e-99c6-9370f1092cd6-139625584609088", "trial_id": 41, "user_attr": {"test_loss": 0.44527014539044935}}
{"op_code": 6, "worker_id": "cb56bb38-5309-4b1e-99c6-9370f1092cd6-139625584609088", "trial_id": 41, "state": 1, "values": [0.4451170523637508], "datetime_complete": "2024-08-18T07:25:05.095799"}
{"op_code": 4, "worker_id": "cb56bb38-5309-4b1e-99c6-9370f1092cd6-139625584609088", "study_id": 0, "datetime_start": "2024-08-18T07:25:05.106043"}
{"op_code": 5, "worker_id": "cb56bb38-5309-4b1e-99c6-9370f1092cd6-139625584609088", "trial_id": 42, "param_name": "lr", "param_value_internal": 0.00017229681411348567, "distribution": "{\"name\": \"FloatDistribution\", \"attributes\": {\"step\": null, \"low\": 1e-05, \"high\": 0.001, \"log\": true}}"}
{"op_code": 5, "worker_id": "cb56bb38-5309-4b1e-99c6-9370f1092cd6-139625584609088", "trial_id": 42, "param_name": "l2reg", "param_value_internal": 6.086551618998114e-05, "distribution": "{\"name\": \"FloatDistribution\", \"attributes\": {\"step\": null, \"low\": 1e-08, \"high\": 0.001, \"log\": true}}"}
{"op_code": 5, "worker_id": "cb56bb38-5309-4b1e-99c6-9370f1092cd6-139625584609088", "trial_id": 42, "param_name": "random_seed", "param_value_internal": 0, "distribution": "{\"name\": \"CategoricalDistribution\", \"attributes\": {\"choices\": [42]}}"}
{"op_code": 5, "worker_id": "cb56bb38-5309-4b1e-99c6-9370f1092cd6-139625584609088", "trial_id": 42, "param_name": "degree", "param_value_internal": 0, "distribution": "{\"name\": \"CategoricalDistribution\", \"attributes\": {\"choices\": [0]}}"}
{"op_code": 0, "worker_id": "746c90e3-eca4-40b3-be61-200910fc4c89-140467172464448", "study_name": "criteo_splines_0", "directions": [1]}
{"op_code": 0, "worker_id": "eeba9d69-dc1a-4a45-9de2-d2b3fb1ce1b0-140148683482944", "study_name": "criteo_splines_0", "directions": [1]}
{"op_code": 8, "worker_id": "cb56bb38-5309-4b1e-99c6-9370f1092cd6-139625584609088", "trial_id": 42, "user_attr": {"best_epoch": 1}}
{"op_code": 8, "worker_id": "cb56bb38-5309-4b1e-99c6-9370f1092cd6-139625584609088", "trial_id": 42, "user_attr": {"test_loss": 0.44478025622479794}}
{"op_code": 6, "worker_id": "cb56bb38-5309-4b1e-99c6-9370f1092cd6-139625584609088", "trial_id": 42, "state": 1, "values": [0.44459945002728635], "datetime_complete": "2024-08-18T07:47:05.081451"}
{"op_code": 4, "worker_id": "cb56bb38-5309-4b1e-99c6-9370f1092cd6-139625584609088", "study_id": 0, "datetime_start": "2024-08-18T07:47:05.090559"}
{"op_code": 5, "worker_id": "cb56bb38-5309-4b1e-99c6-9370f1092cd6-139625584609088", "trial_id": 43, "param_name": "lr", "param_value_internal": 0.0002464576987726839, "distribution": "{\"name\": \"FloatDistribution\", \"attributes\": {\"step\": null, \"low\": 1e-05, \"high\": 0.001, \"log\": true}}"}
{"op_code": 5, "worker_id": "cb56bb38-5309-4b1e-99c6-9370f1092cd6-139625584609088", "trial_id": 43, "param_name": "l2reg", "param_value_internal": 0.00018691278696675838, "distribution": "{\"name\": \"FloatDistribution\", \"attributes\": {\"step\": null, \"low\": 1e-08, \"high\": 0.001, \"log\": true}}"}
{"op_code": 5, "worker_id": "cb56bb38-5309-4b1e-99c6-9370f1092cd6-139625584609088", "trial_id": 43, "param_name": "random_seed", "param_value_internal": 0, "distribution": "{\"name\": \"CategoricalDistribution\", \"attributes\": {\"choices\": [42]}}"}
{"op_code": 5, "worker_id": "cb56bb38-5309-4b1e-99c6-9370f1092cd6-139625584609088", "trial_id": 43, "param_name": "degree", "param_value_internal": 0, "distribution": "{\"name\": \"CategoricalDistribution\", \"attributes\": {\"choices\": [0]}}"}
{"op_code": 8, "worker_id": "cb56bb38-5309-4b1e-99c6-9370f1092cd6-139625584609088", "trial_id": 43, "user_attr": {"best_epoch": 1}}
{"op_code": 8, "worker_id": "cb56bb38-5309-4b1e-99c6-9370f1092cd6-139625584609088", "trial_id": 43, "user_attr": {"test_loss": 0.4452332307689786}}
{"op_code": 6, "worker_id": "cb56bb38-5309-4b1e-99c6-9370f1092cd6-139625584609088", "trial_id": 43, "state": 1, "values": [0.4450581325164057], "datetime_complete": "2024-08-18T08:09:10.039030"}
{"op_code": 4, "worker_id": "cb56bb38-5309-4b1e-99c6-9370f1092cd6-139625584609088", "study_id": 0, "datetime_start": "2024-08-18T08:09:10.048551"}
{"op_code": 5, "worker_id": "cb56bb38-5309-4b1e-99c6-9370f1092cd6-139625584609088", "trial_id": 44, "param_name": "lr", "param_value_internal": 0.0001766774260876878, "distribution": "{\"name\": \"FloatDistribution\", \"attributes\": {\"step\": null, \"low\": 1e-05, \"high\": 0.001, \"log\": true}}"}
{"op_code": 5, "worker_id": "cb56bb38-5309-4b1e-99c6-9370f1092cd6-139625584609088", "trial_id": 44, "param_name": "l2reg", "param_value_internal": 6.525739124499253e-05, "distribution": "{\"name\": \"FloatDistribution\", \"attributes\": {\"step\": null, \"low\": 1e-08, \"high\": 0.001, \"log\": true}}"}
{"op_code": 5, "worker_id": "cb56bb38-5309-4b1e-99c6-9370f1092cd6-139625584609088", "trial_id": 44, "param_name": "random_seed", "param_value_internal": 0, "distribution": "{\"name\": \"CategoricalDistribution\", \"attributes\": {\"choices\": [42]}}"}
{"op_code": 5, "worker_id": "cb56bb38-5309-4b1e-99c6-9370f1092cd6-139625584609088", "trial_id": 44, "param_name": "degree", "param_value_internal": 0, "distribution": "{\"name\": \"CategoricalDistribution\", \"attributes\": {\"choices\": [0]}}"}
{"op_code": 8, "worker_id": "cb56bb38-5309-4b1e-99c6-9370f1092cd6-139625584609088", "trial_id": 44, "user_attr": {"best_epoch": 1}}
{"op_code": 8, "worker_id": "cb56bb38-5309-4b1e-99c6-9370f1092cd6-139625584609088", "trial_id": 44, "user_attr": {"test_loss": 0.44478974438829527}}
{"op_code": 6, "worker_id": "cb56bb38-5309-4b1e-99c6-9370f1092cd6-139625584609088", "trial_id": 44, "state": 1, "values": [0.4446094301376824], "datetime_complete": "2024-08-18T08:31:12.095402"}
{"op_code": 4, "worker_id": "cb56bb38-5309-4b1e-99c6-9370f1092cd6-139625584609088", "study_id": 0, "datetime_start": "2024-08-18T08:31:12.105442"}
{"op_code": 5, "worker_id": "cb56bb38-5309-4b1e-99c6-9370f1092cd6-139625584609088", "trial_id": 45, "param_name": "lr", "param_value_internal": 0.00012812181248451354, "distribution": "{\"name\": \"FloatDistribution\", \"attributes\": {\"step\": null, \"low\": 1e-05, \"high\": 0.001, \"log\": true}}"}
{"op_code": 5, "worker_id": "cb56bb38-5309-4b1e-99c6-9370f1092cd6-139625584609088", "trial_id": 45, "param_name": "l2reg", "param_value_internal": 1.9336578204939476e-05, "distribution": "{\"name\": \"FloatDistribution\", \"attributes\": {\"step\": null, \"low\": 1e-08, \"high\": 0.001, \"log\": true}}"}
{"op_code": 5, "worker_id": "cb56bb38-5309-4b1e-99c6-9370f1092cd6-139625584609088", "trial_id": 45, "param_name": "random_seed", "param_value_internal": 0, "distribution": "{\"name\": \"CategoricalDistribution\", \"attributes\": {\"choices\": [42]}}"}
{"op_code": 5, "worker_id": "cb56bb38-5309-4b1e-99c6-9370f1092cd6-139625584609088", "trial_id": 45, "param_name": "degree", "param_value_internal": 0, "distribution": "{\"name\": \"CategoricalDistribution\", \"attributes\": {\"choices\": [0]}}"}
{"op_code": 8, "worker_id": "cb56bb38-5309-4b1e-99c6-9370f1092cd6-139625584609088", "trial_id": 45, "user_attr": {"best_epoch": 1}}
{"op_code": 8, "worker_id": "cb56bb38-5309-4b1e-99c6-9370f1092cd6-139625584609088", "trial_id": 45, "user_attr": {"test_loss": 0.44500884890281234}}
{"op_code": 6, "worker_id": "cb56bb38-5309-4b1e-99c6-9370f1092cd6-139625584609088", "trial_id": 45, "state": 1, "values": [0.4448265854679265], "datetime_complete": "2024-08-18T08:53:13.089276"}
{"op_code": 4, "worker_id": "cb56bb38-5309-4b1e-99c6-9370f1092cd6-139625584609088", "study_id": 0, "datetime_start": "2024-08-18T08:53:13.097864"}
{"op_code": 5, "worker_id": "cb56bb38-5309-4b1e-99c6-9370f1092cd6-139625584609088", "trial_id": 46, "param_name": "lr", "param_value_internal": 6.591553547914235e-05, "distribution": "{\"name\": \"FloatDistribution\", \"attributes\": {\"step\": null, \"low\": 1e-05, \"high\": 0.001, \"log\": true}}"}
{"op_code": 5, "worker_id": "cb56bb38-5309-4b1e-99c6-9370f1092cd6-139625584609088", "trial_id": 46, "param_name": "l2reg", "param_value_internal": 6.194251733595142e-05, "distribution": "{\"name\": \"FloatDistribution\", \"attributes\": {\"step\": null, \"low\": 1e-08, \"high\": 0.001, \"log\": true}}"}
{"op_code": 5, "worker_id": "cb56bb38-5309-4b1e-99c6-9370f1092cd6-139625584609088", "trial_id": 46, "param_name": "random_seed", "param_value_internal": 0, "distribution": "{\"name\": \"CategoricalDistribution\", \"attributes\": {\"choices\": [42]}}"}
{"op_code": 5, "worker_id": "cb56bb38-5309-4b1e-99c6-9370f1092cd6-139625584609088", "trial_id": 46, "param_name": "degree", "param_value_internal": 0, "distribution": "{\"name\": \"CategoricalDistribution\", \"attributes\": {\"choices\": [0]}}"}
{"op_code": 8, "worker_id": "cb56bb38-5309-4b1e-99c6-9370f1092cd6-139625584609088", "trial_id": 46, "user_attr": {"best_epoch": 3}}
{"op_code": 8, "worker_id": "cb56bb38-5309-4b1e-99c6-9370f1092cd6-139625584609088", "trial_id": 46, "user_attr": {"test_loss": 0.4454757019842162}}
{"op_code": 6, "worker_id": "cb56bb38-5309-4b1e-99c6-9370f1092cd6-139625584609088", "trial_id": 46, "state": 1, "values": [0.445289456895957], "datetime_complete": "2024-08-18T09:23:31.069725"}
{"op_code": 4, "worker_id": "cb56bb38-5309-4b1e-99c6-9370f1092cd6-139625584609088", "study_id": 0, "datetime_start": "2024-08-18T09:23:31.078190"}
{"op_code": 5, "worker_id": "cb56bb38-5309-4b1e-99c6-9370f1092cd6-139625584609088", "trial_id": 47, "param_name": "lr", "param_value_internal": 0.00018543597656921597, "distribution": "{\"name\": \"FloatDistribution\", \"attributes\": {\"step\": null, \"low\": 1e-05, \"high\": 0.001, \"log\": true}}"}
{"op_code": 5, "worker_id": "cb56bb38-5309-4b1e-99c6-9370f1092cd6-139625584609088", "trial_id": 47, "param_name": "l2reg", "param_value_internal": 3.283035074224154e-05, "distribution": "{\"name\": \"FloatDistribution\", \"attributes\": {\"step\": null, \"low\": 1e-08, \"high\": 0.001, \"log\": true}}"}
{"op_code": 5, "worker_id": "cb56bb38-5309-4b1e-99c6-9370f1092cd6-139625584609088", "trial_id": 47, "param_name": "random_seed", "param_value_internal": 0, "distribution": "{\"name\": \"CategoricalDistribution\", \"attributes\": {\"choices\": [42]}}"}
{"op_code": 5, "worker_id": "cb56bb38-5309-4b1e-99c6-9370f1092cd6-139625584609088", "trial_id": 47, "param_name": "degree", "param_value_internal": 0, "distribution": "{\"name\": \"CategoricalDistribution\", \"attributes\": {\"choices\": [0]}}"}
{"op_code": 8, "worker_id": "cb56bb38-5309-4b1e-99c6-9370f1092cd6-139625584609088", "trial_id": 47, "user_attr": {"best_epoch": 1}}
{"op_code": 8, "worker_id": "cb56bb38-5309-4b1e-99c6-9370f1092cd6-139625584609088", "trial_id": 47, "user_attr": {"test_loss": 0.44481984237567146}}
{"op_code": 6, "worker_id": "cb56bb38-5309-4b1e-99c6-9370f1092cd6-139625584609088", "trial_id": 47, "state": 1, "values": [0.44464006319334276], "datetime_complete": "2024-08-18T09:45:28.035934"}
{"op_code": 4, "worker_id": "cb56bb38-5309-4b1e-99c6-9370f1092cd6-139625584609088", "study_id": 0, "datetime_start": "2024-08-18T09:45:28.048859"}
{"op_code": 5, "worker_id": "cb56bb38-5309-4b1e-99c6-9370f1092cd6-139625584609088", "trial_id": 48, "param_name": "lr", "param_value_internal": 0.00016033445340791423, "distribution": "{\"name\": \"FloatDistribution\", \"attributes\": {\"step\": null, \"low\": 1e-05, \"high\": 0.001, \"log\": true}}"}
{"op_code": 5, "worker_id": "cb56bb38-5309-4b1e-99c6-9370f1092cd6-139625584609088", "trial_id": 48, "param_name": "l2reg", "param_value_internal": 0.0001345780031723865, "distribution": "{\"name\": \"FloatDistribution\", \"attributes\": {\"step\": null, \"low\": 1e-08, \"high\": 0.001, \"log\": true}}"}
{"op_code": 5, "worker_id": "cb56bb38-5309-4b1e-99c6-9370f1092cd6-139625584609088", "trial_id": 48, "param_name": "random_seed", "param_value_internal": 0, "distribution": "{\"name\": \"CategoricalDistribution\", \"attributes\": {\"choices\": [42]}}"}
{"op_code": 5, "worker_id": "cb56bb38-5309-4b1e-99c6-9370f1092cd6-139625584609088", "trial_id": 48, "param_name": "degree", "param_value_internal": 0, "distribution": "{\"name\": \"CategoricalDistribution\", \"attributes\": {\"choices\": [0]}}"}
{"op_code": 8, "worker_id": "cb56bb38-5309-4b1e-99c6-9370f1092cd6-139625584609088", "trial_id": 48, "user_attr": {"best_epoch": 1}}
{"op_code": 8, "worker_id": "cb56bb38-5309-4b1e-99c6-9370f1092cd6-139625584609088", "trial_id": 48, "user_attr": {"test_loss": 0.44477800054509237}}
{"op_code": 6, "worker_id": "cb56bb38-5309-4b1e-99c6-9370f1092cd6-139625584609088", "trial_id": 48, "state": 1, "values": [0.44459569850869834], "datetime_complete": "2024-08-18T10:07:30.069843"}
{"op_code": 4, "worker_id": "cb56bb38-5309-4b1e-99c6-9370f1092cd6-139625584609088", "study_id": 0, "datetime_start": "2024-08-18T10:07:30.078270"}
{"op_code": 5, "worker_id": "cb56bb38-5309-4b1e-99c6-9370f1092cd6-139625584609088", "trial_id": 49, "param_name": "lr", "param_value_internal": 0.0002767139236850137, "distribution": "{\"name\": \"FloatDistribution\", \"attributes\": {\"step\": null, \"low\": 1e-05, \"high\": 0.001, \"log\": true}}"}
{"op_code": 5, "worker_id": "cb56bb38-5309-4b1e-99c6-9370f1092cd6-139625584609088", "trial_id": 49, "param_name": "l2reg", "param_value_internal": 0.0005385768343760207, "distribution": "{\"name\": \"FloatDistribution\", \"attributes\": {\"step\": null, \"low\": 1e-08, \"high\": 0.001, \"log\": true}}"}
{"op_code": 5, "worker_id": "cb56bb38-5309-4b1e-99c6-9370f1092cd6-139625584609088", "trial_id": 49, "param_name": "random_seed", "param_value_internal": 0, "distribution": "{\"name\": \"CategoricalDistribution\", \"attributes\": {\"choices\": [42]}}"}
{"op_code": 5, "worker_id": "cb56bb38-5309-4b1e-99c6-9370f1092cd6-139625584609088", "trial_id": 49, "param_name": "degree", "param_value_internal": 0, "distribution": "{\"name\": \"CategoricalDistribution\", \"attributes\": {\"choices\": [0]}}"}
{"op_code": 8, "worker_id": "cb56bb38-5309-4b1e-99c6-9370f1092cd6-139625584609088", "trial_id": 49, "user_attr": {"best_epoch": 0}}
{"op_code": 8, "worker_id": "cb56bb38-5309-4b1e-99c6-9370f1092cd6-139625584609088", "trial_id": 49, "user_attr": {"test_loss": 0.4453225461017278}}
{"op_code": 6, "worker_id": "cb56bb38-5309-4b1e-99c6-9370f1092cd6-139625584609088", "trial_id": 49, "state": 1, "values": [0.445201075253521], "datetime_complete": "2024-08-18T10:25:22.101356"}
{"op_code": 4, "worker_id": "cb56bb38-5309-4b1e-99c6-9370f1092cd6-139625584609088", "study_id": 0, "datetime_start": "2024-08-18T10:25:22.109998"}
{"op_code": 5, "worker_id": "cb56bb38-5309-4b1e-99c6-9370f1092cd6-139625584609088", "trial_id": 50, "param_name": "lr", "param_value_internal": 0.000377790349691455, "distribution": "{\"name\": \"FloatDistribution\", \"attributes\": {\"step\": null, \"low\": 1e-05, \"high\": 0.001, \"log\": true}}"}
{"op_code": 5, "worker_id": "cb56bb38-5309-4b1e-99c6-9370f1092cd6-139625584609088", "trial_id": 50, "param_name": "l2reg", "param_value_internal": 0.00011651509671107536, "distribution": "{\"name\": \"FloatDistribution\", \"attributes\": {\"step\": null, \"low\": 1e-08, \"high\": 0.001, \"log\": true}}"}
{"op_code": 5, "worker_id": "cb56bb38-5309-4b1e-99c6-9370f1092cd6-139625584609088", "trial_id": 50, "param_name": "random_seed", "param_value_internal": 0, "distribution": "{\"name\": \"CategoricalDistribution\", \"attributes\": {\"choices\": [42]}}"}
{"op_code": 5, "worker_id": "cb56bb38-5309-4b1e-99c6-9370f1092cd6-139625584609088", "trial_id": 50, "param_name": "degree", "param_value_internal": 0, "distribution": "{\"name\": \"CategoricalDistribution\", \"attributes\": {\"choices\": [0]}}"}
{"op_code": 8, "worker_id": "cb56bb38-5309-4b1e-99c6-9370f1092cd6-139625584609088", "trial_id": 50, "user_attr": {"best_epoch": 0}}
{"op_code": 8, "worker_id": "cb56bb38-5309-4b1e-99c6-9370f1092cd6-139625584609088", "trial_id": 50, "user_attr": {"test_loss": 0.44514678995476914}}
{"op_code": 6, "worker_id": "cb56bb38-5309-4b1e-99c6-9370f1092cd6-139625584609088", "trial_id": 50, "state": 1, "values": [0.4450143587980957], "datetime_complete": "2024-08-18T10:43:23.088385"}
{"op_code": 0, "worker_id": "4c1702e9-39c0-4292-bb39-8f0948768ce9-139745299392320", "study_name": "criteo_splines_0", "directions": [1]}
{"op_code": 0, "worker_id": "50342ba3-582f-44e3-8b1b-e30a04887c69-140361245218624", "study_name": "criteo_splines_0", "directions": [1]}
