{"op_code": 0, "worker_id": "ccf781e5-b7e7-499e-8d7b-e62e4f59fc84-140179217712960", "study_name": "criteo_splines_0_64", "directions": [1]}
{"op_code": 4, "worker_id": "ccf781e5-b7e7-499e-8d7b-e62e4f59fc84-140179217712960", "study_id": 0, "datetime_start": "2024-09-02T06:03:21.613041"}
{"op_code": 5, "worker_id": "ccf781e5-b7e7-499e-8d7b-e62e4f59fc84-140179217712960", "trial_id": 0, "param_name": "lr", "param_value_internal": 5.6115164153345e-05, "distribution": "{\"name\": \"FloatDistribution\", \"attributes\": {\"step\": null, \"low\": 1e-05, \"high\": 0.001, \"log\": true}}"}
{"op_code": 5, "worker_id": "ccf781e5-b7e7-499e-8d7b-e62e4f59fc84-140179217712960", "trial_id": 0, "param_name": "l2reg", "param_value_internal": 0.0005669849511478851, "distribution": "{\"name\": \"FloatDistribution\", \"attributes\": {\"step\": null, \"low\": 1e-08, \"high\": 0.001, \"log\": true}}"}
{"op_code": 5, "worker_id": "ccf781e5-b7e7-499e-8d7b-e62e4f59fc84-140179217712960", "trial_id": 0, "param_name": "random_seed", "param_value_internal": 0, "distribution": "{\"name\": \"CategoricalDistribution\", \"attributes\": {\"choices\": [42]}}"}
{"op_code": 5, "worker_id": "ccf781e5-b7e7-499e-8d7b-e62e4f59fc84-140179217712960", "trial_id": 0, "param_name": "degree", "param_value_internal": 0, "distribution": "{\"name\": \"CategoricalDistribution\", \"attributes\": {\"choices\": [0]}}"}
{"op_code": 8, "worker_id": "ccf781e5-b7e7-499e-8d7b-e62e4f59fc84-140179217712960", "trial_id": 0, "user_attr": {"best_epoch": 2}}
{"op_code": 8, "worker_id": "ccf781e5-b7e7-499e-8d7b-e62e4f59fc84-140179217712960", "trial_id": 0, "user_attr": {"test_loss": 0.45176787339209445}}
{"op_code": 6, "worker_id": "ccf781e5-b7e7-499e-8d7b-e62e4f59fc84-140179217712960", "trial_id": 0, "state": 1, "values": [0.4468990984415132], "datetime_complete": "2024-09-02T06:35:14.504511"}
{"op_code": 4, "worker_id": "ccf781e5-b7e7-499e-8d7b-e62e4f59fc84-140179217712960", "study_id": 0, "datetime_start": "2024-09-02T06:35:14.513623"}
{"op_code": 5, "worker_id": "ccf781e5-b7e7-499e-8d7b-e62e4f59fc84-140179217712960", "trial_id": 1, "param_name": "lr", "param_value_internal": 0.000291063591313307, "distribution": "{\"name\": \"FloatDistribution\", \"attributes\": {\"step\": null, \"low\": 1e-05, \"high\": 0.001, \"log\": true}}"}
{"op_code": 5, "worker_id": "ccf781e5-b7e7-499e-8d7b-e62e4f59fc84-140179217712960", "trial_id": 1, "param_name": "l2reg", "param_value_internal": 9.846738873614555e-06, "distribution": "{\"name\": \"FloatDistribution\", \"attributes\": {\"step\": null, \"low\": 1e-08, \"high\": 0.001, \"log\": true}}"}
{"op_code": 5, "worker_id": "ccf781e5-b7e7-499e-8d7b-e62e4f59fc84-140179217712960", "trial_id": 1, "param_name": "random_seed", "param_value_internal": 0, "distribution": "{\"name\": \"CategoricalDistribution\", \"attributes\": {\"choices\": [42]}}"}
{"op_code": 5, "worker_id": "ccf781e5-b7e7-499e-8d7b-e62e4f59fc84-140179217712960", "trial_id": 1, "param_name": "degree", "param_value_internal": 0, "distribution": "{\"name\": \"CategoricalDistribution\", \"attributes\": {\"choices\": [0]}}"}
{"op_code": 8, "worker_id": "ccf781e5-b7e7-499e-8d7b-e62e4f59fc84-140179217712960", "trial_id": 1, "user_attr": {"best_epoch": 0}}
{"op_code": 8, "worker_id": "ccf781e5-b7e7-499e-8d7b-e62e4f59fc84-140179217712960", "trial_id": 1, "user_attr": {"test_loss": 0.4530037371009851}}
{"op_code": 6, "worker_id": "ccf781e5-b7e7-499e-8d7b-e62e4f59fc84-140179217712960", "trial_id": 1, "state": 1, "values": [0.44840238308295133], "datetime_complete": "2024-09-02T06:56:54.411476"}
{"op_code": 4, "worker_id": "ccf781e5-b7e7-499e-8d7b-e62e4f59fc84-140179217712960", "study_id": 0, "datetime_start": "2024-09-02T06:56:54.420358"}
{"op_code": 5, "worker_id": "ccf781e5-b7e7-499e-8d7b-e62e4f59fc84-140179217712960", "trial_id": 2, "param_name": "lr", "param_value_internal": 2.0513382630874486e-05, "distribution": "{\"name\": \"FloatDistribution\", \"attributes\": {\"step\": null, \"low\": 1e-05, \"high\": 0.001, \"log\": true}}"}
{"op_code": 5, "worker_id": "ccf781e5-b7e7-499e-8d7b-e62e4f59fc84-140179217712960", "trial_id": 2, "param_name": "l2reg", "param_value_internal": 6.02521573620385e-08, "distribution": "{\"name\": \"FloatDistribution\", \"attributes\": {\"step\": null, \"low\": 1e-08, \"high\": 0.001, \"log\": true}}"}
{"op_code": 5, "worker_id": "ccf781e5-b7e7-499e-8d7b-e62e4f59fc84-140179217712960", "trial_id": 2, "param_name": "random_seed", "param_value_internal": 0, "distribution": "{\"name\": \"CategoricalDistribution\", \"attributes\": {\"choices\": [42]}}"}
{"op_code": 5, "worker_id": "ccf781e5-b7e7-499e-8d7b-e62e4f59fc84-140179217712960", "trial_id": 2, "param_name": "degree", "param_value_internal": 0, "distribution": "{\"name\": \"CategoricalDistribution\", \"attributes\": {\"choices\": [0]}}"}
{"op_code": 8, "worker_id": "ccf781e5-b7e7-499e-8d7b-e62e4f59fc84-140179217712960", "trial_id": 2, "user_attr": {"best_epoch": 7}}
{"op_code": 8, "worker_id": "ccf781e5-b7e7-499e-8d7b-e62e4f59fc84-140179217712960", "trial_id": 2, "user_attr": {"test_loss": 0.45293864743911694}}
{"op_code": 6, "worker_id": "ccf781e5-b7e7-499e-8d7b-e62e4f59fc84-140179217712960", "trial_id": 2, "state": 1, "values": [0.44770537025895374], "datetime_complete": "2024-09-02T07:48:47.622177"}
{"op_code": 4, "worker_id": "ccf781e5-b7e7-499e-8d7b-e62e4f59fc84-140179217712960", "study_id": 0, "datetime_start": "2024-09-02T07:48:47.631178"}
{"op_code": 5, "worker_id": "ccf781e5-b7e7-499e-8d7b-e62e4f59fc84-140179217712960", "trial_id": 3, "param_name": "lr", "param_value_internal": 1.3066739238053272e-05, "distribution": "{\"name\": \"FloatDistribution\", \"attributes\": {\"step\": null, \"low\": 1e-05, \"high\": 0.001, \"log\": true}}"}
{"op_code": 5, "worker_id": "ccf781e5-b7e7-499e-8d7b-e62e4f59fc84-140179217712960", "trial_id": 3, "param_name": "l2reg", "param_value_internal": 0.00021423021757741048, "distribution": "{\"name\": \"FloatDistribution\", \"attributes\": {\"step\": null, \"low\": 1e-08, \"high\": 0.001, \"log\": true}}"}
{"op_code": 5, "worker_id": "ccf781e5-b7e7-499e-8d7b-e62e4f59fc84-140179217712960", "trial_id": 3, "param_name": "random_seed", "param_value_internal": 0, "distribution": "{\"name\": \"CategoricalDistribution\", \"attributes\": {\"choices\": [42]}}"}
{"op_code": 5, "worker_id": "ccf781e5-b7e7-499e-8d7b-e62e4f59fc84-140179217712960", "trial_id": 3, "param_name": "degree", "param_value_internal": 0, "distribution": "{\"name\": \"CategoricalDistribution\", \"attributes\": {\"choices\": [0]}}"}
{"op_code": 8, "worker_id": "ccf781e5-b7e7-499e-8d7b-e62e4f59fc84-140179217712960", "trial_id": 3, "user_attr": {"best_epoch": 9}}
{"op_code": 8, "worker_id": "ccf781e5-b7e7-499e-8d7b-e62e4f59fc84-140179217712960", "trial_id": 3, "user_attr": {"test_loss": 0.45342832784544135}}
{"op_code": 6, "worker_id": "ccf781e5-b7e7-499e-8d7b-e62e4f59fc84-140179217712960", "trial_id": 3, "state": 1, "values": [0.4483908540067739], "datetime_complete": "2024-09-02T08:40:39.422758"}
{"op_code": 4, "worker_id": "ccf781e5-b7e7-499e-8d7b-e62e4f59fc84-140179217712960", "study_id": 0, "datetime_start": "2024-09-02T08:40:39.431680"}
{"op_code": 5, "worker_id": "ccf781e5-b7e7-499e-8d7b-e62e4f59fc84-140179217712960", "trial_id": 4, "param_name": "lr", "param_value_internal": 0.00015930522616241006, "distribution": "{\"name\": \"FloatDistribution\", \"attributes\": {\"step\": null, \"low\": 1e-05, \"high\": 0.001, \"log\": true}}"}
{"op_code": 5, "worker_id": "ccf781e5-b7e7-499e-8d7b-e62e4f59fc84-140179217712960", "trial_id": 4, "param_name": "l2reg", "param_value_internal": 3.47026698865041e-05, "distribution": "{\"name\": \"FloatDistribution\", \"attributes\": {\"step\": null, \"low\": 1e-08, \"high\": 0.001, \"log\": true}}"}
{"op_code": 5, "worker_id": "ccf781e5-b7e7-499e-8d7b-e62e4f59fc84-140179217712960", "trial_id": 4, "param_name": "random_seed", "param_value_internal": 0, "distribution": "{\"name\": \"CategoricalDistribution\", \"attributes\": {\"choices\": [42]}}"}
{"op_code": 5, "worker_id": "ccf781e5-b7e7-499e-8d7b-e62e4f59fc84-140179217712960", "trial_id": 4, "param_name": "degree", "param_value_internal": 0, "distribution": "{\"name\": \"CategoricalDistribution\", \"attributes\": {\"choices\": [0]}}"}
{"op_code": 8, "worker_id": "ccf781e5-b7e7-499e-8d7b-e62e4f59fc84-140179217712960", "trial_id": 4, "user_attr": {"best_epoch": 0}}
{"op_code": 8, "worker_id": "ccf781e5-b7e7-499e-8d7b-e62e4f59fc84-140179217712960", "trial_id": 4, "user_attr": {"test_loss": 0.4528940963333104}}
{"op_code": 6, "worker_id": "ccf781e5-b7e7-499e-8d7b-e62e4f59fc84-140179217712960", "trial_id": 4, "state": 1, "values": [0.44822547666240115], "datetime_complete": "2024-09-02T09:02:15.897987"}
{"op_code": 4, "worker_id": "ccf781e5-b7e7-499e-8d7b-e62e4f59fc84-140179217712960", "study_id": 0, "datetime_start": "2024-09-02T09:02:15.907789"}
{"op_code": 5, "worker_id": "ccf781e5-b7e7-499e-8d7b-e62e4f59fc84-140179217712960", "trial_id": 5, "param_name": "lr", "param_value_internal": 1.0994335574766187e-05, "distribution": "{\"name\": \"FloatDistribution\", \"attributes\": {\"step\": null, \"low\": 1e-05, \"high\": 0.001, \"log\": true}}"}
{"op_code": 5, "worker_id": "ccf781e5-b7e7-499e-8d7b-e62e4f59fc84-140179217712960", "trial_id": 5, "param_name": "l2reg", "param_value_internal": 0.0007072114131472234, "distribution": "{\"name\": \"FloatDistribution\", \"attributes\": {\"step\": null, \"low\": 1e-08, \"high\": 0.001, \"log\": true}}"}
{"op_code": 5, "worker_id": "ccf781e5-b7e7-499e-8d7b-e62e4f59fc84-140179217712960", "trial_id": 5, "param_name": "random_seed", "param_value_internal": 0, "distribution": "{\"name\": \"CategoricalDistribution\", \"attributes\": {\"choices\": [42]}}"}
{"op_code": 5, "worker_id": "ccf781e5-b7e7-499e-8d7b-e62e4f59fc84-140179217712960", "trial_id": 5, "param_name": "degree", "param_value_internal": 0, "distribution": "{\"name\": \"CategoricalDistribution\", \"attributes\": {\"choices\": [0]}}"}
{"op_code": 8, "worker_id": "ccf781e5-b7e7-499e-8d7b-e62e4f59fc84-140179217712960", "trial_id": 5, "user_attr": {"best_epoch": 9}}
{"op_code": 8, "worker_id": "ccf781e5-b7e7-499e-8d7b-e62e4f59fc84-140179217712960", "trial_id": 5, "user_attr": {"test_loss": 0.4544619364056061}}
{"op_code": 6, "worker_id": "ccf781e5-b7e7-499e-8d7b-e62e4f59fc84-140179217712960", "trial_id": 5, "state": 1, "values": [0.449466226678435], "datetime_complete": "2024-09-02T09:54:06.110722"}
{"op_code": 4, "worker_id": "ccf781e5-b7e7-499e-8d7b-e62e4f59fc84-140179217712960", "study_id": 0, "datetime_start": "2024-09-02T09:54:06.119842"}
{"op_code": 5, "worker_id": "ccf781e5-b7e7-499e-8d7b-e62e4f59fc84-140179217712960", "trial_id": 6, "param_name": "lr", "param_value_internal": 0.000462258900102083, "distribution": "{\"name\": \"FloatDistribution\", \"attributes\": {\"step\": null, \"low\": 1e-05, \"high\": 0.001, \"log\": true}}"}
{"op_code": 5, "worker_id": "ccf781e5-b7e7-499e-8d7b-e62e4f59fc84-140179217712960", "trial_id": 6, "param_name": "l2reg", "param_value_internal": 1.1526449540315595e-07, "distribution": "{\"name\": \"FloatDistribution\", \"attributes\": {\"step\": null, \"low\": 1e-08, \"high\": 0.001, \"log\": true}}"}
{"op_code": 5, "worker_id": "ccf781e5-b7e7-499e-8d7b-e62e4f59fc84-140179217712960", "trial_id": 6, "param_name": "random_seed", "param_value_internal": 0, "distribution": "{\"name\": \"CategoricalDistribution\", \"attributes\": {\"choices\": [42]}}"}
{"op_code": 5, "worker_id": "ccf781e5-b7e7-499e-8d7b-e62e4f59fc84-140179217712960", "trial_id": 6, "param_name": "degree", "param_value_internal": 0, "distribution": "{\"name\": \"CategoricalDistribution\", \"attributes\": {\"choices\": [0]}}"}
{"op_code": 8, "worker_id": "ccf781e5-b7e7-499e-8d7b-e62e4f59fc84-140179217712960", "trial_id": 6, "user_attr": {"best_epoch": 0}}
{"op_code": 8, "worker_id": "ccf781e5-b7e7-499e-8d7b-e62e4f59fc84-140179217712960", "trial_id": 6, "user_attr": {"test_loss": 0.45320572501942763}}
{"op_code": 6, "worker_id": "ccf781e5-b7e7-499e-8d7b-e62e4f59fc84-140179217712960", "trial_id": 6, "state": 1, "values": [0.44860009528666933], "datetime_complete": "2024-09-02T10:15:42.445362"}
{"op_code": 4, "worker_id": "ccf781e5-b7e7-499e-8d7b-e62e4f59fc84-140179217712960", "study_id": 0, "datetime_start": "2024-09-02T10:15:42.454093"}
{"op_code": 5, "worker_id": "ccf781e5-b7e7-499e-8d7b-e62e4f59fc84-140179217712960", "trial_id": 7, "param_name": "lr", "param_value_internal": 2.3102018878452926e-05, "distribution": "{\"name\": \"FloatDistribution\", \"attributes\": {\"step\": null, \"low\": 1e-05, \"high\": 0.001, \"log\": true}}"}
{"op_code": 5, "worker_id": "ccf781e5-b7e7-499e-8d7b-e62e4f59fc84-140179217712960", "trial_id": 7, "param_name": "l2reg", "param_value_internal": 8.260808399079588e-08, "distribution": "{\"name\": \"FloatDistribution\", \"attributes\": {\"step\": null, \"low\": 1e-08, \"high\": 0.001, \"log\": true}}"}
{"op_code": 5, "worker_id": "ccf781e5-b7e7-499e-8d7b-e62e4f59fc84-140179217712960", "trial_id": 7, "param_name": "random_seed", "param_value_internal": 0, "distribution": "{\"name\": \"CategoricalDistribution\", \"attributes\": {\"choices\": [42]}}"}
{"op_code": 5, "worker_id": "ccf781e5-b7e7-499e-8d7b-e62e4f59fc84-140179217712960", "trial_id": 7, "param_name": "degree", "param_value_internal": 0, "distribution": "{\"name\": \"CategoricalDistribution\", \"attributes\": {\"choices\": [0]}}"}
{"op_code": 8, "worker_id": "ccf781e5-b7e7-499e-8d7b-e62e4f59fc84-140179217712960", "trial_id": 7, "user_attr": {"best_epoch": 6}}
{"op_code": 8, "worker_id": "ccf781e5-b7e7-499e-8d7b-e62e4f59fc84-140179217712960", "trial_id": 7, "user_attr": {"test_loss": 0.4528937145757628}}
{"op_code": 6, "worker_id": "ccf781e5-b7e7-499e-8d7b-e62e4f59fc84-140179217712960", "trial_id": 7, "state": 1, "values": [0.44769349760103594], "datetime_complete": "2024-09-02T11:07:32.890156"}
{"op_code": 4, "worker_id": "ccf781e5-b7e7-499e-8d7b-e62e4f59fc84-140179217712960", "study_id": 0, "datetime_start": "2024-09-02T11:07:32.898941"}
{"op_code": 5, "worker_id": "ccf781e5-b7e7-499e-8d7b-e62e4f59fc84-140179217712960", "trial_id": 8, "param_name": "lr", "param_value_internal": 4.059611610484306e-05, "distribution": "{\"name\": \"FloatDistribution\", \"attributes\": {\"step\": null, \"low\": 1e-05, \"high\": 0.001, \"log\": true}}"}
{"op_code": 5, "worker_id": "ccf781e5-b7e7-499e-8d7b-e62e4f59fc84-140179217712960", "trial_id": 8, "param_name": "l2reg", "param_value_internal": 4.2051564509138674e-06, "distribution": "{\"name\": \"FloatDistribution\", \"attributes\": {\"step\": null, \"low\": 1e-08, \"high\": 0.001, \"log\": true}}"}
{"op_code": 5, "worker_id": "ccf781e5-b7e7-499e-8d7b-e62e4f59fc84-140179217712960", "trial_id": 8, "param_name": "random_seed", "param_value_internal": 0, "distribution": "{\"name\": \"CategoricalDistribution\", \"attributes\": {\"choices\": [42]}}"}
{"op_code": 5, "worker_id": "ccf781e5-b7e7-499e-8d7b-e62e4f59fc84-140179217712960", "trial_id": 8, "param_name": "degree", "param_value_internal": 0, "distribution": "{\"name\": \"CategoricalDistribution\", \"attributes\": {\"choices\": [0]}}"}
{"op_code": 8, "worker_id": "ccf781e5-b7e7-499e-8d7b-e62e4f59fc84-140179217712960", "trial_id": 8, "user_attr": {"best_epoch": 3}}
{"op_code": 8, "worker_id": "ccf781e5-b7e7-499e-8d7b-e62e4f59fc84-140179217712960", "trial_id": 8, "user_attr": {"test_loss": 0.4525287543602438}}
{"op_code": 6, "worker_id": "ccf781e5-b7e7-499e-8d7b-e62e4f59fc84-140179217712960", "trial_id": 8, "state": 1, "values": [0.4476994530178693], "datetime_complete": "2024-09-02T11:44:17.486513"}
{"op_code": 4, "worker_id": "ccf781e5-b7e7-499e-8d7b-e62e4f59fc84-140179217712960", "study_id": 0, "datetime_start": "2024-09-02T11:44:17.516799"}
{"op_code": 5, "worker_id": "ccf781e5-b7e7-499e-8d7b-e62e4f59fc84-140179217712960", "trial_id": 9, "param_name": "lr", "param_value_internal": 7.309539835912905e-05, "distribution": "{\"name\": \"FloatDistribution\", \"attributes\": {\"step\": null, \"low\": 1e-05, \"high\": 0.001, \"log\": true}}"}
{"op_code": 5, "worker_id": "ccf781e5-b7e7-499e-8d7b-e62e4f59fc84-140179217712960", "trial_id": 9, "param_name": "l2reg", "param_value_internal": 2.8585493941961875e-07, "distribution": "{\"name\": \"FloatDistribution\", \"attributes\": {\"step\": null, \"low\": 1e-08, \"high\": 0.001, \"log\": true}}"}
{"op_code": 5, "worker_id": "ccf781e5-b7e7-499e-8d7b-e62e4f59fc84-140179217712960", "trial_id": 9, "param_name": "random_seed", "param_value_internal": 0, "distribution": "{\"name\": \"CategoricalDistribution\", \"attributes\": {\"choices\": [42]}}"}
{"op_code": 5, "worker_id": "ccf781e5-b7e7-499e-8d7b-e62e4f59fc84-140179217712960", "trial_id": 9, "param_name": "degree", "param_value_internal": 0, "distribution": "{\"name\": \"CategoricalDistribution\", \"attributes\": {\"choices\": [0]}}"}
{"op_code": 8, "worker_id": "ccf781e5-b7e7-499e-8d7b-e62e4f59fc84-140179217712960", "trial_id": 9, "user_attr": {"best_epoch": 1}}
{"op_code": 8, "worker_id": "ccf781e5-b7e7-499e-8d7b-e62e4f59fc84-140179217712960", "trial_id": 9, "user_attr": {"test_loss": 0.4517433263817829}}
{"op_code": 6, "worker_id": "ccf781e5-b7e7-499e-8d7b-e62e4f59fc84-140179217712960", "trial_id": 9, "state": 1, "values": [0.44701843583267414], "datetime_complete": "2024-09-02T12:10:57.932953"}
{"op_code": 4, "worker_id": "ccf781e5-b7e7-499e-8d7b-e62e4f59fc84-140179217712960", "study_id": 0, "datetime_start": "2024-09-02T12:10:57.945067"}
{"op_code": 5, "worker_id": "ccf781e5-b7e7-499e-8d7b-e62e4f59fc84-140179217712960", "trial_id": 10, "param_name": "lr", "param_value_internal": 0.000776735381623706, "distribution": "{\"name\": \"FloatDistribution\", \"attributes\": {\"step\": null, \"low\": 1e-05, \"high\": 0.001, \"log\": true}}"}
{"op_code": 5, "worker_id": "ccf781e5-b7e7-499e-8d7b-e62e4f59fc84-140179217712960", "trial_id": 10, "param_name": "l2reg", "param_value_internal": 7.193458129269525e-05, "distribution": "{\"name\": \"FloatDistribution\", \"attributes\": {\"step\": null, \"low\": 1e-08, \"high\": 0.001, \"log\": true}}"}
{"op_code": 5, "worker_id": "ccf781e5-b7e7-499e-8d7b-e62e4f59fc84-140179217712960", "trial_id": 10, "param_name": "random_seed", "param_value_internal": 0, "distribution": "{\"name\": \"CategoricalDistribution\", \"attributes\": {\"choices\": [42]}}"}
{"op_code": 5, "worker_id": "ccf781e5-b7e7-499e-8d7b-e62e4f59fc84-140179217712960", "trial_id": 10, "param_name": "degree", "param_value_internal": 0, "distribution": "{\"name\": \"CategoricalDistribution\", \"attributes\": {\"choices\": [0]}}"}
{"op_code": 8, "worker_id": "ccf781e5-b7e7-499e-8d7b-e62e4f59fc84-140179217712960", "trial_id": 10, "user_attr": {"best_epoch": 0}}
{"op_code": 8, "worker_id": "ccf781e5-b7e7-499e-8d7b-e62e4f59fc84-140179217712960", "trial_id": 10, "user_attr": {"test_loss": 0.45368799932932835}}
{"op_code": 6, "worker_id": "ccf781e5-b7e7-499e-8d7b-e62e4f59fc84-140179217712960", "trial_id": 10, "state": 1, "values": [0.4489946416518799], "datetime_complete": "2024-09-02T12:32:34.751515"}
{"op_code": 4, "worker_id": "ccf781e5-b7e7-499e-8d7b-e62e4f59fc84-140179217712960", "study_id": 0, "datetime_start": "2024-09-02T12:32:34.760298"}
{"op_code": 5, "worker_id": "ccf781e5-b7e7-499e-8d7b-e62e4f59fc84-140179217712960", "trial_id": 11, "param_name": "lr", "param_value_internal": 6.306581983588723e-05, "distribution": "{\"name\": \"FloatDistribution\", \"attributes\": {\"step\": null, \"low\": 1e-05, \"high\": 0.001, \"log\": true}}"}
{"op_code": 5, "worker_id": "ccf781e5-b7e7-499e-8d7b-e62e4f59fc84-140179217712960", "trial_id": 11, "param_name": "l2reg", "param_value_internal": 6.301651774921119e-07, "distribution": "{\"name\": \"FloatDistribution\", \"attributes\": {\"step\": null, \"low\": 1e-08, \"high\": 0.001, \"log\": true}}"}
{"op_code": 5, "worker_id": "ccf781e5-b7e7-499e-8d7b-e62e4f59fc84-140179217712960", "trial_id": 11, "param_name": "random_seed", "param_value_internal": 0, "distribution": "{\"name\": \"CategoricalDistribution\", \"attributes\": {\"choices\": [42]}}"}
{"op_code": 5, "worker_id": "ccf781e5-b7e7-499e-8d7b-e62e4f59fc84-140179217712960", "trial_id": 11, "param_name": "degree", "param_value_internal": 0, "distribution": "{\"name\": \"CategoricalDistribution\", \"attributes\": {\"choices\": [0]}}"}
{"op_code": 8, "worker_id": "ccf781e5-b7e7-499e-8d7b-e62e4f59fc84-140179217712960", "trial_id": 11, "user_attr": {"best_epoch": 2}}
{"op_code": 8, "worker_id": "ccf781e5-b7e7-499e-8d7b-e62e4f59fc84-140179217712960", "trial_id": 11, "user_attr": {"test_loss": 0.4519910106786748}}
{"op_code": 6, "worker_id": "ccf781e5-b7e7-499e-8d7b-e62e4f59fc84-140179217712960", "trial_id": 11, "state": 1, "values": [0.44710001740814154], "datetime_complete": "2024-09-02T13:04:16.149881"}
{"op_code": 4, "worker_id": "ccf781e5-b7e7-499e-8d7b-e62e4f59fc84-140179217712960", "study_id": 0, "datetime_start": "2024-09-02T13:04:16.158825"}
{"op_code": 5, "worker_id": "ccf781e5-b7e7-499e-8d7b-e62e4f59fc84-140179217712960", "trial_id": 12, "param_name": "lr", "param_value_internal": 0.00011637036190606062, "distribution": "{\"name\": \"FloatDistribution\", \"attributes\": {\"step\": null, \"low\": 1e-05, \"high\": 0.001, \"log\": true}}"}
{"op_code": 5, "worker_id": "ccf781e5-b7e7-499e-8d7b-e62e4f59fc84-140179217712960", "trial_id": 12, "param_name": "l2reg", "param_value_internal": 7.340461609226715e-07, "distribution": "{\"name\": \"FloatDistribution\", \"attributes\": {\"step\": null, \"low\": 1e-08, \"high\": 0.001, \"log\": true}}"}
{"op_code": 5, "worker_id": "ccf781e5-b7e7-499e-8d7b-e62e4f59fc84-140179217712960", "trial_id": 12, "param_name": "random_seed", "param_value_internal": 0, "distribution": "{\"name\": \"CategoricalDistribution\", \"attributes\": {\"choices\": [42]}}"}
{"op_code": 5, "worker_id": "ccf781e5-b7e7-499e-8d7b-e62e4f59fc84-140179217712960", "trial_id": 12, "param_name": "degree", "param_value_internal": 0, "distribution": "{\"name\": \"CategoricalDistribution\", \"attributes\": {\"choices\": [0]}}"}
{"op_code": 8, "worker_id": "ccf781e5-b7e7-499e-8d7b-e62e4f59fc84-140179217712960", "trial_id": 12, "user_attr": {"best_epoch": 1}}
{"op_code": 8, "worker_id": "ccf781e5-b7e7-499e-8d7b-e62e4f59fc84-140179217712960", "trial_id": 12, "user_attr": {"test_loss": 0.45221548411667184}}
{"op_code": 6, "worker_id": "ccf781e5-b7e7-499e-8d7b-e62e4f59fc84-140179217712960", "trial_id": 12, "state": 1, "values": [0.4475622875519572], "datetime_complete": "2024-09-02T13:30:55.324727"}
{"op_code": 4, "worker_id": "ccf781e5-b7e7-499e-8d7b-e62e4f59fc84-140179217712960", "study_id": 0, "datetime_start": "2024-09-02T13:30:55.334418"}
{"op_code": 5, "worker_id": "ccf781e5-b7e7-499e-8d7b-e62e4f59fc84-140179217712960", "trial_id": 13, "param_name": "lr", "param_value_internal": 5.125498004298471e-05, "distribution": "{\"name\": \"FloatDistribution\", \"attributes\": {\"step\": null, \"low\": 1e-05, \"high\": 0.001, \"log\": true}}"}
{"op_code": 5, "worker_id": "ccf781e5-b7e7-499e-8d7b-e62e4f59fc84-140179217712960", "trial_id": 13, "param_name": "l2reg", "param_value_internal": 9.167785859319847e-07, "distribution": "{\"name\": \"FloatDistribution\", \"attributes\": {\"step\": null, \"low\": 1e-08, \"high\": 0.001, \"log\": true}}"}
{"op_code": 5, "worker_id": "ccf781e5-b7e7-499e-8d7b-e62e4f59fc84-140179217712960", "trial_id": 13, "param_name": "random_seed", "param_value_internal": 0, "distribution": "{\"name\": \"CategoricalDistribution\", \"attributes\": {\"choices\": [42]}}"}
{"op_code": 5, "worker_id": "ccf781e5-b7e7-499e-8d7b-e62e4f59fc84-140179217712960", "trial_id": 13, "param_name": "degree", "param_value_internal": 0, "distribution": "{\"name\": \"CategoricalDistribution\", \"attributes\": {\"choices\": [0]}}"}
{"op_code": 8, "worker_id": "ccf781e5-b7e7-499e-8d7b-e62e4f59fc84-140179217712960", "trial_id": 13, "user_attr": {"best_epoch": 2}}
{"op_code": 8, "worker_id": "ccf781e5-b7e7-499e-8d7b-e62e4f59fc84-140179217712960", "trial_id": 13, "user_attr": {"test_loss": 0.4518891577649714}}
{"op_code": 6, "worker_id": "ccf781e5-b7e7-499e-8d7b-e62e4f59fc84-140179217712960", "trial_id": 13, "state": 1, "values": [0.44702358955877997], "datetime_complete": "2024-09-02T14:02:36.393368"}
{"op_code": 4, "worker_id": "ccf781e5-b7e7-499e-8d7b-e62e4f59fc84-140179217712960", "study_id": 0, "datetime_start": "2024-09-02T14:02:36.402235"}
{"op_code": 5, "worker_id": "ccf781e5-b7e7-499e-8d7b-e62e4f59fc84-140179217712960", "trial_id": 14, "param_name": "lr", "param_value_internal": 0.0001844887088983445, "distribution": "{\"name\": \"FloatDistribution\", \"attributes\": {\"step\": null, \"low\": 1e-05, \"high\": 0.001, \"log\": true}}"}
{"op_code": 5, "worker_id": "ccf781e5-b7e7-499e-8d7b-e62e4f59fc84-140179217712960", "trial_id": 14, "param_name": "l2reg", "param_value_internal": 1.1474362129890253e-08, "distribution": "{\"name\": \"FloatDistribution\", \"attributes\": {\"step\": null, \"low\": 1e-08, \"high\": 0.001, \"log\": true}}"}
{"op_code": 5, "worker_id": "ccf781e5-b7e7-499e-8d7b-e62e4f59fc84-140179217712960", "trial_id": 14, "param_name": "random_seed", "param_value_internal": 0, "distribution": "{\"name\": \"CategoricalDistribution\", \"attributes\": {\"choices\": [42]}}"}
{"op_code": 5, "worker_id": "ccf781e5-b7e7-499e-8d7b-e62e4f59fc84-140179217712960", "trial_id": 14, "param_name": "degree", "param_value_internal": 0, "distribution": "{\"name\": \"CategoricalDistribution\", \"attributes\": {\"choices\": [0]}}"}
{"op_code": 8, "worker_id": "ccf781e5-b7e7-499e-8d7b-e62e4f59fc84-140179217712960", "trial_id": 14, "user_attr": {"best_epoch": 0}}
{"op_code": 8, "worker_id": "ccf781e5-b7e7-499e-8d7b-e62e4f59fc84-140179217712960", "trial_id": 14, "user_attr": {"test_loss": 0.4527631534944788}}
{"op_code": 6, "worker_id": "ccf781e5-b7e7-499e-8d7b-e62e4f59fc84-140179217712960", "trial_id": 14, "state": 1, "values": [0.44811457611175415], "datetime_complete": "2024-09-02T14:24:13.101666"}
{"op_code": 4, "worker_id": "ccf781e5-b7e7-499e-8d7b-e62e4f59fc84-140179217712960", "study_id": 0, "datetime_start": "2024-09-02T14:24:13.111193"}
{"op_code": 5, "worker_id": "ccf781e5-b7e7-499e-8d7b-e62e4f59fc84-140179217712960", "trial_id": 15, "param_name": "lr", "param_value_internal": 8.363109174799811e-05, "distribution": "{\"name\": \"FloatDistribution\", \"attributes\": {\"step\": null, \"low\": 1e-05, \"high\": 0.001, \"log\": true}}"}
{"op_code": 5, "worker_id": "ccf781e5-b7e7-499e-8d7b-e62e4f59fc84-140179217712960", "trial_id": 15, "param_name": "l2reg", "param_value_internal": 1.451022334753995e-05, "distribution": "{\"name\": \"FloatDistribution\", \"attributes\": {\"step\": null, \"low\": 1e-08, \"high\": 0.001, \"log\": true}}"}
{"op_code": 5, "worker_id": "ccf781e5-b7e7-499e-8d7b-e62e4f59fc84-140179217712960", "trial_id": 15, "param_name": "random_seed", "param_value_internal": 0, "distribution": "{\"name\": \"CategoricalDistribution\", \"attributes\": {\"choices\": [42]}}"}
{"op_code": 5, "worker_id": "ccf781e5-b7e7-499e-8d7b-e62e4f59fc84-140179217712960", "trial_id": 15, "param_name": "degree", "param_value_internal": 0, "distribution": "{\"name\": \"CategoricalDistribution\", \"attributes\": {\"choices\": [0]}}"}
{"op_code": 8, "worker_id": "ccf781e5-b7e7-499e-8d7b-e62e4f59fc84-140179217712960", "trial_id": 15, "user_attr": {"best_epoch": 1}}
{"op_code": 8, "worker_id": "ccf781e5-b7e7-499e-8d7b-e62e4f59fc84-140179217712960", "trial_id": 15, "user_attr": {"test_loss": 0.4515485155052355}}
{"op_code": 6, "worker_id": "ccf781e5-b7e7-499e-8d7b-e62e4f59fc84-140179217712960", "trial_id": 15, "state": 1, "values": [0.44686531290370857], "datetime_complete": "2024-09-02T14:50:53.997382"}
{"op_code": 4, "worker_id": "ccf781e5-b7e7-499e-8d7b-e62e4f59fc84-140179217712960", "study_id": 0, "datetime_start": "2024-09-02T14:50:54.025352"}
{"op_code": 5, "worker_id": "ccf781e5-b7e7-499e-8d7b-e62e4f59fc84-140179217712960", "trial_id": 16, "param_name": "lr", "param_value_internal": 3.1871226756164925e-05, "distribution": "{\"name\": \"FloatDistribution\", \"attributes\": {\"step\": null, \"low\": 1e-05, \"high\": 0.001, \"log\": true}}"}
{"op_code": 5, "worker_id": "ccf781e5-b7e7-499e-8d7b-e62e4f59fc84-140179217712960", "trial_id": 16, "param_name": "l2reg", "param_value_internal": 0.0009322709654916131, "distribution": "{\"name\": \"FloatDistribution\", \"attributes\": {\"step\": null, \"low\": 1e-08, \"high\": 0.001, \"log\": true}}"}
{"op_code": 5, "worker_id": "ccf781e5-b7e7-499e-8d7b-e62e4f59fc84-140179217712960", "trial_id": 16, "param_name": "random_seed", "param_value_internal": 0, "distribution": "{\"name\": \"CategoricalDistribution\", \"attributes\": {\"choices\": [42]}}"}
{"op_code": 5, "worker_id": "ccf781e5-b7e7-499e-8d7b-e62e4f59fc84-140179217712960", "trial_id": 16, "param_name": "degree", "param_value_internal": 0, "distribution": "{\"name\": \"CategoricalDistribution\", \"attributes\": {\"choices\": [0]}}"}
{"op_code": 8, "worker_id": "ccf781e5-b7e7-499e-8d7b-e62e4f59fc84-140179217712960", "trial_id": 16, "user_attr": {"best_epoch": 4}}
{"op_code": 8, "worker_id": "ccf781e5-b7e7-499e-8d7b-e62e4f59fc84-140179217712960", "trial_id": 16, "user_attr": {"test_loss": 0.4525437192561103}}
{"op_code": 6, "worker_id": "ccf781e5-b7e7-499e-8d7b-e62e4f59fc84-140179217712960", "trial_id": 16, "state": 1, "values": [0.4476513515742152], "datetime_complete": "2024-09-02T15:32:39.210176"}
{"op_code": 4, "worker_id": "ccf781e5-b7e7-499e-8d7b-e62e4f59fc84-140179217712960", "study_id": 0, "datetime_start": "2024-09-02T15:32:39.218786"}
{"op_code": 5, "worker_id": "ccf781e5-b7e7-499e-8d7b-e62e4f59fc84-140179217712960", "trial_id": 17, "param_name": "lr", "param_value_internal": 9.200102360207894e-05, "distribution": "{\"name\": \"FloatDistribution\", \"attributes\": {\"step\": null, \"low\": 1e-05, \"high\": 0.001, \"log\": true}}"}
{"op_code": 5, "worker_id": "ccf781e5-b7e7-499e-8d7b-e62e4f59fc84-140179217712960", "trial_id": 17, "param_name": "l2reg", "param_value_internal": 2.2394068450483545e-05, "distribution": "{\"name\": \"FloatDistribution\", \"attributes\": {\"step\": null, \"low\": 1e-08, \"high\": 0.001, \"log\": true}}"}
{"op_code": 5, "worker_id": "ccf781e5-b7e7-499e-8d7b-e62e4f59fc84-140179217712960", "trial_id": 17, "param_name": "random_seed", "param_value_internal": 0, "distribution": "{\"name\": \"CategoricalDistribution\", \"attributes\": {\"choices\": [42]}}"}
{"op_code": 5, "worker_id": "ccf781e5-b7e7-499e-8d7b-e62e4f59fc84-140179217712960", "trial_id": 17, "param_name": "degree", "param_value_internal": 0, "distribution": "{\"name\": \"CategoricalDistribution\", \"attributes\": {\"choices\": [0]}}"}
{"op_code": 8, "worker_id": "ccf781e5-b7e7-499e-8d7b-e62e4f59fc84-140179217712960", "trial_id": 17, "user_attr": {"best_epoch": 1}}
{"op_code": 8, "worker_id": "ccf781e5-b7e7-499e-8d7b-e62e4f59fc84-140179217712960", "trial_id": 17, "user_attr": {"test_loss": 0.4515858895691469}}
{"op_code": 6, "worker_id": "ccf781e5-b7e7-499e-8d7b-e62e4f59fc84-140179217712960", "trial_id": 17, "state": 1, "values": [0.44692322551483815], "datetime_complete": "2024-09-02T15:59:18.828098"}
{"op_code": 4, "worker_id": "ccf781e5-b7e7-499e-8d7b-e62e4f59fc84-140179217712960", "study_id": 0, "datetime_start": "2024-09-02T15:59:18.941755"}
{"op_code": 5, "worker_id": "ccf781e5-b7e7-499e-8d7b-e62e4f59fc84-140179217712960", "trial_id": 18, "param_name": "lr", "param_value_internal": 0.00025210677863149466, "distribution": "{\"name\": \"FloatDistribution\", \"attributes\": {\"step\": null, \"low\": 1e-05, \"high\": 0.001, \"log\": true}}"}
{"op_code": 5, "worker_id": "ccf781e5-b7e7-499e-8d7b-e62e4f59fc84-140179217712960", "trial_id": 18, "param_name": "l2reg", "param_value_internal": 0.0002754118119312833, "distribution": "{\"name\": \"FloatDistribution\", \"attributes\": {\"step\": null, \"low\": 1e-08, \"high\": 0.001, \"log\": true}}"}
{"op_code": 5, "worker_id": "ccf781e5-b7e7-499e-8d7b-e62e4f59fc84-140179217712960", "trial_id": 18, "param_name": "random_seed", "param_value_internal": 0, "distribution": "{\"name\": \"CategoricalDistribution\", \"attributes\": {\"choices\": [42]}}"}
{"op_code": 5, "worker_id": "ccf781e5-b7e7-499e-8d7b-e62e4f59fc84-140179217712960", "trial_id": 18, "param_name": "degree", "param_value_internal": 0, "distribution": "{\"name\": \"CategoricalDistribution\", \"attributes\": {\"choices\": [0]}}"}
{"op_code": 8, "worker_id": "ccf781e5-b7e7-499e-8d7b-e62e4f59fc84-140179217712960", "trial_id": 18, "user_attr": {"best_epoch": 0}}
{"op_code": 8, "worker_id": "ccf781e5-b7e7-499e-8d7b-e62e4f59fc84-140179217712960", "trial_id": 18, "user_attr": {"test_loss": 0.452878482449613}}
{"op_code": 6, "worker_id": "ccf781e5-b7e7-499e-8d7b-e62e4f59fc84-140179217712960", "trial_id": 18, "state": 1, "values": [0.4482638432900777], "datetime_complete": "2024-09-02T16:20:54.894430"}
{"op_code": 4, "worker_id": "ccf781e5-b7e7-499e-8d7b-e62e4f59fc84-140179217712960", "study_id": 0, "datetime_start": "2024-09-02T16:20:54.903710"}
{"op_code": 5, "worker_id": "ccf781e5-b7e7-499e-8d7b-e62e4f59fc84-140179217712960", "trial_id": 19, "param_name": "lr", "param_value_internal": 0.00011621521339531474, "distribution": "{\"name\": \"FloatDistribution\", \"attributes\": {\"step\": null, \"low\": 1e-05, \"high\": 0.001, \"log\": true}}"}
{"op_code": 5, "worker_id": "ccf781e5-b7e7-499e-8d7b-e62e4f59fc84-140179217712960", "trial_id": 19, "param_name": "l2reg", "param_value_internal": 0.00012013086714180311, "distribution": "{\"name\": \"FloatDistribution\", \"attributes\": {\"step\": null, \"low\": 1e-08, \"high\": 0.001, \"log\": true}}"}
{"op_code": 5, "worker_id": "ccf781e5-b7e7-499e-8d7b-e62e4f59fc84-140179217712960", "trial_id": 19, "param_name": "random_seed", "param_value_internal": 0, "distribution": "{\"name\": \"CategoricalDistribution\", \"attributes\": {\"choices\": [42]}}"}
{"op_code": 5, "worker_id": "ccf781e5-b7e7-499e-8d7b-e62e4f59fc84-140179217712960", "trial_id": 19, "param_name": "degree", "param_value_internal": 0, "distribution": "{\"name\": \"CategoricalDistribution\", \"attributes\": {\"choices\": [0]}}"}
{"op_code": 8, "worker_id": "ccf781e5-b7e7-499e-8d7b-e62e4f59fc84-140179217712960", "trial_id": 19, "user_attr": {"best_epoch": 1}}
{"op_code": 8, "worker_id": "ccf781e5-b7e7-499e-8d7b-e62e4f59fc84-140179217712960", "trial_id": 19, "user_attr": {"test_loss": 0.45221017768676}}
{"op_code": 6, "worker_id": "ccf781e5-b7e7-499e-8d7b-e62e4f59fc84-140179217712960", "trial_id": 19, "state": 1, "values": [0.44755648483811955], "datetime_complete": "2024-09-02T16:47:33.140786"}
{"op_code": 4, "worker_id": "ccf781e5-b7e7-499e-8d7b-e62e4f59fc84-140179217712960", "study_id": 0, "datetime_start": "2024-09-02T16:47:33.149912"}
{"op_code": 5, "worker_id": "ccf781e5-b7e7-499e-8d7b-e62e4f59fc84-140179217712960", "trial_id": 20, "param_name": "lr", "param_value_internal": 3.0216877678758938e-05, "distribution": "{\"name\": \"FloatDistribution\", \"attributes\": {\"step\": null, \"low\": 1e-05, \"high\": 0.001, \"log\": true}}"}
{"op_code": 5, "worker_id": "ccf781e5-b7e7-499e-8d7b-e62e4f59fc84-140179217712960", "trial_id": 20, "param_name": "l2reg", "param_value_internal": 4.354060558634511e-06, "distribution": "{\"name\": \"FloatDistribution\", \"attributes\": {\"step\": null, \"low\": 1e-08, \"high\": 0.001, \"log\": true}}"}
{"op_code": 5, "worker_id": "ccf781e5-b7e7-499e-8d7b-e62e4f59fc84-140179217712960", "trial_id": 20, "param_name": "random_seed", "param_value_internal": 0, "distribution": "{\"name\": \"CategoricalDistribution\", \"attributes\": {\"choices\": [42]}}"}
{"op_code": 5, "worker_id": "ccf781e5-b7e7-499e-8d7b-e62e4f59fc84-140179217712960", "trial_id": 20, "param_name": "degree", "param_value_internal": 0, "distribution": "{\"name\": \"CategoricalDistribution\", \"attributes\": {\"choices\": [0]}}"}
{"op_code": 8, "worker_id": "ccf781e5-b7e7-499e-8d7b-e62e4f59fc84-140179217712960", "trial_id": 20, "user_attr": {"best_epoch": 4}}
{"op_code": 8, "worker_id": "ccf781e5-b7e7-499e-8d7b-e62e4f59fc84-140179217712960", "trial_id": 20, "user_attr": {"test_loss": 0.45256295983651}}
{"op_code": 6, "worker_id": "ccf781e5-b7e7-499e-8d7b-e62e4f59fc84-140179217712960", "trial_id": 20, "state": 1, "values": [0.4476751350657997], "datetime_complete": "2024-09-02T17:29:18.942701"}
{"op_code": 4, "worker_id": "ccf781e5-b7e7-499e-8d7b-e62e4f59fc84-140179217712960", "study_id": 0, "datetime_start": "2024-09-02T17:29:18.951894"}
{"op_code": 5, "worker_id": "ccf781e5-b7e7-499e-8d7b-e62e4f59fc84-140179217712960", "trial_id": 21, "param_name": "lr", "param_value_internal": 8.200188192798481e-05, "distribution": "{\"name\": \"FloatDistribution\", \"attributes\": {\"step\": null, \"low\": 1e-05, \"high\": 0.001, \"log\": true}}"}
{"op_code": 5, "worker_id": "ccf781e5-b7e7-499e-8d7b-e62e4f59fc84-140179217712960", "trial_id": 21, "param_name": "l2reg", "param_value_internal": 1.9425464791273335e-05, "distribution": "{\"name\": \"FloatDistribution\", \"attributes\": {\"step\": null, \"low\": 1e-08, \"high\": 0.001, \"log\": true}}"}
{"op_code": 5, "worker_id": "ccf781e5-b7e7-499e-8d7b-e62e4f59fc84-140179217712960", "trial_id": 21, "param_name": "random_seed", "param_value_internal": 0, "distribution": "{\"name\": \"CategoricalDistribution\", \"attributes\": {\"choices\": [42]}}"}
{"op_code": 5, "worker_id": "ccf781e5-b7e7-499e-8d7b-e62e4f59fc84-140179217712960", "trial_id": 21, "param_name": "degree", "param_value_internal": 0, "distribution": "{\"name\": \"CategoricalDistribution\", \"attributes\": {\"choices\": [0]}}"}
{"op_code": 8, "worker_id": "ccf781e5-b7e7-499e-8d7b-e62e4f59fc84-140179217712960", "trial_id": 21, "user_attr": {"best_epoch": 1}}
{"op_code": 8, "worker_id": "ccf781e5-b7e7-499e-8d7b-e62e4f59fc84-140179217712960", "trial_id": 21, "user_attr": {"test_loss": 0.45155939559534247}}
{"op_code": 6, "worker_id": "ccf781e5-b7e7-499e-8d7b-e62e4f59fc84-140179217712960", "trial_id": 21, "state": 1, "values": [0.4468701612238229], "datetime_complete": "2024-09-02T17:55:58.268510"}
{"op_code": 4, "worker_id": "ccf781e5-b7e7-499e-8d7b-e62e4f59fc84-140179217712960", "study_id": 0, "datetime_start": "2024-09-02T17:55:58.277407"}
{"op_code": 5, "worker_id": "ccf781e5-b7e7-499e-8d7b-e62e4f59fc84-140179217712960", "trial_id": 22, "param_name": "lr", "param_value_internal": 4.9575472370886464e-05, "distribution": "{\"name\": \"FloatDistribution\", \"attributes\": {\"step\": null, \"low\": 1e-05, \"high\": 0.001, \"log\": true}}"}
{"op_code": 5, "worker_id": "ccf781e5-b7e7-499e-8d7b-e62e4f59fc84-140179217712960", "trial_id": 22, "param_name": "l2reg", "param_value_internal": 3.1236863042323226e-05, "distribution": "{\"name\": \"FloatDistribution\", \"attributes\": {\"step\": null, \"low\": 1e-08, \"high\": 0.001, \"log\": true}}"}
{"op_code": 5, "worker_id": "ccf781e5-b7e7-499e-8d7b-e62e4f59fc84-140179217712960", "trial_id": 22, "param_name": "random_seed", "param_value_internal": 0, "distribution": "{\"name\": \"CategoricalDistribution\", \"attributes\": {\"choices\": [42]}}"}
{"op_code": 5, "worker_id": "ccf781e5-b7e7-499e-8d7b-e62e4f59fc84-140179217712960", "trial_id": 22, "param_name": "degree", "param_value_internal": 0, "distribution": "{\"name\": \"CategoricalDistribution\", \"attributes\": {\"choices\": [0]}}"}
{"op_code": 8, "worker_id": "ccf781e5-b7e7-499e-8d7b-e62e4f59fc84-140179217712960", "trial_id": 22, "user_attr": {"best_epoch": 2}}
{"op_code": 8, "worker_id": "ccf781e5-b7e7-499e-8d7b-e62e4f59fc84-140179217712960", "trial_id": 22, "user_attr": {"test_loss": 0.4519542856025944}}
{"op_code": 6, "worker_id": "ccf781e5-b7e7-499e-8d7b-e62e4f59fc84-140179217712960", "trial_id": 22, "state": 1, "values": [0.4470931839490827], "datetime_complete": "2024-09-02T18:27:38.199027"}
{"op_code": 4, "worker_id": "ccf781e5-b7e7-499e-8d7b-e62e4f59fc84-140179217712960", "study_id": 0, "datetime_start": "2024-09-02T18:27:38.207788"}
{"op_code": 5, "worker_id": "ccf781e5-b7e7-499e-8d7b-e62e4f59fc84-140179217712960", "trial_id": 23, "param_name": "lr", "param_value_internal": 8.40992677053764e-05, "distribution": "{\"name\": \"FloatDistribution\", \"attributes\": {\"step\": null, \"low\": 1e-05, \"high\": 0.001, \"log\": true}}"}
{"op_code": 5, "worker_id": "ccf781e5-b7e7-499e-8d7b-e62e4f59fc84-140179217712960", "trial_id": 23, "param_name": "l2reg", "param_value_internal": 9.264213165768467e-06, "distribution": "{\"name\": \"FloatDistribution\", \"attributes\": {\"step\": null, \"low\": 1e-08, \"high\": 0.001, \"log\": true}}"}
{"op_code": 5, "worker_id": "ccf781e5-b7e7-499e-8d7b-e62e4f59fc84-140179217712960", "trial_id": 23, "param_name": "random_seed", "param_value_internal": 0, "distribution": "{\"name\": \"CategoricalDistribution\", \"attributes\": {\"choices\": [42]}}"}
{"op_code": 5, "worker_id": "ccf781e5-b7e7-499e-8d7b-e62e4f59fc84-140179217712960", "trial_id": 23, "param_name": "degree", "param_value_internal": 0, "distribution": "{\"name\": \"CategoricalDistribution\", \"attributes\": {\"choices\": [0]}}"}
{"op_code": 8, "worker_id": "ccf781e5-b7e7-499e-8d7b-e62e4f59fc84-140179217712960", "trial_id": 23, "user_attr": {"best_epoch": 1}}
{"op_code": 8, "worker_id": "ccf781e5-b7e7-499e-8d7b-e62e4f59fc84-140179217712960", "trial_id": 23, "user_attr": {"test_loss": 0.4515470266507998}}
{"op_code": 6, "worker_id": "ccf781e5-b7e7-499e-8d7b-e62e4f59fc84-140179217712960", "trial_id": 23, "state": 1, "values": [0.4468649693219682], "datetime_complete": "2024-09-02T18:54:15.457848"}
{"op_code": 4, "worker_id": "ccf781e5-b7e7-499e-8d7b-e62e4f59fc84-140179217712960", "study_id": 0, "datetime_start": "2024-09-02T18:54:15.466850"}
{"op_code": 5, "worker_id": "ccf781e5-b7e7-499e-8d7b-e62e4f59fc84-140179217712960", "trial_id": 24, "param_name": "lr", "param_value_internal": 8.767060687407685e-05, "distribution": "{\"name\": \"FloatDistribution\", \"attributes\": {\"step\": null, \"low\": 1e-05, \"high\": 0.001, \"log\": true}}"}
{"op_code": 5, "worker_id": "ccf781e5-b7e7-499e-8d7b-e62e4f59fc84-140179217712960", "trial_id": 24, "param_name": "l2reg", "param_value_internal": 1.3156870127692391e-05, "distribution": "{\"name\": \"FloatDistribution\", \"attributes\": {\"step\": null, \"low\": 1e-08, \"high\": 0.001, \"log\": true}}"}
{"op_code": 5, "worker_id": "ccf781e5-b7e7-499e-8d7b-e62e4f59fc84-140179217712960", "trial_id": 24, "param_name": "random_seed", "param_value_internal": 0, "distribution": "{\"name\": \"CategoricalDistribution\", \"attributes\": {\"choices\": [42]}}"}
{"op_code": 5, "worker_id": "ccf781e5-b7e7-499e-8d7b-e62e4f59fc84-140179217712960", "trial_id": 24, "param_name": "degree", "param_value_internal": 0, "distribution": "{\"name\": \"CategoricalDistribution\", \"attributes\": {\"choices\": [0]}}"}
{"op_code": 8, "worker_id": "ccf781e5-b7e7-499e-8d7b-e62e4f59fc84-140179217712960", "trial_id": 24, "user_attr": {"best_epoch": 1}}
{"op_code": 8, "worker_id": "ccf781e5-b7e7-499e-8d7b-e62e4f59fc84-140179217712960", "trial_id": 24, "user_attr": {"test_loss": 0.4515493171960855}}
{"op_code": 6, "worker_id": "ccf781e5-b7e7-499e-8d7b-e62e4f59fc84-140179217712960", "trial_id": 24, "state": 1, "values": [0.44687745279186886], "datetime_complete": "2024-09-02T19:20:54.526791"}
{"op_code": 4, "worker_id": "ccf781e5-b7e7-499e-8d7b-e62e4f59fc84-140179217712960", "study_id": 0, "datetime_start": "2024-09-02T19:20:54.538640"}
{"op_code": 5, "worker_id": "ccf781e5-b7e7-499e-8d7b-e62e4f59fc84-140179217712960", "trial_id": 25, "param_name": "lr", "param_value_internal": 0.00016214826008261309, "distribution": "{\"name\": \"FloatDistribution\", \"attributes\": {\"step\": null, \"low\": 1e-05, \"high\": 0.001, \"log\": true}}"}
{"op_code": 5, "worker_id": "ccf781e5-b7e7-499e-8d7b-e62e4f59fc84-140179217712960", "trial_id": 25, "param_name": "l2reg", "param_value_internal": 1.921238481576161e-06, "distribution": "{\"name\": \"FloatDistribution\", \"attributes\": {\"step\": null, \"low\": 1e-08, \"high\": 0.001, \"log\": true}}"}
{"op_code": 5, "worker_id": "ccf781e5-b7e7-499e-8d7b-e62e4f59fc84-140179217712960", "trial_id": 25, "param_name": "random_seed", "param_value_internal": 0, "distribution": "{\"name\": \"CategoricalDistribution\", \"attributes\": {\"choices\": [42]}}"}
{"op_code": 5, "worker_id": "ccf781e5-b7e7-499e-8d7b-e62e4f59fc84-140179217712960", "trial_id": 25, "param_name": "degree", "param_value_internal": 0, "distribution": "{\"name\": \"CategoricalDistribution\", \"attributes\": {\"choices\": [0]}}"}
{"op_code": 8, "worker_id": "ccf781e5-b7e7-499e-8d7b-e62e4f59fc84-140179217712960", "trial_id": 25, "user_attr": {"best_epoch": 0}}
{"op_code": 8, "worker_id": "ccf781e5-b7e7-499e-8d7b-e62e4f59fc84-140179217712960", "trial_id": 25, "user_attr": {"test_loss": 0.45286901486243214}}
{"op_code": 6, "worker_id": "ccf781e5-b7e7-499e-8d7b-e62e4f59fc84-140179217712960", "trial_id": 25, "state": 1, "values": [0.44820425094599503], "datetime_complete": "2024-09-02T19:42:30.184665"}
{"op_code": 4, "worker_id": "ccf781e5-b7e7-499e-8d7b-e62e4f59fc84-140179217712960", "study_id": 0, "datetime_start": "2024-09-02T19:42:30.193459"}
{"op_code": 5, "worker_id": "ccf781e5-b7e7-499e-8d7b-e62e4f59fc84-140179217712960", "trial_id": 26, "param_name": "lr", "param_value_internal": 0.0001256659796871173, "distribution": "{\"name\": \"FloatDistribution\", \"attributes\": {\"step\": null, \"low\": 1e-05, \"high\": 0.001, \"log\": true}}"}
{"op_code": 5, "worker_id": "ccf781e5-b7e7-499e-8d7b-e62e4f59fc84-140179217712960", "trial_id": 26, "param_name": "l2reg", "param_value_internal": 6.610444698829873e-06, "distribution": "{\"name\": \"FloatDistribution\", \"attributes\": {\"step\": null, \"low\": 1e-08, \"high\": 0.001, \"log\": true}}"}
{"op_code": 5, "worker_id": "ccf781e5-b7e7-499e-8d7b-e62e4f59fc84-140179217712960", "trial_id": 26, "param_name": "random_seed", "param_value_internal": 0, "distribution": "{\"name\": \"CategoricalDistribution\", \"attributes\": {\"choices\": [42]}}"}
{"op_code": 5, "worker_id": "ccf781e5-b7e7-499e-8d7b-e62e4f59fc84-140179217712960", "trial_id": 26, "param_name": "degree", "param_value_internal": 0, "distribution": "{\"name\": \"CategoricalDistribution\", \"attributes\": {\"choices\": [0]}}"}
{"op_code": 8, "worker_id": "ccf781e5-b7e7-499e-8d7b-e62e4f59fc84-140179217712960", "trial_id": 26, "user_attr": {"best_epoch": 1}}
{"op_code": 8, "worker_id": "ccf781e5-b7e7-499e-8d7b-e62e4f59fc84-140179217712960", "trial_id": 26, "user_attr": {"test_loss": 0.4525738781023718}}
{"op_code": 6, "worker_id": "ccf781e5-b7e7-499e-8d7b-e62e4f59fc84-140179217712960", "trial_id": 26, "state": 1, "values": [0.44791232099391326], "datetime_complete": "2024-09-02T20:09:08.910879"}
{"op_code": 4, "worker_id": "ccf781e5-b7e7-499e-8d7b-e62e4f59fc84-140179217712960", "study_id": 0, "datetime_start": "2024-09-02T20:09:08.919617"}
{"op_code": 5, "worker_id": "ccf781e5-b7e7-499e-8d7b-e62e4f59fc84-140179217712960", "trial_id": 27, "param_name": "lr", "param_value_internal": 0.00023793537960598534, "distribution": "{\"name\": \"FloatDistribution\", \"attributes\": {\"step\": null, \"low\": 1e-05, \"high\": 0.001, \"log\": true}}"}
{"op_code": 5, "worker_id": "ccf781e5-b7e7-499e-8d7b-e62e4f59fc84-140179217712960", "trial_id": 27, "param_name": "l2reg", "param_value_internal": 2.027795698360752e-06, "distribution": "{\"name\": \"FloatDistribution\", \"attributes\": {\"step\": null, \"low\": 1e-08, \"high\": 0.001, \"log\": true}}"}
{"op_code": 5, "worker_id": "ccf781e5-b7e7-499e-8d7b-e62e4f59fc84-140179217712960", "trial_id": 27, "param_name": "random_seed", "param_value_internal": 0, "distribution": "{\"name\": \"CategoricalDistribution\", \"attributes\": {\"choices\": [42]}}"}
{"op_code": 5, "worker_id": "ccf781e5-b7e7-499e-8d7b-e62e4f59fc84-140179217712960", "trial_id": 27, "param_name": "degree", "param_value_internal": 0, "distribution": "{\"name\": \"CategoricalDistribution\", \"attributes\": {\"choices\": [0]}}"}
{"op_code": 8, "worker_id": "ccf781e5-b7e7-499e-8d7b-e62e4f59fc84-140179217712960", "trial_id": 27, "user_attr": {"best_epoch": 0}}
{"op_code": 8, "worker_id": "ccf781e5-b7e7-499e-8d7b-e62e4f59fc84-140179217712960", "trial_id": 27, "user_attr": {"test_loss": 0.4528442006218372}}
{"op_code": 6, "worker_id": "ccf781e5-b7e7-499e-8d7b-e62e4f59fc84-140179217712960", "trial_id": 27, "state": 1, "values": [0.4482254003109033], "datetime_complete": "2024-09-02T20:30:44.664533"}
{"op_code": 4, "worker_id": "ccf781e5-b7e7-499e-8d7b-e62e4f59fc84-140179217712960", "study_id": 0, "datetime_start": "2024-09-02T20:30:44.684115"}
{"op_code": 5, "worker_id": "ccf781e5-b7e7-499e-8d7b-e62e4f59fc84-140179217712960", "trial_id": 28, "param_name": "lr", "param_value_internal": 0.00038899244230270835, "distribution": "{\"name\": \"FloatDistribution\", \"attributes\": {\"step\": null, \"low\": 1e-05, \"high\": 0.001, \"log\": true}}"}
{"op_code": 5, "worker_id": "ccf781e5-b7e7-499e-8d7b-e62e4f59fc84-140179217712960", "trial_id": 28, "param_name": "l2reg", "param_value_internal": 6.743192826244925e-05, "distribution": "{\"name\": \"FloatDistribution\", \"attributes\": {\"step\": null, \"low\": 1e-08, \"high\": 0.001, \"log\": true}}"}
{"op_code": 5, "worker_id": "ccf781e5-b7e7-499e-8d7b-e62e4f59fc84-140179217712960", "trial_id": 28, "param_name": "random_seed", "param_value_internal": 0, "distribution": "{\"name\": \"CategoricalDistribution\", \"attributes\": {\"choices\": [42]}}"}
{"op_code": 5, "worker_id": "ccf781e5-b7e7-499e-8d7b-e62e4f59fc84-140179217712960", "trial_id": 28, "param_name": "degree", "param_value_internal": 0, "distribution": "{\"name\": \"CategoricalDistribution\", \"attributes\": {\"choices\": [0]}}"}
{"op_code": 8, "worker_id": "ccf781e5-b7e7-499e-8d7b-e62e4f59fc84-140179217712960", "trial_id": 28, "user_attr": {"best_epoch": 0}}
{"op_code": 8, "worker_id": "ccf781e5-b7e7-499e-8d7b-e62e4f59fc84-140179217712960", "trial_id": 28, "user_attr": {"test_loss": 0.4531210511953669}}
{"op_code": 6, "worker_id": "ccf781e5-b7e7-499e-8d7b-e62e4f59fc84-140179217712960", "trial_id": 28, "state": 1, "values": [0.44852985190863476], "datetime_complete": "2024-09-02T20:52:19.924711"}
{"op_code": 4, "worker_id": "ccf781e5-b7e7-499e-8d7b-e62e4f59fc84-140179217712960", "study_id": 0, "datetime_start": "2024-09-02T20:52:19.934238"}
{"op_code": 5, "worker_id": "ccf781e5-b7e7-499e-8d7b-e62e4f59fc84-140179217712960", "trial_id": 29, "param_name": "lr", "param_value_internal": 7.747114171708362e-05, "distribution": "{\"name\": \"FloatDistribution\", \"attributes\": {\"step\": null, \"low\": 1e-05, \"high\": 0.001, \"log\": true}}"}
{"op_code": 5, "worker_id": "ccf781e5-b7e7-499e-8d7b-e62e4f59fc84-140179217712960", "trial_id": 29, "param_name": "l2reg", "param_value_internal": 1.6964061594529277e-05, "distribution": "{\"name\": \"FloatDistribution\", \"attributes\": {\"step\": null, \"low\": 1e-08, \"high\": 0.001, \"log\": true}}"}
{"op_code": 5, "worker_id": "ccf781e5-b7e7-499e-8d7b-e62e4f59fc84-140179217712960", "trial_id": 29, "param_name": "random_seed", "param_value_internal": 0, "distribution": "{\"name\": \"CategoricalDistribution\", \"attributes\": {\"choices\": [42]}}"}
{"op_code": 5, "worker_id": "ccf781e5-b7e7-499e-8d7b-e62e4f59fc84-140179217712960", "trial_id": 29, "param_name": "degree", "param_value_internal": 0, "distribution": "{\"name\": \"CategoricalDistribution\", \"attributes\": {\"choices\": [0]}}"}
{"op_code": 8, "worker_id": "ccf781e5-b7e7-499e-8d7b-e62e4f59fc84-140179217712960", "trial_id": 29, "user_attr": {"best_epoch": 1}}
{"op_code": 8, "worker_id": "ccf781e5-b7e7-499e-8d7b-e62e4f59fc84-140179217712960", "trial_id": 29, "user_attr": {"test_loss": 0.45162391262088925}}
{"op_code": 6, "worker_id": "ccf781e5-b7e7-499e-8d7b-e62e4f59fc84-140179217712960", "trial_id": 29, "state": 1, "values": [0.4469177663827409], "datetime_complete": "2024-09-02T21:18:58.722374"}
{"op_code": 4, "worker_id": "ccf781e5-b7e7-499e-8d7b-e62e4f59fc84-140179217712960", "study_id": 0, "datetime_start": "2024-09-02T21:18:58.732396"}
{"op_code": 5, "worker_id": "ccf781e5-b7e7-499e-8d7b-e62e4f59fc84-140179217712960", "trial_id": 30, "param_name": "lr", "param_value_internal": 4.134477601877772e-05, "distribution": "{\"name\": \"FloatDistribution\", \"attributes\": {\"step\": null, \"low\": 1e-05, \"high\": 0.001, \"log\": true}}"}
{"op_code": 5, "worker_id": "ccf781e5-b7e7-499e-8d7b-e62e4f59fc84-140179217712960", "trial_id": 30, "param_name": "l2reg", "param_value_internal": 5.728845685542995e-05, "distribution": "{\"name\": \"FloatDistribution\", \"attributes\": {\"step\": null, \"low\": 1e-08, \"high\": 0.001, \"log\": true}}"}
{"op_code": 5, "worker_id": "ccf781e5-b7e7-499e-8d7b-e62e4f59fc84-140179217712960", "trial_id": 30, "param_name": "random_seed", "param_value_internal": 0, "distribution": "{\"name\": \"CategoricalDistribution\", \"attributes\": {\"choices\": [42]}}"}
{"op_code": 5, "worker_id": "ccf781e5-b7e7-499e-8d7b-e62e4f59fc84-140179217712960", "trial_id": 30, "param_name": "degree", "param_value_internal": 0, "distribution": "{\"name\": \"CategoricalDistribution\", \"attributes\": {\"choices\": [0]}}"}
{"op_code": 8, "worker_id": "ccf781e5-b7e7-499e-8d7b-e62e4f59fc84-140179217712960", "trial_id": 30, "user_attr": {"best_epoch": 3}}
{"op_code": 8, "worker_id": "ccf781e5-b7e7-499e-8d7b-e62e4f59fc84-140179217712960", "trial_id": 30, "user_attr": {"test_loss": 0.4525497128496078}}
{"op_code": 6, "worker_id": "ccf781e5-b7e7-499e-8d7b-e62e4f59fc84-140179217712960", "trial_id": 30, "state": 1, "values": [0.4477228165762156], "datetime_complete": "2024-09-02T21:55:41.037928"}
{"op_code": 4, "worker_id": "ccf781e5-b7e7-499e-8d7b-e62e4f59fc84-140179217712960", "study_id": 0, "datetime_start": "2024-09-02T21:55:41.047093"}
{"op_code": 5, "worker_id": "ccf781e5-b7e7-499e-8d7b-e62e4f59fc84-140179217712960", "trial_id": 31, "param_name": "lr", "param_value_internal": 8.969721105834134e-05, "distribution": "{\"name\": \"FloatDistribution\", \"attributes\": {\"step\": null, \"low\": 1e-05, \"high\": 0.001, \"log\": true}}"}
{"op_code": 5, "worker_id": "ccf781e5-b7e7-499e-8d7b-e62e4f59fc84-140179217712960", "trial_id": 31, "param_name": "l2reg", "param_value_internal": 1.0662425835927784e-05, "distribution": "{\"name\": \"FloatDistribution\", \"attributes\": {\"step\": null, \"low\": 1e-08, \"high\": 0.001, \"log\": true}}"}
{"op_code": 5, "worker_id": "ccf781e5-b7e7-499e-8d7b-e62e4f59fc84-140179217712960", "trial_id": 31, "param_name": "random_seed", "param_value_internal": 0, "distribution": "{\"name\": \"CategoricalDistribution\", \"attributes\": {\"choices\": [42]}}"}
{"op_code": 5, "worker_id": "ccf781e5-b7e7-499e-8d7b-e62e4f59fc84-140179217712960", "trial_id": 31, "param_name": "degree", "param_value_internal": 0, "distribution": "{\"name\": \"CategoricalDistribution\", \"attributes\": {\"choices\": [0]}}"}
{"op_code": 8, "worker_id": "ccf781e5-b7e7-499e-8d7b-e62e4f59fc84-140179217712960", "trial_id": 31, "user_attr": {"best_epoch": 1}}
{"op_code": 8, "worker_id": "ccf781e5-b7e7-499e-8d7b-e62e4f59fc84-140179217712960", "trial_id": 31, "user_attr": {"test_loss": 0.45156222060119483}}
{"op_code": 6, "worker_id": "ccf781e5-b7e7-499e-8d7b-e62e4f59fc84-140179217712960", "trial_id": 31, "state": 1, "values": [0.44689497546062856], "datetime_complete": "2024-09-02T22:22:21.325516"}
{"op_code": 4, "worker_id": "ccf781e5-b7e7-499e-8d7b-e62e4f59fc84-140179217712960", "study_id": 0, "datetime_start": "2024-09-02T22:22:21.334078"}
{"op_code": 5, "worker_id": "ccf781e5-b7e7-499e-8d7b-e62e4f59fc84-140179217712960", "trial_id": 32, "param_name": "lr", "param_value_internal": 6.341372231017152e-05, "distribution": "{\"name\": \"FloatDistribution\", \"attributes\": {\"step\": null, \"low\": 1e-05, \"high\": 0.001, \"log\": true}}"}
{"op_code": 5, "worker_id": "ccf781e5-b7e7-499e-8d7b-e62e4f59fc84-140179217712960", "trial_id": 32, "param_name": "l2reg", "param_value_internal": 1.162980202565946e-05, "distribution": "{\"name\": \"FloatDistribution\", \"attributes\": {\"step\": null, \"low\": 1e-08, \"high\": 0.001, \"log\": true}}"}
{"op_code": 5, "worker_id": "ccf781e5-b7e7-499e-8d7b-e62e4f59fc84-140179217712960", "trial_id": 32, "param_name": "random_seed", "param_value_internal": 0, "distribution": "{\"name\": \"CategoricalDistribution\", \"attributes\": {\"choices\": [42]}}"}
{"op_code": 5, "worker_id": "ccf781e5-b7e7-499e-8d7b-e62e4f59fc84-140179217712960", "trial_id": 32, "param_name": "degree", "param_value_internal": 0, "distribution": "{\"name\": \"CategoricalDistribution\", \"attributes\": {\"choices\": [0]}}"}
{"op_code": 8, "worker_id": "ccf781e5-b7e7-499e-8d7b-e62e4f59fc84-140179217712960", "trial_id": 32, "user_attr": {"best_epoch": 2}}
{"op_code": 8, "worker_id": "ccf781e5-b7e7-499e-8d7b-e62e4f59fc84-140179217712960", "trial_id": 32, "user_attr": {"test_loss": 0.45200601375029603}}
{"op_code": 6, "worker_id": "ccf781e5-b7e7-499e-8d7b-e62e4f59fc84-140179217712960", "trial_id": 32, "state": 1, "values": [0.4471145241927356], "datetime_complete": "2024-09-02T22:54:01.220262"}
{"op_code": 4, "worker_id": "ccf781e5-b7e7-499e-8d7b-e62e4f59fc84-140179217712960", "study_id": 0, "datetime_start": "2024-09-02T22:54:01.228862"}
{"op_code": 5, "worker_id": "ccf781e5-b7e7-499e-8d7b-e62e4f59fc84-140179217712960", "trial_id": 33, "param_name": "lr", "param_value_internal": 9.624871669679541e-05, "distribution": "{\"name\": \"FloatDistribution\", \"attributes\": {\"step\": null, \"low\": 1e-05, \"high\": 0.001, \"log\": true}}"}
{"op_code": 5, "worker_id": "ccf781e5-b7e7-499e-8d7b-e62e4f59fc84-140179217712960", "trial_id": 33, "param_name": "l2reg", "param_value_internal": 2.507392767145136e-06, "distribution": "{\"name\": \"FloatDistribution\", \"attributes\": {\"step\": null, \"low\": 1e-08, \"high\": 0.001, \"log\": true}}"}
{"op_code": 5, "worker_id": "ccf781e5-b7e7-499e-8d7b-e62e4f59fc84-140179217712960", "trial_id": 33, "param_name": "random_seed", "param_value_internal": 0, "distribution": "{\"name\": \"CategoricalDistribution\", \"attributes\": {\"choices\": [42]}}"}
{"op_code": 5, "worker_id": "ccf781e5-b7e7-499e-8d7b-e62e4f59fc84-140179217712960", "trial_id": 33, "param_name": "degree", "param_value_internal": 0, "distribution": "{\"name\": \"CategoricalDistribution\", \"attributes\": {\"choices\": [0]}}"}
{"op_code": 8, "worker_id": "ccf781e5-b7e7-499e-8d7b-e62e4f59fc84-140179217712960", "trial_id": 33, "user_attr": {"best_epoch": 1}}
{"op_code": 8, "worker_id": "ccf781e5-b7e7-499e-8d7b-e62e4f59fc84-140179217712960", "trial_id": 33, "user_attr": {"test_loss": 0.45165063564922225}}
{"op_code": 6, "worker_id": "ccf781e5-b7e7-499e-8d7b-e62e4f59fc84-140179217712960", "trial_id": 33, "state": 1, "values": [0.44699457598959175], "datetime_complete": "2024-09-02T23:20:39.261412"}
{"op_code": 4, "worker_id": "ccf781e5-b7e7-499e-8d7b-e62e4f59fc84-140179217712960", "study_id": 0, "datetime_start": "2024-09-02T23:20:39.270409"}
{"op_code": 5, "worker_id": "ccf781e5-b7e7-499e-8d7b-e62e4f59fc84-140179217712960", "trial_id": 34, "param_name": "lr", "param_value_internal": 0.00013811759951927685, "distribution": "{\"name\": \"FloatDistribution\", \"attributes\": {\"step\": null, \"low\": 1e-05, \"high\": 0.001, \"log\": true}}"}
{"op_code": 5, "worker_id": "ccf781e5-b7e7-499e-8d7b-e62e4f59fc84-140179217712960", "trial_id": 34, "param_name": "l2reg", "param_value_internal": 7.655283128517508e-06, "distribution": "{\"name\": \"FloatDistribution\", \"attributes\": {\"step\": null, \"low\": 1e-08, \"high\": 0.001, \"log\": true}}"}
{"op_code": 5, "worker_id": "ccf781e5-b7e7-499e-8d7b-e62e4f59fc84-140179217712960", "trial_id": 34, "param_name": "random_seed", "param_value_internal": 0, "distribution": "{\"name\": \"CategoricalDistribution\", \"attributes\": {\"choices\": [42]}}"}
{"op_code": 5, "worker_id": "ccf781e5-b7e7-499e-8d7b-e62e4f59fc84-140179217712960", "trial_id": 34, "param_name": "degree", "param_value_internal": 0, "distribution": "{\"name\": \"CategoricalDistribution\", \"attributes\": {\"choices\": [0]}}"}
{"op_code": 8, "worker_id": "ccf781e5-b7e7-499e-8d7b-e62e4f59fc84-140179217712960", "trial_id": 34, "user_attr": {"best_epoch": 1}}
{"op_code": 8, "worker_id": "ccf781e5-b7e7-499e-8d7b-e62e4f59fc84-140179217712960", "trial_id": 34, "user_attr": {"test_loss": 0.45311956234093115}}
{"op_code": 6, "worker_id": "ccf781e5-b7e7-499e-8d7b-e62e4f59fc84-140179217712960", "trial_id": 34, "state": 1, "values": [0.4484420858618404], "datetime_complete": "2024-09-02T23:47:17.229311"}
{"op_code": 4, "worker_id": "ccf781e5-b7e7-499e-8d7b-e62e4f59fc84-140179217712960", "study_id": 0, "datetime_start": "2024-09-02T23:47:17.241231"}
{"op_code": 5, "worker_id": "ccf781e5-b7e7-499e-8d7b-e62e4f59fc84-140179217712960", "trial_id": 35, "param_name": "lr", "param_value_internal": 7.47354059390317e-05, "distribution": "{\"name\": \"FloatDistribution\", \"attributes\": {\"step\": null, \"low\": 1e-05, \"high\": 0.001, \"log\": true}}"}
{"op_code": 5, "worker_id": "ccf781e5-b7e7-499e-8d7b-e62e4f59fc84-140179217712960", "trial_id": 35, "param_name": "l2reg", "param_value_internal": 0.0002063652696387537, "distribution": "{\"name\": \"FloatDistribution\", \"attributes\": {\"step\": null, \"low\": 1e-08, \"high\": 0.001, \"log\": true}}"}
{"op_code": 5, "worker_id": "ccf781e5-b7e7-499e-8d7b-e62e4f59fc84-140179217712960", "trial_id": 35, "param_name": "random_seed", "param_value_internal": 0, "distribution": "{\"name\": \"CategoricalDistribution\", \"attributes\": {\"choices\": [42]}}"}
{"op_code": 5, "worker_id": "ccf781e5-b7e7-499e-8d7b-e62e4f59fc84-140179217712960", "trial_id": 35, "param_name": "degree", "param_value_internal": 0, "distribution": "{\"name\": \"CategoricalDistribution\", \"attributes\": {\"choices\": [0]}}"}
{"op_code": 8, "worker_id": "ccf781e5-b7e7-499e-8d7b-e62e4f59fc84-140179217712960", "trial_id": 35, "user_attr": {"best_epoch": 1}}
{"op_code": 8, "worker_id": "ccf781e5-b7e7-499e-8d7b-e62e4f59fc84-140179217712960", "trial_id": 35, "user_attr": {"test_loss": 0.45169098742200503}}
{"op_code": 6, "worker_id": "ccf781e5-b7e7-499e-8d7b-e62e4f59fc84-140179217712960", "trial_id": 35, "state": 1, "values": [0.44697354115193033], "datetime_complete": "2024-09-03T00:13:54.621348"}
{"op_code": 4, "worker_id": "ccf781e5-b7e7-499e-8d7b-e62e4f59fc84-140179217712960", "study_id": 0, "datetime_start": "2024-09-03T00:13:54.629921"}
{"op_code": 5, "worker_id": "ccf781e5-b7e7-499e-8d7b-e62e4f59fc84-140179217712960", "trial_id": 36, "param_name": "lr", "param_value_internal": 0.00019149523637964895, "distribution": "{\"name\": \"FloatDistribution\", \"attributes\": {\"step\": null, \"low\": 1e-05, \"high\": 0.001, \"log\": true}}"}
{"op_code": 5, "worker_id": "ccf781e5-b7e7-499e-8d7b-e62e4f59fc84-140179217712960", "trial_id": 36, "param_name": "l2reg", "param_value_internal": 1.927475497089692e-05, "distribution": "{\"name\": \"FloatDistribution\", \"attributes\": {\"step\": null, \"low\": 1e-08, \"high\": 0.001, \"log\": true}}"}
{"op_code": 5, "worker_id": "ccf781e5-b7e7-499e-8d7b-e62e4f59fc84-140179217712960", "trial_id": 36, "param_name": "random_seed", "param_value_internal": 0, "distribution": "{\"name\": \"CategoricalDistribution\", \"attributes\": {\"choices\": [42]}}"}
{"op_code": 5, "worker_id": "ccf781e5-b7e7-499e-8d7b-e62e4f59fc84-140179217712960", "trial_id": 36, "param_name": "degree", "param_value_internal": 0, "distribution": "{\"name\": \"CategoricalDistribution\", \"attributes\": {\"choices\": [0]}}"}
{"op_code": 8, "worker_id": "ccf781e5-b7e7-499e-8d7b-e62e4f59fc84-140179217712960", "trial_id": 36, "user_attr": {"best_epoch": 0}}
{"op_code": 8, "worker_id": "ccf781e5-b7e7-499e-8d7b-e62e4f59fc84-140179217712960", "trial_id": 36, "user_attr": {"test_loss": 0.4527544494223932}}
{"op_code": 6, "worker_id": "ccf781e5-b7e7-499e-8d7b-e62e4f59fc84-140179217712960", "trial_id": 36, "state": 1, "values": [0.4481109112398567], "datetime_complete": "2024-09-03T00:35:31.252906"}
{"op_code": 4, "worker_id": "ccf781e5-b7e7-499e-8d7b-e62e4f59fc84-140179217712960", "study_id": 0, "datetime_start": "2024-09-03T00:35:31.261616"}
{"op_code": 5, "worker_id": "ccf781e5-b7e7-499e-8d7b-e62e4f59fc84-140179217712960", "trial_id": 37, "param_name": "lr", "param_value_internal": 4.011122319672152e-05, "distribution": "{\"name\": \"FloatDistribution\", \"attributes\": {\"step\": null, \"low\": 1e-05, \"high\": 0.001, \"log\": true}}"}
{"op_code": 5, "worker_id": "ccf781e5-b7e7-499e-8d7b-e62e4f59fc84-140179217712960", "trial_id": 37, "param_name": "l2reg", "param_value_internal": 4.6621442050514994e-05, "distribution": "{\"name\": \"FloatDistribution\", \"attributes\": {\"step\": null, \"low\": 1e-08, \"high\": 0.001, \"log\": true}}"}
{"op_code": 5, "worker_id": "ccf781e5-b7e7-499e-8d7b-e62e4f59fc84-140179217712960", "trial_id": 37, "param_name": "random_seed", "param_value_internal": 0, "distribution": "{\"name\": \"CategoricalDistribution\", \"attributes\": {\"choices\": [42]}}"}
{"op_code": 5, "worker_id": "ccf781e5-b7e7-499e-8d7b-e62e4f59fc84-140179217712960", "trial_id": 37, "param_name": "degree", "param_value_internal": 0, "distribution": "{\"name\": \"CategoricalDistribution\", \"attributes\": {\"choices\": [0]}}"}
{"op_code": 8, "worker_id": "ccf781e5-b7e7-499e-8d7b-e62e4f59fc84-140179217712960", "trial_id": 37, "user_attr": {"best_epoch": 3}}
{"op_code": 8, "worker_id": "ccf781e5-b7e7-499e-8d7b-e62e4f59fc84-140179217712960", "trial_id": 37, "user_attr": {"test_loss": 0.4525188286640059}}
{"op_code": 6, "worker_id": "ccf781e5-b7e7-499e-8d7b-e62e4f59fc84-140179217712960", "trial_id": 37, "state": 1, "values": [0.4476885347536748], "datetime_complete": "2024-09-03T01:12:15.488474"}
{"op_code": 4, "worker_id": "ccf781e5-b7e7-499e-8d7b-e62e4f59fc84-140179217712960", "study_id": 0, "datetime_start": "2024-09-03T01:12:15.497739"}
{"op_code": 5, "worker_id": "ccf781e5-b7e7-499e-8d7b-e62e4f59fc84-140179217712960", "trial_id": 38, "param_name": "lr", "param_value_internal": 1.8994193143543512e-05, "distribution": "{\"name\": \"FloatDistribution\", \"attributes\": {\"step\": null, \"low\": 1e-05, \"high\": 0.001, \"log\": true}}"}
{"op_code": 5, "worker_id": "ccf781e5-b7e7-499e-8d7b-e62e4f59fc84-140179217712960", "trial_id": 38, "param_name": "l2reg", "param_value_internal": 4.503033143659318e-06, "distribution": "{\"name\": \"FloatDistribution\", \"attributes\": {\"step\": null, \"low\": 1e-08, \"high\": 0.001, \"log\": true}}"}
{"op_code": 5, "worker_id": "ccf781e5-b7e7-499e-8d7b-e62e4f59fc84-140179217712960", "trial_id": 38, "param_name": "random_seed", "param_value_internal": 0, "distribution": "{\"name\": \"CategoricalDistribution\", \"attributes\": {\"choices\": [42]}}"}
{"op_code": 5, "worker_id": "ccf781e5-b7e7-499e-8d7b-e62e4f59fc84-140179217712960", "trial_id": 38, "param_name": "degree", "param_value_internal": 0, "distribution": "{\"name\": \"CategoricalDistribution\", \"attributes\": {\"choices\": [0]}}"}
{"op_code": 8, "worker_id": "ccf781e5-b7e7-499e-8d7b-e62e4f59fc84-140179217712960", "trial_id": 38, "user_attr": {"best_epoch": 7}}
{"op_code": 8, "worker_id": "ccf781e5-b7e7-499e-8d7b-e62e4f59fc84-140179217712960", "trial_id": 38, "user_attr": {"test_loss": 0.4529068088596459}}
{"op_code": 6, "worker_id": "ccf781e5-b7e7-499e-8d7b-e62e4f59fc84-140179217712960", "trial_id": 38, "state": 1, "values": [0.4477049503257155], "datetime_complete": "2024-09-03T02:04:08.451286"}
{"op_code": 4, "worker_id": "ccf781e5-b7e7-499e-8d7b-e62e4f59fc84-140179217712960", "study_id": 0, "datetime_start": "2024-09-03T02:04:08.460370"}
{"op_code": 5, "worker_id": "ccf781e5-b7e7-499e-8d7b-e62e4f59fc84-140179217712960", "trial_id": 39, "param_name": "lr", "param_value_internal": 0.0003368951740328575, "distribution": "{\"name\": \"FloatDistribution\", \"attributes\": {\"step\": null, \"low\": 1e-05, \"high\": 0.001, \"log\": true}}"}
{"op_code": 5, "worker_id": "ccf781e5-b7e7-499e-8d7b-e62e4f59fc84-140179217712960", "trial_id": 39, "param_name": "l2reg", "param_value_internal": 0.00012956736717076325, "distribution": "{\"name\": \"FloatDistribution\", \"attributes\": {\"step\": null, \"low\": 1e-08, \"high\": 0.001, \"log\": true}}"}
{"op_code": 5, "worker_id": "ccf781e5-b7e7-499e-8d7b-e62e4f59fc84-140179217712960", "trial_id": 39, "param_name": "random_seed", "param_value_internal": 0, "distribution": "{\"name\": \"CategoricalDistribution\", \"attributes\": {\"choices\": [42]}}"}
{"op_code": 5, "worker_id": "ccf781e5-b7e7-499e-8d7b-e62e4f59fc84-140179217712960", "trial_id": 39, "param_name": "degree", "param_value_internal": 0, "distribution": "{\"name\": \"CategoricalDistribution\", \"attributes\": {\"choices\": [0]}}"}
{"op_code": 8, "worker_id": "ccf781e5-b7e7-499e-8d7b-e62e4f59fc84-140179217712960", "trial_id": 39, "user_attr": {"best_epoch": 0}}
{"op_code": 8, "worker_id": "ccf781e5-b7e7-499e-8d7b-e62e4f59fc84-140179217712960", "trial_id": 39, "user_attr": {"test_loss": 0.4530581375515201}}
{"op_code": 6, "worker_id": "ccf781e5-b7e7-499e-8d7b-e62e4f59fc84-140179217712960", "trial_id": 39, "state": 1, "values": [0.44846919064358204], "datetime_complete": "2024-09-03T02:25:45.403004"}
{"op_code": 4, "worker_id": "ccf781e5-b7e7-499e-8d7b-e62e4f59fc84-140179217712960", "study_id": 0, "datetime_start": "2024-09-03T02:25:45.411910"}
{"op_code": 5, "worker_id": "ccf781e5-b7e7-499e-8d7b-e62e4f59fc84-140179217712960", "trial_id": 40, "param_name": "lr", "param_value_internal": 5.665981603314527e-05, "distribution": "{\"name\": \"FloatDistribution\", \"attributes\": {\"step\": null, \"low\": 1e-05, \"high\": 0.001, \"log\": true}}"}
{"op_code": 5, "worker_id": "ccf781e5-b7e7-499e-8d7b-e62e4f59fc84-140179217712960", "trial_id": 40, "param_name": "l2reg", "param_value_internal": 1.3960167825330268e-06, "distribution": "{\"name\": \"FloatDistribution\", \"attributes\": {\"step\": null, \"low\": 1e-08, \"high\": 0.001, \"log\": true}}"}
{"op_code": 5, "worker_id": "ccf781e5-b7e7-499e-8d7b-e62e4f59fc84-140179217712960", "trial_id": 40, "param_name": "random_seed", "param_value_internal": 0, "distribution": "{\"name\": \"CategoricalDistribution\", \"attributes\": {\"choices\": [42]}}"}
{"op_code": 5, "worker_id": "ccf781e5-b7e7-499e-8d7b-e62e4f59fc84-140179217712960", "trial_id": 40, "param_name": "degree", "param_value_internal": 0, "distribution": "{\"name\": \"CategoricalDistribution\", \"attributes\": {\"choices\": [0]}}"}
{"op_code": 8, "worker_id": "ccf781e5-b7e7-499e-8d7b-e62e4f59fc84-140179217712960", "trial_id": 40, "user_attr": {"best_epoch": 2}}
{"op_code": 8, "worker_id": "ccf781e5-b7e7-499e-8d7b-e62e4f59fc84-140179217712960", "trial_id": 40, "user_attr": {"test_loss": 0.4518262059453699}}
{"op_code": 6, "worker_id": "ccf781e5-b7e7-499e-8d7b-e62e4f59fc84-140179217712960", "trial_id": 40, "state": 1, "values": [0.4469483833333842], "datetime_complete": "2024-09-03T02:57:26.340559"}
{"op_code": 4, "worker_id": "ccf781e5-b7e7-499e-8d7b-e62e4f59fc84-140179217712960", "study_id": 0, "datetime_start": "2024-09-03T02:57:26.350640"}
{"op_code": 5, "worker_id": "ccf781e5-b7e7-499e-8d7b-e62e4f59fc84-140179217712960", "trial_id": 41, "param_name": "lr", "param_value_internal": 9.070221266182348e-05, "distribution": "{\"name\": \"FloatDistribution\", \"attributes\": {\"step\": null, \"low\": 1e-05, \"high\": 0.001, \"log\": true}}"}
{"op_code": 5, "worker_id": "ccf781e5-b7e7-499e-8d7b-e62e4f59fc84-140179217712960", "trial_id": 41, "param_name": "l2reg", "param_value_internal": 1.2165253777206084e-05, "distribution": "{\"name\": \"FloatDistribution\", \"attributes\": {\"step\": null, \"low\": 1e-08, \"high\": 0.001, \"log\": true}}"}
{"op_code": 5, "worker_id": "ccf781e5-b7e7-499e-8d7b-e62e4f59fc84-140179217712960", "trial_id": 41, "param_name": "random_seed", "param_value_internal": 0, "distribution": "{\"name\": \"CategoricalDistribution\", \"attributes\": {\"choices\": [42]}}"}
{"op_code": 5, "worker_id": "ccf781e5-b7e7-499e-8d7b-e62e4f59fc84-140179217712960", "trial_id": 41, "param_name": "degree", "param_value_internal": 0, "distribution": "{\"name\": \"CategoricalDistribution\", \"attributes\": {\"choices\": [0]}}"}
{"op_code": 8, "worker_id": "ccf781e5-b7e7-499e-8d7b-e62e4f59fc84-140179217712960", "trial_id": 41, "user_attr": {"best_epoch": 1}}
{"op_code": 8, "worker_id": "ccf781e5-b7e7-499e-8d7b-e62e4f59fc84-140179217712960", "trial_id": 41, "user_attr": {"test_loss": 0.45157130643082805}}
{"op_code": 6, "worker_id": "ccf781e5-b7e7-499e-8d7b-e62e4f59fc84-140179217712960", "trial_id": 41, "state": 1, "values": [0.4469064663610571], "datetime_complete": "2024-09-03T03:24:05.129349"}
{"op_code": 4, "worker_id": "ccf781e5-b7e7-499e-8d7b-e62e4f59fc84-140179217712960", "study_id": 0, "datetime_start": "2024-09-03T03:24:05.139690"}
{"op_code": 5, "worker_id": "ccf781e5-b7e7-499e-8d7b-e62e4f59fc84-140179217712960", "trial_id": 42, "param_name": "lr", "param_value_internal": 0.00010410362011288906, "distribution": "{\"name\": \"FloatDistribution\", \"attributes\": {\"step\": null, \"low\": 1e-05, \"high\": 0.001, \"log\": true}}"}
{"op_code": 5, "worker_id": "ccf781e5-b7e7-499e-8d7b-e62e4f59fc84-140179217712960", "trial_id": 42, "param_name": "l2reg", "param_value_internal": 8.362427707023861e-06, "distribution": "{\"name\": \"FloatDistribution\", \"attributes\": {\"step\": null, \"low\": 1e-08, \"high\": 0.001, \"log\": true}}"}
{"op_code": 5, "worker_id": "ccf781e5-b7e7-499e-8d7b-e62e4f59fc84-140179217712960", "trial_id": 42, "param_name": "random_seed", "param_value_internal": 0, "distribution": "{\"name\": \"CategoricalDistribution\", \"attributes\": {\"choices\": [42]}}"}
{"op_code": 5, "worker_id": "ccf781e5-b7e7-499e-8d7b-e62e4f59fc84-140179217712960", "trial_id": 42, "param_name": "degree", "param_value_internal": 0, "distribution": "{\"name\": \"CategoricalDistribution\", \"attributes\": {\"choices\": [0]}}"}
{"op_code": 8, "worker_id": "ccf781e5-b7e7-499e-8d7b-e62e4f59fc84-140179217712960", "trial_id": 42, "user_attr": {"best_epoch": 1}}
{"op_code": 8, "worker_id": "ccf781e5-b7e7-499e-8d7b-e62e4f59fc84-140179217712960", "trial_id": 42, "user_attr": {"test_loss": 0.45182872554518416}}
{"op_code": 6, "worker_id": "ccf781e5-b7e7-499e-8d7b-e62e4f59fc84-140179217712960", "trial_id": 42, "state": 1, "values": [0.4471778195844646], "datetime_complete": "2024-09-03T03:50:42.710212"}
{"op_code": 4, "worker_id": "ccf781e5-b7e7-499e-8d7b-e62e4f59fc84-140179217712960", "study_id": 0, "datetime_start": "2024-09-03T03:50:42.720852"}
{"op_code": 5, "worker_id": "ccf781e5-b7e7-499e-8d7b-e62e4f59fc84-140179217712960", "trial_id": 43, "param_name": "lr", "param_value_internal": 7.930675289201437e-05, "distribution": "{\"name\": \"FloatDistribution\", \"attributes\": {\"step\": null, \"low\": 1e-05, \"high\": 0.001, \"log\": true}}"}
{"op_code": 5, "worker_id": "ccf781e5-b7e7-499e-8d7b-e62e4f59fc84-140179217712960", "trial_id": 43, "param_name": "l2reg", "param_value_internal": 3.104826952195297e-05, "distribution": "{\"name\": \"FloatDistribution\", \"attributes\": {\"step\": null, \"low\": 1e-08, \"high\": 0.001, \"log\": true}}"}
{"op_code": 5, "worker_id": "ccf781e5-b7e7-499e-8d7b-e62e4f59fc84-140179217712960", "trial_id": 43, "param_name": "random_seed", "param_value_internal": 0, "distribution": "{\"name\": \"CategoricalDistribution\", \"attributes\": {\"choices\": [42]}}"}
{"op_code": 5, "worker_id": "ccf781e5-b7e7-499e-8d7b-e62e4f59fc84-140179217712960", "trial_id": 43, "param_name": "degree", "param_value_internal": 0, "distribution": "{\"name\": \"CategoricalDistribution\", \"attributes\": {\"choices\": [0]}}"}
{"op_code": 8, "worker_id": "ccf781e5-b7e7-499e-8d7b-e62e4f59fc84-140179217712960", "trial_id": 43, "user_attr": {"best_epoch": 1}}
{"op_code": 8, "worker_id": "ccf781e5-b7e7-499e-8d7b-e62e4f59fc84-140179217712960", "trial_id": 43, "user_attr": {"test_loss": 0.4515910432960397}}
{"op_code": 6, "worker_id": "ccf781e5-b7e7-499e-8d7b-e62e4f59fc84-140179217712960", "trial_id": 43, "state": 1, "values": [0.44689157781897365], "datetime_complete": "2024-09-03T04:17:22.654624"}
{"op_code": 4, "worker_id": "ccf781e5-b7e7-499e-8d7b-e62e4f59fc84-140179217712960", "study_id": 0, "datetime_start": "2024-09-03T04:17:22.663364"}
{"op_code": 5, "worker_id": "ccf781e5-b7e7-499e-8d7b-e62e4f59fc84-140179217712960", "trial_id": 44, "param_name": "lr", "param_value_internal": 0.00013925382538148578, "distribution": "{\"name\": \"FloatDistribution\", \"attributes\": {\"step\": null, \"low\": 1e-05, \"high\": 0.001, \"log\": true}}"}
{"op_code": 5, "worker_id": "ccf781e5-b7e7-499e-8d7b-e62e4f59fc84-140179217712960", "trial_id": 44, "param_name": "l2reg", "param_value_internal": 3.082472863561497e-05, "distribution": "{\"name\": \"FloatDistribution\", \"attributes\": {\"step\": null, \"low\": 1e-08, \"high\": 0.001, \"log\": true}}"}
{"op_code": 5, "worker_id": "ccf781e5-b7e7-499e-8d7b-e62e4f59fc84-140179217712960", "trial_id": 44, "param_name": "random_seed", "param_value_internal": 0, "distribution": "{\"name\": \"CategoricalDistribution\", \"attributes\": {\"choices\": [42]}}"}
{"op_code": 5, "worker_id": "ccf781e5-b7e7-499e-8d7b-e62e4f59fc84-140179217712960", "trial_id": 44, "param_name": "degree", "param_value_internal": 0, "distribution": "{\"name\": \"CategoricalDistribution\", \"attributes\": {\"choices\": [0]}}"}
{"op_code": 8, "worker_id": "ccf781e5-b7e7-499e-8d7b-e62e4f59fc84-140179217712960", "trial_id": 44, "user_attr": {"best_epoch": 0}}
{"op_code": 8, "worker_id": "ccf781e5-b7e7-499e-8d7b-e62e4f59fc84-140179217712960", "trial_id": 44, "user_attr": {"test_loss": 0.45316869453730907}}
{"op_code": 6, "worker_id": "ccf781e5-b7e7-499e-8d7b-e62e4f59fc84-140179217712960", "trial_id": 44, "state": 1, "values": [0.4484752605876622], "datetime_complete": "2024-09-03T04:38:59.373346"}
{"op_code": 4, "worker_id": "ccf781e5-b7e7-499e-8d7b-e62e4f59fc84-140179217712960", "study_id": 0, "datetime_start": "2024-09-03T04:38:59.383345"}
{"op_code": 5, "worker_id": "ccf781e5-b7e7-499e-8d7b-e62e4f59fc84-140179217712960", "trial_id": 45, "param_name": "lr", "param_value_internal": 6.066849946466185e-05, "distribution": "{\"name\": \"FloatDistribution\", \"attributes\": {\"step\": null, \"low\": 1e-05, \"high\": 0.001, \"log\": true}}"}
{"op_code": 5, "worker_id": "ccf781e5-b7e7-499e-8d7b-e62e4f59fc84-140179217712960", "trial_id": 45, "param_name": "l2reg", "param_value_internal": 2.2564606450747123e-05, "distribution": "{\"name\": \"FloatDistribution\", \"attributes\": {\"step\": null, \"low\": 1e-08, \"high\": 0.001, \"log\": true}}"}
{"op_code": 5, "worker_id": "ccf781e5-b7e7-499e-8d7b-e62e4f59fc84-140179217712960", "trial_id": 45, "param_name": "random_seed", "param_value_internal": 0, "distribution": "{\"name\": \"CategoricalDistribution\", \"attributes\": {\"choices\": [42]}}"}
{"op_code": 5, "worker_id": "ccf781e5-b7e7-499e-8d7b-e62e4f59fc84-140179217712960", "trial_id": 45, "param_name": "degree", "param_value_internal": 0, "distribution": "{\"name\": \"CategoricalDistribution\", \"attributes\": {\"choices\": [0]}}"}
{"op_code": 8, "worker_id": "ccf781e5-b7e7-499e-8d7b-e62e4f59fc84-140179217712960", "trial_id": 45, "user_attr": {"best_epoch": 2}}
{"op_code": 8, "worker_id": "ccf781e5-b7e7-499e-8d7b-e62e4f59fc84-140179217712960", "trial_id": 45, "user_attr": {"test_loss": 0.45190309191545935}}
{"op_code": 6, "worker_id": "ccf781e5-b7e7-499e-8d7b-e62e4f59fc84-140179217712960", "trial_id": 45, "state": 1, "values": [0.4470166797482233], "datetime_complete": "2024-09-03T05:10:40.934066"}
{"op_code": 4, "worker_id": "ccf781e5-b7e7-499e-8d7b-e62e4f59fc84-140179217712960", "study_id": 0, "datetime_start": "2024-09-03T05:10:40.943505"}
{"op_code": 5, "worker_id": "ccf781e5-b7e7-499e-8d7b-e62e4f59fc84-140179217712960", "trial_id": 46, "param_name": "lr", "param_value_internal": 6.988601100082146e-05, "distribution": "{\"name\": \"FloatDistribution\", \"attributes\": {\"step\": null, \"low\": 1e-05, \"high\": 0.001, \"log\": true}}"}
{"op_code": 5, "worker_id": "ccf781e5-b7e7-499e-8d7b-e62e4f59fc84-140179217712960", "trial_id": 46, "param_name": "l2reg", "param_value_internal": 0.00011273257109789718, "distribution": "{\"name\": \"FloatDistribution\", \"attributes\": {\"step\": null, \"low\": 1e-08, \"high\": 0.001, \"log\": true}}"}
{"op_code": 5, "worker_id": "ccf781e5-b7e7-499e-8d7b-e62e4f59fc84-140179217712960", "trial_id": 46, "param_name": "random_seed", "param_value_internal": 0, "distribution": "{\"name\": \"CategoricalDistribution\", \"attributes\": {\"choices\": [42]}}"}
{"op_code": 5, "worker_id": "ccf781e5-b7e7-499e-8d7b-e62e4f59fc84-140179217712960", "trial_id": 46, "param_name": "degree", "param_value_internal": 0, "distribution": "{\"name\": \"CategoricalDistribution\", \"attributes\": {\"choices\": [0]}}"}
{"op_code": 8, "worker_id": "ccf781e5-b7e7-499e-8d7b-e62e4f59fc84-140179217712960", "trial_id": 46, "user_attr": {"best_epoch": 1}}
{"op_code": 8, "worker_id": "ccf781e5-b7e7-499e-8d7b-e62e4f59fc84-140179217712960", "trial_id": 46, "user_attr": {"test_loss": 0.4518727803661788}}
{"op_code": 6, "worker_id": "ccf781e5-b7e7-499e-8d7b-e62e4f59fc84-140179217712960", "trial_id": 46, "state": 1, "values": [0.44713288672797186], "datetime_complete": "2024-09-03T05:37:19.130309"}
{"op_code": 4, "worker_id": "ccf781e5-b7e7-499e-8d7b-e62e4f59fc84-140179217712960", "study_id": 0, "datetime_start": "2024-09-03T05:37:19.148873"}
{"op_code": 5, "worker_id": "ccf781e5-b7e7-499e-8d7b-e62e4f59fc84-140179217712960", "trial_id": 47, "param_name": "lr", "param_value_internal": 4.52733473714123e-05, "distribution": "{\"name\": \"FloatDistribution\", \"attributes\": {\"step\": null, \"low\": 1e-05, \"high\": 0.001, \"log\": true}}"}
{"op_code": 5, "worker_id": "ccf781e5-b7e7-499e-8d7b-e62e4f59fc84-140179217712960", "trial_id": 47, "param_name": "l2reg", "param_value_internal": 0.0003260511554433512, "distribution": "{\"name\": \"FloatDistribution\", \"attributes\": {\"step\": null, \"low\": 1e-08, \"high\": 0.001, \"log\": true}}"}
{"op_code": 5, "worker_id": "ccf781e5-b7e7-499e-8d7b-e62e4f59fc84-140179217712960", "trial_id": 47, "param_name": "random_seed", "param_value_internal": 0, "distribution": "{\"name\": \"CategoricalDistribution\", \"attributes\": {\"choices\": [42]}}"}
{"op_code": 5, "worker_id": "ccf781e5-b7e7-499e-8d7b-e62e4f59fc84-140179217712960", "trial_id": 47, "param_name": "degree", "param_value_internal": 0, "distribution": "{\"name\": \"CategoricalDistribution\", \"attributes\": {\"choices\": [0]}}"}
{"op_code": 8, "worker_id": "ccf781e5-b7e7-499e-8d7b-e62e4f59fc84-140179217712960", "trial_id": 47, "user_attr": {"best_epoch": 2}}
{"op_code": 8, "worker_id": "ccf781e5-b7e7-499e-8d7b-e62e4f59fc84-140179217712960", "trial_id": 47, "user_attr": {"test_loss": 0.4522343811152787}}
{"op_code": 6, "worker_id": "ccf781e5-b7e7-499e-8d7b-e62e4f59fc84-140179217712960", "trial_id": 47, "state": 1, "values": [0.4473885878943173], "datetime_complete": "2024-09-03T06:08:59.864702"}
{"op_code": 4, "worker_id": "ccf781e5-b7e7-499e-8d7b-e62e4f59fc84-140179217712960", "study_id": 0, "datetime_start": "2024-09-03T06:08:59.880073"}
{"op_code": 5, "worker_id": "ccf781e5-b7e7-499e-8d7b-e62e4f59fc84-140179217712960", "trial_id": 48, "param_name": "lr", "param_value_internal": 3.264720339613248e-05, "distribution": "{\"name\": \"FloatDistribution\", \"attributes\": {\"step\": null, \"low\": 1e-05, \"high\": 0.001, \"log\": true}}"}
{"op_code": 5, "worker_id": "ccf781e5-b7e7-499e-8d7b-e62e4f59fc84-140179217712960", "trial_id": 48, "param_name": "l2reg", "param_value_internal": 5.56074232890327e-06, "distribution": "{\"name\": \"FloatDistribution\", \"attributes\": {\"step\": null, \"low\": 1e-08, \"high\": 0.001, \"log\": true}}"}
{"op_code": 5, "worker_id": "ccf781e5-b7e7-499e-8d7b-e62e4f59fc84-140179217712960", "trial_id": 48, "param_name": "random_seed", "param_value_internal": 0, "distribution": "{\"name\": \"CategoricalDistribution\", \"attributes\": {\"choices\": [42]}}"}
{"op_code": 5, "worker_id": "ccf781e5-b7e7-499e-8d7b-e62e4f59fc84-140179217712960", "trial_id": 48, "param_name": "degree", "param_value_internal": 0, "distribution": "{\"name\": \"CategoricalDistribution\", \"attributes\": {\"choices\": [0]}}"}
{"op_code": 8, "worker_id": "ccf781e5-b7e7-499e-8d7b-e62e4f59fc84-140179217712960", "trial_id": 48, "user_attr": {"best_epoch": 4}}
{"op_code": 8, "worker_id": "ccf781e5-b7e7-499e-8d7b-e62e4f59fc84-140179217712960", "trial_id": 48, "user_attr": {"test_loss": 0.4525583405701839}}
{"op_code": 6, "worker_id": "ccf781e5-b7e7-499e-8d7b-e62e4f59fc84-140179217712960", "trial_id": 48, "state": 1, "values": [0.4476636823411202], "datetime_complete": "2024-09-03T06:50:42.209970"}
{"op_code": 4, "worker_id": "ccf781e5-b7e7-499e-8d7b-e62e4f59fc84-140179217712960", "study_id": 0, "datetime_start": "2024-09-03T06:50:42.219040"}
{"op_code": 5, "worker_id": "ccf781e5-b7e7-499e-8d7b-e62e4f59fc84-140179217712960", "trial_id": 49, "param_name": "lr", "param_value_internal": 0.0007139796923487946, "distribution": "{\"name\": \"FloatDistribution\", \"attributes\": {\"step\": null, \"low\": 1e-05, \"high\": 0.001, \"log\": true}}"}
{"op_code": 5, "worker_id": "ccf781e5-b7e7-499e-8d7b-e62e4f59fc84-140179217712960", "trial_id": 49, "param_name": "l2reg", "param_value_internal": 3.8462171963979906e-05, "distribution": "{\"name\": \"FloatDistribution\", \"attributes\": {\"step\": null, \"low\": 1e-08, \"high\": 0.001, \"log\": true}}"}
{"op_code": 5, "worker_id": "ccf781e5-b7e7-499e-8d7b-e62e4f59fc84-140179217712960", "trial_id": 49, "param_name": "random_seed", "param_value_internal": 0, "distribution": "{\"name\": \"CategoricalDistribution\", \"attributes\": {\"choices\": [42]}}"}
{"op_code": 5, "worker_id": "ccf781e5-b7e7-499e-8d7b-e62e4f59fc84-140179217712960", "trial_id": 49, "param_name": "degree", "param_value_internal": 0, "distribution": "{\"name\": \"CategoricalDistribution\", \"attributes\": {\"choices\": [0]}}"}
{"op_code": 8, "worker_id": "ccf781e5-b7e7-499e-8d7b-e62e4f59fc84-140179217712960", "trial_id": 49, "user_attr": {"best_epoch": 0}}
{"op_code": 8, "worker_id": "ccf781e5-b7e7-499e-8d7b-e62e4f59fc84-140179217712960", "trial_id": 49, "user_attr": {"test_loss": 0.4535996224570557}}
{"op_code": 6, "worker_id": "ccf781e5-b7e7-499e-8d7b-e62e4f59fc84-140179217712960", "trial_id": 49, "state": 1, "values": [0.44892791044274705], "datetime_complete": "2024-09-03T07:12:16.062836"}
