{"op_code": 0, "worker_id": "55eb32c7-4dfe-4de0-8104-62d6e4deae91-140421830842176", "study_name": "criteo_splines_0_10", "directions": [1]}
{"op_code": 4, "worker_id": "55eb32c7-4dfe-4de0-8104-62d6e4deae91-140421830842176", "study_id": 0, "datetime_start": "2024-08-23T20:59:27.026109"}
{"op_code": 5, "worker_id": "55eb32c7-4dfe-4de0-8104-62d6e4deae91-140421830842176", "trial_id": 0, "param_name": "lr", "param_value_internal": 5.6115164153345e-05, "distribution": "{\"name\": \"FloatDistribution\", \"attributes\": {\"step\": null, \"low\": 1e-05, \"high\": 0.001, \"log\": true}}"}
{"op_code": 5, "worker_id": "55eb32c7-4dfe-4de0-8104-62d6e4deae91-140421830842176", "trial_id": 0, "param_name": "l2reg", "param_value_internal": 0.0005669849511478851, "distribution": "{\"name\": \"FloatDistribution\", \"attributes\": {\"step\": null, \"low\": 1e-08, \"high\": 0.001, \"log\": true}}"}
{"op_code": 5, "worker_id": "55eb32c7-4dfe-4de0-8104-62d6e4deae91-140421830842176", "trial_id": 0, "param_name": "random_seed", "param_value_internal": 0, "distribution": "{\"name\": \"CategoricalDistribution\", \"attributes\": {\"choices\": [42]}}"}
{"op_code": 5, "worker_id": "55eb32c7-4dfe-4de0-8104-62d6e4deae91-140421830842176", "trial_id": 0, "param_name": "degree", "param_value_internal": 0, "distribution": "{\"name\": \"CategoricalDistribution\", \"attributes\": {\"choices\": [0]}}"}
{"op_code": 8, "worker_id": "55eb32c7-4dfe-4de0-8104-62d6e4deae91-140421830842176", "trial_id": 0, "user_attr": {"best_epoch": 4}}
{"op_code": 8, "worker_id": "55eb32c7-4dfe-4de0-8104-62d6e4deae91-140421830842176", "trial_id": 0, "user_attr": {"test_loss": 0.45251550590073547}}
{"op_code": 6, "worker_id": "55eb32c7-4dfe-4de0-8104-62d6e4deae91-140421830842176", "trial_id": 0, "state": 1, "values": [0.449095256565029], "datetime_complete": "2024-08-23T21:27:54.652864"}
{"op_code": 4, "worker_id": "55eb32c7-4dfe-4de0-8104-62d6e4deae91-140421830842176", "study_id": 0, "datetime_start": "2024-08-23T21:27:54.663051"}
{"op_code": 5, "worker_id": "55eb32c7-4dfe-4de0-8104-62d6e4deae91-140421830842176", "trial_id": 1, "param_name": "lr", "param_value_internal": 0.000291063591313307, "distribution": "{\"name\": \"FloatDistribution\", \"attributes\": {\"step\": null, \"low\": 1e-05, \"high\": 0.001, \"log\": true}}"}
{"op_code": 5, "worker_id": "55eb32c7-4dfe-4de0-8104-62d6e4deae91-140421830842176", "trial_id": 1, "param_name": "l2reg", "param_value_internal": 9.846738873614555e-06, "distribution": "{\"name\": \"FloatDistribution\", \"attributes\": {\"step\": null, \"low\": 1e-08, \"high\": 0.001, \"log\": true}}"}
{"op_code": 5, "worker_id": "55eb32c7-4dfe-4de0-8104-62d6e4deae91-140421830842176", "trial_id": 1, "param_name": "random_seed", "param_value_internal": 0, "distribution": "{\"name\": \"CategoricalDistribution\", \"attributes\": {\"choices\": [42]}}"}
{"op_code": 5, "worker_id": "55eb32c7-4dfe-4de0-8104-62d6e4deae91-140421830842176", "trial_id": 1, "param_name": "degree", "param_value_internal": 0, "distribution": "{\"name\": \"CategoricalDistribution\", \"attributes\": {\"choices\": [0]}}"}
{"op_code": 8, "worker_id": "55eb32c7-4dfe-4de0-8104-62d6e4deae91-140421830842176", "trial_id": 1, "user_attr": {"best_epoch": 1}}
{"op_code": 8, "worker_id": "55eb32c7-4dfe-4de0-8104-62d6e4deae91-140421830842176", "trial_id": 1, "user_attr": {"test_loss": 0.45210753433781864}}
{"op_code": 6, "worker_id": "55eb32c7-4dfe-4de0-8104-62d6e4deae91-140421830842176", "trial_id": 1, "state": 1, "values": [0.448610242764314], "datetime_complete": "2024-08-23T21:46:26.943183"}
{"op_code": 4, "worker_id": "55eb32c7-4dfe-4de0-8104-62d6e4deae91-140421830842176", "study_id": 0, "datetime_start": "2024-08-23T21:46:26.951988"}
{"op_code": 5, "worker_id": "55eb32c7-4dfe-4de0-8104-62d6e4deae91-140421830842176", "trial_id": 2, "param_name": "lr", "param_value_internal": 2.0513382630874486e-05, "distribution": "{\"name\": \"FloatDistribution\", \"attributes\": {\"step\": null, \"low\": 1e-05, \"high\": 0.001, \"log\": true}}"}
{"op_code": 5, "worker_id": "55eb32c7-4dfe-4de0-8104-62d6e4deae91-140421830842176", "trial_id": 2, "param_name": "l2reg", "param_value_internal": 6.02521573620385e-08, "distribution": "{\"name\": \"FloatDistribution\", \"attributes\": {\"step\": null, \"low\": 1e-08, \"high\": 0.001, \"log\": true}}"}
{"op_code": 5, "worker_id": "55eb32c7-4dfe-4de0-8104-62d6e4deae91-140421830842176", "trial_id": 2, "param_name": "random_seed", "param_value_internal": 0, "distribution": "{\"name\": \"CategoricalDistribution\", \"attributes\": {\"choices\": [42]}}"}
{"op_code": 5, "worker_id": "55eb32c7-4dfe-4de0-8104-62d6e4deae91-140421830842176", "trial_id": 2, "param_name": "degree", "param_value_internal": 0, "distribution": "{\"name\": \"CategoricalDistribution\", \"attributes\": {\"choices\": [0]}}"}
{"op_code": 8, "worker_id": "55eb32c7-4dfe-4de0-8104-62d6e4deae91-140421830842176", "trial_id": 2, "user_attr": {"best_epoch": 9}}
{"op_code": 8, "worker_id": "55eb32c7-4dfe-4de0-8104-62d6e4deae91-140421830842176", "trial_id": 2, "user_attr": {"test_loss": 0.4536275474499178}}
{"op_code": 6, "worker_id": "55eb32c7-4dfe-4de0-8104-62d6e4deae91-140421830842176", "trial_id": 2, "state": 1, "values": [0.45024231056793446], "datetime_complete": "2024-08-23T22:21:56.784467"}
{"op_code": 4, "worker_id": "55eb32c7-4dfe-4de0-8104-62d6e4deae91-140421830842176", "study_id": 0, "datetime_start": "2024-08-23T22:21:56.793414"}
{"op_code": 5, "worker_id": "55eb32c7-4dfe-4de0-8104-62d6e4deae91-140421830842176", "trial_id": 3, "param_name": "lr", "param_value_internal": 1.3066739238053272e-05, "distribution": "{\"name\": \"FloatDistribution\", \"attributes\": {\"step\": null, \"low\": 1e-05, \"high\": 0.001, \"log\": true}}"}
{"op_code": 5, "worker_id": "55eb32c7-4dfe-4de0-8104-62d6e4deae91-140421830842176", "trial_id": 3, "param_name": "l2reg", "param_value_internal": 0.00021423021757741048, "distribution": "{\"name\": \"FloatDistribution\", \"attributes\": {\"step\": null, \"low\": 1e-08, \"high\": 0.001, \"log\": true}}"}
{"op_code": 5, "worker_id": "55eb32c7-4dfe-4de0-8104-62d6e4deae91-140421830842176", "trial_id": 3, "param_name": "random_seed", "param_value_internal": 0, "distribution": "{\"name\": \"CategoricalDistribution\", \"attributes\": {\"choices\": [42]}}"}
{"op_code": 5, "worker_id": "55eb32c7-4dfe-4de0-8104-62d6e4deae91-140421830842176", "trial_id": 3, "param_name": "degree", "param_value_internal": 0, "distribution": "{\"name\": \"CategoricalDistribution\", \"attributes\": {\"choices\": [0]}}"}
{"op_code": 8, "worker_id": "55eb32c7-4dfe-4de0-8104-62d6e4deae91-140421830842176", "trial_id": 3, "user_attr": {"best_epoch": 9}}
{"op_code": 8, "worker_id": "55eb32c7-4dfe-4de0-8104-62d6e4deae91-140421830842176", "trial_id": 3, "user_attr": {"test_loss": 0.45552004685219455}}
{"op_code": 6, "worker_id": "55eb32c7-4dfe-4de0-8104-62d6e4deae91-140421830842176", "trial_id": 3, "state": 1, "values": [0.45217971164729737], "datetime_complete": "2024-08-23T22:57:44.265697"}
{"op_code": 4, "worker_id": "55eb32c7-4dfe-4de0-8104-62d6e4deae91-140421830842176", "study_id": 0, "datetime_start": "2024-08-23T22:57:44.274640"}
{"op_code": 5, "worker_id": "55eb32c7-4dfe-4de0-8104-62d6e4deae91-140421830842176", "trial_id": 4, "param_name": "lr", "param_value_internal": 0.00015930522616241006, "distribution": "{\"name\": \"FloatDistribution\", \"attributes\": {\"step\": null, \"low\": 1e-05, \"high\": 0.001, \"log\": true}}"}
{"op_code": 5, "worker_id": "55eb32c7-4dfe-4de0-8104-62d6e4deae91-140421830842176", "trial_id": 4, "param_name": "l2reg", "param_value_internal": 3.47026698865041e-05, "distribution": "{\"name\": \"FloatDistribution\", \"attributes\": {\"step\": null, \"low\": 1e-08, \"high\": 0.001, \"log\": true}}"}
{"op_code": 5, "worker_id": "55eb32c7-4dfe-4de0-8104-62d6e4deae91-140421830842176", "trial_id": 4, "param_name": "random_seed", "param_value_internal": 0, "distribution": "{\"name\": \"CategoricalDistribution\", \"attributes\": {\"choices\": [42]}}"}
{"op_code": 5, "worker_id": "55eb32c7-4dfe-4de0-8104-62d6e4deae91-140421830842176", "trial_id": 4, "param_name": "degree", "param_value_internal": 0, "distribution": "{\"name\": \"CategoricalDistribution\", \"attributes\": {\"choices\": [0]}}"}
{"op_code": 8, "worker_id": "55eb32c7-4dfe-4de0-8104-62d6e4deae91-140421830842176", "trial_id": 4, "user_attr": {"best_epoch": 1}}
{"op_code": 8, "worker_id": "55eb32c7-4dfe-4de0-8104-62d6e4deae91-140421830842176", "trial_id": 4, "user_attr": {"test_loss": 0.4518355411765869}}
{"op_code": 6, "worker_id": "55eb32c7-4dfe-4de0-8104-62d6e4deae91-140421830842176", "trial_id": 4, "state": 1, "values": [0.44841809149469036], "datetime_complete": "2024-08-23T23:16:32.957271"}
{"op_code": 4, "worker_id": "55eb32c7-4dfe-4de0-8104-62d6e4deae91-140421830842176", "study_id": 0, "datetime_start": "2024-08-23T23:16:32.965955"}
{"op_code": 5, "worker_id": "55eb32c7-4dfe-4de0-8104-62d6e4deae91-140421830842176", "trial_id": 5, "param_name": "lr", "param_value_internal": 1.0994335574766187e-05, "distribution": "{\"name\": \"FloatDistribution\", \"attributes\": {\"step\": null, \"low\": 1e-05, \"high\": 0.001, \"log\": true}}"}
{"op_code": 5, "worker_id": "55eb32c7-4dfe-4de0-8104-62d6e4deae91-140421830842176", "trial_id": 5, "param_name": "l2reg", "param_value_internal": 0.0007072114131472234, "distribution": "{\"name\": \"FloatDistribution\", \"attributes\": {\"step\": null, \"low\": 1e-08, \"high\": 0.001, \"log\": true}}"}
{"op_code": 5, "worker_id": "55eb32c7-4dfe-4de0-8104-62d6e4deae91-140421830842176", "trial_id": 5, "param_name": "random_seed", "param_value_internal": 0, "distribution": "{\"name\": \"CategoricalDistribution\", \"attributes\": {\"choices\": [42]}}"}
{"op_code": 5, "worker_id": "55eb32c7-4dfe-4de0-8104-62d6e4deae91-140421830842176", "trial_id": 5, "param_name": "degree", "param_value_internal": 0, "distribution": "{\"name\": \"CategoricalDistribution\", \"attributes\": {\"choices\": [0]}}"}
{"op_code": 8, "worker_id": "55eb32c7-4dfe-4de0-8104-62d6e4deae91-140421830842176", "trial_id": 5, "user_attr": {"best_epoch": 9}}
{"op_code": 8, "worker_id": "55eb32c7-4dfe-4de0-8104-62d6e4deae91-140421830842176", "trial_id": 5, "user_attr": {"test_loss": 0.4562161544668105}}
{"op_code": 6, "worker_id": "55eb32c7-4dfe-4de0-8104-62d6e4deae91-140421830842176", "trial_id": 5, "state": 1, "values": [0.45289330728947386], "datetime_complete": "2024-08-23T23:52:23.149334"}
{"op_code": 4, "worker_id": "55eb32c7-4dfe-4de0-8104-62d6e4deae91-140421830842176", "study_id": 0, "datetime_start": "2024-08-23T23:52:23.158532"}
{"op_code": 5, "worker_id": "55eb32c7-4dfe-4de0-8104-62d6e4deae91-140421830842176", "trial_id": 6, "param_name": "lr", "param_value_internal": 0.000462258900102083, "distribution": "{\"name\": \"FloatDistribution\", \"attributes\": {\"step\": null, \"low\": 1e-05, \"high\": 0.001, \"log\": true}}"}
{"op_code": 5, "worker_id": "55eb32c7-4dfe-4de0-8104-62d6e4deae91-140421830842176", "trial_id": 6, "param_name": "l2reg", "param_value_internal": 1.1526449540315595e-07, "distribution": "{\"name\": \"FloatDistribution\", \"attributes\": {\"step\": null, \"low\": 1e-08, \"high\": 0.001, \"log\": true}}"}
{"op_code": 5, "worker_id": "55eb32c7-4dfe-4de0-8104-62d6e4deae91-140421830842176", "trial_id": 6, "param_name": "random_seed", "param_value_internal": 0, "distribution": "{\"name\": \"CategoricalDistribution\", \"attributes\": {\"choices\": [42]}}"}
{"op_code": 5, "worker_id": "55eb32c7-4dfe-4de0-8104-62d6e4deae91-140421830842176", "trial_id": 6, "param_name": "degree", "param_value_internal": 0, "distribution": "{\"name\": \"CategoricalDistribution\", \"attributes\": {\"choices\": [0]}}"}
{"op_code": 8, "worker_id": "55eb32c7-4dfe-4de0-8104-62d6e4deae91-140421830842176", "trial_id": 6, "user_attr": {"best_epoch": 0}}
{"op_code": 8, "worker_id": "55eb32c7-4dfe-4de0-8104-62d6e4deae91-140421830842176", "trial_id": 6, "user_attr": {"test_loss": 0.45205939652930766}}
{"op_code": 6, "worker_id": "55eb32c7-4dfe-4de0-8104-62d6e4deae91-140421830842176", "trial_id": 6, "state": 1, "values": [0.44873255059232037], "datetime_complete": "2024-08-24T00:07:38.748555"}
{"op_code": 4, "worker_id": "55eb32c7-4dfe-4de0-8104-62d6e4deae91-140421830842176", "study_id": 0, "datetime_start": "2024-08-24T00:07:38.757466"}
{"op_code": 5, "worker_id": "55eb32c7-4dfe-4de0-8104-62d6e4deae91-140421830842176", "trial_id": 7, "param_name": "lr", "param_value_internal": 2.3102018878452926e-05, "distribution": "{\"name\": \"FloatDistribution\", \"attributes\": {\"step\": null, \"low\": 1e-05, \"high\": 0.001, \"log\": true}}"}
{"op_code": 5, "worker_id": "55eb32c7-4dfe-4de0-8104-62d6e4deae91-140421830842176", "trial_id": 7, "param_name": "l2reg", "param_value_internal": 8.260808399079588e-08, "distribution": "{\"name\": \"FloatDistribution\", \"attributes\": {\"step\": null, \"low\": 1e-08, \"high\": 0.001, \"log\": true}}"}
{"op_code": 5, "worker_id": "55eb32c7-4dfe-4de0-8104-62d6e4deae91-140421830842176", "trial_id": 7, "param_name": "random_seed", "param_value_internal": 0, "distribution": "{\"name\": \"CategoricalDistribution\", \"attributes\": {\"choices\": [42]}}"}
{"op_code": 5, "worker_id": "55eb32c7-4dfe-4de0-8104-62d6e4deae91-140421830842176", "trial_id": 7, "param_name": "degree", "param_value_internal": 0, "distribution": "{\"name\": \"CategoricalDistribution\", \"attributes\": {\"choices\": [0]}}"}
{"op_code": 8, "worker_id": "55eb32c7-4dfe-4de0-8104-62d6e4deae91-140421830842176", "trial_id": 7, "user_attr": {"best_epoch": 9}}
{"op_code": 8, "worker_id": "55eb32c7-4dfe-4de0-8104-62d6e4deae91-140421830842176", "trial_id": 7, "user_attr": {"test_loss": 0.45326291445780537}}
{"op_code": 6, "worker_id": "55eb32c7-4dfe-4de0-8104-62d6e4deae91-140421830842176", "trial_id": 7, "state": 1, "values": [0.4498517181195775], "datetime_complete": "2024-08-24T00:43:58.001554"}
{"op_code": 4, "worker_id": "55eb32c7-4dfe-4de0-8104-62d6e4deae91-140421830842176", "study_id": 0, "datetime_start": "2024-08-24T00:43:58.011197"}
{"op_code": 5, "worker_id": "55eb32c7-4dfe-4de0-8104-62d6e4deae91-140421830842176", "trial_id": 8, "param_name": "lr", "param_value_internal": 4.059611610484306e-05, "distribution": "{\"name\": \"FloatDistribution\", \"attributes\": {\"step\": null, \"low\": 1e-05, \"high\": 0.001, \"log\": true}}"}
{"op_code": 5, "worker_id": "55eb32c7-4dfe-4de0-8104-62d6e4deae91-140421830842176", "trial_id": 8, "param_name": "l2reg", "param_value_internal": 4.2051564509138674e-06, "distribution": "{\"name\": \"FloatDistribution\", \"attributes\": {\"step\": null, \"low\": 1e-08, \"high\": 0.001, \"log\": true}}"}
{"op_code": 5, "worker_id": "55eb32c7-4dfe-4de0-8104-62d6e4deae91-140421830842176", "trial_id": 8, "param_name": "random_seed", "param_value_internal": 0, "distribution": "{\"name\": \"CategoricalDistribution\", \"attributes\": {\"choices\": [42]}}"}
{"op_code": 5, "worker_id": "55eb32c7-4dfe-4de0-8104-62d6e4deae91-140421830842176", "trial_id": 8, "param_name": "degree", "param_value_internal": 0, "distribution": "{\"name\": \"CategoricalDistribution\", \"attributes\": {\"choices\": [0]}}"}
{"op_code": 8, "worker_id": "55eb32c7-4dfe-4de0-8104-62d6e4deae91-140421830842176", "trial_id": 8, "user_attr": {"best_epoch": 6}}
{"op_code": 8, "worker_id": "55eb32c7-4dfe-4de0-8104-62d6e4deae91-140421830842176", "trial_id": 8, "user_attr": {"test_loss": 0.4527789186066737}}
{"op_code": 6, "worker_id": "55eb32c7-4dfe-4de0-8104-62d6e4deae91-140421830842176", "trial_id": 8, "state": 1, "values": [0.4493128583339405], "datetime_complete": "2024-08-24T01:19:40.127177"}
{"op_code": 4, "worker_id": "55eb32c7-4dfe-4de0-8104-62d6e4deae91-140421830842176", "study_id": 0, "datetime_start": "2024-08-24T01:19:40.136064"}
{"op_code": 5, "worker_id": "55eb32c7-4dfe-4de0-8104-62d6e4deae91-140421830842176", "trial_id": 9, "param_name": "lr", "param_value_internal": 7.309539835912905e-05, "distribution": "{\"name\": \"FloatDistribution\", \"attributes\": {\"step\": null, \"low\": 1e-05, \"high\": 0.001, \"log\": true}}"}
{"op_code": 5, "worker_id": "55eb32c7-4dfe-4de0-8104-62d6e4deae91-140421830842176", "trial_id": 9, "param_name": "l2reg", "param_value_internal": 2.8585493941961875e-07, "distribution": "{\"name\": \"FloatDistribution\", \"attributes\": {\"step\": null, \"low\": 1e-08, \"high\": 0.001, \"log\": true}}"}
{"op_code": 5, "worker_id": "55eb32c7-4dfe-4de0-8104-62d6e4deae91-140421830842176", "trial_id": 9, "param_name": "random_seed", "param_value_internal": 0, "distribution": "{\"name\": \"CategoricalDistribution\", \"attributes\": {\"choices\": [42]}}"}
{"op_code": 5, "worker_id": "55eb32c7-4dfe-4de0-8104-62d6e4deae91-140421830842176", "trial_id": 9, "param_name": "degree", "param_value_internal": 0, "distribution": "{\"name\": \"CategoricalDistribution\", \"attributes\": {\"choices\": [0]}}"}
{"op_code": 8, "worker_id": "55eb32c7-4dfe-4de0-8104-62d6e4deae91-140421830842176", "trial_id": 9, "user_attr": {"best_epoch": 3}}
{"op_code": 8, "worker_id": "55eb32c7-4dfe-4de0-8104-62d6e4deae91-140421830842176", "trial_id": 9, "user_attr": {"test_loss": 0.4523587671601834}}
{"op_code": 6, "worker_id": "55eb32c7-4dfe-4de0-8104-62d6e4deae91-140421830842176", "trial_id": 9, "state": 1, "values": [0.44890888619452934], "datetime_complete": "2024-08-24T01:44:51.254210"}
{"op_code": 4, "worker_id": "55eb32c7-4dfe-4de0-8104-62d6e4deae91-140421830842176", "study_id": 0, "datetime_start": "2024-08-24T01:44:51.273624"}
{"op_code": 5, "worker_id": "55eb32c7-4dfe-4de0-8104-62d6e4deae91-140421830842176", "trial_id": 10, "param_name": "lr", "param_value_internal": 0.00018471184590376964, "distribution": "{\"name\": \"FloatDistribution\", \"attributes\": {\"step\": null, \"low\": 1e-05, \"high\": 0.001, \"log\": true}}"}
{"op_code": 5, "worker_id": "55eb32c7-4dfe-4de0-8104-62d6e4deae91-140421830842176", "trial_id": 10, "param_name": "l2reg", "param_value_internal": 3.8521646942747446e-05, "distribution": "{\"name\": \"FloatDistribution\", \"attributes\": {\"step\": null, \"low\": 1e-08, \"high\": 0.001, \"log\": true}}"}
{"op_code": 5, "worker_id": "55eb32c7-4dfe-4de0-8104-62d6e4deae91-140421830842176", "trial_id": 10, "param_name": "random_seed", "param_value_internal": 0, "distribution": "{\"name\": \"CategoricalDistribution\", \"attributes\": {\"choices\": [42]}}"}
{"op_code": 5, "worker_id": "55eb32c7-4dfe-4de0-8104-62d6e4deae91-140421830842176", "trial_id": 10, "param_name": "degree", "param_value_internal": 0, "distribution": "{\"name\": \"CategoricalDistribution\", \"attributes\": {\"choices\": [0]}}"}
{"op_code": 8, "worker_id": "55eb32c7-4dfe-4de0-8104-62d6e4deae91-140421830842176", "trial_id": 10, "user_attr": {"best_epoch": 1}}
{"op_code": 8, "worker_id": "55eb32c7-4dfe-4de0-8104-62d6e4deae91-140421830842176", "trial_id": 10, "user_attr": {"test_loss": 0.45176217101225524}}
{"op_code": 6, "worker_id": "55eb32c7-4dfe-4de0-8104-62d6e4deae91-140421830842176", "trial_id": 10, "state": 1, "values": [0.4483135990161855], "datetime_complete": "2024-08-24T02:03:27.338957"}
{"op_code": 4, "worker_id": "55eb32c7-4dfe-4de0-8104-62d6e4deae91-140421830842176", "study_id": 0, "datetime_start": "2024-08-24T02:03:27.347793"}
{"op_code": 5, "worker_id": "55eb32c7-4dfe-4de0-8104-62d6e4deae91-140421830842176", "trial_id": 11, "param_name": "lr", "param_value_internal": 0.00015320252245209042, "distribution": "{\"name\": \"FloatDistribution\", \"attributes\": {\"step\": null, \"low\": 1e-05, \"high\": 0.001, \"log\": true}}"}
{"op_code": 5, "worker_id": "55eb32c7-4dfe-4de0-8104-62d6e4deae91-140421830842176", "trial_id": 11, "param_name": "l2reg", "param_value_internal": 4.011123221868182e-05, "distribution": "{\"name\": \"FloatDistribution\", \"attributes\": {\"step\": null, \"low\": 1e-08, \"high\": 0.001, \"log\": true}}"}
{"op_code": 5, "worker_id": "55eb32c7-4dfe-4de0-8104-62d6e4deae91-140421830842176", "trial_id": 11, "param_name": "random_seed", "param_value_internal": 0, "distribution": "{\"name\": \"CategoricalDistribution\", \"attributes\": {\"choices\": [42]}}"}
{"op_code": 5, "worker_id": "55eb32c7-4dfe-4de0-8104-62d6e4deae91-140421830842176", "trial_id": 11, "param_name": "degree", "param_value_internal": 0, "distribution": "{\"name\": \"CategoricalDistribution\", \"attributes\": {\"choices\": [0]}}"}
{"op_code": 8, "worker_id": "55eb32c7-4dfe-4de0-8104-62d6e4deae91-140421830842176", "trial_id": 11, "user_attr": {"best_epoch": 1}}
{"op_code": 8, "worker_id": "55eb32c7-4dfe-4de0-8104-62d6e4deae91-140421830842176", "trial_id": 11, "user_attr": {"test_loss": 0.4518741532254077}}
{"op_code": 6, "worker_id": "55eb32c7-4dfe-4de0-8104-62d6e4deae91-140421830842176", "trial_id": 11, "state": 1, "values": [0.44846582935978324], "datetime_complete": "2024-08-24T02:21:46.209876"}
{"op_code": 4, "worker_id": "55eb32c7-4dfe-4de0-8104-62d6e4deae91-140421830842176", "study_id": 0, "datetime_start": "2024-08-24T02:21:46.218844"}
{"op_code": 5, "worker_id": "55eb32c7-4dfe-4de0-8104-62d6e4deae91-140421830842176", "trial_id": 12, "param_name": "lr", "param_value_internal": 0.00016921668003142025, "distribution": "{\"name\": \"FloatDistribution\", \"attributes\": {\"step\": null, \"low\": 1e-05, \"high\": 0.001, \"log\": true}}"}
{"op_code": 5, "worker_id": "55eb32c7-4dfe-4de0-8104-62d6e4deae91-140421830842176", "trial_id": 12, "param_name": "l2reg", "param_value_internal": 4.634380861758262e-05, "distribution": "{\"name\": \"FloatDistribution\", \"attributes\": {\"step\": null, \"low\": 1e-08, \"high\": 0.001, \"log\": true}}"}
{"op_code": 5, "worker_id": "55eb32c7-4dfe-4de0-8104-62d6e4deae91-140421830842176", "trial_id": 12, "param_name": "random_seed", "param_value_internal": 0, "distribution": "{\"name\": \"CategoricalDistribution\", \"attributes\": {\"choices\": [42]}}"}
{"op_code": 5, "worker_id": "55eb32c7-4dfe-4de0-8104-62d6e4deae91-140421830842176", "trial_id": 12, "param_name": "degree", "param_value_internal": 0, "distribution": "{\"name\": \"CategoricalDistribution\", \"attributes\": {\"choices\": [0]}}"}
{"op_code": 8, "worker_id": "55eb32c7-4dfe-4de0-8104-62d6e4deae91-140421830842176", "trial_id": 12, "user_attr": {"best_epoch": 1}}
{"op_code": 8, "worker_id": "55eb32c7-4dfe-4de0-8104-62d6e4deae91-140421830842176", "trial_id": 12, "user_attr": {"test_loss": 0.45179187538502974}}
{"op_code": 6, "worker_id": "55eb32c7-4dfe-4de0-8104-62d6e4deae91-140421830842176", "trial_id": 12, "state": 1, "values": [0.44836166410198347], "datetime_complete": "2024-08-24T02:40:04.460691"}
{"op_code": 4, "worker_id": "55eb32c7-4dfe-4de0-8104-62d6e4deae91-140421830842176", "study_id": 0, "datetime_start": "2024-08-24T02:40:04.470437"}
{"op_code": 5, "worker_id": "55eb32c7-4dfe-4de0-8104-62d6e4deae91-140421830842176", "trial_id": 13, "param_name": "lr", "param_value_internal": 0.000758935828694729, "distribution": "{\"name\": \"FloatDistribution\", \"attributes\": {\"step\": null, \"low\": 1e-05, \"high\": 0.001, \"log\": true}}"}
{"op_code": 5, "worker_id": "55eb32c7-4dfe-4de0-8104-62d6e4deae91-140421830842176", "trial_id": 13, "param_name": "l2reg", "param_value_internal": 9.167785859319847e-07, "distribution": "{\"name\": \"FloatDistribution\", \"attributes\": {\"step\": null, \"low\": 1e-08, \"high\": 0.001, \"log\": true}}"}
{"op_code": 5, "worker_id": "55eb32c7-4dfe-4de0-8104-62d6e4deae91-140421830842176", "trial_id": 13, "param_name": "random_seed", "param_value_internal": 0, "distribution": "{\"name\": \"CategoricalDistribution\", \"attributes\": {\"choices\": [42]}}"}
{"op_code": 5, "worker_id": "55eb32c7-4dfe-4de0-8104-62d6e4deae91-140421830842176", "trial_id": 13, "param_name": "degree", "param_value_internal": 0, "distribution": "{\"name\": \"CategoricalDistribution\", \"attributes\": {\"choices\": [0]}}"}
{"op_code": 8, "worker_id": "55eb32c7-4dfe-4de0-8104-62d6e4deae91-140421830842176", "trial_id": 13, "user_attr": {"best_epoch": 0}}
{"op_code": 8, "worker_id": "55eb32c7-4dfe-4de0-8104-62d6e4deae91-140421830842176", "trial_id": 13, "user_attr": {"test_loss": 0.4520692131518892}}
{"op_code": 6, "worker_id": "55eb32c7-4dfe-4de0-8104-62d6e4deae91-140421830842176", "trial_id": 13, "state": 1, "values": [0.4487364045250697], "datetime_complete": "2024-08-24T02:55:28.831950"}
{"op_code": 4, "worker_id": "55eb32c7-4dfe-4de0-8104-62d6e4deae91-140421830842176", "study_id": 0, "datetime_start": "2024-08-24T02:55:28.841198"}
{"op_code": 5, "worker_id": "55eb32c7-4dfe-4de0-8104-62d6e4deae91-140421830842176", "trial_id": 14, "param_name": "lr", "param_value_internal": 0.0002506327991878283, "distribution": "{\"name\": \"FloatDistribution\", \"attributes\": {\"step\": null, \"low\": 1e-05, \"high\": 0.001, \"log\": true}}"}
{"op_code": 5, "worker_id": "55eb32c7-4dfe-4de0-8104-62d6e4deae91-140421830842176", "trial_id": 14, "param_name": "l2reg", "param_value_internal": 1.163814228102759e-08, "distribution": "{\"name\": \"FloatDistribution\", \"attributes\": {\"step\": null, \"low\": 1e-08, \"high\": 0.001, \"log\": true}}"}
{"op_code": 5, "worker_id": "55eb32c7-4dfe-4de0-8104-62d6e4deae91-140421830842176", "trial_id": 14, "param_name": "random_seed", "param_value_internal": 0, "distribution": "{\"name\": \"CategoricalDistribution\", \"attributes\": {\"choices\": [42]}}"}
{"op_code": 5, "worker_id": "55eb32c7-4dfe-4de0-8104-62d6e4deae91-140421830842176", "trial_id": 14, "param_name": "degree", "param_value_internal": 0, "distribution": "{\"name\": \"CategoricalDistribution\", \"attributes\": {\"choices\": [0]}}"}
{"op_code": 8, "worker_id": "55eb32c7-4dfe-4de0-8104-62d6e4deae91-140421830842176", "trial_id": 14, "user_attr": {"best_epoch": 1}}
{"op_code": 8, "worker_id": "55eb32c7-4dfe-4de0-8104-62d6e4deae91-140421830842176", "trial_id": 14, "user_attr": {"test_loss": 0.45191501946163604}}
{"op_code": 6, "worker_id": "55eb32c7-4dfe-4de0-8104-62d6e4deae91-140421830842176", "trial_id": 14, "state": 1, "values": [0.44842249079528157], "datetime_complete": "2024-08-24T03:13:55.152510"}
{"op_code": 4, "worker_id": "55eb32c7-4dfe-4de0-8104-62d6e4deae91-140421830842176", "study_id": 0, "datetime_start": "2024-08-24T03:13:55.161541"}
{"op_code": 5, "worker_id": "55eb32c7-4dfe-4de0-8104-62d6e4deae91-140421830842176", "trial_id": 15, "param_name": "lr", "param_value_internal": 0.00011971092838101261, "distribution": "{\"name\": \"FloatDistribution\", \"attributes\": {\"step\": null, \"low\": 1e-05, \"high\": 0.001, \"log\": true}}"}
{"op_code": 5, "worker_id": "55eb32c7-4dfe-4de0-8104-62d6e4deae91-140421830842176", "trial_id": 15, "param_name": "l2reg", "param_value_internal": 7.561219687267911e-05, "distribution": "{\"name\": \"FloatDistribution\", \"attributes\": {\"step\": null, \"low\": 1e-08, \"high\": 0.001, \"log\": true}}"}
{"op_code": 5, "worker_id": "55eb32c7-4dfe-4de0-8104-62d6e4deae91-140421830842176", "trial_id": 15, "param_name": "random_seed", "param_value_internal": 0, "distribution": "{\"name\": \"CategoricalDistribution\", \"attributes\": {\"choices\": [42]}}"}
{"op_code": 5, "worker_id": "55eb32c7-4dfe-4de0-8104-62d6e4deae91-140421830842176", "trial_id": 15, "param_name": "degree", "param_value_internal": 0, "distribution": "{\"name\": \"CategoricalDistribution\", \"attributes\": {\"choices\": [0]}}"}
{"op_code": 8, "worker_id": "55eb32c7-4dfe-4de0-8104-62d6e4deae91-140421830842176", "trial_id": 15, "user_attr": {"best_epoch": 2}}
{"op_code": 8, "worker_id": "55eb32c7-4dfe-4de0-8104-62d6e4deae91-140421830842176", "trial_id": 15, "user_attr": {"test_loss": 0.45207881162730224}}
{"op_code": 6, "worker_id": "55eb32c7-4dfe-4de0-8104-62d6e4deae91-140421830842176", "trial_id": 15, "state": 1, "values": [0.4486599439536376], "datetime_complete": "2024-08-24T03:35:53.574659"}
{"op_code": 4, "worker_id": "55eb32c7-4dfe-4de0-8104-62d6e4deae91-140421830842176", "study_id": 0, "datetime_start": "2024-08-24T03:35:53.583655"}
{"op_code": 5, "worker_id": "55eb32c7-4dfe-4de0-8104-62d6e4deae91-140421830842176", "trial_id": 16, "param_name": "lr", "param_value_internal": 0.0003137097699706723, "distribution": "{\"name\": \"FloatDistribution\", \"attributes\": {\"step\": null, \"low\": 1e-05, \"high\": 0.001, \"log\": true}}"}
{"op_code": 5, "worker_id": "55eb32c7-4dfe-4de0-8104-62d6e4deae91-140421830842176", "trial_id": 16, "param_name": "l2reg", "param_value_internal": 1.0788386058544978e-05, "distribution": "{\"name\": \"FloatDistribution\", \"attributes\": {\"step\": null, \"low\": 1e-08, \"high\": 0.001, \"log\": true}}"}
{"op_code": 5, "worker_id": "55eb32c7-4dfe-4de0-8104-62d6e4deae91-140421830842176", "trial_id": 16, "param_name": "random_seed", "param_value_internal": 0, "distribution": "{\"name\": \"CategoricalDistribution\", \"attributes\": {\"choices\": [42]}}"}
{"op_code": 5, "worker_id": "55eb32c7-4dfe-4de0-8104-62d6e4deae91-140421830842176", "trial_id": 16, "param_name": "degree", "param_value_internal": 0, "distribution": "{\"name\": \"CategoricalDistribution\", \"attributes\": {\"choices\": [0]}}"}
{"op_code": 8, "worker_id": "55eb32c7-4dfe-4de0-8104-62d6e4deae91-140421830842176", "trial_id": 16, "user_attr": {"best_epoch": 1}}
{"op_code": 8, "worker_id": "55eb32c7-4dfe-4de0-8104-62d6e4deae91-140421830842176", "trial_id": 16, "user_attr": {"test_loss": 0.4522200619188923}}
{"op_code": 6, "worker_id": "55eb32c7-4dfe-4de0-8104-62d6e4deae91-140421830842176", "trial_id": 16, "state": 1, "values": [0.44872200681404395], "datetime_complete": "2024-08-24T03:54:32.832058"}
{"op_code": 4, "worker_id": "55eb32c7-4dfe-4de0-8104-62d6e4deae91-140421830842176", "study_id": 0, "datetime_start": "2024-08-24T03:54:32.841165"}
{"op_code": 5, "worker_id": "55eb32c7-4dfe-4de0-8104-62d6e4deae91-140421830842176", "trial_id": 17, "param_name": "lr", "param_value_internal": 0.0009279057714208281, "distribution": "{\"name\": \"FloatDistribution\", \"attributes\": {\"step\": null, \"low\": 1e-05, \"high\": 0.001, \"log\": true}}"}
{"op_code": 5, "worker_id": "55eb32c7-4dfe-4de0-8104-62d6e4deae91-140421830842176", "trial_id": 17, "param_name": "l2reg", "param_value_internal": 0.00012808944435729837, "distribution": "{\"name\": \"FloatDistribution\", \"attributes\": {\"step\": null, \"low\": 1e-08, \"high\": 0.001, \"log\": true}}"}
{"op_code": 5, "worker_id": "55eb32c7-4dfe-4de0-8104-62d6e4deae91-140421830842176", "trial_id": 17, "param_name": "random_seed", "param_value_internal": 0, "distribution": "{\"name\": \"CategoricalDistribution\", \"attributes\": {\"choices\": [42]}}"}
{"op_code": 5, "worker_id": "55eb32c7-4dfe-4de0-8104-62d6e4deae91-140421830842176", "trial_id": 17, "param_name": "degree", "param_value_internal": 0, "distribution": "{\"name\": \"CategoricalDistribution\", \"attributes\": {\"choices\": [0]}}"}
{"op_code": 8, "worker_id": "55eb32c7-4dfe-4de0-8104-62d6e4deae91-140421830842176", "trial_id": 17, "user_attr": {"best_epoch": 0}}
{"op_code": 8, "worker_id": "55eb32c7-4dfe-4de0-8104-62d6e4deae91-140421830842176", "trial_id": 17, "user_attr": {"test_loss": 0.452122259271691}}
{"op_code": 6, "worker_id": "55eb32c7-4dfe-4de0-8104-62d6e4deae91-140421830842176", "trial_id": 17, "state": 1, "values": [0.4487830516544788], "datetime_complete": "2024-08-24T04:09:38.591970"}
{"op_code": 4, "worker_id": "55eb32c7-4dfe-4de0-8104-62d6e4deae91-140421830842176", "study_id": 0, "datetime_start": "2024-08-24T04:09:38.600878"}
{"op_code": 5, "worker_id": "55eb32c7-4dfe-4de0-8104-62d6e4deae91-140421830842176", "trial_id": 18, "param_name": "lr", "param_value_internal": 0.0005047375759196421, "distribution": "{\"name\": \"FloatDistribution\", \"attributes\": {\"step\": null, \"low\": 1e-05, \"high\": 0.001, \"log\": true}}"}
{"op_code": 5, "worker_id": "55eb32c7-4dfe-4de0-8104-62d6e4deae91-140421830842176", "trial_id": 18, "param_name": "l2reg", "param_value_internal": 2.1181449462294946e-06, "distribution": "{\"name\": \"FloatDistribution\", \"attributes\": {\"step\": null, \"low\": 1e-08, \"high\": 0.001, \"log\": true}}"}
{"op_code": 5, "worker_id": "55eb32c7-4dfe-4de0-8104-62d6e4deae91-140421830842176", "trial_id": 18, "param_name": "random_seed", "param_value_internal": 0, "distribution": "{\"name\": \"CategoricalDistribution\", \"attributes\": {\"choices\": [42]}}"}
{"op_code": 5, "worker_id": "55eb32c7-4dfe-4de0-8104-62d6e4deae91-140421830842176", "trial_id": 18, "param_name": "degree", "param_value_internal": 0, "distribution": "{\"name\": \"CategoricalDistribution\", \"attributes\": {\"choices\": [0]}}"}
{"op_code": 8, "worker_id": "55eb32c7-4dfe-4de0-8104-62d6e4deae91-140421830842176", "trial_id": 18, "user_attr": {"best_epoch": 0}}
{"op_code": 8, "worker_id": "55eb32c7-4dfe-4de0-8104-62d6e4deae91-140421830842176", "trial_id": 18, "user_attr": {"test_loss": 0.4520545245758783}}
{"op_code": 6, "worker_id": "55eb32c7-4dfe-4de0-8104-62d6e4deae91-140421830842176", "trial_id": 18, "state": 1, "values": [0.4487240792118431], "datetime_complete": "2024-08-24T04:25:28.711913"}
{"op_code": 4, "worker_id": "55eb32c7-4dfe-4de0-8104-62d6e4deae91-140421830842176", "study_id": 0, "datetime_start": "2024-08-24T04:25:28.721017"}
{"op_code": 5, "worker_id": "55eb32c7-4dfe-4de0-8104-62d6e4deae91-140421830842176", "trial_id": 19, "param_name": "lr", "param_value_internal": 8.653118455000341e-05, "distribution": "{\"name\": \"FloatDistribution\", \"attributes\": {\"step\": null, \"low\": 1e-05, \"high\": 0.001, \"log\": true}}"}
{"op_code": 5, "worker_id": "55eb32c7-4dfe-4de0-8104-62d6e4deae91-140421830842176", "trial_id": 19, "param_name": "l2reg", "param_value_internal": 1.695439134883415e-05, "distribution": "{\"name\": \"FloatDistribution\", \"attributes\": {\"step\": null, \"low\": 1e-08, \"high\": 0.001, \"log\": true}}"}
{"op_code": 5, "worker_id": "55eb32c7-4dfe-4de0-8104-62d6e4deae91-140421830842176", "trial_id": 19, "param_name": "random_seed", "param_value_internal": 0, "distribution": "{\"name\": \"CategoricalDistribution\", \"attributes\": {\"choices\": [42]}}"}
{"op_code": 5, "worker_id": "55eb32c7-4dfe-4de0-8104-62d6e4deae91-140421830842176", "trial_id": 19, "param_name": "degree", "param_value_internal": 0, "distribution": "{\"name\": \"CategoricalDistribution\", \"attributes\": {\"choices\": [0]}}"}
{"op_code": 8, "worker_id": "55eb32c7-4dfe-4de0-8104-62d6e4deae91-140421830842176", "trial_id": 19, "user_attr": {"best_epoch": 3}}
{"op_code": 8, "worker_id": "55eb32c7-4dfe-4de0-8104-62d6e4deae91-140421830842176", "trial_id": 19, "user_attr": {"test_loss": 0.4523948705165667}}
{"op_code": 6, "worker_id": "55eb32c7-4dfe-4de0-8104-62d6e4deae91-140421830842176", "trial_id": 19, "state": 1, "values": [0.4489012146868869], "datetime_complete": "2024-08-24T04:52:00.181412"}
{"op_code": 4, "worker_id": "55eb32c7-4dfe-4de0-8104-62d6e4deae91-140421830842176", "study_id": 0, "datetime_start": "2024-08-24T04:52:00.193047"}
{"op_code": 5, "worker_id": "55eb32c7-4dfe-4de0-8104-62d6e4deae91-140421830842176", "trial_id": 20, "param_name": "lr", "param_value_internal": 0.00019950364153925506, "distribution": "{\"name\": \"FloatDistribution\", \"attributes\": {\"step\": null, \"low\": 1e-05, \"high\": 0.001, \"log\": true}}"}
{"op_code": 5, "worker_id": "55eb32c7-4dfe-4de0-8104-62d6e4deae91-140421830842176", "trial_id": 20, "param_name": "l2reg", "param_value_internal": 0.0002494279464885976, "distribution": "{\"name\": \"FloatDistribution\", \"attributes\": {\"step\": null, \"low\": 1e-08, \"high\": 0.001, \"log\": true}}"}
{"op_code": 5, "worker_id": "55eb32c7-4dfe-4de0-8104-62d6e4deae91-140421830842176", "trial_id": 20, "param_name": "random_seed", "param_value_internal": 0, "distribution": "{\"name\": \"CategoricalDistribution\", \"attributes\": {\"choices\": [42]}}"}
{"op_code": 5, "worker_id": "55eb32c7-4dfe-4de0-8104-62d6e4deae91-140421830842176", "trial_id": 20, "param_name": "degree", "param_value_internal": 0, "distribution": "{\"name\": \"CategoricalDistribution\", \"attributes\": {\"choices\": [0]}}"}
{"op_code": 8, "worker_id": "55eb32c7-4dfe-4de0-8104-62d6e4deae91-140421830842176", "trial_id": 20, "user_attr": {"best_epoch": 1}}
{"op_code": 8, "worker_id": "55eb32c7-4dfe-4de0-8104-62d6e4deae91-140421830842176", "trial_id": 20, "user_attr": {"test_loss": 0.45175119093810845}}
{"op_code": 6, "worker_id": "55eb32c7-4dfe-4de0-8104-62d6e4deae91-140421830842176", "trial_id": 20, "state": 1, "values": [0.4482888756740201], "datetime_complete": "2024-08-24T05:10:48.259318"}
{"op_code": 4, "worker_id": "55eb32c7-4dfe-4de0-8104-62d6e4deae91-140421830842176", "study_id": 0, "datetime_start": "2024-08-24T05:10:48.269903"}
{"op_code": 5, "worker_id": "55eb32c7-4dfe-4de0-8104-62d6e4deae91-140421830842176", "trial_id": 21, "param_name": "lr", "param_value_internal": 0.00020957470381061463, "distribution": "{\"name\": \"FloatDistribution\", \"attributes\": {\"step\": null, \"low\": 1e-05, \"high\": 0.001, \"log\": true}}"}
{"op_code": 5, "worker_id": "55eb32c7-4dfe-4de0-8104-62d6e4deae91-140421830842176", "trial_id": 21, "param_name": "l2reg", "param_value_internal": 0.00024280414026731873, "distribution": "{\"name\": \"FloatDistribution\", \"attributes\": {\"step\": null, \"low\": 1e-08, \"high\": 0.001, \"log\": true}}"}
{"op_code": 5, "worker_id": "55eb32c7-4dfe-4de0-8104-62d6e4deae91-140421830842176", "trial_id": 21, "param_name": "random_seed", "param_value_internal": 0, "distribution": "{\"name\": \"CategoricalDistribution\", \"attributes\": {\"choices\": [42]}}"}
{"op_code": 5, "worker_id": "55eb32c7-4dfe-4de0-8104-62d6e4deae91-140421830842176", "trial_id": 21, "param_name": "degree", "param_value_internal": 0, "distribution": "{\"name\": \"CategoricalDistribution\", \"attributes\": {\"choices\": [0]}}"}
{"op_code": 8, "worker_id": "55eb32c7-4dfe-4de0-8104-62d6e4deae91-140421830842176", "trial_id": 21, "user_attr": {"best_epoch": 1}}
{"op_code": 8, "worker_id": "55eb32c7-4dfe-4de0-8104-62d6e4deae91-140421830842176", "trial_id": 21, "user_attr": {"test_loss": 0.4517654795776438}}
{"op_code": 6, "worker_id": "55eb32c7-4dfe-4de0-8104-62d6e4deae91-140421830842176", "trial_id": 21, "state": 1, "values": [0.4482945838574318], "datetime_complete": "2024-08-24T05:29:24.566076"}
{"op_code": 4, "worker_id": "55eb32c7-4dfe-4de0-8104-62d6e4deae91-140421830842176", "study_id": 0, "datetime_start": "2024-08-24T05:29:24.582758"}
{"op_code": 5, "worker_id": "55eb32c7-4dfe-4de0-8104-62d6e4deae91-140421830842176", "trial_id": 22, "param_name": "lr", "param_value_internal": 0.0002387358522223511, "distribution": "{\"name\": \"FloatDistribution\", \"attributes\": {\"step\": null, \"low\": 1e-05, \"high\": 0.001, \"log\": true}}"}
{"op_code": 5, "worker_id": "55eb32c7-4dfe-4de0-8104-62d6e4deae91-140421830842176", "trial_id": 22, "param_name": "l2reg", "param_value_internal": 0.00026809177048658017, "distribution": "{\"name\": \"FloatDistribution\", \"attributes\": {\"step\": null, \"low\": 1e-08, \"high\": 0.001, \"log\": true}}"}
{"op_code": 5, "worker_id": "55eb32c7-4dfe-4de0-8104-62d6e4deae91-140421830842176", "trial_id": 22, "param_name": "random_seed", "param_value_internal": 0, "distribution": "{\"name\": \"CategoricalDistribution\", \"attributes\": {\"choices\": [42]}}"}
{"op_code": 5, "worker_id": "55eb32c7-4dfe-4de0-8104-62d6e4deae91-140421830842176", "trial_id": 22, "param_name": "degree", "param_value_internal": 0, "distribution": "{\"name\": \"CategoricalDistribution\", \"attributes\": {\"choices\": [0]}}"}
{"op_code": 8, "worker_id": "55eb32c7-4dfe-4de0-8104-62d6e4deae91-140421830842176", "trial_id": 22, "user_attr": {"best_epoch": 1}}
{"op_code": 8, "worker_id": "55eb32c7-4dfe-4de0-8104-62d6e4deae91-140421830842176", "trial_id": 22, "user_attr": {"test_loss": 0.4518506660469348}}
{"op_code": 6, "worker_id": "55eb32c7-4dfe-4de0-8104-62d6e4deae91-140421830842176", "trial_id": 22, "state": 1, "values": [0.44836293662694787], "datetime_complete": "2024-08-24T05:47:54.148376"}
{"op_code": 4, "worker_id": "55eb32c7-4dfe-4de0-8104-62d6e4deae91-140421830842176", "study_id": 0, "datetime_start": "2024-08-24T05:47:54.157269"}
{"op_code": 5, "worker_id": "55eb32c7-4dfe-4de0-8104-62d6e4deae91-140421830842176", "trial_id": 23, "param_name": "lr", "param_value_internal": 0.0004073859762101027, "distribution": "{\"name\": \"FloatDistribution\", \"attributes\": {\"step\": null, \"low\": 1e-05, \"high\": 0.001, \"log\": true}}"}
{"op_code": 5, "worker_id": "55eb32c7-4dfe-4de0-8104-62d6e4deae91-140421830842176", "trial_id": 23, "param_name": "l2reg", "param_value_internal": 0.0009551743658898723, "distribution": "{\"name\": \"FloatDistribution\", \"attributes\": {\"step\": null, \"low\": 1e-08, \"high\": 0.001, \"log\": true}}"}
{"op_code": 5, "worker_id": "55eb32c7-4dfe-4de0-8104-62d6e4deae91-140421830842176", "trial_id": 23, "param_name": "random_seed", "param_value_internal": 0, "distribution": "{\"name\": \"CategoricalDistribution\", \"attributes\": {\"choices\": [42]}}"}
{"op_code": 5, "worker_id": "55eb32c7-4dfe-4de0-8104-62d6e4deae91-140421830842176", "trial_id": 23, "param_name": "degree", "param_value_internal": 0, "distribution": "{\"name\": \"CategoricalDistribution\", \"attributes\": {\"choices\": [0]}}"}
{"op_code": 8, "worker_id": "55eb32c7-4dfe-4de0-8104-62d6e4deae91-140421830842176", "trial_id": 23, "user_attr": {"best_epoch": 0}}
{"op_code": 8, "worker_id": "55eb32c7-4dfe-4de0-8104-62d6e4deae91-140421830842176", "trial_id": 23, "user_attr": {"test_loss": 0.45206001461295164}}
{"op_code": 6, "worker_id": "55eb32c7-4dfe-4de0-8104-62d6e4deae91-140421830842176", "trial_id": 23, "state": 1, "values": [0.4487414582670711], "datetime_complete": "2024-08-24T06:03:07.742415"}
{"op_code": 4, "worker_id": "55eb32c7-4dfe-4de0-8104-62d6e4deae91-140421830842176", "study_id": 0, "datetime_start": "2024-08-24T06:03:07.752046"}
{"op_code": 5, "worker_id": "55eb32c7-4dfe-4de0-8104-62d6e4deae91-140421830842176", "trial_id": 24, "param_name": "lr", "param_value_internal": 0.000111591481744725, "distribution": "{\"name\": \"FloatDistribution\", \"attributes\": {\"step\": null, \"low\": 1e-05, \"high\": 0.001, \"log\": true}}"}
{"op_code": 5, "worker_id": "55eb32c7-4dfe-4de0-8104-62d6e4deae91-140421830842176", "trial_id": 24, "param_name": "l2reg", "param_value_internal": 0.00020061385537592733, "distribution": "{\"name\": \"FloatDistribution\", \"attributes\": {\"step\": null, \"low\": 1e-08, \"high\": 0.001, \"log\": true}}"}
{"op_code": 5, "worker_id": "55eb32c7-4dfe-4de0-8104-62d6e4deae91-140421830842176", "trial_id": 24, "param_name": "random_seed", "param_value_internal": 0, "distribution": "{\"name\": \"CategoricalDistribution\", \"attributes\": {\"choices\": [42]}}"}
{"op_code": 5, "worker_id": "55eb32c7-4dfe-4de0-8104-62d6e4deae91-140421830842176", "trial_id": 24, "param_name": "degree", "param_value_internal": 0, "distribution": "{\"name\": \"CategoricalDistribution\", \"attributes\": {\"choices\": [0]}}"}
{"op_code": 8, "worker_id": "55eb32c7-4dfe-4de0-8104-62d6e4deae91-140421830842176", "trial_id": 24, "user_attr": {"best_epoch": 2}}
{"op_code": 8, "worker_id": "55eb32c7-4dfe-4de0-8104-62d6e4deae91-140421830842176", "trial_id": 24, "user_attr": {"test_loss": 0.4520438717224842}}
{"op_code": 6, "worker_id": "55eb32c7-4dfe-4de0-8104-62d6e4deae91-140421830842176", "trial_id": 24, "state": 1, "values": [0.4486457280318925], "datetime_complete": "2024-08-24T06:25:07.531298"}
{"op_code": 4, "worker_id": "55eb32c7-4dfe-4de0-8104-62d6e4deae91-140421830842176", "study_id": 0, "datetime_start": "2024-08-24T06:25:07.540495"}
{"op_code": 5, "worker_id": "55eb32c7-4dfe-4de0-8104-62d6e4deae91-140421830842176", "trial_id": 25, "param_name": "lr", "param_value_internal": 0.00019645836711178132, "distribution": "{\"name\": \"FloatDistribution\", \"attributes\": {\"step\": null, \"low\": 1e-05, \"high\": 0.001, \"log\": true}}"}
{"op_code": 5, "worker_id": "55eb32c7-4dfe-4de0-8104-62d6e4deae91-140421830842176", "trial_id": 25, "param_name": "l2reg", "param_value_internal": 0.00010313316434028185, "distribution": "{\"name\": \"FloatDistribution\", \"attributes\": {\"step\": null, \"low\": 1e-08, \"high\": 0.001, \"log\": true}}"}
{"op_code": 5, "worker_id": "55eb32c7-4dfe-4de0-8104-62d6e4deae91-140421830842176", "trial_id": 25, "param_name": "random_seed", "param_value_internal": 0, "distribution": "{\"name\": \"CategoricalDistribution\", \"attributes\": {\"choices\": [42]}}"}
{"op_code": 5, "worker_id": "55eb32c7-4dfe-4de0-8104-62d6e4deae91-140421830842176", "trial_id": 25, "param_name": "degree", "param_value_internal": 0, "distribution": "{\"name\": \"CategoricalDistribution\", \"attributes\": {\"choices\": [0]}}"}
{"op_code": 8, "worker_id": "55eb32c7-4dfe-4de0-8104-62d6e4deae91-140421830842176", "trial_id": 25, "user_attr": {"best_epoch": 1}}
{"op_code": 8, "worker_id": "55eb32c7-4dfe-4de0-8104-62d6e4deae91-140421830842176", "trial_id": 25, "user_attr": {"test_loss": 0.4517628254537607}}
{"op_code": 6, "worker_id": "55eb32c7-4dfe-4de0-8104-62d6e4deae91-140421830842176", "trial_id": 25, "state": 1, "values": [0.44830156456580794], "datetime_complete": "2024-08-24T06:44:14.452696"}
{"op_code": 4, "worker_id": "55eb32c7-4dfe-4de0-8104-62d6e4deae91-140421830842176", "study_id": 0, "datetime_start": "2024-08-24T06:44:14.577504"}
{"op_code": 5, "worker_id": "55eb32c7-4dfe-4de0-8104-62d6e4deae91-140421830842176", "trial_id": 26, "param_name": "lr", "param_value_internal": 5.797419451931536e-05, "distribution": "{\"name\": \"FloatDistribution\", \"attributes\": {\"step\": null, \"low\": 1e-05, \"high\": 0.001, \"log\": true}}"}
{"op_code": 5, "worker_id": "55eb32c7-4dfe-4de0-8104-62d6e4deae91-140421830842176", "trial_id": 26, "param_name": "l2reg", "param_value_internal": 0.00041081458405860813, "distribution": "{\"name\": \"FloatDistribution\", \"attributes\": {\"step\": null, \"low\": 1e-08, \"high\": 0.001, \"log\": true}}"}
{"op_code": 5, "worker_id": "55eb32c7-4dfe-4de0-8104-62d6e4deae91-140421830842176", "trial_id": 26, "param_name": "random_seed", "param_value_internal": 0, "distribution": "{\"name\": \"CategoricalDistribution\", \"attributes\": {\"choices\": [42]}}"}
{"op_code": 5, "worker_id": "55eb32c7-4dfe-4de0-8104-62d6e4deae91-140421830842176", "trial_id": 26, "param_name": "degree", "param_value_internal": 0, "distribution": "{\"name\": \"CategoricalDistribution\", \"attributes\": {\"choices\": [0]}}"}
{"op_code": 8, "worker_id": "55eb32c7-4dfe-4de0-8104-62d6e4deae91-140421830842176", "trial_id": 26, "user_attr": {"best_epoch": 4}}
{"op_code": 8, "worker_id": "55eb32c7-4dfe-4de0-8104-62d6e4deae91-140421830842176", "trial_id": 26, "user_attr": {"test_loss": 0.45252895830945833}}
{"op_code": 6, "worker_id": "55eb32c7-4dfe-4de0-8104-62d6e4deae91-140421830842176", "trial_id": 26, "state": 1, "values": [0.4490938749664962], "datetime_complete": "2024-08-24T07:12:49.969601"}
{"op_code": 4, "worker_id": "55eb32c7-4dfe-4de0-8104-62d6e4deae91-140421830842176", "study_id": 0, "datetime_start": "2024-08-24T07:12:49.978371"}
{"op_code": 5, "worker_id": "55eb32c7-4dfe-4de0-8104-62d6e4deae91-140421830842176", "trial_id": 27, "param_name": "lr", "param_value_internal": 0.0006223220087963262, "distribution": "{\"name\": \"FloatDistribution\", \"attributes\": {\"step\": null, \"low\": 1e-05, \"high\": 0.001, \"log\": true}}"}
{"op_code": 5, "worker_id": "55eb32c7-4dfe-4de0-8104-62d6e4deae91-140421830842176", "trial_id": 27, "param_name": "l2reg", "param_value_internal": 0.00011461458143861298, "distribution": "{\"name\": \"FloatDistribution\", \"attributes\": {\"step\": null, \"low\": 1e-08, \"high\": 0.001, \"log\": true}}"}
{"op_code": 5, "worker_id": "55eb32c7-4dfe-4de0-8104-62d6e4deae91-140421830842176", "trial_id": 27, "param_name": "random_seed", "param_value_internal": 0, "distribution": "{\"name\": \"CategoricalDistribution\", \"attributes\": {\"choices\": [42]}}"}
{"op_code": 5, "worker_id": "55eb32c7-4dfe-4de0-8104-62d6e4deae91-140421830842176", "trial_id": 27, "param_name": "degree", "param_value_internal": 0, "distribution": "{\"name\": \"CategoricalDistribution\", \"attributes\": {\"choices\": [0]}}"}
{"op_code": 8, "worker_id": "55eb32c7-4dfe-4de0-8104-62d6e4deae91-140421830842176", "trial_id": 27, "user_attr": {"best_epoch": 0}}
{"op_code": 8, "worker_id": "55eb32c7-4dfe-4de0-8104-62d6e4deae91-140421830842176", "trial_id": 27, "user_attr": {"test_loss": 0.4520489618230821}}
{"op_code": 6, "worker_id": "55eb32c7-4dfe-4de0-8104-62d6e4deae91-140421830842176", "trial_id": 27, "state": 1, "values": [0.44871713486132314], "datetime_complete": "2024-08-24T07:27:45.292118"}
{"op_code": 4, "worker_id": "55eb32c7-4dfe-4de0-8104-62d6e4deae91-140421830842176", "study_id": 0, "datetime_start": "2024-08-24T07:27:45.301146"}
{"op_code": 5, "worker_id": "55eb32c7-4dfe-4de0-8104-62d6e4deae91-140421830842176", "trial_id": 28, "param_name": "lr", "param_value_internal": 0.00037280375435423587, "distribution": "{\"name\": \"FloatDistribution\", \"attributes\": {\"step\": null, \"low\": 1e-05, \"high\": 0.001, \"log\": true}}"}
{"op_code": 5, "worker_id": "55eb32c7-4dfe-4de0-8104-62d6e4deae91-140421830842176", "trial_id": 28, "param_name": "l2reg", "param_value_internal": 9.601491015702975e-05, "distribution": "{\"name\": \"FloatDistribution\", \"attributes\": {\"step\": null, \"low\": 1e-08, \"high\": 0.001, \"log\": true}}"}
{"op_code": 5, "worker_id": "55eb32c7-4dfe-4de0-8104-62d6e4deae91-140421830842176", "trial_id": 28, "param_name": "random_seed", "param_value_internal": 0, "distribution": "{\"name\": \"CategoricalDistribution\", \"attributes\": {\"choices\": [42]}}"}
{"op_code": 5, "worker_id": "55eb32c7-4dfe-4de0-8104-62d6e4deae91-140421830842176", "trial_id": 28, "param_name": "degree", "param_value_internal": 0, "distribution": "{\"name\": \"CategoricalDistribution\", \"attributes\": {\"choices\": [0]}}"}
{"op_code": 8, "worker_id": "55eb32c7-4dfe-4de0-8104-62d6e4deae91-140421830842176", "trial_id": 28, "user_attr": {"best_epoch": 0}}
{"op_code": 8, "worker_id": "55eb32c7-4dfe-4de0-8104-62d6e4deae91-140421830842176", "trial_id": 28, "user_attr": {"test_loss": 0.45211258808055504}}
{"op_code": 6, "worker_id": "55eb32c7-4dfe-4de0-8104-62d6e4deae91-140421830842176", "trial_id": 28, "state": 1, "values": [0.44879795837549025], "datetime_complete": "2024-08-24T07:42:40.232949"}
{"op_code": 4, "worker_id": "55eb32c7-4dfe-4de0-8104-62d6e4deae91-140421830842176", "study_id": 0, "datetime_start": "2024-08-24T07:42:40.242403"}
{"op_code": 5, "worker_id": "55eb32c7-4dfe-4de0-8104-62d6e4deae91-140421830842176", "trial_id": 29, "param_name": "lr", "param_value_internal": 4.253944707052333e-05, "distribution": "{\"name\": \"FloatDistribution\", \"attributes\": {\"step\": null, \"low\": 1e-05, \"high\": 0.001, \"log\": true}}"}
{"op_code": 5, "worker_id": "55eb32c7-4dfe-4de0-8104-62d6e4deae91-140421830842176", "trial_id": 29, "param_name": "l2reg", "param_value_internal": 0.0005593880160014067, "distribution": "{\"name\": \"FloatDistribution\", \"attributes\": {\"step\": null, \"low\": 1e-08, \"high\": 0.001, \"log\": true}}"}
{"op_code": 5, "worker_id": "55eb32c7-4dfe-4de0-8104-62d6e4deae91-140421830842176", "trial_id": 29, "param_name": "random_seed", "param_value_internal": 0, "distribution": "{\"name\": \"CategoricalDistribution\", \"attributes\": {\"choices\": [42]}}"}
{"op_code": 5, "worker_id": "55eb32c7-4dfe-4de0-8104-62d6e4deae91-140421830842176", "trial_id": 29, "param_name": "degree", "param_value_internal": 0, "distribution": "{\"name\": \"CategoricalDistribution\", \"attributes\": {\"choices\": [0]}}"}
{"op_code": 8, "worker_id": "55eb32c7-4dfe-4de0-8104-62d6e4deae91-140421830842176", "trial_id": 29, "user_attr": {"best_epoch": 6}}
{"op_code": 8, "worker_id": "55eb32c7-4dfe-4de0-8104-62d6e4deae91-140421830842176", "trial_id": 29, "user_attr": {"test_loss": 0.452777100713603}}
{"op_code": 6, "worker_id": "55eb32c7-4dfe-4de0-8104-62d6e4deae91-140421830842176", "trial_id": 29, "state": 1, "values": [0.44929097090455294], "datetime_complete": "2024-08-24T08:18:05.603376"}
{"op_code": 4, "worker_id": "55eb32c7-4dfe-4de0-8104-62d6e4deae91-140421830842176", "study_id": 0, "datetime_start": "2024-08-24T08:18:05.613278"}
{"op_code": 5, "worker_id": "55eb32c7-4dfe-4de0-8104-62d6e4deae91-140421830842176", "trial_id": 30, "param_name": "lr", "param_value_internal": 0.00022357535271897433, "distribution": "{\"name\": \"FloatDistribution\", \"attributes\": {\"step\": null, \"low\": 1e-05, \"high\": 0.001, \"log\": true}}"}
{"op_code": 5, "worker_id": "55eb32c7-4dfe-4de0-8104-62d6e4deae91-140421830842176", "trial_id": 30, "param_name": "l2reg", "param_value_internal": 1.8035976269145646e-05, "distribution": "{\"name\": \"FloatDistribution\", \"attributes\": {\"step\": null, \"low\": 1e-08, \"high\": 0.001, \"log\": true}}"}
{"op_code": 5, "worker_id": "55eb32c7-4dfe-4de0-8104-62d6e4deae91-140421830842176", "trial_id": 30, "param_name": "random_seed", "param_value_internal": 0, "distribution": "{\"name\": \"CategoricalDistribution\", \"attributes\": {\"choices\": [42]}}"}
{"op_code": 5, "worker_id": "55eb32c7-4dfe-4de0-8104-62d6e4deae91-140421830842176", "trial_id": 30, "param_name": "degree", "param_value_internal": 0, "distribution": "{\"name\": \"CategoricalDistribution\", \"attributes\": {\"choices\": [0]}}"}
{"op_code": 8, "worker_id": "55eb32c7-4dfe-4de0-8104-62d6e4deae91-140421830842176", "trial_id": 30, "user_attr": {"best_epoch": 1}}
{"op_code": 8, "worker_id": "55eb32c7-4dfe-4de0-8104-62d6e4deae91-140421830842176", "trial_id": 30, "user_attr": {"test_loss": 0.4518153989213641}}
{"op_code": 6, "worker_id": "55eb32c7-4dfe-4de0-8104-62d6e4deae91-140421830842176", "trial_id": 30, "state": 1, "values": [0.44833359583705457], "datetime_complete": "2024-08-24T08:36:18.913764"}
{"op_code": 4, "worker_id": "55eb32c7-4dfe-4de0-8104-62d6e4deae91-140421830842176", "study_id": 0, "datetime_start": "2024-08-24T08:36:18.922512"}
{"op_code": 5, "worker_id": "55eb32c7-4dfe-4de0-8104-62d6e4deae91-140421830842176", "trial_id": 31, "param_name": "lr", "param_value_internal": 0.00019054573093481194, "distribution": "{\"name\": \"FloatDistribution\", \"attributes\": {\"step\": null, \"low\": 1e-05, \"high\": 0.001, \"log\": true}}"}
{"op_code": 5, "worker_id": "55eb32c7-4dfe-4de0-8104-62d6e4deae91-140421830842176", "trial_id": 31, "param_name": "l2reg", "param_value_internal": 0.00031722423937311585, "distribution": "{\"name\": \"FloatDistribution\", \"attributes\": {\"step\": null, \"low\": 1e-08, \"high\": 0.001, \"log\": true}}"}
{"op_code": 5, "worker_id": "55eb32c7-4dfe-4de0-8104-62d6e4deae91-140421830842176", "trial_id": 31, "param_name": "random_seed", "param_value_internal": 0, "distribution": "{\"name\": \"CategoricalDistribution\", \"attributes\": {\"choices\": [42]}}"}
{"op_code": 5, "worker_id": "55eb32c7-4dfe-4de0-8104-62d6e4deae91-140421830842176", "trial_id": 31, "param_name": "degree", "param_value_internal": 0, "distribution": "{\"name\": \"CategoricalDistribution\", \"attributes\": {\"choices\": [0]}}"}
{"op_code": 8, "worker_id": "55eb32c7-4dfe-4de0-8104-62d6e4deae91-140421830842176", "trial_id": 31, "user_attr": {"best_epoch": 1}}
{"op_code": 8, "worker_id": "55eb32c7-4dfe-4de0-8104-62d6e4deae91-140421830842176", "trial_id": 31, "user_attr": {"test_loss": 0.4517473733626601}}
{"op_code": 6, "worker_id": "55eb32c7-4dfe-4de0-8104-62d6e4deae91-140421830842176", "trial_id": 31, "state": 1, "values": [0.44829378398459707], "datetime_complete": "2024-08-24T08:55:13.793182"}
{"op_code": 4, "worker_id": "55eb32c7-4dfe-4de0-8104-62d6e4deae91-140421830842176", "study_id": 0, "datetime_start": "2024-08-24T08:55:13.802210"}
{"op_code": 5, "worker_id": "55eb32c7-4dfe-4de0-8104-62d6e4deae91-140421830842176", "trial_id": 32, "param_name": "lr", "param_value_internal": 0.00011476359182851088, "distribution": "{\"name\": \"FloatDistribution\", \"attributes\": {\"step\": null, \"low\": 1e-05, \"high\": 0.001, \"log\": true}}"}
{"op_code": 5, "worker_id": "55eb32c7-4dfe-4de0-8104-62d6e4deae91-140421830842176", "trial_id": 32, "param_name": "l2reg", "param_value_internal": 0.00033970614755361614, "distribution": "{\"name\": \"FloatDistribution\", \"attributes\": {\"step\": null, \"low\": 1e-08, \"high\": 0.001, \"log\": true}}"}
{"op_code": 5, "worker_id": "55eb32c7-4dfe-4de0-8104-62d6e4deae91-140421830842176", "trial_id": 32, "param_name": "random_seed", "param_value_internal": 0, "distribution": "{\"name\": \"CategoricalDistribution\", \"attributes\": {\"choices\": [42]}}"}
{"op_code": 5, "worker_id": "55eb32c7-4dfe-4de0-8104-62d6e4deae91-140421830842176", "trial_id": 32, "param_name": "degree", "param_value_internal": 0, "distribution": "{\"name\": \"CategoricalDistribution\", \"attributes\": {\"choices\": [0]}}"}
{"op_code": 8, "worker_id": "55eb32c7-4dfe-4de0-8104-62d6e4deae91-140421830842176", "trial_id": 32, "user_attr": {"best_epoch": 2}}
{"op_code": 8, "worker_id": "55eb32c7-4dfe-4de0-8104-62d6e4deae91-140421830842176", "trial_id": 32, "user_attr": {"test_loss": 0.452029946661563}}
{"op_code": 6, "worker_id": "55eb32c7-4dfe-4de0-8104-62d6e4deae91-140421830842176", "trial_id": 32, "state": 1, "values": [0.4486260220738725], "datetime_complete": "2024-08-24T09:16:55.460778"}
{"op_code": 4, "worker_id": "55eb32c7-4dfe-4de0-8104-62d6e4deae91-140421830842176", "study_id": 0, "datetime_start": "2024-08-24T09:16:55.501742"}
{"op_code": 5, "worker_id": "55eb32c7-4dfe-4de0-8104-62d6e4deae91-140421830842176", "trial_id": 33, "param_name": "lr", "param_value_internal": 0.0002847801539361863, "distribution": "{\"name\": \"FloatDistribution\", \"attributes\": {\"step\": null, \"low\": 1e-05, \"high\": 0.001, \"log\": true}}"}
{"op_code": 5, "worker_id": "55eb32c7-4dfe-4de0-8104-62d6e4deae91-140421830842176", "trial_id": 33, "param_name": "l2reg", "param_value_internal": 0.00016934112077872764, "distribution": "{\"name\": \"FloatDistribution\", \"attributes\": {\"step\": null, \"low\": 1e-08, \"high\": 0.001, \"log\": true}}"}
{"op_code": 5, "worker_id": "55eb32c7-4dfe-4de0-8104-62d6e4deae91-140421830842176", "trial_id": 33, "param_name": "random_seed", "param_value_internal": 0, "distribution": "{\"name\": \"CategoricalDistribution\", \"attributes\": {\"choices\": [42]}}"}
{"op_code": 5, "worker_id": "55eb32c7-4dfe-4de0-8104-62d6e4deae91-140421830842176", "trial_id": 33, "param_name": "degree", "param_value_internal": 0, "distribution": "{\"name\": \"CategoricalDistribution\", \"attributes\": {\"choices\": [0]}}"}
{"op_code": 8, "worker_id": "55eb32c7-4dfe-4de0-8104-62d6e4deae91-140421830842176", "trial_id": 33, "user_attr": {"best_epoch": 1}}
{"op_code": 8, "worker_id": "55eb32c7-4dfe-4de0-8104-62d6e4deae91-140421830842176", "trial_id": 33, "user_attr": {"test_loss": 0.45205826943560384}}
{"op_code": 6, "worker_id": "55eb32c7-4dfe-4de0-8104-62d6e4deae91-140421830842176", "trial_id": 33, "state": 1, "values": [0.448561886815667], "datetime_complete": "2024-08-24T09:35:08.255034"}
{"op_code": 4, "worker_id": "55eb32c7-4dfe-4de0-8104-62d6e4deae91-140421830842176", "study_id": 0, "datetime_start": "2024-08-24T09:35:08.265421"}
{"op_code": 5, "worker_id": "55eb32c7-4dfe-4de0-8104-62d6e4deae91-140421830842176", "trial_id": 34, "param_name": "lr", "param_value_internal": 0.00014573015022580283, "distribution": "{\"name\": \"FloatDistribution\", \"attributes\": {\"step\": null, \"low\": 1e-05, \"high\": 0.001, \"log\": true}}"}
{"op_code": 5, "worker_id": "55eb32c7-4dfe-4de0-8104-62d6e4deae91-140421830842176", "trial_id": 34, "param_name": "l2reg", "param_value_internal": 0.0004285453647277413, "distribution": "{\"name\": \"FloatDistribution\", \"attributes\": {\"step\": null, \"low\": 1e-08, \"high\": 0.001, \"log\": true}}"}
{"op_code": 5, "worker_id": "55eb32c7-4dfe-4de0-8104-62d6e4deae91-140421830842176", "trial_id": 34, "param_name": "random_seed", "param_value_internal": 0, "distribution": "{\"name\": \"CategoricalDistribution\", \"attributes\": {\"choices\": [42]}}"}
{"op_code": 5, "worker_id": "55eb32c7-4dfe-4de0-8104-62d6e4deae91-140421830842176", "trial_id": 34, "param_name": "degree", "param_value_internal": 0, "distribution": "{\"name\": \"CategoricalDistribution\", \"attributes\": {\"choices\": [0]}}"}
{"op_code": 8, "worker_id": "55eb32c7-4dfe-4de0-8104-62d6e4deae91-140421830842176", "trial_id": 34, "user_attr": {"best_epoch": 1}}
{"op_code": 8, "worker_id": "55eb32c7-4dfe-4de0-8104-62d6e4deae91-140421830842176", "trial_id": 34, "user_attr": {"test_loss": 0.45192803557602196}}
{"op_code": 6, "worker_id": "55eb32c7-4dfe-4de0-8104-62d6e4deae91-140421830842176", "trial_id": 34, "state": 1, "values": [0.4485329096043349], "datetime_complete": "2024-08-24T09:53:11.275647"}
{"op_code": 4, "worker_id": "55eb32c7-4dfe-4de0-8104-62d6e4deae91-140421830842176", "study_id": 0, "datetime_start": "2024-08-24T09:53:11.286958"}
{"op_code": 5, "worker_id": "55eb32c7-4dfe-4de0-8104-62d6e4deae91-140421830842176", "trial_id": 35, "param_name": "lr", "param_value_internal": 0.00020904014390445955, "distribution": "{\"name\": \"FloatDistribution\", \"attributes\": {\"step\": null, \"low\": 1e-05, \"high\": 0.001, \"log\": true}}"}
{"op_code": 5, "worker_id": "55eb32c7-4dfe-4de0-8104-62d6e4deae91-140421830842176", "trial_id": 35, "param_name": "l2reg", "param_value_internal": 8.34362388289175e-05, "distribution": "{\"name\": \"FloatDistribution\", \"attributes\": {\"step\": null, \"low\": 1e-08, \"high\": 0.001, \"log\": true}}"}
{"op_code": 5, "worker_id": "55eb32c7-4dfe-4de0-8104-62d6e4deae91-140421830842176", "trial_id": 35, "param_name": "random_seed", "param_value_internal": 0, "distribution": "{\"name\": \"CategoricalDistribution\", \"attributes\": {\"choices\": [42]}}"}
{"op_code": 5, "worker_id": "55eb32c7-4dfe-4de0-8104-62d6e4deae91-140421830842176", "trial_id": 35, "param_name": "degree", "param_value_internal": 0, "distribution": "{\"name\": \"CategoricalDistribution\", \"attributes\": {\"choices\": [0]}}"}
{"op_code": 8, "worker_id": "55eb32c7-4dfe-4de0-8104-62d6e4deae91-140421830842176", "trial_id": 35, "user_attr": {"best_epoch": 1}}
{"op_code": 8, "worker_id": "55eb32c7-4dfe-4de0-8104-62d6e4deae91-140421830842176", "trial_id": 35, "user_attr": {"test_loss": 0.451779222849258}}
{"op_code": 6, "worker_id": "55eb32c7-4dfe-4de0-8104-62d6e4deae91-140421830842176", "trial_id": 35, "state": 1, "values": [0.44830712731779515], "datetime_complete": "2024-08-24T10:11:17.739021"}
{"op_code": 4, "worker_id": "55eb32c7-4dfe-4de0-8104-62d6e4deae91-140421830842176", "study_id": 0, "datetime_start": "2024-08-24T10:11:17.752511"}
{"op_code": 5, "worker_id": "55eb32c7-4dfe-4de0-8104-62d6e4deae91-140421830842176", "trial_id": 36, "param_name": "lr", "param_value_internal": 0.0003321784132470582, "distribution": "{\"name\": \"FloatDistribution\", \"attributes\": {\"step\": null, \"low\": 1e-05, \"high\": 0.001, \"log\": true}}"}
{"op_code": 5, "worker_id": "55eb32c7-4dfe-4de0-8104-62d6e4deae91-140421830842176", "trial_id": 36, "param_name": "l2reg", "param_value_internal": 0.0007697192144784921, "distribution": "{\"name\": \"FloatDistribution\", \"attributes\": {\"step\": null, \"low\": 1e-08, \"high\": 0.001, \"log\": true}}"}
{"op_code": 5, "worker_id": "55eb32c7-4dfe-4de0-8104-62d6e4deae91-140421830842176", "trial_id": 36, "param_name": "random_seed", "param_value_internal": 0, "distribution": "{\"name\": \"CategoricalDistribution\", \"attributes\": {\"choices\": [42]}}"}
{"op_code": 5, "worker_id": "55eb32c7-4dfe-4de0-8104-62d6e4deae91-140421830842176", "trial_id": 36, "param_name": "degree", "param_value_internal": 0, "distribution": "{\"name\": \"CategoricalDistribution\", \"attributes\": {\"choices\": [0]}}"}
{"op_code": 8, "worker_id": "55eb32c7-4dfe-4de0-8104-62d6e4deae91-140421830842176", "trial_id": 36, "user_attr": {"best_epoch": 1}}
{"op_code": 8, "worker_id": "55eb32c7-4dfe-4de0-8104-62d6e4deae91-140421830842176", "trial_id": 36, "user_attr": {"test_loss": 0.4522496208602212}}
{"op_code": 6, "worker_id": "55eb32c7-4dfe-4de0-8104-62d6e4deae91-140421830842176", "trial_id": 36, "state": 1, "values": [0.44875701942949286], "datetime_complete": "2024-08-24T10:29:31.811560"}
{"op_code": 4, "worker_id": "55eb32c7-4dfe-4de0-8104-62d6e4deae91-140421830842176", "study_id": 0, "datetime_start": "2024-08-24T10:29:31.820370"}
{"op_code": 5, "worker_id": "55eb32c7-4dfe-4de0-8104-62d6e4deae91-140421830842176", "trial_id": 37, "param_name": "lr", "param_value_internal": 9.41708655045485e-05, "distribution": "{\"name\": \"FloatDistribution\", \"attributes\": {\"step\": null, \"low\": 1e-05, \"high\": 0.001, \"log\": true}}"}
{"op_code": 5, "worker_id": "55eb32c7-4dfe-4de0-8104-62d6e4deae91-140421830842176", "trial_id": 37, "param_name": "l2reg", "param_value_internal": 2.1643277434515136e-05, "distribution": "{\"name\": \"FloatDistribution\", \"attributes\": {\"step\": null, \"low\": 1e-08, \"high\": 0.001, \"log\": true}}"}
{"op_code": 5, "worker_id": "55eb32c7-4dfe-4de0-8104-62d6e4deae91-140421830842176", "trial_id": 37, "param_name": "random_seed", "param_value_internal": 0, "distribution": "{\"name\": \"CategoricalDistribution\", \"attributes\": {\"choices\": [42]}}"}
{"op_code": 5, "worker_id": "55eb32c7-4dfe-4de0-8104-62d6e4deae91-140421830842176", "trial_id": 37, "param_name": "degree", "param_value_internal": 0, "distribution": "{\"name\": \"CategoricalDistribution\", \"attributes\": {\"choices\": [0]}}"}
{"op_code": 8, "worker_id": "55eb32c7-4dfe-4de0-8104-62d6e4deae91-140421830842176", "trial_id": 37, "user_attr": {"best_epoch": 2}}
{"op_code": 8, "worker_id": "55eb32c7-4dfe-4de0-8104-62d6e4deae91-140421830842176", "trial_id": 37, "user_attr": {"test_loss": 0.45212640406789206}}
{"op_code": 6, "worker_id": "55eb32c7-4dfe-4de0-8104-62d6e4deae91-140421830842176", "trial_id": 37, "state": 1, "values": [0.44877472570542604], "datetime_complete": "2024-08-24T10:51:13.123794"}
{"op_code": 4, "worker_id": "55eb32c7-4dfe-4de0-8104-62d6e4deae91-140421830842176", "study_id": 0, "datetime_start": "2024-08-24T10:51:13.144404"}
{"op_code": 5, "worker_id": "55eb32c7-4dfe-4de0-8104-62d6e4deae91-140421830842176", "trial_id": 38, "param_name": "lr", "param_value_internal": 0.00012984021076127547, "distribution": "{\"name\": \"FloatDistribution\", \"attributes\": {\"step\": null, \"low\": 1e-05, \"high\": 0.001, \"log\": true}}"}
{"op_code": 5, "worker_id": "55eb32c7-4dfe-4de0-8104-62d6e4deae91-140421830842176", "trial_id": 38, "param_name": "l2reg", "param_value_internal": 7.278895841650778e-06, "distribution": "{\"name\": \"FloatDistribution\", \"attributes\": {\"step\": null, \"low\": 1e-08, \"high\": 0.001, \"log\": true}}"}
{"op_code": 5, "worker_id": "55eb32c7-4dfe-4de0-8104-62d6e4deae91-140421830842176", "trial_id": 38, "param_name": "random_seed", "param_value_internal": 0, "distribution": "{\"name\": \"CategoricalDistribution\", \"attributes\": {\"choices\": [42]}}"}
{"op_code": 5, "worker_id": "55eb32c7-4dfe-4de0-8104-62d6e4deae91-140421830842176", "trial_id": 38, "param_name": "degree", "param_value_internal": 0, "distribution": "{\"name\": \"CategoricalDistribution\", \"attributes\": {\"choices\": [0]}}"}
{"op_code": 8, "worker_id": "55eb32c7-4dfe-4de0-8104-62d6e4deae91-140421830842176", "trial_id": 38, "user_attr": {"best_epoch": 2}}
{"op_code": 8, "worker_id": "55eb32c7-4dfe-4de0-8104-62d6e4deae91-140421830842176", "trial_id": 38, "user_attr": {"test_loss": 0.4521650524745742}}
{"op_code": 6, "worker_id": "55eb32c7-4dfe-4de0-8104-62d6e4deae91-140421830842176", "trial_id": 38, "state": 1, "values": [0.44872331569686447], "datetime_complete": "2024-08-24T11:12:52.024183"}
{"op_code": 4, "worker_id": "55eb32c7-4dfe-4de0-8104-62d6e4deae91-140421830842176", "study_id": 0, "datetime_start": "2024-08-24T11:12:52.034438"}
{"op_code": 5, "worker_id": "55eb32c7-4dfe-4de0-8104-62d6e4deae91-140421830842176", "trial_id": 39, "param_name": "lr", "param_value_internal": 0.0005574007556776092, "distribution": "{\"name\": \"FloatDistribution\", \"attributes\": {\"step\": null, \"low\": 1e-05, \"high\": 0.001, \"log\": true}}"}
{"op_code": 5, "worker_id": "55eb32c7-4dfe-4de0-8104-62d6e4deae91-140421830842176", "trial_id": 39, "param_name": "l2reg", "param_value_internal": 0.00021605904322280633, "distribution": "{\"name\": \"FloatDistribution\", \"attributes\": {\"step\": null, \"low\": 1e-08, \"high\": 0.001, \"log\": true}}"}
{"op_code": 5, "worker_id": "55eb32c7-4dfe-4de0-8104-62d6e4deae91-140421830842176", "trial_id": 39, "param_name": "random_seed", "param_value_internal": 0, "distribution": "{\"name\": \"CategoricalDistribution\", \"attributes\": {\"choices\": [42]}}"}
{"op_code": 5, "worker_id": "55eb32c7-4dfe-4de0-8104-62d6e4deae91-140421830842176", "trial_id": 39, "param_name": "degree", "param_value_internal": 0, "distribution": "{\"name\": \"CategoricalDistribution\", \"attributes\": {\"choices\": [0]}}"}
{"op_code": 8, "worker_id": "55eb32c7-4dfe-4de0-8104-62d6e4deae91-140421830842176", "trial_id": 39, "user_attr": {"best_epoch": 0}}
{"op_code": 8, "worker_id": "55eb32c7-4dfe-4de0-8104-62d6e4deae91-140421830842176", "trial_id": 39, "user_attr": {"test_loss": 0.4520476529400712}}
{"op_code": 6, "worker_id": "55eb32c7-4dfe-4de0-8104-62d6e4deae91-140421830842176", "trial_id": 39, "state": 1, "values": [0.4487143716642576], "datetime_complete": "2024-08-24T11:28:04.865725"}
{"op_code": 4, "worker_id": "55eb32c7-4dfe-4de0-8104-62d6e4deae91-140421830842176", "study_id": 0, "datetime_start": "2024-08-24T11:28:04.876429"}
{"op_code": 5, "worker_id": "55eb32c7-4dfe-4de0-8104-62d6e4deae91-140421830842176", "trial_id": 40, "param_name": "lr", "param_value_internal": 0.0002779015449150292, "distribution": "{\"name\": \"FloatDistribution\", \"attributes\": {\"step\": null, \"low\": 1e-05, \"high\": 0.001, \"log\": true}}"}
{"op_code": 5, "worker_id": "55eb32c7-4dfe-4de0-8104-62d6e4deae91-140421830842176", "trial_id": 40, "param_name": "l2reg", "param_value_internal": 6.256160946433401e-05, "distribution": "{\"name\": \"FloatDistribution\", \"attributes\": {\"step\": null, \"low\": 1e-08, \"high\": 0.001, \"log\": true}}"}
{"op_code": 5, "worker_id": "55eb32c7-4dfe-4de0-8104-62d6e4deae91-140421830842176", "trial_id": 40, "param_name": "random_seed", "param_value_internal": 0, "distribution": "{\"name\": \"CategoricalDistribution\", \"attributes\": {\"choices\": [42]}}"}
{"op_code": 5, "worker_id": "55eb32c7-4dfe-4de0-8104-62d6e4deae91-140421830842176", "trial_id": 40, "param_name": "degree", "param_value_internal": 0, "distribution": "{\"name\": \"CategoricalDistribution\", \"attributes\": {\"choices\": [0]}}"}
{"op_code": 8, "worker_id": "55eb32c7-4dfe-4de0-8104-62d6e4deae91-140421830842176", "trial_id": 40, "user_attr": {"best_epoch": 1}}
{"op_code": 8, "worker_id": "55eb32c7-4dfe-4de0-8104-62d6e4deae91-140421830842176", "trial_id": 40, "user_attr": {"test_loss": 0.45204249012375053}}
{"op_code": 6, "worker_id": "55eb32c7-4dfe-4de0-8104-62d6e4deae91-140421830842176", "trial_id": 40, "state": 1, "values": [0.44854610750610846], "datetime_complete": "2024-08-24T11:46:22.568659"}
{"op_code": 4, "worker_id": "55eb32c7-4dfe-4de0-8104-62d6e4deae91-140421830842176", "study_id": 0, "datetime_start": "2024-08-24T11:46:22.583519"}
{"op_code": 5, "worker_id": "55eb32c7-4dfe-4de0-8104-62d6e4deae91-140421830842176", "trial_id": 41, "param_name": "lr", "param_value_internal": 0.0001862943385074377, "distribution": "{\"name\": \"FloatDistribution\", \"attributes\": {\"step\": null, \"low\": 1e-05, \"high\": 0.001, \"log\": true}}"}
{"op_code": 5, "worker_id": "55eb32c7-4dfe-4de0-8104-62d6e4deae91-140421830842176", "trial_id": 41, "param_name": "l2reg", "param_value_internal": 8.796673650714866e-05, "distribution": "{\"name\": \"FloatDistribution\", \"attributes\": {\"step\": null, \"low\": 1e-08, \"high\": 0.001, \"log\": true}}"}
{"op_code": 5, "worker_id": "55eb32c7-4dfe-4de0-8104-62d6e4deae91-140421830842176", "trial_id": 41, "param_name": "random_seed", "param_value_internal": 0, "distribution": "{\"name\": \"CategoricalDistribution\", \"attributes\": {\"choices\": [42]}}"}
{"op_code": 5, "worker_id": "55eb32c7-4dfe-4de0-8104-62d6e4deae91-140421830842176", "trial_id": 41, "param_name": "degree", "param_value_internal": 0, "distribution": "{\"name\": \"CategoricalDistribution\", \"attributes\": {\"choices\": [0]}}"}
{"op_code": 8, "worker_id": "55eb32c7-4dfe-4de0-8104-62d6e4deae91-140421830842176", "trial_id": 41, "user_attr": {"best_epoch": 1}}
{"op_code": 8, "worker_id": "55eb32c7-4dfe-4de0-8104-62d6e4deae91-140421830842176", "trial_id": 41, "user_attr": {"test_loss": 0.4517612984235813}}
{"op_code": 6, "worker_id": "55eb32c7-4dfe-4de0-8104-62d6e4deae91-140421830842176", "trial_id": 41, "state": 1, "values": [0.4483103631669903], "datetime_complete": "2024-08-24T12:04:41.033886"}
{"op_code": 4, "worker_id": "55eb32c7-4dfe-4de0-8104-62d6e4deae91-140421830842176", "study_id": 0, "datetime_start": "2024-08-24T12:04:41.042871"}
{"op_code": 5, "worker_id": "55eb32c7-4dfe-4de0-8104-62d6e4deae91-140421830842176", "trial_id": 42, "param_name": "lr", "param_value_internal": 0.00024048623140024138, "distribution": "{\"name\": \"FloatDistribution\", \"attributes\": {\"step\": null, \"low\": 1e-05, \"high\": 0.001, \"log\": true}}"}
{"op_code": 5, "worker_id": "55eb32c7-4dfe-4de0-8104-62d6e4deae91-140421830842176", "trial_id": 42, "param_name": "l2reg", "param_value_internal": 0.00016379465723001933, "distribution": "{\"name\": \"FloatDistribution\", \"attributes\": {\"step\": null, \"low\": 1e-08, \"high\": 0.001, \"log\": true}}"}
{"op_code": 5, "worker_id": "55eb32c7-4dfe-4de0-8104-62d6e4deae91-140421830842176", "trial_id": 42, "param_name": "random_seed", "param_value_internal": 0, "distribution": "{\"name\": \"CategoricalDistribution\", \"attributes\": {\"choices\": [42]}}"}
{"op_code": 5, "worker_id": "55eb32c7-4dfe-4de0-8104-62d6e4deae91-140421830842176", "trial_id": 42, "param_name": "degree", "param_value_internal": 0, "distribution": "{\"name\": \"CategoricalDistribution\", \"attributes\": {\"choices\": [0]}}"}
{"op_code": 8, "worker_id": "55eb32c7-4dfe-4de0-8104-62d6e4deae91-140421830842176", "trial_id": 42, "user_attr": {"best_epoch": 1}}
{"op_code": 8, "worker_id": "55eb32c7-4dfe-4de0-8104-62d6e4deae91-140421830842176", "trial_id": 42, "user_attr": {"test_loss": 0.45185739225129623}}
{"op_code": 6, "worker_id": "55eb32c7-4dfe-4de0-8104-62d6e4deae91-140421830842176", "trial_id": 42, "state": 1, "values": [0.4483689356732086], "datetime_complete": "2024-08-24T12:22:51.648176"}
{"op_code": 4, "worker_id": "55eb32c7-4dfe-4de0-8104-62d6e4deae91-140421830842176", "study_id": 0, "datetime_start": "2024-08-24T12:22:51.656826"}
{"op_code": 5, "worker_id": "55eb32c7-4dfe-4de0-8104-62d6e4deae91-140421830842176", "trial_id": 43, "param_name": "lr", "param_value_internal": 0.0002070109446208202, "distribution": "{\"name\": \"FloatDistribution\", \"attributes\": {\"step\": null, \"low\": 1e-05, \"high\": 0.001, \"log\": true}}"}
{"op_code": 5, "worker_id": "55eb32c7-4dfe-4de0-8104-62d6e4deae91-140421830842176", "trial_id": 43, "param_name": "l2reg", "param_value_internal": 0.00030777302054399636, "distribution": "{\"name\": \"FloatDistribution\", \"attributes\": {\"step\": null, \"low\": 1e-08, \"high\": 0.001, \"log\": true}}"}
{"op_code": 5, "worker_id": "55eb32c7-4dfe-4de0-8104-62d6e4deae91-140421830842176", "trial_id": 43, "param_name": "random_seed", "param_value_internal": 0, "distribution": "{\"name\": \"CategoricalDistribution\", \"attributes\": {\"choices\": [42]}}"}
{"op_code": 5, "worker_id": "55eb32c7-4dfe-4de0-8104-62d6e4deae91-140421830842176", "trial_id": 43, "param_name": "degree", "param_value_internal": 0, "distribution": "{\"name\": \"CategoricalDistribution\", \"attributes\": {\"choices\": [0]}}"}
{"op_code": 8, "worker_id": "55eb32c7-4dfe-4de0-8104-62d6e4deae91-140421830842176", "trial_id": 43, "user_attr": {"best_epoch": 1}}
{"op_code": 8, "worker_id": "55eb32c7-4dfe-4de0-8104-62d6e4deae91-140421830842176", "trial_id": 43, "user_attr": {"test_loss": 0.45176111663427426}}
{"op_code": 6, "worker_id": "55eb32c7-4dfe-4de0-8104-62d6e4deae91-140421830842176", "trial_id": 43, "state": 1, "values": [0.4482917115867979], "datetime_complete": "2024-08-24T12:41:03.826115"}
{"op_code": 4, "worker_id": "55eb32c7-4dfe-4de0-8104-62d6e4deae91-140421830842176", "study_id": 0, "datetime_start": "2024-08-24T12:41:03.835961"}
{"op_code": 5, "worker_id": "55eb32c7-4dfe-4de0-8104-62d6e4deae91-140421830842176", "trial_id": 44, "param_name": "lr", "param_value_internal": 7.450744435901373e-05, "distribution": "{\"name\": \"FloatDistribution\", \"attributes\": {\"step\": null, \"low\": 1e-05, \"high\": 0.001, \"log\": true}}"}
{"op_code": 5, "worker_id": "55eb32c7-4dfe-4de0-8104-62d6e4deae91-140421830842176", "trial_id": 44, "param_name": "l2reg", "param_value_internal": 0.00033850824973515015, "distribution": "{\"name\": \"FloatDistribution\", \"attributes\": {\"step\": null, \"low\": 1e-08, \"high\": 0.001, \"log\": true}}"}
{"op_code": 5, "worker_id": "55eb32c7-4dfe-4de0-8104-62d6e4deae91-140421830842176", "trial_id": 44, "param_name": "random_seed", "param_value_internal": 0, "distribution": "{\"name\": \"CategoricalDistribution\", \"attributes\": {\"choices\": [42]}}"}
{"op_code": 5, "worker_id": "55eb32c7-4dfe-4de0-8104-62d6e4deae91-140421830842176", "trial_id": 44, "param_name": "degree", "param_value_internal": 0, "distribution": "{\"name\": \"CategoricalDistribution\", \"attributes\": {\"choices\": [0]}}"}
{"op_code": 8, "worker_id": "55eb32c7-4dfe-4de0-8104-62d6e4deae91-140421830842176", "trial_id": 44, "user_attr": {"best_epoch": 3}}
{"op_code": 8, "worker_id": "55eb32c7-4dfe-4de0-8104-62d6e4deae91-140421830842176", "trial_id": 44, "user_attr": {"test_loss": 0.4523481143067894}}
{"op_code": 6, "worker_id": "55eb32c7-4dfe-4de0-8104-62d6e4deae91-140421830842176", "trial_id": 44, "state": 1, "values": [0.44889310688497086], "datetime_complete": "2024-08-24T13:05:57.853967"}
{"op_code": 4, "worker_id": "55eb32c7-4dfe-4de0-8104-62d6e4deae91-140421830842176", "study_id": 0, "datetime_start": "2024-08-24T13:05:57.865337"}
{"op_code": 5, "worker_id": "55eb32c7-4dfe-4de0-8104-62d6e4deae91-140421830842176", "trial_id": 45, "param_name": "lr", "param_value_internal": 0.00015412309121606613, "distribution": "{\"name\": \"FloatDistribution\", \"attributes\": {\"step\": null, \"low\": 1e-05, \"high\": 0.001, \"log\": true}}"}
{"op_code": 5, "worker_id": "55eb32c7-4dfe-4de0-8104-62d6e4deae91-140421830842176", "trial_id": 45, "param_name": "l2reg", "param_value_internal": 0.0009797181115663107, "distribution": "{\"name\": \"FloatDistribution\", \"attributes\": {\"step\": null, \"low\": 1e-08, \"high\": 0.001, \"log\": true}}"}
{"op_code": 5, "worker_id": "55eb32c7-4dfe-4de0-8104-62d6e4deae91-140421830842176", "trial_id": 45, "param_name": "random_seed", "param_value_internal": 0, "distribution": "{\"name\": \"CategoricalDistribution\", \"attributes\": {\"choices\": [42]}}"}
{"op_code": 5, "worker_id": "55eb32c7-4dfe-4de0-8104-62d6e4deae91-140421830842176", "trial_id": 45, "param_name": "degree", "param_value_internal": 0, "distribution": "{\"name\": \"CategoricalDistribution\", \"attributes\": {\"choices\": [0]}}"}
{"op_code": 8, "worker_id": "55eb32c7-4dfe-4de0-8104-62d6e4deae91-140421830842176", "trial_id": 45, "user_attr": {"best_epoch": 1}}
{"op_code": 8, "worker_id": "55eb32c7-4dfe-4de0-8104-62d6e4deae91-140421830842176", "trial_id": 45, "user_attr": {"test_loss": 0.45184772106016036}}
{"op_code": 6, "worker_id": "55eb32c7-4dfe-4de0-8104-62d6e4deae91-140421830842176", "trial_id": 45, "state": 1, "values": [0.44844077879691274], "datetime_complete": "2024-08-24T13:24:23.091756"}
{"op_code": 4, "worker_id": "55eb32c7-4dfe-4de0-8104-62d6e4deae91-140421830842176", "study_id": 0, "datetime_start": "2024-08-24T13:24:23.101077"}
{"op_code": 5, "worker_id": "55eb32c7-4dfe-4de0-8104-62d6e4deae91-140421830842176", "trial_id": 46, "param_name": "lr", "param_value_internal": 0.0001812048464822204, "distribution": "{\"name\": \"FloatDistribution\", \"attributes\": {\"step\": null, \"low\": 1e-05, \"high\": 0.001, \"log\": true}}"}
{"op_code": 5, "worker_id": "55eb32c7-4dfe-4de0-8104-62d6e4deae91-140421830842176", "trial_id": 46, "param_name": "l2reg", "param_value_internal": 0.0005652446181063624, "distribution": "{\"name\": \"FloatDistribution\", \"attributes\": {\"step\": null, \"low\": 1e-08, \"high\": 0.001, \"log\": true}}"}
{"op_code": 5, "worker_id": "55eb32c7-4dfe-4de0-8104-62d6e4deae91-140421830842176", "trial_id": 46, "param_name": "random_seed", "param_value_internal": 0, "distribution": "{\"name\": \"CategoricalDistribution\", \"attributes\": {\"choices\": [42]}}"}
{"op_code": 5, "worker_id": "55eb32c7-4dfe-4de0-8104-62d6e4deae91-140421830842176", "trial_id": 46, "param_name": "degree", "param_value_internal": 0, "distribution": "{\"name\": \"CategoricalDistribution\", \"attributes\": {\"choices\": [0]}}"}
{"op_code": 8, "worker_id": "55eb32c7-4dfe-4de0-8104-62d6e4deae91-140421830842176", "trial_id": 46, "user_attr": {"best_epoch": 1}}
{"op_code": 8, "worker_id": "55eb32c7-4dfe-4de0-8104-62d6e4deae91-140421830842176", "trial_id": 46, "user_attr": {"test_loss": 0.45174970026579053}}
{"op_code": 6, "worker_id": "55eb32c7-4dfe-4de0-8104-62d6e4deae91-140421830842176", "trial_id": 46, "state": 1, "values": [0.4483067637392339], "datetime_complete": "2024-08-24T13:42:42.215060"}
{"op_code": 4, "worker_id": "55eb32c7-4dfe-4de0-8104-62d6e4deae91-140421830842176", "study_id": 0, "datetime_start": "2024-08-24T13:42:42.223904"}
{"op_code": 5, "worker_id": "55eb32c7-4dfe-4de0-8104-62d6e4deae91-140421830842176", "trial_id": 47, "param_name": "lr", "param_value_internal": 0.00039300250221441203, "distribution": "{\"name\": \"FloatDistribution\", \"attributes\": {\"step\": null, \"low\": 1e-05, \"high\": 0.001, \"log\": true}}"}
{"op_code": 5, "worker_id": "55eb32c7-4dfe-4de0-8104-62d6e4deae91-140421830842176", "trial_id": 47, "param_name": "l2reg", "param_value_internal": 2.8358185883662834e-05, "distribution": "{\"name\": \"FloatDistribution\", \"attributes\": {\"step\": null, \"low\": 1e-08, \"high\": 0.001, \"log\": true}}"}
{"op_code": 5, "worker_id": "55eb32c7-4dfe-4de0-8104-62d6e4deae91-140421830842176", "trial_id": 47, "param_name": "random_seed", "param_value_internal": 0, "distribution": "{\"name\": \"CategoricalDistribution\", \"attributes\": {\"choices\": [42]}}"}
{"op_code": 5, "worker_id": "55eb32c7-4dfe-4de0-8104-62d6e4deae91-140421830842176", "trial_id": 47, "param_name": "degree", "param_value_internal": 0, "distribution": "{\"name\": \"CategoricalDistribution\", \"attributes\": {\"choices\": [0]}}"}
{"op_code": 8, "worker_id": "55eb32c7-4dfe-4de0-8104-62d6e4deae91-140421830842176", "trial_id": 47, "user_attr": {"best_epoch": 0}}
{"op_code": 8, "worker_id": "55eb32c7-4dfe-4de0-8104-62d6e4deae91-140421830842176", "trial_id": 47, "user_attr": {"test_loss": 0.45209284576180775}}
{"op_code": 6, "worker_id": "55eb32c7-4dfe-4de0-8104-62d6e4deae91-140421830842176", "trial_id": 47, "state": 1, "values": [0.4487741076218719], "datetime_complete": "2024-08-24T13:57:51.613042"}
{"op_code": 4, "worker_id": "55eb32c7-4dfe-4de0-8104-62d6e4deae91-140421830842176", "study_id": 0, "datetime_start": "2024-08-24T13:57:51.624304"}
{"op_code": 5, "worker_id": "55eb32c7-4dfe-4de0-8104-62d6e4deae91-140421830842176", "trial_id": 48, "param_name": "lr", "param_value_internal": 1.722693994422323e-05, "distribution": "{\"name\": \"FloatDistribution\", \"attributes\": {\"step\": null, \"low\": 1e-05, \"high\": 0.001, \"log\": true}}"}
{"op_code": 5, "worker_id": "55eb32c7-4dfe-4de0-8104-62d6e4deae91-140421830842176", "trial_id": 48, "param_name": "l2reg", "param_value_internal": 5.3788762041977745e-05, "distribution": "{\"name\": \"FloatDistribution\", \"attributes\": {\"step\": null, \"low\": 1e-08, \"high\": 0.001, \"log\": true}}"}
{"op_code": 5, "worker_id": "55eb32c7-4dfe-4de0-8104-62d6e4deae91-140421830842176", "trial_id": 48, "param_name": "random_seed", "param_value_internal": 0, "distribution": "{\"name\": \"CategoricalDistribution\", \"attributes\": {\"choices\": [42]}}"}
{"op_code": 5, "worker_id": "55eb32c7-4dfe-4de0-8104-62d6e4deae91-140421830842176", "trial_id": 48, "param_name": "degree", "param_value_internal": 0, "distribution": "{\"name\": \"CategoricalDistribution\", \"attributes\": {\"choices\": [0]}}"}
{"op_code": 8, "worker_id": "55eb32c7-4dfe-4de0-8104-62d6e4deae91-140421830842176", "trial_id": 48, "user_attr": {"best_epoch": 9}}
{"op_code": 8, "worker_id": "55eb32c7-4dfe-4de0-8104-62d6e4deae91-140421830842176", "trial_id": 48, "user_attr": {"test_loss": 0.45431325671616957}}
{"op_code": 6, "worker_id": "55eb32c7-4dfe-4de0-8104-62d6e4deae91-140421830842176", "trial_id": 48, "state": 1, "values": [0.45095143419380745], "datetime_complete": "2024-08-24T14:33:28.877879"}
{"op_code": 4, "worker_id": "55eb32c7-4dfe-4de0-8104-62d6e4deae91-140421830842176", "study_id": 0, "datetime_start": "2024-08-24T14:33:28.886750"}
{"op_code": 5, "worker_id": "55eb32c7-4dfe-4de0-8104-62d6e4deae91-140421830842176", "trial_id": 49, "param_name": "lr", "param_value_internal": 0.0002021945003124077, "distribution": "{\"name\": \"FloatDistribution\", \"attributes\": {\"step\": null, \"low\": 1e-05, \"high\": 0.001, \"log\": true}}"}
{"op_code": 5, "worker_id": "55eb32c7-4dfe-4de0-8104-62d6e4deae91-140421830842176", "trial_id": 49, "param_name": "l2reg", "param_value_internal": 0.0002521283150500262, "distribution": "{\"name\": \"FloatDistribution\", \"attributes\": {\"step\": null, \"low\": 1e-08, \"high\": 0.001, \"log\": true}}"}
{"op_code": 5, "worker_id": "55eb32c7-4dfe-4de0-8104-62d6e4deae91-140421830842176", "trial_id": 49, "param_name": "random_seed", "param_value_internal": 0, "distribution": "{\"name\": \"CategoricalDistribution\", \"attributes\": {\"choices\": [42]}}"}
{"op_code": 5, "worker_id": "55eb32c7-4dfe-4de0-8104-62d6e4deae91-140421830842176", "trial_id": 49, "param_name": "degree", "param_value_internal": 0, "distribution": "{\"name\": \"CategoricalDistribution\", \"attributes\": {\"choices\": [0]}}"}
{"op_code": 8, "worker_id": "55eb32c7-4dfe-4de0-8104-62d6e4deae91-140421830842176", "trial_id": 49, "user_attr": {"best_epoch": 1}}
{"op_code": 8, "worker_id": "55eb32c7-4dfe-4de0-8104-62d6e4deae91-140421830842176", "trial_id": 49, "user_attr": {"test_loss": 0.45175431771419}}
{"op_code": 6, "worker_id": "55eb32c7-4dfe-4de0-8104-62d6e4deae91-140421830842176", "trial_id": 49, "state": 1, "values": [0.4482889847475885], "datetime_complete": "2024-08-24T14:51:33.943836"}
