{"op_code": 0, "worker_id": "c95a28b2-bc50-488d-8e36-77f3c9b0a91c-139635337365312", "study_name": "criteo_splines_3_48", "directions": [1]}
{"op_code": 4, "worker_id": "c95a28b2-bc50-488d-8e36-77f3c9b0a91c-139635337365312", "study_id": 0, "datetime_start": "2024-08-29T04:53:58.568047"}
{"op_code": 5, "worker_id": "c95a28b2-bc50-488d-8e36-77f3c9b0a91c-139635337365312", "trial_id": 0, "param_name": "lr", "param_value_internal": 5.6115164153345e-05, "distribution": "{\"name\": \"FloatDistribution\", \"attributes\": {\"step\": null, \"low\": 1e-05, \"high\": 0.001, \"log\": true}}"}
{"op_code": 5, "worker_id": "c95a28b2-bc50-488d-8e36-77f3c9b0a91c-139635337365312", "trial_id": 0, "param_name": "l2reg", "param_value_internal": 0.0005669849511478851, "distribution": "{\"name\": \"FloatDistribution\", \"attributes\": {\"step\": null, \"low\": 1e-08, \"high\": 0.001, \"log\": true}}"}
{"op_code": 5, "worker_id": "c95a28b2-bc50-488d-8e36-77f3c9b0a91c-139635337365312", "trial_id": 0, "param_name": "random_seed", "param_value_internal": 0, "distribution": "{\"name\": \"CategoricalDistribution\", \"attributes\": {\"choices\": [42]}}"}
{"op_code": 5, "worker_id": "c95a28b2-bc50-488d-8e36-77f3c9b0a91c-139635337365312", "trial_id": 0, "param_name": "degree", "param_value_internal": 0, "distribution": "{\"name\": \"CategoricalDistribution\", \"attributes\": {\"choices\": [3]}}"}
{"op_code": 8, "worker_id": "c95a28b2-bc50-488d-8e36-77f3c9b0a91c-139635337365312", "trial_id": 0, "user_attr": {"best_epoch": 3}}
{"op_code": 8, "worker_id": "c95a28b2-bc50-488d-8e36-77f3c9b0a91c-139635337365312", "trial_id": 0, "user_attr": {"test_loss": 0.4491306618453241}}
{"op_code": 6, "worker_id": "c95a28b2-bc50-488d-8e36-77f3c9b0a91c-139635337365312", "trial_id": 0, "state": 1, "values": [0.4502367278191264], "datetime_complete": "2024-08-29T05:18:46.016517"}
{"op_code": 4, "worker_id": "c95a28b2-bc50-488d-8e36-77f3c9b0a91c-139635337365312", "study_id": 0, "datetime_start": "2024-08-29T05:18:46.027328"}
{"op_code": 5, "worker_id": "c95a28b2-bc50-488d-8e36-77f3c9b0a91c-139635337365312", "trial_id": 1, "param_name": "lr", "param_value_internal": 0.000291063591313307, "distribution": "{\"name\": \"FloatDistribution\", \"attributes\": {\"step\": null, \"low\": 1e-05, \"high\": 0.001, \"log\": true}}"}
{"op_code": 5, "worker_id": "c95a28b2-bc50-488d-8e36-77f3c9b0a91c-139635337365312", "trial_id": 1, "param_name": "l2reg", "param_value_internal": 9.846738873614555e-06, "distribution": "{\"name\": \"FloatDistribution\", \"attributes\": {\"step\": null, \"low\": 1e-08, \"high\": 0.001, \"log\": true}}"}
{"op_code": 5, "worker_id": "c95a28b2-bc50-488d-8e36-77f3c9b0a91c-139635337365312", "trial_id": 1, "param_name": "random_seed", "param_value_internal": 0, "distribution": "{\"name\": \"CategoricalDistribution\", \"attributes\": {\"choices\": [42]}}"}
{"op_code": 5, "worker_id": "c95a28b2-bc50-488d-8e36-77f3c9b0a91c-139635337365312", "trial_id": 1, "param_name": "degree", "param_value_internal": 0, "distribution": "{\"name\": \"CategoricalDistribution\", \"attributes\": {\"choices\": [3]}}"}
{"op_code": 8, "worker_id": "c95a28b2-bc50-488d-8e36-77f3c9b0a91c-139635337365312", "trial_id": 1, "user_attr": {"best_epoch": 0}}
{"op_code": 8, "worker_id": "c95a28b2-bc50-488d-8e36-77f3c9b0a91c-139635337365312", "trial_id": 1, "user_attr": {"test_loss": 0.4493040560969725}}
{"op_code": 6, "worker_id": "c95a28b2-bc50-488d-8e36-77f3c9b0a91c-139635337365312", "trial_id": 1, "state": 1, "values": [0.45028822690443543], "datetime_complete": "2024-08-29T05:33:54.384232"}
{"op_code": 4, "worker_id": "c95a28b2-bc50-488d-8e36-77f3c9b0a91c-139635337365312", "study_id": 0, "datetime_start": "2024-08-29T05:33:54.409638"}
{"op_code": 5, "worker_id": "c95a28b2-bc50-488d-8e36-77f3c9b0a91c-139635337365312", "trial_id": 2, "param_name": "lr", "param_value_internal": 2.0513382630874486e-05, "distribution": "{\"name\": \"FloatDistribution\", \"attributes\": {\"step\": null, \"low\": 1e-05, \"high\": 0.001, \"log\": true}}"}
{"op_code": 5, "worker_id": "c95a28b2-bc50-488d-8e36-77f3c9b0a91c-139635337365312", "trial_id": 2, "param_name": "l2reg", "param_value_internal": 6.02521573620385e-08, "distribution": "{\"name\": \"FloatDistribution\", \"attributes\": {\"step\": null, \"low\": 1e-08, \"high\": 0.001, \"log\": true}}"}
{"op_code": 5, "worker_id": "c95a28b2-bc50-488d-8e36-77f3c9b0a91c-139635337365312", "trial_id": 2, "param_name": "random_seed", "param_value_internal": 0, "distribution": "{\"name\": \"CategoricalDistribution\", \"attributes\": {\"choices\": [42]}}"}
{"op_code": 5, "worker_id": "c95a28b2-bc50-488d-8e36-77f3c9b0a91c-139635337365312", "trial_id": 2, "param_name": "degree", "param_value_internal": 0, "distribution": "{\"name\": \"CategoricalDistribution\", \"attributes\": {\"choices\": [3]}}"}
{"op_code": 8, "worker_id": "c95a28b2-bc50-488d-8e36-77f3c9b0a91c-139635337365312", "trial_id": 2, "user_attr": {"best_epoch": 8}}
{"op_code": 8, "worker_id": "c95a28b2-bc50-488d-8e36-77f3c9b0a91c-139635337365312", "trial_id": 2, "user_attr": {"test_loss": 0.45000007635149786}}
{"op_code": 6, "worker_id": "c95a28b2-bc50-488d-8e36-77f3c9b0a91c-139635337365312", "trial_id": 2, "state": 1, "values": [0.45086731483998255], "datetime_complete": "2024-08-29T06:08:06.066184"}
{"op_code": 4, "worker_id": "c95a28b2-bc50-488d-8e36-77f3c9b0a91c-139635337365312", "study_id": 0, "datetime_start": "2024-08-29T06:08:06.079329"}
{"op_code": 5, "worker_id": "c95a28b2-bc50-488d-8e36-77f3c9b0a91c-139635337365312", "trial_id": 3, "param_name": "lr", "param_value_internal": 1.3066739238053272e-05, "distribution": "{\"name\": \"FloatDistribution\", \"attributes\": {\"step\": null, \"low\": 1e-05, \"high\": 0.001, \"log\": true}}"}
{"op_code": 5, "worker_id": "c95a28b2-bc50-488d-8e36-77f3c9b0a91c-139635337365312", "trial_id": 3, "param_name": "l2reg", "param_value_internal": 0.00021423021757741048, "distribution": "{\"name\": \"FloatDistribution\", \"attributes\": {\"step\": null, \"low\": 1e-08, \"high\": 0.001, \"log\": true}}"}
{"op_code": 5, "worker_id": "c95a28b2-bc50-488d-8e36-77f3c9b0a91c-139635337365312", "trial_id": 3, "param_name": "random_seed", "param_value_internal": 0, "distribution": "{\"name\": \"CategoricalDistribution\", \"attributes\": {\"choices\": [42]}}"}
{"op_code": 5, "worker_id": "c95a28b2-bc50-488d-8e36-77f3c9b0a91c-139635337365312", "trial_id": 3, "param_name": "degree", "param_value_internal": 0, "distribution": "{\"name\": \"CategoricalDistribution\", \"attributes\": {\"choices\": [3]}}"}
{"op_code": 8, "worker_id": "c95a28b2-bc50-488d-8e36-77f3c9b0a91c-139635337365312", "trial_id": 3, "user_attr": {"best_epoch": 9}}
{"op_code": 8, "worker_id": "c95a28b2-bc50-488d-8e36-77f3c9b0a91c-139635337365312", "trial_id": 3, "user_attr": {"test_loss": 0.45117772185454735}}
{"op_code": 6, "worker_id": "c95a28b2-bc50-488d-8e36-77f3c9b0a91c-139635337365312", "trial_id": 3, "state": 1, "values": [0.4521528450095134], "datetime_complete": "2024-08-29T06:42:14.164011"}
{"op_code": 4, "worker_id": "c95a28b2-bc50-488d-8e36-77f3c9b0a91c-139635337365312", "study_id": 0, "datetime_start": "2024-08-29T06:42:14.216465"}
{"op_code": 5, "worker_id": "c95a28b2-bc50-488d-8e36-77f3c9b0a91c-139635337365312", "trial_id": 4, "param_name": "lr", "param_value_internal": 0.00015930522616241006, "distribution": "{\"name\": \"FloatDistribution\", \"attributes\": {\"step\": null, \"low\": 1e-05, \"high\": 0.001, \"log\": true}}"}
{"op_code": 5, "worker_id": "c95a28b2-bc50-488d-8e36-77f3c9b0a91c-139635337365312", "trial_id": 4, "param_name": "l2reg", "param_value_internal": 3.47026698865041e-05, "distribution": "{\"name\": \"FloatDistribution\", \"attributes\": {\"step\": null, \"low\": 1e-08, \"high\": 0.001, \"log\": true}}"}
{"op_code": 5, "worker_id": "c95a28b2-bc50-488d-8e36-77f3c9b0a91c-139635337365312", "trial_id": 4, "param_name": "random_seed", "param_value_internal": 0, "distribution": "{\"name\": \"CategoricalDistribution\", \"attributes\": {\"choices\": [42]}}"}
{"op_code": 5, "worker_id": "c95a28b2-bc50-488d-8e36-77f3c9b0a91c-139635337365312", "trial_id": 4, "param_name": "degree", "param_value_internal": 0, "distribution": "{\"name\": \"CategoricalDistribution\", \"attributes\": {\"choices\": [3]}}"}
{"op_code": 8, "worker_id": "c95a28b2-bc50-488d-8e36-77f3c9b0a91c-139635337365312", "trial_id": 4, "user_attr": {"best_epoch": 1}}
{"op_code": 8, "worker_id": "c95a28b2-bc50-488d-8e36-77f3c9b0a91c-139635337365312", "trial_id": 4, "user_attr": {"test_loss": 0.44947588514291476}}
{"op_code": 6, "worker_id": "c95a28b2-bc50-488d-8e36-77f3c9b0a91c-139635337365312", "trial_id": 4, "state": 1, "values": [0.45053201723711417], "datetime_complete": "2024-08-29T07:00:30.448836"}
{"op_code": 4, "worker_id": "c95a28b2-bc50-488d-8e36-77f3c9b0a91c-139635337365312", "study_id": 0, "datetime_start": "2024-08-29T07:00:30.459085"}
{"op_code": 5, "worker_id": "c95a28b2-bc50-488d-8e36-77f3c9b0a91c-139635337365312", "trial_id": 5, "param_name": "lr", "param_value_internal": 1.0994335574766187e-05, "distribution": "{\"name\": \"FloatDistribution\", \"attributes\": {\"step\": null, \"low\": 1e-05, \"high\": 0.001, \"log\": true}}"}
{"op_code": 5, "worker_id": "c95a28b2-bc50-488d-8e36-77f3c9b0a91c-139635337365312", "trial_id": 5, "param_name": "l2reg", "param_value_internal": 0.0007072114131472234, "distribution": "{\"name\": \"FloatDistribution\", \"attributes\": {\"step\": null, \"low\": 1e-08, \"high\": 0.001, \"log\": true}}"}
{"op_code": 5, "worker_id": "c95a28b2-bc50-488d-8e36-77f3c9b0a91c-139635337365312", "trial_id": 5, "param_name": "random_seed", "param_value_internal": 0, "distribution": "{\"name\": \"CategoricalDistribution\", \"attributes\": {\"choices\": [42]}}"}
{"op_code": 5, "worker_id": "c95a28b2-bc50-488d-8e36-77f3c9b0a91c-139635337365312", "trial_id": 5, "param_name": "degree", "param_value_internal": 0, "distribution": "{\"name\": \"CategoricalDistribution\", \"attributes\": {\"choices\": [3]}}"}
{"op_code": 8, "worker_id": "c95a28b2-bc50-488d-8e36-77f3c9b0a91c-139635337365312", "trial_id": 5, "user_attr": {"best_epoch": 9}}
{"op_code": 8, "worker_id": "c95a28b2-bc50-488d-8e36-77f3c9b0a91c-139635337365312", "trial_id": 5, "user_attr": {"test_loss": 0.45228359694960496}}
{"op_code": 6, "worker_id": "c95a28b2-bc50-488d-8e36-77f3c9b0a91c-139635337365312", "trial_id": 5, "state": 1, "values": [0.453277197167054], "datetime_complete": "2024-08-29T07:34:37.789906"}
{"op_code": 4, "worker_id": "c95a28b2-bc50-488d-8e36-77f3c9b0a91c-139635337365312", "study_id": 0, "datetime_start": "2024-08-29T07:34:37.798915"}
{"op_code": 5, "worker_id": "c95a28b2-bc50-488d-8e36-77f3c9b0a91c-139635337365312", "trial_id": 6, "param_name": "lr", "param_value_internal": 0.000462258900102083, "distribution": "{\"name\": \"FloatDistribution\", \"attributes\": {\"step\": null, \"low\": 1e-05, \"high\": 0.001, \"log\": true}}"}
{"op_code": 5, "worker_id": "c95a28b2-bc50-488d-8e36-77f3c9b0a91c-139635337365312", "trial_id": 6, "param_name": "l2reg", "param_value_internal": 1.1526449540315595e-07, "distribution": "{\"name\": \"FloatDistribution\", \"attributes\": {\"step\": null, \"low\": 1e-08, \"high\": 0.001, \"log\": true}}"}
{"op_code": 5, "worker_id": "c95a28b2-bc50-488d-8e36-77f3c9b0a91c-139635337365312", "trial_id": 6, "param_name": "random_seed", "param_value_internal": 0, "distribution": "{\"name\": \"CategoricalDistribution\", \"attributes\": {\"choices\": [42]}}"}
{"op_code": 5, "worker_id": "c95a28b2-bc50-488d-8e36-77f3c9b0a91c-139635337365312", "trial_id": 6, "param_name": "degree", "param_value_internal": 0, "distribution": "{\"name\": \"CategoricalDistribution\", \"attributes\": {\"choices\": [3]}}"}
{"op_code": 8, "worker_id": "c95a28b2-bc50-488d-8e36-77f3c9b0a91c-139635337365312", "trial_id": 6, "user_attr": {"best_epoch": 0}}
{"op_code": 8, "worker_id": "c95a28b2-bc50-488d-8e36-77f3c9b0a91c-139635337365312", "trial_id": 6, "user_attr": {"test_loss": 0.44979003338087487}}
{"op_code": 6, "worker_id": "c95a28b2-bc50-488d-8e36-77f3c9b0a91c-139635337365312", "trial_id": 6, "state": 1, "values": [0.45067334385965985], "datetime_complete": "2024-08-29T07:49:43.983116"}
{"op_code": 4, "worker_id": "c95a28b2-bc50-488d-8e36-77f3c9b0a91c-139635337365312", "study_id": 0, "datetime_start": "2024-08-29T07:49:43.991905"}
{"op_code": 5, "worker_id": "c95a28b2-bc50-488d-8e36-77f3c9b0a91c-139635337365312", "trial_id": 7, "param_name": "lr", "param_value_internal": 2.3102018878452926e-05, "distribution": "{\"name\": \"FloatDistribution\", \"attributes\": {\"step\": null, \"low\": 1e-05, \"high\": 0.001, \"log\": true}}"}
{"op_code": 5, "worker_id": "c95a28b2-bc50-488d-8e36-77f3c9b0a91c-139635337365312", "trial_id": 7, "param_name": "l2reg", "param_value_internal": 8.260808399079588e-08, "distribution": "{\"name\": \"FloatDistribution\", \"attributes\": {\"step\": null, \"low\": 1e-08, \"high\": 0.001, \"log\": true}}"}
{"op_code": 5, "worker_id": "c95a28b2-bc50-488d-8e36-77f3c9b0a91c-139635337365312", "trial_id": 7, "param_name": "random_seed", "param_value_internal": 0, "distribution": "{\"name\": \"CategoricalDistribution\", \"attributes\": {\"choices\": [42]}}"}
{"op_code": 5, "worker_id": "c95a28b2-bc50-488d-8e36-77f3c9b0a91c-139635337365312", "trial_id": 7, "param_name": "degree", "param_value_internal": 0, "distribution": "{\"name\": \"CategoricalDistribution\", \"attributes\": {\"choices\": [3]}}"}
{"op_code": 8, "worker_id": "c95a28b2-bc50-488d-8e36-77f3c9b0a91c-139635337365312", "trial_id": 7, "user_attr": {"best_epoch": 7}}
{"op_code": 8, "worker_id": "c95a28b2-bc50-488d-8e36-77f3c9b0a91c-139635337365312", "trial_id": 7, "user_attr": {"test_loss": 0.4498765778037033}}
{"op_code": 6, "worker_id": "c95a28b2-bc50-488d-8e36-77f3c9b0a91c-139635337365312", "trial_id": 7, "state": 1, "values": [0.450882165206317], "datetime_complete": "2024-08-29T08:23:52.806239"}
{"op_code": 4, "worker_id": "c95a28b2-bc50-488d-8e36-77f3c9b0a91c-139635337365312", "study_id": 0, "datetime_start": "2024-08-29T08:23:52.816215"}
{"op_code": 5, "worker_id": "c95a28b2-bc50-488d-8e36-77f3c9b0a91c-139635337365312", "trial_id": 8, "param_name": "lr", "param_value_internal": 4.059611610484306e-05, "distribution": "{\"name\": \"FloatDistribution\", \"attributes\": {\"step\": null, \"low\": 1e-05, \"high\": 0.001, \"log\": true}}"}
{"op_code": 5, "worker_id": "c95a28b2-bc50-488d-8e36-77f3c9b0a91c-139635337365312", "trial_id": 8, "param_name": "l2reg", "param_value_internal": 4.2051564509138674e-06, "distribution": "{\"name\": \"FloatDistribution\", \"attributes\": {\"step\": null, \"low\": 1e-08, \"high\": 0.001, \"log\": true}}"}
{"op_code": 5, "worker_id": "c95a28b2-bc50-488d-8e36-77f3c9b0a91c-139635337365312", "trial_id": 8, "param_name": "random_seed", "param_value_internal": 0, "distribution": "{\"name\": \"CategoricalDistribution\", \"attributes\": {\"choices\": [42]}}"}
{"op_code": 5, "worker_id": "c95a28b2-bc50-488d-8e36-77f3c9b0a91c-139635337365312", "trial_id": 8, "param_name": "degree", "param_value_internal": 0, "distribution": "{\"name\": \"CategoricalDistribution\", \"attributes\": {\"choices\": [3]}}"}
{"op_code": 8, "worker_id": "c95a28b2-bc50-488d-8e36-77f3c9b0a91c-139635337365312", "trial_id": 8, "user_attr": {"best_epoch": 3}}
{"op_code": 8, "worker_id": "c95a28b2-bc50-488d-8e36-77f3c9b0a91c-139635337365312", "trial_id": 8, "user_attr": {"test_loss": 0.44930768279312105}}
{"op_code": 6, "worker_id": "c95a28b2-bc50-488d-8e36-77f3c9b0a91c-139635337365312", "trial_id": 8, "state": 1, "values": [0.45031250668075606], "datetime_complete": "2024-08-29T08:48:27.911550"}
{"op_code": 4, "worker_id": "c95a28b2-bc50-488d-8e36-77f3c9b0a91c-139635337365312", "study_id": 0, "datetime_start": "2024-08-29T08:48:27.920120"}
{"op_code": 5, "worker_id": "c95a28b2-bc50-488d-8e36-77f3c9b0a91c-139635337365312", "trial_id": 9, "param_name": "lr", "param_value_internal": 7.309539835912905e-05, "distribution": "{\"name\": \"FloatDistribution\", \"attributes\": {\"step\": null, \"low\": 1e-05, \"high\": 0.001, \"log\": true}}"}
{"op_code": 5, "worker_id": "c95a28b2-bc50-488d-8e36-77f3c9b0a91c-139635337365312", "trial_id": 9, "param_name": "l2reg", "param_value_internal": 2.8585493941961875e-07, "distribution": "{\"name\": \"FloatDistribution\", \"attributes\": {\"step\": null, \"low\": 1e-08, \"high\": 0.001, \"log\": true}}"}
{"op_code": 5, "worker_id": "c95a28b2-bc50-488d-8e36-77f3c9b0a91c-139635337365312", "trial_id": 9, "param_name": "random_seed", "param_value_internal": 0, "distribution": "{\"name\": \"CategoricalDistribution\", \"attributes\": {\"choices\": [42]}}"}
{"op_code": 5, "worker_id": "c95a28b2-bc50-488d-8e36-77f3c9b0a91c-139635337365312", "trial_id": 9, "param_name": "degree", "param_value_internal": 0, "distribution": "{\"name\": \"CategoricalDistribution\", \"attributes\": {\"choices\": [3]}}"}
{"op_code": 8, "worker_id": "c95a28b2-bc50-488d-8e36-77f3c9b0a91c-139635337365312", "trial_id": 9, "user_attr": {"best_epoch": 1}}
{"op_code": 8, "worker_id": "c95a28b2-bc50-488d-8e36-77f3c9b0a91c-139635337365312", "trial_id": 9, "user_attr": {"test_loss": 0.4493892643685884}}
{"op_code": 6, "worker_id": "c95a28b2-bc50-488d-8e36-77f3c9b0a91c-139635337365312", "trial_id": 9, "state": 1, "values": [0.45027891202169606], "datetime_complete": "2024-08-29T09:06:44.351215"}
{"op_code": 4, "worker_id": "c95a28b2-bc50-488d-8e36-77f3c9b0a91c-139635337365312", "study_id": 0, "datetime_start": "2024-08-29T09:06:44.359483"}
{"op_code": 5, "worker_id": "c95a28b2-bc50-488d-8e36-77f3c9b0a91c-139635337365312", "trial_id": 10, "param_name": "lr", "param_value_internal": 0.000776735381623706, "distribution": "{\"name\": \"FloatDistribution\", \"attributes\": {\"step\": null, \"low\": 1e-05, \"high\": 0.001, \"log\": true}}"}
{"op_code": 5, "worker_id": "c95a28b2-bc50-488d-8e36-77f3c9b0a91c-139635337365312", "trial_id": 10, "param_name": "l2reg", "param_value_internal": 7.193458129269525e-05, "distribution": "{\"name\": \"FloatDistribution\", \"attributes\": {\"step\": null, \"low\": 1e-08, \"high\": 0.001, \"log\": true}}"}
{"op_code": 5, "worker_id": "c95a28b2-bc50-488d-8e36-77f3c9b0a91c-139635337365312", "trial_id": 10, "param_name": "random_seed", "param_value_internal": 0, "distribution": "{\"name\": \"CategoricalDistribution\", \"attributes\": {\"choices\": [42]}}"}
{"op_code": 5, "worker_id": "c95a28b2-bc50-488d-8e36-77f3c9b0a91c-139635337365312", "trial_id": 10, "param_name": "degree", "param_value_internal": 0, "distribution": "{\"name\": \"CategoricalDistribution\", \"attributes\": {\"choices\": [3]}}"}
{"op_code": 8, "worker_id": "c95a28b2-bc50-488d-8e36-77f3c9b0a91c-139635337365312", "trial_id": 10, "user_attr": {"best_epoch": 0}}
{"op_code": 8, "worker_id": "c95a28b2-bc50-488d-8e36-77f3c9b0a91c-139635337365312", "trial_id": 10, "user_attr": {"test_loss": 0.45067708508305515}}
{"op_code": 6, "worker_id": "c95a28b2-bc50-488d-8e36-77f3c9b0a91c-139635337365312", "trial_id": 10, "state": 1, "values": [0.4514856092696827], "datetime_complete": "2024-08-29T09:21:49.946664"}
{"op_code": 4, "worker_id": "c95a28b2-bc50-488d-8e36-77f3c9b0a91c-139635337365312", "study_id": 0, "datetime_start": "2024-08-29T09:21:49.955308"}
{"op_code": 5, "worker_id": "c95a28b2-bc50-488d-8e36-77f3c9b0a91c-139635337365312", "trial_id": 11, "param_name": "lr", "param_value_internal": 6.306581983588723e-05, "distribution": "{\"name\": \"FloatDistribution\", \"attributes\": {\"step\": null, \"low\": 1e-05, \"high\": 0.001, \"log\": true}}"}
{"op_code": 5, "worker_id": "c95a28b2-bc50-488d-8e36-77f3c9b0a91c-139635337365312", "trial_id": 11, "param_name": "l2reg", "param_value_internal": 6.301651774921119e-07, "distribution": "{\"name\": \"FloatDistribution\", \"attributes\": {\"step\": null, \"low\": 1e-08, \"high\": 0.001, \"log\": true}}"}
{"op_code": 5, "worker_id": "c95a28b2-bc50-488d-8e36-77f3c9b0a91c-139635337365312", "trial_id": 11, "param_name": "random_seed", "param_value_internal": 0, "distribution": "{\"name\": \"CategoricalDistribution\", \"attributes\": {\"choices\": [42]}}"}
{"op_code": 5, "worker_id": "c95a28b2-bc50-488d-8e36-77f3c9b0a91c-139635337365312", "trial_id": 11, "param_name": "degree", "param_value_internal": 0, "distribution": "{\"name\": \"CategoricalDistribution\", \"attributes\": {\"choices\": [3]}}"}
{"op_code": 8, "worker_id": "c95a28b2-bc50-488d-8e36-77f3c9b0a91c-139635337365312", "trial_id": 11, "user_attr": {"best_epoch": 2}}
{"op_code": 8, "worker_id": "c95a28b2-bc50-488d-8e36-77f3c9b0a91c-139635337365312", "trial_id": 11, "user_attr": {"test_loss": 0.4496069806647467}}
{"op_code": 6, "worker_id": "c95a28b2-bc50-488d-8e36-77f3c9b0a91c-139635337365312", "trial_id": 11, "state": 1, "values": [0.45035976825793367], "datetime_complete": "2024-08-29T09:43:16.197441"}
{"op_code": 4, "worker_id": "c95a28b2-bc50-488d-8e36-77f3c9b0a91c-139635337365312", "study_id": 0, "datetime_start": "2024-08-29T09:43:16.206132"}
{"op_code": 5, "worker_id": "c95a28b2-bc50-488d-8e36-77f3c9b0a91c-139635337365312", "trial_id": 12, "param_name": "lr", "param_value_internal": 0.00011637036190606062, "distribution": "{\"name\": \"FloatDistribution\", \"attributes\": {\"step\": null, \"low\": 1e-05, \"high\": 0.001, \"log\": true}}"}
{"op_code": 5, "worker_id": "c95a28b2-bc50-488d-8e36-77f3c9b0a91c-139635337365312", "trial_id": 12, "param_name": "l2reg", "param_value_internal": 7.340461609226715e-07, "distribution": "{\"name\": \"FloatDistribution\", \"attributes\": {\"step\": null, \"low\": 1e-08, \"high\": 0.001, \"log\": true}}"}
{"op_code": 5, "worker_id": "c95a28b2-bc50-488d-8e36-77f3c9b0a91c-139635337365312", "trial_id": 12, "param_name": "random_seed", "param_value_internal": 0, "distribution": "{\"name\": \"CategoricalDistribution\", \"attributes\": {\"choices\": [42]}}"}
{"op_code": 5, "worker_id": "c95a28b2-bc50-488d-8e36-77f3c9b0a91c-139635337365312", "trial_id": 12, "param_name": "degree", "param_value_internal": 0, "distribution": "{\"name\": \"CategoricalDistribution\", \"attributes\": {\"choices\": [3]}}"}
{"op_code": 8, "worker_id": "c95a28b2-bc50-488d-8e36-77f3c9b0a91c-139635337365312", "trial_id": 12, "user_attr": {"best_epoch": 1}}
{"op_code": 8, "worker_id": "c95a28b2-bc50-488d-8e36-77f3c9b0a91c-139635337365312", "trial_id": 12, "user_attr": {"test_loss": 0.4484458270852358}}
{"op_code": 6, "worker_id": "c95a28b2-bc50-488d-8e36-77f3c9b0a91c-139635337365312", "trial_id": 12, "state": 1, "values": [0.4494335864130983], "datetime_complete": "2024-08-29T10:01:31.268393"}
{"op_code": 4, "worker_id": "c95a28b2-bc50-488d-8e36-77f3c9b0a91c-139635337365312", "study_id": 0, "datetime_start": "2024-08-29T10:01:31.277284"}
{"op_code": 5, "worker_id": "c95a28b2-bc50-488d-8e36-77f3c9b0a91c-139635337365312", "trial_id": 13, "param_name": "lr", "param_value_internal": 0.0001554368713401586, "distribution": "{\"name\": \"FloatDistribution\", \"attributes\": {\"step\": null, \"low\": 1e-05, \"high\": 0.001, \"log\": true}}"}
{"op_code": 5, "worker_id": "c95a28b2-bc50-488d-8e36-77f3c9b0a91c-139635337365312", "trial_id": 13, "param_name": "l2reg", "param_value_internal": 9.167785859319847e-07, "distribution": "{\"name\": \"FloatDistribution\", \"attributes\": {\"step\": null, \"low\": 1e-08, \"high\": 0.001, \"log\": true}}"}
{"op_code": 5, "worker_id": "c95a28b2-bc50-488d-8e36-77f3c9b0a91c-139635337365312", "trial_id": 13, "param_name": "random_seed", "param_value_internal": 0, "distribution": "{\"name\": \"CategoricalDistribution\", \"attributes\": {\"choices\": [42]}}"}
{"op_code": 5, "worker_id": "c95a28b2-bc50-488d-8e36-77f3c9b0a91c-139635337365312", "trial_id": 13, "param_name": "degree", "param_value_internal": 0, "distribution": "{\"name\": \"CategoricalDistribution\", \"attributes\": {\"choices\": [3]}}"}
{"op_code": 8, "worker_id": "c95a28b2-bc50-488d-8e36-77f3c9b0a91c-139635337365312", "trial_id": 13, "user_attr": {"best_epoch": 1}}
{"op_code": 8, "worker_id": "c95a28b2-bc50-488d-8e36-77f3c9b0a91c-139635337365312", "trial_id": 13, "user_attr": {"test_loss": 0.44934784368099734}}
{"op_code": 6, "worker_id": "c95a28b2-bc50-488d-8e36-77f3c9b0a91c-139635337365312", "trial_id": 13, "state": 1, "values": [0.4503981730613591], "datetime_complete": "2024-08-29T10:19:47.442983"}
{"op_code": 4, "worker_id": "c95a28b2-bc50-488d-8e36-77f3c9b0a91c-139635337365312", "study_id": 0, "datetime_start": "2024-08-29T10:19:47.451544"}
{"op_code": 5, "worker_id": "c95a28b2-bc50-488d-8e36-77f3c9b0a91c-139635337365312", "trial_id": 14, "param_name": "lr", "param_value_internal": 0.00013277724571339317, "distribution": "{\"name\": \"FloatDistribution\", \"attributes\": {\"step\": null, \"low\": 1e-05, \"high\": 0.001, \"log\": true}}"}
{"op_code": 5, "worker_id": "c95a28b2-bc50-488d-8e36-77f3c9b0a91c-139635337365312", "trial_id": 14, "param_name": "l2reg", "param_value_internal": 1.163814228102759e-08, "distribution": "{\"name\": \"FloatDistribution\", \"attributes\": {\"step\": null, \"low\": 1e-08, \"high\": 0.001, \"log\": true}}"}
{"op_code": 5, "worker_id": "c95a28b2-bc50-488d-8e36-77f3c9b0a91c-139635337365312", "trial_id": 14, "param_name": "random_seed", "param_value_internal": 0, "distribution": "{\"name\": \"CategoricalDistribution\", \"attributes\": {\"choices\": [42]}}"}
{"op_code": 5, "worker_id": "c95a28b2-bc50-488d-8e36-77f3c9b0a91c-139635337365312", "trial_id": 14, "param_name": "degree", "param_value_internal": 0, "distribution": "{\"name\": \"CategoricalDistribution\", \"attributes\": {\"choices\": [3]}}"}
{"op_code": 8, "worker_id": "c95a28b2-bc50-488d-8e36-77f3c9b0a91c-139635337365312", "trial_id": 14, "user_attr": {"best_epoch": 1}}
{"op_code": 8, "worker_id": "c95a28b2-bc50-488d-8e36-77f3c9b0a91c-139635337365312", "trial_id": 14, "user_attr": {"test_loss": 0.44871557692718816}}
{"op_code": 6, "worker_id": "c95a28b2-bc50-488d-8e36-77f3c9b0a91c-139635337365312", "trial_id": 14, "state": 1, "values": [0.44972864677659247], "datetime_complete": "2024-08-29T10:38:04.075497"}
{"op_code": 4, "worker_id": "c95a28b2-bc50-488d-8e36-77f3c9b0a91c-139635337365312", "study_id": 0, "datetime_start": "2024-08-29T10:38:04.083795"}
{"op_code": 5, "worker_id": "c95a28b2-bc50-488d-8e36-77f3c9b0a91c-139635337365312", "trial_id": 15, "param_name": "lr", "param_value_internal": 0.00015618638774796102, "distribution": "{\"name\": \"FloatDistribution\", \"attributes\": {\"step\": null, \"low\": 1e-05, \"high\": 0.001, \"log\": true}}"}
{"op_code": 5, "worker_id": "c95a28b2-bc50-488d-8e36-77f3c9b0a91c-139635337365312", "trial_id": 15, "param_name": "l2reg", "param_value_internal": 1.1653069866180378e-08, "distribution": "{\"name\": \"FloatDistribution\", \"attributes\": {\"step\": null, \"low\": 1e-08, \"high\": 0.001, \"log\": true}}"}
{"op_code": 5, "worker_id": "c95a28b2-bc50-488d-8e36-77f3c9b0a91c-139635337365312", "trial_id": 15, "param_name": "random_seed", "param_value_internal": 0, "distribution": "{\"name\": \"CategoricalDistribution\", \"attributes\": {\"choices\": [42]}}"}
{"op_code": 5, "worker_id": "c95a28b2-bc50-488d-8e36-77f3c9b0a91c-139635337365312", "trial_id": 15, "param_name": "degree", "param_value_internal": 0, "distribution": "{\"name\": \"CategoricalDistribution\", \"attributes\": {\"choices\": [3]}}"}
{"op_code": 8, "worker_id": "c95a28b2-bc50-488d-8e36-77f3c9b0a91c-139635337365312", "trial_id": 15, "user_attr": {"best_epoch": 1}}
{"op_code": 8, "worker_id": "c95a28b2-bc50-488d-8e36-77f3c9b0a91c-139635337365312", "trial_id": 15, "user_attr": {"test_loss": 0.4493725433905562}}
{"op_code": 6, "worker_id": "c95a28b2-bc50-488d-8e36-77f3c9b0a91c-139635337365312", "trial_id": 15, "state": 1, "values": [0.45042409439488384], "datetime_complete": "2024-08-29T10:56:18.641812"}
{"op_code": 4, "worker_id": "c95a28b2-bc50-488d-8e36-77f3c9b0a91c-139635337365312", "study_id": 0, "datetime_start": "2024-08-29T10:56:18.650221"}
{"op_code": 5, "worker_id": "c95a28b2-bc50-488d-8e36-77f3c9b0a91c-139635337365312", "trial_id": 16, "param_name": "lr", "param_value_internal": 0.0002809711602052618, "distribution": "{\"name\": \"FloatDistribution\", \"attributes\": {\"step\": null, \"low\": 1e-05, \"high\": 0.001, \"log\": true}}"}
{"op_code": 5, "worker_id": "c95a28b2-bc50-488d-8e36-77f3c9b0a91c-139635337365312", "trial_id": 16, "param_name": "l2reg", "param_value_internal": 1.587590091087966e-08, "distribution": "{\"name\": \"FloatDistribution\", \"attributes\": {\"step\": null, \"low\": 1e-08, \"high\": 0.001, \"log\": true}}"}
{"op_code": 5, "worker_id": "c95a28b2-bc50-488d-8e36-77f3c9b0a91c-139635337365312", "trial_id": 16, "param_name": "random_seed", "param_value_internal": 0, "distribution": "{\"name\": \"CategoricalDistribution\", \"attributes\": {\"choices\": [42]}}"}
{"op_code": 5, "worker_id": "c95a28b2-bc50-488d-8e36-77f3c9b0a91c-139635337365312", "trial_id": 16, "param_name": "degree", "param_value_internal": 0, "distribution": "{\"name\": \"CategoricalDistribution\", \"attributes\": {\"choices\": [3]}}"}
{"op_code": 8, "worker_id": "c95a28b2-bc50-488d-8e36-77f3c9b0a91c-139635337365312", "trial_id": 16, "user_attr": {"best_epoch": 0}}
{"op_code": 8, "worker_id": "c95a28b2-bc50-488d-8e36-77f3c9b0a91c-139635337365312", "trial_id": 16, "user_attr": {"test_loss": 0.4492648496028195}}
{"op_code": 6, "worker_id": "c95a28b2-bc50-488d-8e36-77f3c9b0a91c-139635337365312", "trial_id": 16, "state": 1, "values": [0.4502608930682002], "datetime_complete": "2024-08-29T11:11:19.300015"}
{"op_code": 4, "worker_id": "c95a28b2-bc50-488d-8e36-77f3c9b0a91c-139635337365312", "study_id": 0, "datetime_start": "2024-08-29T11:11:19.308372"}
{"op_code": 5, "worker_id": "c95a28b2-bc50-488d-8e36-77f3c9b0a91c-139635337365312", "trial_id": 17, "param_name": "lr", "param_value_internal": 0.00012467577485641962, "distribution": "{\"name\": \"FloatDistribution\", \"attributes\": {\"step\": null, \"low\": 1e-05, \"high\": 0.001, \"log\": true}}"}
{"op_code": 5, "worker_id": "c95a28b2-bc50-488d-8e36-77f3c9b0a91c-139635337365312", "trial_id": 17, "param_name": "l2reg", "param_value_internal": 2.3647088717471602e-06, "distribution": "{\"name\": \"FloatDistribution\", \"attributes\": {\"step\": null, \"low\": 1e-08, \"high\": 0.001, \"log\": true}}"}
{"op_code": 5, "worker_id": "c95a28b2-bc50-488d-8e36-77f3c9b0a91c-139635337365312", "trial_id": 17, "param_name": "random_seed", "param_value_internal": 0, "distribution": "{\"name\": \"CategoricalDistribution\", \"attributes\": {\"choices\": [42]}}"}
{"op_code": 5, "worker_id": "c95a28b2-bc50-488d-8e36-77f3c9b0a91c-139635337365312", "trial_id": 17, "param_name": "degree", "param_value_internal": 0, "distribution": "{\"name\": \"CategoricalDistribution\", \"attributes\": {\"choices\": [3]}}"}
{"op_code": 8, "worker_id": "c95a28b2-bc50-488d-8e36-77f3c9b0a91c-139635337365312", "trial_id": 17, "user_attr": {"best_epoch": 1}}
{"op_code": 8, "worker_id": "c95a28b2-bc50-488d-8e36-77f3c9b0a91c-139635337365312", "trial_id": 17, "user_attr": {"test_loss": 0.4485576438538571}}
{"op_code": 6, "worker_id": "c95a28b2-bc50-488d-8e36-77f3c9b0a91c-139635337365312", "trial_id": 17, "state": 1, "values": [0.4495572376638885], "datetime_complete": "2024-08-29T11:29:30.485244"}
{"op_code": 4, "worker_id": "c95a28b2-bc50-488d-8e36-77f3c9b0a91c-139635337365312", "study_id": 0, "datetime_start": "2024-08-29T11:29:30.494329"}
{"op_code": 5, "worker_id": "c95a28b2-bc50-488d-8e36-77f3c9b0a91c-139635337365312", "trial_id": 18, "param_name": "lr", "param_value_internal": 9.95294647706301e-05, "distribution": "{\"name\": \"FloatDistribution\", \"attributes\": {\"step\": null, \"low\": 1e-05, \"high\": 0.001, \"log\": true}}"}
{"op_code": 5, "worker_id": "c95a28b2-bc50-488d-8e36-77f3c9b0a91c-139635337365312", "trial_id": 18, "param_name": "l2reg", "param_value_internal": 2.4975002340057925e-06, "distribution": "{\"name\": \"FloatDistribution\", \"attributes\": {\"step\": null, \"low\": 1e-08, \"high\": 0.001, \"log\": true}}"}
{"op_code": 5, "worker_id": "c95a28b2-bc50-488d-8e36-77f3c9b0a91c-139635337365312", "trial_id": 18, "param_name": "random_seed", "param_value_internal": 0, "distribution": "{\"name\": \"CategoricalDistribution\", \"attributes\": {\"choices\": [42]}}"}
{"op_code": 5, "worker_id": "c95a28b2-bc50-488d-8e36-77f3c9b0a91c-139635337365312", "trial_id": 18, "param_name": "degree", "param_value_internal": 0, "distribution": "{\"name\": \"CategoricalDistribution\", \"attributes\": {\"choices\": [3]}}"}
{"op_code": 8, "worker_id": "c95a28b2-bc50-488d-8e36-77f3c9b0a91c-139635337365312", "trial_id": 18, "user_attr": {"best_epoch": 1}}
{"op_code": 8, "worker_id": "c95a28b2-bc50-488d-8e36-77f3c9b0a91c-139635337365312", "trial_id": 18, "user_attr": {"test_loss": 0.4484423912678319}}
{"op_code": 6, "worker_id": "c95a28b2-bc50-488d-8e36-77f3c9b0a91c-139635337365312", "trial_id": 18, "state": 1, "values": [0.4494017478384891], "datetime_complete": "2024-08-29T11:47:46.647929"}
{"op_code": 4, "worker_id": "c95a28b2-bc50-488d-8e36-77f3c9b0a91c-139635337365312", "study_id": 0, "datetime_start": "2024-08-29T11:47:46.658560"}
{"op_code": 5, "worker_id": "c95a28b2-bc50-488d-8e36-77f3c9b0a91c-139635337365312", "trial_id": 19, "param_name": "lr", "param_value_internal": 3.4196538382062763e-05, "distribution": "{\"name\": \"FloatDistribution\", \"attributes\": {\"step\": null, \"low\": 1e-05, \"high\": 0.001, \"log\": true}}"}
{"op_code": 5, "worker_id": "c95a28b2-bc50-488d-8e36-77f3c9b0a91c-139635337365312", "trial_id": 19, "param_name": "l2reg", "param_value_internal": 1.2291408215387611e-05, "distribution": "{\"name\": \"FloatDistribution\", \"attributes\": {\"step\": null, \"low\": 1e-08, \"high\": 0.001, \"log\": true}}"}
{"op_code": 5, "worker_id": "c95a28b2-bc50-488d-8e36-77f3c9b0a91c-139635337365312", "trial_id": 19, "param_name": "random_seed", "param_value_internal": 0, "distribution": "{\"name\": \"CategoricalDistribution\", \"attributes\": {\"choices\": [42]}}"}
{"op_code": 5, "worker_id": "c95a28b2-bc50-488d-8e36-77f3c9b0a91c-139635337365312", "trial_id": 19, "param_name": "degree", "param_value_internal": 0, "distribution": "{\"name\": \"CategoricalDistribution\", \"attributes\": {\"choices\": [3]}}"}
{"op_code": 8, "worker_id": "c95a28b2-bc50-488d-8e36-77f3c9b0a91c-139635337365312", "trial_id": 19, "user_attr": {"best_epoch": 5}}
{"op_code": 8, "worker_id": "c95a28b2-bc50-488d-8e36-77f3c9b0a91c-139635337365312", "trial_id": 19, "user_attr": {"test_loss": 0.44965141723650337}}
{"op_code": 6, "worker_id": "c95a28b2-bc50-488d-8e36-77f3c9b0a91c-139635337365312", "trial_id": 19, "state": 1, "values": [0.45061974510815955], "datetime_complete": "2024-08-29T12:18:44.246317"}
{"op_code": 4, "worker_id": "c95a28b2-bc50-488d-8e36-77f3c9b0a91c-139635337365312", "study_id": 0, "datetime_start": "2024-08-29T12:18:44.254755"}
{"op_code": 5, "worker_id": "c95a28b2-bc50-488d-8e36-77f3c9b0a91c-139635337365312", "trial_id": 20, "param_name": "lr", "param_value_internal": 0.0002675496824787912, "distribution": "{\"name\": \"FloatDistribution\", \"attributes\": {\"step\": null, \"low\": 1e-05, \"high\": 0.001, \"log\": true}}"}
{"op_code": 5, "worker_id": "c95a28b2-bc50-488d-8e36-77f3c9b0a91c-139635337365312", "trial_id": 20, "param_name": "l2reg", "param_value_internal": 2.0306259900087466e-06, "distribution": "{\"name\": \"FloatDistribution\", \"attributes\": {\"step\": null, \"low\": 1e-08, \"high\": 0.001, \"log\": true}}"}
{"op_code": 5, "worker_id": "c95a28b2-bc50-488d-8e36-77f3c9b0a91c-139635337365312", "trial_id": 20, "param_name": "random_seed", "param_value_internal": 0, "distribution": "{\"name\": \"CategoricalDistribution\", \"attributes\": {\"choices\": [42]}}"}
{"op_code": 5, "worker_id": "c95a28b2-bc50-488d-8e36-77f3c9b0a91c-139635337365312", "trial_id": 20, "param_name": "degree", "param_value_internal": 0, "distribution": "{\"name\": \"CategoricalDistribution\", \"attributes\": {\"choices\": [3]}}"}
{"op_code": 8, "worker_id": "c95a28b2-bc50-488d-8e36-77f3c9b0a91c-139635337365312", "trial_id": 20, "user_attr": {"best_epoch": 0}}
{"op_code": 8, "worker_id": "c95a28b2-bc50-488d-8e36-77f3c9b0a91c-139635337365312", "trial_id": 20, "user_attr": {"test_loss": 0.4492165572804207}}
{"op_code": 6, "worker_id": "c95a28b2-bc50-488d-8e36-77f3c9b0a91c-139635337365312", "trial_id": 20, "state": 1, "values": [0.45022989436006755], "datetime_complete": "2024-08-29T12:33:46.256036"}
{"op_code": 4, "worker_id": "c95a28b2-bc50-488d-8e36-77f3c9b0a91c-139635337365312", "study_id": 0, "datetime_start": "2024-08-29T12:33:46.279183"}
{"op_code": 5, "worker_id": "c95a28b2-bc50-488d-8e36-77f3c9b0a91c-139635337365312", "trial_id": 21, "param_name": "lr", "param_value_internal": 0.00010216266541671121, "distribution": "{\"name\": \"FloatDistribution\", \"attributes\": {\"step\": null, \"low\": 1e-05, \"high\": 0.001, \"log\": true}}"}
{"op_code": 5, "worker_id": "c95a28b2-bc50-488d-8e36-77f3c9b0a91c-139635337365312", "trial_id": 21, "param_name": "l2reg", "param_value_internal": 2.4549408305403427e-06, "distribution": "{\"name\": \"FloatDistribution\", \"attributes\": {\"step\": null, \"low\": 1e-08, \"high\": 0.001, \"log\": true}}"}
{"op_code": 5, "worker_id": "c95a28b2-bc50-488d-8e36-77f3c9b0a91c-139635337365312", "trial_id": 21, "param_name": "random_seed", "param_value_internal": 0, "distribution": "{\"name\": \"CategoricalDistribution\", \"attributes\": {\"choices\": [42]}}"}
{"op_code": 5, "worker_id": "c95a28b2-bc50-488d-8e36-77f3c9b0a91c-139635337365312", "trial_id": 21, "param_name": "degree", "param_value_internal": 0, "distribution": "{\"name\": \"CategoricalDistribution\", \"attributes\": {\"choices\": [3]}}"}
{"op_code": 8, "worker_id": "c95a28b2-bc50-488d-8e36-77f3c9b0a91c-139635337365312", "trial_id": 21, "user_attr": {"best_epoch": 1}}
{"op_code": 8, "worker_id": "c95a28b2-bc50-488d-8e36-77f3c9b0a91c-139635337365312", "trial_id": 21, "user_attr": {"test_loss": 0.4484190277094856}}
{"op_code": 6, "worker_id": "c95a28b2-bc50-488d-8e36-77f3c9b0a91c-139635337365312", "trial_id": 21, "state": 1, "values": [0.44938323260025714], "datetime_complete": "2024-08-29T12:52:02.334331"}
{"op_code": 4, "worker_id": "c95a28b2-bc50-488d-8e36-77f3c9b0a91c-139635337365312", "study_id": 0, "datetime_start": "2024-08-29T12:52:02.342943"}
{"op_code": 5, "worker_id": "c95a28b2-bc50-488d-8e36-77f3c9b0a91c-139635337365312", "trial_id": 22, "param_name": "lr", "param_value_internal": 8.05991375451321e-05, "distribution": "{\"name\": \"FloatDistribution\", \"attributes\": {\"step\": null, \"low\": 1e-05, \"high\": 0.001, \"log\": true}}"}
{"op_code": 5, "worker_id": "c95a28b2-bc50-488d-8e36-77f3c9b0a91c-139635337365312", "trial_id": 22, "param_name": "l2reg", "param_value_internal": 4.7405332441753984e-07, "distribution": "{\"name\": \"FloatDistribution\", \"attributes\": {\"step\": null, \"low\": 1e-08, \"high\": 0.001, \"log\": true}}"}
{"op_code": 5, "worker_id": "c95a28b2-bc50-488d-8e36-77f3c9b0a91c-139635337365312", "trial_id": 22, "param_name": "random_seed", "param_value_internal": 0, "distribution": "{\"name\": \"CategoricalDistribution\", \"attributes\": {\"choices\": [42]}}"}
{"op_code": 5, "worker_id": "c95a28b2-bc50-488d-8e36-77f3c9b0a91c-139635337365312", "trial_id": 22, "param_name": "degree", "param_value_internal": 0, "distribution": "{\"name\": \"CategoricalDistribution\", \"attributes\": {\"choices\": [3]}}"}
{"op_code": 8, "worker_id": "c95a28b2-bc50-488d-8e36-77f3c9b0a91c-139635337365312", "trial_id": 22, "user_attr": {"best_epoch": 1}}
{"op_code": 8, "worker_id": "c95a28b2-bc50-488d-8e36-77f3c9b0a91c-139635337365312", "trial_id": 22, "user_attr": {"test_loss": 0.448965475379696}}
{"op_code": 6, "worker_id": "c95a28b2-bc50-488d-8e36-77f3c9b0a91c-139635337365312", "trial_id": 22, "state": 1, "values": [0.4498771504399373], "datetime_complete": "2024-08-29T13:10:18.777706"}
{"op_code": 4, "worker_id": "c95a28b2-bc50-488d-8e36-77f3c9b0a91c-139635337365312", "study_id": 0, "datetime_start": "2024-08-29T13:10:18.790069"}
{"op_code": 5, "worker_id": "c95a28b2-bc50-488d-8e36-77f3c9b0a91c-139635337365312", "trial_id": 23, "param_name": "lr", "param_value_internal": 9.929804975226634e-05, "distribution": "{\"name\": \"FloatDistribution\", \"attributes\": {\"step\": null, \"low\": 1e-05, \"high\": 0.001, \"log\": true}}"}
{"op_code": 5, "worker_id": "c95a28b2-bc50-488d-8e36-77f3c9b0a91c-139635337365312", "trial_id": 23, "param_name": "l2reg", "param_value_internal": 6.290522892569417e-06, "distribution": "{\"name\": \"FloatDistribution\", \"attributes\": {\"step\": null, \"low\": 1e-08, \"high\": 0.001, \"log\": true}}"}
{"op_code": 5, "worker_id": "c95a28b2-bc50-488d-8e36-77f3c9b0a91c-139635337365312", "trial_id": 23, "param_name": "random_seed", "param_value_internal": 0, "distribution": "{\"name\": \"CategoricalDistribution\", \"attributes\": {\"choices\": [42]}}"}
{"op_code": 5, "worker_id": "c95a28b2-bc50-488d-8e36-77f3c9b0a91c-139635337365312", "trial_id": 23, "param_name": "degree", "param_value_internal": 0, "distribution": "{\"name\": \"CategoricalDistribution\", \"attributes\": {\"choices\": [3]}}"}
{"op_code": 8, "worker_id": "c95a28b2-bc50-488d-8e36-77f3c9b0a91c-139635337365312", "trial_id": 23, "user_attr": {"best_epoch": 1}}
{"op_code": 8, "worker_id": "c95a28b2-bc50-488d-8e36-77f3c9b0a91c-139635337365312", "trial_id": 23, "user_attr": {"test_loss": 0.44844452910977206}}
{"op_code": 6, "worker_id": "c95a28b2-bc50-488d-8e36-77f3c9b0a91c-139635337365312", "trial_id": 23, "state": 1, "values": [0.44940388568042927], "datetime_complete": "2024-08-29T13:28:35.055296"}
{"op_code": 4, "worker_id": "c95a28b2-bc50-488d-8e36-77f3c9b0a91c-139635337365312", "study_id": 0, "datetime_start": "2024-08-29T13:28:35.063515"}
{"op_code": 5, "worker_id": "c95a28b2-bc50-488d-8e36-77f3c9b0a91c-139635337365312", "trial_id": 24, "param_name": "lr", "param_value_internal": 4.46695692822775e-05, "distribution": "{\"name\": \"FloatDistribution\", \"attributes\": {\"step\": null, \"low\": 1e-05, \"high\": 0.001, \"log\": true}}"}
{"op_code": 5, "worker_id": "c95a28b2-bc50-488d-8e36-77f3c9b0a91c-139635337365312", "trial_id": 24, "param_name": "l2reg", "param_value_internal": 8.571025999229025e-06, "distribution": "{\"name\": \"FloatDistribution\", \"attributes\": {\"step\": null, \"low\": 1e-08, \"high\": 0.001, \"log\": true}}"}
{"op_code": 5, "worker_id": "c95a28b2-bc50-488d-8e36-77f3c9b0a91c-139635337365312", "trial_id": 24, "param_name": "random_seed", "param_value_internal": 0, "distribution": "{\"name\": \"CategoricalDistribution\", \"attributes\": {\"choices\": [42]}}"}
{"op_code": 5, "worker_id": "c95a28b2-bc50-488d-8e36-77f3c9b0a91c-139635337365312", "trial_id": 24, "param_name": "degree", "param_value_internal": 0, "distribution": "{\"name\": \"CategoricalDistribution\", \"attributes\": {\"choices\": [3]}}"}
{"op_code": 8, "worker_id": "c95a28b2-bc50-488d-8e36-77f3c9b0a91c-139635337365312", "trial_id": 24, "user_attr": {"best_epoch": 3}}
{"op_code": 8, "worker_id": "c95a28b2-bc50-488d-8e36-77f3c9b0a91c-139635337365312", "trial_id": 24, "user_attr": {"test_loss": 0.4490495765545928}}
{"op_code": 6, "worker_id": "c95a28b2-bc50-488d-8e36-77f3c9b0a91c-139635337365312", "trial_id": 24, "state": 1, "values": [0.4500874224650539], "datetime_complete": "2024-08-29T13:53:12.183525"}
{"op_code": 4, "worker_id": "c95a28b2-bc50-488d-8e36-77f3c9b0a91c-139635337365312", "study_id": 0, "datetime_start": "2024-08-29T13:53:12.191894"}
{"op_code": 5, "worker_id": "c95a28b2-bc50-488d-8e36-77f3c9b0a91c-139635337365312", "trial_id": 25, "param_name": "lr", "param_value_internal": 0.00021202661119801067, "distribution": "{\"name\": \"FloatDistribution\", \"attributes\": {\"step\": null, \"low\": 1e-05, \"high\": 0.001, \"log\": true}}"}
{"op_code": 5, "worker_id": "c95a28b2-bc50-488d-8e36-77f3c9b0a91c-139635337365312", "trial_id": 25, "param_name": "l2reg", "param_value_internal": 4.4618395261853154e-05, "distribution": "{\"name\": \"FloatDistribution\", \"attributes\": {\"step\": null, \"low\": 1e-08, \"high\": 0.001, \"log\": true}}"}
{"op_code": 5, "worker_id": "c95a28b2-bc50-488d-8e36-77f3c9b0a91c-139635337365312", "trial_id": 25, "param_name": "random_seed", "param_value_internal": 0, "distribution": "{\"name\": \"CategoricalDistribution\", \"attributes\": {\"choices\": [42]}}"}
{"op_code": 5, "worker_id": "c95a28b2-bc50-488d-8e36-77f3c9b0a91c-139635337365312", "trial_id": 25, "param_name": "degree", "param_value_internal": 0, "distribution": "{\"name\": \"CategoricalDistribution\", \"attributes\": {\"choices\": [3]}}"}
{"op_code": 8, "worker_id": "c95a28b2-bc50-488d-8e36-77f3c9b0a91c-139635337365312", "trial_id": 25, "user_attr": {"best_epoch": 0}}
{"op_code": 8, "worker_id": "c95a28b2-bc50-488d-8e36-77f3c9b0a91c-139635337365312", "trial_id": 25, "user_attr": {"test_loss": 0.44920617347671127}}
{"op_code": 6, "worker_id": "c95a28b2-bc50-488d-8e36-77f3c9b0a91c-139635337365312", "trial_id": 25, "state": 1, "values": [0.4502671157152761], "datetime_complete": "2024-08-29T14:08:18.364920"}
{"op_code": 4, "worker_id": "c95a28b2-bc50-488d-8e36-77f3c9b0a91c-139635337365312", "study_id": 0, "datetime_start": "2024-08-29T14:08:18.374570"}
{"op_code": 5, "worker_id": "c95a28b2-bc50-488d-8e36-77f3c9b0a91c-139635337365312", "trial_id": 26, "param_name": "lr", "param_value_internal": 9.141307020052073e-05, "distribution": "{\"name\": \"FloatDistribution\", \"attributes\": {\"step\": null, \"low\": 1e-05, \"high\": 0.001, \"log\": true}}"}
{"op_code": 5, "worker_id": "c95a28b2-bc50-488d-8e36-77f3c9b0a91c-139635337365312", "trial_id": 26, "param_name": "l2reg", "param_value_internal": 4.589334334620881e-06, "distribution": "{\"name\": \"FloatDistribution\", \"attributes\": {\"step\": null, \"low\": 1e-08, \"high\": 0.001, \"log\": true}}"}
{"op_code": 5, "worker_id": "c95a28b2-bc50-488d-8e36-77f3c9b0a91c-139635337365312", "trial_id": 26, "param_name": "random_seed", "param_value_internal": 0, "distribution": "{\"name\": \"CategoricalDistribution\", \"attributes\": {\"choices\": [42]}}"}
{"op_code": 5, "worker_id": "c95a28b2-bc50-488d-8e36-77f3c9b0a91c-139635337365312", "trial_id": 26, "param_name": "degree", "param_value_internal": 0, "distribution": "{\"name\": \"CategoricalDistribution\", \"attributes\": {\"choices\": [3]}}"}
{"op_code": 8, "worker_id": "c95a28b2-bc50-488d-8e36-77f3c9b0a91c-139635337365312", "trial_id": 26, "user_attr": {"best_epoch": 1}}
{"op_code": 8, "worker_id": "c95a28b2-bc50-488d-8e36-77f3c9b0a91c-139635337365312", "trial_id": 26, "user_attr": {"test_loss": 0.44858333613288826}}
{"op_code": 6, "worker_id": "c95a28b2-bc50-488d-8e36-77f3c9b0a91c-139635337365312", "trial_id": 26, "state": 1, "values": [0.4495251318590368], "datetime_complete": "2024-08-29T14:26:34.967645"}
{"op_code": 4, "worker_id": "c95a28b2-bc50-488d-8e36-77f3c9b0a91c-139635337365312", "study_id": 0, "datetime_start": "2024-08-29T14:26:34.976044"}
{"op_code": 5, "worker_id": "c95a28b2-bc50-488d-8e36-77f3c9b0a91c-139635337365312", "trial_id": 27, "param_name": "lr", "param_value_internal": 0.0004160617933755998, "distribution": "{\"name\": \"FloatDistribution\", \"attributes\": {\"step\": null, \"low\": 1e-05, \"high\": 0.001, \"log\": true}}"}
{"op_code": 5, "worker_id": "c95a28b2-bc50-488d-8e36-77f3c9b0a91c-139635337365312", "trial_id": 27, "param_name": "l2reg", "param_value_internal": 1.6725088571097363e-05, "distribution": "{\"name\": \"FloatDistribution\", \"attributes\": {\"step\": null, \"low\": 1e-08, \"high\": 0.001, \"log\": true}}"}
{"op_code": 5, "worker_id": "c95a28b2-bc50-488d-8e36-77f3c9b0a91c-139635337365312", "trial_id": 27, "param_name": "random_seed", "param_value_internal": 0, "distribution": "{\"name\": \"CategoricalDistribution\", \"attributes\": {\"choices\": [42]}}"}
{"op_code": 5, "worker_id": "c95a28b2-bc50-488d-8e36-77f3c9b0a91c-139635337365312", "trial_id": 27, "param_name": "degree", "param_value_internal": 0, "distribution": "{\"name\": \"CategoricalDistribution\", \"attributes\": {\"choices\": [3]}}"}
{"op_code": 8, "worker_id": "c95a28b2-bc50-488d-8e36-77f3c9b0a91c-139635337365312", "trial_id": 27, "user_attr": {"best_epoch": 0}}
{"op_code": 8, "worker_id": "c95a28b2-bc50-488d-8e36-77f3c9b0a91c-139635337365312", "trial_id": 27, "user_attr": {"test_loss": 0.44968905852495017}}
{"op_code": 6, "worker_id": "c95a28b2-bc50-488d-8e36-77f3c9b0a91c-139635337365312", "trial_id": 27, "state": 1, "values": [0.4505811494259894], "datetime_complete": "2024-08-29T14:41:39.854067"}
{"op_code": 4, "worker_id": "c95a28b2-bc50-488d-8e36-77f3c9b0a91c-139635337365312", "study_id": 0, "datetime_start": "2024-08-29T14:41:39.863011"}
{"op_code": 5, "worker_id": "c95a28b2-bc50-488d-8e36-77f3c9b0a91c-139635337365312", "trial_id": 28, "param_name": "lr", "param_value_internal": 9.424993561882497e-05, "distribution": "{\"name\": \"FloatDistribution\", \"attributes\": {\"step\": null, \"low\": 1e-05, \"high\": 0.001, \"log\": true}}"}
{"op_code": 5, "worker_id": "c95a28b2-bc50-488d-8e36-77f3c9b0a91c-139635337365312", "trial_id": 28, "param_name": "l2reg", "param_value_internal": 1.7968239647702985e-06, "distribution": "{\"name\": \"FloatDistribution\", \"attributes\": {\"step\": null, \"low\": 1e-08, \"high\": 0.001, \"log\": true}}"}
{"op_code": 5, "worker_id": "c95a28b2-bc50-488d-8e36-77f3c9b0a91c-139635337365312", "trial_id": 28, "param_name": "random_seed", "param_value_internal": 0, "distribution": "{\"name\": \"CategoricalDistribution\", \"attributes\": {\"choices\": [42]}}"}
{"op_code": 5, "worker_id": "c95a28b2-bc50-488d-8e36-77f3c9b0a91c-139635337365312", "trial_id": 28, "param_name": "degree", "param_value_internal": 0, "distribution": "{\"name\": \"CategoricalDistribution\", \"attributes\": {\"choices\": [3]}}"}
{"op_code": 8, "worker_id": "c95a28b2-bc50-488d-8e36-77f3c9b0a91c-139635337365312", "trial_id": 28, "user_attr": {"best_epoch": 1}}
{"op_code": 8, "worker_id": "c95a28b2-bc50-488d-8e36-77f3c9b0a91c-139635337365312", "trial_id": 28, "user_attr": {"test_loss": 0.448521300540874}}
{"op_code": 6, "worker_id": "c95a28b2-bc50-488d-8e36-77f3c9b0a91c-139635337365312", "trial_id": 28, "state": 1, "values": [0.44946977702308566], "datetime_complete": "2024-08-29T14:59:57.084944"}
{"op_code": 4, "worker_id": "c95a28b2-bc50-488d-8e36-77f3c9b0a91c-139635337365312", "study_id": 0, "datetime_start": "2024-08-29T14:59:57.103567"}
{"op_code": 5, "worker_id": "c95a28b2-bc50-488d-8e36-77f3c9b0a91c-139635337365312", "trial_id": 29, "param_name": "lr", "param_value_internal": 5.419626128219798e-05, "distribution": "{\"name\": \"FloatDistribution\", \"attributes\": {\"step\": null, \"low\": 1e-05, \"high\": 0.001, \"log\": true}}"}
{"op_code": 5, "worker_id": "c95a28b2-bc50-488d-8e36-77f3c9b0a91c-139635337365312", "trial_id": 29, "param_name": "l2reg", "param_value_internal": 0.00024890136464958315, "distribution": "{\"name\": \"FloatDistribution\", \"attributes\": {\"step\": null, \"low\": 1e-08, \"high\": 0.001, \"log\": true}}"}
{"op_code": 5, "worker_id": "c95a28b2-bc50-488d-8e36-77f3c9b0a91c-139635337365312", "trial_id": 29, "param_name": "random_seed", "param_value_internal": 0, "distribution": "{\"name\": \"CategoricalDistribution\", \"attributes\": {\"choices\": [42]}}"}
{"op_code": 5, "worker_id": "c95a28b2-bc50-488d-8e36-77f3c9b0a91c-139635337365312", "trial_id": 29, "param_name": "degree", "param_value_internal": 0, "distribution": "{\"name\": \"CategoricalDistribution\", \"attributes\": {\"choices\": [3]}}"}
{"op_code": 8, "worker_id": "c95a28b2-bc50-488d-8e36-77f3c9b0a91c-139635337365312", "trial_id": 29, "user_attr": {"best_epoch": 3}}
{"op_code": 8, "worker_id": "c95a28b2-bc50-488d-8e36-77f3c9b0a91c-139635337365312", "trial_id": 29, "user_attr": {"test_loss": 0.449092638799388}}
{"op_code": 6, "worker_id": "c95a28b2-bc50-488d-8e36-77f3c9b0a91c-139635337365312", "trial_id": 29, "state": 1, "values": [0.4501895044176977], "datetime_complete": "2024-08-29T15:24:34.017447"}
{"op_code": 4, "worker_id": "c95a28b2-bc50-488d-8e36-77f3c9b0a91c-139635337365312", "study_id": 0, "datetime_start": "2024-08-29T15:24:34.026082"}
{"op_code": 5, "worker_id": "c95a28b2-bc50-488d-8e36-77f3c9b0a91c-139635337365312", "trial_id": 30, "param_name": "lr", "param_value_internal": 2.9509576115573594e-05, "distribution": "{\"name\": \"FloatDistribution\", \"attributes\": {\"step\": null, \"low\": 1e-05, \"high\": 0.001, \"log\": true}}"}
{"op_code": 5, "worker_id": "c95a28b2-bc50-488d-8e36-77f3c9b0a91c-139635337365312", "trial_id": 30, "param_name": "l2reg", "param_value_internal": 2.1173970855783598e-07, "distribution": "{\"name\": \"FloatDistribution\", \"attributes\": {\"step\": null, \"low\": 1e-08, \"high\": 0.001, \"log\": true}}"}
{"op_code": 5, "worker_id": "c95a28b2-bc50-488d-8e36-77f3c9b0a91c-139635337365312", "trial_id": 30, "param_name": "random_seed", "param_value_internal": 0, "distribution": "{\"name\": \"CategoricalDistribution\", \"attributes\": {\"choices\": [42]}}"}
{"op_code": 5, "worker_id": "c95a28b2-bc50-488d-8e36-77f3c9b0a91c-139635337365312", "trial_id": 30, "param_name": "degree", "param_value_internal": 0, "distribution": "{\"name\": \"CategoricalDistribution\", \"attributes\": {\"choices\": [3]}}"}
{"op_code": 8, "worker_id": "c95a28b2-bc50-488d-8e36-77f3c9b0a91c-139635337365312", "trial_id": 30, "user_attr": {"best_epoch": 5}}
{"op_code": 8, "worker_id": "c95a28b2-bc50-488d-8e36-77f3c9b0a91c-139635337365312", "trial_id": 30, "user_attr": {"test_loss": 0.4496146921660309}}
{"op_code": 6, "worker_id": "c95a28b2-bc50-488d-8e36-77f3c9b0a91c-139635337365312", "trial_id": 30, "state": 1, "values": [0.45054927267563133], "datetime_complete": "2024-08-29T15:55:31.998750"}
{"op_code": 4, "worker_id": "c95a28b2-bc50-488d-8e36-77f3c9b0a91c-139635337365312", "study_id": 0, "datetime_start": "2024-08-29T15:55:32.009273"}
{"op_code": 5, "worker_id": "c95a28b2-bc50-488d-8e36-77f3c9b0a91c-139635337365312", "trial_id": 31, "param_name": "lr", "param_value_internal": 0.00011105539068644276, "distribution": "{\"name\": \"FloatDistribution\", \"attributes\": {\"step\": null, \"low\": 1e-05, \"high\": 0.001, \"log\": true}}"}
{"op_code": 5, "worker_id": "c95a28b2-bc50-488d-8e36-77f3c9b0a91c-139635337365312", "trial_id": 31, "param_name": "l2reg", "param_value_internal": 9.997778181293296e-07, "distribution": "{\"name\": \"FloatDistribution\", \"attributes\": {\"step\": null, \"low\": 1e-08, \"high\": 0.001, \"log\": true}}"}
{"op_code": 5, "worker_id": "c95a28b2-bc50-488d-8e36-77f3c9b0a91c-139635337365312", "trial_id": 31, "param_name": "random_seed", "param_value_internal": 0, "distribution": "{\"name\": \"CategoricalDistribution\", \"attributes\": {\"choices\": [42]}}"}
{"op_code": 5, "worker_id": "c95a28b2-bc50-488d-8e36-77f3c9b0a91c-139635337365312", "trial_id": 31, "param_name": "degree", "param_value_internal": 0, "distribution": "{\"name\": \"CategoricalDistribution\", \"attributes\": {\"choices\": [3]}}"}
{"op_code": 8, "worker_id": "c95a28b2-bc50-488d-8e36-77f3c9b0a91c-139635337365312", "trial_id": 31, "user_attr": {"best_epoch": 1}}
{"op_code": 8, "worker_id": "c95a28b2-bc50-488d-8e36-77f3c9b0a91c-139635337365312", "trial_id": 31, "user_attr": {"test_loss": 0.4484089874875165}}
{"op_code": 6, "worker_id": "c95a28b2-bc50-488d-8e36-77f3c9b0a91c-139635337365312", "trial_id": 31, "state": 1, "values": [0.44938838632636297], "datetime_complete": "2024-08-29T16:13:48.006046"}
{"op_code": 4, "worker_id": "c95a28b2-bc50-488d-8e36-77f3c9b0a91c-139635337365312", "study_id": 0, "datetime_start": "2024-08-29T16:13:48.019702"}
{"op_code": 5, "worker_id": "c95a28b2-bc50-488d-8e36-77f3c9b0a91c-139635337365312", "trial_id": 32, "param_name": "lr", "param_value_internal": 0.00020353990263366747, "distribution": "{\"name\": \"FloatDistribution\", \"attributes\": {\"step\": null, \"low\": 1e-05, \"high\": 0.001, \"log\": true}}"}
{"op_code": 5, "worker_id": "c95a28b2-bc50-488d-8e36-77f3c9b0a91c-139635337365312", "trial_id": 32, "param_name": "l2reg", "param_value_internal": 3.2935912885698175e-06, "distribution": "{\"name\": \"FloatDistribution\", \"attributes\": {\"step\": null, \"low\": 1e-08, \"high\": 0.001, \"log\": true}}"}
{"op_code": 5, "worker_id": "c95a28b2-bc50-488d-8e36-77f3c9b0a91c-139635337365312", "trial_id": 32, "param_name": "random_seed", "param_value_internal": 0, "distribution": "{\"name\": \"CategoricalDistribution\", \"attributes\": {\"choices\": [42]}}"}
{"op_code": 5, "worker_id": "c95a28b2-bc50-488d-8e36-77f3c9b0a91c-139635337365312", "trial_id": 32, "param_name": "degree", "param_value_internal": 0, "distribution": "{\"name\": \"CategoricalDistribution\", \"attributes\": {\"choices\": [3]}}"}
{"op_code": 8, "worker_id": "c95a28b2-bc50-488d-8e36-77f3c9b0a91c-139635337365312", "trial_id": 32, "user_attr": {"best_epoch": 0}}
{"op_code": 8, "worker_id": "c95a28b2-bc50-488d-8e36-77f3c9b0a91c-139635337365312", "trial_id": 32, "user_attr": {"test_loss": 0.4492509154544594}}
{"op_code": 6, "worker_id": "c95a28b2-bc50-488d-8e36-77f3c9b0a91c-139635337365312", "trial_id": 32, "state": 1, "values": [0.45031399553496443], "datetime_complete": "2024-08-29T16:28:54.152198"}
{"op_code": 4, "worker_id": "c95a28b2-bc50-488d-8e36-77f3c9b0a91c-139635337365312", "study_id": 0, "datetime_start": "2024-08-29T16:28:54.175659"}
{"op_code": 5, "worker_id": "c95a28b2-bc50-488d-8e36-77f3c9b0a91c-139635337365312", "trial_id": 33, "param_name": "lr", "param_value_internal": 5.942335331144412e-05, "distribution": "{\"name\": \"FloatDistribution\", \"attributes\": {\"step\": null, \"low\": 1e-05, \"high\": 0.001, \"log\": true}}"}
{"op_code": 5, "worker_id": "c95a28b2-bc50-488d-8e36-77f3c9b0a91c-139635337365312", "trial_id": 33, "param_name": "l2reg", "param_value_internal": 1.4154043047304564e-06, "distribution": "{\"name\": \"FloatDistribution\", \"attributes\": {\"step\": null, \"low\": 1e-08, \"high\": 0.001, \"log\": true}}"}
{"op_code": 5, "worker_id": "c95a28b2-bc50-488d-8e36-77f3c9b0a91c-139635337365312", "trial_id": 33, "param_name": "random_seed", "param_value_internal": 0, "distribution": "{\"name\": \"CategoricalDistribution\", \"attributes\": {\"choices\": [42]}}"}
{"op_code": 5, "worker_id": "c95a28b2-bc50-488d-8e36-77f3c9b0a91c-139635337365312", "trial_id": 33, "param_name": "degree", "param_value_internal": 0, "distribution": "{\"name\": \"CategoricalDistribution\", \"attributes\": {\"choices\": [3]}}"}
{"op_code": 8, "worker_id": "c95a28b2-bc50-488d-8e36-77f3c9b0a91c-139635337365312", "trial_id": 33, "user_attr": {"best_epoch": 2}}
{"op_code": 8, "worker_id": "c95a28b2-bc50-488d-8e36-77f3c9b0a91c-139635337365312", "trial_id": 33, "user_attr": {"test_loss": 0.44971093322908806}}
{"op_code": 6, "worker_id": "c95a28b2-bc50-488d-8e36-77f3c9b0a91c-139635337365312", "trial_id": 33, "state": 1, "values": [0.4504542150607911], "datetime_complete": "2024-08-29T16:50:20.249362"}
{"op_code": 4, "worker_id": "c95a28b2-bc50-488d-8e36-77f3c9b0a91c-139635337365312", "study_id": 0, "datetime_start": "2024-08-29T16:50:20.258012"}
{"op_code": 5, "worker_id": "c95a28b2-bc50-488d-8e36-77f3c9b0a91c-139635337365312", "trial_id": 34, "param_name": "lr", "param_value_internal": 9.129234333923502e-05, "distribution": "{\"name\": \"FloatDistribution\", \"attributes\": {\"step\": null, \"low\": 1e-05, \"high\": 0.001, \"log\": true}}"}
{"op_code": 5, "worker_id": "c95a28b2-bc50-488d-8e36-77f3c9b0a91c-139635337365312", "trial_id": 34, "param_name": "l2reg", "param_value_internal": 6.411693108165107e-06, "distribution": "{\"name\": \"FloatDistribution\", \"attributes\": {\"step\": null, \"low\": 1e-08, \"high\": 0.001, \"log\": true}}"}
{"op_code": 5, "worker_id": "c95a28b2-bc50-488d-8e36-77f3c9b0a91c-139635337365312", "trial_id": 34, "param_name": "random_seed", "param_value_internal": 0, "distribution": "{\"name\": \"CategoricalDistribution\", \"attributes\": {\"choices\": [42]}}"}
{"op_code": 5, "worker_id": "c95a28b2-bc50-488d-8e36-77f3c9b0a91c-139635337365312", "trial_id": 34, "param_name": "degree", "param_value_internal": 0, "distribution": "{\"name\": \"CategoricalDistribution\", \"attributes\": {\"choices\": [3]}}"}
{"op_code": 8, "worker_id": "c95a28b2-bc50-488d-8e36-77f3c9b0a91c-139635337365312", "trial_id": 34, "user_attr": {"best_epoch": 1}}
{"op_code": 8, "worker_id": "c95a28b2-bc50-488d-8e36-77f3c9b0a91c-139635337365312", "trial_id": 34, "user_attr": {"test_loss": 0.4485863520170539}}
{"op_code": 6, "worker_id": "c95a28b2-bc50-488d-8e36-77f3c9b0a91c-139635337365312", "trial_id": 34, "state": 1, "values": [0.4495277659857131], "datetime_complete": "2024-08-29T17:08:35.304549"}
{"op_code": 4, "worker_id": "c95a28b2-bc50-488d-8e36-77f3c9b0a91c-139635337365312", "study_id": 0, "datetime_start": "2024-08-29T17:08:35.313352"}
{"op_code": 5, "worker_id": "c95a28b2-bc50-488d-8e36-77f3c9b0a91c-139635337365312", "trial_id": 35, "param_name": "lr", "param_value_internal": 0.00020976163738430106, "distribution": "{\"name\": \"FloatDistribution\", \"attributes\": {\"step\": null, \"low\": 1e-05, \"high\": 0.001, \"log\": true}}"}
{"op_code": 5, "worker_id": "c95a28b2-bc50-488d-8e36-77f3c9b0a91c-139635337365312", "trial_id": 35, "param_name": "l2reg", "param_value_internal": 2.420592576998456e-05, "distribution": "{\"name\": \"FloatDistribution\", \"attributes\": {\"step\": null, \"low\": 1e-08, \"high\": 0.001, \"log\": true}}"}
{"op_code": 5, "worker_id": "c95a28b2-bc50-488d-8e36-77f3c9b0a91c-139635337365312", "trial_id": 35, "param_name": "random_seed", "param_value_internal": 0, "distribution": "{\"name\": \"CategoricalDistribution\", \"attributes\": {\"choices\": [42]}}"}
{"op_code": 5, "worker_id": "c95a28b2-bc50-488d-8e36-77f3c9b0a91c-139635337365312", "trial_id": 35, "param_name": "degree", "param_value_internal": 0, "distribution": "{\"name\": \"CategoricalDistribution\", \"attributes\": {\"choices\": [3]}}"}
{"op_code": 8, "worker_id": "c95a28b2-bc50-488d-8e36-77f3c9b0a91c-139635337365312", "trial_id": 35, "user_attr": {"best_epoch": 0}}
{"op_code": 8, "worker_id": "c95a28b2-bc50-488d-8e36-77f3c9b0a91c-139635337365312", "trial_id": 35, "user_attr": {"test_loss": 0.44921590829268887}}
{"op_code": 6, "worker_id": "c95a28b2-bc50-488d-8e36-77f3c9b0a91c-139635337365312", "trial_id": 35, "state": 1, "values": [0.4502784157369599], "datetime_complete": "2024-08-29T17:23:40.224757"}
{"op_code": 4, "worker_id": "c95a28b2-bc50-488d-8e36-77f3c9b0a91c-139635337365312", "study_id": 0, "datetime_start": "2024-08-29T17:23:40.233633"}
{"op_code": 5, "worker_id": "c95a28b2-bc50-488d-8e36-77f3c9b0a91c-139635337365312", "trial_id": 36, "param_name": "lr", "param_value_internal": 7.080463507364311e-05, "distribution": "{\"name\": \"FloatDistribution\", \"attributes\": {\"step\": null, \"low\": 1e-05, \"high\": 0.001, \"log\": true}}"}
{"op_code": 5, "worker_id": "c95a28b2-bc50-488d-8e36-77f3c9b0a91c-139635337365312", "trial_id": 36, "param_name": "l2reg", "param_value_internal": 1.24760529488697e-06, "distribution": "{\"name\": \"FloatDistribution\", \"attributes\": {\"step\": null, \"low\": 1e-08, \"high\": 0.001, \"log\": true}}"}
{"op_code": 5, "worker_id": "c95a28b2-bc50-488d-8e36-77f3c9b0a91c-139635337365312", "trial_id": 36, "param_name": "random_seed", "param_value_internal": 0, "distribution": "{\"name\": \"CategoricalDistribution\", \"attributes\": {\"choices\": [42]}}"}
{"op_code": 5, "worker_id": "c95a28b2-bc50-488d-8e36-77f3c9b0a91c-139635337365312", "trial_id": 36, "param_name": "degree", "param_value_internal": 0, "distribution": "{\"name\": \"CategoricalDistribution\", \"attributes\": {\"choices\": [3]}}"}
{"op_code": 8, "worker_id": "c95a28b2-bc50-488d-8e36-77f3c9b0a91c-139635337365312", "trial_id": 36, "user_attr": {"best_epoch": 2}}
{"op_code": 8, "worker_id": "c95a28b2-bc50-488d-8e36-77f3c9b0a91c-139635337365312", "trial_id": 36, "user_attr": {"test_loss": 0.4495678505220915}}
{"op_code": 6, "worker_id": "c95a28b2-bc50-488d-8e36-77f3c9b0a91c-139635337365312", "trial_id": 36, "state": 1, "values": [0.45033693916007245], "datetime_complete": "2024-08-29T17:45:08.403687"}
{"op_code": 4, "worker_id": "c95a28b2-bc50-488d-8e36-77f3c9b0a91c-139635337365312", "study_id": 0, "datetime_start": "2024-08-29T17:45:08.417342"}
{"op_code": 5, "worker_id": "c95a28b2-bc50-488d-8e36-77f3c9b0a91c-139635337365312", "trial_id": 37, "param_name": "lr", "param_value_internal": 4.754362664735244e-05, "distribution": "{\"name\": \"FloatDistribution\", \"attributes\": {\"step\": null, \"low\": 1e-05, \"high\": 0.001, \"log\": true}}"}
{"op_code": 5, "worker_id": "c95a28b2-bc50-488d-8e36-77f3c9b0a91c-139635337365312", "trial_id": 37, "param_name": "l2reg", "param_value_internal": 2.7272802872058657e-07, "distribution": "{\"name\": \"FloatDistribution\", \"attributes\": {\"step\": null, \"low\": 1e-08, \"high\": 0.001, \"log\": true}}"}
{"op_code": 5, "worker_id": "c95a28b2-bc50-488d-8e36-77f3c9b0a91c-139635337365312", "trial_id": 37, "param_name": "random_seed", "param_value_internal": 0, "distribution": "{\"name\": \"CategoricalDistribution\", \"attributes\": {\"choices\": [42]}}"}
{"op_code": 5, "worker_id": "c95a28b2-bc50-488d-8e36-77f3c9b0a91c-139635337365312", "trial_id": 37, "param_name": "degree", "param_value_internal": 0, "distribution": "{\"name\": \"CategoricalDistribution\", \"attributes\": {\"choices\": [3]}}"}
{"op_code": 8, "worker_id": "c95a28b2-bc50-488d-8e36-77f3c9b0a91c-139635337365312", "trial_id": 37, "user_attr": {"best_epoch": 3}}
{"op_code": 8, "worker_id": "c95a28b2-bc50-488d-8e36-77f3c9b0a91c-139635337365312", "trial_id": 37, "user_attr": {"test_loss": 0.44897253789324837}}
{"op_code": 6, "worker_id": "c95a28b2-bc50-488d-8e36-77f3c9b0a91c-139635337365312", "trial_id": 37, "state": 1, "values": [0.450031342289873], "datetime_complete": "2024-08-29T18:09:43.291721"}
{"op_code": 4, "worker_id": "c95a28b2-bc50-488d-8e36-77f3c9b0a91c-139635337365312", "study_id": 0, "datetime_start": "2024-08-29T18:09:43.301296"}
{"op_code": 5, "worker_id": "c95a28b2-bc50-488d-8e36-77f3c9b0a91c-139635337365312", "trial_id": 38, "param_name": "lr", "param_value_internal": 0.0003797544303058969, "distribution": "{\"name\": \"FloatDistribution\", \"attributes\": {\"step\": null, \"low\": 1e-05, \"high\": 0.001, \"log\": true}}"}
{"op_code": 5, "worker_id": "c95a28b2-bc50-488d-8e36-77f3c9b0a91c-139635337365312", "trial_id": 38, "param_name": "l2reg", "param_value_internal": 9.889935101493481e-05, "distribution": "{\"name\": \"FloatDistribution\", \"attributes\": {\"step\": null, \"low\": 1e-08, \"high\": 0.001, \"log\": true}}"}
{"op_code": 5, "worker_id": "c95a28b2-bc50-488d-8e36-77f3c9b0a91c-139635337365312", "trial_id": 38, "param_name": "random_seed", "param_value_internal": 0, "distribution": "{\"name\": \"CategoricalDistribution\", \"attributes\": {\"choices\": [42]}}"}
{"op_code": 5, "worker_id": "c95a28b2-bc50-488d-8e36-77f3c9b0a91c-139635337365312", "trial_id": 38, "param_name": "degree", "param_value_internal": 0, "distribution": "{\"name\": \"CategoricalDistribution\", \"attributes\": {\"choices\": [3]}}"}
{"op_code": 8, "worker_id": "c95a28b2-bc50-488d-8e36-77f3c9b0a91c-139635337365312", "trial_id": 38, "user_attr": {"best_epoch": 0}}
{"op_code": 8, "worker_id": "c95a28b2-bc50-488d-8e36-77f3c9b0a91c-139635337365312", "trial_id": 38, "user_attr": {"test_loss": 0.44959316104363334}}
{"op_code": 6, "worker_id": "c95a28b2-bc50-488d-8e36-77f3c9b0a91c-139635337365312", "trial_id": 38, "state": 1, "values": [0.450500178662505], "datetime_complete": "2024-08-29T18:24:48.747620"}
{"op_code": 4, "worker_id": "c95a28b2-bc50-488d-8e36-77f3c9b0a91c-139635337365312", "study_id": 0, "datetime_start": "2024-08-29T18:24:48.756176"}
{"op_code": 5, "worker_id": "c95a28b2-bc50-488d-8e36-77f3c9b0a91c-139635337365312", "trial_id": 39, "param_name": "lr", "param_value_internal": 1.6845028223154437e-05, "distribution": "{\"name\": \"FloatDistribution\", \"attributes\": {\"step\": null, \"low\": 1e-05, \"high\": 0.001, \"log\": true}}"}
{"op_code": 5, "worker_id": "c95a28b2-bc50-488d-8e36-77f3c9b0a91c-139635337365312", "trial_id": 39, "param_name": "l2reg", "param_value_internal": 1.1059091785792358e-05, "distribution": "{\"name\": \"FloatDistribution\", \"attributes\": {\"step\": null, \"low\": 1e-08, \"high\": 0.001, \"log\": true}}"}
{"op_code": 5, "worker_id": "c95a28b2-bc50-488d-8e36-77f3c9b0a91c-139635337365312", "trial_id": 39, "param_name": "random_seed", "param_value_internal": 0, "distribution": "{\"name\": \"CategoricalDistribution\", \"attributes\": {\"choices\": [42]}}"}
{"op_code": 5, "worker_id": "c95a28b2-bc50-488d-8e36-77f3c9b0a91c-139635337365312", "trial_id": 39, "param_name": "degree", "param_value_internal": 0, "distribution": "{\"name\": \"CategoricalDistribution\", \"attributes\": {\"choices\": [3]}}"}
{"op_code": 8, "worker_id": "c95a28b2-bc50-488d-8e36-77f3c9b0a91c-139635337365312", "trial_id": 39, "user_attr": {"best_epoch": 9}}
{"op_code": 8, "worker_id": "c95a28b2-bc50-488d-8e36-77f3c9b0a91c-139635337365312", "trial_id": 39, "user_attr": {"test_loss": 0.4501073120302474}}
{"op_code": 6, "worker_id": "c95a28b2-bc50-488d-8e36-77f3c9b0a91c-139635337365312", "trial_id": 39, "state": 1, "values": [0.45112912412615713], "datetime_complete": "2024-08-29T18:58:55.701166"}
{"op_code": 4, "worker_id": "c95a28b2-bc50-488d-8e36-77f3c9b0a91c-139635337365312", "study_id": 0, "datetime_start": "2024-08-29T18:58:55.709696"}
{"op_code": 5, "worker_id": "c95a28b2-bc50-488d-8e36-77f3c9b0a91c-139635337365312", "trial_id": 40, "param_name": "lr", "param_value_internal": 0.00010664877567738914, "distribution": "{\"name\": \"FloatDistribution\", \"attributes\": {\"step\": null, \"low\": 1e-05, \"high\": 0.001, \"log\": true}}"}
{"op_code": 5, "worker_id": "c95a28b2-bc50-488d-8e36-77f3c9b0a91c-139635337365312", "trial_id": 40, "param_name": "l2reg", "param_value_internal": 2.9508689024340567e-08, "distribution": "{\"name\": \"FloatDistribution\", \"attributes\": {\"step\": null, \"low\": 1e-08, \"high\": 0.001, \"log\": true}}"}
{"op_code": 5, "worker_id": "c95a28b2-bc50-488d-8e36-77f3c9b0a91c-139635337365312", "trial_id": 40, "param_name": "random_seed", "param_value_internal": 0, "distribution": "{\"name\": \"CategoricalDistribution\", \"attributes\": {\"choices\": [42]}}"}
{"op_code": 5, "worker_id": "c95a28b2-bc50-488d-8e36-77f3c9b0a91c-139635337365312", "trial_id": 40, "param_name": "degree", "param_value_internal": 0, "distribution": "{\"name\": \"CategoricalDistribution\", \"attributes\": {\"choices\": [3]}}"}
{"op_code": 8, "worker_id": "c95a28b2-bc50-488d-8e36-77f3c9b0a91c-139635337365312", "trial_id": 40, "user_attr": {"best_epoch": 1}}
{"op_code": 8, "worker_id": "c95a28b2-bc50-488d-8e36-77f3c9b0a91c-139635337365312", "trial_id": 40, "user_attr": {"test_loss": 0.4484012759862323}}
{"op_code": 6, "worker_id": "c95a28b2-bc50-488d-8e36-77f3c9b0a91c-139635337365312", "trial_id": 40, "state": 1, "values": [0.4493734596085306], "datetime_complete": "2024-08-29T19:17:12.697390"}
{"op_code": 4, "worker_id": "c95a28b2-bc50-488d-8e36-77f3c9b0a91c-139635337365312", "study_id": 0, "datetime_start": "2024-08-29T19:17:12.712484"}
{"op_code": 5, "worker_id": "c95a28b2-bc50-488d-8e36-77f3c9b0a91c-139635337365312", "trial_id": 41, "param_name": "lr", "param_value_internal": 0.00011183722015127176, "distribution": "{\"name\": \"FloatDistribution\", \"attributes\": {\"step\": null, \"low\": 1e-05, \"high\": 0.001, \"log\": true}}"}
{"op_code": 5, "worker_id": "c95a28b2-bc50-488d-8e36-77f3c9b0a91c-139635337365312", "trial_id": 41, "param_name": "l2reg", "param_value_internal": 3.085490716280516e-08, "distribution": "{\"name\": \"FloatDistribution\", \"attributes\": {\"step\": null, \"low\": 1e-08, \"high\": 0.001, \"log\": true}}"}
{"op_code": 5, "worker_id": "c95a28b2-bc50-488d-8e36-77f3c9b0a91c-139635337365312", "trial_id": 41, "param_name": "random_seed", "param_value_internal": 0, "distribution": "{\"name\": \"CategoricalDistribution\", \"attributes\": {\"choices\": [42]}}"}
{"op_code": 5, "worker_id": "c95a28b2-bc50-488d-8e36-77f3c9b0a91c-139635337365312", "trial_id": 41, "param_name": "degree", "param_value_internal": 0, "distribution": "{\"name\": \"CategoricalDistribution\", \"attributes\": {\"choices\": [3]}}"}
{"op_code": 8, "worker_id": "c95a28b2-bc50-488d-8e36-77f3c9b0a91c-139635337365312", "trial_id": 41, "user_attr": {"best_epoch": 1}}
{"op_code": 8, "worker_id": "c95a28b2-bc50-488d-8e36-77f3c9b0a91c-139635337365312", "trial_id": 41, "user_attr": {"test_loss": 0.44841261418366507}}
{"op_code": 6, "worker_id": "c95a28b2-bc50-488d-8e36-77f3c9b0a91c-139635337365312", "trial_id": 41, "state": 1, "values": [0.44939270018599226], "datetime_complete": "2024-08-29T19:35:28.835094"}
{"op_code": 4, "worker_id": "c95a28b2-bc50-488d-8e36-77f3c9b0a91c-139635337365312", "study_id": 0, "datetime_start": "2024-08-29T19:35:28.843843"}
{"op_code": 5, "worker_id": "c95a28b2-bc50-488d-8e36-77f3c9b0a91c-139635337365312", "trial_id": 42, "param_name": "lr", "param_value_internal": 0.0001297318074105663, "distribution": "{\"name\": \"FloatDistribution\", \"attributes\": {\"step\": null, \"low\": 1e-05, \"high\": 0.001, \"log\": true}}"}
{"op_code": 5, "worker_id": "c95a28b2-bc50-488d-8e36-77f3c9b0a91c-139635337365312", "trial_id": 42, "param_name": "l2reg", "param_value_internal": 2.7114357566982972e-08, "distribution": "{\"name\": \"FloatDistribution\", \"attributes\": {\"step\": null, \"low\": 1e-08, \"high\": 0.001, \"log\": true}}"}
{"op_code": 5, "worker_id": "c95a28b2-bc50-488d-8e36-77f3c9b0a91c-139635337365312", "trial_id": 42, "param_name": "random_seed", "param_value_internal": 0, "distribution": "{\"name\": \"CategoricalDistribution\", \"attributes\": {\"choices\": [42]}}"}
{"op_code": 5, "worker_id": "c95a28b2-bc50-488d-8e36-77f3c9b0a91c-139635337365312", "trial_id": 42, "param_name": "degree", "param_value_internal": 0, "distribution": "{\"name\": \"CategoricalDistribution\", \"attributes\": {\"choices\": [3]}}"}
{"op_code": 8, "worker_id": "c95a28b2-bc50-488d-8e36-77f3c9b0a91c-139635337365312", "trial_id": 42, "user_attr": {"best_epoch": 1}}
{"op_code": 8, "worker_id": "c95a28b2-bc50-488d-8e36-77f3c9b0a91c-139635337365312", "trial_id": 42, "user_attr": {"test_loss": 0.4486509835599955}}
{"op_code": 6, "worker_id": "c95a28b2-bc50-488d-8e36-77f3c9b0a91c-139635337365312", "trial_id": 42, "state": 1, "values": [0.4496589760347918], "datetime_complete": "2024-08-29T19:53:45.921067"}
{"op_code": 4, "worker_id": "c95a28b2-bc50-488d-8e36-77f3c9b0a91c-139635337365312", "study_id": 0, "datetime_start": "2024-08-29T19:53:45.929300"}
{"op_code": 5, "worker_id": "c95a28b2-bc50-488d-8e36-77f3c9b0a91c-139635337365312", "trial_id": 43, "param_name": "lr", "param_value_internal": 0.00019532595325626035, "distribution": "{\"name\": \"FloatDistribution\", \"attributes\": {\"step\": null, \"low\": 1e-05, \"high\": 0.001, \"log\": true}}"}
{"op_code": 5, "worker_id": "c95a28b2-bc50-488d-8e36-77f3c9b0a91c-139635337365312", "trial_id": 43, "param_name": "l2reg", "param_value_internal": 3.903338717360762e-08, "distribution": "{\"name\": \"FloatDistribution\", \"attributes\": {\"step\": null, \"low\": 1e-08, \"high\": 0.001, \"log\": true}}"}
{"op_code": 5, "worker_id": "c95a28b2-bc50-488d-8e36-77f3c9b0a91c-139635337365312", "trial_id": 43, "param_name": "random_seed", "param_value_internal": 0, "distribution": "{\"name\": \"CategoricalDistribution\", \"attributes\": {\"choices\": [42]}}"}
{"op_code": 5, "worker_id": "c95a28b2-bc50-488d-8e36-77f3c9b0a91c-139635337365312", "trial_id": 43, "param_name": "degree", "param_value_internal": 0, "distribution": "{\"name\": \"CategoricalDistribution\", \"attributes\": {\"choices\": [3]}}"}
{"op_code": 8, "worker_id": "c95a28b2-bc50-488d-8e36-77f3c9b0a91c-139635337365312", "trial_id": 43, "user_attr": {"best_epoch": 0}}
{"op_code": 8, "worker_id": "c95a28b2-bc50-488d-8e36-77f3c9b0a91c-139635337365312", "trial_id": 43, "user_attr": {"test_loss": 0.4493111567862738}}
{"op_code": 6, "worker_id": "c95a28b2-bc50-488d-8e36-77f3c9b0a91c-139635337365312", "trial_id": 43, "state": 1, "values": [0.4503736260547959], "datetime_complete": "2024-08-29T20:08:46.909867"}
{"op_code": 4, "worker_id": "c95a28b2-bc50-488d-8e36-77f3c9b0a91c-139635337365312", "study_id": 0, "datetime_start": "2024-08-29T20:08:46.918468"}
{"op_code": 5, "worker_id": "c95a28b2-bc50-488d-8e36-77f3c9b0a91c-139635337365312", "trial_id": 44, "param_name": "lr", "param_value_internal": 7.450744435901373e-05, "distribution": "{\"name\": \"FloatDistribution\", \"attributes\": {\"step\": null, \"low\": 1e-05, \"high\": 0.001, \"log\": true}}"}
{"op_code": 5, "worker_id": "c95a28b2-bc50-488d-8e36-77f3c9b0a91c-139635337365312", "trial_id": 44, "param_name": "l2reg", "param_value_internal": 8.606882522869977e-08, "distribution": "{\"name\": \"FloatDistribution\", \"attributes\": {\"step\": null, \"low\": 1e-08, \"high\": 0.001, \"log\": true}}"}
{"op_code": 5, "worker_id": "c95a28b2-bc50-488d-8e36-77f3c9b0a91c-139635337365312", "trial_id": 44, "param_name": "random_seed", "param_value_internal": 0, "distribution": "{\"name\": \"CategoricalDistribution\", \"attributes\": {\"choices\": [42]}}"}
{"op_code": 5, "worker_id": "c95a28b2-bc50-488d-8e36-77f3c9b0a91c-139635337365312", "trial_id": 44, "param_name": "degree", "param_value_internal": 0, "distribution": "{\"name\": \"CategoricalDistribution\", \"attributes\": {\"choices\": [3]}}"}
{"op_code": 8, "worker_id": "c95a28b2-bc50-488d-8e36-77f3c9b0a91c-139635337365312", "trial_id": 44, "user_attr": {"best_epoch": 1}}
{"op_code": 8, "worker_id": "c95a28b2-bc50-488d-8e36-77f3c9b0a91c-139635337365312", "trial_id": 44, "user_attr": {"test_loss": 0.44929821520738594}}
{"op_code": 6, "worker_id": "c95a28b2-bc50-488d-8e36-77f3c9b0a91c-139635337365312", "trial_id": 44, "state": 1, "values": [0.45019198584137826], "datetime_complete": "2024-08-29T20:27:00.482459"}
{"op_code": 4, "worker_id": "c95a28b2-bc50-488d-8e36-77f3c9b0a91c-139635337365312", "study_id": 0, "datetime_start": "2024-08-29T20:27:00.491018"}
{"op_code": 5, "worker_id": "c95a28b2-bc50-488d-8e36-77f3c9b0a91c-139635337365312", "trial_id": 45, "param_name": "lr", "param_value_internal": 0.00011232031280980454, "distribution": "{\"name\": \"FloatDistribution\", \"attributes\": {\"step\": null, \"low\": 1e-05, \"high\": 0.001, \"log\": true}}"}
{"op_code": 5, "worker_id": "c95a28b2-bc50-488d-8e36-77f3c9b0a91c-139635337365312", "trial_id": 45, "param_name": "l2reg", "param_value_internal": 4.362785243815935e-08, "distribution": "{\"name\": \"FloatDistribution\", \"attributes\": {\"step\": null, \"low\": 1e-08, \"high\": 0.001, \"log\": true}}"}
{"op_code": 5, "worker_id": "c95a28b2-bc50-488d-8e36-77f3c9b0a91c-139635337365312", "trial_id": 45, "param_name": "random_seed", "param_value_internal": 0, "distribution": "{\"name\": \"CategoricalDistribution\", \"attributes\": {\"choices\": [42]}}"}
{"op_code": 5, "worker_id": "c95a28b2-bc50-488d-8e36-77f3c9b0a91c-139635337365312", "trial_id": 45, "param_name": "degree", "param_value_internal": 0, "distribution": "{\"name\": \"CategoricalDistribution\", \"attributes\": {\"choices\": [3]}}"}
{"op_code": 8, "worker_id": "c95a28b2-bc50-488d-8e36-77f3c9b0a91c-139635337365312", "trial_id": 45, "user_attr": {"best_epoch": 1}}
{"op_code": 8, "worker_id": "c95a28b2-bc50-488d-8e36-77f3c9b0a91c-139635337365312", "trial_id": 45, "user_attr": {"test_loss": 0.4484149429043499}}
{"op_code": 6, "worker_id": "c95a28b2-bc50-488d-8e36-77f3c9b0a91c-139635337365312", "trial_id": 45, "state": 1, "values": [0.4493962505306429], "datetime_complete": "2024-08-29T20:45:14.162987"}
{"op_code": 4, "worker_id": "c95a28b2-bc50-488d-8e36-77f3c9b0a91c-139635337365312", "study_id": 0, "datetime_start": "2024-08-29T20:45:14.173332"}
{"op_code": 5, "worker_id": "c95a28b2-bc50-488d-8e36-77f3c9b0a91c-139635337365312", "trial_id": 46, "param_name": "lr", "param_value_internal": 0.00017050994703073378, "distribution": "{\"name\": \"FloatDistribution\", \"attributes\": {\"step\": null, \"low\": 1e-05, \"high\": 0.001, \"log\": true}}"}
{"op_code": 5, "worker_id": "c95a28b2-bc50-488d-8e36-77f3c9b0a91c-139635337365312", "trial_id": 46, "param_name": "l2reg", "param_value_internal": 4.2633957058097956e-08, "distribution": "{\"name\": \"FloatDistribution\", \"attributes\": {\"step\": null, \"low\": 1e-08, \"high\": 0.001, \"log\": true}}"}
{"op_code": 5, "worker_id": "c95a28b2-bc50-488d-8e36-77f3c9b0a91c-139635337365312", "trial_id": 46, "param_name": "random_seed", "param_value_internal": 0, "distribution": "{\"name\": \"CategoricalDistribution\", \"attributes\": {\"choices\": [42]}}"}
{"op_code": 5, "worker_id": "c95a28b2-bc50-488d-8e36-77f3c9b0a91c-139635337365312", "trial_id": 46, "param_name": "degree", "param_value_internal": 0, "distribution": "{\"name\": \"CategoricalDistribution\", \"attributes\": {\"choices\": [3]}}"}
{"op_code": 8, "worker_id": "c95a28b2-bc50-488d-8e36-77f3c9b0a91c-139635337365312", "trial_id": 46, "user_attr": {"best_epoch": 0}}
{"op_code": 8, "worker_id": "c95a28b2-bc50-488d-8e36-77f3c9b0a91c-139635337365312", "trial_id": 46, "user_attr": {"test_loss": 0.4496153793295117}}
{"op_code": 6, "worker_id": "c95a28b2-bc50-488d-8e36-77f3c9b0a91c-139635337365312", "trial_id": 46, "state": 1, "values": [0.45066735026707755], "datetime_complete": "2024-08-29T21:00:17.273181"}
{"op_code": 4, "worker_id": "c95a28b2-bc50-488d-8e36-77f3c9b0a91c-139635337365312", "study_id": 0, "datetime_start": "2024-08-29T21:00:17.285751"}
{"op_code": 5, "worker_id": "c95a28b2-bc50-488d-8e36-77f3c9b0a91c-139635337365312", "trial_id": 47, "param_name": "lr", "param_value_internal": 0.00011044727619999747, "distribution": "{\"name\": \"FloatDistribution\", \"attributes\": {\"step\": null, \"low\": 1e-05, \"high\": 0.001, \"log\": true}}"}
{"op_code": 5, "worker_id": "c95a28b2-bc50-488d-8e36-77f3c9b0a91c-139635337365312", "trial_id": 47, "param_name": "l2reg", "param_value_internal": 1.3125357167701294e-07, "distribution": "{\"name\": \"FloatDistribution\", \"attributes\": {\"step\": null, \"low\": 1e-08, \"high\": 0.001, \"log\": true}}"}
{"op_code": 5, "worker_id": "c95a28b2-bc50-488d-8e36-77f3c9b0a91c-139635337365312", "trial_id": 47, "param_name": "random_seed", "param_value_internal": 0, "distribution": "{\"name\": \"CategoricalDistribution\", \"attributes\": {\"choices\": [42]}}"}
{"op_code": 5, "worker_id": "c95a28b2-bc50-488d-8e36-77f3c9b0a91c-139635337365312", "trial_id": 47, "param_name": "degree", "param_value_internal": 0, "distribution": "{\"name\": \"CategoricalDistribution\", \"attributes\": {\"choices\": [3]}}"}
{"op_code": 8, "worker_id": "c95a28b2-bc50-488d-8e36-77f3c9b0a91c-139635337365312", "trial_id": 47, "user_attr": {"best_epoch": 1}}
{"op_code": 8, "worker_id": "c95a28b2-bc50-488d-8e36-77f3c9b0a91c-139635337365312", "trial_id": 47, "user_attr": {"test_loss": 0.44840677329407846}}
{"op_code": 6, "worker_id": "c95a28b2-bc50-488d-8e36-77f3c9b0a91c-139635337365312", "trial_id": 47, "state": 1, "values": [0.4493851795634527], "datetime_complete": "2024-08-29T21:18:28.996322"}
{"op_code": 4, "worker_id": "c95a28b2-bc50-488d-8e36-77f3c9b0a91c-139635337365312", "study_id": 0, "datetime_start": "2024-08-29T21:18:29.009793"}
{"op_code": 5, "worker_id": "c95a28b2-bc50-488d-8e36-77f3c9b0a91c-139635337365312", "trial_id": 48, "param_name": "lr", "param_value_internal": 0.00015133252223793595, "distribution": "{\"name\": \"FloatDistribution\", \"attributes\": {\"step\": null, \"low\": 1e-05, \"high\": 0.001, \"log\": true}}"}
{"op_code": 5, "worker_id": "c95a28b2-bc50-488d-8e36-77f3c9b0a91c-139635337365312", "trial_id": 48, "param_name": "l2reg", "param_value_internal": 1.491748729457108e-07, "distribution": "{\"name\": \"FloatDistribution\", \"attributes\": {\"step\": null, \"low\": 1e-08, \"high\": 0.001, \"log\": true}}"}
{"op_code": 5, "worker_id": "c95a28b2-bc50-488d-8e36-77f3c9b0a91c-139635337365312", "trial_id": 48, "param_name": "random_seed", "param_value_internal": 0, "distribution": "{\"name\": \"CategoricalDistribution\", \"attributes\": {\"choices\": [42]}}"}
{"op_code": 5, "worker_id": "c95a28b2-bc50-488d-8e36-77f3c9b0a91c-139635337365312", "trial_id": 48, "param_name": "degree", "param_value_internal": 0, "distribution": "{\"name\": \"CategoricalDistribution\", \"attributes\": {\"choices\": [3]}}"}
{"op_code": 8, "worker_id": "c95a28b2-bc50-488d-8e36-77f3c9b0a91c-139635337365312", "trial_id": 48, "user_attr": {"best_epoch": 1}}
{"op_code": 8, "worker_id": "c95a28b2-bc50-488d-8e36-77f3c9b0a91c-139635337365312", "trial_id": 48, "user_attr": {"test_loss": 0.4492166336319186}}
{"op_code": 6, "worker_id": "c95a28b2-bc50-488d-8e36-77f3c9b0a91c-139635337365312", "trial_id": 48, "state": 1, "values": [0.4502608930682002], "datetime_complete": "2024-08-29T21:36:41.960509"}
{"op_code": 4, "worker_id": "c95a28b2-bc50-488d-8e36-77f3c9b0a91c-139635337365312", "study_id": 0, "datetime_start": "2024-08-29T21:36:41.989704"}
{"op_code": 5, "worker_id": "c95a28b2-bc50-488d-8e36-77f3c9b0a91c-139635337365312", "trial_id": 49, "param_name": "lr", "param_value_internal": 0.0007139796923487946, "distribution": "{\"name\": \"FloatDistribution\", \"attributes\": {\"step\": null, \"low\": 1e-05, \"high\": 0.001, \"log\": true}}"}
{"op_code": 5, "worker_id": "c95a28b2-bc50-488d-8e36-77f3c9b0a91c-139635337365312", "trial_id": 49, "param_name": "l2reg", "param_value_internal": 2.7301684478786254e-08, "distribution": "{\"name\": \"FloatDistribution\", \"attributes\": {\"step\": null, \"low\": 1e-08, \"high\": 0.001, \"log\": true}}"}
{"op_code": 5, "worker_id": "c95a28b2-bc50-488d-8e36-77f3c9b0a91c-139635337365312", "trial_id": 49, "param_name": "random_seed", "param_value_internal": 0, "distribution": "{\"name\": \"CategoricalDistribution\", \"attributes\": {\"choices\": [42]}}"}
{"op_code": 5, "worker_id": "c95a28b2-bc50-488d-8e36-77f3c9b0a91c-139635337365312", "trial_id": 49, "param_name": "degree", "param_value_internal": 0, "distribution": "{\"name\": \"CategoricalDistribution\", \"attributes\": {\"choices\": [3]}}"}
{"op_code": 8, "worker_id": "c95a28b2-bc50-488d-8e36-77f3c9b0a91c-139635337365312", "trial_id": 49, "user_attr": {"best_epoch": 0}}
{"op_code": 8, "worker_id": "c95a28b2-bc50-488d-8e36-77f3c9b0a91c-139635337365312", "trial_id": 49, "user_attr": {"test_loss": 0.4505224732998812}}
{"op_code": 6, "worker_id": "c95a28b2-bc50-488d-8e36-77f3c9b0a91c-139635337365312", "trial_id": 49, "state": 1, "values": [0.45134630596183034], "datetime_complete": "2024-08-29T21:51:41.569253"}
