{"op_code": 0, "worker_id": "2f64de31-0a10-4abb-82ca-6eb9e1ef11c4-140452256319296", "study_name": "criteo_bins_32", "directions": [1]}
{"op_code": 4, "worker_id": "2f64de31-0a10-4abb-82ca-6eb9e1ef11c4-140452256319296", "study_id": 0, "datetime_start": "2024-08-27T13:03:43.976202"}
{"op_code": 5, "worker_id": "2f64de31-0a10-4abb-82ca-6eb9e1ef11c4-140452256319296", "trial_id": 0, "param_name": "lr", "param_value_internal": 5.6115164153345e-05, "distribution": "{\"name\": \"FloatDistribution\", \"attributes\": {\"step\": null, \"low\": 1e-05, \"high\": 0.001, \"log\": true}}"}
{"op_code": 5, "worker_id": "2f64de31-0a10-4abb-82ca-6eb9e1ef11c4-140452256319296", "trial_id": 0, "param_name": "l2reg", "param_value_internal": 0.0005669849511478851, "distribution": "{\"name\": \"FloatDistribution\", \"attributes\": {\"step\": null, \"low\": 1e-08, \"high\": 0.001, \"log\": true}}"}
{"op_code": 5, "worker_id": "2f64de31-0a10-4abb-82ca-6eb9e1ef11c4-140452256319296", "trial_id": 0, "param_name": "random_seed", "param_value_internal": 0, "distribution": "{\"name\": \"CategoricalDistribution\", \"attributes\": {\"choices\": [42]}}"}
{"op_code": 5, "worker_id": "2f64de31-0a10-4abb-82ca-6eb9e1ef11c4-140452256319296", "trial_id": 0, "param_name": "degree", "param_value_internal": 0, "distribution": "{\"name\": \"CategoricalDistribution\", \"attributes\": {\"choices\": [0]}}"}
{"op_code": 8, "worker_id": "2f64de31-0a10-4abb-82ca-6eb9e1ef11c4-140452256319296", "trial_id": 0, "user_attr": {"best_epoch": 4}}
{"op_code": 8, "worker_id": "2f64de31-0a10-4abb-82ca-6eb9e1ef11c4-140452256319296", "trial_id": 0, "user_attr": {"test_loss": 0.4529598039904347}}
{"op_code": 6, "worker_id": "2f64de31-0a10-4abb-82ca-6eb9e1ef11c4-140452256319296", "trial_id": 0, "state": 1, "values": [0.45331693812169205], "datetime_complete": "2024-08-27T13:15:46.434654"}
{"op_code": 4, "worker_id": "2f64de31-0a10-4abb-82ca-6eb9e1ef11c4-140452256319296", "study_id": 0, "datetime_start": "2024-08-27T13:15:46.443655"}
{"op_code": 5, "worker_id": "2f64de31-0a10-4abb-82ca-6eb9e1ef11c4-140452256319296", "trial_id": 1, "param_name": "lr", "param_value_internal": 0.000291063591313307, "distribution": "{\"name\": \"FloatDistribution\", \"attributes\": {\"step\": null, \"low\": 1e-05, \"high\": 0.001, \"log\": true}}"}
{"op_code": 5, "worker_id": "2f64de31-0a10-4abb-82ca-6eb9e1ef11c4-140452256319296", "trial_id": 1, "param_name": "l2reg", "param_value_internal": 9.846738873614555e-06, "distribution": "{\"name\": \"FloatDistribution\", \"attributes\": {\"step\": null, \"low\": 1e-08, \"high\": 0.001, \"log\": true}}"}
{"op_code": 5, "worker_id": "2f64de31-0a10-4abb-82ca-6eb9e1ef11c4-140452256319296", "trial_id": 1, "param_name": "random_seed", "param_value_internal": 0, "distribution": "{\"name\": \"CategoricalDistribution\", \"attributes\": {\"choices\": [42]}}"}
{"op_code": 5, "worker_id": "2f64de31-0a10-4abb-82ca-6eb9e1ef11c4-140452256319296", "trial_id": 1, "param_name": "degree", "param_value_internal": 0, "distribution": "{\"name\": \"CategoricalDistribution\", \"attributes\": {\"choices\": [0]}}"}
{"op_code": 8, "worker_id": "2f64de31-0a10-4abb-82ca-6eb9e1ef11c4-140452256319296", "trial_id": 1, "user_attr": {"best_epoch": 0}}
{"op_code": 8, "worker_id": "2f64de31-0a10-4abb-82ca-6eb9e1ef11c4-140452256319296", "trial_id": 1, "user_attr": {"test_loss": 0.45156986314757525}}
{"op_code": 6, "worker_id": "2f64de31-0a10-4abb-82ca-6eb9e1ef11c4-140452256319296", "trial_id": 1, "state": 1, "values": [0.4522448867401881], "datetime_complete": "2024-08-27T13:22:17.180139"}
{"op_code": 4, "worker_id": "2f64de31-0a10-4abb-82ca-6eb9e1ef11c4-140452256319296", "study_id": 0, "datetime_start": "2024-08-27T13:22:17.189048"}
{"op_code": 5, "worker_id": "2f64de31-0a10-4abb-82ca-6eb9e1ef11c4-140452256319296", "trial_id": 2, "param_name": "lr", "param_value_internal": 2.0513382630874486e-05, "distribution": "{\"name\": \"FloatDistribution\", \"attributes\": {\"step\": null, \"low\": 1e-05, \"high\": 0.001, \"log\": true}}"}
{"op_code": 5, "worker_id": "2f64de31-0a10-4abb-82ca-6eb9e1ef11c4-140452256319296", "trial_id": 2, "param_name": "l2reg", "param_value_internal": 6.02521573620385e-08, "distribution": "{\"name\": \"FloatDistribution\", \"attributes\": {\"step\": null, \"low\": 1e-08, \"high\": 0.001, \"log\": true}}"}
{"op_code": 5, "worker_id": "2f64de31-0a10-4abb-82ca-6eb9e1ef11c4-140452256319296", "trial_id": 2, "param_name": "random_seed", "param_value_internal": 0, "distribution": "{\"name\": \"CategoricalDistribution\", \"attributes\": {\"choices\": [42]}}"}
{"op_code": 5, "worker_id": "2f64de31-0a10-4abb-82ca-6eb9e1ef11c4-140452256319296", "trial_id": 2, "param_name": "degree", "param_value_internal": 0, "distribution": "{\"name\": \"CategoricalDistribution\", \"attributes\": {\"choices\": [0]}}"}
{"op_code": 8, "worker_id": "2f64de31-0a10-4abb-82ca-6eb9e1ef11c4-140452256319296", "trial_id": 2, "user_attr": {"best_epoch": 9}}
{"op_code": 8, "worker_id": "2f64de31-0a10-4abb-82ca-6eb9e1ef11c4-140452256319296", "trial_id": 2, "user_attr": {"test_loss": 0.4547646388726854}}
{"op_code": 6, "worker_id": "2f64de31-0a10-4abb-82ca-6eb9e1ef11c4-140452256319296", "trial_id": 2, "state": 1, "values": [0.4554539020196498], "datetime_complete": "2024-08-27T13:37:17.939592"}
{"op_code": 4, "worker_id": "2f64de31-0a10-4abb-82ca-6eb9e1ef11c4-140452256319296", "study_id": 0, "datetime_start": "2024-08-27T13:37:17.948501"}
{"op_code": 5, "worker_id": "2f64de31-0a10-4abb-82ca-6eb9e1ef11c4-140452256319296", "trial_id": 3, "param_name": "lr", "param_value_internal": 1.3066739238053272e-05, "distribution": "{\"name\": \"FloatDistribution\", \"attributes\": {\"step\": null, \"low\": 1e-05, \"high\": 0.001, \"log\": true}}"}
{"op_code": 5, "worker_id": "2f64de31-0a10-4abb-82ca-6eb9e1ef11c4-140452256319296", "trial_id": 3, "param_name": "l2reg", "param_value_internal": 0.00021423021757741048, "distribution": "{\"name\": \"FloatDistribution\", \"attributes\": {\"step\": null, \"low\": 1e-08, \"high\": 0.001, \"log\": true}}"}
{"op_code": 5, "worker_id": "2f64de31-0a10-4abb-82ca-6eb9e1ef11c4-140452256319296", "trial_id": 3, "param_name": "random_seed", "param_value_internal": 0, "distribution": "{\"name\": \"CategoricalDistribution\", \"attributes\": {\"choices\": [42]}}"}
{"op_code": 5, "worker_id": "2f64de31-0a10-4abb-82ca-6eb9e1ef11c4-140452256319296", "trial_id": 3, "param_name": "degree", "param_value_internal": 0, "distribution": "{\"name\": \"CategoricalDistribution\", \"attributes\": {\"choices\": [0]}}"}
{"op_code": 8, "worker_id": "2f64de31-0a10-4abb-82ca-6eb9e1ef11c4-140452256319296", "trial_id": 3, "user_attr": {"best_epoch": 9}}
{"op_code": 8, "worker_id": "2f64de31-0a10-4abb-82ca-6eb9e1ef11c4-140452256319296", "trial_id": 3, "user_attr": {"test_loss": 0.4560872376944291}}
{"op_code": 6, "worker_id": "2f64de31-0a10-4abb-82ca-6eb9e1ef11c4-140452256319296", "trial_id": 3, "state": 1, "values": [0.45694607751814875], "datetime_complete": "2024-08-27T13:52:20.074147"}
{"op_code": 4, "worker_id": "2f64de31-0a10-4abb-82ca-6eb9e1ef11c4-140452256319296", "study_id": 0, "datetime_start": "2024-08-27T13:52:20.083373"}
{"op_code": 5, "worker_id": "2f64de31-0a10-4abb-82ca-6eb9e1ef11c4-140452256319296", "trial_id": 4, "param_name": "lr", "param_value_internal": 0.00015930522616241006, "distribution": "{\"name\": \"FloatDistribution\", \"attributes\": {\"step\": null, \"low\": 1e-05, \"high\": 0.001, \"log\": true}}"}
{"op_code": 5, "worker_id": "2f64de31-0a10-4abb-82ca-6eb9e1ef11c4-140452256319296", "trial_id": 4, "param_name": "l2reg", "param_value_internal": 3.47026698865041e-05, "distribution": "{\"name\": \"FloatDistribution\", \"attributes\": {\"step\": null, \"low\": 1e-08, \"high\": 0.001, \"log\": true}}"}
{"op_code": 5, "worker_id": "2f64de31-0a10-4abb-82ca-6eb9e1ef11c4-140452256319296", "trial_id": 4, "param_name": "random_seed", "param_value_internal": 0, "distribution": "{\"name\": \"CategoricalDistribution\", \"attributes\": {\"choices\": [42]}}"}
{"op_code": 5, "worker_id": "2f64de31-0a10-4abb-82ca-6eb9e1ef11c4-140452256319296", "trial_id": 4, "param_name": "degree", "param_value_internal": 0, "distribution": "{\"name\": \"CategoricalDistribution\", \"attributes\": {\"choices\": [0]}}"}
{"op_code": 8, "worker_id": "2f64de31-0a10-4abb-82ca-6eb9e1ef11c4-140452256319296", "trial_id": 4, "user_attr": {"best_epoch": 1}}
{"op_code": 8, "worker_id": "2f64de31-0a10-4abb-82ca-6eb9e1ef11c4-140452256319296", "trial_id": 4, "user_attr": {"test_loss": 0.4511533657267288}}
{"op_code": 6, "worker_id": "2f64de31-0a10-4abb-82ca-6eb9e1ef11c4-140452256319296", "trial_id": 4, "state": 1, "values": [0.45186671777126924], "datetime_complete": "2024-08-27T14:00:13.392246"}
{"op_code": 4, "worker_id": "2f64de31-0a10-4abb-82ca-6eb9e1ef11c4-140452256319296", "study_id": 0, "datetime_start": "2024-08-27T14:00:13.406002"}
{"op_code": 5, "worker_id": "2f64de31-0a10-4abb-82ca-6eb9e1ef11c4-140452256319296", "trial_id": 5, "param_name": "lr", "param_value_internal": 1.0994335574766187e-05, "distribution": "{\"name\": \"FloatDistribution\", \"attributes\": {\"step\": null, \"low\": 1e-05, \"high\": 0.001, \"log\": true}}"}
{"op_code": 5, "worker_id": "2f64de31-0a10-4abb-82ca-6eb9e1ef11c4-140452256319296", "trial_id": 5, "param_name": "l2reg", "param_value_internal": 0.0007072114131472234, "distribution": "{\"name\": \"FloatDistribution\", \"attributes\": {\"step\": null, \"low\": 1e-08, \"high\": 0.001, \"log\": true}}"}
{"op_code": 5, "worker_id": "2f64de31-0a10-4abb-82ca-6eb9e1ef11c4-140452256319296", "trial_id": 5, "param_name": "random_seed", "param_value_internal": 0, "distribution": "{\"name\": \"CategoricalDistribution\", \"attributes\": {\"choices\": [42]}}"}
{"op_code": 5, "worker_id": "2f64de31-0a10-4abb-82ca-6eb9e1ef11c4-140452256319296", "trial_id": 5, "param_name": "degree", "param_value_internal": 0, "distribution": "{\"name\": \"CategoricalDistribution\", \"attributes\": {\"choices\": [0]}}"}
{"op_code": 8, "worker_id": "2f64de31-0a10-4abb-82ca-6eb9e1ef11c4-140452256319296", "trial_id": 5, "user_attr": {"best_epoch": 9}}
{"op_code": 8, "worker_id": "2f64de31-0a10-4abb-82ca-6eb9e1ef11c4-140452256319296", "trial_id": 5, "user_attr": {"test_loss": 0.456467048220552}}
{"op_code": 6, "worker_id": "2f64de31-0a10-4abb-82ca-6eb9e1ef11c4-140452256319296", "trial_id": 5, "state": 1, "values": [0.45740682063200716], "datetime_complete": "2024-08-27T14:15:16.734647"}
{"op_code": 4, "worker_id": "2f64de31-0a10-4abb-82ca-6eb9e1ef11c4-140452256319296", "study_id": 0, "datetime_start": "2024-08-27T14:15:16.748690"}
{"op_code": 5, "worker_id": "2f64de31-0a10-4abb-82ca-6eb9e1ef11c4-140452256319296", "trial_id": 6, "param_name": "lr", "param_value_internal": 0.000462258900102083, "distribution": "{\"name\": \"FloatDistribution\", \"attributes\": {\"step\": null, \"low\": 1e-05, \"high\": 0.001, \"log\": true}}"}
{"op_code": 5, "worker_id": "2f64de31-0a10-4abb-82ca-6eb9e1ef11c4-140452256319296", "trial_id": 6, "param_name": "l2reg", "param_value_internal": 1.1526449540315595e-07, "distribution": "{\"name\": \"FloatDistribution\", \"attributes\": {\"step\": null, \"low\": 1e-08, \"high\": 0.001, \"log\": true}}"}
{"op_code": 5, "worker_id": "2f64de31-0a10-4abb-82ca-6eb9e1ef11c4-140452256319296", "trial_id": 6, "param_name": "random_seed", "param_value_internal": 0, "distribution": "{\"name\": \"CategoricalDistribution\", \"attributes\": {\"choices\": [42]}}"}
{"op_code": 5, "worker_id": "2f64de31-0a10-4abb-82ca-6eb9e1ef11c4-140452256319296", "trial_id": 6, "param_name": "degree", "param_value_internal": 0, "distribution": "{\"name\": \"CategoricalDistribution\", \"attributes\": {\"choices\": [0]}}"}
{"op_code": 8, "worker_id": "2f64de31-0a10-4abb-82ca-6eb9e1ef11c4-140452256319296", "trial_id": 6, "user_attr": {"best_epoch": 0}}
{"op_code": 8, "worker_id": "2f64de31-0a10-4abb-82ca-6eb9e1ef11c4-140452256319296", "trial_id": 6, "user_attr": {"test_loss": 0.45082631408562973}}
{"op_code": 6, "worker_id": "2f64de31-0a10-4abb-82ca-6eb9e1ef11c4-140452256319296", "trial_id": 6, "state": 1, "values": [0.4516914147321742], "datetime_complete": "2024-08-27T14:21:42.648217"}
{"op_code": 4, "worker_id": "2f64de31-0a10-4abb-82ca-6eb9e1ef11c4-140452256319296", "study_id": 0, "datetime_start": "2024-08-27T14:21:42.657644"}
{"op_code": 5, "worker_id": "2f64de31-0a10-4abb-82ca-6eb9e1ef11c4-140452256319296", "trial_id": 7, "param_name": "lr", "param_value_internal": 2.3102018878452926e-05, "distribution": "{\"name\": \"FloatDistribution\", \"attributes\": {\"step\": null, \"low\": 1e-05, \"high\": 0.001, \"log\": true}}"}
{"op_code": 5, "worker_id": "2f64de31-0a10-4abb-82ca-6eb9e1ef11c4-140452256319296", "trial_id": 7, "param_name": "l2reg", "param_value_internal": 8.260808399079588e-08, "distribution": "{\"name\": \"FloatDistribution\", \"attributes\": {\"step\": null, \"low\": 1e-08, \"high\": 0.001, \"log\": true}}"}
{"op_code": 5, "worker_id": "2f64de31-0a10-4abb-82ca-6eb9e1ef11c4-140452256319296", "trial_id": 7, "param_name": "random_seed", "param_value_internal": 0, "distribution": "{\"name\": \"CategoricalDistribution\", \"attributes\": {\"choices\": [42]}}"}
{"op_code": 5, "worker_id": "2f64de31-0a10-4abb-82ca-6eb9e1ef11c4-140452256319296", "trial_id": 7, "param_name": "degree", "param_value_internal": 0, "distribution": "{\"name\": \"CategoricalDistribution\", \"attributes\": {\"choices\": [0]}}"}
{"op_code": 8, "worker_id": "2f64de31-0a10-4abb-82ca-6eb9e1ef11c4-140452256319296", "trial_id": 7, "user_attr": {"best_epoch": 9}}
{"op_code": 8, "worker_id": "2f64de31-0a10-4abb-82ca-6eb9e1ef11c4-140452256319296", "trial_id": 7, "user_attr": {"test_loss": 0.454373910082368}}
{"op_code": 6, "worker_id": "2f64de31-0a10-4abb-82ca-6eb9e1ef11c4-140452256319296", "trial_id": 7, "state": 1, "values": [0.45503614479908866], "datetime_complete": "2024-08-27T14:36:34.910601"}
{"op_code": 4, "worker_id": "2f64de31-0a10-4abb-82ca-6eb9e1ef11c4-140452256319296", "study_id": 0, "datetime_start": "2024-08-27T14:36:34.919376"}
{"op_code": 5, "worker_id": "2f64de31-0a10-4abb-82ca-6eb9e1ef11c4-140452256319296", "trial_id": 8, "param_name": "lr", "param_value_internal": 4.059611610484306e-05, "distribution": "{\"name\": \"FloatDistribution\", \"attributes\": {\"step\": null, \"low\": 1e-05, \"high\": 0.001, \"log\": true}}"}
{"op_code": 5, "worker_id": "2f64de31-0a10-4abb-82ca-6eb9e1ef11c4-140452256319296", "trial_id": 8, "param_name": "l2reg", "param_value_internal": 4.2051564509138674e-06, "distribution": "{\"name\": \"FloatDistribution\", \"attributes\": {\"step\": null, \"low\": 1e-08, \"high\": 0.001, \"log\": true}}"}
{"op_code": 5, "worker_id": "2f64de31-0a10-4abb-82ca-6eb9e1ef11c4-140452256319296", "trial_id": 8, "param_name": "random_seed", "param_value_internal": 0, "distribution": "{\"name\": \"CategoricalDistribution\", \"attributes\": {\"choices\": [42]}}"}
{"op_code": 5, "worker_id": "2f64de31-0a10-4abb-82ca-6eb9e1ef11c4-140452256319296", "trial_id": 8, "param_name": "degree", "param_value_internal": 0, "distribution": "{\"name\": \"CategoricalDistribution\", \"attributes\": {\"choices\": [0]}}"}
{"op_code": 8, "worker_id": "2f64de31-0a10-4abb-82ca-6eb9e1ef11c4-140452256319296", "trial_id": 8, "user_attr": {"best_epoch": 6}}
{"op_code": 8, "worker_id": "2f64de31-0a10-4abb-82ca-6eb9e1ef11c4-140452256319296", "trial_id": 8, "user_attr": {"test_loss": 0.45336790274651606}}
{"op_code": 6, "worker_id": "2f64de31-0a10-4abb-82ca-6eb9e1ef11c4-140452256319296", "trial_id": 8, "state": 1, "values": [0.4539863880549609], "datetime_complete": "2024-08-27T14:51:25.661564"}
{"op_code": 4, "worker_id": "2f64de31-0a10-4abb-82ca-6eb9e1ef11c4-140452256319296", "study_id": 0, "datetime_start": "2024-08-27T14:51:25.670344"}
{"op_code": 5, "worker_id": "2f64de31-0a10-4abb-82ca-6eb9e1ef11c4-140452256319296", "trial_id": 9, "param_name": "lr", "param_value_internal": 7.309539835912905e-05, "distribution": "{\"name\": \"FloatDistribution\", \"attributes\": {\"step\": null, \"low\": 1e-05, \"high\": 0.001, \"log\": true}}"}
{"op_code": 5, "worker_id": "2f64de31-0a10-4abb-82ca-6eb9e1ef11c4-140452256319296", "trial_id": 9, "param_name": "l2reg", "param_value_internal": 2.8585493941961875e-07, "distribution": "{\"name\": \"FloatDistribution\", \"attributes\": {\"step\": null, \"low\": 1e-08, \"high\": 0.001, \"log\": true}}"}
{"op_code": 5, "worker_id": "2f64de31-0a10-4abb-82ca-6eb9e1ef11c4-140452256319296", "trial_id": 9, "param_name": "random_seed", "param_value_internal": 0, "distribution": "{\"name\": \"CategoricalDistribution\", \"attributes\": {\"choices\": [42]}}"}
{"op_code": 5, "worker_id": "2f64de31-0a10-4abb-82ca-6eb9e1ef11c4-140452256319296", "trial_id": 9, "param_name": "degree", "param_value_internal": 0, "distribution": "{\"name\": \"CategoricalDistribution\", \"attributes\": {\"choices\": [0]}}"}
{"op_code": 8, "worker_id": "2f64de31-0a10-4abb-82ca-6eb9e1ef11c4-140452256319296", "trial_id": 9, "user_attr": {"best_epoch": 3}}
{"op_code": 8, "worker_id": "2f64de31-0a10-4abb-82ca-6eb9e1ef11c4-140452256319296", "trial_id": 9, "user_attr": {"test_loss": 0.45247260508256654}}
{"op_code": 6, "worker_id": "2f64de31-0a10-4abb-82ca-6eb9e1ef11c4-140452256319296", "trial_id": 9, "state": 1, "values": [0.45283546557616366], "datetime_complete": "2024-08-27T15:02:04.234080"}
{"op_code": 4, "worker_id": "2f64de31-0a10-4abb-82ca-6eb9e1ef11c4-140452256319296", "study_id": 0, "datetime_start": "2024-08-27T15:02:04.243250"}
{"op_code": 5, "worker_id": "2f64de31-0a10-4abb-82ca-6eb9e1ef11c4-140452256319296", "trial_id": 10, "param_name": "lr", "param_value_internal": 0.0009036331363174509, "distribution": "{\"name\": \"FloatDistribution\", \"attributes\": {\"step\": null, \"low\": 1e-05, \"high\": 0.001, \"log\": true}}"}
{"op_code": 5, "worker_id": "2f64de31-0a10-4abb-82ca-6eb9e1ef11c4-140452256319296", "trial_id": 10, "param_name": "l2reg", "param_value_internal": 1.0714845538373144e-08, "distribution": "{\"name\": \"FloatDistribution\", \"attributes\": {\"step\": null, \"low\": 1e-08, \"high\": 0.001, \"log\": true}}"}
{"op_code": 5, "worker_id": "2f64de31-0a10-4abb-82ca-6eb9e1ef11c4-140452256319296", "trial_id": 10, "param_name": "random_seed", "param_value_internal": 0, "distribution": "{\"name\": \"CategoricalDistribution\", \"attributes\": {\"choices\": [42]}}"}
{"op_code": 5, "worker_id": "2f64de31-0a10-4abb-82ca-6eb9e1ef11c4-140452256319296", "trial_id": 10, "param_name": "degree", "param_value_internal": 0, "distribution": "{\"name\": \"CategoricalDistribution\", \"attributes\": {\"choices\": [0]}}"}
{"op_code": 8, "worker_id": "2f64de31-0a10-4abb-82ca-6eb9e1ef11c4-140452256319296", "trial_id": 10, "user_attr": {"best_epoch": 0}}
{"op_code": 8, "worker_id": "2f64de31-0a10-4abb-82ca-6eb9e1ef11c4-140452256319296", "trial_id": 10, "user_attr": {"test_loss": 0.45115840492558784}}
{"op_code": 6, "worker_id": "2f64de31-0a10-4abb-82ca-6eb9e1ef11c4-140452256319296", "trial_id": 10, "state": 1, "values": [0.4522252644052371], "datetime_complete": "2024-08-27T15:08:31.565276"}
{"op_code": 4, "worker_id": "2f64de31-0a10-4abb-82ca-6eb9e1ef11c4-140452256319296", "study_id": 0, "datetime_start": "2024-08-27T15:08:31.574333"}
{"op_code": 5, "worker_id": "2f64de31-0a10-4abb-82ca-6eb9e1ef11c4-140452256319296", "trial_id": 11, "param_name": "lr", "param_value_internal": 0.0002302816050623666, "distribution": "{\"name\": \"FloatDistribution\", \"attributes\": {\"step\": null, \"low\": 1e-05, \"high\": 0.001, \"log\": true}}"}
{"op_code": 5, "worker_id": "2f64de31-0a10-4abb-82ca-6eb9e1ef11c4-140452256319296", "trial_id": 11, "param_name": "l2reg", "param_value_internal": 4.011123221868182e-05, "distribution": "{\"name\": \"FloatDistribution\", \"attributes\": {\"step\": null, \"low\": 1e-08, \"high\": 0.001, \"log\": true}}"}
{"op_code": 5, "worker_id": "2f64de31-0a10-4abb-82ca-6eb9e1ef11c4-140452256319296", "trial_id": 11, "param_name": "random_seed", "param_value_internal": 0, "distribution": "{\"name\": \"CategoricalDistribution\", \"attributes\": {\"choices\": [42]}}"}
{"op_code": 5, "worker_id": "2f64de31-0a10-4abb-82ca-6eb9e1ef11c4-140452256319296", "trial_id": 11, "param_name": "degree", "param_value_internal": 0, "distribution": "{\"name\": \"CategoricalDistribution\", \"attributes\": {\"choices\": [0]}}"}
{"op_code": 8, "worker_id": "2f64de31-0a10-4abb-82ca-6eb9e1ef11c4-140452256319296", "trial_id": 11, "user_attr": {"best_epoch": 1}}
{"op_code": 8, "worker_id": "2f64de31-0a10-4abb-82ca-6eb9e1ef11c4-140452256319296", "trial_id": 11, "user_attr": {"test_loss": 0.4513646684970666}}
{"op_code": 6, "worker_id": "2f64de31-0a10-4abb-82ca-6eb9e1ef11c4-140452256319296", "trial_id": 11, "state": 1, "values": [0.4520298045707061], "datetime_complete": "2024-08-27T15:16:22.304365"}
{"op_code": 4, "worker_id": "2f64de31-0a10-4abb-82ca-6eb9e1ef11c4-140452256319296", "study_id": 0, "datetime_start": "2024-08-27T15:16:22.313179"}
{"op_code": 5, "worker_id": "2f64de31-0a10-4abb-82ca-6eb9e1ef11c4-140452256319296", "trial_id": 12, "param_name": "lr", "param_value_internal": 0.0002012487082975096, "distribution": "{\"name\": \"FloatDistribution\", \"attributes\": {\"step\": null, \"low\": 1e-05, \"high\": 0.001, \"log\": true}}"}
{"op_code": 5, "worker_id": "2f64de31-0a10-4abb-82ca-6eb9e1ef11c4-140452256319296", "trial_id": 12, "param_name": "l2reg", "param_value_internal": 6.643171800807067e-07, "distribution": "{\"name\": \"FloatDistribution\", \"attributes\": {\"step\": null, \"low\": 1e-08, \"high\": 0.001, \"log\": true}}"}
{"op_code": 5, "worker_id": "2f64de31-0a10-4abb-82ca-6eb9e1ef11c4-140452256319296", "trial_id": 12, "param_name": "random_seed", "param_value_internal": 0, "distribution": "{\"name\": \"CategoricalDistribution\", \"attributes\": {\"choices\": [42]}}"}
{"op_code": 5, "worker_id": "2f64de31-0a10-4abb-82ca-6eb9e1ef11c4-140452256319296", "trial_id": 12, "param_name": "degree", "param_value_internal": 0, "distribution": "{\"name\": \"CategoricalDistribution\", \"attributes\": {\"choices\": [0]}}"}
{"op_code": 8, "worker_id": "2f64de31-0a10-4abb-82ca-6eb9e1ef11c4-140452256319296", "trial_id": 12, "user_attr": {"best_epoch": 1}}
{"op_code": 8, "worker_id": "2f64de31-0a10-4abb-82ca-6eb9e1ef11c4-140452256319296", "trial_id": 12, "user_attr": {"test_loss": 0.4510718986785083}}
{"op_code": 6, "worker_id": "2f64de31-0a10-4abb-82ca-6eb9e1ef11c4-140452256319296", "trial_id": 12, "state": 1, "values": [0.4517433337507215], "datetime_complete": "2024-08-27T15:24:14.270665"}
{"op_code": 4, "worker_id": "2f64de31-0a10-4abb-82ca-6eb9e1ef11c4-140452256319296", "study_id": 0, "datetime_start": "2024-08-27T15:24:14.284938"}
{"op_code": 5, "worker_id": "2f64de31-0a10-4abb-82ca-6eb9e1ef11c4-140452256319296", "trial_id": 13, "param_name": "lr", "param_value_internal": 0.0005621391829774017, "distribution": "{\"name\": \"FloatDistribution\", \"attributes\": {\"step\": null, \"low\": 1e-05, \"high\": 0.001, \"log\": true}}"}
{"op_code": 5, "worker_id": "2f64de31-0a10-4abb-82ca-6eb9e1ef11c4-140452256319296", "trial_id": 13, "param_name": "l2reg", "param_value_internal": 6.40636640974555e-07, "distribution": "{\"name\": \"FloatDistribution\", \"attributes\": {\"step\": null, \"low\": 1e-08, \"high\": 0.001, \"log\": true}}"}
{"op_code": 5, "worker_id": "2f64de31-0a10-4abb-82ca-6eb9e1ef11c4-140452256319296", "trial_id": 13, "param_name": "random_seed", "param_value_internal": 0, "distribution": "{\"name\": \"CategoricalDistribution\", \"attributes\": {\"choices\": [42]}}"}
{"op_code": 5, "worker_id": "2f64de31-0a10-4abb-82ca-6eb9e1ef11c4-140452256319296", "trial_id": 13, "param_name": "degree", "param_value_internal": 0, "distribution": "{\"name\": \"CategoricalDistribution\", \"attributes\": {\"choices\": [0]}}"}
{"op_code": 8, "worker_id": "2f64de31-0a10-4abb-82ca-6eb9e1ef11c4-140452256319296", "trial_id": 13, "user_attr": {"best_epoch": 0}}
{"op_code": 8, "worker_id": "2f64de31-0a10-4abb-82ca-6eb9e1ef11c4-140452256319296", "trial_id": 13, "user_attr": {"test_loss": 0.45085055568620147}}
{"op_code": 6, "worker_id": "2f64de31-0a10-4abb-82ca-6eb9e1ef11c4-140452256319296", "trial_id": 13, "state": 1, "values": [0.45174249388424503], "datetime_complete": "2024-08-27T15:30:41.593631"}
{"op_code": 4, "worker_id": "2f64de31-0a10-4abb-82ca-6eb9e1ef11c4-140452256319296", "study_id": 0, "datetime_start": "2024-08-27T15:30:41.607874"}
{"op_code": 5, "worker_id": "2f64de31-0a10-4abb-82ca-6eb9e1ef11c4-140452256319296", "trial_id": 14, "param_name": "lr", "param_value_internal": 0.0007832921114568409, "distribution": "{\"name\": \"FloatDistribution\", \"attributes\": {\"step\": null, \"low\": 1e-05, \"high\": 0.001, \"log\": true}}"}
{"op_code": 5, "worker_id": "2f64de31-0a10-4abb-82ca-6eb9e1ef11c4-140452256319296", "trial_id": 14, "param_name": "l2reg", "param_value_internal": 7.907172569000156e-07, "distribution": "{\"name\": \"FloatDistribution\", \"attributes\": {\"step\": null, \"low\": 1e-08, \"high\": 0.001, \"log\": true}}"}
{"op_code": 5, "worker_id": "2f64de31-0a10-4abb-82ca-6eb9e1ef11c4-140452256319296", "trial_id": 14, "param_name": "random_seed", "param_value_internal": 0, "distribution": "{\"name\": \"CategoricalDistribution\", \"attributes\": {\"choices\": [42]}}"}
{"op_code": 5, "worker_id": "2f64de31-0a10-4abb-82ca-6eb9e1ef11c4-140452256319296", "trial_id": 14, "param_name": "degree", "param_value_internal": 0, "distribution": "{\"name\": \"CategoricalDistribution\", \"attributes\": {\"choices\": [0]}}"}
{"op_code": 8, "worker_id": "2f64de31-0a10-4abb-82ca-6eb9e1ef11c4-140452256319296", "trial_id": 14, "user_attr": {"best_epoch": 0}}
{"op_code": 8, "worker_id": "2f64de31-0a10-4abb-82ca-6eb9e1ef11c4-140452256319296", "trial_id": 14, "user_attr": {"test_loss": 0.45101181004968954}}
{"op_code": 6, "worker_id": "2f64de31-0a10-4abb-82ca-6eb9e1ef11c4-140452256319296", "trial_id": 14, "state": 1, "values": [0.45201296906542715], "datetime_complete": "2024-08-27T15:37:07.965829"}
{"op_code": 4, "worker_id": "2f64de31-0a10-4abb-82ca-6eb9e1ef11c4-140452256319296", "study_id": 0, "datetime_start": "2024-08-27T15:37:07.987352"}
{"op_code": 5, "worker_id": "2f64de31-0a10-4abb-82ca-6eb9e1ef11c4-140452256319296", "trial_id": 15, "param_name": "lr", "param_value_internal": 0.0004585083868794704, "distribution": "{\"name\": \"FloatDistribution\", \"attributes\": {\"step\": null, \"low\": 1e-05, \"high\": 0.001, \"log\": true}}"}
{"op_code": 5, "worker_id": "2f64de31-0a10-4abb-82ca-6eb9e1ef11c4-140452256319296", "trial_id": 15, "param_name": "l2reg", "param_value_internal": 1.1258611357619772e-08, "distribution": "{\"name\": \"FloatDistribution\", \"attributes\": {\"step\": null, \"low\": 1e-08, \"high\": 0.001, \"log\": true}}"}
{"op_code": 5, "worker_id": "2f64de31-0a10-4abb-82ca-6eb9e1ef11c4-140452256319296", "trial_id": 15, "param_name": "random_seed", "param_value_internal": 0, "distribution": "{\"name\": \"CategoricalDistribution\", \"attributes\": {\"choices\": [42]}}"}
{"op_code": 5, "worker_id": "2f64de31-0a10-4abb-82ca-6eb9e1ef11c4-140452256319296", "trial_id": 15, "param_name": "degree", "param_value_internal": 0, "distribution": "{\"name\": \"CategoricalDistribution\", \"attributes\": {\"choices\": [0]}}"}
{"op_code": 8, "worker_id": "2f64de31-0a10-4abb-82ca-6eb9e1ef11c4-140452256319296", "trial_id": 15, "user_attr": {"best_epoch": 0}}
{"op_code": 8, "worker_id": "2f64de31-0a10-4abb-82ca-6eb9e1ef11c4-140452256319296", "trial_id": 15, "user_attr": {"test_loss": 0.45082753570959555}}
{"op_code": 6, "worker_id": "2f64de31-0a10-4abb-82ca-6eb9e1ef11c4-140452256319296", "trial_id": 15, "state": 1, "values": [0.4516916819624167], "datetime_complete": "2024-08-27T15:43:33.182780"}
{"op_code": 4, "worker_id": "2f64de31-0a10-4abb-82ca-6eb9e1ef11c4-140452256319296", "study_id": 0, "datetime_start": "2024-08-27T15:43:33.193109"}
{"op_code": 5, "worker_id": "2f64de31-0a10-4abb-82ca-6eb9e1ef11c4-140452256319296", "trial_id": 16, "param_name": "lr", "param_value_internal": 0.0004241765003341046, "distribution": "{\"name\": \"FloatDistribution\", \"attributes\": {\"step\": null, \"low\": 1e-05, \"high\": 0.001, \"log\": true}}"}
{"op_code": 5, "worker_id": "2f64de31-0a10-4abb-82ca-6eb9e1ef11c4-140452256319296", "trial_id": 16, "param_name": "l2reg", "param_value_internal": 1.3826965955890138e-08, "distribution": "{\"name\": \"FloatDistribution\", \"attributes\": {\"step\": null, \"low\": 1e-08, \"high\": 0.001, \"log\": true}}"}
{"op_code": 5, "worker_id": "2f64de31-0a10-4abb-82ca-6eb9e1ef11c4-140452256319296", "trial_id": 16, "param_name": "random_seed", "param_value_internal": 0, "distribution": "{\"name\": \"CategoricalDistribution\", \"attributes\": {\"choices\": [42]}}"}
{"op_code": 5, "worker_id": "2f64de31-0a10-4abb-82ca-6eb9e1ef11c4-140452256319296", "trial_id": 16, "param_name": "degree", "param_value_internal": 0, "distribution": "{\"name\": \"CategoricalDistribution\", \"attributes\": {\"choices\": [0]}}"}
{"op_code": 8, "worker_id": "2f64de31-0a10-4abb-82ca-6eb9e1ef11c4-140452256319296", "trial_id": 16, "user_attr": {"best_epoch": 0}}
{"op_code": 8, "worker_id": "2f64de31-0a10-4abb-82ca-6eb9e1ef11c4-140452256319296", "trial_id": 16, "user_attr": {"test_loss": 0.4508560148182987}}
{"op_code": 6, "worker_id": "2f64de31-0a10-4abb-82ca-6eb9e1ef11c4-140452256319296", "trial_id": 16, "state": 1, "values": [0.45170668503174694], "datetime_complete": "2024-08-27T15:50:09.608666"}
{"op_code": 4, "worker_id": "2f64de31-0a10-4abb-82ca-6eb9e1ef11c4-140452256319296", "study_id": 0, "datetime_start": "2024-08-27T15:50:09.618811"}
{"op_code": 5, "worker_id": "2f64de31-0a10-4abb-82ca-6eb9e1ef11c4-140452256319296", "trial_id": 17, "param_name": "lr", "param_value_internal": 0.000101143405633987, "distribution": "{\"name\": \"FloatDistribution\", \"attributes\": {\"step\": null, \"low\": 1e-05, \"high\": 0.001, \"log\": true}}"}
{"op_code": 5, "worker_id": "2f64de31-0a10-4abb-82ca-6eb9e1ef11c4-140452256319296", "trial_id": 17, "param_name": "l2reg", "param_value_internal": 8.52184866840042e-08, "distribution": "{\"name\": \"FloatDistribution\", \"attributes\": {\"step\": null, \"low\": 1e-08, \"high\": 0.001, \"log\": true}}"}
{"op_code": 5, "worker_id": "2f64de31-0a10-4abb-82ca-6eb9e1ef11c4-140452256319296", "trial_id": 17, "param_name": "random_seed", "param_value_internal": 0, "distribution": "{\"name\": \"CategoricalDistribution\", \"attributes\": {\"choices\": [42]}}"}
{"op_code": 5, "worker_id": "2f64de31-0a10-4abb-82ca-6eb9e1ef11c4-140452256319296", "trial_id": 17, "param_name": "degree", "param_value_internal": 0, "distribution": "{\"name\": \"CategoricalDistribution\", \"attributes\": {\"choices\": [0]}}"}
{"op_code": 8, "worker_id": "2f64de31-0a10-4abb-82ca-6eb9e1ef11c4-140452256319296", "trial_id": 17, "user_attr": {"best_epoch": 2}}
{"op_code": 8, "worker_id": "2f64de31-0a10-4abb-82ca-6eb9e1ef11c4-140452256319296", "trial_id": 17, "user_attr": {"test_loss": 0.4518482025330373}}
{"op_code": 6, "worker_id": "2f64de31-0a10-4abb-82ca-6eb9e1ef11c4-140452256319296", "trial_id": 17, "state": 1, "values": [0.45231009091936364], "datetime_complete": "2024-08-27T16:00:01.157852"}
{"op_code": 4, "worker_id": "2f64de31-0a10-4abb-82ca-6eb9e1ef11c4-140452256319296", "study_id": 0, "datetime_start": "2024-08-27T16:00:01.175515"}
{"op_code": 5, "worker_id": "2f64de31-0a10-4abb-82ca-6eb9e1ef11c4-140452256319296", "trial_id": 18, "param_name": "lr", "param_value_internal": 0.0003430412317635577, "distribution": "{\"name\": \"FloatDistribution\", \"attributes\": {\"step\": null, \"low\": 1e-05, \"high\": 0.001, \"log\": true}}"}
{"op_code": 5, "worker_id": "2f64de31-0a10-4abb-82ca-6eb9e1ef11c4-140452256319296", "trial_id": 18, "param_name": "l2reg", "param_value_internal": 3.7311029887643063e-08, "distribution": "{\"name\": \"FloatDistribution\", \"attributes\": {\"step\": null, \"low\": 1e-08, \"high\": 0.001, \"log\": true}}"}
{"op_code": 5, "worker_id": "2f64de31-0a10-4abb-82ca-6eb9e1ef11c4-140452256319296", "trial_id": 18, "param_name": "random_seed", "param_value_internal": 0, "distribution": "{\"name\": \"CategoricalDistribution\", \"attributes\": {\"choices\": [42]}}"}
{"op_code": 5, "worker_id": "2f64de31-0a10-4abb-82ca-6eb9e1ef11c4-140452256319296", "trial_id": 18, "param_name": "degree", "param_value_internal": 0, "distribution": "{\"name\": \"CategoricalDistribution\", \"attributes\": {\"choices\": [0]}}"}
{"op_code": 8, "worker_id": "2f64de31-0a10-4abb-82ca-6eb9e1ef11c4-140452256319296", "trial_id": 18, "user_attr": {"best_epoch": 0}}
{"op_code": 8, "worker_id": "2f64de31-0a10-4abb-82ca-6eb9e1ef11c4-140452256319296", "trial_id": 18, "user_attr": {"test_loss": 0.4511200001221624}}
{"op_code": 6, "worker_id": "2f64de31-0a10-4abb-82ca-6eb9e1ef11c4-140452256319296", "trial_id": 18, "state": 1, "values": [0.45189420431050015], "datetime_complete": "2024-08-27T16:06:28.146922"}
{"op_code": 4, "worker_id": "2f64de31-0a10-4abb-82ca-6eb9e1ef11c4-140452256319296", "study_id": 0, "datetime_start": "2024-08-27T16:06:28.155846"}
{"op_code": 5, "worker_id": "2f64de31-0a10-4abb-82ca-6eb9e1ef11c4-140452256319296", "trial_id": 19, "param_name": "lr", "param_value_internal": 0.00013064049091213482, "distribution": "{\"name\": \"FloatDistribution\", \"attributes\": {\"step\": null, \"low\": 1e-05, \"high\": 0.001, \"log\": true}}"}
{"op_code": 5, "worker_id": "2f64de31-0a10-4abb-82ca-6eb9e1ef11c4-140452256319296", "trial_id": 19, "param_name": "l2reg", "param_value_internal": 1.7664111415525036e-07, "distribution": "{\"name\": \"FloatDistribution\", \"attributes\": {\"step\": null, \"low\": 1e-08, \"high\": 0.001, \"log\": true}}"}
{"op_code": 5, "worker_id": "2f64de31-0a10-4abb-82ca-6eb9e1ef11c4-140452256319296", "trial_id": 19, "param_name": "random_seed", "param_value_internal": 0, "distribution": "{\"name\": \"CategoricalDistribution\", \"attributes\": {\"choices\": [42]}}"}
{"op_code": 5, "worker_id": "2f64de31-0a10-4abb-82ca-6eb9e1ef11c4-140452256319296", "trial_id": 19, "param_name": "degree", "param_value_internal": 0, "distribution": "{\"name\": \"CategoricalDistribution\", \"attributes\": {\"choices\": [0]}}"}
{"op_code": 8, "worker_id": "2f64de31-0a10-4abb-82ca-6eb9e1ef11c4-140452256319296", "trial_id": 19, "user_attr": {"best_epoch": 2}}
{"op_code": 8, "worker_id": "2f64de31-0a10-4abb-82ca-6eb9e1ef11c4-140452256319296", "trial_id": 19, "user_attr": {"test_loss": 0.45206011611535796}}
{"op_code": 6, "worker_id": "2f64de31-0a10-4abb-82ca-6eb9e1ef11c4-140452256319296", "trial_id": 19, "state": 1, "values": [0.4523469686928318], "datetime_complete": "2024-08-27T16:15:50.855715"}
{"op_code": 4, "worker_id": "2f64de31-0a10-4abb-82ca-6eb9e1ef11c4-140452256319296", "study_id": 0, "datetime_start": "2024-08-27T16:15:50.867759"}
{"op_code": 5, "worker_id": "2f64de31-0a10-4abb-82ca-6eb9e1ef11c4-140452256319296", "trial_id": 20, "param_name": "lr", "param_value_internal": 0.0005269242689907944, "distribution": "{\"name\": \"FloatDistribution\", \"attributes\": {\"step\": null, \"low\": 1e-05, \"high\": 0.001, \"log\": true}}"}
{"op_code": 5, "worker_id": "2f64de31-0a10-4abb-82ca-6eb9e1ef11c4-140452256319296", "trial_id": 20, "param_name": "l2reg", "param_value_internal": 2.2363335276544016e-08, "distribution": "{\"name\": \"FloatDistribution\", \"attributes\": {\"step\": null, \"low\": 1e-08, \"high\": 0.001, \"log\": true}}"}
{"op_code": 5, "worker_id": "2f64de31-0a10-4abb-82ca-6eb9e1ef11c4-140452256319296", "trial_id": 20, "param_name": "random_seed", "param_value_internal": 0, "distribution": "{\"name\": \"CategoricalDistribution\", \"attributes\": {\"choices\": [42]}}"}
{"op_code": 5, "worker_id": "2f64de31-0a10-4abb-82ca-6eb9e1ef11c4-140452256319296", "trial_id": 20, "param_name": "degree", "param_value_internal": 0, "distribution": "{\"name\": \"CategoricalDistribution\", \"attributes\": {\"choices\": [0]}}"}
{"op_code": 8, "worker_id": "2f64de31-0a10-4abb-82ca-6eb9e1ef11c4-140452256319296", "trial_id": 20, "user_attr": {"best_epoch": 0}}
{"op_code": 8, "worker_id": "2f64de31-0a10-4abb-82ca-6eb9e1ef11c4-140452256319296", "trial_id": 20, "user_attr": {"test_loss": 0.4508335674779268}}
{"op_code": 6, "worker_id": "2f64de31-0a10-4abb-82ca-6eb9e1ef11c4-140452256319296", "trial_id": 20, "state": 1, "values": [0.45171737424144787], "datetime_complete": "2024-08-27T16:22:16.974320"}
{"op_code": 4, "worker_id": "2f64de31-0a10-4abb-82ca-6eb9e1ef11c4-140452256319296", "study_id": 0, "datetime_start": "2024-08-27T16:22:16.984273"}
{"op_code": 5, "worker_id": "2f64de31-0a10-4abb-82ca-6eb9e1ef11c4-140452256319296", "trial_id": 21, "param_name": "lr", "param_value_internal": 0.000444997152949598, "distribution": "{\"name\": \"FloatDistribution\", \"attributes\": {\"step\": null, \"low\": 1e-05, \"high\": 0.001, \"log\": true}}"}
{"op_code": 5, "worker_id": "2f64de31-0a10-4abb-82ca-6eb9e1ef11c4-140452256319296", "trial_id": 21, "param_name": "l2reg", "param_value_internal": 1.298385972603889e-08, "distribution": "{\"name\": \"FloatDistribution\", \"attributes\": {\"step\": null, \"low\": 1e-08, \"high\": 0.001, \"log\": true}}"}
{"op_code": 5, "worker_id": "2f64de31-0a10-4abb-82ca-6eb9e1ef11c4-140452256319296", "trial_id": 21, "param_name": "random_seed", "param_value_internal": 0, "distribution": "{\"name\": \"CategoricalDistribution\", \"attributes\": {\"choices\": [42]}}"}
{"op_code": 5, "worker_id": "2f64de31-0a10-4abb-82ca-6eb9e1ef11c4-140452256319296", "trial_id": 21, "param_name": "degree", "param_value_internal": 0, "distribution": "{\"name\": \"CategoricalDistribution\", \"attributes\": {\"choices\": [0]}}"}
{"op_code": 8, "worker_id": "2f64de31-0a10-4abb-82ca-6eb9e1ef11c4-140452256319296", "trial_id": 21, "user_attr": {"best_epoch": 0}}
{"op_code": 8, "worker_id": "2f64de31-0a10-4abb-82ca-6eb9e1ef11c4-140452256319296", "trial_id": 21, "user_attr": {"test_loss": 0.45083547626537335}}
{"op_code": 6, "worker_id": "2f64de31-0a10-4abb-82ca-6eb9e1ef11c4-140452256319296", "trial_id": 21, "state": 1, "values": [0.45169469784658234], "datetime_complete": "2024-08-27T16:28:44.555245"}
{"op_code": 4, "worker_id": "2f64de31-0a10-4abb-82ca-6eb9e1ef11c4-140452256319296", "study_id": 0, "datetime_start": "2024-08-27T16:28:44.563892"}
{"op_code": 5, "worker_id": "2f64de31-0a10-4abb-82ca-6eb9e1ef11c4-140452256319296", "trial_id": 22, "param_name": "lr", "param_value_internal": 0.0005407870614654763, "distribution": "{\"name\": \"FloatDistribution\", \"attributes\": {\"step\": null, \"low\": 1e-05, \"high\": 0.001, \"log\": true}}"}
{"op_code": 5, "worker_id": "2f64de31-0a10-4abb-82ca-6eb9e1ef11c4-140452256319296", "trial_id": 22, "param_name": "l2reg", "param_value_internal": 3.125983779355749e-08, "distribution": "{\"name\": \"FloatDistribution\", \"attributes\": {\"step\": null, \"low\": 1e-08, \"high\": 0.001, \"log\": true}}"}
{"op_code": 5, "worker_id": "2f64de31-0a10-4abb-82ca-6eb9e1ef11c4-140452256319296", "trial_id": 22, "param_name": "random_seed", "param_value_internal": 0, "distribution": "{\"name\": \"CategoricalDistribution\", \"attributes\": {\"choices\": [42]}}"}
{"op_code": 5, "worker_id": "2f64de31-0a10-4abb-82ca-6eb9e1ef11c4-140452256319296", "trial_id": 22, "param_name": "degree", "param_value_internal": 0, "distribution": "{\"name\": \"CategoricalDistribution\", \"attributes\": {\"choices\": [0]}}"}
{"op_code": 8, "worker_id": "2f64de31-0a10-4abb-82ca-6eb9e1ef11c4-140452256319296", "trial_id": 22, "user_attr": {"best_epoch": 0}}
{"op_code": 8, "worker_id": "2f64de31-0a10-4abb-82ca-6eb9e1ef11c4-140452256319296", "trial_id": 22, "user_attr": {"test_loss": 0.4508398283007516}}
{"op_code": 6, "worker_id": "2f64de31-0a10-4abb-82ca-6eb9e1ef11c4-140452256319296", "trial_id": 22, "state": 1, "values": [0.45172710905742547], "datetime_complete": "2024-08-27T16:35:09.943025"}
{"op_code": 4, "worker_id": "2f64de31-0a10-4abb-82ca-6eb9e1ef11c4-140452256319296", "study_id": 0, "datetime_start": "2024-08-27T16:35:09.955414"}
{"op_code": 5, "worker_id": "2f64de31-0a10-4abb-82ca-6eb9e1ef11c4-140452256319296", "trial_id": 23, "param_name": "lr", "param_value_internal": 0.000966179074527728, "distribution": "{\"name\": \"FloatDistribution\", \"attributes\": {\"step\": null, \"low\": 1e-05, \"high\": 0.001, \"log\": true}}"}
{"op_code": 5, "worker_id": "2f64de31-0a10-4abb-82ca-6eb9e1ef11c4-140452256319296", "trial_id": 23, "param_name": "l2reg", "param_value_internal": 1.1017117852029187e-08, "distribution": "{\"name\": \"FloatDistribution\", \"attributes\": {\"step\": null, \"low\": 1e-08, \"high\": 0.001, \"log\": true}}"}
{"op_code": 5, "worker_id": "2f64de31-0a10-4abb-82ca-6eb9e1ef11c4-140452256319296", "trial_id": 23, "param_name": "random_seed", "param_value_internal": 0, "distribution": "{\"name\": \"CategoricalDistribution\", \"attributes\": {\"choices\": [42]}}"}
{"op_code": 5, "worker_id": "2f64de31-0a10-4abb-82ca-6eb9e1ef11c4-140452256319296", "trial_id": 23, "param_name": "degree", "param_value_internal": 0, "distribution": "{\"name\": \"CategoricalDistribution\", \"attributes\": {\"choices\": [0]}}"}
{"op_code": 8, "worker_id": "2f64de31-0a10-4abb-82ca-6eb9e1ef11c4-140452256319296", "trial_id": 23, "user_attr": {"best_epoch": 0}}
{"op_code": 8, "worker_id": "2f64de31-0a10-4abb-82ca-6eb9e1ef11c4-140452256319296", "trial_id": 23, "user_attr": {"test_loss": 0.45125063753500716}}
{"op_code": 6, "worker_id": "2f64de31-0a10-4abb-82ca-6eb9e1ef11c4-140452256319296", "trial_id": 23, "state": 1, "values": [0.45234078422150487], "datetime_complete": "2024-08-27T16:41:35.336929"}
{"op_code": 4, "worker_id": "2f64de31-0a10-4abb-82ca-6eb9e1ef11c4-140452256319296", "study_id": 0, "datetime_start": "2024-08-27T16:41:35.345626"}
{"op_code": 5, "worker_id": "2f64de31-0a10-4abb-82ca-6eb9e1ef11c4-140452256319296", "trial_id": 24, "param_name": "lr", "param_value_internal": 0.0002930073530694961, "distribution": "{\"name\": \"FloatDistribution\", \"attributes\": {\"step\": null, \"low\": 1e-05, \"high\": 0.001, \"log\": true}}"}
{"op_code": 5, "worker_id": "2f64de31-0a10-4abb-82ca-6eb9e1ef11c4-140452256319296", "trial_id": 24, "param_name": "l2reg", "param_value_internal": 3.1455583334865613e-07, "distribution": "{\"name\": \"FloatDistribution\", \"attributes\": {\"step\": null, \"low\": 1e-08, \"high\": 0.001, \"log\": true}}"}
{"op_code": 5, "worker_id": "2f64de31-0a10-4abb-82ca-6eb9e1ef11c4-140452256319296", "trial_id": 24, "param_name": "random_seed", "param_value_internal": 0, "distribution": "{\"name\": \"CategoricalDistribution\", \"attributes\": {\"choices\": [42]}}"}
{"op_code": 5, "worker_id": "2f64de31-0a10-4abb-82ca-6eb9e1ef11c4-140452256319296", "trial_id": 24, "param_name": "degree", "param_value_internal": 0, "distribution": "{\"name\": \"CategoricalDistribution\", \"attributes\": {\"choices\": [0]}}"}
{"op_code": 8, "worker_id": "2f64de31-0a10-4abb-82ca-6eb9e1ef11c4-140452256319296", "trial_id": 24, "user_attr": {"best_epoch": 0}}
{"op_code": 8, "worker_id": "2f64de31-0a10-4abb-82ca-6eb9e1ef11c4-140452256319296", "trial_id": 24, "user_attr": {"test_loss": 0.45154714857696077}}
{"op_code": 6, "worker_id": "2f64de31-0a10-4abb-82ca-6eb9e1ef11c4-140452256319296", "trial_id": 24, "state": 1, "values": [0.4522264860292029], "datetime_complete": "2024-08-27T16:48:01.393466"}
{"op_code": 4, "worker_id": "2f64de31-0a10-4abb-82ca-6eb9e1ef11c4-140452256319296", "study_id": 0, "datetime_start": "2024-08-27T16:48:01.406666"}
{"op_code": 5, "worker_id": "2f64de31-0a10-4abb-82ca-6eb9e1ef11c4-140452256319296", "trial_id": 25, "param_name": "lr", "param_value_internal": 0.0006389816483300002, "distribution": "{\"name\": \"FloatDistribution\", \"attributes\": {\"step\": null, \"low\": 1e-05, \"high\": 0.001, \"log\": true}}"}
{"op_code": 5, "worker_id": "2f64de31-0a10-4abb-82ca-6eb9e1ef11c4-140452256319296", "trial_id": 25, "param_name": "l2reg", "param_value_internal": 1.3480944028073232e-07, "distribution": "{\"name\": \"FloatDistribution\", \"attributes\": {\"step\": null, \"low\": 1e-08, \"high\": 0.001, \"log\": true}}"}
{"op_code": 5, "worker_id": "2f64de31-0a10-4abb-82ca-6eb9e1ef11c4-140452256319296", "trial_id": 25, "param_name": "random_seed", "param_value_internal": 0, "distribution": "{\"name\": \"CategoricalDistribution\", \"attributes\": {\"choices\": [42]}}"}
{"op_code": 5, "worker_id": "2f64de31-0a10-4abb-82ca-6eb9e1ef11c4-140452256319296", "trial_id": 25, "param_name": "degree", "param_value_internal": 0, "distribution": "{\"name\": \"CategoricalDistribution\", \"attributes\": {\"choices\": [0]}}"}
{"op_code": 8, "worker_id": "2f64de31-0a10-4abb-82ca-6eb9e1ef11c4-140452256319296", "trial_id": 25, "user_attr": {"best_epoch": 0}}
{"op_code": 8, "worker_id": "2f64de31-0a10-4abb-82ca-6eb9e1ef11c4-140452256319296", "trial_id": 25, "user_attr": {"test_loss": 0.4508966719909111}}
{"op_code": 6, "worker_id": "2f64de31-0a10-4abb-82ca-6eb9e1ef11c4-140452256319296", "trial_id": 25, "state": 1, "values": [0.4518139207104965], "datetime_complete": "2024-08-27T16:54:28.407958"}
{"op_code": 4, "worker_id": "2f64de31-0a10-4abb-82ca-6eb9e1ef11c4-140452256319296", "study_id": 0, "datetime_start": "2024-08-27T16:54:28.416987"}
{"op_code": 5, "worker_id": "2f64de31-0a10-4abb-82ca-6eb9e1ef11c4-140452256319296", "trial_id": 26, "param_name": "lr", "param_value_internal": 0.00039923371719226123, "distribution": "{\"name\": \"FloatDistribution\", \"attributes\": {\"step\": null, \"low\": 1e-05, \"high\": 0.001, \"log\": true}}"}
{"op_code": 5, "worker_id": "2f64de31-0a10-4abb-82ca-6eb9e1ef11c4-140452256319296", "trial_id": 26, "param_name": "l2reg", "param_value_internal": 3.6628902915869844e-08, "distribution": "{\"name\": \"FloatDistribution\", \"attributes\": {\"step\": null, \"low\": 1e-08, \"high\": 0.001, \"log\": true}}"}
{"op_code": 5, "worker_id": "2f64de31-0a10-4abb-82ca-6eb9e1ef11c4-140452256319296", "trial_id": 26, "param_name": "random_seed", "param_value_internal": 0, "distribution": "{\"name\": \"CategoricalDistribution\", \"attributes\": {\"choices\": [42]}}"}
{"op_code": 5, "worker_id": "2f64de31-0a10-4abb-82ca-6eb9e1ef11c4-140452256319296", "trial_id": 26, "param_name": "degree", "param_value_internal": 0, "distribution": "{\"name\": \"CategoricalDistribution\", \"attributes\": {\"choices\": [0]}}"}
{"op_code": 8, "worker_id": "2f64de31-0a10-4abb-82ca-6eb9e1ef11c4-140452256319296", "trial_id": 26, "user_attr": {"best_epoch": 0}}
{"op_code": 8, "worker_id": "2f64de31-0a10-4abb-82ca-6eb9e1ef11c4-140452256319296", "trial_id": 26, "user_attr": {"test_loss": 0.45090045139005536}}
{"op_code": 6, "worker_id": "2f64de31-0a10-4abb-82ca-6eb9e1ef11c4-140452256319296", "trial_id": 26, "state": 1, "values": [0.45173604218267555], "datetime_complete": "2024-08-27T17:00:55.183339"}
{"op_code": 4, "worker_id": "2f64de31-0a10-4abb-82ca-6eb9e1ef11c4-140452256319296", "study_id": 0, "datetime_start": "2024-08-27T17:00:55.194553"}
{"op_code": 5, "worker_id": "2f64de31-0a10-4abb-82ca-6eb9e1ef11c4-140452256319296", "trial_id": 27, "param_name": "lr", "param_value_internal": 0.00023793537960598534, "distribution": "{\"name\": \"FloatDistribution\", \"attributes\": {\"step\": null, \"low\": 1e-05, \"high\": 0.001, \"log\": true}}"}
{"op_code": 5, "worker_id": "2f64de31-0a10-4abb-82ca-6eb9e1ef11c4-140452256319296", "trial_id": 27, "param_name": "l2reg", "param_value_internal": 2.027795698360752e-06, "distribution": "{\"name\": \"FloatDistribution\", \"attributes\": {\"step\": null, \"low\": 1e-08, \"high\": 0.001, \"log\": true}}"}
{"op_code": 5, "worker_id": "2f64de31-0a10-4abb-82ca-6eb9e1ef11c4-140452256319296", "trial_id": 27, "param_name": "random_seed", "param_value_internal": 0, "distribution": "{\"name\": \"CategoricalDistribution\", \"attributes\": {\"choices\": [42]}}"}
{"op_code": 5, "worker_id": "2f64de31-0a10-4abb-82ca-6eb9e1ef11c4-140452256319296", "trial_id": 27, "param_name": "degree", "param_value_internal": 0, "distribution": "{\"name\": \"CategoricalDistribution\", \"attributes\": {\"choices\": [0]}}"}
{"op_code": 8, "worker_id": "2f64de31-0a10-4abb-82ca-6eb9e1ef11c4-140452256319296", "trial_id": 27, "user_attr": {"best_epoch": 1}}
{"op_code": 8, "worker_id": "2f64de31-0a10-4abb-82ca-6eb9e1ef11c4-140452256319296", "trial_id": 27, "user_attr": {"test_loss": 0.45147388931476057}}
{"op_code": 6, "worker_id": "2f64de31-0a10-4abb-82ca-6eb9e1ef11c4-140452256319296", "trial_id": 27, "state": 1, "values": [0.4521391017398979], "datetime_complete": "2024-08-27T17:09:29.226730"}
{"op_code": 4, "worker_id": "2f64de31-0a10-4abb-82ca-6eb9e1ef11c4-140452256319296", "study_id": 0, "datetime_start": "2024-08-27T17:09:29.235951"}
{"op_code": 5, "worker_id": "2f64de31-0a10-4abb-82ca-6eb9e1ef11c4-140452256319296", "trial_id": 28, "param_name": "lr", "param_value_internal": 0.0001498723907608687, "distribution": "{\"name\": \"FloatDistribution\", \"attributes\": {\"step\": null, \"low\": 1e-05, \"high\": 0.001, \"log\": true}}"}
{"op_code": 5, "worker_id": "2f64de31-0a10-4abb-82ca-6eb9e1ef11c4-140452256319296", "trial_id": 28, "param_name": "l2reg", "param_value_internal": 2.5243648801733957e-08, "distribution": "{\"name\": \"FloatDistribution\", \"attributes\": {\"step\": null, \"low\": 1e-08, \"high\": 0.001, \"log\": true}}"}
{"op_code": 5, "worker_id": "2f64de31-0a10-4abb-82ca-6eb9e1ef11c4-140452256319296", "trial_id": 28, "param_name": "random_seed", "param_value_internal": 0, "distribution": "{\"name\": \"CategoricalDistribution\", \"attributes\": {\"choices\": [42]}}"}
{"op_code": 5, "worker_id": "2f64de31-0a10-4abb-82ca-6eb9e1ef11c4-140452256319296", "trial_id": 28, "param_name": "degree", "param_value_internal": 0, "distribution": "{\"name\": \"CategoricalDistribution\", \"attributes\": {\"choices\": [0]}}"}
{"op_code": 8, "worker_id": "2f64de31-0a10-4abb-82ca-6eb9e1ef11c4-140452256319296", "trial_id": 28, "user_attr": {"best_epoch": 1}}
{"op_code": 8, "worker_id": "2f64de31-0a10-4abb-82ca-6eb9e1ef11c4-140452256319296", "trial_id": 28, "user_attr": {"test_loss": 0.451289920380658}}
{"op_code": 6, "worker_id": "2f64de31-0a10-4abb-82ca-6eb9e1ef11c4-140452256319296", "trial_id": 28, "state": 1, "values": [0.4520195352942434], "datetime_complete": "2024-08-27T17:17:38.207669"}
{"op_code": 4, "worker_id": "2f64de31-0a10-4abb-82ca-6eb9e1ef11c4-140452256319296", "study_id": 0, "datetime_start": "2024-08-27T17:17:38.216441"}
{"op_code": 5, "worker_id": "2f64de31-0a10-4abb-82ca-6eb9e1ef11c4-140452256319296", "trial_id": 29, "param_name": "lr", "param_value_internal": 0.00041317312878129484, "distribution": "{\"name\": \"FloatDistribution\", \"attributes\": {\"step\": null, \"low\": 1e-05, \"high\": 0.001, \"log\": true}}"}
{"op_code": 5, "worker_id": "2f64de31-0a10-4abb-82ca-6eb9e1ef11c4-140452256319296", "trial_id": 29, "param_name": "l2reg", "param_value_internal": 6.457321000726223e-08, "distribution": "{\"name\": \"FloatDistribution\", \"attributes\": {\"step\": null, \"low\": 1e-08, \"high\": 0.001, \"log\": true}}"}
{"op_code": 5, "worker_id": "2f64de31-0a10-4abb-82ca-6eb9e1ef11c4-140452256319296", "trial_id": 29, "param_name": "random_seed", "param_value_internal": 0, "distribution": "{\"name\": \"CategoricalDistribution\", \"attributes\": {\"choices\": [42]}}"}
{"op_code": 5, "worker_id": "2f64de31-0a10-4abb-82ca-6eb9e1ef11c4-140452256319296", "trial_id": 29, "param_name": "degree", "param_value_internal": 0, "distribution": "{\"name\": \"CategoricalDistribution\", \"attributes\": {\"choices\": [0]}}"}
{"op_code": 8, "worker_id": "2f64de31-0a10-4abb-82ca-6eb9e1ef11c4-140452256319296", "trial_id": 29, "user_attr": {"best_epoch": 0}}
{"op_code": 8, "worker_id": "2f64de31-0a10-4abb-82ca-6eb9e1ef11c4-140452256319296", "trial_id": 29, "user_attr": {"test_loss": 0.4508726976205819}}
{"op_code": 6, "worker_id": "2f64de31-0a10-4abb-82ca-6eb9e1ef11c4-140452256319296", "trial_id": 29, "state": 1, "values": [0.4517175651201925], "datetime_complete": "2024-08-27T17:24:06.113138"}
{"op_code": 4, "worker_id": "2f64de31-0a10-4abb-82ca-6eb9e1ef11c4-140452256319296", "study_id": 0, "datetime_start": "2024-08-27T17:24:06.124459"}
{"op_code": 5, "worker_id": "2f64de31-0a10-4abb-82ca-6eb9e1ef11c4-140452256319296", "trial_id": 30, "param_name": "lr", "param_value_internal": 4.783159523796781e-05, "distribution": "{\"name\": \"FloatDistribution\", \"attributes\": {\"step\": null, \"low\": 1e-05, \"high\": 0.001, \"log\": true}}"}
{"op_code": 5, "worker_id": "2f64de31-0a10-4abb-82ca-6eb9e1ef11c4-140452256319296", "trial_id": 30, "param_name": "l2reg", "param_value_internal": 1.9328200770855613e-07, "distribution": "{\"name\": \"FloatDistribution\", \"attributes\": {\"step\": null, \"low\": 1e-08, \"high\": 0.001, \"log\": true}}"}
{"op_code": 5, "worker_id": "2f64de31-0a10-4abb-82ca-6eb9e1ef11c4-140452256319296", "trial_id": 30, "param_name": "random_seed", "param_value_internal": 0, "distribution": "{\"name\": \"CategoricalDistribution\", \"attributes\": {\"choices\": [42]}}"}
{"op_code": 5, "worker_id": "2f64de31-0a10-4abb-82ca-6eb9e1ef11c4-140452256319296", "trial_id": 30, "param_name": "degree", "param_value_internal": 0, "distribution": "{\"name\": \"CategoricalDistribution\", \"attributes\": {\"choices\": [0]}}"}
{"op_code": 8, "worker_id": "2f64de31-0a10-4abb-82ca-6eb9e1ef11c4-140452256319296", "trial_id": 30, "user_attr": {"best_epoch": 5}}
{"op_code": 8, "worker_id": "2f64de31-0a10-4abb-82ca-6eb9e1ef11c4-140452256319296", "trial_id": 30, "user_attr": {"test_loss": 0.45329273469686926}}
{"op_code": 6, "worker_id": "2f64de31-0a10-4abb-82ca-6eb9e1ef11c4-140452256319296", "trial_id": 30, "state": 1, "values": [0.45369254931543246], "datetime_complete": "2024-08-27T17:37:55.217210"}
{"op_code": 4, "worker_id": "2f64de31-0a10-4abb-82ca-6eb9e1ef11c4-140452256319296", "study_id": 0, "datetime_start": "2024-08-27T17:37:55.228616"}
{"op_code": 5, "worker_id": "2f64de31-0a10-4abb-82ca-6eb9e1ef11c4-140452256319296", "trial_id": 31, "param_name": "lr", "param_value_internal": 0.00042530162332214325, "distribution": "{\"name\": \"FloatDistribution\", \"attributes\": {\"step\": null, \"low\": 1e-05, \"high\": 0.001, \"log\": true}}"}
{"op_code": 5, "worker_id": "2f64de31-0a10-4abb-82ca-6eb9e1ef11c4-140452256319296", "trial_id": 31, "param_name": "l2reg", "param_value_internal": 1.7163455899585458e-08, "distribution": "{\"name\": \"FloatDistribution\", \"attributes\": {\"step\": null, \"low\": 1e-08, \"high\": 0.001, \"log\": true}}"}
{"op_code": 5, "worker_id": "2f64de31-0a10-4abb-82ca-6eb9e1ef11c4-140452256319296", "trial_id": 31, "param_name": "random_seed", "param_value_internal": 0, "distribution": "{\"name\": \"CategoricalDistribution\", \"attributes\": {\"choices\": [42]}}"}
{"op_code": 5, "worker_id": "2f64de31-0a10-4abb-82ca-6eb9e1ef11c4-140452256319296", "trial_id": 31, "param_name": "degree", "param_value_internal": 0, "distribution": "{\"name\": \"CategoricalDistribution\", \"attributes\": {\"choices\": [0]}}"}
{"op_code": 8, "worker_id": "2f64de31-0a10-4abb-82ca-6eb9e1ef11c4-140452256319296", "trial_id": 31, "user_attr": {"best_epoch": 0}}
{"op_code": 8, "worker_id": "2f64de31-0a10-4abb-82ca-6eb9e1ef11c4-140452256319296", "trial_id": 31, "user_attr": {"test_loss": 0.4508544496125925}}
{"op_code": 6, "worker_id": "2f64de31-0a10-4abb-82ca-6eb9e1ef11c4-140452256319296", "trial_id": 31, "state": 1, "values": [0.45170573063802366], "datetime_complete": "2024-08-27T17:45:03.644865"}
{"op_code": 4, "worker_id": "2f64de31-0a10-4abb-82ca-6eb9e1ef11c4-140452256319296", "study_id": 0, "datetime_start": "2024-08-27T17:45:03.659788"}
{"op_code": 5, "worker_id": "2f64de31-0a10-4abb-82ca-6eb9e1ef11c4-140452256319296", "trial_id": 32, "param_name": "lr", "param_value_internal": 0.0006738420564053652, "distribution": "{\"name\": \"FloatDistribution\", \"attributes\": {\"step\": null, \"low\": 1e-05, \"high\": 0.001, \"log\": true}}"}
{"op_code": 5, "worker_id": "2f64de31-0a10-4abb-82ca-6eb9e1ef11c4-140452256319296", "trial_id": 32, "param_name": "l2reg", "param_value_internal": 2.164842594066686e-08, "distribution": "{\"name\": \"FloatDistribution\", \"attributes\": {\"step\": null, \"low\": 1e-08, \"high\": 0.001, \"log\": true}}"}
{"op_code": 5, "worker_id": "2f64de31-0a10-4abb-82ca-6eb9e1ef11c4-140452256319296", "trial_id": 32, "param_name": "random_seed", "param_value_internal": 0, "distribution": "{\"name\": \"CategoricalDistribution\", \"attributes\": {\"choices\": [42]}}"}
{"op_code": 5, "worker_id": "2f64de31-0a10-4abb-82ca-6eb9e1ef11c4-140452256319296", "trial_id": 32, "param_name": "degree", "param_value_internal": 0, "distribution": "{\"name\": \"CategoricalDistribution\", \"attributes\": {\"choices\": [0]}}"}
{"op_code": 8, "worker_id": "2f64de31-0a10-4abb-82ca-6eb9e1ef11c4-140452256319296", "trial_id": 32, "user_attr": {"best_epoch": 0}}
{"op_code": 8, "worker_id": "2f64de31-0a10-4abb-82ca-6eb9e1ef11c4-140452256319296", "trial_id": 32, "user_attr": {"test_loss": 0.4509216389307125}}
{"op_code": 6, "worker_id": "2f64de31-0a10-4abb-82ca-6eb9e1ef11c4-140452256319296", "trial_id": 32, "state": 1, "values": [0.45185522687084073], "datetime_complete": "2024-08-27T17:51:38.184560"}
{"op_code": 4, "worker_id": "2f64de31-0a10-4abb-82ca-6eb9e1ef11c4-140452256319296", "study_id": 0, "datetime_start": "2024-08-27T17:51:38.195803"}
{"op_code": 5, "worker_id": "2f64de31-0a10-4abb-82ca-6eb9e1ef11c4-140452256319296", "trial_id": 33, "param_name": "lr", "param_value_internal": 0.00046647584179475786, "distribution": "{\"name\": \"FloatDistribution\", \"attributes\": {\"step\": null, \"low\": 1e-05, \"high\": 0.001, \"log\": true}}"}
{"op_code": 5, "worker_id": "2f64de31-0a10-4abb-82ca-6eb9e1ef11c4-140452256319296", "trial_id": 33, "param_name": "l2reg", "param_value_internal": 1.0195591528780904e-08, "distribution": "{\"name\": \"FloatDistribution\", \"attributes\": {\"step\": null, \"low\": 1e-08, \"high\": 0.001, \"log\": true}}"}
{"op_code": 5, "worker_id": "2f64de31-0a10-4abb-82ca-6eb9e1ef11c4-140452256319296", "trial_id": 33, "param_name": "random_seed", "param_value_internal": 0, "distribution": "{\"name\": \"CategoricalDistribution\", \"attributes\": {\"choices\": [42]}}"}
{"op_code": 5, "worker_id": "2f64de31-0a10-4abb-82ca-6eb9e1ef11c4-140452256319296", "trial_id": 33, "param_name": "degree", "param_value_internal": 0, "distribution": "{\"name\": \"CategoricalDistribution\", \"attributes\": {\"choices\": [0]}}"}
{"op_code": 8, "worker_id": "2f64de31-0a10-4abb-82ca-6eb9e1ef11c4-140452256319296", "trial_id": 33, "user_attr": {"best_epoch": 0}}
{"op_code": 8, "worker_id": "2f64de31-0a10-4abb-82ca-6eb9e1ef11c4-140452256319296", "trial_id": 33, "user_attr": {"test_loss": 0.45082516881316176}}
{"op_code": 6, "worker_id": "2f64de31-0a10-4abb-82ca-6eb9e1ef11c4-140452256319296", "trial_id": 33, "state": 1, "values": [0.4516914147321742], "datetime_complete": "2024-08-27T17:58:04.295534"}
{"op_code": 4, "worker_id": "2f64de31-0a10-4abb-82ca-6eb9e1ef11c4-140452256319296", "study_id": 0, "datetime_start": "2024-08-27T17:58:04.306974"}
{"op_code": 5, "worker_id": "2f64de31-0a10-4abb-82ca-6eb9e1ef11c4-140452256319296", "trial_id": 34, "param_name": "lr", "param_value_internal": 0.0003105742476852926, "distribution": "{\"name\": \"FloatDistribution\", \"attributes\": {\"step\": null, \"low\": 1e-05, \"high\": 0.001, \"log\": true}}"}
{"op_code": 5, "worker_id": "2f64de31-0a10-4abb-82ca-6eb9e1ef11c4-140452256319296", "trial_id": 34, "param_name": "l2reg", "param_value_internal": 5.969590312447521e-08, "distribution": "{\"name\": \"FloatDistribution\", \"attributes\": {\"step\": null, \"low\": 1e-08, \"high\": 0.001, \"log\": true}}"}
{"op_code": 5, "worker_id": "2f64de31-0a10-4abb-82ca-6eb9e1ef11c4-140452256319296", "trial_id": 34, "param_name": "random_seed", "param_value_internal": 0, "distribution": "{\"name\": \"CategoricalDistribution\", \"attributes\": {\"choices\": [42]}}"}
{"op_code": 5, "worker_id": "2f64de31-0a10-4abb-82ca-6eb9e1ef11c4-140452256319296", "trial_id": 34, "param_name": "degree", "param_value_internal": 0, "distribution": "{\"name\": \"CategoricalDistribution\", \"attributes\": {\"choices\": [0]}}"}
{"op_code": 8, "worker_id": "2f64de31-0a10-4abb-82ca-6eb9e1ef11c4-140452256319296", "trial_id": 34, "user_attr": {"best_epoch": 0}}
{"op_code": 8, "worker_id": "2f64de31-0a10-4abb-82ca-6eb9e1ef11c4-140452256319296", "trial_id": 34, "user_attr": {"test_loss": 0.45136440126682403}}
{"op_code": 6, "worker_id": "2f64de31-0a10-4abb-82ca-6eb9e1ef11c4-140452256319296", "trial_id": 34, "state": 1, "values": [0.4520822198739895], "datetime_complete": "2024-08-27T18:04:30.028043"}
{"op_code": 4, "worker_id": "2f64de31-0a10-4abb-82ca-6eb9e1ef11c4-140452256319296", "study_id": 0, "datetime_start": "2024-08-27T18:04:30.038286"}
{"op_code": 5, "worker_id": "2f64de31-0a10-4abb-82ca-6eb9e1ef11c4-140452256319296", "trial_id": 35, "param_name": "lr", "param_value_internal": 0.0001828236503713605, "distribution": "{\"name\": \"FloatDistribution\", \"attributes\": {\"step\": null, \"low\": 1e-05, \"high\": 0.001, \"log\": true}}"}
{"op_code": 5, "worker_id": "2f64de31-0a10-4abb-82ca-6eb9e1ef11c4-140452256319296", "trial_id": 35, "param_name": "l2reg", "param_value_internal": 4.415813637237812e-08, "distribution": "{\"name\": \"FloatDistribution\", \"attributes\": {\"step\": null, \"low\": 1e-08, \"high\": 0.001, \"log\": true}}"}
{"op_code": 5, "worker_id": "2f64de31-0a10-4abb-82ca-6eb9e1ef11c4-140452256319296", "trial_id": 35, "param_name": "random_seed", "param_value_internal": 0, "distribution": "{\"name\": \"CategoricalDistribution\", \"attributes\": {\"choices\": [42]}}"}
{"op_code": 5, "worker_id": "2f64de31-0a10-4abb-82ca-6eb9e1ef11c4-140452256319296", "trial_id": 35, "param_name": "degree", "param_value_internal": 0, "distribution": "{\"name\": \"CategoricalDistribution\", \"attributes\": {\"choices\": [0]}}"}
{"op_code": 8, "worker_id": "2f64de31-0a10-4abb-82ca-6eb9e1ef11c4-140452256319296", "trial_id": 35, "user_attr": {"best_epoch": 1}}
{"op_code": 8, "worker_id": "2f64de31-0a10-4abb-82ca-6eb9e1ef11c4-140452256319296", "trial_id": 35, "user_attr": {"test_loss": 0.4510165056668082}}
{"op_code": 6, "worker_id": "2f64de31-0a10-4abb-82ca-6eb9e1ef11c4-140452256319296", "trial_id": 35, "state": 1, "values": [0.45170019515442855], "datetime_complete": "2024-08-27T18:12:25.068258"}
{"op_code": 4, "worker_id": "2f64de31-0a10-4abb-82ca-6eb9e1ef11c4-140452256319296", "study_id": 0, "datetime_start": "2024-08-27T18:12:25.077068"}
{"op_code": 5, "worker_id": "2f64de31-0a10-4abb-82ca-6eb9e1ef11c4-140452256319296", "trial_id": 36, "param_name": "lr", "param_value_internal": 0.0002673125700269251, "distribution": "{\"name\": \"FloatDistribution\", \"attributes\": {\"step\": null, \"low\": 1e-05, \"high\": 0.001, \"log\": true}}"}
{"op_code": 5, "worker_id": "2f64de31-0a10-4abb-82ca-6eb9e1ef11c4-140452256319296", "trial_id": 36, "param_name": "l2reg", "param_value_internal": 1.4463967528867268e-08, "distribution": "{\"name\": \"FloatDistribution\", \"attributes\": {\"step\": null, \"low\": 1e-08, \"high\": 0.001, \"log\": true}}"}
{"op_code": 5, "worker_id": "2f64de31-0a10-4abb-82ca-6eb9e1ef11c4-140452256319296", "trial_id": 36, "param_name": "random_seed", "param_value_internal": 0, "distribution": "{\"name\": \"CategoricalDistribution\", \"attributes\": {\"choices\": [42]}}"}
{"op_code": 5, "worker_id": "2f64de31-0a10-4abb-82ca-6eb9e1ef11c4-140452256319296", "trial_id": 36, "param_name": "degree", "param_value_internal": 0, "distribution": "{\"name\": \"CategoricalDistribution\", \"attributes\": {\"choices\": [0]}}"}
{"op_code": 8, "worker_id": "2f64de31-0a10-4abb-82ca-6eb9e1ef11c4-140452256319296", "trial_id": 36, "user_attr": {"best_epoch": 0}}
{"op_code": 8, "worker_id": "2f64de31-0a10-4abb-82ca-6eb9e1ef11c4-140452256319296", "trial_id": 36, "user_attr": {"test_loss": 0.45189439518924485}}
{"op_code": 6, "worker_id": "2f64de31-0a10-4abb-82ca-6eb9e1ef11c4-140452256319296", "trial_id": 36, "state": 1, "values": [0.4525094065045368], "datetime_complete": "2024-08-27T18:18:49.546593"}
{"op_code": 4, "worker_id": "2f64de31-0a10-4abb-82ca-6eb9e1ef11c4-140452256319296", "study_id": 0, "datetime_start": "2024-08-27T18:18:49.575842"}
{"op_code": 5, "worker_id": "2f64de31-0a10-4abb-82ca-6eb9e1ef11c4-140452256319296", "trial_id": 37, "param_name": "lr", "param_value_internal": 0.0007316222457948819, "distribution": "{\"name\": \"FloatDistribution\", \"attributes\": {\"step\": null, \"low\": 1e-05, \"high\": 0.001, \"log\": true}}"}
{"op_code": 5, "worker_id": "2f64de31-0a10-4abb-82ca-6eb9e1ef11c4-140452256319296", "trial_id": 37, "param_name": "l2reg", "param_value_internal": 1.037825468977442e-08, "distribution": "{\"name\": \"FloatDistribution\", \"attributes\": {\"step\": null, \"low\": 1e-08, \"high\": 0.001, \"log\": true}}"}
{"op_code": 5, "worker_id": "2f64de31-0a10-4abb-82ca-6eb9e1ef11c4-140452256319296", "trial_id": 37, "param_name": "random_seed", "param_value_internal": 0, "distribution": "{\"name\": \"CategoricalDistribution\", \"attributes\": {\"choices\": [42]}}"}
{"op_code": 5, "worker_id": "2f64de31-0a10-4abb-82ca-6eb9e1ef11c4-140452256319296", "trial_id": 37, "param_name": "degree", "param_value_internal": 0, "distribution": "{\"name\": \"CategoricalDistribution\", \"attributes\": {\"choices\": [0]}}"}
{"op_code": 8, "worker_id": "2f64de31-0a10-4abb-82ca-6eb9e1ef11c4-140452256319296", "trial_id": 37, "user_attr": {"best_epoch": 0}}
{"op_code": 8, "worker_id": "2f64de31-0a10-4abb-82ca-6eb9e1ef11c4-140452256319296", "trial_id": 37, "user_attr": {"test_loss": 0.45096519746024377}}
{"op_code": 6, "worker_id": "2f64de31-0a10-4abb-82ca-6eb9e1ef11c4-140452256319296", "trial_id": 37, "state": 1, "values": [0.4519339452651382], "datetime_complete": "2024-08-27T18:25:14.451818"}
{"op_code": 4, "worker_id": "2f64de31-0a10-4abb-82ca-6eb9e1ef11c4-140452256319296", "study_id": 0, "datetime_start": "2024-08-27T18:25:14.460612"}
{"op_code": 5, "worker_id": "2f64de31-0a10-4abb-82ca-6eb9e1ef11c4-140452256319296", "trial_id": 38, "param_name": "lr", "param_value_internal": 0.0005038908735602028, "distribution": "{\"name\": \"FloatDistribution\", \"attributes\": {\"step\": null, \"low\": 1e-05, \"high\": 0.001, \"log\": true}}"}
{"op_code": 5, "worker_id": "2f64de31-0a10-4abb-82ca-6eb9e1ef11c4-140452256319296", "trial_id": 38, "param_name": "l2reg", "param_value_internal": 0.00015148306156180868, "distribution": "{\"name\": \"FloatDistribution\", \"attributes\": {\"step\": null, \"low\": 1e-08, \"high\": 0.001, \"log\": true}}"}
{"op_code": 5, "worker_id": "2f64de31-0a10-4abb-82ca-6eb9e1ef11c4-140452256319296", "trial_id": 38, "param_name": "random_seed", "param_value_internal": 0, "distribution": "{\"name\": \"CategoricalDistribution\", \"attributes\": {\"choices\": [42]}}"}
{"op_code": 5, "worker_id": "2f64de31-0a10-4abb-82ca-6eb9e1ef11c4-140452256319296", "trial_id": 38, "param_name": "degree", "param_value_internal": 0, "distribution": "{\"name\": \"CategoricalDistribution\", \"attributes\": {\"choices\": [0]}}"}
{"op_code": 8, "worker_id": "2f64de31-0a10-4abb-82ca-6eb9e1ef11c4-140452256319296", "trial_id": 38, "user_attr": {"best_epoch": 0}}
{"op_code": 8, "worker_id": "2f64de31-0a10-4abb-82ca-6eb9e1ef11c4-140452256319296", "trial_id": 38, "user_attr": {"test_loss": 0.4508231454984684}}
{"op_code": 6, "worker_id": "2f64de31-0a10-4abb-82ca-6eb9e1ef11c4-140452256319296", "trial_id": 38, "state": 1, "values": [0.45170057691191784], "datetime_complete": "2024-08-27T18:31:46.861339"}
{"op_code": 4, "worker_id": "2f64de31-0a10-4abb-82ca-6eb9e1ef11c4-140452256319296", "study_id": 0, "datetime_start": "2024-08-27T18:31:46.870296"}
{"op_code": 5, "worker_id": "2f64de31-0a10-4abb-82ca-6eb9e1ef11c4-140452256319296", "trial_id": 39, "param_name": "lr", "param_value_internal": 3.2367871286896835e-05, "distribution": "{\"name\": \"FloatDistribution\", \"attributes\": {\"step\": null, \"low\": 1e-05, \"high\": 0.001, \"log\": true}}"}
{"op_code": 5, "worker_id": "2f64de31-0a10-4abb-82ca-6eb9e1ef11c4-140452256319296", "trial_id": 39, "param_name": "l2reg", "param_value_internal": 1.0651633357960195e-07, "distribution": "{\"name\": \"FloatDistribution\", \"attributes\": {\"step\": null, \"low\": 1e-08, \"high\": 0.001, \"log\": true}}"}
{"op_code": 5, "worker_id": "2f64de31-0a10-4abb-82ca-6eb9e1ef11c4-140452256319296", "trial_id": 39, "param_name": "random_seed", "param_value_internal": 0, "distribution": "{\"name\": \"CategoricalDistribution\", \"attributes\": {\"choices\": [42]}}"}
{"op_code": 5, "worker_id": "2f64de31-0a10-4abb-82ca-6eb9e1ef11c4-140452256319296", "trial_id": 39, "param_name": "degree", "param_value_internal": 0, "distribution": "{\"name\": \"CategoricalDistribution\", \"attributes\": {\"choices\": [0]}}"}
{"op_code": 8, "worker_id": "2f64de31-0a10-4abb-82ca-6eb9e1ef11c4-140452256319296", "trial_id": 39, "user_attr": {"best_epoch": 8}}
{"op_code": 8, "worker_id": "2f64de31-0a10-4abb-82ca-6eb9e1ef11c4-140452256319296", "trial_id": 39, "user_attr": {"test_loss": 0.4540278850940498}}
{"op_code": 6, "worker_id": "2f64de31-0a10-4abb-82ca-6eb9e1ef11c4-140452256319296", "trial_id": 39, "state": 1, "values": [0.4541739073337141], "datetime_complete": "2024-08-27T18:47:25.154531"}
{"op_code": 4, "worker_id": "2f64de31-0a10-4abb-82ca-6eb9e1ef11c4-140452256319296", "study_id": 0, "datetime_start": "2024-08-27T18:47:25.164620"}
{"op_code": 5, "worker_id": "2f64de31-0a10-4abb-82ca-6eb9e1ef11c4-140452256319296", "trial_id": 40, "param_name": "lr", "param_value_internal": 0.00010516817478085478, "distribution": "{\"name\": \"FloatDistribution\", \"attributes\": {\"step\": null, \"low\": 1e-05, \"high\": 0.001, \"log\": true}}"}
{"op_code": 5, "worker_id": "2f64de31-0a10-4abb-82ca-6eb9e1ef11c4-140452256319296", "trial_id": 40, "param_name": "l2reg", "param_value_internal": 1.648880745990303e-06, "distribution": "{\"name\": \"FloatDistribution\", \"attributes\": {\"step\": null, \"low\": 1e-08, \"high\": 0.001, \"log\": true}}"}
{"op_code": 5, "worker_id": "2f64de31-0a10-4abb-82ca-6eb9e1ef11c4-140452256319296", "trial_id": 40, "param_name": "random_seed", "param_value_internal": 0, "distribution": "{\"name\": \"CategoricalDistribution\", \"attributes\": {\"choices\": [42]}}"}
{"op_code": 5, "worker_id": "2f64de31-0a10-4abb-82ca-6eb9e1ef11c4-140452256319296", "trial_id": 40, "param_name": "degree", "param_value_internal": 0, "distribution": "{\"name\": \"CategoricalDistribution\", \"attributes\": {\"choices\": [0]}}"}
{"op_code": 8, "worker_id": "2f64de31-0a10-4abb-82ca-6eb9e1ef11c4-140452256319296", "trial_id": 40, "user_attr": {"best_epoch": 2}}
{"op_code": 8, "worker_id": "2f64de31-0a10-4abb-82ca-6eb9e1ef11c4-140452256319296", "trial_id": 40, "user_attr": {"test_loss": 0.4518022389313234}}
{"op_code": 6, "worker_id": "2f64de31-0a10-4abb-82ca-6eb9e1ef11c4-140452256319296", "trial_id": 40, "state": 1, "values": [0.4522353046272062], "datetime_complete": "2024-08-27T18:56:47.008335"}
{"op_code": 4, "worker_id": "2f64de31-0a10-4abb-82ca-6eb9e1ef11c4-140452256319296", "study_id": 0, "datetime_start": "2024-08-27T18:56:47.035892"}
{"op_code": 5, "worker_id": "2f64de31-0a10-4abb-82ca-6eb9e1ef11c4-140452256319296", "trial_id": 41, "param_name": "lr", "param_value_internal": 0.00017389929268689635, "distribution": "{\"name\": \"FloatDistribution\", \"attributes\": {\"step\": null, \"low\": 1e-05, \"high\": 0.001, \"log\": true}}"}
{"op_code": 5, "worker_id": "2f64de31-0a10-4abb-82ca-6eb9e1ef11c4-140452256319296", "trial_id": 41, "param_name": "l2reg", "param_value_internal": 4.6339304565687843e-08, "distribution": "{\"name\": \"FloatDistribution\", \"attributes\": {\"step\": null, \"low\": 1e-08, \"high\": 0.001, \"log\": true}}"}
{"op_code": 5, "worker_id": "2f64de31-0a10-4abb-82ca-6eb9e1ef11c4-140452256319296", "trial_id": 41, "param_name": "random_seed", "param_value_internal": 0, "distribution": "{\"name\": \"CategoricalDistribution\", \"attributes\": {\"choices\": [42]}}"}
{"op_code": 5, "worker_id": "2f64de31-0a10-4abb-82ca-6eb9e1ef11c4-140452256319296", "trial_id": 41, "param_name": "degree", "param_value_internal": 0, "distribution": "{\"name\": \"CategoricalDistribution\", \"attributes\": {\"choices\": [0]}}"}
{"op_code": 8, "worker_id": "2f64de31-0a10-4abb-82ca-6eb9e1ef11c4-140452256319296", "trial_id": 41, "user_attr": {"best_epoch": 1}}
{"op_code": 8, "worker_id": "2f64de31-0a10-4abb-82ca-6eb9e1ef11c4-140452256319296", "trial_id": 41, "user_attr": {"test_loss": 0.45103708239548246}}
{"op_code": 6, "worker_id": "2f64de31-0a10-4abb-82ca-6eb9e1ef11c4-140452256319296", "trial_id": 41, "state": 1, "values": [0.45173050669908044], "datetime_complete": "2024-08-27T19:04:40.904922"}
{"op_code": 4, "worker_id": "2f64de31-0a10-4abb-82ca-6eb9e1ef11c4-140452256319296", "study_id": 0, "datetime_start": "2024-08-27T19:04:40.913810"}
{"op_code": 5, "worker_id": "2f64de31-0a10-4abb-82ca-6eb9e1ef11c4-140452256319296", "trial_id": 42, "param_name": "lr", "param_value_internal": 7.454393974785203e-05, "distribution": "{\"name\": \"FloatDistribution\", \"attributes\": {\"step\": null, \"low\": 1e-05, \"high\": 0.001, \"log\": true}}"}
{"op_code": 5, "worker_id": "2f64de31-0a10-4abb-82ca-6eb9e1ef11c4-140452256319296", "trial_id": 42, "param_name": "l2reg", "param_value_internal": 1.1243890405667835e-05, "distribution": "{\"name\": \"FloatDistribution\", \"attributes\": {\"step\": null, \"low\": 1e-08, \"high\": 0.001, \"log\": true}}"}
{"op_code": 5, "worker_id": "2f64de31-0a10-4abb-82ca-6eb9e1ef11c4-140452256319296", "trial_id": 42, "param_name": "random_seed", "param_value_internal": 0, "distribution": "{\"name\": \"CategoricalDistribution\", \"attributes\": {\"choices\": [42]}}"}
{"op_code": 5, "worker_id": "2f64de31-0a10-4abb-82ca-6eb9e1ef11c4-140452256319296", "trial_id": 42, "param_name": "degree", "param_value_internal": 0, "distribution": "{\"name\": \"CategoricalDistribution\", \"attributes\": {\"choices\": [0]}}"}
{"op_code": 8, "worker_id": "2f64de31-0a10-4abb-82ca-6eb9e1ef11c4-140452256319296", "trial_id": 42, "user_attr": {"best_epoch": 3}}
{"op_code": 8, "worker_id": "2f64de31-0a10-4abb-82ca-6eb9e1ef11c4-140452256319296", "trial_id": 42, "user_attr": {"test_loss": 0.4524470273307822}}
{"op_code": 6, "worker_id": "2f64de31-0a10-4abb-82ca-6eb9e1ef11c4-140452256319296", "trial_id": 42, "state": 1, "values": [0.4528015273353633], "datetime_complete": "2024-08-27T19:15:25.610564"}
{"op_code": 4, "worker_id": "2f64de31-0a10-4abb-82ca-6eb9e1ef11c4-140452256319296", "study_id": 0, "datetime_start": "2024-08-27T19:15:25.620321"}
{"op_code": 5, "worker_id": "2f64de31-0a10-4abb-82ca-6eb9e1ef11c4-140452256319296", "trial_id": 43, "param_name": "lr", "param_value_internal": 0.0003535730004471936, "distribution": "{\"name\": \"FloatDistribution\", \"attributes\": {\"step\": null, \"low\": 1e-05, \"high\": 0.001, \"log\": true}}"}
{"op_code": 5, "worker_id": "2f64de31-0a10-4abb-82ca-6eb9e1ef11c4-140452256319296", "trial_id": 43, "param_name": "l2reg", "param_value_internal": 2.4960298111877358e-08, "distribution": "{\"name\": \"FloatDistribution\", \"attributes\": {\"step\": null, \"low\": 1e-08, \"high\": 0.001, \"log\": true}}"}
{"op_code": 5, "worker_id": "2f64de31-0a10-4abb-82ca-6eb9e1ef11c4-140452256319296", "trial_id": 43, "param_name": "random_seed", "param_value_internal": 0, "distribution": "{\"name\": \"CategoricalDistribution\", \"attributes\": {\"choices\": [42]}}"}
{"op_code": 5, "worker_id": "2f64de31-0a10-4abb-82ca-6eb9e1ef11c4-140452256319296", "trial_id": 43, "param_name": "degree", "param_value_internal": 0, "distribution": "{\"name\": \"CategoricalDistribution\", \"attributes\": {\"choices\": [0]}}"}
{"op_code": 8, "worker_id": "2f64de31-0a10-4abb-82ca-6eb9e1ef11c4-140452256319296", "trial_id": 43, "user_attr": {"best_epoch": 0}}
{"op_code": 8, "worker_id": "2f64de31-0a10-4abb-82ca-6eb9e1ef11c4-140452256319296", "trial_id": 43, "user_attr": {"test_loss": 0.451061972983786}}
{"op_code": 6, "worker_id": "2f64de31-0a10-4abb-82ca-6eb9e1ef11c4-140452256319296", "trial_id": 43, "state": 1, "values": [0.45185087483546255], "datetime_complete": "2024-08-27T19:21:55.937667"}
{"op_code": 4, "worker_id": "2f64de31-0a10-4abb-82ca-6eb9e1ef11c4-140452256319296", "study_id": 0, "datetime_start": "2024-08-27T19:21:55.946742"}
{"op_code": 5, "worker_id": "2f64de31-0a10-4abb-82ca-6eb9e1ef11c4-140452256319296", "trial_id": 44, "param_name": "lr", "param_value_internal": 0.00019725384394984275, "distribution": "{\"name\": \"FloatDistribution\", \"attributes\": {\"step\": null, \"low\": 1e-05, \"high\": 0.001, \"log\": true}}"}
{"op_code": 5, "worker_id": "2f64de31-0a10-4abb-82ca-6eb9e1ef11c4-140452256319296", "trial_id": 44, "param_name": "l2reg", "param_value_internal": 4.755543361170443e-08, "distribution": "{\"name\": \"FloatDistribution\", \"attributes\": {\"step\": null, \"low\": 1e-08, \"high\": 0.001, \"log\": true}}"}
{"op_code": 5, "worker_id": "2f64de31-0a10-4abb-82ca-6eb9e1ef11c4-140452256319296", "trial_id": 44, "param_name": "random_seed", "param_value_internal": 0, "distribution": "{\"name\": \"CategoricalDistribution\", \"attributes\": {\"choices\": [42]}}"}
{"op_code": 5, "worker_id": "2f64de31-0a10-4abb-82ca-6eb9e1ef11c4-140452256319296", "trial_id": 44, "param_name": "degree", "param_value_internal": 0, "distribution": "{\"name\": \"CategoricalDistribution\", \"attributes\": {\"choices\": [0]}}"}
{"op_code": 8, "worker_id": "2f64de31-0a10-4abb-82ca-6eb9e1ef11c4-140452256319296", "trial_id": 44, "user_attr": {"best_epoch": 1}}
{"op_code": 8, "worker_id": "2f64de31-0a10-4abb-82ca-6eb9e1ef11c4-140452256319296", "trial_id": 44, "user_attr": {"test_loss": 0.451050214853115}}
{"op_code": 6, "worker_id": "2f64de31-0a10-4abb-82ca-6eb9e1ef11c4-140452256319296", "trial_id": 44, "state": 1, "values": [0.4517236350642727], "datetime_complete": "2024-08-27T19:30:10.065948"}
{"op_code": 4, "worker_id": "2f64de31-0a10-4abb-82ca-6eb9e1ef11c4-140452256319296", "study_id": 0, "datetime_start": "2024-08-27T19:30:10.075574"}
{"op_code": 5, "worker_id": "2f64de31-0a10-4abb-82ca-6eb9e1ef11c4-140452256319296", "trial_id": 45, "param_name": "lr", "param_value_internal": 0.0007878330365382049, "distribution": "{\"name\": \"FloatDistribution\", \"attributes\": {\"step\": null, \"low\": 1e-05, \"high\": 0.001, \"log\": true}}"}
{"op_code": 5, "worker_id": "2f64de31-0a10-4abb-82ca-6eb9e1ef11c4-140452256319296", "trial_id": 45, "param_name": "l2reg", "param_value_internal": 7.506287646750853e-08, "distribution": "{\"name\": \"FloatDistribution\", \"attributes\": {\"step\": null, \"low\": 1e-08, \"high\": 0.001, \"log\": true}}"}
{"op_code": 5, "worker_id": "2f64de31-0a10-4abb-82ca-6eb9e1ef11c4-140452256319296", "trial_id": 45, "param_name": "random_seed", "param_value_internal": 0, "distribution": "{\"name\": \"CategoricalDistribution\", \"attributes\": {\"choices\": [42]}}"}
{"op_code": 5, "worker_id": "2f64de31-0a10-4abb-82ca-6eb9e1ef11c4-140452256319296", "trial_id": 45, "param_name": "degree", "param_value_internal": 0, "distribution": "{\"name\": \"CategoricalDistribution\", \"attributes\": {\"choices\": [0]}}"}
{"op_code": 8, "worker_id": "2f64de31-0a10-4abb-82ca-6eb9e1ef11c4-140452256319296", "trial_id": 45, "user_attr": {"best_epoch": 0}}
{"op_code": 8, "worker_id": "2f64de31-0a10-4abb-82ca-6eb9e1ef11c4-140452256319296", "trial_id": 45, "user_attr": {"test_loss": 0.45101719283028896}}
{"op_code": 6, "worker_id": "2f64de31-0a10-4abb-82ca-6eb9e1ef11c4-140452256319296", "trial_id": 45, "state": 1, "values": [0.4520203751607199], "datetime_complete": "2024-08-27T19:36:37.809835"}
{"op_code": 4, "worker_id": "2f64de31-0a10-4abb-82ca-6eb9e1ef11c4-140452256319296", "study_id": 0, "datetime_start": "2024-08-27T19:36:37.818912"}
{"op_code": 5, "worker_id": "2f64de31-0a10-4abb-82ca-6eb9e1ef11c4-140452256319296", "trial_id": 46, "param_name": "lr", "param_value_internal": 0.00022560353426130696, "distribution": "{\"name\": \"FloatDistribution\", \"attributes\": {\"step\": null, \"low\": 1e-05, \"high\": 0.001, \"log\": true}}"}
{"op_code": 5, "worker_id": "2f64de31-0a10-4abb-82ca-6eb9e1ef11c4-140452256319296", "trial_id": 46, "param_name": "l2reg", "param_value_internal": 2.7066867662454645e-07, "distribution": "{\"name\": \"FloatDistribution\", \"attributes\": {\"step\": null, \"low\": 1e-08, \"high\": 0.001, \"log\": true}}"}
{"op_code": 5, "worker_id": "2f64de31-0a10-4abb-82ca-6eb9e1ef11c4-140452256319296", "trial_id": 46, "param_name": "random_seed", "param_value_internal": 0, "distribution": "{\"name\": \"CategoricalDistribution\", \"attributes\": {\"choices\": [42]}}"}
{"op_code": 5, "worker_id": "2f64de31-0a10-4abb-82ca-6eb9e1ef11c4-140452256319296", "trial_id": 46, "param_name": "degree", "param_value_internal": 0, "distribution": "{\"name\": \"CategoricalDistribution\", \"attributes\": {\"choices\": [0]}}"}
{"op_code": 8, "worker_id": "2f64de31-0a10-4abb-82ca-6eb9e1ef11c4-140452256319296", "trial_id": 46, "user_attr": {"best_epoch": 1}}
{"op_code": 8, "worker_id": "2f64de31-0a10-4abb-82ca-6eb9e1ef11c4-140452256319296", "trial_id": 46, "user_attr": {"test_loss": 0.45130435081375425}}
{"op_code": 6, "worker_id": "2f64de31-0a10-4abb-82ca-6eb9e1ef11c4-140452256319296", "trial_id": 46, "state": 1, "values": [0.45196948688739375], "datetime_complete": "2024-08-27T19:44:41.922995"}
{"op_code": 4, "worker_id": "2f64de31-0a10-4abb-82ca-6eb9e1ef11c4-140452256319296", "study_id": 0, "datetime_start": "2024-08-27T19:44:41.933540"}
{"op_code": 5, "worker_id": "2f64de31-0a10-4abb-82ca-6eb9e1ef11c4-140452256319296", "trial_id": 47, "param_name": "lr", "param_value_internal": 0.0004884148993094133, "distribution": "{\"name\": \"FloatDistribution\", \"attributes\": {\"step\": null, \"low\": 1e-05, \"high\": 0.001, \"log\": true}}"}
{"op_code": 5, "worker_id": "2f64de31-0a10-4abb-82ca-6eb9e1ef11c4-140452256319296", "trial_id": 47, "param_name": "l2reg", "param_value_internal": 1.0014289254440977e-08, "distribution": "{\"name\": \"FloatDistribution\", \"attributes\": {\"step\": null, \"low\": 1e-08, \"high\": 0.001, \"log\": true}}"}
{"op_code": 5, "worker_id": "2f64de31-0a10-4abb-82ca-6eb9e1ef11c4-140452256319296", "trial_id": 47, "param_name": "random_seed", "param_value_internal": 0, "distribution": "{\"name\": \"CategoricalDistribution\", \"attributes\": {\"choices\": [42]}}"}
{"op_code": 5, "worker_id": "2f64de31-0a10-4abb-82ca-6eb9e1ef11c4-140452256319296", "trial_id": 47, "param_name": "degree", "param_value_internal": 0, "distribution": "{\"name\": \"CategoricalDistribution\", \"attributes\": {\"choices\": [0]}}"}
{"op_code": 8, "worker_id": "2f64de31-0a10-4abb-82ca-6eb9e1ef11c4-140452256319296", "trial_id": 47, "user_attr": {"best_epoch": 0}}
{"op_code": 8, "worker_id": "2f64de31-0a10-4abb-82ca-6eb9e1ef11c4-140452256319296", "trial_id": 47, "user_attr": {"test_loss": 0.45082490158291927}}
{"op_code": 6, "worker_id": "2f64de31-0a10-4abb-82ca-6eb9e1ef11c4-140452256319296", "trial_id": 47, "state": 1, "values": [0.4516971792702629], "datetime_complete": "2024-08-27T19:51:09.034050"}
{"op_code": 4, "worker_id": "2f64de31-0a10-4abb-82ca-6eb9e1ef11c4-140452256319296", "study_id": 0, "datetime_start": "2024-08-27T19:51:09.042942"}
{"op_code": 5, "worker_id": "2f64de31-0a10-4abb-82ca-6eb9e1ef11c4-140452256319296", "trial_id": 48, "param_name": "lr", "param_value_internal": 0.00046346446055577886, "distribution": "{\"name\": \"FloatDistribution\", \"attributes\": {\"step\": null, \"low\": 1e-05, \"high\": 0.001, \"log\": true}}"}
{"op_code": 5, "worker_id": "2f64de31-0a10-4abb-82ca-6eb9e1ef11c4-140452256319296", "trial_id": 48, "param_name": "l2reg", "param_value_internal": 1.5014363238865215e-08, "distribution": "{\"name\": \"FloatDistribution\", \"attributes\": {\"step\": null, \"low\": 1e-08, \"high\": 0.001, \"log\": true}}"}
{"op_code": 5, "worker_id": "2f64de31-0a10-4abb-82ca-6eb9e1ef11c4-140452256319296", "trial_id": 48, "param_name": "random_seed", "param_value_internal": 0, "distribution": "{\"name\": \"CategoricalDistribution\", \"attributes\": {\"choices\": [42]}}"}
{"op_code": 5, "worker_id": "2f64de31-0a10-4abb-82ca-6eb9e1ef11c4-140452256319296", "trial_id": 48, "param_name": "degree", "param_value_internal": 0, "distribution": "{\"name\": \"CategoricalDistribution\", \"attributes\": {\"choices\": [0]}}"}
{"op_code": 8, "worker_id": "2f64de31-0a10-4abb-82ca-6eb9e1ef11c4-140452256319296", "trial_id": 48, "user_attr": {"best_epoch": 0}}
{"op_code": 8, "worker_id": "2f64de31-0a10-4abb-82ca-6eb9e1ef11c4-140452256319296", "trial_id": 48, "user_attr": {"test_loss": 0.4508260086796383}}
{"op_code": 6, "worker_id": "2f64de31-0a10-4abb-82ca-6eb9e1ef11c4-140452256319296", "trial_id": 48, "state": 1, "values": [0.45169118567768063], "datetime_complete": "2024-08-27T19:57:31.037719"}
{"op_code": 4, "worker_id": "2f64de31-0a10-4abb-82ca-6eb9e1ef11c4-140452256319296", "study_id": 0, "datetime_start": "2024-08-27T19:57:31.046963"}
{"op_code": 5, "worker_id": "2f64de31-0a10-4abb-82ca-6eb9e1ef11c4-140452256319296", "trial_id": 49, "param_name": "lr", "param_value_internal": 1.6089289843959886e-05, "distribution": "{\"name\": \"FloatDistribution\", \"attributes\": {\"step\": null, \"low\": 1e-05, \"high\": 0.001, \"log\": true}}"}
{"op_code": 5, "worker_id": "2f64de31-0a10-4abb-82ca-6eb9e1ef11c4-140452256319296", "trial_id": 49, "param_name": "l2reg", "param_value_internal": 2.017665768594778e-08, "distribution": "{\"name\": \"FloatDistribution\", \"attributes\": {\"step\": null, \"low\": 1e-08, \"high\": 0.001, \"log\": true}}"}
{"op_code": 5, "worker_id": "2f64de31-0a10-4abb-82ca-6eb9e1ef11c4-140452256319296", "trial_id": 49, "param_name": "random_seed", "param_value_internal": 0, "distribution": "{\"name\": \"CategoricalDistribution\", \"attributes\": {\"choices\": [42]}}"}
{"op_code": 5, "worker_id": "2f64de31-0a10-4abb-82ca-6eb9e1ef11c4-140452256319296", "trial_id": 49, "param_name": "degree", "param_value_internal": 0, "distribution": "{\"name\": \"CategoricalDistribution\", \"attributes\": {\"choices\": [0]}}"}
{"op_code": 8, "worker_id": "2f64de31-0a10-4abb-82ca-6eb9e1ef11c4-140452256319296", "trial_id": 49, "user_attr": {"best_epoch": 9}}
{"op_code": 8, "worker_id": "2f64de31-0a10-4abb-82ca-6eb9e1ef11c4-140452256319296", "trial_id": 49, "user_attr": {"test_loss": 0.45554426401737147}}
{"op_code": 6, "worker_id": "2f64de31-0a10-4abb-82ca-6eb9e1ef11c4-140452256319296", "trial_id": 49, "state": 1, "values": [0.4563168648242541], "datetime_complete": "2024-08-27T20:12:07.182757"}
