{"op_code": 0, "worker_id": "0de4f993-37a2-4b47-bac1-aff8af915889-140229660866368", "study_name": "criteo_bins_16", "directions": [1]}
{"op_code": 4, "worker_id": "0de4f993-37a2-4b47-bac1-aff8af915889-140229660866368", "study_id": 0, "datetime_start": "2024-08-26T12:58:59.854267"}
{"op_code": 5, "worker_id": "0de4f993-37a2-4b47-bac1-aff8af915889-140229660866368", "trial_id": 0, "param_name": "lr", "param_value_internal": 5.6115164153345e-05, "distribution": "{\"name\": \"FloatDistribution\", \"attributes\": {\"step\": null, \"low\": 1e-05, \"high\": 0.001, \"log\": true}}"}
{"op_code": 5, "worker_id": "0de4f993-37a2-4b47-bac1-aff8af915889-140229660866368", "trial_id": 0, "param_name": "l2reg", "param_value_internal": 0.0005669849511478851, "distribution": "{\"name\": \"FloatDistribution\", \"attributes\": {\"step\": null, \"low\": 1e-08, \"high\": 0.001, \"log\": true}}"}
{"op_code": 5, "worker_id": "0de4f993-37a2-4b47-bac1-aff8af915889-140229660866368", "trial_id": 0, "param_name": "random_seed", "param_value_internal": 0, "distribution": "{\"name\": \"CategoricalDistribution\", \"attributes\": {\"choices\": [42]}}"}
{"op_code": 5, "worker_id": "0de4f993-37a2-4b47-bac1-aff8af915889-140229660866368", "trial_id": 0, "param_name": "degree", "param_value_internal": 0, "distribution": "{\"name\": \"CategoricalDistribution\", \"attributes\": {\"choices\": [0]}}"}
{"op_code": 8, "worker_id": "0de4f993-37a2-4b47-bac1-aff8af915889-140229660866368", "trial_id": 0, "user_attr": {"best_epoch": 6}}
{"op_code": 8, "worker_id": "0de4f993-37a2-4b47-bac1-aff8af915889-140229660866368", "trial_id": 0, "user_attr": {"test_loss": 0.45244435502835695}}
{"op_code": 6, "worker_id": "0de4f993-37a2-4b47-bac1-aff8af915889-140229660866368", "trial_id": 0, "state": 1, "values": [0.45308505862268006], "datetime_complete": "2024-08-26T13:14:00.087728"}
{"op_code": 4, "worker_id": "0de4f993-37a2-4b47-bac1-aff8af915889-140229660866368", "study_id": 0, "datetime_start": "2024-08-26T13:14:00.096387"}
{"op_code": 5, "worker_id": "0de4f993-37a2-4b47-bac1-aff8af915889-140229660866368", "trial_id": 1, "param_name": "lr", "param_value_internal": 0.000291063591313307, "distribution": "{\"name\": \"FloatDistribution\", \"attributes\": {\"step\": null, \"low\": 1e-05, \"high\": 0.001, \"log\": true}}"}
{"op_code": 5, "worker_id": "0de4f993-37a2-4b47-bac1-aff8af915889-140229660866368", "trial_id": 1, "param_name": "l2reg", "param_value_internal": 9.846738873614555e-06, "distribution": "{\"name\": \"FloatDistribution\", \"attributes\": {\"step\": null, \"low\": 1e-08, \"high\": 0.001, \"log\": true}}"}
{"op_code": 5, "worker_id": "0de4f993-37a2-4b47-bac1-aff8af915889-140229660866368", "trial_id": 1, "param_name": "random_seed", "param_value_internal": 0, "distribution": "{\"name\": \"CategoricalDistribution\", \"attributes\": {\"choices\": [42]}}"}
{"op_code": 5, "worker_id": "0de4f993-37a2-4b47-bac1-aff8af915889-140229660866368", "trial_id": 1, "param_name": "degree", "param_value_internal": 0, "distribution": "{\"name\": \"CategoricalDistribution\", \"attributes\": {\"choices\": [0]}}"}
{"op_code": 8, "worker_id": "0de4f993-37a2-4b47-bac1-aff8af915889-140229660866368", "trial_id": 1, "user_attr": {"best_epoch": 1}}
{"op_code": 8, "worker_id": "0de4f993-37a2-4b47-bac1-aff8af915889-140229660866368", "trial_id": 1, "user_attr": {"test_loss": 0.4505884028182865}}
{"op_code": 6, "worker_id": "0de4f993-37a2-4b47-bac1-aff8af915889-140229660866368", "trial_id": 1, "state": 1, "values": [0.45124239157323787], "datetime_complete": "2024-08-26T13:21:51.081278"}
{"op_code": 4, "worker_id": "0de4f993-37a2-4b47-bac1-aff8af915889-140229660866368", "study_id": 0, "datetime_start": "2024-08-26T13:21:51.090928"}
{"op_code": 5, "worker_id": "0de4f993-37a2-4b47-bac1-aff8af915889-140229660866368", "trial_id": 2, "param_name": "lr", "param_value_internal": 2.0513382630874486e-05, "distribution": "{\"name\": \"FloatDistribution\", \"attributes\": {\"step\": null, \"low\": 1e-05, \"high\": 0.001, \"log\": true}}"}
{"op_code": 5, "worker_id": "0de4f993-37a2-4b47-bac1-aff8af915889-140229660866368", "trial_id": 2, "param_name": "l2reg", "param_value_internal": 6.02521573620385e-08, "distribution": "{\"name\": \"FloatDistribution\", \"attributes\": {\"step\": null, \"low\": 1e-08, \"high\": 0.001, \"log\": true}}"}
{"op_code": 5, "worker_id": "0de4f993-37a2-4b47-bac1-aff8af915889-140229660866368", "trial_id": 2, "param_name": "random_seed", "param_value_internal": 0, "distribution": "{\"name\": \"CategoricalDistribution\", \"attributes\": {\"choices\": [42]}}"}
{"op_code": 5, "worker_id": "0de4f993-37a2-4b47-bac1-aff8af915889-140229660866368", "trial_id": 2, "param_name": "degree", "param_value_internal": 0, "distribution": "{\"name\": \"CategoricalDistribution\", \"attributes\": {\"choices\": [0]}}"}
{"op_code": 8, "worker_id": "0de4f993-37a2-4b47-bac1-aff8af915889-140229660866368", "trial_id": 2, "user_attr": {"best_epoch": 9}}
{"op_code": 8, "worker_id": "0de4f993-37a2-4b47-bac1-aff8af915889-140229660866368", "trial_id": 2, "user_attr": {"test_loss": 0.4554849770792803}}
{"op_code": 6, "worker_id": "0de4f993-37a2-4b47-bac1-aff8af915889-140229660866368", "trial_id": 2, "state": 1, "values": [0.45649178610585983], "datetime_complete": "2024-08-26T13:36:47.026893"}
{"op_code": 4, "worker_id": "0de4f993-37a2-4b47-bac1-aff8af915889-140229660866368", "study_id": 0, "datetime_start": "2024-08-26T13:36:47.035816"}
{"op_code": 5, "worker_id": "0de4f993-37a2-4b47-bac1-aff8af915889-140229660866368", "trial_id": 3, "param_name": "lr", "param_value_internal": 1.3066739238053272e-05, "distribution": "{\"name\": \"FloatDistribution\", \"attributes\": {\"step\": null, \"low\": 1e-05, \"high\": 0.001, \"log\": true}}"}
{"op_code": 5, "worker_id": "0de4f993-37a2-4b47-bac1-aff8af915889-140229660866368", "trial_id": 3, "param_name": "l2reg", "param_value_internal": 0.00021423021757741048, "distribution": "{\"name\": \"FloatDistribution\", \"attributes\": {\"step\": null, \"low\": 1e-08, \"high\": 0.001, \"log\": true}}"}
{"op_code": 5, "worker_id": "0de4f993-37a2-4b47-bac1-aff8af915889-140229660866368", "trial_id": 3, "param_name": "random_seed", "param_value_internal": 0, "distribution": "{\"name\": \"CategoricalDistribution\", \"attributes\": {\"choices\": [42]}}"}
{"op_code": 5, "worker_id": "0de4f993-37a2-4b47-bac1-aff8af915889-140229660866368", "trial_id": 3, "param_name": "degree", "param_value_internal": 0, "distribution": "{\"name\": \"CategoricalDistribution\", \"attributes\": {\"choices\": [0]}}"}
{"op_code": 8, "worker_id": "0de4f993-37a2-4b47-bac1-aff8af915889-140229660866368", "trial_id": 3, "user_attr": {"best_epoch": 9}}
{"op_code": 8, "worker_id": "0de4f993-37a2-4b47-bac1-aff8af915889-140229660866368", "trial_id": 3, "user_attr": {"test_loss": 0.45666063744338536}}
{"op_code": 6, "worker_id": "0de4f993-37a2-4b47-bac1-aff8af915889-140229660866368", "trial_id": 3, "state": 1, "values": [0.4579896497909496], "datetime_complete": "2024-08-26T13:51:32.225528"}
{"op_code": 4, "worker_id": "0de4f993-37a2-4b47-bac1-aff8af915889-140229660866368", "study_id": 0, "datetime_start": "2024-08-26T13:51:32.233924"}
{"op_code": 5, "worker_id": "0de4f993-37a2-4b47-bac1-aff8af915889-140229660866368", "trial_id": 4, "param_name": "lr", "param_value_internal": 0.00015930522616241006, "distribution": "{\"name\": \"FloatDistribution\", \"attributes\": {\"step\": null, \"low\": 1e-05, \"high\": 0.001, \"log\": true}}"}
{"op_code": 5, "worker_id": "0de4f993-37a2-4b47-bac1-aff8af915889-140229660866368", "trial_id": 4, "param_name": "l2reg", "param_value_internal": 3.47026698865041e-05, "distribution": "{\"name\": \"FloatDistribution\", \"attributes\": {\"step\": null, \"low\": 1e-08, \"high\": 0.001, \"log\": true}}"}
{"op_code": 5, "worker_id": "0de4f993-37a2-4b47-bac1-aff8af915889-140229660866368", "trial_id": 4, "param_name": "random_seed", "param_value_internal": 0, "distribution": "{\"name\": \"CategoricalDistribution\", \"attributes\": {\"choices\": [42]}}"}
{"op_code": 5, "worker_id": "0de4f993-37a2-4b47-bac1-aff8af915889-140229660866368", "trial_id": 4, "param_name": "degree", "param_value_internal": 0, "distribution": "{\"name\": \"CategoricalDistribution\", \"attributes\": {\"choices\": [0]}}"}
{"op_code": 8, "worker_id": "0de4f993-37a2-4b47-bac1-aff8af915889-140229660866368", "trial_id": 4, "user_attr": {"best_epoch": 2}}
{"op_code": 8, "worker_id": "0de4f993-37a2-4b47-bac1-aff8af915889-140229660866368", "trial_id": 4, "user_attr": {"test_loss": 0.45095798224369565}}
{"op_code": 6, "worker_id": "0de4f993-37a2-4b47-bac1-aff8af915889-140229660866368", "trial_id": 4, "state": 1, "values": [0.4517313465655569], "datetime_complete": "2024-08-26T14:00:47.603909"}
{"op_code": 4, "worker_id": "0de4f993-37a2-4b47-bac1-aff8af915889-140229660866368", "study_id": 0, "datetime_start": "2024-08-26T14:00:47.612795"}
{"op_code": 5, "worker_id": "0de4f993-37a2-4b47-bac1-aff8af915889-140229660866368", "trial_id": 5, "param_name": "lr", "param_value_internal": 1.0994335574766187e-05, "distribution": "{\"name\": \"FloatDistribution\", \"attributes\": {\"step\": null, \"low\": 1e-05, \"high\": 0.001, \"log\": true}}"}
{"op_code": 5, "worker_id": "0de4f993-37a2-4b47-bac1-aff8af915889-140229660866368", "trial_id": 5, "param_name": "l2reg", "param_value_internal": 0.0007072114131472234, "distribution": "{\"name\": \"FloatDistribution\", \"attributes\": {\"step\": null, \"low\": 1e-08, \"high\": 0.001, \"log\": true}}"}
{"op_code": 5, "worker_id": "0de4f993-37a2-4b47-bac1-aff8af915889-140229660866368", "trial_id": 5, "param_name": "random_seed", "param_value_internal": 0, "distribution": "{\"name\": \"CategoricalDistribution\", \"attributes\": {\"choices\": [42]}}"}
{"op_code": 5, "worker_id": "0de4f993-37a2-4b47-bac1-aff8af915889-140229660866368", "trial_id": 5, "param_name": "degree", "param_value_internal": 0, "distribution": "{\"name\": \"CategoricalDistribution\", \"attributes\": {\"choices\": [0]}}"}
{"op_code": 8, "worker_id": "0de4f993-37a2-4b47-bac1-aff8af915889-140229660866368", "trial_id": 5, "user_attr": {"best_epoch": 9}}
{"op_code": 8, "worker_id": "0de4f993-37a2-4b47-bac1-aff8af915889-140229660866368", "trial_id": 5, "user_attr": {"test_loss": 0.45695012414753555}}
{"op_code": 6, "worker_id": "0de4f993-37a2-4b47-bac1-aff8af915889-140229660866368", "trial_id": 5, "state": 1, "values": [0.4583650319301964], "datetime_complete": "2024-08-26T14:15:41.259071"}
{"op_code": 4, "worker_id": "0de4f993-37a2-4b47-bac1-aff8af915889-140229660866368", "study_id": 0, "datetime_start": "2024-08-26T14:15:41.268488"}
{"op_code": 5, "worker_id": "0de4f993-37a2-4b47-bac1-aff8af915889-140229660866368", "trial_id": 6, "param_name": "lr", "param_value_internal": 0.000462258900102083, "distribution": "{\"name\": \"FloatDistribution\", \"attributes\": {\"step\": null, \"low\": 1e-05, \"high\": 0.001, \"log\": true}}"}
{"op_code": 5, "worker_id": "0de4f993-37a2-4b47-bac1-aff8af915889-140229660866368", "trial_id": 6, "param_name": "l2reg", "param_value_internal": 1.1526449540315595e-07, "distribution": "{\"name\": \"FloatDistribution\", \"attributes\": {\"step\": null, \"low\": 1e-08, \"high\": 0.001, \"log\": true}}"}
{"op_code": 5, "worker_id": "0de4f993-37a2-4b47-bac1-aff8af915889-140229660866368", "trial_id": 6, "param_name": "random_seed", "param_value_internal": 0, "distribution": "{\"name\": \"CategoricalDistribution\", \"attributes\": {\"choices\": [42]}}"}
{"op_code": 5, "worker_id": "0de4f993-37a2-4b47-bac1-aff8af915889-140229660866368", "trial_id": 6, "param_name": "degree", "param_value_internal": 0, "distribution": "{\"name\": \"CategoricalDistribution\", \"attributes\": {\"choices\": [0]}}"}
{"op_code": 8, "worker_id": "0de4f993-37a2-4b47-bac1-aff8af915889-140229660866368", "trial_id": 6, "user_attr": {"best_epoch": 0}}
{"op_code": 8, "worker_id": "0de4f993-37a2-4b47-bac1-aff8af915889-140229660866368", "trial_id": 6, "user_attr": {"test_loss": 0.45117356069791376}}
{"op_code": 6, "worker_id": "0de4f993-37a2-4b47-bac1-aff8af915889-140229660866368", "trial_id": 6, "state": 1, "values": [0.451352108675668], "datetime_complete": "2024-08-26T14:22:08.954251"}
{"op_code": 4, "worker_id": "0de4f993-37a2-4b47-bac1-aff8af915889-140229660866368", "study_id": 0, "datetime_start": "2024-08-26T14:22:08.962867"}
{"op_code": 5, "worker_id": "0de4f993-37a2-4b47-bac1-aff8af915889-140229660866368", "trial_id": 7, "param_name": "lr", "param_value_internal": 2.3102018878452926e-05, "distribution": "{\"name\": \"FloatDistribution\", \"attributes\": {\"step\": null, \"low\": 1e-05, \"high\": 0.001, \"log\": true}}"}
{"op_code": 5, "worker_id": "0de4f993-37a2-4b47-bac1-aff8af915889-140229660866368", "trial_id": 7, "param_name": "l2reg", "param_value_internal": 8.260808399079588e-08, "distribution": "{\"name\": \"FloatDistribution\", \"attributes\": {\"step\": null, \"low\": 1e-08, \"high\": 0.001, \"log\": true}}"}
{"op_code": 5, "worker_id": "0de4f993-37a2-4b47-bac1-aff8af915889-140229660866368", "trial_id": 7, "param_name": "random_seed", "param_value_internal": 0, "distribution": "{\"name\": \"CategoricalDistribution\", \"attributes\": {\"choices\": [42]}}"}
{"op_code": 5, "worker_id": "0de4f993-37a2-4b47-bac1-aff8af915889-140229660866368", "trial_id": 7, "param_name": "degree", "param_value_internal": 0, "distribution": "{\"name\": \"CategoricalDistribution\", \"attributes\": {\"choices\": [0]}}"}
{"op_code": 8, "worker_id": "0de4f993-37a2-4b47-bac1-aff8af915889-140229660866368", "trial_id": 7, "user_attr": {"best_epoch": 9}}
{"op_code": 8, "worker_id": "0de4f993-37a2-4b47-bac1-aff8af915889-140229660866368", "trial_id": 7, "user_attr": {"test_loss": 0.4550871094239127}}
{"op_code": 6, "worker_id": "0de4f993-37a2-4b47-bac1-aff8af915889-140229660866368", "trial_id": 7, "state": 1, "values": [0.4560269200111168], "datetime_complete": "2024-08-26T14:36:52.746578"}
{"op_code": 4, "worker_id": "0de4f993-37a2-4b47-bac1-aff8af915889-140229660866368", "study_id": 0, "datetime_start": "2024-08-26T14:36:52.755320"}
{"op_code": 5, "worker_id": "0de4f993-37a2-4b47-bac1-aff8af915889-140229660866368", "trial_id": 8, "param_name": "lr", "param_value_internal": 4.059611610484306e-05, "distribution": "{\"name\": \"FloatDistribution\", \"attributes\": {\"step\": null, \"low\": 1e-05, \"high\": 0.001, \"log\": true}}"}
{"op_code": 5, "worker_id": "0de4f993-37a2-4b47-bac1-aff8af915889-140229660866368", "trial_id": 8, "param_name": "l2reg", "param_value_internal": 4.2051564509138674e-06, "distribution": "{\"name\": \"FloatDistribution\", \"attributes\": {\"step\": null, \"low\": 1e-08, \"high\": 0.001, \"log\": true}}"}
{"op_code": 5, "worker_id": "0de4f993-37a2-4b47-bac1-aff8af915889-140229660866368", "trial_id": 8, "param_name": "random_seed", "param_value_internal": 0, "distribution": "{\"name\": \"CategoricalDistribution\", \"attributes\": {\"choices\": [42]}}"}
{"op_code": 5, "worker_id": "0de4f993-37a2-4b47-bac1-aff8af915889-140229660866368", "trial_id": 8, "param_name": "degree", "param_value_internal": 0, "distribution": "{\"name\": \"CategoricalDistribution\", \"attributes\": {\"choices\": [0]}}"}
{"op_code": 8, "worker_id": "0de4f993-37a2-4b47-bac1-aff8af915889-140229660866368", "trial_id": 8, "user_attr": {"best_epoch": 9}}
{"op_code": 8, "worker_id": "0de4f993-37a2-4b47-bac1-aff8af915889-140229660866368", "trial_id": 8, "user_attr": {"test_loss": 0.4529272019008469}}
{"op_code": 6, "worker_id": "0de4f993-37a2-4b47-bac1-aff8af915889-140229660866368", "trial_id": 8, "state": 1, "values": [0.4536324988623627], "datetime_complete": "2024-08-26T14:51:32.601306"}
{"op_code": 4, "worker_id": "0de4f993-37a2-4b47-bac1-aff8af915889-140229660866368", "study_id": 0, "datetime_start": "2024-08-26T14:51:32.610063"}
{"op_code": 5, "worker_id": "0de4f993-37a2-4b47-bac1-aff8af915889-140229660866368", "trial_id": 9, "param_name": "lr", "param_value_internal": 7.309539835912905e-05, "distribution": "{\"name\": \"FloatDistribution\", \"attributes\": {\"step\": null, \"low\": 1e-05, \"high\": 0.001, \"log\": true}}"}
{"op_code": 5, "worker_id": "0de4f993-37a2-4b47-bac1-aff8af915889-140229660866368", "trial_id": 9, "param_name": "l2reg", "param_value_internal": 2.8585493941961875e-07, "distribution": "{\"name\": \"FloatDistribution\", \"attributes\": {\"step\": null, \"low\": 1e-08, \"high\": 0.001, \"log\": true}}"}
{"op_code": 5, "worker_id": "0de4f993-37a2-4b47-bac1-aff8af915889-140229660866368", "trial_id": 9, "param_name": "random_seed", "param_value_internal": 0, "distribution": "{\"name\": \"CategoricalDistribution\", \"attributes\": {\"choices\": [42]}}"}
{"op_code": 5, "worker_id": "0de4f993-37a2-4b47-bac1-aff8af915889-140229660866368", "trial_id": 9, "param_name": "degree", "param_value_internal": 0, "distribution": "{\"name\": \"CategoricalDistribution\", \"attributes\": {\"choices\": [0]}}"}
{"op_code": 8, "worker_id": "0de4f993-37a2-4b47-bac1-aff8af915889-140229660866368", "trial_id": 9, "user_attr": {"best_epoch": 4}}
{"op_code": 8, "worker_id": "0de4f993-37a2-4b47-bac1-aff8af915889-140229660866368", "trial_id": 9, "user_attr": {"test_loss": 0.4523753332742882}}
{"op_code": 6, "worker_id": "0de4f993-37a2-4b47-bac1-aff8af915889-140229660866368", "trial_id": 9, "state": 1, "values": [0.45285512608686357], "datetime_complete": "2024-08-26T15:03:27.373781"}
{"op_code": 4, "worker_id": "0de4f993-37a2-4b47-bac1-aff8af915889-140229660866368", "study_id": 0, "datetime_start": "2024-08-26T15:03:27.382395"}
{"op_code": 5, "worker_id": "0de4f993-37a2-4b47-bac1-aff8af915889-140229660866368", "trial_id": 10, "param_name": "lr", "param_value_internal": 0.000872134982845204, "distribution": "{\"name\": \"FloatDistribution\", \"attributes\": {\"step\": null, \"low\": 1e-05, \"high\": 0.001, \"log\": true}}"}
{"op_code": 5, "worker_id": "0de4f993-37a2-4b47-bac1-aff8af915889-140229660866368", "trial_id": 10, "param_name": "l2reg", "param_value_internal": 2.3261440591233855e-06, "distribution": "{\"name\": \"FloatDistribution\", \"attributes\": {\"step\": null, \"low\": 1e-08, \"high\": 0.001, \"log\": true}}"}
{"op_code": 5, "worker_id": "0de4f993-37a2-4b47-bac1-aff8af915889-140229660866368", "trial_id": 10, "param_name": "random_seed", "param_value_internal": 0, "distribution": "{\"name\": \"CategoricalDistribution\", \"attributes\": {\"choices\": [42]}}"}
{"op_code": 5, "worker_id": "0de4f993-37a2-4b47-bac1-aff8af915889-140229660866368", "trial_id": 10, "param_name": "degree", "param_value_internal": 0, "distribution": "{\"name\": \"CategoricalDistribution\", \"attributes\": {\"choices\": [0]}}"}
{"op_code": 8, "worker_id": "0de4f993-37a2-4b47-bac1-aff8af915889-140229660866368", "trial_id": 10, "user_attr": {"best_epoch": 0}}
{"op_code": 8, "worker_id": "0de4f993-37a2-4b47-bac1-aff8af915889-140229660866368", "trial_id": 10, "user_attr": {"test_loss": 0.45101803269676544}}
{"op_code": 6, "worker_id": "0de4f993-37a2-4b47-bac1-aff8af915889-140229660866368", "trial_id": 10, "state": 1, "values": [0.4512590743755211], "datetime_complete": "2024-08-26T15:09:51.044128"}
{"op_code": 4, "worker_id": "0de4f993-37a2-4b47-bac1-aff8af915889-140229660866368", "study_id": 0, "datetime_start": "2024-08-26T15:09:51.053157"}
{"op_code": 5, "worker_id": "0de4f993-37a2-4b47-bac1-aff8af915889-140229660866368", "trial_id": 11, "param_name": "lr", "param_value_internal": 0.0008691089486124979, "distribution": "{\"name\": \"FloatDistribution\", \"attributes\": {\"step\": null, \"low\": 1e-05, \"high\": 0.001, \"log\": true}}"}
{"op_code": 5, "worker_id": "0de4f993-37a2-4b47-bac1-aff8af915889-140229660866368", "trial_id": 11, "param_name": "l2reg", "param_value_internal": 3.5507847999706146e-06, "distribution": "{\"name\": \"FloatDistribution\", \"attributes\": {\"step\": null, \"low\": 1e-08, \"high\": 0.001, \"log\": true}}"}
{"op_code": 5, "worker_id": "0de4f993-37a2-4b47-bac1-aff8af915889-140229660866368", "trial_id": 11, "param_name": "random_seed", "param_value_internal": 0, "distribution": "{\"name\": \"CategoricalDistribution\", \"attributes\": {\"choices\": [42]}}"}
{"op_code": 5, "worker_id": "0de4f993-37a2-4b47-bac1-aff8af915889-140229660866368", "trial_id": 11, "param_name": "degree", "param_value_internal": 0, "distribution": "{\"name\": \"CategoricalDistribution\", \"attributes\": {\"choices\": [0]}}"}
{"op_code": 8, "worker_id": "0de4f993-37a2-4b47-bac1-aff8af915889-140229660866368", "trial_id": 11, "user_attr": {"best_epoch": 0}}
{"op_code": 8, "worker_id": "0de4f993-37a2-4b47-bac1-aff8af915889-140229660866368", "trial_id": 11, "user_attr": {"test_loss": 0.45101696377579537}}
{"op_code": 6, "worker_id": "0de4f993-37a2-4b47-bac1-aff8af915889-140229660866368", "trial_id": 11, "state": 1, "values": [0.4512570510608277], "datetime_complete": "2024-08-26T15:16:12.629504"}
{"op_code": 4, "worker_id": "0de4f993-37a2-4b47-bac1-aff8af915889-140229660866368", "study_id": 0, "datetime_start": "2024-08-26T15:16:12.637893"}
{"op_code": 5, "worker_id": "0de4f993-37a2-4b47-bac1-aff8af915889-140229660866368", "trial_id": 12, "param_name": "lr", "param_value_internal": 0.00023309686884582647, "distribution": "{\"name\": \"FloatDistribution\", \"attributes\": {\"step\": null, \"low\": 1e-05, \"high\": 0.001, \"log\": true}}"}
{"op_code": 5, "worker_id": "0de4f993-37a2-4b47-bac1-aff8af915889-140229660866368", "trial_id": 12, "param_name": "l2reg", "param_value_internal": 6.009603428752608e-06, "distribution": "{\"name\": \"FloatDistribution\", \"attributes\": {\"step\": null, \"low\": 1e-08, \"high\": 0.001, \"log\": true}}"}
{"op_code": 5, "worker_id": "0de4f993-37a2-4b47-bac1-aff8af915889-140229660866368", "trial_id": 12, "param_name": "random_seed", "param_value_internal": 0, "distribution": "{\"name\": \"CategoricalDistribution\", \"attributes\": {\"choices\": [42]}}"}
{"op_code": 5, "worker_id": "0de4f993-37a2-4b47-bac1-aff8af915889-140229660866368", "trial_id": 12, "param_name": "degree", "param_value_internal": 0, "distribution": "{\"name\": \"CategoricalDistribution\", \"attributes\": {\"choices\": [0]}}"}
{"op_code": 8, "worker_id": "0de4f993-37a2-4b47-bac1-aff8af915889-140229660866368", "trial_id": 12, "user_attr": {"best_epoch": 1}}
{"op_code": 8, "worker_id": "0de4f993-37a2-4b47-bac1-aff8af915889-140229660866368", "trial_id": 12, "user_attr": {"test_loss": 0.45049193270073573}}
{"op_code": 6, "worker_id": "0de4f993-37a2-4b47-bac1-aff8af915889-140229660866368", "trial_id": 12, "state": 1, "values": [0.4512418189370039], "datetime_complete": "2024-08-26T15:23:56.547586"}
{"op_code": 4, "worker_id": "0de4f993-37a2-4b47-bac1-aff8af915889-140229660866368", "study_id": 0, "datetime_start": "2024-08-26T15:23:56.555941"}
{"op_code": 5, "worker_id": "0de4f993-37a2-4b47-bac1-aff8af915889-140229660866368", "trial_id": 13, "param_name": "lr", "param_value_internal": 0.00023220637395734346, "distribution": "{\"name\": \"FloatDistribution\", \"attributes\": {\"step\": null, \"low\": 1e-05, \"high\": 0.001, \"log\": true}}"}
{"op_code": 5, "worker_id": "0de4f993-37a2-4b47-bac1-aff8af915889-140229660866368", "trial_id": 13, "param_name": "l2reg", "param_value_internal": 2.207503493952018e-05, "distribution": "{\"name\": \"FloatDistribution\", \"attributes\": {\"step\": null, \"low\": 1e-08, \"high\": 0.001, \"log\": true}}"}
{"op_code": 5, "worker_id": "0de4f993-37a2-4b47-bac1-aff8af915889-140229660866368", "trial_id": 13, "param_name": "random_seed", "param_value_internal": 0, "distribution": "{\"name\": \"CategoricalDistribution\", \"attributes\": {\"choices\": [42]}}"}
{"op_code": 5, "worker_id": "0de4f993-37a2-4b47-bac1-aff8af915889-140229660866368", "trial_id": 13, "param_name": "degree", "param_value_internal": 0, "distribution": "{\"name\": \"CategoricalDistribution\", \"attributes\": {\"choices\": [0]}}"}
{"op_code": 8, "worker_id": "0de4f993-37a2-4b47-bac1-aff8af915889-140229660866368", "trial_id": 13, "user_attr": {"best_epoch": 1}}
{"op_code": 8, "worker_id": "0de4f993-37a2-4b47-bac1-aff8af915889-140229660866368", "trial_id": 13, "user_attr": {"test_loss": 0.45049533034239064}}
{"op_code": 6, "worker_id": "0de4f993-37a2-4b47-bac1-aff8af915889-140229660866368", "trial_id": 13, "state": 1, "values": [0.45124632367537787], "datetime_complete": "2024-08-26T15:31:41.068234"}
{"op_code": 4, "worker_id": "0de4f993-37a2-4b47-bac1-aff8af915889-140229660866368", "study_id": 0, "datetime_start": "2024-08-26T15:31:41.077029"}
{"op_code": 5, "worker_id": "0de4f993-37a2-4b47-bac1-aff8af915889-140229660866368", "trial_id": 14, "param_name": "lr", "param_value_internal": 0.00030854733446305117, "distribution": "{\"name\": \"FloatDistribution\", \"attributes\": {\"step\": null, \"low\": 1e-05, \"high\": 0.001, \"log\": true}}"}
{"op_code": 5, "worker_id": "0de4f993-37a2-4b47-bac1-aff8af915889-140229660866368", "trial_id": 14, "param_name": "l2reg", "param_value_internal": 1.163814228102759e-08, "distribution": "{\"name\": \"FloatDistribution\", \"attributes\": {\"step\": null, \"low\": 1e-08, \"high\": 0.001, \"log\": true}}"}
{"op_code": 5, "worker_id": "0de4f993-37a2-4b47-bac1-aff8af915889-140229660866368", "trial_id": 14, "param_name": "random_seed", "param_value_internal": 0, "distribution": "{\"name\": \"CategoricalDistribution\", \"attributes\": {\"choices\": [42]}}"}
{"op_code": 5, "worker_id": "0de4f993-37a2-4b47-bac1-aff8af915889-140229660866368", "trial_id": 14, "param_name": "degree", "param_value_internal": 0, "distribution": "{\"name\": \"CategoricalDistribution\", \"attributes\": {\"choices\": [0]}}"}
{"op_code": 8, "worker_id": "0de4f993-37a2-4b47-bac1-aff8af915889-140229660866368", "trial_id": 14, "user_attr": {"best_epoch": 1}}
{"op_code": 8, "worker_id": "0de4f993-37a2-4b47-bac1-aff8af915889-140229660866368", "trial_id": 14, "user_attr": {"test_loss": 0.4507086946031707}}
{"op_code": 6, "worker_id": "0de4f993-37a2-4b47-bac1-aff8af915889-140229660866368", "trial_id": 14, "state": 1, "values": [0.4513367238488485], "datetime_complete": "2024-08-26T15:39:26.049777"}
{"op_code": 4, "worker_id": "0de4f993-37a2-4b47-bac1-aff8af915889-140229660866368", "study_id": 0, "datetime_start": "2024-08-26T15:39:26.058602"}
{"op_code": 5, "worker_id": "0de4f993-37a2-4b47-bac1-aff8af915889-140229660866368", "trial_id": 15, "param_name": "lr", "param_value_internal": 0.00017214291591740108, "distribution": "{\"name\": \"FloatDistribution\", \"attributes\": {\"step\": null, \"low\": 1e-05, \"high\": 0.001, \"log\": true}}"}
{"op_code": 5, "worker_id": "0de4f993-37a2-4b47-bac1-aff8af915889-140229660866368", "trial_id": 15, "param_name": "l2reg", "param_value_internal": 3.0604091496798447e-05, "distribution": "{\"name\": \"FloatDistribution\", \"attributes\": {\"step\": null, \"low\": 1e-08, \"high\": 0.001, \"log\": true}}"}
{"op_code": 5, "worker_id": "0de4f993-37a2-4b47-bac1-aff8af915889-140229660866368", "trial_id": 15, "param_name": "random_seed", "param_value_internal": 0, "distribution": "{\"name\": \"CategoricalDistribution\", \"attributes\": {\"choices\": [42]}}"}
{"op_code": 5, "worker_id": "0de4f993-37a2-4b47-bac1-aff8af915889-140229660866368", "trial_id": 15, "param_name": "degree", "param_value_internal": 0, "distribution": "{\"name\": \"CategoricalDistribution\", \"attributes\": {\"choices\": [0]}}"}
{"op_code": 8, "worker_id": "0de4f993-37a2-4b47-bac1-aff8af915889-140229660866368", "trial_id": 15, "user_attr": {"best_epoch": 2}}
{"op_code": 8, "worker_id": "0de4f993-37a2-4b47-bac1-aff8af915889-140229660866368", "trial_id": 15, "user_attr": {"test_loss": 0.4510573155424163}}
{"op_code": 6, "worker_id": "0de4f993-37a2-4b47-bac1-aff8af915889-140229660866368", "trial_id": 15, "state": 1, "values": [0.45180571292447613], "datetime_complete": "2024-08-26T15:48:33.516746"}
{"op_code": 4, "worker_id": "0de4f993-37a2-4b47-bac1-aff8af915889-140229660866368", "study_id": 0, "datetime_start": "2024-08-26T15:48:33.527746"}
{"op_code": 5, "worker_id": "0de4f993-37a2-4b47-bac1-aff8af915889-140229660866368", "trial_id": 16, "param_name": "lr", "param_value_internal": 0.0001074681106333947, "distribution": "{\"name\": \"FloatDistribution\", \"attributes\": {\"step\": null, \"low\": 1e-05, \"high\": 0.001, \"log\": true}}"}
{"op_code": 5, "worker_id": "0de4f993-37a2-4b47-bac1-aff8af915889-140229660866368", "trial_id": 16, "param_name": "l2reg", "param_value_internal": 7.743732072315609e-07, "distribution": "{\"name\": \"FloatDistribution\", \"attributes\": {\"step\": null, \"low\": 1e-08, \"high\": 0.001, \"log\": true}}"}
{"op_code": 5, "worker_id": "0de4f993-37a2-4b47-bac1-aff8af915889-140229660866368", "trial_id": 16, "param_name": "random_seed", "param_value_internal": 0, "distribution": "{\"name\": \"CategoricalDistribution\", \"attributes\": {\"choices\": [42]}}"}
{"op_code": 5, "worker_id": "0de4f993-37a2-4b47-bac1-aff8af915889-140229660866368", "trial_id": 16, "param_name": "degree", "param_value_internal": 0, "distribution": "{\"name\": \"CategoricalDistribution\", \"attributes\": {\"choices\": [0]}}"}
{"op_code": 8, "worker_id": "0de4f993-37a2-4b47-bac1-aff8af915889-140229660866368", "trial_id": 16, "user_attr": {"best_epoch": 3}}
{"op_code": 8, "worker_id": "0de4f993-37a2-4b47-bac1-aff8af915889-140229660866368", "trial_id": 16, "user_attr": {"test_loss": 0.45161498688281265}}
{"op_code": 6, "worker_id": "0de4f993-37a2-4b47-bac1-aff8af915889-140229660866368", "trial_id": 16, "state": 1, "values": [0.45205389346828206], "datetime_complete": "2024-08-26T15:59:01.116367"}
{"op_code": 4, "worker_id": "0de4f993-37a2-4b47-bac1-aff8af915889-140229660866368", "study_id": 0, "datetime_start": "2024-08-26T15:59:01.125321"}
{"op_code": 5, "worker_id": "0de4f993-37a2-4b47-bac1-aff8af915889-140229660866368", "trial_id": 17, "param_name": "lr", "param_value_internal": 0.00040288687788142676, "distribution": "{\"name\": \"FloatDistribution\", \"attributes\": {\"step\": null, \"low\": 1e-05, \"high\": 0.001, \"log\": true}}"}
{"op_code": 5, "worker_id": "0de4f993-37a2-4b47-bac1-aff8af915889-140229660866368", "trial_id": 17, "param_name": "l2reg", "param_value_internal": 1.2521885136283712e-05, "distribution": "{\"name\": \"FloatDistribution\", \"attributes\": {\"step\": null, \"low\": 1e-08, \"high\": 0.001, \"log\": true}}"}
{"op_code": 5, "worker_id": "0de4f993-37a2-4b47-bac1-aff8af915889-140229660866368", "trial_id": 17, "param_name": "random_seed", "param_value_internal": 0, "distribution": "{\"name\": \"CategoricalDistribution\", \"attributes\": {\"choices\": [42]}}"}
{"op_code": 5, "worker_id": "0de4f993-37a2-4b47-bac1-aff8af915889-140229660866368", "trial_id": 17, "param_name": "degree", "param_value_internal": 0, "distribution": "{\"name\": \"CategoricalDistribution\", \"attributes\": {\"choices\": [0]}}"}
{"op_code": 8, "worker_id": "0de4f993-37a2-4b47-bac1-aff8af915889-140229660866368", "trial_id": 17, "user_attr": {"best_epoch": 0}}
{"op_code": 8, "worker_id": "0de4f993-37a2-4b47-bac1-aff8af915889-140229660866368", "trial_id": 17, "user_attr": {"test_loss": 0.45140188985227514}}
{"op_code": 6, "worker_id": "0de4f993-37a2-4b47-bac1-aff8af915889-140229660866368", "trial_id": 17, "state": 1, "values": [0.45164400045200087], "datetime_complete": "2024-08-26T16:05:22.197281"}
{"op_code": 4, "worker_id": "0de4f993-37a2-4b47-bac1-aff8af915889-140229660866368", "study_id": 0, "datetime_start": "2024-08-26T16:05:22.205685"}
{"op_code": 5, "worker_id": "0de4f993-37a2-4b47-bac1-aff8af915889-140229660866368", "trial_id": 18, "param_name": "lr", "param_value_internal": 0.0005373713206635392, "distribution": "{\"name\": \"FloatDistribution\", \"attributes\": {\"step\": null, \"low\": 1e-05, \"high\": 0.001, \"log\": true}}"}
{"op_code": 5, "worker_id": "0de4f993-37a2-4b47-bac1-aff8af915889-140229660866368", "trial_id": 18, "param_name": "l2reg", "param_value_internal": 0.0001446378501392893, "distribution": "{\"name\": \"FloatDistribution\", \"attributes\": {\"step\": null, \"low\": 1e-08, \"high\": 0.001, \"log\": true}}"}
{"op_code": 5, "worker_id": "0de4f993-37a2-4b47-bac1-aff8af915889-140229660866368", "trial_id": 18, "param_name": "random_seed", "param_value_internal": 0, "distribution": "{\"name\": \"CategoricalDistribution\", \"attributes\": {\"choices\": [42]}}"}
{"op_code": 5, "worker_id": "0de4f993-37a2-4b47-bac1-aff8af915889-140229660866368", "trial_id": 18, "param_name": "degree", "param_value_internal": 0, "distribution": "{\"name\": \"CategoricalDistribution\", \"attributes\": {\"choices\": [0]}}"}
{"op_code": 8, "worker_id": "0de4f993-37a2-4b47-bac1-aff8af915889-140229660866368", "trial_id": 18, "user_attr": {"best_epoch": 0}}
{"op_code": 8, "worker_id": "0de4f993-37a2-4b47-bac1-aff8af915889-140229660866368", "trial_id": 18, "user_attr": {"test_loss": 0.451032844887351}}
{"op_code": 6, "worker_id": "0de4f993-37a2-4b47-bac1-aff8af915889-140229660866368", "trial_id": 18, "state": 1, "values": [0.45117909618150887], "datetime_complete": "2024-08-26T16:11:43.630956"}
{"op_code": 4, "worker_id": "0de4f993-37a2-4b47-bac1-aff8af915889-140229660866368", "study_id": 0, "datetime_start": "2024-08-26T16:11:43.639597"}
{"op_code": 5, "worker_id": "0de4f993-37a2-4b47-bac1-aff8af915889-140229660866368", "trial_id": 19, "param_name": "lr", "param_value_internal": 0.0005923870959003156, "distribution": "{\"name\": \"FloatDistribution\", \"attributes\": {\"step\": null, \"low\": 1e-05, \"high\": 0.001, \"log\": true}}"}
{"op_code": 5, "worker_id": "0de4f993-37a2-4b47-bac1-aff8af915889-140229660866368", "trial_id": 19, "param_name": "l2reg", "param_value_internal": 0.0001281469601448087, "distribution": "{\"name\": \"FloatDistribution\", \"attributes\": {\"step\": null, \"low\": 1e-08, \"high\": 0.001, \"log\": true}}"}
{"op_code": 5, "worker_id": "0de4f993-37a2-4b47-bac1-aff8af915889-140229660866368", "trial_id": 19, "param_name": "random_seed", "param_value_internal": 0, "distribution": "{\"name\": \"CategoricalDistribution\", \"attributes\": {\"choices\": [42]}}"}
{"op_code": 5, "worker_id": "0de4f993-37a2-4b47-bac1-aff8af915889-140229660866368", "trial_id": 19, "param_name": "degree", "param_value_internal": 0, "distribution": "{\"name\": \"CategoricalDistribution\", \"attributes\": {\"choices\": [0]}}"}
{"op_code": 8, "worker_id": "0de4f993-37a2-4b47-bac1-aff8af915889-140229660866368", "trial_id": 19, "user_attr": {"best_epoch": 0}}
{"op_code": 8, "worker_id": "0de4f993-37a2-4b47-bac1-aff8af915889-140229660866368", "trial_id": 19, "user_attr": {"test_loss": 0.4509913478482621}}
{"op_code": 6, "worker_id": "0de4f993-37a2-4b47-bac1-aff8af915889-140229660866368", "trial_id": 19, "state": 1, "values": [0.4511387825906369], "datetime_complete": "2024-08-26T16:18:05.312876"}
{"op_code": 4, "worker_id": "0de4f993-37a2-4b47-bac1-aff8af915889-140229660866368", "study_id": 0, "datetime_start": "2024-08-26T16:18:05.322529"}
{"op_code": 5, "worker_id": "0de4f993-37a2-4b47-bac1-aff8af915889-140229660866368", "trial_id": 20, "param_name": "lr", "param_value_internal": 0.0005831844291497104, "distribution": "{\"name\": \"FloatDistribution\", \"attributes\": {\"step\": null, \"low\": 1e-05, \"high\": 0.001, \"log\": true}}"}
{"op_code": 5, "worker_id": "0de4f993-37a2-4b47-bac1-aff8af915889-140229660866368", "trial_id": 20, "param_name": "l2reg", "param_value_internal": 0.00011565981020966459, "distribution": "{\"name\": \"FloatDistribution\", \"attributes\": {\"step\": null, \"low\": 1e-08, \"high\": 0.001, \"log\": true}}"}
{"op_code": 5, "worker_id": "0de4f993-37a2-4b47-bac1-aff8af915889-140229660866368", "trial_id": 20, "param_name": "random_seed", "param_value_internal": 0, "distribution": "{\"name\": \"CategoricalDistribution\", \"attributes\": {\"choices\": [42]}}"}
{"op_code": 5, "worker_id": "0de4f993-37a2-4b47-bac1-aff8af915889-140229660866368", "trial_id": 20, "param_name": "degree", "param_value_internal": 0, "distribution": "{\"name\": \"CategoricalDistribution\", \"attributes\": {\"choices\": [0]}}"}
{"op_code": 8, "worker_id": "0de4f993-37a2-4b47-bac1-aff8af915889-140229660866368", "trial_id": 20, "user_attr": {"best_epoch": 0}}
{"op_code": 8, "worker_id": "0de4f993-37a2-4b47-bac1-aff8af915889-140229660866368", "trial_id": 20, "user_attr": {"test_loss": 0.4509955853563935}}
{"op_code": 6, "worker_id": "0de4f993-37a2-4b47-bac1-aff8af915889-140229660866368", "trial_id": 20, "state": 1, "values": [0.45114244746253435], "datetime_complete": "2024-08-26T16:24:24.965128"}
{"op_code": 4, "worker_id": "0de4f993-37a2-4b47-bac1-aff8af915889-140229660866368", "study_id": 0, "datetime_start": "2024-08-26T16:24:24.974020"}
{"op_code": 5, "worker_id": "0de4f993-37a2-4b47-bac1-aff8af915889-140229660866368", "trial_id": 21, "param_name": "lr", "param_value_internal": 0.0005090487334897946, "distribution": "{\"name\": \"FloatDistribution\", \"attributes\": {\"step\": null, \"low\": 1e-05, \"high\": 0.001, \"log\": true}}"}
{"op_code": 5, "worker_id": "0de4f993-37a2-4b47-bac1-aff8af915889-140229660866368", "trial_id": 21, "param_name": "l2reg", "param_value_internal": 0.00010975043086332845, "distribution": "{\"name\": \"FloatDistribution\", \"attributes\": {\"step\": null, \"low\": 1e-08, \"high\": 0.001, \"log\": true}}"}
{"op_code": 5, "worker_id": "0de4f993-37a2-4b47-bac1-aff8af915889-140229660866368", "trial_id": 21, "param_name": "random_seed", "param_value_internal": 0, "distribution": "{\"name\": \"CategoricalDistribution\", \"attributes\": {\"choices\": [42]}}"}
{"op_code": 5, "worker_id": "0de4f993-37a2-4b47-bac1-aff8af915889-140229660866368", "trial_id": 21, "param_name": "degree", "param_value_internal": 0, "distribution": "{\"name\": \"CategoricalDistribution\", \"attributes\": {\"choices\": [0]}}"}
{"op_code": 8, "worker_id": "0de4f993-37a2-4b47-bac1-aff8af915889-140229660866368", "trial_id": 21, "user_attr": {"best_epoch": 0}}
{"op_code": 8, "worker_id": "0de4f993-37a2-4b47-bac1-aff8af915889-140229660866368", "trial_id": 21, "user_attr": {"test_loss": 0.45107021894555527}}
{"op_code": 6, "worker_id": "0de4f993-37a2-4b47-bac1-aff8af915889-140229660866368", "trial_id": 21, "state": 1, "values": [0.4512241817409974], "datetime_complete": "2024-08-26T16:30:46.190717"}
{"op_code": 4, "worker_id": "0de4f993-37a2-4b47-bac1-aff8af915889-140229660866368", "study_id": 0, "datetime_start": "2024-08-26T16:30:46.199160"}
{"op_code": 5, "worker_id": "0de4f993-37a2-4b47-bac1-aff8af915889-140229660866368", "trial_id": 22, "param_name": "lr", "param_value_internal": 0.0006403241179621167, "distribution": "{\"name\": \"FloatDistribution\", \"attributes\": {\"step\": null, \"low\": 1e-05, \"high\": 0.001, \"log\": true}}"}
{"op_code": 5, "worker_id": "0de4f993-37a2-4b47-bac1-aff8af915889-140229660866368", "trial_id": 22, "param_name": "l2reg", "param_value_internal": 0.00014518004386132076, "distribution": "{\"name\": \"FloatDistribution\", \"attributes\": {\"step\": null, \"low\": 1e-08, \"high\": 0.001, \"log\": true}}"}
{"op_code": 5, "worker_id": "0de4f993-37a2-4b47-bac1-aff8af915889-140229660866368", "trial_id": 22, "param_name": "random_seed", "param_value_internal": 0, "distribution": "{\"name\": \"CategoricalDistribution\", \"attributes\": {\"choices\": [42]}}"}
{"op_code": 5, "worker_id": "0de4f993-37a2-4b47-bac1-aff8af915889-140229660866368", "trial_id": 22, "param_name": "degree", "param_value_internal": 0, "distribution": "{\"name\": \"CategoricalDistribution\", \"attributes\": {\"choices\": [0]}}"}
{"op_code": 8, "worker_id": "0de4f993-37a2-4b47-bac1-aff8af915889-140229660866368", "trial_id": 22, "user_attr": {"best_epoch": 0}}
{"op_code": 8, "worker_id": "0de4f993-37a2-4b47-bac1-aff8af915889-140229660866368", "trial_id": 22, "user_attr": {"test_loss": 0.45098172755953125}}
{"op_code": 6, "worker_id": "0de4f993-37a2-4b47-bac1-aff8af915889-140229660866368", "trial_id": 22, "state": 1, "values": [0.4511357285307223], "datetime_complete": "2024-08-26T16:37:06.814211"}
{"op_code": 4, "worker_id": "0de4f993-37a2-4b47-bac1-aff8af915889-140229660866368", "study_id": 0, "datetime_start": "2024-08-26T16:37:06.823620"}
{"op_code": 5, "worker_id": "0de4f993-37a2-4b47-bac1-aff8af915889-140229660866368", "trial_id": 23, "param_name": "lr", "param_value_internal": 0.0009746456849017947, "distribution": "{\"name\": \"FloatDistribution\", \"attributes\": {\"step\": null, \"low\": 1e-05, \"high\": 0.001, \"log\": true}}"}
{"op_code": 5, "worker_id": "0de4f993-37a2-4b47-bac1-aff8af915889-140229660866368", "trial_id": 23, "param_name": "l2reg", "param_value_internal": 6.747212094442512e-05, "distribution": "{\"name\": \"FloatDistribution\", \"attributes\": {\"step\": null, \"low\": 1e-08, \"high\": 0.001, \"log\": true}}"}
{"op_code": 5, "worker_id": "0de4f993-37a2-4b47-bac1-aff8af915889-140229660866368", "trial_id": 23, "param_name": "random_seed", "param_value_internal": 0, "distribution": "{\"name\": \"CategoricalDistribution\", \"attributes\": {\"choices\": [42]}}"}
{"op_code": 5, "worker_id": "0de4f993-37a2-4b47-bac1-aff8af915889-140229660866368", "trial_id": 23, "param_name": "degree", "param_value_internal": 0, "distribution": "{\"name\": \"CategoricalDistribution\", \"attributes\": {\"choices\": [0]}}"}
{"op_code": 8, "worker_id": "0de4f993-37a2-4b47-bac1-aff8af915889-140229660866368", "trial_id": 23, "user_attr": {"best_epoch": 0}}
{"op_code": 8, "worker_id": "0de4f993-37a2-4b47-bac1-aff8af915889-140229660866368", "trial_id": 23, "user_attr": {"test_loss": 0.45102425534384133}}
{"op_code": 6, "worker_id": "0de4f993-37a2-4b47-bac1-aff8af915889-140229660866368", "trial_id": 23, "state": 1, "values": [0.45132683632987514], "datetime_complete": "2024-08-26T16:43:27.675683"}
{"op_code": 4, "worker_id": "0de4f993-37a2-4b47-bac1-aff8af915889-140229660866368", "study_id": 0, "datetime_start": "2024-08-26T16:43:27.684375"}
{"op_code": 5, "worker_id": "0de4f993-37a2-4b47-bac1-aff8af915889-140229660866368", "trial_id": 24, "param_name": "lr", "param_value_internal": 0.0006870122242852348, "distribution": "{\"name\": \"FloatDistribution\", \"attributes\": {\"step\": null, \"low\": 1e-05, \"high\": 0.001, \"log\": true}}"}
{"op_code": 5, "worker_id": "0de4f993-37a2-4b47-bac1-aff8af915889-140229660866368", "trial_id": 24, "param_name": "l2reg", "param_value_internal": 0.0003829904129741406, "distribution": "{\"name\": \"FloatDistribution\", \"attributes\": {\"step\": null, \"low\": 1e-08, \"high\": 0.001, \"log\": true}}"}
{"op_code": 5, "worker_id": "0de4f993-37a2-4b47-bac1-aff8af915889-140229660866368", "trial_id": 24, "param_name": "random_seed", "param_value_internal": 0, "distribution": "{\"name\": \"CategoricalDistribution\", \"attributes\": {\"choices\": [42]}}"}
{"op_code": 5, "worker_id": "0de4f993-37a2-4b47-bac1-aff8af915889-140229660866368", "trial_id": 24, "param_name": "degree", "param_value_internal": 0, "distribution": "{\"name\": \"CategoricalDistribution\", \"attributes\": {\"choices\": [0]}}"}
{"op_code": 8, "worker_id": "0de4f993-37a2-4b47-bac1-aff8af915889-140229660866368", "trial_id": 24, "user_attr": {"best_epoch": 0}}
{"op_code": 8, "worker_id": "0de4f993-37a2-4b47-bac1-aff8af915889-140229660866368", "trial_id": 24, "user_attr": {"test_loss": 0.45098111674754837}}
{"op_code": 6, "worker_id": "0de4f993-37a2-4b47-bac1-aff8af915889-140229660866368", "trial_id": 24, "state": 1, "values": [0.4511467231464147], "datetime_complete": "2024-08-26T16:49:47.040350"}
{"op_code": 4, "worker_id": "0de4f993-37a2-4b47-bac1-aff8af915889-140229660866368", "study_id": 0, "datetime_start": "2024-08-26T16:49:47.048888"}
{"op_code": 5, "worker_id": "0de4f993-37a2-4b47-bac1-aff8af915889-140229660866368", "trial_id": 25, "param_name": "lr", "param_value_internal": 0.0006071322123689689, "distribution": "{\"name\": \"FloatDistribution\", \"attributes\": {\"step\": null, \"low\": 1e-05, \"high\": 0.001, \"log\": true}}"}
{"op_code": 5, "worker_id": "0de4f993-37a2-4b47-bac1-aff8af915889-140229660866368", "trial_id": 25, "param_name": "l2reg", "param_value_internal": 7.550197822970333e-05, "distribution": "{\"name\": \"FloatDistribution\", \"attributes\": {\"step\": null, \"low\": 1e-08, \"high\": 0.001, \"log\": true}}"}
{"op_code": 5, "worker_id": "0de4f993-37a2-4b47-bac1-aff8af915889-140229660866368", "trial_id": 25, "param_name": "random_seed", "param_value_internal": 0, "distribution": "{\"name\": \"CategoricalDistribution\", \"attributes\": {\"choices\": [42]}}"}
{"op_code": 5, "worker_id": "0de4f993-37a2-4b47-bac1-aff8af915889-140229660866368", "trial_id": 25, "param_name": "degree", "param_value_internal": 0, "distribution": "{\"name\": \"CategoricalDistribution\", \"attributes\": {\"choices\": [0]}}"}
{"op_code": 8, "worker_id": "0de4f993-37a2-4b47-bac1-aff8af915889-140229660866368", "trial_id": 25, "user_attr": {"best_epoch": 0}}
{"op_code": 8, "worker_id": "0de4f993-37a2-4b47-bac1-aff8af915889-140229660866368", "trial_id": 25, "user_attr": {"test_loss": 0.45098615594640734}}
{"op_code": 6, "worker_id": "0de4f993-37a2-4b47-bac1-aff8af915889-140229660866368", "trial_id": 25, "state": 1, "values": [0.4511352704217351], "datetime_complete": "2024-08-26T16:56:07.699349"}
{"op_code": 4, "worker_id": "0de4f993-37a2-4b47-bac1-aff8af915889-140229660866368", "study_id": 0, "datetime_start": "2024-08-26T16:56:07.709147"}
{"op_code": 5, "worker_id": "0de4f993-37a2-4b47-bac1-aff8af915889-140229660866368", "trial_id": 26, "param_name": "lr", "param_value_internal": 0.0003622076063703389, "distribution": "{\"name\": \"FloatDistribution\", \"attributes\": {\"step\": null, \"low\": 1e-05, \"high\": 0.001, \"log\": true}}"}
{"op_code": 5, "worker_id": "0de4f993-37a2-4b47-bac1-aff8af915889-140229660866368", "trial_id": 26, "param_name": "l2reg", "param_value_internal": 0.0009601448420652909, "distribution": "{\"name\": \"FloatDistribution\", \"attributes\": {\"step\": null, \"low\": 1e-08, \"high\": 0.001, \"log\": true}}"}
{"op_code": 5, "worker_id": "0de4f993-37a2-4b47-bac1-aff8af915889-140229660866368", "trial_id": 26, "param_name": "random_seed", "param_value_internal": 0, "distribution": "{\"name\": \"CategoricalDistribution\", \"attributes\": {\"choices\": [42]}}"}
{"op_code": 5, "worker_id": "0de4f993-37a2-4b47-bac1-aff8af915889-140229660866368", "trial_id": 26, "param_name": "degree", "param_value_internal": 0, "distribution": "{\"name\": \"CategoricalDistribution\", \"attributes\": {\"choices\": [0]}}"}
{"op_code": 8, "worker_id": "0de4f993-37a2-4b47-bac1-aff8af915889-140229660866368", "trial_id": 26, "user_attr": {"best_epoch": 1}}
{"op_code": 8, "worker_id": "0de4f993-37a2-4b47-bac1-aff8af915889-140229660866368", "trial_id": 26, "user_attr": {"test_loss": 0.4511666127116082}}
{"op_code": 6, "worker_id": "0de4f993-37a2-4b47-bac1-aff8af915889-140229660866368", "trial_id": 26, "state": 1, "values": [0.4517339425164843], "datetime_complete": "2024-08-26T17:03:51.295420"}
{"op_code": 4, "worker_id": "0de4f993-37a2-4b47-bac1-aff8af915889-140229660866368", "study_id": 0, "datetime_start": "2024-08-26T17:03:51.304071"}
{"op_code": 5, "worker_id": "0de4f993-37a2-4b47-bac1-aff8af915889-140229660866368", "trial_id": 27, "param_name": "lr", "param_value_internal": 0.0006732534117889716, "distribution": "{\"name\": \"FloatDistribution\", \"attributes\": {\"step\": null, \"low\": 1e-05, \"high\": 0.001, \"log\": true}}"}
{"op_code": 5, "worker_id": "0de4f993-37a2-4b47-bac1-aff8af915889-140229660866368", "trial_id": 27, "param_name": "l2reg", "param_value_internal": 6.0225372405874944e-05, "distribution": "{\"name\": \"FloatDistribution\", \"attributes\": {\"step\": null, \"low\": 1e-08, \"high\": 0.001, \"log\": true}}"}
{"op_code": 5, "worker_id": "0de4f993-37a2-4b47-bac1-aff8af915889-140229660866368", "trial_id": 27, "param_name": "random_seed", "param_value_internal": 0, "distribution": "{\"name\": \"CategoricalDistribution\", \"attributes\": {\"choices\": [42]}}"}
{"op_code": 5, "worker_id": "0de4f993-37a2-4b47-bac1-aff8af915889-140229660866368", "trial_id": 27, "param_name": "degree", "param_value_internal": 0, "distribution": "{\"name\": \"CategoricalDistribution\", \"attributes\": {\"choices\": [0]}}"}
{"op_code": 8, "worker_id": "0de4f993-37a2-4b47-bac1-aff8af915889-140229660866368", "trial_id": 27, "user_attr": {"best_epoch": 0}}
{"op_code": 8, "worker_id": "0de4f993-37a2-4b47-bac1-aff8af915889-140229660866368", "trial_id": 27, "user_attr": {"test_loss": 0.4509827964805014}}
{"op_code": 6, "worker_id": "0de4f993-37a2-4b47-bac1-aff8af915889-140229660866368", "trial_id": 27, "state": 1, "values": [0.4511446616559724], "datetime_complete": "2024-08-26T17:10:12.645704"}
{"op_code": 4, "worker_id": "0de4f993-37a2-4b47-bac1-aff8af915889-140229660866368", "study_id": 0, "datetime_start": "2024-08-26T17:10:12.654400"}
{"op_code": 5, "worker_id": "0de4f993-37a2-4b47-bac1-aff8af915889-140229660866368", "trial_id": 28, "param_name": "lr", "param_value_internal": 0.00013394931358088426, "distribution": "{\"name\": \"FloatDistribution\", \"attributes\": {\"step\": null, \"low\": 1e-05, \"high\": 0.001, \"log\": true}}"}
{"op_code": 5, "worker_id": "0de4f993-37a2-4b47-bac1-aff8af915889-140229660866368", "trial_id": 28, "param_name": "l2reg", "param_value_internal": 0.0002759261303276582, "distribution": "{\"name\": \"FloatDistribution\", \"attributes\": {\"step\": null, \"low\": 1e-08, \"high\": 0.001, \"log\": true}}"}
{"op_code": 5, "worker_id": "0de4f993-37a2-4b47-bac1-aff8af915889-140229660866368", "trial_id": 28, "param_name": "random_seed", "param_value_internal": 0, "distribution": "{\"name\": \"CategoricalDistribution\", \"attributes\": {\"choices\": [42]}}"}
{"op_code": 5, "worker_id": "0de4f993-37a2-4b47-bac1-aff8af915889-140229660866368", "trial_id": 28, "param_name": "degree", "param_value_internal": 0, "distribution": "{\"name\": \"CategoricalDistribution\", \"attributes\": {\"choices\": [0]}}"}
{"op_code": 8, "worker_id": "0de4f993-37a2-4b47-bac1-aff8af915889-140229660866368", "trial_id": 28, "user_attr": {"best_epoch": 2}}
{"op_code": 8, "worker_id": "0de4f993-37a2-4b47-bac1-aff8af915889-140229660866368", "trial_id": 28, "user_attr": {"test_loss": 0.45108755073557033}}
{"op_code": 6, "worker_id": "0de4f993-37a2-4b47-bac1-aff8af915889-140229660866368", "trial_id": 28, "state": 1, "values": [0.4519085202163496], "datetime_complete": "2024-08-26T17:19:21.510347"}
{"op_code": 4, "worker_id": "0de4f993-37a2-4b47-bac1-aff8af915889-140229660866368", "study_id": 0, "datetime_start": "2024-08-26T17:19:21.519724"}
{"op_code": 5, "worker_id": "0de4f993-37a2-4b47-bac1-aff8af915889-140229660866368", "trial_id": 29, "param_name": "lr", "param_value_internal": 0.0002595469709903652, "distribution": "{\"name\": \"FloatDistribution\", \"attributes\": {\"step\": null, \"low\": 1e-05, \"high\": 0.001, \"log\": true}}"}
{"op_code": 5, "worker_id": "0de4f993-37a2-4b47-bac1-aff8af915889-140229660866368", "trial_id": 29, "param_name": "l2reg", "param_value_internal": 0.00046916430227907736, "distribution": "{\"name\": \"FloatDistribution\", \"attributes\": {\"step\": null, \"low\": 1e-08, \"high\": 0.001, \"log\": true}}"}
{"op_code": 5, "worker_id": "0de4f993-37a2-4b47-bac1-aff8af915889-140229660866368", "trial_id": 29, "param_name": "random_seed", "param_value_internal": 0, "distribution": "{\"name\": \"CategoricalDistribution\", \"attributes\": {\"choices\": [42]}}"}
{"op_code": 5, "worker_id": "0de4f993-37a2-4b47-bac1-aff8af915889-140229660866368", "trial_id": 29, "param_name": "degree", "param_value_internal": 0, "distribution": "{\"name\": \"CategoricalDistribution\", \"attributes\": {\"choices\": [0]}}"}
{"op_code": 8, "worker_id": "0de4f993-37a2-4b47-bac1-aff8af915889-140229660866368", "trial_id": 29, "user_attr": {"best_epoch": 1}}
{"op_code": 8, "worker_id": "0de4f993-37a2-4b47-bac1-aff8af915889-140229660866368", "trial_id": 29, "user_attr": {"test_loss": 0.45045471134552717}}
{"op_code": 6, "worker_id": "0de4f993-37a2-4b47-bac1-aff8af915889-140229660866368", "trial_id": 29, "state": 1, "values": [0.45116000830704295], "datetime_complete": "2024-08-26T17:27:05.523228"}
{"op_code": 4, "worker_id": "0de4f993-37a2-4b47-bac1-aff8af915889-140229660866368", "study_id": 0, "datetime_start": "2024-08-26T17:27:05.532084"}
{"op_code": 5, "worker_id": "0de4f993-37a2-4b47-bac1-aff8af915889-140229660866368", "trial_id": 30, "param_name": "lr", "param_value_internal": 6.711632979128908e-05, "distribution": "{\"name\": \"FloatDistribution\", \"attributes\": {\"step\": null, \"low\": 1e-05, \"high\": 0.001, \"log\": true}}"}
{"op_code": 5, "worker_id": "0de4f993-37a2-4b47-bac1-aff8af915889-140229660866368", "trial_id": 30, "param_name": "l2reg", "param_value_internal": 1.6049638369452756e-06, "distribution": "{\"name\": \"FloatDistribution\", \"attributes\": {\"step\": null, \"low\": 1e-08, \"high\": 0.001, \"log\": true}}"}
{"op_code": 5, "worker_id": "0de4f993-37a2-4b47-bac1-aff8af915889-140229660866368", "trial_id": 30, "param_name": "random_seed", "param_value_internal": 0, "distribution": "{\"name\": \"CategoricalDistribution\", \"attributes\": {\"choices\": [42]}}"}
{"op_code": 5, "worker_id": "0de4f993-37a2-4b47-bac1-aff8af915889-140229660866368", "trial_id": 30, "param_name": "degree", "param_value_internal": 0, "distribution": "{\"name\": \"CategoricalDistribution\", \"attributes\": {\"choices\": [0]}}"}
{"op_code": 8, "worker_id": "0de4f993-37a2-4b47-bac1-aff8af915889-140229660866368", "trial_id": 30, "user_attr": {"best_epoch": 5}}
{"op_code": 8, "worker_id": "0de4f993-37a2-4b47-bac1-aff8af915889-140229660866368", "trial_id": 30, "user_attr": {"test_loss": 0.4523701031966845}}
{"op_code": 6, "worker_id": "0de4f993-37a2-4b47-bac1-aff8af915889-140229660866368", "trial_id": 30, "state": 1, "values": [0.45295041275619746], "datetime_complete": "2024-08-26T17:40:23.738124"}
{"op_code": 4, "worker_id": "0de4f993-37a2-4b47-bac1-aff8af915889-140229660866368", "study_id": 0, "datetime_start": "2024-08-26T17:40:23.748256"}
{"op_code": 5, "worker_id": "0de4f993-37a2-4b47-bac1-aff8af915889-140229660866368", "trial_id": 31, "param_name": "lr", "param_value_internal": 0.0006307781593642832, "distribution": "{\"name\": \"FloatDistribution\", \"attributes\": {\"step\": null, \"low\": 1e-05, \"high\": 0.001, \"log\": true}}"}
{"op_code": 5, "worker_id": "0de4f993-37a2-4b47-bac1-aff8af915889-140229660866368", "trial_id": 31, "param_name": "l2reg", "param_value_internal": 8.908989409205168e-05, "distribution": "{\"name\": \"FloatDistribution\", \"attributes\": {\"step\": null, \"low\": 1e-08, \"high\": 0.001, \"log\": true}}"}
{"op_code": 5, "worker_id": "0de4f993-37a2-4b47-bac1-aff8af915889-140229660866368", "trial_id": 31, "param_name": "random_seed", "param_value_internal": 0, "distribution": "{\"name\": \"CategoricalDistribution\", \"attributes\": {\"choices\": [42]}}"}
{"op_code": 5, "worker_id": "0de4f993-37a2-4b47-bac1-aff8af915889-140229660866368", "trial_id": 31, "param_name": "degree", "param_value_internal": 0, "distribution": "{\"name\": \"CategoricalDistribution\", \"attributes\": {\"choices\": [0]}}"}
{"op_code": 8, "worker_id": "0de4f993-37a2-4b47-bac1-aff8af915889-140229660866368", "trial_id": 31, "user_attr": {"best_epoch": 0}}
{"op_code": 8, "worker_id": "0de4f993-37a2-4b47-bac1-aff8af915889-140229660866368", "trial_id": 31, "user_attr": {"test_loss": 0.4509831018864928}}
{"op_code": 6, "worker_id": "0de4f993-37a2-4b47-bac1-aff8af915889-140229660866368", "trial_id": 31, "state": 1, "values": [0.45113580488222016], "datetime_complete": "2024-08-26T17:46:45.280023"}
{"op_code": 4, "worker_id": "0de4f993-37a2-4b47-bac1-aff8af915889-140229660866368", "study_id": 0, "datetime_start": "2024-08-26T17:46:45.294616"}
{"op_code": 5, "worker_id": "0de4f993-37a2-4b47-bac1-aff8af915889-140229660866368", "trial_id": 32, "param_name": "lr", "param_value_internal": 0.0006771486864326851, "distribution": "{\"name\": \"FloatDistribution\", \"attributes\": {\"step\": null, \"low\": 1e-05, \"high\": 0.001, \"log\": true}}"}
{"op_code": 5, "worker_id": "0de4f993-37a2-4b47-bac1-aff8af915889-140229660866368", "trial_id": 32, "param_name": "l2reg", "param_value_internal": 6.181844622078447e-05, "distribution": "{\"name\": \"FloatDistribution\", \"attributes\": {\"step\": null, \"low\": 1e-08, \"high\": 0.001, \"log\": true}}"}
{"op_code": 5, "worker_id": "0de4f993-37a2-4b47-bac1-aff8af915889-140229660866368", "trial_id": 32, "param_name": "random_seed", "param_value_internal": 0, "distribution": "{\"name\": \"CategoricalDistribution\", \"attributes\": {\"choices\": [42]}}"}
{"op_code": 5, "worker_id": "0de4f993-37a2-4b47-bac1-aff8af915889-140229660866368", "trial_id": 32, "param_name": "degree", "param_value_internal": 0, "distribution": "{\"name\": \"CategoricalDistribution\", \"attributes\": {\"choices\": [0]}}"}
{"op_code": 8, "worker_id": "0de4f993-37a2-4b47-bac1-aff8af915889-140229660866368", "trial_id": 32, "user_attr": {"best_epoch": 0}}
{"op_code": 8, "worker_id": "0de4f993-37a2-4b47-bac1-aff8af915889-140229660866368", "trial_id": 32, "user_attr": {"test_loss": 0.4509833309409864}}
{"op_code": 6, "worker_id": "0de4f993-37a2-4b47-bac1-aff8af915889-140229660866368", "trial_id": 32, "state": 1, "values": [0.45114641774042324], "datetime_complete": "2024-08-26T17:53:07.299369"}
{"op_code": 4, "worker_id": "0de4f993-37a2-4b47-bac1-aff8af915889-140229660866368", "study_id": 0, "datetime_start": "2024-08-26T17:53:07.307797"}
{"op_code": 5, "worker_id": "0de4f993-37a2-4b47-bac1-aff8af915889-140229660866368", "trial_id": 33, "param_name": "lr", "param_value_internal": 0.00037433095612438575, "distribution": "{\"name\": \"FloatDistribution\", \"attributes\": {\"step\": null, \"low\": 1e-05, \"high\": 0.001, \"log\": true}}"}
{"op_code": 5, "worker_id": "0de4f993-37a2-4b47-bac1-aff8af915889-140229660866368", "trial_id": 33, "param_name": "l2reg", "param_value_internal": 1.4907552542815375e-05, "distribution": "{\"name\": \"FloatDistribution\", \"attributes\": {\"step\": null, \"low\": 1e-08, \"high\": 0.001, \"log\": true}}"}
{"op_code": 5, "worker_id": "0de4f993-37a2-4b47-bac1-aff8af915889-140229660866368", "trial_id": 33, "param_name": "random_seed", "param_value_internal": 0, "distribution": "{\"name\": \"CategoricalDistribution\", \"attributes\": {\"choices\": [42]}}"}
{"op_code": 5, "worker_id": "0de4f993-37a2-4b47-bac1-aff8af915889-140229660866368", "trial_id": 33, "param_name": "degree", "param_value_internal": 0, "distribution": "{\"name\": \"CategoricalDistribution\", \"attributes\": {\"choices\": [0]}}"}
{"op_code": 8, "worker_id": "0de4f993-37a2-4b47-bac1-aff8af915889-140229660866368", "trial_id": 33, "user_attr": {"best_epoch": 0}}
{"op_code": 8, "worker_id": "0de4f993-37a2-4b47-bac1-aff8af915889-140229660866368", "trial_id": 33, "user_attr": {"test_loss": 0.45156852699636263}}
{"op_code": 6, "worker_id": "0de4f993-37a2-4b47-bac1-aff8af915889-140229660866368", "trial_id": 33, "state": 1, "values": [0.451855646804079], "datetime_complete": "2024-08-26T17:59:29.308959"}
{"op_code": 4, "worker_id": "0de4f993-37a2-4b47-bac1-aff8af915889-140229660866368", "study_id": 0, "datetime_start": "2024-08-26T17:59:29.318918"}
{"op_code": 5, "worker_id": "0de4f993-37a2-4b47-bac1-aff8af915889-140229660866368", "trial_id": 34, "param_name": "lr", "param_value_internal": 0.0007501054462493084, "distribution": "{\"name\": \"FloatDistribution\", \"attributes\": {\"step\": null, \"low\": 1e-05, \"high\": 0.001, \"log\": true}}"}
{"op_code": 5, "worker_id": "0de4f993-37a2-4b47-bac1-aff8af915889-140229660866368", "trial_id": 34, "param_name": "l2reg", "param_value_internal": 0.0001988466278069205, "distribution": "{\"name\": \"FloatDistribution\", \"attributes\": {\"step\": null, \"low\": 1e-08, \"high\": 0.001, \"log\": true}}"}
{"op_code": 5, "worker_id": "0de4f993-37a2-4b47-bac1-aff8af915889-140229660866368", "trial_id": 34, "param_name": "random_seed", "param_value_internal": 0, "distribution": "{\"name\": \"CategoricalDistribution\", \"attributes\": {\"choices\": [42]}}"}
{"op_code": 5, "worker_id": "0de4f993-37a2-4b47-bac1-aff8af915889-140229660866368", "trial_id": 34, "param_name": "degree", "param_value_internal": 0, "distribution": "{\"name\": \"CategoricalDistribution\", \"attributes\": {\"choices\": [0]}}"}
{"op_code": 8, "worker_id": "0de4f993-37a2-4b47-bac1-aff8af915889-140229660866368", "trial_id": 34, "user_attr": {"best_epoch": 0}}
{"op_code": 8, "worker_id": "0de4f993-37a2-4b47-bac1-aff8af915889-140229660866368", "trial_id": 34, "user_attr": {"test_loss": 0.4509918441329982}}
{"op_code": 6, "worker_id": "0de4f993-37a2-4b47-bac1-aff8af915889-140229660866368", "trial_id": 34, "state": 1, "values": [0.451176805636573], "datetime_complete": "2024-08-26T18:05:52.374411"}
{"op_code": 4, "worker_id": "0de4f993-37a2-4b47-bac1-aff8af915889-140229660866368", "study_id": 0, "datetime_start": "2024-08-26T18:05:52.391908"}
{"op_code": 5, "worker_id": "0de4f993-37a2-4b47-bac1-aff8af915889-140229660866368", "trial_id": 35, "param_name": "lr", "param_value_internal": 0.0005016671821591682, "distribution": "{\"name\": \"FloatDistribution\", \"attributes\": {\"step\": null, \"low\": 1e-05, \"high\": 0.001, \"log\": true}}"}
{"op_code": 5, "worker_id": "0de4f993-37a2-4b47-bac1-aff8af915889-140229660866368", "trial_id": 35, "param_name": "l2reg", "param_value_internal": 3.7632389330902303e-05, "distribution": "{\"name\": \"FloatDistribution\", \"attributes\": {\"step\": null, \"low\": 1e-08, \"high\": 0.001, \"log\": true}}"}
{"op_code": 5, "worker_id": "0de4f993-37a2-4b47-bac1-aff8af915889-140229660866368", "trial_id": 35, "param_name": "random_seed", "param_value_internal": 0, "distribution": "{\"name\": \"CategoricalDistribution\", \"attributes\": {\"choices\": [42]}}"}
{"op_code": 5, "worker_id": "0de4f993-37a2-4b47-bac1-aff8af915889-140229660866368", "trial_id": 35, "param_name": "degree", "param_value_internal": 0, "distribution": "{\"name\": \"CategoricalDistribution\", \"attributes\": {\"choices\": [0]}}"}
{"op_code": 8, "worker_id": "0de4f993-37a2-4b47-bac1-aff8af915889-140229660866368", "trial_id": 35, "user_attr": {"best_epoch": 0}}
{"op_code": 8, "worker_id": "0de4f993-37a2-4b47-bac1-aff8af915889-140229660866368", "trial_id": 35, "user_attr": {"test_loss": 0.4510840767424175}}
{"op_code": 6, "worker_id": "0de4f993-37a2-4b47-bac1-aff8af915889-140229660866368", "trial_id": 35, "state": 1, "values": [0.45124078819178276], "datetime_complete": "2024-08-26T18:12:14.294770"}
{"op_code": 4, "worker_id": "0de4f993-37a2-4b47-bac1-aff8af915889-140229660866368", "study_id": 0, "datetime_start": "2024-08-26T18:12:14.304291"}
{"op_code": 5, "worker_id": "0de4f993-37a2-4b47-bac1-aff8af915889-140229660866368", "trial_id": 36, "param_name": "lr", "param_value_internal": 0.0009938840745439838, "distribution": "{\"name\": \"FloatDistribution\", \"attributes\": {\"step\": null, \"low\": 1e-05, \"high\": 0.001, \"log\": true}}"}
{"op_code": 5, "worker_id": "0de4f993-37a2-4b47-bac1-aff8af915889-140229660866368", "trial_id": 36, "param_name": "l2reg", "param_value_internal": 0.00033052582096730046, "distribution": "{\"name\": \"FloatDistribution\", \"attributes\": {\"step\": null, \"low\": 1e-08, \"high\": 0.001, \"log\": true}}"}
{"op_code": 5, "worker_id": "0de4f993-37a2-4b47-bac1-aff8af915889-140229660866368", "trial_id": 36, "param_name": "random_seed", "param_value_internal": 0, "distribution": "{\"name\": \"CategoricalDistribution\", \"attributes\": {\"choices\": [42]}}"}
{"op_code": 5, "worker_id": "0de4f993-37a2-4b47-bac1-aff8af915889-140229660866368", "trial_id": 36, "param_name": "degree", "param_value_internal": 0, "distribution": "{\"name\": \"CategoricalDistribution\", \"attributes\": {\"choices\": [0]}}"}
{"op_code": 8, "worker_id": "0de4f993-37a2-4b47-bac1-aff8af915889-140229660866368", "trial_id": 36, "user_attr": {"best_epoch": 0}}
{"op_code": 8, "worker_id": "0de4f993-37a2-4b47-bac1-aff8af915889-140229660866368", "trial_id": 36, "user_attr": {"test_loss": 0.4510197506054674}}
{"op_code": 6, "worker_id": "0de4f993-37a2-4b47-bac1-aff8af915889-140229660866368", "trial_id": 36, "state": 1, "values": [0.4513326772194617], "datetime_complete": "2024-08-26T18:18:36.753318"}
{"op_code": 4, "worker_id": "0de4f993-37a2-4b47-bac1-aff8af915889-140229660866368", "study_id": 0, "datetime_start": "2024-08-26T18:18:36.761829"}
{"op_code": 5, "worker_id": "0de4f993-37a2-4b47-bac1-aff8af915889-140229660866368", "trial_id": 37, "param_name": "lr", "param_value_internal": 0.0001970983064403508, "distribution": "{\"name\": \"FloatDistribution\", \"attributes\": {\"step\": null, \"low\": 1e-05, \"high\": 0.001, \"log\": true}}"}
{"op_code": 5, "worker_id": "0de4f993-37a2-4b47-bac1-aff8af915889-140229660866368", "trial_id": 37, "param_name": "l2reg", "param_value_internal": 7.613363421499128e-06, "distribution": "{\"name\": \"FloatDistribution\", \"attributes\": {\"step\": null, \"low\": 1e-08, \"high\": 0.001, \"log\": true}}"}
{"op_code": 5, "worker_id": "0de4f993-37a2-4b47-bac1-aff8af915889-140229660866368", "trial_id": 37, "param_name": "random_seed", "param_value_internal": 0, "distribution": "{\"name\": \"CategoricalDistribution\", \"attributes\": {\"choices\": [42]}}"}
{"op_code": 5, "worker_id": "0de4f993-37a2-4b47-bac1-aff8af915889-140229660866368", "trial_id": 37, "param_name": "degree", "param_value_internal": 0, "distribution": "{\"name\": \"CategoricalDistribution\", \"attributes\": {\"choices\": [0]}}"}
{"op_code": 8, "worker_id": "0de4f993-37a2-4b47-bac1-aff8af915889-140229660866368", "trial_id": 37, "user_attr": {"best_epoch": 1}}
{"op_code": 8, "worker_id": "0de4f993-37a2-4b47-bac1-aff8af915889-140229660866368", "trial_id": 37, "user_attr": {"test_loss": 0.45079840761316053}}
{"op_code": 6, "worker_id": "0de4f993-37a2-4b47-bac1-aff8af915889-140229660866368", "trial_id": 37, "state": 1, "values": [0.4516111693079195], "datetime_complete": "2024-08-26T18:26:19.699321"}
{"op_code": 4, "worker_id": "0de4f993-37a2-4b47-bac1-aff8af915889-140229660866368", "study_id": 0, "datetime_start": "2024-08-26T18:26:19.708252"}
{"op_code": 5, "worker_id": "0de4f993-37a2-4b47-bac1-aff8af915889-140229660866368", "trial_id": 38, "param_name": "lr", "param_value_internal": 0.0003115195243371026, "distribution": "{\"name\": \"FloatDistribution\", \"attributes\": {\"step\": null, \"low\": 1e-05, \"high\": 0.001, \"log\": true}}"}
{"op_code": 5, "worker_id": "0de4f993-37a2-4b47-bac1-aff8af915889-140229660866368", "trial_id": 38, "param_name": "l2reg", "param_value_internal": 9.889935101493481e-05, "distribution": "{\"name\": \"FloatDistribution\", \"attributes\": {\"step\": null, \"low\": 1e-08, \"high\": 0.001, \"log\": true}}"}
{"op_code": 5, "worker_id": "0de4f993-37a2-4b47-bac1-aff8af915889-140229660866368", "trial_id": 38, "param_name": "random_seed", "param_value_internal": 0, "distribution": "{\"name\": \"CategoricalDistribution\", \"attributes\": {\"choices\": [42]}}"}
{"op_code": 5, "worker_id": "0de4f993-37a2-4b47-bac1-aff8af915889-140229660866368", "trial_id": 38, "param_name": "degree", "param_value_internal": 0, "distribution": "{\"name\": \"CategoricalDistribution\", \"attributes\": {\"choices\": [0]}}"}
{"op_code": 8, "worker_id": "0de4f993-37a2-4b47-bac1-aff8af915889-140229660866368", "trial_id": 38, "user_attr": {"best_epoch": 1}}
{"op_code": 8, "worker_id": "0de4f993-37a2-4b47-bac1-aff8af915889-140229660866368", "trial_id": 38, "user_attr": {"test_loss": 0.4507220179395479}}
{"op_code": 6, "worker_id": "0de4f993-37a2-4b47-bac1-aff8af915889-140229660866368", "trial_id": 38, "state": 1, "values": [0.45134596238008995], "datetime_complete": "2024-08-26T18:34:04.236123"}
{"op_code": 4, "worker_id": "0de4f993-37a2-4b47-bac1-aff8af915889-140229660866368", "study_id": 0, "datetime_start": "2024-08-26T18:34:04.244877"}
{"op_code": 5, "worker_id": "0de4f993-37a2-4b47-bac1-aff8af915889-140229660866368", "trial_id": 39, "param_name": "lr", "param_value_internal": 0.0004223657076406089, "distribution": "{\"name\": \"FloatDistribution\", \"attributes\": {\"step\": null, \"low\": 1e-05, \"high\": 0.001, \"log\": true}}"}
{"op_code": 5, "worker_id": "0de4f993-37a2-4b47-bac1-aff8af915889-140229660866368", "trial_id": 39, "param_name": "l2reg", "param_value_internal": 0.0006606877661991182, "distribution": "{\"name\": \"FloatDistribution\", \"attributes\": {\"step\": null, \"low\": 1e-08, \"high\": 0.001, \"log\": true}}"}
{"op_code": 5, "worker_id": "0de4f993-37a2-4b47-bac1-aff8af915889-140229660866368", "trial_id": 39, "param_name": "random_seed", "param_value_internal": 0, "distribution": "{\"name\": \"CategoricalDistribution\", \"attributes\": {\"choices\": [42]}}"}
{"op_code": 5, "worker_id": "0de4f993-37a2-4b47-bac1-aff8af915889-140229660866368", "trial_id": 39, "param_name": "degree", "param_value_internal": 0, "distribution": "{\"name\": \"CategoricalDistribution\", \"attributes\": {\"choices\": [0]}}"}
{"op_code": 8, "worker_id": "0de4f993-37a2-4b47-bac1-aff8af915889-140229660866368", "trial_id": 39, "user_attr": {"best_epoch": 0}}
{"op_code": 8, "worker_id": "0de4f993-37a2-4b47-bac1-aff8af915889-140229660866368", "trial_id": 39, "user_attr": {"test_loss": 0.45130557243772007}}
{"op_code": 6, "worker_id": "0de4f993-37a2-4b47-bac1-aff8af915889-140229660866368", "trial_id": 39, "state": 1, "values": [0.4515240140731081], "datetime_complete": "2024-08-26T18:40:24.330152"}
{"op_code": 4, "worker_id": "0de4f993-37a2-4b47-bac1-aff8af915889-140229660866368", "study_id": 0, "datetime_start": "2024-08-26T18:40:24.338971"}
{"op_code": 5, "worker_id": "0de4f993-37a2-4b47-bac1-aff8af915889-140229660866368", "trial_id": 40, "param_name": "lr", "param_value_internal": 4.162953495869027e-05, "distribution": "{\"name\": \"FloatDistribution\", \"attributes\": {\"step\": null, \"low\": 1e-05, \"high\": 0.001, \"log\": true}}"}
{"op_code": 5, "worker_id": "0de4f993-37a2-4b47-bac1-aff8af915889-140229660866368", "trial_id": 40, "param_name": "l2reg", "param_value_internal": 2.3780728882709088e-05, "distribution": "{\"name\": \"FloatDistribution\", \"attributes\": {\"step\": null, \"low\": 1e-08, \"high\": 0.001, \"log\": true}}"}
{"op_code": 5, "worker_id": "0de4f993-37a2-4b47-bac1-aff8af915889-140229660866368", "trial_id": 40, "param_name": "random_seed", "param_value_internal": 0, "distribution": "{\"name\": \"CategoricalDistribution\", \"attributes\": {\"choices\": [42]}}"}
{"op_code": 5, "worker_id": "0de4f993-37a2-4b47-bac1-aff8af915889-140229660866368", "trial_id": 40, "param_name": "degree", "param_value_internal": 0, "distribution": "{\"name\": \"CategoricalDistribution\", \"attributes\": {\"choices\": [0]}}"}
{"op_code": 8, "worker_id": "0de4f993-37a2-4b47-bac1-aff8af915889-140229660866368", "trial_id": 40, "user_attr": {"best_epoch": 8}}
{"op_code": 8, "worker_id": "0de4f993-37a2-4b47-bac1-aff8af915889-140229660866368", "trial_id": 40, "user_attr": {"test_loss": 0.4532218805068518}}
{"op_code": 6, "worker_id": "0de4f993-37a2-4b47-bac1-aff8af915889-140229660866368", "trial_id": 40, "state": 1, "values": [0.4535613774421027], "datetime_complete": "2024-08-26T18:55:04.695530"}
{"op_code": 4, "worker_id": "0de4f993-37a2-4b47-bac1-aff8af915889-140229660866368", "study_id": 0, "datetime_start": "2024-08-26T18:55:04.704756"}
{"op_code": 5, "worker_id": "0de4f993-37a2-4b47-bac1-aff8af915889-140229660866368", "trial_id": 41, "param_name": "lr", "param_value_internal": 0.00056957625629915, "distribution": "{\"name\": \"FloatDistribution\", \"attributes\": {\"step\": null, \"low\": 1e-05, \"high\": 0.001, \"log\": true}}"}
{"op_code": 5, "worker_id": "0de4f993-37a2-4b47-bac1-aff8af915889-140229660866368", "trial_id": 41, "param_name": "l2reg", "param_value_internal": 0.00017137253244445968, "distribution": "{\"name\": \"FloatDistribution\", \"attributes\": {\"step\": null, \"low\": 1e-08, \"high\": 0.001, \"log\": true}}"}
{"op_code": 5, "worker_id": "0de4f993-37a2-4b47-bac1-aff8af915889-140229660866368", "trial_id": 41, "param_name": "random_seed", "param_value_internal": 0, "distribution": "{\"name\": \"CategoricalDistribution\", \"attributes\": {\"choices\": [42]}}"}
{"op_code": 5, "worker_id": "0de4f993-37a2-4b47-bac1-aff8af915889-140229660866368", "trial_id": 41, "param_name": "degree", "param_value_internal": 0, "distribution": "{\"name\": \"CategoricalDistribution\", \"attributes\": {\"choices\": [0]}}"}
{"op_code": 8, "worker_id": "0de4f993-37a2-4b47-bac1-aff8af915889-140229660866368", "trial_id": 41, "user_attr": {"best_epoch": 0}}
{"op_code": 8, "worker_id": "0de4f993-37a2-4b47-bac1-aff8af915889-140229660866368", "trial_id": 41, "user_attr": {"test_loss": 0.4510034495606735}}
{"op_code": 6, "worker_id": "0de4f993-37a2-4b47-bac1-aff8af915889-140229660866368", "trial_id": 41, "state": 1, "values": [0.4511496245033335], "datetime_complete": "2024-08-26T19:01:27.539996"}
{"op_code": 4, "worker_id": "0de4f993-37a2-4b47-bac1-aff8af915889-140229660866368", "study_id": 0, "datetime_start": "2024-08-26T19:01:27.549070"}
{"op_code": 5, "worker_id": "0de4f993-37a2-4b47-bac1-aff8af915889-140229660866368", "trial_id": 42, "param_name": "lr", "param_value_internal": 0.0005953382447959348, "distribution": "{\"name\": \"FloatDistribution\", \"attributes\": {\"step\": null, \"low\": 1e-05, \"high\": 0.001, \"log\": true}}"}
{"op_code": 5, "worker_id": "0de4f993-37a2-4b47-bac1-aff8af915889-140229660866368", "trial_id": 42, "param_name": "l2reg", "param_value_internal": 5.699804917427557e-05, "distribution": "{\"name\": \"FloatDistribution\", \"attributes\": {\"step\": null, \"low\": 1e-08, \"high\": 0.001, \"log\": true}}"}
{"op_code": 5, "worker_id": "0de4f993-37a2-4b47-bac1-aff8af915889-140229660866368", "trial_id": 42, "param_name": "random_seed", "param_value_internal": 0, "distribution": "{\"name\": \"CategoricalDistribution\", \"attributes\": {\"choices\": [42]}}"}
{"op_code": 5, "worker_id": "0de4f993-37a2-4b47-bac1-aff8af915889-140229660866368", "trial_id": 42, "param_name": "degree", "param_value_internal": 0, "distribution": "{\"name\": \"CategoricalDistribution\", \"attributes\": {\"choices\": [0]}}"}
{"op_code": 8, "worker_id": "0de4f993-37a2-4b47-bac1-aff8af915889-140229660866368", "trial_id": 42, "user_attr": {"best_epoch": 0}}
{"op_code": 8, "worker_id": "0de4f993-37a2-4b47-bac1-aff8af915889-140229660866368", "trial_id": 42, "user_attr": {"test_loss": 0.4509901262242963}}
{"op_code": 6, "worker_id": "0de4f993-37a2-4b47-bac1-aff8af915889-140229660866368", "trial_id": 42, "state": 1, "values": [0.4511378663726625], "datetime_complete": "2024-08-26T19:07:48.491627"}
{"op_code": 4, "worker_id": "0de4f993-37a2-4b47-bac1-aff8af915889-140229660866368", "study_id": 0, "datetime_start": "2024-08-26T19:07:48.500210"}
{"op_code": 5, "worker_id": "0de4f993-37a2-4b47-bac1-aff8af915889-140229660866368", "trial_id": 43, "param_name": "lr", "param_value_internal": 0.000795525907681959, "distribution": "{\"name\": \"FloatDistribution\", \"attributes\": {\"step\": null, \"low\": 1e-05, \"high\": 0.001, \"log\": true}}"}
{"op_code": 5, "worker_id": "0de4f993-37a2-4b47-bac1-aff8af915889-140229660866368", "trial_id": 43, "param_name": "l2reg", "param_value_internal": 4.357091643467109e-05, "distribution": "{\"name\": \"FloatDistribution\", \"attributes\": {\"step\": null, \"low\": 1e-08, \"high\": 0.001, \"log\": true}}"}
{"op_code": 5, "worker_id": "0de4f993-37a2-4b47-bac1-aff8af915889-140229660866368", "trial_id": 43, "param_name": "random_seed", "param_value_internal": 0, "distribution": "{\"name\": \"CategoricalDistribution\", \"attributes\": {\"choices\": [42]}}"}
{"op_code": 5, "worker_id": "0de4f993-37a2-4b47-bac1-aff8af915889-140229660866368", "trial_id": 43, "param_name": "degree", "param_value_internal": 0, "distribution": "{\"name\": \"CategoricalDistribution\", \"attributes\": {\"choices\": [0]}}"}
{"op_code": 8, "worker_id": "0de4f993-37a2-4b47-bac1-aff8af915889-140229660866368", "trial_id": 43, "user_attr": {"best_epoch": 0}}
{"op_code": 8, "worker_id": "0de4f993-37a2-4b47-bac1-aff8af915889-140229660866368", "trial_id": 43, "user_attr": {"test_loss": 0.451002571518448}}
{"op_code": 6, "worker_id": "0de4f993-37a2-4b47-bac1-aff8af915889-140229660866368", "trial_id": 43, "state": 1, "values": [0.4512062009632505], "datetime_complete": "2024-08-26T19:14:05.219624"}
{"op_code": 4, "worker_id": "0de4f993-37a2-4b47-bac1-aff8af915889-140229660866368", "study_id": 0, "datetime_start": "2024-08-26T19:14:05.238010"}
{"op_code": 5, "worker_id": "0de4f993-37a2-4b47-bac1-aff8af915889-140229660866368", "trial_id": 44, "param_name": "lr", "param_value_internal": 0.0004427091954134536, "distribution": "{\"name\": \"FloatDistribution\", \"attributes\": {\"step\": null, \"low\": 1e-05, \"high\": 0.001, \"log\": true}}"}
{"op_code": 5, "worker_id": "0de4f993-37a2-4b47-bac1-aff8af915889-140229660866368", "trial_id": 44, "param_name": "l2reg", "param_value_internal": 8.431560845029211e-05, "distribution": "{\"name\": \"FloatDistribution\", \"attributes\": {\"step\": null, \"low\": 1e-08, \"high\": 0.001, \"log\": true}}"}
{"op_code": 5, "worker_id": "0de4f993-37a2-4b47-bac1-aff8af915889-140229660866368", "trial_id": 44, "param_name": "random_seed", "param_value_internal": 0, "distribution": "{\"name\": \"CategoricalDistribution\", \"attributes\": {\"choices\": [42]}}"}
{"op_code": 5, "worker_id": "0de4f993-37a2-4b47-bac1-aff8af915889-140229660866368", "trial_id": 44, "param_name": "degree", "param_value_internal": 0, "distribution": "{\"name\": \"CategoricalDistribution\", \"attributes\": {\"choices\": [0]}}"}
{"op_code": 8, "worker_id": "0de4f993-37a2-4b47-bac1-aff8af915889-140229660866368", "trial_id": 44, "user_attr": {"best_epoch": 0}}
{"op_code": 8, "worker_id": "0de4f993-37a2-4b47-bac1-aff8af915889-140229660866368", "trial_id": 44, "user_attr": {"test_loss": 0.4512330766904985}}
{"op_code": 6, "worker_id": "0de4f993-37a2-4b47-bac1-aff8af915889-140229660866368", "trial_id": 44, "state": 1, "values": [0.45142781118579983], "datetime_complete": "2024-08-26T19:20:25.812613"}
{"op_code": 4, "worker_id": "0de4f993-37a2-4b47-bac1-aff8af915889-140229660866368", "study_id": 0, "datetime_start": "2024-08-26T19:20:25.822123"}
{"op_code": 5, "worker_id": "0de4f993-37a2-4b47-bac1-aff8af915889-140229660866368", "trial_id": 45, "param_name": "lr", "param_value_internal": 0.0006366140857370819, "distribution": "{\"name\": \"FloatDistribution\", \"attributes\": {\"step\": null, \"low\": 1e-05, \"high\": 0.001, \"log\": true}}"}
{"op_code": 5, "worker_id": "0de4f993-37a2-4b47-bac1-aff8af915889-140229660866368", "trial_id": 45, "param_name": "l2reg", "param_value_internal": 0.00023051218942072164, "distribution": "{\"name\": \"FloatDistribution\", \"attributes\": {\"step\": null, \"low\": 1e-08, \"high\": 0.001, \"log\": true}}"}
{"op_code": 5, "worker_id": "0de4f993-37a2-4b47-bac1-aff8af915889-140229660866368", "trial_id": 45, "param_name": "random_seed", "param_value_internal": 0, "distribution": "{\"name\": \"CategoricalDistribution\", \"attributes\": {\"choices\": [42]}}"}
{"op_code": 5, "worker_id": "0de4f993-37a2-4b47-bac1-aff8af915889-140229660866368", "trial_id": 45, "param_name": "degree", "param_value_internal": 0, "distribution": "{\"name\": \"CategoricalDistribution\", \"attributes\": {\"choices\": [0]}}"}
{"op_code": 8, "worker_id": "0de4f993-37a2-4b47-bac1-aff8af915889-140229660866368", "trial_id": 45, "user_attr": {"best_epoch": 0}}
{"op_code": 8, "worker_id": "0de4f993-37a2-4b47-bac1-aff8af915889-140229660866368", "trial_id": 45, "user_attr": {"test_loss": 0.4509819184382759}}
{"op_code": 6, "worker_id": "0de4f993-37a2-4b47-bac1-aff8af915889-140229660866368", "trial_id": 45, "state": 1, "values": [0.45113481231274793], "datetime_complete": "2024-08-26T19:26:47.869502"}
{"op_code": 4, "worker_id": "0de4f993-37a2-4b47-bac1-aff8af915889-140229660866368", "study_id": 0, "datetime_start": "2024-08-26T19:26:47.877997"}
{"op_code": 5, "worker_id": "0de4f993-37a2-4b47-bac1-aff8af915889-140229660866368", "trial_id": 46, "param_name": "lr", "param_value_internal": 0.0003302408294948367, "distribution": "{\"name\": \"FloatDistribution\", \"attributes\": {\"step\": null, \"low\": 1e-05, \"high\": 0.001, \"log\": true}}"}
{"op_code": 5, "worker_id": "0de4f993-37a2-4b47-bac1-aff8af915889-140229660866368", "trial_id": 46, "param_name": "l2reg", "param_value_internal": 0.00025903921552939487, "distribution": "{\"name\": \"FloatDistribution\", \"attributes\": {\"step\": null, \"low\": 1e-08, \"high\": 0.001, \"log\": true}}"}
{"op_code": 5, "worker_id": "0de4f993-37a2-4b47-bac1-aff8af915889-140229660866368", "trial_id": 46, "param_name": "random_seed", "param_value_internal": 0, "distribution": "{\"name\": \"CategoricalDistribution\", \"attributes\": {\"choices\": [42]}}"}
{"op_code": 5, "worker_id": "0de4f993-37a2-4b47-bac1-aff8af915889-140229660866368", "trial_id": 46, "param_name": "degree", "param_value_internal": 0, "distribution": "{\"name\": \"CategoricalDistribution\", \"attributes\": {\"choices\": [0]}}"}
{"op_code": 8, "worker_id": "0de4f993-37a2-4b47-bac1-aff8af915889-140229660866368", "trial_id": 46, "user_attr": {"best_epoch": 1}}
{"op_code": 8, "worker_id": "0de4f993-37a2-4b47-bac1-aff8af915889-140229660866368", "trial_id": 46, "user_attr": {"test_loss": 0.4508838067635211}}
{"op_code": 6, "worker_id": "0de4f993-37a2-4b47-bac1-aff8af915889-140229660866368", "trial_id": 46, "state": 1, "values": [0.45148396771247856], "datetime_complete": "2024-08-26T19:34:34.152608"}
{"op_code": 4, "worker_id": "0de4f993-37a2-4b47-bac1-aff8af915889-140229660866368", "study_id": 0, "datetime_start": "2024-08-26T19:34:34.162885"}
{"op_code": 5, "worker_id": "0de4f993-37a2-4b47-bac1-aff8af915889-140229660866368", "trial_id": 47, "param_name": "lr", "param_value_internal": 0.0007922840438451937, "distribution": "{\"name\": \"FloatDistribution\", \"attributes\": {\"step\": null, \"low\": 1e-05, \"high\": 0.001, \"log\": true}}"}
{"op_code": 5, "worker_id": "0de4f993-37a2-4b47-bac1-aff8af915889-140229660866368", "trial_id": 47, "param_name": "l2reg", "param_value_internal": 0.0005099280414000139, "distribution": "{\"name\": \"FloatDistribution\", \"attributes\": {\"step\": null, \"low\": 1e-08, \"high\": 0.001, \"log\": true}}"}
{"op_code": 5, "worker_id": "0de4f993-37a2-4b47-bac1-aff8af915889-140229660866368", "trial_id": 47, "param_name": "random_seed", "param_value_internal": 0, "distribution": "{\"name\": \"CategoricalDistribution\", \"attributes\": {\"choices\": [42]}}"}
{"op_code": 5, "worker_id": "0de4f993-37a2-4b47-bac1-aff8af915889-140229660866368", "trial_id": 47, "param_name": "degree", "param_value_internal": 0, "distribution": "{\"name\": \"CategoricalDistribution\", \"attributes\": {\"choices\": [0]}}"}
{"op_code": 8, "worker_id": "0de4f993-37a2-4b47-bac1-aff8af915889-140229660866368", "trial_id": 47, "user_attr": {"best_epoch": 0}}
{"op_code": 8, "worker_id": "0de4f993-37a2-4b47-bac1-aff8af915889-140229660866368", "trial_id": 47, "user_attr": {"test_loss": 0.4509944400839256}}
{"op_code": 6, "worker_id": "0de4f993-37a2-4b47-bac1-aff8af915889-140229660866368", "trial_id": 47, "state": 1, "values": [0.45119448100832843], "datetime_complete": "2024-08-26T19:40:51.253309"}
{"op_code": 4, "worker_id": "0de4f993-37a2-4b47-bac1-aff8af915889-140229660866368", "study_id": 0, "datetime_start": "2024-08-26T19:40:51.261933"}
{"op_code": 5, "worker_id": "0de4f993-37a2-4b47-bac1-aff8af915889-140229660866368", "trial_id": 48, "param_name": "lr", "param_value_internal": 1.722693994422323e-05, "distribution": "{\"name\": \"FloatDistribution\", \"attributes\": {\"step\": null, \"low\": 1e-05, \"high\": 0.001, \"log\": true}}"}
{"op_code": 5, "worker_id": "0de4f993-37a2-4b47-bac1-aff8af915889-140229660866368", "trial_id": 48, "param_name": "l2reg", "param_value_internal": 1.62266856978332e-05, "distribution": "{\"name\": \"FloatDistribution\", \"attributes\": {\"step\": null, \"low\": 1e-08, \"high\": 0.001, \"log\": true}}"}
{"op_code": 5, "worker_id": "0de4f993-37a2-4b47-bac1-aff8af915889-140229660866368", "trial_id": 48, "param_name": "random_seed", "param_value_internal": 0, "distribution": "{\"name\": \"CategoricalDistribution\", \"attributes\": {\"choices\": [42]}}"}
{"op_code": 5, "worker_id": "0de4f993-37a2-4b47-bac1-aff8af915889-140229660866368", "trial_id": 48, "param_name": "degree", "param_value_internal": 0, "distribution": "{\"name\": \"CategoricalDistribution\", \"attributes\": {\"choices\": [0]}}"}
{"op_code": 8, "worker_id": "0de4f993-37a2-4b47-bac1-aff8af915889-140229660866368", "trial_id": 48, "user_attr": {"best_epoch": 9}}
{"op_code": 8, "worker_id": "0de4f993-37a2-4b47-bac1-aff8af915889-140229660866368", "trial_id": 48, "user_attr": {"test_loss": 0.45597977296118597}}
{"op_code": 6, "worker_id": "0de4f993-37a2-4b47-bac1-aff8af915889-140229660866368", "trial_id": 48, "state": 1, "values": [0.4571028271432629], "datetime_complete": "2024-08-26T19:55:17.622709"}
{"op_code": 4, "worker_id": "0de4f993-37a2-4b47-bac1-aff8af915889-140229660866368", "study_id": 0, "datetime_start": "2024-08-26T19:55:17.631368"}
{"op_code": 5, "worker_id": "0de4f993-37a2-4b47-bac1-aff8af915889-140229660866368", "trial_id": 49, "param_name": "lr", "param_value_internal": 0.0002611000563547524, "distribution": "{\"name\": \"FloatDistribution\", \"attributes\": {\"step\": null, \"low\": 1e-05, \"high\": 0.001, \"log\": true}}"}
{"op_code": 5, "worker_id": "0de4f993-37a2-4b47-bac1-aff8af915889-140229660866368", "trial_id": 49, "param_name": "l2reg", "param_value_internal": 4.8124696260109154e-05, "distribution": "{\"name\": \"FloatDistribution\", \"attributes\": {\"step\": null, \"low\": 1e-08, \"high\": 0.001, \"log\": true}}"}
{"op_code": 5, "worker_id": "0de4f993-37a2-4b47-bac1-aff8af915889-140229660866368", "trial_id": 49, "param_name": "random_seed", "param_value_internal": 0, "distribution": "{\"name\": \"CategoricalDistribution\", \"attributes\": {\"choices\": [42]}}"}
{"op_code": 5, "worker_id": "0de4f993-37a2-4b47-bac1-aff8af915889-140229660866368", "trial_id": 49, "param_name": "degree", "param_value_internal": 0, "distribution": "{\"name\": \"CategoricalDistribution\", \"attributes\": {\"choices\": [0]}}"}
{"op_code": 8, "worker_id": "0de4f993-37a2-4b47-bac1-aff8af915889-140229660866368", "trial_id": 49, "user_attr": {"best_epoch": 1}}
{"op_code": 8, "worker_id": "0de4f993-37a2-4b47-bac1-aff8af915889-140229660866368", "trial_id": 49, "user_attr": {"test_loss": 0.45046784380315974}}
{"op_code": 6, "worker_id": "0de4f993-37a2-4b47-bac1-aff8af915889-140229660866368", "trial_id": 49, "state": 1, "values": [0.4511694377170291], "datetime_complete": "2024-08-26T20:03:01.572735"}
