{"op_code": 0, "worker_id": "535f7829-0517-4749-9280-e9b52fec7fe8-139721929189184", "study_name": "criteo_splines_3_10", "directions": [1]}
{"op_code": 4, "worker_id": "535f7829-0517-4749-9280-e9b52fec7fe8-139721929189184", "study_id": 0, "datetime_start": "2024-08-22T05:45:58.369216"}
{"op_code": 5, "worker_id": "535f7829-0517-4749-9280-e9b52fec7fe8-139721929189184", "trial_id": 0, "param_name": "lr", "param_value_internal": 5.6115164153345e-05, "distribution": "{\"name\": \"FloatDistribution\", \"attributes\": {\"step\": null, \"low\": 1e-05, \"high\": 0.001, \"log\": true}}"}
{"op_code": 5, "worker_id": "535f7829-0517-4749-9280-e9b52fec7fe8-139721929189184", "trial_id": 0, "param_name": "l2reg", "param_value_internal": 0.0005669849511478851, "distribution": "{\"name\": \"FloatDistribution\", \"attributes\": {\"step\": null, \"low\": 1e-08, \"high\": 0.001, \"log\": true}}"}
{"op_code": 5, "worker_id": "535f7829-0517-4749-9280-e9b52fec7fe8-139721929189184", "trial_id": 0, "param_name": "random_seed", "param_value_internal": 0, "distribution": "{\"name\": \"CategoricalDistribution\", \"attributes\": {\"choices\": [42]}}"}
{"op_code": 5, "worker_id": "535f7829-0517-4749-9280-e9b52fec7fe8-139721929189184", "trial_id": 0, "param_name": "degree", "param_value_internal": 0, "distribution": "{\"name\": \"CategoricalDistribution\", \"attributes\": {\"choices\": [3]}}"}
{"op_code": 8, "worker_id": "535f7829-0517-4749-9280-e9b52fec7fe8-139721929189184", "trial_id": 0, "user_attr": {"best_epoch": 5}}
{"op_code": 8, "worker_id": "535f7829-0517-4749-9280-e9b52fec7fe8-139721929189184", "trial_id": 0, "user_attr": {"test_loss": 0.44630485601414294}}
{"op_code": 6, "worker_id": "535f7829-0517-4749-9280-e9b52fec7fe8-139721929189184", "trial_id": 0, "state": 1, "values": [0.44620422527734865], "datetime_complete": "2024-08-22T06:19:57.341755"}
{"op_code": 4, "worker_id": "535f7829-0517-4749-9280-e9b52fec7fe8-139721929189184", "study_id": 0, "datetime_start": "2024-08-22T06:19:57.356533"}
{"op_code": 5, "worker_id": "535f7829-0517-4749-9280-e9b52fec7fe8-139721929189184", "trial_id": 1, "param_name": "lr", "param_value_internal": 0.000291063591313307, "distribution": "{\"name\": \"FloatDistribution\", \"attributes\": {\"step\": null, \"low\": 1e-05, \"high\": 0.001, \"log\": true}}"}
{"op_code": 5, "worker_id": "535f7829-0517-4749-9280-e9b52fec7fe8-139721929189184", "trial_id": 1, "param_name": "l2reg", "param_value_internal": 9.846738873614555e-06, "distribution": "{\"name\": \"FloatDistribution\", \"attributes\": {\"step\": null, \"low\": 1e-08, \"high\": 0.001, \"log\": true}}"}
{"op_code": 5, "worker_id": "535f7829-0517-4749-9280-e9b52fec7fe8-139721929189184", "trial_id": 1, "param_name": "random_seed", "param_value_internal": 0, "distribution": "{\"name\": \"CategoricalDistribution\", \"attributes\": {\"choices\": [42]}}"}
{"op_code": 5, "worker_id": "535f7829-0517-4749-9280-e9b52fec7fe8-139721929189184", "trial_id": 1, "param_name": "degree", "param_value_internal": 0, "distribution": "{\"name\": \"CategoricalDistribution\", \"attributes\": {\"choices\": [3]}}"}
{"op_code": 8, "worker_id": "535f7829-0517-4749-9280-e9b52fec7fe8-139721929189184", "trial_id": 1, "user_attr": {"best_epoch": 1}}
{"op_code": 8, "worker_id": "535f7829-0517-4749-9280-e9b52fec7fe8-139721929189184", "trial_id": 1, "user_attr": {"test_loss": 0.4456276544874618}}
{"op_code": 6, "worker_id": "535f7829-0517-4749-9280-e9b52fec7fe8-139721929189184", "trial_id": 1, "state": 1, "values": [0.4454822673282633], "datetime_complete": "2024-08-22T06:40:07.461618"}
{"op_code": 4, "worker_id": "535f7829-0517-4749-9280-e9b52fec7fe8-139721929189184", "study_id": 0, "datetime_start": "2024-08-22T06:40:07.471372"}
{"op_code": 5, "worker_id": "535f7829-0517-4749-9280-e9b52fec7fe8-139721929189184", "trial_id": 2, "param_name": "lr", "param_value_internal": 2.0513382630874486e-05, "distribution": "{\"name\": \"FloatDistribution\", \"attributes\": {\"step\": null, \"low\": 1e-05, \"high\": 0.001, \"log\": true}}"}
{"op_code": 5, "worker_id": "535f7829-0517-4749-9280-e9b52fec7fe8-139721929189184", "trial_id": 2, "param_name": "l2reg", "param_value_internal": 6.02521573620385e-08, "distribution": "{\"name\": \"FloatDistribution\", \"attributes\": {\"step\": null, \"low\": 1e-08, \"high\": 0.001, \"log\": true}}"}
{"op_code": 5, "worker_id": "535f7829-0517-4749-9280-e9b52fec7fe8-139721929189184", "trial_id": 2, "param_name": "random_seed", "param_value_internal": 0, "distribution": "{\"name\": \"CategoricalDistribution\", \"attributes\": {\"choices\": [42]}}"}
{"op_code": 5, "worker_id": "535f7829-0517-4749-9280-e9b52fec7fe8-139721929189184", "trial_id": 2, "param_name": "degree", "param_value_internal": 0, "distribution": "{\"name\": \"CategoricalDistribution\", \"attributes\": {\"choices\": [3]}}"}
{"op_code": 8, "worker_id": "535f7829-0517-4749-9280-e9b52fec7fe8-139721929189184", "trial_id": 2, "user_attr": {"best_epoch": 9}}
{"op_code": 8, "worker_id": "535f7829-0517-4749-9280-e9b52fec7fe8-139721929189184", "trial_id": 2, "user_attr": {"test_loss": 0.44770866940116566}}
{"op_code": 6, "worker_id": "535f7829-0517-4749-9280-e9b52fec7fe8-139721929189184", "trial_id": 2, "state": 1, "values": [0.4476257810940021], "datetime_complete": "2024-08-22T07:16:53.489324"}
{"op_code": 4, "worker_id": "535f7829-0517-4749-9280-e9b52fec7fe8-139721929189184", "study_id": 0, "datetime_start": "2024-08-22T07:16:53.498016"}
{"op_code": 5, "worker_id": "535f7829-0517-4749-9280-e9b52fec7fe8-139721929189184", "trial_id": 3, "param_name": "lr", "param_value_internal": 1.3066739238053272e-05, "distribution": "{\"name\": \"FloatDistribution\", \"attributes\": {\"step\": null, \"low\": 1e-05, \"high\": 0.001, \"log\": true}}"}
{"op_code": 5, "worker_id": "535f7829-0517-4749-9280-e9b52fec7fe8-139721929189184", "trial_id": 3, "param_name": "l2reg", "param_value_internal": 0.00021423021757741048, "distribution": "{\"name\": \"FloatDistribution\", \"attributes\": {\"step\": null, \"low\": 1e-08, \"high\": 0.001, \"log\": true}}"}
{"op_code": 5, "worker_id": "535f7829-0517-4749-9280-e9b52fec7fe8-139721929189184", "trial_id": 3, "param_name": "random_seed", "param_value_internal": 0, "distribution": "{\"name\": \"CategoricalDistribution\", \"attributes\": {\"choices\": [42]}}"}
{"op_code": 5, "worker_id": "535f7829-0517-4749-9280-e9b52fec7fe8-139721929189184", "trial_id": 3, "param_name": "degree", "param_value_internal": 0, "distribution": "{\"name\": \"CategoricalDistribution\", \"attributes\": {\"choices\": [3]}}"}
{"op_code": 8, "worker_id": "535f7829-0517-4749-9280-e9b52fec7fe8-139721929189184", "trial_id": 3, "user_attr": {"best_epoch": 9}}
{"op_code": 8, "worker_id": "535f7829-0517-4749-9280-e9b52fec7fe8-139721929189184", "trial_id": 3, "user_attr": {"test_loss": 0.44999812393435107}}
{"op_code": 6, "worker_id": "535f7829-0517-4749-9280-e9b52fec7fe8-139721929189184", "trial_id": 3, "state": 1, "values": [0.44989632920904354], "datetime_complete": "2024-08-22T07:55:48.169389"}
{"op_code": 4, "worker_id": "535f7829-0517-4749-9280-e9b52fec7fe8-139721929189184", "study_id": 0, "datetime_start": "2024-08-22T07:55:48.178897"}
{"op_code": 5, "worker_id": "535f7829-0517-4749-9280-e9b52fec7fe8-139721929189184", "trial_id": 4, "param_name": "lr", "param_value_internal": 0.00015930522616241006, "distribution": "{\"name\": \"FloatDistribution\", \"attributes\": {\"step\": null, \"low\": 1e-05, \"high\": 0.001, \"log\": true}}"}
{"op_code": 5, "worker_id": "535f7829-0517-4749-9280-e9b52fec7fe8-139721929189184", "trial_id": 4, "param_name": "l2reg", "param_value_internal": 3.47026698865041e-05, "distribution": "{\"name\": \"FloatDistribution\", \"attributes\": {\"step\": null, \"low\": 1e-08, \"high\": 0.001, \"log\": true}}"}
{"op_code": 5, "worker_id": "535f7829-0517-4749-9280-e9b52fec7fe8-139721929189184", "trial_id": 4, "param_name": "random_seed", "param_value_internal": 0, "distribution": "{\"name\": \"CategoricalDistribution\", \"attributes\": {\"choices\": [42]}}"}
{"op_code": 5, "worker_id": "535f7829-0517-4749-9280-e9b52fec7fe8-139721929189184", "trial_id": 4, "param_name": "degree", "param_value_internal": 0, "distribution": "{\"name\": \"CategoricalDistribution\", \"attributes\": {\"choices\": [3]}}"}
{"op_code": 8, "worker_id": "535f7829-0517-4749-9280-e9b52fec7fe8-139721929189184", "trial_id": 4, "user_attr": {"best_epoch": 1}}
{"op_code": 8, "worker_id": "535f7829-0517-4749-9280-e9b52fec7fe8-139721929189184", "trial_id": 4, "user_attr": {"test_loss": 0.44557126344441}}
{"op_code": 6, "worker_id": "535f7829-0517-4749-9280-e9b52fec7fe8-139721929189184", "trial_id": 4, "state": 1, "values": [0.4454374744495166], "datetime_complete": "2024-08-22T08:15:57.534700"}
{"op_code": 4, "worker_id": "535f7829-0517-4749-9280-e9b52fec7fe8-139721929189184", "study_id": 0, "datetime_start": "2024-08-22T08:15:57.559256"}
{"op_code": 5, "worker_id": "535f7829-0517-4749-9280-e9b52fec7fe8-139721929189184", "trial_id": 5, "param_name": "lr", "param_value_internal": 1.0994335574766187e-05, "distribution": "{\"name\": \"FloatDistribution\", \"attributes\": {\"step\": null, \"low\": 1e-05, \"high\": 0.001, \"log\": true}}"}
{"op_code": 5, "worker_id": "535f7829-0517-4749-9280-e9b52fec7fe8-139721929189184", "trial_id": 5, "param_name": "l2reg", "param_value_internal": 0.0007072114131472234, "distribution": "{\"name\": \"FloatDistribution\", \"attributes\": {\"step\": null, \"low\": 1e-08, \"high\": 0.001, \"log\": true}}"}
{"op_code": 5, "worker_id": "535f7829-0517-4749-9280-e9b52fec7fe8-139721929189184", "trial_id": 5, "param_name": "random_seed", "param_value_internal": 0, "distribution": "{\"name\": \"CategoricalDistribution\", \"attributes\": {\"choices\": [42]}}"}
{"op_code": 5, "worker_id": "535f7829-0517-4749-9280-e9b52fec7fe8-139721929189184", "trial_id": 5, "param_name": "degree", "param_value_internal": 0, "distribution": "{\"name\": \"CategoricalDistribution\", \"attributes\": {\"choices\": [3]}}"}
{"op_code": 8, "worker_id": "535f7829-0517-4749-9280-e9b52fec7fe8-139721929189184", "trial_id": 5, "user_attr": {"best_epoch": 9}}
{"op_code": 8, "worker_id": "535f7829-0517-4749-9280-e9b52fec7fe8-139721929189184", "trial_id": 5, "user_attr": {"test_loss": 0.450820247896625}}
{"op_code": 6, "worker_id": "535f7829-0517-4749-9280-e9b52fec7fe8-139721929189184", "trial_id": 5, "state": 1, "values": [0.45070925451415506], "datetime_complete": "2024-08-22T08:53:15.281788"}
{"op_code": 4, "worker_id": "535f7829-0517-4749-9280-e9b52fec7fe8-139721929189184", "study_id": 0, "datetime_start": "2024-08-22T08:53:15.290780"}
{"op_code": 5, "worker_id": "535f7829-0517-4749-9280-e9b52fec7fe8-139721929189184", "trial_id": 6, "param_name": "lr", "param_value_internal": 0.000462258900102083, "distribution": "{\"name\": \"FloatDistribution\", \"attributes\": {\"step\": null, \"low\": 1e-05, \"high\": 0.001, \"log\": true}}"}
{"op_code": 5, "worker_id": "535f7829-0517-4749-9280-e9b52fec7fe8-139721929189184", "trial_id": 6, "param_name": "l2reg", "param_value_internal": 1.1526449540315595e-07, "distribution": "{\"name\": \"FloatDistribution\", \"attributes\": {\"step\": null, \"low\": 1e-08, \"high\": 0.001, \"log\": true}}"}
{"op_code": 5, "worker_id": "535f7829-0517-4749-9280-e9b52fec7fe8-139721929189184", "trial_id": 6, "param_name": "random_seed", "param_value_internal": 0, "distribution": "{\"name\": \"CategoricalDistribution\", \"attributes\": {\"choices\": [42]}}"}
{"op_code": 5, "worker_id": "535f7829-0517-4749-9280-e9b52fec7fe8-139721929189184", "trial_id": 6, "param_name": "degree", "param_value_internal": 0, "distribution": "{\"name\": \"CategoricalDistribution\", \"attributes\": {\"choices\": [3]}}"}
{"op_code": 8, "worker_id": "535f7829-0517-4749-9280-e9b52fec7fe8-139721929189184", "trial_id": 6, "user_attr": {"best_epoch": 0}}
{"op_code": 8, "worker_id": "535f7829-0517-4749-9280-e9b52fec7fe8-139721929189184", "trial_id": 6, "user_attr": {"test_loss": 0.445807553185734}}
{"op_code": 6, "worker_id": "535f7829-0517-4749-9280-e9b52fec7fe8-139721929189184", "trial_id": 6, "state": 1, "values": [0.4457263376164342], "datetime_complete": "2024-08-22T09:09:19.517573"}
{"op_code": 4, "worker_id": "535f7829-0517-4749-9280-e9b52fec7fe8-139721929189184", "study_id": 0, "datetime_start": "2024-08-22T09:09:19.531143"}
{"op_code": 5, "worker_id": "535f7829-0517-4749-9280-e9b52fec7fe8-139721929189184", "trial_id": 7, "param_name": "lr", "param_value_internal": 2.3102018878452926e-05, "distribution": "{\"name\": \"FloatDistribution\", \"attributes\": {\"step\": null, \"low\": 1e-05, \"high\": 0.001, \"log\": true}}"}
{"op_code": 5, "worker_id": "535f7829-0517-4749-9280-e9b52fec7fe8-139721929189184", "trial_id": 7, "param_name": "l2reg", "param_value_internal": 8.260808399079588e-08, "distribution": "{\"name\": \"FloatDistribution\", \"attributes\": {\"step\": null, \"low\": 1e-08, \"high\": 0.001, \"log\": true}}"}
{"op_code": 5, "worker_id": "535f7829-0517-4749-9280-e9b52fec7fe8-139721929189184", "trial_id": 7, "param_name": "random_seed", "param_value_internal": 0, "distribution": "{\"name\": \"CategoricalDistribution\", \"attributes\": {\"choices\": [42]}}"}
{"op_code": 5, "worker_id": "535f7829-0517-4749-9280-e9b52fec7fe8-139721929189184", "trial_id": 7, "param_name": "degree", "param_value_internal": 0, "distribution": "{\"name\": \"CategoricalDistribution\", \"attributes\": {\"choices\": [3]}}"}
{"op_code": 8, "worker_id": "535f7829-0517-4749-9280-e9b52fec7fe8-139721929189184", "trial_id": 7, "user_attr": {"best_epoch": 9}}
{"op_code": 8, "worker_id": "535f7829-0517-4749-9280-e9b52fec7fe8-139721929189184", "trial_id": 7, "user_attr": {"test_loss": 0.4472316542594253}}
{"op_code": 6, "worker_id": "535f7829-0517-4749-9280-e9b52fec7fe8-139721929189184", "trial_id": 7, "state": 1, "values": [0.4471473844231019], "datetime_complete": "2024-08-22T09:46:20.367067"}
{"op_code": 4, "worker_id": "535f7829-0517-4749-9280-e9b52fec7fe8-139721929189184", "study_id": 0, "datetime_start": "2024-08-22T09:46:20.382470"}
{"op_code": 5, "worker_id": "535f7829-0517-4749-9280-e9b52fec7fe8-139721929189184", "trial_id": 8, "param_name": "lr", "param_value_internal": 4.059611610484306e-05, "distribution": "{\"name\": \"FloatDistribution\", \"attributes\": {\"step\": null, \"low\": 1e-05, \"high\": 0.001, \"log\": true}}"}
{"op_code": 5, "worker_id": "535f7829-0517-4749-9280-e9b52fec7fe8-139721929189184", "trial_id": 8, "param_name": "l2reg", "param_value_internal": 4.2051564509138674e-06, "distribution": "{\"name\": \"FloatDistribution\", \"attributes\": {\"step\": null, \"low\": 1e-08, \"high\": 0.001, \"log\": true}}"}
{"op_code": 5, "worker_id": "535f7829-0517-4749-9280-e9b52fec7fe8-139721929189184", "trial_id": 8, "param_name": "random_seed", "param_value_internal": 0, "distribution": "{\"name\": \"CategoricalDistribution\", \"attributes\": {\"choices\": [42]}}"}
{"op_code": 5, "worker_id": "535f7829-0517-4749-9280-e9b52fec7fe8-139721929189184", "trial_id": 8, "param_name": "degree", "param_value_internal": 0, "distribution": "{\"name\": \"CategoricalDistribution\", \"attributes\": {\"choices\": [3]}}"}
{"op_code": 8, "worker_id": "535f7829-0517-4749-9280-e9b52fec7fe8-139721929189184", "trial_id": 8, "user_attr": {"best_epoch": 6}}
{"op_code": 8, "worker_id": "535f7829-0517-4749-9280-e9b52fec7fe8-139721929189184", "trial_id": 8, "user_attr": {"test_loss": 0.4465100597839587}}
{"op_code": 6, "worker_id": "535f7829-0517-4749-9280-e9b52fec7fe8-139721929189184", "trial_id": 8, "state": 1, "values": [0.4464098653115948], "datetime_complete": "2024-08-22T10:24:05.832116"}
{"op_code": 4, "worker_id": "535f7829-0517-4749-9280-e9b52fec7fe8-139721929189184", "study_id": 0, "datetime_start": "2024-08-22T10:24:05.863084"}
{"op_code": 5, "worker_id": "535f7829-0517-4749-9280-e9b52fec7fe8-139721929189184", "trial_id": 9, "param_name": "lr", "param_value_internal": 7.309539835912905e-05, "distribution": "{\"name\": \"FloatDistribution\", \"attributes\": {\"step\": null, \"low\": 1e-05, \"high\": 0.001, \"log\": true}}"}
{"op_code": 5, "worker_id": "535f7829-0517-4749-9280-e9b52fec7fe8-139721929189184", "trial_id": 9, "param_name": "l2reg", "param_value_internal": 2.8585493941961875e-07, "distribution": "{\"name\": \"FloatDistribution\", \"attributes\": {\"step\": null, \"low\": 1e-08, \"high\": 0.001, \"log\": true}}"}
{"op_code": 5, "worker_id": "535f7829-0517-4749-9280-e9b52fec7fe8-139721929189184", "trial_id": 9, "param_name": "random_seed", "param_value_internal": 0, "distribution": "{\"name\": \"CategoricalDistribution\", \"attributes\": {\"choices\": [42]}}"}
{"op_code": 5, "worker_id": "535f7829-0517-4749-9280-e9b52fec7fe8-139721929189184", "trial_id": 9, "param_name": "degree", "param_value_internal": 0, "distribution": "{\"name\": \"CategoricalDistribution\", \"attributes\": {\"choices\": [3]}}"}
{"op_code": 8, "worker_id": "535f7829-0517-4749-9280-e9b52fec7fe8-139721929189184", "trial_id": 9, "user_attr": {"best_epoch": 3}}
{"op_code": 8, "worker_id": "535f7829-0517-4749-9280-e9b52fec7fe8-139721929189184", "trial_id": 9, "user_attr": {"test_loss": 0.44607809203250914}}
{"op_code": 6, "worker_id": "535f7829-0517-4749-9280-e9b52fec7fe8-139721929189184", "trial_id": 9, "state": 1, "values": [0.44598775060197704], "datetime_complete": "2024-08-22T10:51:35.567922"}
{"op_code": 4, "worker_id": "535f7829-0517-4749-9280-e9b52fec7fe8-139721929189184", "study_id": 0, "datetime_start": "2024-08-22T10:51:35.576652"}
{"op_code": 5, "worker_id": "535f7829-0517-4749-9280-e9b52fec7fe8-139721929189184", "trial_id": 10, "param_name": "lr", "param_value_internal": 0.00018471184590376964, "distribution": "{\"name\": \"FloatDistribution\", \"attributes\": {\"step\": null, \"low\": 1e-05, \"high\": 0.001, \"log\": true}}"}
{"op_code": 5, "worker_id": "535f7829-0517-4749-9280-e9b52fec7fe8-139721929189184", "trial_id": 10, "param_name": "l2reg", "param_value_internal": 3.8521646942747446e-05, "distribution": "{\"name\": \"FloatDistribution\", \"attributes\": {\"step\": null, \"low\": 1e-08, \"high\": 0.001, \"log\": true}}"}
{"op_code": 5, "worker_id": "535f7829-0517-4749-9280-e9b52fec7fe8-139721929189184", "trial_id": 10, "param_name": "random_seed", "param_value_internal": 0, "distribution": "{\"name\": \"CategoricalDistribution\", \"attributes\": {\"choices\": [42]}}"}
{"op_code": 5, "worker_id": "535f7829-0517-4749-9280-e9b52fec7fe8-139721929189184", "trial_id": 10, "param_name": "degree", "param_value_internal": 0, "distribution": "{\"name\": \"CategoricalDistribution\", \"attributes\": {\"choices\": [3]}}"}
{"op_code": 6, "worker_id": "535f7829-0517-4749-9280-e9b52fec7fe8-139721929189184", "trial_id": 10, "state": 3, "values": null, "datetime_complete": "2024-08-22T10:58:26.908386"}
{"op_code": 0, "worker_id": "f569f287-e2e6-46bf-bb9c-7b0d3e70447c-140099833874240", "study_name": "criteo_splines_3_10", "directions": [1]}
{"op_code": 4, "worker_id": "f569f287-e2e6-46bf-bb9c-7b0d3e70447c-140099833874240", "study_id": 0, "datetime_start": "2024-08-22T11:13:52.783054"}
{"op_code": 5, "worker_id": "f569f287-e2e6-46bf-bb9c-7b0d3e70447c-140099833874240", "trial_id": 11, "param_name": "lr", "param_value_internal": 0.00018471184590376964, "distribution": "{\"name\": \"FloatDistribution\", \"attributes\": {\"step\": null, \"low\": 1e-05, \"high\": 0.001, \"log\": true}}"}
{"op_code": 5, "worker_id": "f569f287-e2e6-46bf-bb9c-7b0d3e70447c-140099833874240", "trial_id": 11, "param_name": "l2reg", "param_value_internal": 3.8521646942747446e-05, "distribution": "{\"name\": \"FloatDistribution\", \"attributes\": {\"step\": null, \"low\": 1e-08, \"high\": 0.001, \"log\": true}}"}
{"op_code": 5, "worker_id": "f569f287-e2e6-46bf-bb9c-7b0d3e70447c-140099833874240", "trial_id": 11, "param_name": "random_seed", "param_value_internal": 0, "distribution": "{\"name\": \"CategoricalDistribution\", \"attributes\": {\"choices\": [42]}}"}
{"op_code": 5, "worker_id": "f569f287-e2e6-46bf-bb9c-7b0d3e70447c-140099833874240", "trial_id": 11, "param_name": "degree", "param_value_internal": 0, "distribution": "{\"name\": \"CategoricalDistribution\", \"attributes\": {\"choices\": [3]}}"}
{"op_code": 6, "worker_id": "f569f287-e2e6-46bf-bb9c-7b0d3e70447c-140099833874240", "trial_id": 11, "state": 3, "values": null, "datetime_complete": "2024-08-22T11:15:18.144468"}
{"op_code": 0, "worker_id": "f8513c79-d215-4961-9049-030a17cecf52-140484965852992", "study_name": "criteo_splines_3_10", "directions": [1]}
{"op_code": 4, "worker_id": "f8513c79-d215-4961-9049-030a17cecf52-140484965852992", "study_id": 0, "datetime_start": "2024-08-22T11:16:01.866926"}
{"op_code": 5, "worker_id": "f8513c79-d215-4961-9049-030a17cecf52-140484965852992", "trial_id": 12, "param_name": "lr", "param_value_internal": 0.00018471184590376964, "distribution": "{\"name\": \"FloatDistribution\", \"attributes\": {\"step\": null, \"low\": 1e-05, \"high\": 0.001, \"log\": true}}"}
{"op_code": 5, "worker_id": "f8513c79-d215-4961-9049-030a17cecf52-140484965852992", "trial_id": 12, "param_name": "l2reg", "param_value_internal": 3.8521646942747446e-05, "distribution": "{\"name\": \"FloatDistribution\", \"attributes\": {\"step\": null, \"low\": 1e-08, \"high\": 0.001, \"log\": true}}"}
{"op_code": 5, "worker_id": "f8513c79-d215-4961-9049-030a17cecf52-140484965852992", "trial_id": 12, "param_name": "random_seed", "param_value_internal": 0, "distribution": "{\"name\": \"CategoricalDistribution\", \"attributes\": {\"choices\": [42]}}"}
{"op_code": 5, "worker_id": "f8513c79-d215-4961-9049-030a17cecf52-140484965852992", "trial_id": 12, "param_name": "degree", "param_value_internal": 0, "distribution": "{\"name\": \"CategoricalDistribution\", \"attributes\": {\"choices\": [3]}}"}
{"op_code": 6, "worker_id": "f8513c79-d215-4961-9049-030a17cecf52-140484965852992", "trial_id": 12, "state": 3, "values": null, "datetime_complete": "2024-08-22T11:17:17.193867"}
{"op_code": 0, "worker_id": "a858ff10-c0b9-483b-905f-66f4bab47245-140275170268992", "study_name": "criteo_splines_3_10", "directions": [1]}
{"op_code": 4, "worker_id": "a858ff10-c0b9-483b-905f-66f4bab47245-140275170268992", "study_id": 0, "datetime_start": "2024-08-22T11:17:33.296185"}
{"op_code": 5, "worker_id": "a858ff10-c0b9-483b-905f-66f4bab47245-140275170268992", "trial_id": 13, "param_name": "lr", "param_value_internal": 0.00018471184590376964, "distribution": "{\"name\": \"FloatDistribution\", \"attributes\": {\"step\": null, \"low\": 1e-05, \"high\": 0.001, \"log\": true}}"}
{"op_code": 5, "worker_id": "a858ff10-c0b9-483b-905f-66f4bab47245-140275170268992", "trial_id": 13, "param_name": "l2reg", "param_value_internal": 3.8521646942747446e-05, "distribution": "{\"name\": \"FloatDistribution\", \"attributes\": {\"step\": null, \"low\": 1e-08, \"high\": 0.001, \"log\": true}}"}
{"op_code": 5, "worker_id": "a858ff10-c0b9-483b-905f-66f4bab47245-140275170268992", "trial_id": 13, "param_name": "random_seed", "param_value_internal": 0, "distribution": "{\"name\": \"CategoricalDistribution\", \"attributes\": {\"choices\": [42]}}"}
{"op_code": 5, "worker_id": "a858ff10-c0b9-483b-905f-66f4bab47245-140275170268992", "trial_id": 13, "param_name": "degree", "param_value_internal": 0, "distribution": "{\"name\": \"CategoricalDistribution\", \"attributes\": {\"choices\": [3]}}"}
{"op_code": 6, "worker_id": "a858ff10-c0b9-483b-905f-66f4bab47245-140275170268992", "trial_id": 13, "state": 3, "values": null, "datetime_complete": "2024-08-22T11:17:53.256090"}
