{"op_code": 0, "worker_id": "4423d596-ea0d-4b68-8695-60628108d286-140459645536064", "study_name": "criteo_splines_0_18", "directions": [1]}
{"op_code": 4, "worker_id": "4423d596-ea0d-4b68-8695-60628108d286-140459645536064", "study_id": 0, "datetime_start": "2024-08-20T09:22:44.383797"}
{"op_code": 5, "worker_id": "4423d596-ea0d-4b68-8695-60628108d286-140459645536064", "trial_id": 0, "param_name": "lr", "param_value_internal": 5.6115164153345e-05, "distribution": "{\"name\": \"FloatDistribution\", \"attributes\": {\"step\": null, \"low\": 1e-05, \"high\": 0.001, \"log\": true}}"}
{"op_code": 5, "worker_id": "4423d596-ea0d-4b68-8695-60628108d286-140459645536064", "trial_id": 0, "param_name": "l2reg", "param_value_internal": 0.0005669849511478851, "distribution": "{\"name\": \"FloatDistribution\", \"attributes\": {\"step\": null, \"low\": 1e-08, \"high\": 0.001, \"log\": true}}"}
{"op_code": 5, "worker_id": "4423d596-ea0d-4b68-8695-60628108d286-140459645536064", "trial_id": 0, "param_name": "random_seed", "param_value_internal": 0, "distribution": "{\"name\": \"CategoricalDistribution\", \"attributes\": {\"choices\": [42]}}"}
{"op_code": 5, "worker_id": "4423d596-ea0d-4b68-8695-60628108d286-140459645536064", "trial_id": 0, "param_name": "degree", "param_value_internal": 0, "distribution": "{\"name\": \"CategoricalDistribution\", \"attributes\": {\"choices\": [0]}}"}
{"op_code": 8, "worker_id": "4423d596-ea0d-4b68-8695-60628108d286-140459645536064", "trial_id": 0, "user_attr": {"best_epoch": 3}}
{"op_code": 8, "worker_id": "4423d596-ea0d-4b68-8695-60628108d286-140459645536064", "trial_id": 0, "user_attr": {"test_loss": 0.4453599151960154}}
{"op_code": 6, "worker_id": "4423d596-ea0d-4b68-8695-60628108d286-140459645536064", "trial_id": 0, "state": 1, "values": [0.44527357323410255], "datetime_complete": "2024-08-20T09:48:43.618409"}
{"op_code": 4, "worker_id": "4423d596-ea0d-4b68-8695-60628108d286-140459645536064", "study_id": 0, "datetime_start": "2024-08-20T09:48:43.627557"}
{"op_code": 5, "worker_id": "4423d596-ea0d-4b68-8695-60628108d286-140459645536064", "trial_id": 1, "param_name": "lr", "param_value_internal": 0.000291063591313307, "distribution": "{\"name\": \"FloatDistribution\", \"attributes\": {\"step\": null, \"low\": 1e-05, \"high\": 0.001, \"log\": true}}"}
{"op_code": 5, "worker_id": "4423d596-ea0d-4b68-8695-60628108d286-140459645536064", "trial_id": 1, "param_name": "l2reg", "param_value_internal": 9.846738873614555e-06, "distribution": "{\"name\": \"FloatDistribution\", \"attributes\": {\"step\": null, \"low\": 1e-08, \"high\": 0.001, \"log\": true}}"}
{"op_code": 5, "worker_id": "4423d596-ea0d-4b68-8695-60628108d286-140459645536064", "trial_id": 1, "param_name": "random_seed", "param_value_internal": 0, "distribution": "{\"name\": \"CategoricalDistribution\", \"attributes\": {\"choices\": [42]}}"}
{"op_code": 5, "worker_id": "4423d596-ea0d-4b68-8695-60628108d286-140459645536064", "trial_id": 1, "param_name": "degree", "param_value_internal": 0, "distribution": "{\"name\": \"CategoricalDistribution\", \"attributes\": {\"choices\": [0]}}"}
{"op_code": 8, "worker_id": "4423d596-ea0d-4b68-8695-60628108d286-140459645536064", "trial_id": 1, "user_attr": {"best_epoch": 0}}
{"op_code": 8, "worker_id": "4423d596-ea0d-4b68-8695-60628108d286-140459645536064", "trial_id": 1, "user_attr": {"test_loss": 0.4453088687585914}}
{"op_code": 6, "worker_id": "4423d596-ea0d-4b68-8695-60628108d286-140459645536064", "trial_id": 1, "state": 1, "values": [0.4451880231986391], "datetime_complete": "2024-08-20T10:04:09.621144"}
{"op_code": 4, "worker_id": "4423d596-ea0d-4b68-8695-60628108d286-140459645536064", "study_id": 0, "datetime_start": "2024-08-20T10:04:09.630360"}
{"op_code": 5, "worker_id": "4423d596-ea0d-4b68-8695-60628108d286-140459645536064", "trial_id": 2, "param_name": "lr", "param_value_internal": 2.0513382630874486e-05, "distribution": "{\"name\": \"FloatDistribution\", \"attributes\": {\"step\": null, \"low\": 1e-05, \"high\": 0.001, \"log\": true}}"}
{"op_code": 5, "worker_id": "4423d596-ea0d-4b68-8695-60628108d286-140459645536064", "trial_id": 2, "param_name": "l2reg", "param_value_internal": 6.02521573620385e-08, "distribution": "{\"name\": \"FloatDistribution\", \"attributes\": {\"step\": null, \"low\": 1e-08, \"high\": 0.001, \"log\": true}}"}
{"op_code": 5, "worker_id": "4423d596-ea0d-4b68-8695-60628108d286-140459645536064", "trial_id": 2, "param_name": "random_seed", "param_value_internal": 0, "distribution": "{\"name\": \"CategoricalDistribution\", \"attributes\": {\"choices\": [42]}}"}
{"op_code": 5, "worker_id": "4423d596-ea0d-4b68-8695-60628108d286-140459645536064", "trial_id": 2, "param_name": "degree", "param_value_internal": 0, "distribution": "{\"name\": \"CategoricalDistribution\", \"attributes\": {\"choices\": [0]}}"}
{"op_code": 8, "worker_id": "4423d596-ea0d-4b68-8695-60628108d286-140459645536064", "trial_id": 2, "user_attr": {"best_epoch": 10}}
{"op_code": 8, "worker_id": "4423d596-ea0d-4b68-8695-60628108d286-140459645536064", "trial_id": 2, "user_attr": {"test_loss": 0.4459319697874898}}
{"op_code": 6, "worker_id": "4423d596-ea0d-4b68-8695-60628108d286-140459645536064", "trial_id": 2, "state": 1, "values": [0.4458673697403453], "datetime_complete": "2024-08-20T10:54:33.498755"}
{"op_code": 4, "worker_id": "4423d596-ea0d-4b68-8695-60628108d286-140459645536064", "study_id": 0, "datetime_start": "2024-08-20T10:54:33.507462"}
{"op_code": 5, "worker_id": "4423d596-ea0d-4b68-8695-60628108d286-140459645536064", "trial_id": 3, "param_name": "lr", "param_value_internal": 1.3066739238053272e-05, "distribution": "{\"name\": \"FloatDistribution\", \"attributes\": {\"step\": null, \"low\": 1e-05, \"high\": 0.001, \"log\": true}}"}
{"op_code": 5, "worker_id": "4423d596-ea0d-4b68-8695-60628108d286-140459645536064", "trial_id": 3, "param_name": "l2reg", "param_value_internal": 0.00021423021757741048, "distribution": "{\"name\": \"FloatDistribution\", \"attributes\": {\"step\": null, \"low\": 1e-08, \"high\": 0.001, \"log\": true}}"}
{"op_code": 5, "worker_id": "4423d596-ea0d-4b68-8695-60628108d286-140459645536064", "trial_id": 3, "param_name": "random_seed", "param_value_internal": 0, "distribution": "{\"name\": \"CategoricalDistribution\", \"attributes\": {\"choices\": [42]}}"}
{"op_code": 5, "worker_id": "4423d596-ea0d-4b68-8695-60628108d286-140459645536064", "trial_id": 3, "param_name": "degree", "param_value_internal": 0, "distribution": "{\"name\": \"CategoricalDistribution\", \"attributes\": {\"choices\": [0]}}"}
{"op_code": 8, "worker_id": "4423d596-ea0d-4b68-8695-60628108d286-140459645536064", "trial_id": 3, "user_attr": {"best_epoch": 17}}
{"op_code": 8, "worker_id": "4423d596-ea0d-4b68-8695-60628108d286-140459645536064", "trial_id": 3, "user_attr": {"test_loss": 0.4461235030014142}}
{"op_code": 6, "worker_id": "4423d596-ea0d-4b68-8695-60628108d286-140459645536064", "trial_id": 3, "state": 1, "values": [0.446043632626842], "datetime_complete": "2024-08-20T12:05:56.407548"}
{"op_code": 4, "worker_id": "4423d596-ea0d-4b68-8695-60628108d286-140459645536064", "study_id": 0, "datetime_start": "2024-08-20T12:05:56.421420"}
{"op_code": 5, "worker_id": "4423d596-ea0d-4b68-8695-60628108d286-140459645536064", "trial_id": 4, "param_name": "lr", "param_value_internal": 0.00015930522616241006, "distribution": "{\"name\": \"FloatDistribution\", \"attributes\": {\"step\": null, \"low\": 1e-05, \"high\": 0.001, \"log\": true}}"}
{"op_code": 5, "worker_id": "4423d596-ea0d-4b68-8695-60628108d286-140459645536064", "trial_id": 4, "param_name": "l2reg", "param_value_internal": 3.47026698865041e-05, "distribution": "{\"name\": \"FloatDistribution\", \"attributes\": {\"step\": null, \"low\": 1e-08, \"high\": 0.001, \"log\": true}}"}
{"op_code": 5, "worker_id": "4423d596-ea0d-4b68-8695-60628108d286-140459645536064", "trial_id": 4, "param_name": "random_seed", "param_value_internal": 0, "distribution": "{\"name\": \"CategoricalDistribution\", \"attributes\": {\"choices\": [42]}}"}
{"op_code": 5, "worker_id": "4423d596-ea0d-4b68-8695-60628108d286-140459645536064", "trial_id": 4, "param_name": "degree", "param_value_internal": 0, "distribution": "{\"name\": \"CategoricalDistribution\", \"attributes\": {\"choices\": [0]}}"}
{"op_code": 8, "worker_id": "4423d596-ea0d-4b68-8695-60628108d286-140459645536064", "trial_id": 4, "user_attr": {"best_epoch": 1}}
{"op_code": 8, "worker_id": "4423d596-ea0d-4b68-8695-60628108d286-140459645536064", "trial_id": 4, "user_attr": {"test_loss": 0.44468602223472287}}
{"op_code": 6, "worker_id": "4423d596-ea0d-4b68-8695-60628108d286-140459645536064", "trial_id": 4, "state": 1, "values": [0.44454419828236763], "datetime_complete": "2024-08-20T12:25:00.276527"}
{"op_code": 4, "worker_id": "4423d596-ea0d-4b68-8695-60628108d286-140459645536064", "study_id": 0, "datetime_start": "2024-08-20T12:25:00.289091"}
{"op_code": 5, "worker_id": "4423d596-ea0d-4b68-8695-60628108d286-140459645536064", "trial_id": 5, "param_name": "lr", "param_value_internal": 1.0994335574766187e-05, "distribution": "{\"name\": \"FloatDistribution\", \"attributes\": {\"step\": null, \"low\": 1e-05, \"high\": 0.001, \"log\": true}}"}
{"op_code": 5, "worker_id": "4423d596-ea0d-4b68-8695-60628108d286-140459645536064", "trial_id": 5, "param_name": "l2reg", "param_value_internal": 0.0007072114131472234, "distribution": "{\"name\": \"FloatDistribution\", \"attributes\": {\"step\": null, \"low\": 1e-08, \"high\": 0.001, \"log\": true}}"}
{"op_code": 5, "worker_id": "4423d596-ea0d-4b68-8695-60628108d286-140459645536064", "trial_id": 5, "param_name": "random_seed", "param_value_internal": 0, "distribution": "{\"name\": \"CategoricalDistribution\", \"attributes\": {\"choices\": [42]}}"}
{"op_code": 5, "worker_id": "4423d596-ea0d-4b68-8695-60628108d286-140459645536064", "trial_id": 5, "param_name": "degree", "param_value_internal": 0, "distribution": "{\"name\": \"CategoricalDistribution\", \"attributes\": {\"choices\": [0]}}"}
{"op_code": 8, "worker_id": "4423d596-ea0d-4b68-8695-60628108d286-140459645536064", "trial_id": 5, "user_attr": {"best_epoch": 19}}
{"op_code": 8, "worker_id": "4423d596-ea0d-4b68-8695-60628108d286-140459645536064", "trial_id": 5, "user_attr": {"test_loss": 0.44620876218642797}}
{"op_code": 6, "worker_id": "4423d596-ea0d-4b68-8695-60628108d286-140459645536064", "trial_id": 5, "state": 1, "values": [0.4461406717448411], "datetime_complete": "2024-08-20T13:36:18.200511"}
{"op_code": 4, "worker_id": "4423d596-ea0d-4b68-8695-60628108d286-140459645536064", "study_id": 0, "datetime_start": "2024-08-20T13:36:18.209111"}
{"op_code": 5, "worker_id": "4423d596-ea0d-4b68-8695-60628108d286-140459645536064", "trial_id": 6, "param_name": "lr", "param_value_internal": 0.000462258900102083, "distribution": "{\"name\": \"FloatDistribution\", \"attributes\": {\"step\": null, \"low\": 1e-05, \"high\": 0.001, \"log\": true}}"}
{"op_code": 5, "worker_id": "4423d596-ea0d-4b68-8695-60628108d286-140459645536064", "trial_id": 6, "param_name": "l2reg", "param_value_internal": 1.1526449540315595e-07, "distribution": "{\"name\": \"FloatDistribution\", \"attributes\": {\"step\": null, \"low\": 1e-08, \"high\": 0.001, \"log\": true}}"}
{"op_code": 5, "worker_id": "4423d596-ea0d-4b68-8695-60628108d286-140459645536064", "trial_id": 6, "param_name": "random_seed", "param_value_internal": 0, "distribution": "{\"name\": \"CategoricalDistribution\", \"attributes\": {\"choices\": [42]}}"}
{"op_code": 5, "worker_id": "4423d596-ea0d-4b68-8695-60628108d286-140459645536064", "trial_id": 6, "param_name": "degree", "param_value_internal": 0, "distribution": "{\"name\": \"CategoricalDistribution\", \"attributes\": {\"choices\": [0]}}"}
{"op_code": 8, "worker_id": "4423d596-ea0d-4b68-8695-60628108d286-140459645536064", "trial_id": 6, "user_attr": {"best_epoch": 0}}
{"op_code": 8, "worker_id": "4423d596-ea0d-4b68-8695-60628108d286-140459645536064", "trial_id": 6, "user_attr": {"test_loss": 0.44511282716985173}}
{"op_code": 6, "worker_id": "4423d596-ea0d-4b68-8695-60628108d286-140459645536064", "trial_id": 6, "state": 1, "values": [0.4450164868334387], "datetime_complete": "2024-08-20T13:51:43.635386"}
{"op_code": 4, "worker_id": "4423d596-ea0d-4b68-8695-60628108d286-140459645536064", "study_id": 0, "datetime_start": "2024-08-20T13:51:43.643892"}
{"op_code": 5, "worker_id": "4423d596-ea0d-4b68-8695-60628108d286-140459645536064", "trial_id": 7, "param_name": "lr", "param_value_internal": 2.3102018878452926e-05, "distribution": "{\"name\": \"FloatDistribution\", \"attributes\": {\"step\": null, \"low\": 1e-05, \"high\": 0.001, \"log\": true}}"}
{"op_code": 5, "worker_id": "4423d596-ea0d-4b68-8695-60628108d286-140459645536064", "trial_id": 7, "param_name": "l2reg", "param_value_internal": 8.260808399079588e-08, "distribution": "{\"name\": \"FloatDistribution\", \"attributes\": {\"step\": null, \"low\": 1e-08, \"high\": 0.001, \"log\": true}}"}
{"op_code": 5, "worker_id": "4423d596-ea0d-4b68-8695-60628108d286-140459645536064", "trial_id": 7, "param_name": "random_seed", "param_value_internal": 0, "distribution": "{\"name\": \"CategoricalDistribution\", \"attributes\": {\"choices\": [42]}}"}
{"op_code": 5, "worker_id": "4423d596-ea0d-4b68-8695-60628108d286-140459645536064", "trial_id": 7, "param_name": "degree", "param_value_internal": 0, "distribution": "{\"name\": \"CategoricalDistribution\", \"attributes\": {\"choices\": [0]}}"}
{"op_code": 8, "worker_id": "4423d596-ea0d-4b68-8695-60628108d286-140459645536064", "trial_id": 7, "user_attr": {"best_epoch": 9}}
{"op_code": 8, "worker_id": "4423d596-ea0d-4b68-8695-60628108d286-140459645536064", "trial_id": 7, "user_attr": {"test_loss": 0.4458775784268157}}
{"op_code": 6, "worker_id": "4423d596-ea0d-4b68-8695-60628108d286-140459645536064", "trial_id": 7, "state": 1, "values": [0.4458220678516128], "datetime_complete": "2024-08-20T14:38:46.995800"}
{"op_code": 4, "worker_id": "4423d596-ea0d-4b68-8695-60628108d286-140459645536064", "study_id": 0, "datetime_start": "2024-08-20T14:38:47.027549"}
{"op_code": 5, "worker_id": "4423d596-ea0d-4b68-8695-60628108d286-140459645536064", "trial_id": 8, "param_name": "lr", "param_value_internal": 4.059611610484306e-05, "distribution": "{\"name\": \"FloatDistribution\", \"attributes\": {\"step\": null, \"low\": 1e-05, \"high\": 0.001, \"log\": true}}"}
{"op_code": 5, "worker_id": "4423d596-ea0d-4b68-8695-60628108d286-140459645536064", "trial_id": 8, "param_name": "l2reg", "param_value_internal": 4.2051564509138674e-06, "distribution": "{\"name\": \"FloatDistribution\", \"attributes\": {\"step\": null, \"low\": 1e-08, \"high\": 0.001, \"log\": true}}"}
{"op_code": 5, "worker_id": "4423d596-ea0d-4b68-8695-60628108d286-140459645536064", "trial_id": 8, "param_name": "random_seed", "param_value_internal": 0, "distribution": "{\"name\": \"CategoricalDistribution\", \"attributes\": {\"choices\": [42]}}"}
{"op_code": 5, "worker_id": "4423d596-ea0d-4b68-8695-60628108d286-140459645536064", "trial_id": 8, "param_name": "degree", "param_value_internal": 0, "distribution": "{\"name\": \"CategoricalDistribution\", \"attributes\": {\"choices\": [0]}}"}
{"op_code": 8, "worker_id": "4423d596-ea0d-4b68-8695-60628108d286-140459645536064", "trial_id": 8, "user_attr": {"best_epoch": 5}}
{"op_code": 8, "worker_id": "4423d596-ea0d-4b68-8695-60628108d286-140459645536064", "trial_id": 8, "user_attr": {"test_loss": 0.44554188629238817}}
{"op_code": 6, "worker_id": "4423d596-ea0d-4b68-8695-60628108d286-140459645536064", "trial_id": 8, "state": 1, "values": [0.44550284587483036], "datetime_complete": "2024-08-20T15:11:46.966165"}
{"op_code": 4, "worker_id": "4423d596-ea0d-4b68-8695-60628108d286-140459645536064", "study_id": 0, "datetime_start": "2024-08-20T15:11:46.984150"}
{"op_code": 5, "worker_id": "4423d596-ea0d-4b68-8695-60628108d286-140459645536064", "trial_id": 9, "param_name": "lr", "param_value_internal": 7.309539835912905e-05, "distribution": "{\"name\": \"FloatDistribution\", \"attributes\": {\"step\": null, \"low\": 1e-05, \"high\": 0.001, \"log\": true}}"}
{"op_code": 5, "worker_id": "4423d596-ea0d-4b68-8695-60628108d286-140459645536064", "trial_id": 9, "param_name": "l2reg", "param_value_internal": 2.8585493941961875e-07, "distribution": "{\"name\": \"FloatDistribution\", \"attributes\": {\"step\": null, \"low\": 1e-08, \"high\": 0.001, \"log\": true}}"}
{"op_code": 5, "worker_id": "4423d596-ea0d-4b68-8695-60628108d286-140459645536064", "trial_id": 9, "param_name": "random_seed", "param_value_internal": 0, "distribution": "{\"name\": \"CategoricalDistribution\", \"attributes\": {\"choices\": [42]}}"}
{"op_code": 5, "worker_id": "4423d596-ea0d-4b68-8695-60628108d286-140459645536064", "trial_id": 9, "param_name": "degree", "param_value_internal": 0, "distribution": "{\"name\": \"CategoricalDistribution\", \"attributes\": {\"choices\": [0]}}"}
{"op_code": 8, "worker_id": "4423d596-ea0d-4b68-8695-60628108d286-140459645536064", "trial_id": 9, "user_attr": {"best_epoch": 2}}
{"op_code": 8, "worker_id": "4423d596-ea0d-4b68-8695-60628108d286-140459645536064", "trial_id": 9, "user_attr": {"test_loss": 0.4453259205955941}}
{"op_code": 6, "worker_id": "4423d596-ea0d-4b68-8695-60628108d286-140459645536064", "trial_id": 9, "state": 1, "values": [0.4452683740606766], "datetime_complete": "2024-08-20T15:34:13.353063"}
{"op_code": 4, "worker_id": "4423d596-ea0d-4b68-8695-60628108d286-140459645536064", "study_id": 0, "datetime_start": "2024-08-20T15:34:13.365883"}
{"op_code": 5, "worker_id": "4423d596-ea0d-4b68-8695-60628108d286-140459645536064", "trial_id": 10, "param_name": "lr", "param_value_internal": 0.00018471184590376964, "distribution": "{\"name\": \"FloatDistribution\", \"attributes\": {\"step\": null, \"low\": 1e-05, \"high\": 0.001, \"log\": true}}"}
{"op_code": 5, "worker_id": "4423d596-ea0d-4b68-8695-60628108d286-140459645536064", "trial_id": 10, "param_name": "l2reg", "param_value_internal": 3.8521646942747446e-05, "distribution": "{\"name\": \"FloatDistribution\", \"attributes\": {\"step\": null, \"low\": 1e-08, \"high\": 0.001, \"log\": true}}"}
{"op_code": 5, "worker_id": "4423d596-ea0d-4b68-8695-60628108d286-140459645536064", "trial_id": 10, "param_name": "random_seed", "param_value_internal": 0, "distribution": "{\"name\": \"CategoricalDistribution\", \"attributes\": {\"choices\": [42]}}"}
{"op_code": 5, "worker_id": "4423d596-ea0d-4b68-8695-60628108d286-140459645536064", "trial_id": 10, "param_name": "degree", "param_value_internal": 0, "distribution": "{\"name\": \"CategoricalDistribution\", \"attributes\": {\"choices\": [0]}}"}
{"op_code": 8, "worker_id": "4423d596-ea0d-4b68-8695-60628108d286-140459645536064", "trial_id": 10, "user_attr": {"best_epoch": 1}}
{"op_code": 8, "worker_id": "4423d596-ea0d-4b68-8695-60628108d286-140459645536064", "trial_id": 10, "user_attr": {"test_loss": 0.4448225096464678}}
{"op_code": 6, "worker_id": "4423d596-ea0d-4b68-8695-60628108d286-140459645536064", "trial_id": 10, "state": 1, "values": [0.4446739958287359], "datetime_complete": "2024-08-20T15:53:11.863102"}
{"op_code": 4, "worker_id": "4423d596-ea0d-4b68-8695-60628108d286-140459645536064", "study_id": 0, "datetime_start": "2024-08-20T15:53:11.871744"}
{"op_code": 5, "worker_id": "4423d596-ea0d-4b68-8695-60628108d286-140459645536064", "trial_id": 11, "param_name": "lr", "param_value_internal": 0.00015320252245209042, "distribution": "{\"name\": \"FloatDistribution\", \"attributes\": {\"step\": null, \"low\": 1e-05, \"high\": 0.001, \"log\": true}}"}
{"op_code": 5, "worker_id": "4423d596-ea0d-4b68-8695-60628108d286-140459645536064", "trial_id": 11, "param_name": "l2reg", "param_value_internal": 4.011123221868182e-05, "distribution": "{\"name\": \"FloatDistribution\", \"attributes\": {\"step\": null, \"low\": 1e-08, \"high\": 0.001, \"log\": true}}"}
{"op_code": 5, "worker_id": "4423d596-ea0d-4b68-8695-60628108d286-140459645536064", "trial_id": 11, "param_name": "random_seed", "param_value_internal": 0, "distribution": "{\"name\": \"CategoricalDistribution\", \"attributes\": {\"choices\": [42]}}"}
{"op_code": 5, "worker_id": "4423d596-ea0d-4b68-8695-60628108d286-140459645536064", "trial_id": 11, "param_name": "degree", "param_value_internal": 0, "distribution": "{\"name\": \"CategoricalDistribution\", \"attributes\": {\"choices\": [0]}}"}
{"op_code": 8, "worker_id": "4423d596-ea0d-4b68-8695-60628108d286-140459645536064", "trial_id": 11, "user_attr": {"best_epoch": 1}}
{"op_code": 8, "worker_id": "4423d596-ea0d-4b68-8695-60628108d286-140459645536064", "trial_id": 11, "user_attr": {"test_loss": 0.4446789688096087}}
{"op_code": 6, "worker_id": "4423d596-ea0d-4b68-8695-60628108d286-140459645536064", "trial_id": 11, "state": 1, "values": [0.4445377265839773], "datetime_complete": "2024-08-20T16:12:11.704417"}
{"op_code": 4, "worker_id": "4423d596-ea0d-4b68-8695-60628108d286-140459645536064", "study_id": 0, "datetime_start": "2024-08-20T16:12:11.713571"}
{"op_code": 5, "worker_id": "4423d596-ea0d-4b68-8695-60628108d286-140459645536064", "trial_id": 12, "param_name": "lr", "param_value_internal": 0.0001458251474269136, "distribution": "{\"name\": \"FloatDistribution\", \"attributes\": {\"step\": null, \"low\": 1e-05, \"high\": 0.001, \"log\": true}}"}
{"op_code": 5, "worker_id": "4423d596-ea0d-4b68-8695-60628108d286-140459645536064", "trial_id": 12, "param_name": "l2reg", "param_value_internal": 4.634380861758262e-05, "distribution": "{\"name\": \"FloatDistribution\", \"attributes\": {\"step\": null, \"low\": 1e-08, \"high\": 0.001, \"log\": true}}"}
{"op_code": 5, "worker_id": "4423d596-ea0d-4b68-8695-60628108d286-140459645536064", "trial_id": 12, "param_name": "random_seed", "param_value_internal": 0, "distribution": "{\"name\": \"CategoricalDistribution\", \"attributes\": {\"choices\": [42]}}"}
{"op_code": 5, "worker_id": "4423d596-ea0d-4b68-8695-60628108d286-140459645536064", "trial_id": 12, "param_name": "degree", "param_value_internal": 0, "distribution": "{\"name\": \"CategoricalDistribution\", \"attributes\": {\"choices\": [0]}}"}
{"op_code": 8, "worker_id": "4423d596-ea0d-4b68-8695-60628108d286-140459645536064", "trial_id": 12, "user_attr": {"best_epoch": 1}}
{"op_code": 8, "worker_id": "4423d596-ea0d-4b68-8695-60628108d286-140459645536064", "trial_id": 12, "user_attr": {"test_loss": 0.4446883491378533}}
{"op_code": 6, "worker_id": "4423d596-ea0d-4b68-8695-60628108d286-140459645536064", "trial_id": 12, "state": 1, "values": [0.4445487066565272], "datetime_complete": "2024-08-20T16:31:07.922899"}
{"op_code": 4, "worker_id": "4423d596-ea0d-4b68-8695-60628108d286-140459645536064", "study_id": 0, "datetime_start": "2024-08-20T16:31:07.933580"}
{"op_code": 5, "worker_id": "4423d596-ea0d-4b68-8695-60628108d286-140459645536064", "trial_id": 13, "param_name": "lr", "param_value_internal": 0.0007344264023066013, "distribution": "{\"name\": \"FloatDistribution\", \"attributes\": {\"step\": null, \"low\": 1e-05, \"high\": 0.001, \"log\": true}}"}
{"op_code": 5, "worker_id": "4423d596-ea0d-4b68-8695-60628108d286-140459645536064", "trial_id": 13, "param_name": "l2reg", "param_value_internal": 9.167785859319847e-07, "distribution": "{\"name\": \"FloatDistribution\", \"attributes\": {\"step\": null, \"low\": 1e-08, \"high\": 0.001, \"log\": true}}"}
{"op_code": 5, "worker_id": "4423d596-ea0d-4b68-8695-60628108d286-140459645536064", "trial_id": 13, "param_name": "random_seed", "param_value_internal": 0, "distribution": "{\"name\": \"CategoricalDistribution\", \"attributes\": {\"choices\": [42]}}"}
{"op_code": 5, "worker_id": "4423d596-ea0d-4b68-8695-60628108d286-140459645536064", "trial_id": 13, "param_name": "degree", "param_value_internal": 0, "distribution": "{\"name\": \"CategoricalDistribution\", \"attributes\": {\"choices\": [0]}}"}
{"op_code": 8, "worker_id": "4423d596-ea0d-4b68-8695-60628108d286-140459645536064", "trial_id": 13, "user_attr": {"best_epoch": 0}}
{"op_code": 8, "worker_id": "4423d596-ea0d-4b68-8695-60628108d286-140459645536064", "trial_id": 13, "user_attr": {"test_loss": 0.4452965798014337}}
{"op_code": 6, "worker_id": "4423d596-ea0d-4b68-8695-60628108d286-140459645536064", "trial_id": 13, "state": 1, "values": [0.4452004939432902], "datetime_complete": "2024-08-20T16:46:34.578991"}
{"op_code": 4, "worker_id": "4423d596-ea0d-4b68-8695-60628108d286-140459645536064", "study_id": 0, "datetime_start": "2024-08-20T16:46:34.590947"}
{"op_code": 5, "worker_id": "4423d596-ea0d-4b68-8695-60628108d286-140459645536064", "trial_id": 14, "param_name": "lr", "param_value_internal": 0.00012275891404132035, "distribution": "{\"name\": \"FloatDistribution\", \"attributes\": {\"step\": null, \"low\": 1e-05, \"high\": 0.001, \"log\": true}}"}
{"op_code": 5, "worker_id": "4423d596-ea0d-4b68-8695-60628108d286-140459645536064", "trial_id": 14, "param_name": "l2reg", "param_value_internal": 1.163814228102759e-08, "distribution": "{\"name\": \"FloatDistribution\", \"attributes\": {\"step\": null, \"low\": 1e-08, \"high\": 0.001, \"log\": true}}"}
{"op_code": 5, "worker_id": "4423d596-ea0d-4b68-8695-60628108d286-140459645536064", "trial_id": 14, "param_name": "random_seed", "param_value_internal": 0, "distribution": "{\"name\": \"CategoricalDistribution\", \"attributes\": {\"choices\": [42]}}"}
{"op_code": 5, "worker_id": "4423d596-ea0d-4b68-8695-60628108d286-140459645536064", "trial_id": 14, "param_name": "degree", "param_value_internal": 0, "distribution": "{\"name\": \"CategoricalDistribution\", \"attributes\": {\"choices\": [0]}}"}
{"op_code": 8, "worker_id": "4423d596-ea0d-4b68-8695-60628108d286-140459645536064", "trial_id": 14, "user_attr": {"best_epoch": 1}}
{"op_code": 8, "worker_id": "4423d596-ea0d-4b68-8695-60628108d286-140459645536064", "trial_id": 14, "user_attr": {"test_loss": 0.44488329999075055}}
{"op_code": 6, "worker_id": "4423d596-ea0d-4b68-8695-60628108d286-140459645536064", "trial_id": 14, "state": 1, "values": [0.4447463116045696], "datetime_complete": "2024-08-20T17:05:29.571406"}
{"op_code": 4, "worker_id": "4423d596-ea0d-4b68-8695-60628108d286-140459645536064", "study_id": 0, "datetime_start": "2024-08-20T17:05:29.580888"}
{"op_code": 5, "worker_id": "4423d596-ea0d-4b68-8695-60628108d286-140459645536064", "trial_id": 15, "param_name": "lr", "param_value_internal": 0.0002733762389478881, "distribution": "{\"name\": \"FloatDistribution\", \"attributes\": {\"step\": null, \"low\": 1e-05, \"high\": 0.001, \"log\": true}}"}
{"op_code": 5, "worker_id": "4423d596-ea0d-4b68-8695-60628108d286-140459645536064", "trial_id": 15, "param_name": "l2reg", "param_value_internal": 4.402674821552163e-05, "distribution": "{\"name\": \"FloatDistribution\", \"attributes\": {\"step\": null, \"low\": 1e-08, \"high\": 0.001, \"log\": true}}"}
{"op_code": 5, "worker_id": "4423d596-ea0d-4b68-8695-60628108d286-140459645536064", "trial_id": 15, "param_name": "random_seed", "param_value_internal": 0, "distribution": "{\"name\": \"CategoricalDistribution\", \"attributes\": {\"choices\": [42]}}"}
{"op_code": 5, "worker_id": "4423d596-ea0d-4b68-8695-60628108d286-140459645536064", "trial_id": 15, "param_name": "degree", "param_value_internal": 0, "distribution": "{\"name\": \"CategoricalDistribution\", \"attributes\": {\"choices\": [0]}}"}
{"op_code": 8, "worker_id": "4423d596-ea0d-4b68-8695-60628108d286-140459645536064", "trial_id": 15, "user_attr": {"best_epoch": 0}}
{"op_code": 8, "worker_id": "4423d596-ea0d-4b68-8695-60628108d286-140459645536064", "trial_id": 15, "user_attr": {"test_loss": 0.44537823955816763}}
{"op_code": 6, "worker_id": "4423d596-ea0d-4b68-8695-60628108d286-140459645536064", "trial_id": 15, "state": 1, "values": [0.4452541581389315], "datetime_complete": "2024-08-20T17:20:46.440494"}
{"op_code": 4, "worker_id": "4423d596-ea0d-4b68-8695-60628108d286-140459645536064", "study_id": 0, "datetime_start": "2024-08-20T17:20:46.449463"}
{"op_code": 5, "worker_id": "4423d596-ea0d-4b68-8695-60628108d286-140459645536064", "trial_id": 16, "param_name": "lr", "param_value_internal": 8.407931655574884e-05, "distribution": "{\"name\": \"FloatDistribution\", \"attributes\": {\"step\": null, \"low\": 1e-05, \"high\": 0.001, \"log\": true}}"}
{"op_code": 5, "worker_id": "4423d596-ea0d-4b68-8695-60628108d286-140459645536064", "trial_id": 16, "param_name": "l2reg", "param_value_internal": 1.0143276990934137e-05, "distribution": "{\"name\": \"FloatDistribution\", \"attributes\": {\"step\": null, \"low\": 1e-08, \"high\": 0.001, \"log\": true}}"}
{"op_code": 5, "worker_id": "4423d596-ea0d-4b68-8695-60628108d286-140459645536064", "trial_id": 16, "param_name": "random_seed", "param_value_internal": 0, "distribution": "{\"name\": \"CategoricalDistribution\", \"attributes\": {\"choices\": [42]}}"}
{"op_code": 5, "worker_id": "4423d596-ea0d-4b68-8695-60628108d286-140459645536064", "trial_id": 16, "param_name": "degree", "param_value_internal": 0, "distribution": "{\"name\": \"CategoricalDistribution\", \"attributes\": {\"choices\": [0]}}"}
{"op_code": 8, "worker_id": "4423d596-ea0d-4b68-8695-60628108d286-140459645536064", "trial_id": 16, "user_attr": {"best_epoch": 2}}
{"op_code": 8, "worker_id": "4423d596-ea0d-4b68-8695-60628108d286-140459645536064", "trial_id": 16, "user_attr": {"test_loss": 0.4451128635277131}}
{"op_code": 6, "worker_id": "4423d596-ea0d-4b68-8695-60628108d286-140459645536064", "trial_id": 16, "state": 1, "values": [0.4450580075051341], "datetime_complete": "2024-08-20T17:43:04.209323"}
{"op_code": 4, "worker_id": "4423d596-ea0d-4b68-8695-60628108d286-140459645536064", "study_id": 0, "datetime_start": "2024-08-20T17:43:04.218224"}
{"op_code": 5, "worker_id": "4423d596-ea0d-4b68-8695-60628108d286-140459645536064", "trial_id": 17, "param_name": "lr", "param_value_internal": 0.0009129978603227824, "distribution": "{\"name\": \"FloatDistribution\", \"attributes\": {\"step\": null, \"low\": 1e-05, \"high\": 0.001, \"log\": true}}"}
{"op_code": 5, "worker_id": "4423d596-ea0d-4b68-8695-60628108d286-140459645536064", "trial_id": 17, "param_name": "l2reg", "param_value_internal": 0.00011816826115310131, "distribution": "{\"name\": \"FloatDistribution\", \"attributes\": {\"step\": null, \"low\": 1e-08, \"high\": 0.001, \"log\": true}}"}
{"op_code": 5, "worker_id": "4423d596-ea0d-4b68-8695-60628108d286-140459645536064", "trial_id": 17, "param_name": "random_seed", "param_value_internal": 0, "distribution": "{\"name\": \"CategoricalDistribution\", \"attributes\": {\"choices\": [42]}}"}
{"op_code": 5, "worker_id": "4423d596-ea0d-4b68-8695-60628108d286-140459645536064", "trial_id": 17, "param_name": "degree", "param_value_internal": 0, "distribution": "{\"name\": \"CategoricalDistribution\", \"attributes\": {\"choices\": [0]}}"}
{"op_code": 8, "worker_id": "4423d596-ea0d-4b68-8695-60628108d286-140459645536064", "trial_id": 17, "user_attr": {"best_epoch": 0}}
{"op_code": 8, "worker_id": "4423d596-ea0d-4b68-8695-60628108d286-140459645536064", "trial_id": 17, "user_attr": {"test_loss": 0.44548291384117605}}
{"op_code": 6, "worker_id": "4423d596-ea0d-4b68-8695-60628108d286-140459645536064", "trial_id": 17, "state": 1, "values": [0.44537595695695215], "datetime_complete": "2024-08-20T17:58:28.976134"}
{"op_code": 4, "worker_id": "4423d596-ea0d-4b68-8695-60628108d286-140459645536064", "study_id": 0, "datetime_start": "2024-08-20T17:58:28.990992"}
{"op_code": 5, "worker_id": "4423d596-ea0d-4b68-8695-60628108d286-140459645536064", "trial_id": 18, "param_name": "lr", "param_value_internal": 0.00023976227274240743, "distribution": "{\"name\": \"FloatDistribution\", \"attributes\": {\"step\": null, \"low\": 1e-05, \"high\": 0.001, \"log\": true}}"}
{"op_code": 5, "worker_id": "4423d596-ea0d-4b68-8695-60628108d286-140459645536064", "trial_id": 18, "param_name": "l2reg", "param_value_internal": 1.943488616247948e-06, "distribution": "{\"name\": \"FloatDistribution\", \"attributes\": {\"step\": null, \"low\": 1e-08, \"high\": 0.001, \"log\": true}}"}
{"op_code": 5, "worker_id": "4423d596-ea0d-4b68-8695-60628108d286-140459645536064", "trial_id": 18, "param_name": "random_seed", "param_value_internal": 0, "distribution": "{\"name\": \"CategoricalDistribution\", \"attributes\": {\"choices\": [42]}}"}
{"op_code": 5, "worker_id": "4423d596-ea0d-4b68-8695-60628108d286-140459645536064", "trial_id": 18, "param_name": "degree", "param_value_internal": 0, "distribution": "{\"name\": \"CategoricalDistribution\", \"attributes\": {\"choices\": [0]}}"}
{"op_code": 8, "worker_id": "4423d596-ea0d-4b68-8695-60628108d286-140459645536064", "trial_id": 18, "user_attr": {"best_epoch": 1}}
{"op_code": 8, "worker_id": "4423d596-ea0d-4b68-8695-60628108d286-140459645536064", "trial_id": 18, "user_attr": {"test_loss": 0.4453902740102954}}
{"op_code": 6, "worker_id": "4423d596-ea0d-4b68-8695-60628108d286-140459645536064", "trial_id": 18, "state": 1, "values": [0.4452017664682546], "datetime_complete": "2024-08-20T18:17:18.295389"}
{"op_code": 4, "worker_id": "4423d596-ea0d-4b68-8695-60628108d286-140459645536064", "study_id": 0, "datetime_start": "2024-08-20T18:17:18.307105"}
{"op_code": 5, "worker_id": "4423d596-ea0d-4b68-8695-60628108d286-140459645536064", "trial_id": 19, "param_name": "lr", "param_value_internal": 0.0004414973500475081, "distribution": "{\"name\": \"FloatDistribution\", \"attributes\": {\"step\": null, \"low\": 1e-05, \"high\": 0.001, \"log\": true}}"}
{"op_code": 5, "worker_id": "4423d596-ea0d-4b68-8695-60628108d286-140459645536064", "trial_id": 19, "param_name": "l2reg", "param_value_internal": 1.3275744888634099e-05, "distribution": "{\"name\": \"FloatDistribution\", \"attributes\": {\"step\": null, \"low\": 1e-08, \"high\": 0.001, \"log\": true}}"}
{"op_code": 5, "worker_id": "4423d596-ea0d-4b68-8695-60628108d286-140459645536064", "trial_id": 19, "param_name": "random_seed", "param_value_internal": 0, "distribution": "{\"name\": \"CategoricalDistribution\", \"attributes\": {\"choices\": [42]}}"}
{"op_code": 5, "worker_id": "4423d596-ea0d-4b68-8695-60628108d286-140459645536064", "trial_id": 19, "param_name": "degree", "param_value_internal": 0, "distribution": "{\"name\": \"CategoricalDistribution\", \"attributes\": {\"choices\": [0]}}"}
{"op_code": 8, "worker_id": "4423d596-ea0d-4b68-8695-60628108d286-140459645536064", "trial_id": 19, "user_attr": {"best_epoch": 0}}
{"op_code": 8, "worker_id": "4423d596-ea0d-4b68-8695-60628108d286-140459645536064", "trial_id": 19, "user_attr": {"test_loss": 0.44511210001262347}}
{"op_code": 6, "worker_id": "4423d596-ea0d-4b68-8695-60628108d286-140459645536064", "trial_id": 19, "state": 1, "values": [0.4450140508570783], "datetime_complete": "2024-08-20T18:32:33.851179"}
{"op_code": 4, "worker_id": "4423d596-ea0d-4b68-8695-60628108d286-140459645536064", "study_id": 0, "datetime_start": "2024-08-20T18:32:33.878856"}
{"op_code": 5, "worker_id": "4423d596-ea0d-4b68-8695-60628108d286-140459645536064", "trial_id": 20, "param_name": "lr", "param_value_internal": 4.503529799447425e-05, "distribution": "{\"name\": \"FloatDistribution\", \"attributes\": {\"step\": null, \"low\": 1e-05, \"high\": 0.001, \"log\": true}}"}
{"op_code": 5, "worker_id": "4423d596-ea0d-4b68-8695-60628108d286-140459645536064", "trial_id": 20, "param_name": "l2reg", "param_value_internal": 0.0001628790264041172, "distribution": "{\"name\": \"FloatDistribution\", \"attributes\": {\"step\": null, \"low\": 1e-08, \"high\": 0.001, \"log\": true}}"}
{"op_code": 5, "worker_id": "4423d596-ea0d-4b68-8695-60628108d286-140459645536064", "trial_id": 20, "param_name": "random_seed", "param_value_internal": 0, "distribution": "{\"name\": \"CategoricalDistribution\", \"attributes\": {\"choices\": [42]}}"}
{"op_code": 5, "worker_id": "4423d596-ea0d-4b68-8695-60628108d286-140459645536064", "trial_id": 20, "param_name": "degree", "param_value_internal": 0, "distribution": "{\"name\": \"CategoricalDistribution\", \"attributes\": {\"choices\": [0]}}"}
{"op_code": 8, "worker_id": "4423d596-ea0d-4b68-8695-60628108d286-140459645536064", "trial_id": 20, "user_attr": {"best_epoch": 4}}
{"op_code": 8, "worker_id": "4423d596-ea0d-4b68-8695-60628108d286-140459645536064", "trial_id": 20, "user_attr": {"test_loss": 0.4455625739155323}}
{"op_code": 6, "worker_id": "4423d596-ea0d-4b68-8695-60628108d286-140459645536064", "trial_id": 20, "state": 1, "values": [0.44549368369508674], "datetime_complete": "2024-08-20T19:01:57.361233"}
{"op_code": 4, "worker_id": "4423d596-ea0d-4b68-8695-60628108d286-140459645536064", "study_id": 0, "datetime_start": "2024-08-20T19:01:57.370033"}
{"op_code": 5, "worker_id": "4423d596-ea0d-4b68-8695-60628108d286-140459645536064", "trial_id": 21, "param_name": "lr", "param_value_internal": 0.00012416783363064396, "distribution": "{\"name\": \"FloatDistribution\", \"attributes\": {\"step\": null, \"low\": 1e-05, \"high\": 0.001, \"log\": true}}"}
{"op_code": 5, "worker_id": "4423d596-ea0d-4b68-8695-60628108d286-140459645536064", "trial_id": 21, "param_name": "l2reg", "param_value_internal": 3.923746312241624e-05, "distribution": "{\"name\": \"FloatDistribution\", \"attributes\": {\"step\": null, \"low\": 1e-08, \"high\": 0.001, \"log\": true}}"}
{"op_code": 5, "worker_id": "4423d596-ea0d-4b68-8695-60628108d286-140459645536064", "trial_id": 21, "param_name": "random_seed", "param_value_internal": 0, "distribution": "{\"name\": \"CategoricalDistribution\", \"attributes\": {\"choices\": [42]}}"}
{"op_code": 5, "worker_id": "4423d596-ea0d-4b68-8695-60628108d286-140459645536064", "trial_id": 21, "param_name": "degree", "param_value_internal": 0, "distribution": "{\"name\": \"CategoricalDistribution\", \"attributes\": {\"choices\": [0]}}"}
{"op_code": 8, "worker_id": "4423d596-ea0d-4b68-8695-60628108d286-140459645536064", "trial_id": 21, "user_attr": {"best_epoch": 1}}
{"op_code": 8, "worker_id": "4423d596-ea0d-4b68-8695-60628108d286-140459645536064", "trial_id": 21, "user_attr": {"test_loss": 0.44486232150471516}}
{"op_code": 6, "worker_id": "4423d596-ea0d-4b68-8695-60628108d286-140459645536064", "trial_id": 21, "state": 1, "values": [0.44472573305800256], "datetime_complete": "2024-08-20T19:20:56.244440"}
{"op_code": 4, "worker_id": "4423d596-ea0d-4b68-8695-60628108d286-140459645536064", "study_id": 0, "datetime_start": "2024-08-20T19:20:56.252881"}
{"op_code": 5, "worker_id": "4423d596-ea0d-4b68-8695-60628108d286-140459645536064", "trial_id": 22, "param_name": "lr", "param_value_internal": 0.00017246610099731175, "distribution": "{\"name\": \"FloatDistribution\", \"attributes\": {\"step\": null, \"low\": 1e-05, \"high\": 0.001, \"log\": true}}"}
{"op_code": 5, "worker_id": "4423d596-ea0d-4b68-8695-60628108d286-140459645536064", "trial_id": 22, "param_name": "l2reg", "param_value_internal": 7.13584607667371e-05, "distribution": "{\"name\": \"FloatDistribution\", \"attributes\": {\"step\": null, \"low\": 1e-08, \"high\": 0.001, \"log\": true}}"}
{"op_code": 5, "worker_id": "4423d596-ea0d-4b68-8695-60628108d286-140459645536064", "trial_id": 22, "param_name": "random_seed", "param_value_internal": 0, "distribution": "{\"name\": \"CategoricalDistribution\", \"attributes\": {\"choices\": [42]}}"}
{"op_code": 5, "worker_id": "4423d596-ea0d-4b68-8695-60628108d286-140459645536064", "trial_id": 22, "param_name": "degree", "param_value_internal": 0, "distribution": "{\"name\": \"CategoricalDistribution\", \"attributes\": {\"choices\": [0]}}"}
{"op_code": 8, "worker_id": "4423d596-ea0d-4b68-8695-60628108d286-140459645536064", "trial_id": 22, "user_attr": {"best_epoch": 1}}
{"op_code": 8, "worker_id": "4423d596-ea0d-4b68-8695-60628108d286-140459645536064", "trial_id": 22, "user_attr": {"test_loss": 0.44473910471238604}}
{"op_code": 6, "worker_id": "4423d596-ea0d-4b68-8695-60628108d286-140459645536064", "trial_id": 22, "state": 1, "values": [0.44459397218740354], "datetime_complete": "2024-08-20T19:39:54.953680"}
{"op_code": 4, "worker_id": "4423d596-ea0d-4b68-8695-60628108d286-140459645536064", "study_id": 0, "datetime_start": "2024-08-20T19:39:54.971664"}
{"op_code": 5, "worker_id": "4423d596-ea0d-4b68-8695-60628108d286-140459645536064", "trial_id": 23, "param_name": "lr", "param_value_internal": 0.00014944924876423324, "distribution": "{\"name\": \"FloatDistribution\", \"attributes\": {\"step\": null, \"low\": 1e-05, \"high\": 0.001, \"log\": true}}"}
{"op_code": 5, "worker_id": "4423d596-ea0d-4b68-8695-60628108d286-140459645536064", "trial_id": 23, "param_name": "l2reg", "param_value_internal": 1.6748375144726677e-05, "distribution": "{\"name\": \"FloatDistribution\", \"attributes\": {\"step\": null, \"low\": 1e-08, \"high\": 0.001, \"log\": true}}"}
{"op_code": 5, "worker_id": "4423d596-ea0d-4b68-8695-60628108d286-140459645536064", "trial_id": 23, "param_name": "random_seed", "param_value_internal": 0, "distribution": "{\"name\": \"CategoricalDistribution\", \"attributes\": {\"choices\": [42]}}"}
{"op_code": 5, "worker_id": "4423d596-ea0d-4b68-8695-60628108d286-140459645536064", "trial_id": 23, "param_name": "degree", "param_value_internal": 0, "distribution": "{\"name\": \"CategoricalDistribution\", \"attributes\": {\"choices\": [0]}}"}
{"op_code": 8, "worker_id": "4423d596-ea0d-4b68-8695-60628108d286-140459645536064", "trial_id": 23, "user_attr": {"best_epoch": 1}}
{"op_code": 8, "worker_id": "4423d596-ea0d-4b68-8695-60628108d286-140459645536064", "trial_id": 23, "user_attr": {"test_loss": 0.44468104120770924}}
{"op_code": 6, "worker_id": "4423d596-ea0d-4b68-8695-60628108d286-140459645536064", "trial_id": 23, "state": 1, "values": [0.4445404534231867], "datetime_complete": "2024-08-20T19:58:51.328491"}
{"op_code": 4, "worker_id": "4423d596-ea0d-4b68-8695-60628108d286-140459645536064", "study_id": 0, "datetime_start": "2024-08-20T19:58:51.339015"}
{"op_code": 5, "worker_id": "4423d596-ea0d-4b68-8695-60628108d286-140459645536064", "trial_id": 24, "param_name": "lr", "param_value_internal": 0.00039439812550274515, "distribution": "{\"name\": \"FloatDistribution\", \"attributes\": {\"step\": null, \"low\": 1e-05, \"high\": 0.001, \"log\": true}}"}
{"op_code": 5, "worker_id": "4423d596-ea0d-4b68-8695-60628108d286-140459645536064", "trial_id": 24, "param_name": "l2reg", "param_value_internal": 1.413713961208508e-05, "distribution": "{\"name\": \"FloatDistribution\", \"attributes\": {\"step\": null, \"low\": 1e-08, \"high\": 0.001, \"log\": true}}"}
{"op_code": 5, "worker_id": "4423d596-ea0d-4b68-8695-60628108d286-140459645536064", "trial_id": 24, "param_name": "random_seed", "param_value_internal": 0, "distribution": "{\"name\": \"CategoricalDistribution\", \"attributes\": {\"choices\": [42]}}"}
{"op_code": 5, "worker_id": "4423d596-ea0d-4b68-8695-60628108d286-140459645536064", "trial_id": 24, "param_name": "degree", "param_value_internal": 0, "distribution": "{\"name\": \"CategoricalDistribution\", \"attributes\": {\"choices\": [0]}}"}
{"op_code": 8, "worker_id": "4423d596-ea0d-4b68-8695-60628108d286-140459645536064", "trial_id": 24, "user_attr": {"best_epoch": 0}}
{"op_code": 8, "worker_id": "4423d596-ea0d-4b68-8695-60628108d286-140459645536064", "trial_id": 24, "user_attr": {"test_loss": 0.4451255524213463}}
{"op_code": 6, "worker_id": "4423d596-ea0d-4b68-8695-60628108d286-140459645536064", "trial_id": 24, "state": 1, "values": [0.44502172236472076], "datetime_complete": "2024-08-20T20:14:14.181551"}
{"op_code": 4, "worker_id": "4423d596-ea0d-4b68-8695-60628108d286-140459645536064", "study_id": 0, "datetime_start": "2024-08-20T20:14:14.198451"}
{"op_code": 5, "worker_id": "4423d596-ea0d-4b68-8695-60628108d286-140459645536064", "trial_id": 25, "param_name": "lr", "param_value_internal": 9.928903358897827e-05, "distribution": "{\"name\": \"FloatDistribution\", \"attributes\": {\"step\": null, \"low\": 1e-05, \"high\": 0.001, \"log\": true}}"}
{"op_code": 5, "worker_id": "4423d596-ea0d-4b68-8695-60628108d286-140459645536064", "trial_id": 25, "param_name": "l2reg", "param_value_internal": 3.1670240232097774e-06, "distribution": "{\"name\": \"FloatDistribution\", \"attributes\": {\"step\": null, \"low\": 1e-08, \"high\": 0.001, \"log\": true}}"}
{"op_code": 5, "worker_id": "4423d596-ea0d-4b68-8695-60628108d286-140459645536064", "trial_id": 25, "param_name": "random_seed", "param_value_internal": 0, "distribution": "{\"name\": \"CategoricalDistribution\", \"attributes\": {\"choices\": [42]}}"}
{"op_code": 5, "worker_id": "4423d596-ea0d-4b68-8695-60628108d286-140459645536064", "trial_id": 25, "param_name": "degree", "param_value_internal": 0, "distribution": "{\"name\": \"CategoricalDistribution\", \"attributes\": {\"choices\": [0]}}"}
{"op_code": 8, "worker_id": "4423d596-ea0d-4b68-8695-60628108d286-140459645536064", "trial_id": 25, "user_attr": {"best_epoch": 2}}
{"op_code": 8, "worker_id": "4423d596-ea0d-4b68-8695-60628108d286-140459645536064", "trial_id": 25, "user_attr": {"test_loss": 0.44518063458138724}}
{"op_code": 6, "worker_id": "4423d596-ea0d-4b68-8695-60628108d286-140459645536064", "trial_id": 25, "state": 1, "values": [0.4451217428269222], "datetime_complete": "2024-08-20T20:36:38.486877"}
{"op_code": 4, "worker_id": "4423d596-ea0d-4b68-8695-60628108d286-140459645536064", "study_id": 0, "datetime_start": "2024-08-20T20:36:38.497796"}
{"op_code": 5, "worker_id": "4423d596-ea0d-4b68-8695-60628108d286-140459645536064", "trial_id": 26, "param_name": "lr", "param_value_internal": 0.00019814191647007278, "distribution": "{\"name\": \"FloatDistribution\", \"attributes\": {\"step\": null, \"low\": 1e-05, \"high\": 0.001, \"log\": true}}"}
{"op_code": 5, "worker_id": "4423d596-ea0d-4b68-8695-60628108d286-140459645536064", "trial_id": 26, "param_name": "l2reg", "param_value_internal": 8.932854288429064e-07, "distribution": "{\"name\": \"FloatDistribution\", \"attributes\": {\"step\": null, \"low\": 1e-08, \"high\": 0.001, \"log\": true}}"}
{"op_code": 5, "worker_id": "4423d596-ea0d-4b68-8695-60628108d286-140459645536064", "trial_id": 26, "param_name": "random_seed", "param_value_internal": 0, "distribution": "{\"name\": \"CategoricalDistribution\", \"attributes\": {\"choices\": [42]}}"}
{"op_code": 5, "worker_id": "4423d596-ea0d-4b68-8695-60628108d286-140459645536064", "trial_id": 26, "param_name": "degree", "param_value_internal": 0, "distribution": "{\"name\": \"CategoricalDistribution\", \"attributes\": {\"choices\": [0]}}"}
{"op_code": 8, "worker_id": "4423d596-ea0d-4b68-8695-60628108d286-140459645536064", "trial_id": 26, "user_attr": {"best_epoch": 1}}
{"op_code": 8, "worker_id": "4423d596-ea0d-4b68-8695-60628108d286-140459645536064", "trial_id": 26, "user_attr": {"test_loss": 0.44494147256901156}}
{"op_code": 6, "worker_id": "4423d596-ea0d-4b68-8695-60628108d286-140459645536064", "trial_id": 26, "state": 1, "values": [0.44478699604557415], "datetime_complete": "2024-08-20T20:55:32.024197"}
{"op_code": 4, "worker_id": "4423d596-ea0d-4b68-8695-60628108d286-140459645536064", "study_id": 0, "datetime_start": "2024-08-20T20:55:32.035133"}
{"op_code": 5, "worker_id": "4423d596-ea0d-4b68-8695-60628108d286-140459645536064", "trial_id": 27, "param_name": "lr", "param_value_internal": 6.630439632086536e-05, "distribution": "{\"name\": \"FloatDistribution\", \"attributes\": {\"step\": null, \"low\": 1e-05, \"high\": 0.001, \"log\": true}}"}
{"op_code": 5, "worker_id": "4423d596-ea0d-4b68-8695-60628108d286-140459645536064", "trial_id": 27, "param_name": "l2reg", "param_value_internal": 2.2907474118104886e-05, "distribution": "{\"name\": \"FloatDistribution\", \"attributes\": {\"step\": null, \"low\": 1e-08, \"high\": 0.001, \"log\": true}}"}
{"op_code": 5, "worker_id": "4423d596-ea0d-4b68-8695-60628108d286-140459645536064", "trial_id": 27, "param_name": "random_seed", "param_value_internal": 0, "distribution": "{\"name\": \"CategoricalDistribution\", \"attributes\": {\"choices\": [42]}}"}
{"op_code": 5, "worker_id": "4423d596-ea0d-4b68-8695-60628108d286-140459645536064", "trial_id": 27, "param_name": "degree", "param_value_internal": 0, "distribution": "{\"name\": \"CategoricalDistribution\", \"attributes\": {\"choices\": [0]}}"}
{"op_code": 8, "worker_id": "4423d596-ea0d-4b68-8695-60628108d286-140459645536064", "trial_id": 27, "user_attr": {"best_epoch": 3}}
{"op_code": 8, "worker_id": "4423d596-ea0d-4b68-8695-60628108d286-140459645536064", "trial_id": 27, "user_attr": {"test_loss": 0.44523822543386565}}
{"op_code": 6, "worker_id": "4423d596-ea0d-4b68-8695-60628108d286-140459645536064", "trial_id": 27, "state": 1, "values": [0.4451555919909751], "datetime_complete": "2024-08-20T21:21:25.887314"}
{"op_code": 4, "worker_id": "4423d596-ea0d-4b68-8695-60628108d286-140459645536064", "study_id": 0, "datetime_start": "2024-08-20T21:21:25.895919"}
{"op_code": 5, "worker_id": "4423d596-ea0d-4b68-8695-60628108d286-140459645536064", "trial_id": 28, "param_name": "lr", "param_value_internal": 0.00011258295476637424, "distribution": "{\"name\": \"FloatDistribution\", \"attributes\": {\"step\": null, \"low\": 1e-05, \"high\": 0.001, \"log\": true}}"}
{"op_code": 5, "worker_id": "4423d596-ea0d-4b68-8695-60628108d286-140459645536064", "trial_id": 28, "param_name": "l2reg", "param_value_internal": 0.0004277048424219039, "distribution": "{\"name\": \"FloatDistribution\", \"attributes\": {\"step\": null, \"low\": 1e-08, \"high\": 0.001, \"log\": true}}"}
{"op_code": 5, "worker_id": "4423d596-ea0d-4b68-8695-60628108d286-140459645536064", "trial_id": 28, "param_name": "random_seed", "param_value_internal": 0, "distribution": "{\"name\": \"CategoricalDistribution\", \"attributes\": {\"choices\": [42]}}"}
{"op_code": 5, "worker_id": "4423d596-ea0d-4b68-8695-60628108d286-140459645536064", "trial_id": 28, "param_name": "degree", "param_value_internal": 0, "distribution": "{\"name\": \"CategoricalDistribution\", \"attributes\": {\"choices\": [0]}}"}
{"op_code": 8, "worker_id": "4423d596-ea0d-4b68-8695-60628108d286-140459645536064", "trial_id": 28, "user_attr": {"best_epoch": 1}}
{"op_code": 8, "worker_id": "4423d596-ea0d-4b68-8695-60628108d286-140459645536064", "trial_id": 28, "user_attr": {"test_loss": 0.44507341524807986}}
{"op_code": 6, "worker_id": "4423d596-ea0d-4b68-8695-60628108d286-140459645536064", "trial_id": 28, "state": 1, "values": [0.4449363904763941], "datetime_complete": "2024-08-20T21:40:22.189676"}
{"op_code": 4, "worker_id": "4423d596-ea0d-4b68-8695-60628108d286-140459645536064", "study_id": 0, "datetime_start": "2024-08-20T21:40:22.198332"}
{"op_code": 5, "worker_id": "4423d596-ea0d-4b68-8695-60628108d286-140459645536064", "trial_id": 29, "param_name": "lr", "param_value_internal": 0.00034490591686613586, "distribution": "{\"name\": \"FloatDistribution\", \"attributes\": {\"step\": null, \"low\": 1e-05, \"high\": 0.001, \"log\": true}}"}
{"op_code": 5, "worker_id": "4423d596-ea0d-4b68-8695-60628108d286-140459645536064", "trial_id": 29, "param_name": "l2reg", "param_value_internal": 0.00026965271606799434, "distribution": "{\"name\": \"FloatDistribution\", \"attributes\": {\"step\": null, \"low\": 1e-08, \"high\": 0.001, \"log\": true}}"}
{"op_code": 5, "worker_id": "4423d596-ea0d-4b68-8695-60628108d286-140459645536064", "trial_id": 29, "param_name": "random_seed", "param_value_internal": 0, "distribution": "{\"name\": \"CategoricalDistribution\", \"attributes\": {\"choices\": [42]}}"}
{"op_code": 5, "worker_id": "4423d596-ea0d-4b68-8695-60628108d286-140459645536064", "trial_id": 29, "param_name": "degree", "param_value_internal": 0, "distribution": "{\"name\": \"CategoricalDistribution\", \"attributes\": {\"choices\": [0]}}"}
{"op_code": 8, "worker_id": "4423d596-ea0d-4b68-8695-60628108d286-140459645536064", "trial_id": 29, "user_attr": {"best_epoch": 0}}
{"op_code": 8, "worker_id": "4423d596-ea0d-4b68-8695-60628108d286-140459645536064", "trial_id": 29, "user_attr": {"test_loss": 0.4451720904839551}}
{"op_code": 6, "worker_id": "4423d596-ea0d-4b68-8695-60628108d286-140459645536064", "trial_id": 29, "state": 1, "values": [0.4450604434814945], "datetime_complete": "2024-08-20T21:55:43.222493"}
{"op_code": 4, "worker_id": "4423d596-ea0d-4b68-8695-60628108d286-140459645536064", "study_id": 0, "datetime_start": "2024-08-20T21:55:43.231247"}
{"op_code": 5, "worker_id": "4423d596-ea0d-4b68-8695-60628108d286-140459645536064", "trial_id": 30, "param_name": "lr", "param_value_internal": 5.1245101515886946e-05, "distribution": "{\"name\": \"FloatDistribution\", \"attributes\": {\"step\": null, \"low\": 1e-05, \"high\": 0.001, \"log\": true}}"}
{"op_code": 5, "worker_id": "4423d596-ea0d-4b68-8695-60628108d286-140459645536064", "trial_id": 30, "param_name": "l2reg", "param_value_internal": 4.525016339582631e-06, "distribution": "{\"name\": \"FloatDistribution\", \"attributes\": {\"step\": null, \"low\": 1e-08, \"high\": 0.001, \"log\": true}}"}
{"op_code": 5, "worker_id": "4423d596-ea0d-4b68-8695-60628108d286-140459645536064", "trial_id": 30, "param_name": "random_seed", "param_value_internal": 0, "distribution": "{\"name\": \"CategoricalDistribution\", \"attributes\": {\"choices\": [42]}}"}
{"op_code": 5, "worker_id": "4423d596-ea0d-4b68-8695-60628108d286-140459645536064", "trial_id": 30, "param_name": "degree", "param_value_internal": 0, "distribution": "{\"name\": \"CategoricalDistribution\", \"attributes\": {\"choices\": [0]}}"}
{"op_code": 8, "worker_id": "4423d596-ea0d-4b68-8695-60628108d286-140459645536064", "trial_id": 30, "user_attr": {"best_epoch": 4}}
{"op_code": 8, "worker_id": "4423d596-ea0d-4b68-8695-60628108d286-140459645536064", "trial_id": 30, "user_attr": {"test_loss": 0.44546404411110263}}
{"op_code": 6, "worker_id": "4423d596-ea0d-4b68-8695-60628108d286-140459645536064", "trial_id": 30, "state": 1, "values": [0.4454031526333341], "datetime_complete": "2024-08-20T22:25:03.043590"}
{"op_code": 4, "worker_id": "4423d596-ea0d-4b68-8695-60628108d286-140459645536064", "study_id": 0, "datetime_start": "2024-08-20T22:25:03.055692"}
{"op_code": 5, "worker_id": "4423d596-ea0d-4b68-8695-60628108d286-140459645536064", "trial_id": 31, "param_name": "lr", "param_value_internal": 0.00015761829196766328, "distribution": "{\"name\": \"FloatDistribution\", \"attributes\": {\"step\": null, \"low\": 1e-05, \"high\": 0.001, \"log\": true}}"}
{"op_code": 5, "worker_id": "4423d596-ea0d-4b68-8695-60628108d286-140459645536064", "trial_id": 31, "param_name": "l2reg", "param_value_internal": 8.908989409205168e-05, "distribution": "{\"name\": \"FloatDistribution\", \"attributes\": {\"step\": null, \"low\": 1e-08, \"high\": 0.001, \"log\": true}}"}
{"op_code": 5, "worker_id": "4423d596-ea0d-4b68-8695-60628108d286-140459645536064", "trial_id": 31, "param_name": "random_seed", "param_value_internal": 0, "distribution": "{\"name\": \"CategoricalDistribution\", \"attributes\": {\"choices\": [42]}}"}
{"op_code": 5, "worker_id": "4423d596-ea0d-4b68-8695-60628108d286-140459645536064", "trial_id": 31, "param_name": "degree", "param_value_internal": 0, "distribution": "{\"name\": \"CategoricalDistribution\", \"attributes\": {\"choices\": [0]}}"}
{"op_code": 8, "worker_id": "4423d596-ea0d-4b68-8695-60628108d286-140459645536064", "trial_id": 31, "user_attr": {"best_epoch": 1}}
{"op_code": 8, "worker_id": "4423d596-ea0d-4b68-8695-60628108d286-140459645536064", "trial_id": 31, "user_attr": {"test_loss": 0.4446827500271957}}
{"op_code": 6, "worker_id": "4423d596-ea0d-4b68-8695-60628108d286-140459645536064", "trial_id": 31, "state": 1, "values": [0.4445410351488847], "datetime_complete": "2024-08-20T22:43:54.087155"}
{"op_code": 4, "worker_id": "4423d596-ea0d-4b68-8695-60628108d286-140459645536064", "study_id": 0, "datetime_start": "2024-08-20T22:43:54.096889"}
{"op_code": 5, "worker_id": "4423d596-ea0d-4b68-8695-60628108d286-140459645536064", "trial_id": 32, "param_name": "lr", "param_value_internal": 0.0002405593988563354, "distribution": "{\"name\": \"FloatDistribution\", \"attributes\": {\"step\": null, \"low\": 1e-05, \"high\": 0.001, \"log\": true}}"}
{"op_code": 5, "worker_id": "4423d596-ea0d-4b68-8695-60628108d286-140459645536064", "trial_id": 32, "param_name": "l2reg", "param_value_internal": 0.00011294309297800596, "distribution": "{\"name\": \"FloatDistribution\", \"attributes\": {\"step\": null, \"low\": 1e-08, \"high\": 0.001, \"log\": true}}"}
{"op_code": 5, "worker_id": "4423d596-ea0d-4b68-8695-60628108d286-140459645536064", "trial_id": 32, "param_name": "random_seed", "param_value_internal": 0, "distribution": "{\"name\": \"CategoricalDistribution\", \"attributes\": {\"choices\": [42]}}"}
{"op_code": 5, "worker_id": "4423d596-ea0d-4b68-8695-60628108d286-140459645536064", "trial_id": 32, "param_name": "degree", "param_value_internal": 0, "distribution": "{\"name\": \"CategoricalDistribution\", \"attributes\": {\"choices\": [0]}}"}
{"op_code": 8, "worker_id": "4423d596-ea0d-4b68-8695-60628108d286-140459645536064", "trial_id": 32, "user_attr": {"best_epoch": 1}}
{"op_code": 8, "worker_id": "4423d596-ea0d-4b68-8695-60628108d286-140459645536064", "trial_id": 32, "user_attr": {"test_loss": 0.44539896353917313}}
{"op_code": 6, "worker_id": "4423d596-ea0d-4b68-8695-60628108d286-140459645536064", "trial_id": 32, "state": 1, "values": [0.44520994698588284], "datetime_complete": "2024-08-20T23:02:40.149461"}
{"op_code": 4, "worker_id": "4423d596-ea0d-4b68-8695-60628108d286-140459645536064", "study_id": 0, "datetime_start": "2024-08-20T23:02:40.161638"}
{"op_code": 5, "worker_id": "4423d596-ea0d-4b68-8695-60628108d286-140459645536064", "trial_id": 33, "param_name": "lr", "param_value_internal": 0.00015474359998875884, "distribution": "{\"name\": \"FloatDistribution\", \"attributes\": {\"step\": null, \"low\": 1e-05, \"high\": 0.001, \"log\": true}}"}
{"op_code": 5, "worker_id": "4423d596-ea0d-4b68-8695-60628108d286-140459645536064", "trial_id": 33, "param_name": "l2reg", "param_value_internal": 2.2662321531784976e-05, "distribution": "{\"name\": \"FloatDistribution\", \"attributes\": {\"step\": null, \"low\": 1e-08, \"high\": 0.001, \"log\": true}}"}
{"op_code": 5, "worker_id": "4423d596-ea0d-4b68-8695-60628108d286-140459645536064", "trial_id": 33, "param_name": "random_seed", "param_value_internal": 0, "distribution": "{\"name\": \"CategoricalDistribution\", \"attributes\": {\"choices\": [42]}}"}
{"op_code": 5, "worker_id": "4423d596-ea0d-4b68-8695-60628108d286-140459645536064", "trial_id": 33, "param_name": "degree", "param_value_internal": 0, "distribution": "{\"name\": \"CategoricalDistribution\", \"attributes\": {\"choices\": [0]}}"}
{"op_code": 8, "worker_id": "4423d596-ea0d-4b68-8695-60628108d286-140459645536064", "trial_id": 33, "user_attr": {"best_epoch": 1}}
{"op_code": 8, "worker_id": "4423d596-ea0d-4b68-8695-60628108d286-140459645536064", "trial_id": 33, "user_attr": {"test_loss": 0.4446797323246984}}
{"op_code": 6, "worker_id": "4423d596-ea0d-4b68-8695-60628108d286-140459645536064", "trial_id": 33, "state": 1, "values": [0.4445380538046824], "datetime_complete": "2024-08-20T23:21:30.025164"}
{"op_code": 4, "worker_id": "4423d596-ea0d-4b68-8695-60628108d286-140459645536064", "study_id": 0, "datetime_start": "2024-08-20T23:21:30.034560"}
{"op_code": 5, "worker_id": "4423d596-ea0d-4b68-8695-60628108d286-140459645536064", "trial_id": 34, "param_name": "lr", "param_value_internal": 9.25898004131191e-05, "distribution": "{\"name\": \"FloatDistribution\", \"attributes\": {\"step\": null, \"low\": 1e-05, \"high\": 0.001, \"log\": true}}"}
{"op_code": 5, "worker_id": "4423d596-ea0d-4b68-8695-60628108d286-140459645536064", "trial_id": 34, "param_name": "l2reg", "param_value_internal": 8.23579750743428e-06, "distribution": "{\"name\": \"FloatDistribution\", \"attributes\": {\"step\": null, \"low\": 1e-08, \"high\": 0.001, \"log\": true}}"}
{"op_code": 5, "worker_id": "4423d596-ea0d-4b68-8695-60628108d286-140459645536064", "trial_id": 34, "param_name": "random_seed", "param_value_internal": 0, "distribution": "{\"name\": \"CategoricalDistribution\", \"attributes\": {\"choices\": [42]}}"}
{"op_code": 5, "worker_id": "4423d596-ea0d-4b68-8695-60628108d286-140459645536064", "trial_id": 34, "param_name": "degree", "param_value_internal": 0, "distribution": "{\"name\": \"CategoricalDistribution\", \"attributes\": {\"choices\": [0]}}"}
{"op_code": 8, "worker_id": "4423d596-ea0d-4b68-8695-60628108d286-140459645536064", "trial_id": 34, "user_attr": {"best_epoch": 2}}
{"op_code": 8, "worker_id": "4423d596-ea0d-4b68-8695-60628108d286-140459645536064", "trial_id": 34, "user_attr": {"test_loss": 0.4451106093403055}}
{"op_code": 6, "worker_id": "4423d596-ea0d-4b68-8695-60628108d286-140459645536064", "trial_id": 34, "state": 1, "values": [0.445053935425248], "datetime_complete": "2024-08-20T23:43:53.422948"}
{"op_code": 4, "worker_id": "4423d596-ea0d-4b68-8695-60628108d286-140459645536064", "study_id": 0, "datetime_start": "2024-08-20T23:43:53.432983"}
{"op_code": 5, "worker_id": "4423d596-ea0d-4b68-8695-60628108d286-140459645536064", "trial_id": 35, "param_name": "lr", "param_value_internal": 0.0005635698940113372, "distribution": "{\"name\": \"FloatDistribution\", \"attributes\": {\"step\": null, \"low\": 1e-05, \"high\": 0.001, \"log\": true}}"}
{"op_code": 5, "worker_id": "4423d596-ea0d-4b68-8695-60628108d286-140459645536064", "trial_id": 35, "param_name": "l2reg", "param_value_internal": 1.9777788469367542e-05, "distribution": "{\"name\": \"FloatDistribution\", \"attributes\": {\"step\": null, \"low\": 1e-08, \"high\": 0.001, \"log\": true}}"}
{"op_code": 5, "worker_id": "4423d596-ea0d-4b68-8695-60628108d286-140459645536064", "trial_id": 35, "param_name": "random_seed", "param_value_internal": 0, "distribution": "{\"name\": \"CategoricalDistribution\", \"attributes\": {\"choices\": [42]}}"}
{"op_code": 5, "worker_id": "4423d596-ea0d-4b68-8695-60628108d286-140459645536064", "trial_id": 35, "param_name": "degree", "param_value_internal": 0, "distribution": "{\"name\": \"CategoricalDistribution\", \"attributes\": {\"choices\": [0]}}"}
{"op_code": 8, "worker_id": "4423d596-ea0d-4b68-8695-60628108d286-140459645536064", "trial_id": 35, "user_attr": {"best_epoch": 0}}
{"op_code": 8, "worker_id": "4423d596-ea0d-4b68-8695-60628108d286-140459645536064", "trial_id": 35, "user_attr": {"test_loss": 0.44514642183379743}}
{"op_code": 6, "worker_id": "4423d596-ea0d-4b68-8695-60628108d286-140459645536064", "trial_id": 35, "state": 1, "values": [0.44505535338163693], "datetime_complete": "2024-08-20T23:59:20.314235"}
{"op_code": 4, "worker_id": "4423d596-ea0d-4b68-8695-60628108d286-140459645536064", "study_id": 0, "datetime_start": "2024-08-20T23:59:20.330605"}
{"op_code": 5, "worker_id": "4423d596-ea0d-4b68-8695-60628108d286-140459645536064", "trial_id": 36, "param_name": "lr", "param_value_internal": 0.0002193260843592441, "distribution": "{\"name\": \"FloatDistribution\", \"attributes\": {\"step\": null, \"low\": 1e-05, \"high\": 0.001, \"log\": true}}"}
{"op_code": 5, "worker_id": "4423d596-ea0d-4b68-8695-60628108d286-140459645536064", "trial_id": 36, "param_name": "l2reg", "param_value_internal": 7.905808261806324e-05, "distribution": "{\"name\": \"FloatDistribution\", \"attributes\": {\"step\": null, \"low\": 1e-08, \"high\": 0.001, \"log\": true}}"}
{"op_code": 5, "worker_id": "4423d596-ea0d-4b68-8695-60628108d286-140459645536064", "trial_id": 36, "param_name": "random_seed", "param_value_internal": 0, "distribution": "{\"name\": \"CategoricalDistribution\", \"attributes\": {\"choices\": [42]}}"}
{"op_code": 5, "worker_id": "4423d596-ea0d-4b68-8695-60628108d286-140459645536064", "trial_id": 36, "param_name": "degree", "param_value_internal": 0, "distribution": "{\"name\": \"CategoricalDistribution\", \"attributes\": {\"choices\": [0]}}"}
{"op_code": 8, "worker_id": "4423d596-ea0d-4b68-8695-60628108d286-140459645536064", "trial_id": 36, "user_attr": {"best_epoch": 1}}
{"op_code": 8, "worker_id": "4423d596-ea0d-4b68-8695-60628108d286-140459645536064", "trial_id": 36, "user_attr": {"test_loss": 0.4451672912462486}}
{"op_code": 6, "worker_id": "4423d596-ea0d-4b68-8695-60628108d286-140459645536064", "trial_id": 36, "state": 1, "values": [0.44499394496264083], "datetime_complete": "2024-08-21T00:18:17.687821"}
{"op_code": 4, "worker_id": "4423d596-ea0d-4b68-8695-60628108d286-140459645536064", "study_id": 0, "datetime_start": "2024-08-21T00:18:17.696895"}
{"op_code": 5, "worker_id": "4423d596-ea0d-4b68-8695-60628108d286-140459645536064", "trial_id": 37, "param_name": "lr", "param_value_internal": 0.00032520640044379437, "distribution": "{\"name\": \"FloatDistribution\", \"attributes\": {\"step\": null, \"low\": 1e-05, \"high\": 0.001, \"log\": true}}"}
{"op_code": 5, "worker_id": "4423d596-ea0d-4b68-8695-60628108d286-140459645536064", "trial_id": 37, "param_name": "l2reg", "param_value_internal": 6.483610894248069e-06, "distribution": "{\"name\": \"FloatDistribution\", \"attributes\": {\"step\": null, \"low\": 1e-08, \"high\": 0.001, \"log\": true}}"}
{"op_code": 5, "worker_id": "4423d596-ea0d-4b68-8695-60628108d286-140459645536064", "trial_id": 37, "param_name": "random_seed", "param_value_internal": 0, "distribution": "{\"name\": \"CategoricalDistribution\", \"attributes\": {\"choices\": [42]}}"}
{"op_code": 5, "worker_id": "4423d596-ea0d-4b68-8695-60628108d286-140459645536064", "trial_id": 37, "param_name": "degree", "param_value_internal": 0, "distribution": "{\"name\": \"CategoricalDistribution\", \"attributes\": {\"choices\": [0]}}"}
{"op_code": 8, "worker_id": "4423d596-ea0d-4b68-8695-60628108d286-140459645536064", "trial_id": 37, "user_attr": {"best_epoch": 0}}
{"op_code": 8, "worker_id": "4423d596-ea0d-4b68-8695-60628108d286-140459645536064", "trial_id": 37, "user_attr": {"test_loss": 0.4452166652220476}}
{"op_code": 6, "worker_id": "4423d596-ea0d-4b68-8695-60628108d286-140459645536064", "trial_id": 37, "state": 1, "values": [0.44510203686890215], "datetime_complete": "2024-08-21T00:33:43.895435"}
{"op_code": 4, "worker_id": "4423d596-ea0d-4b68-8695-60628108d286-140459645536064", "study_id": 0, "datetime_start": "2024-08-21T00:33:43.904007"}
{"op_code": 5, "worker_id": "4423d596-ea0d-4b68-8695-60628108d286-140459645536064", "trial_id": 38, "param_name": "lr", "param_value_internal": 3.434761780559613e-05, "distribution": "{\"name\": \"FloatDistribution\", \"attributes\": {\"step\": null, \"low\": 1e-05, \"high\": 0.001, \"log\": true}}"}
{"op_code": 5, "worker_id": "4423d596-ea0d-4b68-8695-60628108d286-140459645536064", "trial_id": 38, "param_name": "l2reg", "param_value_internal": 0.0003423673294088784, "distribution": "{\"name\": \"FloatDistribution\", \"attributes\": {\"step\": null, \"low\": 1e-08, \"high\": 0.001, \"log\": true}}"}
{"op_code": 5, "worker_id": "4423d596-ea0d-4b68-8695-60628108d286-140459645536064", "trial_id": 38, "param_name": "random_seed", "param_value_internal": 0, "distribution": "{\"name\": \"CategoricalDistribution\", \"attributes\": {\"choices\": [42]}}"}
{"op_code": 5, "worker_id": "4423d596-ea0d-4b68-8695-60628108d286-140459645536064", "trial_id": 38, "param_name": "degree", "param_value_internal": 0, "distribution": "{\"name\": \"CategoricalDistribution\", \"attributes\": {\"choices\": [0]}}"}
{"op_code": 8, "worker_id": "4423d596-ea0d-4b68-8695-60628108d286-140459645536064", "trial_id": 38, "user_attr": {"best_epoch": 6}}
{"op_code": 8, "worker_id": "4423d596-ea0d-4b68-8695-60628108d286-140459645536064", "trial_id": 38, "user_attr": {"test_loss": 0.44563616222703245}}
{"op_code": 6, "worker_id": "4423d596-ea0d-4b68-8695-60628108d286-140459645536064", "trial_id": 38, "state": 1, "values": [0.44557218030646184], "datetime_complete": "2024-08-21T01:10:03.126275"}
{"op_code": 4, "worker_id": "4423d596-ea0d-4b68-8695-60628108d286-140459645536064", "study_id": 0, "datetime_start": "2024-08-21T01:10:03.136377"}
{"op_code": 5, "worker_id": "4423d596-ea0d-4b68-8695-60628108d286-140459645536064", "trial_id": 39, "param_name": "lr", "param_value_internal": 0.000148145861735993, "distribution": "{\"name\": \"FloatDistribution\", \"attributes\": {\"step\": null, \"low\": 1e-05, \"high\": 0.001, \"log\": true}}"}
{"op_code": 5, "worker_id": "4423d596-ea0d-4b68-8695-60628108d286-140459645536064", "trial_id": 39, "param_name": "l2reg", "param_value_internal": 2.3727712063236962e-05, "distribution": "{\"name\": \"FloatDistribution\", \"attributes\": {\"step\": null, \"low\": 1e-08, \"high\": 0.001, \"log\": true}}"}
{"op_code": 5, "worker_id": "4423d596-ea0d-4b68-8695-60628108d286-140459645536064", "trial_id": 39, "param_name": "random_seed", "param_value_internal": 0, "distribution": "{\"name\": \"CategoricalDistribution\", \"attributes\": {\"choices\": [42]}}"}
{"op_code": 5, "worker_id": "4423d596-ea0d-4b68-8695-60628108d286-140459645536064", "trial_id": 39, "param_name": "degree", "param_value_internal": 0, "distribution": "{\"name\": \"CategoricalDistribution\", \"attributes\": {\"choices\": [0]}}"}
{"op_code": 8, "worker_id": "4423d596-ea0d-4b68-8695-60628108d286-140459645536064", "trial_id": 39, "user_attr": {"best_epoch": 1}}
{"op_code": 8, "worker_id": "4423d596-ea0d-4b68-8695-60628108d286-140459645536064", "trial_id": 39, "user_attr": {"test_loss": 0.4446833317529783}}
{"op_code": 6, "worker_id": "4423d596-ea0d-4b68-8695-60628108d286-140459645536064", "trial_id": 39, "state": 1, "values": [0.4445428893995471], "datetime_complete": "2024-08-21T01:28:58.211285"}
{"op_code": 4, "worker_id": "4423d596-ea0d-4b68-8695-60628108d286-140459645536064", "study_id": 0, "datetime_start": "2024-08-21T01:28:58.220976"}
{"op_code": 5, "worker_id": "4423d596-ea0d-4b68-8695-60628108d286-140459645536064", "trial_id": 40, "param_name": "lr", "param_value_internal": 7.598279847183567e-05, "distribution": "{\"name\": \"FloatDistribution\", \"attributes\": {\"step\": null, \"low\": 1e-05, \"high\": 0.001, \"log\": true}}"}
{"op_code": 5, "worker_id": "4423d596-ea0d-4b68-8695-60628108d286-140459645536064", "trial_id": 40, "param_name": "l2reg", "param_value_internal": 0.0007078110070356311, "distribution": "{\"name\": \"FloatDistribution\", \"attributes\": {\"step\": null, \"low\": 1e-08, \"high\": 0.001, \"log\": true}}"}
{"op_code": 5, "worker_id": "4423d596-ea0d-4b68-8695-60628108d286-140459645536064", "trial_id": 40, "param_name": "random_seed", "param_value_internal": 0, "distribution": "{\"name\": \"CategoricalDistribution\", \"attributes\": {\"choices\": [42]}}"}
{"op_code": 5, "worker_id": "4423d596-ea0d-4b68-8695-60628108d286-140459645536064", "trial_id": 40, "param_name": "degree", "param_value_internal": 0, "distribution": "{\"name\": \"CategoricalDistribution\", \"attributes\": {\"choices\": [0]}}"}
{"op_code": 8, "worker_id": "4423d596-ea0d-4b68-8695-60628108d286-140459645536064", "trial_id": 40, "user_attr": {"best_epoch": 2}}
{"op_code": 8, "worker_id": "4423d596-ea0d-4b68-8695-60628108d286-140459645536064", "trial_id": 40, "user_attr": {"test_loss": 0.4452261546238765}}
{"op_code": 6, "worker_id": "4423d596-ea0d-4b68-8695-60628108d286-140459645536064", "trial_id": 40, "state": 1, "values": [0.4451691534713099], "datetime_complete": "2024-08-21T01:51:22.327592"}
{"op_code": 4, "worker_id": "4423d596-ea0d-4b68-8695-60628108d286-140459645536064", "study_id": 0, "datetime_start": "2024-08-21T01:51:22.338041"}
{"op_code": 5, "worker_id": "4423d596-ea0d-4b68-8695-60628108d286-140459645536064", "trial_id": 41, "param_name": "lr", "param_value_internal": 0.00013422339573527028, "distribution": "{\"name\": \"FloatDistribution\", \"attributes\": {\"step\": null, \"low\": 1e-05, \"high\": 0.001, \"log\": true}}"}
{"op_code": 5, "worker_id": "4423d596-ea0d-4b68-8695-60628108d286-140459645536064", "trial_id": 41, "param_name": "l2reg", "param_value_internal": 2.068744375776964e-05, "distribution": "{\"name\": \"FloatDistribution\", \"attributes\": {\"step\": null, \"low\": 1e-08, \"high\": 0.001, \"log\": true}}"}
{"op_code": 5, "worker_id": "4423d596-ea0d-4b68-8695-60628108d286-140459645536064", "trial_id": 41, "param_name": "random_seed", "param_value_internal": 0, "distribution": "{\"name\": \"CategoricalDistribution\", \"attributes\": {\"choices\": [42]}}"}
{"op_code": 5, "worker_id": "4423d596-ea0d-4b68-8695-60628108d286-140459645536064", "trial_id": 41, "param_name": "degree", "param_value_internal": 0, "distribution": "{\"name\": \"CategoricalDistribution\", \"attributes\": {\"choices\": [0]}}"}
{"op_code": 8, "worker_id": "4423d596-ea0d-4b68-8695-60628108d286-140459645536064", "trial_id": 41, "user_attr": {"best_epoch": 1}}
{"op_code": 8, "worker_id": "4423d596-ea0d-4b68-8695-60628108d286-140459645536064", "trial_id": 41, "user_attr": {"test_loss": 0.44475030293370127}}
{"op_code": 6, "worker_id": "4423d596-ea0d-4b68-8695-60628108d286-140459645536064", "trial_id": 41, "state": 1, "values": [0.4446124783361714], "datetime_complete": "2024-08-21T02:10:16.700400"}
{"op_code": 4, "worker_id": "4423d596-ea0d-4b68-8695-60628108d286-140459645536064", "study_id": 0, "datetime_start": "2024-08-21T02:10:16.710760"}
{"op_code": 5, "worker_id": "4423d596-ea0d-4b68-8695-60628108d286-140459645536064", "trial_id": 42, "param_name": "lr", "param_value_internal": 0.00017159564962274774, "distribution": "{\"name\": \"FloatDistribution\", \"attributes\": {\"step\": null, \"low\": 1e-05, \"high\": 0.001, \"log\": true}}"}
{"op_code": 5, "worker_id": "4423d596-ea0d-4b68-8695-60628108d286-140459645536064", "trial_id": 42, "param_name": "l2reg", "param_value_internal": 7.649897248318626e-05, "distribution": "{\"name\": \"FloatDistribution\", \"attributes\": {\"step\": null, \"low\": 1e-08, \"high\": 0.001, \"log\": true}}"}
{"op_code": 5, "worker_id": "4423d596-ea0d-4b68-8695-60628108d286-140459645536064", "trial_id": 42, "param_name": "random_seed", "param_value_internal": 0, "distribution": "{\"name\": \"CategoricalDistribution\", \"attributes\": {\"choices\": [42]}}"}
{"op_code": 5, "worker_id": "4423d596-ea0d-4b68-8695-60628108d286-140459645536064", "trial_id": 42, "param_name": "degree", "param_value_internal": 0, "distribution": "{\"name\": \"CategoricalDistribution\", \"attributes\": {\"choices\": [0]}}"}
{"op_code": 8, "worker_id": "4423d596-ea0d-4b68-8695-60628108d286-140459645536064", "trial_id": 42, "user_attr": {"best_epoch": 1}}
{"op_code": 8, "worker_id": "4423d596-ea0d-4b68-8695-60628108d286-140459645536064", "trial_id": 42, "user_attr": {"test_loss": 0.4447344509061252}}
{"op_code": 6, "worker_id": "4423d596-ea0d-4b68-8695-60628108d286-140459645536064", "trial_id": 42, "state": 1, "values": [0.4445892093082511], "datetime_complete": "2024-08-21T02:29:08.448489"}
{"op_code": 4, "worker_id": "4423d596-ea0d-4b68-8695-60628108d286-140459645536064", "study_id": 0, "datetime_start": "2024-08-21T02:29:08.462654"}
{"op_code": 5, "worker_id": "4423d596-ea0d-4b68-8695-60628108d286-140459645536064", "trial_id": 43, "param_name": "lr", "param_value_internal": 0.00015060407209628457, "distribution": "{\"name\": \"FloatDistribution\", \"attributes\": {\"step\": null, \"low\": 1e-05, \"high\": 0.001, \"log\": true}}"}
{"op_code": 5, "worker_id": "4423d596-ea0d-4b68-8695-60628108d286-140459645536064", "trial_id": 43, "param_name": "l2reg", "param_value_internal": 2.6617498802239892e-05, "distribution": "{\"name\": \"FloatDistribution\", \"attributes\": {\"step\": null, \"low\": 1e-08, \"high\": 0.001, \"log\": true}}"}
{"op_code": 5, "worker_id": "4423d596-ea0d-4b68-8695-60628108d286-140459645536064", "trial_id": 43, "param_name": "random_seed", "param_value_internal": 0, "distribution": "{\"name\": \"CategoricalDistribution\", \"attributes\": {\"choices\": [42]}}"}
{"op_code": 5, "worker_id": "4423d596-ea0d-4b68-8695-60628108d286-140459645536064", "trial_id": 43, "param_name": "degree", "param_value_internal": 0, "distribution": "{\"name\": \"CategoricalDistribution\", \"attributes\": {\"choices\": [0]}}"}
{"op_code": 8, "worker_id": "4423d596-ea0d-4b68-8695-60628108d286-140459645536064", "trial_id": 43, "user_attr": {"best_epoch": 1}}
{"op_code": 8, "worker_id": "4423d596-ea0d-4b68-8695-60628108d286-140459645536064", "trial_id": 43, "user_attr": {"test_loss": 0.44468009590331253}}
{"op_code": 6, "worker_id": "4423d596-ea0d-4b68-8695-60628108d286-140459645536064", "trial_id": 43, "state": 1, "values": [0.44453910818251], "datetime_complete": "2024-08-21T02:47:56.612995"}
{"op_code": 4, "worker_id": "4423d596-ea0d-4b68-8695-60628108d286-140459645536064", "study_id": 0, "datetime_start": "2024-08-21T02:47:56.624126"}
{"op_code": 5, "worker_id": "4423d596-ea0d-4b68-8695-60628108d286-140459645536064", "trial_id": 44, "param_name": "lr", "param_value_internal": 5.97295148120277e-05, "distribution": "{\"name\": \"FloatDistribution\", \"attributes\": {\"step\": null, \"low\": 1e-05, \"high\": 0.001, \"log\": true}}"}
{"op_code": 5, "worker_id": "4423d596-ea0d-4b68-8695-60628108d286-140459645536064", "trial_id": 44, "param_name": "l2reg", "param_value_internal": 0.00021063956416900807, "distribution": "{\"name\": \"FloatDistribution\", \"attributes\": {\"step\": null, \"low\": 1e-08, \"high\": 0.001, \"log\": true}}"}
{"op_code": 5, "worker_id": "4423d596-ea0d-4b68-8695-60628108d286-140459645536064", "trial_id": 44, "param_name": "random_seed", "param_value_internal": 0, "distribution": "{\"name\": \"CategoricalDistribution\", \"attributes\": {\"choices\": [42]}}"}
{"op_code": 5, "worker_id": "4423d596-ea0d-4b68-8695-60628108d286-140459645536064", "trial_id": 44, "param_name": "degree", "param_value_internal": 0, "distribution": "{\"name\": \"CategoricalDistribution\", \"attributes\": {\"choices\": [0]}}"}
{"op_code": 8, "worker_id": "4423d596-ea0d-4b68-8695-60628108d286-140459645536064", "trial_id": 44, "user_attr": {"best_epoch": 3}}
{"op_code": 8, "worker_id": "4423d596-ea0d-4b68-8695-60628108d286-140459645536064", "trial_id": 44, "user_attr": {"test_loss": 0.44527865537575706}}
{"op_code": 6, "worker_id": "4423d596-ea0d-4b68-8695-60628108d286-140459645536064", "trial_id": 44, "state": 1, "values": [0.4451943131077488], "datetime_complete": "2024-08-21T03:13:39.969354"}
{"op_code": 4, "worker_id": "4423d596-ea0d-4b68-8695-60628108d286-140459645536064", "study_id": 0, "datetime_start": "2024-08-21T03:13:39.979017"}
{"op_code": 5, "worker_id": "4423d596-ea0d-4b68-8695-60628108d286-140459645536064", "trial_id": 45, "param_name": "lr", "param_value_internal": 0.00011035539613382821, "distribution": "{\"name\": \"FloatDistribution\", \"attributes\": {\"step\": null, \"low\": 1e-05, \"high\": 0.001, \"log\": true}}"}
{"op_code": 5, "worker_id": "4423d596-ea0d-4b68-8695-60628108d286-140459645536064", "trial_id": 45, "param_name": "l2reg", "param_value_internal": 1.5821827473137625e-06, "distribution": "{\"name\": \"FloatDistribution\", \"attributes\": {\"step\": null, \"low\": 1e-08, \"high\": 0.001, \"log\": true}}"}
{"op_code": 5, "worker_id": "4423d596-ea0d-4b68-8695-60628108d286-140459645536064", "trial_id": 45, "param_name": "random_seed", "param_value_internal": 0, "distribution": "{\"name\": \"CategoricalDistribution\", \"attributes\": {\"choices\": [42]}}"}
{"op_code": 5, "worker_id": "4423d596-ea0d-4b68-8695-60628108d286-140459645536064", "trial_id": 45, "param_name": "degree", "param_value_internal": 0, "distribution": "{\"name\": \"CategoricalDistribution\", \"attributes\": {\"choices\": [0]}}"}
{"op_code": 8, "worker_id": "4423d596-ea0d-4b68-8695-60628108d286-140459645536064", "trial_id": 45, "user_attr": {"best_epoch": 1}}
{"op_code": 8, "worker_id": "4423d596-ea0d-4b68-8695-60628108d286-140459645536064", "trial_id": 45, "user_attr": {"test_loss": 0.4451330421407974}}
{"op_code": 6, "worker_id": "4423d596-ea0d-4b68-8695-60628108d286-140459645536064", "trial_id": 45, "state": 1, "values": [0.4449976171061095], "datetime_complete": "2024-08-21T03:32:22.241091"}
{"op_code": 4, "worker_id": "4423d596-ea0d-4b68-8695-60628108d286-140459645536064", "study_id": 0, "datetime_start": "2024-08-21T03:32:22.257181"}
{"op_code": 5, "worker_id": "4423d596-ea0d-4b68-8695-60628108d286-140459645536064", "trial_id": 46, "param_name": "lr", "param_value_internal": 0.00026971538575575217, "distribution": "{\"name\": \"FloatDistribution\", \"attributes\": {\"step\": null, \"low\": 1e-05, \"high\": 0.001, \"log\": true}}"}
{"op_code": 5, "worker_id": "4423d596-ea0d-4b68-8695-60628108d286-140459645536064", "trial_id": 46, "param_name": "l2reg", "param_value_internal": 6.115556910605808e-06, "distribution": "{\"name\": \"FloatDistribution\", \"attributes\": {\"step\": null, \"low\": 1e-08, \"high\": 0.001, \"log\": true}}"}
{"op_code": 5, "worker_id": "4423d596-ea0d-4b68-8695-60628108d286-140459645536064", "trial_id": 46, "param_name": "random_seed", "param_value_internal": 0, "distribution": "{\"name\": \"CategoricalDistribution\", \"attributes\": {\"choices\": [42]}}"}
{"op_code": 5, "worker_id": "4423d596-ea0d-4b68-8695-60628108d286-140459645536064", "trial_id": 46, "param_name": "degree", "param_value_internal": 0, "distribution": "{\"name\": \"CategoricalDistribution\", \"attributes\": {\"choices\": [0]}}"}
{"op_code": 8, "worker_id": "4423d596-ea0d-4b68-8695-60628108d286-140459645536064", "trial_id": 46, "user_attr": {"best_epoch": 0}}
{"op_code": 8, "worker_id": "4423d596-ea0d-4b68-8695-60628108d286-140459645536064", "trial_id": 46, "user_attr": {"test_loss": 0.44539492781655626}}
{"op_code": 6, "worker_id": "4423d596-ea0d-4b68-8695-60628108d286-140459645536064", "trial_id": 46, "state": 1, "values": [0.4452704828163319], "datetime_complete": "2024-08-21T03:47:35.618853"}
{"op_code": 4, "worker_id": "4423d596-ea0d-4b68-8695-60628108d286-140459645536064", "study_id": 0, "datetime_start": "2024-08-21T03:47:35.630091"}
{"op_code": 5, "worker_id": "4423d596-ea0d-4b68-8695-60628108d286-140459645536064", "trial_id": 47, "param_name": "lr", "param_value_internal": 0.00019703266838078036, "distribution": "{\"name\": \"FloatDistribution\", \"attributes\": {\"step\": null, \"low\": 1e-05, \"high\": 0.001, \"log\": true}}"}
{"op_code": 5, "worker_id": "4423d596-ea0d-4b68-8695-60628108d286-140459645536064", "trial_id": 47, "param_name": "l2reg", "param_value_internal": 6.313277795704753e-05, "distribution": "{\"name\": \"FloatDistribution\", \"attributes\": {\"step\": null, \"low\": 1e-08, \"high\": 0.001, \"log\": true}}"}
{"op_code": 5, "worker_id": "4423d596-ea0d-4b68-8695-60628108d286-140459645536064", "trial_id": 47, "param_name": "random_seed", "param_value_internal": 0, "distribution": "{\"name\": \"CategoricalDistribution\", \"attributes\": {\"choices\": [42]}}"}
{"op_code": 5, "worker_id": "4423d596-ea0d-4b68-8695-60628108d286-140459645536064", "trial_id": 47, "param_name": "degree", "param_value_internal": 0, "distribution": "{\"name\": \"CategoricalDistribution\", \"attributes\": {\"choices\": [0]}}"}
{"op_code": 8, "worker_id": "4423d596-ea0d-4b68-8695-60628108d286-140459645536064", "trial_id": 47, "user_attr": {"best_epoch": 1}}
{"op_code": 8, "worker_id": "4423d596-ea0d-4b68-8695-60628108d286-140459645536064", "trial_id": 47, "user_attr": {"test_loss": 0.4449304924948648}}
{"op_code": 6, "worker_id": "4423d596-ea0d-4b68-8695-60628108d286-140459645536064", "trial_id": 47, "state": 1, "values": [0.4447763795515855], "datetime_complete": "2024-08-21T04:06:14.519662"}
{"op_code": 4, "worker_id": "4423d596-ea0d-4b68-8695-60628108d286-140459645536064", "study_id": 0, "datetime_start": "2024-08-21T04:06:14.528635"}
{"op_code": 5, "worker_id": "4423d596-ea0d-4b68-8695-60628108d286-140459645536064", "trial_id": 48, "param_name": "lr", "param_value_internal": 0.00015928658150220844, "distribution": "{\"name\": \"FloatDistribution\", \"attributes\": {\"step\": null, \"low\": 1e-05, \"high\": 0.001, \"log\": true}}"}
{"op_code": 5, "worker_id": "4423d596-ea0d-4b68-8695-60628108d286-140459645536064", "trial_id": 48, "param_name": "l2reg", "param_value_internal": 0.00012232312902301433, "distribution": "{\"name\": \"FloatDistribution\", \"attributes\": {\"step\": null, \"low\": 1e-08, \"high\": 0.001, \"log\": true}}"}
{"op_code": 5, "worker_id": "4423d596-ea0d-4b68-8695-60628108d286-140459645536064", "trial_id": 48, "param_name": "random_seed", "param_value_internal": 0, "distribution": "{\"name\": \"CategoricalDistribution\", \"attributes\": {\"choices\": [42]}}"}
{"op_code": 5, "worker_id": "4423d596-ea0d-4b68-8695-60628108d286-140459645536064", "trial_id": 48, "param_name": "degree", "param_value_internal": 0, "distribution": "{\"name\": \"CategoricalDistribution\", \"attributes\": {\"choices\": [0]}}"}
{"op_code": 8, "worker_id": "4423d596-ea0d-4b68-8695-60628108d286-140459645536064", "trial_id": 48, "user_attr": {"best_epoch": 1}}
{"op_code": 8, "worker_id": "4423d596-ea0d-4b68-8695-60628108d286-140459645536064", "trial_id": 48, "user_attr": {"test_loss": 0.44468602223472287}}
{"op_code": 6, "worker_id": "4423d596-ea0d-4b68-8695-60628108d286-140459645536064", "trial_id": 48, "state": 1, "values": [0.44454423464022375], "datetime_complete": "2024-08-21T04:24:52.798184"}
{"op_code": 4, "worker_id": "4423d596-ea0d-4b68-8695-60628108d286-140459645536064", "study_id": 0, "datetime_start": "2024-08-21T04:24:52.807202"}
{"op_code": 5, "worker_id": "4423d596-ea0d-4b68-8695-60628108d286-140459645536064", "trial_id": 49, "param_name": "lr", "param_value_internal": 9.19103080777215e-05, "distribution": "{\"name\": \"FloatDistribution\", \"attributes\": {\"step\": null, \"low\": 1e-05, \"high\": 0.001, \"log\": true}}"}
{"op_code": 5, "worker_id": "4423d596-ea0d-4b68-8695-60628108d286-140459645536064", "trial_id": 49, "param_name": "l2reg", "param_value_internal": 3.446575409194793e-05, "distribution": "{\"name\": \"FloatDistribution\", \"attributes\": {\"step\": null, \"low\": 1e-08, \"high\": 0.001, \"log\": true}}"}
{"op_code": 5, "worker_id": "4423d596-ea0d-4b68-8695-60628108d286-140459645536064", "trial_id": 49, "param_name": "random_seed", "param_value_internal": 0, "distribution": "{\"name\": \"CategoricalDistribution\", \"attributes\": {\"choices\": [42]}}"}
{"op_code": 5, "worker_id": "4423d596-ea0d-4b68-8695-60628108d286-140459645536064", "trial_id": 49, "param_name": "degree", "param_value_internal": 0, "distribution": "{\"name\": \"CategoricalDistribution\", \"attributes\": {\"choices\": [0]}}"}
{"op_code": 8, "worker_id": "4423d596-ea0d-4b68-8695-60628108d286-140459645536064", "trial_id": 49, "user_attr": {"best_epoch": 2}}
{"op_code": 8, "worker_id": "4423d596-ea0d-4b68-8695-60628108d286-140459645536064", "trial_id": 49, "user_attr": {"test_loss": 0.445107046269887}}
{"op_code": 6, "worker_id": "4423d596-ea0d-4b68-8695-60628108d286-140459645536064", "trial_id": 49, "state": 1, "values": [0.44504989970321807], "datetime_complete": "2024-08-21T04:46:52.273474"}
