{"op_code": 0, "worker_id": "955ce41c-86e8-424f-b1f7-d91646fac68e-139863738410816", "study_name": "criteo_bins_20", "directions": [1]}
{"op_code": 4, "worker_id": "955ce41c-86e8-424f-b1f7-d91646fac68e-139863738410816", "study_id": 0, "datetime_start": "2024-08-20T09:22:50.719174"}
{"op_code": 5, "worker_id": "955ce41c-86e8-424f-b1f7-d91646fac68e-139863738410816", "trial_id": 0, "param_name": "lr", "param_value_internal": 5.6115164153345e-05, "distribution": "{\"name\": \"FloatDistribution\", \"attributes\": {\"step\": null, \"low\": 1e-05, \"high\": 0.001, \"log\": true}}"}
{"op_code": 5, "worker_id": "955ce41c-86e8-424f-b1f7-d91646fac68e-139863738410816", "trial_id": 0, "param_name": "l2reg", "param_value_internal": 0.0005669849511478851, "distribution": "{\"name\": \"FloatDistribution\", \"attributes\": {\"step\": null, \"low\": 1e-08, \"high\": 0.001, \"log\": true}}"}
{"op_code": 5, "worker_id": "955ce41c-86e8-424f-b1f7-d91646fac68e-139863738410816", "trial_id": 0, "param_name": "random_seed", "param_value_internal": 0, "distribution": "{\"name\": \"CategoricalDistribution\", \"attributes\": {\"choices\": [42]}}"}
{"op_code": 5, "worker_id": "955ce41c-86e8-424f-b1f7-d91646fac68e-139863738410816", "trial_id": 0, "param_name": "degree", "param_value_internal": 0, "distribution": "{\"name\": \"CategoricalDistribution\", \"attributes\": {\"choices\": [0]}}"}
{"op_code": 8, "worker_id": "955ce41c-86e8-424f-b1f7-d91646fac68e-139863738410816", "trial_id": 0, "user_attr": {"best_epoch": 3}}
{"op_code": 8, "worker_id": "955ce41c-86e8-424f-b1f7-d91646fac68e-139863738410816", "trial_id": 0, "user_attr": {"test_loss": 0.44551530869569517}}
{"op_code": 6, "worker_id": "955ce41c-86e8-424f-b1f7-d91646fac68e-139863738410816", "trial_id": 0, "state": 1, "values": [0.4454046433054352], "datetime_complete": "2024-08-20T09:48:52.626381"}
{"op_code": 4, "worker_id": "955ce41c-86e8-424f-b1f7-d91646fac68e-139863738410816", "study_id": 0, "datetime_start": "2024-08-20T09:48:52.641104"}
{"op_code": 5, "worker_id": "955ce41c-86e8-424f-b1f7-d91646fac68e-139863738410816", "trial_id": 1, "param_name": "lr", "param_value_internal": 0.000291063591313307, "distribution": "{\"name\": \"FloatDistribution\", \"attributes\": {\"step\": null, \"low\": 1e-05, \"high\": 0.001, \"log\": true}}"}
{"op_code": 5, "worker_id": "955ce41c-86e8-424f-b1f7-d91646fac68e-139863738410816", "trial_id": 1, "param_name": "l2reg", "param_value_internal": 9.846738873614555e-06, "distribution": "{\"name\": \"FloatDistribution\", \"attributes\": {\"step\": null, \"low\": 1e-08, \"high\": 0.001, \"log\": true}}"}
{"op_code": 5, "worker_id": "955ce41c-86e8-424f-b1f7-d91646fac68e-139863738410816", "trial_id": 1, "param_name": "random_seed", "param_value_internal": 0, "distribution": "{\"name\": \"CategoricalDistribution\", \"attributes\": {\"choices\": [42]}}"}
{"op_code": 5, "worker_id": "955ce41c-86e8-424f-b1f7-d91646fac68e-139863738410816", "trial_id": 1, "param_name": "degree", "param_value_internal": 0, "distribution": "{\"name\": \"CategoricalDistribution\", \"attributes\": {\"choices\": [0]}}"}
{"op_code": 8, "worker_id": "955ce41c-86e8-424f-b1f7-d91646fac68e-139863738410816", "trial_id": 1, "user_attr": {"best_epoch": 0}}
{"op_code": 8, "worker_id": "955ce41c-86e8-424f-b1f7-d91646fac68e-139863738410816", "trial_id": 1, "user_attr": {"test_loss": 0.4452737107066049}}
{"op_code": 6, "worker_id": "955ce41c-86e8-424f-b1f7-d91646fac68e-139863738410816", "trial_id": 1, "state": 1, "values": [0.44516602669568317], "datetime_complete": "2024-08-20T10:04:12.995382"}
{"op_code": 4, "worker_id": "955ce41c-86e8-424f-b1f7-d91646fac68e-139863738410816", "study_id": 0, "datetime_start": "2024-08-20T10:04:13.005880"}
{"op_code": 5, "worker_id": "955ce41c-86e8-424f-b1f7-d91646fac68e-139863738410816", "trial_id": 2, "param_name": "lr", "param_value_internal": 2.0513382630874486e-05, "distribution": "{\"name\": \"FloatDistribution\", \"attributes\": {\"step\": null, \"low\": 1e-05, \"high\": 0.001, \"log\": true}}"}
{"op_code": 5, "worker_id": "955ce41c-86e8-424f-b1f7-d91646fac68e-139863738410816", "trial_id": 2, "param_name": "l2reg", "param_value_internal": 6.02521573620385e-08, "distribution": "{\"name\": \"FloatDistribution\", \"attributes\": {\"step\": null, \"low\": 1e-08, \"high\": 0.001, \"log\": true}}"}
{"op_code": 5, "worker_id": "955ce41c-86e8-424f-b1f7-d91646fac68e-139863738410816", "trial_id": 2, "param_name": "random_seed", "param_value_internal": 0, "distribution": "{\"name\": \"CategoricalDistribution\", \"attributes\": {\"choices\": [42]}}"}
{"op_code": 5, "worker_id": "955ce41c-86e8-424f-b1f7-d91646fac68e-139863738410816", "trial_id": 2, "param_name": "degree", "param_value_internal": 0, "distribution": "{\"name\": \"CategoricalDistribution\", \"attributes\": {\"choices\": [0]}}"}
{"op_code": 8, "worker_id": "955ce41c-86e8-424f-b1f7-d91646fac68e-139863738410816", "trial_id": 2, "user_attr": {"best_epoch": 10}}
{"op_code": 8, "worker_id": "955ce41c-86e8-424f-b1f7-d91646fac68e-139863738410816", "trial_id": 2, "user_attr": {"test_loss": 0.44626602581815367}}
{"op_code": 6, "worker_id": "955ce41c-86e8-424f-b1f7-d91646fac68e-139863738410816", "trial_id": 2, "state": 1, "values": [0.44615201539595234], "datetime_complete": "2024-08-20T10:54:26.105622"}
{"op_code": 4, "worker_id": "955ce41c-86e8-424f-b1f7-d91646fac68e-139863738410816", "study_id": 0, "datetime_start": "2024-08-20T10:54:26.115365"}
{"op_code": 5, "worker_id": "955ce41c-86e8-424f-b1f7-d91646fac68e-139863738410816", "trial_id": 3, "param_name": "lr", "param_value_internal": 1.3066739238053272e-05, "distribution": "{\"name\": \"FloatDistribution\", \"attributes\": {\"step\": null, \"low\": 1e-05, \"high\": 0.001, \"log\": true}}"}
{"op_code": 5, "worker_id": "955ce41c-86e8-424f-b1f7-d91646fac68e-139863738410816", "trial_id": 3, "param_name": "l2reg", "param_value_internal": 0.00021423021757741048, "distribution": "{\"name\": \"FloatDistribution\", \"attributes\": {\"step\": null, \"low\": 1e-08, \"high\": 0.001, \"log\": true}}"}
{"op_code": 5, "worker_id": "955ce41c-86e8-424f-b1f7-d91646fac68e-139863738410816", "trial_id": 3, "param_name": "random_seed", "param_value_internal": 0, "distribution": "{\"name\": \"CategoricalDistribution\", \"attributes\": {\"choices\": [42]}}"}
{"op_code": 5, "worker_id": "955ce41c-86e8-424f-b1f7-d91646fac68e-139863738410816", "trial_id": 3, "param_name": "degree", "param_value_internal": 0, "distribution": "{\"name\": \"CategoricalDistribution\", \"attributes\": {\"choices\": [0]}}"}
{"op_code": 8, "worker_id": "955ce41c-86e8-424f-b1f7-d91646fac68e-139863738410816", "trial_id": 3, "user_attr": {"best_epoch": 17}}
{"op_code": 8, "worker_id": "955ce41c-86e8-424f-b1f7-d91646fac68e-139863738410816", "trial_id": 3, "user_attr": {"test_loss": 0.4465134047072087}}
{"op_code": 6, "worker_id": "955ce41c-86e8-424f-b1f7-d91646fac68e-139863738410816", "trial_id": 3, "state": 1, "values": [0.4463760888632542], "datetime_complete": "2024-08-20T12:04:35.403768"}
{"op_code": 4, "worker_id": "955ce41c-86e8-424f-b1f7-d91646fac68e-139863738410816", "study_id": 0, "datetime_start": "2024-08-20T12:04:35.413250"}
{"op_code": 5, "worker_id": "955ce41c-86e8-424f-b1f7-d91646fac68e-139863738410816", "trial_id": 4, "param_name": "lr", "param_value_internal": 0.00015930522616241006, "distribution": "{\"name\": \"FloatDistribution\", \"attributes\": {\"step\": null, \"low\": 1e-05, \"high\": 0.001, \"log\": true}}"}
{"op_code": 5, "worker_id": "955ce41c-86e8-424f-b1f7-d91646fac68e-139863738410816", "trial_id": 4, "param_name": "l2reg", "param_value_internal": 3.47026698865041e-05, "distribution": "{\"name\": \"FloatDistribution\", \"attributes\": {\"step\": null, \"low\": 1e-08, \"high\": 0.001, \"log\": true}}"}
{"op_code": 5, "worker_id": "955ce41c-86e8-424f-b1f7-d91646fac68e-139863738410816", "trial_id": 4, "param_name": "random_seed", "param_value_internal": 0, "distribution": "{\"name\": \"CategoricalDistribution\", \"attributes\": {\"choices\": [42]}}"}
{"op_code": 5, "worker_id": "955ce41c-86e8-424f-b1f7-d91646fac68e-139863738410816", "trial_id": 4, "param_name": "degree", "param_value_internal": 0, "distribution": "{\"name\": \"CategoricalDistribution\", \"attributes\": {\"choices\": [0]}}"}
{"op_code": 8, "worker_id": "955ce41c-86e8-424f-b1f7-d91646fac68e-139863738410816", "trial_id": 4, "user_attr": {"best_epoch": 1}}
{"op_code": 8, "worker_id": "955ce41c-86e8-424f-b1f7-d91646fac68e-139863738410816", "trial_id": 4, "user_attr": {"test_loss": 0.4447440493815382}}
{"op_code": 6, "worker_id": "955ce41c-86e8-424f-b1f7-d91646fac68e-139863738410816", "trial_id": 4, "state": 1, "values": [0.4445952447123679], "datetime_complete": "2024-08-20T12:23:17.420473"}
{"op_code": 4, "worker_id": "955ce41c-86e8-424f-b1f7-d91646fac68e-139863738410816", "study_id": 0, "datetime_start": "2024-08-20T12:23:17.429038"}
{"op_code": 5, "worker_id": "955ce41c-86e8-424f-b1f7-d91646fac68e-139863738410816", "trial_id": 5, "param_name": "lr", "param_value_internal": 1.0994335574766187e-05, "distribution": "{\"name\": \"FloatDistribution\", \"attributes\": {\"step\": null, \"low\": 1e-05, \"high\": 0.001, \"log\": true}}"}
{"op_code": 5, "worker_id": "955ce41c-86e8-424f-b1f7-d91646fac68e-139863738410816", "trial_id": 5, "param_name": "l2reg", "param_value_internal": 0.0007072114131472234, "distribution": "{\"name\": \"FloatDistribution\", \"attributes\": {\"step\": null, \"low\": 1e-08, \"high\": 0.001, \"log\": true}}"}
{"op_code": 5, "worker_id": "955ce41c-86e8-424f-b1f7-d91646fac68e-139863738410816", "trial_id": 5, "param_name": "random_seed", "param_value_internal": 0, "distribution": "{\"name\": \"CategoricalDistribution\", \"attributes\": {\"choices\": [42]}}"}
{"op_code": 5, "worker_id": "955ce41c-86e8-424f-b1f7-d91646fac68e-139863738410816", "trial_id": 5, "param_name": "degree", "param_value_internal": 0, "distribution": "{\"name\": \"CategoricalDistribution\", \"attributes\": {\"choices\": [0]}}"}
{"op_code": 8, "worker_id": "955ce41c-86e8-424f-b1f7-d91646fac68e-139863738410816", "trial_id": 5, "user_attr": {"best_epoch": 19}}
{"op_code": 8, "worker_id": "955ce41c-86e8-424f-b1f7-d91646fac68e-139863738410816", "trial_id": 5, "user_attr": {"test_loss": 0.44660404485571165}}
{"op_code": 6, "worker_id": "955ce41c-86e8-424f-b1f7-d91646fac68e-139863738410816", "trial_id": 5, "state": 1, "values": [0.44648119942531317], "datetime_complete": "2024-08-20T13:35:29.935192"}
{"op_code": 4, "worker_id": "955ce41c-86e8-424f-b1f7-d91646fac68e-139863738410816", "study_id": 0, "datetime_start": "2024-08-20T13:35:29.955628"}
{"op_code": 5, "worker_id": "955ce41c-86e8-424f-b1f7-d91646fac68e-139863738410816", "trial_id": 6, "param_name": "lr", "param_value_internal": 0.000462258900102083, "distribution": "{\"name\": \"FloatDistribution\", \"attributes\": {\"step\": null, \"low\": 1e-05, \"high\": 0.001, \"log\": true}}"}
{"op_code": 5, "worker_id": "955ce41c-86e8-424f-b1f7-d91646fac68e-139863738410816", "trial_id": 6, "param_name": "l2reg", "param_value_internal": 1.1526449540315595e-07, "distribution": "{\"name\": \"FloatDistribution\", \"attributes\": {\"step\": null, \"low\": 1e-08, \"high\": 0.001, \"log\": true}}"}
{"op_code": 5, "worker_id": "955ce41c-86e8-424f-b1f7-d91646fac68e-139863738410816", "trial_id": 6, "param_name": "random_seed", "param_value_internal": 0, "distribution": "{\"name\": \"CategoricalDistribution\", \"attributes\": {\"choices\": [42]}}"}
{"op_code": 5, "worker_id": "955ce41c-86e8-424f-b1f7-d91646fac68e-139863738410816", "trial_id": 6, "param_name": "degree", "param_value_internal": 0, "distribution": "{\"name\": \"CategoricalDistribution\", \"attributes\": {\"choices\": [0]}}"}
{"op_code": 8, "worker_id": "955ce41c-86e8-424f-b1f7-d91646fac68e-139863738410816", "trial_id": 6, "user_attr": {"best_epoch": 0}}
{"op_code": 8, "worker_id": "955ce41c-86e8-424f-b1f7-d91646fac68e-139863738410816", "trial_id": 6, "user_attr": {"test_loss": 0.44507021575627553}}
{"op_code": 6, "worker_id": "955ce41c-86e8-424f-b1f7-d91646fac68e-139863738410816", "trial_id": 6, "state": 1, "values": [0.4450099787771922], "datetime_complete": "2024-08-20T13:51:20.891929"}
{"op_code": 4, "worker_id": "955ce41c-86e8-424f-b1f7-d91646fac68e-139863738410816", "study_id": 0, "datetime_start": "2024-08-20T13:51:20.921039"}
{"op_code": 5, "worker_id": "955ce41c-86e8-424f-b1f7-d91646fac68e-139863738410816", "trial_id": 7, "param_name": "lr", "param_value_internal": 2.3102018878452926e-05, "distribution": "{\"name\": \"FloatDistribution\", \"attributes\": {\"step\": null, \"low\": 1e-05, \"high\": 0.001, \"log\": true}}"}
{"op_code": 5, "worker_id": "955ce41c-86e8-424f-b1f7-d91646fac68e-139863738410816", "trial_id": 7, "param_name": "l2reg", "param_value_internal": 8.260808399079588e-08, "distribution": "{\"name\": \"FloatDistribution\", \"attributes\": {\"step\": null, \"low\": 1e-08, \"high\": 0.001, \"log\": true}}"}
{"op_code": 5, "worker_id": "955ce41c-86e8-424f-b1f7-d91646fac68e-139863738410816", "trial_id": 7, "param_name": "random_seed", "param_value_internal": 0, "distribution": "{\"name\": \"CategoricalDistribution\", \"attributes\": {\"choices\": [42]}}"}
{"op_code": 5, "worker_id": "955ce41c-86e8-424f-b1f7-d91646fac68e-139863738410816", "trial_id": 7, "param_name": "degree", "param_value_internal": 0, "distribution": "{\"name\": \"CategoricalDistribution\", \"attributes\": {\"choices\": [0]}}"}
{"op_code": 8, "worker_id": "955ce41c-86e8-424f-b1f7-d91646fac68e-139863738410816", "trial_id": 7, "user_attr": {"best_epoch": 9}}
{"op_code": 8, "worker_id": "955ce41c-86e8-424f-b1f7-d91646fac68e-139863738410816", "trial_id": 7, "user_attr": {"test_loss": 0.44620007265755024}}
{"op_code": 6, "worker_id": "955ce41c-86e8-424f-b1f7-d91646fac68e-139863738410816", "trial_id": 7, "state": 1, "values": [0.44609020704053887], "datetime_complete": "2024-08-20T14:39:12.154296"}
{"op_code": 4, "worker_id": "955ce41c-86e8-424f-b1f7-d91646fac68e-139863738410816", "study_id": 0, "datetime_start": "2024-08-20T14:39:12.182526"}
{"op_code": 5, "worker_id": "955ce41c-86e8-424f-b1f7-d91646fac68e-139863738410816", "trial_id": 8, "param_name": "lr", "param_value_internal": 4.059611610484306e-05, "distribution": "{\"name\": \"FloatDistribution\", \"attributes\": {\"step\": null, \"low\": 1e-05, \"high\": 0.001, \"log\": true}}"}
{"op_code": 5, "worker_id": "955ce41c-86e8-424f-b1f7-d91646fac68e-139863738410816", "trial_id": 8, "param_name": "l2reg", "param_value_internal": 4.2051564509138674e-06, "distribution": "{\"name\": \"FloatDistribution\", \"attributes\": {\"step\": null, \"low\": 1e-08, \"high\": 0.001, \"log\": true}}"}
{"op_code": 5, "worker_id": "955ce41c-86e8-424f-b1f7-d91646fac68e-139863738410816", "trial_id": 8, "param_name": "random_seed", "param_value_internal": 0, "distribution": "{\"name\": \"CategoricalDistribution\", \"attributes\": {\"choices\": [42]}}"}
{"op_code": 5, "worker_id": "955ce41c-86e8-424f-b1f7-d91646fac68e-139863738410816", "trial_id": 8, "param_name": "degree", "param_value_internal": 0, "distribution": "{\"name\": \"CategoricalDistribution\", \"attributes\": {\"choices\": [0]}}"}
{"op_code": 8, "worker_id": "955ce41c-86e8-424f-b1f7-d91646fac68e-139863738410816", "trial_id": 8, "user_attr": {"best_epoch": 5}}
{"op_code": 8, "worker_id": "955ce41c-86e8-424f-b1f7-d91646fac68e-139863738410816", "trial_id": 8, "user_attr": {"test_loss": 0.44576926835766595}}
{"op_code": 6, "worker_id": "955ce41c-86e8-424f-b1f7-d91646fac68e-139863738410816", "trial_id": 8, "state": 1, "values": [0.44568852544606363], "datetime_complete": "2024-08-20T15:12:08.447966"}
{"op_code": 4, "worker_id": "955ce41c-86e8-424f-b1f7-d91646fac68e-139863738410816", "study_id": 0, "datetime_start": "2024-08-20T15:12:08.461041"}
{"op_code": 5, "worker_id": "955ce41c-86e8-424f-b1f7-d91646fac68e-139863738410816", "trial_id": 9, "param_name": "lr", "param_value_internal": 7.309539835912905e-05, "distribution": "{\"name\": \"FloatDistribution\", \"attributes\": {\"step\": null, \"low\": 1e-05, \"high\": 0.001, \"log\": true}}"}
{"op_code": 5, "worker_id": "955ce41c-86e8-424f-b1f7-d91646fac68e-139863738410816", "trial_id": 9, "param_name": "l2reg", "param_value_internal": 2.8585493941961875e-07, "distribution": "{\"name\": \"FloatDistribution\", \"attributes\": {\"step\": null, \"low\": 1e-08, \"high\": 0.001, \"log\": true}}"}
{"op_code": 5, "worker_id": "955ce41c-86e8-424f-b1f7-d91646fac68e-139863738410816", "trial_id": 9, "param_name": "random_seed", "param_value_internal": 0, "distribution": "{\"name\": \"CategoricalDistribution\", \"attributes\": {\"choices\": [42]}}"}
{"op_code": 5, "worker_id": "955ce41c-86e8-424f-b1f7-d91646fac68e-139863738410816", "trial_id": 9, "param_name": "degree", "param_value_internal": 0, "distribution": "{\"name\": \"CategoricalDistribution\", \"attributes\": {\"choices\": [0]}}"}
{"op_code": 8, "worker_id": "955ce41c-86e8-424f-b1f7-d91646fac68e-139863738410816", "trial_id": 9, "user_attr": {"best_epoch": 3}}
{"op_code": 8, "worker_id": "955ce41c-86e8-424f-b1f7-d91646fac68e-139863738410816", "trial_id": 9, "user_attr": {"test_loss": 0.44538394774240947}}
{"op_code": 6, "worker_id": "955ce41c-86e8-424f-b1f7-d91646fac68e-139863738410816", "trial_id": 9, "state": 1, "values": [0.44525099500544857], "datetime_complete": "2024-08-20T15:37:47.727401"}
{"op_code": 4, "worker_id": "955ce41c-86e8-424f-b1f7-d91646fac68e-139863738410816", "study_id": 0, "datetime_start": "2024-08-20T15:37:47.736196"}
{"op_code": 5, "worker_id": "955ce41c-86e8-424f-b1f7-d91646fac68e-139863738410816", "trial_id": 10, "param_name": "lr", "param_value_internal": 0.00018471184590376964, "distribution": "{\"name\": \"FloatDistribution\", \"attributes\": {\"step\": null, \"low\": 1e-05, \"high\": 0.001, \"log\": true}}"}
{"op_code": 5, "worker_id": "955ce41c-86e8-424f-b1f7-d91646fac68e-139863738410816", "trial_id": 10, "param_name": "l2reg", "param_value_internal": 3.8521646942747446e-05, "distribution": "{\"name\": \"FloatDistribution\", \"attributes\": {\"step\": null, \"low\": 1e-08, \"high\": 0.001, \"log\": true}}"}
{"op_code": 5, "worker_id": "955ce41c-86e8-424f-b1f7-d91646fac68e-139863738410816", "trial_id": 10, "param_name": "random_seed", "param_value_internal": 0, "distribution": "{\"name\": \"CategoricalDistribution\", \"attributes\": {\"choices\": [42]}}"}
{"op_code": 5, "worker_id": "955ce41c-86e8-424f-b1f7-d91646fac68e-139863738410816", "trial_id": 10, "param_name": "degree", "param_value_internal": 0, "distribution": "{\"name\": \"CategoricalDistribution\", \"attributes\": {\"choices\": [0]}}"}
{"op_code": 8, "worker_id": "955ce41c-86e8-424f-b1f7-d91646fac68e-139863738410816", "trial_id": 10, "user_attr": {"best_epoch": 1}}
{"op_code": 8, "worker_id": "955ce41c-86e8-424f-b1f7-d91646fac68e-139863738410816", "trial_id": 10, "user_attr": {"test_loss": 0.4448543954909271}}
{"op_code": 6, "worker_id": "955ce41c-86e8-424f-b1f7-d91646fac68e-139863738410816", "trial_id": 10, "state": 1, "values": [0.4447026458193628], "datetime_complete": "2024-08-20T15:56:24.327790"}
{"op_code": 4, "worker_id": "955ce41c-86e8-424f-b1f7-d91646fac68e-139863738410816", "study_id": 0, "datetime_start": "2024-08-20T15:56:24.339867"}
{"op_code": 5, "worker_id": "955ce41c-86e8-424f-b1f7-d91646fac68e-139863738410816", "trial_id": 11, "param_name": "lr", "param_value_internal": 0.00015320252245209042, "distribution": "{\"name\": \"FloatDistribution\", \"attributes\": {\"step\": null, \"low\": 1e-05, \"high\": 0.001, \"log\": true}}"}
{"op_code": 5, "worker_id": "955ce41c-86e8-424f-b1f7-d91646fac68e-139863738410816", "trial_id": 11, "param_name": "l2reg", "param_value_internal": 4.011123221868182e-05, "distribution": "{\"name\": \"FloatDistribution\", \"attributes\": {\"step\": null, \"low\": 1e-08, \"high\": 0.001, \"log\": true}}"}
{"op_code": 5, "worker_id": "955ce41c-86e8-424f-b1f7-d91646fac68e-139863738410816", "trial_id": 11, "param_name": "random_seed", "param_value_internal": 0, "distribution": "{\"name\": \"CategoricalDistribution\", \"attributes\": {\"choices\": [42]}}"}
{"op_code": 5, "worker_id": "955ce41c-86e8-424f-b1f7-d91646fac68e-139863738410816", "trial_id": 11, "param_name": "degree", "param_value_internal": 0, "distribution": "{\"name\": \"CategoricalDistribution\", \"attributes\": {\"choices\": [0]}}"}
{"op_code": 8, "worker_id": "955ce41c-86e8-424f-b1f7-d91646fac68e-139863738410816", "trial_id": 11, "user_attr": {"best_epoch": 1}}
{"op_code": 8, "worker_id": "955ce41c-86e8-424f-b1f7-d91646fac68e-139863738410816", "trial_id": 11, "user_attr": {"test_loss": 0.4447433949400328}}
{"op_code": 6, "worker_id": "955ce41c-86e8-424f-b1f7-d91646fac68e-139863738410816", "trial_id": 11, "state": 1, "values": [0.44459499020737503], "datetime_complete": "2024-08-20T16:15:15.974499"}
{"op_code": 4, "worker_id": "955ce41c-86e8-424f-b1f7-d91646fac68e-139863738410816", "study_id": 0, "datetime_start": "2024-08-20T16:15:15.983443"}
{"op_code": 5, "worker_id": "955ce41c-86e8-424f-b1f7-d91646fac68e-139863738410816", "trial_id": 12, "param_name": "lr", "param_value_internal": 0.0001458251474269136, "distribution": "{\"name\": \"FloatDistribution\", \"attributes\": {\"step\": null, \"low\": 1e-05, \"high\": 0.001, \"log\": true}}"}
{"op_code": 5, "worker_id": "955ce41c-86e8-424f-b1f7-d91646fac68e-139863738410816", "trial_id": 12, "param_name": "l2reg", "param_value_internal": 4.634380861758262e-05, "distribution": "{\"name\": \"FloatDistribution\", \"attributes\": {\"step\": null, \"low\": 1e-08, \"high\": 0.001, \"log\": true}}"}
{"op_code": 5, "worker_id": "955ce41c-86e8-424f-b1f7-d91646fac68e-139863738410816", "trial_id": 12, "param_name": "random_seed", "param_value_internal": 0, "distribution": "{\"name\": \"CategoricalDistribution\", \"attributes\": {\"choices\": [42]}}"}
{"op_code": 5, "worker_id": "955ce41c-86e8-424f-b1f7-d91646fac68e-139863738410816", "trial_id": 12, "param_name": "degree", "param_value_internal": 0, "distribution": "{\"name\": \"CategoricalDistribution\", \"attributes\": {\"choices\": [0]}}"}
{"op_code": 8, "worker_id": "955ce41c-86e8-424f-b1f7-d91646fac68e-139863738410816", "trial_id": 12, "user_attr": {"best_epoch": 1}}
{"op_code": 8, "worker_id": "955ce41c-86e8-424f-b1f7-d91646fac68e-139863738410816", "trial_id": 12, "user_attr": {"test_loss": 0.4447611375764024}}
{"op_code": 6, "worker_id": "955ce41c-86e8-424f-b1f7-d91646fac68e-139863738410816", "trial_id": 12, "state": 1, "values": [0.44461338728257455], "datetime_complete": "2024-08-20T16:33:57.688992"}
{"op_code": 4, "worker_id": "955ce41c-86e8-424f-b1f7-d91646fac68e-139863738410816", "study_id": 0, "datetime_start": "2024-08-20T16:33:57.699958"}
{"op_code": 5, "worker_id": "955ce41c-86e8-424f-b1f7-d91646fac68e-139863738410816", "trial_id": 13, "param_name": "lr", "param_value_internal": 0.0007344264023066013, "distribution": "{\"name\": \"FloatDistribution\", \"attributes\": {\"step\": null, \"low\": 1e-05, \"high\": 0.001, \"log\": true}}"}
{"op_code": 5, "worker_id": "955ce41c-86e8-424f-b1f7-d91646fac68e-139863738410816", "trial_id": 13, "param_name": "l2reg", "param_value_internal": 9.167785859319847e-07, "distribution": "{\"name\": \"FloatDistribution\", \"attributes\": {\"step\": null, \"low\": 1e-08, \"high\": 0.001, \"log\": true}}"}
{"op_code": 5, "worker_id": "955ce41c-86e8-424f-b1f7-d91646fac68e-139863738410816", "trial_id": 13, "param_name": "random_seed", "param_value_internal": 0, "distribution": "{\"name\": \"CategoricalDistribution\", \"attributes\": {\"choices\": [42]}}"}
{"op_code": 5, "worker_id": "955ce41c-86e8-424f-b1f7-d91646fac68e-139863738410816", "trial_id": 13, "param_name": "degree", "param_value_internal": 0, "distribution": "{\"name\": \"CategoricalDistribution\", \"attributes\": {\"choices\": [0]}}"}
{"op_code": 8, "worker_id": "955ce41c-86e8-424f-b1f7-d91646fac68e-139863738410816", "trial_id": 13, "user_attr": {"best_epoch": 0}}
{"op_code": 8, "worker_id": "955ce41c-86e8-424f-b1f7-d91646fac68e-139863738410816", "trial_id": 13, "user_attr": {"test_loss": 0.44528552701156415}}
{"op_code": 6, "worker_id": "955ce41c-86e8-424f-b1f7-d91646fac68e-139863738410816", "trial_id": 13, "state": 1, "values": [0.445261247920876], "datetime_complete": "2024-08-20T16:49:06.592717"}
{"op_code": 4, "worker_id": "955ce41c-86e8-424f-b1f7-d91646fac68e-139863738410816", "study_id": 0, "datetime_start": "2024-08-20T16:49:06.683221"}
{"op_code": 5, "worker_id": "955ce41c-86e8-424f-b1f7-d91646fac68e-139863738410816", "trial_id": 14, "param_name": "lr", "param_value_internal": 0.00012275891404132035, "distribution": "{\"name\": \"FloatDistribution\", \"attributes\": {\"step\": null, \"low\": 1e-05, \"high\": 0.001, \"log\": true}}"}
{"op_code": 5, "worker_id": "955ce41c-86e8-424f-b1f7-d91646fac68e-139863738410816", "trial_id": 14, "param_name": "l2reg", "param_value_internal": 1.163814228102759e-08, "distribution": "{\"name\": \"FloatDistribution\", \"attributes\": {\"step\": null, \"low\": 1e-08, \"high\": 0.001, \"log\": true}}"}
{"op_code": 5, "worker_id": "955ce41c-86e8-424f-b1f7-d91646fac68e-139863738410816", "trial_id": 14, "param_name": "random_seed", "param_value_internal": 0, "distribution": "{\"name\": \"CategoricalDistribution\", \"attributes\": {\"choices\": [42]}}"}
{"op_code": 5, "worker_id": "955ce41c-86e8-424f-b1f7-d91646fac68e-139863738410816", "trial_id": 14, "param_name": "degree", "param_value_internal": 0, "distribution": "{\"name\": \"CategoricalDistribution\", \"attributes\": {\"choices\": [0]}}"}
{"op_code": 8, "worker_id": "955ce41c-86e8-424f-b1f7-d91646fac68e-139863738410816", "trial_id": 14, "user_attr": {"best_epoch": 1}}
{"op_code": 8, "worker_id": "955ce41c-86e8-424f-b1f7-d91646fac68e-139863738410816", "trial_id": 14, "user_attr": {"test_loss": 0.44498557465490574}}
{"op_code": 6, "worker_id": "955ce41c-86e8-424f-b1f7-d91646fac68e-139863738410816", "trial_id": 14, "state": 1, "values": [0.44484818631743345], "datetime_complete": "2024-08-20T17:07:43.771855"}
{"op_code": 4, "worker_id": "955ce41c-86e8-424f-b1f7-d91646fac68e-139863738410816", "study_id": 0, "datetime_start": "2024-08-20T17:07:43.781191"}
{"op_code": 5, "worker_id": "955ce41c-86e8-424f-b1f7-d91646fac68e-139863738410816", "trial_id": 15, "param_name": "lr", "param_value_internal": 0.0002733762389478881, "distribution": "{\"name\": \"FloatDistribution\", \"attributes\": {\"step\": null, \"low\": 1e-05, \"high\": 0.001, \"log\": true}}"}
{"op_code": 5, "worker_id": "955ce41c-86e8-424f-b1f7-d91646fac68e-139863738410816", "trial_id": 15, "param_name": "l2reg", "param_value_internal": 4.402674821552163e-05, "distribution": "{\"name\": \"FloatDistribution\", \"attributes\": {\"step\": null, \"low\": 1e-08, \"high\": 0.001, \"log\": true}}"}
{"op_code": 5, "worker_id": "955ce41c-86e8-424f-b1f7-d91646fac68e-139863738410816", "trial_id": 15, "param_name": "random_seed", "param_value_internal": 0, "distribution": "{\"name\": \"CategoricalDistribution\", \"attributes\": {\"choices\": [42]}}"}
{"op_code": 5, "worker_id": "955ce41c-86e8-424f-b1f7-d91646fac68e-139863738410816", "trial_id": 15, "param_name": "degree", "param_value_internal": 0, "distribution": "{\"name\": \"CategoricalDistribution\", \"attributes\": {\"choices\": [0]}}"}
{"op_code": 8, "worker_id": "955ce41c-86e8-424f-b1f7-d91646fac68e-139863738410816", "trial_id": 15, "user_attr": {"best_epoch": 0}}
{"op_code": 8, "worker_id": "955ce41c-86e8-424f-b1f7-d91646fac68e-139863738410816", "trial_id": 15, "user_attr": {"test_loss": 0.4453645326444149}}
{"op_code": 6, "worker_id": "955ce41c-86e8-424f-b1f7-d91646fac68e-139863738410816", "trial_id": 15, "state": 1, "values": [0.4452543399282121], "datetime_complete": "2024-08-20T17:22:55.229497"}
{"op_code": 4, "worker_id": "955ce41c-86e8-424f-b1f7-d91646fac68e-139863738410816", "study_id": 0, "datetime_start": "2024-08-20T17:22:55.238418"}
{"op_code": 5, "worker_id": "955ce41c-86e8-424f-b1f7-d91646fac68e-139863738410816", "trial_id": 16, "param_name": "lr", "param_value_internal": 8.407931655574884e-05, "distribution": "{\"name\": \"FloatDistribution\", \"attributes\": {\"step\": null, \"low\": 1e-05, \"high\": 0.001, \"log\": true}}"}
{"op_code": 5, "worker_id": "955ce41c-86e8-424f-b1f7-d91646fac68e-139863738410816", "trial_id": 16, "param_name": "l2reg", "param_value_internal": 1.0143276990934137e-05, "distribution": "{\"name\": \"FloatDistribution\", \"attributes\": {\"step\": null, \"low\": 1e-08, \"high\": 0.001, \"log\": true}}"}
{"op_code": 5, "worker_id": "955ce41c-86e8-424f-b1f7-d91646fac68e-139863738410816", "trial_id": 16, "param_name": "random_seed", "param_value_internal": 0, "distribution": "{\"name\": \"CategoricalDistribution\", \"attributes\": {\"choices\": [42]}}"}
{"op_code": 5, "worker_id": "955ce41c-86e8-424f-b1f7-d91646fac68e-139863738410816", "trial_id": 16, "param_name": "degree", "param_value_internal": 0, "distribution": "{\"name\": \"CategoricalDistribution\", \"attributes\": {\"choices\": [0]}}"}
{"op_code": 8, "worker_id": "955ce41c-86e8-424f-b1f7-d91646fac68e-139863738410816", "trial_id": 16, "user_attr": {"best_epoch": 2}}
{"op_code": 8, "worker_id": "955ce41c-86e8-424f-b1f7-d91646fac68e-139863738410816", "trial_id": 16, "user_attr": {"test_loss": 0.4452536775249662}}
{"op_code": 6, "worker_id": "955ce41c-86e8-424f-b1f7-d91646fac68e-139863738410816", "trial_id": 16, "state": 1, "values": [0.4451501383125563], "datetime_complete": "2024-08-20T17:44:57.088651"}
{"op_code": 4, "worker_id": "955ce41c-86e8-424f-b1f7-d91646fac68e-139863738410816", "study_id": 0, "datetime_start": "2024-08-20T17:44:57.112373"}
{"op_code": 5, "worker_id": "955ce41c-86e8-424f-b1f7-d91646fac68e-139863738410816", "trial_id": 17, "param_name": "lr", "param_value_internal": 0.0009129978603227824, "distribution": "{\"name\": \"FloatDistribution\", \"attributes\": {\"step\": null, \"low\": 1e-05, \"high\": 0.001, \"log\": true}}"}
{"op_code": 5, "worker_id": "955ce41c-86e8-424f-b1f7-d91646fac68e-139863738410816", "trial_id": 17, "param_name": "l2reg", "param_value_internal": 0.00011816826115310131, "distribution": "{\"name\": \"FloatDistribution\", \"attributes\": {\"step\": null, \"low\": 1e-08, \"high\": 0.001, \"log\": true}}"}
{"op_code": 5, "worker_id": "955ce41c-86e8-424f-b1f7-d91646fac68e-139863738410816", "trial_id": 17, "param_name": "random_seed", "param_value_internal": 0, "distribution": "{\"name\": \"CategoricalDistribution\", \"attributes\": {\"choices\": [42]}}"}
{"op_code": 5, "worker_id": "955ce41c-86e8-424f-b1f7-d91646fac68e-139863738410816", "trial_id": 17, "param_name": "degree", "param_value_internal": 0, "distribution": "{\"name\": \"CategoricalDistribution\", \"attributes\": {\"choices\": [0]}}"}
{"op_code": 8, "worker_id": "955ce41c-86e8-424f-b1f7-d91646fac68e-139863738410816", "trial_id": 17, "user_attr": {"best_epoch": 0}}
{"op_code": 8, "worker_id": "955ce41c-86e8-424f-b1f7-d91646fac68e-139863738410816", "trial_id": 17, "user_attr": {"test_loss": 0.4454932394738174}}
{"op_code": 6, "worker_id": "955ce41c-86e8-424f-b1f7-d91646fac68e-139863738410816", "trial_id": 17, "state": 1, "values": [0.4454651427780282], "datetime_complete": "2024-08-20T18:00:16.169457"}
{"op_code": 4, "worker_id": "955ce41c-86e8-424f-b1f7-d91646fac68e-139863738410816", "study_id": 0, "datetime_start": "2024-08-20T18:00:16.183702"}
{"op_code": 5, "worker_id": "955ce41c-86e8-424f-b1f7-d91646fac68e-139863738410816", "trial_id": 18, "param_name": "lr", "param_value_internal": 0.00023976227274240743, "distribution": "{\"name\": \"FloatDistribution\", \"attributes\": {\"step\": null, \"low\": 1e-05, \"high\": 0.001, \"log\": true}}"}
{"op_code": 5, "worker_id": "955ce41c-86e8-424f-b1f7-d91646fac68e-139863738410816", "trial_id": 18, "param_name": "l2reg", "param_value_internal": 1.943488616247948e-06, "distribution": "{\"name\": \"FloatDistribution\", \"attributes\": {\"step\": null, \"low\": 1e-08, \"high\": 0.001, \"log\": true}}"}
{"op_code": 5, "worker_id": "955ce41c-86e8-424f-b1f7-d91646fac68e-139863738410816", "trial_id": 18, "param_name": "random_seed", "param_value_internal": 0, "distribution": "{\"name\": \"CategoricalDistribution\", \"attributes\": {\"choices\": [42]}}"}
{"op_code": 5, "worker_id": "955ce41c-86e8-424f-b1f7-d91646fac68e-139863738410816", "trial_id": 18, "param_name": "degree", "param_value_internal": 0, "distribution": "{\"name\": \"CategoricalDistribution\", \"attributes\": {\"choices\": [0]}}"}
{"op_code": 8, "worker_id": "955ce41c-86e8-424f-b1f7-d91646fac68e-139863738410816", "trial_id": 18, "user_attr": {"best_epoch": 1}}
{"op_code": 8, "worker_id": "955ce41c-86e8-424f-b1f7-d91646fac68e-139863738410816", "trial_id": 18, "user_attr": {"test_loss": 0.4453166856987952}}
{"op_code": 6, "worker_id": "955ce41c-86e8-424f-b1f7-d91646fac68e-139863738410816", "trial_id": 18, "state": 1, "values": [0.44518911393432287], "datetime_complete": "2024-08-20T18:19:10.612308"}
{"op_code": 4, "worker_id": "955ce41c-86e8-424f-b1f7-d91646fac68e-139863738410816", "study_id": 0, "datetime_start": "2024-08-20T18:19:10.621777"}
{"op_code": 5, "worker_id": "955ce41c-86e8-424f-b1f7-d91646fac68e-139863738410816", "trial_id": 19, "param_name": "lr", "param_value_internal": 0.0004414973500475081, "distribution": "{\"name\": \"FloatDistribution\", \"attributes\": {\"step\": null, \"low\": 1e-05, \"high\": 0.001, \"log\": true}}"}
{"op_code": 5, "worker_id": "955ce41c-86e8-424f-b1f7-d91646fac68e-139863738410816", "trial_id": 19, "param_name": "l2reg", "param_value_internal": 1.3275744888634099e-05, "distribution": "{\"name\": \"FloatDistribution\", \"attributes\": {\"step\": null, \"low\": 1e-08, \"high\": 0.001, \"log\": true}}"}
{"op_code": 5, "worker_id": "955ce41c-86e8-424f-b1f7-d91646fac68e-139863738410816", "trial_id": 19, "param_name": "random_seed", "param_value_internal": 0, "distribution": "{\"name\": \"CategoricalDistribution\", \"attributes\": {\"choices\": [42]}}"}
{"op_code": 5, "worker_id": "955ce41c-86e8-424f-b1f7-d91646fac68e-139863738410816", "trial_id": 19, "param_name": "degree", "param_value_internal": 0, "distribution": "{\"name\": \"CategoricalDistribution\", \"attributes\": {\"choices\": [0]}}"}
{"op_code": 8, "worker_id": "955ce41c-86e8-424f-b1f7-d91646fac68e-139863738410816", "trial_id": 19, "user_attr": {"best_epoch": 0}}
{"op_code": 8, "worker_id": "955ce41c-86e8-424f-b1f7-d91646fac68e-139863738410816", "trial_id": 19, "user_attr": {"test_loss": 0.4450635622676369}}
{"op_code": 6, "worker_id": "955ce41c-86e8-424f-b1f7-d91646fac68e-139863738410816", "trial_id": 19, "state": 1, "values": [0.4449981988318075], "datetime_complete": "2024-08-20T18:34:49.175985"}
{"op_code": 4, "worker_id": "955ce41c-86e8-424f-b1f7-d91646fac68e-139863738410816", "study_id": 0, "datetime_start": "2024-08-20T18:34:49.186623"}
{"op_code": 5, "worker_id": "955ce41c-86e8-424f-b1f7-d91646fac68e-139863738410816", "trial_id": 20, "param_name": "lr", "param_value_internal": 4.503529799447425e-05, "distribution": "{\"name\": \"FloatDistribution\", \"attributes\": {\"step\": null, \"low\": 1e-05, \"high\": 0.001, \"log\": true}}"}
{"op_code": 5, "worker_id": "955ce41c-86e8-424f-b1f7-d91646fac68e-139863738410816", "trial_id": 20, "param_name": "l2reg", "param_value_internal": 0.0001628790264041172, "distribution": "{\"name\": \"FloatDistribution\", \"attributes\": {\"step\": null, \"low\": 1e-08, \"high\": 0.001, \"log\": true}}"}
{"op_code": 5, "worker_id": "955ce41c-86e8-424f-b1f7-d91646fac68e-139863738410816", "trial_id": 20, "param_name": "random_seed", "param_value_internal": 0, "distribution": "{\"name\": \"CategoricalDistribution\", \"attributes\": {\"choices\": [42]}}"}
{"op_code": 5, "worker_id": "955ce41c-86e8-424f-b1f7-d91646fac68e-139863738410816", "trial_id": 20, "param_name": "degree", "param_value_internal": 0, "distribution": "{\"name\": \"CategoricalDistribution\", \"attributes\": {\"choices\": [0]}}"}
{"op_code": 8, "worker_id": "955ce41c-86e8-424f-b1f7-d91646fac68e-139863738410816", "trial_id": 20, "user_attr": {"best_epoch": 4}}
{"op_code": 8, "worker_id": "955ce41c-86e8-424f-b1f7-d91646fac68e-139863738410816", "trial_id": 20, "user_attr": {"test_loss": 0.44576730503314965}}
{"op_code": 6, "worker_id": "955ce41c-86e8-424f-b1f7-d91646fac68e-139863738410816", "trial_id": 20, "state": 1, "values": [0.445679944992018], "datetime_complete": "2024-08-20T19:04:12.266861"}
{"op_code": 4, "worker_id": "955ce41c-86e8-424f-b1f7-d91646fac68e-139863738410816", "study_id": 0, "datetime_start": "2024-08-20T19:04:12.283537"}
{"op_code": 5, "worker_id": "955ce41c-86e8-424f-b1f7-d91646fac68e-139863738410816", "trial_id": 21, "param_name": "lr", "param_value_internal": 0.00012416783363064396, "distribution": "{\"name\": \"FloatDistribution\", \"attributes\": {\"step\": null, \"low\": 1e-05, \"high\": 0.001, \"log\": true}}"}
{"op_code": 5, "worker_id": "955ce41c-86e8-424f-b1f7-d91646fac68e-139863738410816", "trial_id": 21, "param_name": "l2reg", "param_value_internal": 3.923746312241624e-05, "distribution": "{\"name\": \"FloatDistribution\", \"attributes\": {\"step\": null, \"low\": 1e-08, \"high\": 0.001, \"log\": true}}"}
{"op_code": 5, "worker_id": "955ce41c-86e8-424f-b1f7-d91646fac68e-139863738410816", "trial_id": 21, "param_name": "random_seed", "param_value_internal": 0, "distribution": "{\"name\": \"CategoricalDistribution\", \"attributes\": {\"choices\": [42]}}"}
{"op_code": 5, "worker_id": "955ce41c-86e8-424f-b1f7-d91646fac68e-139863738410816", "trial_id": 21, "param_name": "degree", "param_value_internal": 0, "distribution": "{\"name\": \"CategoricalDistribution\", \"attributes\": {\"choices\": [0]}}"}
{"op_code": 8, "worker_id": "955ce41c-86e8-424f-b1f7-d91646fac68e-139863738410816", "trial_id": 21, "user_attr": {"best_epoch": 1}}
{"op_code": 8, "worker_id": "955ce41c-86e8-424f-b1f7-d91646fac68e-139863738410816", "trial_id": 21, "user_attr": {"test_loss": 0.44496303278082955}}
{"op_code": 6, "worker_id": "955ce41c-86e8-424f-b1f7-d91646fac68e-139863738410816", "trial_id": 21, "state": 1, "values": [0.44482415377453444], "datetime_complete": "2024-08-20T19:23:09.590586"}
{"op_code": 4, "worker_id": "955ce41c-86e8-424f-b1f7-d91646fac68e-139863738410816", "study_id": 0, "datetime_start": "2024-08-20T19:23:09.600095"}
{"op_code": 5, "worker_id": "955ce41c-86e8-424f-b1f7-d91646fac68e-139863738410816", "trial_id": 22, "param_name": "lr", "param_value_internal": 0.00017246610099731175, "distribution": "{\"name\": \"FloatDistribution\", \"attributes\": {\"step\": null, \"low\": 1e-05, \"high\": 0.001, \"log\": true}}"}
{"op_code": 5, "worker_id": "955ce41c-86e8-424f-b1f7-d91646fac68e-139863738410816", "trial_id": 22, "param_name": "l2reg", "param_value_internal": 7.13584607667371e-05, "distribution": "{\"name\": \"FloatDistribution\", \"attributes\": {\"step\": null, \"low\": 1e-08, \"high\": 0.001, \"log\": true}}"}
{"op_code": 5, "worker_id": "955ce41c-86e8-424f-b1f7-d91646fac68e-139863738410816", "trial_id": 22, "param_name": "random_seed", "param_value_internal": 0, "distribution": "{\"name\": \"CategoricalDistribution\", \"attributes\": {\"choices\": [42]}}"}
{"op_code": 5, "worker_id": "955ce41c-86e8-424f-b1f7-d91646fac68e-139863738410816", "trial_id": 22, "param_name": "degree", "param_value_internal": 0, "distribution": "{\"name\": \"CategoricalDistribution\", \"attributes\": {\"choices\": [0]}}"}
{"op_code": 8, "worker_id": "955ce41c-86e8-424f-b1f7-d91646fac68e-139863738410816", "trial_id": 22, "user_attr": {"best_epoch": 1}}
{"op_code": 8, "worker_id": "955ce41c-86e8-424f-b1f7-d91646fac68e-139863738410816", "trial_id": 22, "user_attr": {"test_loss": 0.4447825523567748}}
{"op_code": 6, "worker_id": "955ce41c-86e8-424f-b1f7-d91646fac68e-139863738410816", "trial_id": 22, "state": 1, "values": [0.4446322570099037], "datetime_complete": "2024-08-20T19:42:44.198464"}
{"op_code": 4, "worker_id": "955ce41c-86e8-424f-b1f7-d91646fac68e-139863738410816", "study_id": 0, "datetime_start": "2024-08-20T19:42:44.211392"}
{"op_code": 5, "worker_id": "955ce41c-86e8-424f-b1f7-d91646fac68e-139863738410816", "trial_id": 23, "param_name": "lr", "param_value_internal": 0.00014944924876423324, "distribution": "{\"name\": \"FloatDistribution\", \"attributes\": {\"step\": null, \"low\": 1e-05, \"high\": 0.001, \"log\": true}}"}
{"op_code": 5, "worker_id": "955ce41c-86e8-424f-b1f7-d91646fac68e-139863738410816", "trial_id": 23, "param_name": "l2reg", "param_value_internal": 1.6748375144726677e-05, "distribution": "{\"name\": \"FloatDistribution\", \"attributes\": {\"step\": null, \"low\": 1e-08, \"high\": 0.001, \"log\": true}}"}
{"op_code": 5, "worker_id": "955ce41c-86e8-424f-b1f7-d91646fac68e-139863738410816", "trial_id": 23, "param_name": "random_seed", "param_value_internal": 0, "distribution": "{\"name\": \"CategoricalDistribution\", \"attributes\": {\"choices\": [42]}}"}
{"op_code": 5, "worker_id": "955ce41c-86e8-424f-b1f7-d91646fac68e-139863738410816", "trial_id": 23, "param_name": "degree", "param_value_internal": 0, "distribution": "{\"name\": \"CategoricalDistribution\", \"attributes\": {\"choices\": [0]}}"}
{"op_code": 8, "worker_id": "955ce41c-86e8-424f-b1f7-d91646fac68e-139863738410816", "trial_id": 23, "user_attr": {"best_epoch": 1}}
{"op_code": 8, "worker_id": "955ce41c-86e8-424f-b1f7-d91646fac68e-139863738410816", "trial_id": 23, "user_attr": {"test_loss": 0.4447497575657801}}
{"op_code": 6, "worker_id": "955ce41c-86e8-424f-b1f7-d91646fac68e-139863738410816", "trial_id": 23, "state": 1, "values": [0.4446015709793338], "datetime_complete": "2024-08-20T20:01:16.201916"}
{"op_code": 4, "worker_id": "955ce41c-86e8-424f-b1f7-d91646fac68e-139863738410816", "study_id": 0, "datetime_start": "2024-08-20T20:01:16.212632"}
{"op_code": 5, "worker_id": "955ce41c-86e8-424f-b1f7-d91646fac68e-139863738410816", "trial_id": 24, "param_name": "lr", "param_value_internal": 0.00039439812550274515, "distribution": "{\"name\": \"FloatDistribution\", \"attributes\": {\"step\": null, \"low\": 1e-05, \"high\": 0.001, \"log\": true}}"}
{"op_code": 5, "worker_id": "955ce41c-86e8-424f-b1f7-d91646fac68e-139863738410816", "trial_id": 24, "param_name": "l2reg", "param_value_internal": 1.413713961208508e-05, "distribution": "{\"name\": \"FloatDistribution\", \"attributes\": {\"step\": null, \"low\": 1e-08, \"high\": 0.001, \"log\": true}}"}
{"op_code": 5, "worker_id": "955ce41c-86e8-424f-b1f7-d91646fac68e-139863738410816", "trial_id": 24, "param_name": "random_seed", "param_value_internal": 0, "distribution": "{\"name\": \"CategoricalDistribution\", \"attributes\": {\"choices\": [42]}}"}
{"op_code": 5, "worker_id": "955ce41c-86e8-424f-b1f7-d91646fac68e-139863738410816", "trial_id": 24, "param_name": "degree", "param_value_internal": 0, "distribution": "{\"name\": \"CategoricalDistribution\", \"attributes\": {\"choices\": [0]}}"}
{"op_code": 8, "worker_id": "955ce41c-86e8-424f-b1f7-d91646fac68e-139863738410816", "trial_id": 24, "user_attr": {"best_epoch": 0}}
{"op_code": 8, "worker_id": "955ce41c-86e8-424f-b1f7-d91646fac68e-139863738410816", "trial_id": 24, "user_attr": {"test_loss": 0.4450654528764304}}
{"op_code": 6, "worker_id": "955ce41c-86e8-424f-b1f7-d91646fac68e-139863738410816", "trial_id": 24, "state": 1, "values": [0.4449853281507391], "datetime_complete": "2024-08-20T20:16:47.403690"}
{"op_code": 4, "worker_id": "955ce41c-86e8-424f-b1f7-d91646fac68e-139863738410816", "study_id": 0, "datetime_start": "2024-08-20T20:16:47.412678"}
{"op_code": 5, "worker_id": "955ce41c-86e8-424f-b1f7-d91646fac68e-139863738410816", "trial_id": 25, "param_name": "lr", "param_value_internal": 9.928903358897827e-05, "distribution": "{\"name\": \"FloatDistribution\", \"attributes\": {\"step\": null, \"low\": 1e-05, \"high\": 0.001, \"log\": true}}"}
{"op_code": 5, "worker_id": "955ce41c-86e8-424f-b1f7-d91646fac68e-139863738410816", "trial_id": 25, "param_name": "l2reg", "param_value_internal": 3.1670240232097774e-06, "distribution": "{\"name\": \"FloatDistribution\", \"attributes\": {\"step\": null, \"low\": 1e-08, \"high\": 0.001, \"log\": true}}"}
{"op_code": 5, "worker_id": "955ce41c-86e8-424f-b1f7-d91646fac68e-139863738410816", "trial_id": 25, "param_name": "random_seed", "param_value_internal": 0, "distribution": "{\"name\": \"CategoricalDistribution\", \"attributes\": {\"choices\": [42]}}"}
{"op_code": 5, "worker_id": "955ce41c-86e8-424f-b1f7-d91646fac68e-139863738410816", "trial_id": 25, "param_name": "degree", "param_value_internal": 0, "distribution": "{\"name\": \"CategoricalDistribution\", \"attributes\": {\"choices\": [0]}}"}
{"op_code": 8, "worker_id": "955ce41c-86e8-424f-b1f7-d91646fac68e-139863738410816", "trial_id": 25, "user_attr": {"best_epoch": 2}}
{"op_code": 8, "worker_id": "955ce41c-86e8-424f-b1f7-d91646fac68e-139863738410816", "trial_id": 25, "user_attr": {"test_loss": 0.44526309421107224}}
{"op_code": 6, "worker_id": "955ce41c-86e8-424f-b1f7-d91646fac68e-139863738410816", "trial_id": 25, "state": 1, "values": [0.4451464661690876], "datetime_complete": "2024-08-20T20:38:57.047921"}
{"op_code": 4, "worker_id": "955ce41c-86e8-424f-b1f7-d91646fac68e-139863738410816", "study_id": 0, "datetime_start": "2024-08-20T20:38:57.057574"}
{"op_code": 5, "worker_id": "955ce41c-86e8-424f-b1f7-d91646fac68e-139863738410816", "trial_id": 26, "param_name": "lr", "param_value_internal": 0.00019814191647007278, "distribution": "{\"name\": \"FloatDistribution\", \"attributes\": {\"step\": null, \"low\": 1e-05, \"high\": 0.001, \"log\": true}}"}
{"op_code": 5, "worker_id": "955ce41c-86e8-424f-b1f7-d91646fac68e-139863738410816", "trial_id": 26, "param_name": "l2reg", "param_value_internal": 8.932854288429064e-07, "distribution": "{\"name\": \"FloatDistribution\", \"attributes\": {\"step\": null, \"low\": 1e-08, \"high\": 0.001, \"log\": true}}"}
{"op_code": 5, "worker_id": "955ce41c-86e8-424f-b1f7-d91646fac68e-139863738410816", "trial_id": 26, "param_name": "random_seed", "param_value_internal": 0, "distribution": "{\"name\": \"CategoricalDistribution\", \"attributes\": {\"choices\": [42]}}"}
{"op_code": 5, "worker_id": "955ce41c-86e8-424f-b1f7-d91646fac68e-139863738410816", "trial_id": 26, "param_name": "degree", "param_value_internal": 0, "distribution": "{\"name\": \"CategoricalDistribution\", \"attributes\": {\"choices\": [0]}}"}
{"op_code": 8, "worker_id": "955ce41c-86e8-424f-b1f7-d91646fac68e-139863738410816", "trial_id": 26, "user_attr": {"best_epoch": 1}}
{"op_code": 8, "worker_id": "955ce41c-86e8-424f-b1f7-d91646fac68e-139863738410816", "trial_id": 26, "user_attr": {"test_loss": 0.4449621601921557}}
{"op_code": 6, "worker_id": "955ce41c-86e8-424f-b1f7-d91646fac68e-139863738410816", "trial_id": 26, "state": 1, "values": [0.4448100832842139], "datetime_complete": "2024-08-20T20:57:43.018149"}
{"op_code": 4, "worker_id": "955ce41c-86e8-424f-b1f7-d91646fac68e-139863738410816", "study_id": 0, "datetime_start": "2024-08-20T20:57:43.026841"}
{"op_code": 5, "worker_id": "955ce41c-86e8-424f-b1f7-d91646fac68e-139863738410816", "trial_id": 27, "param_name": "lr", "param_value_internal": 6.630439632086536e-05, "distribution": "{\"name\": \"FloatDistribution\", \"attributes\": {\"step\": null, \"low\": 1e-05, \"high\": 0.001, \"log\": true}}"}
{"op_code": 5, "worker_id": "955ce41c-86e8-424f-b1f7-d91646fac68e-139863738410816", "trial_id": 27, "param_name": "l2reg", "param_value_internal": 2.2907474118104886e-05, "distribution": "{\"name\": \"FloatDistribution\", \"attributes\": {\"step\": null, \"low\": 1e-08, \"high\": 0.001, \"log\": true}}"}
{"op_code": 5, "worker_id": "955ce41c-86e8-424f-b1f7-d91646fac68e-139863738410816", "trial_id": 27, "param_name": "random_seed", "param_value_internal": 0, "distribution": "{\"name\": \"CategoricalDistribution\", \"attributes\": {\"choices\": [42]}}"}
{"op_code": 5, "worker_id": "955ce41c-86e8-424f-b1f7-d91646fac68e-139863738410816", "trial_id": 27, "param_name": "degree", "param_value_internal": 0, "distribution": "{\"name\": \"CategoricalDistribution\", \"attributes\": {\"choices\": [0]}}"}
{"op_code": 8, "worker_id": "955ce41c-86e8-424f-b1f7-d91646fac68e-139863738410816", "trial_id": 27, "user_attr": {"best_epoch": 3}}
{"op_code": 8, "worker_id": "955ce41c-86e8-424f-b1f7-d91646fac68e-139863738410816", "trial_id": 27, "user_attr": {"test_loss": 0.4453236300503251}}
{"op_code": 6, "worker_id": "955ce41c-86e8-424f-b1f7-d91646fac68e-139863738410816", "trial_id": 27, "state": 1, "values": [0.44520158467897397], "datetime_complete": "2024-08-20T21:23:26.949246"}
{"op_code": 4, "worker_id": "955ce41c-86e8-424f-b1f7-d91646fac68e-139863738410816", "study_id": 0, "datetime_start": "2024-08-20T21:23:26.959280"}
{"op_code": 5, "worker_id": "955ce41c-86e8-424f-b1f7-d91646fac68e-139863738410816", "trial_id": 28, "param_name": "lr", "param_value_internal": 0.00011258295476637424, "distribution": "{\"name\": \"FloatDistribution\", \"attributes\": {\"step\": null, \"low\": 1e-05, \"high\": 0.001, \"log\": true}}"}
{"op_code": 5, "worker_id": "955ce41c-86e8-424f-b1f7-d91646fac68e-139863738410816", "trial_id": 28, "param_name": "l2reg", "param_value_internal": 0.0004277048424219039, "distribution": "{\"name\": \"FloatDistribution\", \"attributes\": {\"step\": null, \"low\": 1e-08, \"high\": 0.001, \"log\": true}}"}
{"op_code": 5, "worker_id": "955ce41c-86e8-424f-b1f7-d91646fac68e-139863738410816", "trial_id": 28, "param_name": "random_seed", "param_value_internal": 0, "distribution": "{\"name\": \"CategoricalDistribution\", \"attributes\": {\"choices\": [42]}}"}
{"op_code": 5, "worker_id": "955ce41c-86e8-424f-b1f7-d91646fac68e-139863738410816", "trial_id": 28, "param_name": "degree", "param_value_internal": 0, "distribution": "{\"name\": \"CategoricalDistribution\", \"attributes\": {\"choices\": [0]}}"}
{"op_code": 8, "worker_id": "955ce41c-86e8-424f-b1f7-d91646fac68e-139863738410816", "trial_id": 28, "user_attr": {"best_epoch": 1}}
{"op_code": 8, "worker_id": "955ce41c-86e8-424f-b1f7-d91646fac68e-139863738410816", "trial_id": 28, "user_attr": {"test_loss": 0.4451927053913764}}
{"op_code": 6, "worker_id": "955ce41c-86e8-424f-b1f7-d91646fac68e-139863738410816", "trial_id": 28, "state": 1, "values": [0.4450612433543293], "datetime_complete": "2024-08-20T21:42:05.824886"}
{"op_code": 4, "worker_id": "955ce41c-86e8-424f-b1f7-d91646fac68e-139863738410816", "study_id": 0, "datetime_start": "2024-08-20T21:42:05.834200"}
{"op_code": 5, "worker_id": "955ce41c-86e8-424f-b1f7-d91646fac68e-139863738410816", "trial_id": 29, "param_name": "lr", "param_value_internal": 0.00034490591686613586, "distribution": "{\"name\": \"FloatDistribution\", \"attributes\": {\"step\": null, \"low\": 1e-05, \"high\": 0.001, \"log\": true}}"}
{"op_code": 5, "worker_id": "955ce41c-86e8-424f-b1f7-d91646fac68e-139863738410816", "trial_id": 29, "param_name": "l2reg", "param_value_internal": 0.00026965271606799434, "distribution": "{\"name\": \"FloatDistribution\", \"attributes\": {\"step\": null, \"low\": 1e-08, \"high\": 0.001, \"log\": true}}"}
{"op_code": 5, "worker_id": "955ce41c-86e8-424f-b1f7-d91646fac68e-139863738410816", "trial_id": 29, "param_name": "random_seed", "param_value_internal": 0, "distribution": "{\"name\": \"CategoricalDistribution\", \"attributes\": {\"choices\": [42]}}"}
{"op_code": 5, "worker_id": "955ce41c-86e8-424f-b1f7-d91646fac68e-139863738410816", "trial_id": 29, "param_name": "degree", "param_value_internal": 0, "distribution": "{\"name\": \"CategoricalDistribution\", \"attributes\": {\"choices\": [0]}}"}
{"op_code": 8, "worker_id": "955ce41c-86e8-424f-b1f7-d91646fac68e-139863738410816", "trial_id": 29, "user_attr": {"best_epoch": 0}}
{"op_code": 8, "worker_id": "955ce41c-86e8-424f-b1f7-d91646fac68e-139863738410816", "trial_id": 29, "user_attr": {"test_loss": 0.44511144557111804}}
{"op_code": 6, "worker_id": "955ce41c-86e8-424f-b1f7-d91646fac68e-139863738410816", "trial_id": 29, "state": 1, "values": [0.44501379635208543], "datetime_complete": "2024-08-20T21:57:28.397118"}
{"op_code": 4, "worker_id": "955ce41c-86e8-424f-b1f7-d91646fac68e-139863738410816", "study_id": 0, "datetime_start": "2024-08-20T21:57:28.429900"}
{"op_code": 5, "worker_id": "955ce41c-86e8-424f-b1f7-d91646fac68e-139863738410816", "trial_id": 30, "param_name": "lr", "param_value_internal": 5.1245101515886946e-05, "distribution": "{\"name\": \"FloatDistribution\", \"attributes\": {\"step\": null, \"low\": 1e-05, \"high\": 0.001, \"log\": true}}"}
{"op_code": 5, "worker_id": "955ce41c-86e8-424f-b1f7-d91646fac68e-139863738410816", "trial_id": 30, "param_name": "l2reg", "param_value_internal": 4.525016339582631e-06, "distribution": "{\"name\": \"FloatDistribution\", \"attributes\": {\"step\": null, \"low\": 1e-08, \"high\": 0.001, \"log\": true}}"}
{"op_code": 5, "worker_id": "955ce41c-86e8-424f-b1f7-d91646fac68e-139863738410816", "trial_id": 30, "param_name": "random_seed", "param_value_internal": 0, "distribution": "{\"name\": \"CategoricalDistribution\", \"attributes\": {\"choices\": [42]}}"}
{"op_code": 5, "worker_id": "955ce41c-86e8-424f-b1f7-d91646fac68e-139863738410816", "trial_id": 30, "param_name": "degree", "param_value_internal": 0, "distribution": "{\"name\": \"CategoricalDistribution\", \"attributes\": {\"choices\": [0]}}"}
{"op_code": 8, "worker_id": "955ce41c-86e8-424f-b1f7-d91646fac68e-139863738410816", "trial_id": 30, "user_attr": {"best_epoch": 4}}
{"op_code": 8, "worker_id": "955ce41c-86e8-424f-b1f7-d91646fac68e-139863738410816", "trial_id": 30, "user_attr": {"test_loss": 0.4456167471290378}}
{"op_code": 6, "worker_id": "955ce41c-86e8-424f-b1f7-d91646fac68e-139863738410816", "trial_id": 30, "state": 1, "values": [0.44552444244136896], "datetime_complete": "2024-08-20T22:27:01.759235"}
{"op_code": 4, "worker_id": "955ce41c-86e8-424f-b1f7-d91646fac68e-139863738410816", "study_id": 0, "datetime_start": "2024-08-20T22:27:01.785142"}
{"op_code": 5, "worker_id": "955ce41c-86e8-424f-b1f7-d91646fac68e-139863738410816", "trial_id": 31, "param_name": "lr", "param_value_internal": 0.00015761829196766328, "distribution": "{\"name\": \"FloatDistribution\", \"attributes\": {\"step\": null, \"low\": 1e-05, \"high\": 0.001, \"log\": true}}"}
{"op_code": 5, "worker_id": "955ce41c-86e8-424f-b1f7-d91646fac68e-139863738410816", "trial_id": 31, "param_name": "l2reg", "param_value_internal": 8.908989409205168e-05, "distribution": "{\"name\": \"FloatDistribution\", \"attributes\": {\"step\": null, \"low\": 1e-08, \"high\": 0.001, \"log\": true}}"}
{"op_code": 5, "worker_id": "955ce41c-86e8-424f-b1f7-d91646fac68e-139863738410816", "trial_id": 31, "param_name": "random_seed", "param_value_internal": 0, "distribution": "{\"name\": \"CategoricalDistribution\", \"attributes\": {\"choices\": [42]}}"}
{"op_code": 5, "worker_id": "955ce41c-86e8-424f-b1f7-d91646fac68e-139863738410816", "trial_id": 31, "param_name": "degree", "param_value_internal": 0, "distribution": "{\"name\": \"CategoricalDistribution\", \"attributes\": {\"choices\": [0]}}"}
{"op_code": 8, "worker_id": "955ce41c-86e8-424f-b1f7-d91646fac68e-139863738410816", "trial_id": 31, "user_attr": {"best_epoch": 1}}
{"op_code": 8, "worker_id": "955ce41c-86e8-424f-b1f7-d91646fac68e-139863738410816", "trial_id": 31, "user_attr": {"test_loss": 0.4447428495721116}}
{"op_code": 6, "worker_id": "955ce41c-86e8-424f-b1f7-d91646fac68e-139863738410816", "trial_id": 31, "state": 1, "values": [0.4445937176824106], "datetime_complete": "2024-08-20T22:45:53.962661"}
{"op_code": 4, "worker_id": "955ce41c-86e8-424f-b1f7-d91646fac68e-139863738410816", "study_id": 0, "datetime_start": "2024-08-20T22:45:53.975043"}
{"op_code": 5, "worker_id": "955ce41c-86e8-424f-b1f7-d91646fac68e-139863738410816", "trial_id": 32, "param_name": "lr", "param_value_internal": 0.0002405593988563354, "distribution": "{\"name\": \"FloatDistribution\", \"attributes\": {\"step\": null, \"low\": 1e-05, \"high\": 0.001, \"log\": true}}"}
{"op_code": 5, "worker_id": "955ce41c-86e8-424f-b1f7-d91646fac68e-139863738410816", "trial_id": 32, "param_name": "l2reg", "param_value_internal": 0.00011294309297800596, "distribution": "{\"name\": \"FloatDistribution\", \"attributes\": {\"step\": null, \"low\": 1e-08, \"high\": 0.001, \"log\": true}}"}
{"op_code": 5, "worker_id": "955ce41c-86e8-424f-b1f7-d91646fac68e-139863738410816", "trial_id": 32, "param_name": "random_seed", "param_value_internal": 0, "distribution": "{\"name\": \"CategoricalDistribution\", \"attributes\": {\"choices\": [42]}}"}
{"op_code": 5, "worker_id": "955ce41c-86e8-424f-b1f7-d91646fac68e-139863738410816", "trial_id": 32, "param_name": "degree", "param_value_internal": 0, "distribution": "{\"name\": \"CategoricalDistribution\", \"attributes\": {\"choices\": [0]}}"}
{"op_code": 8, "worker_id": "955ce41c-86e8-424f-b1f7-d91646fac68e-139863738410816", "trial_id": 32, "user_attr": {"best_epoch": 1}}
{"op_code": 8, "worker_id": "955ce41c-86e8-424f-b1f7-d91646fac68e-139863738410816", "trial_id": 32, "user_attr": {"test_loss": 0.44532482985975175}}
{"op_code": 6, "worker_id": "955ce41c-86e8-424f-b1f7-d91646fac68e-139863738410816", "trial_id": 32, "state": 1, "values": [0.4451974035255195], "datetime_complete": "2024-08-20T23:04:38.414034"}
{"op_code": 4, "worker_id": "955ce41c-86e8-424f-b1f7-d91646fac68e-139863738410816", "study_id": 0, "datetime_start": "2024-08-20T23:04:38.423288"}
{"op_code": 5, "worker_id": "955ce41c-86e8-424f-b1f7-d91646fac68e-139863738410816", "trial_id": 33, "param_name": "lr", "param_value_internal": 0.00015474359998875884, "distribution": "{\"name\": \"FloatDistribution\", \"attributes\": {\"step\": null, \"low\": 1e-05, \"high\": 0.001, \"log\": true}}"}
{"op_code": 5, "worker_id": "955ce41c-86e8-424f-b1f7-d91646fac68e-139863738410816", "trial_id": 33, "param_name": "l2reg", "param_value_internal": 2.2662321531784976e-05, "distribution": "{\"name\": \"FloatDistribution\", \"attributes\": {\"step\": null, \"low\": 1e-08, \"high\": 0.001, \"log\": true}}"}
{"op_code": 5, "worker_id": "955ce41c-86e8-424f-b1f7-d91646fac68e-139863738410816", "trial_id": 33, "param_name": "random_seed", "param_value_internal": 0, "distribution": "{\"name\": \"CategoricalDistribution\", \"attributes\": {\"choices\": [42]}}"}
{"op_code": 5, "worker_id": "955ce41c-86e8-424f-b1f7-d91646fac68e-139863738410816", "trial_id": 33, "param_name": "degree", "param_value_internal": 0, "distribution": "{\"name\": \"CategoricalDistribution\", \"attributes\": {\"choices\": [0]}}"}
{"op_code": 8, "worker_id": "955ce41c-86e8-424f-b1f7-d91646fac68e-139863738410816", "trial_id": 33, "user_attr": {"best_epoch": 1}}
{"op_code": 8, "worker_id": "955ce41c-86e8-424f-b1f7-d91646fac68e-139863738410816", "trial_id": 33, "user_attr": {"test_loss": 0.44474252235135886}}
{"op_code": 6, "worker_id": "955ce41c-86e8-424f-b1f7-d91646fac68e-139863738410816", "trial_id": 33, "state": 1, "values": [0.4445937176824106], "datetime_complete": "2024-08-20T23:23:35.264166"}
{"op_code": 4, "worker_id": "955ce41c-86e8-424f-b1f7-d91646fac68e-139863738410816", "study_id": 0, "datetime_start": "2024-08-20T23:23:35.277753"}
{"op_code": 5, "worker_id": "955ce41c-86e8-424f-b1f7-d91646fac68e-139863738410816", "trial_id": 34, "param_name": "lr", "param_value_internal": 9.620786163445509e-05, "distribution": "{\"name\": \"FloatDistribution\", \"attributes\": {\"step\": null, \"low\": 1e-05, \"high\": 0.001, \"log\": true}}"}
{"op_code": 5, "worker_id": "955ce41c-86e8-424f-b1f7-d91646fac68e-139863738410816", "trial_id": 34, "param_name": "l2reg", "param_value_internal": 8.03883696174786e-05, "distribution": "{\"name\": \"FloatDistribution\", \"attributes\": {\"step\": null, \"low\": 1e-08, \"high\": 0.001, \"log\": true}}"}
{"op_code": 5, "worker_id": "955ce41c-86e8-424f-b1f7-d91646fac68e-139863738410816", "trial_id": 34, "param_name": "random_seed", "param_value_internal": 0, "distribution": "{\"name\": \"CategoricalDistribution\", \"attributes\": {\"choices\": [42]}}"}
{"op_code": 5, "worker_id": "955ce41c-86e8-424f-b1f7-d91646fac68e-139863738410816", "trial_id": 34, "param_name": "degree", "param_value_internal": 0, "distribution": "{\"name\": \"CategoricalDistribution\", \"attributes\": {\"choices\": [0]}}"}
{"op_code": 8, "worker_id": "955ce41c-86e8-424f-b1f7-d91646fac68e-139863738410816", "trial_id": 34, "user_attr": {"best_epoch": 2}}
{"op_code": 8, "worker_id": "955ce41c-86e8-424f-b1f7-d91646fac68e-139863738410816", "trial_id": 34, "user_attr": {"test_loss": 0.4452356803835667}}
{"op_code": 6, "worker_id": "955ce41c-86e8-424f-b1f7-d91646fac68e-139863738410816", "trial_id": 34, "state": 1, "values": [0.44512152467978544], "datetime_complete": "2024-08-20T23:46:05.322667"}
{"op_code": 4, "worker_id": "955ce41c-86e8-424f-b1f7-d91646fac68e-139863738410816", "study_id": 0, "datetime_start": "2024-08-20T23:46:05.336078"}
{"op_code": 5, "worker_id": "955ce41c-86e8-424f-b1f7-d91646fac68e-139863738410816", "trial_id": 35, "param_name": "lr", "param_value_internal": 0.0005635698940113372, "distribution": "{\"name\": \"FloatDistribution\", \"attributes\": {\"step\": null, \"low\": 1e-05, \"high\": 0.001, \"log\": true}}"}
{"op_code": 5, "worker_id": "955ce41c-86e8-424f-b1f7-d91646fac68e-139863738410816", "trial_id": 35, "param_name": "l2reg", "param_value_internal": 6.673782147558075e-06, "distribution": "{\"name\": \"FloatDistribution\", \"attributes\": {\"step\": null, \"low\": 1e-08, \"high\": 0.001, \"log\": true}}"}
{"op_code": 5, "worker_id": "955ce41c-86e8-424f-b1f7-d91646fac68e-139863738410816", "trial_id": 35, "param_name": "random_seed", "param_value_internal": 0, "distribution": "{\"name\": \"CategoricalDistribution\", \"attributes\": {\"choices\": [42]}}"}
{"op_code": 5, "worker_id": "955ce41c-86e8-424f-b1f7-d91646fac68e-139863738410816", "trial_id": 35, "param_name": "degree", "param_value_internal": 0, "distribution": "{\"name\": \"CategoricalDistribution\", \"attributes\": {\"choices\": [0]}}"}
{"op_code": 8, "worker_id": "955ce41c-86e8-424f-b1f7-d91646fac68e-139863738410816", "trial_id": 35, "user_attr": {"best_epoch": 0}}
{"op_code": 8, "worker_id": "955ce41c-86e8-424f-b1f7-d91646fac68e-139863738410816", "trial_id": 35, "user_attr": {"test_loss": 0.44512071682577836}}
{"op_code": 6, "worker_id": "955ce41c-86e8-424f-b1f7-d91646fac68e-139863738410816", "trial_id": 35, "state": 1, "values": [0.4450808038809248], "datetime_complete": "2024-08-21T00:01:50.718229"}
{"op_code": 4, "worker_id": "955ce41c-86e8-424f-b1f7-d91646fac68e-139863738410816", "study_id": 0, "datetime_start": "2024-08-21T00:01:50.741973"}
{"op_code": 5, "worker_id": "955ce41c-86e8-424f-b1f7-d91646fac68e-139863738410816", "trial_id": 36, "param_name": "lr", "param_value_internal": 0.0003199416153178201, "distribution": "{\"name\": \"FloatDistribution\", \"attributes\": {\"step\": null, \"low\": 1e-05, \"high\": 0.001, \"log\": true}}"}
{"op_code": 5, "worker_id": "955ce41c-86e8-424f-b1f7-d91646fac68e-139863738410816", "trial_id": 36, "param_name": "l2reg", "param_value_internal": 0.00028600018966406875, "distribution": "{\"name\": \"FloatDistribution\", \"attributes\": {\"step\": null, \"low\": 1e-08, \"high\": 0.001, \"log\": true}}"}
{"op_code": 5, "worker_id": "955ce41c-86e8-424f-b1f7-d91646fac68e-139863738410816", "trial_id": 36, "param_name": "random_seed", "param_value_internal": 0, "distribution": "{\"name\": \"CategoricalDistribution\", \"attributes\": {\"choices\": [42]}}"}
{"op_code": 5, "worker_id": "955ce41c-86e8-424f-b1f7-d91646fac68e-139863738410816", "trial_id": 36, "param_name": "degree", "param_value_internal": 0, "distribution": "{\"name\": \"CategoricalDistribution\", \"attributes\": {\"choices\": [0]}}"}
{"op_code": 8, "worker_id": "955ce41c-86e8-424f-b1f7-d91646fac68e-139863738410816", "trial_id": 36, "user_attr": {"best_epoch": 0}}
{"op_code": 8, "worker_id": "955ce41c-86e8-424f-b1f7-d91646fac68e-139863738410816", "trial_id": 36, "user_attr": {"test_loss": 0.4451669640254959}}
{"op_code": 6, "worker_id": "955ce41c-86e8-424f-b1f7-d91646fac68e-139863738410816", "trial_id": 36, "state": 1, "values": [0.4450638247621142], "datetime_complete": "2024-08-21T00:17:02.151683"}
{"op_code": 4, "worker_id": "955ce41c-86e8-424f-b1f7-d91646fac68e-139863738410816", "study_id": 0, "datetime_start": "2024-08-21T00:17:02.161672"}
{"op_code": 5, "worker_id": "955ce41c-86e8-424f-b1f7-d91646fac68e-139863738410816", "trial_id": 37, "param_name": "lr", "param_value_internal": 0.00021903475399427124, "distribution": "{\"name\": \"FloatDistribution\", \"attributes\": {\"step\": null, \"low\": 1e-05, \"high\": 0.001, \"log\": true}}"}
{"op_code": 5, "worker_id": "955ce41c-86e8-424f-b1f7-d91646fac68e-139863738410816", "trial_id": 37, "param_name": "l2reg", "param_value_internal": 3.299165991991309e-05, "distribution": "{\"name\": \"FloatDistribution\", \"attributes\": {\"step\": null, \"low\": 1e-08, \"high\": 0.001, \"log\": true}}"}
{"op_code": 5, "worker_id": "955ce41c-86e8-424f-b1f7-d91646fac68e-139863738410816", "trial_id": 37, "param_name": "random_seed", "param_value_internal": 0, "distribution": "{\"name\": \"CategoricalDistribution\", \"attributes\": {\"choices\": [42]}}"}
{"op_code": 5, "worker_id": "955ce41c-86e8-424f-b1f7-d91646fac68e-139863738410816", "trial_id": 37, "param_name": "degree", "param_value_internal": 0, "distribution": "{\"name\": \"CategoricalDistribution\", \"attributes\": {\"choices\": [0]}}"}
{"op_code": 8, "worker_id": "955ce41c-86e8-424f-b1f7-d91646fac68e-139863738410816", "trial_id": 37, "user_attr": {"best_epoch": 1}}
{"op_code": 8, "worker_id": "955ce41c-86e8-424f-b1f7-d91646fac68e-139863738410816", "trial_id": 37, "user_attr": {"test_loss": 0.4451155540094577}}
{"op_code": 6, "worker_id": "955ce41c-86e8-424f-b1f7-d91646fac68e-139863738410816", "trial_id": 37, "state": 1, "values": [0.44498670974927185], "datetime_complete": "2024-08-21T00:35:32.243813"}
{"op_code": 4, "worker_id": "955ce41c-86e8-424f-b1f7-d91646fac68e-139863738410816", "study_id": 0, "datetime_start": "2024-08-21T00:35:32.254802"}
{"op_code": 5, "worker_id": "955ce41c-86e8-424f-b1f7-d91646fac68e-139863738410816", "trial_id": 38, "param_name": "lr", "param_value_internal": 3.434761780559613e-05, "distribution": "{\"name\": \"FloatDistribution\", \"attributes\": {\"step\": null, \"low\": 1e-05, \"high\": 0.001, \"log\": true}}"}
{"op_code": 5, "worker_id": "955ce41c-86e8-424f-b1f7-d91646fac68e-139863738410816", "trial_id": 38, "param_name": "l2reg", "param_value_internal": 0.0006317589194367116, "distribution": "{\"name\": \"FloatDistribution\", \"attributes\": {\"step\": null, \"low\": 1e-08, \"high\": 0.001, \"log\": true}}"}
{"op_code": 5, "worker_id": "955ce41c-86e8-424f-b1f7-d91646fac68e-139863738410816", "trial_id": 38, "param_name": "random_seed", "param_value_internal": 0, "distribution": "{\"name\": \"CategoricalDistribution\", \"attributes\": {\"choices\": [42]}}"}
{"op_code": 5, "worker_id": "955ce41c-86e8-424f-b1f7-d91646fac68e-139863738410816", "trial_id": 38, "param_name": "degree", "param_value_internal": 0, "distribution": "{\"name\": \"CategoricalDistribution\", \"attributes\": {\"choices\": [0]}}"}
{"op_code": 8, "worker_id": "955ce41c-86e8-424f-b1f7-d91646fac68e-139863738410816", "trial_id": 38, "user_attr": {"best_epoch": 6}}
{"op_code": 8, "worker_id": "955ce41c-86e8-424f-b1f7-d91646fac68e-139863738410816", "trial_id": 38, "user_attr": {"test_loss": 0.4458924851499951}}
{"op_code": 6, "worker_id": "955ce41c-86e8-424f-b1f7-d91646fac68e-139863738410816", "trial_id": 38, "state": 1, "values": [0.445782728651285], "datetime_complete": "2024-08-21T01:11:36.693250"}
{"op_code": 4, "worker_id": "955ce41c-86e8-424f-b1f7-d91646fac68e-139863738410816", "study_id": 0, "datetime_start": "2024-08-21T01:11:36.702408"}
{"op_code": 5, "worker_id": "955ce41c-86e8-424f-b1f7-d91646fac68e-139863738410816", "trial_id": 39, "param_name": "lr", "param_value_internal": 0.000148145861735993, "distribution": "{\"name\": \"FloatDistribution\", \"attributes\": {\"step\": null, \"low\": 1e-05, \"high\": 0.001, \"log\": true}}"}
{"op_code": 5, "worker_id": "955ce41c-86e8-424f-b1f7-d91646fac68e-139863738410816", "trial_id": 39, "param_name": "l2reg", "param_value_internal": 7.485795125032761e-06, "distribution": "{\"name\": \"FloatDistribution\", \"attributes\": {\"step\": null, \"low\": 1e-08, \"high\": 0.001, \"log\": true}}"}
{"op_code": 5, "worker_id": "955ce41c-86e8-424f-b1f7-d91646fac68e-139863738410816", "trial_id": 39, "param_name": "random_seed", "param_value_internal": 0, "distribution": "{\"name\": \"CategoricalDistribution\", \"attributes\": {\"choices\": [42]}}"}
{"op_code": 5, "worker_id": "955ce41c-86e8-424f-b1f7-d91646fac68e-139863738410816", "trial_id": 39, "param_name": "degree", "param_value_internal": 0, "distribution": "{\"name\": \"CategoricalDistribution\", \"attributes\": {\"choices\": [0]}}"}
{"op_code": 8, "worker_id": "955ce41c-86e8-424f-b1f7-d91646fac68e-139863738410816", "trial_id": 39, "user_attr": {"best_epoch": 1}}
{"op_code": 8, "worker_id": "955ce41c-86e8-424f-b1f7-d91646fac68e-139863738410816", "trial_id": 39, "user_attr": {"test_loss": 0.44475353878336704}}
{"op_code": 6, "worker_id": "955ce41c-86e8-424f-b1f7-d91646fac68e-139863738410816", "trial_id": 39, "state": 1, "values": [0.44460484318638505], "datetime_complete": "2024-08-21T01:30:12.541035"}
{"op_code": 4, "worker_id": "955ce41c-86e8-424f-b1f7-d91646fac68e-139863738410816", "study_id": 0, "datetime_start": "2024-08-21T01:30:12.556836"}
{"op_code": 5, "worker_id": "955ce41c-86e8-424f-b1f7-d91646fac68e-139863738410816", "trial_id": 40, "param_name": "lr", "param_value_internal": 7.89575382206481e-05, "distribution": "{\"name\": \"FloatDistribution\", \"attributes\": {\"step\": null, \"low\": 1e-05, \"high\": 0.001, \"log\": true}}"}
{"op_code": 5, "worker_id": "955ce41c-86e8-424f-b1f7-d91646fac68e-139863738410816", "trial_id": 40, "param_name": "l2reg", "param_value_internal": 6.18407227413624e-05, "distribution": "{\"name\": \"FloatDistribution\", \"attributes\": {\"step\": null, \"low\": 1e-08, \"high\": 0.001, \"log\": true}}"}
{"op_code": 5, "worker_id": "955ce41c-86e8-424f-b1f7-d91646fac68e-139863738410816", "trial_id": 40, "param_name": "random_seed", "param_value_internal": 0, "distribution": "{\"name\": \"CategoricalDistribution\", \"attributes\": {\"choices\": [42]}}"}
{"op_code": 5, "worker_id": "955ce41c-86e8-424f-b1f7-d91646fac68e-139863738410816", "trial_id": 40, "param_name": "degree", "param_value_internal": 0, "distribution": "{\"name\": \"CategoricalDistribution\", \"attributes\": {\"choices\": [0]}}"}
{"op_code": 8, "worker_id": "955ce41c-86e8-424f-b1f7-d91646fac68e-139863738410816", "trial_id": 40, "user_attr": {"best_epoch": 2}}
{"op_code": 8, "worker_id": "955ce41c-86e8-424f-b1f7-d91646fac68e-139863738410816", "trial_id": 40, "user_attr": {"test_loss": 0.4453368279540181}}
{"op_code": 6, "worker_id": "955ce41c-86e8-424f-b1f7-d91646fac68e-139863738410816", "trial_id": 40, "state": 1, "values": [0.4452388878393588], "datetime_complete": "2024-08-21T01:52:10.236850"}
{"op_code": 4, "worker_id": "955ce41c-86e8-424f-b1f7-d91646fac68e-139863738410816", "study_id": 0, "datetime_start": "2024-08-21T01:52:10.252456"}
{"op_code": 5, "worker_id": "955ce41c-86e8-424f-b1f7-d91646fac68e-139863738410816", "trial_id": 41, "param_name": "lr", "param_value_internal": 0.00016801948716494344, "distribution": "{\"name\": \"FloatDistribution\", \"attributes\": {\"step\": null, \"low\": 1e-05, \"high\": 0.001, \"log\": true}}"}
{"op_code": 5, "worker_id": "955ce41c-86e8-424f-b1f7-d91646fac68e-139863738410816", "trial_id": 41, "param_name": "l2reg", "param_value_internal": 2.1869822985901606e-05, "distribution": "{\"name\": \"FloatDistribution\", \"attributes\": {\"step\": null, \"low\": 1e-08, \"high\": 0.001, \"log\": true}}"}
{"op_code": 5, "worker_id": "955ce41c-86e8-424f-b1f7-d91646fac68e-139863738410816", "trial_id": 41, "param_name": "random_seed", "param_value_internal": 0, "distribution": "{\"name\": \"CategoricalDistribution\", \"attributes\": {\"choices\": [42]}}"}
{"op_code": 5, "worker_id": "955ce41c-86e8-424f-b1f7-d91646fac68e-139863738410816", "trial_id": 41, "param_name": "degree", "param_value_internal": 0, "distribution": "{\"name\": \"CategoricalDistribution\", \"attributes\": {\"choices\": [0]}}"}
{"op_code": 8, "worker_id": "955ce41c-86e8-424f-b1f7-d91646fac68e-139863738410816", "trial_id": 41, "user_attr": {"best_epoch": 1}}
{"op_code": 8, "worker_id": "955ce41c-86e8-424f-b1f7-d91646fac68e-139863738410816", "trial_id": 41, "user_attr": {"test_loss": 0.4447644097839296}}
{"op_code": 6, "worker_id": "955ce41c-86e8-424f-b1f7-d91646fac68e-139863738410816", "trial_id": 41, "state": 1, "values": [0.44461473252325123], "datetime_complete": "2024-08-21T02:11:29.350991"}
{"op_code": 4, "worker_id": "955ce41c-86e8-424f-b1f7-d91646fac68e-139863738410816", "study_id": 0, "datetime_start": "2024-08-21T02:11:29.361581"}
{"op_code": 5, "worker_id": "955ce41c-86e8-424f-b1f7-d91646fac68e-139863738410816", "trial_id": 42, "param_name": "lr", "param_value_internal": 6.372469296752223e-05, "distribution": "{\"name\": \"FloatDistribution\", \"attributes\": {\"step\": null, \"low\": 1e-05, \"high\": 0.001, \"log\": true}}"}
{"op_code": 5, "worker_id": "955ce41c-86e8-424f-b1f7-d91646fac68e-139863738410816", "trial_id": 42, "param_name": "l2reg", "param_value_internal": 2.2160565252631683e-05, "distribution": "{\"name\": \"FloatDistribution\", \"attributes\": {\"step\": null, \"low\": 1e-08, \"high\": 0.001, \"log\": true}}"}
{"op_code": 5, "worker_id": "955ce41c-86e8-424f-b1f7-d91646fac68e-139863738410816", "trial_id": 42, "param_name": "random_seed", "param_value_internal": 0, "distribution": "{\"name\": \"CategoricalDistribution\", \"attributes\": {\"choices\": [42]}}"}
{"op_code": 5, "worker_id": "955ce41c-86e8-424f-b1f7-d91646fac68e-139863738410816", "trial_id": 42, "param_name": "degree", "param_value_internal": 0, "distribution": "{\"name\": \"CategoricalDistribution\", \"attributes\": {\"choices\": [0]}}"}
{"op_code": 8, "worker_id": "955ce41c-86e8-424f-b1f7-d91646fac68e-139863738410816", "trial_id": 42, "user_attr": {"best_epoch": 3}}
{"op_code": 8, "worker_id": "955ce41c-86e8-424f-b1f7-d91646fac68e-139863738410816", "trial_id": 42, "user_attr": {"test_loss": 0.44533850041564305}}
{"op_code": 6, "worker_id": "955ce41c-86e8-424f-b1f7-d91646fac68e-139863738410816", "trial_id": 42, "state": 1, "values": [0.4452201635434541], "datetime_complete": "2024-08-21T02:36:55.206151"}
{"op_code": 4, "worker_id": "955ce41c-86e8-424f-b1f7-d91646fac68e-139863738410816", "study_id": 0, "datetime_start": "2024-08-21T02:36:55.216267"}
{"op_code": 5, "worker_id": "955ce41c-86e8-424f-b1f7-d91646fac68e-139863738410816", "trial_id": 43, "param_name": "lr", "param_value_internal": 0.00014227014386432294, "distribution": "{\"name\": \"FloatDistribution\", \"attributes\": {\"step\": null, \"low\": 1e-05, \"high\": 0.001, \"log\": true}}"}
{"op_code": 5, "worker_id": "955ce41c-86e8-424f-b1f7-d91646fac68e-139863738410816", "trial_id": 43, "param_name": "l2reg", "param_value_internal": 1.4270381641121716e-05, "distribution": "{\"name\": \"FloatDistribution\", \"attributes\": {\"step\": null, \"low\": 1e-08, \"high\": 0.001, \"log\": true}}"}
{"op_code": 5, "worker_id": "955ce41c-86e8-424f-b1f7-d91646fac68e-139863738410816", "trial_id": 43, "param_name": "random_seed", "param_value_internal": 0, "distribution": "{\"name\": \"CategoricalDistribution\", \"attributes\": {\"choices\": [42]}}"}
{"op_code": 5, "worker_id": "955ce41c-86e8-424f-b1f7-d91646fac68e-139863738410816", "trial_id": 43, "param_name": "degree", "param_value_internal": 0, "distribution": "{\"name\": \"CategoricalDistribution\", \"attributes\": {\"choices\": [0]}}"}
{"op_code": 8, "worker_id": "955ce41c-86e8-424f-b1f7-d91646fac68e-139863738410816", "trial_id": 43, "user_attr": {"best_epoch": 1}}
{"op_code": 8, "worker_id": "955ce41c-86e8-424f-b1f7-d91646fac68e-139863738410816", "trial_id": 43, "user_attr": {"test_loss": 0.4447774258983155}}
{"op_code": 6, "worker_id": "955ce41c-86e8-424f-b1f7-d91646fac68e-139863738410816", "trial_id": 43, "state": 1, "values": [0.44463011189639234], "datetime_complete": "2024-08-21T02:55:30.278288"}
{"op_code": 4, "worker_id": "955ce41c-86e8-424f-b1f7-d91646fac68e-139863738410816", "study_id": 0, "datetime_start": "2024-08-21T02:55:30.289680"}
{"op_code": 5, "worker_id": "955ce41c-86e8-424f-b1f7-d91646fac68e-139863738410816", "trial_id": 44, "param_name": "lr", "param_value_internal": 0.00027046208442716525, "distribution": "{\"name\": \"FloatDistribution\", \"attributes\": {\"step\": null, \"low\": 1e-05, \"high\": 0.001, \"log\": true}}"}
{"op_code": 5, "worker_id": "955ce41c-86e8-424f-b1f7-d91646fac68e-139863738410816", "trial_id": 44, "param_name": "l2reg", "param_value_internal": 0.0001397493657492873, "distribution": "{\"name\": \"FloatDistribution\", \"attributes\": {\"step\": null, \"low\": 1e-08, \"high\": 0.001, \"log\": true}}"}
{"op_code": 5, "worker_id": "955ce41c-86e8-424f-b1f7-d91646fac68e-139863738410816", "trial_id": 44, "param_name": "random_seed", "param_value_internal": 0, "distribution": "{\"name\": \"CategoricalDistribution\", \"attributes\": {\"choices\": [42]}}"}
{"op_code": 5, "worker_id": "955ce41c-86e8-424f-b1f7-d91646fac68e-139863738410816", "trial_id": 44, "param_name": "degree", "param_value_internal": 0, "distribution": "{\"name\": \"CategoricalDistribution\", \"attributes\": {\"choices\": [0]}}"}
{"op_code": 8, "worker_id": "955ce41c-86e8-424f-b1f7-d91646fac68e-139863738410816", "trial_id": 44, "user_attr": {"best_epoch": 0}}
{"op_code": 8, "worker_id": "955ce41c-86e8-424f-b1f7-d91646fac68e-139863738410816", "trial_id": 44, "user_attr": {"test_loss": 0.44537973023048555}}
{"op_code": 6, "worker_id": "955ce41c-86e8-424f-b1f7-d91646fac68e-139863738410816", "trial_id": 44, "state": 1, "values": [0.44526931936493586], "datetime_complete": "2024-08-21T03:10:45.059619"}
{"op_code": 4, "worker_id": "955ce41c-86e8-424f-b1f7-d91646fac68e-139863738410816", "study_id": 0, "datetime_start": "2024-08-21T03:10:45.070935"}
{"op_code": 5, "worker_id": "955ce41c-86e8-424f-b1f7-d91646fac68e-139863738410816", "trial_id": 45, "param_name": "lr", "param_value_internal": 0.00011499633718625897, "distribution": "{\"name\": \"FloatDistribution\", \"attributes\": {\"step\": null, \"low\": 1e-05, \"high\": 0.001, \"log\": true}}"}
{"op_code": 5, "worker_id": "955ce41c-86e8-424f-b1f7-d91646fac68e-139863738410816", "trial_id": 45, "param_name": "l2reg", "param_value_internal": 2.475178751358608e-05, "distribution": "{\"name\": \"FloatDistribution\", \"attributes\": {\"step\": null, \"low\": 1e-08, \"high\": 0.001, \"log\": true}}"}
{"op_code": 5, "worker_id": "955ce41c-86e8-424f-b1f7-d91646fac68e-139863738410816", "trial_id": 45, "param_name": "random_seed", "param_value_internal": 0, "distribution": "{\"name\": \"CategoricalDistribution\", \"attributes\": {\"choices\": [42]}}"}
{"op_code": 5, "worker_id": "955ce41c-86e8-424f-b1f7-d91646fac68e-139863738410816", "trial_id": 45, "param_name": "degree", "param_value_internal": 0, "distribution": "{\"name\": \"CategoricalDistribution\", \"attributes\": {\"choices\": [0]}}"}
{"op_code": 8, "worker_id": "955ce41c-86e8-424f-b1f7-d91646fac68e-139863738410816", "trial_id": 45, "user_attr": {"best_epoch": 1}}
{"op_code": 8, "worker_id": "955ce41c-86e8-424f-b1f7-d91646fac68e-139863738410816", "trial_id": 45, "user_attr": {"test_loss": 0.44514053186024855}}
{"op_code": 6, "worker_id": "955ce41c-86e8-424f-b1f7-d91646fac68e-139863738410816", "trial_id": 45, "state": 1, "values": [0.4450073973694073], "datetime_complete": "2024-08-21T03:29:16.582222"}
{"op_code": 4, "worker_id": "955ce41c-86e8-424f-b1f7-d91646fac68e-139863738410816", "study_id": 0, "datetime_start": "2024-08-21T03:29:16.622023"}
{"op_code": 5, "worker_id": "955ce41c-86e8-424f-b1f7-d91646fac68e-139863738410816", "trial_id": 46, "param_name": "lr", "param_value_internal": 0.00018543597656921597, "distribution": "{\"name\": \"FloatDistribution\", \"attributes\": {\"step\": null, \"low\": 1e-05, \"high\": 0.001, \"log\": true}}"}
{"op_code": 5, "worker_id": "955ce41c-86e8-424f-b1f7-d91646fac68e-139863738410816", "trial_id": 46, "param_name": "l2reg", "param_value_internal": 6.947852390300994e-05, "distribution": "{\"name\": \"FloatDistribution\", \"attributes\": {\"step\": null, \"low\": 1e-08, \"high\": 0.001, \"log\": true}}"}
{"op_code": 5, "worker_id": "955ce41c-86e8-424f-b1f7-d91646fac68e-139863738410816", "trial_id": 46, "param_name": "random_seed", "param_value_internal": 0, "distribution": "{\"name\": \"CategoricalDistribution\", \"attributes\": {\"choices\": [42]}}"}
{"op_code": 5, "worker_id": "955ce41c-86e8-424f-b1f7-d91646fac68e-139863738410816", "trial_id": 46, "param_name": "degree", "param_value_internal": 0, "distribution": "{\"name\": \"CategoricalDistribution\", \"attributes\": {\"choices\": [0]}}"}
{"op_code": 8, "worker_id": "955ce41c-86e8-424f-b1f7-d91646fac68e-139863738410816", "trial_id": 46, "user_attr": {"best_epoch": 1}}
{"op_code": 8, "worker_id": "955ce41c-86e8-424f-b1f7-d91646fac68e-139863738410816", "trial_id": 46, "user_attr": {"test_loss": 0.44485977645441627}}
{"op_code": 6, "worker_id": "955ce41c-86e8-424f-b1f7-d91646fac68e-139863738410816", "trial_id": 46, "state": 1, "values": [0.44470795406635716], "datetime_complete": "2024-08-21T03:48:26.027429"}
{"op_code": 4, "worker_id": "955ce41c-86e8-424f-b1f7-d91646fac68e-139863738410816", "study_id": 0, "datetime_start": "2024-08-21T03:48:26.037938"}
{"op_code": 5, "worker_id": "955ce41c-86e8-424f-b1f7-d91646fac68e-139863738410816", "trial_id": 47, "param_name": "lr", "param_value_internal": 8.947095929386006e-05, "distribution": "{\"name\": \"FloatDistribution\", \"attributes\": {\"step\": null, \"low\": 1e-05, \"high\": 0.001, \"log\": true}}"}
{"op_code": 5, "worker_id": "955ce41c-86e8-424f-b1f7-d91646fac68e-139863738410816", "trial_id": 47, "param_name": "l2reg", "param_value_internal": 1.994945539949845e-06, "distribution": "{\"name\": \"FloatDistribution\", \"attributes\": {\"step\": null, \"low\": 1e-08, \"high\": 0.001, \"log\": true}}"}
{"op_code": 5, "worker_id": "955ce41c-86e8-424f-b1f7-d91646fac68e-139863738410816", "trial_id": 47, "param_name": "random_seed", "param_value_internal": 0, "distribution": "{\"name\": \"CategoricalDistribution\", \"attributes\": {\"choices\": [42]}}"}
{"op_code": 5, "worker_id": "955ce41c-86e8-424f-b1f7-d91646fac68e-139863738410816", "trial_id": 47, "param_name": "degree", "param_value_internal": 0, "distribution": "{\"name\": \"CategoricalDistribution\", \"attributes\": {\"choices\": [0]}}"}
{"op_code": 8, "worker_id": "955ce41c-86e8-424f-b1f7-d91646fac68e-139863738410816", "trial_id": 47, "user_attr": {"best_epoch": 2}}
{"op_code": 8, "worker_id": "955ce41c-86e8-424f-b1f7-d91646fac68e-139863738410816", "trial_id": 47, "user_attr": {"test_loss": 0.44521855583084113}}
{"op_code": 6, "worker_id": "955ce41c-86e8-424f-b1f7-d91646fac68e-139863738410816", "trial_id": 47, "state": 1, "values": [0.4451102173865304], "datetime_complete": "2024-08-21T04:10:24.614259"}
{"op_code": 4, "worker_id": "955ce41c-86e8-424f-b1f7-d91646fac68e-139863738410816", "study_id": 0, "datetime_start": "2024-08-21T04:10:24.623432"}
{"op_code": 5, "worker_id": "955ce41c-86e8-424f-b1f7-d91646fac68e-139863738410816", "trial_id": 48, "param_name": "lr", "param_value_internal": 0.0001317279452248721, "distribution": "{\"name\": \"FloatDistribution\", \"attributes\": {\"step\": null, \"low\": 1e-05, \"high\": 0.001, \"log\": true}}"}
{"op_code": 5, "worker_id": "955ce41c-86e8-424f-b1f7-d91646fac68e-139863738410816", "trial_id": 48, "param_name": "l2reg", "param_value_internal": 0.00020910500927113712, "distribution": "{\"name\": \"FloatDistribution\", \"attributes\": {\"step\": null, \"low\": 1e-08, \"high\": 0.001, \"log\": true}}"}
{"op_code": 5, "worker_id": "955ce41c-86e8-424f-b1f7-d91646fac68e-139863738410816", "trial_id": 48, "param_name": "random_seed", "param_value_internal": 0, "distribution": "{\"name\": \"CategoricalDistribution\", \"attributes\": {\"choices\": [42]}}"}
{"op_code": 5, "worker_id": "955ce41c-86e8-424f-b1f7-d91646fac68e-139863738410816", "trial_id": 48, "param_name": "degree", "param_value_internal": 0, "distribution": "{\"name\": \"CategoricalDistribution\", \"attributes\": {\"choices\": [0]}}"}
{"op_code": 8, "worker_id": "955ce41c-86e8-424f-b1f7-d91646fac68e-139863738410816", "trial_id": 48, "user_attr": {"best_epoch": 1}}
{"op_code": 8, "worker_id": "955ce41c-86e8-424f-b1f7-d91646fac68e-139863738410816", "trial_id": 48, "user_attr": {"test_loss": 0.44486301230408204}}
{"op_code": 6, "worker_id": "955ce41c-86e8-424f-b1f7-d91646fac68e-139863738410816", "trial_id": 48, "state": 1, "values": [0.4447198067274541], "datetime_complete": "2024-08-21T04:29:19.609961"}
{"op_code": 4, "worker_id": "955ce41c-86e8-424f-b1f7-d91646fac68e-139863738410816", "study_id": 0, "datetime_start": "2024-08-21T04:29:19.632041"}
{"op_code": 5, "worker_id": "955ce41c-86e8-424f-b1f7-d91646fac68e-139863738410816", "trial_id": 49, "param_name": "lr", "param_value_internal": 0.00016988266725767318, "distribution": "{\"name\": \"FloatDistribution\", \"attributes\": {\"step\": null, \"low\": 1e-05, \"high\": 0.001, \"log\": true}}"}
{"op_code": 5, "worker_id": "955ce41c-86e8-424f-b1f7-d91646fac68e-139863738410816", "trial_id": 49, "param_name": "l2reg", "param_value_internal": 7.02580165666932e-06, "distribution": "{\"name\": \"FloatDistribution\", \"attributes\": {\"step\": null, \"low\": 1e-08, \"high\": 0.001, \"log\": true}}"}
{"op_code": 5, "worker_id": "955ce41c-86e8-424f-b1f7-d91646fac68e-139863738410816", "trial_id": 49, "param_name": "random_seed", "param_value_internal": 0, "distribution": "{\"name\": \"CategoricalDistribution\", \"attributes\": {\"choices\": [42]}}"}
{"op_code": 5, "worker_id": "955ce41c-86e8-424f-b1f7-d91646fac68e-139863738410816", "trial_id": 49, "param_name": "degree", "param_value_internal": 0, "distribution": "{\"name\": \"CategoricalDistribution\", \"attributes\": {\"choices\": [0]}}"}
{"op_code": 8, "worker_id": "955ce41c-86e8-424f-b1f7-d91646fac68e-139863738410816", "trial_id": 49, "user_attr": {"best_epoch": 1}}
{"op_code": 8, "worker_id": "955ce41c-86e8-424f-b1f7-d91646fac68e-139863738410816", "trial_id": 49, "user_attr": {"test_loss": 0.44477124506187526}}
{"op_code": 6, "worker_id": "955ce41c-86e8-424f-b1f7-d91646fac68e-139863738410816", "trial_id": 49, "state": 1, "values": [0.4446211315059293], "datetime_complete": "2024-08-21T04:48:11.520465"}
