{"op_code": 0, "worker_id": "22854e2f-0f43-4609-8441-575530d09299-140301461989184", "study_name": "criteo_splines_0_32", "directions": [1]}
{"op_code": 4, "worker_id": "22854e2f-0f43-4609-8441-575530d09299-140301461989184", "study_id": 0, "datetime_start": "2024-08-29T04:54:25.585697"}
{"op_code": 5, "worker_id": "22854e2f-0f43-4609-8441-575530d09299-140301461989184", "trial_id": 0, "param_name": "lr", "param_value_internal": 5.6115164153345e-05, "distribution": "{\"name\": \"FloatDistribution\", \"attributes\": {\"step\": null, \"low\": 1e-05, \"high\": 0.001, \"log\": true}}"}
{"op_code": 5, "worker_id": "22854e2f-0f43-4609-8441-575530d09299-140301461989184", "trial_id": 0, "param_name": "l2reg", "param_value_internal": 0.0005669849511478851, "distribution": "{\"name\": \"FloatDistribution\", \"attributes\": {\"step\": null, \"low\": 1e-08, \"high\": 0.001, \"log\": true}}"}
{"op_code": 5, "worker_id": "22854e2f-0f43-4609-8441-575530d09299-140301461989184", "trial_id": 0, "param_name": "random_seed", "param_value_internal": 0, "distribution": "{\"name\": \"CategoricalDistribution\", \"attributes\": {\"choices\": [42]}}"}
{"op_code": 5, "worker_id": "22854e2f-0f43-4609-8441-575530d09299-140301461989184", "trial_id": 0, "param_name": "degree", "param_value_internal": 0, "distribution": "{\"name\": \"CategoricalDistribution\", \"attributes\": {\"choices\": [0]}}"}
{"op_code": 8, "worker_id": "22854e2f-0f43-4609-8441-575530d09299-140301461989184", "trial_id": 0, "user_attr": {"best_epoch": 3}}
{"op_code": 8, "worker_id": "22854e2f-0f43-4609-8441-575530d09299-140301461989184", "trial_id": 0, "user_attr": {"test_loss": 0.4488351433728427}}
{"op_code": 6, "worker_id": "22854e2f-0f43-4609-8441-575530d09299-140301461989184", "trial_id": 0, "state": 1, "values": [0.44995079145962685], "datetime_complete": "2024-08-29T05:15:24.160039"}
{"op_code": 4, "worker_id": "22854e2f-0f43-4609-8441-575530d09299-140301461989184", "study_id": 0, "datetime_start": "2024-08-29T05:15:24.170733"}
{"op_code": 5, "worker_id": "22854e2f-0f43-4609-8441-575530d09299-140301461989184", "trial_id": 1, "param_name": "lr", "param_value_internal": 0.000291063591313307, "distribution": "{\"name\": \"FloatDistribution\", \"attributes\": {\"step\": null, \"low\": 1e-05, \"high\": 0.001, \"log\": true}}"}
{"op_code": 5, "worker_id": "22854e2f-0f43-4609-8441-575530d09299-140301461989184", "trial_id": 1, "param_name": "l2reg", "param_value_internal": 9.846738873614555e-06, "distribution": "{\"name\": \"FloatDistribution\", \"attributes\": {\"step\": null, \"low\": 1e-08, \"high\": 0.001, \"log\": true}}"}
{"op_code": 5, "worker_id": "22854e2f-0f43-4609-8441-575530d09299-140301461989184", "trial_id": 1, "param_name": "random_seed", "param_value_internal": 0, "distribution": "{\"name\": \"CategoricalDistribution\", \"attributes\": {\"choices\": [42]}}"}
{"op_code": 5, "worker_id": "22854e2f-0f43-4609-8441-575530d09299-140301461989184", "trial_id": 1, "param_name": "degree", "param_value_internal": 0, "distribution": "{\"name\": \"CategoricalDistribution\", \"attributes\": {\"choices\": [0]}}"}
{"op_code": 8, "worker_id": "22854e2f-0f43-4609-8441-575530d09299-140301461989184", "trial_id": 1, "user_attr": {"best_epoch": 0}}
{"op_code": 8, "worker_id": "22854e2f-0f43-4609-8441-575530d09299-140301461989184", "trial_id": 1, "user_attr": {"test_loss": 0.4488107108935263}}
{"op_code": 6, "worker_id": "22854e2f-0f43-4609-8441-575530d09299-140301461989184", "trial_id": 1, "state": 1, "values": [0.4498679882601937], "datetime_complete": "2024-08-29T05:28:12.964079"}
{"op_code": 4, "worker_id": "22854e2f-0f43-4609-8441-575530d09299-140301461989184", "study_id": 0, "datetime_start": "2024-08-29T05:28:12.973190"}
{"op_code": 5, "worker_id": "22854e2f-0f43-4609-8441-575530d09299-140301461989184", "trial_id": 2, "param_name": "lr", "param_value_internal": 2.0513382630874486e-05, "distribution": "{\"name\": \"FloatDistribution\", \"attributes\": {\"step\": null, \"low\": 1e-05, \"high\": 0.001, \"log\": true}}"}
{"op_code": 5, "worker_id": "22854e2f-0f43-4609-8441-575530d09299-140301461989184", "trial_id": 2, "param_name": "l2reg", "param_value_internal": 6.02521573620385e-08, "distribution": "{\"name\": \"FloatDistribution\", \"attributes\": {\"step\": null, \"low\": 1e-08, \"high\": 0.001, \"log\": true}}"}
{"op_code": 5, "worker_id": "22854e2f-0f43-4609-8441-575530d09299-140301461989184", "trial_id": 2, "param_name": "random_seed", "param_value_internal": 0, "distribution": "{\"name\": \"CategoricalDistribution\", \"attributes\": {\"choices\": [42]}}"}
{"op_code": 5, "worker_id": "22854e2f-0f43-4609-8441-575530d09299-140301461989184", "trial_id": 2, "param_name": "degree", "param_value_internal": 0, "distribution": "{\"name\": \"CategoricalDistribution\", \"attributes\": {\"choices\": [0]}}"}
{"op_code": 8, "worker_id": "22854e2f-0f43-4609-8441-575530d09299-140301461989184", "trial_id": 2, "user_attr": {"best_epoch": 9}}
{"op_code": 8, "worker_id": "22854e2f-0f43-4609-8441-575530d09299-140301461989184", "trial_id": 2, "user_attr": {"test_loss": 0.45008471198687977}}
{"op_code": 6, "worker_id": "22854e2f-0f43-4609-8441-575530d09299-140301461989184", "trial_id": 2, "state": 1, "values": [0.45114752483714227], "datetime_complete": "2024-08-29T05:58:35.138361"}
{"op_code": 4, "worker_id": "22854e2f-0f43-4609-8441-575530d09299-140301461989184", "study_id": 0, "datetime_start": "2024-08-29T05:58:35.147376"}
{"op_code": 5, "worker_id": "22854e2f-0f43-4609-8441-575530d09299-140301461989184", "trial_id": 3, "param_name": "lr", "param_value_internal": 1.3066739238053272e-05, "distribution": "{\"name\": \"FloatDistribution\", \"attributes\": {\"step\": null, \"low\": 1e-05, \"high\": 0.001, \"log\": true}}"}
{"op_code": 5, "worker_id": "22854e2f-0f43-4609-8441-575530d09299-140301461989184", "trial_id": 3, "param_name": "l2reg", "param_value_internal": 0.00021423021757741048, "distribution": "{\"name\": \"FloatDistribution\", \"attributes\": {\"step\": null, \"low\": 1e-08, \"high\": 0.001, \"log\": true}}"}
{"op_code": 5, "worker_id": "22854e2f-0f43-4609-8441-575530d09299-140301461989184", "trial_id": 3, "param_name": "random_seed", "param_value_internal": 0, "distribution": "{\"name\": \"CategoricalDistribution\", \"attributes\": {\"choices\": [42]}}"}
{"op_code": 5, "worker_id": "22854e2f-0f43-4609-8441-575530d09299-140301461989184", "trial_id": 3, "param_name": "degree", "param_value_internal": 0, "distribution": "{\"name\": \"CategoricalDistribution\", \"attributes\": {\"choices\": [0]}}"}
{"op_code": 8, "worker_id": "22854e2f-0f43-4609-8441-575530d09299-140301461989184", "trial_id": 3, "user_attr": {"best_epoch": 9}}
{"op_code": 8, "worker_id": "22854e2f-0f43-4609-8441-575530d09299-140301461989184", "trial_id": 3, "user_attr": {"test_loss": 0.45210252937242124}}
{"op_code": 6, "worker_id": "22854e2f-0f43-4609-8441-575530d09299-140301461989184", "trial_id": 3, "state": 1, "values": [0.4531604175510715], "datetime_complete": "2024-08-29T06:27:33.875905"}
{"op_code": 4, "worker_id": "22854e2f-0f43-4609-8441-575530d09299-140301461989184", "study_id": 0, "datetime_start": "2024-08-29T06:27:33.884941"}
{"op_code": 5, "worker_id": "22854e2f-0f43-4609-8441-575530d09299-140301461989184", "trial_id": 4, "param_name": "lr", "param_value_internal": 0.00015930522616241006, "distribution": "{\"name\": \"FloatDistribution\", \"attributes\": {\"step\": null, \"low\": 1e-05, \"high\": 0.001, \"log\": true}}"}
{"op_code": 5, "worker_id": "22854e2f-0f43-4609-8441-575530d09299-140301461989184", "trial_id": 4, "param_name": "l2reg", "param_value_internal": 3.47026698865041e-05, "distribution": "{\"name\": \"FloatDistribution\", \"attributes\": {\"step\": null, \"low\": 1e-08, \"high\": 0.001, \"log\": true}}"}
{"op_code": 5, "worker_id": "22854e2f-0f43-4609-8441-575530d09299-140301461989184", "trial_id": 4, "param_name": "random_seed", "param_value_internal": 0, "distribution": "{\"name\": \"CategoricalDistribution\", \"attributes\": {\"choices\": [42]}}"}
{"op_code": 5, "worker_id": "22854e2f-0f43-4609-8441-575530d09299-140301461989184", "trial_id": 4, "param_name": "degree", "param_value_internal": 0, "distribution": "{\"name\": \"CategoricalDistribution\", \"attributes\": {\"choices\": [0]}}"}
{"op_code": 8, "worker_id": "22854e2f-0f43-4609-8441-575530d09299-140301461989184", "trial_id": 4, "user_attr": {"best_epoch": 1}}
{"op_code": 8, "worker_id": "22854e2f-0f43-4609-8441-575530d09299-140301461989184", "trial_id": 4, "user_attr": {"test_loss": 0.44855462796969153}}
{"op_code": 6, "worker_id": "22854e2f-0f43-4609-8441-575530d09299-140301461989184", "trial_id": 4, "state": 1, "values": [0.4495818610219495], "datetime_complete": "2024-08-29T06:42:50.923710"}
{"op_code": 4, "worker_id": "22854e2f-0f43-4609-8441-575530d09299-140301461989184", "study_id": 0, "datetime_start": "2024-08-29T06:42:50.932551"}
{"op_code": 5, "worker_id": "22854e2f-0f43-4609-8441-575530d09299-140301461989184", "trial_id": 5, "param_name": "lr", "param_value_internal": 1.0994335574766187e-05, "distribution": "{\"name\": \"FloatDistribution\", \"attributes\": {\"step\": null, \"low\": 1e-05, \"high\": 0.001, \"log\": true}}"}
{"op_code": 5, "worker_id": "22854e2f-0f43-4609-8441-575530d09299-140301461989184", "trial_id": 5, "param_name": "l2reg", "param_value_internal": 0.0007072114131472234, "distribution": "{\"name\": \"FloatDistribution\", \"attributes\": {\"step\": null, \"low\": 1e-08, \"high\": 0.001, \"log\": true}}"}
{"op_code": 5, "worker_id": "22854e2f-0f43-4609-8441-575530d09299-140301461989184", "trial_id": 5, "param_name": "random_seed", "param_value_internal": 0, "distribution": "{\"name\": \"CategoricalDistribution\", \"attributes\": {\"choices\": [42]}}"}
{"op_code": 5, "worker_id": "22854e2f-0f43-4609-8441-575530d09299-140301461989184", "trial_id": 5, "param_name": "degree", "param_value_internal": 0, "distribution": "{\"name\": \"CategoricalDistribution\", \"attributes\": {\"choices\": [0]}}"}
{"op_code": 8, "worker_id": "22854e2f-0f43-4609-8441-575530d09299-140301461989184", "trial_id": 5, "user_attr": {"best_epoch": 9}}
{"op_code": 8, "worker_id": "22854e2f-0f43-4609-8441-575530d09299-140301461989184", "trial_id": 5, "user_attr": {"test_loss": 0.45319508113110163}}
{"op_code": 6, "worker_id": "22854e2f-0f43-4609-8441-575530d09299-140301461989184", "trial_id": 5, "state": 1, "values": [0.4542603754050447], "datetime_complete": "2024-08-29T07:12:26.723417"}
{"op_code": 4, "worker_id": "22854e2f-0f43-4609-8441-575530d09299-140301461989184", "study_id": 0, "datetime_start": "2024-08-29T07:12:26.732136"}
{"op_code": 5, "worker_id": "22854e2f-0f43-4609-8441-575530d09299-140301461989184", "trial_id": 6, "param_name": "lr", "param_value_internal": 0.000462258900102083, "distribution": "{\"name\": \"FloatDistribution\", \"attributes\": {\"step\": null, \"low\": 1e-05, \"high\": 0.001, \"log\": true}}"}
{"op_code": 5, "worker_id": "22854e2f-0f43-4609-8441-575530d09299-140301461989184", "trial_id": 6, "param_name": "l2reg", "param_value_internal": 1.1526449540315595e-07, "distribution": "{\"name\": \"FloatDistribution\", \"attributes\": {\"step\": null, \"low\": 1e-08, \"high\": 0.001, \"log\": true}}"}
{"op_code": 5, "worker_id": "22854e2f-0f43-4609-8441-575530d09299-140301461989184", "trial_id": 6, "param_name": "random_seed", "param_value_internal": 0, "distribution": "{\"name\": \"CategoricalDistribution\", \"attributes\": {\"choices\": [42]}}"}
{"op_code": 5, "worker_id": "22854e2f-0f43-4609-8441-575530d09299-140301461989184", "trial_id": 6, "param_name": "degree", "param_value_internal": 0, "distribution": "{\"name\": \"CategoricalDistribution\", \"attributes\": {\"choices\": [0]}}"}
{"op_code": 8, "worker_id": "22854e2f-0f43-4609-8441-575530d09299-140301461989184", "trial_id": 6, "user_attr": {"best_epoch": 0}}
{"op_code": 8, "worker_id": "22854e2f-0f43-4609-8441-575530d09299-140301461989184", "trial_id": 6, "user_attr": {"test_loss": 0.44888606982191775}}
{"op_code": 6, "worker_id": "22854e2f-0f43-4609-8441-575530d09299-140301461989184", "trial_id": 6, "state": 1, "values": [0.44993651372952637], "datetime_complete": "2024-08-29T07:24:53.028884"}
{"op_code": 4, "worker_id": "22854e2f-0f43-4609-8441-575530d09299-140301461989184", "study_id": 0, "datetime_start": "2024-08-29T07:24:53.037737"}
{"op_code": 5, "worker_id": "22854e2f-0f43-4609-8441-575530d09299-140301461989184", "trial_id": 7, "param_name": "lr", "param_value_internal": 2.3102018878452926e-05, "distribution": "{\"name\": \"FloatDistribution\", \"attributes\": {\"step\": null, \"low\": 1e-05, \"high\": 0.001, \"log\": true}}"}
{"op_code": 5, "worker_id": "22854e2f-0f43-4609-8441-575530d09299-140301461989184", "trial_id": 7, "param_name": "l2reg", "param_value_internal": 8.260808399079588e-08, "distribution": "{\"name\": \"FloatDistribution\", \"attributes\": {\"step\": null, \"low\": 1e-08, \"high\": 0.001, \"log\": true}}"}
{"op_code": 5, "worker_id": "22854e2f-0f43-4609-8441-575530d09299-140301461989184", "trial_id": 7, "param_name": "random_seed", "param_value_internal": 0, "distribution": "{\"name\": \"CategoricalDistribution\", \"attributes\": {\"choices\": [42]}}"}
{"op_code": 5, "worker_id": "22854e2f-0f43-4609-8441-575530d09299-140301461989184", "trial_id": 7, "param_name": "degree", "param_value_internal": 0, "distribution": "{\"name\": \"CategoricalDistribution\", \"attributes\": {\"choices\": [0]}}"}
{"op_code": 8, "worker_id": "22854e2f-0f43-4609-8441-575530d09299-140301461989184", "trial_id": 7, "user_attr": {"best_epoch": 8}}
{"op_code": 8, "worker_id": "22854e2f-0f43-4609-8441-575530d09299-140301461989184", "trial_id": 7, "user_attr": {"test_loss": 0.4500186679412277}}
{"op_code": 6, "worker_id": "22854e2f-0f43-4609-8441-575530d09299-140301461989184", "trial_id": 7, "state": 1, "values": [0.4509306865832094], "datetime_complete": "2024-08-29T07:54:00.540406"}
{"op_code": 4, "worker_id": "22854e2f-0f43-4609-8441-575530d09299-140301461989184", "study_id": 0, "datetime_start": "2024-08-29T07:54:00.549088"}
{"op_code": 5, "worker_id": "22854e2f-0f43-4609-8441-575530d09299-140301461989184", "trial_id": 8, "param_name": "lr", "param_value_internal": 4.059611610484306e-05, "distribution": "{\"name\": \"FloatDistribution\", \"attributes\": {\"step\": null, \"low\": 1e-05, \"high\": 0.001, \"log\": true}}"}
{"op_code": 5, "worker_id": "22854e2f-0f43-4609-8441-575530d09299-140301461989184", "trial_id": 8, "param_name": "l2reg", "param_value_internal": 4.2051564509138674e-06, "distribution": "{\"name\": \"FloatDistribution\", \"attributes\": {\"step\": null, \"low\": 1e-08, \"high\": 0.001, \"log\": true}}"}
{"op_code": 5, "worker_id": "22854e2f-0f43-4609-8441-575530d09299-140301461989184", "trial_id": 8, "param_name": "random_seed", "param_value_internal": 0, "distribution": "{\"name\": \"CategoricalDistribution\", \"attributes\": {\"choices\": [42]}}"}
{"op_code": 5, "worker_id": "22854e2f-0f43-4609-8441-575530d09299-140301461989184", "trial_id": 8, "param_name": "degree", "param_value_internal": 0, "distribution": "{\"name\": \"CategoricalDistribution\", \"attributes\": {\"choices\": [0]}}"}
{"op_code": 8, "worker_id": "22854e2f-0f43-4609-8441-575530d09299-140301461989184", "trial_id": 8, "user_attr": {"best_epoch": 4}}
{"op_code": 8, "worker_id": "22854e2f-0f43-4609-8441-575530d09299-140301461989184", "trial_id": 8, "user_attr": {"test_loss": 0.4495337595782954}}
{"op_code": 6, "worker_id": "22854e2f-0f43-4609-8441-575530d09299-140301461989184", "trial_id": 8, "state": 1, "values": [0.4505514105175715], "datetime_complete": "2024-08-29T08:17:51.146233"}
{"op_code": 4, "worker_id": "22854e2f-0f43-4609-8441-575530d09299-140301461989184", "study_id": 0, "datetime_start": "2024-08-29T08:17:51.155011"}
{"op_code": 5, "worker_id": "22854e2f-0f43-4609-8441-575530d09299-140301461989184", "trial_id": 9, "param_name": "lr", "param_value_internal": 7.309539835912905e-05, "distribution": "{\"name\": \"FloatDistribution\", \"attributes\": {\"step\": null, \"low\": 1e-05, \"high\": 0.001, \"log\": true}}"}
{"op_code": 5, "worker_id": "22854e2f-0f43-4609-8441-575530d09299-140301461989184", "trial_id": 9, "param_name": "l2reg", "param_value_internal": 2.8585493941961875e-07, "distribution": "{\"name\": \"FloatDistribution\", \"attributes\": {\"step\": null, \"low\": 1e-08, \"high\": 0.001, \"log\": true}}"}
{"op_code": 5, "worker_id": "22854e2f-0f43-4609-8441-575530d09299-140301461989184", "trial_id": 9, "param_name": "random_seed", "param_value_internal": 0, "distribution": "{\"name\": \"CategoricalDistribution\", \"attributes\": {\"choices\": [42]}}"}
{"op_code": 5, "worker_id": "22854e2f-0f43-4609-8441-575530d09299-140301461989184", "trial_id": 9, "param_name": "degree", "param_value_internal": 0, "distribution": "{\"name\": \"CategoricalDistribution\", \"attributes\": {\"choices\": [0]}}"}
{"op_code": 8, "worker_id": "22854e2f-0f43-4609-8441-575530d09299-140301461989184", "trial_id": 9, "user_attr": {"best_epoch": 2}}
{"op_code": 8, "worker_id": "22854e2f-0f43-4609-8441-575530d09299-140301461989184", "trial_id": 9, "user_attr": {"test_loss": 0.4494136586721558}}
{"op_code": 6, "worker_id": "22854e2f-0f43-4609-8441-575530d09299-140301461989184", "trial_id": 9, "state": 1, "values": [0.450275018095305], "datetime_complete": "2024-08-29T08:36:00.124509"}
{"op_code": 4, "worker_id": "22854e2f-0f43-4609-8441-575530d09299-140301461989184", "study_id": 0, "datetime_start": "2024-08-29T08:36:00.133023"}
{"op_code": 5, "worker_id": "22854e2f-0f43-4609-8441-575530d09299-140301461989184", "trial_id": 10, "param_name": "lr", "param_value_internal": 0.00018471184590376964, "distribution": "{\"name\": \"FloatDistribution\", \"attributes\": {\"step\": null, \"low\": 1e-05, \"high\": 0.001, \"log\": true}}"}
{"op_code": 5, "worker_id": "22854e2f-0f43-4609-8441-575530d09299-140301461989184", "trial_id": 10, "param_name": "l2reg", "param_value_internal": 3.8521646942747446e-05, "distribution": "{\"name\": \"FloatDistribution\", \"attributes\": {\"step\": null, \"low\": 1e-08, \"high\": 0.001, \"log\": true}}"}
{"op_code": 5, "worker_id": "22854e2f-0f43-4609-8441-575530d09299-140301461989184", "trial_id": 10, "param_name": "random_seed", "param_value_internal": 0, "distribution": "{\"name\": \"CategoricalDistribution\", \"attributes\": {\"choices\": [42]}}"}
{"op_code": 5, "worker_id": "22854e2f-0f43-4609-8441-575530d09299-140301461989184", "trial_id": 10, "param_name": "degree", "param_value_internal": 0, "distribution": "{\"name\": \"CategoricalDistribution\", \"attributes\": {\"choices\": [0]}}"}
{"op_code": 8, "worker_id": "22854e2f-0f43-4609-8441-575530d09299-140301461989184", "trial_id": 10, "user_attr": {"best_epoch": 1}}
{"op_code": 8, "worker_id": "22854e2f-0f43-4609-8441-575530d09299-140301461989184", "trial_id": 10, "user_attr": {"test_loss": 0.44902884712292285}}
{"op_code": 6, "worker_id": "22854e2f-0f43-4609-8441-575530d09299-140301461989184", "trial_id": 10, "state": 1, "values": [0.4500663876273925], "datetime_complete": "2024-08-29T08:51:54.413953"}
{"op_code": 4, "worker_id": "22854e2f-0f43-4609-8441-575530d09299-140301461989184", "study_id": 0, "datetime_start": "2024-08-29T08:51:54.423447"}
{"op_code": 5, "worker_id": "22854e2f-0f43-4609-8441-575530d09299-140301461989184", "trial_id": 11, "param_name": "lr", "param_value_internal": 0.0002440058840598451, "distribution": "{\"name\": \"FloatDistribution\", \"attributes\": {\"step\": null, \"low\": 1e-05, \"high\": 0.001, \"log\": true}}"}
{"op_code": 5, "worker_id": "22854e2f-0f43-4609-8441-575530d09299-140301461989184", "trial_id": 11, "param_name": "l2reg", "param_value_internal": 9.055633044829514e-06, "distribution": "{\"name\": \"FloatDistribution\", \"attributes\": {\"step\": null, \"low\": 1e-08, \"high\": 0.001, \"log\": true}}"}
{"op_code": 5, "worker_id": "22854e2f-0f43-4609-8441-575530d09299-140301461989184", "trial_id": 11, "param_name": "random_seed", "param_value_internal": 0, "distribution": "{\"name\": \"CategoricalDistribution\", \"attributes\": {\"choices\": [42]}}"}
{"op_code": 5, "worker_id": "22854e2f-0f43-4609-8441-575530d09299-140301461989184", "trial_id": 11, "param_name": "degree", "param_value_internal": 0, "distribution": "{\"name\": \"CategoricalDistribution\", \"attributes\": {\"choices\": [0]}}"}
{"op_code": 8, "worker_id": "22854e2f-0f43-4609-8441-575530d09299-140301461989184", "trial_id": 11, "user_attr": {"best_epoch": 0}}
{"op_code": 8, "worker_id": "22854e2f-0f43-4609-8441-575530d09299-140301461989184", "trial_id": 11, "user_attr": {"test_loss": 0.4489366908650014}}
{"op_code": 6, "worker_id": "22854e2f-0f43-4609-8441-575530d09299-140301461989184", "trial_id": 11, "state": 1, "values": [0.4499889290328098], "datetime_complete": "2024-08-29T09:04:31.868479"}
{"op_code": 4, "worker_id": "22854e2f-0f43-4609-8441-575530d09299-140301461989184", "study_id": 0, "datetime_start": "2024-08-29T09:04:31.880919"}
{"op_code": 5, "worker_id": "22854e2f-0f43-4609-8441-575530d09299-140301461989184", "trial_id": 12, "param_name": "lr", "param_value_internal": 0.000893524483630853, "distribution": "{\"name\": \"FloatDistribution\", \"attributes\": {\"step\": null, \"low\": 1e-05, \"high\": 0.001, \"log\": true}}"}
{"op_code": 5, "worker_id": "22854e2f-0f43-4609-8441-575530d09299-140301461989184", "trial_id": 12, "param_name": "l2reg", "param_value_internal": 3.703512367966746e-05, "distribution": "{\"name\": \"FloatDistribution\", \"attributes\": {\"step\": null, \"low\": 1e-08, \"high\": 0.001, \"log\": true}}"}
{"op_code": 5, "worker_id": "22854e2f-0f43-4609-8441-575530d09299-140301461989184", "trial_id": 12, "param_name": "random_seed", "param_value_internal": 0, "distribution": "{\"name\": \"CategoricalDistribution\", \"attributes\": {\"choices\": [42]}}"}
{"op_code": 5, "worker_id": "22854e2f-0f43-4609-8441-575530d09299-140301461989184", "trial_id": 12, "param_name": "degree", "param_value_internal": 0, "distribution": "{\"name\": \"CategoricalDistribution\", \"attributes\": {\"choices\": [0]}}"}
{"op_code": 8, "worker_id": "22854e2f-0f43-4609-8441-575530d09299-140301461989184", "trial_id": 12, "user_attr": {"best_epoch": 0}}
{"op_code": 8, "worker_id": "22854e2f-0f43-4609-8441-575530d09299-140301461989184", "trial_id": 12, "user_attr": {"test_loss": 0.44951875650896517}}
{"op_code": 6, "worker_id": "22854e2f-0f43-4609-8441-575530d09299-140301461989184", "trial_id": 12, "state": 1, "values": [0.45057996597777256], "datetime_complete": "2024-08-29T09:17:16.851332"}
{"op_code": 4, "worker_id": "22854e2f-0f43-4609-8441-575530d09299-140301461989184", "study_id": 0, "datetime_start": "2024-08-29T09:17:16.860221"}
{"op_code": 5, "worker_id": "22854e2f-0f43-4609-8441-575530d09299-140301461989184", "trial_id": 13, "param_name": "lr", "param_value_internal": 0.0001723789515214018, "distribution": "{\"name\": \"FloatDistribution\", \"attributes\": {\"step\": null, \"low\": 1e-05, \"high\": 0.001, \"log\": true}}"}
{"op_code": 5, "worker_id": "22854e2f-0f43-4609-8441-575530d09299-140301461989184", "trial_id": 13, "param_name": "l2reg", "param_value_internal": 9.167785859319847e-07, "distribution": "{\"name\": \"FloatDistribution\", \"attributes\": {\"step\": null, \"low\": 1e-08, \"high\": 0.001, \"log\": true}}"}
{"op_code": 5, "worker_id": "22854e2f-0f43-4609-8441-575530d09299-140301461989184", "trial_id": 13, "param_name": "random_seed", "param_value_internal": 0, "distribution": "{\"name\": \"CategoricalDistribution\", \"attributes\": {\"choices\": [42]}}"}
{"op_code": 5, "worker_id": "22854e2f-0f43-4609-8441-575530d09299-140301461989184", "trial_id": 13, "param_name": "degree", "param_value_internal": 0, "distribution": "{\"name\": \"CategoricalDistribution\", \"attributes\": {\"choices\": [0]}}"}
{"op_code": 8, "worker_id": "22854e2f-0f43-4609-8441-575530d09299-140301461989184", "trial_id": 13, "user_attr": {"best_epoch": 1}}
{"op_code": 8, "worker_id": "22854e2f-0f43-4609-8441-575530d09299-140301461989184", "trial_id": 13, "user_attr": {"test_loss": 0.44878116286385306}}
{"op_code": 6, "worker_id": "22854e2f-0f43-4609-8441-575530d09299-140301461989184", "trial_id": 13, "state": 1, "values": [0.4498130915332297], "datetime_complete": "2024-08-29T09:32:32.373529"}
{"op_code": 4, "worker_id": "22854e2f-0f43-4609-8441-575530d09299-140301461989184", "study_id": 0, "datetime_start": "2024-08-29T09:32:32.382312"}
{"op_code": 5, "worker_id": "22854e2f-0f43-4609-8441-575530d09299-140301461989184", "trial_id": 14, "param_name": "lr", "param_value_internal": 0.00012448484478535553, "distribution": "{\"name\": \"FloatDistribution\", \"attributes\": {\"step\": null, \"low\": 1e-05, \"high\": 0.001, \"log\": true}}"}
{"op_code": 5, "worker_id": "22854e2f-0f43-4609-8441-575530d09299-140301461989184", "trial_id": 14, "param_name": "l2reg", "param_value_internal": 7.907172569000156e-07, "distribution": "{\"name\": \"FloatDistribution\", \"attributes\": {\"step\": null, \"low\": 1e-08, \"high\": 0.001, \"log\": true}}"}
{"op_code": 5, "worker_id": "22854e2f-0f43-4609-8441-575530d09299-140301461989184", "trial_id": 14, "param_name": "random_seed", "param_value_internal": 0, "distribution": "{\"name\": \"CategoricalDistribution\", \"attributes\": {\"choices\": [42]}}"}
{"op_code": 5, "worker_id": "22854e2f-0f43-4609-8441-575530d09299-140301461989184", "trial_id": 14, "param_name": "degree", "param_value_internal": 0, "distribution": "{\"name\": \"CategoricalDistribution\", \"attributes\": {\"choices\": [0]}}"}
{"op_code": 8, "worker_id": "22854e2f-0f43-4609-8441-575530d09299-140301461989184", "trial_id": 14, "user_attr": {"best_epoch": 1}}
{"op_code": 8, "worker_id": "22854e2f-0f43-4609-8441-575530d09299-140301461989184", "trial_id": 14, "user_attr": {"test_loss": 0.4482771666264549}}
{"op_code": 6, "worker_id": "22854e2f-0f43-4609-8441-575530d09299-140301461989184", "trial_id": 14, "state": 1, "values": [0.449288098633919], "datetime_complete": "2024-08-29T09:48:13.999748"}
{"op_code": 4, "worker_id": "22854e2f-0f43-4609-8441-575530d09299-140301461989184", "study_id": 0, "datetime_start": "2024-08-29T09:48:14.009109"}
{"op_code": 5, "worker_id": "22854e2f-0f43-4609-8441-575530d09299-140301461989184", "trial_id": 15, "param_name": "lr", "param_value_internal": 0.00011082245509108728, "distribution": "{\"name\": \"FloatDistribution\", \"attributes\": {\"step\": null, \"low\": 1e-05, \"high\": 0.001, \"log\": true}}"}
{"op_code": 5, "worker_id": "22854e2f-0f43-4609-8441-575530d09299-140301461989184", "trial_id": 15, "param_name": "l2reg", "param_value_internal": 1.7030314644399242e-08, "distribution": "{\"name\": \"FloatDistribution\", \"attributes\": {\"step\": null, \"low\": 1e-08, \"high\": 0.001, \"log\": true}}"}
{"op_code": 5, "worker_id": "22854e2f-0f43-4609-8441-575530d09299-140301461989184", "trial_id": 15, "param_name": "random_seed", "param_value_internal": 0, "distribution": "{\"name\": \"CategoricalDistribution\", \"attributes\": {\"choices\": [42]}}"}
{"op_code": 5, "worker_id": "22854e2f-0f43-4609-8441-575530d09299-140301461989184", "trial_id": 15, "param_name": "degree", "param_value_internal": 0, "distribution": "{\"name\": \"CategoricalDistribution\", \"attributes\": {\"choices\": [0]}}"}
{"op_code": 8, "worker_id": "22854e2f-0f43-4609-8441-575530d09299-140301461989184", "trial_id": 15, "user_attr": {"best_epoch": 1}}
{"op_code": 8, "worker_id": "22854e2f-0f43-4609-8441-575530d09299-140301461989184", "trial_id": 15, "user_attr": {"test_loss": 0.44839501516340746}}
{"op_code": 6, "worker_id": "22854e2f-0f43-4609-8441-575530d09299-140301461989184", "trial_id": 15, "state": 1, "values": [0.4493930055919837], "datetime_complete": "2024-08-29T10:03:35.433212"}
{"op_code": 4, "worker_id": "22854e2f-0f43-4609-8441-575530d09299-140301461989184", "study_id": 0, "datetime_start": "2024-08-29T10:03:35.442392"}
{"op_code": 5, "worker_id": "22854e2f-0f43-4609-8441-575530d09299-140301461989184", "trial_id": 16, "param_name": "lr", "param_value_internal": 0.00011031850349725522, "distribution": "{\"name\": \"FloatDistribution\", \"attributes\": {\"step\": null, \"low\": 1e-05, \"high\": 0.001, \"log\": true}}"}
{"op_code": 5, "worker_id": "22854e2f-0f43-4609-8441-575530d09299-140301461989184", "trial_id": 16, "param_name": "l2reg", "param_value_internal": 1.590681621964136e-08, "distribution": "{\"name\": \"FloatDistribution\", \"attributes\": {\"step\": null, \"low\": 1e-08, \"high\": 0.001, \"log\": true}}"}
{"op_code": 5, "worker_id": "22854e2f-0f43-4609-8441-575530d09299-140301461989184", "trial_id": 16, "param_name": "random_seed", "param_value_internal": 0, "distribution": "{\"name\": \"CategoricalDistribution\", \"attributes\": {\"choices\": [42]}}"}
{"op_code": 5, "worker_id": "22854e2f-0f43-4609-8441-575530d09299-140301461989184", "trial_id": 16, "param_name": "degree", "param_value_internal": 0, "distribution": "{\"name\": \"CategoricalDistribution\", \"attributes\": {\"choices\": [0]}}"}
{"op_code": 8, "worker_id": "22854e2f-0f43-4609-8441-575530d09299-140301461989184", "trial_id": 16, "user_attr": {"best_epoch": 1}}
{"op_code": 8, "worker_id": "22854e2f-0f43-4609-8441-575530d09299-140301461989184", "trial_id": 16, "user_attr": {"test_loss": 0.4484028793676874}}
{"op_code": 6, "worker_id": "22854e2f-0f43-4609-8441-575530d09299-140301461989184", "trial_id": 16, "state": 1, "values": [0.44940014445703397], "datetime_complete": "2024-08-29T10:18:55.340683"}
{"op_code": 4, "worker_id": "22854e2f-0f43-4609-8441-575530d09299-140301461989184", "study_id": 0, "datetime_start": "2024-08-29T10:18:55.350847"}
{"op_code": 5, "worker_id": "22854e2f-0f43-4609-8441-575530d09299-140301461989184", "trial_id": 17, "param_name": "lr", "param_value_internal": 9.459319806411907e-05, "distribution": "{\"name\": \"FloatDistribution\", \"attributes\": {\"step\": null, \"low\": 1e-05, \"high\": 0.001, \"log\": true}}"}
{"op_code": 5, "worker_id": "22854e2f-0f43-4609-8441-575530d09299-140301461989184", "trial_id": 17, "param_name": "l2reg", "param_value_internal": 1.1967593995967913e-08, "distribution": "{\"name\": \"FloatDistribution\", \"attributes\": {\"step\": null, \"low\": 1e-08, \"high\": 0.001, \"log\": true}}"}
{"op_code": 5, "worker_id": "22854e2f-0f43-4609-8441-575530d09299-140301461989184", "trial_id": 17, "param_name": "random_seed", "param_value_internal": 0, "distribution": "{\"name\": \"CategoricalDistribution\", \"attributes\": {\"choices\": [42]}}"}
{"op_code": 5, "worker_id": "22854e2f-0f43-4609-8441-575530d09299-140301461989184", "trial_id": 17, "param_name": "degree", "param_value_internal": 0, "distribution": "{\"name\": \"CategoricalDistribution\", \"attributes\": {\"choices\": [0]}}"}
{"op_code": 8, "worker_id": "22854e2f-0f43-4609-8441-575530d09299-140301461989184", "trial_id": 17, "user_attr": {"best_epoch": 1}}
{"op_code": 8, "worker_id": "22854e2f-0f43-4609-8441-575530d09299-140301461989184", "trial_id": 17, "user_attr": {"test_loss": 0.4488158264438832}}
{"op_code": 6, "worker_id": "22854e2f-0f43-4609-8441-575530d09299-140301461989184", "trial_id": 17, "state": 1, "values": [0.4497958742704614], "datetime_complete": "2024-08-29T10:34:13.318393"}
{"op_code": 4, "worker_id": "22854e2f-0f43-4609-8441-575530d09299-140301461989184", "study_id": 0, "datetime_start": "2024-08-29T10:34:13.327176"}
{"op_code": 5, "worker_id": "22854e2f-0f43-4609-8441-575530d09299-140301461989184", "trial_id": 18, "param_name": "lr", "param_value_internal": 0.00048782555781826147, "distribution": "{\"name\": \"FloatDistribution\", \"attributes\": {\"step\": null, \"low\": 1e-05, \"high\": 0.001, \"log\": true}}"}
{"op_code": 5, "worker_id": "22854e2f-0f43-4609-8441-575530d09299-140301461989184", "trial_id": 18, "param_name": "l2reg", "param_value_internal": 1.0012457198749645e-06, "distribution": "{\"name\": \"FloatDistribution\", \"attributes\": {\"step\": null, \"low\": 1e-08, \"high\": 0.001, \"log\": true}}"}
{"op_code": 5, "worker_id": "22854e2f-0f43-4609-8441-575530d09299-140301461989184", "trial_id": 18, "param_name": "random_seed", "param_value_internal": 0, "distribution": "{\"name\": \"CategoricalDistribution\", \"attributes\": {\"choices\": [42]}}"}
{"op_code": 5, "worker_id": "22854e2f-0f43-4609-8441-575530d09299-140301461989184", "trial_id": 18, "param_name": "degree", "param_value_internal": 0, "distribution": "{\"name\": \"CategoricalDistribution\", \"attributes\": {\"choices\": [0]}}"}
{"op_code": 8, "worker_id": "22854e2f-0f43-4609-8441-575530d09299-140301461989184", "trial_id": 18, "user_attr": {"best_epoch": 0}}
{"op_code": 8, "worker_id": "22854e2f-0f43-4609-8441-575530d09299-140301461989184", "trial_id": 18, "user_attr": {"test_loss": 0.4489035161391796}}
{"op_code": 6, "worker_id": "22854e2f-0f43-4609-8441-575530d09299-140301461989184", "trial_id": 18, "state": 1, "values": [0.4499559070099837], "datetime_complete": "2024-08-29T10:46:54.700567"}
{"op_code": 4, "worker_id": "22854e2f-0f43-4609-8441-575530d09299-140301461989184", "study_id": 0, "datetime_start": "2024-08-29T10:46:54.709108"}
{"op_code": 5, "worker_id": "22854e2f-0f43-4609-8441-575530d09299-140301461989184", "trial_id": 19, "param_name": "lr", "param_value_internal": 4.4678366352691884e-05, "distribution": "{\"name\": \"FloatDistribution\", \"attributes\": {\"step\": null, \"low\": 1e-05, \"high\": 0.001, \"log\": true}}"}
{"op_code": 5, "worker_id": "22854e2f-0f43-4609-8441-575530d09299-140301461989184", "trial_id": 19, "param_name": "l2reg", "param_value_internal": 6.503102184607463e-07, "distribution": "{\"name\": \"FloatDistribution\", \"attributes\": {\"step\": null, \"low\": 1e-08, \"high\": 0.001, \"log\": true}}"}
{"op_code": 5, "worker_id": "22854e2f-0f43-4609-8441-575530d09299-140301461989184", "trial_id": 19, "param_name": "random_seed", "param_value_internal": 0, "distribution": "{\"name\": \"CategoricalDistribution\", \"attributes\": {\"choices\": [42]}}"}
{"op_code": 5, "worker_id": "22854e2f-0f43-4609-8441-575530d09299-140301461989184", "trial_id": 19, "param_name": "degree", "param_value_internal": 0, "distribution": "{\"name\": \"CategoricalDistribution\", \"attributes\": {\"choices\": [0]}}"}
{"op_code": 8, "worker_id": "22854e2f-0f43-4609-8441-575530d09299-140301461989184", "trial_id": 19, "user_attr": {"best_epoch": 4}}
{"op_code": 8, "worker_id": "22854e2f-0f43-4609-8441-575530d09299-140301461989184", "trial_id": 19, "user_attr": {"test_loss": 0.4494374421637404}}
{"op_code": 6, "worker_id": "22854e2f-0f43-4609-8441-575530d09299-140301461989184", "trial_id": 19, "state": 1, "values": [0.45046425528276013], "datetime_complete": "2024-08-29T11:10:22.244330"}
{"op_code": 4, "worker_id": "22854e2f-0f43-4609-8441-575530d09299-140301461989184", "study_id": 0, "datetime_start": "2024-08-29T11:10:22.253891"}
{"op_code": 5, "worker_id": "22854e2f-0f43-4609-8441-575530d09299-140301461989184", "trial_id": 20, "param_name": "lr", "param_value_internal": 0.00010793795657433756, "distribution": "{\"name\": \"FloatDistribution\", \"attributes\": {\"step\": null, \"low\": 1e-05, \"high\": 0.001, \"log\": true}}"}
{"op_code": 5, "worker_id": "22854e2f-0f43-4609-8441-575530d09299-140301461989184", "trial_id": 20, "param_name": "l2reg", "param_value_internal": 2.8045893682853194e-08, "distribution": "{\"name\": \"FloatDistribution\", \"attributes\": {\"step\": null, \"low\": 1e-08, \"high\": 0.001, \"log\": true}}"}
{"op_code": 5, "worker_id": "22854e2f-0f43-4609-8441-575530d09299-140301461989184", "trial_id": 20, "param_name": "random_seed", "param_value_internal": 0, "distribution": "{\"name\": \"CategoricalDistribution\", \"attributes\": {\"choices\": [42]}}"}
{"op_code": 5, "worker_id": "22854e2f-0f43-4609-8441-575530d09299-140301461989184", "trial_id": 20, "param_name": "degree", "param_value_internal": 0, "distribution": "{\"name\": \"CategoricalDistribution\", \"attributes\": {\"choices\": [0]}}"}
{"op_code": 8, "worker_id": "22854e2f-0f43-4609-8441-575530d09299-140301461989184", "trial_id": 20, "user_attr": {"best_epoch": 1}}
{"op_code": 8, "worker_id": "22854e2f-0f43-4609-8441-575530d09299-140301461989184", "trial_id": 20, "user_attr": {"test_loss": 0.44844452910977206}}
{"op_code": 6, "worker_id": "22854e2f-0f43-4609-8441-575530d09299-140301461989184", "trial_id": 20, "state": 1, "values": [0.449439312775438], "datetime_complete": "2024-08-29T11:25:34.401825"}
{"op_code": 4, "worker_id": "22854e2f-0f43-4609-8441-575530d09299-140301461989184", "study_id": 0, "datetime_start": "2024-08-29T11:25:34.413595"}
{"op_code": 5, "worker_id": "22854e2f-0f43-4609-8441-575530d09299-140301461989184", "trial_id": 21, "param_name": "lr", "param_value_internal": 0.00011355441191826162, "distribution": "{\"name\": \"FloatDistribution\", \"attributes\": {\"step\": null, \"low\": 1e-05, \"high\": 0.001, \"log\": true}}"}
{"op_code": 5, "worker_id": "22854e2f-0f43-4609-8441-575530d09299-140301461989184", "trial_id": 21, "param_name": "l2reg", "param_value_internal": 1.3154283957028476e-08, "distribution": "{\"name\": \"FloatDistribution\", \"attributes\": {\"step\": null, \"low\": 1e-08, \"high\": 0.001, \"log\": true}}"}
{"op_code": 5, "worker_id": "22854e2f-0f43-4609-8441-575530d09299-140301461989184", "trial_id": 21, "param_name": "random_seed", "param_value_internal": 0, "distribution": "{\"name\": \"CategoricalDistribution\", \"attributes\": {\"choices\": [42]}}"}
{"op_code": 5, "worker_id": "22854e2f-0f43-4609-8441-575530d09299-140301461989184", "trial_id": 21, "param_name": "degree", "param_value_internal": 0, "distribution": "{\"name\": \"CategoricalDistribution\", \"attributes\": {\"choices\": [0]}}"}
{"op_code": 8, "worker_id": "22854e2f-0f43-4609-8441-575530d09299-140301461989184", "trial_id": 21, "user_attr": {"best_epoch": 1}}
{"op_code": 8, "worker_id": "22854e2f-0f43-4609-8441-575530d09299-140301461989184", "trial_id": 21, "user_attr": {"test_loss": 0.4483569157659735}}
{"op_code": 6, "worker_id": "22854e2f-0f43-4609-8441-575530d09299-140301461989184", "trial_id": 21, "state": 1, "values": [0.44935723491523455], "datetime_complete": "2024-08-29T11:40:39.020078"}
{"op_code": 4, "worker_id": "22854e2f-0f43-4609-8441-575530d09299-140301461989184", "study_id": 0, "datetime_start": "2024-08-29T11:40:39.029057"}
{"op_code": 5, "worker_id": "22854e2f-0f43-4609-8441-575530d09299-140301461989184", "trial_id": 22, "param_name": "lr", "param_value_internal": 7.670991264094754e-05, "distribution": "{\"name\": \"FloatDistribution\", \"attributes\": {\"step\": null, \"low\": 1e-05, \"high\": 0.001, \"log\": true}}"}
{"op_code": 5, "worker_id": "22854e2f-0f43-4609-8441-575530d09299-140301461989184", "trial_id": 22, "param_name": "l2reg", "param_value_internal": 1.9172916847282637e-07, "distribution": "{\"name\": \"FloatDistribution\", \"attributes\": {\"step\": null, \"low\": 1e-08, \"high\": 0.001, \"log\": true}}"}
{"op_code": 5, "worker_id": "22854e2f-0f43-4609-8441-575530d09299-140301461989184", "trial_id": 22, "param_name": "random_seed", "param_value_internal": 0, "distribution": "{\"name\": \"CategoricalDistribution\", \"attributes\": {\"choices\": [42]}}"}
{"op_code": 5, "worker_id": "22854e2f-0f43-4609-8441-575530d09299-140301461989184", "trial_id": 22, "param_name": "degree", "param_value_internal": 0, "distribution": "{\"name\": \"CategoricalDistribution\", \"attributes\": {\"choices\": [0]}}"}
{"op_code": 8, "worker_id": "22854e2f-0f43-4609-8441-575530d09299-140301461989184", "trial_id": 22, "user_attr": {"best_epoch": 2}}
{"op_code": 8, "worker_id": "22854e2f-0f43-4609-8441-575530d09299-140301461989184", "trial_id": 22, "user_attr": {"test_loss": 0.44940086979626365}}
{"op_code": 6, "worker_id": "22854e2f-0f43-4609-8441-575530d09299-140301461989184", "trial_id": 22, "state": 1, "values": [0.45026085489245127], "datetime_complete": "2024-08-29T11:58:21.756218"}
{"op_code": 4, "worker_id": "22854e2f-0f43-4609-8441-575530d09299-140301461989184", "study_id": 0, "datetime_start": "2024-08-29T11:58:21.765030"}
{"op_code": 5, "worker_id": "22854e2f-0f43-4609-8441-575530d09299-140301461989184", "trial_id": 23, "param_name": "lr", "param_value_internal": 0.000131777215448326, "distribution": "{\"name\": \"FloatDistribution\", \"attributes\": {\"step\": null, \"low\": 1e-05, \"high\": 0.001, \"log\": true}}"}
{"op_code": 5, "worker_id": "22854e2f-0f43-4609-8441-575530d09299-140301461989184", "trial_id": 23, "param_name": "l2reg", "param_value_internal": 3.390175341632059e-08, "distribution": "{\"name\": \"FloatDistribution\", \"attributes\": {\"step\": null, \"low\": 1e-08, \"high\": 0.001, \"log\": true}}"}
{"op_code": 5, "worker_id": "22854e2f-0f43-4609-8441-575530d09299-140301461989184", "trial_id": 23, "param_name": "random_seed", "param_value_internal": 0, "distribution": "{\"name\": \"CategoricalDistribution\", \"attributes\": {\"choices\": [42]}}"}
{"op_code": 5, "worker_id": "22854e2f-0f43-4609-8441-575530d09299-140301461989184", "trial_id": 23, "param_name": "degree", "param_value_internal": 0, "distribution": "{\"name\": \"CategoricalDistribution\", \"attributes\": {\"choices\": [0]}}"}
{"op_code": 8, "worker_id": "22854e2f-0f43-4609-8441-575530d09299-140301461989184", "trial_id": 23, "user_attr": {"best_epoch": 1}}
{"op_code": 8, "worker_id": "22854e2f-0f43-4609-8441-575530d09299-140301461989184", "trial_id": 23, "user_attr": {"test_loss": 0.4482801825106205}}
{"op_code": 6, "worker_id": "22854e2f-0f43-4609-8441-575530d09299-140301461989184", "trial_id": 23, "state": 1, "values": [0.4492958864867011], "datetime_complete": "2024-08-29T12:13:17.990667"}
{"op_code": 4, "worker_id": "22854e2f-0f43-4609-8441-575530d09299-140301461989184", "study_id": 0, "datetime_start": "2024-08-29T12:13:18.001086"}
{"op_code": 5, "worker_id": "22854e2f-0f43-4609-8441-575530d09299-140301461989184", "trial_id": 24, "param_name": "lr", "param_value_internal": 0.00035493682190973106, "distribution": "{\"name\": \"FloatDistribution\", \"attributes\": {\"step\": null, \"low\": 1e-05, \"high\": 0.001, \"log\": true}}"}
{"op_code": 5, "worker_id": "22854e2f-0f43-4609-8441-575530d09299-140301461989184", "trial_id": 24, "param_name": "l2reg", "param_value_internal": 4.404221665999057e-08, "distribution": "{\"name\": \"FloatDistribution\", \"attributes\": {\"step\": null, \"low\": 1e-08, \"high\": 0.001, \"log\": true}}"}
{"op_code": 5, "worker_id": "22854e2f-0f43-4609-8441-575530d09299-140301461989184", "trial_id": 24, "param_name": "random_seed", "param_value_internal": 0, "distribution": "{\"name\": \"CategoricalDistribution\", \"attributes\": {\"choices\": [42]}}"}
{"op_code": 5, "worker_id": "22854e2f-0f43-4609-8441-575530d09299-140301461989184", "trial_id": 24, "param_name": "degree", "param_value_internal": 0, "distribution": "{\"name\": \"CategoricalDistribution\", \"attributes\": {\"choices\": [0]}}"}
{"op_code": 8, "worker_id": "22854e2f-0f43-4609-8441-575530d09299-140301461989184", "trial_id": 24, "user_attr": {"best_epoch": 0}}
{"op_code": 8, "worker_id": "22854e2f-0f43-4609-8441-575530d09299-140301461989184", "trial_id": 24, "user_attr": {"test_loss": 0.4488139176564366}}
{"op_code": 6, "worker_id": "22854e2f-0f43-4609-8441-575530d09299-140301461989184", "trial_id": 24, "state": 1, "values": [0.4498624527765986], "datetime_complete": "2024-08-29T12:26:29.925628"}
{"op_code": 4, "worker_id": "22854e2f-0f43-4609-8441-575530d09299-140301461989184", "study_id": 0, "datetime_start": "2024-08-29T12:26:29.934285"}
{"op_code": 5, "worker_id": "22854e2f-0f43-4609-8441-575530d09299-140301461989184", "trial_id": 25, "param_name": "lr", "param_value_internal": 0.0001515235176214943, "distribution": "{\"name\": \"FloatDistribution\", \"attributes\": {\"step\": null, \"low\": 1e-05, \"high\": 0.001, \"log\": true}}"}
{"op_code": 5, "worker_id": "22854e2f-0f43-4609-8441-575530d09299-140301461989184", "trial_id": 25, "param_name": "l2reg", "param_value_internal": 2.728100050412215e-07, "distribution": "{\"name\": \"FloatDistribution\", \"attributes\": {\"step\": null, \"low\": 1e-08, \"high\": 0.001, \"log\": true}}"}
{"op_code": 5, "worker_id": "22854e2f-0f43-4609-8441-575530d09299-140301461989184", "trial_id": 25, "param_name": "random_seed", "param_value_internal": 0, "distribution": "{\"name\": \"CategoricalDistribution\", \"attributes\": {\"choices\": [42]}}"}
{"op_code": 5, "worker_id": "22854e2f-0f43-4609-8441-575530d09299-140301461989184", "trial_id": 25, "param_name": "degree", "param_value_internal": 0, "distribution": "{\"name\": \"CategoricalDistribution\", \"attributes\": {\"choices\": [0]}}"}
{"op_code": 8, "worker_id": "22854e2f-0f43-4609-8441-575530d09299-140301461989184", "trial_id": 25, "user_attr": {"best_epoch": 1}}
{"op_code": 8, "worker_id": "22854e2f-0f43-4609-8441-575530d09299-140301461989184", "trial_id": 25, "user_attr": {"test_loss": 0.44844388012204023}}
{"op_code": 6, "worker_id": "22854e2f-0f43-4609-8441-575530d09299-140301461989184", "trial_id": 25, "state": 1, "values": [0.44946813546588155], "datetime_complete": "2024-08-29T12:41:48.682710"}
{"op_code": 4, "worker_id": "22854e2f-0f43-4609-8441-575530d09299-140301461989184", "study_id": 0, "datetime_start": "2024-08-29T12:41:48.691346"}
{"op_code": 5, "worker_id": "22854e2f-0f43-4609-8441-575530d09299-140301461989184", "trial_id": 26, "param_name": "lr", "param_value_internal": 3.4594226255418936e-05, "distribution": "{\"name\": \"FloatDistribution\", \"attributes\": {\"step\": null, \"low\": 1e-05, \"high\": 0.001, \"log\": true}}"}
{"op_code": 5, "worker_id": "22854e2f-0f43-4609-8441-575530d09299-140301461989184", "trial_id": 26, "param_name": "l2reg", "param_value_internal": 1.6441609543784044e-06, "distribution": "{\"name\": \"FloatDistribution\", \"attributes\": {\"step\": null, \"low\": 1e-08, \"high\": 0.001, \"log\": true}}"}
{"op_code": 5, "worker_id": "22854e2f-0f43-4609-8441-575530d09299-140301461989184", "trial_id": 26, "param_name": "random_seed", "param_value_internal": 0, "distribution": "{\"name\": \"CategoricalDistribution\", \"attributes\": {\"choices\": [42]}}"}
{"op_code": 5, "worker_id": "22854e2f-0f43-4609-8441-575530d09299-140301461989184", "trial_id": 26, "param_name": "degree", "param_value_internal": 0, "distribution": "{\"name\": \"CategoricalDistribution\", \"attributes\": {\"choices\": [0]}}"}
{"op_code": 8, "worker_id": "22854e2f-0f43-4609-8441-575530d09299-140301461989184", "trial_id": 26, "user_attr": {"best_epoch": 5}}
{"op_code": 8, "worker_id": "22854e2f-0f43-4609-8441-575530d09299-140301461989184", "trial_id": 26, "user_attr": {"test_loss": 0.4495840370396386}}
{"op_code": 6, "worker_id": "22854e2f-0f43-4609-8441-575530d09299-140301461989184", "trial_id": 26, "state": 1, "values": [0.45058821193954185], "datetime_complete": "2024-08-29T13:07:58.919304"}
{"op_code": 4, "worker_id": "22854e2f-0f43-4609-8441-575530d09299-140301461989184", "study_id": 0, "datetime_start": "2024-08-29T13:07:58.927981"}
{"op_code": 5, "worker_id": "22854e2f-0f43-4609-8441-575530d09299-140301461989184", "trial_id": 27, "param_name": "lr", "param_value_internal": 6.222780436227263e-05, "distribution": "{\"name\": \"FloatDistribution\", \"attributes\": {\"step\": null, \"low\": 1e-05, \"high\": 0.001, \"log\": true}}"}
{"op_code": 5, "worker_id": "22854e2f-0f43-4609-8441-575530d09299-140301461989184", "trial_id": 27, "param_name": "l2reg", "param_value_internal": 3.629782353829214e-08, "distribution": "{\"name\": \"FloatDistribution\", \"attributes\": {\"step\": null, \"low\": 1e-08, \"high\": 0.001, \"log\": true}}"}
{"op_code": 5, "worker_id": "22854e2f-0f43-4609-8441-575530d09299-140301461989184", "trial_id": 27, "param_name": "random_seed", "param_value_internal": 0, "distribution": "{\"name\": \"CategoricalDistribution\", \"attributes\": {\"choices\": [42]}}"}
{"op_code": 5, "worker_id": "22854e2f-0f43-4609-8441-575530d09299-140301461989184", "trial_id": 27, "param_name": "degree", "param_value_internal": 0, "distribution": "{\"name\": \"CategoricalDistribution\", \"attributes\": {\"choices\": [0]}}"}
{"op_code": 8, "worker_id": "22854e2f-0f43-4609-8441-575530d09299-140301461989184", "trial_id": 27, "user_attr": {"best_epoch": 3}}
{"op_code": 8, "worker_id": "22854e2f-0f43-4609-8441-575530d09299-140301461989184", "trial_id": 27, "user_attr": {"test_loss": 0.44892382563761135}}
{"op_code": 6, "worker_id": "22854e2f-0f43-4609-8441-575530d09299-140301461989184", "trial_id": 27, "state": 1, "values": [0.4500704724325282], "datetime_complete": "2024-08-29T13:28:34.240356"}
{"op_code": 4, "worker_id": "22854e2f-0f43-4609-8441-575530d09299-140301461989184", "study_id": 0, "datetime_start": "2024-08-29T13:28:34.249564"}
{"op_code": 5, "worker_id": "22854e2f-0f43-4609-8441-575530d09299-140301461989184", "trial_id": 28, "param_name": "lr", "param_value_internal": 0.000230374005969214, "distribution": "{\"name\": \"FloatDistribution\", \"attributes\": {\"step\": null, \"low\": 1e-05, \"high\": 0.001, \"log\": true}}"}
{"op_code": 5, "worker_id": "22854e2f-0f43-4609-8441-575530d09299-140301461989184", "trial_id": 28, "param_name": "l2reg", "param_value_internal": 4.4845668768237237e-07, "distribution": "{\"name\": \"FloatDistribution\", \"attributes\": {\"step\": null, \"low\": 1e-08, \"high\": 0.001, \"log\": true}}"}
{"op_code": 5, "worker_id": "22854e2f-0f43-4609-8441-575530d09299-140301461989184", "trial_id": 28, "param_name": "random_seed", "param_value_internal": 0, "distribution": "{\"name\": \"CategoricalDistribution\", \"attributes\": {\"choices\": [42]}}"}
{"op_code": 5, "worker_id": "22854e2f-0f43-4609-8441-575530d09299-140301461989184", "trial_id": 28, "param_name": "degree", "param_value_internal": 0, "distribution": "{\"name\": \"CategoricalDistribution\", \"attributes\": {\"choices\": [0]}}"}
{"op_code": 8, "worker_id": "22854e2f-0f43-4609-8441-575530d09299-140301461989184", "trial_id": 28, "user_attr": {"best_epoch": 0}}
{"op_code": 8, "worker_id": "22854e2f-0f43-4609-8441-575530d09299-140301461989184", "trial_id": 28, "user_attr": {"test_loss": 0.4490118970903971}}
{"op_code": 6, "worker_id": "22854e2f-0f43-4609-8441-575530d09299-140301461989184", "trial_id": 28, "state": 1, "values": [0.4500635244462226], "datetime_complete": "2024-08-29T13:41:06.276300"}
{"op_code": 4, "worker_id": "22854e2f-0f43-4609-8441-575530d09299-140301461989184", "study_id": 0, "datetime_start": "2024-08-29T13:41:06.295805"}
{"op_code": 5, "worker_id": "22854e2f-0f43-4609-8441-575530d09299-140301461989184", "trial_id": 29, "param_name": "lr", "param_value_internal": 5.3659948483403033e-05, "distribution": "{\"name\": \"FloatDistribution\", \"attributes\": {\"step\": null, \"low\": 1e-05, \"high\": 0.001, \"log\": true}}"}
{"op_code": 5, "worker_id": "22854e2f-0f43-4609-8441-575530d09299-140301461989184", "trial_id": 29, "param_name": "l2reg", "param_value_internal": 1.0293141628485199e-08, "distribution": "{\"name\": \"FloatDistribution\", \"attributes\": {\"step\": null, \"low\": 1e-08, \"high\": 0.001, \"log\": true}}"}
{"op_code": 5, "worker_id": "22854e2f-0f43-4609-8441-575530d09299-140301461989184", "trial_id": 29, "param_name": "random_seed", "param_value_internal": 0, "distribution": "{\"name\": \"CategoricalDistribution\", \"attributes\": {\"choices\": [42]}}"}
{"op_code": 5, "worker_id": "22854e2f-0f43-4609-8441-575530d09299-140301461989184", "trial_id": 29, "param_name": "degree", "param_value_internal": 0, "distribution": "{\"name\": \"CategoricalDistribution\", \"attributes\": {\"choices\": [0]}}"}
{"op_code": 8, "worker_id": "22854e2f-0f43-4609-8441-575530d09299-140301461989184", "trial_id": 29, "user_attr": {"best_epoch": 3}}
{"op_code": 8, "worker_id": "22854e2f-0f43-4609-8441-575530d09299-140301461989184", "trial_id": 29, "user_attr": {"test_loss": 0.4489174121117908}}
{"op_code": 6, "worker_id": "22854e2f-0f43-4609-8441-575530d09299-140301461989184", "trial_id": 29, "state": 1, "values": [0.4500202713226828], "datetime_complete": "2024-08-29T14:01:43.057476"}
{"op_code": 4, "worker_id": "22854e2f-0f43-4609-8441-575530d09299-140301461989184", "study_id": 0, "datetime_start": "2024-08-29T14:01:43.067598"}
{"op_code": 5, "worker_id": "22854e2f-0f43-4609-8441-575530d09299-140301461989184", "trial_id": 30, "param_name": "lr", "param_value_internal": 0.00013810483482969266, "distribution": "{\"name\": \"FloatDistribution\", \"attributes\": {\"step\": null, \"low\": 1e-05, \"high\": 0.001, \"log\": true}}"}
{"op_code": 5, "worker_id": "22854e2f-0f43-4609-8441-575530d09299-140301461989184", "trial_id": 30, "param_name": "l2reg", "param_value_internal": 8.201407356248662e-08, "distribution": "{\"name\": \"FloatDistribution\", \"attributes\": {\"step\": null, \"low\": 1e-08, \"high\": 0.001, \"log\": true}}"}
{"op_code": 5, "worker_id": "22854e2f-0f43-4609-8441-575530d09299-140301461989184", "trial_id": 30, "param_name": "random_seed", "param_value_internal": 0, "distribution": "{\"name\": \"CategoricalDistribution\", \"attributes\": {\"choices\": [42]}}"}
{"op_code": 5, "worker_id": "22854e2f-0f43-4609-8441-575530d09299-140301461989184", "trial_id": 30, "param_name": "degree", "param_value_internal": 0, "distribution": "{\"name\": \"CategoricalDistribution\", \"attributes\": {\"choices\": [0]}}"}
{"op_code": 8, "worker_id": "22854e2f-0f43-4609-8441-575530d09299-140301461989184", "trial_id": 30, "user_attr": {"best_epoch": 1}}
{"op_code": 8, "worker_id": "22854e2f-0f43-4609-8441-575530d09299-140301461989184", "trial_id": 30, "user_attr": {"test_loss": 0.4483106467582681}}
{"op_code": 6, "worker_id": "22854e2f-0f43-4609-8441-575530d09299-140301461989184", "trial_id": 30, "state": 1, "values": [0.4493290993882718], "datetime_complete": "2024-08-29T14:16:49.924540"}
{"op_code": 4, "worker_id": "22854e2f-0f43-4609-8441-575530d09299-140301461989184", "study_id": 0, "datetime_start": "2024-08-29T14:16:49.933493"}
{"op_code": 5, "worker_id": "22854e2f-0f43-4609-8441-575530d09299-140301461989184", "trial_id": 31, "param_name": "lr", "param_value_internal": 0.00013109833200274283, "distribution": "{\"name\": \"FloatDistribution\", \"attributes\": {\"step\": null, \"low\": 1e-05, \"high\": 0.001, \"log\": true}}"}
{"op_code": 5, "worker_id": "22854e2f-0f43-4609-8441-575530d09299-140301461989184", "trial_id": 31, "param_name": "l2reg", "param_value_internal": 1.1965484756266895e-07, "distribution": "{\"name\": \"FloatDistribution\", \"attributes\": {\"step\": null, \"low\": 1e-08, \"high\": 0.001, \"log\": true}}"}
{"op_code": 5, "worker_id": "22854e2f-0f43-4609-8441-575530d09299-140301461989184", "trial_id": 31, "param_name": "random_seed", "param_value_internal": 0, "distribution": "{\"name\": \"CategoricalDistribution\", \"attributes\": {\"choices\": [42]}}"}
{"op_code": 5, "worker_id": "22854e2f-0f43-4609-8441-575530d09299-140301461989184", "trial_id": 31, "param_name": "degree", "param_value_internal": 0, "distribution": "{\"name\": \"CategoricalDistribution\", \"attributes\": {\"choices\": [0]}}"}
{"op_code": 8, "worker_id": "22854e2f-0f43-4609-8441-575530d09299-140301461989184", "trial_id": 31, "user_attr": {"best_epoch": 1}}
{"op_code": 8, "worker_id": "22854e2f-0f43-4609-8441-575530d09299-140301461989184", "trial_id": 31, "user_attr": {"test_loss": 0.44827823554742496}}
{"op_code": 6, "worker_id": "22854e2f-0f43-4609-8441-575530d09299-140301461989184", "trial_id": 31, "state": 1, "values": [0.4492935959417652], "datetime_complete": "2024-08-29T14:31:52.531458"}
{"op_code": 4, "worker_id": "22854e2f-0f43-4609-8441-575530d09299-140301461989184", "study_id": 0, "datetime_start": "2024-08-29T14:31:52.546905"}
{"op_code": 5, "worker_id": "22854e2f-0f43-4609-8441-575530d09299-140301461989184", "trial_id": 32, "param_name": "lr", "param_value_internal": 0.00014127104656926163, "distribution": "{\"name\": \"FloatDistribution\", \"attributes\": {\"step\": null, \"low\": 1e-05, \"high\": 0.001, \"log\": true}}"}
{"op_code": 5, "worker_id": "22854e2f-0f43-4609-8441-575530d09299-140301461989184", "trial_id": 32, "param_name": "l2reg", "param_value_internal": 1.082011453173123e-07, "distribution": "{\"name\": \"FloatDistribution\", \"attributes\": {\"step\": null, \"low\": 1e-08, \"high\": 0.001, \"log\": true}}"}
{"op_code": 5, "worker_id": "22854e2f-0f43-4609-8441-575530d09299-140301461989184", "trial_id": 32, "param_name": "random_seed", "param_value_internal": 0, "distribution": "{\"name\": \"CategoricalDistribution\", \"attributes\": {\"choices\": [42]}}"}
{"op_code": 5, "worker_id": "22854e2f-0f43-4609-8441-575530d09299-140301461989184", "trial_id": 32, "param_name": "degree", "param_value_internal": 0, "distribution": "{\"name\": \"CategoricalDistribution\", \"attributes\": {\"choices\": [0]}}"}
{"op_code": 8, "worker_id": "22854e2f-0f43-4609-8441-575530d09299-140301461989184", "trial_id": 32, "user_attr": {"best_epoch": 1}}
{"op_code": 8, "worker_id": "22854e2f-0f43-4609-8441-575530d09299-140301461989184", "trial_id": 32, "user_attr": {"test_loss": 0.4483346211285973}}
{"op_code": 6, "worker_id": "22854e2f-0f43-4609-8441-575530d09299-140301461989184", "trial_id": 32, "state": 1, "values": [0.4493544480855625], "datetime_complete": "2024-08-29T14:47:49.984121"}
{"op_code": 4, "worker_id": "22854e2f-0f43-4609-8441-575530d09299-140301461989184", "study_id": 0, "datetime_start": "2024-08-29T14:47:49.992908"}
{"op_code": 5, "worker_id": "22854e2f-0f43-4609-8441-575530d09299-140301461989184", "trial_id": 33, "param_name": "lr", "param_value_internal": 0.00031753639209056807, "distribution": "{\"name\": \"FloatDistribution\", \"attributes\": {\"step\": null, \"low\": 1e-05, \"high\": 0.001, \"log\": true}}"}
{"op_code": 5, "worker_id": "22854e2f-0f43-4609-8441-575530d09299-140301461989184", "trial_id": 33, "param_name": "l2reg", "param_value_internal": 1.6015891504910235e-07, "distribution": "{\"name\": \"FloatDistribution\", \"attributes\": {\"step\": null, \"low\": 1e-08, \"high\": 0.001, \"log\": true}}"}
{"op_code": 5, "worker_id": "22854e2f-0f43-4609-8441-575530d09299-140301461989184", "trial_id": 33, "param_name": "random_seed", "param_value_internal": 0, "distribution": "{\"name\": \"CategoricalDistribution\", \"attributes\": {\"choices\": [42]}}"}
{"op_code": 5, "worker_id": "22854e2f-0f43-4609-8441-575530d09299-140301461989184", "trial_id": 33, "param_name": "degree", "param_value_internal": 0, "distribution": "{\"name\": \"CategoricalDistribution\", \"attributes\": {\"choices\": [0]}}"}
{"op_code": 8, "worker_id": "22854e2f-0f43-4609-8441-575530d09299-140301461989184", "trial_id": 33, "user_attr": {"best_epoch": 0}}
{"op_code": 8, "worker_id": "22854e2f-0f43-4609-8441-575530d09299-140301461989184", "trial_id": 33, "user_attr": {"test_loss": 0.44879841830237027}}
{"op_code": 6, "worker_id": "22854e2f-0f43-4609-8441-575530d09299-140301461989184", "trial_id": 33, "state": 1, "values": [0.44985344329985066], "datetime_complete": "2024-08-29T14:59:49.675689"}
{"op_code": 4, "worker_id": "22854e2f-0f43-4609-8441-575530d09299-140301461989184", "study_id": 0, "datetime_start": "2024-08-29T14:59:49.695383"}
{"op_code": 5, "worker_id": "22854e2f-0f43-4609-8441-575530d09299-140301461989184", "trial_id": 34, "param_name": "lr", "param_value_internal": 0.00022016581913579308, "distribution": "{\"name\": \"FloatDistribution\", \"attributes\": {\"step\": null, \"low\": 1e-05, \"high\": 0.001, \"log\": true}}"}
{"op_code": 5, "worker_id": "22854e2f-0f43-4609-8441-575530d09299-140301461989184", "trial_id": 34, "param_name": "l2reg", "param_value_internal": 2.0686146015701734e-06, "distribution": "{\"name\": \"FloatDistribution\", \"attributes\": {\"step\": null, \"low\": 1e-08, \"high\": 0.001, \"log\": true}}"}
{"op_code": 5, "worker_id": "22854e2f-0f43-4609-8441-575530d09299-140301461989184", "trial_id": 34, "param_name": "random_seed", "param_value_internal": 0, "distribution": "{\"name\": \"CategoricalDistribution\", \"attributes\": {\"choices\": [42]}}"}
{"op_code": 5, "worker_id": "22854e2f-0f43-4609-8441-575530d09299-140301461989184", "trial_id": 34, "param_name": "degree", "param_value_internal": 0, "distribution": "{\"name\": \"CategoricalDistribution\", \"attributes\": {\"choices\": [0]}}"}
{"op_code": 8, "worker_id": "22854e2f-0f43-4609-8441-575530d09299-140301461989184", "trial_id": 34, "user_attr": {"best_epoch": 0}}
{"op_code": 8, "worker_id": "22854e2f-0f43-4609-8441-575530d09299-140301461989184", "trial_id": 34, "user_attr": {"test_loss": 0.4490854999343377}}
{"op_code": 6, "worker_id": "22854e2f-0f43-4609-8441-575530d09299-140301461989184", "trial_id": 34, "state": 1, "values": [0.45013651647818026], "datetime_complete": "2024-08-29T15:12:32.453752"}
{"op_code": 4, "worker_id": "22854e2f-0f43-4609-8441-575530d09299-140301461989184", "study_id": 0, "datetime_start": "2024-08-29T15:12:32.462430"}
{"op_code": 5, "worker_id": "22854e2f-0f43-4609-8441-575530d09299-140301461989184", "trial_id": 35, "param_name": "lr", "param_value_internal": 8.354688904741951e-05, "distribution": "{\"name\": \"FloatDistribution\", \"attributes\": {\"step\": null, \"low\": 1e-05, \"high\": 0.001, \"log\": true}}"}
{"op_code": 5, "worker_id": "22854e2f-0f43-4609-8441-575530d09299-140301461989184", "trial_id": 35, "param_name": "l2reg", "param_value_internal": 6.725960588260995e-08, "distribution": "{\"name\": \"FloatDistribution\", \"attributes\": {\"step\": null, \"low\": 1e-08, \"high\": 0.001, \"log\": true}}"}
{"op_code": 5, "worker_id": "22854e2f-0f43-4609-8441-575530d09299-140301461989184", "trial_id": 35, "param_name": "random_seed", "param_value_internal": 0, "distribution": "{\"name\": \"CategoricalDistribution\", \"attributes\": {\"choices\": [42]}}"}
{"op_code": 5, "worker_id": "22854e2f-0f43-4609-8441-575530d09299-140301461989184", "trial_id": 35, "param_name": "degree", "param_value_internal": 0, "distribution": "{\"name\": \"CategoricalDistribution\", \"attributes\": {\"choices\": [0]}}"}
{"op_code": 8, "worker_id": "22854e2f-0f43-4609-8441-575530d09299-140301461989184", "trial_id": 35, "user_attr": {"best_epoch": 1}}
{"op_code": 8, "worker_id": "22854e2f-0f43-4609-8441-575530d09299-140301461989184", "trial_id": 35, "user_attr": {"test_loss": 0.4493364673078156}}
{"op_code": 6, "worker_id": "22854e2f-0f43-4609-8441-575530d09299-140301461989184", "trial_id": 35, "state": 1, "values": [0.45030788741513533], "datetime_complete": "2024-08-29T15:28:16.359021"}
{"op_code": 4, "worker_id": "22854e2f-0f43-4609-8441-575530d09299-140301461989184", "study_id": 0, "datetime_start": "2024-08-29T15:28:16.371369"}
{"op_code": 5, "worker_id": "22854e2f-0f43-4609-8441-575530d09299-140301461989184", "trial_id": 36, "param_name": "lr", "param_value_internal": 6.077044351594215e-05, "distribution": "{\"name\": \"FloatDistribution\", \"attributes\": {\"step\": null, \"low\": 1e-05, \"high\": 0.001, \"log\": true}}"}
{"op_code": 5, "worker_id": "22854e2f-0f43-4609-8441-575530d09299-140301461989184", "trial_id": 36, "param_name": "l2reg", "param_value_internal": 4.079446600011249e-07, "distribution": "{\"name\": \"FloatDistribution\", \"attributes\": {\"step\": null, \"low\": 1e-08, \"high\": 0.001, \"log\": true}}"}
{"op_code": 5, "worker_id": "22854e2f-0f43-4609-8441-575530d09299-140301461989184", "trial_id": 36, "param_name": "random_seed", "param_value_internal": 0, "distribution": "{\"name\": \"CategoricalDistribution\", \"attributes\": {\"choices\": [42]}}"}
{"op_code": 5, "worker_id": "22854e2f-0f43-4609-8441-575530d09299-140301461989184", "trial_id": 36, "param_name": "degree", "param_value_internal": 0, "distribution": "{\"name\": \"CategoricalDistribution\", \"attributes\": {\"choices\": [0]}}"}
{"op_code": 8, "worker_id": "22854e2f-0f43-4609-8441-575530d09299-140301461989184", "trial_id": 36, "user_attr": {"best_epoch": 3}}
{"op_code": 8, "worker_id": "22854e2f-0f43-4609-8441-575530d09299-140301461989184", "trial_id": 36, "user_attr": {"test_loss": 0.4488913380752704}}
{"op_code": 6, "worker_id": "22854e2f-0f43-4609-8441-575530d09299-140301461989184", "trial_id": 36, "state": 1, "values": [0.45003027336890294], "datetime_complete": "2024-08-29T15:49:27.773290"}
{"op_code": 4, "worker_id": "22854e2f-0f43-4609-8441-575530d09299-140301461989184", "study_id": 0, "datetime_start": "2024-08-29T15:49:27.782040"}
{"op_code": 5, "worker_id": "22854e2f-0f43-4609-8441-575530d09299-140301461989184", "trial_id": 37, "param_name": "lr", "param_value_internal": 0.00045520746504516265, "distribution": "{\"name\": \"FloatDistribution\", \"attributes\": {\"step\": null, \"low\": 1e-05, \"high\": 0.001, \"log\": true}}"}
{"op_code": 5, "worker_id": "22854e2f-0f43-4609-8441-575530d09299-140301461989184", "trial_id": 37, "param_name": "l2reg", "param_value_internal": 2.9960530480817473e-08, "distribution": "{\"name\": \"FloatDistribution\", \"attributes\": {\"step\": null, \"low\": 1e-08, \"high\": 0.001, \"log\": true}}"}
{"op_code": 5, "worker_id": "22854e2f-0f43-4609-8441-575530d09299-140301461989184", "trial_id": 37, "param_name": "random_seed", "param_value_internal": 0, "distribution": "{\"name\": \"CategoricalDistribution\", \"attributes\": {\"choices\": [42]}}"}
{"op_code": 5, "worker_id": "22854e2f-0f43-4609-8441-575530d09299-140301461989184", "trial_id": 37, "param_name": "degree", "param_value_internal": 0, "distribution": "{\"name\": \"CategoricalDistribution\", \"attributes\": {\"choices\": [0]}}"}
{"op_code": 8, "worker_id": "22854e2f-0f43-4609-8441-575530d09299-140301461989184", "trial_id": 37, "user_attr": {"best_epoch": 0}}
{"op_code": 8, "worker_id": "22854e2f-0f43-4609-8441-575530d09299-140301461989184", "trial_id": 37, "user_attr": {"test_loss": 0.44888152690779487}}
{"op_code": 6, "worker_id": "22854e2f-0f43-4609-8441-575530d09299-140301461989184", "trial_id": 37, "state": 1, "values": [0.4499314363549184], "datetime_complete": "2024-08-29T16:02:00.001251"}
{"op_code": 4, "worker_id": "22854e2f-0f43-4609-8441-575530d09299-140301461989184", "study_id": 0, "datetime_start": "2024-08-29T16:02:00.010491"}
{"op_code": 5, "worker_id": "22854e2f-0f43-4609-8441-575530d09299-140301461989184", "trial_id": 38, "param_name": "lr", "param_value_internal": 0.00012487372474468832, "distribution": "{\"name\": \"FloatDistribution\", \"attributes\": {\"step\": null, \"low\": 1e-05, \"high\": 0.001, \"log\": true}}"}
{"op_code": 5, "worker_id": "22854e2f-0f43-4609-8441-575530d09299-140301461989184", "trial_id": 38, "param_name": "l2reg", "param_value_internal": 5.9377424025085694e-08, "distribution": "{\"name\": \"FloatDistribution\", \"attributes\": {\"step\": null, \"low\": 1e-08, \"high\": 0.001, \"log\": true}}"}
{"op_code": 5, "worker_id": "22854e2f-0f43-4609-8441-575530d09299-140301461989184", "trial_id": 38, "param_name": "random_seed", "param_value_internal": 0, "distribution": "{\"name\": \"CategoricalDistribution\", \"attributes\": {\"choices\": [42]}}"}
{"op_code": 5, "worker_id": "22854e2f-0f43-4609-8441-575530d09299-140301461989184", "trial_id": 38, "param_name": "degree", "param_value_internal": 0, "distribution": "{\"name\": \"CategoricalDistribution\", \"attributes\": {\"choices\": [0]}}"}
{"op_code": 8, "worker_id": "22854e2f-0f43-4609-8441-575530d09299-140301461989184", "trial_id": 38, "user_attr": {"best_epoch": 1}}
{"op_code": 8, "worker_id": "22854e2f-0f43-4609-8441-575530d09299-140301461989184", "trial_id": 38, "user_attr": {"test_loss": 0.4482762504084805}}
{"op_code": 6, "worker_id": "22854e2f-0f43-4609-8441-575530d09299-140301461989184", "trial_id": 38, "state": 1, "values": [0.4492882131611658], "datetime_complete": "2024-08-29T16:17:16.263548"}
{"op_code": 4, "worker_id": "22854e2f-0f43-4609-8441-575530d09299-140301461989184", "study_id": 0, "datetime_start": "2024-08-29T16:17:16.272251"}
{"op_code": 5, "worker_id": "22854e2f-0f43-4609-8441-575530d09299-140301461989184", "trial_id": 39, "param_name": "lr", "param_value_internal": 3.2367871286896835e-05, "distribution": "{\"name\": \"FloatDistribution\", \"attributes\": {\"step\": null, \"low\": 1e-05, \"high\": 0.001, \"log\": true}}"}
{"op_code": 5, "worker_id": "22854e2f-0f43-4609-8441-575530d09299-140301461989184", "trial_id": 39, "param_name": "l2reg", "param_value_internal": 0.00019872356792327098, "distribution": "{\"name\": \"FloatDistribution\", \"attributes\": {\"step\": null, \"low\": 1e-08, \"high\": 0.001, \"log\": true}}"}
{"op_code": 5, "worker_id": "22854e2f-0f43-4609-8441-575530d09299-140301461989184", "trial_id": 39, "param_name": "random_seed", "param_value_internal": 0, "distribution": "{\"name\": \"CategoricalDistribution\", \"attributes\": {\"choices\": [42]}}"}
{"op_code": 5, "worker_id": "22854e2f-0f43-4609-8441-575530d09299-140301461989184", "trial_id": 39, "param_name": "degree", "param_value_internal": 0, "distribution": "{\"name\": \"CategoricalDistribution\", \"attributes\": {\"choices\": [0]}}"}
{"op_code": 8, "worker_id": "22854e2f-0f43-4609-8441-575530d09299-140301461989184", "trial_id": 39, "user_attr": {"best_epoch": 5}}
{"op_code": 8, "worker_id": "22854e2f-0f43-4609-8441-575530d09299-140301461989184", "trial_id": 39, "user_attr": {"test_loss": 0.4497165068884321}}
{"op_code": 6, "worker_id": "22854e2f-0f43-4609-8441-575530d09299-140301461989184", "trial_id": 39, "state": 1, "values": [0.45071484089874875], "datetime_complete": "2024-08-29T16:43:26.427636"}
{"op_code": 4, "worker_id": "22854e2f-0f43-4609-8441-575530d09299-140301461989184", "study_id": 0, "datetime_start": "2024-08-29T16:43:26.436851"}
{"op_code": 5, "worker_id": "22854e2f-0f43-4609-8441-575530d09299-140301461989184", "trial_id": 40, "param_name": "lr", "param_value_internal": 0.00020141474962235615, "distribution": "{\"name\": \"FloatDistribution\", \"attributes\": {\"step\": null, \"low\": 1e-05, \"high\": 0.001, \"log\": true}}"}
{"op_code": 5, "worker_id": "22854e2f-0f43-4609-8441-575530d09299-140301461989184", "trial_id": 40, "param_name": "l2reg", "param_value_internal": 4.237446210047003e-06, "distribution": "{\"name\": \"FloatDistribution\", \"attributes\": {\"step\": null, \"low\": 1e-08, \"high\": 0.001, \"log\": true}}"}
{"op_code": 5, "worker_id": "22854e2f-0f43-4609-8441-575530d09299-140301461989184", "trial_id": 40, "param_name": "random_seed", "param_value_internal": 0, "distribution": "{\"name\": \"CategoricalDistribution\", \"attributes\": {\"choices\": [42]}}"}
{"op_code": 5, "worker_id": "22854e2f-0f43-4609-8441-575530d09299-140301461989184", "trial_id": 40, "param_name": "degree", "param_value_internal": 0, "distribution": "{\"name\": \"CategoricalDistribution\", \"attributes\": {\"choices\": [0]}}"}
{"op_code": 8, "worker_id": "22854e2f-0f43-4609-8441-575530d09299-140301461989184", "trial_id": 40, "user_attr": {"best_epoch": 0}}
{"op_code": 8, "worker_id": "22854e2f-0f43-4609-8441-575530d09299-140301461989184", "trial_id": 40, "user_attr": {"test_loss": 0.44926870535346164}}
{"op_code": 6, "worker_id": "22854e2f-0f43-4609-8441-575530d09299-140301461989184", "trial_id": 40, "state": 1, "values": [0.45032101987276785], "datetime_complete": "2024-08-29T16:55:46.498212"}
{"op_code": 4, "worker_id": "22854e2f-0f43-4609-8441-575530d09299-140301461989184", "study_id": 0, "datetime_start": "2024-08-29T16:55:46.507124"}
{"op_code": 5, "worker_id": "22854e2f-0f43-4609-8441-575530d09299-140301461989184", "trial_id": 41, "param_name": "lr", "param_value_internal": 0.00013486886930611322, "distribution": "{\"name\": \"FloatDistribution\", \"attributes\": {\"step\": null, \"low\": 1e-05, \"high\": 0.001, \"log\": true}}"}
{"op_code": 5, "worker_id": "22854e2f-0f43-4609-8441-575530d09299-140301461989184", "trial_id": 41, "param_name": "l2reg", "param_value_internal": 6.033252730259648e-08, "distribution": "{\"name\": \"FloatDistribution\", \"attributes\": {\"step\": null, \"low\": 1e-08, \"high\": 0.001, \"log\": true}}"}
{"op_code": 5, "worker_id": "22854e2f-0f43-4609-8441-575530d09299-140301461989184", "trial_id": 41, "param_name": "random_seed", "param_value_internal": 0, "distribution": "{\"name\": \"CategoricalDistribution\", \"attributes\": {\"choices\": [42]}}"}
{"op_code": 5, "worker_id": "22854e2f-0f43-4609-8441-575530d09299-140301461989184", "trial_id": 41, "param_name": "degree", "param_value_internal": 0, "distribution": "{\"name\": \"CategoricalDistribution\", \"attributes\": {\"choices\": [0]}}"}
{"op_code": 8, "worker_id": "22854e2f-0f43-4609-8441-575530d09299-140301461989184", "trial_id": 41, "user_attr": {"best_epoch": 1}}
{"op_code": 8, "worker_id": "22854e2f-0f43-4609-8441-575530d09299-140301461989184", "trial_id": 41, "user_attr": {"test_loss": 0.4482920551685383}}
{"op_code": 6, "worker_id": "22854e2f-0f43-4609-8441-575530d09299-140301461989184", "trial_id": 41, "state": 1, "values": [0.44930913347158047], "datetime_complete": "2024-08-29T17:11:05.033295"}
{"op_code": 4, "worker_id": "22854e2f-0f43-4609-8441-575530d09299-140301461989184", "study_id": 0, "datetime_start": "2024-08-29T17:11:05.042150"}
{"op_code": 5, "worker_id": "22854e2f-0f43-4609-8441-575530d09299-140301461989184", "trial_id": 42, "param_name": "lr", "param_value_internal": 8.80484952944164e-05, "distribution": "{\"name\": \"FloatDistribution\", \"attributes\": {\"step\": null, \"low\": 1e-05, \"high\": 0.001, \"log\": true}}"}
{"op_code": 5, "worker_id": "22854e2f-0f43-4609-8441-575530d09299-140301461989184", "trial_id": 42, "param_name": "l2reg", "param_value_internal": 1.412206790819262e-07, "distribution": "{\"name\": \"FloatDistribution\", \"attributes\": {\"step\": null, \"low\": 1e-08, \"high\": 0.001, \"log\": true}}"}
{"op_code": 5, "worker_id": "22854e2f-0f43-4609-8441-575530d09299-140301461989184", "trial_id": 42, "param_name": "random_seed", "param_value_internal": 0, "distribution": "{\"name\": \"CategoricalDistribution\", \"attributes\": {\"choices\": [42]}}"}
{"op_code": 5, "worker_id": "22854e2f-0f43-4609-8441-575530d09299-140301461989184", "trial_id": 42, "param_name": "degree", "param_value_internal": 0, "distribution": "{\"name\": \"CategoricalDistribution\", \"attributes\": {\"choices\": [0]}}"}
{"op_code": 8, "worker_id": "22854e2f-0f43-4609-8441-575530d09299-140301461989184", "trial_id": 42, "user_attr": {"best_epoch": 1}}
{"op_code": 8, "worker_id": "22854e2f-0f43-4609-8441-575530d09299-140301461989184", "trial_id": 42, "user_attr": {"test_loss": 0.4490981742829831}}
{"op_code": 6, "worker_id": "22854e2f-0f43-4609-8441-575530d09299-140301461989184", "trial_id": 42, "state": 1, "values": [0.45007177040799184], "datetime_complete": "2024-08-29T17:26:02.827268"}
{"op_code": 4, "worker_id": "22854e2f-0f43-4609-8441-575530d09299-140301461989184", "study_id": 0, "datetime_start": "2024-08-29T17:26:02.835969"}
{"op_code": 5, "worker_id": "22854e2f-0f43-4609-8441-575530d09299-140301461989184", "trial_id": 43, "param_name": "lr", "param_value_internal": 0.00013289759061766525, "distribution": "{\"name\": \"FloatDistribution\", \"attributes\": {\"step\": null, \"low\": 1e-05, \"high\": 0.001, \"log\": true}}"}
{"op_code": 5, "worker_id": "22854e2f-0f43-4609-8441-575530d09299-140301461989184", "trial_id": 43, "param_name": "l2reg", "param_value_internal": 5.94309669808655e-08, "distribution": "{\"name\": \"FloatDistribution\", \"attributes\": {\"step\": null, \"low\": 1e-08, \"high\": 0.001, \"log\": true}}"}
{"op_code": 5, "worker_id": "22854e2f-0f43-4609-8441-575530d09299-140301461989184", "trial_id": 43, "param_name": "random_seed", "param_value_internal": 0, "distribution": "{\"name\": \"CategoricalDistribution\", \"attributes\": {\"choices\": [42]}}"}
{"op_code": 5, "worker_id": "22854e2f-0f43-4609-8441-575530d09299-140301461989184", "trial_id": 43, "param_name": "degree", "param_value_internal": 0, "distribution": "{\"name\": \"CategoricalDistribution\", \"attributes\": {\"choices\": [0]}}"}
{"op_code": 8, "worker_id": "22854e2f-0f43-4609-8441-575530d09299-140301461989184", "trial_id": 43, "user_attr": {"best_epoch": 1}}
{"op_code": 8, "worker_id": "22854e2f-0f43-4609-8441-575530d09299-140301461989184", "trial_id": 43, "user_attr": {"test_loss": 0.4482837710310201}}
{"op_code": 6, "worker_id": "22854e2f-0f43-4609-8441-575530d09299-140301461989184", "trial_id": 43, "state": 1, "values": [0.44929985676459], "datetime_complete": "2024-08-29T17:41:44.196498"}
{"op_code": 4, "worker_id": "22854e2f-0f43-4609-8441-575530d09299-140301461989184", "study_id": 0, "datetime_start": "2024-08-29T17:41:44.205476"}
{"op_code": 5, "worker_id": "22854e2f-0f43-4609-8441-575530d09299-140301461989184", "trial_id": 44, "param_name": "lr", "param_value_internal": 0.0002675920838299318, "distribution": "{\"name\": \"FloatDistribution\", \"attributes\": {\"step\": null, \"low\": 1e-05, \"high\": 0.001, \"log\": true}}"}
{"op_code": 5, "worker_id": "22854e2f-0f43-4609-8441-575530d09299-140301461989184", "trial_id": 44, "param_name": "l2reg", "param_value_internal": 2.5196398059507596e-08, "distribution": "{\"name\": \"FloatDistribution\", \"attributes\": {\"step\": null, \"low\": 1e-08, \"high\": 0.001, \"log\": true}}"}
{"op_code": 5, "worker_id": "22854e2f-0f43-4609-8441-575530d09299-140301461989184", "trial_id": 44, "param_name": "random_seed", "param_value_internal": 0, "distribution": "{\"name\": \"CategoricalDistribution\", \"attributes\": {\"choices\": [42]}}"}
{"op_code": 5, "worker_id": "22854e2f-0f43-4609-8441-575530d09299-140301461989184", "trial_id": 44, "param_name": "degree", "param_value_internal": 0, "distribution": "{\"name\": \"CategoricalDistribution\", \"attributes\": {\"choices\": [0]}}"}
{"op_code": 8, "worker_id": "22854e2f-0f43-4609-8441-575530d09299-140301461989184", "trial_id": 44, "user_attr": {"best_epoch": 0}}
{"op_code": 8, "worker_id": "22854e2f-0f43-4609-8441-575530d09299-140301461989184", "trial_id": 44, "user_attr": {"test_loss": 0.44885239881135985}}
{"op_code": 6, "worker_id": "22854e2f-0f43-4609-8441-575530d09299-140301461989184", "trial_id": 44, "state": 1, "values": [0.44990807279657213], "datetime_complete": "2024-08-29T17:54:03.158374"}
{"op_code": 4, "worker_id": "22854e2f-0f43-4609-8441-575530d09299-140301461989184", "study_id": 0, "datetime_start": "2024-08-29T17:54:03.168610"}
{"op_code": 5, "worker_id": "22854e2f-0f43-4609-8441-575530d09299-140301461989184", "trial_id": 45, "param_name": "lr", "param_value_internal": 0.00016568542003442965, "distribution": "{\"name\": \"FloatDistribution\", \"attributes\": {\"step\": null, \"low\": 1e-05, \"high\": 0.001, \"log\": true}}"}
{"op_code": 5, "worker_id": "22854e2f-0f43-4609-8441-575530d09299-140301461989184", "trial_id": 45, "param_name": "l2reg", "param_value_internal": 2.2946989349159498e-07, "distribution": "{\"name\": \"FloatDistribution\", \"attributes\": {\"step\": null, \"low\": 1e-08, \"high\": 0.001, \"log\": true}}"}
{"op_code": 5, "worker_id": "22854e2f-0f43-4609-8441-575530d09299-140301461989184", "trial_id": 45, "param_name": "random_seed", "param_value_internal": 0, "distribution": "{\"name\": \"CategoricalDistribution\", \"attributes\": {\"choices\": [42]}}"}
{"op_code": 5, "worker_id": "22854e2f-0f43-4609-8441-575530d09299-140301461989184", "trial_id": 45, "param_name": "degree", "param_value_internal": 0, "distribution": "{\"name\": \"CategoricalDistribution\", \"attributes\": {\"choices\": [0]}}"}
{"op_code": 8, "worker_id": "22854e2f-0f43-4609-8441-575530d09299-140301461989184", "trial_id": 45, "user_attr": {"best_epoch": 1}}
{"op_code": 8, "worker_id": "22854e2f-0f43-4609-8441-575530d09299-140301461989184", "trial_id": 45, "user_attr": {"test_loss": 0.4486599930367434}}
{"op_code": 6, "worker_id": "22854e2f-0f43-4609-8441-575530d09299-140301461989184", "trial_id": 45, "state": 1, "values": [0.4496889058219544], "datetime_complete": "2024-08-29T18:09:06.345055"}
{"op_code": 4, "worker_id": "22854e2f-0f43-4609-8441-575530d09299-140301461989184", "study_id": 0, "datetime_start": "2024-08-29T18:09:06.354229"}
{"op_code": 5, "worker_id": "22854e2f-0f43-4609-8441-575530d09299-140301461989184", "trial_id": 46, "param_name": "lr", "param_value_internal": 0.0001169373941336993, "distribution": "{\"name\": \"FloatDistribution\", \"attributes\": {\"step\": null, \"low\": 1e-05, \"high\": 0.001, \"log\": true}}"}
{"op_code": 5, "worker_id": "22854e2f-0f43-4609-8441-575530d09299-140301461989184", "trial_id": 46, "param_name": "l2reg", "param_value_internal": 4.735974748285817e-08, "distribution": "{\"name\": \"FloatDistribution\", \"attributes\": {\"step\": null, \"low\": 1e-08, \"high\": 0.001, \"log\": true}}"}
{"op_code": 5, "worker_id": "22854e2f-0f43-4609-8441-575530d09299-140301461989184", "trial_id": 46, "param_name": "random_seed", "param_value_internal": 0, "distribution": "{\"name\": \"CategoricalDistribution\", \"attributes\": {\"choices\": [42]}}"}
{"op_code": 5, "worker_id": "22854e2f-0f43-4609-8441-575530d09299-140301461989184", "trial_id": 46, "param_name": "degree", "param_value_internal": 0, "distribution": "{\"name\": \"CategoricalDistribution\", \"attributes\": {\"choices\": [0]}}"}
{"op_code": 8, "worker_id": "22854e2f-0f43-4609-8441-575530d09299-140301461989184", "trial_id": 46, "user_attr": {"best_epoch": 1}}
{"op_code": 8, "worker_id": "22854e2f-0f43-4609-8441-575530d09299-140301461989184", "trial_id": 46, "user_attr": {"test_loss": 0.4483203433984968}}
{"op_code": 6, "worker_id": "22854e2f-0f43-4609-8441-575530d09299-140301461989184", "trial_id": 46, "state": 1, "values": [0.4493247855286425], "datetime_complete": "2024-08-29T18:24:06.360454"}
{"op_code": 4, "worker_id": "22854e2f-0f43-4609-8441-575530d09299-140301461989184", "study_id": 0, "datetime_start": "2024-08-29T18:24:06.370180"}
{"op_code": 5, "worker_id": "22854e2f-0f43-4609-8441-575530d09299-140301461989184", "trial_id": 47, "param_name": "lr", "param_value_internal": 7.094669994636512e-05, "distribution": "{\"name\": \"FloatDistribution\", \"attributes\": {\"step\": null, \"low\": 1e-05, \"high\": 0.001, \"log\": true}}"}
{"op_code": 5, "worker_id": "22854e2f-0f43-4609-8441-575530d09299-140301461989184", "trial_id": 47, "param_name": "l2reg", "param_value_internal": 8.531833352895795e-08, "distribution": "{\"name\": \"FloatDistribution\", \"attributes\": {\"step\": null, \"low\": 1e-08, \"high\": 0.001, \"log\": true}}"}
{"op_code": 5, "worker_id": "22854e2f-0f43-4609-8441-575530d09299-140301461989184", "trial_id": 47, "param_name": "random_seed", "param_value_internal": 0, "distribution": "{\"name\": \"CategoricalDistribution\", \"attributes\": {\"choices\": [42]}}"}
{"op_code": 5, "worker_id": "22854e2f-0f43-4609-8441-575530d09299-140301461989184", "trial_id": 47, "param_name": "degree", "param_value_internal": 0, "distribution": "{\"name\": \"CategoricalDistribution\", \"attributes\": {\"choices\": [0]}}"}
{"op_code": 8, "worker_id": "22854e2f-0f43-4609-8441-575530d09299-140301461989184", "trial_id": 47, "user_attr": {"best_epoch": 2}}
{"op_code": 8, "worker_id": "22854e2f-0f43-4609-8441-575530d09299-140301461989184", "trial_id": 47, "user_attr": {"test_loss": 0.4494391218966934}}
{"op_code": 6, "worker_id": "22854e2f-0f43-4609-8441-575530d09299-140301461989184", "trial_id": 47, "state": 1, "values": [0.4503012830105701], "datetime_complete": "2024-08-29T18:41:52.337200"}
{"op_code": 4, "worker_id": "22854e2f-0f43-4609-8441-575530d09299-140301461989184", "study_id": 0, "datetime_start": "2024-08-29T18:41:52.346015"}
{"op_code": 5, "worker_id": "22854e2f-0f43-4609-8441-575530d09299-140301461989184", "trial_id": 48, "param_name": "lr", "param_value_internal": 0.00018469091340841406, "distribution": "{\"name\": \"FloatDistribution\", \"attributes\": {\"step\": null, \"low\": 1e-05, \"high\": 0.001, \"log\": true}}"}
{"op_code": 5, "worker_id": "22854e2f-0f43-4609-8441-575530d09299-140301461989184", "trial_id": 48, "param_name": "l2reg", "param_value_internal": 2.156047856742161e-08, "distribution": "{\"name\": \"FloatDistribution\", \"attributes\": {\"step\": null, \"low\": 1e-08, \"high\": 0.001, \"log\": true}}"}
{"op_code": 5, "worker_id": "22854e2f-0f43-4609-8441-575530d09299-140301461989184", "trial_id": 48, "param_name": "random_seed", "param_value_internal": 0, "distribution": "{\"name\": \"CategoricalDistribution\", \"attributes\": {\"choices\": [42]}}"}
{"op_code": 5, "worker_id": "22854e2f-0f43-4609-8441-575530d09299-140301461989184", "trial_id": 48, "param_name": "degree", "param_value_internal": 0, "distribution": "{\"name\": \"CategoricalDistribution\", \"attributes\": {\"choices\": [0]}}"}
{"op_code": 8, "worker_id": "22854e2f-0f43-4609-8441-575530d09299-140301461989184", "trial_id": 48, "user_attr": {"best_epoch": 1}}
{"op_code": 8, "worker_id": "22854e2f-0f43-4609-8441-575530d09299-140301461989184", "trial_id": 48, "user_attr": {"test_loss": 0.44902857989268036}}
{"op_code": 6, "worker_id": "22854e2f-0f43-4609-8441-575530d09299-140301461989184", "trial_id": 48, "state": 1, "values": [0.45006585316690745], "datetime_complete": "2024-08-29T18:56:55.856476"}
{"op_code": 4, "worker_id": "22854e2f-0f43-4609-8441-575530d09299-140301461989184", "study_id": 0, "datetime_start": "2024-08-29T18:56:55.865335"}
{"op_code": 5, "worker_id": "22854e2f-0f43-4609-8441-575530d09299-140301461989184", "trial_id": 49, "param_name": "lr", "param_value_internal": 4.8967811433460565e-05, "distribution": "{\"name\": \"FloatDistribution\", \"attributes\": {\"step\": null, \"low\": 1e-05, \"high\": 0.001, \"log\": true}}"}
{"op_code": 5, "worker_id": "22854e2f-0f43-4609-8441-575530d09299-140301461989184", "trial_id": 49, "param_name": "l2reg", "param_value_internal": 4.2066985181258423e-07, "distribution": "{\"name\": \"FloatDistribution\", \"attributes\": {\"step\": null, \"low\": 1e-08, \"high\": 0.001, \"log\": true}}"}
{"op_code": 5, "worker_id": "22854e2f-0f43-4609-8441-575530d09299-140301461989184", "trial_id": 49, "param_name": "random_seed", "param_value_internal": 0, "distribution": "{\"name\": \"CategoricalDistribution\", \"attributes\": {\"choices\": [42]}}"}
{"op_code": 5, "worker_id": "22854e2f-0f43-4609-8441-575530d09299-140301461989184", "trial_id": 49, "param_name": "degree", "param_value_internal": 0, "distribution": "{\"name\": \"CategoricalDistribution\", \"attributes\": {\"choices\": [0]}}"}
{"op_code": 8, "worker_id": "22854e2f-0f43-4609-8441-575530d09299-140301461989184", "trial_id": 49, "user_attr": {"best_epoch": 3}}
{"op_code": 8, "worker_id": "22854e2f-0f43-4609-8441-575530d09299-140301461989184", "trial_id": 49, "user_attr": {"test_loss": 0.4491255462949672}}
{"op_code": 6, "worker_id": "22854e2f-0f43-4609-8441-575530d09299-140301461989184", "trial_id": 49, "state": 1, "values": [0.4502045456627768], "datetime_complete": "2024-08-29T19:17:25.696977"}
