{"op_code": 0, "worker_id": "9d43f825-728c-4bcb-b84a-65a90ccde2a5-140375600768832", "study_name": "criteo_splines_3_22", "directions": [1]}
{"op_code": 4, "worker_id": "9d43f825-728c-4bcb-b84a-65a90ccde2a5-140375600768832", "study_id": 0, "datetime_start": "2024-08-21T06:42:44.276168"}
{"op_code": 5, "worker_id": "9d43f825-728c-4bcb-b84a-65a90ccde2a5-140375600768832", "trial_id": 0, "param_name": "lr", "param_value_internal": 5.6115164153345e-05, "distribution": "{\"name\": \"FloatDistribution\", \"attributes\": {\"step\": null, \"low\": 1e-05, \"high\": 0.001, \"log\": true}}"}
{"op_code": 5, "worker_id": "9d43f825-728c-4bcb-b84a-65a90ccde2a5-140375600768832", "trial_id": 0, "param_name": "l2reg", "param_value_internal": 0.0005669849511478851, "distribution": "{\"name\": \"FloatDistribution\", \"attributes\": {\"step\": null, \"low\": 1e-08, \"high\": 0.001, \"log\": true}}"}
{"op_code": 5, "worker_id": "9d43f825-728c-4bcb-b84a-65a90ccde2a5-140375600768832", "trial_id": 0, "param_name": "random_seed", "param_value_internal": 0, "distribution": "{\"name\": \"CategoricalDistribution\", \"attributes\": {\"choices\": [42]}}"}
{"op_code": 5, "worker_id": "9d43f825-728c-4bcb-b84a-65a90ccde2a5-140375600768832", "trial_id": 0, "param_name": "degree", "param_value_internal": 0, "distribution": "{\"name\": \"CategoricalDistribution\", \"attributes\": {\"choices\": [3]}}"}
{"op_code": 8, "worker_id": "9d43f825-728c-4bcb-b84a-65a90ccde2a5-140375600768832", "trial_id": 0, "user_attr": {"best_epoch": 3}}
{"op_code": 8, "worker_id": "9d43f825-728c-4bcb-b84a-65a90ccde2a5-140375600768832", "trial_id": 0, "user_attr": {"test_loss": 0.4456203101994563}}
{"op_code": 6, "worker_id": "9d43f825-728c-4bcb-b84a-65a90ccde2a5-140375600768832", "trial_id": 0, "state": 1, "values": [0.4454547080733201], "datetime_complete": "2024-08-21T07:10:22.028072"}
{"op_code": 4, "worker_id": "9d43f825-728c-4bcb-b84a-65a90ccde2a5-140375600768832", "study_id": 0, "datetime_start": "2024-08-21T07:10:22.037441"}
{"op_code": 5, "worker_id": "9d43f825-728c-4bcb-b84a-65a90ccde2a5-140375600768832", "trial_id": 1, "param_name": "lr", "param_value_internal": 0.000291063591313307, "distribution": "{\"name\": \"FloatDistribution\", \"attributes\": {\"step\": null, \"low\": 1e-05, \"high\": 0.001, \"log\": true}}"}
{"op_code": 5, "worker_id": "9d43f825-728c-4bcb-b84a-65a90ccde2a5-140375600768832", "trial_id": 1, "param_name": "l2reg", "param_value_internal": 9.846738873614555e-06, "distribution": "{\"name\": \"FloatDistribution\", \"attributes\": {\"step\": null, \"low\": 1e-08, \"high\": 0.001, \"log\": true}}"}
{"op_code": 5, "worker_id": "9d43f825-728c-4bcb-b84a-65a90ccde2a5-140375600768832", "trial_id": 1, "param_name": "random_seed", "param_value_internal": 0, "distribution": "{\"name\": \"CategoricalDistribution\", \"attributes\": {\"choices\": [42]}}"}
{"op_code": 5, "worker_id": "9d43f825-728c-4bcb-b84a-65a90ccde2a5-140375600768832", "trial_id": 1, "param_name": "degree", "param_value_internal": 0, "distribution": "{\"name\": \"CategoricalDistribution\", \"attributes\": {\"choices\": [3]}}"}
{"op_code": 8, "worker_id": "9d43f825-728c-4bcb-b84a-65a90ccde2a5-140375600768832", "trial_id": 1, "user_attr": {"best_epoch": 0}}
{"op_code": 8, "worker_id": "9d43f825-728c-4bcb-b84a-65a90ccde2a5-140375600768832", "trial_id": 1, "user_attr": {"test_loss": 0.4452229187742107}}
{"op_code": 6, "worker_id": "9d43f825-728c-4bcb-b84a-65a90ccde2a5-140375600768832", "trial_id": 1, "state": 1, "values": [0.4451123261421857], "datetime_complete": "2024-08-21T07:26:34.500728"}
{"op_code": 4, "worker_id": "9d43f825-728c-4bcb-b84a-65a90ccde2a5-140375600768832", "study_id": 0, "datetime_start": "2024-08-21T07:26:34.514061"}
{"op_code": 5, "worker_id": "9d43f825-728c-4bcb-b84a-65a90ccde2a5-140375600768832", "trial_id": 2, "param_name": "lr", "param_value_internal": 2.0513382630874486e-05, "distribution": "{\"name\": \"FloatDistribution\", \"attributes\": {\"step\": null, \"low\": 1e-05, \"high\": 0.001, \"log\": true}}"}
{"op_code": 5, "worker_id": "9d43f825-728c-4bcb-b84a-65a90ccde2a5-140375600768832", "trial_id": 2, "param_name": "l2reg", "param_value_internal": 6.02521573620385e-08, "distribution": "{\"name\": \"FloatDistribution\", \"attributes\": {\"step\": null, \"low\": 1e-08, \"high\": 0.001, \"log\": true}}"}
{"op_code": 5, "worker_id": "9d43f825-728c-4bcb-b84a-65a90ccde2a5-140375600768832", "trial_id": 2, "param_name": "random_seed", "param_value_internal": 0, "distribution": "{\"name\": \"CategoricalDistribution\", \"attributes\": {\"choices\": [42]}}"}
{"op_code": 5, "worker_id": "9d43f825-728c-4bcb-b84a-65a90ccde2a5-140375600768832", "trial_id": 2, "param_name": "degree", "param_value_internal": 0, "distribution": "{\"name\": \"CategoricalDistribution\", \"attributes\": {\"choices\": [3]}}"}
{"op_code": 8, "worker_id": "9d43f825-728c-4bcb-b84a-65a90ccde2a5-140375600768832", "trial_id": 2, "user_attr": {"best_epoch": 9}}
{"op_code": 8, "worker_id": "9d43f825-728c-4bcb-b84a-65a90ccde2a5-140375600768832", "trial_id": 2, "user_attr": {"test_loss": 0.44646741201252105}}
{"op_code": 6, "worker_id": "9d43f825-728c-4bcb-b84a-65a90ccde2a5-140375600768832", "trial_id": 2, "state": 1, "values": [0.44629551985407995], "datetime_complete": "2024-08-21T08:15:05.841228"}
{"op_code": 4, "worker_id": "9d43f825-728c-4bcb-b84a-65a90ccde2a5-140375600768832", "study_id": 0, "datetime_start": "2024-08-21T08:15:05.850545"}
{"op_code": 5, "worker_id": "9d43f825-728c-4bcb-b84a-65a90ccde2a5-140375600768832", "trial_id": 3, "param_name": "lr", "param_value_internal": 1.3066739238053272e-05, "distribution": "{\"name\": \"FloatDistribution\", \"attributes\": {\"step\": null, \"low\": 1e-05, \"high\": 0.001, \"log\": true}}"}
{"op_code": 5, "worker_id": "9d43f825-728c-4bcb-b84a-65a90ccde2a5-140375600768832", "trial_id": 3, "param_name": "l2reg", "param_value_internal": 0.00021423021757741048, "distribution": "{\"name\": \"FloatDistribution\", \"attributes\": {\"step\": null, \"low\": 1e-08, \"high\": 0.001, \"log\": true}}"}
{"op_code": 5, "worker_id": "9d43f825-728c-4bcb-b84a-65a90ccde2a5-140375600768832", "trial_id": 3, "param_name": "random_seed", "param_value_internal": 0, "distribution": "{\"name\": \"CategoricalDistribution\", \"attributes\": {\"choices\": [42]}}"}
{"op_code": 5, "worker_id": "9d43f825-728c-4bcb-b84a-65a90ccde2a5-140375600768832", "trial_id": 3, "param_name": "degree", "param_value_internal": 0, "distribution": "{\"name\": \"CategoricalDistribution\", \"attributes\": {\"choices\": [3]}}"}
{"op_code": 8, "worker_id": "9d43f825-728c-4bcb-b84a-65a90ccde2a5-140375600768832", "trial_id": 3, "user_attr": {"best_epoch": 15}}
{"op_code": 8, "worker_id": "9d43f825-728c-4bcb-b84a-65a90ccde2a5-140375600768832", "trial_id": 3, "user_attr": {"test_loss": 0.44669141279668745}}
{"op_code": 6, "worker_id": "9d43f825-728c-4bcb-b84a-65a90ccde2a5-140375600768832", "trial_id": 3, "state": 1, "values": [0.44650686807173784], "datetime_complete": "2024-08-21T09:24:35.078331"}
{"op_code": 4, "worker_id": "9d43f825-728c-4bcb-b84a-65a90ccde2a5-140375600768832", "study_id": 0, "datetime_start": "2024-08-21T09:24:35.087179"}
{"op_code": 5, "worker_id": "9d43f825-728c-4bcb-b84a-65a90ccde2a5-140375600768832", "trial_id": 4, "param_name": "lr", "param_value_internal": 0.00015930522616241006, "distribution": "{\"name\": \"FloatDistribution\", \"attributes\": {\"step\": null, \"low\": 1e-05, \"high\": 0.001, \"log\": true}}"}
{"op_code": 5, "worker_id": "9d43f825-728c-4bcb-b84a-65a90ccde2a5-140375600768832", "trial_id": 4, "param_name": "l2reg", "param_value_internal": 3.47026698865041e-05, "distribution": "{\"name\": \"FloatDistribution\", \"attributes\": {\"step\": null, \"low\": 1e-08, \"high\": 0.001, \"log\": true}}"}
{"op_code": 5, "worker_id": "9d43f825-728c-4bcb-b84a-65a90ccde2a5-140375600768832", "trial_id": 4, "param_name": "random_seed", "param_value_internal": 0, "distribution": "{\"name\": \"CategoricalDistribution\", \"attributes\": {\"choices\": [42]}}"}
{"op_code": 5, "worker_id": "9d43f825-728c-4bcb-b84a-65a90ccde2a5-140375600768832", "trial_id": 4, "param_name": "degree", "param_value_internal": 0, "distribution": "{\"name\": \"CategoricalDistribution\", \"attributes\": {\"choices\": [3]}}"}
{"op_code": 8, "worker_id": "9d43f825-728c-4bcb-b84a-65a90ccde2a5-140375600768832", "trial_id": 4, "user_attr": {"best_epoch": 1}}
{"op_code": 8, "worker_id": "9d43f825-728c-4bcb-b84a-65a90ccde2a5-140375600768832", "trial_id": 4, "user_attr": {"test_loss": 0.4448911532888158}}
{"op_code": 6, "worker_id": "9d43f825-728c-4bcb-b84a-65a90ccde2a5-140375600768832", "trial_id": 4, "state": 1, "values": [0.4447186796339142], "datetime_complete": "2024-08-21T09:44:20.286020"}
{"op_code": 4, "worker_id": "9d43f825-728c-4bcb-b84a-65a90ccde2a5-140375600768832", "study_id": 0, "datetime_start": "2024-08-21T09:44:20.295367"}
{"op_code": 5, "worker_id": "9d43f825-728c-4bcb-b84a-65a90ccde2a5-140375600768832", "trial_id": 5, "param_name": "lr", "param_value_internal": 1.0994335574766187e-05, "distribution": "{\"name\": \"FloatDistribution\", \"attributes\": {\"step\": null, \"low\": 1e-05, \"high\": 0.001, \"log\": true}}"}
{"op_code": 5, "worker_id": "9d43f825-728c-4bcb-b84a-65a90ccde2a5-140375600768832", "trial_id": 5, "param_name": "l2reg", "param_value_internal": 0.0007072114131472234, "distribution": "{\"name\": \"FloatDistribution\", \"attributes\": {\"step\": null, \"low\": 1e-08, \"high\": 0.001, \"log\": true}}"}
{"op_code": 5, "worker_id": "9d43f825-728c-4bcb-b84a-65a90ccde2a5-140375600768832", "trial_id": 5, "param_name": "random_seed", "param_value_internal": 0, "distribution": "{\"name\": \"CategoricalDistribution\", \"attributes\": {\"choices\": [42]}}"}
{"op_code": 5, "worker_id": "9d43f825-728c-4bcb-b84a-65a90ccde2a5-140375600768832", "trial_id": 5, "param_name": "degree", "param_value_internal": 0, "distribution": "{\"name\": \"CategoricalDistribution\", \"attributes\": {\"choices\": [3]}}"}
{"op_code": 8, "worker_id": "9d43f825-728c-4bcb-b84a-65a90ccde2a5-140375600768832", "trial_id": 5, "user_attr": {"best_epoch": 18}}
{"op_code": 8, "worker_id": "9d43f825-728c-4bcb-b84a-65a90ccde2a5-140375600768832", "trial_id": 5, "user_attr": {"test_loss": 0.4467611108170164}}
{"op_code": 6, "worker_id": "9d43f825-728c-4bcb-b84a-65a90ccde2a5-140375600768832", "trial_id": 5, "state": 1, "values": [0.44658467388384654], "datetime_complete": "2024-08-21T10:58:12.346544"}
{"op_code": 4, "worker_id": "9d43f825-728c-4bcb-b84a-65a90ccde2a5-140375600768832", "study_id": 0, "datetime_start": "2024-08-21T10:58:12.355977"}
{"op_code": 5, "worker_id": "9d43f825-728c-4bcb-b84a-65a90ccde2a5-140375600768832", "trial_id": 6, "param_name": "lr", "param_value_internal": 0.000462258900102083, "distribution": "{\"name\": \"FloatDistribution\", \"attributes\": {\"step\": null, \"low\": 1e-05, \"high\": 0.001, \"log\": true}}"}
{"op_code": 5, "worker_id": "9d43f825-728c-4bcb-b84a-65a90ccde2a5-140375600768832", "trial_id": 6, "param_name": "l2reg", "param_value_internal": 1.1526449540315595e-07, "distribution": "{\"name\": \"FloatDistribution\", \"attributes\": {\"step\": null, \"low\": 1e-08, \"high\": 0.001, \"log\": true}}"}
{"op_code": 5, "worker_id": "9d43f825-728c-4bcb-b84a-65a90ccde2a5-140375600768832", "trial_id": 6, "param_name": "random_seed", "param_value_internal": 0, "distribution": "{\"name\": \"CategoricalDistribution\", \"attributes\": {\"choices\": [42]}}"}
{"op_code": 5, "worker_id": "9d43f825-728c-4bcb-b84a-65a90ccde2a5-140375600768832", "trial_id": 6, "param_name": "degree", "param_value_internal": 0, "distribution": "{\"name\": \"CategoricalDistribution\", \"attributes\": {\"choices\": [3]}}"}
{"op_code": 8, "worker_id": "9d43f825-728c-4bcb-b84a-65a90ccde2a5-140375600768832", "trial_id": 6, "user_attr": {"best_epoch": 0}}
{"op_code": 8, "worker_id": "9d43f825-728c-4bcb-b84a-65a90ccde2a5-140375600768832", "trial_id": 6, "user_attr": {"test_loss": 0.44517907119334643}}
{"op_code": 6, "worker_id": "9d43f825-728c-4bcb-b84a-65a90ccde2a5-140375600768832", "trial_id": 6, "state": 1, "values": [0.445069278440533], "datetime_complete": "2024-08-21T11:14:46.289082"}
{"op_code": 4, "worker_id": "9d43f825-728c-4bcb-b84a-65a90ccde2a5-140375600768832", "study_id": 0, "datetime_start": "2024-08-21T11:14:46.312066"}
{"op_code": 5, "worker_id": "9d43f825-728c-4bcb-b84a-65a90ccde2a5-140375600768832", "trial_id": 7, "param_name": "lr", "param_value_internal": 2.3102018878452926e-05, "distribution": "{\"name\": \"FloatDistribution\", \"attributes\": {\"step\": null, \"low\": 1e-05, \"high\": 0.001, \"log\": true}}"}
{"op_code": 5, "worker_id": "9d43f825-728c-4bcb-b84a-65a90ccde2a5-140375600768832", "trial_id": 7, "param_name": "l2reg", "param_value_internal": 8.260808399079588e-08, "distribution": "{\"name\": \"FloatDistribution\", \"attributes\": {\"step\": null, \"low\": 1e-08, \"high\": 0.001, \"log\": true}}"}
{"op_code": 5, "worker_id": "9d43f825-728c-4bcb-b84a-65a90ccde2a5-140375600768832", "trial_id": 7, "param_name": "random_seed", "param_value_internal": 0, "distribution": "{\"name\": \"CategoricalDistribution\", \"attributes\": {\"choices\": [42]}}"}
{"op_code": 5, "worker_id": "9d43f825-728c-4bcb-b84a-65a90ccde2a5-140375600768832", "trial_id": 7, "param_name": "degree", "param_value_internal": 0, "distribution": "{\"name\": \"CategoricalDistribution\", \"attributes\": {\"choices\": [3]}}"}
{"op_code": 8, "worker_id": "9d43f825-728c-4bcb-b84a-65a90ccde2a5-140375600768832", "trial_id": 7, "user_attr": {"best_epoch": 8}}
{"op_code": 8, "worker_id": "9d43f825-728c-4bcb-b84a-65a90ccde2a5-140375600768832", "trial_id": 7, "user_attr": {"test_loss": 0.4463942236374964}}
{"op_code": 6, "worker_id": "9d43f825-728c-4bcb-b84a-65a90ccde2a5-140375600768832", "trial_id": 7, "state": 1, "values": [0.44619488130832435], "datetime_complete": "2024-08-21T12:02:17.324383"}
{"op_code": 4, "worker_id": "9d43f825-728c-4bcb-b84a-65a90ccde2a5-140375600768832", "study_id": 0, "datetime_start": "2024-08-21T12:02:17.333707"}
{"op_code": 5, "worker_id": "9d43f825-728c-4bcb-b84a-65a90ccde2a5-140375600768832", "trial_id": 8, "param_name": "lr", "param_value_internal": 4.059611610484306e-05, "distribution": "{\"name\": \"FloatDistribution\", \"attributes\": {\"step\": null, \"low\": 1e-05, \"high\": 0.001, \"log\": true}}"}
{"op_code": 5, "worker_id": "9d43f825-728c-4bcb-b84a-65a90ccde2a5-140375600768832", "trial_id": 8, "param_name": "l2reg", "param_value_internal": 4.2051564509138674e-06, "distribution": "{\"name\": \"FloatDistribution\", \"attributes\": {\"step\": null, \"low\": 1e-08, \"high\": 0.001, \"log\": true}}"}
{"op_code": 5, "worker_id": "9d43f825-728c-4bcb-b84a-65a90ccde2a5-140375600768832", "trial_id": 8, "param_name": "random_seed", "param_value_internal": 0, "distribution": "{\"name\": \"CategoricalDistribution\", \"attributes\": {\"choices\": [42]}}"}
{"op_code": 5, "worker_id": "9d43f825-728c-4bcb-b84a-65a90ccde2a5-140375600768832", "trial_id": 8, "param_name": "degree", "param_value_internal": 0, "distribution": "{\"name\": \"CategoricalDistribution\", \"attributes\": {\"choices\": [3]}}"}
{"op_code": 8, "worker_id": "9d43f825-728c-4bcb-b84a-65a90ccde2a5-140375600768832", "trial_id": 8, "user_attr": {"best_epoch": 4}}
{"op_code": 8, "worker_id": "9d43f825-728c-4bcb-b84a-65a90ccde2a5-140375600768832", "trial_id": 8, "user_attr": {"test_loss": 0.44605365954963955}}
{"op_code": 6, "worker_id": "9d43f825-728c-4bcb-b84a-65a90ccde2a5-140375600768832", "trial_id": 8, "state": 1, "values": [0.4459028550079238], "datetime_complete": "2024-08-21T12:34:11.530416"}
{"op_code": 4, "worker_id": "9d43f825-728c-4bcb-b84a-65a90ccde2a5-140375600768832", "study_id": 0, "datetime_start": "2024-08-21T12:34:11.541474"}
{"op_code": 5, "worker_id": "9d43f825-728c-4bcb-b84a-65a90ccde2a5-140375600768832", "trial_id": 9, "param_name": "lr", "param_value_internal": 7.309539835912905e-05, "distribution": "{\"name\": \"FloatDistribution\", \"attributes\": {\"step\": null, \"low\": 1e-05, \"high\": 0.001, \"log\": true}}"}
{"op_code": 5, "worker_id": "9d43f825-728c-4bcb-b84a-65a90ccde2a5-140375600768832", "trial_id": 9, "param_name": "l2reg", "param_value_internal": 2.8585493941961875e-07, "distribution": "{\"name\": \"FloatDistribution\", \"attributes\": {\"step\": null, \"low\": 1e-08, \"high\": 0.001, \"log\": true}}"}
{"op_code": 5, "worker_id": "9d43f825-728c-4bcb-b84a-65a90ccde2a5-140375600768832", "trial_id": 9, "param_name": "random_seed", "param_value_internal": 0, "distribution": "{\"name\": \"CategoricalDistribution\", \"attributes\": {\"choices\": [42]}}"}
{"op_code": 5, "worker_id": "9d43f825-728c-4bcb-b84a-65a90ccde2a5-140375600768832", "trial_id": 9, "param_name": "degree", "param_value_internal": 0, "distribution": "{\"name\": \"CategoricalDistribution\", \"attributes\": {\"choices\": [3]}}"}
{"op_code": 8, "worker_id": "9d43f825-728c-4bcb-b84a-65a90ccde2a5-140375600768832", "trial_id": 9, "user_attr": {"best_epoch": 2}}
{"op_code": 8, "worker_id": "9d43f825-728c-4bcb-b84a-65a90ccde2a5-140375600768832", "trial_id": 9, "user_attr": {"test_loss": 0.4455425407338936}}
{"op_code": 6, "worker_id": "9d43f825-728c-4bcb-b84a-65a90ccde2a5-140375600768832", "trial_id": 9, "state": 1, "values": [0.44541773213364044], "datetime_complete": "2024-08-21T12:57:27.765434"}
{"op_code": 4, "worker_id": "9d43f825-728c-4bcb-b84a-65a90ccde2a5-140375600768832", "study_id": 0, "datetime_start": "2024-08-21T12:57:27.774582"}
{"op_code": 5, "worker_id": "9d43f825-728c-4bcb-b84a-65a90ccde2a5-140375600768832", "trial_id": 10, "param_name": "lr", "param_value_internal": 0.00018471184590376964, "distribution": "{\"name\": \"FloatDistribution\", \"attributes\": {\"step\": null, \"low\": 1e-05, \"high\": 0.001, \"log\": true}}"}
{"op_code": 5, "worker_id": "9d43f825-728c-4bcb-b84a-65a90ccde2a5-140375600768832", "trial_id": 10, "param_name": "l2reg", "param_value_internal": 3.8521646942747446e-05, "distribution": "{\"name\": \"FloatDistribution\", \"attributes\": {\"step\": null, \"low\": 1e-08, \"high\": 0.001, \"log\": true}}"}
{"op_code": 5, "worker_id": "9d43f825-728c-4bcb-b84a-65a90ccde2a5-140375600768832", "trial_id": 10, "param_name": "random_seed", "param_value_internal": 0, "distribution": "{\"name\": \"CategoricalDistribution\", \"attributes\": {\"choices\": [42]}}"}
{"op_code": 5, "worker_id": "9d43f825-728c-4bcb-b84a-65a90ccde2a5-140375600768832", "trial_id": 10, "param_name": "degree", "param_value_internal": 0, "distribution": "{\"name\": \"CategoricalDistribution\", \"attributes\": {\"choices\": [3]}}"}
{"op_code": 8, "worker_id": "9d43f825-728c-4bcb-b84a-65a90ccde2a5-140375600768832", "trial_id": 10, "user_attr": {"best_epoch": 1}}
{"op_code": 8, "worker_id": "9d43f825-728c-4bcb-b84a-65a90ccde2a5-140375600768832", "trial_id": 10, "user_attr": {"test_loss": 0.44506701626447115}}
{"op_code": 6, "worker_id": "9d43f825-728c-4bcb-b84a-65a90ccde2a5-140375600768832", "trial_id": 10, "state": 1, "values": [0.44489170667121575], "datetime_complete": "2024-08-21T13:17:18.481743"}
{"op_code": 4, "worker_id": "9d43f825-728c-4bcb-b84a-65a90ccde2a5-140375600768832", "study_id": 0, "datetime_start": "2024-08-21T13:17:18.497601"}
{"op_code": 5, "worker_id": "9d43f825-728c-4bcb-b84a-65a90ccde2a5-140375600768832", "trial_id": 11, "param_name": "lr", "param_value_internal": 0.00015320252245209042, "distribution": "{\"name\": \"FloatDistribution\", \"attributes\": {\"step\": null, \"low\": 1e-05, \"high\": 0.001, \"log\": true}}"}
{"op_code": 5, "worker_id": "9d43f825-728c-4bcb-b84a-65a90ccde2a5-140375600768832", "trial_id": 11, "param_name": "l2reg", "param_value_internal": 4.011123221868182e-05, "distribution": "{\"name\": \"FloatDistribution\", \"attributes\": {\"step\": null, \"low\": 1e-08, \"high\": 0.001, \"log\": true}}"}
{"op_code": 5, "worker_id": "9d43f825-728c-4bcb-b84a-65a90ccde2a5-140375600768832", "trial_id": 11, "param_name": "random_seed", "param_value_internal": 0, "distribution": "{\"name\": \"CategoricalDistribution\", \"attributes\": {\"choices\": [42]}}"}
{"op_code": 5, "worker_id": "9d43f825-728c-4bcb-b84a-65a90ccde2a5-140375600768832", "trial_id": 11, "param_name": "degree", "param_value_internal": 0, "distribution": "{\"name\": \"CategoricalDistribution\", \"attributes\": {\"choices\": [3]}}"}
{"op_code": 8, "worker_id": "9d43f825-728c-4bcb-b84a-65a90ccde2a5-140375600768832", "trial_id": 11, "user_attr": {"best_epoch": 1}}
{"op_code": 8, "worker_id": "9d43f825-728c-4bcb-b84a-65a90ccde2a5-140375600768832", "trial_id": 11, "user_attr": {"test_loss": 0.44487137461220705}}
{"op_code": 6, "worker_id": "9d43f825-728c-4bcb-b84a-65a90ccde2a5-140375600768832", "trial_id": 11, "state": 1, "values": [0.444699519043736], "datetime_complete": "2024-08-21T13:37:04.246747"}
{"op_code": 4, "worker_id": "9d43f825-728c-4bcb-b84a-65a90ccde2a5-140375600768832", "study_id": 0, "datetime_start": "2024-08-21T13:37:04.255616"}
{"op_code": 5, "worker_id": "9d43f825-728c-4bcb-b84a-65a90ccde2a5-140375600768832", "trial_id": 12, "param_name": "lr", "param_value_internal": 0.0001458251474269136, "distribution": "{\"name\": \"FloatDistribution\", \"attributes\": {\"step\": null, \"low\": 1e-05, \"high\": 0.001, \"log\": true}}"}
{"op_code": 5, "worker_id": "9d43f825-728c-4bcb-b84a-65a90ccde2a5-140375600768832", "trial_id": 12, "param_name": "l2reg", "param_value_internal": 4.634380861758262e-05, "distribution": "{\"name\": \"FloatDistribution\", \"attributes\": {\"step\": null, \"low\": 1e-08, \"high\": 0.001, \"log\": true}}"}
{"op_code": 5, "worker_id": "9d43f825-728c-4bcb-b84a-65a90ccde2a5-140375600768832", "trial_id": 12, "param_name": "random_seed", "param_value_internal": 0, "distribution": "{\"name\": \"CategoricalDistribution\", \"attributes\": {\"choices\": [42]}}"}
{"op_code": 5, "worker_id": "9d43f825-728c-4bcb-b84a-65a90ccde2a5-140375600768832", "trial_id": 12, "param_name": "degree", "param_value_internal": 0, "distribution": "{\"name\": \"CategoricalDistribution\", \"attributes\": {\"choices\": [3]}}"}
{"op_code": 8, "worker_id": "9d43f825-728c-4bcb-b84a-65a90ccde2a5-140375600768832", "trial_id": 12, "user_attr": {"best_epoch": 1}}
{"op_code": 8, "worker_id": "9d43f825-728c-4bcb-b84a-65a90ccde2a5-140375600768832", "trial_id": 12, "user_attr": {"test_loss": 0.4448629395883592}}
{"op_code": 6, "worker_id": "9d43f825-728c-4bcb-b84a-65a90ccde2a5-140375600768832", "trial_id": 12, "state": 1, "values": [0.44469141124182004], "datetime_complete": "2024-08-21T13:58:15.927544"}
{"op_code": 4, "worker_id": "9d43f825-728c-4bcb-b84a-65a90ccde2a5-140375600768832", "study_id": 0, "datetime_start": "2024-08-21T13:58:15.939833"}
{"op_code": 5, "worker_id": "9d43f825-728c-4bcb-b84a-65a90ccde2a5-140375600768832", "trial_id": 13, "param_name": "lr", "param_value_internal": 0.0007215064248475351, "distribution": "{\"name\": \"FloatDistribution\", \"attributes\": {\"step\": null, \"low\": 1e-05, \"high\": 0.001, \"log\": true}}"}
{"op_code": 5, "worker_id": "9d43f825-728c-4bcb-b84a-65a90ccde2a5-140375600768832", "trial_id": 13, "param_name": "l2reg", "param_value_internal": 8.51404885716151e-07, "distribution": "{\"name\": \"FloatDistribution\", \"attributes\": {\"step\": null, \"low\": 1e-08, \"high\": 0.001, \"log\": true}}"}
{"op_code": 5, "worker_id": "9d43f825-728c-4bcb-b84a-65a90ccde2a5-140375600768832", "trial_id": 13, "param_name": "random_seed", "param_value_internal": 0, "distribution": "{\"name\": \"CategoricalDistribution\", \"attributes\": {\"choices\": [42]}}"}
{"op_code": 5, "worker_id": "9d43f825-728c-4bcb-b84a-65a90ccde2a5-140375600768832", "trial_id": 13, "param_name": "degree", "param_value_internal": 0, "distribution": "{\"name\": \"CategoricalDistribution\", \"attributes\": {\"choices\": [3]}}"}
{"op_code": 8, "worker_id": "9d43f825-728c-4bcb-b84a-65a90ccde2a5-140375600768832", "trial_id": 13, "user_attr": {"best_epoch": 0}}
{"op_code": 8, "worker_id": "9d43f825-728c-4bcb-b84a-65a90ccde2a5-140375600768832", "trial_id": 13, "user_attr": {"test_loss": 0.44546815254944233}}
{"op_code": 6, "worker_id": "9d43f825-728c-4bcb-b84a-65a90ccde2a5-140375600768832", "trial_id": 13, "state": 1, "values": [0.4453514154040674], "datetime_complete": "2024-08-21T14:15:04.864748"}
{"op_code": 4, "worker_id": "9d43f825-728c-4bcb-b84a-65a90ccde2a5-140375600768832", "study_id": 0, "datetime_start": "2024-08-21T14:15:04.882194"}
{"op_code": 5, "worker_id": "9d43f825-728c-4bcb-b84a-65a90ccde2a5-140375600768832", "trial_id": 14, "param_name": "lr", "param_value_internal": 0.00012448484478535553, "distribution": "{\"name\": \"FloatDistribution\", \"attributes\": {\"step\": null, \"low\": 1e-05, \"high\": 0.001, \"log\": true}}"}
{"op_code": 5, "worker_id": "9d43f825-728c-4bcb-b84a-65a90ccde2a5-140375600768832", "trial_id": 14, "param_name": "l2reg", "param_value_internal": 1.163814228102759e-08, "distribution": "{\"name\": \"FloatDistribution\", \"attributes\": {\"step\": null, \"low\": 1e-08, \"high\": 0.001, \"log\": true}}"}
{"op_code": 5, "worker_id": "9d43f825-728c-4bcb-b84a-65a90ccde2a5-140375600768832", "trial_id": 14, "param_name": "random_seed", "param_value_internal": 0, "distribution": "{\"name\": \"CategoricalDistribution\", \"attributes\": {\"choices\": [42]}}"}
{"op_code": 5, "worker_id": "9d43f825-728c-4bcb-b84a-65a90ccde2a5-140375600768832", "trial_id": 14, "param_name": "degree", "param_value_internal": 0, "distribution": "{\"name\": \"CategoricalDistribution\", \"attributes\": {\"choices\": [3]}}"}
{"op_code": 8, "worker_id": "9d43f825-728c-4bcb-b84a-65a90ccde2a5-140375600768832", "trial_id": 14, "user_attr": {"best_epoch": 1}}
{"op_code": 8, "worker_id": "9d43f825-728c-4bcb-b84a-65a90ccde2a5-140375600768832", "trial_id": 14, "user_attr": {"test_loss": 0.44497041342669647}}
{"op_code": 6, "worker_id": "9d43f825-728c-4bcb-b84a-65a90ccde2a5-140375600768832", "trial_id": 14, "state": 1, "values": [0.44479481298464113], "datetime_complete": "2024-08-21T14:34:46.974662"}
{"op_code": 4, "worker_id": "9d43f825-728c-4bcb-b84a-65a90ccde2a5-140375600768832", "study_id": 0, "datetime_start": "2024-08-21T14:34:46.983431"}
{"op_code": 5, "worker_id": "9d43f825-728c-4bcb-b84a-65a90ccde2a5-140375600768832", "trial_id": 15, "param_name": "lr", "param_value_internal": 0.0002733762389478881, "distribution": "{\"name\": \"FloatDistribution\", \"attributes\": {\"step\": null, \"low\": 1e-05, \"high\": 0.001, \"log\": true}}"}
{"op_code": 5, "worker_id": "9d43f825-728c-4bcb-b84a-65a90ccde2a5-140375600768832", "trial_id": 15, "param_name": "l2reg", "param_value_internal": 7.561219687267911e-05, "distribution": "{\"name\": \"FloatDistribution\", \"attributes\": {\"step\": null, \"low\": 1e-08, \"high\": 0.001, \"log\": true}}"}
{"op_code": 5, "worker_id": "9d43f825-728c-4bcb-b84a-65a90ccde2a5-140375600768832", "trial_id": 15, "param_name": "random_seed", "param_value_internal": 0, "distribution": "{\"name\": \"CategoricalDistribution\", \"attributes\": {\"choices\": [42]}}"}
{"op_code": 5, "worker_id": "9d43f825-728c-4bcb-b84a-65a90ccde2a5-140375600768832", "trial_id": 15, "param_name": "degree", "param_value_internal": 0, "distribution": "{\"name\": \"CategoricalDistribution\", \"attributes\": {\"choices\": [3]}}"}
{"op_code": 8, "worker_id": "9d43f825-728c-4bcb-b84a-65a90ccde2a5-140375600768832", "trial_id": 15, "user_attr": {"best_epoch": 0}}
{"op_code": 8, "worker_id": "9d43f825-728c-4bcb-b84a-65a90ccde2a5-140375600768832", "trial_id": 15, "user_attr": {"test_loss": 0.44527618304118094}}
{"op_code": 6, "worker_id": "9d43f825-728c-4bcb-b84a-65a90ccde2a5-140375600768832", "trial_id": 15, "state": 1, "values": [0.4451644269500136], "datetime_complete": "2024-08-21T14:50:58.832587"}
{"op_code": 4, "worker_id": "9d43f825-728c-4bcb-b84a-65a90ccde2a5-140375600768832", "study_id": 0, "datetime_start": "2024-08-21T14:50:58.843995"}
{"op_code": 5, "worker_id": "9d43f825-728c-4bcb-b84a-65a90ccde2a5-140375600768832", "trial_id": 16, "param_name": "lr", "param_value_internal": 9.865355711626425e-05, "distribution": "{\"name\": \"FloatDistribution\", \"attributes\": {\"step\": null, \"low\": 1e-05, \"high\": 0.001, \"log\": true}}"}
{"op_code": 5, "worker_id": "9d43f825-728c-4bcb-b84a-65a90ccde2a5-140375600768832", "trial_id": 16, "param_name": "l2reg", "param_value_internal": 1.0788386058544978e-05, "distribution": "{\"name\": \"FloatDistribution\", \"attributes\": {\"step\": null, \"low\": 1e-08, \"high\": 0.001, \"log\": true}}"}
{"op_code": 5, "worker_id": "9d43f825-728c-4bcb-b84a-65a90ccde2a5-140375600768832", "trial_id": 16, "param_name": "random_seed", "param_value_internal": 0, "distribution": "{\"name\": \"CategoricalDistribution\", \"attributes\": {\"choices\": [42]}}"}
{"op_code": 5, "worker_id": "9d43f825-728c-4bcb-b84a-65a90ccde2a5-140375600768832", "trial_id": 16, "param_name": "degree", "param_value_internal": 0, "distribution": "{\"name\": \"CategoricalDistribution\", \"attributes\": {\"choices\": [3]}}"}
{"op_code": 8, "worker_id": "9d43f825-728c-4bcb-b84a-65a90ccde2a5-140375600768832", "trial_id": 16, "user_attr": {"best_epoch": 1}}
{"op_code": 8, "worker_id": "9d43f825-728c-4bcb-b84a-65a90ccde2a5-140375600768832", "trial_id": 16, "user_attr": {"test_loss": 0.4454966207549288}}
{"op_code": 6, "worker_id": "9d43f825-728c-4bcb-b84a-65a90ccde2a5-140375600768832", "trial_id": 16, "state": 1, "values": [0.44531291243443044], "datetime_complete": "2024-08-21T15:10:49.037648"}
{"op_code": 4, "worker_id": "9d43f825-728c-4bcb-b84a-65a90ccde2a5-140375600768832", "study_id": 0, "datetime_start": "2024-08-21T15:10:49.046687"}
{"op_code": 5, "worker_id": "9d43f825-728c-4bcb-b84a-65a90ccde2a5-140375600768832", "trial_id": 17, "param_name": "lr", "param_value_internal": 0.0009084876849999085, "distribution": "{\"name\": \"FloatDistribution\", \"attributes\": {\"step\": null, \"low\": 1e-05, \"high\": 0.001, \"log\": true}}"}
{"op_code": 5, "worker_id": "9d43f825-728c-4bcb-b84a-65a90ccde2a5-140375600768832", "trial_id": 17, "param_name": "l2reg", "param_value_internal": 0.00012808944435729837, "distribution": "{\"name\": \"FloatDistribution\", \"attributes\": {\"step\": null, \"low\": 1e-08, \"high\": 0.001, \"log\": true}}"}
{"op_code": 5, "worker_id": "9d43f825-728c-4bcb-b84a-65a90ccde2a5-140375600768832", "trial_id": 17, "param_name": "random_seed", "param_value_internal": 0, "distribution": "{\"name\": \"CategoricalDistribution\", \"attributes\": {\"choices\": [42]}}"}
{"op_code": 5, "worker_id": "9d43f825-728c-4bcb-b84a-65a90ccde2a5-140375600768832", "trial_id": 17, "param_name": "degree", "param_value_internal": 0, "distribution": "{\"name\": \"CategoricalDistribution\", \"attributes\": {\"choices\": [3]}}"}
{"op_code": 8, "worker_id": "9d43f825-728c-4bcb-b84a-65a90ccde2a5-140375600768832", "trial_id": 17, "user_attr": {"best_epoch": 0}}
{"op_code": 8, "worker_id": "9d43f825-728c-4bcb-b84a-65a90ccde2a5-140375600768832", "trial_id": 17, "user_attr": {"test_loss": 0.4454819321789179}}
{"op_code": 6, "worker_id": "9d43f825-728c-4bcb-b84a-65a90ccde2a5-140375600768832", "trial_id": 17, "state": 1, "values": [0.44537410270628974], "datetime_complete": "2024-08-21T15:27:00.407462"}
{"op_code": 4, "worker_id": "9d43f825-728c-4bcb-b84a-65a90ccde2a5-140375600768832", "study_id": 0, "datetime_start": "2024-08-21T15:27:00.416942"}
{"op_code": 5, "worker_id": "9d43f825-728c-4bcb-b84a-65a90ccde2a5-140375600768832", "trial_id": 18, "param_name": "lr", "param_value_internal": 0.0002705332129751736, "distribution": "{\"name\": \"FloatDistribution\", \"attributes\": {\"step\": null, \"low\": 1e-05, \"high\": 0.001, \"log\": true}}"}
{"op_code": 5, "worker_id": "9d43f825-728c-4bcb-b84a-65a90ccde2a5-140375600768832", "trial_id": 18, "param_name": "l2reg", "param_value_internal": 2.1896150220570466e-06, "distribution": "{\"name\": \"FloatDistribution\", \"attributes\": {\"step\": null, \"low\": 1e-08, \"high\": 0.001, \"log\": true}}"}
{"op_code": 5, "worker_id": "9d43f825-728c-4bcb-b84a-65a90ccde2a5-140375600768832", "trial_id": 18, "param_name": "random_seed", "param_value_internal": 0, "distribution": "{\"name\": \"CategoricalDistribution\", \"attributes\": {\"choices\": [42]}}"}
{"op_code": 5, "worker_id": "9d43f825-728c-4bcb-b84a-65a90ccde2a5-140375600768832", "trial_id": 18, "param_name": "degree", "param_value_internal": 0, "distribution": "{\"name\": \"CategoricalDistribution\", \"attributes\": {\"choices\": [3]}}"}
{"op_code": 8, "worker_id": "9d43f825-728c-4bcb-b84a-65a90ccde2a5-140375600768832", "trial_id": 18, "user_attr": {"best_epoch": 0}}
{"op_code": 8, "worker_id": "9d43f825-728c-4bcb-b84a-65a90ccde2a5-140375600768832", "trial_id": 18, "user_attr": {"test_loss": 0.4452873812624962}}
{"op_code": 6, "worker_id": "9d43f825-728c-4bcb-b84a-65a90ccde2a5-140375600768832", "trial_id": 18, "state": 1, "values": [0.44517540702256353], "datetime_complete": "2024-08-21T15:43:07.512315"}
{"op_code": 4, "worker_id": "9d43f825-728c-4bcb-b84a-65a90ccde2a5-140375600768832", "study_id": 0, "datetime_start": "2024-08-21T15:43:07.521392"}
{"op_code": 5, "worker_id": "9d43f825-728c-4bcb-b84a-65a90ccde2a5-140375600768832", "trial_id": 19, "param_name": "lr", "param_value_internal": 0.0004931414296689415, "distribution": "{\"name\": \"FloatDistribution\", \"attributes\": {\"step\": null, \"low\": 1e-05, \"high\": 0.001, \"log\": true}}"}
{"op_code": 5, "worker_id": "9d43f825-728c-4bcb-b84a-65a90ccde2a5-140375600768832", "trial_id": 19, "param_name": "l2reg", "param_value_internal": 1.695439134883415e-05, "distribution": "{\"name\": \"FloatDistribution\", \"attributes\": {\"step\": null, \"low\": 1e-08, \"high\": 0.001, \"log\": true}}"}
{"op_code": 5, "worker_id": "9d43f825-728c-4bcb-b84a-65a90ccde2a5-140375600768832", "trial_id": 19, "param_name": "random_seed", "param_value_internal": 0, "distribution": "{\"name\": \"CategoricalDistribution\", \"attributes\": {\"choices\": [42]}}"}
{"op_code": 5, "worker_id": "9d43f825-728c-4bcb-b84a-65a90ccde2a5-140375600768832", "trial_id": 19, "param_name": "degree", "param_value_internal": 0, "distribution": "{\"name\": \"CategoricalDistribution\", \"attributes\": {\"choices\": [3]}}"}
{"op_code": 8, "worker_id": "9d43f825-728c-4bcb-b84a-65a90ccde2a5-140375600768832", "trial_id": 19, "user_attr": {"best_epoch": 0}}
{"op_code": 8, "worker_id": "9d43f825-728c-4bcb-b84a-65a90ccde2a5-140375600768832", "trial_id": 19, "user_attr": {"test_loss": 0.4451944505687242}}
{"op_code": 6, "worker_id": "9d43f825-728c-4bcb-b84a-65a90ccde2a5-140375600768832", "trial_id": 19, "state": 1, "values": [0.44507971314524103], "datetime_complete": "2024-08-21T15:59:24.925990"}
{"op_code": 4, "worker_id": "9d43f825-728c-4bcb-b84a-65a90ccde2a5-140375600768832", "study_id": 0, "datetime_start": "2024-08-21T15:59:24.938072"}
{"op_code": 5, "worker_id": "9d43f825-728c-4bcb-b84a-65a90ccde2a5-140375600768832", "trial_id": 20, "param_name": "lr", "param_value_internal": 4.3579555677842685e-05, "distribution": "{\"name\": \"FloatDistribution\", \"attributes\": {\"step\": null, \"low\": 1e-05, \"high\": 0.001, \"log\": true}}"}
{"op_code": 5, "worker_id": "9d43f825-728c-4bcb-b84a-65a90ccde2a5-140375600768832", "trial_id": 20, "param_name": "l2reg", "param_value_internal": 0.0002494279464885976, "distribution": "{\"name\": \"FloatDistribution\", \"attributes\": {\"step\": null, \"low\": 1e-08, \"high\": 0.001, \"log\": true}}"}
{"op_code": 5, "worker_id": "9d43f825-728c-4bcb-b84a-65a90ccde2a5-140375600768832", "trial_id": 20, "param_name": "random_seed", "param_value_internal": 0, "distribution": "{\"name\": \"CategoricalDistribution\", \"attributes\": {\"choices\": [42]}}"}
{"op_code": 5, "worker_id": "9d43f825-728c-4bcb-b84a-65a90ccde2a5-140375600768832", "trial_id": 20, "param_name": "degree", "param_value_internal": 0, "distribution": "{\"name\": \"CategoricalDistribution\", \"attributes\": {\"choices\": [3]}}"}
{"op_code": 8, "worker_id": "9d43f825-728c-4bcb-b84a-65a90ccde2a5-140375600768832", "trial_id": 20, "user_attr": {"best_epoch": 4}}
{"op_code": 8, "worker_id": "9d43f825-728c-4bcb-b84a-65a90ccde2a5-140375600768832", "trial_id": 20, "user_attr": {"test_loss": 0.44595952904644093}}
{"op_code": 6, "worker_id": "9d43f825-728c-4bcb-b84a-65a90ccde2a5-140375600768832", "trial_id": 20, "state": 1, "values": [0.44580916081268823], "datetime_complete": "2024-08-21T16:30:01.946735"}
{"op_code": 4, "worker_id": "9d43f825-728c-4bcb-b84a-65a90ccde2a5-140375600768832", "study_id": 0, "datetime_start": "2024-08-21T16:30:01.955824"}
{"op_code": 5, "worker_id": "9d43f825-728c-4bcb-b84a-65a90ccde2a5-140375600768832", "trial_id": 21, "param_name": "lr", "param_value_internal": 0.00015417809361612488, "distribution": "{\"name\": \"FloatDistribution\", \"attributes\": {\"step\": null, \"low\": 1e-05, \"high\": 0.001, \"log\": true}}"}
{"op_code": 5, "worker_id": "9d43f825-728c-4bcb-b84a-65a90ccde2a5-140375600768832", "trial_id": 21, "param_name": "l2reg", "param_value_internal": 3.923746312241624e-05, "distribution": "{\"name\": \"FloatDistribution\", \"attributes\": {\"step\": null, \"low\": 1e-08, \"high\": 0.001, \"log\": true}}"}
{"op_code": 5, "worker_id": "9d43f825-728c-4bcb-b84a-65a90ccde2a5-140375600768832", "trial_id": 21, "param_name": "random_seed", "param_value_internal": 0, "distribution": "{\"name\": \"CategoricalDistribution\", \"attributes\": {\"choices\": [42]}}"}
{"op_code": 5, "worker_id": "9d43f825-728c-4bcb-b84a-65a90ccde2a5-140375600768832", "trial_id": 21, "param_name": "degree", "param_value_internal": 0, "distribution": "{\"name\": \"CategoricalDistribution\", \"attributes\": {\"choices\": [3]}}"}
{"op_code": 8, "worker_id": "9d43f825-728c-4bcb-b84a-65a90ccde2a5-140375600768832", "trial_id": 21, "user_attr": {"best_epoch": 1}}
{"op_code": 8, "worker_id": "9d43f825-728c-4bcb-b84a-65a90ccde2a5-140375600768832", "trial_id": 21, "user_attr": {"test_loss": 0.4448740287360902}}
{"op_code": 6, "worker_id": "9d43f825-728c-4bcb-b84a-65a90ccde2a5-140375600768832", "trial_id": 21, "state": 1, "values": [0.44470170051510355], "datetime_complete": "2024-08-21T16:50:35.961406"}
{"op_code": 4, "worker_id": "9d43f825-728c-4bcb-b84a-65a90ccde2a5-140375600768832", "study_id": 0, "datetime_start": "2024-08-21T16:50:35.970242"}
{"op_code": 5, "worker_id": "9d43f825-728c-4bcb-b84a-65a90ccde2a5-140375600768832", "trial_id": 22, "param_name": "lr", "param_value_internal": 9.345649089114622e-05, "distribution": "{\"name\": \"FloatDistribution\", \"attributes\": {\"step\": null, \"low\": 1e-05, \"high\": 0.001, \"log\": true}}"}
{"op_code": 5, "worker_id": "9d43f825-728c-4bcb-b84a-65a90ccde2a5-140375600768832", "trial_id": 22, "param_name": "l2reg", "param_value_internal": 5.836089858642801e-05, "distribution": "{\"name\": \"FloatDistribution\", \"attributes\": {\"step\": null, \"low\": 1e-08, \"high\": 0.001, \"log\": true}}"}
{"op_code": 5, "worker_id": "9d43f825-728c-4bcb-b84a-65a90ccde2a5-140375600768832", "trial_id": 22, "param_name": "random_seed", "param_value_internal": 0, "distribution": "{\"name\": \"CategoricalDistribution\", \"attributes\": {\"choices\": [42]}}"}
{"op_code": 5, "worker_id": "9d43f825-728c-4bcb-b84a-65a90ccde2a5-140375600768832", "trial_id": 22, "param_name": "degree", "param_value_internal": 0, "distribution": "{\"name\": \"CategoricalDistribution\", \"attributes\": {\"choices\": [3]}}"}
{"op_code": 8, "worker_id": "9d43f825-728c-4bcb-b84a-65a90ccde2a5-140375600768832", "trial_id": 22, "user_attr": {"best_epoch": 2}}
{"op_code": 8, "worker_id": "9d43f825-728c-4bcb-b84a-65a90ccde2a5-140375600768832", "trial_id": 22, "user_attr": {"test_loss": 0.44553901402133655}}
{"op_code": 6, "worker_id": "9d43f825-728c-4bcb-b84a-65a90ccde2a5-140375600768832", "trial_id": 22, "state": 1, "values": [0.44542060440427433], "datetime_complete": "2024-08-21T17:14:11.961349"}
{"op_code": 4, "worker_id": "9d43f825-728c-4bcb-b84a-65a90ccde2a5-140375600768832", "study_id": 0, "datetime_start": "2024-08-21T17:14:11.970221"}
{"op_code": 5, "worker_id": "9d43f825-728c-4bcb-b84a-65a90ccde2a5-140375600768832", "trial_id": 23, "param_name": "lr", "param_value_internal": 0.00017559913981942318, "distribution": "{\"name\": \"FloatDistribution\", \"attributes\": {\"step\": null, \"low\": 1e-05, \"high\": 0.001, \"log\": true}}"}
{"op_code": 5, "worker_id": "9d43f825-728c-4bcb-b84a-65a90ccde2a5-140375600768832", "trial_id": 23, "param_name": "l2reg", "param_value_internal": 3.5697338776264713e-06, "distribution": "{\"name\": \"FloatDistribution\", \"attributes\": {\"step\": null, \"low\": 1e-08, \"high\": 0.001, \"log\": true}}"}
{"op_code": 5, "worker_id": "9d43f825-728c-4bcb-b84a-65a90ccde2a5-140375600768832", "trial_id": 23, "param_name": "random_seed", "param_value_internal": 0, "distribution": "{\"name\": \"CategoricalDistribution\", \"attributes\": {\"choices\": [42]}}"}
{"op_code": 5, "worker_id": "9d43f825-728c-4bcb-b84a-65a90ccde2a5-140375600768832", "trial_id": 23, "param_name": "degree", "param_value_internal": 0, "distribution": "{\"name\": \"CategoricalDistribution\", \"attributes\": {\"choices\": [3]}}"}
{"op_code": 8, "worker_id": "9d43f825-728c-4bcb-b84a-65a90ccde2a5-140375600768832", "trial_id": 23, "user_attr": {"best_epoch": 1}}
{"op_code": 8, "worker_id": "9d43f825-728c-4bcb-b84a-65a90ccde2a5-140375600768832", "trial_id": 23, "user_attr": {"test_loss": 0.4449896830932454}}
{"op_code": 6, "worker_id": "9d43f825-728c-4bcb-b84a-65a90ccde2a5-140375600768832", "trial_id": 23, "state": 1, "values": [0.4448155369626327], "datetime_complete": "2024-08-21T17:33:54.352402"}
{"op_code": 4, "worker_id": "9d43f825-728c-4bcb-b84a-65a90ccde2a5-140375600768832", "study_id": 0, "datetime_start": "2024-08-21T17:33:54.366386"}
{"op_code": 5, "worker_id": "9d43f825-728c-4bcb-b84a-65a90ccde2a5-140375600768832", "trial_id": 24, "param_name": "lr", "param_value_internal": 0.00013493154309189814, "distribution": "{\"name\": \"FloatDistribution\", \"attributes\": {\"step\": null, \"low\": 1e-05, \"high\": 0.001, \"log\": true}}"}
{"op_code": 5, "worker_id": "9d43f825-728c-4bcb-b84a-65a90ccde2a5-140375600768832", "trial_id": 24, "param_name": "l2reg", "param_value_internal": 2.0150165915947382e-05, "distribution": "{\"name\": \"FloatDistribution\", \"attributes\": {\"step\": null, \"low\": 1e-08, \"high\": 0.001, \"log\": true}}"}
{"op_code": 5, "worker_id": "9d43f825-728c-4bcb-b84a-65a90ccde2a5-140375600768832", "trial_id": 24, "param_name": "random_seed", "param_value_internal": 0, "distribution": "{\"name\": \"CategoricalDistribution\", \"attributes\": {\"choices\": [42]}}"}
{"op_code": 5, "worker_id": "9d43f825-728c-4bcb-b84a-65a90ccde2a5-140375600768832", "trial_id": 24, "param_name": "degree", "param_value_internal": 0, "distribution": "{\"name\": \"CategoricalDistribution\", \"attributes\": {\"choices\": [3]}}"}
{"op_code": 8, "worker_id": "9d43f825-728c-4bcb-b84a-65a90ccde2a5-140375600768832", "trial_id": 24, "user_attr": {"best_epoch": 1}}
{"op_code": 8, "worker_id": "9d43f825-728c-4bcb-b84a-65a90ccde2a5-140375600768832", "trial_id": 24, "user_attr": {"test_loss": 0.4448895535429136}}
{"op_code": 6, "worker_id": "9d43f825-728c-4bcb-b84a-65a90ccde2a5-140375600768832", "trial_id": 24, "state": 1, "values": [0.4447166799518273], "datetime_complete": "2024-08-21T17:53:34.623324"}
{"op_code": 4, "worker_id": "9d43f825-728c-4bcb-b84a-65a90ccde2a5-140375600768832", "study_id": 0, "datetime_start": "2024-08-21T17:53:34.632274"}
{"op_code": 5, "worker_id": "9d43f825-728c-4bcb-b84a-65a90ccde2a5-140375600768832", "trial_id": 25, "param_name": "lr", "param_value_internal": 0.00022203583274197042, "distribution": "{\"name\": \"FloatDistribution\", \"attributes\": {\"step\": null, \"low\": 1e-05, \"high\": 0.001, \"log\": true}}"}
{"op_code": 5, "worker_id": "9d43f825-728c-4bcb-b84a-65a90ccde2a5-140375600768832", "trial_id": 25, "param_name": "l2reg", "param_value_internal": 0.00018988221751931422, "distribution": "{\"name\": \"FloatDistribution\", \"attributes\": {\"step\": null, \"low\": 1e-08, \"high\": 0.001, \"log\": true}}"}
{"op_code": 5, "worker_id": "9d43f825-728c-4bcb-b84a-65a90ccde2a5-140375600768832", "trial_id": 25, "param_name": "random_seed", "param_value_internal": 0, "distribution": "{\"name\": \"CategoricalDistribution\", \"attributes\": {\"choices\": [42]}}"}
{"op_code": 5, "worker_id": "9d43f825-728c-4bcb-b84a-65a90ccde2a5-140375600768832", "trial_id": 25, "param_name": "degree", "param_value_internal": 0, "distribution": "{\"name\": \"CategoricalDistribution\", \"attributes\": {\"choices\": [3]}}"}
{"op_code": 8, "worker_id": "9d43f825-728c-4bcb-b84a-65a90ccde2a5-140375600768832", "trial_id": 25, "user_attr": {"best_epoch": 1}}
{"op_code": 8, "worker_id": "9d43f825-728c-4bcb-b84a-65a90ccde2a5-140375600768832", "trial_id": 25, "user_attr": {"test_loss": 0.44545702704384993}}
{"op_code": 6, "worker_id": "9d43f825-728c-4bcb-b84a-65a90ccde2a5-140375600768832", "trial_id": 25, "state": 1, "values": [0.445279499564651], "datetime_complete": "2024-08-21T18:13:16.841451"}
{"op_code": 4, "worker_id": "9d43f825-728c-4bcb-b84a-65a90ccde2a5-140375600768832", "study_id": 0, "datetime_start": "2024-08-21T18:13:16.850497"}
{"op_code": 5, "worker_id": "9d43f825-728c-4bcb-b84a-65a90ccde2a5-140375600768832", "trial_id": 26, "param_name": "lr", "param_value_internal": 0.0003923307133541219, "distribution": "{\"name\": \"FloatDistribution\", \"attributes\": {\"step\": null, \"low\": 1e-05, \"high\": 0.001, \"log\": true}}"}
{"op_code": 5, "worker_id": "9d43f825-728c-4bcb-b84a-65a90ccde2a5-140375600768832", "trial_id": 26, "param_name": "l2reg", "param_value_internal": 1.0202131259001712e-06, "distribution": "{\"name\": \"FloatDistribution\", \"attributes\": {\"step\": null, \"low\": 1e-08, \"high\": 0.001, \"log\": true}}"}
{"op_code": 5, "worker_id": "9d43f825-728c-4bcb-b84a-65a90ccde2a5-140375600768832", "trial_id": 26, "param_name": "random_seed", "param_value_internal": 0, "distribution": "{\"name\": \"CategoricalDistribution\", \"attributes\": {\"choices\": [42]}}"}
{"op_code": 5, "worker_id": "9d43f825-728c-4bcb-b84a-65a90ccde2a5-140375600768832", "trial_id": 26, "param_name": "degree", "param_value_internal": 0, "distribution": "{\"name\": \"CategoricalDistribution\", \"attributes\": {\"choices\": [3]}}"}
{"op_code": 8, "worker_id": "9d43f825-728c-4bcb-b84a-65a90ccde2a5-140375600768832", "trial_id": 26, "user_attr": {"best_epoch": 0}}
{"op_code": 8, "worker_id": "9d43f825-728c-4bcb-b84a-65a90ccde2a5-140375600768832", "trial_id": 26, "user_attr": {"test_loss": 0.4451552567941208}}
{"op_code": 6, "worker_id": "9d43f825-728c-4bcb-b84a-65a90ccde2a5-140375600768832", "trial_id": 26, "state": 1, "values": [0.4450534627731184], "datetime_complete": "2024-08-21T18:30:07.588242"}
{"op_code": 4, "worker_id": "9d43f825-728c-4bcb-b84a-65a90ccde2a5-140375600768832", "study_id": 0, "datetime_start": "2024-08-21T18:30:07.600137"}
{"op_code": 5, "worker_id": "9d43f825-728c-4bcb-b84a-65a90ccde2a5-140375600768832", "trial_id": 27, "param_name": "lr", "param_value_internal": 7.225176547350268e-05, "distribution": "{\"name\": \"FloatDistribution\", \"attributes\": {\"step\": null, \"low\": 1e-05, \"high\": 0.001, \"log\": true}}"}
{"op_code": 5, "worker_id": "9d43f825-728c-4bcb-b84a-65a90ccde2a5-140375600768832", "trial_id": 27, "param_name": "l2reg", "param_value_internal": 6.770545041481762e-06, "distribution": "{\"name\": \"FloatDistribution\", \"attributes\": {\"step\": null, \"low\": 1e-08, \"high\": 0.001, \"log\": true}}"}
{"op_code": 5, "worker_id": "9d43f825-728c-4bcb-b84a-65a90ccde2a5-140375600768832", "trial_id": 27, "param_name": "random_seed", "param_value_internal": 0, "distribution": "{\"name\": \"CategoricalDistribution\", \"attributes\": {\"choices\": [42]}}"}
{"op_code": 5, "worker_id": "9d43f825-728c-4bcb-b84a-65a90ccde2a5-140375600768832", "trial_id": 27, "param_name": "degree", "param_value_internal": 0, "distribution": "{\"name\": \"CategoricalDistribution\", \"attributes\": {\"choices\": [3]}}"}
{"op_code": 8, "worker_id": "9d43f825-728c-4bcb-b84a-65a90ccde2a5-140375600768832", "trial_id": 27, "user_attr": {"best_epoch": 2}}
{"op_code": 8, "worker_id": "9d43f825-728c-4bcb-b84a-65a90ccde2a5-140375600768832", "trial_id": 27, "user_attr": {"test_loss": 0.44555981071806483}}
{"op_code": 6, "worker_id": "9d43f825-728c-4bcb-b84a-65a90ccde2a5-140375600768832", "trial_id": 27, "state": 1, "values": [0.4454353293360052], "datetime_complete": "2024-08-21T18:53:22.496283"}
{"op_code": 4, "worker_id": "9d43f825-728c-4bcb-b84a-65a90ccde2a5-140375600768832", "study_id": 0, "datetime_start": "2024-08-21T18:53:22.505476"}
{"op_code": 5, "worker_id": "9d43f825-728c-4bcb-b84a-65a90ccde2a5-140375600768832", "trial_id": 28, "param_name": "lr", "param_value_internal": 0.00011230288134827879, "distribution": "{\"name\": \"FloatDistribution\", \"attributes\": {\"step\": null, \"low\": 1e-05, \"high\": 0.001, \"log\": true}}"}
{"op_code": 5, "worker_id": "9d43f825-728c-4bcb-b84a-65a90ccde2a5-140375600768832", "trial_id": 28, "param_name": "l2reg", "param_value_internal": 8.362676617873525e-05, "distribution": "{\"name\": \"FloatDistribution\", \"attributes\": {\"step\": null, \"low\": 1e-08, \"high\": 0.001, \"log\": true}}"}
{"op_code": 5, "worker_id": "9d43f825-728c-4bcb-b84a-65a90ccde2a5-140375600768832", "trial_id": 28, "param_name": "random_seed", "param_value_internal": 0, "distribution": "{\"name\": \"CategoricalDistribution\", \"attributes\": {\"choices\": [42]}}"}
{"op_code": 5, "worker_id": "9d43f825-728c-4bcb-b84a-65a90ccde2a5-140375600768832", "trial_id": 28, "param_name": "degree", "param_value_internal": 0, "distribution": "{\"name\": \"CategoricalDistribution\", \"attributes\": {\"choices\": [3]}}"}
{"op_code": 8, "worker_id": "9d43f825-728c-4bcb-b84a-65a90ccde2a5-140375600768832", "trial_id": 28, "user_attr": {"best_epoch": 1}}
{"op_code": 8, "worker_id": "9d43f825-728c-4bcb-b84a-65a90ccde2a5-140375600768832", "trial_id": 28, "user_attr": {"test_loss": 0.4451508938507513}}
{"op_code": 6, "worker_id": "9d43f825-728c-4bcb-b84a-65a90ccde2a5-140375600768832", "trial_id": 28, "state": 1, "values": [0.4449709667975695], "datetime_complete": "2024-08-21T19:13:07.069315"}
{"op_code": 4, "worker_id": "9d43f825-728c-4bcb-b84a-65a90ccde2a5-140375600768832", "study_id": 0, "datetime_start": "2024-08-21T19:13:07.078300"}
{"op_code": 5, "worker_id": "9d43f825-728c-4bcb-b84a-65a90ccde2a5-140375600768832", "trial_id": 29, "param_name": "lr", "param_value_internal": 6.229282838561071e-05, "distribution": "{\"name\": \"FloatDistribution\", \"attributes\": {\"step\": null, \"low\": 1e-05, \"high\": 0.001, \"log\": true}}"}
{"op_code": 5, "worker_id": "9d43f825-728c-4bcb-b84a-65a90ccde2a5-140375600768832", "trial_id": 29, "param_name": "l2reg", "param_value_internal": 0.0009540429782146586, "distribution": "{\"name\": \"FloatDistribution\", \"attributes\": {\"step\": null, \"low\": 1e-08, \"high\": 0.001, \"log\": true}}"}
{"op_code": 5, "worker_id": "9d43f825-728c-4bcb-b84a-65a90ccde2a5-140375600768832", "trial_id": 29, "param_name": "random_seed", "param_value_internal": 0, "distribution": "{\"name\": \"CategoricalDistribution\", \"attributes\": {\"choices\": [42]}}"}
{"op_code": 5, "worker_id": "9d43f825-728c-4bcb-b84a-65a90ccde2a5-140375600768832", "trial_id": 29, "param_name": "degree", "param_value_internal": 0, "distribution": "{\"name\": \"CategoricalDistribution\", \"attributes\": {\"choices\": [3]}}"}
{"op_code": 8, "worker_id": "9d43f825-728c-4bcb-b84a-65a90ccde2a5-140375600768832", "trial_id": 29, "user_attr": {"best_epoch": 3}}
{"op_code": 8, "worker_id": "9d43f825-728c-4bcb-b84a-65a90ccde2a5-140375600768832", "trial_id": 29, "user_attr": {"test_loss": 0.4455908966895731}}
{"op_code": 6, "worker_id": "9d43f825-728c-4bcb-b84a-65a90ccde2a5-140375600768832", "trial_id": 29, "state": 1, "values": [0.4454279123333556], "datetime_complete": "2024-08-21T19:40:57.069649"}
{"op_code": 4, "worker_id": "9d43f825-728c-4bcb-b84a-65a90ccde2a5-140375600768832", "study_id": 0, "datetime_start": "2024-08-21T19:40:57.078647"}
{"op_code": 5, "worker_id": "9d43f825-728c-4bcb-b84a-65a90ccde2a5-140375600768832", "trial_id": 30, "param_name": "lr", "param_value_internal": 4.435624831498986e-05, "distribution": "{\"name\": \"FloatDistribution\", \"attributes\": {\"step\": null, \"low\": 1e-05, \"high\": 0.001, \"log\": true}}"}
{"op_code": 5, "worker_id": "9d43f825-728c-4bcb-b84a-65a90ccde2a5-140375600768832", "trial_id": 30, "param_name": "l2reg", "param_value_internal": 0.00039465176867896844, "distribution": "{\"name\": \"FloatDistribution\", \"attributes\": {\"step\": null, \"low\": 1e-08, \"high\": 0.001, \"log\": true}}"}
{"op_code": 5, "worker_id": "9d43f825-728c-4bcb-b84a-65a90ccde2a5-140375600768832", "trial_id": 30, "param_name": "random_seed", "param_value_internal": 0, "distribution": "{\"name\": \"CategoricalDistribution\", \"attributes\": {\"choices\": [42]}}"}
{"op_code": 5, "worker_id": "9d43f825-728c-4bcb-b84a-65a90ccde2a5-140375600768832", "trial_id": 30, "param_name": "degree", "param_value_internal": 0, "distribution": "{\"name\": \"CategoricalDistribution\", \"attributes\": {\"choices\": [3]}}"}
{"op_code": 8, "worker_id": "9d43f825-728c-4bcb-b84a-65a90ccde2a5-140375600768832", "trial_id": 30, "user_attr": {"best_epoch": 4}}
{"op_code": 8, "worker_id": "9d43f825-728c-4bcb-b84a-65a90ccde2a5-140375600768832", "trial_id": 30, "user_attr": {"test_loss": 0.4459478581729273}}
{"op_code": 6, "worker_id": "9d43f825-728c-4bcb-b84a-65a90ccde2a5-140375600768832", "trial_id": 30, "state": 1, "values": [0.4457967627837494], "datetime_complete": "2024-08-21T20:11:45.334493"}
{"op_code": 4, "worker_id": "9d43f825-728c-4bcb-b84a-65a90ccde2a5-140375600768832", "study_id": 0, "datetime_start": "2024-08-21T20:11:45.343189"}
{"op_code": 5, "worker_id": "9d43f825-728c-4bcb-b84a-65a90ccde2a5-140375600768832", "trial_id": 31, "param_name": "lr", "param_value_internal": 0.0001424530044998241, "distribution": "{\"name\": \"FloatDistribution\", \"attributes\": {\"step\": null, \"low\": 1e-05, \"high\": 0.001, \"log\": true}}"}
{"op_code": 5, "worker_id": "9d43f825-728c-4bcb-b84a-65a90ccde2a5-140375600768832", "trial_id": 31, "param_name": "l2reg", "param_value_internal": 1.4820678665759445e-05, "distribution": "{\"name\": \"FloatDistribution\", \"attributes\": {\"step\": null, \"low\": 1e-08, \"high\": 0.001, \"log\": true}}"}
{"op_code": 5, "worker_id": "9d43f825-728c-4bcb-b84a-65a90ccde2a5-140375600768832", "trial_id": 31, "param_name": "random_seed", "param_value_internal": 0, "distribution": "{\"name\": \"CategoricalDistribution\", \"attributes\": {\"choices\": [42]}}"}
{"op_code": 5, "worker_id": "9d43f825-728c-4bcb-b84a-65a90ccde2a5-140375600768832", "trial_id": 31, "param_name": "degree", "param_value_internal": 0, "distribution": "{\"name\": \"CategoricalDistribution\", \"attributes\": {\"choices\": [3]}}"}
{"op_code": 8, "worker_id": "9d43f825-728c-4bcb-b84a-65a90ccde2a5-140375600768832", "trial_id": 31, "user_attr": {"best_epoch": 1}}
{"op_code": 8, "worker_id": "9d43f825-728c-4bcb-b84a-65a90ccde2a5-140375600768832", "trial_id": 31, "user_attr": {"test_loss": 0.444865739143688}}
{"op_code": 6, "worker_id": "9d43f825-728c-4bcb-b84a-65a90ccde2a5-140375600768832", "trial_id": 31, "state": 1, "values": [0.4446935199974753], "datetime_complete": "2024-08-21T20:32:00.845711"}
{"op_code": 4, "worker_id": "9d43f825-728c-4bcb-b84a-65a90ccde2a5-140375600768832", "study_id": 0, "datetime_start": "2024-08-21T20:32:00.854949"}
{"op_code": 5, "worker_id": "9d43f825-728c-4bcb-b84a-65a90ccde2a5-140375600768832", "trial_id": 32, "param_name": "lr", "param_value_internal": 0.00023174753357253812, "distribution": "{\"name\": \"FloatDistribution\", \"attributes\": {\"step\": null, \"low\": 1e-05, \"high\": 0.001, \"log\": true}}"}
{"op_code": 5, "worker_id": "9d43f825-728c-4bcb-b84a-65a90ccde2a5-140375600768832", "trial_id": 32, "param_name": "l2reg", "param_value_internal": 2.8056122049050737e-05, "distribution": "{\"name\": \"FloatDistribution\", \"attributes\": {\"step\": null, \"low\": 1e-08, \"high\": 0.001, \"log\": true}}"}
{"op_code": 5, "worker_id": "9d43f825-728c-4bcb-b84a-65a90ccde2a5-140375600768832", "trial_id": 32, "param_name": "random_seed", "param_value_internal": 0, "distribution": "{\"name\": \"CategoricalDistribution\", \"attributes\": {\"choices\": [42]}}"}
{"op_code": 5, "worker_id": "9d43f825-728c-4bcb-b84a-65a90ccde2a5-140375600768832", "trial_id": 32, "param_name": "degree", "param_value_internal": 0, "distribution": "{\"name\": \"CategoricalDistribution\", \"attributes\": {\"choices\": [3]}}"}
{"op_code": 8, "worker_id": "9d43f825-728c-4bcb-b84a-65a90ccde2a5-140375600768832", "trial_id": 32, "user_attr": {"best_epoch": 1}}
{"op_code": 8, "worker_id": "9d43f825-728c-4bcb-b84a-65a90ccde2a5-140375600768832", "trial_id": 32, "user_attr": {"test_loss": 0.44559747746248884}}
{"op_code": 6, "worker_id": "9d43f825-728c-4bcb-b84a-65a90ccde2a5-140375600768832", "trial_id": 32, "state": 1, "values": [0.44542144063496525], "datetime_complete": "2024-08-21T20:51:59.008966"}
{"op_code": 4, "worker_id": "9d43f825-728c-4bcb-b84a-65a90ccde2a5-140375600768832", "study_id": 0, "datetime_start": "2024-08-21T20:51:59.018594"}
{"op_code": 5, "worker_id": "9d43f825-728c-4bcb-b84a-65a90ccde2a5-140375600768832", "trial_id": 33, "param_name": "lr", "param_value_internal": 0.0003433276109847842, "distribution": "{\"name\": \"FloatDistribution\", \"attributes\": {\"step\": null, \"low\": 1e-05, \"high\": 0.001, \"log\": true}}"}
{"op_code": 5, "worker_id": "9d43f825-728c-4bcb-b84a-65a90ccde2a5-140375600768832", "trial_id": 33, "param_name": "l2reg", "param_value_internal": 1.0291772307352238e-05, "distribution": "{\"name\": \"FloatDistribution\", \"attributes\": {\"step\": null, \"low\": 1e-08, \"high\": 0.001, \"log\": true}}"}
{"op_code": 5, "worker_id": "9d43f825-728c-4bcb-b84a-65a90ccde2a5-140375600768832", "trial_id": 33, "param_name": "random_seed", "param_value_internal": 0, "distribution": "{\"name\": \"CategoricalDistribution\", \"attributes\": {\"choices\": [42]}}"}
{"op_code": 5, "worker_id": "9d43f825-728c-4bcb-b84a-65a90ccde2a5-140375600768832", "trial_id": 33, "param_name": "degree", "param_value_internal": 0, "distribution": "{\"name\": \"CategoricalDistribution\", \"attributes\": {\"choices\": [3]}}"}
{"op_code": 8, "worker_id": "9d43f825-728c-4bcb-b84a-65a90ccde2a5-140375600768832", "trial_id": 33, "user_attr": {"best_epoch": 0}}
{"op_code": 8, "worker_id": "9d43f825-728c-4bcb-b84a-65a90ccde2a5-140375600768832", "trial_id": 33, "user_attr": {"test_loss": 0.44515852900164804}}
{"op_code": 6, "worker_id": "9d43f825-728c-4bcb-b84a-65a90ccde2a5-140375600768832", "trial_id": 33, "state": 1, "values": [0.4450540444988164], "datetime_complete": "2024-08-21T21:08:09.699621"}
{"op_code": 4, "worker_id": "9d43f825-728c-4bcb-b84a-65a90ccde2a5-140375600768832", "study_id": 0, "datetime_start": "2024-08-21T21:08:09.710572"}
{"op_code": 5, "worker_id": "9d43f825-728c-4bcb-b84a-65a90ccde2a5-140375600768832", "trial_id": 34, "param_name": "lr", "param_value_internal": 0.00015137131513550693, "distribution": "{\"name\": \"FloatDistribution\", \"attributes\": {\"step\": null, \"low\": 1e-05, \"high\": 0.001, \"log\": true}}"}
{"op_code": 5, "worker_id": "9d43f825-728c-4bcb-b84a-65a90ccde2a5-140375600768832", "trial_id": 34, "param_name": "l2reg", "param_value_internal": 5.1304068619056606e-05, "distribution": "{\"name\": \"FloatDistribution\", \"attributes\": {\"step\": null, \"low\": 1e-08, \"high\": 0.001, \"log\": true}}"}
{"op_code": 5, "worker_id": "9d43f825-728c-4bcb-b84a-65a90ccde2a5-140375600768832", "trial_id": 34, "param_name": "random_seed", "param_value_internal": 0, "distribution": "{\"name\": \"CategoricalDistribution\", \"attributes\": {\"choices\": [42]}}"}
{"op_code": 5, "worker_id": "9d43f825-728c-4bcb-b84a-65a90ccde2a5-140375600768832", "trial_id": 34, "param_name": "degree", "param_value_internal": 0, "distribution": "{\"name\": \"CategoricalDistribution\", \"attributes\": {\"choices\": [3]}}"}
{"op_code": 8, "worker_id": "9d43f825-728c-4bcb-b84a-65a90ccde2a5-140375600768832", "trial_id": 34, "user_attr": {"best_epoch": 1}}
{"op_code": 8, "worker_id": "9d43f825-728c-4bcb-b84a-65a90ccde2a5-140375600768832", "trial_id": 34, "user_attr": {"test_loss": 0.4448679933310956}}
{"op_code": 6, "worker_id": "9d43f825-728c-4bcb-b84a-65a90ccde2a5-140375600768832", "trial_id": 34, "state": 1, "values": [0.44469570146884285], "datetime_complete": "2024-08-21T21:27:53.995273"}
{"op_code": 4, "worker_id": "9d43f825-728c-4bcb-b84a-65a90ccde2a5-140375600768832", "study_id": 0, "datetime_start": "2024-08-21T21:27:54.004239"}
{"op_code": 5, "worker_id": "9d43f825-728c-4bcb-b84a-65a90ccde2a5-140375600768832", "trial_id": 35, "param_name": "lr", "param_value_internal": 9.187688477773075e-05, "distribution": "{\"name\": \"FloatDistribution\", \"attributes\": {\"step\": null, \"low\": 1e-05, \"high\": 0.001, \"log\": true}}"}
{"op_code": 5, "worker_id": "9d43f825-728c-4bcb-b84a-65a90ccde2a5-140375600768832", "trial_id": 35, "param_name": "l2reg", "param_value_internal": 0.00011531757620151002, "distribution": "{\"name\": \"FloatDistribution\", \"attributes\": {\"step\": null, \"low\": 1e-08, \"high\": 0.001, \"log\": true}}"}
{"op_code": 5, "worker_id": "9d43f825-728c-4bcb-b84a-65a90ccde2a5-140375600768832", "trial_id": 35, "param_name": "random_seed", "param_value_internal": 0, "distribution": "{\"name\": \"CategoricalDistribution\", \"attributes\": {\"choices\": [42]}}"}
{"op_code": 5, "worker_id": "9d43f825-728c-4bcb-b84a-65a90ccde2a5-140375600768832", "trial_id": 35, "param_name": "degree", "param_value_internal": 0, "distribution": "{\"name\": \"CategoricalDistribution\", \"attributes\": {\"choices\": [3]}}"}
{"op_code": 8, "worker_id": "9d43f825-728c-4bcb-b84a-65a90ccde2a5-140375600768832", "trial_id": 35, "user_attr": {"best_epoch": 2}}
{"op_code": 8, "worker_id": "9d43f825-728c-4bcb-b84a-65a90ccde2a5-140375600768832", "trial_id": 35, "user_attr": {"test_loss": 0.445516435789399}}
{"op_code": 6, "worker_id": "9d43f825-728c-4bcb-b84a-65a90ccde2a5-140375600768832", "trial_id": 35, "state": 1, "values": [0.44539697179779275], "datetime_complete": "2024-08-21T21:51:24.798241"}
{"op_code": 4, "worker_id": "9d43f825-728c-4bcb-b84a-65a90ccde2a5-140375600768832", "study_id": 0, "datetime_start": "2024-08-21T21:51:24.807181"}
{"op_code": 5, "worker_id": "9d43f825-728c-4bcb-b84a-65a90ccde2a5-140375600768832", "trial_id": 36, "param_name": "lr", "param_value_internal": 0.00020756541901881915, "distribution": "{\"name\": \"FloatDistribution\", \"attributes\": {\"step\": null, \"low\": 1e-05, \"high\": 0.001, \"log\": true}}"}
{"op_code": 5, "worker_id": "9d43f825-728c-4bcb-b84a-65a90ccde2a5-140375600768832", "trial_id": 36, "param_name": "l2reg", "param_value_internal": 1.6285844385179674e-05, "distribution": "{\"name\": \"FloatDistribution\", \"attributes\": {\"step\": null, \"low\": 1e-08, \"high\": 0.001, \"log\": true}}"}
{"op_code": 5, "worker_id": "9d43f825-728c-4bcb-b84a-65a90ccde2a5-140375600768832", "trial_id": 36, "param_name": "random_seed", "param_value_internal": 0, "distribution": "{\"name\": \"CategoricalDistribution\", \"attributes\": {\"choices\": [42]}}"}
{"op_code": 5, "worker_id": "9d43f825-728c-4bcb-b84a-65a90ccde2a5-140375600768832", "trial_id": 36, "param_name": "degree", "param_value_internal": 0, "distribution": "{\"name\": \"CategoricalDistribution\", \"attributes\": {\"choices\": [3]}}"}
{"op_code": 8, "worker_id": "9d43f825-728c-4bcb-b84a-65a90ccde2a5-140375600768832", "trial_id": 36, "user_attr": {"best_epoch": 1}}
{"op_code": 8, "worker_id": "9d43f825-728c-4bcb-b84a-65a90ccde2a5-140375600768832", "trial_id": 36, "user_attr": {"test_loss": 0.44530570562464844}}
{"op_code": 6, "worker_id": "9d43f825-728c-4bcb-b84a-65a90ccde2a5-140375600768832", "trial_id": 36, "state": 1, "values": [0.44512719650534105], "datetime_complete": "2024-08-21T22:11:36.187197"}
{"op_code": 4, "worker_id": "9d43f825-728c-4bcb-b84a-65a90ccde2a5-140375600768832", "study_id": 0, "datetime_start": "2024-08-21T22:11:36.197180"}
{"op_code": 5, "worker_id": "9d43f825-728c-4bcb-b84a-65a90ccde2a5-140375600768832", "trial_id": 37, "param_name": "lr", "param_value_internal": 0.00015037693986434577, "distribution": "{\"name\": \"FloatDistribution\", \"attributes\": {\"step\": null, \"low\": 1e-05, \"high\": 0.001, \"log\": true}}"}
{"op_code": 5, "worker_id": "9d43f825-728c-4bcb-b84a-65a90ccde2a5-140375600768832", "trial_id": 37, "param_name": "l2reg", "param_value_internal": 6.461637786334064e-06, "distribution": "{\"name\": \"FloatDistribution\", \"attributes\": {\"step\": null, \"low\": 1e-08, \"high\": 0.001, \"log\": true}}"}
{"op_code": 5, "worker_id": "9d43f825-728c-4bcb-b84a-65a90ccde2a5-140375600768832", "trial_id": 37, "param_name": "random_seed", "param_value_internal": 0, "distribution": "{\"name\": \"CategoricalDistribution\", \"attributes\": {\"choices\": [42]}}"}
{"op_code": 5, "worker_id": "9d43f825-728c-4bcb-b84a-65a90ccde2a5-140375600768832", "trial_id": 37, "param_name": "degree", "param_value_internal": 0, "distribution": "{\"name\": \"CategoricalDistribution\", \"attributes\": {\"choices\": [3]}}"}
{"op_code": 8, "worker_id": "9d43f825-728c-4bcb-b84a-65a90ccde2a5-140375600768832", "trial_id": 37, "user_attr": {"best_epoch": 1}}
{"op_code": 8, "worker_id": "9d43f825-728c-4bcb-b84a-65a90ccde2a5-140375600768832", "trial_id": 37, "user_attr": {"test_loss": 0.4448662845116092}}
{"op_code": 6, "worker_id": "9d43f825-728c-4bcb-b84a-65a90ccde2a5-140375600768832", "trial_id": 37, "state": 1, "values": [0.44469399264960496], "datetime_complete": "2024-08-21T22:31:20.678337"}
{"op_code": 4, "worker_id": "9d43f825-728c-4bcb-b84a-65a90ccde2a5-140375600768832", "study_id": 0, "datetime_start": "2024-08-21T22:31:20.688430"}
{"op_code": 5, "worker_id": "9d43f825-728c-4bcb-b84a-65a90ccde2a5-140375600768832", "trial_id": 38, "param_name": "lr", "param_value_internal": 3.3014156592976405e-05, "distribution": "{\"name\": \"FloatDistribution\", \"attributes\": {\"step\": null, \"low\": 1e-05, \"high\": 0.001, \"log\": true}}"}
{"op_code": 5, "worker_id": "9d43f825-728c-4bcb-b84a-65a90ccde2a5-140375600768832", "trial_id": 38, "param_name": "l2reg", "param_value_internal": 1.7318945902290383e-06, "distribution": "{\"name\": \"FloatDistribution\", \"attributes\": {\"step\": null, \"low\": 1e-08, \"high\": 0.001, \"log\": true}}"}
{"op_code": 5, "worker_id": "9d43f825-728c-4bcb-b84a-65a90ccde2a5-140375600768832", "trial_id": 38, "param_name": "random_seed", "param_value_internal": 0, "distribution": "{\"name\": \"CategoricalDistribution\", \"attributes\": {\"choices\": [42]}}"}
{"op_code": 5, "worker_id": "9d43f825-728c-4bcb-b84a-65a90ccde2a5-140375600768832", "trial_id": 38, "param_name": "degree", "param_value_internal": 0, "distribution": "{\"name\": \"CategoricalDistribution\", \"attributes\": {\"choices\": [3]}}"}
{"op_code": 8, "worker_id": "9d43f825-728c-4bcb-b84a-65a90ccde2a5-140375600768832", "trial_id": 38, "user_attr": {"best_epoch": 6}}
{"op_code": 8, "worker_id": "9d43f825-728c-4bcb-b84a-65a90ccde2a5-140375600768832", "trial_id": 38, "user_attr": {"test_loss": 0.44619880013240076}}
{"op_code": 6, "worker_id": "9d43f825-728c-4bcb-b84a-65a90ccde2a5-140375600768832", "trial_id": 38, "state": 1, "values": [0.44601520078335183], "datetime_complete": "2024-08-21T23:09:44.830898"}
{"op_code": 4, "worker_id": "9d43f825-728c-4bcb-b84a-65a90ccde2a5-140375600768832", "study_id": 0, "datetime_start": "2024-08-21T23:09:44.840057"}
{"op_code": 5, "worker_id": "9d43f825-728c-4bcb-b84a-65a90ccde2a5-140375600768832", "trial_id": 39, "param_name": "lr", "param_value_internal": 8.081000712574374e-05, "distribution": "{\"name\": \"FloatDistribution\", \"attributes\": {\"step\": null, \"low\": 1e-05, \"high\": 0.001, \"log\": true}}"}
{"op_code": 5, "worker_id": "9d43f825-728c-4bcb-b84a-65a90ccde2a5-140375600768832", "trial_id": 39, "param_name": "l2reg", "param_value_internal": 7.007178892855126e-06, "distribution": "{\"name\": \"FloatDistribution\", \"attributes\": {\"step\": null, \"low\": 1e-08, \"high\": 0.001, \"log\": true}}"}
{"op_code": 5, "worker_id": "9d43f825-728c-4bcb-b84a-65a90ccde2a5-140375600768832", "trial_id": 39, "param_name": "random_seed", "param_value_internal": 0, "distribution": "{\"name\": \"CategoricalDistribution\", \"attributes\": {\"choices\": [42]}}"}
{"op_code": 5, "worker_id": "9d43f825-728c-4bcb-b84a-65a90ccde2a5-140375600768832", "trial_id": 39, "param_name": "degree", "param_value_internal": 0, "distribution": "{\"name\": \"CategoricalDistribution\", \"attributes\": {\"choices\": [3]}}"}
{"op_code": 8, "worker_id": "9d43f825-728c-4bcb-b84a-65a90ccde2a5-140375600768832", "trial_id": 39, "user_attr": {"best_epoch": 2}}
{"op_code": 8, "worker_id": "9d43f825-728c-4bcb-b84a-65a90ccde2a5-140375600768832", "trial_id": 39, "user_attr": {"test_loss": 0.445455718160839}}
{"op_code": 6, "worker_id": "9d43f825-728c-4bcb-b84a-65a90ccde2a5-140375600768832", "trial_id": 39, "state": 1, "values": [0.4453332364760046], "datetime_complete": "2024-08-21T23:33:28.412739"}
{"op_code": 4, "worker_id": "9d43f825-728c-4bcb-b84a-65a90ccde2a5-140375600768832", "study_id": 0, "datetime_start": "2024-08-21T23:33:28.423078"}
{"op_code": 5, "worker_id": "9d43f825-728c-4bcb-b84a-65a90ccde2a5-140375600768832", "trial_id": 40, "param_name": "lr", "param_value_internal": 0.00012494246781445556, "distribution": "{\"name\": \"FloatDistribution\", \"attributes\": {\"step\": null, \"low\": 1e-05, \"high\": 0.001, \"log\": true}}"}
{"op_code": 5, "worker_id": "9d43f825-728c-4bcb-b84a-65a90ccde2a5-140375600768832", "trial_id": 40, "param_name": "l2reg", "param_value_internal": 0.0004258410227077912, "distribution": "{\"name\": \"FloatDistribution\", \"attributes\": {\"step\": null, \"low\": 1e-08, \"high\": 0.001, \"log\": true}}"}
{"op_code": 5, "worker_id": "9d43f825-728c-4bcb-b84a-65a90ccde2a5-140375600768832", "trial_id": 40, "param_name": "random_seed", "param_value_internal": 0, "distribution": "{\"name\": \"CategoricalDistribution\", \"attributes\": {\"choices\": [42]}}"}
{"op_code": 5, "worker_id": "9d43f825-728c-4bcb-b84a-65a90ccde2a5-140375600768832", "trial_id": 40, "param_name": "degree", "param_value_internal": 0, "distribution": "{\"name\": \"CategoricalDistribution\", \"attributes\": {\"choices\": [3]}}"}
{"op_code": 8, "worker_id": "9d43f825-728c-4bcb-b84a-65a90ccde2a5-140375600768832", "trial_id": 40, "user_attr": {"best_epoch": 1}}
{"op_code": 8, "worker_id": "9d43f825-728c-4bcb-b84a-65a90ccde2a5-140375600768832", "trial_id": 40, "user_attr": {"test_loss": 0.4449545250412589}}
{"op_code": 6, "worker_id": "9d43f825-728c-4bcb-b84a-65a90ccde2a5-140375600768832", "trial_id": 40, "state": 1, "values": [0.4447793245379316], "datetime_complete": "2024-08-21T23:54:03.228576"}
{"op_code": 4, "worker_id": "9d43f825-728c-4bcb-b84a-65a90ccde2a5-140375600768832", "study_id": 0, "datetime_start": "2024-08-21T23:54:03.282067"}
{"op_code": 5, "worker_id": "9d43f825-728c-4bcb-b84a-65a90ccde2a5-140375600768832", "trial_id": 41, "param_name": "lr", "param_value_internal": 0.00016021660603687278, "distribution": "{\"name\": \"FloatDistribution\", \"attributes\": {\"step\": null, \"low\": 1e-05, \"high\": 0.001, \"log\": true}}"}
{"op_code": 5, "worker_id": "9d43f825-728c-4bcb-b84a-65a90ccde2a5-140375600768832", "trial_id": 41, "param_name": "l2reg", "param_value_internal": 5.683632608795009e-05, "distribution": "{\"name\": \"FloatDistribution\", \"attributes\": {\"step\": null, \"low\": 1e-08, \"high\": 0.001, \"log\": true}}"}
{"op_code": 5, "worker_id": "9d43f825-728c-4bcb-b84a-65a90ccde2a5-140375600768832", "trial_id": 41, "param_name": "random_seed", "param_value_internal": 0, "distribution": "{\"name\": \"CategoricalDistribution\", \"attributes\": {\"choices\": [42]}}"}
{"op_code": 5, "worker_id": "9d43f825-728c-4bcb-b84a-65a90ccde2a5-140375600768832", "trial_id": 41, "param_name": "degree", "param_value_internal": 0, "distribution": "{\"name\": \"CategoricalDistribution\", \"attributes\": {\"choices\": [3]}}"}
{"op_code": 8, "worker_id": "9d43f825-728c-4bcb-b84a-65a90ccde2a5-140375600768832", "trial_id": 41, "user_attr": {"best_epoch": 1}}
{"op_code": 8, "worker_id": "9d43f825-728c-4bcb-b84a-65a90ccde2a5-140375600768832", "trial_id": 41, "user_attr": {"test_loss": 0.44489507993784844}}
{"op_code": 6, "worker_id": "9d43f825-728c-4bcb-b84a-65a90ccde2a5-140375600768832", "trial_id": 41, "state": 1, "values": [0.4447223517773829], "datetime_complete": "2024-08-22T00:13:43.509183"}
{"op_code": 4, "worker_id": "9d43f825-728c-4bcb-b84a-65a90ccde2a5-140375600768832", "study_id": 0, "datetime_start": "2024-08-22T00:13:43.518131"}
{"op_code": 5, "worker_id": "9d43f825-728c-4bcb-b84a-65a90ccde2a5-140375600768832", "trial_id": 42, "param_name": "lr", "param_value_internal": 0.00018135772251464104, "distribution": "{\"name\": \"FloatDistribution\", \"attributes\": {\"step\": null, \"low\": 1e-05, \"high\": 0.001, \"log\": true}}"}
{"op_code": 5, "worker_id": "9d43f825-728c-4bcb-b84a-65a90ccde2a5-140375600768832", "trial_id": 42, "param_name": "l2reg", "param_value_internal": 5.1141086787408195e-06, "distribution": "{\"name\": \"FloatDistribution\", \"attributes\": {\"step\": null, \"low\": 1e-08, \"high\": 0.001, \"log\": true}}"}
{"op_code": 5, "worker_id": "9d43f825-728c-4bcb-b84a-65a90ccde2a5-140375600768832", "trial_id": 42, "param_name": "random_seed", "param_value_internal": 0, "distribution": "{\"name\": \"CategoricalDistribution\", \"attributes\": {\"choices\": [42]}}"}
{"op_code": 5, "worker_id": "9d43f825-728c-4bcb-b84a-65a90ccde2a5-140375600768832", "trial_id": 42, "param_name": "degree", "param_value_internal": 0, "distribution": "{\"name\": \"CategoricalDistribution\", \"attributes\": {\"choices\": [3]}}"}
{"op_code": 8, "worker_id": "9d43f825-728c-4bcb-b84a-65a90ccde2a5-140375600768832", "trial_id": 42, "user_attr": {"best_epoch": 1}}
{"op_code": 8, "worker_id": "9d43f825-728c-4bcb-b84a-65a90ccde2a5-140375600768832", "trial_id": 42, "user_attr": {"test_loss": 0.44503654837660694}}
{"op_code": 6, "worker_id": "9d43f825-728c-4bcb-b84a-65a90ccde2a5-140375600768832", "trial_id": 42, "state": 1, "values": [0.4448621113763295], "datetime_complete": "2024-08-22T00:33:30.563383"}
{"op_code": 4, "worker_id": "9d43f825-728c-4bcb-b84a-65a90ccde2a5-140375600768832", "study_id": 0, "datetime_start": "2024-08-22T00:33:30.572221"}
{"op_code": 5, "worker_id": "9d43f825-728c-4bcb-b84a-65a90ccde2a5-140375600768832", "trial_id": 43, "param_name": "lr", "param_value_internal": 0.00013667571941346546, "distribution": "{\"name\": \"FloatDistribution\", \"attributes\": {\"step\": null, \"low\": 1e-05, \"high\": 0.001, \"log\": true}}"}
{"op_code": 5, "worker_id": "9d43f825-728c-4bcb-b84a-65a90ccde2a5-140375600768832", "trial_id": 43, "param_name": "l2reg", "param_value_internal": 2.6617498802239892e-05, "distribution": "{\"name\": \"FloatDistribution\", \"attributes\": {\"step\": null, \"low\": 1e-08, \"high\": 0.001, \"log\": true}}"}
{"op_code": 5, "worker_id": "9d43f825-728c-4bcb-b84a-65a90ccde2a5-140375600768832", "trial_id": 43, "param_name": "random_seed", "param_value_internal": 0, "distribution": "{\"name\": \"CategoricalDistribution\", \"attributes\": {\"choices\": [42]}}"}
{"op_code": 5, "worker_id": "9d43f825-728c-4bcb-b84a-65a90ccde2a5-140375600768832", "trial_id": 43, "param_name": "degree", "param_value_internal": 0, "distribution": "{\"name\": \"CategoricalDistribution\", \"attributes\": {\"choices\": [3]}}"}
{"op_code": 8, "worker_id": "9d43f825-728c-4bcb-b84a-65a90ccde2a5-140375600768832", "trial_id": 43, "user_attr": {"best_epoch": 1}}
{"op_code": 8, "worker_id": "9d43f825-728c-4bcb-b84a-65a90ccde2a5-140375600768832", "trial_id": 43, "user_attr": {"test_loss": 0.4448817366027098}}
{"op_code": 6, "worker_id": "9d43f825-728c-4bcb-b84a-65a90ccde2a5-140375600768832", "trial_id": 43, "state": 1, "values": [0.4447092629491777], "datetime_complete": "2024-08-22T00:53:17.999183"}
{"op_code": 4, "worker_id": "9d43f825-728c-4bcb-b84a-65a90ccde2a5-140375600768832", "study_id": 0, "datetime_start": "2024-08-22T00:53:18.008291"}
{"op_code": 5, "worker_id": "9d43f825-728c-4bcb-b84a-65a90ccde2a5-140375600768832", "trial_id": 44, "param_name": "lr", "param_value_internal": 5.6844480612682464e-05, "distribution": "{\"name\": \"FloatDistribution\", \"attributes\": {\"step\": null, \"low\": 1e-05, \"high\": 0.001, \"log\": true}}"}
{"op_code": 5, "worker_id": "9d43f825-728c-4bcb-b84a-65a90ccde2a5-140375600768832", "trial_id": 44, "param_name": "l2reg", "param_value_internal": 1.2665951581900179e-05, "distribution": "{\"name\": \"FloatDistribution\", \"attributes\": {\"step\": null, \"low\": 1e-08, \"high\": 0.001, \"log\": true}}"}
{"op_code": 5, "worker_id": "9d43f825-728c-4bcb-b84a-65a90ccde2a5-140375600768832", "trial_id": 44, "param_name": "random_seed", "param_value_internal": 0, "distribution": "{\"name\": \"CategoricalDistribution\", \"attributes\": {\"choices\": [42]}}"}
{"op_code": 5, "worker_id": "9d43f825-728c-4bcb-b84a-65a90ccde2a5-140375600768832", "trial_id": 44, "param_name": "degree", "param_value_internal": 0, "distribution": "{\"name\": \"CategoricalDistribution\", \"attributes\": {\"choices\": [3]}}"}
{"op_code": 8, "worker_id": "9d43f825-728c-4bcb-b84a-65a90ccde2a5-140375600768832", "trial_id": 44, "user_attr": {"best_epoch": 3}}
{"op_code": 8, "worker_id": "9d43f825-728c-4bcb-b84a-65a90ccde2a5-140375600768832", "trial_id": 44, "user_attr": {"test_loss": 0.4456406706018477}}
{"op_code": 6, "worker_id": "9d43f825-728c-4bcb-b84a-65a90ccde2a5-140375600768832", "trial_id": 44, "state": 1, "values": [0.4454751775463188], "datetime_complete": "2024-08-22T01:20:17.404179"}
{"op_code": 4, "worker_id": "9d43f825-728c-4bcb-b84a-65a90ccde2a5-140375600768832", "study_id": 0, "datetime_start": "2024-08-22T01:20:17.421399"}
{"op_code": 5, "worker_id": "9d43f825-728c-4bcb-b84a-65a90ccde2a5-140375600768832", "trial_id": 45, "param_name": "lr", "param_value_internal": 0.00032296650820241466, "distribution": "{\"name\": \"FloatDistribution\", \"attributes\": {\"step\": null, \"low\": 1e-05, \"high\": 0.001, \"log\": true}}"}
{"op_code": 5, "worker_id": "9d43f825-728c-4bcb-b84a-65a90ccde2a5-140375600768832", "trial_id": 45, "param_name": "l2reg", "param_value_internal": 3.9795805014576844e-05, "distribution": "{\"name\": \"FloatDistribution\", \"attributes\": {\"step\": null, \"low\": 1e-08, \"high\": 0.001, \"log\": true}}"}
{"op_code": 5, "worker_id": "9d43f825-728c-4bcb-b84a-65a90ccde2a5-140375600768832", "trial_id": 45, "param_name": "random_seed", "param_value_internal": 0, "distribution": "{\"name\": \"CategoricalDistribution\", \"attributes\": {\"choices\": [42]}}"}
{"op_code": 5, "worker_id": "9d43f825-728c-4bcb-b84a-65a90ccde2a5-140375600768832", "trial_id": 45, "param_name": "degree", "param_value_internal": 0, "distribution": "{\"name\": \"CategoricalDistribution\", \"attributes\": {\"choices\": [3]}}"}
{"op_code": 8, "worker_id": "9d43f825-728c-4bcb-b84a-65a90ccde2a5-140375600768832", "trial_id": 45, "user_attr": {"best_epoch": 0}}
{"op_code": 8, "worker_id": "9d43f825-728c-4bcb-b84a-65a90ccde2a5-140375600768832", "trial_id": 45, "user_attr": {"test_loss": 0.4451715451160339}}
{"op_code": 6, "worker_id": "9d43f825-728c-4bcb-b84a-65a90ccde2a5-140375600768832", "trial_id": 45, "state": 1, "values": [0.445064915497798], "datetime_complete": "2024-08-22T01:36:24.290206"}
{"op_code": 4, "worker_id": "9d43f825-728c-4bcb-b84a-65a90ccde2a5-140375600768832", "study_id": 0, "datetime_start": "2024-08-22T01:36:24.299154"}
{"op_code": 5, "worker_id": "9d43f825-728c-4bcb-b84a-65a90ccde2a5-140375600768832", "trial_id": 46, "param_name": "lr", "param_value_internal": 0.00022774735194961668, "distribution": "{\"name\": \"FloatDistribution\", \"attributes\": {\"step\": null, \"low\": 1e-05, \"high\": 0.001, \"log\": true}}"}
{"op_code": 5, "worker_id": "9d43f825-728c-4bcb-b84a-65a90ccde2a5-140375600768832", "trial_id": 46, "param_name": "l2reg", "param_value_internal": 4.594575893943422e-07, "distribution": "{\"name\": \"FloatDistribution\", \"attributes\": {\"step\": null, \"low\": 1e-08, \"high\": 0.001, \"log\": true}}"}
{"op_code": 5, "worker_id": "9d43f825-728c-4bcb-b84a-65a90ccde2a5-140375600768832", "trial_id": 46, "param_name": "random_seed", "param_value_internal": 0, "distribution": "{\"name\": \"CategoricalDistribution\", \"attributes\": {\"choices\": [42]}}"}
{"op_code": 5, "worker_id": "9d43f825-728c-4bcb-b84a-65a90ccde2a5-140375600768832", "trial_id": 46, "param_name": "degree", "param_value_internal": 0, "distribution": "{\"name\": \"CategoricalDistribution\", \"attributes\": {\"choices\": [3]}}"}
{"op_code": 8, "worker_id": "9d43f825-728c-4bcb-b84a-65a90ccde2a5-140375600768832", "trial_id": 46, "user_attr": {"best_epoch": 1}}
{"op_code": 8, "worker_id": "9d43f825-728c-4bcb-b84a-65a90ccde2a5-140375600768832", "trial_id": 46, "user_attr": {"test_loss": 0.44555366623948606}}
{"op_code": 6, "worker_id": "9d43f825-728c-4bcb-b84a-65a90ccde2a5-140375600768832", "trial_id": 46, "state": 1, "values": [0.44537966545827695], "datetime_complete": "2024-08-22T01:56:18.399333"}
{"op_code": 4, "worker_id": "9d43f825-728c-4bcb-b84a-65a90ccde2a5-140375600768832", "study_id": 0, "datetime_start": "2024-08-22T01:56:18.408808"}
{"op_code": 5, "worker_id": "9d43f825-728c-4bcb-b84a-65a90ccde2a5-140375600768832", "trial_id": 47, "param_name": "lr", "param_value_internal": 0.00011209594565087335, "distribution": "{\"name\": \"FloatDistribution\", \"attributes\": {\"step\": null, \"low\": 1e-05, \"high\": 0.001, \"log\": true}}"}
{"op_code": 5, "worker_id": "9d43f825-728c-4bcb-b84a-65a90ccde2a5-140375600768832", "trial_id": 47, "param_name": "l2reg", "param_value_internal": 0.00014299139474984487, "distribution": "{\"name\": \"FloatDistribution\", \"attributes\": {\"step\": null, \"low\": 1e-08, \"high\": 0.001, \"log\": true}}"}
{"op_code": 5, "worker_id": "9d43f825-728c-4bcb-b84a-65a90ccde2a5-140375600768832", "trial_id": 47, "param_name": "random_seed", "param_value_internal": 0, "distribution": "{\"name\": \"CategoricalDistribution\", \"attributes\": {\"choices\": [42]}}"}
{"op_code": 5, "worker_id": "9d43f825-728c-4bcb-b84a-65a90ccde2a5-140375600768832", "trial_id": 47, "param_name": "degree", "param_value_internal": 0, "distribution": "{\"name\": \"CategoricalDistribution\", \"attributes\": {\"choices\": [3]}}"}
{"op_code": 8, "worker_id": "9d43f825-728c-4bcb-b84a-65a90ccde2a5-140375600768832", "trial_id": 47, "user_attr": {"best_epoch": 1}}
{"op_code": 8, "worker_id": "9d43f825-728c-4bcb-b84a-65a90ccde2a5-140375600768832", "trial_id": 47, "user_attr": {"test_loss": 0.4451549295733681}}
{"op_code": 6, "worker_id": "9d43f825-728c-4bcb-b84a-65a90ccde2a5-140375600768832", "trial_id": 47, "state": 1, "values": [0.4449749661617433], "datetime_complete": "2024-08-22T02:15:36.316673"}
{"op_code": 4, "worker_id": "9d43f825-728c-4bcb-b84a-65a90ccde2a5-140375600768832", "study_id": 0, "datetime_start": "2024-08-22T02:15:36.325785"}
{"op_code": 5, "worker_id": "9d43f825-728c-4bcb-b84a-65a90ccde2a5-140375600768832", "trial_id": 48, "param_name": "lr", "param_value_internal": 1.722693994422323e-05, "distribution": "{\"name\": \"FloatDistribution\", \"attributes\": {\"step\": null, \"low\": 1e-05, \"high\": 0.001, \"log\": true}}"}
{"op_code": 5, "worker_id": "9d43f825-728c-4bcb-b84a-65a90ccde2a5-140375600768832", "trial_id": 48, "param_name": "l2reg", "param_value_internal": 5.720360671010064e-06, "distribution": "{\"name\": \"FloatDistribution\", \"attributes\": {\"step\": null, \"low\": 1e-08, \"high\": 0.001, \"log\": true}}"}
{"op_code": 5, "worker_id": "9d43f825-728c-4bcb-b84a-65a90ccde2a5-140375600768832", "trial_id": 48, "param_name": "random_seed", "param_value_internal": 0, "distribution": "{\"name\": \"CategoricalDistribution\", \"attributes\": {\"choices\": [42]}}"}
{"op_code": 5, "worker_id": "9d43f825-728c-4bcb-b84a-65a90ccde2a5-140375600768832", "trial_id": 48, "param_name": "degree", "param_value_internal": 0, "distribution": "{\"name\": \"CategoricalDistribution\", \"attributes\": {\"choices\": [3]}}"}
{"op_code": 8, "worker_id": "9d43f825-728c-4bcb-b84a-65a90ccde2a5-140375600768832", "trial_id": 48, "user_attr": {"best_epoch": 11}}
{"op_code": 8, "worker_id": "9d43f825-728c-4bcb-b84a-65a90ccde2a5-140375600768832", "trial_id": 48, "user_attr": {"test_loss": 0.4466056809594752}}
{"op_code": 6, "worker_id": "9d43f825-728c-4bcb-b84a-65a90ccde2a5-140375600768832", "trial_id": 48, "state": 1, "values": [0.44641862755492107], "datetime_complete": "2024-08-22T03:15:41.067424"}
{"op_code": 4, "worker_id": "9d43f825-728c-4bcb-b84a-65a90ccde2a5-140375600768832", "study_id": 0, "datetime_start": "2024-08-22T03:15:41.076980"}
{"op_code": 5, "worker_id": "9d43f825-728c-4bcb-b84a-65a90ccde2a5-140375600768832", "trial_id": 49, "param_name": "lr", "param_value_internal": 0.000554891429280969, "distribution": "{\"name\": \"FloatDistribution\", \"attributes\": {\"step\": null, \"low\": 1e-05, \"high\": 0.001, \"log\": true}}"}
{"op_code": 5, "worker_id": "9d43f825-728c-4bcb-b84a-65a90ccde2a5-140375600768832", "trial_id": 49, "param_name": "l2reg", "param_value_internal": 2.595632673148124e-06, "distribution": "{\"name\": \"FloatDistribution\", \"attributes\": {\"step\": null, \"low\": 1e-08, \"high\": 0.001, \"log\": true}}"}
{"op_code": 5, "worker_id": "9d43f825-728c-4bcb-b84a-65a90ccde2a5-140375600768832", "trial_id": 49, "param_name": "random_seed", "param_value_internal": 0, "distribution": "{\"name\": \"CategoricalDistribution\", \"attributes\": {\"choices\": [42]}}"}
{"op_code": 5, "worker_id": "9d43f825-728c-4bcb-b84a-65a90ccde2a5-140375600768832", "trial_id": 49, "param_name": "degree", "param_value_internal": 0, "distribution": "{\"name\": \"CategoricalDistribution\", \"attributes\": {\"choices\": [3]}}"}
{"op_code": 8, "worker_id": "9d43f825-728c-4bcb-b84a-65a90ccde2a5-140375600768832", "trial_id": 49, "user_attr": {"best_epoch": 0}}
{"op_code": 8, "worker_id": "9d43f825-728c-4bcb-b84a-65a90ccde2a5-140375600768832", "trial_id": 49, "user_attr": {"test_loss": 0.44523971610618357}}
{"op_code": 6, "worker_id": "9d43f825-728c-4bcb-b84a-65a90ccde2a5-140375600768832", "trial_id": 49, "state": 1, "values": [0.4451133805200133], "datetime_complete": "2024-08-22T03:30:42.916493"}
