{"op_code": 0, "worker_id": "0f95d399-6751-4fd3-8c01-f3630a23566b-140716979406656", "study_name": "criteo_bins_18", "directions": [1]}
{"op_code": 4, "worker_id": "0f95d399-6751-4fd3-8c01-f3630a23566b-140716979406656", "study_id": 0, "datetime_start": "2024-08-20T09:22:20.333150"}
{"op_code": 5, "worker_id": "0f95d399-6751-4fd3-8c01-f3630a23566b-140716979406656", "trial_id": 0, "param_name": "lr", "param_value_internal": 5.6115164153345e-05, "distribution": "{\"name\": \"FloatDistribution\", \"attributes\": {\"step\": null, \"low\": 1e-05, \"high\": 0.001, \"log\": true}}"}
{"op_code": 5, "worker_id": "0f95d399-6751-4fd3-8c01-f3630a23566b-140716979406656", "trial_id": 0, "param_name": "l2reg", "param_value_internal": 0.0005669849511478851, "distribution": "{\"name\": \"FloatDistribution\", \"attributes\": {\"step\": null, \"low\": 1e-08, \"high\": 0.001, \"log\": true}}"}
{"op_code": 5, "worker_id": "0f95d399-6751-4fd3-8c01-f3630a23566b-140716979406656", "trial_id": 0, "param_name": "random_seed", "param_value_internal": 0, "distribution": "{\"name\": \"CategoricalDistribution\", \"attributes\": {\"choices\": [42]}}"}
{"op_code": 5, "worker_id": "0f95d399-6751-4fd3-8c01-f3630a23566b-140716979406656", "trial_id": 0, "param_name": "degree", "param_value_internal": 0, "distribution": "{\"name\": \"CategoricalDistribution\", \"attributes\": {\"choices\": [0]}}"}
{"op_code": 8, "worker_id": "0f95d399-6751-4fd3-8c01-f3630a23566b-140716979406656", "trial_id": 0, "user_attr": {"best_epoch": 3}}
{"op_code": 8, "worker_id": "0f95d399-6751-4fd3-8c01-f3630a23566b-140716979406656", "trial_id": 0, "user_attr": {"test_loss": 0.44591095494359295}}
{"op_code": 6, "worker_id": "0f95d399-6751-4fd3-8c01-f3630a23566b-140716979406656", "trial_id": 0, "state": 1, "values": [0.4457778566985641], "datetime_complete": "2024-08-20T09:48:17.231183"}
{"op_code": 4, "worker_id": "0f95d399-6751-4fd3-8c01-f3630a23566b-140716979406656", "study_id": 0, "datetime_start": "2024-08-20T09:48:17.243819"}
{"op_code": 5, "worker_id": "0f95d399-6751-4fd3-8c01-f3630a23566b-140716979406656", "trial_id": 1, "param_name": "lr", "param_value_internal": 0.000291063591313307, "distribution": "{\"name\": \"FloatDistribution\", \"attributes\": {\"step\": null, \"low\": 1e-05, \"high\": 0.001, \"log\": true}}"}
{"op_code": 5, "worker_id": "0f95d399-6751-4fd3-8c01-f3630a23566b-140716979406656", "trial_id": 1, "param_name": "l2reg", "param_value_internal": 9.846738873614555e-06, "distribution": "{\"name\": \"FloatDistribution\", \"attributes\": {\"step\": null, \"low\": 1e-08, \"high\": 0.001, \"log\": true}}"}
{"op_code": 5, "worker_id": "0f95d399-6751-4fd3-8c01-f3630a23566b-140716979406656", "trial_id": 1, "param_name": "random_seed", "param_value_internal": 0, "distribution": "{\"name\": \"CategoricalDistribution\", \"attributes\": {\"choices\": [42]}}"}
{"op_code": 5, "worker_id": "0f95d399-6751-4fd3-8c01-f3630a23566b-140716979406656", "trial_id": 1, "param_name": "degree", "param_value_internal": 0, "distribution": "{\"name\": \"CategoricalDistribution\", \"attributes\": {\"choices\": [0]}}"}
{"op_code": 8, "worker_id": "0f95d399-6751-4fd3-8c01-f3630a23566b-140716979406656", "trial_id": 1, "user_attr": {"best_epoch": 0}}
{"op_code": 8, "worker_id": "0f95d399-6751-4fd3-8c01-f3630a23566b-140716979406656", "trial_id": 1, "user_attr": {"test_loss": 0.4456989886115544}}
{"op_code": 6, "worker_id": "0f95d399-6751-4fd3-8c01-f3630a23566b-140716979406656", "trial_id": 1, "state": 1, "values": [0.4455419669280215], "datetime_complete": "2024-08-20T10:03:49.938523"}
{"op_code": 4, "worker_id": "0f95d399-6751-4fd3-8c01-f3630a23566b-140716979406656", "study_id": 0, "datetime_start": "2024-08-20T10:03:49.948403"}
{"op_code": 5, "worker_id": "0f95d399-6751-4fd3-8c01-f3630a23566b-140716979406656", "trial_id": 2, "param_name": "lr", "param_value_internal": 2.0513382630874486e-05, "distribution": "{\"name\": \"FloatDistribution\", \"attributes\": {\"step\": null, \"low\": 1e-05, \"high\": 0.001, \"log\": true}}"}
{"op_code": 5, "worker_id": "0f95d399-6751-4fd3-8c01-f3630a23566b-140716979406656", "trial_id": 2, "param_name": "l2reg", "param_value_internal": 6.02521573620385e-08, "distribution": "{\"name\": \"FloatDistribution\", \"attributes\": {\"step\": null, \"low\": 1e-08, \"high\": 0.001, \"log\": true}}"}
{"op_code": 5, "worker_id": "0f95d399-6751-4fd3-8c01-f3630a23566b-140716979406656", "trial_id": 2, "param_name": "random_seed", "param_value_internal": 0, "distribution": "{\"name\": \"CategoricalDistribution\", \"attributes\": {\"choices\": [42]}}"}
{"op_code": 5, "worker_id": "0f95d399-6751-4fd3-8c01-f3630a23566b-140716979406656", "trial_id": 2, "param_name": "degree", "param_value_internal": 0, "distribution": "{\"name\": \"CategoricalDistribution\", \"attributes\": {\"choices\": [0]}}"}
{"op_code": 8, "worker_id": "0f95d399-6751-4fd3-8c01-f3630a23566b-140716979406656", "trial_id": 2, "user_attr": {"best_epoch": 10}}
{"op_code": 8, "worker_id": "0f95d399-6751-4fd3-8c01-f3630a23566b-140716979406656", "trial_id": 2, "user_attr": {"test_loss": 0.44670221108152713}}
{"op_code": 6, "worker_id": "0f95d399-6751-4fd3-8c01-f3630a23566b-140716979406656", "trial_id": 2, "state": 1, "values": [0.4465587143745729], "datetime_complete": "2024-08-20T10:54:13.607168"}
{"op_code": 4, "worker_id": "0f95d399-6751-4fd3-8c01-f3630a23566b-140716979406656", "study_id": 0, "datetime_start": "2024-08-20T10:54:13.616068"}
{"op_code": 5, "worker_id": "0f95d399-6751-4fd3-8c01-f3630a23566b-140716979406656", "trial_id": 3, "param_name": "lr", "param_value_internal": 1.3066739238053272e-05, "distribution": "{\"name\": \"FloatDistribution\", \"attributes\": {\"step\": null, \"low\": 1e-05, \"high\": 0.001, \"log\": true}}"}
{"op_code": 5, "worker_id": "0f95d399-6751-4fd3-8c01-f3630a23566b-140716979406656", "trial_id": 3, "param_name": "l2reg", "param_value_internal": 0.00021423021757741048, "distribution": "{\"name\": \"FloatDistribution\", \"attributes\": {\"step\": null, \"low\": 1e-08, \"high\": 0.001, \"log\": true}}"}
{"op_code": 5, "worker_id": "0f95d399-6751-4fd3-8c01-f3630a23566b-140716979406656", "trial_id": 3, "param_name": "random_seed", "param_value_internal": 0, "distribution": "{\"name\": \"CategoricalDistribution\", \"attributes\": {\"choices\": [42]}}"}
{"op_code": 5, "worker_id": "0f95d399-6751-4fd3-8c01-f3630a23566b-140716979406656", "trial_id": 3, "param_name": "degree", "param_value_internal": 0, "distribution": "{\"name\": \"CategoricalDistribution\", \"attributes\": {\"choices\": [0]}}"}
{"op_code": 8, "worker_id": "0f95d399-6751-4fd3-8c01-f3630a23566b-140716979406656", "trial_id": 3, "user_attr": {"best_epoch": 16}}
{"op_code": 8, "worker_id": "0f95d399-6751-4fd3-8c01-f3630a23566b-140716979406656", "trial_id": 3, "user_attr": {"test_loss": 0.44694853559260117}}
{"op_code": 6, "worker_id": "0f95d399-6751-4fd3-8c01-f3630a23566b-140716979406656", "trial_id": 3, "state": 1, "values": [0.44679489500796454], "datetime_complete": "2024-08-20T12:05:10.530268"}
{"op_code": 4, "worker_id": "0f95d399-6751-4fd3-8c01-f3630a23566b-140716979406656", "study_id": 0, "datetime_start": "2024-08-20T12:05:10.540134"}
{"op_code": 5, "worker_id": "0f95d399-6751-4fd3-8c01-f3630a23566b-140716979406656", "trial_id": 4, "param_name": "lr", "param_value_internal": 0.00015930522616241006, "distribution": "{\"name\": \"FloatDistribution\", \"attributes\": {\"step\": null, \"low\": 1e-05, \"high\": 0.001, \"log\": true}}"}
{"op_code": 5, "worker_id": "0f95d399-6751-4fd3-8c01-f3630a23566b-140716979406656", "trial_id": 4, "param_name": "l2reg", "param_value_internal": 3.47026698865041e-05, "distribution": "{\"name\": \"FloatDistribution\", \"attributes\": {\"step\": null, \"low\": 1e-08, \"high\": 0.001, \"log\": true}}"}
{"op_code": 5, "worker_id": "0f95d399-6751-4fd3-8c01-f3630a23566b-140716979406656", "trial_id": 4, "param_name": "random_seed", "param_value_internal": 0, "distribution": "{\"name\": \"CategoricalDistribution\", \"attributes\": {\"choices\": [42]}}"}
{"op_code": 5, "worker_id": "0f95d399-6751-4fd3-8c01-f3630a23566b-140716979406656", "trial_id": 4, "param_name": "degree", "param_value_internal": 0, "distribution": "{\"name\": \"CategoricalDistribution\", \"attributes\": {\"choices\": [0]}}"}
{"op_code": 8, "worker_id": "0f95d399-6751-4fd3-8c01-f3630a23566b-140716979406656", "trial_id": 4, "user_attr": {"best_epoch": 1}}
{"op_code": 8, "worker_id": "0f95d399-6751-4fd3-8c01-f3630a23566b-140716979406656", "trial_id": 4, "user_attr": {"test_loss": 0.4452086301346753}}
{"op_code": 6, "worker_id": "0f95d399-6751-4fd3-8c01-f3630a23566b-140716979406656", "trial_id": 4, "state": 1, "values": [0.44504215547986337], "datetime_complete": "2024-08-20T12:24:21.647474"}
{"op_code": 4, "worker_id": "0f95d399-6751-4fd3-8c01-f3630a23566b-140716979406656", "study_id": 0, "datetime_start": "2024-08-20T12:24:21.657009"}
{"op_code": 5, "worker_id": "0f95d399-6751-4fd3-8c01-f3630a23566b-140716979406656", "trial_id": 5, "param_name": "lr", "param_value_internal": 1.0994335574766187e-05, "distribution": "{\"name\": \"FloatDistribution\", \"attributes\": {\"step\": null, \"low\": 1e-05, \"high\": 0.001, \"log\": true}}"}
{"op_code": 5, "worker_id": "0f95d399-6751-4fd3-8c01-f3630a23566b-140716979406656", "trial_id": 5, "param_name": "l2reg", "param_value_internal": 0.0007072114131472234, "distribution": "{\"name\": \"FloatDistribution\", \"attributes\": {\"step\": null, \"low\": 1e-08, \"high\": 0.001, \"log\": true}}"}
{"op_code": 5, "worker_id": "0f95d399-6751-4fd3-8c01-f3630a23566b-140716979406656", "trial_id": 5, "param_name": "random_seed", "param_value_internal": 0, "distribution": "{\"name\": \"CategoricalDistribution\", \"attributes\": {\"choices\": [42]}}"}
{"op_code": 5, "worker_id": "0f95d399-6751-4fd3-8c01-f3630a23566b-140716979406656", "trial_id": 5, "param_name": "degree", "param_value_internal": 0, "distribution": "{\"name\": \"CategoricalDistribution\", \"attributes\": {\"choices\": [0]}}"}
{"op_code": 8, "worker_id": "0f95d399-6751-4fd3-8c01-f3630a23566b-140716979406656", "trial_id": 5, "user_attr": {"best_epoch": 19}}
{"op_code": 8, "worker_id": "0f95d399-6751-4fd3-8c01-f3630a23566b-140716979406656", "trial_id": 5, "user_attr": {"test_loss": 0.446996746116835}}
{"op_code": 6, "worker_id": "0f95d399-6751-4fd3-8c01-f3630a23566b-140716979406656", "trial_id": 5, "state": 1, "values": [0.4468651747438553], "datetime_complete": "2024-08-20T13:36:18.896755"}
{"op_code": 4, "worker_id": "0f95d399-6751-4fd3-8c01-f3630a23566b-140716979406656", "study_id": 0, "datetime_start": "2024-08-20T13:36:18.910071"}
{"op_code": 5, "worker_id": "0f95d399-6751-4fd3-8c01-f3630a23566b-140716979406656", "trial_id": 6, "param_name": "lr", "param_value_internal": 0.000462258900102083, "distribution": "{\"name\": \"FloatDistribution\", \"attributes\": {\"step\": null, \"low\": 1e-05, \"high\": 0.001, \"log\": true}}"}
{"op_code": 5, "worker_id": "0f95d399-6751-4fd3-8c01-f3630a23566b-140716979406656", "trial_id": 6, "param_name": "l2reg", "param_value_internal": 1.1526449540315595e-07, "distribution": "{\"name\": \"FloatDistribution\", \"attributes\": {\"step\": null, \"low\": 1e-08, \"high\": 0.001, \"log\": true}}"}
{"op_code": 5, "worker_id": "0f95d399-6751-4fd3-8c01-f3630a23566b-140716979406656", "trial_id": 6, "param_name": "random_seed", "param_value_internal": 0, "distribution": "{\"name\": \"CategoricalDistribution\", \"attributes\": {\"choices\": [42]}}"}
{"op_code": 5, "worker_id": "0f95d399-6751-4fd3-8c01-f3630a23566b-140716979406656", "trial_id": 6, "param_name": "degree", "param_value_internal": 0, "distribution": "{\"name\": \"CategoricalDistribution\", \"attributes\": {\"choices\": [0]}}"}
{"op_code": 8, "worker_id": "0f95d399-6751-4fd3-8c01-f3630a23566b-140716979406656", "trial_id": 6, "user_attr": {"best_epoch": 0}}
{"op_code": 8, "worker_id": "0f95d399-6751-4fd3-8c01-f3630a23566b-140716979406656", "trial_id": 6, "user_attr": {"test_loss": 0.4455134544447631}}
{"op_code": 6, "worker_id": "0f95d399-6751-4fd3-8c01-f3630a23566b-140716979406656", "trial_id": 6, "state": 1, "values": [0.44537919280614735], "datetime_complete": "2024-08-20T13:51:31.097708"}
{"op_code": 4, "worker_id": "0f95d399-6751-4fd3-8c01-f3630a23566b-140716979406656", "study_id": 0, "datetime_start": "2024-08-20T13:51:31.106891"}
{"op_code": 5, "worker_id": "0f95d399-6751-4fd3-8c01-f3630a23566b-140716979406656", "trial_id": 7, "param_name": "lr", "param_value_internal": 2.3102018878452926e-05, "distribution": "{\"name\": \"FloatDistribution\", \"attributes\": {\"step\": null, \"low\": 1e-05, \"high\": 0.001, \"log\": true}}"}
{"op_code": 5, "worker_id": "0f95d399-6751-4fd3-8c01-f3630a23566b-140716979406656", "trial_id": 7, "param_name": "l2reg", "param_value_internal": 8.260808399079588e-08, "distribution": "{\"name\": \"FloatDistribution\", \"attributes\": {\"step\": null, \"low\": 1e-08, \"high\": 0.001, \"log\": true}}"}
{"op_code": 5, "worker_id": "0f95d399-6751-4fd3-8c01-f3630a23566b-140716979406656", "trial_id": 7, "param_name": "random_seed", "param_value_internal": 0, "distribution": "{\"name\": \"CategoricalDistribution\", \"attributes\": {\"choices\": [42]}}"}
{"op_code": 5, "worker_id": "0f95d399-6751-4fd3-8c01-f3630a23566b-140716979406656", "trial_id": 7, "param_name": "degree", "param_value_internal": 0, "distribution": "{\"name\": \"CategoricalDistribution\", \"attributes\": {\"choices\": [0]}}"}
{"op_code": 8, "worker_id": "0f95d399-6751-4fd3-8c01-f3630a23566b-140716979406656", "trial_id": 7, "user_attr": {"best_epoch": 9}}
{"op_code": 8, "worker_id": "0f95d399-6751-4fd3-8c01-f3630a23566b-140716979406656", "trial_id": 7, "user_attr": {"test_loss": 0.4466470925636248}}
{"op_code": 6, "worker_id": "0f95d399-6751-4fd3-8c01-f3630a23566b-140716979406656", "trial_id": 7, "state": 1, "values": [0.44651617568290597], "datetime_complete": "2024-08-20T14:38:14.486169"}
{"op_code": 4, "worker_id": "0f95d399-6751-4fd3-8c01-f3630a23566b-140716979406656", "study_id": 0, "datetime_start": "2024-08-20T14:38:14.498665"}
{"op_code": 5, "worker_id": "0f95d399-6751-4fd3-8c01-f3630a23566b-140716979406656", "trial_id": 8, "param_name": "lr", "param_value_internal": 4.059611610484306e-05, "distribution": "{\"name\": \"FloatDistribution\", \"attributes\": {\"step\": null, \"low\": 1e-05, \"high\": 0.001, \"log\": true}}"}
{"op_code": 5, "worker_id": "0f95d399-6751-4fd3-8c01-f3630a23566b-140716979406656", "trial_id": 8, "param_name": "l2reg", "param_value_internal": 4.2051564509138674e-06, "distribution": "{\"name\": \"FloatDistribution\", \"attributes\": {\"step\": null, \"low\": 1e-08, \"high\": 0.001, \"log\": true}}"}
{"op_code": 5, "worker_id": "0f95d399-6751-4fd3-8c01-f3630a23566b-140716979406656", "trial_id": 8, "param_name": "random_seed", "param_value_internal": 0, "distribution": "{\"name\": \"CategoricalDistribution\", \"attributes\": {\"choices\": [42]}}"}
{"op_code": 5, "worker_id": "0f95d399-6751-4fd3-8c01-f3630a23566b-140716979406656", "trial_id": 8, "param_name": "degree", "param_value_internal": 0, "distribution": "{\"name\": \"CategoricalDistribution\", \"attributes\": {\"choices\": [0]}}"}
{"op_code": 8, "worker_id": "0f95d399-6751-4fd3-8c01-f3630a23566b-140716979406656", "trial_id": 8, "user_attr": {"best_epoch": 5}}
{"op_code": 8, "worker_id": "0f95d399-6751-4fd3-8c01-f3630a23566b-140716979406656", "trial_id": 8, "user_attr": {"test_loss": 0.4462565727741863}}
{"op_code": 6, "worker_id": "0f95d399-6751-4fd3-8c01-f3630a23566b-140716979406656", "trial_id": 8, "state": 1, "values": [0.4461400173034309], "datetime_complete": "2024-08-20T15:12:07.373259"}
{"op_code": 4, "worker_id": "0f95d399-6751-4fd3-8c01-f3630a23566b-140716979406656", "study_id": 0, "datetime_start": "2024-08-20T15:12:07.383307"}
{"op_code": 5, "worker_id": "0f95d399-6751-4fd3-8c01-f3630a23566b-140716979406656", "trial_id": 9, "param_name": "lr", "param_value_internal": 7.309539835912905e-05, "distribution": "{\"name\": \"FloatDistribution\", \"attributes\": {\"step\": null, \"low\": 1e-05, \"high\": 0.001, \"log\": true}}"}
{"op_code": 5, "worker_id": "0f95d399-6751-4fd3-8c01-f3630a23566b-140716979406656", "trial_id": 9, "param_name": "l2reg", "param_value_internal": 2.8585493941961875e-07, "distribution": "{\"name\": \"FloatDistribution\", \"attributes\": {\"step\": null, \"low\": 1e-08, \"high\": 0.001, \"log\": true}}"}
{"op_code": 5, "worker_id": "0f95d399-6751-4fd3-8c01-f3630a23566b-140716979406656", "trial_id": 9, "param_name": "random_seed", "param_value_internal": 0, "distribution": "{\"name\": \"CategoricalDistribution\", \"attributes\": {\"choices\": [42]}}"}
{"op_code": 5, "worker_id": "0f95d399-6751-4fd3-8c01-f3630a23566b-140716979406656", "trial_id": 9, "param_name": "degree", "param_value_internal": 0, "distribution": "{\"name\": \"CategoricalDistribution\", \"attributes\": {\"choices\": [0]}}"}
{"op_code": 8, "worker_id": "0f95d399-6751-4fd3-8c01-f3630a23566b-140716979406656", "trial_id": 9, "user_attr": {"best_epoch": 2}}
{"op_code": 8, "worker_id": "0f95d399-6751-4fd3-8c01-f3630a23566b-140716979406656", "trial_id": 9, "user_attr": {"test_loss": 0.44583565781260637}}
{"op_code": 6, "worker_id": "0f95d399-6751-4fd3-8c01-f3630a23566b-140716979406656", "trial_id": 9, "state": 1, "values": [0.4457166300688487], "datetime_complete": "2024-08-20T15:34:43.659110"}
{"op_code": 4, "worker_id": "0f95d399-6751-4fd3-8c01-f3630a23566b-140716979406656", "study_id": 0, "datetime_start": "2024-08-20T15:34:43.667969"}
{"op_code": 5, "worker_id": "0f95d399-6751-4fd3-8c01-f3630a23566b-140716979406656", "trial_id": 10, "param_name": "lr", "param_value_internal": 0.00018471184590376964, "distribution": "{\"name\": \"FloatDistribution\", \"attributes\": {\"step\": null, \"low\": 1e-05, \"high\": 0.001, \"log\": true}}"}
{"op_code": 5, "worker_id": "0f95d399-6751-4fd3-8c01-f3630a23566b-140716979406656", "trial_id": 10, "param_name": "l2reg", "param_value_internal": 3.8521646942747446e-05, "distribution": "{\"name\": \"FloatDistribution\", \"attributes\": {\"step\": null, \"low\": 1e-08, \"high\": 0.001, \"log\": true}}"}
{"op_code": 5, "worker_id": "0f95d399-6751-4fd3-8c01-f3630a23566b-140716979406656", "trial_id": 10, "param_name": "random_seed", "param_value_internal": 0, "distribution": "{\"name\": \"CategoricalDistribution\", \"attributes\": {\"choices\": [42]}}"}
{"op_code": 5, "worker_id": "0f95d399-6751-4fd3-8c01-f3630a23566b-140716979406656", "trial_id": 10, "param_name": "degree", "param_value_internal": 0, "distribution": "{\"name\": \"CategoricalDistribution\", \"attributes\": {\"choices\": [0]}}"}
{"op_code": 8, "worker_id": "0f95d399-6751-4fd3-8c01-f3630a23566b-140716979406656", "trial_id": 10, "user_attr": {"best_epoch": 1}}
{"op_code": 8, "worker_id": "0f95d399-6751-4fd3-8c01-f3630a23566b-140716979406656", "trial_id": 10, "user_attr": {"test_loss": 0.4453573337878551}}
{"op_code": 6, "worker_id": "0f95d399-6751-4fd3-8c01-f3630a23566b-140716979406656", "trial_id": 10, "state": 1, "values": [0.44519402224489985], "datetime_complete": "2024-08-20T15:53:52.630877"}
{"op_code": 4, "worker_id": "0f95d399-6751-4fd3-8c01-f3630a23566b-140716979406656", "study_id": 0, "datetime_start": "2024-08-20T15:53:52.645035"}
{"op_code": 5, "worker_id": "0f95d399-6751-4fd3-8c01-f3630a23566b-140716979406656", "trial_id": 11, "param_name": "lr", "param_value_internal": 0.00015320252245209042, "distribution": "{\"name\": \"FloatDistribution\", \"attributes\": {\"step\": null, \"low\": 1e-05, \"high\": 0.001, \"log\": true}}"}
{"op_code": 5, "worker_id": "0f95d399-6751-4fd3-8c01-f3630a23566b-140716979406656", "trial_id": 11, "param_name": "l2reg", "param_value_internal": 4.011123221868182e-05, "distribution": "{\"name\": \"FloatDistribution\", \"attributes\": {\"step\": null, \"low\": 1e-08, \"high\": 0.001, \"log\": true}}"}
{"op_code": 5, "worker_id": "0f95d399-6751-4fd3-8c01-f3630a23566b-140716979406656", "trial_id": 11, "param_name": "random_seed", "param_value_internal": 0, "distribution": "{\"name\": \"CategoricalDistribution\", \"attributes\": {\"choices\": [42]}}"}
{"op_code": 5, "worker_id": "0f95d399-6751-4fd3-8c01-f3630a23566b-140716979406656", "trial_id": 11, "param_name": "degree", "param_value_internal": 0, "distribution": "{\"name\": \"CategoricalDistribution\", \"attributes\": {\"choices\": [0]}}"}
{"op_code": 8, "worker_id": "0f95d399-6751-4fd3-8c01-f3630a23566b-140716979406656", "trial_id": 11, "user_attr": {"best_epoch": 1}}
{"op_code": 8, "worker_id": "0f95d399-6751-4fd3-8c01-f3630a23566b-140716979406656", "trial_id": 11, "user_attr": {"test_loss": 0.44519725012405303}}
{"op_code": 6, "worker_id": "0f95d399-6751-4fd3-8c01-f3630a23566b-140716979406656", "trial_id": 11, "state": 1, "values": [0.4450288485045214], "datetime_complete": "2024-08-20T16:12:43.831195"}
{"op_code": 4, "worker_id": "0f95d399-6751-4fd3-8c01-f3630a23566b-140716979406656", "study_id": 0, "datetime_start": "2024-08-20T16:12:43.839918"}
{"op_code": 5, "worker_id": "0f95d399-6751-4fd3-8c01-f3630a23566b-140716979406656", "trial_id": 12, "param_name": "lr", "param_value_internal": 0.0001458251474269136, "distribution": "{\"name\": \"FloatDistribution\", \"attributes\": {\"step\": null, \"low\": 1e-05, \"high\": 0.001, \"log\": true}}"}
{"op_code": 5, "worker_id": "0f95d399-6751-4fd3-8c01-f3630a23566b-140716979406656", "trial_id": 12, "param_name": "l2reg", "param_value_internal": 4.634380861758262e-05, "distribution": "{\"name\": \"FloatDistribution\", \"attributes\": {\"step\": null, \"low\": 1e-08, \"high\": 0.001, \"log\": true}}"}
{"op_code": 5, "worker_id": "0f95d399-6751-4fd3-8c01-f3630a23566b-140716979406656", "trial_id": 12, "param_name": "random_seed", "param_value_internal": 0, "distribution": "{\"name\": \"CategoricalDistribution\", \"attributes\": {\"choices\": [42]}}"}
{"op_code": 5, "worker_id": "0f95d399-6751-4fd3-8c01-f3630a23566b-140716979406656", "trial_id": 12, "param_name": "degree", "param_value_internal": 0, "distribution": "{\"name\": \"CategoricalDistribution\", \"attributes\": {\"choices\": [0]}}"}
{"op_code": 8, "worker_id": "0f95d399-6751-4fd3-8c01-f3630a23566b-140716979406656", "trial_id": 12, "user_attr": {"best_epoch": 1}}
{"op_code": 8, "worker_id": "0f95d399-6751-4fd3-8c01-f3630a23566b-140716979406656", "trial_id": 12, "user_attr": {"test_loss": 0.445198922585678}}
{"op_code": 6, "worker_id": "0f95d399-6751-4fd3-8c01-f3630a23566b-140716979406656", "trial_id": 12, "state": 1, "values": [0.4450294665880755], "datetime_complete": "2024-08-20T16:31:53.846734"}
{"op_code": 4, "worker_id": "0f95d399-6751-4fd3-8c01-f3630a23566b-140716979406656", "study_id": 0, "datetime_start": "2024-08-20T16:31:53.856916"}
{"op_code": 5, "worker_id": "0f95d399-6751-4fd3-8c01-f3630a23566b-140716979406656", "trial_id": 13, "param_name": "lr", "param_value_internal": 0.0007215064248475351, "distribution": "{\"name\": \"FloatDistribution\", \"attributes\": {\"step\": null, \"low\": 1e-05, \"high\": 0.001, \"log\": true}}"}
{"op_code": 5, "worker_id": "0f95d399-6751-4fd3-8c01-f3630a23566b-140716979406656", "trial_id": 13, "param_name": "l2reg", "param_value_internal": 8.51404885716151e-07, "distribution": "{\"name\": \"FloatDistribution\", \"attributes\": {\"step\": null, \"low\": 1e-08, \"high\": 0.001, \"log\": true}}"}
{"op_code": 5, "worker_id": "0f95d399-6751-4fd3-8c01-f3630a23566b-140716979406656", "trial_id": 13, "param_name": "random_seed", "param_value_internal": 0, "distribution": "{\"name\": \"CategoricalDistribution\", \"attributes\": {\"choices\": [42]}}"}
{"op_code": 5, "worker_id": "0f95d399-6751-4fd3-8c01-f3630a23566b-140716979406656", "trial_id": 13, "param_name": "degree", "param_value_internal": 0, "distribution": "{\"name\": \"CategoricalDistribution\", \"attributes\": {\"choices\": [0]}}"}
{"op_code": 8, "worker_id": "0f95d399-6751-4fd3-8c01-f3630a23566b-140716979406656", "trial_id": 13, "user_attr": {"best_epoch": 0}}
{"op_code": 8, "worker_id": "0f95d399-6751-4fd3-8c01-f3630a23566b-140716979406656", "trial_id": 13, "user_attr": {"test_loss": 0.44553054263962727}}
{"op_code": 6, "worker_id": "0f95d399-6751-4fd3-8c01-f3630a23566b-140716979406656", "trial_id": 13, "state": 1, "values": [0.44542914850046383], "datetime_complete": "2024-08-20T16:47:09.945349"}
{"op_code": 4, "worker_id": "0f95d399-6751-4fd3-8c01-f3630a23566b-140716979406656", "study_id": 0, "datetime_start": "2024-08-20T16:47:09.958205"}
{"op_code": 5, "worker_id": "0f95d399-6751-4fd3-8c01-f3630a23566b-140716979406656", "trial_id": 14, "param_name": "lr", "param_value_internal": 0.00012448484478535553, "distribution": "{\"name\": \"FloatDistribution\", \"attributes\": {\"step\": null, \"low\": 1e-05, \"high\": 0.001, \"log\": true}}"}
{"op_code": 5, "worker_id": "0f95d399-6751-4fd3-8c01-f3630a23566b-140716979406656", "trial_id": 14, "param_name": "l2reg", "param_value_internal": 1.163814228102759e-08, "distribution": "{\"name\": \"FloatDistribution\", \"attributes\": {\"step\": null, \"low\": 1e-08, \"high\": 0.001, \"log\": true}}"}
{"op_code": 5, "worker_id": "0f95d399-6751-4fd3-8c01-f3630a23566b-140716979406656", "trial_id": 14, "param_name": "random_seed", "param_value_internal": 0, "distribution": "{\"name\": \"CategoricalDistribution\", \"attributes\": {\"choices\": [42]}}"}
{"op_code": 5, "worker_id": "0f95d399-6751-4fd3-8c01-f3630a23566b-140716979406656", "trial_id": 14, "param_name": "degree", "param_value_internal": 0, "distribution": "{\"name\": \"CategoricalDistribution\", \"attributes\": {\"choices\": [0]}}"}
{"op_code": 8, "worker_id": "0f95d399-6751-4fd3-8c01-f3630a23566b-140716979406656", "trial_id": 14, "user_attr": {"best_epoch": 1}}
{"op_code": 8, "worker_id": "0f95d399-6751-4fd3-8c01-f3630a23566b-140716979406656", "trial_id": 14, "user_attr": {"test_loss": 0.4453385367735045}}
{"op_code": 6, "worker_id": "0f95d399-6751-4fd3-8c01-f3630a23566b-140716979406656", "trial_id": 14, "state": 1, "values": [0.4451685717456119], "datetime_complete": "2024-08-20T17:06:29.758376"}
{"op_code": 4, "worker_id": "0f95d399-6751-4fd3-8c01-f3630a23566b-140716979406656", "study_id": 0, "datetime_start": "2024-08-20T17:06:29.767619"}
{"op_code": 5, "worker_id": "0f95d399-6751-4fd3-8c01-f3630a23566b-140716979406656", "trial_id": 15, "param_name": "lr", "param_value_internal": 0.0002733762389478881, "distribution": "{\"name\": \"FloatDistribution\", \"attributes\": {\"step\": null, \"low\": 1e-05, \"high\": 0.001, \"log\": true}}"}
{"op_code": 5, "worker_id": "0f95d399-6751-4fd3-8c01-f3630a23566b-140716979406656", "trial_id": 15, "param_name": "l2reg", "param_value_internal": 7.561219687267911e-05, "distribution": "{\"name\": \"FloatDistribution\", \"attributes\": {\"step\": null, \"low\": 1e-08, \"high\": 0.001, \"log\": true}}"}
{"op_code": 5, "worker_id": "0f95d399-6751-4fd3-8c01-f3630a23566b-140716979406656", "trial_id": 15, "param_name": "random_seed", "param_value_internal": 0, "distribution": "{\"name\": \"CategoricalDistribution\", \"attributes\": {\"choices\": [42]}}"}
{"op_code": 5, "worker_id": "0f95d399-6751-4fd3-8c01-f3630a23566b-140716979406656", "trial_id": 15, "param_name": "degree", "param_value_internal": 0, "distribution": "{\"name\": \"CategoricalDistribution\", \"attributes\": {\"choices\": [0]}}"}
{"op_code": 8, "worker_id": "0f95d399-6751-4fd3-8c01-f3630a23566b-140716979406656", "trial_id": 15, "user_attr": {"best_epoch": 0}}
{"op_code": 8, "worker_id": "0f95d399-6751-4fd3-8c01-f3630a23566b-140716979406656", "trial_id": 15, "user_attr": {"test_loss": 0.44575850643068765}}
{"op_code": 6, "worker_id": "0f95d399-6751-4fd3-8c01-f3630a23566b-140716979406656", "trial_id": 15, "state": 1, "values": [0.44559864882572126], "datetime_complete": "2024-08-20T17:21:57.218181"}
{"op_code": 4, "worker_id": "0f95d399-6751-4fd3-8c01-f3630a23566b-140716979406656", "study_id": 0, "datetime_start": "2024-08-20T17:21:57.226951"}
{"op_code": 5, "worker_id": "0f95d399-6751-4fd3-8c01-f3630a23566b-140716979406656", "trial_id": 16, "param_name": "lr", "param_value_internal": 9.865355711626425e-05, "distribution": "{\"name\": \"FloatDistribution\", \"attributes\": {\"step\": null, \"low\": 1e-05, \"high\": 0.001, \"log\": true}}"}
{"op_code": 5, "worker_id": "0f95d399-6751-4fd3-8c01-f3630a23566b-140716979406656", "trial_id": 16, "param_name": "l2reg", "param_value_internal": 1.0788386058544978e-05, "distribution": "{\"name\": \"FloatDistribution\", \"attributes\": {\"step\": null, \"low\": 1e-08, \"high\": 0.001, \"log\": true}}"}
{"op_code": 5, "worker_id": "0f95d399-6751-4fd3-8c01-f3630a23566b-140716979406656", "trial_id": 16, "param_name": "random_seed", "param_value_internal": 0, "distribution": "{\"name\": \"CategoricalDistribution\", \"attributes\": {\"choices\": [42]}}"}
{"op_code": 5, "worker_id": "0f95d399-6751-4fd3-8c01-f3630a23566b-140716979406656", "trial_id": 16, "param_name": "degree", "param_value_internal": 0, "distribution": "{\"name\": \"CategoricalDistribution\", \"attributes\": {\"choices\": [0]}}"}
{"op_code": 8, "worker_id": "0f95d399-6751-4fd3-8c01-f3630a23566b-140716979406656", "trial_id": 16, "user_attr": {"best_epoch": 2}}
{"op_code": 8, "worker_id": "0f95d399-6751-4fd3-8c01-f3630a23566b-140716979406656", "trial_id": 16, "user_attr": {"test_loss": 0.44572385738876097}}
{"op_code": 6, "worker_id": "0f95d399-6751-4fd3-8c01-f3630a23566b-140716979406656", "trial_id": 16, "state": 1, "values": [0.4455982488893038], "datetime_complete": "2024-08-20T17:44:35.028803"}
{"op_code": 4, "worker_id": "0f95d399-6751-4fd3-8c01-f3630a23566b-140716979406656", "study_id": 0, "datetime_start": "2024-08-20T17:44:35.046949"}
{"op_code": 5, "worker_id": "0f95d399-6751-4fd3-8c01-f3630a23566b-140716979406656", "trial_id": 17, "param_name": "lr", "param_value_internal": 0.0009084876849999085, "distribution": "{\"name\": \"FloatDistribution\", \"attributes\": {\"step\": null, \"low\": 1e-05, \"high\": 0.001, \"log\": true}}"}
{"op_code": 5, "worker_id": "0f95d399-6751-4fd3-8c01-f3630a23566b-140716979406656", "trial_id": 17, "param_name": "l2reg", "param_value_internal": 0.00012808944435729837, "distribution": "{\"name\": \"FloatDistribution\", \"attributes\": {\"step\": null, \"low\": 1e-08, \"high\": 0.001, \"log\": true}}"}
{"op_code": 5, "worker_id": "0f95d399-6751-4fd3-8c01-f3630a23566b-140716979406656", "trial_id": 17, "param_name": "random_seed", "param_value_internal": 0, "distribution": "{\"name\": \"CategoricalDistribution\", \"attributes\": {\"choices\": [42]}}"}
{"op_code": 5, "worker_id": "0f95d399-6751-4fd3-8c01-f3630a23566b-140716979406656", "trial_id": 17, "param_name": "degree", "param_value_internal": 0, "distribution": "{\"name\": \"CategoricalDistribution\", \"attributes\": {\"choices\": [0]}}"}
{"op_code": 8, "worker_id": "0f95d399-6751-4fd3-8c01-f3630a23566b-140716979406656", "trial_id": 17, "user_attr": {"best_epoch": 0}}
{"op_code": 8, "worker_id": "0f95d399-6751-4fd3-8c01-f3630a23566b-140716979406656", "trial_id": 17, "user_attr": {"test_loss": 0.4456318356415243}}
{"op_code": 6, "worker_id": "0f95d399-6751-4fd3-8c01-f3630a23566b-140716979406656", "trial_id": 17, "state": 1, "values": [0.4455449482722238], "datetime_complete": "2024-08-20T17:59:56.100375"}
{"op_code": 4, "worker_id": "0f95d399-6751-4fd3-8c01-f3630a23566b-140716979406656", "study_id": 0, "datetime_start": "2024-08-20T17:59:56.155401"}
{"op_code": 5, "worker_id": "0f95d399-6751-4fd3-8c01-f3630a23566b-140716979406656", "trial_id": 18, "param_name": "lr", "param_value_internal": 0.0002705332129751736, "distribution": "{\"name\": \"FloatDistribution\", \"attributes\": {\"step\": null, \"low\": 1e-05, \"high\": 0.001, \"log\": true}}"}
{"op_code": 5, "worker_id": "0f95d399-6751-4fd3-8c01-f3630a23566b-140716979406656", "trial_id": 18, "param_name": "l2reg", "param_value_internal": 2.1896150220570466e-06, "distribution": "{\"name\": \"FloatDistribution\", \"attributes\": {\"step\": null, \"low\": 1e-08, \"high\": 0.001, \"log\": true}}"}
{"op_code": 5, "worker_id": "0f95d399-6751-4fd3-8c01-f3630a23566b-140716979406656", "trial_id": 18, "param_name": "random_seed", "param_value_internal": 0, "distribution": "{\"name\": \"CategoricalDistribution\", \"attributes\": {\"choices\": [42]}}"}
{"op_code": 5, "worker_id": "0f95d399-6751-4fd3-8c01-f3630a23566b-140716979406656", "trial_id": 18, "param_name": "degree", "param_value_internal": 0, "distribution": "{\"name\": \"CategoricalDistribution\", \"attributes\": {\"choices\": [0]}}"}
{"op_code": 8, "worker_id": "0f95d399-6751-4fd3-8c01-f3630a23566b-140716979406656", "trial_id": 18, "user_attr": {"best_epoch": 0}}
{"op_code": 8, "worker_id": "0f95d399-6751-4fd3-8c01-f3630a23566b-140716979406656", "trial_id": 18, "user_attr": {"test_loss": 0.4457697773677257}}
{"op_code": 6, "worker_id": "0f95d399-6751-4fd3-8c01-f3630a23566b-140716979406656", "trial_id": 18, "state": 1, "values": [0.4456098106875518], "datetime_complete": "2024-08-20T18:15:18.532240"}
{"op_code": 4, "worker_id": "0f95d399-6751-4fd3-8c01-f3630a23566b-140716979406656", "study_id": 0, "datetime_start": "2024-08-20T18:15:18.541796"}
{"op_code": 5, "worker_id": "0f95d399-6751-4fd3-8c01-f3630a23566b-140716979406656", "trial_id": 19, "param_name": "lr", "param_value_internal": 0.0004931414296689415, "distribution": "{\"name\": \"FloatDistribution\", \"attributes\": {\"step\": null, \"low\": 1e-05, \"high\": 0.001, \"log\": true}}"}
{"op_code": 5, "worker_id": "0f95d399-6751-4fd3-8c01-f3630a23566b-140716979406656", "trial_id": 19, "param_name": "l2reg", "param_value_internal": 1.695439134883415e-05, "distribution": "{\"name\": \"FloatDistribution\", \"attributes\": {\"step\": null, \"low\": 1e-08, \"high\": 0.001, \"log\": true}}"}
{"op_code": 5, "worker_id": "0f95d399-6751-4fd3-8c01-f3630a23566b-140716979406656", "trial_id": 19, "param_name": "random_seed", "param_value_internal": 0, "distribution": "{\"name\": \"CategoricalDistribution\", \"attributes\": {\"choices\": [42]}}"}
{"op_code": 5, "worker_id": "0f95d399-6751-4fd3-8c01-f3630a23566b-140716979406656", "trial_id": 19, "param_name": "degree", "param_value_internal": 0, "distribution": "{\"name\": \"CategoricalDistribution\", \"attributes\": {\"choices\": [0]}}"}
{"op_code": 8, "worker_id": "0f95d399-6751-4fd3-8c01-f3630a23566b-140716979406656", "trial_id": 19, "user_attr": {"best_epoch": 0}}
{"op_code": 8, "worker_id": "0f95d399-6751-4fd3-8c01-f3630a23566b-140716979406656", "trial_id": 19, "user_attr": {"test_loss": 0.4455037832536272}}
{"op_code": 6, "worker_id": "0f95d399-6751-4fd3-8c01-f3630a23566b-140716979406656", "trial_id": 19, "state": 1, "values": [0.44537232117133957], "datetime_complete": "2024-08-20T18:30:37.708722"}
{"op_code": 4, "worker_id": "0f95d399-6751-4fd3-8c01-f3630a23566b-140716979406656", "study_id": 0, "datetime_start": "2024-08-20T18:30:37.718522"}
{"op_code": 5, "worker_id": "0f95d399-6751-4fd3-8c01-f3630a23566b-140716979406656", "trial_id": 20, "param_name": "lr", "param_value_internal": 4.3579555677842685e-05, "distribution": "{\"name\": \"FloatDistribution\", \"attributes\": {\"step\": null, \"low\": 1e-05, \"high\": 0.001, \"log\": true}}"}
{"op_code": 5, "worker_id": "0f95d399-6751-4fd3-8c01-f3630a23566b-140716979406656", "trial_id": 20, "param_name": "l2reg", "param_value_internal": 0.0002494279464885976, "distribution": "{\"name\": \"FloatDistribution\", \"attributes\": {\"step\": null, \"low\": 1e-08, \"high\": 0.001, \"log\": true}}"}
{"op_code": 5, "worker_id": "0f95d399-6751-4fd3-8c01-f3630a23566b-140716979406656", "trial_id": 20, "param_name": "random_seed", "param_value_internal": 0, "distribution": "{\"name\": \"CategoricalDistribution\", \"attributes\": {\"choices\": [42]}}"}
{"op_code": 5, "worker_id": "0f95d399-6751-4fd3-8c01-f3630a23566b-140716979406656", "trial_id": 20, "param_name": "degree", "param_value_internal": 0, "distribution": "{\"name\": \"CategoricalDistribution\", \"attributes\": {\"choices\": [0]}}"}
{"op_code": 8, "worker_id": "0f95d399-6751-4fd3-8c01-f3630a23566b-140716979406656", "trial_id": 20, "user_attr": {"best_epoch": 4}}
{"op_code": 8, "worker_id": "0f95d399-6751-4fd3-8c01-f3630a23566b-140716979406656", "trial_id": 20, "user_attr": {"test_loss": 0.4462377757598357}}
{"op_code": 6, "worker_id": "0f95d399-6751-4fd3-8c01-f3630a23566b-140716979406656", "trial_id": 20, "state": 1, "values": [0.4461084586843139], "datetime_complete": "2024-08-20T18:59:31.021916"}
{"op_code": 4, "worker_id": "0f95d399-6751-4fd3-8c01-f3630a23566b-140716979406656", "study_id": 0, "datetime_start": "2024-08-20T18:59:31.063467"}
{"op_code": 5, "worker_id": "0f95d399-6751-4fd3-8c01-f3630a23566b-140716979406656", "trial_id": 21, "param_name": "lr", "param_value_internal": 0.00015417809361612488, "distribution": "{\"name\": \"FloatDistribution\", \"attributes\": {\"step\": null, \"low\": 1e-05, \"high\": 0.001, \"log\": true}}"}
{"op_code": 5, "worker_id": "0f95d399-6751-4fd3-8c01-f3630a23566b-140716979406656", "trial_id": 21, "param_name": "l2reg", "param_value_internal": 3.923746312241624e-05, "distribution": "{\"name\": \"FloatDistribution\", \"attributes\": {\"step\": null, \"low\": 1e-08, \"high\": 0.001, \"log\": true}}"}
{"op_code": 5, "worker_id": "0f95d399-6751-4fd3-8c01-f3630a23566b-140716979406656", "trial_id": 21, "param_name": "random_seed", "param_value_internal": 0, "distribution": "{\"name\": \"CategoricalDistribution\", \"attributes\": {\"choices\": [42]}}"}
{"op_code": 5, "worker_id": "0f95d399-6751-4fd3-8c01-f3630a23566b-140716979406656", "trial_id": 21, "param_name": "degree", "param_value_internal": 0, "distribution": "{\"name\": \"CategoricalDistribution\", \"attributes\": {\"choices\": [0]}}"}
{"op_code": 8, "worker_id": "0f95d399-6751-4fd3-8c01-f3630a23566b-140716979406656", "trial_id": 21, "user_attr": {"best_epoch": 1}}
{"op_code": 8, "worker_id": "0f95d399-6751-4fd3-8c01-f3630a23566b-140716979406656", "trial_id": 21, "user_attr": {"test_loss": 0.4451985590070639}}
{"op_code": 6, "worker_id": "0f95d399-6751-4fd3-8c01-f3630a23566b-140716979406656", "trial_id": 21, "state": 1, "values": [0.4450299392402052], "datetime_complete": "2024-08-20T19:18:20.023371"}
{"op_code": 4, "worker_id": "0f95d399-6751-4fd3-8c01-f3630a23566b-140716979406656", "study_id": 0, "datetime_start": "2024-08-20T19:18:20.037784"}
{"op_code": 5, "worker_id": "0f95d399-6751-4fd3-8c01-f3630a23566b-140716979406656", "trial_id": 22, "param_name": "lr", "param_value_internal": 9.345649089114622e-05, "distribution": "{\"name\": \"FloatDistribution\", \"attributes\": {\"step\": null, \"low\": 1e-05, \"high\": 0.001, \"log\": true}}"}
{"op_code": 5, "worker_id": "0f95d399-6751-4fd3-8c01-f3630a23566b-140716979406656", "trial_id": 22, "param_name": "l2reg", "param_value_internal": 5.836089858642801e-05, "distribution": "{\"name\": \"FloatDistribution\", \"attributes\": {\"step\": null, \"low\": 1e-08, \"high\": 0.001, \"log\": true}}"}
{"op_code": 5, "worker_id": "0f95d399-6751-4fd3-8c01-f3630a23566b-140716979406656", "trial_id": 22, "param_name": "random_seed", "param_value_internal": 0, "distribution": "{\"name\": \"CategoricalDistribution\", \"attributes\": {\"choices\": [42]}}"}
{"op_code": 5, "worker_id": "0f95d399-6751-4fd3-8c01-f3630a23566b-140716979406656", "trial_id": 22, "param_name": "degree", "param_value_internal": 0, "distribution": "{\"name\": \"CategoricalDistribution\", \"attributes\": {\"choices\": [0]}}"}
{"op_code": 8, "worker_id": "0f95d399-6751-4fd3-8c01-f3630a23566b-140716979406656", "trial_id": 22, "user_attr": {"best_epoch": 2}}
{"op_code": 8, "worker_id": "0f95d399-6751-4fd3-8c01-f3630a23566b-140716979406656", "trial_id": 22, "user_attr": {"test_loss": 0.44566859343941295}}
{"op_code": 6, "worker_id": "0f95d399-6751-4fd3-8c01-f3630a23566b-140716979406656", "trial_id": 22, "state": 1, "values": [0.4455423668644389], "datetime_complete": "2024-08-20T19:40:49.027993"}
{"op_code": 4, "worker_id": "0f95d399-6751-4fd3-8c01-f3630a23566b-140716979406656", "study_id": 0, "datetime_start": "2024-08-20T19:40:49.042349"}
{"op_code": 5, "worker_id": "0f95d399-6751-4fd3-8c01-f3630a23566b-140716979406656", "trial_id": 23, "param_name": "lr", "param_value_internal": 0.00017559913981942318, "distribution": "{\"name\": \"FloatDistribution\", \"attributes\": {\"step\": null, \"low\": 1e-05, \"high\": 0.001, \"log\": true}}"}
{"op_code": 5, "worker_id": "0f95d399-6751-4fd3-8c01-f3630a23566b-140716979406656", "trial_id": 23, "param_name": "l2reg", "param_value_internal": 3.5697338776264713e-06, "distribution": "{\"name\": \"FloatDistribution\", \"attributes\": {\"step\": null, \"low\": 1e-08, \"high\": 0.001, \"log\": true}}"}
{"op_code": 5, "worker_id": "0f95d399-6751-4fd3-8c01-f3630a23566b-140716979406656", "trial_id": 23, "param_name": "random_seed", "param_value_internal": 0, "distribution": "{\"name\": \"CategoricalDistribution\", \"attributes\": {\"choices\": [42]}}"}
{"op_code": 5, "worker_id": "0f95d399-6751-4fd3-8c01-f3630a23566b-140716979406656", "trial_id": 23, "param_name": "degree", "param_value_internal": 0, "distribution": "{\"name\": \"CategoricalDistribution\", \"attributes\": {\"choices\": [0]}}"}
{"op_code": 8, "worker_id": "0f95d399-6751-4fd3-8c01-f3630a23566b-140716979406656", "trial_id": 23, "user_attr": {"best_epoch": 1}}
{"op_code": 8, "worker_id": "0f95d399-6751-4fd3-8c01-f3630a23566b-140716979406656", "trial_id": 23, "user_attr": {"test_loss": 0.4452884719983386}}
{"op_code": 6, "worker_id": "0f95d399-6751-4fd3-8c01-f3630a23566b-140716979406656", "trial_id": 23, "state": 1, "values": [0.4451249059604051], "datetime_complete": "2024-08-20T19:59:36.854083"}
{"op_code": 4, "worker_id": "0f95d399-6751-4fd3-8c01-f3630a23566b-140716979406656", "study_id": 0, "datetime_start": "2024-08-20T19:59:36.890143"}
{"op_code": 5, "worker_id": "0f95d399-6751-4fd3-8c01-f3630a23566b-140716979406656", "trial_id": 24, "param_name": "lr", "param_value_internal": 0.00013493154309189814, "distribution": "{\"name\": \"FloatDistribution\", \"attributes\": {\"step\": null, \"low\": 1e-05, \"high\": 0.001, \"log\": true}}"}
{"op_code": 5, "worker_id": "0f95d399-6751-4fd3-8c01-f3630a23566b-140716979406656", "trial_id": 24, "param_name": "l2reg", "param_value_internal": 2.0150165915947382e-05, "distribution": "{\"name\": \"FloatDistribution\", \"attributes\": {\"step\": null, \"low\": 1e-08, \"high\": 0.001, \"log\": true}}"}
{"op_code": 5, "worker_id": "0f95d399-6751-4fd3-8c01-f3630a23566b-140716979406656", "trial_id": 24, "param_name": "random_seed", "param_value_internal": 0, "distribution": "{\"name\": \"CategoricalDistribution\", \"attributes\": {\"choices\": [42]}}"}
{"op_code": 5, "worker_id": "0f95d399-6751-4fd3-8c01-f3630a23566b-140716979406656", "trial_id": 24, "param_name": "degree", "param_value_internal": 0, "distribution": "{\"name\": \"CategoricalDistribution\", \"attributes\": {\"choices\": [0]}}"}
{"op_code": 8, "worker_id": "0f95d399-6751-4fd3-8c01-f3630a23566b-140716979406656", "trial_id": 24, "user_attr": {"best_epoch": 1}}
{"op_code": 8, "worker_id": "0f95d399-6751-4fd3-8c01-f3630a23566b-140716979406656", "trial_id": 24, "user_attr": {"test_loss": 0.4452416430728385}}
{"op_code": 6, "worker_id": "0f95d399-6751-4fd3-8c01-f3630a23566b-140716979406656", "trial_id": 24, "state": 1, "values": [0.44507131448047604], "datetime_complete": "2024-08-20T20:19:00.796281"}
{"op_code": 4, "worker_id": "0f95d399-6751-4fd3-8c01-f3630a23566b-140716979406656", "study_id": 0, "datetime_start": "2024-08-20T20:19:00.808934"}
{"op_code": 5, "worker_id": "0f95d399-6751-4fd3-8c01-f3630a23566b-140716979406656", "trial_id": 25, "param_name": "lr", "param_value_internal": 0.00022203583274197042, "distribution": "{\"name\": \"FloatDistribution\", \"attributes\": {\"step\": null, \"low\": 1e-05, \"high\": 0.001, \"log\": true}}"}
{"op_code": 5, "worker_id": "0f95d399-6751-4fd3-8c01-f3630a23566b-140716979406656", "trial_id": 25, "param_name": "l2reg", "param_value_internal": 0.00018988221751931422, "distribution": "{\"name\": \"FloatDistribution\", \"attributes\": {\"step\": null, \"low\": 1e-08, \"high\": 0.001, \"log\": true}}"}
{"op_code": 5, "worker_id": "0f95d399-6751-4fd3-8c01-f3630a23566b-140716979406656", "trial_id": 25, "param_name": "random_seed", "param_value_internal": 0, "distribution": "{\"name\": \"CategoricalDistribution\", \"attributes\": {\"choices\": [42]}}"}
{"op_code": 5, "worker_id": "0f95d399-6751-4fd3-8c01-f3630a23566b-140716979406656", "trial_id": 25, "param_name": "degree", "param_value_internal": 0, "distribution": "{\"name\": \"CategoricalDistribution\", \"attributes\": {\"choices\": [0]}}"}
{"op_code": 8, "worker_id": "0f95d399-6751-4fd3-8c01-f3630a23566b-140716979406656", "trial_id": 25, "user_attr": {"best_epoch": 1}}
{"op_code": 8, "worker_id": "0f95d399-6751-4fd3-8c01-f3630a23566b-140716979406656", "trial_id": 25, "user_attr": {"test_loss": 0.4457066237624511}}
{"op_code": 6, "worker_id": "0f95d399-6751-4fd3-8c01-f3630a23566b-140716979406656", "trial_id": 25, "state": 1, "values": [0.4455475296800087], "datetime_complete": "2024-08-20T20:38:05.617107"}
{"op_code": 4, "worker_id": "0f95d399-6751-4fd3-8c01-f3630a23566b-140716979406656", "study_id": 0, "datetime_start": "2024-08-20T20:38:05.626536"}
{"op_code": 5, "worker_id": "0f95d399-6751-4fd3-8c01-f3630a23566b-140716979406656", "trial_id": 26, "param_name": "lr", "param_value_internal": 0.0003923307133541219, "distribution": "{\"name\": \"FloatDistribution\", \"attributes\": {\"step\": null, \"low\": 1e-05, \"high\": 0.001, \"log\": true}}"}
{"op_code": 5, "worker_id": "0f95d399-6751-4fd3-8c01-f3630a23566b-140716979406656", "trial_id": 26, "param_name": "l2reg", "param_value_internal": 1.0202131259001712e-06, "distribution": "{\"name\": \"FloatDistribution\", \"attributes\": {\"step\": null, \"low\": 1e-08, \"high\": 0.001, \"log\": true}}"}
{"op_code": 5, "worker_id": "0f95d399-6751-4fd3-8c01-f3630a23566b-140716979406656", "trial_id": 26, "param_name": "random_seed", "param_value_internal": 0, "distribution": "{\"name\": \"CategoricalDistribution\", \"attributes\": {\"choices\": [42]}}"}
{"op_code": 5, "worker_id": "0f95d399-6751-4fd3-8c01-f3630a23566b-140716979406656", "trial_id": 26, "param_name": "degree", "param_value_internal": 0, "distribution": "{\"name\": \"CategoricalDistribution\", \"attributes\": {\"choices\": [0]}}"}
{"op_code": 8, "worker_id": "0f95d399-6751-4fd3-8c01-f3630a23566b-140716979406656", "trial_id": 26, "user_attr": {"best_epoch": 0}}
{"op_code": 8, "worker_id": "0f95d399-6751-4fd3-8c01-f3630a23566b-140716979406656", "trial_id": 26, "user_attr": {"test_loss": 0.44555010316906757}}
{"op_code": 6, "worker_id": "0f95d399-6751-4fd3-8c01-f3630a23566b-140716979406656", "trial_id": 26, "state": 1, "values": [0.4454091516795948], "datetime_complete": "2024-08-20T20:54:27.528763"}
{"op_code": 4, "worker_id": "0f95d399-6751-4fd3-8c01-f3630a23566b-140716979406656", "study_id": 0, "datetime_start": "2024-08-20T20:54:27.537715"}
{"op_code": 5, "worker_id": "0f95d399-6751-4fd3-8c01-f3630a23566b-140716979406656", "trial_id": 27, "param_name": "lr", "param_value_internal": 7.225176547350268e-05, "distribution": "{\"name\": \"FloatDistribution\", \"attributes\": {\"step\": null, \"low\": 1e-05, \"high\": 0.001, \"log\": true}}"}
{"op_code": 5, "worker_id": "0f95d399-6751-4fd3-8c01-f3630a23566b-140716979406656", "trial_id": 27, "param_name": "l2reg", "param_value_internal": 6.770545041481762e-06, "distribution": "{\"name\": \"FloatDistribution\", \"attributes\": {\"step\": null, \"low\": 1e-08, \"high\": 0.001, \"log\": true}}"}
{"op_code": 5, "worker_id": "0f95d399-6751-4fd3-8c01-f3630a23566b-140716979406656", "trial_id": 27, "param_name": "random_seed", "param_value_internal": 0, "distribution": "{\"name\": \"CategoricalDistribution\", \"attributes\": {\"choices\": [42]}}"}
{"op_code": 5, "worker_id": "0f95d399-6751-4fd3-8c01-f3630a23566b-140716979406656", "trial_id": 27, "param_name": "degree", "param_value_internal": 0, "distribution": "{\"name\": \"CategoricalDistribution\", \"attributes\": {\"choices\": [0]}}"}
{"op_code": 8, "worker_id": "0f95d399-6751-4fd3-8c01-f3630a23566b-140716979406656", "trial_id": 27, "user_attr": {"best_epoch": 2}}
{"op_code": 8, "worker_id": "0f95d399-6751-4fd3-8c01-f3630a23566b-140716979406656", "trial_id": 27, "user_attr": {"test_loss": 0.4458598357904461}}
{"op_code": 6, "worker_id": "0f95d399-6751-4fd3-8c01-f3630a23566b-140716979406656", "trial_id": 27, "state": 1, "values": [0.4457412443374457], "datetime_complete": "2024-08-20T21:16:50.540829"}
{"op_code": 4, "worker_id": "0f95d399-6751-4fd3-8c01-f3630a23566b-140716979406656", "study_id": 0, "datetime_start": "2024-08-20T21:16:50.549947"}
{"op_code": 5, "worker_id": "0f95d399-6751-4fd3-8c01-f3630a23566b-140716979406656", "trial_id": 28, "param_name": "lr", "param_value_internal": 0.00011230288134827879, "distribution": "{\"name\": \"FloatDistribution\", \"attributes\": {\"step\": null, \"low\": 1e-05, \"high\": 0.001, \"log\": true}}"}
{"op_code": 5, "worker_id": "0f95d399-6751-4fd3-8c01-f3630a23566b-140716979406656", "trial_id": 28, "param_name": "l2reg", "param_value_internal": 8.362676617873525e-05, "distribution": "{\"name\": \"FloatDistribution\", \"attributes\": {\"step\": null, \"low\": 1e-08, \"high\": 0.001, \"log\": true}}"}
{"op_code": 5, "worker_id": "0f95d399-6751-4fd3-8c01-f3630a23566b-140716979406656", "trial_id": 28, "param_name": "random_seed", "param_value_internal": 0, "distribution": "{\"name\": \"CategoricalDistribution\", \"attributes\": {\"choices\": [42]}}"}
{"op_code": 5, "worker_id": "0f95d399-6751-4fd3-8c01-f3630a23566b-140716979406656", "trial_id": 28, "param_name": "degree", "param_value_internal": 0, "distribution": "{\"name\": \"CategoricalDistribution\", \"attributes\": {\"choices\": [0]}}"}
{"op_code": 8, "worker_id": "0f95d399-6751-4fd3-8c01-f3630a23566b-140716979406656", "trial_id": 28, "user_attr": {"best_epoch": 1}}
{"op_code": 8, "worker_id": "0f95d399-6751-4fd3-8c01-f3630a23566b-140716979406656", "trial_id": 28, "user_attr": {"test_loss": 0.44554210443955666}}
{"op_code": 6, "worker_id": "0f95d399-6751-4fd3-8c01-f3630a23566b-140716979406656", "trial_id": 28, "state": 1, "values": [0.445373302833455], "datetime_complete": "2024-08-20T21:35:34.819286"}
{"op_code": 4, "worker_id": "0f95d399-6751-4fd3-8c01-f3630a23566b-140716979406656", "study_id": 0, "datetime_start": "2024-08-20T21:35:34.829818"}
{"op_code": 5, "worker_id": "0f95d399-6751-4fd3-8c01-f3630a23566b-140716979406656", "trial_id": 29, "param_name": "lr", "param_value_internal": 6.229282838561071e-05, "distribution": "{\"name\": \"FloatDistribution\", \"attributes\": {\"step\": null, \"low\": 1e-05, \"high\": 0.001, \"log\": true}}"}
{"op_code": 5, "worker_id": "0f95d399-6751-4fd3-8c01-f3630a23566b-140716979406656", "trial_id": 29, "param_name": "l2reg", "param_value_internal": 0.0009540429782146586, "distribution": "{\"name\": \"FloatDistribution\", \"attributes\": {\"step\": null, \"low\": 1e-08, \"high\": 0.001, \"log\": true}}"}
{"op_code": 5, "worker_id": "0f95d399-6751-4fd3-8c01-f3630a23566b-140716979406656", "trial_id": 29, "param_name": "random_seed", "param_value_internal": 0, "distribution": "{\"name\": \"CategoricalDistribution\", \"attributes\": {\"choices\": [42]}}"}
{"op_code": 5, "worker_id": "0f95d399-6751-4fd3-8c01-f3630a23566b-140716979406656", "trial_id": 29, "param_name": "degree", "param_value_internal": 0, "distribution": "{\"name\": \"CategoricalDistribution\", \"attributes\": {\"choices\": [0]}}"}
{"op_code": 8, "worker_id": "0f95d399-6751-4fd3-8c01-f3630a23566b-140716979406656", "trial_id": 29, "user_attr": {"best_epoch": 3}}
{"op_code": 8, "worker_id": "0f95d399-6751-4fd3-8c01-f3630a23566b-140716979406656", "trial_id": 29, "user_attr": {"test_loss": 0.4457968276166171}}
{"op_code": 6, "worker_id": "0f95d399-6751-4fd3-8c01-f3630a23566b-140716979406656", "trial_id": 29, "state": 1, "values": [0.44565929372973867], "datetime_complete": "2024-08-20T22:02:07.452691"}
{"op_code": 4, "worker_id": "0f95d399-6751-4fd3-8c01-f3630a23566b-140716979406656", "study_id": 0, "datetime_start": "2024-08-20T22:02:07.464890"}
{"op_code": 5, "worker_id": "0f95d399-6751-4fd3-8c01-f3630a23566b-140716979406656", "trial_id": 30, "param_name": "lr", "param_value_internal": 4.435624831498986e-05, "distribution": "{\"name\": \"FloatDistribution\", \"attributes\": {\"step\": null, \"low\": 1e-05, \"high\": 0.001, \"log\": true}}"}
{"op_code": 5, "worker_id": "0f95d399-6751-4fd3-8c01-f3630a23566b-140716979406656", "trial_id": 30, "param_name": "l2reg", "param_value_internal": 0.00039465176867896844, "distribution": "{\"name\": \"FloatDistribution\", \"attributes\": {\"step\": null, \"low\": 1e-08, \"high\": 0.001, \"log\": true}}"}
{"op_code": 5, "worker_id": "0f95d399-6751-4fd3-8c01-f3630a23566b-140716979406656", "trial_id": 30, "param_name": "random_seed", "param_value_internal": 0, "distribution": "{\"name\": \"CategoricalDistribution\", \"attributes\": {\"choices\": [42]}}"}
{"op_code": 5, "worker_id": "0f95d399-6751-4fd3-8c01-f3630a23566b-140716979406656", "trial_id": 30, "param_name": "degree", "param_value_internal": 0, "distribution": "{\"name\": \"CategoricalDistribution\", \"attributes\": {\"choices\": [0]}}"}
{"op_code": 8, "worker_id": "0f95d399-6751-4fd3-8c01-f3630a23566b-140716979406656", "trial_id": 30, "user_attr": {"best_epoch": 4}}
{"op_code": 8, "worker_id": "0f95d399-6751-4fd3-8c01-f3630a23566b-140716979406656", "trial_id": 30, "user_attr": {"test_loss": 0.4462099619958546}}
{"op_code": 6, "worker_id": "0f95d399-6751-4fd3-8c01-f3630a23566b-140716979406656", "trial_id": 30, "state": 1, "values": [0.44608039041938496], "datetime_complete": "2024-08-20T22:32:04.797035"}
{"op_code": 4, "worker_id": "0f95d399-6751-4fd3-8c01-f3630a23566b-140716979406656", "study_id": 0, "datetime_start": "2024-08-20T22:32:04.806201"}
{"op_code": 5, "worker_id": "0f95d399-6751-4fd3-8c01-f3630a23566b-140716979406656", "trial_id": 31, "param_name": "lr", "param_value_internal": 0.00015761829196766328, "distribution": "{\"name\": \"FloatDistribution\", \"attributes\": {\"step\": null, \"low\": 1e-05, \"high\": 0.001, \"log\": true}}"}
{"op_code": 5, "worker_id": "0f95d399-6751-4fd3-8c01-f3630a23566b-140716979406656", "trial_id": 31, "param_name": "l2reg", "param_value_internal": 3.9882198165608416e-05, "distribution": "{\"name\": \"FloatDistribution\", \"attributes\": {\"step\": null, \"low\": 1e-08, \"high\": 0.001, \"log\": true}}"}
{"op_code": 5, "worker_id": "0f95d399-6751-4fd3-8c01-f3630a23566b-140716979406656", "trial_id": 31, "param_name": "random_seed", "param_value_internal": 0, "distribution": "{\"name\": \"CategoricalDistribution\", \"attributes\": {\"choices\": [42]}}"}
{"op_code": 5, "worker_id": "0f95d399-6751-4fd3-8c01-f3630a23566b-140716979406656", "trial_id": 31, "param_name": "degree", "param_value_internal": 0, "distribution": "{\"name\": \"CategoricalDistribution\", \"attributes\": {\"choices\": [0]}}"}
{"op_code": 8, "worker_id": "0f95d399-6751-4fd3-8c01-f3630a23566b-140716979406656", "trial_id": 31, "user_attr": {"best_epoch": 1}}
{"op_code": 8, "worker_id": "0f95d399-6751-4fd3-8c01-f3630a23566b-140716979406656", "trial_id": 31, "user_attr": {"test_loss": 0.44520433990702857}}
{"op_code": 6, "worker_id": "0f95d399-6751-4fd3-8c01-f3630a23566b-140716979406656", "trial_id": 31, "state": 1, "values": [0.44503746531642313], "datetime_complete": "2024-08-20T22:51:17.845466"}
{"op_code": 4, "worker_id": "0f95d399-6751-4fd3-8c01-f3630a23566b-140716979406656", "study_id": 0, "datetime_start": "2024-08-20T22:51:17.859284"}
{"op_code": 5, "worker_id": "0f95d399-6751-4fd3-8c01-f3630a23566b-140716979406656", "trial_id": 32, "param_name": "lr", "param_value_internal": 0.0003416482031254812, "distribution": "{\"name\": \"FloatDistribution\", \"attributes\": {\"step\": null, \"low\": 1e-05, \"high\": 0.001, \"log\": true}}"}
{"op_code": 5, "worker_id": "0f95d399-6751-4fd3-8c01-f3630a23566b-140716979406656", "trial_id": 32, "param_name": "l2reg", "param_value_internal": 2.488009151435151e-05, "distribution": "{\"name\": \"FloatDistribution\", \"attributes\": {\"step\": null, \"low\": 1e-08, \"high\": 0.001, \"log\": true}}"}
{"op_code": 5, "worker_id": "0f95d399-6751-4fd3-8c01-f3630a23566b-140716979406656", "trial_id": 32, "param_name": "random_seed", "param_value_internal": 0, "distribution": "{\"name\": \"CategoricalDistribution\", \"attributes\": {\"choices\": [42]}}"}
{"op_code": 5, "worker_id": "0f95d399-6751-4fd3-8c01-f3630a23566b-140716979406656", "trial_id": 32, "param_name": "degree", "param_value_internal": 0, "distribution": "{\"name\": \"CategoricalDistribution\", \"attributes\": {\"choices\": [0]}}"}
{"op_code": 8, "worker_id": "0f95d399-6751-4fd3-8c01-f3630a23566b-140716979406656", "trial_id": 32, "user_attr": {"best_epoch": 0}}
{"op_code": 8, "worker_id": "0f95d399-6751-4fd3-8c01-f3630a23566b-140716979406656", "trial_id": 32, "user_attr": {"test_loss": 0.44560020430209485}}
{"op_code": 6, "worker_id": "0f95d399-6751-4fd3-8c01-f3630a23566b-140716979406656", "trial_id": 32, "state": 1, "values": [0.44545321740121896], "datetime_complete": "2024-08-20T23:06:49.331580"}
{"op_code": 4, "worker_id": "0f95d399-6751-4fd3-8c01-f3630a23566b-140716979406656", "study_id": 0, "datetime_start": "2024-08-20T23:06:49.340584"}
{"op_code": 5, "worker_id": "0f95d399-6751-4fd3-8c01-f3630a23566b-140716979406656", "trial_id": 33, "param_name": "lr", "param_value_internal": 0.00021745218198956202, "distribution": "{\"name\": \"FloatDistribution\", \"attributes\": {\"step\": null, \"low\": 1e-05, \"high\": 0.001, \"log\": true}}"}
{"op_code": 5, "worker_id": "0f95d399-6751-4fd3-8c01-f3630a23566b-140716979406656", "trial_id": 33, "param_name": "l2reg", "param_value_internal": 1.0384468537604916e-05, "distribution": "{\"name\": \"FloatDistribution\", \"attributes\": {\"step\": null, \"low\": 1e-08, \"high\": 0.001, \"log\": true}}"}
{"op_code": 5, "worker_id": "0f95d399-6751-4fd3-8c01-f3630a23566b-140716979406656", "trial_id": 33, "param_name": "random_seed", "param_value_internal": 0, "distribution": "{\"name\": \"CategoricalDistribution\", \"attributes\": {\"choices\": [42]}}"}
{"op_code": 5, "worker_id": "0f95d399-6751-4fd3-8c01-f3630a23566b-140716979406656", "trial_id": 33, "param_name": "degree", "param_value_internal": 0, "distribution": "{\"name\": \"CategoricalDistribution\", \"attributes\": {\"choices\": [0]}}"}
{"op_code": 8, "worker_id": "0f95d399-6751-4fd3-8c01-f3630a23566b-140716979406656", "trial_id": 33, "user_attr": {"best_epoch": 1}}
{"op_code": 8, "worker_id": "0f95d399-6751-4fd3-8c01-f3630a23566b-140716979406656", "trial_id": 33, "user_attr": {"test_loss": 0.44568037338651084}}
{"op_code": 6, "worker_id": "0f95d399-6751-4fd3-8c01-f3630a23566b-140716979406656", "trial_id": 33, "state": 1, "values": [0.44552073394004416], "datetime_complete": "2024-08-20T23:25:40.038705"}
{"op_code": 4, "worker_id": "0f95d399-6751-4fd3-8c01-f3630a23566b-140716979406656", "study_id": 0, "datetime_start": "2024-08-20T23:25:40.048227"}
{"op_code": 5, "worker_id": "0f95d399-6751-4fd3-8c01-f3630a23566b-140716979406656", "trial_id": 34, "param_name": "lr", "param_value_internal": 0.00014080453711684497, "distribution": "{\"name\": \"FloatDistribution\", \"attributes\": {\"step\": null, \"low\": 1e-05, \"high\": 0.001, \"log\": true}}"}
{"op_code": 5, "worker_id": "0f95d399-6751-4fd3-8c01-f3630a23566b-140716979406656", "trial_id": 34, "param_name": "l2reg", "param_value_internal": 5.105111825879921e-05, "distribution": "{\"name\": \"FloatDistribution\", \"attributes\": {\"step\": null, \"low\": 1e-08, \"high\": 0.001, \"log\": true}}"}
{"op_code": 5, "worker_id": "0f95d399-6751-4fd3-8c01-f3630a23566b-140716979406656", "trial_id": 34, "param_name": "random_seed", "param_value_internal": 0, "distribution": "{\"name\": \"CategoricalDistribution\", \"attributes\": {\"choices\": [42]}}"}
{"op_code": 5, "worker_id": "0f95d399-6751-4fd3-8c01-f3630a23566b-140716979406656", "trial_id": 34, "param_name": "degree", "param_value_internal": 0, "distribution": "{\"name\": \"CategoricalDistribution\", \"attributes\": {\"choices\": [0]}}"}
{"op_code": 8, "worker_id": "0f95d399-6751-4fd3-8c01-f3630a23566b-140716979406656", "trial_id": 34, "user_attr": {"best_epoch": 1}}
{"op_code": 8, "worker_id": "0f95d399-6751-4fd3-8c01-f3630a23566b-140716979406656", "trial_id": 34, "user_attr": {"test_loss": 0.44521204777364815}}
{"op_code": 6, "worker_id": "0f95d399-6751-4fd3-8c01-f3630a23566b-140716979406656", "trial_id": 34, "state": 1, "values": [0.445042337269144], "datetime_complete": "2024-08-20T23:44:28.130842"}
{"op_code": 4, "worker_id": "0f95d399-6751-4fd3-8c01-f3630a23566b-140716979406656", "study_id": 0, "datetime_start": "2024-08-20T23:44:28.170787"}
{"op_code": 5, "worker_id": "0f95d399-6751-4fd3-8c01-f3630a23566b-140716979406656", "trial_id": 35, "param_name": "lr", "param_value_internal": 9.486145868106547e-05, "distribution": "{\"name\": \"FloatDistribution\", \"attributes\": {\"step\": null, \"low\": 1e-05, \"high\": 0.001, \"log\": true}}"}
{"op_code": 5, "worker_id": "0f95d399-6751-4fd3-8c01-f3630a23566b-140716979406656", "trial_id": 35, "param_name": "l2reg", "param_value_internal": 0.00011531757620151002, "distribution": "{\"name\": \"FloatDistribution\", \"attributes\": {\"step\": null, \"low\": 1e-08, \"high\": 0.001, \"log\": true}}"}
{"op_code": 5, "worker_id": "0f95d399-6751-4fd3-8c01-f3630a23566b-140716979406656", "trial_id": 35, "param_name": "random_seed", "param_value_internal": 0, "distribution": "{\"name\": \"CategoricalDistribution\", \"attributes\": {\"choices\": [42]}}"}
{"op_code": 5, "worker_id": "0f95d399-6751-4fd3-8c01-f3630a23566b-140716979406656", "trial_id": 35, "param_name": "degree", "param_value_internal": 0, "distribution": "{\"name\": \"CategoricalDistribution\", \"attributes\": {\"choices\": [0]}}"}
{"op_code": 8, "worker_id": "0f95d399-6751-4fd3-8c01-f3630a23566b-140716979406656", "trial_id": 35, "user_attr": {"best_epoch": 2}}
{"op_code": 8, "worker_id": "0f95d399-6751-4fd3-8c01-f3630a23566b-140716979406656", "trial_id": 35, "user_attr": {"test_loss": 0.445679864376451}}
{"op_code": 6, "worker_id": "0f95d399-6751-4fd3-8c01-f3630a23566b-140716979406656", "trial_id": 35, "state": 1, "values": [0.4455547648933777], "datetime_complete": "2024-08-21T00:07:03.288101"}
{"op_code": 4, "worker_id": "0f95d399-6751-4fd3-8c01-f3630a23566b-140716979406656", "study_id": 0, "datetime_start": "2024-08-21T00:07:03.301267"}
{"op_code": 5, "worker_id": "0f95d399-6751-4fd3-8c01-f3630a23566b-140716979406656", "trial_id": 36, "param_name": "lr", "param_value_internal": 0.0002193260843592441, "distribution": "{\"name\": \"FloatDistribution\", \"attributes\": {\"step\": null, \"low\": 1e-05, \"high\": 0.001, \"log\": true}}"}
{"op_code": 5, "worker_id": "0f95d399-6751-4fd3-8c01-f3630a23566b-140716979406656", "trial_id": 36, "param_name": "l2reg", "param_value_internal": 0.0003794900519694475, "distribution": "{\"name\": \"FloatDistribution\", \"attributes\": {\"step\": null, \"low\": 1e-08, \"high\": 0.001, \"log\": true}}"}
{"op_code": 5, "worker_id": "0f95d399-6751-4fd3-8c01-f3630a23566b-140716979406656", "trial_id": 36, "param_name": "random_seed", "param_value_internal": 0, "distribution": "{\"name\": \"CategoricalDistribution\", \"attributes\": {\"choices\": [42]}}"}
{"op_code": 5, "worker_id": "0f95d399-6751-4fd3-8c01-f3630a23566b-140716979406656", "trial_id": 36, "param_name": "degree", "param_value_internal": 0, "distribution": "{\"name\": \"CategoricalDistribution\", \"attributes\": {\"choices\": [0]}}"}
{"op_code": 8, "worker_id": "0f95d399-6751-4fd3-8c01-f3630a23566b-140716979406656", "trial_id": 36, "user_attr": {"best_epoch": 1}}
{"op_code": 8, "worker_id": "0f95d399-6751-4fd3-8c01-f3630a23566b-140716979406656", "trial_id": 36, "user_attr": {"test_loss": 0.44567717389470646}}
{"op_code": 6, "worker_id": "0f95d399-6751-4fd3-8c01-f3630a23566b-140716979406656", "trial_id": 36, "state": 1, "values": [0.4455176798801296], "datetime_complete": "2024-08-21T00:26:04.355038"}
{"op_code": 4, "worker_id": "0f95d399-6751-4fd3-8c01-f3630a23566b-140716979406656", "study_id": 0, "datetime_start": "2024-08-21T00:26:04.364359"}
{"op_code": 5, "worker_id": "0f95d399-6751-4fd3-8c01-f3630a23566b-140716979406656", "trial_id": 37, "param_name": "lr", "param_value_internal": 0.00015037693986434577, "distribution": "{\"name\": \"FloatDistribution\", \"attributes\": {\"step\": null, \"low\": 1e-05, \"high\": 0.001, \"log\": true}}"}
{"op_code": 5, "worker_id": "0f95d399-6751-4fd3-8c01-f3630a23566b-140716979406656", "trial_id": 37, "param_name": "l2reg", "param_value_internal": 1.6790496184261437e-05, "distribution": "{\"name\": \"FloatDistribution\", \"attributes\": {\"step\": null, \"low\": 1e-08, \"high\": 0.001, \"log\": true}}"}
{"op_code": 5, "worker_id": "0f95d399-6751-4fd3-8c01-f3630a23566b-140716979406656", "trial_id": 37, "param_name": "random_seed", "param_value_internal": 0, "distribution": "{\"name\": \"CategoricalDistribution\", \"attributes\": {\"choices\": [42]}}"}
{"op_code": 5, "worker_id": "0f95d399-6751-4fd3-8c01-f3630a23566b-140716979406656", "trial_id": 37, "param_name": "degree", "param_value_internal": 0, "distribution": "{\"name\": \"CategoricalDistribution\", \"attributes\": {\"choices\": [0]}}"}
{"op_code": 8, "worker_id": "0f95d399-6751-4fd3-8c01-f3630a23566b-140716979406656", "trial_id": 37, "user_attr": {"best_epoch": 1}}
{"op_code": 8, "worker_id": "0f95d399-6751-4fd3-8c01-f3630a23566b-140716979406656", "trial_id": 37, "user_attr": {"test_loss": 0.44519528679953674}}
{"op_code": 6, "worker_id": "0f95d399-6751-4fd3-8c01-f3630a23566b-140716979406656", "trial_id": 37, "state": 1, "values": [0.44502670339100997], "datetime_complete": "2024-08-21T00:44:50.530797"}
{"op_code": 4, "worker_id": "0f95d399-6751-4fd3-8c01-f3630a23566b-140716979406656", "study_id": 0, "datetime_start": "2024-08-21T00:44:50.549643"}
{"op_code": 5, "worker_id": "0f95d399-6751-4fd3-8c01-f3630a23566b-140716979406656", "trial_id": 38, "param_name": "lr", "param_value_internal": 8.617335311319147e-05, "distribution": "{\"name\": \"FloatDistribution\", \"attributes\": {\"step\": null, \"low\": 1e-05, \"high\": 0.001, \"log\": true}}"}
{"op_code": 5, "worker_id": "0f95d399-6751-4fd3-8c01-f3630a23566b-140716979406656", "trial_id": 38, "param_name": "l2reg", "param_value_internal": 1.618203641824386e-05, "distribution": "{\"name\": \"FloatDistribution\", \"attributes\": {\"step\": null, \"low\": 1e-08, \"high\": 0.001, \"log\": true}}"}
{"op_code": 5, "worker_id": "0f95d399-6751-4fd3-8c01-f3630a23566b-140716979406656", "trial_id": 38, "param_name": "random_seed", "param_value_internal": 0, "distribution": "{\"name\": \"CategoricalDistribution\", \"attributes\": {\"choices\": [42]}}"}
{"op_code": 5, "worker_id": "0f95d399-6751-4fd3-8c01-f3630a23566b-140716979406656", "trial_id": 38, "param_name": "degree", "param_value_internal": 0, "distribution": "{\"name\": \"CategoricalDistribution\", \"attributes\": {\"choices\": [0]}}"}
{"op_code": 8, "worker_id": "0f95d399-6751-4fd3-8c01-f3630a23566b-140716979406656", "trial_id": 38, "user_attr": {"best_epoch": 2}}
{"op_code": 8, "worker_id": "0f95d399-6751-4fd3-8c01-f3630a23566b-140716979406656", "trial_id": 38, "user_attr": {"test_loss": 0.4456491783414184}}
{"op_code": 6, "worker_id": "0f95d399-6751-4fd3-8c01-f3630a23566b-140716979406656", "trial_id": 38, "state": 1, "values": [0.4455241879363761], "datetime_complete": "2024-08-21T01:07:19.415741"}
{"op_code": 4, "worker_id": "0f95d399-6751-4fd3-8c01-f3630a23566b-140716979406656", "study_id": 0, "datetime_start": "2024-08-21T01:07:19.425225"}
{"op_code": 5, "worker_id": "0f95d399-6751-4fd3-8c01-f3630a23566b-140716979406656", "trial_id": 39, "param_name": "lr", "param_value_internal": 2.595842695523268e-05, "distribution": "{\"name\": \"FloatDistribution\", \"attributes\": {\"step\": null, \"low\": 1e-05, \"high\": 0.001, \"log\": true}}"}
{"op_code": 5, "worker_id": "0f95d399-6751-4fd3-8c01-f3630a23566b-140716979406656", "trial_id": 39, "param_name": "l2reg", "param_value_internal": 6.657779696519755e-06, "distribution": "{\"name\": \"FloatDistribution\", \"attributes\": {\"step\": null, \"low\": 1e-08, \"high\": 0.001, \"log\": true}}"}
{"op_code": 5, "worker_id": "0f95d399-6751-4fd3-8c01-f3630a23566b-140716979406656", "trial_id": 39, "param_name": "random_seed", "param_value_internal": 0, "distribution": "{\"name\": \"CategoricalDistribution\", \"attributes\": {\"choices\": [42]}}"}
{"op_code": 5, "worker_id": "0f95d399-6751-4fd3-8c01-f3630a23566b-140716979406656", "trial_id": 39, "param_name": "degree", "param_value_internal": 0, "distribution": "{\"name\": \"CategoricalDistribution\", \"attributes\": {\"choices\": [0]}}"}
{"op_code": 8, "worker_id": "0f95d399-6751-4fd3-8c01-f3630a23566b-140716979406656", "trial_id": 39, "user_attr": {"best_epoch": 8}}
{"op_code": 8, "worker_id": "0f95d399-6751-4fd3-8c01-f3630a23566b-140716979406656", "trial_id": 39, "user_attr": {"test_loss": 0.44658641129292626}}
{"op_code": 6, "worker_id": "0f95d399-6751-4fd3-8c01-f3630a23566b-140716979406656", "trial_id": 39, "state": 1, "values": [0.4464146281907473], "datetime_complete": "2024-08-21T01:49:55.354553"}
{"op_code": 4, "worker_id": "0f95d399-6751-4fd3-8c01-f3630a23566b-140716979406656", "study_id": 0, "datetime_start": "2024-08-21T01:49:55.365161"}
{"op_code": 5, "worker_id": "0f95d399-6751-4fd3-8c01-f3630a23566b-140716979406656", "trial_id": 40, "param_name": "lr", "param_value_internal": 0.00032537721305191477, "distribution": "{\"name\": \"FloatDistribution\", \"attributes\": {\"step\": null, \"low\": 1e-05, \"high\": 0.001, \"log\": true}}"}
{"op_code": 5, "worker_id": "0f95d399-6751-4fd3-8c01-f3630a23566b-140716979406656", "trial_id": 40, "param_name": "l2reg", "param_value_internal": 0.0001623097493870444, "distribution": "{\"name\": \"FloatDistribution\", \"attributes\": {\"step\": null, \"low\": 1e-08, \"high\": 0.001, \"log\": true}}"}
{"op_code": 5, "worker_id": "0f95d399-6751-4fd3-8c01-f3630a23566b-140716979406656", "trial_id": 40, "param_name": "random_seed", "param_value_internal": 0, "distribution": "{\"name\": \"CategoricalDistribution\", \"attributes\": {\"choices\": [42]}}"}
{"op_code": 5, "worker_id": "0f95d399-6751-4fd3-8c01-f3630a23566b-140716979406656", "trial_id": 40, "param_name": "degree", "param_value_internal": 0, "distribution": "{\"name\": \"CategoricalDistribution\", \"attributes\": {\"choices\": [0]}}"}
{"op_code": 8, "worker_id": "0f95d399-6751-4fd3-8c01-f3630a23566b-140716979406656", "trial_id": 40, "user_attr": {"best_epoch": 0}}
{"op_code": 8, "worker_id": "0f95d399-6751-4fd3-8c01-f3630a23566b-140716979406656", "trial_id": 40, "user_attr": {"test_loss": 0.44561991026298076}}
{"op_code": 6, "worker_id": "0f95d399-6751-4fd3-8c01-f3630a23566b-140716979406656", "trial_id": 40, "state": 1, "values": [0.44546910578434584], "datetime_complete": "2024-08-21T02:05:14.597295"}
{"op_code": 4, "worker_id": "0f95d399-6751-4fd3-8c01-f3630a23566b-140716979406656", "study_id": 0, "datetime_start": "2024-08-21T02:05:14.614903"}
{"op_code": 5, "worker_id": "0f95d399-6751-4fd3-8c01-f3630a23566b-140716979406656", "trial_id": 41, "param_name": "lr", "param_value_internal": 0.00016576373803303112, "distribution": "{\"name\": \"FloatDistribution\", \"attributes\": {\"step\": null, \"low\": 1e-05, \"high\": 0.001, \"log\": true}}"}
{"op_code": 5, "worker_id": "0f95d399-6751-4fd3-8c01-f3630a23566b-140716979406656", "trial_id": 41, "param_name": "l2reg", "param_value_internal": 3.5186504384846184e-05, "distribution": "{\"name\": \"FloatDistribution\", \"attributes\": {\"step\": null, \"low\": 1e-08, \"high\": 0.001, \"log\": true}}"}
{"op_code": 5, "worker_id": "0f95d399-6751-4fd3-8c01-f3630a23566b-140716979406656", "trial_id": 41, "param_name": "random_seed", "param_value_internal": 0, "distribution": "{\"name\": \"CategoricalDistribution\", \"attributes\": {\"choices\": [42]}}"}
{"op_code": 5, "worker_id": "0f95d399-6751-4fd3-8c01-f3630a23566b-140716979406656", "trial_id": 41, "param_name": "degree", "param_value_internal": 0, "distribution": "{\"name\": \"CategoricalDistribution\", \"attributes\": {\"choices\": [0]}}"}
{"op_code": 8, "worker_id": "0f95d399-6751-4fd3-8c01-f3630a23566b-140716979406656", "trial_id": 41, "user_attr": {"best_epoch": 1}}
{"op_code": 8, "worker_id": "0f95d399-6751-4fd3-8c01-f3630a23566b-140716979406656", "trial_id": 41, "user_attr": {"test_loss": 0.4452331353332678}}
{"op_code": 6, "worker_id": "0f95d399-6751-4fd3-8c01-f3630a23566b-140716979406656", "trial_id": 41, "state": 1, "values": [0.44506749690558284], "datetime_complete": "2024-08-21T02:23:53.284797"}
{"op_code": 4, "worker_id": "0f95d399-6751-4fd3-8c01-f3630a23566b-140716979406656", "study_id": 0, "datetime_start": "2024-08-21T02:23:53.294698"}
{"op_code": 5, "worker_id": "0f95d399-6751-4fd3-8c01-f3630a23566b-140716979406656", "trial_id": 42, "param_name": "lr", "param_value_internal": 0.00019390613056698952, "distribution": "{\"name\": \"FloatDistribution\", \"attributes\": {\"step\": null, \"low\": 1e-05, \"high\": 0.001, \"log\": true}}"}
{"op_code": 5, "worker_id": "0f95d399-6751-4fd3-8c01-f3630a23566b-140716979406656", "trial_id": 42, "param_name": "l2reg", "param_value_internal": 2.8673300210819137e-05, "distribution": "{\"name\": \"FloatDistribution\", \"attributes\": {\"step\": null, \"low\": 1e-08, \"high\": 0.001, \"log\": true}}"}
{"op_code": 5, "worker_id": "0f95d399-6751-4fd3-8c01-f3630a23566b-140716979406656", "trial_id": 42, "param_name": "random_seed", "param_value_internal": 0, "distribution": "{\"name\": \"CategoricalDistribution\", \"attributes\": {\"choices\": [42]}}"}
{"op_code": 5, "worker_id": "0f95d399-6751-4fd3-8c01-f3630a23566b-140716979406656", "trial_id": 42, "param_name": "degree", "param_value_internal": 0, "distribution": "{\"name\": \"CategoricalDistribution\", \"attributes\": {\"choices\": [0]}}"}
{"op_code": 8, "worker_id": "0f95d399-6751-4fd3-8c01-f3630a23566b-140716979406656", "trial_id": 42, "user_attr": {"best_epoch": 1}}
{"op_code": 8, "worker_id": "0f95d399-6751-4fd3-8c01-f3630a23566b-140716979406656", "trial_id": 42, "user_attr": {"test_loss": 0.44543837546094495}}
{"op_code": 6, "worker_id": "0f95d399-6751-4fd3-8c01-f3630a23566b-140716979406656", "trial_id": 42, "state": 1, "values": [0.44527666365187324], "datetime_complete": "2024-08-21T02:42:34.204280"}
{"op_code": 4, "worker_id": "0f95d399-6751-4fd3-8c01-f3630a23566b-140716979406656", "study_id": 0, "datetime_start": "2024-08-21T02:42:34.214253"}
{"op_code": 5, "worker_id": "0f95d399-6751-4fd3-8c01-f3630a23566b-140716979406656", "trial_id": 43, "param_name": "lr", "param_value_internal": 0.00014227014386432294, "distribution": "{\"name\": \"FloatDistribution\", \"attributes\": {\"step\": null, \"low\": 1e-05, \"high\": 0.001, \"log\": true}}"}
{"op_code": 5, "worker_id": "0f95d399-6751-4fd3-8c01-f3630a23566b-140716979406656", "trial_id": 43, "param_name": "l2reg", "param_value_internal": 5.840030135359504e-05, "distribution": "{\"name\": \"FloatDistribution\", \"attributes\": {\"step\": null, \"low\": 1e-08, \"high\": 0.001, \"log\": true}}"}
{"op_code": 5, "worker_id": "0f95d399-6751-4fd3-8c01-f3630a23566b-140716979406656", "trial_id": 43, "param_name": "random_seed", "param_value_internal": 0, "distribution": "{\"name\": \"CategoricalDistribution\", \"attributes\": {\"choices\": [42]}}"}
{"op_code": 5, "worker_id": "0f95d399-6751-4fd3-8c01-f3630a23566b-140716979406656", "trial_id": 43, "param_name": "degree", "param_value_internal": 0, "distribution": "{\"name\": \"CategoricalDistribution\", \"attributes\": {\"choices\": [0]}}"}
{"op_code": 8, "worker_id": "0f95d399-6751-4fd3-8c01-f3630a23566b-140716979406656", "trial_id": 43, "user_attr": {"best_epoch": 1}}
{"op_code": 8, "worker_id": "0f95d399-6751-4fd3-8c01-f3630a23566b-140716979406656", "trial_id": 43, "user_attr": {"test_loss": 0.44520673952588186}}
{"op_code": 6, "worker_id": "0f95d399-6751-4fd3-8c01-f3630a23566b-140716979406656", "trial_id": 43, "state": 1, "values": [0.4450375016742793], "datetime_complete": "2024-08-21T03:01:00.990363"}
{"op_code": 4, "worker_id": "0f95d399-6751-4fd3-8c01-f3630a23566b-140716979406656", "study_id": 0, "datetime_start": "2024-08-21T03:01:01.005007"}
{"op_code": 5, "worker_id": "0f95d399-6751-4fd3-8c01-f3630a23566b-140716979406656", "trial_id": 44, "param_name": "lr", "param_value_internal": 0.00011315941324622754, "distribution": "{\"name\": \"FloatDistribution\", \"attributes\": {\"step\": null, \"low\": 1e-05, \"high\": 0.001, \"log\": true}}"}
{"op_code": 5, "worker_id": "0f95d399-6751-4fd3-8c01-f3630a23566b-140716979406656", "trial_id": 44, "param_name": "l2reg", "param_value_internal": 6.005366202030662e-06, "distribution": "{\"name\": \"FloatDistribution\", \"attributes\": {\"step\": null, \"low\": 1e-08, \"high\": 0.001, \"log\": true}}"}
{"op_code": 5, "worker_id": "0f95d399-6751-4fd3-8c01-f3630a23566b-140716979406656", "trial_id": 44, "param_name": "random_seed", "param_value_internal": 0, "distribution": "{\"name\": \"CategoricalDistribution\", \"attributes\": {\"choices\": [42]}}"}
{"op_code": 5, "worker_id": "0f95d399-6751-4fd3-8c01-f3630a23566b-140716979406656", "trial_id": 44, "param_name": "degree", "param_value_internal": 0, "distribution": "{\"name\": \"CategoricalDistribution\", \"attributes\": {\"choices\": [0]}}"}
{"op_code": 8, "worker_id": "0f95d399-6751-4fd3-8c01-f3630a23566b-140716979406656", "trial_id": 44, "user_attr": {"best_epoch": 1}}
{"op_code": 8, "worker_id": "0f95d399-6751-4fd3-8c01-f3630a23566b-140716979406656", "trial_id": 44, "user_attr": {"test_loss": 0.44552378007740445}}
{"op_code": 6, "worker_id": "0f95d399-6751-4fd3-8c01-f3630a23566b-140716979406656", "trial_id": 44, "state": 1, "values": [0.44535519662110445], "datetime_complete": "2024-08-21T03:19:36.817085"}
{"op_code": 4, "worker_id": "0f95d399-6751-4fd3-8c01-f3630a23566b-140716979406656", "study_id": 0, "datetime_start": "2024-08-21T03:19:36.826509"}
{"op_code": 5, "worker_id": "0f95d399-6751-4fd3-8c01-f3630a23566b-140716979406656", "trial_id": 45, "param_name": "lr", "param_value_internal": 0.0002690032031497756, "distribution": "{\"name\": \"FloatDistribution\", \"attributes\": {\"step\": null, \"low\": 1e-05, \"high\": 0.001, \"log\": true}}"}
{"op_code": 5, "worker_id": "0f95d399-6751-4fd3-8c01-f3630a23566b-140716979406656", "trial_id": 45, "param_name": "l2reg", "param_value_internal": 1.1960089377607609e-05, "distribution": "{\"name\": \"FloatDistribution\", \"attributes\": {\"step\": null, \"low\": 1e-08, \"high\": 0.001, \"log\": true}}"}
{"op_code": 5, "worker_id": "0f95d399-6751-4fd3-8c01-f3630a23566b-140716979406656", "trial_id": 45, "param_name": "random_seed", "param_value_internal": 0, "distribution": "{\"name\": \"CategoricalDistribution\", \"attributes\": {\"choices\": [42]}}"}
{"op_code": 5, "worker_id": "0f95d399-6751-4fd3-8c01-f3630a23566b-140716979406656", "trial_id": 45, "param_name": "degree", "param_value_internal": 0, "distribution": "{\"name\": \"CategoricalDistribution\", \"attributes\": {\"choices\": [0]}}"}
{"op_code": 8, "worker_id": "0f95d399-6751-4fd3-8c01-f3630a23566b-140716979406656", "trial_id": 45, "user_attr": {"best_epoch": 0}}
{"op_code": 8, "worker_id": "0f95d399-6751-4fd3-8c01-f3630a23566b-140716979406656", "trial_id": 45, "user_attr": {"test_loss": 0.4457765399299486}}
{"op_code": 6, "worker_id": "0f95d399-6751-4fd3-8c01-f3630a23566b-140716979406656", "trial_id": 45, "state": 1, "values": [0.4456158097338125], "datetime_complete": "2024-08-21T03:34:41.494902"}
{"op_code": 4, "worker_id": "0f95d399-6751-4fd3-8c01-f3630a23566b-140716979406656", "study_id": 0, "datetime_start": "2024-08-21T03:34:41.504155"}
{"op_code": 5, "worker_id": "0f95d399-6751-4fd3-8c01-f3630a23566b-140716979406656", "trial_id": 46, "param_name": "lr", "param_value_internal": 5.404575375703451e-05, "distribution": "{\"name\": \"FloatDistribution\", \"attributes\": {\"step\": null, \"low\": 1e-05, \"high\": 0.001, \"log\": true}}"}
{"op_code": 5, "worker_id": "0f95d399-6751-4fd3-8c01-f3630a23566b-140716979406656", "trial_id": 46, "param_name": "l2reg", "param_value_internal": 9.535397661832925e-05, "distribution": "{\"name\": \"FloatDistribution\", \"attributes\": {\"step\": null, \"low\": 1e-08, \"high\": 0.001, \"log\": true}}"}
{"op_code": 5, "worker_id": "0f95d399-6751-4fd3-8c01-f3630a23566b-140716979406656", "trial_id": 46, "param_name": "random_seed", "param_value_internal": 0, "distribution": "{\"name\": \"CategoricalDistribution\", \"attributes\": {\"choices\": [42]}}"}
{"op_code": 5, "worker_id": "0f95d399-6751-4fd3-8c01-f3630a23566b-140716979406656", "trial_id": 46, "param_name": "degree", "param_value_internal": 0, "distribution": "{\"name\": \"CategoricalDistribution\", \"attributes\": {\"choices\": [0]}}"}
{"op_code": 8, "worker_id": "0f95d399-6751-4fd3-8c01-f3630a23566b-140716979406656", "trial_id": 46, "user_attr": {"best_epoch": 3}}
{"op_code": 8, "worker_id": "0f95d399-6751-4fd3-8c01-f3630a23566b-140716979406656", "trial_id": 46, "user_attr": {"test_loss": 0.4460031221222753}}
{"op_code": 6, "worker_id": "0f95d399-6751-4fd3-8c01-f3630a23566b-140716979406656", "trial_id": 46, "state": 1, "values": [0.4458708237366772], "datetime_complete": "2024-08-21T04:00:01.064554"}
{"op_code": 4, "worker_id": "0f95d399-6751-4fd3-8c01-f3630a23566b-140716979406656", "study_id": 0, "datetime_start": "2024-08-21T04:00:01.084956"}
{"op_code": 5, "worker_id": "0f95d399-6751-4fd3-8c01-f3630a23566b-140716979406656", "trial_id": 47, "param_name": "lr", "param_value_internal": 0.00015538569523609161, "distribution": "{\"name\": \"FloatDistribution\", \"attributes\": {\"step\": null, \"low\": 1e-05, \"high\": 0.001, \"log\": true}}"}
{"op_code": 5, "worker_id": "0f95d399-6751-4fd3-8c01-f3630a23566b-140716979406656", "trial_id": 47, "param_name": "l2reg", "param_value_internal": 1.994945539949845e-06, "distribution": "{\"name\": \"FloatDistribution\", \"attributes\": {\"step\": null, \"low\": 1e-08, \"high\": 0.001, \"log\": true}}"}
{"op_code": 5, "worker_id": "0f95d399-6751-4fd3-8c01-f3630a23566b-140716979406656", "trial_id": 47, "param_name": "random_seed", "param_value_internal": 0, "distribution": "{\"name\": \"CategoricalDistribution\", \"attributes\": {\"choices\": [42]}}"}
{"op_code": 5, "worker_id": "0f95d399-6751-4fd3-8c01-f3630a23566b-140716979406656", "trial_id": 47, "param_name": "degree", "param_value_internal": 0, "distribution": "{\"name\": \"CategoricalDistribution\", \"attributes\": {\"choices\": [0]}}"}
{"op_code": 8, "worker_id": "0f95d399-6751-4fd3-8c01-f3630a23566b-140716979406656", "trial_id": 47, "user_attr": {"best_epoch": 1}}
{"op_code": 8, "worker_id": "0f95d399-6751-4fd3-8c01-f3630a23566b-140716979406656", "trial_id": 47, "user_attr": {"test_loss": 0.4451999042479362}}
{"op_code": 6, "worker_id": "0f95d399-6751-4fd3-8c01-f3630a23566b-140716979406656", "trial_id": 47, "state": 1, "values": [0.44503219342728495], "datetime_complete": "2024-08-21T04:18:43.847188"}
{"op_code": 4, "worker_id": "0f95d399-6751-4fd3-8c01-f3630a23566b-140716979406656", "study_id": 0, "datetime_start": "2024-08-21T04:18:43.857621"}
{"op_code": 5, "worker_id": "0f95d399-6751-4fd3-8c01-f3630a23566b-140716979406656", "trial_id": 48, "param_name": "lr", "param_value_internal": 0.00011909348481295337, "distribution": "{\"name\": \"FloatDistribution\", \"attributes\": {\"step\": null, \"low\": 1e-05, \"high\": 0.001, \"log\": true}}"}
{"op_code": 5, "worker_id": "0f95d399-6751-4fd3-8c01-f3630a23566b-140716979406656", "trial_id": 48, "param_name": "l2reg", "param_value_internal": 1.7718767810338655e-06, "distribution": "{\"name\": \"FloatDistribution\", \"attributes\": {\"step\": null, \"low\": 1e-08, \"high\": 0.001, \"log\": true}}"}
{"op_code": 5, "worker_id": "0f95d399-6751-4fd3-8c01-f3630a23566b-140716979406656", "trial_id": 48, "param_name": "random_seed", "param_value_internal": 0, "distribution": "{\"name\": \"CategoricalDistribution\", \"attributes\": {\"choices\": [42]}}"}
{"op_code": 5, "worker_id": "0f95d399-6751-4fd3-8c01-f3630a23566b-140716979406656", "trial_id": 48, "param_name": "degree", "param_value_internal": 0, "distribution": "{\"name\": \"CategoricalDistribution\", \"attributes\": {\"choices\": [0]}}"}
{"op_code": 8, "worker_id": "0f95d399-6751-4fd3-8c01-f3630a23566b-140716979406656", "trial_id": 48, "user_attr": {"best_epoch": 1}}
{"op_code": 8, "worker_id": "0f95d399-6751-4fd3-8c01-f3630a23566b-140716979406656", "trial_id": 48, "user_attr": {"test_loss": 0.4454155063661161}}
{"op_code": 6, "worker_id": "0f95d399-6751-4fd3-8c01-f3630a23566b-140716979406656", "trial_id": 48, "state": 1, "values": [0.44524594126344713], "datetime_complete": "2024-08-21T04:37:35.419267"}
{"op_code": 4, "worker_id": "0f95d399-6751-4fd3-8c01-f3630a23566b-140716979406656", "study_id": 0, "datetime_start": "2024-08-21T04:37:35.428696"}
{"op_code": 5, "worker_id": "0f95d399-6751-4fd3-8c01-f3630a23566b-140716979406656", "trial_id": 49, "param_name": "lr", "param_value_internal": 0.000554891429280969, "distribution": "{\"name\": \"FloatDistribution\", \"attributes\": {\"step\": null, \"low\": 1e-05, \"high\": 0.001, \"log\": true}}"}
{"op_code": 5, "worker_id": "0f95d399-6751-4fd3-8c01-f3630a23566b-140716979406656", "trial_id": 49, "param_name": "l2reg", "param_value_internal": 1.740908562077621e-06, "distribution": "{\"name\": \"FloatDistribution\", \"attributes\": {\"step\": null, \"low\": 1e-08, \"high\": 0.001, \"log\": true}}"}
{"op_code": 5, "worker_id": "0f95d399-6751-4fd3-8c01-f3630a23566b-140716979406656", "trial_id": 49, "param_name": "random_seed", "param_value_internal": 0, "distribution": "{\"name\": \"CategoricalDistribution\", \"attributes\": {\"choices\": [42]}}"}
{"op_code": 5, "worker_id": "0f95d399-6751-4fd3-8c01-f3630a23566b-140716979406656", "trial_id": 49, "param_name": "degree", "param_value_internal": 0, "distribution": "{\"name\": \"CategoricalDistribution\", \"attributes\": {\"choices\": [0]}}"}
{"op_code": 8, "worker_id": "0f95d399-6751-4fd3-8c01-f3630a23566b-140716979406656", "trial_id": 49, "user_attr": {"best_epoch": 0}}
{"op_code": 8, "worker_id": "0f95d399-6751-4fd3-8c01-f3630a23566b-140716979406656", "trial_id": 49, "user_attr": {"test_loss": 0.44549483921971955}}
{"op_code": 6, "worker_id": "0f95d399-6751-4fd3-8c01-f3630a23566b-140716979406656", "trial_id": 49, "state": 1, "values": [0.4453701760578282], "datetime_complete": "2024-08-21T04:52:43.733500"}
