{"op_code": 0, "worker_id": "add2fc38-7a3b-4c0d-a909-d7b40836b58a-140404349204288", "study_name": "criteo_splines_3_64", "directions": [1]}
{"op_code": 4, "worker_id": "add2fc38-7a3b-4c0d-a909-d7b40836b58a-140404349204288", "study_id": 0, "datetime_start": "2024-09-02T06:03:21.776265"}
{"op_code": 5, "worker_id": "add2fc38-7a3b-4c0d-a909-d7b40836b58a-140404349204288", "trial_id": 0, "param_name": "lr", "param_value_internal": 5.6115164153345e-05, "distribution": "{\"name\": \"FloatDistribution\", \"attributes\": {\"step\": null, \"low\": 1e-05, \"high\": 0.001, \"log\": true}}"}
{"op_code": 5, "worker_id": "add2fc38-7a3b-4c0d-a909-d7b40836b58a-140404349204288", "trial_id": 0, "param_name": "l2reg", "param_value_internal": 0.0005669849511478851, "distribution": "{\"name\": \"FloatDistribution\", \"attributes\": {\"step\": null, \"low\": 1e-08, \"high\": 0.001, \"log\": true}}"}
{"op_code": 5, "worker_id": "add2fc38-7a3b-4c0d-a909-d7b40836b58a-140404349204288", "trial_id": 0, "param_name": "random_seed", "param_value_internal": 0, "distribution": "{\"name\": \"CategoricalDistribution\", \"attributes\": {\"choices\": [42]}}"}
{"op_code": 5, "worker_id": "add2fc38-7a3b-4c0d-a909-d7b40836b58a-140404349204288", "trial_id": 0, "param_name": "degree", "param_value_internal": 0, "distribution": "{\"name\": \"CategoricalDistribution\", \"attributes\": {\"choices\": [3]}}"}
{"op_code": 8, "worker_id": "add2fc38-7a3b-4c0d-a909-d7b40836b58a-140404349204288", "trial_id": 0, "user_attr": {"best_epoch": 2}}
{"op_code": 8, "worker_id": "add2fc38-7a3b-4c0d-a909-d7b40836b58a-140404349204288", "trial_id": 0, "user_attr": {"test_loss": 0.45179142783278226}}
{"op_code": 6, "worker_id": "add2fc38-7a3b-4c0d-a909-d7b40836b58a-140404349204288", "trial_id": 0, "state": 1, "values": [0.4469225765271063], "datetime_complete": "2024-09-02T06:37:26.960694"}
{"op_code": 4, "worker_id": "add2fc38-7a3b-4c0d-a909-d7b40836b58a-140404349204288", "study_id": 0, "datetime_start": "2024-09-02T06:37:26.969542"}
{"op_code": 5, "worker_id": "add2fc38-7a3b-4c0d-a909-d7b40836b58a-140404349204288", "trial_id": 1, "param_name": "lr", "param_value_internal": 0.000291063591313307, "distribution": "{\"name\": \"FloatDistribution\", \"attributes\": {\"step\": null, \"low\": 1e-05, \"high\": 0.001, \"log\": true}}"}
{"op_code": 5, "worker_id": "add2fc38-7a3b-4c0d-a909-d7b40836b58a-140404349204288", "trial_id": 1, "param_name": "l2reg", "param_value_internal": 9.846738873614555e-06, "distribution": "{\"name\": \"FloatDistribution\", \"attributes\": {\"step\": null, \"low\": 1e-08, \"high\": 0.001, \"log\": true}}"}
{"op_code": 5, "worker_id": "add2fc38-7a3b-4c0d-a909-d7b40836b58a-140404349204288", "trial_id": 1, "param_name": "random_seed", "param_value_internal": 0, "distribution": "{\"name\": \"CategoricalDistribution\", \"attributes\": {\"choices\": [42]}}"}
{"op_code": 5, "worker_id": "add2fc38-7a3b-4c0d-a909-d7b40836b58a-140404349204288", "trial_id": 1, "param_name": "degree", "param_value_internal": 0, "distribution": "{\"name\": \"CategoricalDistribution\", \"attributes\": {\"choices\": [3]}}"}
{"op_code": 8, "worker_id": "add2fc38-7a3b-4c0d-a909-d7b40836b58a-140404349204288", "trial_id": 1, "user_attr": {"best_epoch": 0}}
{"op_code": 8, "worker_id": "add2fc38-7a3b-4c0d-a909-d7b40836b58a-140404349204288", "trial_id": 1, "user_attr": {"test_loss": 0.45253425166892947}}
{"op_code": 6, "worker_id": "add2fc38-7a3b-4c0d-a909-d7b40836b58a-140404349204288", "trial_id": 1, "state": 1, "values": [0.44789094257451145], "datetime_complete": "2024-09-02T07:01:00.553567"}
{"op_code": 4, "worker_id": "add2fc38-7a3b-4c0d-a909-d7b40836b58a-140404349204288", "study_id": 0, "datetime_start": "2024-09-02T07:01:00.566215"}
{"op_code": 5, "worker_id": "add2fc38-7a3b-4c0d-a909-d7b40836b58a-140404349204288", "trial_id": 2, "param_name": "lr", "param_value_internal": 2.0513382630874486e-05, "distribution": "{\"name\": \"FloatDistribution\", \"attributes\": {\"step\": null, \"low\": 1e-05, \"high\": 0.001, \"log\": true}}"}
{"op_code": 5, "worker_id": "add2fc38-7a3b-4c0d-a909-d7b40836b58a-140404349204288", "trial_id": 2, "param_name": "l2reg", "param_value_internal": 6.02521573620385e-08, "distribution": "{\"name\": \"FloatDistribution\", \"attributes\": {\"step\": null, \"low\": 1e-08, \"high\": 0.001, \"log\": true}}"}
{"op_code": 5, "worker_id": "add2fc38-7a3b-4c0d-a909-d7b40836b58a-140404349204288", "trial_id": 2, "param_name": "random_seed", "param_value_internal": 0, "distribution": "{\"name\": \"CategoricalDistribution\", \"attributes\": {\"choices\": [42]}}"}
{"op_code": 5, "worker_id": "add2fc38-7a3b-4c0d-a909-d7b40836b58a-140404349204288", "trial_id": 2, "param_name": "degree", "param_value_internal": 0, "distribution": "{\"name\": \"CategoricalDistribution\", \"attributes\": {\"choices\": [3]}}"}
{"op_code": 8, "worker_id": "add2fc38-7a3b-4c0d-a909-d7b40836b58a-140404349204288", "trial_id": 2, "user_attr": {"best_epoch": 7}}
{"op_code": 8, "worker_id": "add2fc38-7a3b-4c0d-a909-d7b40836b58a-140404349204288", "trial_id": 2, "user_attr": {"test_loss": 0.4528658844505417}}
{"op_code": 6, "worker_id": "add2fc38-7a3b-4c0d-a909-d7b40836b58a-140404349204288", "trial_id": 2, "state": 1, "values": [0.44759653119874904], "datetime_complete": "2024-09-02T07:55:37.328516"}
{"op_code": 4, "worker_id": "add2fc38-7a3b-4c0d-a909-d7b40836b58a-140404349204288", "study_id": 0, "datetime_start": "2024-09-02T07:55:37.340394"}
{"op_code": 5, "worker_id": "add2fc38-7a3b-4c0d-a909-d7b40836b58a-140404349204288", "trial_id": 3, "param_name": "lr", "param_value_internal": 1.3066739238053272e-05, "distribution": "{\"name\": \"FloatDistribution\", \"attributes\": {\"step\": null, \"low\": 1e-05, \"high\": 0.001, \"log\": true}}"}
{"op_code": 5, "worker_id": "add2fc38-7a3b-4c0d-a909-d7b40836b58a-140404349204288", "trial_id": 3, "param_name": "l2reg", "param_value_internal": 0.00021423021757741048, "distribution": "{\"name\": \"FloatDistribution\", \"attributes\": {\"step\": null, \"low\": 1e-08, \"high\": 0.001, \"log\": true}}"}
{"op_code": 5, "worker_id": "add2fc38-7a3b-4c0d-a909-d7b40836b58a-140404349204288", "trial_id": 3, "param_name": "random_seed", "param_value_internal": 0, "distribution": "{\"name\": \"CategoricalDistribution\", \"attributes\": {\"choices\": [42]}}"}
{"op_code": 5, "worker_id": "add2fc38-7a3b-4c0d-a909-d7b40836b58a-140404349204288", "trial_id": 3, "param_name": "degree", "param_value_internal": 0, "distribution": "{\"name\": \"CategoricalDistribution\", \"attributes\": {\"choices\": [3]}}"}
{"op_code": 8, "worker_id": "add2fc38-7a3b-4c0d-a909-d7b40836b58a-140404349204288", "trial_id": 3, "user_attr": {"best_epoch": 9}}
{"op_code": 8, "worker_id": "add2fc38-7a3b-4c0d-a909-d7b40836b58a-140404349204288", "trial_id": 3, "user_attr": {"test_loss": 0.45339354973285373}}
{"op_code": 6, "worker_id": "add2fc38-7a3b-4c0d-a909-d7b40836b58a-140404349204288", "trial_id": 3, "state": 1, "values": [0.44835657218423314], "datetime_complete": "2024-09-02T08:50:10.664767"}
{"op_code": 4, "worker_id": "add2fc38-7a3b-4c0d-a909-d7b40836b58a-140404349204288", "study_id": 0, "datetime_start": "2024-09-02T08:50:10.675407"}
{"op_code": 5, "worker_id": "add2fc38-7a3b-4c0d-a909-d7b40836b58a-140404349204288", "trial_id": 4, "param_name": "lr", "param_value_internal": 0.00015930522616241006, "distribution": "{\"name\": \"FloatDistribution\", \"attributes\": {\"step\": null, \"low\": 1e-05, \"high\": 0.001, \"log\": true}}"}
{"op_code": 5, "worker_id": "add2fc38-7a3b-4c0d-a909-d7b40836b58a-140404349204288", "trial_id": 4, "param_name": "l2reg", "param_value_internal": 3.47026698865041e-05, "distribution": "{\"name\": \"FloatDistribution\", \"attributes\": {\"step\": null, \"low\": 1e-08, \"high\": 0.001, \"log\": true}}"}
{"op_code": 5, "worker_id": "add2fc38-7a3b-4c0d-a909-d7b40836b58a-140404349204288", "trial_id": 4, "param_name": "random_seed", "param_value_internal": 0, "distribution": "{\"name\": \"CategoricalDistribution\", \"attributes\": {\"choices\": [42]}}"}
{"op_code": 5, "worker_id": "add2fc38-7a3b-4c0d-a909-d7b40836b58a-140404349204288", "trial_id": 4, "param_name": "degree", "param_value_internal": 0, "distribution": "{\"name\": \"CategoricalDistribution\", \"attributes\": {\"choices\": [3]}}"}
{"op_code": 8, "worker_id": "add2fc38-7a3b-4c0d-a909-d7b40836b58a-140404349204288", "trial_id": 4, "user_attr": {"best_epoch": 0}}
{"op_code": 8, "worker_id": "add2fc38-7a3b-4c0d-a909-d7b40836b58a-140404349204288", "trial_id": 4, "user_attr": {"test_loss": 0.4526665306591777}}
{"op_code": 6, "worker_id": "add2fc38-7a3b-4c0d-a909-d7b40836b58a-140404349204288", "trial_id": 4, "state": 1, "values": [0.4479313706926302], "datetime_complete": "2024-09-02T09:13:42.174467"}
{"op_code": 4, "worker_id": "add2fc38-7a3b-4c0d-a909-d7b40836b58a-140404349204288", "study_id": 0, "datetime_start": "2024-09-02T09:13:42.182855"}
{"op_code": 5, "worker_id": "add2fc38-7a3b-4c0d-a909-d7b40836b58a-140404349204288", "trial_id": 5, "param_name": "lr", "param_value_internal": 1.0994335574766187e-05, "distribution": "{\"name\": \"FloatDistribution\", \"attributes\": {\"step\": null, \"low\": 1e-05, \"high\": 0.001, \"log\": true}}"}
{"op_code": 5, "worker_id": "add2fc38-7a3b-4c0d-a909-d7b40836b58a-140404349204288", "trial_id": 5, "param_name": "l2reg", "param_value_internal": 0.0007072114131472234, "distribution": "{\"name\": \"FloatDistribution\", \"attributes\": {\"step\": null, \"low\": 1e-08, \"high\": 0.001, \"log\": true}}"}
{"op_code": 5, "worker_id": "add2fc38-7a3b-4c0d-a909-d7b40836b58a-140404349204288", "trial_id": 5, "param_name": "random_seed", "param_value_internal": 0, "distribution": "{\"name\": \"CategoricalDistribution\", \"attributes\": {\"choices\": [42]}}"}
{"op_code": 5, "worker_id": "add2fc38-7a3b-4c0d-a909-d7b40836b58a-140404349204288", "trial_id": 5, "param_name": "degree", "param_value_internal": 0, "distribution": "{\"name\": \"CategoricalDistribution\", \"attributes\": {\"choices\": [3]}}"}
{"op_code": 8, "worker_id": "add2fc38-7a3b-4c0d-a909-d7b40836b58a-140404349204288", "trial_id": 5, "user_attr": {"best_epoch": 9}}
{"op_code": 8, "worker_id": "add2fc38-7a3b-4c0d-a909-d7b40836b58a-140404349204288", "trial_id": 5, "user_attr": {"test_loss": 0.4544706786534465}}
{"op_code": 6, "worker_id": "add2fc38-7a3b-4c0d-a909-d7b40836b58a-140404349204288", "trial_id": 5, "state": 1, "values": [0.44949252976944903], "datetime_complete": "2024-09-02T10:08:16.262953"}
{"op_code": 4, "worker_id": "add2fc38-7a3b-4c0d-a909-d7b40836b58a-140404349204288", "study_id": 0, "datetime_start": "2024-09-02T10:08:16.271525"}
{"op_code": 5, "worker_id": "add2fc38-7a3b-4c0d-a909-d7b40836b58a-140404349204288", "trial_id": 6, "param_name": "lr", "param_value_internal": 0.000462258900102083, "distribution": "{\"name\": \"FloatDistribution\", \"attributes\": {\"step\": null, \"low\": 1e-05, \"high\": 0.001, \"log\": true}}"}
{"op_code": 5, "worker_id": "add2fc38-7a3b-4c0d-a909-d7b40836b58a-140404349204288", "trial_id": 6, "param_name": "l2reg", "param_value_internal": 1.1526449540315595e-07, "distribution": "{\"name\": \"FloatDistribution\", \"attributes\": {\"step\": null, \"low\": 1e-08, \"high\": 0.001, \"log\": true}}"}
{"op_code": 5, "worker_id": "add2fc38-7a3b-4c0d-a909-d7b40836b58a-140404349204288", "trial_id": 6, "param_name": "random_seed", "param_value_internal": 0, "distribution": "{\"name\": \"CategoricalDistribution\", \"attributes\": {\"choices\": [42]}}"}
{"op_code": 5, "worker_id": "add2fc38-7a3b-4c0d-a909-d7b40836b58a-140404349204288", "trial_id": 6, "param_name": "degree", "param_value_internal": 0, "distribution": "{\"name\": \"CategoricalDistribution\", \"attributes\": {\"choices\": [3]}}"}
{"op_code": 8, "worker_id": "add2fc38-7a3b-4c0d-a909-d7b40836b58a-140404349204288", "trial_id": 6, "user_attr": {"best_epoch": 0}}
{"op_code": 8, "worker_id": "add2fc38-7a3b-4c0d-a909-d7b40836b58a-140404349204288", "trial_id": 6, "user_attr": {"test_loss": 0.4528639756628036}}
{"op_code": 6, "worker_id": "add2fc38-7a3b-4c0d-a909-d7b40836b58a-140404349204288", "trial_id": 6, "state": 1, "values": [0.44826983688266], "datetime_complete": "2024-09-02T10:31:48.643891"}
{"op_code": 4, "worker_id": "add2fc38-7a3b-4c0d-a909-d7b40836b58a-140404349204288", "study_id": 0, "datetime_start": "2024-09-02T10:31:48.652780"}
{"op_code": 5, "worker_id": "add2fc38-7a3b-4c0d-a909-d7b40836b58a-140404349204288", "trial_id": 7, "param_name": "lr", "param_value_internal": 2.3102018878452926e-05, "distribution": "{\"name\": \"FloatDistribution\", \"attributes\": {\"step\": null, \"low\": 1e-05, \"high\": 0.001, \"log\": true}}"}
{"op_code": 5, "worker_id": "add2fc38-7a3b-4c0d-a909-d7b40836b58a-140404349204288", "trial_id": 7, "param_name": "l2reg", "param_value_internal": 8.260808399079588e-08, "distribution": "{\"name\": \"FloatDistribution\", \"attributes\": {\"step\": null, \"low\": 1e-08, \"high\": 0.001, \"log\": true}}"}
{"op_code": 5, "worker_id": "add2fc38-7a3b-4c0d-a909-d7b40836b58a-140404349204288", "trial_id": 7, "param_name": "random_seed", "param_value_internal": 0, "distribution": "{\"name\": \"CategoricalDistribution\", \"attributes\": {\"choices\": [42]}}"}
{"op_code": 5, "worker_id": "add2fc38-7a3b-4c0d-a909-d7b40836b58a-140404349204288", "trial_id": 7, "param_name": "degree", "param_value_internal": 0, "distribution": "{\"name\": \"CategoricalDistribution\", \"attributes\": {\"choices\": [3]}}"}
{"op_code": 8, "worker_id": "add2fc38-7a3b-4c0d-a909-d7b40836b58a-140404349204288", "trial_id": 7, "user_attr": {"best_epoch": 6}}
{"op_code": 8, "worker_id": "add2fc38-7a3b-4c0d-a909-d7b40836b58a-140404349204288", "trial_id": 7, "user_attr": {"test_loss": 0.4528674496564869}}
{"op_code": 6, "worker_id": "add2fc38-7a3b-4c0d-a909-d7b40836b58a-140404349204288", "trial_id": 7, "state": 1, "values": [0.4475990507981786], "datetime_complete": "2024-09-02T11:26:25.646866"}
{"op_code": 4, "worker_id": "add2fc38-7a3b-4c0d-a909-d7b40836b58a-140404349204288", "study_id": 0, "datetime_start": "2024-09-02T11:26:25.655310"}
{"op_code": 5, "worker_id": "add2fc38-7a3b-4c0d-a909-d7b40836b58a-140404349204288", "trial_id": 8, "param_name": "lr", "param_value_internal": 4.059611610484306e-05, "distribution": "{\"name\": \"FloatDistribution\", \"attributes\": {\"step\": null, \"low\": 1e-05, \"high\": 0.001, \"log\": true}}"}
{"op_code": 5, "worker_id": "add2fc38-7a3b-4c0d-a909-d7b40836b58a-140404349204288", "trial_id": 8, "param_name": "l2reg", "param_value_internal": 4.2051564509138674e-06, "distribution": "{\"name\": \"FloatDistribution\", \"attributes\": {\"step\": null, \"low\": 1e-08, \"high\": 0.001, \"log\": true}}"}
{"op_code": 5, "worker_id": "add2fc38-7a3b-4c0d-a909-d7b40836b58a-140404349204288", "trial_id": 8, "param_name": "random_seed", "param_value_internal": 0, "distribution": "{\"name\": \"CategoricalDistribution\", \"attributes\": {\"choices\": [42]}}"}
{"op_code": 5, "worker_id": "add2fc38-7a3b-4c0d-a909-d7b40836b58a-140404349204288", "trial_id": 8, "param_name": "degree", "param_value_internal": 0, "distribution": "{\"name\": \"CategoricalDistribution\", \"attributes\": {\"choices\": [3]}}"}
{"op_code": 8, "worker_id": "add2fc38-7a3b-4c0d-a909-d7b40836b58a-140404349204288", "trial_id": 8, "user_attr": {"best_epoch": 3}}
{"op_code": 8, "worker_id": "add2fc38-7a3b-4c0d-a909-d7b40836b58a-140404349204288", "trial_id": 8, "user_attr": {"test_loss": 0.45257044228444326}}
{"op_code": 6, "worker_id": "add2fc38-7a3b-4c0d-a909-d7b40836b58a-140404349204288", "trial_id": 8, "state": 1, "values": [0.4476757840535316], "datetime_complete": "2024-09-02T12:05:27.232663"}
{"op_code": 4, "worker_id": "add2fc38-7a3b-4c0d-a909-d7b40836b58a-140404349204288", "study_id": 0, "datetime_start": "2024-09-02T12:05:27.242853"}
{"op_code": 5, "worker_id": "add2fc38-7a3b-4c0d-a909-d7b40836b58a-140404349204288", "trial_id": 9, "param_name": "lr", "param_value_internal": 7.309539835912905e-05, "distribution": "{\"name\": \"FloatDistribution\", \"attributes\": {\"step\": null, \"low\": 1e-05, \"high\": 0.001, \"log\": true}}"}
{"op_code": 5, "worker_id": "add2fc38-7a3b-4c0d-a909-d7b40836b58a-140404349204288", "trial_id": 9, "param_name": "l2reg", "param_value_internal": 2.8585493941961875e-07, "distribution": "{\"name\": \"FloatDistribution\", \"attributes\": {\"step\": null, \"low\": 1e-08, \"high\": 0.001, \"log\": true}}"}
{"op_code": 5, "worker_id": "add2fc38-7a3b-4c0d-a909-d7b40836b58a-140404349204288", "trial_id": 9, "param_name": "random_seed", "param_value_internal": 0, "distribution": "{\"name\": \"CategoricalDistribution\", \"attributes\": {\"choices\": [42]}}"}
{"op_code": 5, "worker_id": "add2fc38-7a3b-4c0d-a909-d7b40836b58a-140404349204288", "trial_id": 9, "param_name": "degree", "param_value_internal": 0, "distribution": "{\"name\": \"CategoricalDistribution\", \"attributes\": {\"choices\": [3]}}"}
{"op_code": 8, "worker_id": "add2fc38-7a3b-4c0d-a909-d7b40836b58a-140404349204288", "trial_id": 9, "user_attr": {"best_epoch": 1}}
{"op_code": 8, "worker_id": "add2fc38-7a3b-4c0d-a909-d7b40836b58a-140404349204288", "trial_id": 9, "user_attr": {"test_loss": 0.4517308429099759}}
{"op_code": 6, "worker_id": "add2fc38-7a3b-4c0d-a909-d7b40836b58a-140404349204288", "trial_id": 9, "state": 1, "values": [0.4469905675359539], "datetime_complete": "2024-09-02T12:34:09.305346"}
{"op_code": 4, "worker_id": "add2fc38-7a3b-4c0d-a909-d7b40836b58a-140404349204288", "study_id": 0, "datetime_start": "2024-09-02T12:34:09.314452"}
{"op_code": 5, "worker_id": "add2fc38-7a3b-4c0d-a909-d7b40836b58a-140404349204288", "trial_id": 10, "param_name": "lr", "param_value_internal": 0.000776735381623706, "distribution": "{\"name\": \"FloatDistribution\", \"attributes\": {\"step\": null, \"low\": 1e-05, \"high\": 0.001, \"log\": true}}"}
{"op_code": 5, "worker_id": "add2fc38-7a3b-4c0d-a909-d7b40836b58a-140404349204288", "trial_id": 10, "param_name": "l2reg", "param_value_internal": 7.193458129269525e-05, "distribution": "{\"name\": \"FloatDistribution\", \"attributes\": {\"step\": null, \"low\": 1e-08, \"high\": 0.001, \"log\": true}}"}
{"op_code": 5, "worker_id": "add2fc38-7a3b-4c0d-a909-d7b40836b58a-140404349204288", "trial_id": 10, "param_name": "random_seed", "param_value_internal": 0, "distribution": "{\"name\": \"CategoricalDistribution\", \"attributes\": {\"choices\": [42]}}"}
{"op_code": 5, "worker_id": "add2fc38-7a3b-4c0d-a909-d7b40836b58a-140404349204288", "trial_id": 10, "param_name": "degree", "param_value_internal": 0, "distribution": "{\"name\": \"CategoricalDistribution\", \"attributes\": {\"choices\": [3]}}"}
{"op_code": 8, "worker_id": "add2fc38-7a3b-4c0d-a909-d7b40836b58a-140404349204288", "trial_id": 10, "user_attr": {"best_epoch": 0}}
{"op_code": 8, "worker_id": "add2fc38-7a3b-4c0d-a909-d7b40836b58a-140404349204288", "trial_id": 10, "user_attr": {"test_loss": 0.45406681734382565}}
{"op_code": 6, "worker_id": "add2fc38-7a3b-4c0d-a909-d7b40836b58a-140404349204288", "trial_id": 10, "state": 1, "values": [0.44941442218713445], "datetime_complete": "2024-09-02T12:57:39.739865"}
{"op_code": 4, "worker_id": "add2fc38-7a3b-4c0d-a909-d7b40836b58a-140404349204288", "study_id": 0, "datetime_start": "2024-09-02T12:57:39.748367"}
{"op_code": 5, "worker_id": "add2fc38-7a3b-4c0d-a909-d7b40836b58a-140404349204288", "trial_id": 11, "param_name": "lr", "param_value_internal": 6.306581983588723e-05, "distribution": "{\"name\": \"FloatDistribution\", \"attributes\": {\"step\": null, \"low\": 1e-05, \"high\": 0.001, \"log\": true}}"}
{"op_code": 5, "worker_id": "add2fc38-7a3b-4c0d-a909-d7b40836b58a-140404349204288", "trial_id": 11, "param_name": "l2reg", "param_value_internal": 6.301651774921119e-07, "distribution": "{\"name\": \"FloatDistribution\", \"attributes\": {\"step\": null, \"low\": 1e-08, \"high\": 0.001, \"log\": true}}"}
{"op_code": 5, "worker_id": "add2fc38-7a3b-4c0d-a909-d7b40836b58a-140404349204288", "trial_id": 11, "param_name": "random_seed", "param_value_internal": 0, "distribution": "{\"name\": \"CategoricalDistribution\", \"attributes\": {\"choices\": [42]}}"}
{"op_code": 5, "worker_id": "add2fc38-7a3b-4c0d-a909-d7b40836b58a-140404349204288", "trial_id": 11, "param_name": "degree", "param_value_internal": 0, "distribution": "{\"name\": \"CategoricalDistribution\", \"attributes\": {\"choices\": [3]}}"}
{"op_code": 8, "worker_id": "add2fc38-7a3b-4c0d-a909-d7b40836b58a-140404349204288", "trial_id": 11, "user_attr": {"best_epoch": 2}}
{"op_code": 8, "worker_id": "add2fc38-7a3b-4c0d-a909-d7b40836b58a-140404349204288", "trial_id": 11, "user_attr": {"test_loss": 0.45204567835949316}}
{"op_code": 6, "worker_id": "add2fc38-7a3b-4c0d-a909-d7b40836b58a-140404349204288", "trial_id": 11, "state": 1, "values": [0.44714048370200926], "datetime_complete": "2024-09-02T13:31:29.733507"}
{"op_code": 4, "worker_id": "add2fc38-7a3b-4c0d-a909-d7b40836b58a-140404349204288", "study_id": 0, "datetime_start": "2024-09-02T13:31:29.741966"}
{"op_code": 5, "worker_id": "add2fc38-7a3b-4c0d-a909-d7b40836b58a-140404349204288", "trial_id": 12, "param_name": "lr", "param_value_internal": 0.00011637036190606062, "distribution": "{\"name\": \"FloatDistribution\", \"attributes\": {\"step\": null, \"low\": 1e-05, \"high\": 0.001, \"log\": true}}"}
{"op_code": 5, "worker_id": "add2fc38-7a3b-4c0d-a909-d7b40836b58a-140404349204288", "trial_id": 12, "param_name": "l2reg", "param_value_internal": 7.340461609226715e-07, "distribution": "{\"name\": \"FloatDistribution\", \"attributes\": {\"step\": null, \"low\": 1e-08, \"high\": 0.001, \"log\": true}}"}
{"op_code": 5, "worker_id": "add2fc38-7a3b-4c0d-a909-d7b40836b58a-140404349204288", "trial_id": 12, "param_name": "random_seed", "param_value_internal": 0, "distribution": "{\"name\": \"CategoricalDistribution\", \"attributes\": {\"choices\": [42]}}"}
{"op_code": 5, "worker_id": "add2fc38-7a3b-4c0d-a909-d7b40836b58a-140404349204288", "trial_id": 12, "param_name": "degree", "param_value_internal": 0, "distribution": "{\"name\": \"CategoricalDistribution\", \"attributes\": {\"choices\": [3]}}"}
{"op_code": 8, "worker_id": "add2fc38-7a3b-4c0d-a909-d7b40836b58a-140404349204288", "trial_id": 12, "user_attr": {"best_epoch": 1}}
{"op_code": 8, "worker_id": "add2fc38-7a3b-4c0d-a909-d7b40836b58a-140404349204288", "trial_id": 12, "user_attr": {"test_loss": 0.45204873241987403}}
{"op_code": 6, "worker_id": "add2fc38-7a3b-4c0d-a909-d7b40836b58a-140404349204288", "trial_id": 12, "state": 1, "values": [0.4473469763279816], "datetime_complete": "2024-09-02T14:00:11.108638"}
{"op_code": 4, "worker_id": "add2fc38-7a3b-4c0d-a909-d7b40836b58a-140404349204288", "study_id": 0, "datetime_start": "2024-09-02T14:00:11.117553"}
{"op_code": 5, "worker_id": "add2fc38-7a3b-4c0d-a909-d7b40836b58a-140404349204288", "trial_id": 13, "param_name": "lr", "param_value_internal": 5.125498004298471e-05, "distribution": "{\"name\": \"FloatDistribution\", \"attributes\": {\"step\": null, \"low\": 1e-05, \"high\": 0.001, \"log\": true}}"}
{"op_code": 5, "worker_id": "add2fc38-7a3b-4c0d-a909-d7b40836b58a-140404349204288", "trial_id": 13, "param_name": "l2reg", "param_value_internal": 9.167785859319847e-07, "distribution": "{\"name\": \"FloatDistribution\", \"attributes\": {\"step\": null, \"low\": 1e-08, \"high\": 0.001, \"log\": true}}"}
{"op_code": 5, "worker_id": "add2fc38-7a3b-4c0d-a909-d7b40836b58a-140404349204288", "trial_id": 13, "param_name": "random_seed", "param_value_internal": 0, "distribution": "{\"name\": \"CategoricalDistribution\", \"attributes\": {\"choices\": [42]}}"}
{"op_code": 5, "worker_id": "add2fc38-7a3b-4c0d-a909-d7b40836b58a-140404349204288", "trial_id": 13, "param_name": "degree", "param_value_internal": 0, "distribution": "{\"name\": \"CategoricalDistribution\", \"attributes\": {\"choices\": [3]}}"}
{"op_code": 8, "worker_id": "add2fc38-7a3b-4c0d-a909-d7b40836b58a-140404349204288", "trial_id": 13, "user_attr": {"best_epoch": 2}}
{"op_code": 8, "worker_id": "add2fc38-7a3b-4c0d-a909-d7b40836b58a-140404349204288", "trial_id": 13, "user_attr": {"test_loss": 0.4518980908915856}}
{"op_code": 6, "worker_id": "add2fc38-7a3b-4c0d-a909-d7b40836b58a-140404349204288", "trial_id": 13, "state": 1, "values": [0.4470382490463698], "datetime_complete": "2024-09-02T14:34:05.001511"}
{"op_code": 4, "worker_id": "add2fc38-7a3b-4c0d-a909-d7b40836b58a-140404349204288", "study_id": 0, "datetime_start": "2024-09-02T14:34:05.010466"}
{"op_code": 5, "worker_id": "add2fc38-7a3b-4c0d-a909-d7b40836b58a-140404349204288", "trial_id": 14, "param_name": "lr", "param_value_internal": 0.0001844887088983445, "distribution": "{\"name\": \"FloatDistribution\", \"attributes\": {\"step\": null, \"low\": 1e-05, \"high\": 0.001, \"log\": true}}"}
{"op_code": 5, "worker_id": "add2fc38-7a3b-4c0d-a909-d7b40836b58a-140404349204288", "trial_id": 14, "param_name": "l2reg", "param_value_internal": 1.1474362129890253e-08, "distribution": "{\"name\": \"FloatDistribution\", \"attributes\": {\"step\": null, \"low\": 1e-08, \"high\": 0.001, \"log\": true}}"}
{"op_code": 5, "worker_id": "add2fc38-7a3b-4c0d-a909-d7b40836b58a-140404349204288", "trial_id": 14, "param_name": "random_seed", "param_value_internal": 0, "distribution": "{\"name\": \"CategoricalDistribution\", \"attributes\": {\"choices\": [42]}}"}
{"op_code": 5, "worker_id": "add2fc38-7a3b-4c0d-a909-d7b40836b58a-140404349204288", "trial_id": 14, "param_name": "degree", "param_value_internal": 0, "distribution": "{\"name\": \"CategoricalDistribution\", \"attributes\": {\"choices\": [3]}}"}
{"op_code": 8, "worker_id": "add2fc38-7a3b-4c0d-a909-d7b40836b58a-140404349204288", "trial_id": 14, "user_attr": {"best_epoch": 0}}
{"op_code": 8, "worker_id": "add2fc38-7a3b-4c0d-a909-d7b40836b58a-140404349204288", "trial_id": 14, "user_attr": {"test_loss": 0.4525128732462631}}
{"op_code": 6, "worker_id": "add2fc38-7a3b-4c0d-a909-d7b40836b58a-140404349204288", "trial_id": 14, "state": 1, "values": [0.44780065692828763], "datetime_complete": "2024-09-02T14:57:34.729011"}
{"op_code": 4, "worker_id": "add2fc38-7a3b-4c0d-a909-d7b40836b58a-140404349204288", "study_id": 0, "datetime_start": "2024-09-02T14:57:34.737564"}
{"op_code": 5, "worker_id": "add2fc38-7a3b-4c0d-a909-d7b40836b58a-140404349204288", "trial_id": 15, "param_name": "lr", "param_value_internal": 8.363109174799811e-05, "distribution": "{\"name\": \"FloatDistribution\", \"attributes\": {\"step\": null, \"low\": 1e-05, \"high\": 0.001, \"log\": true}}"}
{"op_code": 5, "worker_id": "add2fc38-7a3b-4c0d-a909-d7b40836b58a-140404349204288", "trial_id": 15, "param_name": "l2reg", "param_value_internal": 1.451022334753995e-05, "distribution": "{\"name\": \"FloatDistribution\", \"attributes\": {\"step\": null, \"low\": 1e-08, \"high\": 0.001, \"log\": true}}"}
{"op_code": 5, "worker_id": "add2fc38-7a3b-4c0d-a909-d7b40836b58a-140404349204288", "trial_id": 15, "param_name": "random_seed", "param_value_internal": 0, "distribution": "{\"name\": \"CategoricalDistribution\", \"attributes\": {\"choices\": [42]}}"}
{"op_code": 5, "worker_id": "add2fc38-7a3b-4c0d-a909-d7b40836b58a-140404349204288", "trial_id": 15, "param_name": "degree", "param_value_internal": 0, "distribution": "{\"name\": \"CategoricalDistribution\", \"attributes\": {\"choices\": [3]}}"}
{"op_code": 8, "worker_id": "add2fc38-7a3b-4c0d-a909-d7b40836b58a-140404349204288", "trial_id": 15, "user_attr": {"best_epoch": 1}}
{"op_code": 8, "worker_id": "add2fc38-7a3b-4c0d-a909-d7b40836b58a-140404349204288", "trial_id": 15, "user_attr": {"test_loss": 0.4515262972159644}}
{"op_code": 6, "worker_id": "add2fc38-7a3b-4c0d-a909-d7b40836b58a-140404349204288", "trial_id": 15, "state": 1, "values": [0.44681751686604587], "datetime_complete": "2024-09-02T15:26:15.692417"}
{"op_code": 4, "worker_id": "add2fc38-7a3b-4c0d-a909-d7b40836b58a-140404349204288", "study_id": 0, "datetime_start": "2024-09-02T15:26:15.700750"}
{"op_code": 5, "worker_id": "add2fc38-7a3b-4c0d-a909-d7b40836b58a-140404349204288", "trial_id": 16, "param_name": "lr", "param_value_internal": 3.1871226756164925e-05, "distribution": "{\"name\": \"FloatDistribution\", \"attributes\": {\"step\": null, \"low\": 1e-05, \"high\": 0.001, \"log\": true}}"}
{"op_code": 5, "worker_id": "add2fc38-7a3b-4c0d-a909-d7b40836b58a-140404349204288", "trial_id": 16, "param_name": "l2reg", "param_value_internal": 0.0009322709654916131, "distribution": "{\"name\": \"FloatDistribution\", \"attributes\": {\"step\": null, \"low\": 1e-08, \"high\": 0.001, \"log\": true}}"}
{"op_code": 5, "worker_id": "add2fc38-7a3b-4c0d-a909-d7b40836b58a-140404349204288", "trial_id": 16, "param_name": "random_seed", "param_value_internal": 0, "distribution": "{\"name\": \"CategoricalDistribution\", \"attributes\": {\"choices\": [42]}}"}
{"op_code": 5, "worker_id": "add2fc38-7a3b-4c0d-a909-d7b40836b58a-140404349204288", "trial_id": 16, "param_name": "degree", "param_value_internal": 0, "distribution": "{\"name\": \"CategoricalDistribution\", \"attributes\": {\"choices\": [3]}}"}
{"op_code": 8, "worker_id": "add2fc38-7a3b-4c0d-a909-d7b40836b58a-140404349204288", "trial_id": 16, "user_attr": {"best_epoch": 4}}
{"op_code": 8, "worker_id": "add2fc38-7a3b-4c0d-a909-d7b40836b58a-140404349204288", "trial_id": 16, "user_attr": {"test_loss": 0.4525583787459387}}
{"op_code": 6, "worker_id": "add2fc38-7a3b-4c0d-a909-d7b40836b58a-140404349204288", "trial_id": 16, "state": 1, "values": [0.44762947687007726], "datetime_complete": "2024-09-02T16:10:27.650459"}
{"op_code": 4, "worker_id": "add2fc38-7a3b-4c0d-a909-d7b40836b58a-140404349204288", "study_id": 0, "datetime_start": "2024-09-02T16:10:27.659914"}
{"op_code": 5, "worker_id": "add2fc38-7a3b-4c0d-a909-d7b40836b58a-140404349204288", "trial_id": 17, "param_name": "lr", "param_value_internal": 9.200102360207894e-05, "distribution": "{\"name\": \"FloatDistribution\", \"attributes\": {\"step\": null, \"low\": 1e-05, \"high\": 0.001, \"log\": true}}"}
{"op_code": 5, "worker_id": "add2fc38-7a3b-4c0d-a909-d7b40836b58a-140404349204288", "trial_id": 17, "param_name": "l2reg", "param_value_internal": 2.2394068450483545e-05, "distribution": "{\"name\": \"FloatDistribution\", \"attributes\": {\"step\": null, \"low\": 1e-08, \"high\": 0.001, \"log\": true}}"}
{"op_code": 5, "worker_id": "add2fc38-7a3b-4c0d-a909-d7b40836b58a-140404349204288", "trial_id": 17, "param_name": "random_seed", "param_value_internal": 0, "distribution": "{\"name\": \"CategoricalDistribution\", \"attributes\": {\"choices\": [42]}}"}
{"op_code": 5, "worker_id": "add2fc38-7a3b-4c0d-a909-d7b40836b58a-140404349204288", "trial_id": 17, "param_name": "degree", "param_value_internal": 0, "distribution": "{\"name\": \"CategoricalDistribution\", \"attributes\": {\"choices\": [3]}}"}
{"op_code": 8, "worker_id": "add2fc38-7a3b-4c0d-a909-d7b40836b58a-140404349204288", "trial_id": 17, "user_attr": {"best_epoch": 1}}
{"op_code": 8, "worker_id": "add2fc38-7a3b-4c0d-a909-d7b40836b58a-140404349204288", "trial_id": 17, "user_attr": {"test_loss": 0.45154214015419036}}
{"op_code": 6, "worker_id": "add2fc38-7a3b-4c0d-a909-d7b40836b58a-140404349204288", "trial_id": 17, "state": 1, "values": [0.44685042436162514], "datetime_complete": "2024-09-02T16:39:10.916586"}
{"op_code": 4, "worker_id": "add2fc38-7a3b-4c0d-a909-d7b40836b58a-140404349204288", "study_id": 0, "datetime_start": "2024-09-02T16:39:10.925040"}
{"op_code": 5, "worker_id": "add2fc38-7a3b-4c0d-a909-d7b40836b58a-140404349204288", "trial_id": 18, "param_name": "lr", "param_value_internal": 9.800354399133467e-05, "distribution": "{\"name\": \"FloatDistribution\", \"attributes\": {\"step\": null, \"low\": 1e-05, \"high\": 0.001, \"log\": true}}"}
{"op_code": 5, "worker_id": "add2fc38-7a3b-4c0d-a909-d7b40836b58a-140404349204288", "trial_id": 18, "param_name": "l2reg", "param_value_internal": 1.642359025553665e-05, "distribution": "{\"name\": \"FloatDistribution\", \"attributes\": {\"step\": null, \"low\": 1e-08, \"high\": 0.001, \"log\": true}}"}
{"op_code": 5, "worker_id": "add2fc38-7a3b-4c0d-a909-d7b40836b58a-140404349204288", "trial_id": 18, "param_name": "random_seed", "param_value_internal": 0, "distribution": "{\"name\": \"CategoricalDistribution\", \"attributes\": {\"choices\": [42]}}"}
{"op_code": 5, "worker_id": "add2fc38-7a3b-4c0d-a909-d7b40836b58a-140404349204288", "trial_id": 18, "param_name": "degree", "param_value_internal": 0, "distribution": "{\"name\": \"CategoricalDistribution\", \"attributes\": {\"choices\": [3]}}"}
{"op_code": 8, "worker_id": "add2fc38-7a3b-4c0d-a909-d7b40836b58a-140404349204288", "trial_id": 18, "user_attr": {"best_epoch": 1}}
{"op_code": 8, "worker_id": "add2fc38-7a3b-4c0d-a909-d7b40836b58a-140404349204288", "trial_id": 18, "user_attr": {"test_loss": 0.45161799537890124}}
{"op_code": 6, "worker_id": "add2fc38-7a3b-4c0d-a909-d7b40836b58a-140404349204288", "trial_id": 18, "state": 1, "values": [0.44693150965235634], "datetime_complete": "2024-09-02T17:07:51.334118"}
{"op_code": 4, "worker_id": "add2fc38-7a3b-4c0d-a909-d7b40836b58a-140404349204288", "study_id": 0, "datetime_start": "2024-09-02T17:07:51.342847"}
{"op_code": 5, "worker_id": "add2fc38-7a3b-4c0d-a909-d7b40836b58a-140404349204288", "trial_id": 19, "param_name": "lr", "param_value_internal": 0.0002718551991197265, "distribution": "{\"name\": \"FloatDistribution\", \"attributes\": {\"step\": null, \"low\": 1e-05, \"high\": 0.001, \"log\": true}}"}
{"op_code": 5, "worker_id": "add2fc38-7a3b-4c0d-a909-d7b40836b58a-140404349204288", "trial_id": 19, "param_name": "l2reg", "param_value_internal": 3.8975870919613185e-06, "distribution": "{\"name\": \"FloatDistribution\", \"attributes\": {\"step\": null, \"low\": 1e-08, \"high\": 0.001, \"log\": true}}"}
{"op_code": 5, "worker_id": "add2fc38-7a3b-4c0d-a909-d7b40836b58a-140404349204288", "trial_id": 19, "param_name": "random_seed", "param_value_internal": 0, "distribution": "{\"name\": \"CategoricalDistribution\", \"attributes\": {\"choices\": [42]}}"}
{"op_code": 5, "worker_id": "add2fc38-7a3b-4c0d-a909-d7b40836b58a-140404349204288", "trial_id": 19, "param_name": "degree", "param_value_internal": 0, "distribution": "{\"name\": \"CategoricalDistribution\", \"attributes\": {\"choices\": [3]}}"}
{"op_code": 8, "worker_id": "add2fc38-7a3b-4c0d-a909-d7b40836b58a-140404349204288", "trial_id": 19, "user_attr": {"best_epoch": 0}}
{"op_code": 8, "worker_id": "add2fc38-7a3b-4c0d-a909-d7b40836b58a-140404349204288", "trial_id": 19, "user_attr": {"test_loss": 0.45251814150042013}}
{"op_code": 6, "worker_id": "add2fc38-7a3b-4c0d-a909-d7b40836b58a-140404349204288", "trial_id": 19, "state": 1, "values": [0.4478646776592463], "datetime_complete": "2024-09-02T17:31:21.651156"}
{"op_code": 4, "worker_id": "add2fc38-7a3b-4c0d-a909-d7b40836b58a-140404349204288", "study_id": 0, "datetime_start": "2024-09-02T17:31:21.659637"}
{"op_code": 5, "worker_id": "add2fc38-7a3b-4c0d-a909-d7b40836b58a-140404349204288", "trial_id": 20, "param_name": "lr", "param_value_internal": 9.61918872374256e-05, "distribution": "{\"name\": \"FloatDistribution\", \"attributes\": {\"step\": null, \"low\": 1e-05, \"high\": 0.001, \"log\": true}}"}
{"op_code": 5, "worker_id": "add2fc38-7a3b-4c0d-a909-d7b40836b58a-140404349204288", "trial_id": 20, "param_name": "l2reg", "param_value_internal": 8.998683788955617e-05, "distribution": "{\"name\": \"FloatDistribution\", \"attributes\": {\"step\": null, \"low\": 1e-08, \"high\": 0.001, \"log\": true}}"}
{"op_code": 5, "worker_id": "add2fc38-7a3b-4c0d-a909-d7b40836b58a-140404349204288", "trial_id": 20, "param_name": "random_seed", "param_value_internal": 0, "distribution": "{\"name\": \"CategoricalDistribution\", \"attributes\": {\"choices\": [42]}}"}
{"op_code": 5, "worker_id": "add2fc38-7a3b-4c0d-a909-d7b40836b58a-140404349204288", "trial_id": 20, "param_name": "degree", "param_value_internal": 0, "distribution": "{\"name\": \"CategoricalDistribution\", \"attributes\": {\"choices\": [3]}}"}
{"op_code": 8, "worker_id": "add2fc38-7a3b-4c0d-a909-d7b40836b58a-140404349204288", "trial_id": 20, "user_attr": {"best_epoch": 1}}
{"op_code": 8, "worker_id": "add2fc38-7a3b-4c0d-a909-d7b40836b58a-140404349204288", "trial_id": 20, "user_attr": {"test_loss": 0.45159058518698253}}
{"op_code": 6, "worker_id": "add2fc38-7a3b-4c0d-a909-d7b40836b58a-140404349204288", "trial_id": 20, "state": 1, "values": [0.44690295419215537], "datetime_complete": "2024-09-02T18:00:02.649776"}
{"op_code": 4, "worker_id": "add2fc38-7a3b-4c0d-a909-d7b40836b58a-140404349204288", "study_id": 0, "datetime_start": "2024-09-02T18:00:02.661160"}
{"op_code": 5, "worker_id": "add2fc38-7a3b-4c0d-a909-d7b40836b58a-140404349204288", "trial_id": 21, "param_name": "lr", "param_value_internal": 9.505116445516724e-05, "distribution": "{\"name\": \"FloatDistribution\", \"attributes\": {\"step\": null, \"low\": 1e-05, \"high\": 0.001, \"log\": true}}"}
{"op_code": 5, "worker_id": "add2fc38-7a3b-4c0d-a909-d7b40836b58a-140404349204288", "trial_id": 21, "param_name": "l2reg", "param_value_internal": 9.879763470208707e-05, "distribution": "{\"name\": \"FloatDistribution\", \"attributes\": {\"step\": null, \"low\": 1e-08, \"high\": 0.001, \"log\": true}}"}
{"op_code": 5, "worker_id": "add2fc38-7a3b-4c0d-a909-d7b40836b58a-140404349204288", "trial_id": 21, "param_name": "random_seed", "param_value_internal": 0, "distribution": "{\"name\": \"CategoricalDistribution\", \"attributes\": {\"choices\": [42]}}"}
{"op_code": 5, "worker_id": "add2fc38-7a3b-4c0d-a909-d7b40836b58a-140404349204288", "trial_id": 21, "param_name": "degree", "param_value_internal": 0, "distribution": "{\"name\": \"CategoricalDistribution\", \"attributes\": {\"choices\": [3]}}"}
{"op_code": 8, "worker_id": "add2fc38-7a3b-4c0d-a909-d7b40836b58a-140404349204288", "trial_id": 21, "user_attr": {"best_epoch": 1}}
{"op_code": 8, "worker_id": "add2fc38-7a3b-4c0d-a909-d7b40836b58a-140404349204288", "trial_id": 21, "user_attr": {"test_loss": 0.4515754294123423}}
{"op_code": 6, "worker_id": "add2fc38-7a3b-4c0d-a909-d7b40836b58a-140404349204288", "trial_id": 21, "state": 1, "values": [0.44688661497161253], "datetime_complete": "2024-09-02T18:28:42.704358"}
{"op_code": 4, "worker_id": "add2fc38-7a3b-4c0d-a909-d7b40836b58a-140404349204288", "study_id": 0, "datetime_start": "2024-09-02T18:28:42.712905"}
{"op_code": 5, "worker_id": "add2fc38-7a3b-4c0d-a909-d7b40836b58a-140404349204288", "trial_id": 22, "param_name": "lr", "param_value_internal": 0.00014415571928732946, "distribution": "{\"name\": \"FloatDistribution\", \"attributes\": {\"step\": null, \"low\": 1e-05, \"high\": 0.001, \"log\": true}}"}
{"op_code": 5, "worker_id": "add2fc38-7a3b-4c0d-a909-d7b40836b58a-140404349204288", "trial_id": 22, "param_name": "l2reg", "param_value_internal": 2.6926292207442768e-05, "distribution": "{\"name\": \"FloatDistribution\", \"attributes\": {\"step\": null, \"low\": 1e-08, \"high\": 0.001, \"log\": true}}"}
{"op_code": 5, "worker_id": "add2fc38-7a3b-4c0d-a909-d7b40836b58a-140404349204288", "trial_id": 22, "param_name": "random_seed", "param_value_internal": 0, "distribution": "{\"name\": \"CategoricalDistribution\", \"attributes\": {\"choices\": [42]}}"}
{"op_code": 5, "worker_id": "add2fc38-7a3b-4c0d-a909-d7b40836b58a-140404349204288", "trial_id": 22, "param_name": "degree", "param_value_internal": 0, "distribution": "{\"name\": \"CategoricalDistribution\", \"attributes\": {\"choices\": [3]}}"}
{"op_code": 8, "worker_id": "add2fc38-7a3b-4c0d-a909-d7b40836b58a-140404349204288", "trial_id": 22, "user_attr": {"best_epoch": 0}}
{"op_code": 8, "worker_id": "add2fc38-7a3b-4c0d-a909-d7b40836b58a-140404349204288", "trial_id": 22, "user_attr": {"test_loss": 0.4528874537519819}}
{"op_code": 6, "worker_id": "add2fc38-7a3b-4c0d-a909-d7b40836b58a-140404349204288", "trial_id": 22, "state": 1, "values": [0.4481282812056207], "datetime_complete": "2024-09-02T18:52:12.720975"}
{"op_code": 4, "worker_id": "add2fc38-7a3b-4c0d-a909-d7b40836b58a-140404349204288", "study_id": 0, "datetime_start": "2024-09-02T18:52:12.729434"}
{"op_code": 5, "worker_id": "add2fc38-7a3b-4c0d-a909-d7b40836b58a-140404349204288", "trial_id": 23, "param_name": "lr", "param_value_internal": 0.00020485544743920598, "distribution": "{\"name\": \"FloatDistribution\", \"attributes\": {\"step\": null, \"low\": 1e-05, \"high\": 0.001, \"log\": true}}"}
{"op_code": 5, "worker_id": "add2fc38-7a3b-4c0d-a909-d7b40836b58a-140404349204288", "trial_id": 23, "param_name": "l2reg", "param_value_internal": 0.00014287880554961625, "distribution": "{\"name\": \"FloatDistribution\", \"attributes\": {\"step\": null, \"low\": 1e-08, \"high\": 0.001, \"log\": true}}"}
{"op_code": 5, "worker_id": "add2fc38-7a3b-4c0d-a909-d7b40836b58a-140404349204288", "trial_id": 23, "param_name": "random_seed", "param_value_internal": 0, "distribution": "{\"name\": \"CategoricalDistribution\", \"attributes\": {\"choices\": [42]}}"}
{"op_code": 5, "worker_id": "add2fc38-7a3b-4c0d-a909-d7b40836b58a-140404349204288", "trial_id": 23, "param_name": "degree", "param_value_internal": 0, "distribution": "{\"name\": \"CategoricalDistribution\", \"attributes\": {\"choices\": [3]}}"}
{"op_code": 8, "worker_id": "add2fc38-7a3b-4c0d-a909-d7b40836b58a-140404349204288", "trial_id": 23, "user_attr": {"best_epoch": 0}}
{"op_code": 8, "worker_id": "add2fc38-7a3b-4c0d-a909-d7b40836b58a-140404349204288", "trial_id": 23, "user_attr": {"test_loss": 0.4525089029677679}}
{"op_code": 6, "worker_id": "add2fc38-7a3b-4c0d-a909-d7b40836b58a-140404349204288", "trial_id": 23, "state": 1, "values": [0.44780474173342333], "datetime_complete": "2024-09-02T19:15:42.178891"}
{"op_code": 4, "worker_id": "add2fc38-7a3b-4c0d-a909-d7b40836b58a-140404349204288", "study_id": 0, "datetime_start": "2024-09-02T19:15:42.187266"}
{"op_code": 5, "worker_id": "add2fc38-7a3b-4c0d-a909-d7b40836b58a-140404349204288", "trial_id": 24, "param_name": "lr", "param_value_internal": 8.284335303405358e-05, "distribution": "{\"name\": \"FloatDistribution\", \"attributes\": {\"step\": null, \"low\": 1e-05, \"high\": 0.001, \"log\": true}}"}
{"op_code": 5, "worker_id": "add2fc38-7a3b-4c0d-a909-d7b40836b58a-140404349204288", "trial_id": 24, "param_name": "l2reg", "param_value_internal": 6.9905438198501535e-06, "distribution": "{\"name\": \"FloatDistribution\", \"attributes\": {\"step\": null, \"low\": 1e-08, \"high\": 0.001, \"log\": true}}"}
{"op_code": 5, "worker_id": "add2fc38-7a3b-4c0d-a909-d7b40836b58a-140404349204288", "trial_id": 24, "param_name": "random_seed", "param_value_internal": 0, "distribution": "{\"name\": \"CategoricalDistribution\", \"attributes\": {\"choices\": [42]}}"}
{"op_code": 5, "worker_id": "add2fc38-7a3b-4c0d-a909-d7b40836b58a-140404349204288", "trial_id": 24, "param_name": "degree", "param_value_internal": 0, "distribution": "{\"name\": \"CategoricalDistribution\", \"attributes\": {\"choices\": [3]}}"}
{"op_code": 8, "worker_id": "add2fc38-7a3b-4c0d-a909-d7b40836b58a-140404349204288", "trial_id": 24, "user_attr": {"best_epoch": 1}}
{"op_code": 8, "worker_id": "add2fc38-7a3b-4c0d-a909-d7b40836b58a-140404349204288", "trial_id": 24, "user_attr": {"test_loss": 0.4515317181731405}}
{"op_code": 6, "worker_id": "add2fc38-7a3b-4c0d-a909-d7b40836b58a-140404349204288", "trial_id": 24, "state": 1, "values": [0.44682072362895614], "datetime_complete": "2024-09-02T19:44:22.716798"}
{"op_code": 4, "worker_id": "add2fc38-7a3b-4c0d-a909-d7b40836b58a-140404349204288", "study_id": 0, "datetime_start": "2024-09-02T19:44:22.726317"}
{"op_code": 5, "worker_id": "add2fc38-7a3b-4c0d-a909-d7b40836b58a-140404349204288", "trial_id": 25, "param_name": "lr", "param_value_internal": 2.927213906777727e-05, "distribution": "{\"name\": \"FloatDistribution\", \"attributes\": {\"step\": null, \"low\": 1e-05, \"high\": 0.001, \"log\": true}}"}
{"op_code": 5, "worker_id": "add2fc38-7a3b-4c0d-a909-d7b40836b58a-140404349204288", "trial_id": 25, "param_name": "l2reg", "param_value_internal": 8.366994710689421e-06, "distribution": "{\"name\": \"FloatDistribution\", \"attributes\": {\"step\": null, \"low\": 1e-08, \"high\": 0.001, \"log\": true}}"}
{"op_code": 5, "worker_id": "add2fc38-7a3b-4c0d-a909-d7b40836b58a-140404349204288", "trial_id": 25, "param_name": "random_seed", "param_value_internal": 0, "distribution": "{\"name\": \"CategoricalDistribution\", \"attributes\": {\"choices\": [42]}}"}
{"op_code": 5, "worker_id": "add2fc38-7a3b-4c0d-a909-d7b40836b58a-140404349204288", "trial_id": 25, "param_name": "degree", "param_value_internal": 0, "distribution": "{\"name\": \"CategoricalDistribution\", \"attributes\": {\"choices\": [3]}}"}
{"op_code": 8, "worker_id": "add2fc38-7a3b-4c0d-a909-d7b40836b58a-140404349204288", "trial_id": 25, "user_attr": {"best_epoch": 4}}
{"op_code": 8, "worker_id": "add2fc38-7a3b-4c0d-a909-d7b40836b58a-140404349204288", "trial_id": 25, "user_attr": {"test_loss": 0.45260266262146187}}
{"op_code": 6, "worker_id": "add2fc38-7a3b-4c0d-a909-d7b40836b58a-140404349204288", "trial_id": 25, "state": 1, "values": [0.44768968002614273], "datetime_complete": "2024-09-02T20:28:35.386490"}
{"op_code": 4, "worker_id": "add2fc38-7a3b-4c0d-a909-d7b40836b58a-140404349204288", "study_id": 0, "datetime_start": "2024-09-02T20:28:35.394682"}
{"op_code": 5, "worker_id": "add2fc38-7a3b-4c0d-a909-d7b40836b58a-140404349204288", "trial_id": 26, "param_name": "lr", "param_value_internal": 7.179981329064729e-05, "distribution": "{\"name\": \"FloatDistribution\", \"attributes\": {\"step\": null, \"low\": 1e-05, \"high\": 0.001, \"log\": true}}"}
{"op_code": 5, "worker_id": "add2fc38-7a3b-4c0d-a909-d7b40836b58a-140404349204288", "trial_id": 26, "param_name": "l2reg", "param_value_internal": 2.0035313075182725e-06, "distribution": "{\"name\": \"FloatDistribution\", \"attributes\": {\"step\": null, \"low\": 1e-08, \"high\": 0.001, \"log\": true}}"}
{"op_code": 5, "worker_id": "add2fc38-7a3b-4c0d-a909-d7b40836b58a-140404349204288", "trial_id": 26, "param_name": "random_seed", "param_value_internal": 0, "distribution": "{\"name\": \"CategoricalDistribution\", \"attributes\": {\"choices\": [42]}}"}
{"op_code": 5, "worker_id": "add2fc38-7a3b-4c0d-a909-d7b40836b58a-140404349204288", "trial_id": 26, "param_name": "degree", "param_value_internal": 0, "distribution": "{\"name\": \"CategoricalDistribution\", \"attributes\": {\"choices\": [3]}}"}
{"op_code": 8, "worker_id": "add2fc38-7a3b-4c0d-a909-d7b40836b58a-140404349204288", "trial_id": 26, "user_attr": {"best_epoch": 1}}
{"op_code": 8, "worker_id": "add2fc38-7a3b-4c0d-a909-d7b40836b58a-140404349204288", "trial_id": 26, "user_attr": {"test_loss": 0.45177978422758003}}
{"op_code": 6, "worker_id": "add2fc38-7a3b-4c0d-a909-d7b40836b58a-140404349204288", "trial_id": 26, "state": 1, "values": [0.4470348514047149], "datetime_complete": "2024-09-02T20:57:15.766817"}
{"op_code": 4, "worker_id": "add2fc38-7a3b-4c0d-a909-d7b40836b58a-140404349204288", "study_id": 0, "datetime_start": "2024-09-02T20:57:15.778783"}
{"op_code": 5, "worker_id": "add2fc38-7a3b-4c0d-a909-d7b40836b58a-140404349204288", "trial_id": 27, "param_name": "lr", "param_value_internal": 4.211820672276472e-05, "distribution": "{\"name\": \"FloatDistribution\", \"attributes\": {\"step\": null, \"low\": 1e-05, \"high\": 0.001, \"log\": true}}"}
{"op_code": 5, "worker_id": "add2fc38-7a3b-4c0d-a909-d7b40836b58a-140404349204288", "trial_id": 27, "param_name": "l2reg", "param_value_internal": 3.805346375242412e-05, "distribution": "{\"name\": \"FloatDistribution\", \"attributes\": {\"step\": null, \"low\": 1e-08, \"high\": 0.001, \"log\": true}}"}
{"op_code": 5, "worker_id": "add2fc38-7a3b-4c0d-a909-d7b40836b58a-140404349204288", "trial_id": 27, "param_name": "random_seed", "param_value_internal": 0, "distribution": "{\"name\": \"CategoricalDistribution\", \"attributes\": {\"choices\": [42]}}"}
{"op_code": 5, "worker_id": "add2fc38-7a3b-4c0d-a909-d7b40836b58a-140404349204288", "trial_id": 27, "param_name": "degree", "param_value_internal": 0, "distribution": "{\"name\": \"CategoricalDistribution\", \"attributes\": {\"choices\": [3]}}"}
{"op_code": 8, "worker_id": "add2fc38-7a3b-4c0d-a909-d7b40836b58a-140404349204288", "trial_id": 27, "user_attr": {"best_epoch": 2}}
{"op_code": 8, "worker_id": "add2fc38-7a3b-4c0d-a909-d7b40836b58a-140404349204288", "trial_id": 27, "user_attr": {"test_loss": 0.4525522324494221}}
{"op_code": 6, "worker_id": "add2fc38-7a3b-4c0d-a909-d7b40836b58a-140404349204288", "trial_id": 27, "state": 1, "values": [0.4477336584889122], "datetime_complete": "2024-09-02T21:31:07.169166"}
{"op_code": 4, "worker_id": "add2fc38-7a3b-4c0d-a909-d7b40836b58a-140404349204288", "study_id": 0, "datetime_start": "2024-09-02T21:31:07.179181"}
{"op_code": 5, "worker_id": "add2fc38-7a3b-4c0d-a909-d7b40836b58a-140404349204288", "trial_id": 28, "param_name": "lr", "param_value_internal": 0.00028818386329330204, "distribution": "{\"name\": \"FloatDistribution\", \"attributes\": {\"step\": null, \"low\": 1e-05, \"high\": 0.001, \"log\": true}}"}
{"op_code": 5, "worker_id": "add2fc38-7a3b-4c0d-a909-d7b40836b58a-140404349204288", "trial_id": 28, "param_name": "l2reg", "param_value_internal": 1.9868492573782278e-06, "distribution": "{\"name\": \"FloatDistribution\", \"attributes\": {\"step\": null, \"low\": 1e-08, \"high\": 0.001, \"log\": true}}"}
{"op_code": 5, "worker_id": "add2fc38-7a3b-4c0d-a909-d7b40836b58a-140404349204288", "trial_id": 28, "param_name": "random_seed", "param_value_internal": 0, "distribution": "{\"name\": \"CategoricalDistribution\", \"attributes\": {\"choices\": [42]}}"}
{"op_code": 5, "worker_id": "add2fc38-7a3b-4c0d-a909-d7b40836b58a-140404349204288", "trial_id": 28, "param_name": "degree", "param_value_internal": 0, "distribution": "{\"name\": \"CategoricalDistribution\", \"attributes\": {\"choices\": [3]}}"}
{"op_code": 8, "worker_id": "add2fc38-7a3b-4c0d-a909-d7b40836b58a-140404349204288", "trial_id": 28, "user_attr": {"best_epoch": 0}}
{"op_code": 8, "worker_id": "add2fc38-7a3b-4c0d-a909-d7b40836b58a-140404349204288", "trial_id": 28, "user_attr": {"test_loss": 0.45253112125703904}}
{"op_code": 6, "worker_id": "add2fc38-7a3b-4c0d-a909-d7b40836b58a-140404349204288", "trial_id": 28, "state": 1, "values": [0.4478866287148821], "datetime_complete": "2024-09-02T21:54:36.186191"}
{"op_code": 4, "worker_id": "add2fc38-7a3b-4c0d-a909-d7b40836b58a-140404349204288", "study_id": 0, "datetime_start": "2024-09-02T21:54:36.194551"}
{"op_code": 5, "worker_id": "add2fc38-7a3b-4c0d-a909-d7b40836b58a-140404349204288", "trial_id": 29, "param_name": "lr", "param_value_internal": 0.00013309591485509103, "distribution": "{\"name\": \"FloatDistribution\", \"attributes\": {\"step\": null, \"low\": 1e-05, \"high\": 0.001, \"log\": true}}"}
{"op_code": 5, "worker_id": "add2fc38-7a3b-4c0d-a909-d7b40836b58a-140404349204288", "trial_id": 29, "param_name": "l2reg", "param_value_internal": 0.0002674430041190545, "distribution": "{\"name\": \"FloatDistribution\", \"attributes\": {\"step\": null, \"low\": 1e-08, \"high\": 0.001, \"log\": true}}"}
{"op_code": 5, "worker_id": "add2fc38-7a3b-4c0d-a909-d7b40836b58a-140404349204288", "trial_id": 29, "param_name": "random_seed", "param_value_internal": 0, "distribution": "{\"name\": \"CategoricalDistribution\", \"attributes\": {\"choices\": [42]}}"}
{"op_code": 5, "worker_id": "add2fc38-7a3b-4c0d-a909-d7b40836b58a-140404349204288", "trial_id": 29, "param_name": "degree", "param_value_internal": 0, "distribution": "{\"name\": \"CategoricalDistribution\", \"attributes\": {\"choices\": [3]}}"}
{"op_code": 8, "worker_id": "add2fc38-7a3b-4c0d-a909-d7b40836b58a-140404349204288", "trial_id": 29, "user_attr": {"best_epoch": 1}}
{"op_code": 8, "worker_id": "add2fc38-7a3b-4c0d-a909-d7b40836b58a-140404349204288", "trial_id": 29, "user_attr": {"test_loss": 0.4525565844854649}}
{"op_code": 6, "worker_id": "add2fc38-7a3b-4c0d-a909-d7b40836b58a-140404349204288", "trial_id": 29, "state": 1, "values": [0.44781390391316694], "datetime_complete": "2024-09-02T22:23:16.365467"}
{"op_code": 4, "worker_id": "add2fc38-7a3b-4c0d-a909-d7b40836b58a-140404349204288", "study_id": 0, "datetime_start": "2024-09-02T22:23:16.373924"}
{"op_code": 5, "worker_id": "add2fc38-7a3b-4c0d-a909-d7b40836b58a-140404349204288", "trial_id": 30, "param_name": "lr", "param_value_internal": 4.663072570712844e-05, "distribution": "{\"name\": \"FloatDistribution\", \"attributes\": {\"step\": null, \"low\": 1e-05, \"high\": 0.001, \"log\": true}}"}
{"op_code": 5, "worker_id": "add2fc38-7a3b-4c0d-a909-d7b40836b58a-140404349204288", "trial_id": 30, "param_name": "l2reg", "param_value_internal": 8.00049219355768e-06, "distribution": "{\"name\": \"FloatDistribution\", \"attributes\": {\"step\": null, \"low\": 1e-08, \"high\": 0.001, \"log\": true}}"}
{"op_code": 5, "worker_id": "add2fc38-7a3b-4c0d-a909-d7b40836b58a-140404349204288", "trial_id": 30, "param_name": "random_seed", "param_value_internal": 0, "distribution": "{\"name\": \"CategoricalDistribution\", \"attributes\": {\"choices\": [42]}}"}
{"op_code": 5, "worker_id": "add2fc38-7a3b-4c0d-a909-d7b40836b58a-140404349204288", "trial_id": 30, "param_name": "degree", "param_value_internal": 0, "distribution": "{\"name\": \"CategoricalDistribution\", \"attributes\": {\"choices\": [3]}}"}
{"op_code": 8, "worker_id": "add2fc38-7a3b-4c0d-a909-d7b40836b58a-140404349204288", "trial_id": 30, "user_attr": {"best_epoch": 2}}
{"op_code": 8, "worker_id": "add2fc38-7a3b-4c0d-a909-d7b40836b58a-140404349204288", "trial_id": 30, "user_attr": {"test_loss": 0.45212348054769685}}
{"op_code": 6, "worker_id": "add2fc38-7a3b-4c0d-a909-d7b40836b58a-140404349204288", "trial_id": 30, "state": 1, "values": [0.4472827265425293], "datetime_complete": "2024-09-02T22:57:10.957043"}
{"op_code": 4, "worker_id": "add2fc38-7a3b-4c0d-a909-d7b40836b58a-140404349204288", "study_id": 0, "datetime_start": "2024-09-02T22:57:10.966689"}
{"op_code": 5, "worker_id": "add2fc38-7a3b-4c0d-a909-d7b40836b58a-140404349204288", "trial_id": 31, "param_name": "lr", "param_value_internal": 8.584320561865559e-05, "distribution": "{\"name\": \"FloatDistribution\", \"attributes\": {\"step\": null, \"low\": 1e-05, \"high\": 0.001, \"log\": true}}"}
{"op_code": 5, "worker_id": "add2fc38-7a3b-4c0d-a909-d7b40836b58a-140404349204288", "trial_id": 31, "param_name": "l2reg", "param_value_internal": 6.486151810330806e-05, "distribution": "{\"name\": \"FloatDistribution\", \"attributes\": {\"step\": null, \"low\": 1e-08, \"high\": 0.001, \"log\": true}}"}
{"op_code": 5, "worker_id": "add2fc38-7a3b-4c0d-a909-d7b40836b58a-140404349204288", "trial_id": 31, "param_name": "random_seed", "param_value_internal": 0, "distribution": "{\"name\": \"CategoricalDistribution\", \"attributes\": {\"choices\": [42]}}"}
{"op_code": 5, "worker_id": "add2fc38-7a3b-4c0d-a909-d7b40836b58a-140404349204288", "trial_id": 31, "param_name": "degree", "param_value_internal": 0, "distribution": "{\"name\": \"CategoricalDistribution\", \"attributes\": {\"choices\": [3]}}"}
{"op_code": 8, "worker_id": "add2fc38-7a3b-4c0d-a909-d7b40836b58a-140404349204288", "trial_id": 31, "user_attr": {"best_epoch": 1}}
{"op_code": 8, "worker_id": "add2fc38-7a3b-4c0d-a909-d7b40836b58a-140404349204288", "trial_id": 31, "user_attr": {"test_loss": 0.4515177076711431}}
{"op_code": 6, "worker_id": "add2fc38-7a3b-4c0d-a909-d7b40836b58a-140404349204288", "trial_id": 31, "state": 1, "values": [0.4468144246303824], "datetime_complete": "2024-09-02T23:25:51.322930"}
{"op_code": 4, "worker_id": "add2fc38-7a3b-4c0d-a909-d7b40836b58a-140404349204288", "study_id": 0, "datetime_start": "2024-09-02T23:25:51.332855"}
{"op_code": 5, "worker_id": "add2fc38-7a3b-4c0d-a909-d7b40836b58a-140404349204288", "trial_id": 32, "param_name": "lr", "param_value_internal": 7.816838969261055e-05, "distribution": "{\"name\": \"FloatDistribution\", \"attributes\": {\"step\": null, \"low\": 1e-05, \"high\": 0.001, \"log\": true}}"}
{"op_code": 5, "worker_id": "add2fc38-7a3b-4c0d-a909-d7b40836b58a-140404349204288", "trial_id": 32, "param_name": "l2reg", "param_value_internal": 1.6752110097651676e-05, "distribution": "{\"name\": \"FloatDistribution\", \"attributes\": {\"step\": null, \"low\": 1e-08, \"high\": 0.001, \"log\": true}}"}
{"op_code": 5, "worker_id": "add2fc38-7a3b-4c0d-a909-d7b40836b58a-140404349204288", "trial_id": 32, "param_name": "random_seed", "param_value_internal": 0, "distribution": "{\"name\": \"CategoricalDistribution\", \"attributes\": {\"choices\": [42]}}"}
{"op_code": 5, "worker_id": "add2fc38-7a3b-4c0d-a909-d7b40836b58a-140404349204288", "trial_id": 32, "param_name": "degree", "param_value_internal": 0, "distribution": "{\"name\": \"CategoricalDistribution\", \"attributes\": {\"choices\": [3]}}"}
{"op_code": 8, "worker_id": "add2fc38-7a3b-4c0d-a909-d7b40836b58a-140404349204288", "trial_id": 32, "user_attr": {"best_epoch": 1}}
{"op_code": 8, "worker_id": "add2fc38-7a3b-4c0d-a909-d7b40836b58a-140404349204288", "trial_id": 32, "user_attr": {"test_loss": 0.45159413553217537}}
{"op_code": 6, "worker_id": "add2fc38-7a3b-4c0d-a909-d7b40836b58a-140404349204288", "trial_id": 32, "state": 1, "values": [0.4468697031148357], "datetime_complete": "2024-09-02T23:54:32.158453"}
{"op_code": 4, "worker_id": "add2fc38-7a3b-4c0d-a909-d7b40836b58a-140404349204288", "study_id": 0, "datetime_start": "2024-09-02T23:54:32.168634"}
{"op_code": 5, "worker_id": "add2fc38-7a3b-4c0d-a909-d7b40836b58a-140404349204288", "trial_id": 33, "param_name": "lr", "param_value_internal": 0.00021621592821735152, "distribution": "{\"name\": \"FloatDistribution\", \"attributes\": {\"step\": null, \"low\": 1e-05, \"high\": 0.001, \"log\": true}}"}
{"op_code": 5, "worker_id": "add2fc38-7a3b-4c0d-a909-d7b40836b58a-140404349204288", "trial_id": 33, "param_name": "l2reg", "param_value_internal": 4.972630616152814e-05, "distribution": "{\"name\": \"FloatDistribution\", \"attributes\": {\"step\": null, \"low\": 1e-08, \"high\": 0.001, \"log\": true}}"}
{"op_code": 5, "worker_id": "add2fc38-7a3b-4c0d-a909-d7b40836b58a-140404349204288", "trial_id": 33, "param_name": "random_seed", "param_value_internal": 0, "distribution": "{\"name\": \"CategoricalDistribution\", \"attributes\": {\"choices\": [42]}}"}
{"op_code": 5, "worker_id": "add2fc38-7a3b-4c0d-a909-d7b40836b58a-140404349204288", "trial_id": 33, "param_name": "degree", "param_value_internal": 0, "distribution": "{\"name\": \"CategoricalDistribution\", \"attributes\": {\"choices\": [3]}}"}
{"op_code": 8, "worker_id": "add2fc38-7a3b-4c0d-a909-d7b40836b58a-140404349204288", "trial_id": 33, "user_attr": {"best_epoch": 0}}
{"op_code": 8, "worker_id": "add2fc38-7a3b-4c0d-a909-d7b40836b58a-140404349204288", "trial_id": 33, "user_attr": {"test_loss": 0.45254413918941266}}
{"op_code": 6, "worker_id": "add2fc38-7a3b-4c0d-a909-d7b40836b58a-140404349204288", "trial_id": 33, "state": 1, "values": [0.4478426120763637], "datetime_complete": "2024-09-03T00:18:01.473113"}
{"op_code": 4, "worker_id": "add2fc38-7a3b-4c0d-a909-d7b40836b58a-140404349204288", "study_id": 0, "datetime_start": "2024-09-03T00:18:01.482283"}
{"op_code": 5, "worker_id": "add2fc38-7a3b-4c0d-a909-d7b40836b58a-140404349204288", "trial_id": 34, "param_name": "lr", "param_value_internal": 5.977799565497151e-05, "distribution": "{\"name\": \"FloatDistribution\", \"attributes\": {\"step\": null, \"low\": 1e-05, \"high\": 0.001, \"log\": true}}"}
{"op_code": 5, "worker_id": "add2fc38-7a3b-4c0d-a909-d7b40836b58a-140404349204288", "trial_id": 34, "param_name": "l2reg", "param_value_internal": 0.00038000380129091064, "distribution": "{\"name\": \"FloatDistribution\", \"attributes\": {\"step\": null, \"low\": 1e-08, \"high\": 0.001, \"log\": true}}"}
{"op_code": 5, "worker_id": "add2fc38-7a3b-4c0d-a909-d7b40836b58a-140404349204288", "trial_id": 34, "param_name": "random_seed", "param_value_internal": 0, "distribution": "{\"name\": \"CategoricalDistribution\", \"attributes\": {\"choices\": [42]}}"}
{"op_code": 5, "worker_id": "add2fc38-7a3b-4c0d-a909-d7b40836b58a-140404349204288", "trial_id": 34, "param_name": "degree", "param_value_internal": 0, "distribution": "{\"name\": \"CategoricalDistribution\", \"attributes\": {\"choices\": [3]}}"}
{"op_code": 8, "worker_id": "add2fc38-7a3b-4c0d-a909-d7b40836b58a-140404349204288", "trial_id": 34, "user_attr": {"best_epoch": 2}}
{"op_code": 8, "worker_id": "add2fc38-7a3b-4c0d-a909-d7b40836b58a-140404349204288", "trial_id": 34, "user_attr": {"test_loss": 0.4519188585021758}}
{"op_code": 6, "worker_id": "add2fc38-7a3b-4c0d-a909-d7b40836b58a-140404349204288", "trial_id": 34, "state": 1, "values": [0.447028056121405], "datetime_complete": "2024-09-03T00:51:51.626824"}
{"op_code": 4, "worker_id": "add2fc38-7a3b-4c0d-a909-d7b40836b58a-140404349204288", "study_id": 0, "datetime_start": "2024-09-03T00:51:51.636878"}
{"op_code": 5, "worker_id": "add2fc38-7a3b-4c0d-a909-d7b40836b58a-140404349204288", "trial_id": 35, "param_name": "lr", "param_value_internal": 0.00011244798833027134, "distribution": "{\"name\": \"FloatDistribution\", \"attributes\": {\"step\": null, \"low\": 1e-05, \"high\": 0.001, \"log\": true}}"}
{"op_code": 5, "worker_id": "add2fc38-7a3b-4c0d-a909-d7b40836b58a-140404349204288", "trial_id": 35, "param_name": "l2reg", "param_value_internal": 1.1630904543168138e-05, "distribution": "{\"name\": \"FloatDistribution\", \"attributes\": {\"step\": null, \"low\": 1e-08, \"high\": 0.001, \"log\": true}}"}
{"op_code": 5, "worker_id": "add2fc38-7a3b-4c0d-a909-d7b40836b58a-140404349204288", "trial_id": 35, "param_name": "random_seed", "param_value_internal": 0, "distribution": "{\"name\": \"CategoricalDistribution\", \"attributes\": {\"choices\": [42]}}"}
{"op_code": 5, "worker_id": "add2fc38-7a3b-4c0d-a909-d7b40836b58a-140404349204288", "trial_id": 35, "param_name": "degree", "param_value_internal": 0, "distribution": "{\"name\": \"CategoricalDistribution\", \"attributes\": {\"choices\": [3]}}"}
{"op_code": 8, "worker_id": "add2fc38-7a3b-4c0d-a909-d7b40836b58a-140404349204288", "trial_id": 35, "user_attr": {"best_epoch": 1}}
{"op_code": 8, "worker_id": "add2fc38-7a3b-4c0d-a909-d7b40836b58a-140404349204288", "trial_id": 35, "user_attr": {"test_loss": 0.451937221040216}}
{"op_code": 6, "worker_id": "add2fc38-7a3b-4c0d-a909-d7b40836b58a-140404349204288", "trial_id": 35, "state": 1, "values": [0.4472425274789041], "datetime_complete": "2024-09-03T01:20:32.442428"}
{"op_code": 4, "worker_id": "add2fc38-7a3b-4c0d-a909-d7b40836b58a-140404349204288", "study_id": 0, "datetime_start": "2024-09-03T01:20:32.451816"}
{"op_code": 5, "worker_id": "add2fc38-7a3b-4c0d-a909-d7b40836b58a-140404349204288", "trial_id": 36, "param_name": "lr", "param_value_internal": 0.00039174531547929084, "distribution": "{\"name\": \"FloatDistribution\", \"attributes\": {\"step\": null, \"low\": 1e-05, \"high\": 0.001, \"log\": true}}"}
{"op_code": 5, "worker_id": "add2fc38-7a3b-4c0d-a909-d7b40836b58a-140404349204288", "trial_id": 36, "param_name": "l2reg", "param_value_internal": 5.422610454755682e-06, "distribution": "{\"name\": \"FloatDistribution\", \"attributes\": {\"step\": null, \"low\": 1e-08, \"high\": 0.001, \"log\": true}}"}
{"op_code": 5, "worker_id": "add2fc38-7a3b-4c0d-a909-d7b40836b58a-140404349204288", "trial_id": 36, "param_name": "random_seed", "param_value_internal": 0, "distribution": "{\"name\": \"CategoricalDistribution\", \"attributes\": {\"choices\": [42]}}"}
{"op_code": 5, "worker_id": "add2fc38-7a3b-4c0d-a909-d7b40836b58a-140404349204288", "trial_id": 36, "param_name": "degree", "param_value_internal": 0, "distribution": "{\"name\": \"CategoricalDistribution\", \"attributes\": {\"choices\": [3]}}"}
{"op_code": 8, "worker_id": "add2fc38-7a3b-4c0d-a909-d7b40836b58a-140404349204288", "trial_id": 36, "user_attr": {"best_epoch": 0}}
{"op_code": 8, "worker_id": "add2fc38-7a3b-4c0d-a909-d7b40836b58a-140404349204288", "trial_id": 36, "user_attr": {"test_loss": 0.4527028358019558}}
{"op_code": 6, "worker_id": "add2fc38-7a3b-4c0d-a909-d7b40836b58a-140404349204288", "trial_id": 36, "state": 1, "values": [0.44810281798108315], "datetime_complete": "2024-09-03T01:44:03.210417"}
{"op_code": 4, "worker_id": "add2fc38-7a3b-4c0d-a909-d7b40836b58a-140404349204288", "study_id": 0, "datetime_start": "2024-09-03T01:44:03.218812"}
{"op_code": 5, "worker_id": "add2fc38-7a3b-4c0d-a909-d7b40836b58a-140404349204288", "trial_id": 37, "param_name": "lr", "param_value_internal": 8.282133395994374e-05, "distribution": "{\"name\": \"FloatDistribution\", \"attributes\": {\"step\": null, \"low\": 1e-05, \"high\": 0.001, \"log\": true}}"}
{"op_code": 5, "worker_id": "add2fc38-7a3b-4c0d-a909-d7b40836b58a-140404349204288", "trial_id": 37, "param_name": "l2reg", "param_value_internal": 2.019672387423099e-05, "distribution": "{\"name\": \"FloatDistribution\", \"attributes\": {\"step\": null, \"low\": 1e-08, \"high\": 0.001, \"log\": true}}"}
{"op_code": 5, "worker_id": "add2fc38-7a3b-4c0d-a909-d7b40836b58a-140404349204288", "trial_id": 37, "param_name": "random_seed", "param_value_internal": 0, "distribution": "{\"name\": \"CategoricalDistribution\", \"attributes\": {\"choices\": [42]}}"}
{"op_code": 5, "worker_id": "add2fc38-7a3b-4c0d-a909-d7b40836b58a-140404349204288", "trial_id": 37, "param_name": "degree", "param_value_internal": 0, "distribution": "{\"name\": \"CategoricalDistribution\", \"attributes\": {\"choices\": [3]}}"}
{"op_code": 8, "worker_id": "add2fc38-7a3b-4c0d-a909-d7b40836b58a-140404349204288", "trial_id": 37, "user_attr": {"best_epoch": 1}}
{"op_code": 8, "worker_id": "add2fc38-7a3b-4c0d-a909-d7b40836b58a-140404349204288", "trial_id": 37, "user_attr": {"test_loss": 0.4515317181731405}}
{"op_code": 6, "worker_id": "add2fc38-7a3b-4c0d-a909-d7b40836b58a-140404349204288", "trial_id": 37, "state": 1, "values": [0.4468207618047051], "datetime_complete": "2024-09-03T02:12:46.847348"}
{"op_code": 4, "worker_id": "add2fc38-7a3b-4c0d-a909-d7b40836b58a-140404349204288", "study_id": 0, "datetime_start": "2024-09-03T02:12:46.856328"}
{"op_code": 5, "worker_id": "add2fc38-7a3b-4c0d-a909-d7b40836b58a-140404349204288", "trial_id": 38, "param_name": "lr", "param_value_internal": 1.933537149072271e-05, "distribution": "{\"name\": \"FloatDistribution\", \"attributes\": {\"step\": null, \"low\": 1e-05, \"high\": 0.001, \"log\": true}}"}
{"op_code": 5, "worker_id": "add2fc38-7a3b-4c0d-a909-d7b40836b58a-140404349204288", "trial_id": 38, "param_name": "l2reg", "param_value_internal": 1.7318945902290383e-06, "distribution": "{\"name\": \"FloatDistribution\", \"attributes\": {\"step\": null, \"low\": 1e-08, \"high\": 0.001, \"log\": true}}"}
{"op_code": 5, "worker_id": "add2fc38-7a3b-4c0d-a909-d7b40836b58a-140404349204288", "trial_id": 38, "param_name": "random_seed", "param_value_internal": 0, "distribution": "{\"name\": \"CategoricalDistribution\", \"attributes\": {\"choices\": [42]}}"}
{"op_code": 5, "worker_id": "add2fc38-7a3b-4c0d-a909-d7b40836b58a-140404349204288", "trial_id": 38, "param_name": "degree", "param_value_internal": 0, "distribution": "{\"name\": \"CategoricalDistribution\", \"attributes\": {\"choices\": [3]}}"}
{"op_code": 8, "worker_id": "add2fc38-7a3b-4c0d-a909-d7b40836b58a-140404349204288", "trial_id": 38, "user_attr": {"best_epoch": 7}}
{"op_code": 8, "worker_id": "add2fc38-7a3b-4c0d-a909-d7b40836b58a-140404349204288", "trial_id": 38, "user_attr": {"test_loss": 0.45282312760520893}}
{"op_code": 6, "worker_id": "add2fc38-7a3b-4c0d-a909-d7b40836b58a-140404349204288", "trial_id": 38, "state": 1, "values": [0.44758305515937613], "datetime_complete": "2024-09-03T03:07:18.685268"}
{"op_code": 4, "worker_id": "add2fc38-7a3b-4c0d-a909-d7b40836b58a-140404349204288", "study_id": 0, "datetime_start": "2024-09-03T03:07:18.706602"}
{"op_code": 5, "worker_id": "add2fc38-7a3b-4c0d-a909-d7b40836b58a-140404349204288", "trial_id": 39, "param_name": "lr", "param_value_internal": 3.2367871286896835e-05, "distribution": "{\"name\": \"FloatDistribution\", \"attributes\": {\"step\": null, \"low\": 1e-05, \"high\": 0.001, \"log\": true}}"}
{"op_code": 5, "worker_id": "add2fc38-7a3b-4c0d-a909-d7b40836b58a-140404349204288", "trial_id": 39, "param_name": "l2reg", "param_value_internal": 0.00018417766989516882, "distribution": "{\"name\": \"FloatDistribution\", \"attributes\": {\"step\": null, \"low\": 1e-08, \"high\": 0.001, \"log\": true}}"}
{"op_code": 5, "worker_id": "add2fc38-7a3b-4c0d-a909-d7b40836b58a-140404349204288", "trial_id": 39, "param_name": "random_seed", "param_value_internal": 0, "distribution": "{\"name\": \"CategoricalDistribution\", \"attributes\": {\"choices\": [42]}}"}
{"op_code": 5, "worker_id": "add2fc38-7a3b-4c0d-a909-d7b40836b58a-140404349204288", "trial_id": 39, "param_name": "degree", "param_value_internal": 0, "distribution": "{\"name\": \"CategoricalDistribution\", \"attributes\": {\"choices\": [3]}}"}
{"op_code": 8, "worker_id": "add2fc38-7a3b-4c0d-a909-d7b40836b58a-140404349204288", "trial_id": 39, "user_attr": {"best_epoch": 4}}
{"op_code": 8, "worker_id": "add2fc38-7a3b-4c0d-a909-d7b40836b58a-140404349204288", "trial_id": 39, "user_attr": {"test_loss": 0.45257246559944564}}
{"op_code": 6, "worker_id": "add2fc38-7a3b-4c0d-a909-d7b40836b58a-140404349204288", "trial_id": 39, "state": 1, "values": [0.4476396316192931], "datetime_complete": "2024-09-03T03:51:30.913357"}
{"op_code": 4, "worker_id": "add2fc38-7a3b-4c0d-a909-d7b40836b58a-140404349204288", "study_id": 0, "datetime_start": "2024-09-03T03:51:30.924152"}
{"op_code": 5, "worker_id": "add2fc38-7a3b-4c0d-a909-d7b40836b58a-140404349204288", "trial_id": 40, "param_name": "lr", "param_value_internal": 0.00016256365604371367, "distribution": "{\"name\": \"FloatDistribution\", \"attributes\": {\"step\": null, \"low\": 1e-05, \"high\": 0.001, \"log\": true}}"}
{"op_code": 5, "worker_id": "add2fc38-7a3b-4c0d-a909-d7b40836b58a-140404349204288", "trial_id": 40, "param_name": "l2reg", "param_value_internal": 5.130400269865084e-05, "distribution": "{\"name\": \"FloatDistribution\", \"attributes\": {\"step\": null, \"low\": 1e-08, \"high\": 0.001, \"log\": true}}"}
{"op_code": 5, "worker_id": "add2fc38-7a3b-4c0d-a909-d7b40836b58a-140404349204288", "trial_id": 40, "param_name": "random_seed", "param_value_internal": 0, "distribution": "{\"name\": \"CategoricalDistribution\", \"attributes\": {\"choices\": [42]}}"}
{"op_code": 5, "worker_id": "add2fc38-7a3b-4c0d-a909-d7b40836b58a-140404349204288", "trial_id": 40, "param_name": "degree", "param_value_internal": 0, "distribution": "{\"name\": \"CategoricalDistribution\", \"attributes\": {\"choices\": [3]}}"}
{"op_code": 8, "worker_id": "add2fc38-7a3b-4c0d-a909-d7b40836b58a-140404349204288", "trial_id": 40, "user_attr": {"best_epoch": 0}}
{"op_code": 8, "worker_id": "add2fc38-7a3b-4c0d-a909-d7b40836b58a-140404349204288", "trial_id": 40, "user_attr": {"test_loss": 0.4526339667403662}}
{"op_code": 6, "worker_id": "add2fc38-7a3b-4c0d-a909-d7b40836b58a-140404349204288", "trial_id": 40, "state": 1, "values": [0.44790262435368455], "datetime_complete": "2024-09-03T04:15:02.536948"}
{"op_code": 4, "worker_id": "add2fc38-7a3b-4c0d-a909-d7b40836b58a-140404349204288", "study_id": 0, "datetime_start": "2024-09-03T04:15:02.547919"}
{"op_code": 5, "worker_id": "add2fc38-7a3b-4c0d-a909-d7b40836b58a-140404349204288", "trial_id": 41, "param_name": "lr", "param_value_internal": 8.232265745928439e-05, "distribution": "{\"name\": \"FloatDistribution\", \"attributes\": {\"step\": null, \"low\": 1e-05, \"high\": 0.001, \"log\": true}}"}
{"op_code": 5, "worker_id": "add2fc38-7a3b-4c0d-a909-d7b40836b58a-140404349204288", "trial_id": 41, "param_name": "l2reg", "param_value_internal": 2.1642641744182433e-05, "distribution": "{\"name\": \"FloatDistribution\", \"attributes\": {\"step\": null, \"low\": 1e-08, \"high\": 0.001, \"log\": true}}"}
{"op_code": 5, "worker_id": "add2fc38-7a3b-4c0d-a909-d7b40836b58a-140404349204288", "trial_id": 41, "param_name": "random_seed", "param_value_internal": 0, "distribution": "{\"name\": \"CategoricalDistribution\", \"attributes\": {\"choices\": [42]}}"}
{"op_code": 5, "worker_id": "add2fc38-7a3b-4c0d-a909-d7b40836b58a-140404349204288", "trial_id": 41, "param_name": "degree", "param_value_internal": 0, "distribution": "{\"name\": \"CategoricalDistribution\", \"attributes\": {\"choices\": [3]}}"}
{"op_code": 8, "worker_id": "add2fc38-7a3b-4c0d-a909-d7b40836b58a-140404349204288", "trial_id": 41, "user_attr": {"best_epoch": 1}}
{"op_code": 8, "worker_id": "add2fc38-7a3b-4c0d-a909-d7b40836b58a-140404349204288", "trial_id": 41, "user_attr": {"test_loss": 0.45153599385767373}}
{"op_code": 6, "worker_id": "add2fc38-7a3b-4c0d-a909-d7b40836b58a-140404349204288", "trial_id": 41, "state": 1, "values": [0.4468240449191132], "datetime_complete": "2024-09-03T04:43:42.345727"}
{"op_code": 4, "worker_id": "add2fc38-7a3b-4c0d-a909-d7b40836b58a-140404349204288", "study_id": 0, "datetime_start": "2024-09-03T04:43:42.356250"}
{"op_code": 5, "worker_id": "add2fc38-7a3b-4c0d-a909-d7b40836b58a-140404349204288", "trial_id": 42, "param_name": "lr", "param_value_internal": 7.48153438276081e-05, "distribution": "{\"name\": \"FloatDistribution\", \"attributes\": {\"step\": null, \"low\": 1e-05, \"high\": 0.001, \"log\": true}}"}
{"op_code": 5, "worker_id": "add2fc38-7a3b-4c0d-a909-d7b40836b58a-140404349204288", "trial_id": 42, "param_name": "l2reg", "param_value_internal": 1.4516483869268083e-05, "distribution": "{\"name\": \"FloatDistribution\", \"attributes\": {\"step\": null, \"low\": 1e-08, \"high\": 0.001, \"log\": true}}"}
{"op_code": 5, "worker_id": "add2fc38-7a3b-4c0d-a909-d7b40836b58a-140404349204288", "trial_id": 42, "param_name": "random_seed", "param_value_internal": 0, "distribution": "{\"name\": \"CategoricalDistribution\", \"attributes\": {\"choices\": [42]}}"}
{"op_code": 5, "worker_id": "add2fc38-7a3b-4c0d-a909-d7b40836b58a-140404349204288", "trial_id": 42, "param_name": "degree", "param_value_internal": 0, "distribution": "{\"name\": \"CategoricalDistribution\", \"attributes\": {\"choices\": [3]}}"}
{"op_code": 8, "worker_id": "add2fc38-7a3b-4c0d-a909-d7b40836b58a-140404349204288", "trial_id": 42, "user_attr": {"best_epoch": 1}}
{"op_code": 8, "worker_id": "add2fc38-7a3b-4c0d-a909-d7b40836b58a-140404349204288", "trial_id": 42, "user_attr": {"test_loss": 0.4516756789443457}}
{"op_code": 6, "worker_id": "add2fc38-7a3b-4c0d-a909-d7b40836b58a-140404349204288", "trial_id": 42, "state": 1, "values": [0.4469404427776064], "datetime_complete": "2024-09-03T05:12:24.087764"}
{"op_code": 4, "worker_id": "add2fc38-7a3b-4c0d-a909-d7b40836b58a-140404349204288", "study_id": 0, "datetime_start": "2024-09-03T05:12:24.096177"}
{"op_code": 5, "worker_id": "add2fc38-7a3b-4c0d-a909-d7b40836b58a-140404349204288", "trial_id": 43, "param_name": "lr", "param_value_internal": 0.0001287032932063361, "distribution": "{\"name\": \"FloatDistribution\", \"attributes\": {\"step\": null, \"low\": 1e-05, \"high\": 0.001, \"log\": true}}"}
{"op_code": 5, "worker_id": "add2fc38-7a3b-4c0d-a909-d7b40836b58a-140404349204288", "trial_id": 43, "param_name": "l2reg", "param_value_internal": 7.972284892373555e-06, "distribution": "{\"name\": \"FloatDistribution\", \"attributes\": {\"step\": null, \"low\": 1e-08, \"high\": 0.001, \"log\": true}}"}
{"op_code": 5, "worker_id": "add2fc38-7a3b-4c0d-a909-d7b40836b58a-140404349204288", "trial_id": 43, "param_name": "random_seed", "param_value_internal": 0, "distribution": "{\"name\": \"CategoricalDistribution\", \"attributes\": {\"choices\": [42]}}"}
{"op_code": 5, "worker_id": "add2fc38-7a3b-4c0d-a909-d7b40836b58a-140404349204288", "trial_id": 43, "param_name": "degree", "param_value_internal": 0, "distribution": "{\"name\": \"CategoricalDistribution\", \"attributes\": {\"choices\": [3]}}"}
{"op_code": 8, "worker_id": "add2fc38-7a3b-4c0d-a909-d7b40836b58a-140404349204288", "trial_id": 43, "user_attr": {"best_epoch": 1}}
{"op_code": 8, "worker_id": "add2fc38-7a3b-4c0d-a909-d7b40836b58a-140404349204288", "trial_id": 43, "user_attr": {"test_loss": 0.452448088990433}}
{"op_code": 6, "worker_id": "add2fc38-7a3b-4c0d-a909-d7b40836b58a-140404349204288", "trial_id": 43, "state": 1, "values": [0.44771449426294846], "datetime_complete": "2024-09-03T05:41:08.179432"}
{"op_code": 4, "worker_id": "add2fc38-7a3b-4c0d-a909-d7b40836b58a-140404349204288", "study_id": 0, "datetime_start": "2024-09-03T05:41:08.188906"}
{"op_code": 5, "worker_id": "add2fc38-7a3b-4c0d-a909-d7b40836b58a-140404349204288", "trial_id": 44, "param_name": "lr", "param_value_internal": 5.6844480612682464e-05, "distribution": "{\"name\": \"FloatDistribution\", \"attributes\": {\"step\": null, \"low\": 1e-05, \"high\": 0.001, \"log\": true}}"}
{"op_code": 5, "worker_id": "add2fc38-7a3b-4c0d-a909-d7b40836b58a-140404349204288", "trial_id": 44, "param_name": "l2reg", "param_value_internal": 3.654199243268164e-05, "distribution": "{\"name\": \"FloatDistribution\", \"attributes\": {\"step\": null, \"low\": 1e-08, \"high\": 0.001, \"log\": true}}"}
{"op_code": 5, "worker_id": "add2fc38-7a3b-4c0d-a909-d7b40836b58a-140404349204288", "trial_id": 44, "param_name": "random_seed", "param_value_internal": 0, "distribution": "{\"name\": \"CategoricalDistribution\", \"attributes\": {\"choices\": [42]}}"}
{"op_code": 5, "worker_id": "add2fc38-7a3b-4c0d-a909-d7b40836b58a-140404349204288", "trial_id": 44, "param_name": "degree", "param_value_internal": 0, "distribution": "{\"name\": \"CategoricalDistribution\", \"attributes\": {\"choices\": [3]}}"}
{"op_code": 8, "worker_id": "add2fc38-7a3b-4c0d-a909-d7b40836b58a-140404349204288", "trial_id": 44, "user_attr": {"best_epoch": 2}}
{"op_code": 8, "worker_id": "add2fc38-7a3b-4c0d-a909-d7b40836b58a-140404349204288", "trial_id": 44, "user_attr": {"test_loss": 0.45185739553700993}}
{"op_code": 6, "worker_id": "add2fc38-7a3b-4c0d-a909-d7b40836b58a-140404349204288", "trial_id": 44, "state": 1, "values": [0.4469775877813171], "datetime_complete": "2024-09-03T06:15:00.145027"}
{"op_code": 4, "worker_id": "add2fc38-7a3b-4c0d-a909-d7b40836b58a-140404349204288", "study_id": 0, "datetime_start": "2024-09-03T06:15:00.172298"}
{"op_code": 5, "worker_id": "add2fc38-7a3b-4c0d-a909-d7b40836b58a-140404349204288", "trial_id": 45, "param_name": "lr", "param_value_internal": 6.130769059982092e-05, "distribution": "{\"name\": \"FloatDistribution\", \"attributes\": {\"step\": null, \"low\": 1e-05, \"high\": 0.001, \"log\": true}}"}
{"op_code": 5, "worker_id": "add2fc38-7a3b-4c0d-a909-d7b40836b58a-140404349204288", "trial_id": 45, "param_name": "l2reg", "param_value_internal": 2.2708311173102947e-05, "distribution": "{\"name\": \"FloatDistribution\", \"attributes\": {\"step\": null, \"low\": 1e-08, \"high\": 0.001, \"log\": true}}"}
{"op_code": 5, "worker_id": "add2fc38-7a3b-4c0d-a909-d7b40836b58a-140404349204288", "trial_id": 45, "param_name": "random_seed", "param_value_internal": 0, "distribution": "{\"name\": \"CategoricalDistribution\", \"attributes\": {\"choices\": [42]}}"}
{"op_code": 5, "worker_id": "add2fc38-7a3b-4c0d-a909-d7b40836b58a-140404349204288", "trial_id": 45, "param_name": "degree", "param_value_internal": 0, "distribution": "{\"name\": \"CategoricalDistribution\", \"attributes\": {\"choices\": [3]}}"}
{"op_code": 8, "worker_id": "add2fc38-7a3b-4c0d-a909-d7b40836b58a-140404349204288", "trial_id": 45, "user_attr": {"best_epoch": 2}}
{"op_code": 8, "worker_id": "add2fc38-7a3b-4c0d-a909-d7b40836b58a-140404349204288", "trial_id": 45, "user_attr": {"test_loss": 0.4519707011771418}}
{"op_code": 6, "worker_id": "add2fc38-7a3b-4c0d-a909-d7b40836b58a-140404349204288", "trial_id": 45, "state": 1, "values": [0.44707379066862535], "datetime_complete": "2024-09-03T06:48:51.807032"}
{"op_code": 4, "worker_id": "add2fc38-7a3b-4c0d-a909-d7b40836b58a-140404349204288", "study_id": 0, "datetime_start": "2024-09-03T06:48:51.819455"}
{"op_code": 5, "worker_id": "add2fc38-7a3b-4c0d-a909-d7b40836b58a-140404349204288", "trial_id": 46, "param_name": "lr", "param_value_internal": 3.8660775967287935e-05, "distribution": "{\"name\": \"FloatDistribution\", \"attributes\": {\"step\": null, \"low\": 1e-05, \"high\": 0.001, \"log\": true}}"}
{"op_code": 5, "worker_id": "add2fc38-7a3b-4c0d-a909-d7b40836b58a-140404349204288", "trial_id": 46, "param_name": "l2reg", "param_value_internal": 6.063743749154165e-06, "distribution": "{\"name\": \"FloatDistribution\", \"attributes\": {\"step\": null, \"low\": 1e-08, \"high\": 0.001, \"log\": true}}"}
{"op_code": 5, "worker_id": "add2fc38-7a3b-4c0d-a909-d7b40836b58a-140404349204288", "trial_id": 46, "param_name": "random_seed", "param_value_internal": 0, "distribution": "{\"name\": \"CategoricalDistribution\", \"attributes\": {\"choices\": [42]}}"}
{"op_code": 5, "worker_id": "add2fc38-7a3b-4c0d-a909-d7b40836b58a-140404349204288", "trial_id": 46, "param_name": "degree", "param_value_internal": 0, "distribution": "{\"name\": \"CategoricalDistribution\", \"attributes\": {\"choices\": [3]}}"}
{"op_code": 8, "worker_id": "add2fc38-7a3b-4c0d-a909-d7b40836b58a-140404349204288", "trial_id": 46, "user_attr": {"best_epoch": 3}}
{"op_code": 8, "worker_id": "add2fc38-7a3b-4c0d-a909-d7b40836b58a-140404349204288", "trial_id": 46, "user_attr": {"test_loss": 0.45253432802043897}}
{"op_code": 6, "worker_id": "add2fc38-7a3b-4c0d-a909-d7b40836b58a-140404349204288", "trial_id": 46, "state": 1, "values": [0.44764207486722474], "datetime_complete": "2024-09-03T07:27:53.269802"}
{"op_code": 4, "worker_id": "add2fc38-7a3b-4c0d-a909-d7b40836b58a-140404349204288", "study_id": 0, "datetime_start": "2024-09-03T07:27:53.278953"}
{"op_code": 5, "worker_id": "add2fc38-7a3b-4c0d-a909-d7b40836b58a-140404349204288", "trial_id": 47, "param_name": "lr", "param_value_internal": 8.185239467315576e-05, "distribution": "{\"name\": \"FloatDistribution\", \"attributes\": {\"step\": null, \"low\": 1e-05, \"high\": 0.001, \"log\": true}}"}
{"op_code": 5, "worker_id": "add2fc38-7a3b-4c0d-a909-d7b40836b58a-140404349204288", "trial_id": 47, "param_name": "l2reg", "param_value_internal": 6.667741893734488e-05, "distribution": "{\"name\": \"FloatDistribution\", \"attributes\": {\"step\": null, \"low\": 1e-08, \"high\": 0.001, \"log\": true}}"}
{"op_code": 5, "worker_id": "add2fc38-7a3b-4c0d-a909-d7b40836b58a-140404349204288", "trial_id": 47, "param_name": "random_seed", "param_value_internal": 0, "distribution": "{\"name\": \"CategoricalDistribution\", \"attributes\": {\"choices\": [42]}}"}
{"op_code": 5, "worker_id": "add2fc38-7a3b-4c0d-a909-d7b40836b58a-140404349204288", "trial_id": 47, "param_name": "degree", "param_value_internal": 0, "distribution": "{\"name\": \"CategoricalDistribution\", \"attributes\": {\"choices\": [3]}}"}
{"op_code": 8, "worker_id": "add2fc38-7a3b-4c0d-a909-d7b40836b58a-140404349204288", "trial_id": 47, "user_attr": {"best_epoch": 1}}
{"op_code": 8, "worker_id": "add2fc38-7a3b-4c0d-a909-d7b40836b58a-140404349204288", "trial_id": 47, "user_attr": {"test_loss": 0.4515405749482451}}
{"op_code": 6, "worker_id": "add2fc38-7a3b-4c0d-a909-d7b40836b58a-140404349204288", "trial_id": 47, "state": 1, "values": [0.44682690810028314], "datetime_complete": "2024-09-03T07:56:32.670427"}
{"op_code": 4, "worker_id": "add2fc38-7a3b-4c0d-a909-d7b40836b58a-140404349204288", "study_id": 0, "datetime_start": "2024-09-03T07:56:32.681029"}
{"op_code": 5, "worker_id": "add2fc38-7a3b-4c0d-a909-d7b40836b58a-140404349204288", "trial_id": 48, "param_name": "lr", "param_value_internal": 0.0001121549477328268, "distribution": "{\"name\": \"FloatDistribution\", \"attributes\": {\"step\": null, \"low\": 1e-05, \"high\": 0.001, \"log\": true}}"}
{"op_code": 5, "worker_id": "add2fc38-7a3b-4c0d-a909-d7b40836b58a-140404349204288", "trial_id": 48, "param_name": "l2reg", "param_value_internal": 3.2157707239012684e-06, "distribution": "{\"name\": \"FloatDistribution\", \"attributes\": {\"step\": null, \"low\": 1e-08, \"high\": 0.001, \"log\": true}}"}
{"op_code": 5, "worker_id": "add2fc38-7a3b-4c0d-a909-d7b40836b58a-140404349204288", "trial_id": 48, "param_name": "random_seed", "param_value_internal": 0, "distribution": "{\"name\": \"CategoricalDistribution\", \"attributes\": {\"choices\": [42]}}"}
{"op_code": 5, "worker_id": "add2fc38-7a3b-4c0d-a909-d7b40836b58a-140404349204288", "trial_id": 48, "param_name": "degree", "param_value_internal": 0, "distribution": "{\"name\": \"CategoricalDistribution\", \"attributes\": {\"choices\": [3]}}"}
{"op_code": 8, "worker_id": "add2fc38-7a3b-4c0d-a909-d7b40836b58a-140404349204288", "trial_id": 48, "user_attr": {"best_epoch": 1}}
{"op_code": 8, "worker_id": "add2fc38-7a3b-4c0d-a909-d7b40836b58a-140404349204288", "trial_id": 48, "user_attr": {"test_loss": 0.45192878419841376}}
{"op_code": 6, "worker_id": "add2fc38-7a3b-4c0d-a909-d7b40836b58a-140404349204288", "trial_id": 48, "state": 1, "values": [0.4472352359108581], "datetime_complete": "2024-09-03T08:25:06.433286"}
{"op_code": 4, "worker_id": "add2fc38-7a3b-4c0d-a909-d7b40836b58a-140404349204288", "study_id": 0, "datetime_start": "2024-09-03T08:25:06.443387"}
{"op_code": 5, "worker_id": "add2fc38-7a3b-4c0d-a909-d7b40836b58a-140404349204288", "trial_id": 49, "param_name": "lr", "param_value_internal": 4.930022492691096e-05, "distribution": "{\"name\": \"FloatDistribution\", \"attributes\": {\"step\": null, \"low\": 1e-05, \"high\": 0.001, \"log\": true}}"}
{"op_code": 5, "worker_id": "add2fc38-7a3b-4c0d-a909-d7b40836b58a-140404349204288", "trial_id": 49, "param_name": "l2reg", "param_value_internal": 1.1006750141510872e-05, "distribution": "{\"name\": \"FloatDistribution\", \"attributes\": {\"step\": null, \"low\": 1e-08, \"high\": 0.001, \"log\": true}}"}
{"op_code": 5, "worker_id": "add2fc38-7a3b-4c0d-a909-d7b40836b58a-140404349204288", "trial_id": 49, "param_name": "random_seed", "param_value_internal": 0, "distribution": "{\"name\": \"CategoricalDistribution\", \"attributes\": {\"choices\": [42]}}"}
{"op_code": 5, "worker_id": "add2fc38-7a3b-4c0d-a909-d7b40836b58a-140404349204288", "trial_id": 49, "param_name": "degree", "param_value_internal": 0, "distribution": "{\"name\": \"CategoricalDistribution\", \"attributes\": {\"choices\": [3]}}"}
{"op_code": 8, "worker_id": "add2fc38-7a3b-4c0d-a909-d7b40836b58a-140404349204288", "trial_id": 49, "user_attr": {"best_epoch": 2}}
{"op_code": 8, "worker_id": "add2fc38-7a3b-4c0d-a909-d7b40836b58a-140404349204288", "trial_id": 49, "user_attr": {"test_loss": 0.4519693650257251}}
{"op_code": 6, "worker_id": "add2fc38-7a3b-4c0d-a909-d7b40836b58a-140404349204288", "trial_id": 49, "state": 1, "values": [0.44711788365864163], "datetime_complete": "2024-09-03T08:58:52.565950"}
