{"op_code": 0, "worker_id": "105da646-cdd5-4895-98f3-9f1de6f6b970-139934819116864", "study_name": "criteo_bins_16", "directions": [1]}
{"op_code": 4, "worker_id": "105da646-cdd5-4895-98f3-9f1de6f6b970-139934819116864", "study_id": 0, "datetime_start": "2024-09-01T08:09:30.755492"}
{"op_code": 5, "worker_id": "105da646-cdd5-4895-98f3-9f1de6f6b970-139934819116864", "trial_id": 0, "param_name": "lr", "param_value_internal": 5.6115164153345e-05, "distribution": "{\"name\": \"FloatDistribution\", \"attributes\": {\"step\": null, \"low\": 1e-05, \"high\": 0.001, \"log\": true}}"}
{"op_code": 5, "worker_id": "105da646-cdd5-4895-98f3-9f1de6f6b970-139934819116864", "trial_id": 0, "param_name": "l2reg", "param_value_internal": 0.0005669849511478851, "distribution": "{\"name\": \"FloatDistribution\", \"attributes\": {\"step\": null, \"low\": 1e-08, \"high\": 0.001, \"log\": true}}"}
{"op_code": 5, "worker_id": "105da646-cdd5-4895-98f3-9f1de6f6b970-139934819116864", "trial_id": 0, "param_name": "random_seed", "param_value_internal": 0, "distribution": "{\"name\": \"CategoricalDistribution\", \"attributes\": {\"choices\": [42]}}"}
{"op_code": 5, "worker_id": "105da646-cdd5-4895-98f3-9f1de6f6b970-139934819116864", "trial_id": 0, "param_name": "degree", "param_value_internal": 0, "distribution": "{\"name\": \"CategoricalDistribution\", \"attributes\": {\"choices\": [0]}}"}
{"op_code": 8, "worker_id": "105da646-cdd5-4895-98f3-9f1de6f6b970-139934819116864", "trial_id": 0, "user_attr": {"best_epoch": 4}}
{"op_code": 8, "worker_id": "105da646-cdd5-4895-98f3-9f1de6f6b970-139934819116864", "trial_id": 0, "user_attr": {"test_loss": 0.45251844690645826}}
{"op_code": 6, "worker_id": "105da646-cdd5-4895-98f3-9f1de6f6b970-139934819116864", "trial_id": 0, "state": 1, "values": [0.44793041629890695], "datetime_complete": "2024-09-01T08:39:06.447956"}
{"op_code": 4, "worker_id": "105da646-cdd5-4895-98f3-9f1de6f6b970-139934819116864", "study_id": 0, "datetime_start": "2024-09-01T08:39:06.457347"}
{"op_code": 5, "worker_id": "105da646-cdd5-4895-98f3-9f1de6f6b970-139934819116864", "trial_id": 1, "param_name": "lr", "param_value_internal": 0.000291063591313307, "distribution": "{\"name\": \"FloatDistribution\", \"attributes\": {\"step\": null, \"low\": 1e-05, \"high\": 0.001, \"log\": true}}"}
{"op_code": 5, "worker_id": "105da646-cdd5-4895-98f3-9f1de6f6b970-139934819116864", "trial_id": 1, "param_name": "l2reg", "param_value_internal": 9.846738873614555e-06, "distribution": "{\"name\": \"FloatDistribution\", \"attributes\": {\"step\": null, \"low\": 1e-08, \"high\": 0.001, \"log\": true}}"}
{"op_code": 5, "worker_id": "105da646-cdd5-4895-98f3-9f1de6f6b970-139934819116864", "trial_id": 1, "param_name": "random_seed", "param_value_internal": 0, "distribution": "{\"name\": \"CategoricalDistribution\", \"attributes\": {\"choices\": [42]}}"}
{"op_code": 5, "worker_id": "105da646-cdd5-4895-98f3-9f1de6f6b970-139934819116864", "trial_id": 1, "param_name": "degree", "param_value_internal": 0, "distribution": "{\"name\": \"CategoricalDistribution\", \"attributes\": {\"choices\": [0]}}"}
{"op_code": 8, "worker_id": "105da646-cdd5-4895-98f3-9f1de6f6b970-139934819116864", "trial_id": 1, "user_attr": {"best_epoch": 0}}
{"op_code": 8, "worker_id": "105da646-cdd5-4895-98f3-9f1de6f6b970-139934819116864", "trial_id": 1, "user_attr": {"test_loss": 0.4522323196245216}}
{"op_code": 6, "worker_id": "105da646-cdd5-4895-98f3-9f1de6f6b970-139934819116864", "trial_id": 1, "state": 1, "values": [0.44765459651287437], "datetime_complete": "2024-09-01T08:54:38.504902"}
{"op_code": 4, "worker_id": "105da646-cdd5-4895-98f3-9f1de6f6b970-139934819116864", "study_id": 0, "datetime_start": "2024-09-01T08:54:38.514788"}
{"op_code": 5, "worker_id": "105da646-cdd5-4895-98f3-9f1de6f6b970-139934819116864", "trial_id": 2, "param_name": "lr", "param_value_internal": 2.0513382630874486e-05, "distribution": "{\"name\": \"FloatDistribution\", \"attributes\": {\"step\": null, \"low\": 1e-05, \"high\": 0.001, \"log\": true}}"}
{"op_code": 5, "worker_id": "105da646-cdd5-4895-98f3-9f1de6f6b970-139934819116864", "trial_id": 2, "param_name": "l2reg", "param_value_internal": 6.02521573620385e-08, "distribution": "{\"name\": \"FloatDistribution\", \"attributes\": {\"step\": null, \"low\": 1e-08, \"high\": 0.001, \"log\": true}}"}
{"op_code": 5, "worker_id": "105da646-cdd5-4895-98f3-9f1de6f6b970-139934819116864", "trial_id": 2, "param_name": "random_seed", "param_value_internal": 0, "distribution": "{\"name\": \"CategoricalDistribution\", \"attributes\": {\"choices\": [42]}}"}
{"op_code": 5, "worker_id": "105da646-cdd5-4895-98f3-9f1de6f6b970-139934819116864", "trial_id": 2, "param_name": "degree", "param_value_internal": 0, "distribution": "{\"name\": \"CategoricalDistribution\", \"attributes\": {\"choices\": [0]}}"}
{"op_code": 8, "worker_id": "105da646-cdd5-4895-98f3-9f1de6f6b970-139934819116864", "trial_id": 2, "user_attr": {"best_epoch": 9}}
{"op_code": 8, "worker_id": "105da646-cdd5-4895-98f3-9f1de6f6b970-139934819116864", "trial_id": 2, "user_attr": {"test_loss": 0.45352323277177814}}
{"op_code": 6, "worker_id": "105da646-cdd5-4895-98f3-9f1de6f6b970-139934819116864", "trial_id": 2, "state": 1, "values": [0.4489130982521615], "datetime_complete": "2024-09-01T09:31:17.354475"}
{"op_code": 4, "worker_id": "105da646-cdd5-4895-98f3-9f1de6f6b970-139934819116864", "study_id": 0, "datetime_start": "2024-09-01T09:31:17.363044"}
{"op_code": 5, "worker_id": "105da646-cdd5-4895-98f3-9f1de6f6b970-139934819116864", "trial_id": 3, "param_name": "lr", "param_value_internal": 1.3066739238053272e-05, "distribution": "{\"name\": \"FloatDistribution\", \"attributes\": {\"step\": null, \"low\": 1e-05, \"high\": 0.001, \"log\": true}}"}
{"op_code": 5, "worker_id": "105da646-cdd5-4895-98f3-9f1de6f6b970-139934819116864", "trial_id": 3, "param_name": "l2reg", "param_value_internal": 0.00021423021757741048, "distribution": "{\"name\": \"FloatDistribution\", \"attributes\": {\"step\": null, \"low\": 1e-08, \"high\": 0.001, \"log\": true}}"}
{"op_code": 5, "worker_id": "105da646-cdd5-4895-98f3-9f1de6f6b970-139934819116864", "trial_id": 3, "param_name": "random_seed", "param_value_internal": 0, "distribution": "{\"name\": \"CategoricalDistribution\", \"attributes\": {\"choices\": [42]}}"}
{"op_code": 5, "worker_id": "105da646-cdd5-4895-98f3-9f1de6f6b970-139934819116864", "trial_id": 3, "param_name": "degree", "param_value_internal": 0, "distribution": "{\"name\": \"CategoricalDistribution\", \"attributes\": {\"choices\": [0]}}"}
{"op_code": 8, "worker_id": "105da646-cdd5-4895-98f3-9f1de6f6b970-139934819116864", "trial_id": 3, "user_attr": {"best_epoch": 9}}
{"op_code": 8, "worker_id": "105da646-cdd5-4895-98f3-9f1de6f6b970-139934819116864", "trial_id": 3, "user_attr": {"test_loss": 0.4556151877811931}}
{"op_code": 6, "worker_id": "105da646-cdd5-4895-98f3-9f1de6f6b970-139934819116864", "trial_id": 3, "state": 1, "values": [0.45102727122800695], "datetime_complete": "2024-09-01T10:07:16.824039"}
{"op_code": 4, "worker_id": "105da646-cdd5-4895-98f3-9f1de6f6b970-139934819116864", "study_id": 0, "datetime_start": "2024-09-01T10:07:16.832691"}
{"op_code": 5, "worker_id": "105da646-cdd5-4895-98f3-9f1de6f6b970-139934819116864", "trial_id": 4, "param_name": "lr", "param_value_internal": 0.00015930522616241006, "distribution": "{\"name\": \"FloatDistribution\", \"attributes\": {\"step\": null, \"low\": 1e-05, \"high\": 0.001, \"log\": true}}"}
{"op_code": 5, "worker_id": "105da646-cdd5-4895-98f3-9f1de6f6b970-139934819116864", "trial_id": 4, "param_name": "l2reg", "param_value_internal": 3.47026698865041e-05, "distribution": "{\"name\": \"FloatDistribution\", \"attributes\": {\"step\": null, \"low\": 1e-08, \"high\": 0.001, \"log\": true}}"}
{"op_code": 5, "worker_id": "105da646-cdd5-4895-98f3-9f1de6f6b970-139934819116864", "trial_id": 4, "param_name": "random_seed", "param_value_internal": 0, "distribution": "{\"name\": \"CategoricalDistribution\", \"attributes\": {\"choices\": [42]}}"}
{"op_code": 5, "worker_id": "105da646-cdd5-4895-98f3-9f1de6f6b970-139934819116864", "trial_id": 4, "param_name": "degree", "param_value_internal": 0, "distribution": "{\"name\": \"CategoricalDistribution\", \"attributes\": {\"choices\": [0]}}"}
{"op_code": 8, "worker_id": "105da646-cdd5-4895-98f3-9f1de6f6b970-139934819116864", "trial_id": 4, "user_attr": {"best_epoch": 1}}
{"op_code": 8, "worker_id": "105da646-cdd5-4895-98f3-9f1de6f6b970-139934819116864", "trial_id": 4, "user_attr": {"test_loss": 0.4514620855964557}}
{"op_code": 6, "worker_id": "105da646-cdd5-4895-98f3-9f1de6f6b970-139934819116864", "trial_id": 4, "state": 1, "values": [0.44690264878616387], "datetime_complete": "2024-09-01T10:26:04.275446"}
{"op_code": 4, "worker_id": "105da646-cdd5-4895-98f3-9f1de6f6b970-139934819116864", "study_id": 0, "datetime_start": "2024-09-01T10:26:04.283865"}
{"op_code": 5, "worker_id": "105da646-cdd5-4895-98f3-9f1de6f6b970-139934819116864", "trial_id": 5, "param_name": "lr", "param_value_internal": 1.0994335574766187e-05, "distribution": "{\"name\": \"FloatDistribution\", \"attributes\": {\"step\": null, \"low\": 1e-05, \"high\": 0.001, \"log\": true}}"}
{"op_code": 5, "worker_id": "105da646-cdd5-4895-98f3-9f1de6f6b970-139934819116864", "trial_id": 5, "param_name": "l2reg", "param_value_internal": 0.0007072114131472234, "distribution": "{\"name\": \"FloatDistribution\", \"attributes\": {\"step\": null, \"low\": 1e-08, \"high\": 0.001, \"log\": true}}"}
{"op_code": 5, "worker_id": "105da646-cdd5-4895-98f3-9f1de6f6b970-139934819116864", "trial_id": 5, "param_name": "random_seed", "param_value_internal": 0, "distribution": "{\"name\": \"CategoricalDistribution\", \"attributes\": {\"choices\": [42]}}"}
{"op_code": 5, "worker_id": "105da646-cdd5-4895-98f3-9f1de6f6b970-139934819116864", "trial_id": 5, "param_name": "degree", "param_value_internal": 0, "distribution": "{\"name\": \"CategoricalDistribution\", \"attributes\": {\"choices\": [0]}}"}
{"op_code": 8, "worker_id": "105da646-cdd5-4895-98f3-9f1de6f6b970-139934819116864", "trial_id": 5, "user_attr": {"best_epoch": 9}}
{"op_code": 8, "worker_id": "105da646-cdd5-4895-98f3-9f1de6f6b970-139934819116864", "trial_id": 5, "user_attr": {"test_loss": 0.45658576817024676}}
{"op_code": 6, "worker_id": "105da646-cdd5-4895-98f3-9f1de6f6b970-139934819116864", "trial_id": 5, "state": 1, "values": [0.4520094187207765], "datetime_complete": "2024-09-01T11:02:00.404035"}
{"op_code": 4, "worker_id": "105da646-cdd5-4895-98f3-9f1de6f6b970-139934819116864", "study_id": 0, "datetime_start": "2024-09-01T11:02:00.412337"}
{"op_code": 5, "worker_id": "105da646-cdd5-4895-98f3-9f1de6f6b970-139934819116864", "trial_id": 6, "param_name": "lr", "param_value_internal": 0.000462258900102083, "distribution": "{\"name\": \"FloatDistribution\", \"attributes\": {\"step\": null, \"low\": 1e-05, \"high\": 0.001, \"log\": true}}"}
{"op_code": 5, "worker_id": "105da646-cdd5-4895-98f3-9f1de6f6b970-139934819116864", "trial_id": 6, "param_name": "l2reg", "param_value_internal": 1.1526449540315595e-07, "distribution": "{\"name\": \"FloatDistribution\", \"attributes\": {\"step\": null, \"low\": 1e-08, \"high\": 0.001, \"log\": true}}"}
{"op_code": 5, "worker_id": "105da646-cdd5-4895-98f3-9f1de6f6b970-139934819116864", "trial_id": 6, "param_name": "random_seed", "param_value_internal": 0, "distribution": "{\"name\": \"CategoricalDistribution\", \"attributes\": {\"choices\": [42]}}"}
{"op_code": 5, "worker_id": "105da646-cdd5-4895-98f3-9f1de6f6b970-139934819116864", "trial_id": 6, "param_name": "degree", "param_value_internal": 0, "distribution": "{\"name\": \"CategoricalDistribution\", \"attributes\": {\"choices\": [0]}}"}
{"op_code": 8, "worker_id": "105da646-cdd5-4895-98f3-9f1de6f6b970-139934819116864", "trial_id": 6, "user_attr": {"best_epoch": 0}}
{"op_code": 8, "worker_id": "105da646-cdd5-4895-98f3-9f1de6f6b970-139934819116864", "trial_id": 6, "user_attr": {"test_loss": 0.4521014149614448}}
{"op_code": 6, "worker_id": "105da646-cdd5-4895-98f3-9f1de6f6b970-139934819116864", "trial_id": 6, "state": 1, "values": [0.4474671154098701], "datetime_complete": "2024-09-01T11:17:12.426130"}
{"op_code": 4, "worker_id": "105da646-cdd5-4895-98f3-9f1de6f6b970-139934819116864", "study_id": 0, "datetime_start": "2024-09-01T11:17:12.434409"}
{"op_code": 5, "worker_id": "105da646-cdd5-4895-98f3-9f1de6f6b970-139934819116864", "trial_id": 7, "param_name": "lr", "param_value_internal": 2.3102018878452926e-05, "distribution": "{\"name\": \"FloatDistribution\", \"attributes\": {\"step\": null, \"low\": 1e-05, \"high\": 0.001, \"log\": true}}"}
{"op_code": 5, "worker_id": "105da646-cdd5-4895-98f3-9f1de6f6b970-139934819116864", "trial_id": 7, "param_name": "l2reg", "param_value_internal": 8.260808399079588e-08, "distribution": "{\"name\": \"FloatDistribution\", \"attributes\": {\"step\": null, \"low\": 1e-08, \"high\": 0.001, \"log\": true}}"}
{"op_code": 5, "worker_id": "105da646-cdd5-4895-98f3-9f1de6f6b970-139934819116864", "trial_id": 7, "param_name": "random_seed", "param_value_internal": 0, "distribution": "{\"name\": \"CategoricalDistribution\", \"attributes\": {\"choices\": [42]}}"}
{"op_code": 5, "worker_id": "105da646-cdd5-4895-98f3-9f1de6f6b970-139934819116864", "trial_id": 7, "param_name": "degree", "param_value_internal": 0, "distribution": "{\"name\": \"CategoricalDistribution\", \"attributes\": {\"choices\": [0]}}"}
{"op_code": 8, "worker_id": "105da646-cdd5-4895-98f3-9f1de6f6b970-139934819116864", "trial_id": 7, "user_attr": {"best_epoch": 9}}
{"op_code": 8, "worker_id": "105da646-cdd5-4895-98f3-9f1de6f6b970-139934819116864", "trial_id": 7, "user_attr": {"test_loss": 0.4532792515230981}}
{"op_code": 6, "worker_id": "105da646-cdd5-4895-98f3-9f1de6f6b970-139934819116864", "trial_id": 7, "state": 1, "values": [0.44864834943331916], "datetime_complete": "2024-09-01T11:53:05.646745"}
{"op_code": 4, "worker_id": "105da646-cdd5-4895-98f3-9f1de6f6b970-139934819116864", "study_id": 0, "datetime_start": "2024-09-01T11:53:05.657902"}
{"op_code": 5, "worker_id": "105da646-cdd5-4895-98f3-9f1de6f6b970-139934819116864", "trial_id": 8, "param_name": "lr", "param_value_internal": 4.059611610484306e-05, "distribution": "{\"name\": \"FloatDistribution\", \"attributes\": {\"step\": null, \"low\": 1e-05, \"high\": 0.001, \"log\": true}}"}
{"op_code": 5, "worker_id": "105da646-cdd5-4895-98f3-9f1de6f6b970-139934819116864", "trial_id": 8, "param_name": "l2reg", "param_value_internal": 4.2051564509138674e-06, "distribution": "{\"name\": \"FloatDistribution\", \"attributes\": {\"step\": null, \"low\": 1e-08, \"high\": 0.001, \"log\": true}}"}
{"op_code": 5, "worker_id": "105da646-cdd5-4895-98f3-9f1de6f6b970-139934819116864", "trial_id": 8, "param_name": "random_seed", "param_value_internal": 0, "distribution": "{\"name\": \"CategoricalDistribution\", \"attributes\": {\"choices\": [42]}}"}
{"op_code": 5, "worker_id": "105da646-cdd5-4895-98f3-9f1de6f6b970-139934819116864", "trial_id": 8, "param_name": "degree", "param_value_internal": 0, "distribution": "{\"name\": \"CategoricalDistribution\", \"attributes\": {\"choices\": [0]}}"}
{"op_code": 8, "worker_id": "105da646-cdd5-4895-98f3-9f1de6f6b970-139934819116864", "trial_id": 8, "user_attr": {"best_epoch": 5}}
{"op_code": 8, "worker_id": "105da646-cdd5-4895-98f3-9f1de6f6b970-139934819116864", "trial_id": 8, "user_attr": {"test_loss": 0.45284607123382054}}
{"op_code": 6, "worker_id": "105da646-cdd5-4895-98f3-9f1de6f6b970-139934819116864", "trial_id": 8, "state": 1, "values": [0.4482602165939291], "datetime_complete": "2024-09-01T12:25:30.387318"}
{"op_code": 4, "worker_id": "105da646-cdd5-4895-98f3-9f1de6f6b970-139934819116864", "study_id": 0, "datetime_start": "2024-09-01T12:25:30.398011"}
{"op_code": 5, "worker_id": "105da646-cdd5-4895-98f3-9f1de6f6b970-139934819116864", "trial_id": 9, "param_name": "lr", "param_value_internal": 7.309539835912905e-05, "distribution": "{\"name\": \"FloatDistribution\", \"attributes\": {\"step\": null, \"low\": 1e-05, \"high\": 0.001, \"log\": true}}"}
{"op_code": 5, "worker_id": "105da646-cdd5-4895-98f3-9f1de6f6b970-139934819116864", "trial_id": 9, "param_name": "l2reg", "param_value_internal": 2.8585493941961875e-07, "distribution": "{\"name\": \"FloatDistribution\", \"attributes\": {\"step\": null, \"low\": 1e-08, \"high\": 0.001, \"log\": true}}"}
{"op_code": 5, "worker_id": "105da646-cdd5-4895-98f3-9f1de6f6b970-139934819116864", "trial_id": 9, "param_name": "random_seed", "param_value_internal": 0, "distribution": "{\"name\": \"CategoricalDistribution\", \"attributes\": {\"choices\": [42]}}"}
{"op_code": 5, "worker_id": "105da646-cdd5-4895-98f3-9f1de6f6b970-139934819116864", "trial_id": 9, "param_name": "degree", "param_value_internal": 0, "distribution": "{\"name\": \"CategoricalDistribution\", \"attributes\": {\"choices\": [0]}}"}
{"op_code": 8, "worker_id": "105da646-cdd5-4895-98f3-9f1de6f6b970-139934819116864", "trial_id": 9, "user_attr": {"best_epoch": 3}}
{"op_code": 8, "worker_id": "105da646-cdd5-4895-98f3-9f1de6f6b970-139934819116864", "trial_id": 9, "user_attr": {"test_loss": 0.45236005569995325}}
{"op_code": 6, "worker_id": "105da646-cdd5-4895-98f3-9f1de6f6b970-139934819116864", "trial_id": 9, "state": 1, "values": [0.4477969157048923], "datetime_complete": "2024-09-01T12:51:03.436869"}
{"op_code": 4, "worker_id": "105da646-cdd5-4895-98f3-9f1de6f6b970-139934819116864", "study_id": 0, "datetime_start": "2024-09-01T12:51:03.445628"}
{"op_code": 5, "worker_id": "105da646-cdd5-4895-98f3-9f1de6f6b970-139934819116864", "trial_id": 10, "param_name": "lr", "param_value_internal": 0.00018471184590376964, "distribution": "{\"name\": \"FloatDistribution\", \"attributes\": {\"step\": null, \"low\": 1e-05, \"high\": 0.001, \"log\": true}}"}
{"op_code": 5, "worker_id": "105da646-cdd5-4895-98f3-9f1de6f6b970-139934819116864", "trial_id": 10, "param_name": "l2reg", "param_value_internal": 3.8521646942747446e-05, "distribution": "{\"name\": \"FloatDistribution\", \"attributes\": {\"step\": null, \"low\": 1e-08, \"high\": 0.001, \"log\": true}}"}
{"op_code": 5, "worker_id": "105da646-cdd5-4895-98f3-9f1de6f6b970-139934819116864", "trial_id": 10, "param_name": "random_seed", "param_value_internal": 0, "distribution": "{\"name\": \"CategoricalDistribution\", \"attributes\": {\"choices\": [42]}}"}
{"op_code": 5, "worker_id": "105da646-cdd5-4895-98f3-9f1de6f6b970-139934819116864", "trial_id": 10, "param_name": "degree", "param_value_internal": 0, "distribution": "{\"name\": \"CategoricalDistribution\", \"attributes\": {\"choices\": [0]}}"}
{"op_code": 8, "worker_id": "105da646-cdd5-4895-98f3-9f1de6f6b970-139934819116864", "trial_id": 10, "user_attr": {"best_epoch": 1}}
{"op_code": 8, "worker_id": "105da646-cdd5-4895-98f3-9f1de6f6b970-139934819116864", "trial_id": 10, "user_attr": {"test_loss": 0.4515181657802002}}
{"op_code": 6, "worker_id": "105da646-cdd5-4895-98f3-9f1de6f6b970-139934819116864", "trial_id": 10, "state": 1, "values": [0.44694502386747825], "datetime_complete": "2024-09-01T13:09:37.235206"}
{"op_code": 4, "worker_id": "105da646-cdd5-4895-98f3-9f1de6f6b970-139934819116864", "study_id": 0, "datetime_start": "2024-09-01T13:09:37.243995"}
{"op_code": 5, "worker_id": "105da646-cdd5-4895-98f3-9f1de6f6b970-139934819116864", "trial_id": 11, "param_name": "lr", "param_value_internal": 0.00015320252245209042, "distribution": "{\"name\": \"FloatDistribution\", \"attributes\": {\"step\": null, \"low\": 1e-05, \"high\": 0.001, \"log\": true}}"}
{"op_code": 5, "worker_id": "105da646-cdd5-4895-98f3-9f1de6f6b970-139934819116864", "trial_id": 11, "param_name": "l2reg", "param_value_internal": 4.011123221868182e-05, "distribution": "{\"name\": \"FloatDistribution\", \"attributes\": {\"step\": null, \"low\": 1e-08, \"high\": 0.001, \"log\": true}}"}
{"op_code": 5, "worker_id": "105da646-cdd5-4895-98f3-9f1de6f6b970-139934819116864", "trial_id": 11, "param_name": "random_seed", "param_value_internal": 0, "distribution": "{\"name\": \"CategoricalDistribution\", \"attributes\": {\"choices\": [42]}}"}
{"op_code": 5, "worker_id": "105da646-cdd5-4895-98f3-9f1de6f6b970-139934819116864", "trial_id": 11, "param_name": "degree", "param_value_internal": 0, "distribution": "{\"name\": \"CategoricalDistribution\", \"attributes\": {\"choices\": [0]}}"}
{"op_code": 8, "worker_id": "105da646-cdd5-4895-98f3-9f1de6f6b970-139934819116864", "trial_id": 11, "user_attr": {"best_epoch": 1}}
{"op_code": 8, "worker_id": "105da646-cdd5-4895-98f3-9f1de6f6b970-139934819116864", "trial_id": 11, "user_attr": {"test_loss": 0.45147453089250794}}
{"op_code": 6, "worker_id": "105da646-cdd5-4895-98f3-9f1de6f6b970-139934819116864", "trial_id": 11, "state": 1, "values": [0.44691791908573664], "datetime_complete": "2024-09-01T13:28:19.879773"}
{"op_code": 4, "worker_id": "105da646-cdd5-4895-98f3-9f1de6f6b970-139934819116864", "study_id": 0, "datetime_start": "2024-09-01T13:28:19.888234"}
{"op_code": 5, "worker_id": "105da646-cdd5-4895-98f3-9f1de6f6b970-139934819116864", "trial_id": 12, "param_name": "lr", "param_value_internal": 0.0001458251474269136, "distribution": "{\"name\": \"FloatDistribution\", \"attributes\": {\"step\": null, \"low\": 1e-05, \"high\": 0.001, \"log\": true}}"}
{"op_code": 5, "worker_id": "105da646-cdd5-4895-98f3-9f1de6f6b970-139934819116864", "trial_id": 12, "param_name": "l2reg", "param_value_internal": 4.634380861758262e-05, "distribution": "{\"name\": \"FloatDistribution\", \"attributes\": {\"step\": null, \"low\": 1e-08, \"high\": 0.001, \"log\": true}}"}
{"op_code": 5, "worker_id": "105da646-cdd5-4895-98f3-9f1de6f6b970-139934819116864", "trial_id": 12, "param_name": "random_seed", "param_value_internal": 0, "distribution": "{\"name\": \"CategoricalDistribution\", \"attributes\": {\"choices\": [42]}}"}
{"op_code": 5, "worker_id": "105da646-cdd5-4895-98f3-9f1de6f6b970-139934819116864", "trial_id": 12, "param_name": "degree", "param_value_internal": 0, "distribution": "{\"name\": \"CategoricalDistribution\", \"attributes\": {\"choices\": [0]}}"}
{"op_code": 8, "worker_id": "105da646-cdd5-4895-98f3-9f1de6f6b970-139934819116864", "trial_id": 12, "user_attr": {"best_epoch": 1}}
{"op_code": 8, "worker_id": "105da646-cdd5-4895-98f3-9f1de6f6b970-139934819116864", "trial_id": 12, "user_attr": {"test_loss": 0.4515071711628289}}
{"op_code": 6, "worker_id": "105da646-cdd5-4895-98f3-9f1de6f6b970-139934819116864", "trial_id": 12, "state": 1, "values": [0.44695452962896226], "datetime_complete": "2024-09-01T13:47:01.281096"}
{"op_code": 4, "worker_id": "105da646-cdd5-4895-98f3-9f1de6f6b970-139934819116864", "study_id": 0, "datetime_start": "2024-09-01T13:47:01.289941"}
{"op_code": 5, "worker_id": "105da646-cdd5-4895-98f3-9f1de6f6b970-139934819116864", "trial_id": 13, "param_name": "lr", "param_value_internal": 0.0007344264023066013, "distribution": "{\"name\": \"FloatDistribution\", \"attributes\": {\"step\": null, \"low\": 1e-05, \"high\": 0.001, \"log\": true}}"}
{"op_code": 5, "worker_id": "105da646-cdd5-4895-98f3-9f1de6f6b970-139934819116864", "trial_id": 13, "param_name": "l2reg", "param_value_internal": 9.167785859319847e-07, "distribution": "{\"name\": \"FloatDistribution\", \"attributes\": {\"step\": null, \"low\": 1e-08, \"high\": 0.001, \"log\": true}}"}
{"op_code": 5, "worker_id": "105da646-cdd5-4895-98f3-9f1de6f6b970-139934819116864", "trial_id": 13, "param_name": "random_seed", "param_value_internal": 0, "distribution": "{\"name\": \"CategoricalDistribution\", \"attributes\": {\"choices\": [42]}}"}
{"op_code": 5, "worker_id": "105da646-cdd5-4895-98f3-9f1de6f6b970-139934819116864", "trial_id": 13, "param_name": "degree", "param_value_internal": 0, "distribution": "{\"name\": \"CategoricalDistribution\", \"attributes\": {\"choices\": [0]}}"}
{"op_code": 8, "worker_id": "105da646-cdd5-4895-98f3-9f1de6f6b970-139934819116864", "trial_id": 13, "user_attr": {"best_epoch": 0}}
{"op_code": 8, "worker_id": "105da646-cdd5-4895-98f3-9f1de6f6b970-139934819116864", "trial_id": 13, "user_attr": {"test_loss": 0.4521756286287009}}
{"op_code": 6, "worker_id": "105da646-cdd5-4895-98f3-9f1de6f6b970-139934819116864", "trial_id": 13, "state": 1, "values": [0.4475251425482465], "datetime_complete": "2024-09-01T14:02:15.208320"}
{"op_code": 4, "worker_id": "105da646-cdd5-4895-98f3-9f1de6f6b970-139934819116864", "study_id": 0, "datetime_start": "2024-09-01T14:02:15.220193"}
{"op_code": 5, "worker_id": "105da646-cdd5-4895-98f3-9f1de6f6b970-139934819116864", "trial_id": 14, "param_name": "lr", "param_value_internal": 0.00012275891404132035, "distribution": "{\"name\": \"FloatDistribution\", \"attributes\": {\"step\": null, \"low\": 1e-05, \"high\": 0.001, \"log\": true}}"}
{"op_code": 5, "worker_id": "105da646-cdd5-4895-98f3-9f1de6f6b970-139934819116864", "trial_id": 14, "param_name": "l2reg", "param_value_internal": 1.163814228102759e-08, "distribution": "{\"name\": \"FloatDistribution\", \"attributes\": {\"step\": null, \"low\": 1e-08, \"high\": 0.001, \"log\": true}}"}
{"op_code": 5, "worker_id": "105da646-cdd5-4895-98f3-9f1de6f6b970-139934819116864", "trial_id": 14, "param_name": "random_seed", "param_value_internal": 0, "distribution": "{\"name\": \"CategoricalDistribution\", \"attributes\": {\"choices\": [42]}}"}
{"op_code": 5, "worker_id": "105da646-cdd5-4895-98f3-9f1de6f6b970-139934819116864", "trial_id": 14, "param_name": "degree", "param_value_internal": 0, "distribution": "{\"name\": \"CategoricalDistribution\", \"attributes\": {\"choices\": [0]}}"}
{"op_code": 8, "worker_id": "105da646-cdd5-4895-98f3-9f1de6f6b970-139934819116864", "trial_id": 14, "user_attr": {"best_epoch": 1}}
{"op_code": 8, "worker_id": "105da646-cdd5-4895-98f3-9f1de6f6b970-139934819116864", "trial_id": 14, "user_attr": {"test_loss": 0.4517632923015231}}
{"op_code": 6, "worker_id": "105da646-cdd5-4895-98f3-9f1de6f6b970-139934819116864", "trial_id": 14, "state": 1, "values": [0.44722855515479504], "datetime_complete": "2024-09-01T14:21:00.963056"}
{"op_code": 4, "worker_id": "105da646-cdd5-4895-98f3-9f1de6f6b970-139934819116864", "study_id": 0, "datetime_start": "2024-09-01T14:21:00.972250"}
{"op_code": 5, "worker_id": "105da646-cdd5-4895-98f3-9f1de6f6b970-139934819116864", "trial_id": 15, "param_name": "lr", "param_value_internal": 0.0002733762389478881, "distribution": "{\"name\": \"FloatDistribution\", \"attributes\": {\"step\": null, \"low\": 1e-05, \"high\": 0.001, \"log\": true}}"}
{"op_code": 5, "worker_id": "105da646-cdd5-4895-98f3-9f1de6f6b970-139934819116864", "trial_id": 15, "param_name": "l2reg", "param_value_internal": 4.402674821552163e-05, "distribution": "{\"name\": \"FloatDistribution\", \"attributes\": {\"step\": null, \"low\": 1e-08, \"high\": 0.001, \"log\": true}}"}
{"op_code": 5, "worker_id": "105da646-cdd5-4895-98f3-9f1de6f6b970-139934819116864", "trial_id": 15, "param_name": "random_seed", "param_value_internal": 0, "distribution": "{\"name\": \"CategoricalDistribution\", \"attributes\": {\"choices\": [42]}}"}
{"op_code": 5, "worker_id": "105da646-cdd5-4895-98f3-9f1de6f6b970-139934819116864", "trial_id": 15, "param_name": "degree", "param_value_internal": 0, "distribution": "{\"name\": \"CategoricalDistribution\", \"attributes\": {\"choices\": [0]}}"}
{"op_code": 8, "worker_id": "105da646-cdd5-4895-98f3-9f1de6f6b970-139934819116864", "trial_id": 15, "user_attr": {"best_epoch": 1}}
{"op_code": 8, "worker_id": "105da646-cdd5-4895-98f3-9f1de6f6b970-139934819116864", "trial_id": 15, "user_attr": {"test_loss": 0.4522710298398497}}
{"op_code": 6, "worker_id": "105da646-cdd5-4895-98f3-9f1de6f6b970-139934819116864", "trial_id": 15, "state": 1, "values": [0.447631271130277], "datetime_complete": "2024-09-01T14:39:44.398150"}
{"op_code": 4, "worker_id": "105da646-cdd5-4895-98f3-9f1de6f6b970-139934819116864", "study_id": 0, "datetime_start": "2024-09-01T14:39:44.406531"}
{"op_code": 5, "worker_id": "105da646-cdd5-4895-98f3-9f1de6f6b970-139934819116864", "trial_id": 16, "param_name": "lr", "param_value_internal": 8.407931655574884e-05, "distribution": "{\"name\": \"FloatDistribution\", \"attributes\": {\"step\": null, \"low\": 1e-05, \"high\": 0.001, \"log\": true}}"}
{"op_code": 5, "worker_id": "105da646-cdd5-4895-98f3-9f1de6f6b970-139934819116864", "trial_id": 16, "param_name": "l2reg", "param_value_internal": 1.0143276990934137e-05, "distribution": "{\"name\": \"FloatDistribution\", \"attributes\": {\"step\": null, \"low\": 1e-08, \"high\": 0.001, \"log\": true}}"}
{"op_code": 5, "worker_id": "105da646-cdd5-4895-98f3-9f1de6f6b970-139934819116864", "trial_id": 16, "param_name": "random_seed", "param_value_internal": 0, "distribution": "{\"name\": \"CategoricalDistribution\", \"attributes\": {\"choices\": [42]}}"}
{"op_code": 5, "worker_id": "105da646-cdd5-4895-98f3-9f1de6f6b970-139934819116864", "trial_id": 16, "param_name": "degree", "param_value_internal": 0, "distribution": "{\"name\": \"CategoricalDistribution\", \"attributes\": {\"choices\": [0]}}"}
{"op_code": 8, "worker_id": "105da646-cdd5-4895-98f3-9f1de6f6b970-139934819116864", "trial_id": 16, "user_attr": {"best_epoch": 2}}
{"op_code": 8, "worker_id": "105da646-cdd5-4895-98f3-9f1de6f6b970-139934819116864", "trial_id": 16, "user_attr": {"test_loss": 0.45216406137500825}}
{"op_code": 6, "worker_id": "105da646-cdd5-4895-98f3-9f1de6f6b970-139934819116864", "trial_id": 16, "state": 1, "values": [0.4477058665436899], "datetime_complete": "2024-09-01T15:01:50.132310"}
{"op_code": 4, "worker_id": "105da646-cdd5-4895-98f3-9f1de6f6b970-139934819116864", "study_id": 0, "datetime_start": "2024-09-01T15:01:50.140791"}
{"op_code": 5, "worker_id": "105da646-cdd5-4895-98f3-9f1de6f6b970-139934819116864", "trial_id": 17, "param_name": "lr", "param_value_internal": 0.0009129978603227824, "distribution": "{\"name\": \"FloatDistribution\", \"attributes\": {\"step\": null, \"low\": 1e-05, \"high\": 0.001, \"log\": true}}"}
{"op_code": 5, "worker_id": "105da646-cdd5-4895-98f3-9f1de6f6b970-139934819116864", "trial_id": 17, "param_name": "l2reg", "param_value_internal": 0.00011816826115310131, "distribution": "{\"name\": \"FloatDistribution\", \"attributes\": {\"step\": null, \"low\": 1e-08, \"high\": 0.001, \"log\": true}}"}
{"op_code": 5, "worker_id": "105da646-cdd5-4895-98f3-9f1de6f6b970-139934819116864", "trial_id": 17, "param_name": "random_seed", "param_value_internal": 0, "distribution": "{\"name\": \"CategoricalDistribution\", \"attributes\": {\"choices\": [42]}}"}
{"op_code": 5, "worker_id": "105da646-cdd5-4895-98f3-9f1de6f6b970-139934819116864", "trial_id": 17, "param_name": "degree", "param_value_internal": 0, "distribution": "{\"name\": \"CategoricalDistribution\", \"attributes\": {\"choices\": [0]}}"}
{"op_code": 8, "worker_id": "105da646-cdd5-4895-98f3-9f1de6f6b970-139934819116864", "trial_id": 17, "user_attr": {"best_epoch": 0}}
{"op_code": 8, "worker_id": "105da646-cdd5-4895-98f3-9f1de6f6b970-139934819116864", "trial_id": 17, "user_attr": {"test_loss": 0.4523441364102177}}
{"op_code": 6, "worker_id": "105da646-cdd5-4895-98f3-9f1de6f6b970-139934819116864", "trial_id": 17, "state": 1, "values": [0.4476741043205786], "datetime_complete": "2024-09-01T15:17:07.653236"}
{"op_code": 4, "worker_id": "105da646-cdd5-4895-98f3-9f1de6f6b970-139934819116864", "study_id": 0, "datetime_start": "2024-09-01T15:17:07.661742"}
{"op_code": 5, "worker_id": "105da646-cdd5-4895-98f3-9f1de6f6b970-139934819116864", "trial_id": 18, "param_name": "lr", "param_value_internal": 0.00023976227274240743, "distribution": "{\"name\": \"FloatDistribution\", \"attributes\": {\"step\": null, \"low\": 1e-05, \"high\": 0.001, \"log\": true}}"}
{"op_code": 5, "worker_id": "105da646-cdd5-4895-98f3-9f1de6f6b970-139934819116864", "trial_id": 18, "param_name": "l2reg", "param_value_internal": 1.943488616247948e-06, "distribution": "{\"name\": \"FloatDistribution\", \"attributes\": {\"step\": null, \"low\": 1e-08, \"high\": 0.001, \"log\": true}}"}
{"op_code": 5, "worker_id": "105da646-cdd5-4895-98f3-9f1de6f6b970-139934819116864", "trial_id": 18, "param_name": "random_seed", "param_value_internal": 0, "distribution": "{\"name\": \"CategoricalDistribution\", \"attributes\": {\"choices\": [42]}}"}
{"op_code": 5, "worker_id": "105da646-cdd5-4895-98f3-9f1de6f6b970-139934819116864", "trial_id": 18, "param_name": "degree", "param_value_internal": 0, "distribution": "{\"name\": \"CategoricalDistribution\", \"attributes\": {\"choices\": [0]}}"}
{"op_code": 8, "worker_id": "105da646-cdd5-4895-98f3-9f1de6f6b970-139934819116864", "trial_id": 18, "user_attr": {"best_epoch": 1}}
{"op_code": 8, "worker_id": "105da646-cdd5-4895-98f3-9f1de6f6b970-139934819116864", "trial_id": 18, "user_attr": {"test_loss": 0.4519540565480658}}
{"op_code": 6, "worker_id": "105da646-cdd5-4895-98f3-9f1de6f6b970-139934819116864", "trial_id": 18, "state": 1, "values": [0.4473399519901781], "datetime_complete": "2024-09-01T15:35:47.135755"}
{"op_code": 4, "worker_id": "105da646-cdd5-4895-98f3-9f1de6f6b970-139934819116864", "study_id": 0, "datetime_start": "2024-09-01T15:35:47.145473"}
{"op_code": 5, "worker_id": "105da646-cdd5-4895-98f3-9f1de6f6b970-139934819116864", "trial_id": 19, "param_name": "lr", "param_value_internal": 0.0004414973500475081, "distribution": "{\"name\": \"FloatDistribution\", \"attributes\": {\"step\": null, \"low\": 1e-05, \"high\": 0.001, \"log\": true}}"}
{"op_code": 5, "worker_id": "105da646-cdd5-4895-98f3-9f1de6f6b970-139934819116864", "trial_id": 19, "param_name": "l2reg", "param_value_internal": 1.3275744888634099e-05, "distribution": "{\"name\": \"FloatDistribution\", \"attributes\": {\"step\": null, \"low\": 1e-08, \"high\": 0.001, \"log\": true}}"}
{"op_code": 5, "worker_id": "105da646-cdd5-4895-98f3-9f1de6f6b970-139934819116864", "trial_id": 19, "param_name": "random_seed", "param_value_internal": 0, "distribution": "{\"name\": \"CategoricalDistribution\", \"attributes\": {\"choices\": [42]}}"}
{"op_code": 5, "worker_id": "105da646-cdd5-4895-98f3-9f1de6f6b970-139934819116864", "trial_id": 19, "param_name": "degree", "param_value_internal": 0, "distribution": "{\"name\": \"CategoricalDistribution\", \"attributes\": {\"choices\": [0]}}"}
{"op_code": 8, "worker_id": "105da646-cdd5-4895-98f3-9f1de6f6b970-139934819116864", "trial_id": 19, "user_attr": {"best_epoch": 0}}
{"op_code": 8, "worker_id": "105da646-cdd5-4895-98f3-9f1de6f6b970-139934819116864", "trial_id": 19, "user_attr": {"test_loss": 0.45210294199163525}}
{"op_code": 6, "worker_id": "105da646-cdd5-4895-98f3-9f1de6f6b970-139934819116864", "trial_id": 19, "state": 1, "values": [0.4474728799479588], "datetime_complete": "2024-09-01T15:51:02.907732"}
{"op_code": 4, "worker_id": "105da646-cdd5-4895-98f3-9f1de6f6b970-139934819116864", "study_id": 0, "datetime_start": "2024-09-01T15:51:02.916343"}
{"op_code": 5, "worker_id": "105da646-cdd5-4895-98f3-9f1de6f6b970-139934819116864", "trial_id": 20, "param_name": "lr", "param_value_internal": 4.503529799447425e-05, "distribution": "{\"name\": \"FloatDistribution\", \"attributes\": {\"step\": null, \"low\": 1e-05, \"high\": 0.001, \"log\": true}}"}
{"op_code": 5, "worker_id": "105da646-cdd5-4895-98f3-9f1de6f6b970-139934819116864", "trial_id": 20, "param_name": "l2reg", "param_value_internal": 0.0001628790264041172, "distribution": "{\"name\": \"FloatDistribution\", \"attributes\": {\"step\": null, \"low\": 1e-08, \"high\": 0.001, \"log\": true}}"}
{"op_code": 5, "worker_id": "105da646-cdd5-4895-98f3-9f1de6f6b970-139934819116864", "trial_id": 20, "param_name": "random_seed", "param_value_internal": 0, "distribution": "{\"name\": \"CategoricalDistribution\", \"attributes\": {\"choices\": [42]}}"}
{"op_code": 5, "worker_id": "105da646-cdd5-4895-98f3-9f1de6f6b970-139934819116864", "trial_id": 20, "param_name": "degree", "param_value_internal": 0, "distribution": "{\"name\": \"CategoricalDistribution\", \"attributes\": {\"choices\": [0]}}"}
{"op_code": 8, "worker_id": "105da646-cdd5-4895-98f3-9f1de6f6b970-139934819116864", "trial_id": 20, "user_attr": {"best_epoch": 4}}
{"op_code": 8, "worker_id": "105da646-cdd5-4895-98f3-9f1de6f6b970-139934819116864", "trial_id": 20, "user_attr": {"test_loss": 0.45273700310246723}}
{"op_code": 6, "worker_id": "105da646-cdd5-4895-98f3-9f1de6f6b970-139934819116864", "trial_id": 20, "state": 1, "values": [0.4481779096792321], "datetime_complete": "2024-09-01T16:20:07.687578"}
{"op_code": 4, "worker_id": "105da646-cdd5-4895-98f3-9f1de6f6b970-139934819116864", "study_id": 0, "datetime_start": "2024-09-01T16:20:07.696622"}
{"op_code": 5, "worker_id": "105da646-cdd5-4895-98f3-9f1de6f6b970-139934819116864", "trial_id": 21, "param_name": "lr", "param_value_internal": 0.0001652523814699286, "distribution": "{\"name\": \"FloatDistribution\", \"attributes\": {\"step\": null, \"low\": 1e-05, \"high\": 0.001, \"log\": true}}"}
{"op_code": 5, "worker_id": "105da646-cdd5-4895-98f3-9f1de6f6b970-139934819116864", "trial_id": 21, "param_name": "l2reg", "param_value_internal": 3.923746312241624e-05, "distribution": "{\"name\": \"FloatDistribution\", \"attributes\": {\"step\": null, \"low\": 1e-08, \"high\": 0.001, \"log\": true}}"}
{"op_code": 5, "worker_id": "105da646-cdd5-4895-98f3-9f1de6f6b970-139934819116864", "trial_id": 21, "param_name": "random_seed", "param_value_internal": 0, "distribution": "{\"name\": \"CategoricalDistribution\", \"attributes\": {\"choices\": [42]}}"}
{"op_code": 5, "worker_id": "105da646-cdd5-4895-98f3-9f1de6f6b970-139934819116864", "trial_id": 21, "param_name": "degree", "param_value_internal": 0, "distribution": "{\"name\": \"CategoricalDistribution\", \"attributes\": {\"choices\": [0]}}"}
{"op_code": 8, "worker_id": "105da646-cdd5-4895-98f3-9f1de6f6b970-139934819116864", "trial_id": 21, "user_attr": {"best_epoch": 1}}
{"op_code": 8, "worker_id": "105da646-cdd5-4895-98f3-9f1de6f6b970-139934819116864", "trial_id": 21, "user_attr": {"test_loss": 0.45146067309352955}}
{"op_code": 6, "worker_id": "105da646-cdd5-4895-98f3-9f1de6f6b970-139934819116864", "trial_id": 21, "state": 1, "values": [0.4468986021567771], "datetime_complete": "2024-09-01T16:38:50.302249"}
{"op_code": 4, "worker_id": "105da646-cdd5-4895-98f3-9f1de6f6b970-139934819116864", "study_id": 0, "datetime_start": "2024-09-01T16:38:50.311922"}
{"op_code": 5, "worker_id": "105da646-cdd5-4895-98f3-9f1de6f6b970-139934819116864", "trial_id": 22, "param_name": "lr", "param_value_internal": 0.0001086195811943341, "distribution": "{\"name\": \"FloatDistribution\", \"attributes\": {\"step\": null, \"low\": 1e-05, \"high\": 0.001, \"log\": true}}"}
{"op_code": 5, "worker_id": "105da646-cdd5-4895-98f3-9f1de6f6b970-139934819116864", "trial_id": 22, "param_name": "l2reg", "param_value_internal": 1.5388934368653876e-05, "distribution": "{\"name\": \"FloatDistribution\", \"attributes\": {\"step\": null, \"low\": 1e-08, \"high\": 0.001, \"log\": true}}"}
{"op_code": 5, "worker_id": "105da646-cdd5-4895-98f3-9f1de6f6b970-139934819116864", "trial_id": 22, "param_name": "random_seed", "param_value_internal": 0, "distribution": "{\"name\": \"CategoricalDistribution\", \"attributes\": {\"choices\": [42]}}"}
{"op_code": 5, "worker_id": "105da646-cdd5-4895-98f3-9f1de6f6b970-139934819116864", "trial_id": 22, "param_name": "degree", "param_value_internal": 0, "distribution": "{\"name\": \"CategoricalDistribution\", \"attributes\": {\"choices\": [0]}}"}
{"op_code": 8, "worker_id": "105da646-cdd5-4895-98f3-9f1de6f6b970-139934819116864", "trial_id": 22, "user_attr": {"best_epoch": 1}}
{"op_code": 8, "worker_id": "105da646-cdd5-4895-98f3-9f1de6f6b970-139934819116864", "trial_id": 22, "user_attr": {"test_loss": 0.45208068552660935}}
{"op_code": 6, "worker_id": "105da646-cdd5-4895-98f3-9f1de6f6b970-139934819116864", "trial_id": 22, "state": 1, "values": [0.44755885173455334], "datetime_complete": "2024-09-01T16:57:31.451787"}
{"op_code": 4, "worker_id": "105da646-cdd5-4895-98f3-9f1de6f6b970-139934819116864", "study_id": 0, "datetime_start": "2024-09-01T16:57:31.462163"}
{"op_code": 5, "worker_id": "105da646-cdd5-4895-98f3-9f1de6f6b970-139934819116864", "trial_id": 23, "param_name": "lr", "param_value_internal": 0.00017774534596192573, "distribution": "{\"name\": \"FloatDistribution\", \"attributes\": {\"step\": null, \"low\": 1e-05, \"high\": 0.001, \"log\": true}}"}
{"op_code": 5, "worker_id": "105da646-cdd5-4895-98f3-9f1de6f6b970-139934819116864", "trial_id": 23, "param_name": "l2reg", "param_value_internal": 7.296175811573665e-05, "distribution": "{\"name\": \"FloatDistribution\", \"attributes\": {\"step\": null, \"low\": 1e-08, \"high\": 0.001, \"log\": true}}"}
{"op_code": 5, "worker_id": "105da646-cdd5-4895-98f3-9f1de6f6b970-139934819116864", "trial_id": 23, "param_name": "random_seed", "param_value_internal": 0, "distribution": "{\"name\": \"CategoricalDistribution\", \"attributes\": {\"choices\": [42]}}"}
{"op_code": 5, "worker_id": "105da646-cdd5-4895-98f3-9f1de6f6b970-139934819116864", "trial_id": 23, "param_name": "degree", "param_value_internal": 0, "distribution": "{\"name\": \"CategoricalDistribution\", \"attributes\": {\"choices\": [0]}}"}
{"op_code": 8, "worker_id": "105da646-cdd5-4895-98f3-9f1de6f6b970-139934819116864", "trial_id": 23, "user_attr": {"best_epoch": 1}}
{"op_code": 8, "worker_id": "105da646-cdd5-4895-98f3-9f1de6f6b970-139934819116864", "trial_id": 23, "user_attr": {"test_loss": 0.45148835051573155}}
{"op_code": 6, "worker_id": "105da646-cdd5-4895-98f3-9f1de6f6b970-139934819116864", "trial_id": 23, "state": 1, "values": [0.44691929341269815], "datetime_complete": "2024-09-01T17:16:01.263678"}
{"op_code": 4, "worker_id": "105da646-cdd5-4895-98f3-9f1de6f6b970-139934819116864", "study_id": 0, "datetime_start": "2024-09-01T17:16:01.286573"}
{"op_code": 5, "worker_id": "105da646-cdd5-4895-98f3-9f1de6f6b970-139934819116864", "trial_id": 24, "param_name": "lr", "param_value_internal": 0.0004273342514303558, "distribution": "{\"name\": \"FloatDistribution\", \"attributes\": {\"step\": null, \"low\": 1e-05, \"high\": 0.001, \"log\": true}}"}
{"op_code": 5, "worker_id": "105da646-cdd5-4895-98f3-9f1de6f6b970-139934819116864", "trial_id": 24, "param_name": "l2reg", "param_value_internal": 3.7570940791180622e-06, "distribution": "{\"name\": \"FloatDistribution\", \"attributes\": {\"step\": null, \"low\": 1e-08, \"high\": 0.001, \"log\": true}}"}
{"op_code": 5, "worker_id": "105da646-cdd5-4895-98f3-9f1de6f6b970-139934819116864", "trial_id": 24, "param_name": "random_seed", "param_value_internal": 0, "distribution": "{\"name\": \"CategoricalDistribution\", \"attributes\": {\"choices\": [42]}}"}
{"op_code": 5, "worker_id": "105da646-cdd5-4895-98f3-9f1de6f6b970-139934819116864", "trial_id": 24, "param_name": "degree", "param_value_internal": 0, "distribution": "{\"name\": \"CategoricalDistribution\", \"attributes\": {\"choices\": [0]}}"}
{"op_code": 8, "worker_id": "105da646-cdd5-4895-98f3-9f1de6f6b970-139934819116864", "trial_id": 24, "user_attr": {"best_epoch": 0}}
{"op_code": 8, "worker_id": "105da646-cdd5-4895-98f3-9f1de6f6b970-139934819116864", "trial_id": 24, "user_attr": {"test_loss": 0.4521046599005995}}
{"op_code": 6, "worker_id": "105da646-cdd5-4895-98f3-9f1de6f6b970-139934819116864", "trial_id": 24, "state": 1, "values": [0.4474769647530945], "datetime_complete": "2024-09-01T17:31:17.971054"}
{"op_code": 4, "worker_id": "105da646-cdd5-4895-98f3-9f1de6f6b970-139934819116864", "study_id": 0, "datetime_start": "2024-09-01T17:31:17.981074"}
{"op_code": 5, "worker_id": "105da646-cdd5-4895-98f3-9f1de6f6b970-139934819116864", "trial_id": 25, "param_name": "lr", "param_value_internal": 9.928903358897827e-05, "distribution": "{\"name\": \"FloatDistribution\", \"attributes\": {\"step\": null, \"low\": 1e-05, \"high\": 0.001, \"log\": true}}"}
{"op_code": 5, "worker_id": "105da646-cdd5-4895-98f3-9f1de6f6b970-139934819116864", "trial_id": 25, "param_name": "l2reg", "param_value_internal": 0.00032847327477695355, "distribution": "{\"name\": \"FloatDistribution\", \"attributes\": {\"step\": null, \"low\": 1e-08, \"high\": 0.001, \"log\": true}}"}
{"op_code": 5, "worker_id": "105da646-cdd5-4895-98f3-9f1de6f6b970-139934819116864", "trial_id": 25, "param_name": "random_seed", "param_value_internal": 0, "distribution": "{\"name\": \"CategoricalDistribution\", \"attributes\": {\"choices\": [42]}}"}
{"op_code": 5, "worker_id": "105da646-cdd5-4895-98f3-9f1de6f6b970-139934819116864", "trial_id": 25, "param_name": "degree", "param_value_internal": 0, "distribution": "{\"name\": \"CategoricalDistribution\", \"attributes\": {\"choices\": [0]}}"}
{"op_code": 8, "worker_id": "105da646-cdd5-4895-98f3-9f1de6f6b970-139934819116864", "trial_id": 25, "user_attr": {"best_epoch": 2}}
{"op_code": 8, "worker_id": "105da646-cdd5-4895-98f3-9f1de6f6b970-139934819116864", "trial_id": 25, "user_attr": {"test_loss": 0.45203926483269324}}
{"op_code": 6, "worker_id": "105da646-cdd5-4895-98f3-9f1de6f6b970-139934819116864", "trial_id": 25, "state": 1, "values": [0.44755480510516654], "datetime_complete": "2024-09-01T17:53:23.780912"}
{"op_code": 4, "worker_id": "105da646-cdd5-4895-98f3-9f1de6f6b970-139934819116864", "study_id": 0, "datetime_start": "2024-09-01T17:53:23.791224"}
{"op_code": 5, "worker_id": "105da646-cdd5-4895-98f3-9f1de6f6b970-139934819116864", "trial_id": 26, "param_name": "lr", "param_value_internal": 0.00019814191647007278, "distribution": "{\"name\": \"FloatDistribution\", \"attributes\": {\"step\": null, \"low\": 1e-05, \"high\": 0.001, \"log\": true}}"}
{"op_code": 5, "worker_id": "105da646-cdd5-4895-98f3-9f1de6f6b970-139934819116864", "trial_id": 26, "param_name": "l2reg", "param_value_internal": 2.3864367221064033e-05, "distribution": "{\"name\": \"FloatDistribution\", \"attributes\": {\"step\": null, \"low\": 1e-08, \"high\": 0.001, \"log\": true}}"}
{"op_code": 5, "worker_id": "105da646-cdd5-4895-98f3-9f1de6f6b970-139934819116864", "trial_id": 26, "param_name": "random_seed", "param_value_internal": 0, "distribution": "{\"name\": \"CategoricalDistribution\", \"attributes\": {\"choices\": [42]}}"}
{"op_code": 5, "worker_id": "105da646-cdd5-4895-98f3-9f1de6f6b970-139934819116864", "trial_id": 26, "param_name": "degree", "param_value_internal": 0, "distribution": "{\"name\": \"CategoricalDistribution\", \"attributes\": {\"choices\": [0]}}"}
{"op_code": 8, "worker_id": "105da646-cdd5-4895-98f3-9f1de6f6b970-139934819116864", "trial_id": 26, "user_attr": {"best_epoch": 1}}
{"op_code": 8, "worker_id": "105da646-cdd5-4895-98f3-9f1de6f6b970-139934819116864", "trial_id": 26, "user_attr": {"test_loss": 0.4515985257439729}}
{"op_code": 6, "worker_id": "105da646-cdd5-4895-98f3-9f1de6f6b970-139934819116864", "trial_id": 26, "state": 1, "values": [0.44701648886947865], "datetime_complete": "2024-09-01T18:12:01.575397"}
{"op_code": 4, "worker_id": "105da646-cdd5-4895-98f3-9f1de6f6b970-139934819116864", "study_id": 0, "datetime_start": "2024-09-01T18:12:01.583841"}
{"op_code": 5, "worker_id": "105da646-cdd5-4895-98f3-9f1de6f6b970-139934819116864", "trial_id": 27, "param_name": "lr", "param_value_internal": 0.00034265139002643733, "distribution": "{\"name\": \"FloatDistribution\", \"attributes\": {\"step\": null, \"low\": 1e-05, \"high\": 0.001, \"log\": true}}"}
{"op_code": 5, "worker_id": "105da646-cdd5-4895-98f3-9f1de6f6b970-139934819116864", "trial_id": 27, "param_name": "l2reg", "param_value_internal": 1.0619285148449965e-06, "distribution": "{\"name\": \"FloatDistribution\", \"attributes\": {\"step\": null, \"low\": 1e-08, \"high\": 0.001, \"log\": true}}"}
{"op_code": 5, "worker_id": "105da646-cdd5-4895-98f3-9f1de6f6b970-139934819116864", "trial_id": 27, "param_name": "random_seed", "param_value_internal": 0, "distribution": "{\"name\": \"CategoricalDistribution\", \"attributes\": {\"choices\": [42]}}"}
{"op_code": 5, "worker_id": "105da646-cdd5-4895-98f3-9f1de6f6b970-139934819116864", "trial_id": 27, "param_name": "degree", "param_value_internal": 0, "distribution": "{\"name\": \"CategoricalDistribution\", \"attributes\": {\"choices\": [0]}}"}
{"op_code": 8, "worker_id": "105da646-cdd5-4895-98f3-9f1de6f6b970-139934819116864", "trial_id": 27, "user_attr": {"best_epoch": 0}}
{"op_code": 8, "worker_id": "105da646-cdd5-4895-98f3-9f1de6f6b970-139934819116864", "trial_id": 27, "user_attr": {"test_loss": 0.45213993429799904}}
{"op_code": 6, "worker_id": "105da646-cdd5-4895-98f3-9f1de6f6b970-139934819116864", "trial_id": 27, "state": 1, "values": [0.4475373206121558], "datetime_complete": "2024-09-01T18:27:16.769710"}
{"op_code": 4, "worker_id": "105da646-cdd5-4895-98f3-9f1de6f6b970-139934819116864", "study_id": 0, "datetime_start": "2024-09-01T18:27:16.778034"}
{"op_code": 5, "worker_id": "105da646-cdd5-4895-98f3-9f1de6f6b970-139934819116864", "trial_id": 28, "param_name": "lr", "param_value_internal": 0.0001417531075122676, "distribution": "{\"name\": \"FloatDistribution\", \"attributes\": {\"step\": null, \"low\": 1e-05, \"high\": 0.001, \"log\": true}}"}
{"op_code": 5, "worker_id": "105da646-cdd5-4895-98f3-9f1de6f6b970-139934819116864", "trial_id": 28, "param_name": "l2reg", "param_value_internal": 6.590201215713414e-06, "distribution": "{\"name\": \"FloatDistribution\", \"attributes\": {\"step\": null, \"low\": 1e-08, \"high\": 0.001, \"log\": true}}"}
{"op_code": 5, "worker_id": "105da646-cdd5-4895-98f3-9f1de6f6b970-139934819116864", "trial_id": 28, "param_name": "random_seed", "param_value_internal": 0, "distribution": "{\"name\": \"CategoricalDistribution\", \"attributes\": {\"choices\": [42]}}"}
{"op_code": 5, "worker_id": "105da646-cdd5-4895-98f3-9f1de6f6b970-139934819116864", "trial_id": 28, "param_name": "degree", "param_value_internal": 0, "distribution": "{\"name\": \"CategoricalDistribution\", \"attributes\": {\"choices\": [0]}}"}
{"op_code": 8, "worker_id": "105da646-cdd5-4895-98f3-9f1de6f6b970-139934819116864", "trial_id": 28, "user_attr": {"best_epoch": 1}}
{"op_code": 8, "worker_id": "105da646-cdd5-4895-98f3-9f1de6f6b970-139934819116864", "trial_id": 28, "user_attr": {"test_loss": 0.45153362696087856}}
{"op_code": 6, "worker_id": "105da646-cdd5-4895-98f3-9f1de6f6b970-139934819116864", "trial_id": 28, "state": 1, "values": [0.44698369590114617], "datetime_complete": "2024-09-01T18:45:59.335679"}
{"op_code": 4, "worker_id": "105da646-cdd5-4895-98f3-9f1de6f6b970-139934819116864", "study_id": 0, "datetime_start": "2024-09-01T18:45:59.344552"}
{"op_code": 5, "worker_id": "105da646-cdd5-4895-98f3-9f1de6f6b970-139934819116864", "trial_id": 29, "param_name": "lr", "param_value_internal": 6.652855125938934e-05, "distribution": "{\"name\": \"FloatDistribution\", \"attributes\": {\"step\": null, \"low\": 1e-05, \"high\": 0.001, \"log\": true}}"}
{"op_code": 5, "worker_id": "105da646-cdd5-4895-98f3-9f1de6f6b970-139934819116864", "trial_id": 29, "param_name": "l2reg", "param_value_internal": 0.0009497943917971584, "distribution": "{\"name\": \"FloatDistribution\", \"attributes\": {\"step\": null, \"low\": 1e-08, \"high\": 0.001, \"log\": true}}"}
{"op_code": 5, "worker_id": "105da646-cdd5-4895-98f3-9f1de6f6b970-139934819116864", "trial_id": 29, "param_name": "random_seed", "param_value_internal": 0, "distribution": "{\"name\": \"CategoricalDistribution\", \"attributes\": {\"choices\": [42]}}"}
{"op_code": 5, "worker_id": "105da646-cdd5-4895-98f3-9f1de6f6b970-139934819116864", "trial_id": 29, "param_name": "degree", "param_value_internal": 0, "distribution": "{\"name\": \"CategoricalDistribution\", \"attributes\": {\"choices\": [0]}}"}
{"op_code": 8, "worker_id": "105da646-cdd5-4895-98f3-9f1de6f6b970-139934819116864", "trial_id": 29, "user_attr": {"best_epoch": 3}}
{"op_code": 8, "worker_id": "105da646-cdd5-4895-98f3-9f1de6f6b970-139934819116864", "trial_id": 29, "user_attr": {"test_loss": 0.45232245258151327}}
{"op_code": 6, "worker_id": "105da646-cdd5-4895-98f3-9f1de6f6b970-139934819116864", "trial_id": 29, "state": 1, "values": [0.4477737812010396], "datetime_complete": "2024-09-01T19:11:31.583330"}
{"op_code": 4, "worker_id": "105da646-cdd5-4895-98f3-9f1de6f6b970-139934819116864", "study_id": 0, "datetime_start": "2024-09-01T19:11:31.591798"}
{"op_code": 5, "worker_id": "105da646-cdd5-4895-98f3-9f1de6f6b970-139934819116864", "trial_id": 30, "param_name": "lr", "param_value_internal": 5.1245101515886946e-05, "distribution": "{\"name\": \"FloatDistribution\", \"attributes\": {\"step\": null, \"low\": 1e-05, \"high\": 0.001, \"log\": true}}"}
{"op_code": 5, "worker_id": "105da646-cdd5-4895-98f3-9f1de6f6b970-139934819116864", "trial_id": 30, "param_name": "l2reg", "param_value_internal": 0.0003703251525760621, "distribution": "{\"name\": \"FloatDistribution\", \"attributes\": {\"step\": null, \"low\": 1e-08, \"high\": 0.001, \"log\": true}}"}
{"op_code": 5, "worker_id": "105da646-cdd5-4895-98f3-9f1de6f6b970-139934819116864", "trial_id": 30, "param_name": "random_seed", "param_value_internal": 0, "distribution": "{\"name\": \"CategoricalDistribution\", \"attributes\": {\"choices\": [42]}}"}
{"op_code": 5, "worker_id": "105da646-cdd5-4895-98f3-9f1de6f6b970-139934819116864", "trial_id": 30, "param_name": "degree", "param_value_internal": 0, "distribution": "{\"name\": \"CategoricalDistribution\", \"attributes\": {\"choices\": [0]}}"}
{"op_code": 8, "worker_id": "105da646-cdd5-4895-98f3-9f1de6f6b970-139934819116864", "trial_id": 30, "user_attr": {"best_epoch": 4}}
{"op_code": 8, "worker_id": "105da646-cdd5-4895-98f3-9f1de6f6b970-139934819116864", "trial_id": 30, "user_attr": {"test_loss": 0.4525589513822601}}
{"op_code": 6, "worker_id": "105da646-cdd5-4895-98f3-9f1de6f6b970-139934819116864", "trial_id": 30, "state": 1, "values": [0.4479822589659564], "datetime_complete": "2024-09-01T19:40:35.958137"}
{"op_code": 4, "worker_id": "105da646-cdd5-4895-98f3-9f1de6f6b970-139934819116864", "study_id": 0, "datetime_start": "2024-09-01T19:40:35.968202"}
{"op_code": 5, "worker_id": "105da646-cdd5-4895-98f3-9f1de6f6b970-139934819116864", "trial_id": 31, "param_name": "lr", "param_value_internal": 0.00017795518071874456, "distribution": "{\"name\": \"FloatDistribution\", \"attributes\": {\"step\": null, \"low\": 1e-05, \"high\": 0.001, \"log\": true}}"}
{"op_code": 5, "worker_id": "105da646-cdd5-4895-98f3-9f1de6f6b970-139934819116864", "trial_id": 31, "param_name": "l2reg", "param_value_internal": 8.908989409205168e-05, "distribution": "{\"name\": \"FloatDistribution\", \"attributes\": {\"step\": null, \"low\": 1e-08, \"high\": 0.001, \"log\": true}}"}
{"op_code": 5, "worker_id": "105da646-cdd5-4895-98f3-9f1de6f6b970-139934819116864", "trial_id": 31, "param_name": "random_seed", "param_value_internal": 0, "distribution": "{\"name\": \"CategoricalDistribution\", \"attributes\": {\"choices\": [42]}}"}
{"op_code": 5, "worker_id": "105da646-cdd5-4895-98f3-9f1de6f6b970-139934819116864", "trial_id": 31, "param_name": "degree", "param_value_internal": 0, "distribution": "{\"name\": \"CategoricalDistribution\", \"attributes\": {\"choices\": [0]}}"}
{"op_code": 8, "worker_id": "105da646-cdd5-4895-98f3-9f1de6f6b970-139934819116864", "trial_id": 31, "user_attr": {"best_epoch": 1}}
{"op_code": 8, "worker_id": "105da646-cdd5-4895-98f3-9f1de6f6b970-139934819116864", "trial_id": 31, "user_attr": {"test_loss": 0.45148903767931725}}
{"op_code": 6, "worker_id": "105da646-cdd5-4895-98f3-9f1de6f6b970-139934819116864", "trial_id": 31, "state": 1, "values": [0.44692009510342573], "datetime_complete": "2024-09-01T19:58:59.782463"}
{"op_code": 4, "worker_id": "105da646-cdd5-4895-98f3-9f1de6f6b970-139934819116864", "study_id": 0, "datetime_start": "2024-09-01T19:58:59.790806"}
{"op_code": 5, "worker_id": "105da646-cdd5-4895-98f3-9f1de6f6b970-139934819116864", "trial_id": 32, "param_name": "lr", "param_value_internal": 0.0002405593988563354, "distribution": "{\"name\": \"FloatDistribution\", \"attributes\": {\"step\": null, \"low\": 1e-05, \"high\": 0.001, \"log\": true}}"}
{"op_code": 5, "worker_id": "105da646-cdd5-4895-98f3-9f1de6f6b970-139934819116864", "trial_id": 32, "param_name": "l2reg", "param_value_internal": 6.181844622078447e-05, "distribution": "{\"name\": \"FloatDistribution\", \"attributes\": {\"step\": null, \"low\": 1e-08, \"high\": 0.001, \"log\": true}}"}
{"op_code": 5, "worker_id": "105da646-cdd5-4895-98f3-9f1de6f6b970-139934819116864", "trial_id": 32, "param_name": "random_seed", "param_value_internal": 0, "distribution": "{\"name\": \"CategoricalDistribution\", \"attributes\": {\"choices\": [42]}}"}
{"op_code": 5, "worker_id": "105da646-cdd5-4895-98f3-9f1de6f6b970-139934819116864", "trial_id": 32, "param_name": "degree", "param_value_internal": 0, "distribution": "{\"name\": \"CategoricalDistribution\", \"attributes\": {\"choices\": [0]}}"}
{"op_code": 8, "worker_id": "105da646-cdd5-4895-98f3-9f1de6f6b970-139934819116864", "trial_id": 32, "user_attr": {"best_epoch": 1}}
{"op_code": 8, "worker_id": "105da646-cdd5-4895-98f3-9f1de6f6b970-139934819116864", "trial_id": 32, "user_attr": {"test_loss": 0.451961538995999}}
{"op_code": 6, "worker_id": "105da646-cdd5-4895-98f3-9f1de6f6b970-139934819116864", "trial_id": 32, "state": 1, "values": [0.44734712903097734], "datetime_complete": "2024-09-01T20:17:37.961064"}
{"op_code": 4, "worker_id": "105da646-cdd5-4895-98f3-9f1de6f6b970-139934819116864", "study_id": 0, "datetime_start": "2024-09-01T20:17:37.969734"}
{"op_code": 5, "worker_id": "105da646-cdd5-4895-98f3-9f1de6f6b970-139934819116864", "trial_id": 33, "param_name": "lr", "param_value_internal": 0.00015107653087335611, "distribution": "{\"name\": \"FloatDistribution\", \"attributes\": {\"step\": null, \"low\": 1e-05, \"high\": 0.001, \"log\": true}}"}
{"op_code": 5, "worker_id": "105da646-cdd5-4895-98f3-9f1de6f6b970-139934819116864", "trial_id": 33, "param_name": "l2reg", "param_value_internal": 2.079196596890515e-05, "distribution": "{\"name\": \"FloatDistribution\", \"attributes\": {\"step\": null, \"low\": 1e-08, \"high\": 0.001, \"log\": true}}"}
{"op_code": 5, "worker_id": "105da646-cdd5-4895-98f3-9f1de6f6b970-139934819116864", "trial_id": 33, "param_name": "random_seed", "param_value_internal": 0, "distribution": "{\"name\": \"CategoricalDistribution\", \"attributes\": {\"choices\": [42]}}"}
{"op_code": 5, "worker_id": "105da646-cdd5-4895-98f3-9f1de6f6b970-139934819116864", "trial_id": 33, "param_name": "degree", "param_value_internal": 0, "distribution": "{\"name\": \"CategoricalDistribution\", \"attributes\": {\"choices\": [0]}}"}
{"op_code": 8, "worker_id": "105da646-cdd5-4895-98f3-9f1de6f6b970-139934819116864", "trial_id": 33, "user_attr": {"best_epoch": 1}}
{"op_code": 8, "worker_id": "105da646-cdd5-4895-98f3-9f1de6f6b970-139934819116864", "trial_id": 33, "user_attr": {"test_loss": 0.45148250962525305}}
{"op_code": 6, "worker_id": "105da646-cdd5-4895-98f3-9f1de6f6b970-139934819116864", "trial_id": 33, "state": 1, "values": [0.44692662315649306], "datetime_complete": "2024-09-01T20:36:07.549746"}
{"op_code": 4, "worker_id": "105da646-cdd5-4895-98f3-9f1de6f6b970-139934819116864", "study_id": 0, "datetime_start": "2024-09-01T20:36:07.558439"}
{"op_code": 5, "worker_id": "105da646-cdd5-4895-98f3-9f1de6f6b970-139934819116864", "trial_id": 34, "param_name": "lr", "param_value_internal": 9.620786163445509e-05, "distribution": "{\"name\": \"FloatDistribution\", \"attributes\": {\"step\": null, \"low\": 1e-05, \"high\": 0.001, \"log\": true}}"}
{"op_code": 5, "worker_id": "105da646-cdd5-4895-98f3-9f1de6f6b970-139934819116864", "trial_id": 34, "param_name": "l2reg", "param_value_internal": 9.288064637503502e-05, "distribution": "{\"name\": \"FloatDistribution\", \"attributes\": {\"step\": null, \"low\": 1e-08, \"high\": 0.001, \"log\": true}}"}
{"op_code": 5, "worker_id": "105da646-cdd5-4895-98f3-9f1de6f6b970-139934819116864", "trial_id": 34, "param_name": "random_seed", "param_value_internal": 0, "distribution": "{\"name\": \"CategoricalDistribution\", \"attributes\": {\"choices\": [42]}}"}
{"op_code": 5, "worker_id": "105da646-cdd5-4895-98f3-9f1de6f6b970-139934819116864", "trial_id": 34, "param_name": "degree", "param_value_internal": 0, "distribution": "{\"name\": \"CategoricalDistribution\", \"attributes\": {\"choices\": [0]}}"}
{"op_code": 8, "worker_id": "105da646-cdd5-4895-98f3-9f1de6f6b970-139934819116864", "trial_id": 34, "user_attr": {"best_epoch": 2}}
{"op_code": 8, "worker_id": "105da646-cdd5-4895-98f3-9f1de6f6b970-139934819116864", "trial_id": 34, "user_attr": {"test_loss": 0.4520614449462096}}
{"op_code": 6, "worker_id": "105da646-cdd5-4895-98f3-9f1de6f6b970-139934819116864", "trial_id": 34, "state": 1, "values": [0.4475810700204317], "datetime_complete": "2024-09-01T20:57:54.277460"}
{"op_code": 4, "worker_id": "105da646-cdd5-4895-98f3-9f1de6f6b970-139934819116864", "study_id": 0, "datetime_start": "2024-09-01T20:57:54.303701"}
{"op_code": 5, "worker_id": "105da646-cdd5-4895-98f3-9f1de6f6b970-139934819116864", "trial_id": 35, "param_name": "lr", "param_value_internal": 0.0003163829949087361, "distribution": "{\"name\": \"FloatDistribution\", \"attributes\": {\"step\": null, \"low\": 1e-05, \"high\": 0.001, \"log\": true}}"}
{"op_code": 5, "worker_id": "105da646-cdd5-4895-98f3-9f1de6f6b970-139934819116864", "trial_id": 35, "param_name": "l2reg", "param_value_internal": 0.00023411926668683416, "distribution": "{\"name\": \"FloatDistribution\", \"attributes\": {\"step\": null, \"low\": 1e-08, \"high\": 0.001, \"log\": true}}"}
{"op_code": 5, "worker_id": "105da646-cdd5-4895-98f3-9f1de6f6b970-139934819116864", "trial_id": 35, "param_name": "random_seed", "param_value_internal": 0, "distribution": "{\"name\": \"CategoricalDistribution\", \"attributes\": {\"choices\": [42]}}"}
{"op_code": 5, "worker_id": "105da646-cdd5-4895-98f3-9f1de6f6b970-139934819116864", "trial_id": 35, "param_name": "degree", "param_value_internal": 0, "distribution": "{\"name\": \"CategoricalDistribution\", \"attributes\": {\"choices\": [0]}}"}
{"op_code": 8, "worker_id": "105da646-cdd5-4895-98f3-9f1de6f6b970-139934819116864", "trial_id": 35, "user_attr": {"best_epoch": 0}}
{"op_code": 8, "worker_id": "105da646-cdd5-4895-98f3-9f1de6f6b970-139934819116864", "trial_id": 35, "user_attr": {"test_loss": 0.4521693296291653}}
{"op_code": 6, "worker_id": "105da646-cdd5-4895-98f3-9f1de6f6b970-139934819116864", "trial_id": 35, "state": 1, "values": [0.4475793521117297], "datetime_complete": "2024-09-01T21:13:02.415931"}
{"op_code": 4, "worker_id": "105da646-cdd5-4895-98f3-9f1de6f6b970-139934819116864", "study_id": 0, "datetime_start": "2024-09-01T21:13:02.424149"}
{"op_code": 5, "worker_id": "105da646-cdd5-4895-98f3-9f1de6f6b970-139934819116864", "trial_id": 36, "param_name": "lr", "param_value_internal": 0.00021550657622573522, "distribution": "{\"name\": \"FloatDistribution\", \"attributes\": {\"step\": null, \"low\": 1e-05, \"high\": 0.001, \"log\": true}}"}
{"op_code": 5, "worker_id": "105da646-cdd5-4895-98f3-9f1de6f6b970-139934819116864", "trial_id": 36, "param_name": "l2reg", "param_value_internal": 2.7808029374531337e-05, "distribution": "{\"name\": \"FloatDistribution\", \"attributes\": {\"step\": null, \"low\": 1e-08, \"high\": 0.001, \"log\": true}}"}
{"op_code": 5, "worker_id": "105da646-cdd5-4895-98f3-9f1de6f6b970-139934819116864", "trial_id": 36, "param_name": "random_seed", "param_value_internal": 0, "distribution": "{\"name\": \"CategoricalDistribution\", \"attributes\": {\"choices\": [42]}}"}
{"op_code": 5, "worker_id": "105da646-cdd5-4895-98f3-9f1de6f6b970-139934819116864", "trial_id": 36, "param_name": "degree", "param_value_internal": 0, "distribution": "{\"name\": \"CategoricalDistribution\", \"attributes\": {\"choices\": [0]}}"}
{"op_code": 8, "worker_id": "105da646-cdd5-4895-98f3-9f1de6f6b970-139934819116864", "trial_id": 36, "user_attr": {"best_epoch": 1}}
{"op_code": 8, "worker_id": "105da646-cdd5-4895-98f3-9f1de6f6b970-139934819116864", "trial_id": 36, "user_attr": {"test_loss": 0.45173378244309254}}
{"op_code": 6, "worker_id": "105da646-cdd5-4895-98f3-9f1de6f6b970-139934819116864", "trial_id": 36, "state": 1, "values": [0.447138956672052], "datetime_complete": "2024-09-01T21:31:39.906452"}
{"op_code": 4, "worker_id": "105da646-cdd5-4895-98f3-9f1de6f6b970-139934819116864", "study_id": 0, "datetime_start": "2024-09-01T21:31:39.918767"}
{"op_code": 5, "worker_id": "105da646-cdd5-4895-98f3-9f1de6f6b970-139934819116864", "trial_id": 37, "param_name": "lr", "param_value_internal": 0.0005902522588434287, "distribution": "{\"name\": \"FloatDistribution\", \"attributes\": {\"step\": null, \"low\": 1e-05, \"high\": 0.001, \"log\": true}}"}
{"op_code": 5, "worker_id": "105da646-cdd5-4895-98f3-9f1de6f6b970-139934819116864", "trial_id": 37, "param_name": "l2reg", "param_value_internal": 7.285383427206529e-06, "distribution": "{\"name\": \"FloatDistribution\", \"attributes\": {\"step\": null, \"low\": 1e-08, \"high\": 0.001, \"log\": true}}"}
{"op_code": 5, "worker_id": "105da646-cdd5-4895-98f3-9f1de6f6b970-139934819116864", "trial_id": 37, "param_name": "random_seed", "param_value_internal": 0, "distribution": "{\"name\": \"CategoricalDistribution\", \"attributes\": {\"choices\": [42]}}"}
{"op_code": 5, "worker_id": "105da646-cdd5-4895-98f3-9f1de6f6b970-139934819116864", "trial_id": 37, "param_name": "degree", "param_value_internal": 0, "distribution": "{\"name\": \"CategoricalDistribution\", \"attributes\": {\"choices\": [0]}}"}
{"op_code": 8, "worker_id": "105da646-cdd5-4895-98f3-9f1de6f6b970-139934819116864", "trial_id": 37, "user_attr": {"best_epoch": 0}}
{"op_code": 8, "worker_id": "105da646-cdd5-4895-98f3-9f1de6f6b970-139934819116864", "trial_id": 37, "user_attr": {"test_loss": 0.45210649233682804}}
{"op_code": 6, "worker_id": "105da646-cdd5-4895-98f3-9f1de6f6b970-139934819116864", "trial_id": 37, "state": 1, "values": [0.44745688430915637], "datetime_complete": "2024-09-01T21:46:54.231289"}
{"op_code": 4, "worker_id": "105da646-cdd5-4895-98f3-9f1de6f6b970-139934819116864", "study_id": 0, "datetime_start": "2024-09-01T21:46:54.240903"}
{"op_code": 5, "worker_id": "105da646-cdd5-4895-98f3-9f1de6f6b970-139934819116864", "trial_id": 38, "param_name": "lr", "param_value_internal": 3.597721806329655e-05, "distribution": "{\"name\": \"FloatDistribution\", \"attributes\": {\"step\": null, \"low\": 1e-05, \"high\": 0.001, \"log\": true}}"}
{"op_code": 5, "worker_id": "105da646-cdd5-4895-98f3-9f1de6f6b970-139934819116864", "trial_id": 38, "param_name": "l2reg", "param_value_internal": 0.0005449867656651801, "distribution": "{\"name\": \"FloatDistribution\", \"attributes\": {\"step\": null, \"low\": 1e-08, \"high\": 0.001, \"log\": true}}"}
{"op_code": 5, "worker_id": "105da646-cdd5-4895-98f3-9f1de6f6b970-139934819116864", "trial_id": 38, "param_name": "random_seed", "param_value_internal": 0, "distribution": "{\"name\": \"CategoricalDistribution\", \"attributes\": {\"choices\": [42]}}"}
{"op_code": 5, "worker_id": "105da646-cdd5-4895-98f3-9f1de6f6b970-139934819116864", "trial_id": 38, "param_name": "degree", "param_value_internal": 0, "distribution": "{\"name\": \"CategoricalDistribution\", \"attributes\": {\"choices\": [0]}}"}
{"op_code": 8, "worker_id": "105da646-cdd5-4895-98f3-9f1de6f6b970-139934819116864", "trial_id": 38, "user_attr": {"best_epoch": 6}}
{"op_code": 8, "worker_id": "105da646-cdd5-4895-98f3-9f1de6f6b970-139934819116864", "trial_id": 38, "user_attr": {"test_loss": 0.4529731583214212}}
{"op_code": 6, "worker_id": "105da646-cdd5-4895-98f3-9f1de6f6b970-139934819116864", "trial_id": 38, "state": 1, "values": [0.44828816124214727], "datetime_complete": "2024-09-01T22:22:37.386122"}
{"op_code": 4, "worker_id": "105da646-cdd5-4895-98f3-9f1de6f6b970-139934819116864", "study_id": 0, "datetime_start": "2024-09-01T22:22:37.399262"}
{"op_code": 5, "worker_id": "105da646-cdd5-4895-98f3-9f1de6f6b970-139934819116864", "trial_id": 39, "param_name": "lr", "param_value_internal": 0.00012389377884131571, "distribution": "{\"name\": \"FloatDistribution\", \"attributes\": {\"step\": null, \"low\": 1e-05, \"high\": 0.001, \"log\": true}}"}
{"op_code": 5, "worker_id": "105da646-cdd5-4895-98f3-9f1de6f6b970-139934819116864", "trial_id": 39, "param_name": "l2reg", "param_value_internal": 8.432434402824831e-05, "distribution": "{\"name\": \"FloatDistribution\", \"attributes\": {\"step\": null, \"low\": 1e-08, \"high\": 0.001, \"log\": true}}"}
{"op_code": 5, "worker_id": "105da646-cdd5-4895-98f3-9f1de6f6b970-139934819116864", "trial_id": 39, "param_name": "random_seed", "param_value_internal": 0, "distribution": "{\"name\": \"CategoricalDistribution\", \"attributes\": {\"choices\": [42]}}"}
{"op_code": 5, "worker_id": "105da646-cdd5-4895-98f3-9f1de6f6b970-139934819116864", "trial_id": 39, "param_name": "degree", "param_value_internal": 0, "distribution": "{\"name\": \"CategoricalDistribution\", \"attributes\": {\"choices\": [0]}}"}
{"op_code": 8, "worker_id": "105da646-cdd5-4895-98f3-9f1de6f6b970-139934819116864", "trial_id": 39, "user_attr": {"best_epoch": 1}}
{"op_code": 8, "worker_id": "105da646-cdd5-4895-98f3-9f1de6f6b970-139934819116864", "trial_id": 39, "user_attr": {"test_loss": 0.45174412807263287}}
{"op_code": 6, "worker_id": "105da646-cdd5-4895-98f3-9f1de6f6b970-139934819116864", "trial_id": 39, "state": 1, "values": [0.4472079020746229], "datetime_complete": "2024-09-01T22:41:18.905451"}
{"op_code": 4, "worker_id": "105da646-cdd5-4895-98f3-9f1de6f6b970-139934819116864", "study_id": 0, "datetime_start": "2024-09-01T22:41:18.914946"}
{"op_code": 5, "worker_id": "105da646-cdd5-4895-98f3-9f1de6f6b970-139934819116864", "trial_id": 40, "param_name": "lr", "param_value_internal": 0.0003790259048557209, "distribution": "{\"name\": \"FloatDistribution\", \"attributes\": {\"step\": null, \"low\": 1e-05, \"high\": 0.001, \"log\": true}}"}
{"op_code": 5, "worker_id": "105da646-cdd5-4895-98f3-9f1de6f6b970-139934819116864", "trial_id": 40, "param_name": "l2reg", "param_value_internal": 0.0001648689472418258, "distribution": "{\"name\": \"FloatDistribution\", \"attributes\": {\"step\": null, \"low\": 1e-08, \"high\": 0.001, \"log\": true}}"}
{"op_code": 5, "worker_id": "105da646-cdd5-4895-98f3-9f1de6f6b970-139934819116864", "trial_id": 40, "param_name": "random_seed", "param_value_internal": 0, "distribution": "{\"name\": \"CategoricalDistribution\", \"attributes\": {\"choices\": [42]}}"}
{"op_code": 5, "worker_id": "105da646-cdd5-4895-98f3-9f1de6f6b970-139934819116864", "trial_id": 40, "param_name": "degree", "param_value_internal": 0, "distribution": "{\"name\": \"CategoricalDistribution\", \"attributes\": {\"choices\": [0]}}"}
{"op_code": 8, "worker_id": "105da646-cdd5-4895-98f3-9f1de6f6b970-139934819116864", "trial_id": 40, "user_attr": {"best_epoch": 0}}
{"op_code": 8, "worker_id": "105da646-cdd5-4895-98f3-9f1de6f6b970-139934819116864", "trial_id": 40, "user_attr": {"test_loss": 0.4521114933607018}}
{"op_code": 6, "worker_id": "105da646-cdd5-4895-98f3-9f1de6f6b970-139934819116864", "trial_id": 40, "state": 1, "values": [0.4474970833727816], "datetime_complete": "2024-09-01T22:56:33.849047"}
{"op_code": 4, "worker_id": "105da646-cdd5-4895-98f3-9f1de6f6b970-139934819116864", "study_id": 0, "datetime_start": "2024-09-01T22:56:33.875737"}
{"op_code": 5, "worker_id": "105da646-cdd5-4895-98f3-9f1de6f6b970-139934819116864", "trial_id": 41, "param_name": "lr", "param_value_internal": 0.00017389929268689635, "distribution": "{\"name\": \"FloatDistribution\", \"attributes\": {\"step\": null, \"low\": 1e-05, \"high\": 0.001, \"log\": true}}"}
{"op_code": 5, "worker_id": "105da646-cdd5-4895-98f3-9f1de6f6b970-139934819116864", "trial_id": 41, "param_name": "l2reg", "param_value_internal": 6.987433468661992e-05, "distribution": "{\"name\": \"FloatDistribution\", \"attributes\": {\"step\": null, \"low\": 1e-08, \"high\": 0.001, \"log\": true}}"}
{"op_code": 5, "worker_id": "105da646-cdd5-4895-98f3-9f1de6f6b970-139934819116864", "trial_id": 41, "param_name": "random_seed", "param_value_internal": 0, "distribution": "{\"name\": \"CategoricalDistribution\", \"attributes\": {\"choices\": [42]}}"}
{"op_code": 5, "worker_id": "105da646-cdd5-4895-98f3-9f1de6f6b970-139934819116864", "trial_id": 41, "param_name": "degree", "param_value_internal": 0, "distribution": "{\"name\": \"CategoricalDistribution\", \"attributes\": {\"choices\": [0]}}"}
{"op_code": 8, "worker_id": "105da646-cdd5-4895-98f3-9f1de6f6b970-139934819116864", "trial_id": 41, "user_attr": {"best_epoch": 1}}
{"op_code": 8, "worker_id": "105da646-cdd5-4895-98f3-9f1de6f6b970-139934819116864", "trial_id": 41, "user_attr": {"test_loss": 0.45147617244996263}}
{"op_code": 6, "worker_id": "105da646-cdd5-4895-98f3-9f1de6f6b970-139934819116864", "trial_id": 41, "state": 1, "values": [0.44690887143323976], "datetime_complete": "2024-09-01T23:15:17.673262"}
{"op_code": 4, "worker_id": "105da646-cdd5-4895-98f3-9f1de6f6b970-139934819116864", "study_id": 0, "datetime_start": "2024-09-01T23:15:17.723785"}
{"op_code": 5, "worker_id": "105da646-cdd5-4895-98f3-9f1de6f6b970-139934819116864", "trial_id": 42, "param_name": "lr", "param_value_internal": 6.634943691579158e-05, "distribution": "{\"name\": \"FloatDistribution\", \"attributes\": {\"step\": null, \"low\": 1e-05, \"high\": 0.001, \"log\": true}}"}
{"op_code": 5, "worker_id": "105da646-cdd5-4895-98f3-9f1de6f6b970-139934819116864", "trial_id": 42, "param_name": "l2reg", "param_value_internal": 3.1084117216080364e-05, "distribution": "{\"name\": \"FloatDistribution\", \"attributes\": {\"step\": null, \"low\": 1e-08, \"high\": 0.001, \"log\": true}}"}
{"op_code": 5, "worker_id": "105da646-cdd5-4895-98f3-9f1de6f6b970-139934819116864", "trial_id": 42, "param_name": "random_seed", "param_value_internal": 0, "distribution": "{\"name\": \"CategoricalDistribution\", \"attributes\": {\"choices\": [42]}}"}
{"op_code": 5, "worker_id": "105da646-cdd5-4895-98f3-9f1de6f6b970-139934819116864", "trial_id": 42, "param_name": "degree", "param_value_internal": 0, "distribution": "{\"name\": \"CategoricalDistribution\", \"attributes\": {\"choices\": [0]}}"}
{"op_code": 8, "worker_id": "105da646-cdd5-4895-98f3-9f1de6f6b970-139934819116864", "trial_id": 42, "user_attr": {"best_epoch": 3}}
{"op_code": 8, "worker_id": "105da646-cdd5-4895-98f3-9f1de6f6b970-139934819116864", "trial_id": 42, "user_attr": {"test_loss": 0.45235272595503906}}
{"op_code": 6, "worker_id": "105da646-cdd5-4895-98f3-9f1de6f6b970-139934819116864", "trial_id": 42, "state": 1, "values": [0.44780237483698954], "datetime_complete": "2024-09-01T23:40:54.928815"}
{"op_code": 4, "worker_id": "105da646-cdd5-4895-98f3-9f1de6f6b970-139934819116864", "study_id": 0, "datetime_start": "2024-09-01T23:40:54.937190"}
{"op_code": 5, "worker_id": "105da646-cdd5-4895-98f3-9f1de6f6b970-139934819116864", "trial_id": 43, "param_name": "lr", "param_value_internal": 0.0001602205635612472, "distribution": "{\"name\": \"FloatDistribution\", \"attributes\": {\"step\": null, \"low\": 1e-05, \"high\": 0.001, \"log\": true}}"}
{"op_code": 5, "worker_id": "105da646-cdd5-4895-98f3-9f1de6f6b970-139934819116864", "trial_id": 43, "param_name": "l2reg", "param_value_internal": 4.8962694749025924e-05, "distribution": "{\"name\": \"FloatDistribution\", \"attributes\": {\"step\": null, \"low\": 1e-08, \"high\": 0.001, \"log\": true}}"}
{"op_code": 5, "worker_id": "105da646-cdd5-4895-98f3-9f1de6f6b970-139934819116864", "trial_id": 43, "param_name": "random_seed", "param_value_internal": 0, "distribution": "{\"name\": \"CategoricalDistribution\", \"attributes\": {\"choices\": [42]}}"}
{"op_code": 5, "worker_id": "105da646-cdd5-4895-98f3-9f1de6f6b970-139934819116864", "trial_id": 43, "param_name": "degree", "param_value_internal": 0, "distribution": "{\"name\": \"CategoricalDistribution\", \"attributes\": {\"choices\": [0]}}"}
{"op_code": 8, "worker_id": "105da646-cdd5-4895-98f3-9f1de6f6b970-139934819116864", "trial_id": 43, "user_attr": {"best_epoch": 1}}
{"op_code": 8, "worker_id": "105da646-cdd5-4895-98f3-9f1de6f6b970-139934819116864", "trial_id": 43, "user_attr": {"test_loss": 0.4514611312025867}}
{"op_code": 6, "worker_id": "105da646-cdd5-4895-98f3-9f1de6f6b970-139934819116864", "trial_id": 43, "state": 1, "values": [0.44690093087746197], "datetime_complete": "2024-09-01T23:59:36.846885"}
{"op_code": 4, "worker_id": "105da646-cdd5-4895-98f3-9f1de6f6b970-139934819116864", "study_id": 0, "datetime_start": "2024-09-01T23:59:36.856316"}
{"op_code": 5, "worker_id": "105da646-cdd5-4895-98f3-9f1de6f6b970-139934819116864", "trial_id": 44, "param_name": "lr", "param_value_internal": 0.00014987011125231964, "distribution": "{\"name\": \"FloatDistribution\", \"attributes\": {\"step\": null, \"low\": 1e-05, \"high\": 0.001, \"log\": true}}"}
{"op_code": 5, "worker_id": "105da646-cdd5-4895-98f3-9f1de6f6b970-139934819116864", "trial_id": 44, "param_name": "l2reg", "param_value_internal": 1.716113653015721e-05, "distribution": "{\"name\": \"FloatDistribution\", \"attributes\": {\"step\": null, \"low\": 1e-08, \"high\": 0.001, \"log\": true}}"}
{"op_code": 5, "worker_id": "105da646-cdd5-4895-98f3-9f1de6f6b970-139934819116864", "trial_id": 44, "param_name": "random_seed", "param_value_internal": 0, "distribution": "{\"name\": \"CategoricalDistribution\", \"attributes\": {\"choices\": [42]}}"}
{"op_code": 5, "worker_id": "105da646-cdd5-4895-98f3-9f1de6f6b970-139934819116864", "trial_id": 44, "param_name": "degree", "param_value_internal": 0, "distribution": "{\"name\": \"CategoricalDistribution\", \"attributes\": {\"choices\": [0]}}"}
{"op_code": 8, "worker_id": "105da646-cdd5-4895-98f3-9f1de6f6b970-139934819116864", "trial_id": 44, "user_attr": {"best_epoch": 1}}
{"op_code": 8, "worker_id": "105da646-cdd5-4895-98f3-9f1de6f6b970-139934819116864", "trial_id": 44, "user_attr": {"test_loss": 0.4514872052430887}}
{"op_code": 6, "worker_id": "105da646-cdd5-4895-98f3-9f1de6f6b970-139934819116864", "trial_id": 44, "state": 1, "values": [0.4469321204643393], "datetime_complete": "2024-09-02T00:18:17.040330"}
{"op_code": 4, "worker_id": "105da646-cdd5-4895-98f3-9f1de6f6b970-139934819116864", "study_id": 0, "datetime_start": "2024-09-02T00:18:17.049004"}
{"op_code": 5, "worker_id": "105da646-cdd5-4895-98f3-9f1de6f6b970-139934819116864", "trial_id": 45, "param_name": "lr", "param_value_internal": 0.0002823378661087081, "distribution": "{\"name\": \"FloatDistribution\", \"attributes\": {\"step\": null, \"low\": 1e-05, \"high\": 0.001, \"log\": true}}"}
{"op_code": 5, "worker_id": "105da646-cdd5-4895-98f3-9f1de6f6b970-139934819116864", "trial_id": 45, "param_name": "l2reg", "param_value_internal": 5.2441491357431856e-05, "distribution": "{\"name\": \"FloatDistribution\", \"attributes\": {\"step\": null, \"low\": 1e-08, \"high\": 0.001, \"log\": true}}"}
{"op_code": 5, "worker_id": "105da646-cdd5-4895-98f3-9f1de6f6b970-139934819116864", "trial_id": 45, "param_name": "random_seed", "param_value_internal": 0, "distribution": "{\"name\": \"CategoricalDistribution\", \"attributes\": {\"choices\": [42]}}"}
{"op_code": 5, "worker_id": "105da646-cdd5-4895-98f3-9f1de6f6b970-139934819116864", "trial_id": 45, "param_name": "degree", "param_value_internal": 0, "distribution": "{\"name\": \"CategoricalDistribution\", \"attributes\": {\"choices\": [0]}}"}
{"op_code": 8, "worker_id": "105da646-cdd5-4895-98f3-9f1de6f6b970-139934819116864", "trial_id": 45, "user_attr": {"best_epoch": 0}}
{"op_code": 8, "worker_id": "105da646-cdd5-4895-98f3-9f1de6f6b970-139934819116864", "trial_id": 45, "user_attr": {"test_loss": 0.4522607223860641}}
{"op_code": 6, "worker_id": "105da646-cdd5-4895-98f3-9f1de6f6b970-139934819116864", "trial_id": 45, "state": 1, "values": [0.4476871986024622], "datetime_complete": "2024-09-02T00:33:31.251141"}
{"op_code": 4, "worker_id": "105da646-cdd5-4895-98f3-9f1de6f6b970-139934819116864", "study_id": 0, "datetime_start": "2024-09-02T00:33:31.260011"}
{"op_code": 5, "worker_id": "105da646-cdd5-4895-98f3-9f1de6f6b970-139934819116864", "trial_id": 46, "param_name": "lr", "param_value_internal": 8.870345276918295e-05, "distribution": "{\"name\": \"FloatDistribution\", \"attributes\": {\"step\": null, \"low\": 1e-05, \"high\": 0.001, \"log\": true}}"}
{"op_code": 5, "worker_id": "105da646-cdd5-4895-98f3-9f1de6f6b970-139934819116864", "trial_id": 46, "param_name": "l2reg", "param_value_internal": 7.192008161435949e-06, "distribution": "{\"name\": \"FloatDistribution\", \"attributes\": {\"step\": null, \"low\": 1e-08, \"high\": 0.001, \"log\": true}}"}
{"op_code": 5, "worker_id": "105da646-cdd5-4895-98f3-9f1de6f6b970-139934819116864", "trial_id": 46, "param_name": "random_seed", "param_value_internal": 0, "distribution": "{\"name\": \"CategoricalDistribution\", \"attributes\": {\"choices\": [42]}}"}
{"op_code": 5, "worker_id": "105da646-cdd5-4895-98f3-9f1de6f6b970-139934819116864", "trial_id": 46, "param_name": "degree", "param_value_internal": 0, "distribution": "{\"name\": \"CategoricalDistribution\", \"attributes\": {\"choices\": [0]}}"}
{"op_code": 8, "worker_id": "105da646-cdd5-4895-98f3-9f1de6f6b970-139934819116864", "trial_id": 46, "user_attr": {"best_epoch": 2}}
{"op_code": 8, "worker_id": "105da646-cdd5-4895-98f3-9f1de6f6b970-139934819116864", "trial_id": 46, "user_attr": {"test_loss": 0.4521025984098424}}
{"op_code": 6, "worker_id": "105da646-cdd5-4895-98f3-9f1de6f6b970-139934819116864", "trial_id": 46, "state": 1, "values": [0.44763653938362963], "datetime_complete": "2024-09-02T00:55:29.301627"}
{"op_code": 4, "worker_id": "105da646-cdd5-4895-98f3-9f1de6f6b970-139934819116864", "study_id": 0, "datetime_start": "2024-09-02T00:55:29.312792"}
{"op_code": 5, "worker_id": "105da646-cdd5-4895-98f3-9f1de6f6b970-139934819116864", "trial_id": 47, "param_name": "lr", "param_value_internal": 0.00011938278261316369, "distribution": "{\"name\": \"FloatDistribution\", \"attributes\": {\"step\": null, \"low\": 1e-05, \"high\": 0.001, \"log\": true}}"}
{"op_code": 5, "worker_id": "105da646-cdd5-4895-98f3-9f1de6f6b970-139934819116864", "trial_id": 47, "param_name": "l2reg", "param_value_internal": 1.994945539949845e-06, "distribution": "{\"name\": \"FloatDistribution\", \"attributes\": {\"step\": null, \"low\": 1e-08, \"high\": 0.001, \"log\": true}}"}
{"op_code": 5, "worker_id": "105da646-cdd5-4895-98f3-9f1de6f6b970-139934819116864", "trial_id": 47, "param_name": "random_seed", "param_value_internal": 0, "distribution": "{\"name\": \"CategoricalDistribution\", \"attributes\": {\"choices\": [42]}}"}
{"op_code": 5, "worker_id": "105da646-cdd5-4895-98f3-9f1de6f6b970-139934819116864", "trial_id": 47, "param_name": "degree", "param_value_internal": 0, "distribution": "{\"name\": \"CategoricalDistribution\", \"attributes\": {\"choices\": [0]}}"}
{"op_code": 8, "worker_id": "105da646-cdd5-4895-98f3-9f1de6f6b970-139934819116864", "trial_id": 47, "user_attr": {"best_epoch": 1}}
{"op_code": 8, "worker_id": "105da646-cdd5-4895-98f3-9f1de6f6b970-139934819116864", "trial_id": 47, "user_attr": {"test_loss": 0.45182593871508653}}
{"op_code": 6, "worker_id": "105da646-cdd5-4895-98f3-9f1de6f6b970-139934819116864", "trial_id": 47, "state": 1, "values": [0.4472938738612174], "datetime_complete": "2024-09-02T01:14:11.667004"}
{"op_code": 4, "worker_id": "105da646-cdd5-4895-98f3-9f1de6f6b970-139934819116864", "study_id": 0, "datetime_start": "2024-09-02T01:14:11.675340"}
{"op_code": 5, "worker_id": "105da646-cdd5-4895-98f3-9f1de6f6b970-139934819116864", "trial_id": 48, "param_name": "lr", "param_value_internal": 0.0001655676357600056, "distribution": "{\"name\": \"FloatDistribution\", \"attributes\": {\"step\": null, \"low\": 1e-05, \"high\": 0.001, \"log\": true}}"}
{"op_code": 5, "worker_id": "105da646-cdd5-4895-98f3-9f1de6f6b970-139934819116864", "trial_id": 48, "param_name": "l2reg", "param_value_internal": 3.754330793210527e-05, "distribution": "{\"name\": \"FloatDistribution\", \"attributes\": {\"step\": null, \"low\": 1e-08, \"high\": 0.001, \"log\": true}}"}
{"op_code": 5, "worker_id": "105da646-cdd5-4895-98f3-9f1de6f6b970-139934819116864", "trial_id": 48, "param_name": "random_seed", "param_value_internal": 0, "distribution": "{\"name\": \"CategoricalDistribution\", \"attributes\": {\"choices\": [42]}}"}
{"op_code": 5, "worker_id": "105da646-cdd5-4895-98f3-9f1de6f6b970-139934819116864", "trial_id": 48, "param_name": "degree", "param_value_internal": 0, "distribution": "{\"name\": \"CategoricalDistribution\", \"attributes\": {\"choices\": [0]}}"}
{"op_code": 8, "worker_id": "105da646-cdd5-4895-98f3-9f1de6f6b970-139934819116864", "trial_id": 48, "user_attr": {"best_epoch": 1}}
{"op_code": 8, "worker_id": "105da646-cdd5-4895-98f3-9f1de6f6b970-139934819116864", "trial_id": 48, "user_attr": {"test_loss": 0.45146094032381284}}
{"op_code": 6, "worker_id": "105da646-cdd5-4895-98f3-9f1de6f6b970-139934819116864", "trial_id": 48, "state": 1, "values": [0.4468985258052792], "datetime_complete": "2024-09-02T01:32:52.972746"}
{"op_code": 4, "worker_id": "105da646-cdd5-4895-98f3-9f1de6f6b970-139934819116864", "study_id": 0, "datetime_start": "2024-09-02T01:32:52.982273"}
{"op_code": 5, "worker_id": "105da646-cdd5-4895-98f3-9f1de6f6b970-139934819116864", "trial_id": 49, "param_name": "lr", "param_value_internal": 0.00021483328424775152, "distribution": "{\"name\": \"FloatDistribution\", \"attributes\": {\"step\": null, \"low\": 1e-05, \"high\": 0.001, \"log\": true}}"}
{"op_code": 5, "worker_id": "105da646-cdd5-4895-98f3-9f1de6f6b970-139934819116864", "trial_id": 49, "param_name": "l2reg", "param_value_internal": 0.000144484269807579, "distribution": "{\"name\": \"FloatDistribution\", \"attributes\": {\"step\": null, \"low\": 1e-08, \"high\": 0.001, \"log\": true}}"}
{"op_code": 5, "worker_id": "105da646-cdd5-4895-98f3-9f1de6f6b970-139934819116864", "trial_id": 49, "param_name": "random_seed", "param_value_internal": 0, "distribution": "{\"name\": \"CategoricalDistribution\", \"attributes\": {\"choices\": [42]}}"}
{"op_code": 5, "worker_id": "105da646-cdd5-4895-98f3-9f1de6f6b970-139934819116864", "trial_id": 49, "param_name": "degree", "param_value_internal": 0, "distribution": "{\"name\": \"CategoricalDistribution\", \"attributes\": {\"choices\": [0]}}"}
{"op_code": 8, "worker_id": "105da646-cdd5-4895-98f3-9f1de6f6b970-139934819116864", "trial_id": 49, "user_attr": {"best_epoch": 1}}
{"op_code": 8, "worker_id": "105da646-cdd5-4895-98f3-9f1de6f6b970-139934819116864", "trial_id": 49, "user_attr": {"test_loss": 0.4517076702268358}}
{"op_code": 6, "worker_id": "105da646-cdd5-4895-98f3-9f1de6f6b970-139934819116864", "trial_id": 49, "state": 1, "values": [0.4471139897322506], "datetime_complete": "2024-09-02T01:51:30.772544"}
