{"op_code": 0, "worker_id": "7796fd7f-de1e-4564-989b-290240b7b459-140612063475520", "study_name": "criteo_splines_0_24", "directions": [1]}
{"op_code": 4, "worker_id": "7796fd7f-de1e-4564-989b-290240b7b459-140612063475520", "study_id": 0, "datetime_start": "2024-08-31T07:20:06.458053"}
{"op_code": 5, "worker_id": "7796fd7f-de1e-4564-989b-290240b7b459-140612063475520", "trial_id": 0, "param_name": "lr", "param_value_internal": 5.6115164153345e-05, "distribution": "{\"name\": \"FloatDistribution\", \"attributes\": {\"step\": null, \"low\": 1e-05, \"high\": 0.001, \"log\": true}}"}
{"op_code": 5, "worker_id": "7796fd7f-de1e-4564-989b-290240b7b459-140612063475520", "trial_id": 0, "param_name": "l2reg", "param_value_internal": 0.0005669849511478851, "distribution": "{\"name\": \"FloatDistribution\", \"attributes\": {\"step\": null, \"low\": 1e-08, \"high\": 0.001, \"log\": true}}"}
{"op_code": 5, "worker_id": "7796fd7f-de1e-4564-989b-290240b7b459-140612063475520", "trial_id": 0, "param_name": "random_seed", "param_value_internal": 0, "distribution": "{\"name\": \"CategoricalDistribution\", \"attributes\": {\"choices\": [42]}}"}
{"op_code": 5, "worker_id": "7796fd7f-de1e-4564-989b-290240b7b459-140612063475520", "trial_id": 0, "param_name": "degree", "param_value_internal": 0, "distribution": "{\"name\": \"CategoricalDistribution\", \"attributes\": {\"choices\": [0]}}"}
{"op_code": 8, "worker_id": "7796fd7f-de1e-4564-989b-290240b7b459-140612063475520", "trial_id": 0, "user_attr": {"best_epoch": 3}}
{"op_code": 8, "worker_id": "7796fd7f-de1e-4564-989b-290240b7b459-140612063475520", "trial_id": 0, "user_attr": {"test_loss": 0.4517859305240966}}
{"op_code": 6, "worker_id": "7796fd7f-de1e-4564-989b-290240b7b459-140612063475520", "trial_id": 0, "state": 1, "values": [0.44708925184694276], "datetime_complete": "2024-08-31T07:46:03.007016"}
{"op_code": 4, "worker_id": "7796fd7f-de1e-4564-989b-290240b7b459-140612063475520", "study_id": 0, "datetime_start": "2024-08-31T07:46:03.015873"}
{"op_code": 5, "worker_id": "7796fd7f-de1e-4564-989b-290240b7b459-140612063475520", "trial_id": 1, "param_name": "lr", "param_value_internal": 0.000291063591313307, "distribution": "{\"name\": \"FloatDistribution\", \"attributes\": {\"step\": null, \"low\": 1e-05, \"high\": 0.001, \"log\": true}}"}
{"op_code": 5, "worker_id": "7796fd7f-de1e-4564-989b-290240b7b459-140612063475520", "trial_id": 1, "param_name": "l2reg", "param_value_internal": 9.846738873614555e-06, "distribution": "{\"name\": \"FloatDistribution\", \"attributes\": {\"step\": null, \"low\": 1e-08, \"high\": 0.001, \"log\": true}}"}
{"op_code": 5, "worker_id": "7796fd7f-de1e-4564-989b-290240b7b459-140612063475520", "trial_id": 1, "param_name": "random_seed", "param_value_internal": 0, "distribution": "{\"name\": \"CategoricalDistribution\", \"attributes\": {\"choices\": [42]}}"}
{"op_code": 5, "worker_id": "7796fd7f-de1e-4564-989b-290240b7b459-140612063475520", "trial_id": 1, "param_name": "degree", "param_value_internal": 0, "distribution": "{\"name\": \"CategoricalDistribution\", \"attributes\": {\"choices\": [0]}}"}
{"op_code": 8, "worker_id": "7796fd7f-de1e-4564-989b-290240b7b459-140612063475520", "trial_id": 1, "user_attr": {"best_epoch": 0}}
{"op_code": 8, "worker_id": "7796fd7f-de1e-4564-989b-290240b7b459-140612063475520", "trial_id": 1, "user_attr": {"test_loss": 0.45148754882488157}}
{"op_code": 6, "worker_id": "7796fd7f-de1e-4564-989b-290240b7b459-140612063475520", "trial_id": 1, "state": 1, "values": [0.44692288193309776], "datetime_complete": "2024-08-31T08:01:22.377196"}
{"op_code": 4, "worker_id": "7796fd7f-de1e-4564-989b-290240b7b459-140612063475520", "study_id": 0, "datetime_start": "2024-08-31T08:01:22.392805"}
{"op_code": 5, "worker_id": "7796fd7f-de1e-4564-989b-290240b7b459-140612063475520", "trial_id": 2, "param_name": "lr", "param_value_internal": 2.0513382630874486e-05, "distribution": "{\"name\": \"FloatDistribution\", \"attributes\": {\"step\": null, \"low\": 1e-05, \"high\": 0.001, \"log\": true}}"}
{"op_code": 5, "worker_id": "7796fd7f-de1e-4564-989b-290240b7b459-140612063475520", "trial_id": 2, "param_name": "l2reg", "param_value_internal": 6.02521573620385e-08, "distribution": "{\"name\": \"FloatDistribution\", \"attributes\": {\"step\": null, \"low\": 1e-08, \"high\": 0.001, \"log\": true}}"}
{"op_code": 5, "worker_id": "7796fd7f-de1e-4564-989b-290240b7b459-140612063475520", "trial_id": 2, "param_name": "random_seed", "param_value_internal": 0, "distribution": "{\"name\": \"CategoricalDistribution\", \"attributes\": {\"choices\": [42]}}"}
{"op_code": 5, "worker_id": "7796fd7f-de1e-4564-989b-290240b7b459-140612063475520", "trial_id": 2, "param_name": "degree", "param_value_internal": 0, "distribution": "{\"name\": \"CategoricalDistribution\", \"attributes\": {\"choices\": [0]}}"}
{"op_code": 8, "worker_id": "7796fd7f-de1e-4564-989b-290240b7b459-140612063475520", "trial_id": 2, "user_attr": {"best_epoch": 8}}
{"op_code": 8, "worker_id": "7796fd7f-de1e-4564-989b-290240b7b459-140612063475520", "trial_id": 2, "user_attr": {"test_loss": 0.45262239948667354}}
{"op_code": 6, "worker_id": "7796fd7f-de1e-4564-989b-290240b7b459-140612063475520", "trial_id": 2, "state": 1, "values": [0.44784864384469497], "datetime_complete": "2024-08-31T08:37:23.958707"}
{"op_code": 4, "worker_id": "7796fd7f-de1e-4564-989b-290240b7b459-140612063475520", "study_id": 0, "datetime_start": "2024-08-31T08:37:23.967545"}
{"op_code": 5, "worker_id": "7796fd7f-de1e-4564-989b-290240b7b459-140612063475520", "trial_id": 3, "param_name": "lr", "param_value_internal": 1.3066739238053272e-05, "distribution": "{\"name\": \"FloatDistribution\", \"attributes\": {\"step\": null, \"low\": 1e-05, \"high\": 0.001, \"log\": true}}"}
{"op_code": 5, "worker_id": "7796fd7f-de1e-4564-989b-290240b7b459-140612063475520", "trial_id": 3, "param_name": "l2reg", "param_value_internal": 0.00021423021757741048, "distribution": "{\"name\": \"FloatDistribution\", \"attributes\": {\"step\": null, \"low\": 1e-08, \"high\": 0.001, \"log\": true}}"}
{"op_code": 5, "worker_id": "7796fd7f-de1e-4564-989b-290240b7b459-140612063475520", "trial_id": 3, "param_name": "random_seed", "param_value_internal": 0, "distribution": "{\"name\": \"CategoricalDistribution\", \"attributes\": {\"choices\": [42]}}"}
{"op_code": 5, "worker_id": "7796fd7f-de1e-4564-989b-290240b7b459-140612063475520", "trial_id": 3, "param_name": "degree", "param_value_internal": 0, "distribution": "{\"name\": \"CategoricalDistribution\", \"attributes\": {\"choices\": [0]}}"}
{"op_code": 8, "worker_id": "7796fd7f-de1e-4564-989b-290240b7b459-140612063475520", "trial_id": 3, "user_attr": {"best_epoch": 9}}
{"op_code": 8, "worker_id": "7796fd7f-de1e-4564-989b-290240b7b459-140612063475520", "trial_id": 3, "user_attr": {"test_loss": 0.4538797943212496}}
{"op_code": 6, "worker_id": "7796fd7f-de1e-4564-989b-290240b7b459-140612063475520", "trial_id": 3, "state": 1, "values": [0.4491813974156545], "datetime_complete": "2024-08-31T09:13:37.742596"}
{"op_code": 4, "worker_id": "7796fd7f-de1e-4564-989b-290240b7b459-140612063475520", "study_id": 0, "datetime_start": "2024-08-31T09:13:37.751359"}
{"op_code": 5, "worker_id": "7796fd7f-de1e-4564-989b-290240b7b459-140612063475520", "trial_id": 4, "param_name": "lr", "param_value_internal": 0.00015930522616241006, "distribution": "{\"name\": \"FloatDistribution\", \"attributes\": {\"step\": null, \"low\": 1e-05, \"high\": 0.001, \"log\": true}}"}
{"op_code": 5, "worker_id": "7796fd7f-de1e-4564-989b-290240b7b459-140612063475520", "trial_id": 4, "param_name": "l2reg", "param_value_internal": 3.47026698865041e-05, "distribution": "{\"name\": \"FloatDistribution\", \"attributes\": {\"step\": null, \"low\": 1e-08, \"high\": 0.001, \"log\": true}}"}
{"op_code": 5, "worker_id": "7796fd7f-de1e-4564-989b-290240b7b459-140612063475520", "trial_id": 4, "param_name": "random_seed", "param_value_internal": 0, "distribution": "{\"name\": \"CategoricalDistribution\", \"attributes\": {\"choices\": [42]}}"}
{"op_code": 5, "worker_id": "7796fd7f-de1e-4564-989b-290240b7b459-140612063475520", "trial_id": 4, "param_name": "degree", "param_value_internal": 0, "distribution": "{\"name\": \"CategoricalDistribution\", \"attributes\": {\"choices\": [0]}}"}
{"op_code": 8, "worker_id": "7796fd7f-de1e-4564-989b-290240b7b459-140612063475520", "trial_id": 4, "user_attr": {"best_epoch": 1}}
{"op_code": 8, "worker_id": "7796fd7f-de1e-4564-989b-290240b7b459-140612063475520", "trial_id": 4, "user_attr": {"test_loss": 0.450927968611589}}
{"op_code": 6, "worker_id": "7796fd7f-de1e-4564-989b-290240b7b459-140612063475520", "trial_id": 4, "state": 1, "values": [0.44626812966316776], "datetime_complete": "2024-08-31T09:32:17.054689"}
{"op_code": 4, "worker_id": "7796fd7f-de1e-4564-989b-290240b7b459-140612063475520", "study_id": 0, "datetime_start": "2024-08-31T09:32:17.067774"}
{"op_code": 5, "worker_id": "7796fd7f-de1e-4564-989b-290240b7b459-140612063475520", "trial_id": 5, "param_name": "lr", "param_value_internal": 1.0994335574766187e-05, "distribution": "{\"name\": \"FloatDistribution\", \"attributes\": {\"step\": null, \"low\": 1e-05, \"high\": 0.001, \"log\": true}}"}
{"op_code": 5, "worker_id": "7796fd7f-de1e-4564-989b-290240b7b459-140612063475520", "trial_id": 5, "param_name": "l2reg", "param_value_internal": 0.0007072114131472234, "distribution": "{\"name\": \"FloatDistribution\", \"attributes\": {\"step\": null, \"low\": 1e-08, \"high\": 0.001, \"log\": true}}"}
{"op_code": 5, "worker_id": "7796fd7f-de1e-4564-989b-290240b7b459-140612063475520", "trial_id": 5, "param_name": "random_seed", "param_value_internal": 0, "distribution": "{\"name\": \"CategoricalDistribution\", \"attributes\": {\"choices\": [42]}}"}
{"op_code": 5, "worker_id": "7796fd7f-de1e-4564-989b-290240b7b459-140612063475520", "trial_id": 5, "param_name": "degree", "param_value_internal": 0, "distribution": "{\"name\": \"CategoricalDistribution\", \"attributes\": {\"choices\": [0]}}"}
{"op_code": 8, "worker_id": "7796fd7f-de1e-4564-989b-290240b7b459-140612063475520", "trial_id": 5, "user_attr": {"best_epoch": 9}}
{"op_code": 8, "worker_id": "7796fd7f-de1e-4564-989b-290240b7b459-140612063475520", "trial_id": 5, "user_attr": {"test_loss": 0.45488137342316953}}
{"op_code": 6, "worker_id": "7796fd7f-de1e-4564-989b-290240b7b459-140612063475520", "trial_id": 5, "state": 1, "values": [0.4501852287338173], "datetime_complete": "2024-08-31T10:08:20.805519"}
{"op_code": 4, "worker_id": "7796fd7f-de1e-4564-989b-290240b7b459-140612063475520", "study_id": 0, "datetime_start": "2024-08-31T10:08:20.814833"}
{"op_code": 5, "worker_id": "7796fd7f-de1e-4564-989b-290240b7b459-140612063475520", "trial_id": 6, "param_name": "lr", "param_value_internal": 0.000462258900102083, "distribution": "{\"name\": \"FloatDistribution\", \"attributes\": {\"step\": null, \"low\": 1e-05, \"high\": 0.001, \"log\": true}}"}
{"op_code": 5, "worker_id": "7796fd7f-de1e-4564-989b-290240b7b459-140612063475520", "trial_id": 6, "param_name": "l2reg", "param_value_internal": 1.1526449540315595e-07, "distribution": "{\"name\": \"FloatDistribution\", \"attributes\": {\"step\": null, \"low\": 1e-08, \"high\": 0.001, \"log\": true}}"}
{"op_code": 5, "worker_id": "7796fd7f-de1e-4564-989b-290240b7b459-140612063475520", "trial_id": 6, "param_name": "random_seed", "param_value_internal": 0, "distribution": "{\"name\": \"CategoricalDistribution\", \"attributes\": {\"choices\": [42]}}"}
{"op_code": 5, "worker_id": "7796fd7f-de1e-4564-989b-290240b7b459-140612063475520", "trial_id": 6, "param_name": "degree", "param_value_internal": 0, "distribution": "{\"name\": \"CategoricalDistribution\", \"attributes\": {\"choices\": [0]}}"}
{"op_code": 8, "worker_id": "7796fd7f-de1e-4564-989b-290240b7b459-140612063475520", "trial_id": 6, "user_attr": {"best_epoch": 0}}
{"op_code": 8, "worker_id": "7796fd7f-de1e-4564-989b-290240b7b459-140612063475520", "trial_id": 6, "user_attr": {"test_loss": 0.4516452146920461}}
{"op_code": 6, "worker_id": "7796fd7f-de1e-4564-989b-290240b7b459-140612063475520", "trial_id": 6, "state": 1, "values": [0.4470398524278249], "datetime_complete": "2024-08-31T10:23:54.933689"}
{"op_code": 4, "worker_id": "7796fd7f-de1e-4564-989b-290240b7b459-140612063475520", "study_id": 0, "datetime_start": "2024-08-31T10:23:54.942473"}
{"op_code": 5, "worker_id": "7796fd7f-de1e-4564-989b-290240b7b459-140612063475520", "trial_id": 7, "param_name": "lr", "param_value_internal": 2.3102018878452926e-05, "distribution": "{\"name\": \"FloatDistribution\", \"attributes\": {\"step\": null, \"low\": 1e-05, \"high\": 0.001, \"log\": true}}"}
{"op_code": 5, "worker_id": "7796fd7f-de1e-4564-989b-290240b7b459-140612063475520", "trial_id": 7, "param_name": "l2reg", "param_value_internal": 8.260808399079588e-08, "distribution": "{\"name\": \"FloatDistribution\", \"attributes\": {\"step\": null, \"low\": 1e-08, \"high\": 0.001, \"log\": true}}"}
{"op_code": 5, "worker_id": "7796fd7f-de1e-4564-989b-290240b7b459-140612063475520", "trial_id": 7, "param_name": "random_seed", "param_value_internal": 0, "distribution": "{\"name\": \"CategoricalDistribution\", \"attributes\": {\"choices\": [42]}}"}
{"op_code": 5, "worker_id": "7796fd7f-de1e-4564-989b-290240b7b459-140612063475520", "trial_id": 7, "param_name": "degree", "param_value_internal": 0, "distribution": "{\"name\": \"CategoricalDistribution\", \"attributes\": {\"choices\": [0]}}"}
{"op_code": 8, "worker_id": "7796fd7f-de1e-4564-989b-290240b7b459-140612063475520", "trial_id": 7, "user_attr": {"best_epoch": 7}}
{"op_code": 8, "worker_id": "7796fd7f-de1e-4564-989b-290240b7b459-140612063475520", "trial_id": 7, "user_attr": {"test_loss": 0.4525348243052509}}
{"op_code": 6, "worker_id": "7796fd7f-de1e-4564-989b-290240b7b459-140612063475520", "trial_id": 7, "state": 1, "values": [0.44773350578591653], "datetime_complete": "2024-08-31T11:00:12.343831"}
{"op_code": 4, "worker_id": "7796fd7f-de1e-4564-989b-290240b7b459-140612063475520", "study_id": 0, "datetime_start": "2024-08-31T11:00:12.353900"}
{"op_code": 5, "worker_id": "7796fd7f-de1e-4564-989b-290240b7b459-140612063475520", "trial_id": 8, "param_name": "lr", "param_value_internal": 4.059611610484306e-05, "distribution": "{\"name\": \"FloatDistribution\", \"attributes\": {\"step\": null, \"low\": 1e-05, \"high\": 0.001, \"log\": true}}"}
{"op_code": 5, "worker_id": "7796fd7f-de1e-4564-989b-290240b7b459-140612063475520", "trial_id": 8, "param_name": "l2reg", "param_value_internal": 4.2051564509138674e-06, "distribution": "{\"name\": \"FloatDistribution\", \"attributes\": {\"step\": null, \"low\": 1e-08, \"high\": 0.001, \"log\": true}}"}
{"op_code": 5, "worker_id": "7796fd7f-de1e-4564-989b-290240b7b459-140612063475520", "trial_id": 8, "param_name": "random_seed", "param_value_internal": 0, "distribution": "{\"name\": \"CategoricalDistribution\", \"attributes\": {\"choices\": [42]}}"}
{"op_code": 5, "worker_id": "7796fd7f-de1e-4564-989b-290240b7b459-140612063475520", "trial_id": 8, "param_name": "degree", "param_value_internal": 0, "distribution": "{\"name\": \"CategoricalDistribution\", \"attributes\": {\"choices\": [0]}}"}
{"op_code": 8, "worker_id": "7796fd7f-de1e-4564-989b-290240b7b459-140612063475520", "trial_id": 8, "user_attr": {"best_epoch": 4}}
{"op_code": 8, "worker_id": "7796fd7f-de1e-4564-989b-290240b7b459-140612063475520", "trial_id": 8, "user_attr": {"test_loss": 0.45206220846130485}}
{"op_code": 6, "worker_id": "7796fd7f-de1e-4564-989b-290240b7b459-140612063475520", "trial_id": 8, "state": 1, "values": [0.4473715233345448], "datetime_complete": "2024-08-31T11:29:22.103630"}
{"op_code": 4, "worker_id": "7796fd7f-de1e-4564-989b-290240b7b459-140612063475520", "study_id": 0, "datetime_start": "2024-08-31T11:29:22.125392"}
{"op_code": 5, "worker_id": "7796fd7f-de1e-4564-989b-290240b7b459-140612063475520", "trial_id": 9, "param_name": "lr", "param_value_internal": 7.309539835912905e-05, "distribution": "{\"name\": \"FloatDistribution\", \"attributes\": {\"step\": null, \"low\": 1e-05, \"high\": 0.001, \"log\": true}}"}
{"op_code": 5, "worker_id": "7796fd7f-de1e-4564-989b-290240b7b459-140612063475520", "trial_id": 9, "param_name": "l2reg", "param_value_internal": 2.8585493941961875e-07, "distribution": "{\"name\": \"FloatDistribution\", \"attributes\": {\"step\": null, \"low\": 1e-08, \"high\": 0.001, \"log\": true}}"}
{"op_code": 5, "worker_id": "7796fd7f-de1e-4564-989b-290240b7b459-140612063475520", "trial_id": 9, "param_name": "random_seed", "param_value_internal": 0, "distribution": "{\"name\": \"CategoricalDistribution\", \"attributes\": {\"choices\": [42]}}"}
{"op_code": 5, "worker_id": "7796fd7f-de1e-4564-989b-290240b7b459-140612063475520", "trial_id": 9, "param_name": "degree", "param_value_internal": 0, "distribution": "{\"name\": \"CategoricalDistribution\", \"attributes\": {\"choices\": [0]}}"}
{"op_code": 8, "worker_id": "7796fd7f-de1e-4564-989b-290240b7b459-140612063475520", "trial_id": 9, "user_attr": {"best_epoch": 2}}
{"op_code": 8, "worker_id": "7796fd7f-de1e-4564-989b-290240b7b459-140612063475520", "trial_id": 9, "user_attr": {"test_loss": 0.45151129414434316}}
{"op_code": 6, "worker_id": "7796fd7f-de1e-4564-989b-290240b7b459-140612063475520", "trial_id": 9, "state": 1, "values": [0.44690917683923126], "datetime_complete": "2024-08-31T11:51:46.037667"}
{"op_code": 4, "worker_id": "7796fd7f-de1e-4564-989b-290240b7b459-140612063475520", "study_id": 0, "datetime_start": "2024-08-31T11:51:46.046810"}
{"op_code": 5, "worker_id": "7796fd7f-de1e-4564-989b-290240b7b459-140612063475520", "trial_id": 10, "param_name": "lr", "param_value_internal": 0.00018471184590376964, "distribution": "{\"name\": \"FloatDistribution\", \"attributes\": {\"step\": null, \"low\": 1e-05, \"high\": 0.001, \"log\": true}}"}
{"op_code": 5, "worker_id": "7796fd7f-de1e-4564-989b-290240b7b459-140612063475520", "trial_id": 10, "param_name": "l2reg", "param_value_internal": 3.8521646942747446e-05, "distribution": "{\"name\": \"FloatDistribution\", \"attributes\": {\"step\": null, \"low\": 1e-08, \"high\": 0.001, \"log\": true}}"}
{"op_code": 5, "worker_id": "7796fd7f-de1e-4564-989b-290240b7b459-140612063475520", "trial_id": 10, "param_name": "random_seed", "param_value_internal": 0, "distribution": "{\"name\": \"CategoricalDistribution\", \"attributes\": {\"choices\": [42]}}"}
{"op_code": 5, "worker_id": "7796fd7f-de1e-4564-989b-290240b7b459-140612063475520", "trial_id": 10, "param_name": "degree", "param_value_internal": 0, "distribution": "{\"name\": \"CategoricalDistribution\", \"attributes\": {\"choices\": [0]}}"}
{"op_code": 8, "worker_id": "7796fd7f-de1e-4564-989b-290240b7b459-140612063475520", "trial_id": 10, "user_attr": {"best_epoch": 1}}
{"op_code": 8, "worker_id": "7796fd7f-de1e-4564-989b-290240b7b459-140612063475520", "trial_id": 10, "user_attr": {"test_loss": 0.4513132765043958}}
{"op_code": 6, "worker_id": "7796fd7f-de1e-4564-989b-290240b7b459-140612063475520", "trial_id": 10, "state": 1, "values": [0.4466263327153952], "datetime_complete": "2024-08-31T12:10:14.713129"}
{"op_code": 4, "worker_id": "7796fd7f-de1e-4564-989b-290240b7b459-140612063475520", "study_id": 0, "datetime_start": "2024-08-31T12:10:14.731970"}
{"op_code": 5, "worker_id": "7796fd7f-de1e-4564-989b-290240b7b459-140612063475520", "trial_id": 11, "param_name": "lr", "param_value_internal": 0.00015320252245209042, "distribution": "{\"name\": \"FloatDistribution\", \"attributes\": {\"step\": null, \"low\": 1e-05, \"high\": 0.001, \"log\": true}}"}
{"op_code": 5, "worker_id": "7796fd7f-de1e-4564-989b-290240b7b459-140612063475520", "trial_id": 11, "param_name": "l2reg", "param_value_internal": 4.011123221868182e-05, "distribution": "{\"name\": \"FloatDistribution\", \"attributes\": {\"step\": null, \"low\": 1e-08, \"high\": 0.001, \"log\": true}}"}
{"op_code": 5, "worker_id": "7796fd7f-de1e-4564-989b-290240b7b459-140612063475520", "trial_id": 11, "param_name": "random_seed", "param_value_internal": 0, "distribution": "{\"name\": \"CategoricalDistribution\", \"attributes\": {\"choices\": [42]}}"}
{"op_code": 5, "worker_id": "7796fd7f-de1e-4564-989b-290240b7b459-140612063475520", "trial_id": 11, "param_name": "degree", "param_value_internal": 0, "distribution": "{\"name\": \"CategoricalDistribution\", \"attributes\": {\"choices\": [0]}}"}
{"op_code": 8, "worker_id": "7796fd7f-de1e-4564-989b-290240b7b459-140612063475520", "trial_id": 11, "user_attr": {"best_epoch": 1}}
{"op_code": 8, "worker_id": "7796fd7f-de1e-4564-989b-290240b7b459-140612063475520", "trial_id": 11, "user_attr": {"test_loss": 0.45085516744725906}}
{"op_code": 6, "worker_id": "7796fd7f-de1e-4564-989b-290240b7b459-140612063475520", "trial_id": 11, "state": 1, "values": [0.4462020856175156], "datetime_complete": "2024-08-31T12:29:01.330642"}
{"op_code": 4, "worker_id": "7796fd7f-de1e-4564-989b-290240b7b459-140612063475520", "study_id": 0, "datetime_start": "2024-08-31T12:29:01.340336"}
{"op_code": 5, "worker_id": "7796fd7f-de1e-4564-989b-290240b7b459-140612063475520", "trial_id": 12, "param_name": "lr", "param_value_internal": 0.0001458251474269136, "distribution": "{\"name\": \"FloatDistribution\", \"attributes\": {\"step\": null, \"low\": 1e-05, \"high\": 0.001, \"log\": true}}"}
{"op_code": 5, "worker_id": "7796fd7f-de1e-4564-989b-290240b7b459-140612063475520", "trial_id": 12, "param_name": "l2reg", "param_value_internal": 4.634380861758262e-05, "distribution": "{\"name\": \"FloatDistribution\", \"attributes\": {\"step\": null, \"low\": 1e-08, \"high\": 0.001, \"log\": true}}"}
{"op_code": 5, "worker_id": "7796fd7f-de1e-4564-989b-290240b7b459-140612063475520", "trial_id": 12, "param_name": "random_seed", "param_value_internal": 0, "distribution": "{\"name\": \"CategoricalDistribution\", \"attributes\": {\"choices\": [42]}}"}
{"op_code": 5, "worker_id": "7796fd7f-de1e-4564-989b-290240b7b459-140612063475520", "trial_id": 12, "param_name": "degree", "param_value_internal": 0, "distribution": "{\"name\": \"CategoricalDistribution\", \"attributes\": {\"choices\": [0]}}"}
{"op_code": 8, "worker_id": "7796fd7f-de1e-4564-989b-290240b7b459-140612063475520", "trial_id": 12, "user_attr": {"best_epoch": 1}}
{"op_code": 8, "worker_id": "7796fd7f-de1e-4564-989b-290240b7b459-140612063475520", "trial_id": 12, "user_attr": {"test_loss": 0.4507831297980243}}
{"op_code": 6, "worker_id": "7796fd7f-de1e-4564-989b-290240b7b459-140612063475520", "trial_id": 12, "state": 1, "values": [0.4461365378565997], "datetime_complete": "2024-08-31T12:47:27.275723"}
{"op_code": 4, "worker_id": "7796fd7f-de1e-4564-989b-290240b7b459-140612063475520", "study_id": 0, "datetime_start": "2024-08-31T12:47:27.284785"}
{"op_code": 5, "worker_id": "7796fd7f-de1e-4564-989b-290240b7b459-140612063475520", "trial_id": 13, "param_name": "lr", "param_value_internal": 0.0007215064248475351, "distribution": "{\"name\": \"FloatDistribution\", \"attributes\": {\"step\": null, \"low\": 1e-05, \"high\": 0.001, \"log\": true}}"}
{"op_code": 5, "worker_id": "7796fd7f-de1e-4564-989b-290240b7b459-140612063475520", "trial_id": 13, "param_name": "l2reg", "param_value_internal": 8.51404885716151e-07, "distribution": "{\"name\": \"FloatDistribution\", \"attributes\": {\"step\": null, \"low\": 1e-08, \"high\": 0.001, \"log\": true}}"}
{"op_code": 5, "worker_id": "7796fd7f-de1e-4564-989b-290240b7b459-140612063475520", "trial_id": 13, "param_name": "random_seed", "param_value_internal": 0, "distribution": "{\"name\": \"CategoricalDistribution\", \"attributes\": {\"choices\": [42]}}"}
{"op_code": 5, "worker_id": "7796fd7f-de1e-4564-989b-290240b7b459-140612063475520", "trial_id": 13, "param_name": "degree", "param_value_internal": 0, "distribution": "{\"name\": \"CategoricalDistribution\", \"attributes\": {\"choices\": [0]}}"}
{"op_code": 8, "worker_id": "7796fd7f-de1e-4564-989b-290240b7b459-140612063475520", "trial_id": 13, "user_attr": {"best_epoch": 0}}
{"op_code": 8, "worker_id": "7796fd7f-de1e-4564-989b-290240b7b459-140612063475520", "trial_id": 13, "user_attr": {"test_loss": 0.45178600687560616}}
{"op_code": 6, "worker_id": "7796fd7f-de1e-4564-989b-290240b7b459-140612063475520", "trial_id": 13, "state": 1, "values": [0.4471513256147059], "datetime_complete": "2024-08-31T13:02:45.353456"}
{"op_code": 4, "worker_id": "7796fd7f-de1e-4564-989b-290240b7b459-140612063475520", "study_id": 0, "datetime_start": "2024-08-31T13:02:45.362143"}
{"op_code": 5, "worker_id": "7796fd7f-de1e-4564-989b-290240b7b459-140612063475520", "trial_id": 14, "param_name": "lr", "param_value_internal": 0.00012448484478535553, "distribution": "{\"name\": \"FloatDistribution\", \"attributes\": {\"step\": null, \"low\": 1e-05, \"high\": 0.001, \"log\": true}}"}
{"op_code": 5, "worker_id": "7796fd7f-de1e-4564-989b-290240b7b459-140612063475520", "trial_id": 14, "param_name": "l2reg", "param_value_internal": 1.163814228102759e-08, "distribution": "{\"name\": \"FloatDistribution\", \"attributes\": {\"step\": null, \"low\": 1e-08, \"high\": 0.001, \"log\": true}}"}
{"op_code": 5, "worker_id": "7796fd7f-de1e-4564-989b-290240b7b459-140612063475520", "trial_id": 14, "param_name": "random_seed", "param_value_internal": 0, "distribution": "{\"name\": \"CategoricalDistribution\", \"attributes\": {\"choices\": [42]}}"}
{"op_code": 5, "worker_id": "7796fd7f-de1e-4564-989b-290240b7b459-140612063475520", "trial_id": 14, "param_name": "degree", "param_value_internal": 0, "distribution": "{\"name\": \"CategoricalDistribution\", \"attributes\": {\"choices\": [0]}}"}
{"op_code": 8, "worker_id": "7796fd7f-de1e-4564-989b-290240b7b459-140612063475520", "trial_id": 14, "user_attr": {"best_epoch": 1}}
{"op_code": 8, "worker_id": "7796fd7f-de1e-4564-989b-290240b7b459-140612063475520", "trial_id": 14, "user_attr": {"test_loss": 0.45070738910057767}}
{"op_code": 6, "worker_id": "7796fd7f-de1e-4564-989b-290240b7b459-140612063475520", "trial_id": 14, "state": 1, "values": [0.44607011205345826], "datetime_complete": "2024-08-31T13:21:40.091492"}
{"op_code": 4, "worker_id": "7796fd7f-de1e-4564-989b-290240b7b459-140612063475520", "study_id": 0, "datetime_start": "2024-08-31T13:21:40.101357"}
{"op_code": 5, "worker_id": "7796fd7f-de1e-4564-989b-290240b7b459-140612063475520", "trial_id": 15, "param_name": "lr", "param_value_internal": 9.923734852895986e-05, "distribution": "{\"name\": \"FloatDistribution\", \"attributes\": {\"step\": null, \"low\": 1e-05, \"high\": 0.001, \"log\": true}}"}
{"op_code": 5, "worker_id": "7796fd7f-de1e-4564-989b-290240b7b459-140612063475520", "trial_id": 15, "param_name": "l2reg", "param_value_internal": 1.2188956543477832e-08, "distribution": "{\"name\": \"FloatDistribution\", \"attributes\": {\"step\": null, \"low\": 1e-08, \"high\": 0.001, \"log\": true}}"}
{"op_code": 5, "worker_id": "7796fd7f-de1e-4564-989b-290240b7b459-140612063475520", "trial_id": 15, "param_name": "random_seed", "param_value_internal": 0, "distribution": "{\"name\": \"CategoricalDistribution\", \"attributes\": {\"choices\": [42]}}"}
{"op_code": 5, "worker_id": "7796fd7f-de1e-4564-989b-290240b7b459-140612063475520", "trial_id": 15, "param_name": "degree", "param_value_internal": 0, "distribution": "{\"name\": \"CategoricalDistribution\", \"attributes\": {\"choices\": [0]}}"}
{"op_code": 8, "worker_id": "7796fd7f-de1e-4564-989b-290240b7b459-140612063475520", "trial_id": 15, "user_attr": {"best_epoch": 1}}
{"op_code": 8, "worker_id": "7796fd7f-de1e-4564-989b-290240b7b459-140612063475520", "trial_id": 15, "user_attr": {"test_loss": 0.45102882895566865}}
{"op_code": 6, "worker_id": "7796fd7f-de1e-4564-989b-290240b7b459-140612063475520", "trial_id": 15, "state": 1, "values": [0.44639456774363], "datetime_complete": "2024-08-31T13:40:17.754386"}
{"op_code": 4, "worker_id": "7796fd7f-de1e-4564-989b-290240b7b459-140612063475520", "study_id": 0, "datetime_start": "2024-08-31T13:40:17.763475"}
{"op_code": 5, "worker_id": "7796fd7f-de1e-4564-989b-290240b7b459-140612063475520", "trial_id": 16, "param_name": "lr", "param_value_internal": 0.0003333381808295152, "distribution": "{\"name\": \"FloatDistribution\", \"attributes\": {\"step\": null, \"low\": 1e-05, \"high\": 0.001, \"log\": true}}"}
{"op_code": 5, "worker_id": "7796fd7f-de1e-4564-989b-290240b7b459-140612063475520", "trial_id": 16, "param_name": "l2reg", "param_value_internal": 9.556902805448399e-07, "distribution": "{\"name\": \"FloatDistribution\", \"attributes\": {\"step\": null, \"low\": 1e-08, \"high\": 0.001, \"log\": true}}"}
{"op_code": 5, "worker_id": "7796fd7f-de1e-4564-989b-290240b7b459-140612063475520", "trial_id": 16, "param_name": "random_seed", "param_value_internal": 0, "distribution": "{\"name\": \"CategoricalDistribution\", \"attributes\": {\"choices\": [42]}}"}
{"op_code": 5, "worker_id": "7796fd7f-de1e-4564-989b-290240b7b459-140612063475520", "trial_id": 16, "param_name": "degree", "param_value_internal": 0, "distribution": "{\"name\": \"CategoricalDistribution\", \"attributes\": {\"choices\": [0]}}"}
{"op_code": 8, "worker_id": "7796fd7f-de1e-4564-989b-290240b7b459-140612063475520", "trial_id": 16, "user_attr": {"best_epoch": 0}}
{"op_code": 8, "worker_id": "7796fd7f-de1e-4564-989b-290240b7b459-140612063475520", "trial_id": 16, "user_attr": {"test_loss": 0.45154103305730225}}
{"op_code": 6, "worker_id": "7796fd7f-de1e-4564-989b-290240b7b459-140612063475520", "trial_id": 16, "state": 1, "values": [0.4469612867365232], "datetime_complete": "2024-08-31T13:55:32.020974"}
{"op_code": 4, "worker_id": "7796fd7f-de1e-4564-989b-290240b7b459-140612063475520", "study_id": 0, "datetime_start": "2024-08-31T13:55:32.029575"}
{"op_code": 5, "worker_id": "7796fd7f-de1e-4564-989b-290240b7b459-140612063475520", "trial_id": 17, "param_name": "lr", "param_value_internal": 0.0009024078553994887, "distribution": "{\"name\": \"FloatDistribution\", \"attributes\": {\"step\": null, \"low\": 1e-05, \"high\": 0.001, \"log\": true}}"}
{"op_code": 5, "worker_id": "7796fd7f-de1e-4564-989b-290240b7b459-140612063475520", "trial_id": 17, "param_name": "l2reg", "param_value_internal": 1.2593672273583213e-08, "distribution": "{\"name\": \"FloatDistribution\", \"attributes\": {\"step\": null, \"low\": 1e-08, \"high\": 0.001, \"log\": true}}"}
{"op_code": 5, "worker_id": "7796fd7f-de1e-4564-989b-290240b7b459-140612063475520", "trial_id": 17, "param_name": "random_seed", "param_value_internal": 0, "distribution": "{\"name\": \"CategoricalDistribution\", \"attributes\": {\"choices\": [42]}}"}
{"op_code": 5, "worker_id": "7796fd7f-de1e-4564-989b-290240b7b459-140612063475520", "trial_id": 17, "param_name": "degree", "param_value_internal": 0, "distribution": "{\"name\": \"CategoricalDistribution\", \"attributes\": {\"choices\": [0]}}"}
{"op_code": 8, "worker_id": "7796fd7f-de1e-4564-989b-290240b7b459-140612063475520", "trial_id": 17, "user_attr": {"best_epoch": 0}}
{"op_code": 8, "worker_id": "7796fd7f-de1e-4564-989b-290240b7b459-140612063475520", "trial_id": 17, "user_attr": {"test_loss": 0.4519496281605135}}
{"op_code": 6, "worker_id": "7796fd7f-de1e-4564-989b-290240b7b459-140612063475520", "trial_id": 17, "state": 1, "values": [0.44730395225893543], "datetime_complete": "2024-08-31T14:10:56.728574"}
{"op_code": 4, "worker_id": "7796fd7f-de1e-4564-989b-290240b7b459-140612063475520", "study_id": 0, "datetime_start": "2024-08-31T14:10:56.737122"}
{"op_code": 5, "worker_id": "7796fd7f-de1e-4564-989b-290240b7b459-140612063475520", "trial_id": 18, "param_name": "lr", "param_value_internal": 3.4545122750854934e-05, "distribution": "{\"name\": \"FloatDistribution\", \"attributes\": {\"step\": null, \"low\": 1e-05, \"high\": 0.001, \"log\": true}}"}
{"op_code": 5, "worker_id": "7796fd7f-de1e-4564-989b-290240b7b459-140612063475520", "trial_id": 18, "param_name": "l2reg", "param_value_internal": 9.086950863125907e-06, "distribution": "{\"name\": \"FloatDistribution\", \"attributes\": {\"step\": null, \"low\": 1e-08, \"high\": 0.001, \"log\": true}}"}
{"op_code": 5, "worker_id": "7796fd7f-de1e-4564-989b-290240b7b459-140612063475520", "trial_id": 18, "param_name": "random_seed", "param_value_internal": 0, "distribution": "{\"name\": \"CategoricalDistribution\", \"attributes\": {\"choices\": [42]}}"}
{"op_code": 5, "worker_id": "7796fd7f-de1e-4564-989b-290240b7b459-140612063475520", "trial_id": 18, "param_name": "degree", "param_value_internal": 0, "distribution": "{\"name\": \"CategoricalDistribution\", \"attributes\": {\"choices\": [0]}}"}
{"op_code": 8, "worker_id": "7796fd7f-de1e-4564-989b-290240b7b459-140612063475520", "trial_id": 18, "user_attr": {"best_epoch": 5}}
{"op_code": 8, "worker_id": "7796fd7f-de1e-4564-989b-290240b7b459-140612063475520", "trial_id": 18, "user_attr": {"test_loss": 0.45230962552791343}}
{"op_code": 6, "worker_id": "7796fd7f-de1e-4564-989b-290240b7b459-140612063475520", "trial_id": 18, "state": 1, "values": [0.44758358961986117], "datetime_complete": "2024-08-31T14:43:03.358700"}
{"op_code": 4, "worker_id": "7796fd7f-de1e-4564-989b-290240b7b459-140612063475520", "study_id": 0, "datetime_start": "2024-08-31T14:43:03.370123"}
{"op_code": 5, "worker_id": "7796fd7f-de1e-4564-989b-290240b7b459-140612063475520", "trial_id": 19, "param_name": "lr", "param_value_internal": 9.889558051357854e-05, "distribution": "{\"name\": \"FloatDistribution\", \"attributes\": {\"step\": null, \"low\": 1e-05, \"high\": 0.001, \"log\": true}}"}
{"op_code": 5, "worker_id": "7796fd7f-de1e-4564-989b-290240b7b459-140612063475520", "trial_id": 19, "param_name": "l2reg", "param_value_internal": 0.0001232213585329344, "distribution": "{\"name\": \"FloatDistribution\", \"attributes\": {\"step\": null, \"low\": 1e-08, \"high\": 0.001, \"log\": true}}"}
{"op_code": 5, "worker_id": "7796fd7f-de1e-4564-989b-290240b7b459-140612063475520", "trial_id": 19, "param_name": "random_seed", "param_value_internal": 0, "distribution": "{\"name\": \"CategoricalDistribution\", \"attributes\": {\"choices\": [42]}}"}
{"op_code": 5, "worker_id": "7796fd7f-de1e-4564-989b-290240b7b459-140612063475520", "trial_id": 19, "param_name": "degree", "param_value_internal": 0, "distribution": "{\"name\": \"CategoricalDistribution\", \"attributes\": {\"choices\": [0]}}"}
{"op_code": 8, "worker_id": "7796fd7f-de1e-4564-989b-290240b7b459-140612063475520", "trial_id": 19, "user_attr": {"best_epoch": 1}}
{"op_code": 8, "worker_id": "7796fd7f-de1e-4564-989b-290240b7b459-140612063475520", "trial_id": 19, "user_attr": {"test_loss": 0.4510372657974709}}
{"op_code": 6, "worker_id": "7796fd7f-de1e-4564-989b-290240b7b459-140612063475520", "trial_id": 19, "state": 1, "values": [0.44640327181438644], "datetime_complete": "2024-08-31T15:02:04.025071"}
{"op_code": 4, "worker_id": "7796fd7f-de1e-4564-989b-290240b7b459-140612063475520", "study_id": 0, "datetime_start": "2024-08-31T15:02:04.034396"}
{"op_code": 5, "worker_id": "7796fd7f-de1e-4564-989b-290240b7b459-140612063475520", "trial_id": 20, "param_name": "lr", "param_value_internal": 0.0002337184988407191, "distribution": "{\"name\": \"FloatDistribution\", \"attributes\": {\"step\": null, \"low\": 1e-05, \"high\": 0.001, \"log\": true}}"}
{"op_code": 5, "worker_id": "7796fd7f-de1e-4564-989b-290240b7b459-140612063475520", "trial_id": 20, "param_name": "l2reg", "param_value_internal": 6.276091013612694e-07, "distribution": "{\"name\": \"FloatDistribution\", \"attributes\": {\"step\": null, \"low\": 1e-08, \"high\": 0.001, \"log\": true}}"}
{"op_code": 5, "worker_id": "7796fd7f-de1e-4564-989b-290240b7b459-140612063475520", "trial_id": 20, "param_name": "random_seed", "param_value_internal": 0, "distribution": "{\"name\": \"CategoricalDistribution\", \"attributes\": {\"choices\": [42]}}"}
{"op_code": 5, "worker_id": "7796fd7f-de1e-4564-989b-290240b7b459-140612063475520", "trial_id": 20, "param_name": "degree", "param_value_internal": 0, "distribution": "{\"name\": \"CategoricalDistribution\", \"attributes\": {\"choices\": [0]}}"}
{"op_code": 8, "worker_id": "7796fd7f-de1e-4564-989b-290240b7b459-140612063475520", "trial_id": 20, "user_attr": {"best_epoch": 0}}
{"op_code": 8, "worker_id": "7796fd7f-de1e-4564-989b-290240b7b459-140612063475520", "trial_id": 20, "user_attr": {"test_loss": 0.4515188529437859}}
{"op_code": 6, "worker_id": "7796fd7f-de1e-4564-989b-290240b7b459-140612063475520", "trial_id": 20, "state": 1, "values": [0.44698121447746564], "datetime_complete": "2024-08-31T15:17:04.205229"}
{"op_code": 4, "worker_id": "7796fd7f-de1e-4564-989b-290240b7b459-140612063475520", "study_id": 0, "datetime_start": "2024-08-31T15:17:04.213812"}
{"op_code": 5, "worker_id": "7796fd7f-de1e-4564-989b-290240b7b459-140612063475520", "trial_id": 21, "param_name": "lr", "param_value_internal": 0.00014724373775961458, "distribution": "{\"name\": \"FloatDistribution\", \"attributes\": {\"step\": null, \"low\": 1e-05, \"high\": 0.001, \"log\": true}}"}
{"op_code": 5, "worker_id": "7796fd7f-de1e-4564-989b-290240b7b459-140612063475520", "trial_id": 21, "param_name": "l2reg", "param_value_internal": 4.2163621292191355e-05, "distribution": "{\"name\": \"FloatDistribution\", \"attributes\": {\"step\": null, \"low\": 1e-08, \"high\": 0.001, \"log\": true}}"}
{"op_code": 5, "worker_id": "7796fd7f-de1e-4564-989b-290240b7b459-140612063475520", "trial_id": 21, "param_name": "random_seed", "param_value_internal": 0, "distribution": "{\"name\": \"CategoricalDistribution\", \"attributes\": {\"choices\": [42]}}"}
{"op_code": 5, "worker_id": "7796fd7f-de1e-4564-989b-290240b7b459-140612063475520", "trial_id": 21, "param_name": "degree", "param_value_internal": 0, "distribution": "{\"name\": \"CategoricalDistribution\", \"attributes\": {\"choices\": [0]}}"}
{"op_code": 8, "worker_id": "7796fd7f-de1e-4564-989b-290240b7b459-140612063475520", "trial_id": 21, "user_attr": {"best_epoch": 1}}
{"op_code": 8, "worker_id": "7796fd7f-de1e-4564-989b-290240b7b459-140612063475520", "trial_id": 21, "user_attr": {"test_loss": 0.45079557509407653}}
{"op_code": 6, "worker_id": "7796fd7f-de1e-4564-989b-290240b7b459-140612063475520", "trial_id": 21, "state": 1, "values": [0.4461474942965431], "datetime_complete": "2024-08-31T15:35:41.200734"}
{"op_code": 4, "worker_id": "7796fd7f-de1e-4564-989b-290240b7b459-140612063475520", "study_id": 0, "datetime_start": "2024-08-31T15:35:41.209517"}
{"op_code": 5, "worker_id": "7796fd7f-de1e-4564-989b-290240b7b459-140612063475520", "trial_id": 22, "param_name": "lr", "param_value_internal": 0.00012001629444458152, "distribution": "{\"name\": \"FloatDistribution\", \"attributes\": {\"step\": null, \"low\": 1e-05, \"high\": 0.001, \"log\": true}}"}
{"op_code": 5, "worker_id": "7796fd7f-de1e-4564-989b-290240b7b459-140612063475520", "trial_id": 22, "param_name": "l2reg", "param_value_internal": 0.00014754880188387137, "distribution": "{\"name\": \"FloatDistribution\", \"attributes\": {\"step\": null, \"low\": 1e-08, \"high\": 0.001, \"log\": true}}"}
{"op_code": 5, "worker_id": "7796fd7f-de1e-4564-989b-290240b7b459-140612063475520", "trial_id": 22, "param_name": "random_seed", "param_value_internal": 0, "distribution": "{\"name\": \"CategoricalDistribution\", \"attributes\": {\"choices\": [42]}}"}
{"op_code": 5, "worker_id": "7796fd7f-de1e-4564-989b-290240b7b459-140612063475520", "trial_id": 22, "param_name": "degree", "param_value_internal": 0, "distribution": "{\"name\": \"CategoricalDistribution\", \"attributes\": {\"choices\": [0]}}"}
{"op_code": 8, "worker_id": "7796fd7f-de1e-4564-989b-290240b7b459-140612063475520", "trial_id": 22, "user_attr": {"best_epoch": 1}}
{"op_code": 8, "worker_id": "7796fd7f-de1e-4564-989b-290240b7b459-140612063475520", "trial_id": 22, "user_attr": {"test_loss": 0.45072582799012745}}
{"op_code": 6, "worker_id": "7796fd7f-de1e-4564-989b-290240b7b459-140612063475520", "trial_id": 22, "state": 1, "values": [0.4460891235764263], "datetime_complete": "2024-08-31T15:54:09.546488"}
{"op_code": 4, "worker_id": "7796fd7f-de1e-4564-989b-290240b7b459-140612063475520", "study_id": 0, "datetime_start": "2024-08-31T15:54:09.555261"}
{"op_code": 5, "worker_id": "7796fd7f-de1e-4564-989b-290240b7b459-140612063475520", "trial_id": 23, "param_name": "lr", "param_value_internal": 7.585946441763878e-05, "distribution": "{\"name\": \"FloatDistribution\", \"attributes\": {\"step\": null, \"low\": 1e-05, \"high\": 0.001, \"log\": true}}"}
{"op_code": 5, "worker_id": "7796fd7f-de1e-4564-989b-290240b7b459-140612063475520", "trial_id": 23, "param_name": "l2reg", "param_value_internal": 0.0001704835873540374, "distribution": "{\"name\": \"FloatDistribution\", \"attributes\": {\"step\": null, \"low\": 1e-08, \"high\": 0.001, \"log\": true}}"}
{"op_code": 5, "worker_id": "7796fd7f-de1e-4564-989b-290240b7b459-140612063475520", "trial_id": 23, "param_name": "random_seed", "param_value_internal": 0, "distribution": "{\"name\": \"CategoricalDistribution\", \"attributes\": {\"choices\": [42]}}"}
{"op_code": 5, "worker_id": "7796fd7f-de1e-4564-989b-290240b7b459-140612063475520", "trial_id": 23, "param_name": "degree", "param_value_internal": 0, "distribution": "{\"name\": \"CategoricalDistribution\", \"attributes\": {\"choices\": [0]}}"}
{"op_code": 8, "worker_id": "7796fd7f-de1e-4564-989b-290240b7b459-140612063475520", "trial_id": 23, "user_attr": {"best_epoch": 2}}
{"op_code": 8, "worker_id": "7796fd7f-de1e-4564-989b-290240b7b459-140612063475520", "trial_id": 23, "user_attr": {"test_loss": 0.4514958711394195}}
{"op_code": 6, "worker_id": "7796fd7f-de1e-4564-989b-290240b7b459-140612063475520", "trial_id": 23, "state": 1, "values": [0.4468867294988593], "datetime_complete": "2024-08-31T16:16:44.636799"}
{"op_code": 4, "worker_id": "7796fd7f-de1e-4564-989b-290240b7b459-140612063475520", "study_id": 0, "datetime_start": "2024-08-31T16:16:44.666123"}
{"op_code": 5, "worker_id": "7796fd7f-de1e-4564-989b-290240b7b459-140612063475520", "trial_id": 24, "param_name": "lr", "param_value_internal": 0.0004943018624063403, "distribution": "{\"name\": \"FloatDistribution\", \"attributes\": {\"step\": null, \"low\": 1e-05, \"high\": 0.001, \"log\": true}}"}
{"op_code": 5, "worker_id": "7796fd7f-de1e-4564-989b-290240b7b459-140612063475520", "trial_id": 24, "param_name": "l2reg", "param_value_internal": 1.5071363649604151e-05, "distribution": "{\"name\": \"FloatDistribution\", \"attributes\": {\"step\": null, \"low\": 1e-08, \"high\": 0.001, \"log\": true}}"}
{"op_code": 5, "worker_id": "7796fd7f-de1e-4564-989b-290240b7b459-140612063475520", "trial_id": 24, "param_name": "random_seed", "param_value_internal": 0, "distribution": "{\"name\": \"CategoricalDistribution\", \"attributes\": {\"choices\": [42]}}"}
{"op_code": 5, "worker_id": "7796fd7f-de1e-4564-989b-290240b7b459-140612063475520", "trial_id": 24, "param_name": "degree", "param_value_internal": 0, "distribution": "{\"name\": \"CategoricalDistribution\", \"attributes\": {\"choices\": [0]}}"}
{"op_code": 8, "worker_id": "7796fd7f-de1e-4564-989b-290240b7b459-140612063475520", "trial_id": 24, "user_attr": {"best_epoch": 0}}
{"op_code": 8, "worker_id": "7796fd7f-de1e-4564-989b-290240b7b459-140612063475520", "trial_id": 24, "user_attr": {"test_loss": 0.4516572782305507}}
{"op_code": 6, "worker_id": "7796fd7f-de1e-4564-989b-290240b7b459-140612063475520", "trial_id": 24, "state": 1, "values": [0.4470478693351006], "datetime_complete": "2024-08-31T16:32:01.547592"}
{"op_code": 4, "worker_id": "7796fd7f-de1e-4564-989b-290240b7b459-140612063475520", "study_id": 0, "datetime_start": "2024-08-31T16:32:01.556803"}
{"op_code": 5, "worker_id": "7796fd7f-de1e-4564-989b-290240b7b459-140612063475520", "trial_id": 25, "param_name": "lr", "param_value_internal": 0.00011275218204905119, "distribution": "{\"name\": \"FloatDistribution\", \"attributes\": {\"step\": null, \"low\": 1e-05, \"high\": 0.001, \"log\": true}}"}
{"op_code": 5, "worker_id": "7796fd7f-de1e-4564-989b-290240b7b459-140612063475520", "trial_id": 25, "param_name": "l2reg", "param_value_internal": 3.19791758703069e-06, "distribution": "{\"name\": \"FloatDistribution\", \"attributes\": {\"step\": null, \"low\": 1e-08, \"high\": 0.001, \"log\": true}}"}
{"op_code": 5, "worker_id": "7796fd7f-de1e-4564-989b-290240b7b459-140612063475520", "trial_id": 25, "param_name": "random_seed", "param_value_internal": 0, "distribution": "{\"name\": \"CategoricalDistribution\", \"attributes\": {\"choices\": [42]}}"}
{"op_code": 5, "worker_id": "7796fd7f-de1e-4564-989b-290240b7b459-140612063475520", "trial_id": 25, "param_name": "degree", "param_value_internal": 0, "distribution": "{\"name\": \"CategoricalDistribution\", \"attributes\": {\"choices\": [0]}}"}
{"op_code": 8, "worker_id": "7796fd7f-de1e-4564-989b-290240b7b459-140612063475520", "trial_id": 25, "user_attr": {"best_epoch": 1}}
{"op_code": 8, "worker_id": "7796fd7f-de1e-4564-989b-290240b7b459-140612063475520", "trial_id": 25, "user_attr": {"test_loss": 0.4507886652824647}}
{"op_code": 6, "worker_id": "7796fd7f-de1e-4564-989b-290240b7b459-140612063475520", "trial_id": 25, "state": 1, "values": [0.44615207538641494], "datetime_complete": "2024-08-31T16:50:37.474949"}
{"op_code": 4, "worker_id": "7796fd7f-de1e-4564-989b-290240b7b459-140612063475520", "study_id": 0, "datetime_start": "2024-08-31T16:50:37.484422"}
{"op_code": 5, "worker_id": "7796fd7f-de1e-4564-989b-290240b7b459-140612063475520", "trial_id": 26, "param_name": "lr", "param_value_internal": 4.968034549438472e-05, "distribution": "{\"name\": \"FloatDistribution\", \"attributes\": {\"step\": null, \"low\": 1e-05, \"high\": 0.001, \"log\": true}}"}
{"op_code": 5, "worker_id": "7796fd7f-de1e-4564-989b-290240b7b459-140612063475520", "trial_id": 26, "param_name": "l2reg", "param_value_internal": 0.00010704404671835294, "distribution": "{\"name\": \"FloatDistribution\", \"attributes\": {\"step\": null, \"low\": 1e-08, \"high\": 0.001, \"log\": true}}"}
{"op_code": 5, "worker_id": "7796fd7f-de1e-4564-989b-290240b7b459-140612063475520", "trial_id": 26, "param_name": "random_seed", "param_value_internal": 0, "distribution": "{\"name\": \"CategoricalDistribution\", \"attributes\": {\"choices\": [42]}}"}
{"op_code": 5, "worker_id": "7796fd7f-de1e-4564-989b-290240b7b459-140612063475520", "trial_id": 26, "param_name": "degree", "param_value_internal": 0, "distribution": "{\"name\": \"CategoricalDistribution\", \"attributes\": {\"choices\": [0]}}"}
{"op_code": 8, "worker_id": "7796fd7f-de1e-4564-989b-290240b7b459-140612063475520", "trial_id": 26, "user_attr": {"best_epoch": 3}}
{"op_code": 8, "worker_id": "7796fd7f-de1e-4564-989b-290240b7b459-140612063475520", "trial_id": 26, "user_attr": {"test_loss": 0.45186316007597893}}
{"op_code": 6, "worker_id": "7796fd7f-de1e-4564-989b-290240b7b459-140612063475520", "trial_id": 26, "state": 1, "values": [0.44718965406663347], "datetime_complete": "2024-08-31T17:15:55.108105"}
{"op_code": 4, "worker_id": "7796fd7f-de1e-4564-989b-290240b7b459-140612063475520", "study_id": 0, "datetime_start": "2024-08-31T17:15:55.118082"}
{"op_code": 5, "worker_id": "7796fd7f-de1e-4564-989b-290240b7b459-140612063475520", "trial_id": 27, "param_name": "lr", "param_value_internal": 0.00023793537960598534, "distribution": "{\"name\": \"FloatDistribution\", \"attributes\": {\"step\": null, \"low\": 1e-05, \"high\": 0.001, \"log\": true}}"}
{"op_code": 5, "worker_id": "7796fd7f-de1e-4564-989b-290240b7b459-140612063475520", "trial_id": 27, "param_name": "l2reg", "param_value_internal": 0.0003023076057793241, "distribution": "{\"name\": \"FloatDistribution\", \"attributes\": {\"step\": null, \"low\": 1e-08, \"high\": 0.001, \"log\": true}}"}
{"op_code": 5, "worker_id": "7796fd7f-de1e-4564-989b-290240b7b459-140612063475520", "trial_id": 27, "param_name": "random_seed", "param_value_internal": 0, "distribution": "{\"name\": \"CategoricalDistribution\", \"attributes\": {\"choices\": [42]}}"}
{"op_code": 5, "worker_id": "7796fd7f-de1e-4564-989b-290240b7b459-140612063475520", "trial_id": 27, "param_name": "degree", "param_value_internal": 0, "distribution": "{\"name\": \"CategoricalDistribution\", \"attributes\": {\"choices\": [0]}}"}
{"op_code": 8, "worker_id": "7796fd7f-de1e-4564-989b-290240b7b459-140612063475520", "trial_id": 27, "user_attr": {"best_epoch": 0}}
{"op_code": 8, "worker_id": "7796fd7f-de1e-4564-989b-290240b7b459-140612063475520", "trial_id": 27, "user_attr": {"test_loss": 0.45150098669055755}}
{"op_code": 6, "worker_id": "7796fd7f-de1e-4564-989b-290240b7b459-140612063475520", "trial_id": 27, "state": 1, "values": [0.44696281376648045], "datetime_complete": "2024-08-31T17:30:57.438465"}
{"op_code": 4, "worker_id": "7796fd7f-de1e-4564-989b-290240b7b459-140612063475520", "study_id": 0, "datetime_start": "2024-08-31T17:30:57.448427"}
{"op_code": 5, "worker_id": "7796fd7f-de1e-4564-989b-290240b7b459-140612063475520", "trial_id": 28, "param_name": "lr", "param_value_internal": 0.00011987516781133423, "distribution": "{\"name\": \"FloatDistribution\", \"attributes\": {\"step\": null, \"low\": 1e-05, \"high\": 0.001, \"log\": true}}"}
{"op_code": 5, "worker_id": "7796fd7f-de1e-4564-989b-290240b7b459-140612063475520", "trial_id": 28, "param_name": "l2reg", "param_value_internal": 3.32821716035647e-08, "distribution": "{\"name\": \"FloatDistribution\", \"attributes\": {\"step\": null, \"low\": 1e-08, \"high\": 0.001, \"log\": true}}"}
{"op_code": 5, "worker_id": "7796fd7f-de1e-4564-989b-290240b7b459-140612063475520", "trial_id": 28, "param_name": "random_seed", "param_value_internal": 0, "distribution": "{\"name\": \"CategoricalDistribution\", \"attributes\": {\"choices\": [42]}}"}
{"op_code": 5, "worker_id": "7796fd7f-de1e-4564-989b-290240b7b459-140612063475520", "trial_id": 28, "param_name": "degree", "param_value_internal": 0, "distribution": "{\"name\": \"CategoricalDistribution\", \"attributes\": {\"choices\": [0]}}"}
{"op_code": 8, "worker_id": "7796fd7f-de1e-4564-989b-290240b7b459-140612063475520", "trial_id": 28, "user_attr": {"best_epoch": 1}}
{"op_code": 8, "worker_id": "7796fd7f-de1e-4564-989b-290240b7b459-140612063475520", "trial_id": 28, "user_attr": {"test_loss": 0.450726858735506}}
{"op_code": 6, "worker_id": "7796fd7f-de1e-4564-989b-290240b7b459-140612063475520", "trial_id": 28, "state": 1, "values": [0.44608988709140496], "datetime_complete": "2024-08-31T17:50:05.091918"}
{"op_code": 4, "worker_id": "7796fd7f-de1e-4564-989b-290240b7b459-140612063475520", "study_id": 0, "datetime_start": "2024-08-31T17:50:05.101282"}
{"op_code": 5, "worker_id": "7796fd7f-de1e-4564-989b-290240b7b459-140612063475520", "trial_id": 29, "param_name": "lr", "param_value_internal": 6.481357086517042e-05, "distribution": "{\"name\": \"FloatDistribution\", \"attributes\": {\"step\": null, \"low\": 1e-05, \"high\": 0.001, \"log\": true}}"}
{"op_code": 5, "worker_id": "7796fd7f-de1e-4564-989b-290240b7b459-140612063475520", "trial_id": 29, "param_name": "l2reg", "param_value_internal": 2.753317922185845e-08, "distribution": "{\"name\": \"FloatDistribution\", \"attributes\": {\"step\": null, \"low\": 1e-08, \"high\": 0.001, \"log\": true}}"}
{"op_code": 5, "worker_id": "7796fd7f-de1e-4564-989b-290240b7b459-140612063475520", "trial_id": 29, "param_name": "random_seed", "param_value_internal": 0, "distribution": "{\"name\": \"CategoricalDistribution\", \"attributes\": {\"choices\": [42]}}"}
{"op_code": 5, "worker_id": "7796fd7f-de1e-4564-989b-290240b7b459-140612063475520", "trial_id": 29, "param_name": "degree", "param_value_internal": 0, "distribution": "{\"name\": \"CategoricalDistribution\", \"attributes\": {\"choices\": [0]}}"}
{"op_code": 8, "worker_id": "7796fd7f-de1e-4564-989b-290240b7b459-140612063475520", "trial_id": 29, "user_attr": {"best_epoch": 2}}
{"op_code": 8, "worker_id": "7796fd7f-de1e-4564-989b-290240b7b459-140612063475520", "trial_id": 29, "user_attr": {"test_loss": 0.45166071404847924}}
{"op_code": 6, "worker_id": "7796fd7f-de1e-4564-989b-290240b7b459-140612063475520", "trial_id": 29, "state": 1, "values": [0.44707989878845444], "datetime_complete": "2024-08-31T18:12:18.150486"}
{"op_code": 4, "worker_id": "7796fd7f-de1e-4564-989b-290240b7b459-140612063475520", "study_id": 0, "datetime_start": "2024-08-31T18:12:18.160937"}
{"op_code": 5, "worker_id": "7796fd7f-de1e-4564-989b-290240b7b459-140612063475520", "trial_id": 30, "param_name": "lr", "param_value_internal": 0.00010597618612147148, "distribution": "{\"name\": \"FloatDistribution\", \"attributes\": {\"step\": null, \"low\": 1e-05, \"high\": 0.001, \"log\": true}}"}
{"op_code": 5, "worker_id": "7796fd7f-de1e-4564-989b-290240b7b459-140612063475520", "trial_id": 30, "param_name": "l2reg", "param_value_internal": 3.647214728780026e-08, "distribution": "{\"name\": \"FloatDistribution\", \"attributes\": {\"step\": null, \"low\": 1e-08, \"high\": 0.001, \"log\": true}}"}
{"op_code": 5, "worker_id": "7796fd7f-de1e-4564-989b-290240b7b459-140612063475520", "trial_id": 30, "param_name": "random_seed", "param_value_internal": 0, "distribution": "{\"name\": \"CategoricalDistribution\", \"attributes\": {\"choices\": [42]}}"}
{"op_code": 5, "worker_id": "7796fd7f-de1e-4564-989b-290240b7b459-140612063475520", "trial_id": 30, "param_name": "degree", "param_value_internal": 0, "distribution": "{\"name\": \"CategoricalDistribution\", \"attributes\": {\"choices\": [0]}}"}
{"op_code": 8, "worker_id": "7796fd7f-de1e-4564-989b-290240b7b459-140612063475520", "trial_id": 30, "user_attr": {"best_epoch": 1}}
{"op_code": 8, "worker_id": "7796fd7f-de1e-4564-989b-290240b7b459-140612063475520", "trial_id": 30, "user_attr": {"test_loss": 0.4508859371055967}}
{"op_code": 6, "worker_id": "7796fd7f-de1e-4564-989b-290240b7b459-140612063475520", "trial_id": 30, "state": 1, "values": [0.4462504924671612], "datetime_complete": "2024-08-31T18:30:52.250879"}
{"op_code": 4, "worker_id": "7796fd7f-de1e-4564-989b-290240b7b459-140612063475520", "study_id": 0, "datetime_start": "2024-08-31T18:30:52.260376"}
{"op_code": 5, "worker_id": "7796fd7f-de1e-4564-989b-290240b7b459-140612063475520", "trial_id": 31, "param_name": "lr", "param_value_internal": 0.00013019997340778204, "distribution": "{\"name\": \"FloatDistribution\", \"attributes\": {\"step\": null, \"low\": 1e-05, \"high\": 0.001, \"log\": true}}"}
{"op_code": 5, "worker_id": "7796fd7f-de1e-4564-989b-290240b7b459-140612063475520", "trial_id": 31, "param_name": "l2reg", "param_value_internal": 0.0008988797372924934, "distribution": "{\"name\": \"FloatDistribution\", \"attributes\": {\"step\": null, \"low\": 1e-08, \"high\": 0.001, \"log\": true}}"}
{"op_code": 5, "worker_id": "7796fd7f-de1e-4564-989b-290240b7b459-140612063475520", "trial_id": 31, "param_name": "random_seed", "param_value_internal": 0, "distribution": "{\"name\": \"CategoricalDistribution\", \"attributes\": {\"choices\": [42]}}"}
{"op_code": 5, "worker_id": "7796fd7f-de1e-4564-989b-290240b7b459-140612063475520", "trial_id": 31, "param_name": "degree", "param_value_internal": 0, "distribution": "{\"name\": \"CategoricalDistribution\", \"attributes\": {\"choices\": [0]}}"}
{"op_code": 8, "worker_id": "7796fd7f-de1e-4564-989b-290240b7b459-140612063475520", "trial_id": 31, "user_attr": {"best_epoch": 1}}
{"op_code": 8, "worker_id": "7796fd7f-de1e-4564-989b-290240b7b459-140612063475520", "trial_id": 31, "user_attr": {"test_loss": 0.4506807424237542}}
{"op_code": 6, "worker_id": "7796fd7f-de1e-4564-989b-290240b7b459-140612063475520", "trial_id": 31, "state": 1, "values": [0.4460438089624442], "datetime_complete": "2024-08-31T18:49:30.366318"}
{"op_code": 4, "worker_id": "7796fd7f-de1e-4564-989b-290240b7b459-140612063475520", "study_id": 0, "datetime_start": "2024-08-31T18:49:30.377269"}
{"op_code": 5, "worker_id": "7796fd7f-de1e-4564-989b-290240b7b459-140612063475520", "trial_id": 32, "param_name": "lr", "param_value_internal": 0.00023980062751160518, "distribution": "{\"name\": \"FloatDistribution\", \"attributes\": {\"step\": null, \"low\": 1e-05, \"high\": 0.001, \"log\": true}}"}
{"op_code": 5, "worker_id": "7796fd7f-de1e-4564-989b-290240b7b459-140612063475520", "trial_id": 32, "param_name": "l2reg", "param_value_internal": 0.0008564121931057162, "distribution": "{\"name\": \"FloatDistribution\", \"attributes\": {\"step\": null, \"low\": 1e-08, \"high\": 0.001, \"log\": true}}"}
{"op_code": 5, "worker_id": "7796fd7f-de1e-4564-989b-290240b7b459-140612063475520", "trial_id": 32, "param_name": "random_seed", "param_value_internal": 0, "distribution": "{\"name\": \"CategoricalDistribution\", \"attributes\": {\"choices\": [42]}}"}
{"op_code": 5, "worker_id": "7796fd7f-de1e-4564-989b-290240b7b459-140612063475520", "trial_id": 32, "param_name": "degree", "param_value_internal": 0, "distribution": "{\"name\": \"CategoricalDistribution\", \"attributes\": {\"choices\": [0]}}"}
{"op_code": 8, "worker_id": "7796fd7f-de1e-4564-989b-290240b7b459-140612063475520", "trial_id": 32, "user_attr": {"best_epoch": 0}}
{"op_code": 8, "worker_id": "7796fd7f-de1e-4564-989b-290240b7b459-140612063475520", "trial_id": 32, "user_attr": {"test_loss": 0.4514894957883744}}
{"op_code": 6, "worker_id": "7796fd7f-de1e-4564-989b-290240b7b459-140612063475520", "trial_id": 32, "state": 1, "values": [0.44695055935107336], "datetime_complete": "2024-08-31T19:04:34.936023"}
{"op_code": 4, "worker_id": "7796fd7f-de1e-4564-989b-290240b7b459-140612063475520", "study_id": 0, "datetime_start": "2024-08-31T19:04:34.944575"}
{"op_code": 5, "worker_id": "7796fd7f-de1e-4564-989b-290240b7b459-140612063475520", "trial_id": 33, "param_name": "lr", "param_value_internal": 0.0003309260774221168, "distribution": "{\"name\": \"FloatDistribution\", \"attributes\": {\"step\": null, \"low\": 1e-05, \"high\": 0.001, \"log\": true}}"}
{"op_code": 5, "worker_id": "7796fd7f-de1e-4564-989b-290240b7b459-140612063475520", "trial_id": 33, "param_name": "l2reg", "param_value_internal": 2.3672781306307826e-08, "distribution": "{\"name\": \"FloatDistribution\", \"attributes\": {\"step\": null, \"low\": 1e-08, \"high\": 0.001, \"log\": true}}"}
{"op_code": 5, "worker_id": "7796fd7f-de1e-4564-989b-290240b7b459-140612063475520", "trial_id": 33, "param_name": "random_seed", "param_value_internal": 0, "distribution": "{\"name\": \"CategoricalDistribution\", \"attributes\": {\"choices\": [42]}}"}
{"op_code": 5, "worker_id": "7796fd7f-de1e-4564-989b-290240b7b459-140612063475520", "trial_id": 33, "param_name": "degree", "param_value_internal": 0, "distribution": "{\"name\": \"CategoricalDistribution\", \"attributes\": {\"choices\": [0]}}"}
{"op_code": 8, "worker_id": "7796fd7f-de1e-4564-989b-290240b7b459-140612063475520", "trial_id": 33, "user_attr": {"best_epoch": 0}}
{"op_code": 8, "worker_id": "7796fd7f-de1e-4564-989b-290240b7b459-140612063475520", "trial_id": 33, "user_attr": {"test_loss": 0.4515379026454118}}
{"op_code": 6, "worker_id": "7796fd7f-de1e-4564-989b-290240b7b459-140612063475520", "trial_id": 33, "state": 1, "values": [0.44695872896134475], "datetime_complete": "2024-08-31T19:19:40.376343"}
{"op_code": 4, "worker_id": "7796fd7f-de1e-4564-989b-290240b7b459-140612063475520", "study_id": 0, "datetime_start": "2024-08-31T19:19:40.430798"}
{"op_code": 5, "worker_id": "7796fd7f-de1e-4564-989b-290240b7b459-140612063475520", "trial_id": 34, "param_name": "lr", "param_value_internal": 8.995279195281438e-05, "distribution": "{\"name\": \"FloatDistribution\", \"attributes\": {\"step\": null, \"low\": 1e-05, \"high\": 0.001, \"log\": true}}"}
{"op_code": 5, "worker_id": "7796fd7f-de1e-4564-989b-290240b7b459-140612063475520", "trial_id": 34, "param_name": "l2reg", "param_value_internal": 0.00040146298300111453, "distribution": "{\"name\": \"FloatDistribution\", \"attributes\": {\"step\": null, \"low\": 1e-08, \"high\": 0.001, \"log\": true}}"}
{"op_code": 5, "worker_id": "7796fd7f-de1e-4564-989b-290240b7b459-140612063475520", "trial_id": 34, "param_name": "random_seed", "param_value_internal": 0, "distribution": "{\"name\": \"CategoricalDistribution\", \"attributes\": {\"choices\": [42]}}"}
{"op_code": 5, "worker_id": "7796fd7f-de1e-4564-989b-290240b7b459-140612063475520", "trial_id": 34, "param_name": "degree", "param_value_internal": 0, "distribution": "{\"name\": \"CategoricalDistribution\", \"attributes\": {\"choices\": [0]}}"}
{"op_code": 8, "worker_id": "7796fd7f-de1e-4564-989b-290240b7b459-140612063475520", "trial_id": 34, "user_attr": {"best_epoch": 1}}
{"op_code": 8, "worker_id": "7796fd7f-de1e-4564-989b-290240b7b459-140612063475520", "trial_id": 34, "user_attr": {"test_loss": 0.45130380891721494}}
{"op_code": 6, "worker_id": "7796fd7f-de1e-4564-989b-290240b7b459-140612063475520", "trial_id": 34, "state": 1, "values": [0.44667554125576836], "datetime_complete": "2024-08-31T19:38:11.949507"}
{"op_code": 4, "worker_id": "7796fd7f-de1e-4564-989b-290240b7b459-140612063475520", "study_id": 0, "datetime_start": "2024-08-31T19:38:11.958600"}
{"op_code": 5, "worker_id": "7796fd7f-de1e-4564-989b-290240b7b459-140612063475520", "trial_id": 35, "param_name": "lr", "param_value_internal": 4.796292721883743e-05, "distribution": "{\"name\": \"FloatDistribution\", \"attributes\": {\"step\": null, \"low\": 1e-05, \"high\": 0.001, \"log\": true}}"}
{"op_code": 5, "worker_id": "7796fd7f-de1e-4564-989b-290240b7b459-140612063475520", "trial_id": 35, "param_name": "l2reg", "param_value_internal": 1.4176502295914946e-07, "distribution": "{\"name\": \"FloatDistribution\", \"attributes\": {\"step\": null, \"low\": 1e-08, \"high\": 0.001, \"log\": true}}"}
{"op_code": 5, "worker_id": "7796fd7f-de1e-4564-989b-290240b7b459-140612063475520", "trial_id": 35, "param_name": "random_seed", "param_value_internal": 0, "distribution": "{\"name\": \"CategoricalDistribution\", \"attributes\": {\"choices\": [42]}}"}
{"op_code": 5, "worker_id": "7796fd7f-de1e-4564-989b-290240b7b459-140612063475520", "trial_id": 35, "param_name": "degree", "param_value_internal": 0, "distribution": "{\"name\": \"CategoricalDistribution\", \"attributes\": {\"choices\": [0]}}"}
{"op_code": 8, "worker_id": "7796fd7f-de1e-4564-989b-290240b7b459-140612063475520", "trial_id": 35, "user_attr": {"best_epoch": 3}}
{"op_code": 8, "worker_id": "7796fd7f-de1e-4564-989b-290240b7b459-140612063475520", "trial_id": 35, "user_attr": {"test_loss": 0.45190794023631403}}
{"op_code": 6, "worker_id": "7796fd7f-de1e-4564-989b-290240b7b459-140612063475520", "trial_id": 35, "state": 1, "values": [0.44724256565465303], "datetime_complete": "2024-08-31T20:03:49.725907"}
{"op_code": 4, "worker_id": "7796fd7f-de1e-4564-989b-290240b7b459-140612063475520", "study_id": 0, "datetime_start": "2024-08-31T20:03:49.734472"}
{"op_code": 5, "worker_id": "7796fd7f-de1e-4564-989b-290240b7b459-140612063475520", "trial_id": 36, "param_name": "lr", "param_value_internal": 0.0001957298629945588, "distribution": "{\"name\": \"FloatDistribution\", \"attributes\": {\"step\": null, \"low\": 1e-05, \"high\": 0.001, \"log\": true}}"}
{"op_code": 5, "worker_id": "7796fd7f-de1e-4564-989b-290240b7b459-140612063475520", "trial_id": 36, "param_name": "l2reg", "param_value_internal": 2.2336463527587378e-07, "distribution": "{\"name\": \"FloatDistribution\", \"attributes\": {\"step\": null, \"low\": 1e-08, \"high\": 0.001, \"log\": true}}"}
{"op_code": 5, "worker_id": "7796fd7f-de1e-4564-989b-290240b7b459-140612063475520", "trial_id": 36, "param_name": "random_seed", "param_value_internal": 0, "distribution": "{\"name\": \"CategoricalDistribution\", \"attributes\": {\"choices\": [42]}}"}
{"op_code": 5, "worker_id": "7796fd7f-de1e-4564-989b-290240b7b459-140612063475520", "trial_id": 36, "param_name": "degree", "param_value_internal": 0, "distribution": "{\"name\": \"CategoricalDistribution\", \"attributes\": {\"choices\": [0]}}"}
{"op_code": 8, "worker_id": "7796fd7f-de1e-4564-989b-290240b7b459-140612063475520", "trial_id": 36, "user_attr": {"best_epoch": 1}}
{"op_code": 8, "worker_id": "7796fd7f-de1e-4564-989b-290240b7b459-140612063475520", "trial_id": 36, "user_attr": {"test_loss": 0.45150740021735747}}
{"op_code": 6, "worker_id": "7796fd7f-de1e-4564-989b-290240b7b459-140612063475520", "trial_id": 36, "state": 1, "values": [0.44680835468630226], "datetime_complete": "2024-08-31T20:22:14.838150"}
{"op_code": 4, "worker_id": "7796fd7f-de1e-4564-989b-290240b7b459-140612063475520", "study_id": 0, "datetime_start": "2024-08-31T20:22:14.847004"}
{"op_code": 5, "worker_id": "7796fd7f-de1e-4564-989b-290240b7b459-140612063475520", "trial_id": 37, "param_name": "lr", "param_value_internal": 0.00012268575575529492, "distribution": "{\"name\": \"FloatDistribution\", \"attributes\": {\"step\": null, \"low\": 1e-05, \"high\": 0.001, \"log\": true}}"}
{"op_code": 5, "worker_id": "7796fd7f-de1e-4564-989b-290240b7b459-140612063475520", "trial_id": 37, "param_name": "l2reg", "param_value_internal": 0.0004565572761063706, "distribution": "{\"name\": \"FloatDistribution\", \"attributes\": {\"step\": null, \"low\": 1e-08, \"high\": 0.001, \"log\": true}}"}
{"op_code": 5, "worker_id": "7796fd7f-de1e-4564-989b-290240b7b459-140612063475520", "trial_id": 37, "param_name": "random_seed", "param_value_internal": 0, "distribution": "{\"name\": \"CategoricalDistribution\", \"attributes\": {\"choices\": [42]}}"}
{"op_code": 5, "worker_id": "7796fd7f-de1e-4564-989b-290240b7b459-140612063475520", "trial_id": 37, "param_name": "degree", "param_value_internal": 0, "distribution": "{\"name\": \"CategoricalDistribution\", \"attributes\": {\"choices\": [0]}}"}
{"op_code": 8, "worker_id": "7796fd7f-de1e-4564-989b-290240b7b459-140612063475520", "trial_id": 37, "user_attr": {"best_epoch": 1}}
{"op_code": 8, "worker_id": "7796fd7f-de1e-4564-989b-290240b7b459-140612063475520", "trial_id": 37, "user_attr": {"test_loss": 0.4506978451618873}}
{"op_code": 6, "worker_id": "7796fd7f-de1e-4564-989b-290240b7b459-140612063475520", "trial_id": 37, "state": 1, "values": [0.4460624769036719], "datetime_complete": "2024-08-31T20:40:59.697523"}
{"op_code": 4, "worker_id": "7796fd7f-de1e-4564-989b-290240b7b459-140612063475520", "study_id": 0, "datetime_start": "2024-08-31T20:40:59.706137"}
{"op_code": 5, "worker_id": "7796fd7f-de1e-4564-989b-290240b7b459-140612063475520", "trial_id": 38, "param_name": "lr", "param_value_internal": 2.8505402466088738e-05, "distribution": "{\"name\": \"FloatDistribution\", \"attributes\": {\"step\": null, \"low\": 1e-05, \"high\": 0.001, \"log\": true}}"}
{"op_code": 5, "worker_id": "7796fd7f-de1e-4564-989b-290240b7b459-140612063475520", "trial_id": 38, "param_name": "l2reg", "param_value_internal": 0.000937693918049206, "distribution": "{\"name\": \"FloatDistribution\", \"attributes\": {\"step\": null, \"low\": 1e-08, \"high\": 0.001, \"log\": true}}"}
{"op_code": 5, "worker_id": "7796fd7f-de1e-4564-989b-290240b7b459-140612063475520", "trial_id": 38, "param_name": "random_seed", "param_value_internal": 0, "distribution": "{\"name\": \"CategoricalDistribution\", \"attributes\": {\"choices\": [42]}}"}
{"op_code": 5, "worker_id": "7796fd7f-de1e-4564-989b-290240b7b459-140612063475520", "trial_id": 38, "param_name": "degree", "param_value_internal": 0, "distribution": "{\"name\": \"CategoricalDistribution\", \"attributes\": {\"choices\": [0]}}"}
{"op_code": 8, "worker_id": "7796fd7f-de1e-4564-989b-290240b7b459-140612063475520", "trial_id": 38, "user_attr": {"best_epoch": 6}}
{"op_code": 8, "worker_id": "7796fd7f-de1e-4564-989b-290240b7b459-140612063475520", "trial_id": 38, "user_attr": {"test_loss": 0.4524913802963324}}
{"op_code": 6, "worker_id": "7796fd7f-de1e-4564-989b-290240b7b459-140612063475520", "trial_id": 38, "state": 1, "values": [0.4476485647445432], "datetime_complete": "2024-08-31T21:18:12.192426"}
{"op_code": 4, "worker_id": "7796fd7f-de1e-4564-989b-290240b7b459-140612063475520", "study_id": 0, "datetime_start": "2024-08-31T21:18:12.201588"}
{"op_code": 5, "worker_id": "7796fd7f-de1e-4564-989b-290240b7b459-140612063475520", "trial_id": 39, "param_name": "lr", "param_value_internal": 0.00012948333269065978, "distribution": "{\"name\": \"FloatDistribution\", \"attributes\": {\"step\": null, \"low\": 1e-05, \"high\": 0.001, \"log\": true}}"}
{"op_code": 5, "worker_id": "7796fd7f-de1e-4564-989b-290240b7b459-140612063475520", "trial_id": 39, "param_name": "l2reg", "param_value_internal": 0.000488218679021829, "distribution": "{\"name\": \"FloatDistribution\", \"attributes\": {\"step\": null, \"low\": 1e-08, \"high\": 0.001, \"log\": true}}"}
{"op_code": 5, "worker_id": "7796fd7f-de1e-4564-989b-290240b7b459-140612063475520", "trial_id": 39, "param_name": "random_seed", "param_value_internal": 0, "distribution": "{\"name\": \"CategoricalDistribution\", \"attributes\": {\"choices\": [42]}}"}
{"op_code": 5, "worker_id": "7796fd7f-de1e-4564-989b-290240b7b459-140612063475520", "trial_id": 39, "param_name": "degree", "param_value_internal": 0, "distribution": "{\"name\": \"CategoricalDistribution\", \"attributes\": {\"choices\": [0]}}"}
{"op_code": 8, "worker_id": "7796fd7f-de1e-4564-989b-290240b7b459-140612063475520", "trial_id": 39, "user_attr": {"best_epoch": 1}}
{"op_code": 8, "worker_id": "7796fd7f-de1e-4564-989b-290240b7b459-140612063475520", "trial_id": 39, "user_attr": {"test_loss": 0.4506865069627232}}
{"op_code": 6, "worker_id": "7796fd7f-de1e-4564-989b-290240b7b459-140612063475520", "trial_id": 39, "state": 1, "values": [0.4460496116762819], "datetime_complete": "2024-08-31T21:36:29.756801"}
{"op_code": 4, "worker_id": "7796fd7f-de1e-4564-989b-290240b7b459-140612063475520", "study_id": 0, "datetime_start": "2024-08-31T21:36:29.765483"}
{"op_code": 5, "worker_id": "7796fd7f-de1e-4564-989b-290240b7b459-140612063475520", "trial_id": 40, "param_name": "lr", "param_value_internal": 6.191625527161772e-05, "distribution": "{\"name\": \"FloatDistribution\", \"attributes\": {\"step\": null, \"low\": 1e-05, \"high\": 0.001, \"log\": true}}"}
{"op_code": 5, "worker_id": "7796fd7f-de1e-4564-989b-290240b7b459-140612063475520", "trial_id": 40, "param_name": "l2reg", "param_value_internal": 0.0004992696110516823, "distribution": "{\"name\": \"FloatDistribution\", \"attributes\": {\"step\": null, \"low\": 1e-08, \"high\": 0.001, \"log\": true}}"}
{"op_code": 5, "worker_id": "7796fd7f-de1e-4564-989b-290240b7b459-140612063475520", "trial_id": 40, "param_name": "random_seed", "param_value_internal": 0, "distribution": "{\"name\": \"CategoricalDistribution\", \"attributes\": {\"choices\": [42]}}"}
{"op_code": 5, "worker_id": "7796fd7f-de1e-4564-989b-290240b7b459-140612063475520", "trial_id": 40, "param_name": "degree", "param_value_internal": 0, "distribution": "{\"name\": \"CategoricalDistribution\", \"attributes\": {\"choices\": [0]}}"}
{"op_code": 8, "worker_id": "7796fd7f-de1e-4564-989b-290240b7b459-140612063475520", "trial_id": 40, "user_attr": {"best_epoch": 2}}
{"op_code": 8, "worker_id": "7796fd7f-de1e-4564-989b-290240b7b459-140612063475520", "trial_id": 40, "user_attr": {"test_loss": 0.4517338206188473}}
{"op_code": 6, "worker_id": "7796fd7f-de1e-4564-989b-290240b7b459-140612063475520", "trial_id": 40, "state": 1, "values": [0.4471637327331088], "datetime_complete": "2024-08-31T21:58:59.753359"}
{"op_code": 4, "worker_id": "7796fd7f-de1e-4564-989b-290240b7b459-140612063475520", "study_id": 0, "datetime_start": "2024-08-31T21:58:59.762242"}
{"op_code": 5, "worker_id": "7796fd7f-de1e-4564-989b-290240b7b459-140612063475520", "trial_id": 41, "param_name": "lr", "param_value_internal": 0.00013486886930611322, "distribution": "{\"name\": \"FloatDistribution\", \"attributes\": {\"step\": null, \"low\": 1e-05, \"high\": 0.001, \"log\": true}}"}
{"op_code": 5, "worker_id": "7796fd7f-de1e-4564-989b-290240b7b459-140612063475520", "trial_id": 41, "param_name": "l2reg", "param_value_internal": 0.0002214677341094134, "distribution": "{\"name\": \"FloatDistribution\", \"attributes\": {\"step\": null, \"low\": 1e-08, \"high\": 0.001, \"log\": true}}"}
{"op_code": 5, "worker_id": "7796fd7f-de1e-4564-989b-290240b7b459-140612063475520", "trial_id": 41, "param_name": "random_seed", "param_value_internal": 0, "distribution": "{\"name\": \"CategoricalDistribution\", \"attributes\": {\"choices\": [42]}}"}
{"op_code": 5, "worker_id": "7796fd7f-de1e-4564-989b-290240b7b459-140612063475520", "trial_id": 41, "param_name": "degree", "param_value_internal": 0, "distribution": "{\"name\": \"CategoricalDistribution\", \"attributes\": {\"choices\": [0]}}"}
{"op_code": 8, "worker_id": "7796fd7f-de1e-4564-989b-290240b7b459-140612063475520", "trial_id": 41, "user_attr": {"best_epoch": 1}}
{"op_code": 8, "worker_id": "7796fd7f-de1e-4564-989b-290240b7b459-140612063475520", "trial_id": 41, "user_attr": {"test_loss": 0.4506976924588683}}
{"op_code": 6, "worker_id": "7796fd7f-de1e-4564-989b-290240b7b459-140612063475520", "trial_id": 41, "state": 1, "values": [0.4460579721652979], "datetime_complete": "2024-08-31T22:17:27.431397"}
{"op_code": 4, "worker_id": "7796fd7f-de1e-4564-989b-290240b7b459-140612063475520", "study_id": 0, "datetime_start": "2024-08-31T22:17:27.440056"}
{"op_code": 5, "worker_id": "7796fd7f-de1e-4564-989b-290240b7b459-140612063475520", "trial_id": 42, "param_name": "lr", "param_value_internal": 8.010007498866699e-05, "distribution": "{\"name\": \"FloatDistribution\", \"attributes\": {\"step\": null, \"low\": 1e-05, \"high\": 0.001, \"log\": true}}"}
{"op_code": 5, "worker_id": "7796fd7f-de1e-4564-989b-290240b7b459-140612063475520", "trial_id": 42, "param_name": "l2reg", "param_value_internal": 8.054137107657772e-05, "distribution": "{\"name\": \"FloatDistribution\", \"attributes\": {\"step\": null, \"low\": 1e-08, \"high\": 0.001, \"log\": true}}"}
{"op_code": 5, "worker_id": "7796fd7f-de1e-4564-989b-290240b7b459-140612063475520", "trial_id": 42, "param_name": "random_seed", "param_value_internal": 0, "distribution": "{\"name\": \"CategoricalDistribution\", \"attributes\": {\"choices\": [42]}}"}
{"op_code": 5, "worker_id": "7796fd7f-de1e-4564-989b-290240b7b459-140612063475520", "trial_id": 42, "param_name": "degree", "param_value_internal": 0, "distribution": "{\"name\": \"CategoricalDistribution\", \"attributes\": {\"choices\": [0]}}"}
{"op_code": 8, "worker_id": "7796fd7f-de1e-4564-989b-290240b7b459-140612063475520", "trial_id": 42, "user_attr": {"best_epoch": 2}}
{"op_code": 8, "worker_id": "7796fd7f-de1e-4564-989b-290240b7b459-140612063475520", "trial_id": 42, "user_attr": {"test_loss": 0.45150060493301}}
{"op_code": 6, "worker_id": "7796fd7f-de1e-4564-989b-290240b7b459-140612063475520", "trial_id": 42, "state": 1, "values": [0.44688184300299605], "datetime_complete": "2024-08-31T22:39:28.496579"}
{"op_code": 4, "worker_id": "7796fd7f-de1e-4564-989b-290240b7b459-140612063475520", "study_id": 0, "datetime_start": "2024-08-31T22:39:28.509886"}
{"op_code": 5, "worker_id": "7796fd7f-de1e-4564-989b-290240b7b459-140612063475520", "trial_id": 43, "param_name": "lr", "param_value_internal": 0.0001879939694810167, "distribution": "{\"name\": \"FloatDistribution\", \"attributes\": {\"step\": null, \"low\": 1e-05, \"high\": 0.001, \"log\": true}}"}
{"op_code": 5, "worker_id": "7796fd7f-de1e-4564-989b-290240b7b459-140612063475520", "trial_id": 43, "param_name": "l2reg", "param_value_internal": 0.00034467681721221915, "distribution": "{\"name\": \"FloatDistribution\", \"attributes\": {\"step\": null, \"low\": 1e-08, \"high\": 0.001, \"log\": true}}"}
{"op_code": 5, "worker_id": "7796fd7f-de1e-4564-989b-290240b7b459-140612063475520", "trial_id": 43, "param_name": "random_seed", "param_value_internal": 0, "distribution": "{\"name\": \"CategoricalDistribution\", \"attributes\": {\"choices\": [42]}}"}
{"op_code": 5, "worker_id": "7796fd7f-de1e-4564-989b-290240b7b459-140612063475520", "trial_id": 43, "param_name": "degree", "param_value_internal": 0, "distribution": "{\"name\": \"CategoricalDistribution\", \"attributes\": {\"choices\": [0]}}"}
{"op_code": 8, "worker_id": "7796fd7f-de1e-4564-989b-290240b7b459-140612063475520", "trial_id": 43, "user_attr": {"best_epoch": 1}}
{"op_code": 8, "worker_id": "7796fd7f-de1e-4564-989b-290240b7b459-140612063475520", "trial_id": 43, "user_attr": {"test_loss": 0.45134175561744777}}
{"op_code": 6, "worker_id": "7796fd7f-de1e-4564-989b-290240b7b459-140612063475520", "trial_id": 43, "state": 1, "values": [0.4466517577641838], "datetime_complete": "2024-08-31T22:58:19.374732"}
{"op_code": 4, "worker_id": "7796fd7f-de1e-4564-989b-290240b7b459-140612063475520", "study_id": 0, "datetime_start": "2024-08-31T22:58:19.383859"}
{"op_code": 5, "worker_id": "7796fd7f-de1e-4564-989b-290240b7b459-140612063475520", "trial_id": 44, "param_name": "lr", "param_value_internal": 0.0001352011103552332, "distribution": "{\"name\": \"FloatDistribution\", \"attributes\": {\"step\": null, \"low\": 1e-05, \"high\": 0.001, \"log\": true}}"}
{"op_code": 5, "worker_id": "7796fd7f-de1e-4564-989b-290240b7b459-140612063475520", "trial_id": 44, "param_name": "l2reg", "param_value_internal": 0.00022689828461006404, "distribution": "{\"name\": \"FloatDistribution\", \"attributes\": {\"step\": null, \"low\": 1e-08, \"high\": 0.001, \"log\": true}}"}
{"op_code": 5, "worker_id": "7796fd7f-de1e-4564-989b-290240b7b459-140612063475520", "trial_id": 44, "param_name": "random_seed", "param_value_internal": 0, "distribution": "{\"name\": \"CategoricalDistribution\", \"attributes\": {\"choices\": [42]}}"}
{"op_code": 5, "worker_id": "7796fd7f-de1e-4564-989b-290240b7b459-140612063475520", "trial_id": 44, "param_name": "degree", "param_value_internal": 0, "distribution": "{\"name\": \"CategoricalDistribution\", \"attributes\": {\"choices\": [0]}}"}
{"op_code": 8, "worker_id": "7796fd7f-de1e-4564-989b-290240b7b459-140612063475520", "trial_id": 44, "user_attr": {"best_epoch": 1}}
{"op_code": 8, "worker_id": "7796fd7f-de1e-4564-989b-290240b7b459-140612063475520", "trial_id": 44, "user_attr": {"test_loss": 0.4506988759072659}}
{"op_code": 6, "worker_id": "7796fd7f-de1e-4564-989b-290240b7b459-140612063475520", "trial_id": 44, "state": 1, "values": [0.4460591174377659], "datetime_complete": "2024-08-31T23:17:13.107124"}
{"op_code": 4, "worker_id": "7796fd7f-de1e-4564-989b-290240b7b459-140612063475520", "study_id": 0, "datetime_start": "2024-08-31T23:17:13.126541"}
{"op_code": 5, "worker_id": "7796fd7f-de1e-4564-989b-290240b7b459-140612063475520", "trial_id": 45, "param_name": "lr", "param_value_internal": 0.00017886273123606907, "distribution": "{\"name\": \"FloatDistribution\", \"attributes\": {\"step\": null, \"low\": 1e-05, \"high\": 0.001, \"log\": true}}"}
{"op_code": 5, "worker_id": "7796fd7f-de1e-4564-989b-290240b7b459-140612063475520", "trial_id": 45, "param_name": "l2reg", "param_value_internal": 0.0002314110015279322, "distribution": "{\"name\": \"FloatDistribution\", \"attributes\": {\"step\": null, \"low\": 1e-08, \"high\": 0.001, \"log\": true}}"}
{"op_code": 5, "worker_id": "7796fd7f-de1e-4564-989b-290240b7b459-140612063475520", "trial_id": 45, "param_name": "random_seed", "param_value_internal": 0, "distribution": "{\"name\": \"CategoricalDistribution\", \"attributes\": {\"choices\": [42]}}"}
{"op_code": 5, "worker_id": "7796fd7f-de1e-4564-989b-290240b7b459-140612063475520", "trial_id": 45, "param_name": "degree", "param_value_internal": 0, "distribution": "{\"name\": \"CategoricalDistribution\", \"attributes\": {\"choices\": [0]}}"}
{"op_code": 8, "worker_id": "7796fd7f-de1e-4564-989b-290240b7b459-140612063475520", "trial_id": 45, "user_attr": {"best_epoch": 1}}
{"op_code": 8, "worker_id": "7796fd7f-de1e-4564-989b-290240b7b459-140612063475520", "trial_id": 45, "user_attr": {"test_loss": 0.45118912894991176}}
{"op_code": 6, "worker_id": "7796fd7f-de1e-4564-989b-290240b7b459-140612063475520", "trial_id": 45, "state": 1, "values": [0.44650947674791486], "datetime_complete": "2024-08-31T23:35:49.625032"}
{"op_code": 4, "worker_id": "7796fd7f-de1e-4564-989b-290240b7b459-140612063475520", "study_id": 0, "datetime_start": "2024-08-31T23:35:49.633660"}
{"op_code": 5, "worker_id": "7796fd7f-de1e-4564-989b-290240b7b459-140612063475520", "trial_id": 46, "param_name": "lr", "param_value_internal": 0.00014077605377431793, "distribution": "{\"name\": \"FloatDistribution\", \"attributes\": {\"step\": null, \"low\": 1e-05, \"high\": 0.001, \"log\": true}}"}
{"op_code": 5, "worker_id": "7796fd7f-de1e-4564-989b-290240b7b459-140612063475520", "trial_id": 46, "param_name": "l2reg", "param_value_internal": 0.0005780131964458803, "distribution": "{\"name\": \"FloatDistribution\", \"attributes\": {\"step\": null, \"low\": 1e-08, \"high\": 0.001, \"log\": true}}"}
{"op_code": 5, "worker_id": "7796fd7f-de1e-4564-989b-290240b7b459-140612063475520", "trial_id": 46, "param_name": "random_seed", "param_value_internal": 0, "distribution": "{\"name\": \"CategoricalDistribution\", \"attributes\": {\"choices\": [42]}}"}
{"op_code": 5, "worker_id": "7796fd7f-de1e-4564-989b-290240b7b459-140612063475520", "trial_id": 46, "param_name": "degree", "param_value_internal": 0, "distribution": "{\"name\": \"CategoricalDistribution\", \"attributes\": {\"choices\": [0]}}"}
{"op_code": 8, "worker_id": "7796fd7f-de1e-4564-989b-290240b7b459-140612063475520", "trial_id": 46, "user_attr": {"best_epoch": 1}}
{"op_code": 8, "worker_id": "7796fd7f-de1e-4564-989b-290240b7b459-140612063475520", "trial_id": 46, "user_attr": {"test_loss": 0.4507263624506941}}
{"op_code": 6, "worker_id": "7796fd7f-de1e-4564-989b-290240b7b459-140612063475520", "trial_id": 46, "state": 1, "values": [0.44608400802606946], "datetime_complete": "2024-08-31T23:54:52.543038"}
{"op_code": 4, "worker_id": "7796fd7f-de1e-4564-989b-290240b7b459-140612063475520", "study_id": 0, "datetime_start": "2024-08-31T23:54:52.551718"}
{"op_code": 5, "worker_id": "7796fd7f-de1e-4564-989b-290240b7b459-140612063475520", "trial_id": 47, "param_name": "lr", "param_value_internal": 0.0003988566988668598, "distribution": "{\"name\": \"FloatDistribution\", \"attributes\": {\"step\": null, \"low\": 1e-05, \"high\": 0.001, \"log\": true}}"}
{"op_code": 5, "worker_id": "7796fd7f-de1e-4564-989b-290240b7b459-140612063475520", "trial_id": 47, "param_name": "l2reg", "param_value_internal": 0.0002243854399155969, "distribution": "{\"name\": \"FloatDistribution\", \"attributes\": {\"step\": null, \"low\": 1e-08, \"high\": 0.001, \"log\": true}}"}
{"op_code": 5, "worker_id": "7796fd7f-de1e-4564-989b-290240b7b459-140612063475520", "trial_id": 47, "param_name": "random_seed", "param_value_internal": 0, "distribution": "{\"name\": \"CategoricalDistribution\", \"attributes\": {\"choices\": [42]}}"}
{"op_code": 5, "worker_id": "7796fd7f-de1e-4564-989b-290240b7b459-140612063475520", "trial_id": 47, "param_name": "degree", "param_value_internal": 0, "distribution": "{\"name\": \"CategoricalDistribution\", \"attributes\": {\"choices\": [0]}}"}
{"op_code": 8, "worker_id": "7796fd7f-de1e-4564-989b-290240b7b459-140612063475520", "trial_id": 47, "user_attr": {"best_epoch": 0}}
{"op_code": 8, "worker_id": "7796fd7f-de1e-4564-989b-290240b7b459-140612063475520", "trial_id": 47, "user_attr": {"test_loss": 0.45160085446501336}}
{"op_code": 6, "worker_id": "7796fd7f-de1e-4564-989b-290240b7b459-140612063475520", "trial_id": 47, "state": 1, "values": [0.4470040817510758], "datetime_complete": "2024-09-01T00:10:09.903244"}
{"op_code": 4, "worker_id": "7796fd7f-de1e-4564-989b-290240b7b459-140612063475520", "study_id": 0, "datetime_start": "2024-09-01T00:10:09.914040"}
{"op_code": 5, "worker_id": "7796fd7f-de1e-4564-989b-290240b7b459-140612063475520", "trial_id": 48, "param_name": "lr", "param_value_internal": 1.722693994422323e-05, "distribution": "{\"name\": \"FloatDistribution\", \"attributes\": {\"step\": null, \"low\": 1e-05, \"high\": 0.001, \"log\": true}}"}
{"op_code": 5, "worker_id": "7796fd7f-de1e-4564-989b-290240b7b459-140612063475520", "trial_id": 48, "param_name": "l2reg", "param_value_internal": 6.988112175331151e-05, "distribution": "{\"name\": \"FloatDistribution\", \"attributes\": {\"step\": null, \"low\": 1e-08, \"high\": 0.001, \"log\": true}}"}
{"op_code": 5, "worker_id": "7796fd7f-de1e-4564-989b-290240b7b459-140612063475520", "trial_id": 48, "param_name": "random_seed", "param_value_internal": 0, "distribution": "{\"name\": \"CategoricalDistribution\", \"attributes\": {\"choices\": [42]}}"}
{"op_code": 5, "worker_id": "7796fd7f-de1e-4564-989b-290240b7b459-140612063475520", "trial_id": 48, "param_name": "degree", "param_value_internal": 0, "distribution": "{\"name\": \"CategoricalDistribution\", \"attributes\": {\"choices\": [0]}}"}
{"op_code": 8, "worker_id": "7796fd7f-de1e-4564-989b-290240b7b459-140612063475520", "trial_id": 48, "user_attr": {"best_epoch": 9}}
{"op_code": 8, "worker_id": "7796fd7f-de1e-4564-989b-290240b7b459-140612063475520", "trial_id": 48, "user_attr": {"test_loss": 0.45281316373321623}}
{"op_code": 6, "worker_id": "7796fd7f-de1e-4564-989b-290240b7b459-140612063475520", "trial_id": 48, "state": 1, "values": [0.44806742906182334], "datetime_complete": "2024-09-01T00:46:40.374375"}
{"op_code": 4, "worker_id": "7796fd7f-de1e-4564-989b-290240b7b459-140612063475520", "study_id": 0, "datetime_start": "2024-09-01T00:46:40.383299"}
{"op_code": 5, "worker_id": "7796fd7f-de1e-4564-989b-290240b7b459-140612063475520", "trial_id": 49, "param_name": "lr", "param_value_internal": 0.0002825438981903483, "distribution": "{\"name\": \"FloatDistribution\", \"attributes\": {\"step\": null, \"low\": 1e-05, \"high\": 0.001, \"log\": true}}"}
{"op_code": 5, "worker_id": "7796fd7f-de1e-4564-989b-290240b7b459-140612063475520", "trial_id": 49, "param_name": "l2reg", "param_value_internal": 0.0005770244881737705, "distribution": "{\"name\": \"FloatDistribution\", \"attributes\": {\"step\": null, \"low\": 1e-08, \"high\": 0.001, \"log\": true}}"}
{"op_code": 5, "worker_id": "7796fd7f-de1e-4564-989b-290240b7b459-140612063475520", "trial_id": 49, "param_name": "random_seed", "param_value_internal": 0, "distribution": "{\"name\": \"CategoricalDistribution\", \"attributes\": {\"choices\": [42]}}"}
{"op_code": 5, "worker_id": "7796fd7f-de1e-4564-989b-290240b7b459-140612063475520", "trial_id": 49, "param_name": "degree", "param_value_internal": 0, "distribution": "{\"name\": \"CategoricalDistribution\", \"attributes\": {\"choices\": [0]}}"}
{"op_code": 8, "worker_id": "7796fd7f-de1e-4564-989b-290240b7b459-140612063475520", "trial_id": 49, "user_attr": {"best_epoch": 0}}
{"op_code": 8, "worker_id": "7796fd7f-de1e-4564-989b-290240b7b459-140612063475520", "trial_id": 49, "user_attr": {"test_loss": 0.45146342174787235}}
{"op_code": 6, "worker_id": "7796fd7f-de1e-4564-989b-290240b7b459-140612063475520", "trial_id": 49, "state": 1, "values": [0.4469044048706147], "datetime_complete": "2024-09-01T01:02:12.174027"}
