{"op_code": 0, "worker_id": "85754537-d2d5-4d0e-b268-475f6bc0d850-140220996876096", "study_name": "criteo_splines_0_16", "directions": [1]}
{"op_code": 4, "worker_id": "85754537-d2d5-4d0e-b268-475f6bc0d850-140220996876096", "study_id": 0, "datetime_start": "2024-09-01T08:09:30.803779"}
{"op_code": 5, "worker_id": "85754537-d2d5-4d0e-b268-475f6bc0d850-140220996876096", "trial_id": 0, "param_name": "lr", "param_value_internal": 5.6115164153345e-05, "distribution": "{\"name\": \"FloatDistribution\", \"attributes\": {\"step\": null, \"low\": 1e-05, \"high\": 0.001, \"log\": true}}"}
{"op_code": 5, "worker_id": "85754537-d2d5-4d0e-b268-475f6bc0d850-140220996876096", "trial_id": 0, "param_name": "l2reg", "param_value_internal": 0.0005669849511478851, "distribution": "{\"name\": \"FloatDistribution\", \"attributes\": {\"step\": null, \"low\": 1e-08, \"high\": 0.001, \"log\": true}}"}
{"op_code": 5, "worker_id": "85754537-d2d5-4d0e-b268-475f6bc0d850-140220996876096", "trial_id": 0, "param_name": "random_seed", "param_value_internal": 0, "distribution": "{\"name\": \"CategoricalDistribution\", \"attributes\": {\"choices\": [42]}}"}
{"op_code": 5, "worker_id": "85754537-d2d5-4d0e-b268-475f6bc0d850-140220996876096", "trial_id": 0, "param_name": "degree", "param_value_internal": 0, "distribution": "{\"name\": \"CategoricalDistribution\", \"attributes\": {\"choices\": [0]}}"}
{"op_code": 8, "worker_id": "85754537-d2d5-4d0e-b268-475f6bc0d850-140220996876096", "trial_id": 0, "user_attr": {"best_epoch": 4}}
{"op_code": 8, "worker_id": "85754537-d2d5-4d0e-b268-475f6bc0d850-140220996876096", "trial_id": 0, "user_attr": {"test_loss": 0.4520822889083093}}
{"op_code": 6, "worker_id": "85754537-d2d5-4d0e-b268-475f6bc0d850-140220996876096", "trial_id": 0, "state": 1, "values": [0.44737098887405974], "datetime_complete": "2024-09-01T08:39:08.554720"}
{"op_code": 4, "worker_id": "85754537-d2d5-4d0e-b268-475f6bc0d850-140220996876096", "study_id": 0, "datetime_start": "2024-09-01T08:39:08.563530"}
{"op_code": 5, "worker_id": "85754537-d2d5-4d0e-b268-475f6bc0d850-140220996876096", "trial_id": 1, "param_name": "lr", "param_value_internal": 0.000291063591313307, "distribution": "{\"name\": \"FloatDistribution\", \"attributes\": {\"step\": null, \"low\": 1e-05, \"high\": 0.001, \"log\": true}}"}
{"op_code": 5, "worker_id": "85754537-d2d5-4d0e-b268-475f6bc0d850-140220996876096", "trial_id": 1, "param_name": "l2reg", "param_value_internal": 9.846738873614555e-06, "distribution": "{\"name\": \"FloatDistribution\", \"attributes\": {\"step\": null, \"low\": 1e-08, \"high\": 0.001, \"log\": true}}"}
{"op_code": 5, "worker_id": "85754537-d2d5-4d0e-b268-475f6bc0d850-140220996876096", "trial_id": 1, "param_name": "random_seed", "param_value_internal": 0, "distribution": "{\"name\": \"CategoricalDistribution\", \"attributes\": {\"choices\": [42]}}"}
{"op_code": 5, "worker_id": "85754537-d2d5-4d0e-b268-475f6bc0d850-140220996876096", "trial_id": 1, "param_name": "degree", "param_value_internal": 0, "distribution": "{\"name\": \"CategoricalDistribution\", \"attributes\": {\"choices\": [0]}}"}
{"op_code": 8, "worker_id": "85754537-d2d5-4d0e-b268-475f6bc0d850-140220996876096", "trial_id": 1, "user_attr": {"best_epoch": 0}}
{"op_code": 8, "worker_id": "85754537-d2d5-4d0e-b268-475f6bc0d850-140220996876096", "trial_id": 1, "user_attr": {"test_loss": 0.45163906839552953}}
{"op_code": 6, "worker_id": "85754537-d2d5-4d0e-b268-475f6bc0d850-140220996876096", "trial_id": 1, "state": 1, "values": [0.44709494003353356], "datetime_complete": "2024-09-01T08:54:38.965676"}
{"op_code": 4, "worker_id": "85754537-d2d5-4d0e-b268-475f6bc0d850-140220996876096", "study_id": 0, "datetime_start": "2024-09-01T08:54:38.991196"}
{"op_code": 5, "worker_id": "85754537-d2d5-4d0e-b268-475f6bc0d850-140220996876096", "trial_id": 2, "param_name": "lr", "param_value_internal": 2.0513382630874486e-05, "distribution": "{\"name\": \"FloatDistribution\", \"attributes\": {\"step\": null, \"low\": 1e-05, \"high\": 0.001, \"log\": true}}"}
{"op_code": 5, "worker_id": "85754537-d2d5-4d0e-b268-475f6bc0d850-140220996876096", "trial_id": 2, "param_name": "l2reg", "param_value_internal": 6.02521573620385e-08, "distribution": "{\"name\": \"FloatDistribution\", \"attributes\": {\"step\": null, \"low\": 1e-08, \"high\": 0.001, \"log\": true}}"}
{"op_code": 5, "worker_id": "85754537-d2d5-4d0e-b268-475f6bc0d850-140220996876096", "trial_id": 2, "param_name": "random_seed", "param_value_internal": 0, "distribution": "{\"name\": \"CategoricalDistribution\", \"attributes\": {\"choices\": [42]}}"}
{"op_code": 5, "worker_id": "85754537-d2d5-4d0e-b268-475f6bc0d850-140220996876096", "trial_id": 2, "param_name": "degree", "param_value_internal": 0, "distribution": "{\"name\": \"CategoricalDistribution\", \"attributes\": {\"choices\": [0]}}"}
{"op_code": 8, "worker_id": "85754537-d2d5-4d0e-b268-475f6bc0d850-140220996876096", "trial_id": 2, "user_attr": {"best_epoch": 9}}
{"op_code": 8, "worker_id": "85754537-d2d5-4d0e-b268-475f6bc0d850-140220996876096", "trial_id": 2, "user_attr": {"test_loss": 0.4529809079996378}}
{"op_code": 6, "worker_id": "85754537-d2d5-4d0e-b268-475f6bc0d850-140220996876096", "trial_id": 2, "state": 1, "values": [0.4482617054481375], "datetime_complete": "2024-09-01T09:31:14.435328"}
{"op_code": 4, "worker_id": "85754537-d2d5-4d0e-b268-475f6bc0d850-140220996876096", "study_id": 0, "datetime_start": "2024-09-01T09:31:14.446332"}
{"op_code": 5, "worker_id": "85754537-d2d5-4d0e-b268-475f6bc0d850-140220996876096", "trial_id": 3, "param_name": "lr", "param_value_internal": 1.3066739238053272e-05, "distribution": "{\"name\": \"FloatDistribution\", \"attributes\": {\"step\": null, \"low\": 1e-05, \"high\": 0.001, \"log\": true}}"}
{"op_code": 5, "worker_id": "85754537-d2d5-4d0e-b268-475f6bc0d850-140220996876096", "trial_id": 3, "param_name": "l2reg", "param_value_internal": 0.00021423021757741048, "distribution": "{\"name\": \"FloatDistribution\", \"attributes\": {\"step\": null, \"low\": 1e-08, \"high\": 0.001, \"log\": true}}"}
{"op_code": 5, "worker_id": "85754537-d2d5-4d0e-b268-475f6bc0d850-140220996876096", "trial_id": 3, "param_name": "random_seed", "param_value_internal": 0, "distribution": "{\"name\": \"CategoricalDistribution\", \"attributes\": {\"choices\": [42]}}"}
{"op_code": 5, "worker_id": "85754537-d2d5-4d0e-b268-475f6bc0d850-140220996876096", "trial_id": 3, "param_name": "degree", "param_value_internal": 0, "distribution": "{\"name\": \"CategoricalDistribution\", \"attributes\": {\"choices\": [0]}}"}
{"op_code": 8, "worker_id": "85754537-d2d5-4d0e-b268-475f6bc0d850-140220996876096", "trial_id": 3, "user_attr": {"best_epoch": 9}}
{"op_code": 8, "worker_id": "85754537-d2d5-4d0e-b268-475f6bc0d850-140220996876096", "trial_id": 3, "user_attr": {"test_loss": 0.45498864729404903}}
{"op_code": 6, "worker_id": "85754537-d2d5-4d0e-b268-475f6bc0d850-140220996876096", "trial_id": 3, "state": 1, "values": [0.4503720226733408], "datetime_complete": "2024-09-01T10:07:51.708200"}
{"op_code": 4, "worker_id": "85754537-d2d5-4d0e-b268-475f6bc0d850-140220996876096", "study_id": 0, "datetime_start": "2024-09-01T10:07:51.716619"}
{"op_code": 5, "worker_id": "85754537-d2d5-4d0e-b268-475f6bc0d850-140220996876096", "trial_id": 4, "param_name": "lr", "param_value_internal": 0.00015930522616241006, "distribution": "{\"name\": \"FloatDistribution\", \"attributes\": {\"step\": null, \"low\": 1e-05, \"high\": 0.001, \"log\": true}}"}
{"op_code": 5, "worker_id": "85754537-d2d5-4d0e-b268-475f6bc0d850-140220996876096", "trial_id": 4, "param_name": "l2reg", "param_value_internal": 3.47026698865041e-05, "distribution": "{\"name\": \"FloatDistribution\", \"attributes\": {\"step\": null, \"low\": 1e-08, \"high\": 0.001, \"log\": true}}"}
{"op_code": 5, "worker_id": "85754537-d2d5-4d0e-b268-475f6bc0d850-140220996876096", "trial_id": 4, "param_name": "random_seed", "param_value_internal": 0, "distribution": "{\"name\": \"CategoricalDistribution\", \"attributes\": {\"choices\": [42]}}"}
{"op_code": 5, "worker_id": "85754537-d2d5-4d0e-b268-475f6bc0d850-140220996876096", "trial_id": 4, "param_name": "degree", "param_value_internal": 0, "distribution": "{\"name\": \"CategoricalDistribution\", \"attributes\": {\"choices\": [0]}}"}
{"op_code": 8, "worker_id": "85754537-d2d5-4d0e-b268-475f6bc0d850-140220996876096", "trial_id": 4, "user_attr": {"best_epoch": 1}}
{"op_code": 8, "worker_id": "85754537-d2d5-4d0e-b268-475f6bc0d850-140220996876096", "trial_id": 4, "user_attr": {"test_loss": 0.45102951611925435}}
{"op_code": 6, "worker_id": "85754537-d2d5-4d0e-b268-475f6bc0d850-140220996876096", "trial_id": 4, "state": 1, "values": [0.4463784194018318], "datetime_complete": "2024-09-01T10:26:56.688653"}
{"op_code": 4, "worker_id": "85754537-d2d5-4d0e-b268-475f6bc0d850-140220996876096", "study_id": 0, "datetime_start": "2024-09-01T10:26:56.696986"}
{"op_code": 5, "worker_id": "85754537-d2d5-4d0e-b268-475f6bc0d850-140220996876096", "trial_id": 5, "param_name": "lr", "param_value_internal": 1.0994335574766187e-05, "distribution": "{\"name\": \"FloatDistribution\", \"attributes\": {\"step\": null, \"low\": 1e-05, \"high\": 0.001, \"log\": true}}"}
{"op_code": 5, "worker_id": "85754537-d2d5-4d0e-b268-475f6bc0d850-140220996876096", "trial_id": 5, "param_name": "l2reg", "param_value_internal": 0.0007072114131472234, "distribution": "{\"name\": \"FloatDistribution\", \"attributes\": {\"step\": null, \"low\": 1e-08, \"high\": 0.001, \"log\": true}}"}
{"op_code": 5, "worker_id": "85754537-d2d5-4d0e-b268-475f6bc0d850-140220996876096", "trial_id": 5, "param_name": "random_seed", "param_value_internal": 0, "distribution": "{\"name\": \"CategoricalDistribution\", \"attributes\": {\"choices\": [42]}}"}
{"op_code": 5, "worker_id": "85754537-d2d5-4d0e-b268-475f6bc0d850-140220996876096", "trial_id": 5, "param_name": "degree", "param_value_internal": 0, "distribution": "{\"name\": \"CategoricalDistribution\", \"attributes\": {\"choices\": [0]}}"}
{"op_code": 8, "worker_id": "85754537-d2d5-4d0e-b268-475f6bc0d850-140220996876096", "trial_id": 5, "user_attr": {"best_epoch": 9}}
{"op_code": 8, "worker_id": "85754537-d2d5-4d0e-b268-475f6bc0d850-140220996876096", "trial_id": 5, "user_attr": {"test_loss": 0.4558381341889996}}
{"op_code": 6, "worker_id": "85754537-d2d5-4d0e-b268-475f6bc0d850-140220996876096", "trial_id": 5, "state": 1, "values": [0.4512489959778031], "datetime_complete": "2024-09-01T11:03:12.720255"}
{"op_code": 4, "worker_id": "85754537-d2d5-4d0e-b268-475f6bc0d850-140220996876096", "study_id": 0, "datetime_start": "2024-09-01T11:03:12.728918"}
{"op_code": 5, "worker_id": "85754537-d2d5-4d0e-b268-475f6bc0d850-140220996876096", "trial_id": 6, "param_name": "lr", "param_value_internal": 0.000462258900102083, "distribution": "{\"name\": \"FloatDistribution\", \"attributes\": {\"step\": null, \"low\": 1e-05, \"high\": 0.001, \"log\": true}}"}
{"op_code": 5, "worker_id": "85754537-d2d5-4d0e-b268-475f6bc0d850-140220996876096", "trial_id": 6, "param_name": "l2reg", "param_value_internal": 1.1526449540315595e-07, "distribution": "{\"name\": \"FloatDistribution\", \"attributes\": {\"step\": null, \"low\": 1e-08, \"high\": 0.001, \"log\": true}}"}
{"op_code": 5, "worker_id": "85754537-d2d5-4d0e-b268-475f6bc0d850-140220996876096", "trial_id": 6, "param_name": "random_seed", "param_value_internal": 0, "distribution": "{\"name\": \"CategoricalDistribution\", \"attributes\": {\"choices\": [42]}}"}
{"op_code": 5, "worker_id": "85754537-d2d5-4d0e-b268-475f6bc0d850-140220996876096", "trial_id": 6, "param_name": "degree", "param_value_internal": 0, "distribution": "{\"name\": \"CategoricalDistribution\", \"attributes\": {\"choices\": [0]}}"}
{"op_code": 8, "worker_id": "85754537-d2d5-4d0e-b268-475f6bc0d850-140220996876096", "trial_id": 6, "user_attr": {"best_epoch": 0}}
{"op_code": 8, "worker_id": "85754537-d2d5-4d0e-b268-475f6bc0d850-140220996876096", "trial_id": 6, "user_attr": {"test_loss": 0.45145483220305105}}
{"op_code": 6, "worker_id": "85754537-d2d5-4d0e-b268-475f6bc0d850-140220996876096", "trial_id": 6, "state": 1, "values": [0.44691803361298343], "datetime_complete": "2024-09-01T11:18:31.031942"}
{"op_code": 4, "worker_id": "85754537-d2d5-4d0e-b268-475f6bc0d850-140220996876096", "study_id": 0, "datetime_start": "2024-09-01T11:18:31.040730"}
{"op_code": 5, "worker_id": "85754537-d2d5-4d0e-b268-475f6bc0d850-140220996876096", "trial_id": 7, "param_name": "lr", "param_value_internal": 2.3102018878452926e-05, "distribution": "{\"name\": \"FloatDistribution\", \"attributes\": {\"step\": null, \"low\": 1e-05, \"high\": 0.001, \"log\": true}}"}
{"op_code": 5, "worker_id": "85754537-d2d5-4d0e-b268-475f6bc0d850-140220996876096", "trial_id": 7, "param_name": "l2reg", "param_value_internal": 8.260808399079588e-08, "distribution": "{\"name\": \"FloatDistribution\", \"attributes\": {\"step\": null, \"low\": 1e-08, \"high\": 0.001, \"log\": true}}"}
{"op_code": 5, "worker_id": "85754537-d2d5-4d0e-b268-475f6bc0d850-140220996876096", "trial_id": 7, "param_name": "random_seed", "param_value_internal": 0, "distribution": "{\"name\": \"CategoricalDistribution\", \"attributes\": {\"choices\": [42]}}"}
{"op_code": 5, "worker_id": "85754537-d2d5-4d0e-b268-475f6bc0d850-140220996876096", "trial_id": 7, "param_name": "degree", "param_value_internal": 0, "distribution": "{\"name\": \"CategoricalDistribution\", \"attributes\": {\"choices\": [0]}}"}
{"op_code": 8, "worker_id": "85754537-d2d5-4d0e-b268-475f6bc0d850-140220996876096", "trial_id": 7, "user_attr": {"best_epoch": 9}}
{"op_code": 8, "worker_id": "85754537-d2d5-4d0e-b268-475f6bc0d850-140220996876096", "trial_id": 7, "user_attr": {"test_loss": 0.45274223318086954}}
{"op_code": 6, "worker_id": "85754537-d2d5-4d0e-b268-475f6bc0d850-140220996876096", "trial_id": 7, "state": 1, "values": [0.44797653260361664], "datetime_complete": "2024-09-01T11:54:34.421938"}
{"op_code": 4, "worker_id": "85754537-d2d5-4d0e-b268-475f6bc0d850-140220996876096", "study_id": 0, "datetime_start": "2024-09-01T11:54:34.430461"}
{"op_code": 5, "worker_id": "85754537-d2d5-4d0e-b268-475f6bc0d850-140220996876096", "trial_id": 8, "param_name": "lr", "param_value_internal": 4.059611610484306e-05, "distribution": "{\"name\": \"FloatDistribution\", \"attributes\": {\"step\": null, \"low\": 1e-05, \"high\": 0.001, \"log\": true}}"}
{"op_code": 5, "worker_id": "85754537-d2d5-4d0e-b268-475f6bc0d850-140220996876096", "trial_id": 8, "param_name": "l2reg", "param_value_internal": 4.2051564509138674e-06, "distribution": "{\"name\": \"FloatDistribution\", \"attributes\": {\"step\": null, \"low\": 1e-08, \"high\": 0.001, \"log\": true}}"}
{"op_code": 5, "worker_id": "85754537-d2d5-4d0e-b268-475f6bc0d850-140220996876096", "trial_id": 8, "param_name": "random_seed", "param_value_internal": 0, "distribution": "{\"name\": \"CategoricalDistribution\", \"attributes\": {\"choices\": [42]}}"}
{"op_code": 5, "worker_id": "85754537-d2d5-4d0e-b268-475f6bc0d850-140220996876096", "trial_id": 8, "param_name": "degree", "param_value_internal": 0, "distribution": "{\"name\": \"CategoricalDistribution\", \"attributes\": {\"choices\": [0]}}"}
{"op_code": 8, "worker_id": "85754537-d2d5-4d0e-b268-475f6bc0d850-140220996876096", "trial_id": 8, "user_attr": {"best_epoch": 5}}
{"op_code": 8, "worker_id": "85754537-d2d5-4d0e-b268-475f6bc0d850-140220996876096", "trial_id": 8, "user_attr": {"test_loss": 0.4523410059983273}}
{"op_code": 6, "worker_id": "85754537-d2d5-4d0e-b268-475f6bc0d850-140220996876096", "trial_id": 8, "state": 1, "values": [0.44762817889461354], "datetime_complete": "2024-09-01T12:27:09.239109"}
{"op_code": 4, "worker_id": "85754537-d2d5-4d0e-b268-475f6bc0d850-140220996876096", "study_id": 0, "datetime_start": "2024-09-01T12:27:09.252261"}
{"op_code": 5, "worker_id": "85754537-d2d5-4d0e-b268-475f6bc0d850-140220996876096", "trial_id": 9, "param_name": "lr", "param_value_internal": 7.309539835912905e-05, "distribution": "{\"name\": \"FloatDistribution\", \"attributes\": {\"step\": null, \"low\": 1e-05, \"high\": 0.001, \"log\": true}}"}
{"op_code": 5, "worker_id": "85754537-d2d5-4d0e-b268-475f6bc0d850-140220996876096", "trial_id": 9, "param_name": "l2reg", "param_value_internal": 2.8585493941961875e-07, "distribution": "{\"name\": \"FloatDistribution\", \"attributes\": {\"step\": null, \"low\": 1e-08, \"high\": 0.001, \"log\": true}}"}
{"op_code": 5, "worker_id": "85754537-d2d5-4d0e-b268-475f6bc0d850-140220996876096", "trial_id": 9, "param_name": "random_seed", "param_value_internal": 0, "distribution": "{\"name\": \"CategoricalDistribution\", \"attributes\": {\"choices\": [42]}}"}
{"op_code": 5, "worker_id": "85754537-d2d5-4d0e-b268-475f6bc0d850-140220996876096", "trial_id": 9, "param_name": "degree", "param_value_internal": 0, "distribution": "{\"name\": \"CategoricalDistribution\", \"attributes\": {\"choices\": [0]}}"}
{"op_code": 8, "worker_id": "85754537-d2d5-4d0e-b268-475f6bc0d850-140220996876096", "trial_id": 9, "user_attr": {"best_epoch": 3}}
{"op_code": 8, "worker_id": "85754537-d2d5-4d0e-b268-475f6bc0d850-140220996876096", "trial_id": 9, "user_attr": {"test_loss": 0.4519790998431893}}
{"op_code": 6, "worker_id": "85754537-d2d5-4d0e-b268-475f6bc0d850-140220996876096", "trial_id": 9, "state": 1, "values": [0.44725840859045973], "datetime_complete": "2024-09-01T12:52:40.303748"}
{"op_code": 4, "worker_id": "85754537-d2d5-4d0e-b268-475f6bc0d850-140220996876096", "study_id": 0, "datetime_start": "2024-09-01T12:52:40.311917"}
{"op_code": 5, "worker_id": "85754537-d2d5-4d0e-b268-475f6bc0d850-140220996876096", "trial_id": 10, "param_name": "lr", "param_value_internal": 0.00018471184590376964, "distribution": "{\"name\": \"FloatDistribution\", \"attributes\": {\"step\": null, \"low\": 1e-05, \"high\": 0.001, \"log\": true}}"}
{"op_code": 5, "worker_id": "85754537-d2d5-4d0e-b268-475f6bc0d850-140220996876096", "trial_id": 10, "param_name": "l2reg", "param_value_internal": 3.8521646942747446e-05, "distribution": "{\"name\": \"FloatDistribution\", \"attributes\": {\"step\": null, \"low\": 1e-08, \"high\": 0.001, \"log\": true}}"}
{"op_code": 5, "worker_id": "85754537-d2d5-4d0e-b268-475f6bc0d850-140220996876096", "trial_id": 10, "param_name": "random_seed", "param_value_internal": 0, "distribution": "{\"name\": \"CategoricalDistribution\", \"attributes\": {\"choices\": [42]}}"}
{"op_code": 5, "worker_id": "85754537-d2d5-4d0e-b268-475f6bc0d850-140220996876096", "trial_id": 10, "param_name": "degree", "param_value_internal": 0, "distribution": "{\"name\": \"CategoricalDistribution\", \"attributes\": {\"choices\": [0]}}"}
{"op_code": 8, "worker_id": "85754537-d2d5-4d0e-b268-475f6bc0d850-140220996876096", "trial_id": 10, "user_attr": {"best_epoch": 1}}
{"op_code": 8, "worker_id": "85754537-d2d5-4d0e-b268-475f6bc0d850-140220996876096", "trial_id": 10, "user_attr": {"test_loss": 0.45113667546286956}}
{"op_code": 6, "worker_id": "85754537-d2d5-4d0e-b268-475f6bc0d850-140220996876096", "trial_id": 10, "state": 1, "values": [0.44645996280155026], "datetime_complete": "2024-09-01T13:11:21.976460"}
{"op_code": 4, "worker_id": "85754537-d2d5-4d0e-b268-475f6bc0d850-140220996876096", "study_id": 0, "datetime_start": "2024-09-01T13:11:21.984923"}
{"op_code": 5, "worker_id": "85754537-d2d5-4d0e-b268-475f6bc0d850-140220996876096", "trial_id": 11, "param_name": "lr", "param_value_internal": 0.00015320252245209042, "distribution": "{\"name\": \"FloatDistribution\", \"attributes\": {\"step\": null, \"low\": 1e-05, \"high\": 0.001, \"log\": true}}"}
{"op_code": 5, "worker_id": "85754537-d2d5-4d0e-b268-475f6bc0d850-140220996876096", "trial_id": 11, "param_name": "l2reg", "param_value_internal": 4.011123221868182e-05, "distribution": "{\"name\": \"FloatDistribution\", \"attributes\": {\"step\": null, \"low\": 1e-08, \"high\": 0.001, \"log\": true}}"}
{"op_code": 5, "worker_id": "85754537-d2d5-4d0e-b268-475f6bc0d850-140220996876096", "trial_id": 11, "param_name": "random_seed", "param_value_internal": 0, "distribution": "{\"name\": \"CategoricalDistribution\", \"attributes\": {\"choices\": [42]}}"}
{"op_code": 5, "worker_id": "85754537-d2d5-4d0e-b268-475f6bc0d850-140220996876096", "trial_id": 11, "param_name": "degree", "param_value_internal": 0, "distribution": "{\"name\": \"CategoricalDistribution\", \"attributes\": {\"choices\": [0]}}"}
{"op_code": 8, "worker_id": "85754537-d2d5-4d0e-b268-475f6bc0d850-140220996876096", "trial_id": 11, "user_attr": {"best_epoch": 1}}
{"op_code": 8, "worker_id": "85754537-d2d5-4d0e-b268-475f6bc0d850-140220996876096", "trial_id": 11, "user_attr": {"test_loss": 0.4510286762526496}}
{"op_code": 6, "worker_id": "85754537-d2d5-4d0e-b268-475f6bc0d850-140220996876096", "trial_id": 11, "state": 1, "values": [0.44638460387315876], "datetime_complete": "2024-09-01T13:30:03.302903"}
{"op_code": 4, "worker_id": "85754537-d2d5-4d0e-b268-475f6bc0d850-140220996876096", "study_id": 0, "datetime_start": "2024-09-01T13:30:03.312939"}
{"op_code": 5, "worker_id": "85754537-d2d5-4d0e-b268-475f6bc0d850-140220996876096", "trial_id": 12, "param_name": "lr", "param_value_internal": 0.0001458251474269136, "distribution": "{\"name\": \"FloatDistribution\", \"attributes\": {\"step\": null, \"low\": 1e-05, \"high\": 0.001, \"log\": true}}"}
{"op_code": 5, "worker_id": "85754537-d2d5-4d0e-b268-475f6bc0d850-140220996876096", "trial_id": 12, "param_name": "l2reg", "param_value_internal": 4.634380861758262e-05, "distribution": "{\"name\": \"FloatDistribution\", \"attributes\": {\"step\": null, \"low\": 1e-08, \"high\": 0.001, \"log\": true}}"}
{"op_code": 5, "worker_id": "85754537-d2d5-4d0e-b268-475f6bc0d850-140220996876096", "trial_id": 12, "param_name": "random_seed", "param_value_internal": 0, "distribution": "{\"name\": \"CategoricalDistribution\", \"attributes\": {\"choices\": [42]}}"}
{"op_code": 5, "worker_id": "85754537-d2d5-4d0e-b268-475f6bc0d850-140220996876096", "trial_id": 12, "param_name": "degree", "param_value_internal": 0, "distribution": "{\"name\": \"CategoricalDistribution\", \"attributes\": {\"choices\": [0]}}"}
{"op_code": 8, "worker_id": "85754537-d2d5-4d0e-b268-475f6bc0d850-140220996876096", "trial_id": 12, "user_attr": {"best_epoch": 1}}
{"op_code": 8, "worker_id": "85754537-d2d5-4d0e-b268-475f6bc0d850-140220996876096", "trial_id": 12, "user_attr": {"test_loss": 0.45104711514219936}}
{"op_code": 6, "worker_id": "85754537-d2d5-4d0e-b268-475f6bc0d850-140220996876096", "trial_id": 12, "state": 1, "values": [0.4464109833156707], "datetime_complete": "2024-09-01T13:48:43.220873"}
{"op_code": 4, "worker_id": "85754537-d2d5-4d0e-b268-475f6bc0d850-140220996876096", "study_id": 0, "datetime_start": "2024-09-01T13:48:43.229217"}
{"op_code": 5, "worker_id": "85754537-d2d5-4d0e-b268-475f6bc0d850-140220996876096", "trial_id": 13, "param_name": "lr", "param_value_internal": 0.0007344264023066013, "distribution": "{\"name\": \"FloatDistribution\", \"attributes\": {\"step\": null, \"low\": 1e-05, \"high\": 0.001, \"log\": true}}"}
{"op_code": 5, "worker_id": "85754537-d2d5-4d0e-b268-475f6bc0d850-140220996876096", "trial_id": 13, "param_name": "l2reg", "param_value_internal": 9.167785859319847e-07, "distribution": "{\"name\": \"FloatDistribution\", \"attributes\": {\"step\": null, \"low\": 1e-08, \"high\": 0.001, \"log\": true}}"}
{"op_code": 5, "worker_id": "85754537-d2d5-4d0e-b268-475f6bc0d850-140220996876096", "trial_id": 13, "param_name": "random_seed", "param_value_internal": 0, "distribution": "{\"name\": \"CategoricalDistribution\", \"attributes\": {\"choices\": [42]}}"}
{"op_code": 5, "worker_id": "85754537-d2d5-4d0e-b268-475f6bc0d850-140220996876096", "trial_id": 13, "param_name": "degree", "param_value_internal": 0, "distribution": "{\"name\": \"CategoricalDistribution\", \"attributes\": {\"choices\": [0]}}"}
{"op_code": 8, "worker_id": "85754537-d2d5-4d0e-b268-475f6bc0d850-140220996876096", "trial_id": 13, "user_attr": {"best_epoch": 0}}
{"op_code": 8, "worker_id": "85754537-d2d5-4d0e-b268-475f6bc0d850-140220996876096", "trial_id": 13, "user_attr": {"test_loss": 0.4513948199165661}}
{"op_code": 6, "worker_id": "85754537-d2d5-4d0e-b268-475f6bc0d850-140220996876096", "trial_id": 13, "state": 1, "values": [0.4468529439610546], "datetime_complete": "2024-09-01T14:03:59.850906"}
{"op_code": 4, "worker_id": "85754537-d2d5-4d0e-b268-475f6bc0d850-140220996876096", "study_id": 0, "datetime_start": "2024-09-01T14:03:59.859400"}
{"op_code": 5, "worker_id": "85754537-d2d5-4d0e-b268-475f6bc0d850-140220996876096", "trial_id": 14, "param_name": "lr", "param_value_internal": 0.00012275891404132035, "distribution": "{\"name\": \"FloatDistribution\", \"attributes\": {\"step\": null, \"low\": 1e-05, \"high\": 0.001, \"log\": true}}"}
{"op_code": 5, "worker_id": "85754537-d2d5-4d0e-b268-475f6bc0d850-140220996876096", "trial_id": 14, "param_name": "l2reg", "param_value_internal": 1.163814228102759e-08, "distribution": "{\"name\": \"FloatDistribution\", \"attributes\": {\"step\": null, \"low\": 1e-08, \"high\": 0.001, \"log\": true}}"}
{"op_code": 5, "worker_id": "85754537-d2d5-4d0e-b268-475f6bc0d850-140220996876096", "trial_id": 14, "param_name": "random_seed", "param_value_internal": 0, "distribution": "{\"name\": \"CategoricalDistribution\", \"attributes\": {\"choices\": [42]}}"}
{"op_code": 5, "worker_id": "85754537-d2d5-4d0e-b268-475f6bc0d850-140220996876096", "trial_id": 14, "param_name": "degree", "param_value_internal": 0, "distribution": "{\"name\": \"CategoricalDistribution\", \"attributes\": {\"choices\": [0]}}"}
{"op_code": 8, "worker_id": "85754537-d2d5-4d0e-b268-475f6bc0d850-140220996876096", "trial_id": 14, "user_attr": {"best_epoch": 1}}
{"op_code": 8, "worker_id": "85754537-d2d5-4d0e-b268-475f6bc0d850-140220996876096", "trial_id": 14, "user_attr": {"test_loss": 0.4512867825305914}}
{"op_code": 6, "worker_id": "85754537-d2d5-4d0e-b268-475f6bc0d850-140220996876096", "trial_id": 14, "state": 1, "values": [0.44667363246832176], "datetime_complete": "2024-09-01T14:22:42.606362"}
{"op_code": 4, "worker_id": "85754537-d2d5-4d0e-b268-475f6bc0d850-140220996876096", "study_id": 0, "datetime_start": "2024-09-01T14:22:42.614684"}
{"op_code": 5, "worker_id": "85754537-d2d5-4d0e-b268-475f6bc0d850-140220996876096", "trial_id": 15, "param_name": "lr", "param_value_internal": 0.0002733762389478881, "distribution": "{\"name\": \"FloatDistribution\", \"attributes\": {\"step\": null, \"low\": 1e-05, \"high\": 0.001, \"log\": true}}"}
{"op_code": 5, "worker_id": "85754537-d2d5-4d0e-b268-475f6bc0d850-140220996876096", "trial_id": 15, "param_name": "l2reg", "param_value_internal": 4.402674821552163e-05, "distribution": "{\"name\": \"FloatDistribution\", \"attributes\": {\"step\": null, \"low\": 1e-08, \"high\": 0.001, \"log\": true}}"}
{"op_code": 5, "worker_id": "85754537-d2d5-4d0e-b268-475f6bc0d850-140220996876096", "trial_id": 15, "param_name": "random_seed", "param_value_internal": 0, "distribution": "{\"name\": \"CategoricalDistribution\", \"attributes\": {\"choices\": [42]}}"}
{"op_code": 5, "worker_id": "85754537-d2d5-4d0e-b268-475f6bc0d850-140220996876096", "trial_id": 15, "param_name": "degree", "param_value_internal": 0, "distribution": "{\"name\": \"CategoricalDistribution\", \"attributes\": {\"choices\": [0]}}"}
{"op_code": 8, "worker_id": "85754537-d2d5-4d0e-b268-475f6bc0d850-140220996876096", "trial_id": 15, "user_attr": {"best_epoch": 0}}
{"op_code": 8, "worker_id": "85754537-d2d5-4d0e-b268-475f6bc0d850-140220996876096", "trial_id": 15, "user_attr": {"test_loss": 0.4517029746090001}}
{"op_code": 6, "worker_id": "85754537-d2d5-4d0e-b268-475f6bc0d850-140220996876096", "trial_id": 15, "state": 1, "values": [0.44716155671541963], "datetime_complete": "2024-09-01T14:37:53.929957"}
{"op_code": 4, "worker_id": "85754537-d2d5-4d0e-b268-475f6bc0d850-140220996876096", "study_id": 0, "datetime_start": "2024-09-01T14:37:53.938897"}
{"op_code": 5, "worker_id": "85754537-d2d5-4d0e-b268-475f6bc0d850-140220996876096", "trial_id": 16, "param_name": "lr", "param_value_internal": 8.407931655574884e-05, "distribution": "{\"name\": \"FloatDistribution\", \"attributes\": {\"step\": null, \"low\": 1e-05, \"high\": 0.001, \"log\": true}}"}
{"op_code": 5, "worker_id": "85754537-d2d5-4d0e-b268-475f6bc0d850-140220996876096", "trial_id": 16, "param_name": "l2reg", "param_value_internal": 1.0143276990934137e-05, "distribution": "{\"name\": \"FloatDistribution\", \"attributes\": {\"step\": null, \"low\": 1e-08, \"high\": 0.001, \"log\": true}}"}
{"op_code": 5, "worker_id": "85754537-d2d5-4d0e-b268-475f6bc0d850-140220996876096", "trial_id": 16, "param_name": "random_seed", "param_value_internal": 0, "distribution": "{\"name\": \"CategoricalDistribution\", \"attributes\": {\"choices\": [42]}}"}
{"op_code": 5, "worker_id": "85754537-d2d5-4d0e-b268-475f6bc0d850-140220996876096", "trial_id": 16, "param_name": "degree", "param_value_internal": 0, "distribution": "{\"name\": \"CategoricalDistribution\", \"attributes\": {\"choices\": [0]}}"}
{"op_code": 8, "worker_id": "85754537-d2d5-4d0e-b268-475f6bc0d850-140220996876096", "trial_id": 16, "user_attr": {"best_epoch": 2}}
{"op_code": 8, "worker_id": "85754537-d2d5-4d0e-b268-475f6bc0d850-140220996876096", "trial_id": 16, "user_attr": {"test_loss": 0.45171320571127616}}
{"op_code": 6, "worker_id": "85754537-d2d5-4d0e-b268-475f6bc0d850-140220996876096", "trial_id": 16, "state": 1, "values": [0.44712933638332114], "datetime_complete": "2024-09-01T15:00:02.212253"}
{"op_code": 4, "worker_id": "85754537-d2d5-4d0e-b268-475f6bc0d850-140220996876096", "study_id": 0, "datetime_start": "2024-09-01T15:00:02.222739"}
{"op_code": 5, "worker_id": "85754537-d2d5-4d0e-b268-475f6bc0d850-140220996876096", "trial_id": 17, "param_name": "lr", "param_value_internal": 0.0009129978603227824, "distribution": "{\"name\": \"FloatDistribution\", \"attributes\": {\"step\": null, \"low\": 1e-05, \"high\": 0.001, \"log\": true}}"}
{"op_code": 5, "worker_id": "85754537-d2d5-4d0e-b268-475f6bc0d850-140220996876096", "trial_id": 17, "param_name": "l2reg", "param_value_internal": 0.00011816826115310131, "distribution": "{\"name\": \"FloatDistribution\", \"attributes\": {\"step\": null, \"low\": 1e-08, \"high\": 0.001, \"log\": true}}"}
{"op_code": 5, "worker_id": "85754537-d2d5-4d0e-b268-475f6bc0d850-140220996876096", "trial_id": 17, "param_name": "random_seed", "param_value_internal": 0, "distribution": "{\"name\": \"CategoricalDistribution\", \"attributes\": {\"choices\": [42]}}"}
{"op_code": 5, "worker_id": "85754537-d2d5-4d0e-b268-475f6bc0d850-140220996876096", "trial_id": 17, "param_name": "degree", "param_value_internal": 0, "distribution": "{\"name\": \"CategoricalDistribution\", \"attributes\": {\"choices\": [0]}}"}
{"op_code": 8, "worker_id": "85754537-d2d5-4d0e-b268-475f6bc0d850-140220996876096", "trial_id": 17, "user_attr": {"best_epoch": 0}}
{"op_code": 8, "worker_id": "85754537-d2d5-4d0e-b268-475f6bc0d850-140220996876096", "trial_id": 17, "user_attr": {"test_loss": 0.45150018499970757}}
{"op_code": 6, "worker_id": "85754537-d2d5-4d0e-b268-475f6bc0d850-140220996876096", "trial_id": 17, "state": 1, "values": [0.4469537279382347], "datetime_complete": "2024-09-01T15:15:20.437982"}
{"op_code": 4, "worker_id": "85754537-d2d5-4d0e-b268-475f6bc0d850-140220996876096", "study_id": 0, "datetime_start": "2024-09-01T15:15:20.446602"}
{"op_code": 5, "worker_id": "85754537-d2d5-4d0e-b268-475f6bc0d850-140220996876096", "trial_id": 18, "param_name": "lr", "param_value_internal": 0.00023976227274240743, "distribution": "{\"name\": \"FloatDistribution\", \"attributes\": {\"step\": null, \"low\": 1e-05, \"high\": 0.001, \"log\": true}}"}
{"op_code": 5, "worker_id": "85754537-d2d5-4d0e-b268-475f6bc0d850-140220996876096", "trial_id": 18, "param_name": "l2reg", "param_value_internal": 1.943488616247948e-06, "distribution": "{\"name\": \"FloatDistribution\", \"attributes\": {\"step\": null, \"low\": 1e-08, \"high\": 0.001, \"log\": true}}"}
{"op_code": 5, "worker_id": "85754537-d2d5-4d0e-b268-475f6bc0d850-140220996876096", "trial_id": 18, "param_name": "random_seed", "param_value_internal": 0, "distribution": "{\"name\": \"CategoricalDistribution\", \"attributes\": {\"choices\": [42]}}"}
{"op_code": 5, "worker_id": "85754537-d2d5-4d0e-b268-475f6bc0d850-140220996876096", "trial_id": 18, "param_name": "degree", "param_value_internal": 0, "distribution": "{\"name\": \"CategoricalDistribution\", \"attributes\": {\"choices\": [0]}}"}
{"op_code": 8, "worker_id": "85754537-d2d5-4d0e-b268-475f6bc0d850-140220996876096", "trial_id": 18, "user_attr": {"best_epoch": 1}}
{"op_code": 8, "worker_id": "85754537-d2d5-4d0e-b268-475f6bc0d850-140220996876096", "trial_id": 18, "user_attr": {"test_loss": 0.45160409940416807}}
{"op_code": 6, "worker_id": "85754537-d2d5-4d0e-b268-475f6bc0d850-140220996876096", "trial_id": 18, "state": 1, "values": [0.44688894369229737], "datetime_complete": "2024-09-01T15:34:04.341254"}
{"op_code": 4, "worker_id": "85754537-d2d5-4d0e-b268-475f6bc0d850-140220996876096", "study_id": 0, "datetime_start": "2024-09-01T15:34:04.356274"}
{"op_code": 5, "worker_id": "85754537-d2d5-4d0e-b268-475f6bc0d850-140220996876096", "trial_id": 19, "param_name": "lr", "param_value_internal": 0.0004414973500475081, "distribution": "{\"name\": \"FloatDistribution\", \"attributes\": {\"step\": null, \"low\": 1e-05, \"high\": 0.001, \"log\": true}}"}
{"op_code": 5, "worker_id": "85754537-d2d5-4d0e-b268-475f6bc0d850-140220996876096", "trial_id": 19, "param_name": "l2reg", "param_value_internal": 1.3275744888634099e-05, "distribution": "{\"name\": \"FloatDistribution\", \"attributes\": {\"step\": null, \"low\": 1e-08, \"high\": 0.001, \"log\": true}}"}
{"op_code": 5, "worker_id": "85754537-d2d5-4d0e-b268-475f6bc0d850-140220996876096", "trial_id": 19, "param_name": "random_seed", "param_value_internal": 0, "distribution": "{\"name\": \"CategoricalDistribution\", \"attributes\": {\"choices\": [42]}}"}
{"op_code": 5, "worker_id": "85754537-d2d5-4d0e-b268-475f6bc0d850-140220996876096", "trial_id": 19, "param_name": "degree", "param_value_internal": 0, "distribution": "{\"name\": \"CategoricalDistribution\", \"attributes\": {\"choices\": [0]}}"}
{"op_code": 8, "worker_id": "85754537-d2d5-4d0e-b268-475f6bc0d850-140220996876096", "trial_id": 19, "user_attr": {"best_epoch": 0}}
{"op_code": 8, "worker_id": "85754537-d2d5-4d0e-b268-475f6bc0d850-140220996876096", "trial_id": 19, "user_attr": {"test_loss": 0.4514693008141056}}
{"op_code": 6, "worker_id": "85754537-d2d5-4d0e-b268-475f6bc0d850-140220996876096", "trial_id": 19, "state": 1, "values": [0.4469302116768927], "datetime_complete": "2024-09-01T15:49:23.331743"}
{"op_code": 4, "worker_id": "85754537-d2d5-4d0e-b268-475f6bc0d850-140220996876096", "study_id": 0, "datetime_start": "2024-09-01T15:49:23.340152"}
{"op_code": 5, "worker_id": "85754537-d2d5-4d0e-b268-475f6bc0d850-140220996876096", "trial_id": 20, "param_name": "lr", "param_value_internal": 4.503529799447425e-05, "distribution": "{\"name\": \"FloatDistribution\", \"attributes\": {\"step\": null, \"low\": 1e-05, \"high\": 0.001, \"log\": true}}"}
{"op_code": 5, "worker_id": "85754537-d2d5-4d0e-b268-475f6bc0d850-140220996876096", "trial_id": 20, "param_name": "l2reg", "param_value_internal": 0.0001628790264041172, "distribution": "{\"name\": \"FloatDistribution\", \"attributes\": {\"step\": null, \"low\": 1e-08, \"high\": 0.001, \"log\": true}}"}
{"op_code": 5, "worker_id": "85754537-d2d5-4d0e-b268-475f6bc0d850-140220996876096", "trial_id": 20, "param_name": "random_seed", "param_value_internal": 0, "distribution": "{\"name\": \"CategoricalDistribution\", \"attributes\": {\"choices\": [42]}}"}
{"op_code": 5, "worker_id": "85754537-d2d5-4d0e-b268-475f6bc0d850-140220996876096", "trial_id": 20, "param_name": "degree", "param_value_internal": 0, "distribution": "{\"name\": \"CategoricalDistribution\", \"attributes\": {\"choices\": [0]}}"}
{"op_code": 8, "worker_id": "85754537-d2d5-4d0e-b268-475f6bc0d850-140220996876096", "trial_id": 20, "user_attr": {"best_epoch": 4}}
{"op_code": 8, "worker_id": "85754537-d2d5-4d0e-b268-475f6bc0d850-140220996876096", "trial_id": 20, "user_attr": {"test_loss": 0.45225297270784753}}
{"op_code": 6, "worker_id": "85754537-d2d5-4d0e-b268-475f6bc0d850-140220996876096", "trial_id": 20, "state": 1, "values": [0.44758630009803535], "datetime_complete": "2024-09-01T16:18:31.023500"}
{"op_code": 4, "worker_id": "85754537-d2d5-4d0e-b268-475f6bc0d850-140220996876096", "study_id": 0, "datetime_start": "2024-09-01T16:18:31.032134"}
{"op_code": 5, "worker_id": "85754537-d2d5-4d0e-b268-475f6bc0d850-140220996876096", "trial_id": 21, "param_name": "lr", "param_value_internal": 0.00012416783363064396, "distribution": "{\"name\": \"FloatDistribution\", \"attributes\": {\"step\": null, \"low\": 1e-05, \"high\": 0.001, \"log\": true}}"}
{"op_code": 5, "worker_id": "85754537-d2d5-4d0e-b268-475f6bc0d850-140220996876096", "trial_id": 21, "param_name": "l2reg", "param_value_internal": 3.923746312241624e-05, "distribution": "{\"name\": \"FloatDistribution\", \"attributes\": {\"step\": null, \"low\": 1e-08, \"high\": 0.001, \"log\": true}}"}
{"op_code": 5, "worker_id": "85754537-d2d5-4d0e-b268-475f6bc0d850-140220996876096", "trial_id": 21, "param_name": "random_seed", "param_value_internal": 0, "distribution": "{\"name\": \"CategoricalDistribution\", \"attributes\": {\"choices\": [42]}}"}
{"op_code": 5, "worker_id": "85754537-d2d5-4d0e-b268-475f6bc0d850-140220996876096", "trial_id": 21, "param_name": "degree", "param_value_internal": 0, "distribution": "{\"name\": \"CategoricalDistribution\", \"attributes\": {\"choices\": [0]}}"}
{"op_code": 8, "worker_id": "85754537-d2d5-4d0e-b268-475f6bc0d850-140220996876096", "trial_id": 21, "user_attr": {"best_epoch": 1}}
{"op_code": 8, "worker_id": "85754537-d2d5-4d0e-b268-475f6bc0d850-140220996876096", "trial_id": 21, "user_attr": {"test_loss": 0.4512625409263179}}
{"op_code": 6, "worker_id": "85754537-d2d5-4d0e-b268-475f6bc0d850-140220996876096", "trial_id": 21, "state": 1, "values": [0.4466481692437842], "datetime_complete": "2024-09-01T16:37:08.847576"}
{"op_code": 4, "worker_id": "85754537-d2d5-4d0e-b268-475f6bc0d850-140220996876096", "study_id": 0, "datetime_start": "2024-09-01T16:37:08.856299"}
{"op_code": 5, "worker_id": "85754537-d2d5-4d0e-b268-475f6bc0d850-140220996876096", "trial_id": 22, "param_name": "lr", "param_value_internal": 0.00017246610099731175, "distribution": "{\"name\": \"FloatDistribution\", \"attributes\": {\"step\": null, \"low\": 1e-05, \"high\": 0.001, \"log\": true}}"}
{"op_code": 5, "worker_id": "85754537-d2d5-4d0e-b268-475f6bc0d850-140220996876096", "trial_id": 22, "param_name": "l2reg", "param_value_internal": 7.13584607667371e-05, "distribution": "{\"name\": \"FloatDistribution\", \"attributes\": {\"step\": null, \"low\": 1e-08, \"high\": 0.001, \"log\": true}}"}
{"op_code": 5, "worker_id": "85754537-d2d5-4d0e-b268-475f6bc0d850-140220996876096", "trial_id": 22, "param_name": "random_seed", "param_value_internal": 0, "distribution": "{\"name\": \"CategoricalDistribution\", \"attributes\": {\"choices\": [42]}}"}
{"op_code": 5, "worker_id": "85754537-d2d5-4d0e-b268-475f6bc0d850-140220996876096", "trial_id": 22, "param_name": "degree", "param_value_internal": 0, "distribution": "{\"name\": \"CategoricalDistribution\", \"attributes\": {\"choices\": [0]}}"}
{"op_code": 8, "worker_id": "85754537-d2d5-4d0e-b268-475f6bc0d850-140220996876096", "trial_id": 22, "user_attr": {"best_epoch": 1}}
{"op_code": 8, "worker_id": "85754537-d2d5-4d0e-b268-475f6bc0d850-140220996876096", "trial_id": 22, "user_attr": {"test_loss": 0.4510675391709967}}
{"op_code": 6, "worker_id": "85754537-d2d5-4d0e-b268-475f6bc0d850-140220996876096", "trial_id": 22, "state": 1, "values": [0.4464033099901354], "datetime_complete": "2024-09-01T16:55:51.880508"}
{"op_code": 4, "worker_id": "85754537-d2d5-4d0e-b268-475f6bc0d850-140220996876096", "study_id": 0, "datetime_start": "2024-09-01T16:55:51.892231"}
{"op_code": 5, "worker_id": "85754537-d2d5-4d0e-b268-475f6bc0d850-140220996876096", "trial_id": 23, "param_name": "lr", "param_value_internal": 0.00017774534596192573, "distribution": "{\"name\": \"FloatDistribution\", \"attributes\": {\"step\": null, \"low\": 1e-05, \"high\": 0.001, \"log\": true}}"}
{"op_code": 5, "worker_id": "85754537-d2d5-4d0e-b268-475f6bc0d850-140220996876096", "trial_id": 23, "param_name": "l2reg", "param_value_internal": 9.880256348447401e-05, "distribution": "{\"name\": \"FloatDistribution\", \"attributes\": {\"step\": null, \"low\": 1e-08, \"high\": 0.001, \"log\": true}}"}
{"op_code": 5, "worker_id": "85754537-d2d5-4d0e-b268-475f6bc0d850-140220996876096", "trial_id": 23, "param_name": "random_seed", "param_value_internal": 0, "distribution": "{\"name\": \"CategoricalDistribution\", \"attributes\": {\"choices\": [42]}}"}
{"op_code": 5, "worker_id": "85754537-d2d5-4d0e-b268-475f6bc0d850-140220996876096", "trial_id": 23, "param_name": "degree", "param_value_internal": 0, "distribution": "{\"name\": \"CategoricalDistribution\", \"attributes\": {\"choices\": [0]}}"}
{"op_code": 8, "worker_id": "85754537-d2d5-4d0e-b268-475f6bc0d850-140220996876096", "trial_id": 23, "user_attr": {"best_epoch": 1}}
{"op_code": 8, "worker_id": "85754537-d2d5-4d0e-b268-475f6bc0d850-140220996876096", "trial_id": 23, "user_attr": {"test_loss": 0.45109418584782013}}
{"op_code": 6, "worker_id": "85754537-d2d5-4d0e-b268-475f6bc0d850-140220996876096", "trial_id": 23, "state": 1, "values": [0.44642438300354575], "datetime_complete": "2024-09-01T17:14:34.415549"}
{"op_code": 4, "worker_id": "85754537-d2d5-4d0e-b268-475f6bc0d850-140220996876096", "study_id": 0, "datetime_start": "2024-09-01T17:14:34.432066"}
{"op_code": 5, "worker_id": "85754537-d2d5-4d0e-b268-475f6bc0d850-140220996876096", "trial_id": 24, "param_name": "lr", "param_value_internal": 0.0004416208656608582, "distribution": "{\"name\": \"FloatDistribution\", \"attributes\": {\"step\": null, \"low\": 1e-05, \"high\": 0.001, \"log\": true}}"}
{"op_code": 5, "worker_id": "85754537-d2d5-4d0e-b268-475f6bc0d850-140220996876096", "trial_id": 24, "param_name": "l2reg", "param_value_internal": 2.0150165915947382e-05, "distribution": "{\"name\": \"FloatDistribution\", \"attributes\": {\"step\": null, \"low\": 1e-08, \"high\": 0.001, \"log\": true}}"}
{"op_code": 5, "worker_id": "85754537-d2d5-4d0e-b268-475f6bc0d850-140220996876096", "trial_id": 24, "param_name": "random_seed", "param_value_internal": 0, "distribution": "{\"name\": \"CategoricalDistribution\", \"attributes\": {\"choices\": [42]}}"}
{"op_code": 5, "worker_id": "85754537-d2d5-4d0e-b268-475f6bc0d850-140220996876096", "trial_id": 24, "param_name": "degree", "param_value_internal": 0, "distribution": "{\"name\": \"CategoricalDistribution\", \"attributes\": {\"choices\": [0]}}"}
{"op_code": 8, "worker_id": "85754537-d2d5-4d0e-b268-475f6bc0d850-140220996876096", "trial_id": 24, "user_attr": {"best_epoch": 0}}
{"op_code": 8, "worker_id": "85754537-d2d5-4d0e-b268-475f6bc0d850-140220996876096", "trial_id": 24, "user_attr": {"test_loss": 0.45146914811108657}}
{"op_code": 6, "worker_id": "85754537-d2d5-4d0e-b268-475f6bc0d850-140220996876096", "trial_id": 24, "state": 1, "values": [0.4469300971496459], "datetime_complete": "2024-09-01T17:29:49.820884"}
{"op_code": 4, "worker_id": "85754537-d2d5-4d0e-b268-475f6bc0d850-140220996876096", "study_id": 0, "datetime_start": "2024-09-01T17:29:49.829539"}
{"op_code": 5, "worker_id": "85754537-d2d5-4d0e-b268-475f6bc0d850-140220996876096", "trial_id": 25, "param_name": "lr", "param_value_internal": 9.928903358897827e-05, "distribution": "{\"name\": \"FloatDistribution\", \"attributes\": {\"step\": null, \"low\": 1e-05, \"high\": 0.001, \"log\": true}}"}
{"op_code": 5, "worker_id": "85754537-d2d5-4d0e-b268-475f6bc0d850-140220996876096", "trial_id": 25, "param_name": "l2reg", "param_value_internal": 4.061289986140748e-06, "distribution": "{\"name\": \"FloatDistribution\", \"attributes\": {\"step\": null, \"low\": 1e-08, \"high\": 0.001, \"log\": true}}"}
{"op_code": 5, "worker_id": "85754537-d2d5-4d0e-b268-475f6bc0d850-140220996876096", "trial_id": 25, "param_name": "random_seed", "param_value_internal": 0, "distribution": "{\"name\": \"CategoricalDistribution\", \"attributes\": {\"choices\": [42]}}"}
{"op_code": 5, "worker_id": "85754537-d2d5-4d0e-b268-475f6bc0d850-140220996876096", "trial_id": 25, "param_name": "degree", "param_value_internal": 0, "distribution": "{\"name\": \"CategoricalDistribution\", \"attributes\": {\"choices\": [0]}}"}
{"op_code": 8, "worker_id": "85754537-d2d5-4d0e-b268-475f6bc0d850-140220996876096", "trial_id": 25, "user_attr": {"best_epoch": 2}}
{"op_code": 8, "worker_id": "85754537-d2d5-4d0e-b268-475f6bc0d850-140220996876096", "trial_id": 25, "user_attr": {"test_loss": 0.45167434279292906}}
{"op_code": 6, "worker_id": "85754537-d2d5-4d0e-b268-475f6bc0d850-140220996876096", "trial_id": 25, "state": 1, "values": [0.44704947271655576], "datetime_complete": "2024-09-01T17:52:01.008711"}
{"op_code": 4, "worker_id": "85754537-d2d5-4d0e-b268-475f6bc0d850-140220996876096", "study_id": 0, "datetime_start": "2024-09-01T17:52:01.020477"}
{"op_code": 5, "worker_id": "85754537-d2d5-4d0e-b268-475f6bc0d850-140220996876096", "trial_id": 26, "param_name": "lr", "param_value_internal": 0.00019814191647007278, "distribution": "{\"name\": \"FloatDistribution\", \"attributes\": {\"step\": null, \"low\": 1e-05, \"high\": 0.001, \"log\": true}}"}
{"op_code": 5, "worker_id": "85754537-d2d5-4d0e-b268-475f6bc0d850-140220996876096", "trial_id": 26, "param_name": "l2reg", "param_value_internal": 0.00038929213842110207, "distribution": "{\"name\": \"FloatDistribution\", \"attributes\": {\"step\": null, \"low\": 1e-08, \"high\": 0.001, \"log\": true}}"}
{"op_code": 5, "worker_id": "85754537-d2d5-4d0e-b268-475f6bc0d850-140220996876096", "trial_id": 26, "param_name": "random_seed", "param_value_internal": 0, "distribution": "{\"name\": \"CategoricalDistribution\", \"attributes\": {\"choices\": [42]}}"}
{"op_code": 5, "worker_id": "85754537-d2d5-4d0e-b268-475f6bc0d850-140220996876096", "trial_id": 26, "param_name": "degree", "param_value_internal": 0, "distribution": "{\"name\": \"CategoricalDistribution\", \"attributes\": {\"choices\": [0]}}"}
{"op_code": 8, "worker_id": "85754537-d2d5-4d0e-b268-475f6bc0d850-140220996876096", "trial_id": 26, "user_attr": {"best_epoch": 1}}
{"op_code": 8, "worker_id": "85754537-d2d5-4d0e-b268-475f6bc0d850-140220996876096", "trial_id": 26, "user_attr": {"test_loss": 0.4512146303540923}}
{"op_code": 6, "worker_id": "85754537-d2d5-4d0e-b268-475f6bc0d850-140220996876096", "trial_id": 26, "state": 1, "values": [0.4465285264466318], "datetime_complete": "2024-09-01T18:10:47.160318"}
{"op_code": 4, "worker_id": "85754537-d2d5-4d0e-b268-475f6bc0d850-140220996876096", "study_id": 0, "datetime_start": "2024-09-01T18:10:47.169013"}
{"op_code": 5, "worker_id": "85754537-d2d5-4d0e-b268-475f6bc0d850-140220996876096", "trial_id": 27, "param_name": "lr", "param_value_internal": 0.00035498084525143766, "distribution": "{\"name\": \"FloatDistribution\", \"attributes\": {\"step\": null, \"low\": 1e-05, \"high\": 0.001, \"log\": true}}"}
{"op_code": 5, "worker_id": "85754537-d2d5-4d0e-b268-475f6bc0d850-140220996876096", "trial_id": 27, "param_name": "l2reg", "param_value_internal": 8.154569929246983e-05, "distribution": "{\"name\": \"FloatDistribution\", \"attributes\": {\"step\": null, \"low\": 1e-08, \"high\": 0.001, \"log\": true}}"}
{"op_code": 5, "worker_id": "85754537-d2d5-4d0e-b268-475f6bc0d850-140220996876096", "trial_id": 27, "param_name": "random_seed", "param_value_internal": 0, "distribution": "{\"name\": \"CategoricalDistribution\", \"attributes\": {\"choices\": [42]}}"}
{"op_code": 5, "worker_id": "85754537-d2d5-4d0e-b268-475f6bc0d850-140220996876096", "trial_id": 27, "param_name": "degree", "param_value_internal": 0, "distribution": "{\"name\": \"CategoricalDistribution\", \"attributes\": {\"choices\": [0]}}"}
{"op_code": 8, "worker_id": "85754537-d2d5-4d0e-b268-475f6bc0d850-140220996876096", "trial_id": 27, "user_attr": {"best_epoch": 0}}
{"op_code": 8, "worker_id": "85754537-d2d5-4d0e-b268-475f6bc0d850-140220996876096", "trial_id": 27, "user_attr": {"test_loss": 0.4515294276278548}}
{"op_code": 6, "worker_id": "85754537-d2d5-4d0e-b268-475f6bc0d850-140220996876096", "trial_id": 27, "state": 1, "values": [0.4469828560346697], "datetime_complete": "2024-09-01T18:26:00.409096"}
{"op_code": 4, "worker_id": "85754537-d2d5-4d0e-b268-475f6bc0d850-140220996876096", "study_id": 0, "datetime_start": "2024-09-01T18:26:00.417704"}
{"op_code": 5, "worker_id": "85754537-d2d5-4d0e-b268-475f6bc0d850-140220996876096", "trial_id": 28, "param_name": "lr", "param_value_internal": 0.0001417531075122676, "distribution": "{\"name\": \"FloatDistribution\", \"attributes\": {\"step\": null, \"low\": 1e-05, \"high\": 0.001, \"log\": true}}"}
{"op_code": 5, "worker_id": "85754537-d2d5-4d0e-b268-475f6bc0d850-140220996876096", "trial_id": 28, "param_name": "l2reg", "param_value_internal": 1.119840066260619e-06, "distribution": "{\"name\": \"FloatDistribution\", \"attributes\": {\"step\": null, \"low\": 1e-08, \"high\": 0.001, \"log\": true}}"}
{"op_code": 5, "worker_id": "85754537-d2d5-4d0e-b268-475f6bc0d850-140220996876096", "trial_id": 28, "param_name": "random_seed", "param_value_internal": 0, "distribution": "{\"name\": \"CategoricalDistribution\", \"attributes\": {\"choices\": [42]}}"}
{"op_code": 5, "worker_id": "85754537-d2d5-4d0e-b268-475f6bc0d850-140220996876096", "trial_id": 28, "param_name": "degree", "param_value_internal": 0, "distribution": "{\"name\": \"CategoricalDistribution\", \"attributes\": {\"choices\": [0]}}"}
{"op_code": 8, "worker_id": "85754537-d2d5-4d0e-b268-475f6bc0d850-140220996876096", "trial_id": 28, "user_attr": {"best_epoch": 1}}
{"op_code": 8, "worker_id": "85754537-d2d5-4d0e-b268-475f6bc0d850-140220996876096", "trial_id": 28, "user_attr": {"test_loss": 0.45106761552250624}}
{"op_code": 6, "worker_id": "85754537-d2d5-4d0e-b268-475f6bc0d850-140220996876096", "trial_id": 28, "state": 1, "values": [0.4464354157949871], "datetime_complete": "2024-09-01T18:44:45.211439"}
{"op_code": 4, "worker_id": "85754537-d2d5-4d0e-b268-475f6bc0d850-140220996876096", "study_id": 0, "datetime_start": "2024-09-01T18:44:45.220368"}
{"op_code": 5, "worker_id": "85754537-d2d5-4d0e-b268-475f6bc0d850-140220996876096", "trial_id": 29, "param_name": "lr", "param_value_internal": 6.92728783856849e-05, "distribution": "{\"name\": \"FloatDistribution\", \"attributes\": {\"step\": null, \"low\": 1e-05, \"high\": 0.001, \"log\": true}}"}
{"op_code": 5, "worker_id": "85754537-d2d5-4d0e-b268-475f6bc0d850-140220996876096", "trial_id": 29, "param_name": "l2reg", "param_value_internal": 0.0009652435716390375, "distribution": "{\"name\": \"FloatDistribution\", \"attributes\": {\"step\": null, \"low\": 1e-08, \"high\": 0.001, \"log\": true}}"}
{"op_code": 5, "worker_id": "85754537-d2d5-4d0e-b268-475f6bc0d850-140220996876096", "trial_id": 29, "param_name": "random_seed", "param_value_internal": 0, "distribution": "{\"name\": \"CategoricalDistribution\", \"attributes\": {\"choices\": [42]}}"}
{"op_code": 5, "worker_id": "85754537-d2d5-4d0e-b268-475f6bc0d850-140220996876096", "trial_id": 29, "param_name": "degree", "param_value_internal": 0, "distribution": "{\"name\": \"CategoricalDistribution\", \"attributes\": {\"choices\": [0]}}"}
{"op_code": 8, "worker_id": "85754537-d2d5-4d0e-b268-475f6bc0d850-140220996876096", "trial_id": 29, "user_attr": {"best_epoch": 3}}
{"op_code": 8, "worker_id": "85754537-d2d5-4d0e-b268-475f6bc0d850-140220996876096", "trial_id": 29, "user_attr": {"test_loss": 0.45189018851034995}}
{"op_code": 6, "worker_id": "85754537-d2d5-4d0e-b268-475f6bc0d850-140220996876096", "trial_id": 29, "state": 1, "values": [0.44718839426691875], "datetime_complete": "2024-09-01T19:10:26.360442"}
{"op_code": 4, "worker_id": "85754537-d2d5-4d0e-b268-475f6bc0d850-140220996876096", "study_id": 0, "datetime_start": "2024-09-01T19:10:26.368906"}
{"op_code": 5, "worker_id": "85754537-d2d5-4d0e-b268-475f6bc0d850-140220996876096", "trial_id": 30, "param_name": "lr", "param_value_internal": 5.1245101515886946e-05, "distribution": "{\"name\": \"FloatDistribution\", \"attributes\": {\"step\": null, \"low\": 1e-05, \"high\": 0.001, \"log\": true}}"}
{"op_code": 5, "worker_id": "85754537-d2d5-4d0e-b268-475f6bc0d850-140220996876096", "trial_id": 30, "param_name": "l2reg", "param_value_internal": 0.00031764733822422386, "distribution": "{\"name\": \"FloatDistribution\", \"attributes\": {\"step\": null, \"low\": 1e-08, \"high\": 0.001, \"log\": true}}"}
{"op_code": 5, "worker_id": "85754537-d2d5-4d0e-b268-475f6bc0d850-140220996876096", "trial_id": 30, "param_name": "random_seed", "param_value_internal": 0, "distribution": "{\"name\": \"CategoricalDistribution\", \"attributes\": {\"choices\": [42]}}"}
{"op_code": 5, "worker_id": "85754537-d2d5-4d0e-b268-475f6bc0d850-140220996876096", "trial_id": 30, "param_name": "degree", "param_value_internal": 0, "distribution": "{\"name\": \"CategoricalDistribution\", \"attributes\": {\"choices\": [0]}}"}
{"op_code": 8, "worker_id": "85754537-d2d5-4d0e-b268-475f6bc0d850-140220996876096", "trial_id": 30, "user_attr": {"best_epoch": 4}}
{"op_code": 8, "worker_id": "85754537-d2d5-4d0e-b268-475f6bc0d850-140220996876096", "trial_id": 30, "user_attr": {"test_loss": 0.45209202372577345}}
{"op_code": 6, "worker_id": "85754537-d2d5-4d0e-b268-475f6bc0d850-140220996876096", "trial_id": 30, "state": 1, "values": [0.44739790277705666], "datetime_complete": "2024-09-01T19:39:32.591000"}
{"op_code": 4, "worker_id": "85754537-d2d5-4d0e-b268-475f6bc0d850-140220996876096", "study_id": 0, "datetime_start": "2024-09-01T19:39:32.599523"}
{"op_code": 5, "worker_id": "85754537-d2d5-4d0e-b268-475f6bc0d850-140220996876096", "trial_id": 31, "param_name": "lr", "param_value_internal": 0.00014074538566001557, "distribution": "{\"name\": \"FloatDistribution\", \"attributes\": {\"step\": null, \"low\": 1e-05, \"high\": 0.001, \"log\": true}}"}
{"op_code": 5, "worker_id": "85754537-d2d5-4d0e-b268-475f6bc0d850-140220996876096", "trial_id": 31, "param_name": "l2reg", "param_value_internal": 2.112237227483335e-05, "distribution": "{\"name\": \"FloatDistribution\", \"attributes\": {\"step\": null, \"low\": 1e-08, \"high\": 0.001, \"log\": true}}"}
{"op_code": 5, "worker_id": "85754537-d2d5-4d0e-b268-475f6bc0d850-140220996876096", "trial_id": 31, "param_name": "random_seed", "param_value_internal": 0, "distribution": "{\"name\": \"CategoricalDistribution\", \"attributes\": {\"choices\": [42]}}"}
{"op_code": 5, "worker_id": "85754537-d2d5-4d0e-b268-475f6bc0d850-140220996876096", "trial_id": 31, "param_name": "degree", "param_value_internal": 0, "distribution": "{\"name\": \"CategoricalDistribution\", \"attributes\": {\"choices\": [0]}}"}
{"op_code": 8, "worker_id": "85754537-d2d5-4d0e-b268-475f6bc0d850-140220996876096", "trial_id": 31, "user_attr": {"best_epoch": 1}}
{"op_code": 8, "worker_id": "85754537-d2d5-4d0e-b268-475f6bc0d850-140220996876096", "trial_id": 31, "user_attr": {"test_loss": 0.45107372364326803}}
{"op_code": 6, "worker_id": "85754537-d2d5-4d0e-b268-475f6bc0d850-140220996876096", "trial_id": 31, "state": 1, "values": [0.44644316547202023], "datetime_complete": "2024-09-01T19:58:16.349549"}
{"op_code": 4, "worker_id": "85754537-d2d5-4d0e-b268-475f6bc0d850-140220996876096", "study_id": 0, "datetime_start": "2024-09-01T19:58:16.358876"}
{"op_code": 5, "worker_id": "85754537-d2d5-4d0e-b268-475f6bc0d850-140220996876096", "trial_id": 32, "param_name": "lr", "param_value_internal": 9.747417604810687e-05, "distribution": "{\"name\": \"FloatDistribution\", \"attributes\": {\"step\": null, \"low\": 1e-05, \"high\": 0.001, \"log\": true}}"}
{"op_code": 5, "worker_id": "85754537-d2d5-4d0e-b268-475f6bc0d850-140220996876096", "trial_id": 32, "param_name": "l2reg", "param_value_internal": 6.181844622078447e-05, "distribution": "{\"name\": \"FloatDistribution\", \"attributes\": {\"step\": null, \"low\": 1e-08, \"high\": 0.001, \"log\": true}}"}
{"op_code": 5, "worker_id": "85754537-d2d5-4d0e-b268-475f6bc0d850-140220996876096", "trial_id": 32, "param_name": "random_seed", "param_value_internal": 0, "distribution": "{\"name\": \"CategoricalDistribution\", \"attributes\": {\"choices\": [42]}}"}
{"op_code": 5, "worker_id": "85754537-d2d5-4d0e-b268-475f6bc0d850-140220996876096", "trial_id": 32, "param_name": "degree", "param_value_internal": 0, "distribution": "{\"name\": \"CategoricalDistribution\", \"attributes\": {\"choices\": [0]}}"}
{"op_code": 8, "worker_id": "85754537-d2d5-4d0e-b268-475f6bc0d850-140220996876096", "trial_id": 32, "user_attr": {"best_epoch": 2}}
{"op_code": 8, "worker_id": "85754537-d2d5-4d0e-b268-475f6bc0d850-140220996876096", "trial_id": 32, "user_attr": {"test_loss": 0.4516620501998959}}
{"op_code": 6, "worker_id": "85754537-d2d5-4d0e-b268-475f6bc0d850-140220996876096", "trial_id": 32, "state": 1, "values": [0.4470429064877395], "datetime_complete": "2024-09-01T20:20:23.266471"}
{"op_code": 4, "worker_id": "85754537-d2d5-4d0e-b268-475f6bc0d850-140220996876096", "study_id": 0, "datetime_start": "2024-09-01T20:20:23.274861"}
{"op_code": 5, "worker_id": "85754537-d2d5-4d0e-b268-475f6bc0d850-140220996876096", "trial_id": 33, "param_name": "lr", "param_value_internal": 0.00023693643867922422, "distribution": "{\"name\": \"FloatDistribution\", \"attributes\": {\"step\": null, \"low\": 1e-05, \"high\": 0.001, \"log\": true}}"}
{"op_code": 5, "worker_id": "85754537-d2d5-4d0e-b268-475f6bc0d850-140220996876096", "trial_id": 33, "param_name": "l2reg", "param_value_internal": 7.83143708387551e-06, "distribution": "{\"name\": \"FloatDistribution\", \"attributes\": {\"step\": null, \"low\": 1e-08, \"high\": 0.001, \"log\": true}}"}
{"op_code": 5, "worker_id": "85754537-d2d5-4d0e-b268-475f6bc0d850-140220996876096", "trial_id": 33, "param_name": "random_seed", "param_value_internal": 0, "distribution": "{\"name\": \"CategoricalDistribution\", \"attributes\": {\"choices\": [42]}}"}
{"op_code": 5, "worker_id": "85754537-d2d5-4d0e-b268-475f6bc0d850-140220996876096", "trial_id": 33, "param_name": "degree", "param_value_internal": 0, "distribution": "{\"name\": \"CategoricalDistribution\", \"attributes\": {\"choices\": [0]}}"}
{"op_code": 8, "worker_id": "85754537-d2d5-4d0e-b268-475f6bc0d850-140220996876096", "trial_id": 33, "user_attr": {"best_epoch": 1}}
{"op_code": 8, "worker_id": "85754537-d2d5-4d0e-b268-475f6bc0d850-140220996876096", "trial_id": 33, "user_attr": {"test_loss": 0.45157779630913747}}
{"op_code": 6, "worker_id": "85754537-d2d5-4d0e-b268-475f6bc0d850-140220996876096", "trial_id": 33, "state": 1, "values": [0.44686420580698955], "datetime_complete": "2024-09-01T20:39:04.815798"}
{"op_code": 4, "worker_id": "85754537-d2d5-4d0e-b268-475f6bc0d850-140220996876096", "study_id": 0, "datetime_start": "2024-09-01T20:39:04.824282"}
{"op_code": 5, "worker_id": "85754537-d2d5-4d0e-b268-475f6bc0d850-140220996876096", "trial_id": 34, "param_name": "lr", "param_value_internal": 0.00015137131513550693, "distribution": "{\"name\": \"FloatDistribution\", \"attributes\": {\"step\": null, \"low\": 1e-05, \"high\": 0.001, \"log\": true}}"}
{"op_code": 5, "worker_id": "85754537-d2d5-4d0e-b268-475f6bc0d850-140220996876096", "trial_id": 34, "param_name": "l2reg", "param_value_internal": 2.338101460541357e-05, "distribution": "{\"name\": \"FloatDistribution\", \"attributes\": {\"step\": null, \"low\": 1e-08, \"high\": 0.001, \"log\": true}}"}
{"op_code": 5, "worker_id": "85754537-d2d5-4d0e-b268-475f6bc0d850-140220996876096", "trial_id": 34, "param_name": "random_seed", "param_value_internal": 0, "distribution": "{\"name\": \"CategoricalDistribution\", \"attributes\": {\"choices\": [42]}}"}
{"op_code": 5, "worker_id": "85754537-d2d5-4d0e-b268-475f6bc0d850-140220996876096", "trial_id": 34, "param_name": "degree", "param_value_internal": 0, "distribution": "{\"name\": \"CategoricalDistribution\", \"attributes\": {\"choices\": [0]}}"}
{"op_code": 8, "worker_id": "85754537-d2d5-4d0e-b268-475f6bc0d850-140220996876096", "trial_id": 34, "user_attr": {"best_epoch": 1}}
{"op_code": 8, "worker_id": "85754537-d2d5-4d0e-b268-475f6bc0d850-140220996876096", "trial_id": 34, "user_attr": {"test_loss": 0.45103150125850194}}
{"op_code": 6, "worker_id": "85754537-d2d5-4d0e-b268-475f6bc0d850-140220996876096", "trial_id": 34, "state": 1, "values": [0.4463891849630306], "datetime_complete": "2024-09-01T20:57:39.460785"}
{"op_code": 4, "worker_id": "85754537-d2d5-4d0e-b268-475f6bc0d850-140220996876096", "study_id": 0, "datetime_start": "2024-09-01T20:57:39.469186"}
{"op_code": 5, "worker_id": "85754537-d2d5-4d0e-b268-475f6bc0d850-140220996876096", "trial_id": 35, "param_name": "lr", "param_value_internal": 0.0003163829949087361, "distribution": "{\"name\": \"FloatDistribution\", \"attributes\": {\"step\": null, \"low\": 1e-05, \"high\": 0.001, \"log\": true}}"}
{"op_code": 5, "worker_id": "85754537-d2d5-4d0e-b268-475f6bc0d850-140220996876096", "trial_id": 35, "param_name": "l2reg", "param_value_internal": 1.9993190921964697e-05, "distribution": "{\"name\": \"FloatDistribution\", \"attributes\": {\"step\": null, \"low\": 1e-08, \"high\": 0.001, \"log\": true}}"}
{"op_code": 5, "worker_id": "85754537-d2d5-4d0e-b268-475f6bc0d850-140220996876096", "trial_id": 35, "param_name": "random_seed", "param_value_internal": 0, "distribution": "{\"name\": \"CategoricalDistribution\", \"attributes\": {\"choices\": [42]}}"}
{"op_code": 5, "worker_id": "85754537-d2d5-4d0e-b268-475f6bc0d850-140220996876096", "trial_id": 35, "param_name": "degree", "param_value_internal": 0, "distribution": "{\"name\": \"CategoricalDistribution\", \"attributes\": {\"choices\": [0]}}"}
{"op_code": 8, "worker_id": "85754537-d2d5-4d0e-b268-475f6bc0d850-140220996876096", "trial_id": 35, "user_attr": {"best_epoch": 0}}
{"op_code": 8, "worker_id": "85754537-d2d5-4d0e-b268-475f6bc0d850-140220996876096", "trial_id": 35, "user_attr": {"test_loss": 0.4515795905696113}}
{"op_code": 6, "worker_id": "85754537-d2d5-4d0e-b268-475f6bc0d850-140220996876096", "trial_id": 35, "state": 1, "values": [0.4470338588352426], "datetime_complete": "2024-09-01T21:12:52.701524"}
{"op_code": 4, "worker_id": "85754537-d2d5-4d0e-b268-475f6bc0d850-140220996876096", "study_id": 0, "datetime_start": "2024-09-01T21:12:52.709853"}
{"op_code": 5, "worker_id": "85754537-d2d5-4d0e-b268-475f6bc0d850-140220996876096", "trial_id": 36, "param_name": "lr", "param_value_internal": 0.0001873456956664426, "distribution": "{\"name\": \"FloatDistribution\", \"attributes\": {\"step\": null, \"low\": 1e-05, \"high\": 0.001, \"log\": true}}"}
{"op_code": 5, "worker_id": "85754537-d2d5-4d0e-b268-475f6bc0d850-140220996876096", "trial_id": 36, "param_name": "l2reg", "param_value_internal": 0.00018115590731315826, "distribution": "{\"name\": \"FloatDistribution\", \"attributes\": {\"step\": null, \"low\": 1e-08, \"high\": 0.001, \"log\": true}}"}
{"op_code": 5, "worker_id": "85754537-d2d5-4d0e-b268-475f6bc0d850-140220996876096", "trial_id": 36, "param_name": "random_seed", "param_value_internal": 0, "distribution": "{\"name\": \"CategoricalDistribution\", \"attributes\": {\"choices\": [42]}}"}
{"op_code": 5, "worker_id": "85754537-d2d5-4d0e-b268-475f6bc0d850-140220996876096", "trial_id": 36, "param_name": "degree", "param_value_internal": 0, "distribution": "{\"name\": \"CategoricalDistribution\", \"attributes\": {\"choices\": [0]}}"}
{"op_code": 8, "worker_id": "85754537-d2d5-4d0e-b268-475f6bc0d850-140220996876096", "trial_id": 36, "user_attr": {"best_epoch": 1}}
{"op_code": 8, "worker_id": "85754537-d2d5-4d0e-b268-475f6bc0d850-140220996876096", "trial_id": 36, "user_attr": {"test_loss": 0.45113484302664103}}
{"op_code": 6, "worker_id": "85754537-d2d5-4d0e-b268-475f6bc0d850-140220996876096", "trial_id": 36, "state": 1, "values": [0.4464577486081122], "datetime_complete": "2024-09-01T21:31:34.239574"}
{"op_code": 4, "worker_id": "85754537-d2d5-4d0e-b268-475f6bc0d850-140220996876096", "study_id": 0, "datetime_start": "2024-09-01T21:31:34.254682"}
{"op_code": 5, "worker_id": "85754537-d2d5-4d0e-b268-475f6bc0d850-140220996876096", "trial_id": 37, "param_name": "lr", "param_value_internal": 0.0005902522588434287, "distribution": "{\"name\": \"FloatDistribution\", \"attributes\": {\"step\": null, \"low\": 1e-05, \"high\": 0.001, \"log\": true}}"}
{"op_code": 5, "worker_id": "85754537-d2d5-4d0e-b268-475f6bc0d850-140220996876096", "trial_id": 37, "param_name": "l2reg", "param_value_internal": 2.7387457504264383e-05, "distribution": "{\"name\": \"FloatDistribution\", \"attributes\": {\"step\": null, \"low\": 1e-08, \"high\": 0.001, \"log\": true}}"}
{"op_code": 5, "worker_id": "85754537-d2d5-4d0e-b268-475f6bc0d850-140220996876096", "trial_id": 37, "param_name": "random_seed", "param_value_internal": 0, "distribution": "{\"name\": \"CategoricalDistribution\", \"attributes\": {\"choices\": [42]}}"}
{"op_code": 5, "worker_id": "85754537-d2d5-4d0e-b268-475f6bc0d850-140220996876096", "trial_id": 37, "param_name": "degree", "param_value_internal": 0, "distribution": "{\"name\": \"CategoricalDistribution\", \"attributes\": {\"choices\": [0]}}"}
{"op_code": 8, "worker_id": "85754537-d2d5-4d0e-b268-475f6bc0d850-140220996876096", "trial_id": 37, "user_attr": {"best_epoch": 0}}
{"op_code": 8, "worker_id": "85754537-d2d5-4d0e-b268-475f6bc0d850-140220996876096", "trial_id": 37, "user_attr": {"test_loss": 0.4513854286808948}}
{"op_code": 6, "worker_id": "85754537-d2d5-4d0e-b268-475f6bc0d850-140220996876096", "trial_id": 37, "state": 1, "values": [0.4468481338166892], "datetime_complete": "2024-09-01T21:46:49.132559"}
{"op_code": 4, "worker_id": "85754537-d2d5-4d0e-b268-475f6bc0d850-140220996876096", "study_id": 0, "datetime_start": "2024-09-01T21:46:49.140988"}
{"op_code": 5, "worker_id": "85754537-d2d5-4d0e-b268-475f6bc0d850-140220996876096", "trial_id": 38, "param_name": "lr", "param_value_internal": 3.7516313077866574e-05, "distribution": "{\"name\": \"FloatDistribution\", \"attributes\": {\"step\": null, \"low\": 1e-05, \"high\": 0.001, \"log\": true}}"}
{"op_code": 5, "worker_id": "85754537-d2d5-4d0e-b268-475f6bc0d850-140220996876096", "trial_id": 38, "param_name": "l2reg", "param_value_internal": 5.85645437521016e-06, "distribution": "{\"name\": \"FloatDistribution\", \"attributes\": {\"step\": null, \"low\": 1e-08, \"high\": 0.001, \"log\": true}}"}
{"op_code": 5, "worker_id": "85754537-d2d5-4d0e-b268-475f6bc0d850-140220996876096", "trial_id": 38, "param_name": "random_seed", "param_value_internal": 0, "distribution": "{\"name\": \"CategoricalDistribution\", \"attributes\": {\"choices\": [42]}}"}
{"op_code": 5, "worker_id": "85754537-d2d5-4d0e-b268-475f6bc0d850-140220996876096", "trial_id": 38, "param_name": "degree", "param_value_internal": 0, "distribution": "{\"name\": \"CategoricalDistribution\", \"attributes\": {\"choices\": [0]}}"}
{"op_code": 8, "worker_id": "85754537-d2d5-4d0e-b268-475f6bc0d850-140220996876096", "trial_id": 38, "user_attr": {"best_epoch": 6}}
{"op_code": 8, "worker_id": "85754537-d2d5-4d0e-b268-475f6bc0d850-140220996876096", "trial_id": 38, "user_attr": {"test_loss": 0.4525347097779866}}
{"op_code": 6, "worker_id": "85754537-d2d5-4d0e-b268-475f6bc0d850-140220996876096", "trial_id": 38, "state": 1, "values": [0.44766688910403046], "datetime_complete": "2024-09-01T22:22:39.174322"}
{"op_code": 4, "worker_id": "85754537-d2d5-4d0e-b268-475f6bc0d850-140220996876096", "study_id": 0, "datetime_start": "2024-09-01T22:22:39.182715"}
{"op_code": 5, "worker_id": "85754537-d2d5-4d0e-b268-475f6bc0d850-140220996876096", "trial_id": 39, "param_name": "lr", "param_value_internal": 2.8101744324500473e-05, "distribution": "{\"name\": \"FloatDistribution\", \"attributes\": {\"step\": null, \"low\": 1e-05, \"high\": 0.001, \"log\": true}}"}
{"op_code": 5, "worker_id": "85754537-d2d5-4d0e-b268-475f6bc0d850-140220996876096", "trial_id": 39, "param_name": "l2reg", "param_value_internal": 0.00040494399708013493, "distribution": "{\"name\": \"FloatDistribution\", \"attributes\": {\"step\": null, \"low\": 1e-08, \"high\": 0.001, \"log\": true}}"}
{"op_code": 5, "worker_id": "85754537-d2d5-4d0e-b268-475f6bc0d850-140220996876096", "trial_id": 39, "param_name": "random_seed", "param_value_internal": 0, "distribution": "{\"name\": \"CategoricalDistribution\", \"attributes\": {\"choices\": [42]}}"}
{"op_code": 5, "worker_id": "85754537-d2d5-4d0e-b268-475f6bc0d850-140220996876096", "trial_id": 39, "param_name": "degree", "param_value_internal": 0, "distribution": "{\"name\": \"CategoricalDistribution\", \"attributes\": {\"choices\": [0]}}"}
{"op_code": 8, "worker_id": "85754537-d2d5-4d0e-b268-475f6bc0d850-140220996876096", "trial_id": 39, "user_attr": {"best_epoch": 8}}
{"op_code": 8, "worker_id": "85754537-d2d5-4d0e-b268-475f6bc0d850-140220996876096", "trial_id": 39, "user_attr": {"test_loss": 0.452623124826014}}
{"op_code": 6, "worker_id": "85754537-d2d5-4d0e-b268-475f6bc0d850-140220996876096", "trial_id": 39, "state": 1, "values": [0.4478152782401285], "datetime_complete": "2024-09-01T22:58:39.262368"}
{"op_code": 4, "worker_id": "85754537-d2d5-4d0e-b268-475f6bc0d850-140220996876096", "study_id": 0, "datetime_start": "2024-09-01T22:58:39.270742"}
{"op_code": 5, "worker_id": "85754537-d2d5-4d0e-b268-475f6bc0d850-140220996876096", "trial_id": 40, "param_name": "lr", "param_value_internal": 7.89575382206481e-05, "distribution": "{\"name\": \"FloatDistribution\", \"attributes\": {\"step\": null, \"low\": 1e-05, \"high\": 0.001, \"log\": true}}"}
{"op_code": 5, "worker_id": "85754537-d2d5-4d0e-b268-475f6bc0d850-140220996876096", "trial_id": 40, "param_name": "l2reg", "param_value_internal": 0.0002263122600760113, "distribution": "{\"name\": \"FloatDistribution\", \"attributes\": {\"step\": null, \"low\": 1e-08, \"high\": 0.001, \"log\": true}}"}
{"op_code": 5, "worker_id": "85754537-d2d5-4d0e-b268-475f6bc0d850-140220996876096", "trial_id": 40, "param_name": "random_seed", "param_value_internal": 0, "distribution": "{\"name\": \"CategoricalDistribution\", \"attributes\": {\"choices\": [42]}}"}
{"op_code": 5, "worker_id": "85754537-d2d5-4d0e-b268-475f6bc0d850-140220996876096", "trial_id": 40, "param_name": "degree", "param_value_internal": 0, "distribution": "{\"name\": \"CategoricalDistribution\", \"attributes\": {\"choices\": [0]}}"}
{"op_code": 8, "worker_id": "85754537-d2d5-4d0e-b268-475f6bc0d850-140220996876096", "trial_id": 40, "user_attr": {"best_epoch": 2}}
{"op_code": 8, "worker_id": "85754537-d2d5-4d0e-b268-475f6bc0d850-140220996876096", "trial_id": 40, "user_attr": {"test_loss": 0.45181261537667483}}
{"op_code": 6, "worker_id": "85754537-d2d5-4d0e-b268-475f6bc0d850-140220996876096", "trial_id": 40, "state": 1, "values": [0.4472406186914575], "datetime_complete": "2024-09-01T23:20:50.399650"}
{"op_code": 4, "worker_id": "85754537-d2d5-4d0e-b268-475f6bc0d850-140220996876096", "study_id": 0, "datetime_start": "2024-09-01T23:20:50.417925"}
{"op_code": 5, "worker_id": "85754537-d2d5-4d0e-b268-475f6bc0d850-140220996876096", "trial_id": 41, "param_name": "lr", "param_value_internal": 0.00013683826428435183, "distribution": "{\"name\": \"FloatDistribution\", \"attributes\": {\"step\": null, \"low\": 1e-05, \"high\": 0.001, \"log\": true}}"}
{"op_code": 5, "worker_id": "85754537-d2d5-4d0e-b268-475f6bc0d850-140220996876096", "trial_id": 41, "param_name": "l2reg", "param_value_internal": 5.970745640571534e-05, "distribution": "{\"name\": \"FloatDistribution\", \"attributes\": {\"step\": null, \"low\": 1e-08, \"high\": 0.001, \"log\": true}}"}
{"op_code": 5, "worker_id": "85754537-d2d5-4d0e-b268-475f6bc0d850-140220996876096", "trial_id": 41, "param_name": "random_seed", "param_value_internal": 0, "distribution": "{\"name\": \"CategoricalDistribution\", \"attributes\": {\"choices\": [42]}}"}
{"op_code": 5, "worker_id": "85754537-d2d5-4d0e-b268-475f6bc0d850-140220996876096", "trial_id": 41, "param_name": "degree", "param_value_internal": 0, "distribution": "{\"name\": \"CategoricalDistribution\", \"attributes\": {\"choices\": [0]}}"}
{"op_code": 8, "worker_id": "85754537-d2d5-4d0e-b268-475f6bc0d850-140220996876096", "trial_id": 41, "user_attr": {"best_epoch": 1}}
{"op_code": 8, "worker_id": "85754537-d2d5-4d0e-b268-475f6bc0d850-140220996876096", "trial_id": 41, "user_attr": {"test_loss": 0.4511034625562272}}
{"op_code": 6, "worker_id": "85754537-d2d5-4d0e-b268-475f6bc0d850-140220996876096", "trial_id": 41, "state": 1, "values": [0.44647641654933984], "datetime_complete": "2024-09-01T23:39:28.211541"}
{"op_code": 4, "worker_id": "85754537-d2d5-4d0e-b268-475f6bc0d850-140220996876096", "study_id": 0, "datetime_start": "2024-09-01T23:39:28.220504"}
{"op_code": 5, "worker_id": "85754537-d2d5-4d0e-b268-475f6bc0d850-140220996876096", "trial_id": 42, "param_name": "lr", "param_value_internal": 0.00017529587424345178, "distribution": "{\"name\": \"FloatDistribution\", \"attributes\": {\"step\": null, \"low\": 1e-05, \"high\": 0.001, \"log\": true}}"}
{"op_code": 5, "worker_id": "85754537-d2d5-4d0e-b268-475f6bc0d850-140220996876096", "trial_id": 42, "param_name": "l2reg", "param_value_internal": 1.4068970668009268e-05, "distribution": "{\"name\": \"FloatDistribution\", \"attributes\": {\"step\": null, \"low\": 1e-08, \"high\": 0.001, \"log\": true}}"}
{"op_code": 5, "worker_id": "85754537-d2d5-4d0e-b268-475f6bc0d850-140220996876096", "trial_id": 42, "param_name": "random_seed", "param_value_internal": 0, "distribution": "{\"name\": \"CategoricalDistribution\", \"attributes\": {\"choices\": [42]}}"}
{"op_code": 5, "worker_id": "85754537-d2d5-4d0e-b268-475f6bc0d850-140220996876096", "trial_id": 42, "param_name": "degree", "param_value_internal": 0, "distribution": "{\"name\": \"CategoricalDistribution\", \"attributes\": {\"choices\": [0]}}"}
{"op_code": 8, "worker_id": "85754537-d2d5-4d0e-b268-475f6bc0d850-140220996876096", "trial_id": 42, "user_attr": {"best_epoch": 1}}
{"op_code": 8, "worker_id": "85754537-d2d5-4d0e-b268-475f6bc0d850-140220996876096", "trial_id": 42, "user_attr": {"test_loss": 0.45108090068516316}}
{"op_code": 6, "worker_id": "85754537-d2d5-4d0e-b268-475f6bc0d850-140220996876096", "trial_id": 42, "state": 1, "values": [0.446413617442347], "datetime_complete": "2024-09-01T23:58:12.363565"}
{"op_code": 4, "worker_id": "85754537-d2d5-4d0e-b268-475f6bc0d850-140220996876096", "study_id": 0, "datetime_start": "2024-09-01T23:58:12.372904"}
{"op_code": 5, "worker_id": "85754537-d2d5-4d0e-b268-475f6bc0d850-140220996876096", "trial_id": 43, "param_name": "lr", "param_value_internal": 0.00010842678783264391, "distribution": "{\"name\": \"FloatDistribution\", \"attributes\": {\"step\": null, \"low\": 1e-05, \"high\": 0.001, \"log\": true}}"}
{"op_code": 5, "worker_id": "85754537-d2d5-4d0e-b268-475f6bc0d850-140220996876096", "trial_id": 43, "param_name": "l2reg", "param_value_internal": 3.290164849830618e-05, "distribution": "{\"name\": \"FloatDistribution\", \"attributes\": {\"step\": null, \"low\": 1e-08, \"high\": 0.001, \"log\": true}}"}
{"op_code": 5, "worker_id": "85754537-d2d5-4d0e-b268-475f6bc0d850-140220996876096", "trial_id": 43, "param_name": "random_seed", "param_value_internal": 0, "distribution": "{\"name\": \"CategoricalDistribution\", \"attributes\": {\"choices\": [42]}}"}
{"op_code": 5, "worker_id": "85754537-d2d5-4d0e-b268-475f6bc0d850-140220996876096", "trial_id": 43, "param_name": "degree", "param_value_internal": 0, "distribution": "{\"name\": \"CategoricalDistribution\", \"attributes\": {\"choices\": [0]}}"}
{"op_code": 8, "worker_id": "85754537-d2d5-4d0e-b268-475f6bc0d850-140220996876096", "trial_id": 43, "user_attr": {"best_epoch": 1}}
{"op_code": 8, "worker_id": "85754537-d2d5-4d0e-b268-475f6bc0d850-140220996876096", "trial_id": 43, "user_attr": {"test_loss": 0.4516262031661749}}
{"op_code": 6, "worker_id": "85754537-d2d5-4d0e-b268-475f6bc0d850-140220996876096", "trial_id": 43, "state": 1, "values": [0.4470275980124178], "datetime_complete": "2024-09-02T00:16:55.373290"}
{"op_code": 4, "worker_id": "85754537-d2d5-4d0e-b268-475f6bc0d850-140220996876096", "study_id": 0, "datetime_start": "2024-09-02T00:16:55.381743"}
{"op_code": 5, "worker_id": "85754537-d2d5-4d0e-b268-475f6bc0d850-140220996876096", "trial_id": 44, "param_name": "lr", "param_value_internal": 5.926029115003465e-05, "distribution": "{\"name\": \"FloatDistribution\", \"attributes\": {\"step\": null, \"low\": 1e-05, \"high\": 0.001, \"log\": true}}"}
{"op_code": 5, "worker_id": "85754537-d2d5-4d0e-b268-475f6bc0d850-140220996876096", "trial_id": 44, "param_name": "l2reg", "param_value_internal": 0.00011725598403566007, "distribution": "{\"name\": \"FloatDistribution\", \"attributes\": {\"step\": null, \"low\": 1e-08, \"high\": 0.001, \"log\": true}}"}
{"op_code": 5, "worker_id": "85754537-d2d5-4d0e-b268-475f6bc0d850-140220996876096", "trial_id": 44, "param_name": "random_seed", "param_value_internal": 0, "distribution": "{\"name\": \"CategoricalDistribution\", \"attributes\": {\"choices\": [42]}}"}
{"op_code": 5, "worker_id": "85754537-d2d5-4d0e-b268-475f6bc0d850-140220996876096", "trial_id": 44, "param_name": "degree", "param_value_internal": 0, "distribution": "{\"name\": \"CategoricalDistribution\", \"attributes\": {\"choices\": [0]}}"}
{"op_code": 8, "worker_id": "85754537-d2d5-4d0e-b268-475f6bc0d850-140220996876096", "trial_id": 44, "user_attr": {"best_epoch": 3}}
{"op_code": 8, "worker_id": "85754537-d2d5-4d0e-b268-475f6bc0d850-140220996876096", "trial_id": 44, "user_attr": {"test_loss": 0.4520219712157863}}
{"op_code": 6, "worker_id": "85754537-d2d5-4d0e-b268-475f6bc0d850-140220996876096", "trial_id": 44, "state": 1, "values": [0.4473541915445297], "datetime_complete": "2024-09-02T00:42:31.087249"}
{"op_code": 4, "worker_id": "85754537-d2d5-4d0e-b268-475f6bc0d850-140220996876096", "study_id": 0, "datetime_start": "2024-09-02T00:42:31.095846"}
{"op_code": 5, "worker_id": "85754537-d2d5-4d0e-b268-475f6bc0d850-140220996876096", "trial_id": 45, "param_name": "lr", "param_value_internal": 0.00022800110055954387, "distribution": "{\"name\": \"FloatDistribution\", \"attributes\": {\"step\": null, \"low\": 1e-05, \"high\": 0.001, \"log\": true}}"}
{"op_code": 5, "worker_id": "85754537-d2d5-4d0e-b268-475f6bc0d850-140220996876096", "trial_id": 45, "param_name": "l2reg", "param_value_internal": 6.416331937087644e-05, "distribution": "{\"name\": \"FloatDistribution\", \"attributes\": {\"step\": null, \"low\": 1e-08, \"high\": 0.001, \"log\": true}}"}
{"op_code": 5, "worker_id": "85754537-d2d5-4d0e-b268-475f6bc0d850-140220996876096", "trial_id": 45, "param_name": "random_seed", "param_value_internal": 0, "distribution": "{\"name\": \"CategoricalDistribution\", \"attributes\": {\"choices\": [42]}}"}
{"op_code": 5, "worker_id": "85754537-d2d5-4d0e-b268-475f6bc0d850-140220996876096", "trial_id": 45, "param_name": "degree", "param_value_internal": 0, "distribution": "{\"name\": \"CategoricalDistribution\", \"attributes\": {\"choices\": [0]}}"}
{"op_code": 8, "worker_id": "85754537-d2d5-4d0e-b268-475f6bc0d850-140220996876096", "trial_id": 45, "user_attr": {"best_epoch": 1}}
{"op_code": 8, "worker_id": "85754537-d2d5-4d0e-b268-475f6bc0d850-140220996876096", "trial_id": 45, "user_attr": {"test_loss": 0.45149644377574094}}
{"op_code": 6, "worker_id": "85754537-d2d5-4d0e-b268-475f6bc0d850-140220996876096", "trial_id": 45, "state": 1, "values": [0.4467879306606237], "datetime_complete": "2024-09-02T01:01:11.366493"}
{"op_code": 4, "worker_id": "85754537-d2d5-4d0e-b268-475f6bc0d850-140220996876096", "study_id": 0, "datetime_start": "2024-09-02T01:01:11.379116"}
{"op_code": 5, "worker_id": "85754537-d2d5-4d0e-b268-475f6bc0d850-140220996876096", "trial_id": 46, "param_name": "lr", "param_value_internal": 0.00035077825813118726, "distribution": "{\"name\": \"FloatDistribution\", \"attributes\": {\"step\": null, \"low\": 1e-05, \"high\": 0.001, \"log\": true}}"}
{"op_code": 5, "worker_id": "85754537-d2d5-4d0e-b268-475f6bc0d850-140220996876096", "trial_id": 46, "param_name": "l2reg", "param_value_internal": 2.5269606537164865e-06, "distribution": "{\"name\": \"FloatDistribution\", \"attributes\": {\"step\": null, \"low\": 1e-08, \"high\": 0.001, \"log\": true}}"}
{"op_code": 5, "worker_id": "85754537-d2d5-4d0e-b268-475f6bc0d850-140220996876096", "trial_id": 46, "param_name": "random_seed", "param_value_internal": 0, "distribution": "{\"name\": \"CategoricalDistribution\", \"attributes\": {\"choices\": [42]}}"}
{"op_code": 5, "worker_id": "85754537-d2d5-4d0e-b268-475f6bc0d850-140220996876096", "trial_id": 46, "param_name": "degree", "param_value_internal": 0, "distribution": "{\"name\": \"CategoricalDistribution\", \"attributes\": {\"choices\": [0]}}"}
{"op_code": 8, "worker_id": "85754537-d2d5-4d0e-b268-475f6bc0d850-140220996876096", "trial_id": 46, "user_attr": {"best_epoch": 0}}
{"op_code": 8, "worker_id": "85754537-d2d5-4d0e-b268-475f6bc0d850-140220996876096", "trial_id": 46, "user_attr": {"test_loss": 0.4515340468941809}}
{"op_code": 6, "worker_id": "85754537-d2d5-4d0e-b268-475f6bc0d850-140220996876096", "trial_id": 46, "state": 1, "values": [0.44698690266405644], "datetime_complete": "2024-09-02T01:16:22.134602"}
{"op_code": 4, "worker_id": "85754537-d2d5-4d0e-b268-475f6bc0d850-140220996876096", "study_id": 0, "datetime_start": "2024-09-02T01:16:22.146713"}
{"op_code": 5, "worker_id": "85754537-d2d5-4d0e-b268-475f6bc0d850-140220996876096", "trial_id": 47, "param_name": "lr", "param_value_internal": 0.00015034099217263677, "distribution": "{\"name\": \"FloatDistribution\", \"attributes\": {\"step\": null, \"low\": 1e-05, \"high\": 0.001, \"log\": true}}"}
{"op_code": 5, "worker_id": "85754537-d2d5-4d0e-b268-475f6bc0d850-140220996876096", "trial_id": 47, "param_name": "l2reg", "param_value_internal": 7.201809998663551e-06, "distribution": "{\"name\": \"FloatDistribution\", \"attributes\": {\"step\": null, \"low\": 1e-08, \"high\": 0.001, \"log\": true}}"}
{"op_code": 5, "worker_id": "85754537-d2d5-4d0e-b268-475f6bc0d850-140220996876096", "trial_id": 47, "param_name": "random_seed", "param_value_internal": 0, "distribution": "{\"name\": \"CategoricalDistribution\", \"attributes\": {\"choices\": [42]}}"}
{"op_code": 5, "worker_id": "85754537-d2d5-4d0e-b268-475f6bc0d850-140220996876096", "trial_id": 47, "param_name": "degree", "param_value_internal": 0, "distribution": "{\"name\": \"CategoricalDistribution\", \"attributes\": {\"choices\": [0]}}"}
{"op_code": 8, "worker_id": "85754537-d2d5-4d0e-b268-475f6bc0d850-140220996876096", "trial_id": 47, "user_attr": {"best_epoch": 1}}
{"op_code": 8, "worker_id": "85754537-d2d5-4d0e-b268-475f6bc0d850-140220996876096", "trial_id": 47, "user_attr": {"test_loss": 0.4510333336947305}}
{"op_code": 6, "worker_id": "85754537-d2d5-4d0e-b268-475f6bc0d850-140220996876096", "trial_id": 47, "state": 1, "values": [0.4463924299016898], "datetime_complete": "2024-09-02T01:35:02.868332"}
{"op_code": 4, "worker_id": "85754537-d2d5-4d0e-b268-475f6bc0d850-140220996876096", "study_id": 0, "datetime_start": "2024-09-02T01:35:02.876738"}
{"op_code": 5, "worker_id": "85754537-d2d5-4d0e-b268-475f6bc0d850-140220996876096", "trial_id": 48, "param_name": "lr", "param_value_internal": 0.0001655676357600056, "distribution": "{\"name\": \"FloatDistribution\", \"attributes\": {\"step\": null, \"low\": 1e-05, \"high\": 0.001, \"log\": true}}"}
{"op_code": 5, "worker_id": "85754537-d2d5-4d0e-b268-475f6bc0d850-140220996876096", "trial_id": 48, "param_name": "l2reg", "param_value_internal": 6.3721878716314236e-06, "distribution": "{\"name\": \"FloatDistribution\", \"attributes\": {\"step\": null, \"low\": 1e-08, \"high\": 0.001, \"log\": true}}"}
{"op_code": 5, "worker_id": "85754537-d2d5-4d0e-b268-475f6bc0d850-140220996876096", "trial_id": 48, "param_name": "random_seed", "param_value_internal": 0, "distribution": "{\"name\": \"CategoricalDistribution\", \"attributes\": {\"choices\": [42]}}"}
{"op_code": 5, "worker_id": "85754537-d2d5-4d0e-b268-475f6bc0d850-140220996876096", "trial_id": 48, "param_name": "degree", "param_value_internal": 0, "distribution": "{\"name\": \"CategoricalDistribution\", \"attributes\": {\"choices\": [0]}}"}
{"op_code": 8, "worker_id": "85754537-d2d5-4d0e-b268-475f6bc0d850-140220996876096", "trial_id": 48, "user_attr": {"best_epoch": 1}}
{"op_code": 8, "worker_id": "85754537-d2d5-4d0e-b268-475f6bc0d850-140220996876096", "trial_id": 48, "user_attr": {"test_loss": 0.45104177053653277}}
{"op_code": 6, "worker_id": "85754537-d2d5-4d0e-b268-475f6bc0d850-140220996876096", "trial_id": 48, "state": 1, "values": [0.4463840694126737], "datetime_complete": "2024-09-02T01:53:43.109735"}
{"op_code": 4, "worker_id": "85754537-d2d5-4d0e-b268-475f6bc0d850-140220996876096", "study_id": 0, "datetime_start": "2024-09-02T01:53:43.125635"}
{"op_code": 5, "worker_id": "85754537-d2d5-4d0e-b268-475f6bc0d850-140220996876096", "trial_id": 49, "param_name": "lr", "param_value_internal": 0.0002764132631071995, "distribution": "{\"name\": \"FloatDistribution\", \"attributes\": {\"step\": null, \"low\": 1e-05, \"high\": 0.001, \"log\": true}}"}
{"op_code": 5, "worker_id": "85754537-d2d5-4d0e-b268-475f6bc0d850-140220996876096", "trial_id": 49, "param_name": "l2reg", "param_value_internal": 6.542433375249244e-06, "distribution": "{\"name\": \"FloatDistribution\", \"attributes\": {\"step\": null, \"low\": 1e-08, \"high\": 0.001, \"log\": true}}"}
{"op_code": 5, "worker_id": "85754537-d2d5-4d0e-b268-475f6bc0d850-140220996876096", "trial_id": 49, "param_name": "random_seed", "param_value_internal": 0, "distribution": "{\"name\": \"CategoricalDistribution\", \"attributes\": {\"choices\": [42]}}"}
{"op_code": 5, "worker_id": "85754537-d2d5-4d0e-b268-475f6bc0d850-140220996876096", "trial_id": 49, "param_name": "degree", "param_value_internal": 0, "distribution": "{\"name\": \"CategoricalDistribution\", \"attributes\": {\"choices\": [0]}}"}
{"op_code": 8, "worker_id": "85754537-d2d5-4d0e-b268-475f6bc0d850-140220996876096", "trial_id": 49, "user_attr": {"best_epoch": 0}}
{"op_code": 8, "worker_id": "85754537-d2d5-4d0e-b268-475f6bc0d850-140220996876096", "trial_id": 49, "user_attr": {"test_loss": 0.45169033843417405}}
{"op_code": 6, "worker_id": "85754537-d2d5-4d0e-b268-475f6bc0d850-140220996876096", "trial_id": 49, "state": 1, "values": [0.4471488060152764], "datetime_complete": "2024-09-02T02:09:02.618007"}
