{"op_code": 0, "worker_id": "bdb89eef-79aa-45d9-bd76-90bd900d8396-140222629222208", "study_name": "criteo_bins_64", "directions": [1]}
{"op_code": 4, "worker_id": "bdb89eef-79aa-45d9-bd76-90bd900d8396-140222629222208", "study_id": 0, "datetime_start": "2024-09-02T06:03:21.483142"}
{"op_code": 5, "worker_id": "bdb89eef-79aa-45d9-bd76-90bd900d8396-140222629222208", "trial_id": 0, "param_name": "lr", "param_value_internal": 5.6115164153345e-05, "distribution": "{\"name\": \"FloatDistribution\", \"attributes\": {\"step\": null, \"low\": 1e-05, \"high\": 0.001, \"log\": true}}"}
{"op_code": 5, "worker_id": "bdb89eef-79aa-45d9-bd76-90bd900d8396-140222629222208", "trial_id": 0, "param_name": "l2reg", "param_value_internal": 0.0005669849511478851, "distribution": "{\"name\": \"FloatDistribution\", \"attributes\": {\"step\": null, \"low\": 1e-08, \"high\": 0.001, \"log\": true}}"}
{"op_code": 5, "worker_id": "bdb89eef-79aa-45d9-bd76-90bd900d8396-140222629222208", "trial_id": 0, "param_name": "random_seed", "param_value_internal": 0, "distribution": "{\"name\": \"CategoricalDistribution\", \"attributes\": {\"choices\": [42]}}"}
{"op_code": 5, "worker_id": "bdb89eef-79aa-45d9-bd76-90bd900d8396-140222629222208", "trial_id": 0, "param_name": "degree", "param_value_internal": 0, "distribution": "{\"name\": \"CategoricalDistribution\", \"attributes\": {\"choices\": [0]}}"}
{"op_code": 8, "worker_id": "bdb89eef-79aa-45d9-bd76-90bd900d8396-140222629222208", "trial_id": 0, "user_attr": {"best_epoch": 2}}
{"op_code": 8, "worker_id": "bdb89eef-79aa-45d9-bd76-90bd900d8396-140222629222208", "trial_id": 0, "user_attr": {"test_loss": 0.45274918116823615}}
{"op_code": 6, "worker_id": "bdb89eef-79aa-45d9-bd76-90bd900d8396-140222629222208", "trial_id": 0, "state": 1, "values": [0.44773148247122313], "datetime_complete": "2024-09-02T06:35:37.263370"}
{"op_code": 4, "worker_id": "bdb89eef-79aa-45d9-bd76-90bd900d8396-140222629222208", "study_id": 0, "datetime_start": "2024-09-02T06:35:37.272564"}
{"op_code": 5, "worker_id": "bdb89eef-79aa-45d9-bd76-90bd900d8396-140222629222208", "trial_id": 1, "param_name": "lr", "param_value_internal": 0.000291063591313307, "distribution": "{\"name\": \"FloatDistribution\", \"attributes\": {\"step\": null, \"low\": 1e-05, \"high\": 0.001, \"log\": true}}"}
{"op_code": 5, "worker_id": "bdb89eef-79aa-45d9-bd76-90bd900d8396-140222629222208", "trial_id": 1, "param_name": "l2reg", "param_value_internal": 9.846738873614555e-06, "distribution": "{\"name\": \"FloatDistribution\", \"attributes\": {\"step\": null, \"low\": 1e-08, \"high\": 0.001, \"log\": true}}"}
{"op_code": 5, "worker_id": "bdb89eef-79aa-45d9-bd76-90bd900d8396-140222629222208", "trial_id": 1, "param_name": "random_seed", "param_value_internal": 0, "distribution": "{\"name\": \"CategoricalDistribution\", \"attributes\": {\"choices\": [42]}}"}
{"op_code": 5, "worker_id": "bdb89eef-79aa-45d9-bd76-90bd900d8396-140222629222208", "trial_id": 1, "param_name": "degree", "param_value_internal": 0, "distribution": "{\"name\": \"CategoricalDistribution\", \"attributes\": {\"choices\": [0]}}"}
{"op_code": 8, "worker_id": "bdb89eef-79aa-45d9-bd76-90bd900d8396-140222629222208", "trial_id": 1, "user_attr": {"best_epoch": 0}}
{"op_code": 8, "worker_id": "bdb89eef-79aa-45d9-bd76-90bd900d8396-140222629222208", "trial_id": 1, "user_attr": {"test_loss": 0.4531764823912804}}
{"op_code": 6, "worker_id": "bdb89eef-79aa-45d9-bd76-90bd900d8396-140222629222208", "trial_id": 1, "state": 1, "values": [0.448441780455849], "datetime_complete": "2024-09-02T06:57:31.793149"}
{"op_code": 4, "worker_id": "bdb89eef-79aa-45d9-bd76-90bd900d8396-140222629222208", "study_id": 0, "datetime_start": "2024-09-02T06:57:31.801820"}
{"op_code": 5, "worker_id": "bdb89eef-79aa-45d9-bd76-90bd900d8396-140222629222208", "trial_id": 2, "param_name": "lr", "param_value_internal": 2.0513382630874486e-05, "distribution": "{\"name\": \"FloatDistribution\", \"attributes\": {\"step\": null, \"low\": 1e-05, \"high\": 0.001, \"log\": true}}"}
{"op_code": 5, "worker_id": "bdb89eef-79aa-45d9-bd76-90bd900d8396-140222629222208", "trial_id": 2, "param_name": "l2reg", "param_value_internal": 6.02521573620385e-08, "distribution": "{\"name\": \"FloatDistribution\", \"attributes\": {\"step\": null, \"low\": 1e-08, \"high\": 0.001, \"log\": true}}"}
{"op_code": 5, "worker_id": "bdb89eef-79aa-45d9-bd76-90bd900d8396-140222629222208", "trial_id": 2, "param_name": "random_seed", "param_value_internal": 0, "distribution": "{\"name\": \"CategoricalDistribution\", \"attributes\": {\"choices\": [42]}}"}
{"op_code": 5, "worker_id": "bdb89eef-79aa-45d9-bd76-90bd900d8396-140222629222208", "trial_id": 2, "param_name": "degree", "param_value_internal": 0, "distribution": "{\"name\": \"CategoricalDistribution\", \"attributes\": {\"choices\": [0]}}"}
{"op_code": 8, "worker_id": "bdb89eef-79aa-45d9-bd76-90bd900d8396-140222629222208", "trial_id": 2, "user_attr": {"best_epoch": 7}}
{"op_code": 8, "worker_id": "bdb89eef-79aa-45d9-bd76-90bd900d8396-140222629222208", "trial_id": 2, "user_attr": {"test_loss": 0.4538679216615188}}
{"op_code": 6, "worker_id": "bdb89eef-79aa-45d9-bd76-90bd900d8396-140222629222208", "trial_id": 2, "state": 1, "values": [0.4485521847217599], "datetime_complete": "2024-09-02T07:50:05.158724"}
{"op_code": 4, "worker_id": "bdb89eef-79aa-45d9-bd76-90bd900d8396-140222629222208", "study_id": 0, "datetime_start": "2024-09-02T07:50:05.170062"}
{"op_code": 5, "worker_id": "bdb89eef-79aa-45d9-bd76-90bd900d8396-140222629222208", "trial_id": 3, "param_name": "lr", "param_value_internal": 1.3066739238053272e-05, "distribution": "{\"name\": \"FloatDistribution\", \"attributes\": {\"step\": null, \"low\": 1e-05, \"high\": 0.001, \"log\": true}}"}
{"op_code": 5, "worker_id": "bdb89eef-79aa-45d9-bd76-90bd900d8396-140222629222208", "trial_id": 3, "param_name": "l2reg", "param_value_internal": 0.00021423021757741048, "distribution": "{\"name\": \"FloatDistribution\", \"attributes\": {\"step\": null, \"low\": 1e-08, \"high\": 0.001, \"log\": true}}"}
{"op_code": 5, "worker_id": "bdb89eef-79aa-45d9-bd76-90bd900d8396-140222629222208", "trial_id": 3, "param_name": "random_seed", "param_value_internal": 0, "distribution": "{\"name\": \"CategoricalDistribution\", \"attributes\": {\"choices\": [42]}}"}
{"op_code": 5, "worker_id": "bdb89eef-79aa-45d9-bd76-90bd900d8396-140222629222208", "trial_id": 3, "param_name": "degree", "param_value_internal": 0, "distribution": "{\"name\": \"CategoricalDistribution\", \"attributes\": {\"choices\": [0]}}"}
{"op_code": 8, "worker_id": "bdb89eef-79aa-45d9-bd76-90bd900d8396-140222629222208", "trial_id": 3, "user_attr": {"best_epoch": 9}}
{"op_code": 8, "worker_id": "bdb89eef-79aa-45d9-bd76-90bd900d8396-140222629222208", "trial_id": 3, "user_attr": {"test_loss": 0.45411816373397973}}
{"op_code": 6, "worker_id": "bdb89eef-79aa-45d9-bd76-90bd900d8396-140222629222208", "trial_id": 3, "state": 1, "values": [0.4490328555765607], "datetime_complete": "2024-09-02T08:42:34.397770"}
{"op_code": 4, "worker_id": "bdb89eef-79aa-45d9-bd76-90bd900d8396-140222629222208", "study_id": 0, "datetime_start": "2024-09-02T08:42:34.406962"}
{"op_code": 5, "worker_id": "bdb89eef-79aa-45d9-bd76-90bd900d8396-140222629222208", "trial_id": 4, "param_name": "lr", "param_value_internal": 0.00015930522616241006, "distribution": "{\"name\": \"FloatDistribution\", \"attributes\": {\"step\": null, \"low\": 1e-05, \"high\": 0.001, \"log\": true}}"}
{"op_code": 5, "worker_id": "bdb89eef-79aa-45d9-bd76-90bd900d8396-140222629222208", "trial_id": 4, "param_name": "l2reg", "param_value_internal": 3.47026698865041e-05, "distribution": "{\"name\": \"FloatDistribution\", \"attributes\": {\"step\": null, \"low\": 1e-08, \"high\": 0.001, \"log\": true}}"}
{"op_code": 5, "worker_id": "bdb89eef-79aa-45d9-bd76-90bd900d8396-140222629222208", "trial_id": 4, "param_name": "random_seed", "param_value_internal": 0, "distribution": "{\"name\": \"CategoricalDistribution\", \"attributes\": {\"choices\": [42]}}"}
{"op_code": 5, "worker_id": "bdb89eef-79aa-45d9-bd76-90bd900d8396-140222629222208", "trial_id": 4, "param_name": "degree", "param_value_internal": 0, "distribution": "{\"name\": \"CategoricalDistribution\", \"attributes\": {\"choices\": [0]}}"}
{"op_code": 8, "worker_id": "bdb89eef-79aa-45d9-bd76-90bd900d8396-140222629222208", "trial_id": 4, "user_attr": {"best_epoch": 0}}
{"op_code": 8, "worker_id": "bdb89eef-79aa-45d9-bd76-90bd900d8396-140222629222208", "trial_id": 4, "user_attr": {"test_loss": 0.4535608358902181}}
{"op_code": 6, "worker_id": "bdb89eef-79aa-45d9-bd76-90bd900d8396-140222629222208", "trial_id": 4, "state": 1, "values": [0.44877131352062866], "datetime_complete": "2024-09-02T09:04:27.191299"}
{"op_code": 4, "worker_id": "bdb89eef-79aa-45d9-bd76-90bd900d8396-140222629222208", "study_id": 0, "datetime_start": "2024-09-02T09:04:27.204794"}
{"op_code": 5, "worker_id": "bdb89eef-79aa-45d9-bd76-90bd900d8396-140222629222208", "trial_id": 5, "param_name": "lr", "param_value_internal": 1.0994335574766187e-05, "distribution": "{\"name\": \"FloatDistribution\", \"attributes\": {\"step\": null, \"low\": 1e-05, \"high\": 0.001, \"log\": true}}"}
{"op_code": 5, "worker_id": "bdb89eef-79aa-45d9-bd76-90bd900d8396-140222629222208", "trial_id": 5, "param_name": "l2reg", "param_value_internal": 0.0007072114131472234, "distribution": "{\"name\": \"FloatDistribution\", \"attributes\": {\"step\": null, \"low\": 1e-08, \"high\": 0.001, \"log\": true}}"}
{"op_code": 5, "worker_id": "bdb89eef-79aa-45d9-bd76-90bd900d8396-140222629222208", "trial_id": 5, "param_name": "random_seed", "param_value_internal": 0, "distribution": "{\"name\": \"CategoricalDistribution\", \"attributes\": {\"choices\": [42]}}"}
{"op_code": 5, "worker_id": "bdb89eef-79aa-45d9-bd76-90bd900d8396-140222629222208", "trial_id": 5, "param_name": "degree", "param_value_internal": 0, "distribution": "{\"name\": \"CategoricalDistribution\", \"attributes\": {\"choices\": [0]}}"}
{"op_code": 8, "worker_id": "bdb89eef-79aa-45d9-bd76-90bd900d8396-140222629222208", "trial_id": 5, "user_attr": {"best_epoch": 9}}
{"op_code": 8, "worker_id": "bdb89eef-79aa-45d9-bd76-90bd900d8396-140222629222208", "trial_id": 5, "user_attr": {"test_loss": 0.45494581409720675}}
{"op_code": 6, "worker_id": "bdb89eef-79aa-45d9-bd76-90bd900d8396-140222629222208", "trial_id": 5, "state": 1, "values": [0.44992872587674426], "datetime_complete": "2024-09-02T09:56:58.416019"}
{"op_code": 4, "worker_id": "bdb89eef-79aa-45d9-bd76-90bd900d8396-140222629222208", "study_id": 0, "datetime_start": "2024-09-02T09:56:58.424896"}
{"op_code": 5, "worker_id": "bdb89eef-79aa-45d9-bd76-90bd900d8396-140222629222208", "trial_id": 6, "param_name": "lr", "param_value_internal": 0.000462258900102083, "distribution": "{\"name\": \"FloatDistribution\", \"attributes\": {\"step\": null, \"low\": 1e-05, \"high\": 0.001, \"log\": true}}"}
{"op_code": 5, "worker_id": "bdb89eef-79aa-45d9-bd76-90bd900d8396-140222629222208", "trial_id": 6, "param_name": "l2reg", "param_value_internal": 1.1526449540315595e-07, "distribution": "{\"name\": \"FloatDistribution\", \"attributes\": {\"step\": null, \"low\": 1e-08, \"high\": 0.001, \"log\": true}}"}
{"op_code": 5, "worker_id": "bdb89eef-79aa-45d9-bd76-90bd900d8396-140222629222208", "trial_id": 6, "param_name": "random_seed", "param_value_internal": 0, "distribution": "{\"name\": \"CategoricalDistribution\", \"attributes\": {\"choices\": [42]}}"}
{"op_code": 5, "worker_id": "bdb89eef-79aa-45d9-bd76-90bd900d8396-140222629222208", "trial_id": 6, "param_name": "degree", "param_value_internal": 0, "distribution": "{\"name\": \"CategoricalDistribution\", \"attributes\": {\"choices\": [0]}}"}
{"op_code": 8, "worker_id": "bdb89eef-79aa-45d9-bd76-90bd900d8396-140222629222208", "trial_id": 6, "user_attr": {"best_epoch": 0}}
{"op_code": 8, "worker_id": "bdb89eef-79aa-45d9-bd76-90bd900d8396-140222629222208", "trial_id": 6, "user_attr": {"test_loss": 0.4533504111299733}}
{"op_code": 6, "worker_id": "bdb89eef-79aa-45d9-bd76-90bd900d8396-140222629222208", "trial_id": 6, "state": 1, "values": [0.44863368994572933], "datetime_complete": "2024-09-02T10:18:52.495361"}
{"op_code": 4, "worker_id": "bdb89eef-79aa-45d9-bd76-90bd900d8396-140222629222208", "study_id": 0, "datetime_start": "2024-09-02T10:18:52.507324"}
{"op_code": 5, "worker_id": "bdb89eef-79aa-45d9-bd76-90bd900d8396-140222629222208", "trial_id": 7, "param_name": "lr", "param_value_internal": 2.3102018878452926e-05, "distribution": "{\"name\": \"FloatDistribution\", \"attributes\": {\"step\": null, \"low\": 1e-05, \"high\": 0.001, \"log\": true}}"}
{"op_code": 5, "worker_id": "bdb89eef-79aa-45d9-bd76-90bd900d8396-140222629222208", "trial_id": 7, "param_name": "l2reg", "param_value_internal": 8.260808399079588e-08, "distribution": "{\"name\": \"FloatDistribution\", \"attributes\": {\"step\": null, \"low\": 1e-08, \"high\": 0.001, \"log\": true}}"}
{"op_code": 5, "worker_id": "bdb89eef-79aa-45d9-bd76-90bd900d8396-140222629222208", "trial_id": 7, "param_name": "random_seed", "param_value_internal": 0, "distribution": "{\"name\": \"CategoricalDistribution\", \"attributes\": {\"choices\": [42]}}"}
{"op_code": 5, "worker_id": "bdb89eef-79aa-45d9-bd76-90bd900d8396-140222629222208", "trial_id": 7, "param_name": "degree", "param_value_internal": 0, "distribution": "{\"name\": \"CategoricalDistribution\", \"attributes\": {\"choices\": [0]}}"}
{"op_code": 8, "worker_id": "bdb89eef-79aa-45d9-bd76-90bd900d8396-140222629222208", "trial_id": 7, "user_attr": {"best_epoch": 6}}
{"op_code": 8, "worker_id": "bdb89eef-79aa-45d9-bd76-90bd900d8396-140222629222208", "trial_id": 7, "user_attr": {"test_loss": 0.45386834159482115}}
{"op_code": 6, "worker_id": "bdb89eef-79aa-45d9-bd76-90bd900d8396-140222629222208", "trial_id": 7, "state": 1, "values": [0.4485552387816744], "datetime_complete": "2024-09-02T11:11:22.533561"}
{"op_code": 4, "worker_id": "bdb89eef-79aa-45d9-bd76-90bd900d8396-140222629222208", "study_id": 0, "datetime_start": "2024-09-02T11:11:22.542975"}
{"op_code": 5, "worker_id": "bdb89eef-79aa-45d9-bd76-90bd900d8396-140222629222208", "trial_id": 8, "param_name": "lr", "param_value_internal": 4.059611610484306e-05, "distribution": "{\"name\": \"FloatDistribution\", \"attributes\": {\"step\": null, \"low\": 1e-05, \"high\": 0.001, \"log\": true}}"}
{"op_code": 5, "worker_id": "bdb89eef-79aa-45d9-bd76-90bd900d8396-140222629222208", "trial_id": 8, "param_name": "l2reg", "param_value_internal": 4.2051564509138674e-06, "distribution": "{\"name\": \"FloatDistribution\", \"attributes\": {\"step\": null, \"low\": 1e-08, \"high\": 0.001, \"log\": true}}"}
{"op_code": 5, "worker_id": "bdb89eef-79aa-45d9-bd76-90bd900d8396-140222629222208", "trial_id": 8, "param_name": "random_seed", "param_value_internal": 0, "distribution": "{\"name\": \"CategoricalDistribution\", \"attributes\": {\"choices\": [42]}}"}
{"op_code": 5, "worker_id": "bdb89eef-79aa-45d9-bd76-90bd900d8396-140222629222208", "trial_id": 8, "param_name": "degree", "param_value_internal": 0, "distribution": "{\"name\": \"CategoricalDistribution\", \"attributes\": {\"choices\": [0]}}"}
{"op_code": 8, "worker_id": "bdb89eef-79aa-45d9-bd76-90bd900d8396-140222629222208", "trial_id": 8, "user_attr": {"best_epoch": 3}}
{"op_code": 8, "worker_id": "bdb89eef-79aa-45d9-bd76-90bd900d8396-140222629222208", "trial_id": 8, "user_attr": {"test_loss": 0.45351403241488064}}
{"op_code": 6, "worker_id": "bdb89eef-79aa-45d9-bd76-90bd900d8396-140222629222208", "trial_id": 8, "state": 1, "values": [0.4485413046333143], "datetime_complete": "2024-09-02T11:48:32.057450"}
{"op_code": 4, "worker_id": "bdb89eef-79aa-45d9-bd76-90bd900d8396-140222629222208", "study_id": 0, "datetime_start": "2024-09-02T11:48:32.066180"}
{"op_code": 5, "worker_id": "bdb89eef-79aa-45d9-bd76-90bd900d8396-140222629222208", "trial_id": 9, "param_name": "lr", "param_value_internal": 7.309539835912905e-05, "distribution": "{\"name\": \"FloatDistribution\", \"attributes\": {\"step\": null, \"low\": 1e-05, \"high\": 0.001, \"log\": true}}"}
{"op_code": 5, "worker_id": "bdb89eef-79aa-45d9-bd76-90bd900d8396-140222629222208", "trial_id": 9, "param_name": "l2reg", "param_value_internal": 2.8585493941961875e-07, "distribution": "{\"name\": \"FloatDistribution\", \"attributes\": {\"step\": null, \"low\": 1e-08, \"high\": 0.001, \"log\": true}}"}
{"op_code": 5, "worker_id": "bdb89eef-79aa-45d9-bd76-90bd900d8396-140222629222208", "trial_id": 9, "param_name": "random_seed", "param_value_internal": 0, "distribution": "{\"name\": \"CategoricalDistribution\", \"attributes\": {\"choices\": [42]}}"}
{"op_code": 5, "worker_id": "bdb89eef-79aa-45d9-bd76-90bd900d8396-140222629222208", "trial_id": 9, "param_name": "degree", "param_value_internal": 0, "distribution": "{\"name\": \"CategoricalDistribution\", \"attributes\": {\"choices\": [0]}}"}
{"op_code": 8, "worker_id": "bdb89eef-79aa-45d9-bd76-90bd900d8396-140222629222208", "trial_id": 9, "user_attr": {"best_epoch": 1}}
{"op_code": 8, "worker_id": "bdb89eef-79aa-45d9-bd76-90bd900d8396-140222629222208", "trial_id": 9, "user_attr": {"test_loss": 0.45257651222945033}}
{"op_code": 6, "worker_id": "bdb89eef-79aa-45d9-bd76-90bd900d8396-140222629222208", "trial_id": 9, "state": 1, "values": [0.44768525163926665], "datetime_complete": "2024-09-02T12:15:29.937063"}
{"op_code": 4, "worker_id": "bdb89eef-79aa-45d9-bd76-90bd900d8396-140222629222208", "study_id": 0, "datetime_start": "2024-09-02T12:15:29.948898"}
{"op_code": 5, "worker_id": "bdb89eef-79aa-45d9-bd76-90bd900d8396-140222629222208", "trial_id": 10, "param_name": "lr", "param_value_internal": 0.0001104450886277808, "distribution": "{\"name\": \"FloatDistribution\", \"attributes\": {\"step\": null, \"low\": 1e-05, \"high\": 0.001, \"log\": true}}"}
{"op_code": 5, "worker_id": "bdb89eef-79aa-45d9-bd76-90bd900d8396-140222629222208", "trial_id": 10, "param_name": "l2reg", "param_value_internal": 6.344493151988628e-07, "distribution": "{\"name\": \"FloatDistribution\", \"attributes\": {\"step\": null, \"low\": 1e-08, \"high\": 0.001, \"log\": true}}"}
{"op_code": 5, "worker_id": "bdb89eef-79aa-45d9-bd76-90bd900d8396-140222629222208", "trial_id": 10, "param_name": "random_seed", "param_value_internal": 0, "distribution": "{\"name\": \"CategoricalDistribution\", \"attributes\": {\"choices\": [42]}}"}
{"op_code": 5, "worker_id": "bdb89eef-79aa-45d9-bd76-90bd900d8396-140222629222208", "trial_id": 10, "param_name": "degree", "param_value_internal": 0, "distribution": "{\"name\": \"CategoricalDistribution\", \"attributes\": {\"choices\": [0]}}"}
{"op_code": 8, "worker_id": "bdb89eef-79aa-45d9-bd76-90bd900d8396-140222629222208", "trial_id": 10, "user_attr": {"best_epoch": 1}}
{"op_code": 8, "worker_id": "bdb89eef-79aa-45d9-bd76-90bd900d8396-140222629222208", "trial_id": 10, "user_attr": {"test_loss": 0.4528548134816609}}
{"op_code": 6, "worker_id": "bdb89eef-79aa-45d9-bd76-90bd900d8396-140222629222208", "trial_id": 10, "state": 1, "values": [0.44801207422587214], "datetime_complete": "2024-09-02T12:42:28.025680"}
{"op_code": 4, "worker_id": "bdb89eef-79aa-45d9-bd76-90bd900d8396-140222629222208", "study_id": 0, "datetime_start": "2024-09-02T12:42:28.034330"}
{"op_code": 5, "worker_id": "bdb89eef-79aa-45d9-bd76-90bd900d8396-140222629222208", "trial_id": 11, "param_name": "lr", "param_value_internal": 5.238820305791146e-05, "distribution": "{\"name\": \"FloatDistribution\", \"attributes\": {\"step\": null, \"low\": 1e-05, \"high\": 0.001, \"log\": true}}"}
{"op_code": 5, "worker_id": "bdb89eef-79aa-45d9-bd76-90bd900d8396-140222629222208", "trial_id": 11, "param_name": "l2reg", "param_value_internal": 1.219601957885363e-08, "distribution": "{\"name\": \"FloatDistribution\", \"attributes\": {\"step\": null, \"low\": 1e-08, \"high\": 0.001, \"log\": true}}"}
{"op_code": 5, "worker_id": "bdb89eef-79aa-45d9-bd76-90bd900d8396-140222629222208", "trial_id": 11, "param_name": "random_seed", "param_value_internal": 0, "distribution": "{\"name\": \"CategoricalDistribution\", \"attributes\": {\"choices\": [42]}}"}
{"op_code": 5, "worker_id": "bdb89eef-79aa-45d9-bd76-90bd900d8396-140222629222208", "trial_id": 11, "param_name": "degree", "param_value_internal": 0, "distribution": "{\"name\": \"CategoricalDistribution\", \"attributes\": {\"choices\": [0]}}"}
{"op_code": 8, "worker_id": "bdb89eef-79aa-45d9-bd76-90bd900d8396-140222629222208", "trial_id": 11, "user_attr": {"best_epoch": 2}}
{"op_code": 8, "worker_id": "bdb89eef-79aa-45d9-bd76-90bd900d8396-140222629222208", "trial_id": 11, "user_attr": {"test_loss": 0.4527825086021428}}
{"op_code": 6, "worker_id": "bdb89eef-79aa-45d9-bd76-90bd900d8396-140222629222208", "trial_id": 11, "state": 1, "values": [0.4477831724352768], "datetime_complete": "2024-09-02T13:14:32.530608"}
{"op_code": 4, "worker_id": "bdb89eef-79aa-45d9-bd76-90bd900d8396-140222629222208", "study_id": 0, "datetime_start": "2024-09-02T13:14:32.541978"}
{"op_code": 5, "worker_id": "bdb89eef-79aa-45d9-bd76-90bd900d8396-140222629222208", "trial_id": 12, "param_name": "lr", "param_value_internal": 6.005508920840953e-05, "distribution": "{\"name\": \"FloatDistribution\", \"attributes\": {\"step\": null, \"low\": 1e-05, \"high\": 0.001, \"log\": true}}"}
{"op_code": 5, "worker_id": "bdb89eef-79aa-45d9-bd76-90bd900d8396-140222629222208", "trial_id": 12, "param_name": "l2reg", "param_value_internal": 7.340461609226715e-07, "distribution": "{\"name\": \"FloatDistribution\", \"attributes\": {\"step\": null, \"low\": 1e-08, \"high\": 0.001, \"log\": true}}"}
{"op_code": 5, "worker_id": "bdb89eef-79aa-45d9-bd76-90bd900d8396-140222629222208", "trial_id": 12, "param_name": "random_seed", "param_value_internal": 0, "distribution": "{\"name\": \"CategoricalDistribution\", \"attributes\": {\"choices\": [42]}}"}
{"op_code": 5, "worker_id": "bdb89eef-79aa-45d9-bd76-90bd900d8396-140222629222208", "trial_id": 12, "param_name": "degree", "param_value_internal": 0, "distribution": "{\"name\": \"CategoricalDistribution\", \"attributes\": {\"choices\": [0]}}"}
{"op_code": 8, "worker_id": "bdb89eef-79aa-45d9-bd76-90bd900d8396-140222629222208", "trial_id": 12, "user_attr": {"best_epoch": 2}}
{"op_code": 8, "worker_id": "bdb89eef-79aa-45d9-bd76-90bd900d8396-140222629222208", "trial_id": 12, "user_attr": {"test_loss": 0.45293127951844797}}
{"op_code": 6, "worker_id": "bdb89eef-79aa-45d9-bd76-90bd900d8396-140222629222208", "trial_id": 12, "state": 1, "values": [0.44787838275311287], "datetime_complete": "2024-09-02T13:46:36.508623"}
{"op_code": 4, "worker_id": "bdb89eef-79aa-45d9-bd76-90bd900d8396-140222629222208", "study_id": 0, "datetime_start": "2024-09-02T13:46:36.517213"}
{"op_code": 5, "worker_id": "bdb89eef-79aa-45d9-bd76-90bd900d8396-140222629222208", "trial_id": 13, "param_name": "lr", "param_value_internal": 0.00017784765126709995, "distribution": "{\"name\": \"FloatDistribution\", \"attributes\": {\"step\": null, \"low\": 1e-05, \"high\": 0.001, \"log\": true}}"}
{"op_code": 5, "worker_id": "bdb89eef-79aa-45d9-bd76-90bd900d8396-140222629222208", "trial_id": 13, "param_name": "l2reg", "param_value_internal": 3.9887570332001366e-05, "distribution": "{\"name\": \"FloatDistribution\", \"attributes\": {\"step\": null, \"low\": 1e-08, \"high\": 0.001, \"log\": true}}"}
{"op_code": 5, "worker_id": "bdb89eef-79aa-45d9-bd76-90bd900d8396-140222629222208", "trial_id": 13, "param_name": "random_seed", "param_value_internal": 0, "distribution": "{\"name\": \"CategoricalDistribution\", \"attributes\": {\"choices\": [42]}}"}
{"op_code": 5, "worker_id": "bdb89eef-79aa-45d9-bd76-90bd900d8396-140222629222208", "trial_id": 13, "param_name": "degree", "param_value_internal": 0, "distribution": "{\"name\": \"CategoricalDistribution\", \"attributes\": {\"choices\": [0]}}"}
{"op_code": 8, "worker_id": "bdb89eef-79aa-45d9-bd76-90bd900d8396-140222629222208", "trial_id": 13, "user_attr": {"best_epoch": 0}}
{"op_code": 8, "worker_id": "bdb89eef-79aa-45d9-bd76-90bd900d8396-140222629222208", "trial_id": 13, "user_attr": {"test_loss": 0.45339744365983936}}
{"op_code": 6, "worker_id": "bdb89eef-79aa-45d9-bd76-90bd900d8396-140222629222208", "trial_id": 13, "state": 1, "values": [0.4486136095017912], "datetime_complete": "2024-09-02T14:08:29.215406"}
{"op_code": 4, "worker_id": "bdb89eef-79aa-45d9-bd76-90bd900d8396-140222629222208", "study_id": 0, "datetime_start": "2024-09-02T14:08:29.224070"}
{"op_code": 5, "worker_id": "bdb89eef-79aa-45d9-bd76-90bd900d8396-140222629222208", "trial_id": 14, "param_name": "lr", "param_value_internal": 0.0007832921114568409, "distribution": "{\"name\": \"FloatDistribution\", \"attributes\": {\"step\": null, \"low\": 1e-05, \"high\": 0.001, \"log\": true}}"}
{"op_code": 5, "worker_id": "bdb89eef-79aa-45d9-bd76-90bd900d8396-140222629222208", "trial_id": 14, "param_name": "l2reg", "param_value_internal": 7.907172569000156e-07, "distribution": "{\"name\": \"FloatDistribution\", \"attributes\": {\"step\": null, \"low\": 1e-08, \"high\": 0.001, \"log\": true}}"}
{"op_code": 5, "worker_id": "bdb89eef-79aa-45d9-bd76-90bd900d8396-140222629222208", "trial_id": 14, "param_name": "random_seed", "param_value_internal": 0, "distribution": "{\"name\": \"CategoricalDistribution\", \"attributes\": {\"choices\": [42]}}"}
{"op_code": 5, "worker_id": "bdb89eef-79aa-45d9-bd76-90bd900d8396-140222629222208", "trial_id": 14, "param_name": "degree", "param_value_internal": 0, "distribution": "{\"name\": \"CategoricalDistribution\", \"attributes\": {\"choices\": [0]}}"}
{"op_code": 8, "worker_id": "bdb89eef-79aa-45d9-bd76-90bd900d8396-140222629222208", "trial_id": 14, "user_attr": {"best_epoch": 0}}
{"op_code": 8, "worker_id": "bdb89eef-79aa-45d9-bd76-90bd900d8396-140222629222208", "trial_id": 14, "user_attr": {"test_loss": 0.45382363778599555}}
{"op_code": 6, "worker_id": "bdb89eef-79aa-45d9-bd76-90bd900d8396-140222629222208", "trial_id": 14, "state": 1, "values": [0.44915791933006144], "datetime_complete": "2024-09-02T14:30:23.100290"}
{"op_code": 4, "worker_id": "bdb89eef-79aa-45d9-bd76-90bd900d8396-140222629222208", "study_id": 0, "datetime_start": "2024-09-02T14:30:23.109188"}
{"op_code": 5, "worker_id": "bdb89eef-79aa-45d9-bd76-90bd900d8396-140222629222208", "trial_id": 15, "param_name": "lr", "param_value_internal": 8.363109174799811e-05, "distribution": "{\"name\": \"FloatDistribution\", \"attributes\": {\"step\": null, \"low\": 1e-05, \"high\": 0.001, \"log\": true}}"}
{"op_code": 5, "worker_id": "bdb89eef-79aa-45d9-bd76-90bd900d8396-140222629222208", "trial_id": 15, "param_name": "l2reg", "param_value_internal": 7.561219687267911e-05, "distribution": "{\"name\": \"FloatDistribution\", \"attributes\": {\"step\": null, \"low\": 1e-08, \"high\": 0.001, \"log\": true}}"}
{"op_code": 5, "worker_id": "bdb89eef-79aa-45d9-bd76-90bd900d8396-140222629222208", "trial_id": 15, "param_name": "random_seed", "param_value_internal": 0, "distribution": "{\"name\": \"CategoricalDistribution\", \"attributes\": {\"choices\": [42]}}"}
{"op_code": 5, "worker_id": "bdb89eef-79aa-45d9-bd76-90bd900d8396-140222629222208", "trial_id": 15, "param_name": "degree", "param_value_internal": 0, "distribution": "{\"name\": \"CategoricalDistribution\", \"attributes\": {\"choices\": [0]}}"}
{"op_code": 8, "worker_id": "bdb89eef-79aa-45d9-bd76-90bd900d8396-140222629222208", "trial_id": 15, "user_attr": {"best_epoch": 1}}
{"op_code": 8, "worker_id": "bdb89eef-79aa-45d9-bd76-90bd900d8396-140222629222208", "trial_id": 15, "user_attr": {"test_loss": 0.45241010411444543}}
{"op_code": 6, "worker_id": "bdb89eef-79aa-45d9-bd76-90bd900d8396-140222629222208", "trial_id": 15, "state": 1, "values": [0.4475333885100158], "datetime_complete": "2024-09-02T14:57:21.799282"}
{"op_code": 4, "worker_id": "bdb89eef-79aa-45d9-bd76-90bd900d8396-140222629222208", "study_id": 0, "datetime_start": "2024-09-02T14:57:21.810048"}
{"op_code": 5, "worker_id": "bdb89eef-79aa-45d9-bd76-90bd900d8396-140222629222208", "trial_id": 16, "param_name": "lr", "param_value_internal": 8.65126314754689e-05, "distribution": "{\"name\": \"FloatDistribution\", \"attributes\": {\"step\": null, \"low\": 1e-05, \"high\": 0.001, \"log\": true}}"}
{"op_code": 5, "worker_id": "bdb89eef-79aa-45d9-bd76-90bd900d8396-140222629222208", "trial_id": 16, "param_name": "l2reg", "param_value_internal": 5.202519849106907e-05, "distribution": "{\"name\": \"FloatDistribution\", \"attributes\": {\"step\": null, \"low\": 1e-08, \"high\": 0.001, \"log\": true}}"}
{"op_code": 5, "worker_id": "bdb89eef-79aa-45d9-bd76-90bd900d8396-140222629222208", "trial_id": 16, "param_name": "random_seed", "param_value_internal": 0, "distribution": "{\"name\": \"CategoricalDistribution\", \"attributes\": {\"choices\": [42]}}"}
{"op_code": 5, "worker_id": "bdb89eef-79aa-45d9-bd76-90bd900d8396-140222629222208", "trial_id": 16, "param_name": "degree", "param_value_internal": 0, "distribution": "{\"name\": \"CategoricalDistribution\", \"attributes\": {\"choices\": [0]}}"}
{"op_code": 8, "worker_id": "bdb89eef-79aa-45d9-bd76-90bd900d8396-140222629222208", "trial_id": 16, "user_attr": {"best_epoch": 1}}
{"op_code": 8, "worker_id": "bdb89eef-79aa-45d9-bd76-90bd900d8396-140222629222208", "trial_id": 16, "user_attr": {"test_loss": 0.45241086762954064}}
{"op_code": 6, "worker_id": "bdb89eef-79aa-45d9-bd76-90bd900d8396-140222629222208", "trial_id": 16, "state": 1, "values": [0.447538313181628], "datetime_complete": "2024-09-02T15:24:20.381959"}
{"op_code": 4, "worker_id": "bdb89eef-79aa-45d9-bd76-90bd900d8396-140222629222208", "study_id": 0, "datetime_start": "2024-09-02T15:24:20.390528"}
{"op_code": 5, "worker_id": "bdb89eef-79aa-45d9-bd76-90bd900d8396-140222629222208", "trial_id": 17, "param_name": "lr", "param_value_internal": 0.0001117949113293182, "distribution": "{\"name\": \"FloatDistribution\", \"attributes\": {\"step\": null, \"low\": 1e-05, \"high\": 0.001, \"log\": true}}"}
{"op_code": 5, "worker_id": "bdb89eef-79aa-45d9-bd76-90bd900d8396-140222629222208", "trial_id": 17, "param_name": "l2reg", "param_value_internal": 8.247989706168953e-05, "distribution": "{\"name\": \"FloatDistribution\", \"attributes\": {\"step\": null, \"low\": 1e-08, \"high\": 0.001, \"log\": true}}"}
{"op_code": 5, "worker_id": "bdb89eef-79aa-45d9-bd76-90bd900d8396-140222629222208", "trial_id": 17, "param_name": "random_seed", "param_value_internal": 0, "distribution": "{\"name\": \"CategoricalDistribution\", \"attributes\": {\"choices\": [42]}}"}
{"op_code": 5, "worker_id": "bdb89eef-79aa-45d9-bd76-90bd900d8396-140222629222208", "trial_id": 17, "param_name": "degree", "param_value_internal": 0, "distribution": "{\"name\": \"CategoricalDistribution\", \"attributes\": {\"choices\": [0]}}"}
{"op_code": 8, "worker_id": "bdb89eef-79aa-45d9-bd76-90bd900d8396-140222629222208", "trial_id": 17, "user_attr": {"best_epoch": 1}}
{"op_code": 8, "worker_id": "bdb89eef-79aa-45d9-bd76-90bd900d8396-140222629222208", "trial_id": 17, "user_attr": {"test_loss": 0.45289539430897224}}
{"op_code": 6, "worker_id": "bdb89eef-79aa-45d9-bd76-90bd900d8396-140222629222208", "trial_id": 17, "state": 1, "values": [0.44805360944071], "datetime_complete": "2024-09-02T15:51:21.260726"}
{"op_code": 4, "worker_id": "bdb89eef-79aa-45d9-bd76-90bd900d8396-140222629222208", "study_id": 0, "datetime_start": "2024-09-02T15:51:21.269344"}
{"op_code": 5, "worker_id": "bdb89eef-79aa-45d9-bd76-90bd900d8396-140222629222208", "trial_id": 18, "param_name": "lr", "param_value_internal": 0.0002592150666337758, "distribution": "{\"name\": \"FloatDistribution\", \"attributes\": {\"step\": null, \"low\": 1e-05, \"high\": 0.001, \"log\": true}}"}
{"op_code": 5, "worker_id": "bdb89eef-79aa-45d9-bd76-90bd900d8396-140222629222208", "trial_id": 18, "param_name": "l2reg", "param_value_internal": 9.086950863125907e-06, "distribution": "{\"name\": \"FloatDistribution\", \"attributes\": {\"step\": null, \"low\": 1e-08, \"high\": 0.001, \"log\": true}}"}
{"op_code": 5, "worker_id": "bdb89eef-79aa-45d9-bd76-90bd900d8396-140222629222208", "trial_id": 18, "param_name": "random_seed", "param_value_internal": 0, "distribution": "{\"name\": \"CategoricalDistribution\", \"attributes\": {\"choices\": [42]}}"}
{"op_code": 5, "worker_id": "bdb89eef-79aa-45d9-bd76-90bd900d8396-140222629222208", "trial_id": 18, "param_name": "degree", "param_value_internal": 0, "distribution": "{\"name\": \"CategoricalDistribution\", \"attributes\": {\"choices\": [0]}}"}
{"op_code": 8, "worker_id": "bdb89eef-79aa-45d9-bd76-90bd900d8396-140222629222208", "trial_id": 18, "user_attr": {"best_epoch": 0}}
{"op_code": 8, "worker_id": "bdb89eef-79aa-45d9-bd76-90bd900d8396-140222629222208", "trial_id": 18, "user_attr": {"test_loss": 0.45317984185769944}}
{"op_code": 6, "worker_id": "bdb89eef-79aa-45d9-bd76-90bd900d8396-140222629222208", "trial_id": 18, "state": 1, "values": [0.4484362067965049], "datetime_complete": "2024-09-02T16:13:13.541736"}
{"op_code": 4, "worker_id": "bdb89eef-79aa-45d9-bd76-90bd900d8396-140222629222208", "study_id": 0, "datetime_start": "2024-09-02T16:13:13.550585"}
{"op_code": 5, "worker_id": "bdb89eef-79aa-45d9-bd76-90bd900d8396-140222629222208", "trial_id": 19, "param_name": "lr", "param_value_internal": 3.242288603594542e-05, "distribution": "{\"name\": \"FloatDistribution\", \"attributes\": {\"step\": null, \"low\": 1e-05, \"high\": 0.001, \"log\": true}}"}
{"op_code": 5, "worker_id": "bdb89eef-79aa-45d9-bd76-90bd900d8396-140222629222208", "trial_id": 19, "param_name": "l2reg", "param_value_internal": 0.00015898373105392876, "distribution": "{\"name\": \"FloatDistribution\", \"attributes\": {\"step\": null, \"low\": 1e-08, \"high\": 0.001, \"log\": true}}"}
{"op_code": 5, "worker_id": "bdb89eef-79aa-45d9-bd76-90bd900d8396-140222629222208", "trial_id": 19, "param_name": "random_seed", "param_value_internal": 0, "distribution": "{\"name\": \"CategoricalDistribution\", \"attributes\": {\"choices\": [42]}}"}
{"op_code": 5, "worker_id": "bdb89eef-79aa-45d9-bd76-90bd900d8396-140222629222208", "trial_id": 19, "param_name": "degree", "param_value_internal": 0, "distribution": "{\"name\": \"CategoricalDistribution\", \"attributes\": {\"choices\": [0]}}"}
{"op_code": 8, "worker_id": "bdb89eef-79aa-45d9-bd76-90bd900d8396-140222629222208", "trial_id": 19, "user_attr": {"best_epoch": 4}}
{"op_code": 8, "worker_id": "bdb89eef-79aa-45d9-bd76-90bd900d8396-140222629222208", "trial_id": 19, "user_attr": {"test_loss": 0.45353098244999474}}
{"op_code": 6, "worker_id": "bdb89eef-79aa-45d9-bd76-90bd900d8396-140222629222208", "trial_id": 19, "state": 1, "values": [0.4484953792073493], "datetime_complete": "2024-09-02T16:55:29.520587"}
{"op_code": 4, "worker_id": "bdb89eef-79aa-45d9-bd76-90bd900d8396-140222629222208", "study_id": 0, "datetime_start": "2024-09-02T16:55:29.529243"}
{"op_code": 5, "worker_id": "bdb89eef-79aa-45d9-bd76-90bd900d8396-140222629222208", "trial_id": 20, "param_name": "lr", "param_value_internal": 8.715217525422146e-05, "distribution": "{\"name\": \"FloatDistribution\", \"attributes\": {\"step\": null, \"low\": 1e-05, \"high\": 0.001, \"log\": true}}"}
{"op_code": 5, "worker_id": "bdb89eef-79aa-45d9-bd76-90bd900d8396-140222629222208", "trial_id": 20, "param_name": "l2reg", "param_value_internal": 2.8033866806350266e-05, "distribution": "{\"name\": \"FloatDistribution\", \"attributes\": {\"step\": null, \"low\": 1e-08, \"high\": 0.001, \"log\": true}}"}
{"op_code": 5, "worker_id": "bdb89eef-79aa-45d9-bd76-90bd900d8396-140222629222208", "trial_id": 20, "param_name": "random_seed", "param_value_internal": 0, "distribution": "{\"name\": \"CategoricalDistribution\", \"attributes\": {\"choices\": [42]}}"}
{"op_code": 5, "worker_id": "bdb89eef-79aa-45d9-bd76-90bd900d8396-140222629222208", "trial_id": 20, "param_name": "degree", "param_value_internal": 0, "distribution": "{\"name\": \"CategoricalDistribution\", \"attributes\": {\"choices\": [0]}}"}
{"op_code": 8, "worker_id": "bdb89eef-79aa-45d9-bd76-90bd900d8396-140222629222208", "trial_id": 20, "user_attr": {"best_epoch": 1}}
{"op_code": 8, "worker_id": "bdb89eef-79aa-45d9-bd76-90bd900d8396-140222629222208", "trial_id": 20, "user_attr": {"test_loss": 0.4524130054718073}}
{"op_code": 6, "worker_id": "bdb89eef-79aa-45d9-bd76-90bd900d8396-140222629222208", "trial_id": 20, "state": 1, "values": [0.4475412908900447], "datetime_complete": "2024-09-02T17:22:27.758342"}
{"op_code": 4, "worker_id": "bdb89eef-79aa-45d9-bd76-90bd900d8396-140222629222208", "study_id": 0, "datetime_start": "2024-09-02T17:22:27.767394"}
{"op_code": 5, "worker_id": "bdb89eef-79aa-45d9-bd76-90bd900d8396-140222629222208", "trial_id": 21, "param_name": "lr", "param_value_internal": 8.963095535795223e-05, "distribution": "{\"name\": \"FloatDistribution\", \"attributes\": {\"step\": null, \"low\": 1e-05, \"high\": 0.001, \"log\": true}}"}
{"op_code": 5, "worker_id": "bdb89eef-79aa-45d9-bd76-90bd900d8396-140222629222208", "trial_id": 21, "param_name": "l2reg", "param_value_internal": 2.1206075186945692e-05, "distribution": "{\"name\": \"FloatDistribution\", \"attributes\": {\"step\": null, \"low\": 1e-08, \"high\": 0.001, \"log\": true}}"}
{"op_code": 5, "worker_id": "bdb89eef-79aa-45d9-bd76-90bd900d8396-140222629222208", "trial_id": 21, "param_name": "random_seed", "param_value_internal": 0, "distribution": "{\"name\": \"CategoricalDistribution\", \"attributes\": {\"choices\": [42]}}"}
{"op_code": 5, "worker_id": "bdb89eef-79aa-45d9-bd76-90bd900d8396-140222629222208", "trial_id": 21, "param_name": "degree", "param_value_internal": 0, "distribution": "{\"name\": \"CategoricalDistribution\", \"attributes\": {\"choices\": [0]}}"}
{"op_code": 8, "worker_id": "bdb89eef-79aa-45d9-bd76-90bd900d8396-140222629222208", "trial_id": 21, "user_attr": {"best_epoch": 1}}
{"op_code": 8, "worker_id": "bdb89eef-79aa-45d9-bd76-90bd900d8396-140222629222208", "trial_id": 21, "user_attr": {"test_loss": 0.45242907746456185}}
{"op_code": 6, "worker_id": "bdb89eef-79aa-45d9-bd76-90bd900d8396-140222629222208", "trial_id": 21, "state": 1, "values": [0.44756053146750635], "datetime_complete": "2024-09-02T17:49:25.631907"}
{"op_code": 4, "worker_id": "bdb89eef-79aa-45d9-bd76-90bd900d8396-140222629222208", "study_id": 0, "datetime_start": "2024-09-02T17:49:25.649853"}
{"op_code": 5, "worker_id": "bdb89eef-79aa-45d9-bd76-90bd900d8396-140222629222208", "trial_id": 22, "param_name": "lr", "param_value_internal": 0.00016172763077564202, "distribution": "{\"name\": \"FloatDistribution\", \"attributes\": {\"step\": null, \"low\": 1e-05, \"high\": 0.001, \"log\": true}}"}
{"op_code": 5, "worker_id": "bdb89eef-79aa-45d9-bd76-90bd900d8396-140222629222208", "trial_id": 22, "param_name": "l2reg", "param_value_internal": 0.00010388331210194262, "distribution": "{\"name\": \"FloatDistribution\", \"attributes\": {\"step\": null, \"low\": 1e-08, \"high\": 0.001, \"log\": true}}"}
{"op_code": 5, "worker_id": "bdb89eef-79aa-45d9-bd76-90bd900d8396-140222629222208", "trial_id": 22, "param_name": "random_seed", "param_value_internal": 0, "distribution": "{\"name\": \"CategoricalDistribution\", \"attributes\": {\"choices\": [42]}}"}
{"op_code": 5, "worker_id": "bdb89eef-79aa-45d9-bd76-90bd900d8396-140222629222208", "trial_id": 22, "param_name": "degree", "param_value_internal": 0, "distribution": "{\"name\": \"CategoricalDistribution\", \"attributes\": {\"choices\": [0]}}"}
{"op_code": 8, "worker_id": "bdb89eef-79aa-45d9-bd76-90bd900d8396-140222629222208", "trial_id": 22, "user_attr": {"best_epoch": 0}}
{"op_code": 8, "worker_id": "bdb89eef-79aa-45d9-bd76-90bd900d8396-140222629222208", "trial_id": 22, "user_attr": {"test_loss": 0.4535343800921685}}
{"op_code": 6, "worker_id": "bdb89eef-79aa-45d9-bd76-90bd900d8396-140222629222208", "trial_id": 22, "state": 1, "values": [0.4487457357688443], "datetime_complete": "2024-09-02T18:11:16.299909"}
{"op_code": 4, "worker_id": "bdb89eef-79aa-45d9-bd76-90bd900d8396-140222629222208", "study_id": 0, "datetime_start": "2024-09-02T18:11:16.308988"}
{"op_code": 5, "worker_id": "bdb89eef-79aa-45d9-bd76-90bd900d8396-140222629222208", "trial_id": 23, "param_name": "lr", "param_value_internal": 9.663000402119619e-05, "distribution": "{\"name\": \"FloatDistribution\", \"attributes\": {\"step\": null, \"low\": 1e-05, \"high\": 0.001, \"log\": true}}"}
{"op_code": 5, "worker_id": "bdb89eef-79aa-45d9-bd76-90bd900d8396-140222629222208", "trial_id": 23, "param_name": "l2reg", "param_value_internal": 3.0998507482545667e-06, "distribution": "{\"name\": \"FloatDistribution\", \"attributes\": {\"step\": null, \"low\": 1e-08, \"high\": 0.001, \"log\": true}}"}
{"op_code": 5, "worker_id": "bdb89eef-79aa-45d9-bd76-90bd900d8396-140222629222208", "trial_id": 23, "param_name": "random_seed", "param_value_internal": 0, "distribution": "{\"name\": \"CategoricalDistribution\", \"attributes\": {\"choices\": [42]}}"}
{"op_code": 5, "worker_id": "bdb89eef-79aa-45d9-bd76-90bd900d8396-140222629222208", "trial_id": 23, "param_name": "degree", "param_value_internal": 0, "distribution": "{\"name\": \"CategoricalDistribution\", \"attributes\": {\"choices\": [0]}}"}
{"op_code": 8, "worker_id": "bdb89eef-79aa-45d9-bd76-90bd900d8396-140222629222208", "trial_id": 23, "user_attr": {"best_epoch": 1}}
{"op_code": 8, "worker_id": "bdb89eef-79aa-45d9-bd76-90bd900d8396-140222629222208", "trial_id": 23, "user_attr": {"test_loss": 0.45252115738504634}}
{"op_code": 6, "worker_id": "bdb89eef-79aa-45d9-bd76-90bd900d8396-140222629222208", "trial_id": 23, "state": 1, "values": [0.4476629951776394], "datetime_complete": "2024-09-02T18:38:14.179493"}
{"op_code": 4, "worker_id": "bdb89eef-79aa-45d9-bd76-90bd900d8396-140222629222208", "study_id": 0, "datetime_start": "2024-09-02T18:38:14.188251"}
{"op_code": 5, "worker_id": "bdb89eef-79aa-45d9-bd76-90bd900d8396-140222629222208", "trial_id": 24, "param_name": "lr", "param_value_internal": 3.829287141532562e-05, "distribution": "{\"name\": \"FloatDistribution\", \"attributes\": {\"step\": null, \"low\": 1e-05, \"high\": 0.001, \"log\": true}}"}
{"op_code": 5, "worker_id": "bdb89eef-79aa-45d9-bd76-90bd900d8396-140222629222208", "trial_id": 24, "param_name": "l2reg", "param_value_internal": 0.00031146848663279463, "distribution": "{\"name\": \"FloatDistribution\", \"attributes\": {\"step\": null, \"low\": 1e-08, \"high\": 0.001, \"log\": true}}"}
{"op_code": 5, "worker_id": "bdb89eef-79aa-45d9-bd76-90bd900d8396-140222629222208", "trial_id": 24, "param_name": "random_seed", "param_value_internal": 0, "distribution": "{\"name\": \"CategoricalDistribution\", \"attributes\": {\"choices\": [42]}}"}
{"op_code": 5, "worker_id": "bdb89eef-79aa-45d9-bd76-90bd900d8396-140222629222208", "trial_id": 24, "param_name": "degree", "param_value_internal": 0, "distribution": "{\"name\": \"CategoricalDistribution\", \"attributes\": {\"choices\": [0]}}"}
{"op_code": 8, "worker_id": "bdb89eef-79aa-45d9-bd76-90bd900d8396-140222629222208", "trial_id": 24, "user_attr": {"best_epoch": 3}}
{"op_code": 8, "worker_id": "bdb89eef-79aa-45d9-bd76-90bd900d8396-140222629222208", "trial_id": 24, "user_attr": {"test_loss": 0.4534321454209175}}
{"op_code": 6, "worker_id": "bdb89eef-79aa-45d9-bd76-90bd900d8396-140222629222208", "trial_id": 24, "state": 1, "values": [0.44847415349094316], "datetime_complete": "2024-09-02T19:15:24.914677"}
{"op_code": 4, "worker_id": "bdb89eef-79aa-45d9-bd76-90bd900d8396-140222629222208", "study_id": 0, "datetime_start": "2024-09-02T19:15:24.926027"}
{"op_code": 5, "worker_id": "bdb89eef-79aa-45d9-bd76-90bd900d8396-140222629222208", "trial_id": 25, "param_name": "lr", "param_value_internal": 0.00028961603572682067, "distribution": "{\"name\": \"FloatDistribution\", \"attributes\": {\"step\": null, \"low\": 1e-05, \"high\": 0.001, \"log\": true}}"}
{"op_code": 5, "worker_id": "bdb89eef-79aa-45d9-bd76-90bd900d8396-140222629222208", "trial_id": 25, "param_name": "l2reg", "param_value_internal": 4.784834164448551e-05, "distribution": "{\"name\": \"FloatDistribution\", \"attributes\": {\"step\": null, \"low\": 1e-08, \"high\": 0.001, \"log\": true}}"}
{"op_code": 5, "worker_id": "bdb89eef-79aa-45d9-bd76-90bd900d8396-140222629222208", "trial_id": 25, "param_name": "random_seed", "param_value_internal": 0, "distribution": "{\"name\": \"CategoricalDistribution\", \"attributes\": {\"choices\": [42]}}"}
{"op_code": 5, "worker_id": "bdb89eef-79aa-45d9-bd76-90bd900d8396-140222629222208", "trial_id": 25, "param_name": "degree", "param_value_internal": 0, "distribution": "{\"name\": \"CategoricalDistribution\", \"attributes\": {\"choices\": [0]}}"}
{"op_code": 8, "worker_id": "bdb89eef-79aa-45d9-bd76-90bd900d8396-140222629222208", "trial_id": 25, "user_attr": {"best_epoch": 0}}
{"op_code": 8, "worker_id": "bdb89eef-79aa-45d9-bd76-90bd900d8396-140222629222208", "trial_id": 25, "user_attr": {"test_loss": 0.4531762915125066}}
{"op_code": 6, "worker_id": "bdb89eef-79aa-45d9-bd76-90bd900d8396-140222629222208", "trial_id": 25, "state": 1, "values": [0.4484414368741086], "datetime_complete": "2024-09-02T19:37:15.715054"}
{"op_code": 4, "worker_id": "bdb89eef-79aa-45d9-bd76-90bd900d8396-140222629222208", "study_id": 0, "datetime_start": "2024-09-02T19:37:15.724274"}
{"op_code": 5, "worker_id": "bdb89eef-79aa-45d9-bd76-90bd900d8396-140222629222208", "trial_id": 26, "param_name": "lr", "param_value_internal": 0.00013001901291414798, "distribution": "{\"name\": \"FloatDistribution\", \"attributes\": {\"step\": null, \"low\": 1e-05, \"high\": 0.001, \"log\": true}}"}
{"op_code": 5, "worker_id": "bdb89eef-79aa-45d9-bd76-90bd900d8396-140222629222208", "trial_id": 26, "param_name": "l2reg", "param_value_internal": 1.796422789746899e-05, "distribution": "{\"name\": \"FloatDistribution\", \"attributes\": {\"step\": null, \"low\": 1e-08, \"high\": 0.001, \"log\": true}}"}
{"op_code": 5, "worker_id": "bdb89eef-79aa-45d9-bd76-90bd900d8396-140222629222208", "trial_id": 26, "param_name": "random_seed", "param_value_internal": 0, "distribution": "{\"name\": \"CategoricalDistribution\", \"attributes\": {\"choices\": [42]}}"}
{"op_code": 5, "worker_id": "bdb89eef-79aa-45d9-bd76-90bd900d8396-140222629222208", "trial_id": 26, "param_name": "degree", "param_value_internal": 0, "distribution": "{\"name\": \"CategoricalDistribution\", \"attributes\": {\"choices\": [0]}}"}
{"op_code": 8, "worker_id": "bdb89eef-79aa-45d9-bd76-90bd900d8396-140222629222208", "trial_id": 26, "user_attr": {"best_epoch": 1}}
{"op_code": 8, "worker_id": "bdb89eef-79aa-45d9-bd76-90bd900d8396-140222629222208", "trial_id": 26, "user_attr": {"test_loss": 0.45353350204980897}}
{"op_code": 6, "worker_id": "bdb89eef-79aa-45d9-bd76-90bd900d8396-140222629222208", "trial_id": 26, "state": 1, "values": [0.44870080291235154], "datetime_complete": "2024-09-02T20:04:13.870713"}
{"op_code": 4, "worker_id": "bdb89eef-79aa-45d9-bd76-90bd900d8396-140222629222208", "study_id": 0, "datetime_start": "2024-09-02T20:04:13.882848"}
{"op_code": 5, "worker_id": "bdb89eef-79aa-45d9-bd76-90bd900d8396-140222629222208", "trial_id": 27, "param_name": "lr", "param_value_internal": 7.474443417484965e-05, "distribution": "{\"name\": \"FloatDistribution\", \"attributes\": {\"step\": null, \"low\": 1e-05, \"high\": 0.001, \"log\": true}}"}
{"op_code": 5, "worker_id": "bdb89eef-79aa-45d9-bd76-90bd900d8396-140222629222208", "trial_id": 27, "param_name": "l2reg", "param_value_internal": 4.245179279256677e-06, "distribution": "{\"name\": \"FloatDistribution\", \"attributes\": {\"step\": null, \"low\": 1e-08, \"high\": 0.001, \"log\": true}}"}
{"op_code": 5, "worker_id": "bdb89eef-79aa-45d9-bd76-90bd900d8396-140222629222208", "trial_id": 27, "param_name": "random_seed", "param_value_internal": 0, "distribution": "{\"name\": \"CategoricalDistribution\", \"attributes\": {\"choices\": [42]}}"}
{"op_code": 5, "worker_id": "bdb89eef-79aa-45d9-bd76-90bd900d8396-140222629222208", "trial_id": 27, "param_name": "degree", "param_value_internal": 0, "distribution": "{\"name\": \"CategoricalDistribution\", \"attributes\": {\"choices\": [0]}}"}
{"op_code": 8, "worker_id": "bdb89eef-79aa-45d9-bd76-90bd900d8396-140222629222208", "trial_id": 27, "user_attr": {"best_epoch": 1}}
{"op_code": 8, "worker_id": "bdb89eef-79aa-45d9-bd76-90bd900d8396-140222629222208", "trial_id": 27, "user_attr": {"test_loss": 0.45253012868741527}}
{"op_code": 6, "worker_id": "bdb89eef-79aa-45d9-bd76-90bd900d8396-140222629222208", "trial_id": 27, "state": 1, "values": [0.44764077689176107], "datetime_complete": "2024-09-02T20:31:11.899423"}
{"op_code": 4, "worker_id": "bdb89eef-79aa-45d9-bd76-90bd900d8396-140222629222208", "study_id": 0, "datetime_start": "2024-09-02T20:31:11.908371"}
{"op_code": 5, "worker_id": "bdb89eef-79aa-45d9-bd76-90bd900d8396-140222629222208", "trial_id": 28, "param_name": "lr", "param_value_internal": 0.00021142068688199917, "distribution": "{\"name\": \"FloatDistribution\", \"attributes\": {\"step\": null, \"low\": 1e-05, \"high\": 0.001, \"log\": true}}"}
{"op_code": 5, "worker_id": "bdb89eef-79aa-45d9-bd76-90bd900d8396-140222629222208", "trial_id": 28, "param_name": "l2reg", "param_value_internal": 6.819971903616678e-05, "distribution": "{\"name\": \"FloatDistribution\", \"attributes\": {\"step\": null, \"low\": 1e-08, \"high\": 0.001, \"log\": true}}"}
{"op_code": 5, "worker_id": "bdb89eef-79aa-45d9-bd76-90bd900d8396-140222629222208", "trial_id": 28, "param_name": "random_seed", "param_value_internal": 0, "distribution": "{\"name\": \"CategoricalDistribution\", \"attributes\": {\"choices\": [42]}}"}
{"op_code": 5, "worker_id": "bdb89eef-79aa-45d9-bd76-90bd900d8396-140222629222208", "trial_id": 28, "param_name": "degree", "param_value_internal": 0, "distribution": "{\"name\": \"CategoricalDistribution\", \"attributes\": {\"choices\": [0]}}"}
{"op_code": 8, "worker_id": "bdb89eef-79aa-45d9-bd76-90bd900d8396-140222629222208", "trial_id": 28, "user_attr": {"best_epoch": 0}}
{"op_code": 8, "worker_id": "bdb89eef-79aa-45d9-bd76-90bd900d8396-140222629222208", "trial_id": 28, "user_attr": {"test_loss": 0.4532500088949509}}
{"op_code": 6, "worker_id": "bdb89eef-79aa-45d9-bd76-90bd900d8396-140222629222208", "trial_id": 28, "state": 1, "values": [0.44848003255627866], "datetime_complete": "2024-09-02T20:53:04.038785"}
{"op_code": 4, "worker_id": "bdb89eef-79aa-45d9-bd76-90bd900d8396-140222629222208", "study_id": 0, "datetime_start": "2024-09-02T20:53:04.051111"}
{"op_code": 5, "worker_id": "bdb89eef-79aa-45d9-bd76-90bd900d8396-140222629222208", "trial_id": 29, "param_name": "lr", "param_value_internal": 5.056568715268396e-05, "distribution": "{\"name\": \"FloatDistribution\", \"attributes\": {\"step\": null, \"low\": 1e-05, \"high\": 0.001, \"log\": true}}"}
{"op_code": 5, "worker_id": "bdb89eef-79aa-45d9-bd76-90bd900d8396-140222629222208", "trial_id": 29, "param_name": "l2reg", "param_value_internal": 0.00038957087490199574, "distribution": "{\"name\": \"FloatDistribution\", \"attributes\": {\"step\": null, \"low\": 1e-08, \"high\": 0.001, \"log\": true}}"}
{"op_code": 5, "worker_id": "bdb89eef-79aa-45d9-bd76-90bd900d8396-140222629222208", "trial_id": 29, "param_name": "random_seed", "param_value_internal": 0, "distribution": "{\"name\": \"CategoricalDistribution\", \"attributes\": {\"choices\": [42]}}"}
{"op_code": 5, "worker_id": "bdb89eef-79aa-45d9-bd76-90bd900d8396-140222629222208", "trial_id": 29, "param_name": "degree", "param_value_internal": 0, "distribution": "{\"name\": \"CategoricalDistribution\", \"attributes\": {\"choices\": [0]}}"}
{"op_code": 8, "worker_id": "bdb89eef-79aa-45d9-bd76-90bd900d8396-140222629222208", "trial_id": 29, "user_attr": {"best_epoch": 2}}
{"op_code": 8, "worker_id": "bdb89eef-79aa-45d9-bd76-90bd900d8396-140222629222208", "trial_id": 29, "user_attr": {"test_loss": 0.4528036197945259}}
{"op_code": 6, "worker_id": "bdb89eef-79aa-45d9-bd76-90bd900d8396-140222629222208", "trial_id": 29, "state": 1, "values": [0.44781989750574924], "datetime_complete": "2024-09-02T21:25:06.918539"}
{"op_code": 4, "worker_id": "bdb89eef-79aa-45d9-bd76-90bd900d8396-140222629222208", "study_id": 0, "datetime_start": "2024-09-02T21:25:06.927910"}
{"op_code": 5, "worker_id": "bdb89eef-79aa-45d9-bd76-90bd900d8396-140222629222208", "trial_id": 30, "param_name": "lr", "param_value_internal": 2.631694680101464e-05, "distribution": "{\"name\": \"FloatDistribution\", \"attributes\": {\"step\": null, \"low\": 1e-05, \"high\": 0.001, \"log\": true}}"}
{"op_code": 5, "worker_id": "bdb89eef-79aa-45d9-bd76-90bd900d8396-140222629222208", "trial_id": 30, "param_name": "l2reg", "param_value_internal": 1.9806150985271794e-06, "distribution": "{\"name\": \"FloatDistribution\", \"attributes\": {\"step\": null, \"low\": 1e-08, \"high\": 0.001, \"log\": true}}"}
{"op_code": 5, "worker_id": "bdb89eef-79aa-45d9-bd76-90bd900d8396-140222629222208", "trial_id": 30, "param_name": "random_seed", "param_value_internal": 0, "distribution": "{\"name\": \"CategoricalDistribution\", \"attributes\": {\"choices\": [42]}}"}
{"op_code": 5, "worker_id": "bdb89eef-79aa-45d9-bd76-90bd900d8396-140222629222208", "trial_id": 30, "param_name": "degree", "param_value_internal": 0, "distribution": "{\"name\": \"CategoricalDistribution\", \"attributes\": {\"choices\": [0]}}"}
{"op_code": 8, "worker_id": "bdb89eef-79aa-45d9-bd76-90bd900d8396-140222629222208", "trial_id": 30, "user_attr": {"best_epoch": 5}}
{"op_code": 8, "worker_id": "bdb89eef-79aa-45d9-bd76-90bd900d8396-140222629222208", "trial_id": 30, "user_attr": {"test_loss": 0.45357637342240603}}
{"op_code": 6, "worker_id": "bdb89eef-79aa-45d9-bd76-90bd900d8396-140222629222208", "trial_id": 30, "state": 1, "values": [0.4485110694401603], "datetime_complete": "2024-09-02T22:12:29.436953"}
{"op_code": 4, "worker_id": "bdb89eef-79aa-45d9-bd76-90bd900d8396-140222629222208", "study_id": 0, "datetime_start": "2024-09-02T22:12:29.447246"}
{"op_code": 5, "worker_id": "bdb89eef-79aa-45d9-bd76-90bd900d8396-140222629222208", "trial_id": 31, "param_name": "lr", "param_value_internal": 8.283279867079937e-05, "distribution": "{\"name\": \"FloatDistribution\", \"attributes\": {\"step\": null, \"low\": 1e-05, \"high\": 0.001, \"log\": true}}"}
{"op_code": 5, "worker_id": "bdb89eef-79aa-45d9-bd76-90bd900d8396-140222629222208", "trial_id": 31, "param_name": "l2reg", "param_value_internal": 1.4050827253588444e-05, "distribution": "{\"name\": \"FloatDistribution\", \"attributes\": {\"step\": null, \"low\": 1e-08, \"high\": 0.001, \"log\": true}}"}
{"op_code": 5, "worker_id": "bdb89eef-79aa-45d9-bd76-90bd900d8396-140222629222208", "trial_id": 31, "param_name": "random_seed", "param_value_internal": 0, "distribution": "{\"name\": \"CategoricalDistribution\", \"attributes\": {\"choices\": [42]}}"}
{"op_code": 5, "worker_id": "bdb89eef-79aa-45d9-bd76-90bd900d8396-140222629222208", "trial_id": 31, "param_name": "degree", "param_value_internal": 0, "distribution": "{\"name\": \"CategoricalDistribution\", \"attributes\": {\"choices\": [0]}}"}
{"op_code": 8, "worker_id": "bdb89eef-79aa-45d9-bd76-90bd900d8396-140222629222208", "trial_id": 31, "user_attr": {"best_epoch": 1}}
{"op_code": 8, "worker_id": "bdb89eef-79aa-45d9-bd76-90bd900d8396-140222629222208", "trial_id": 31, "user_attr": {"test_loss": 0.45241273824152395}}
{"op_code": 6, "worker_id": "bdb89eef-79aa-45d9-bd76-90bd900d8396-140222629222208", "trial_id": 31, "state": 1, "values": [0.44753499189147095], "datetime_complete": "2024-09-02T22:39:26.556938"}
{"op_code": 4, "worker_id": "bdb89eef-79aa-45d9-bd76-90bd900d8396-140222629222208", "study_id": 0, "datetime_start": "2024-09-02T22:39:26.566317"}
{"op_code": 5, "worker_id": "bdb89eef-79aa-45d9-bd76-90bd900d8396-140222629222208", "trial_id": 32, "param_name": "lr", "param_value_internal": 7.546542948091857e-05, "distribution": "{\"name\": \"FloatDistribution\", \"attributes\": {\"step\": null, \"low\": 1e-05, \"high\": 0.001, \"log\": true}}"}
{"op_code": 5, "worker_id": "bdb89eef-79aa-45d9-bd76-90bd900d8396-140222629222208", "trial_id": 32, "param_name": "l2reg", "param_value_internal": 9.400865091403482e-06, "distribution": "{\"name\": \"FloatDistribution\", \"attributes\": {\"step\": null, \"low\": 1e-08, \"high\": 0.001, \"log\": true}}"}
{"op_code": 5, "worker_id": "bdb89eef-79aa-45d9-bd76-90bd900d8396-140222629222208", "trial_id": 32, "param_name": "random_seed", "param_value_internal": 0, "distribution": "{\"name\": \"CategoricalDistribution\", \"attributes\": {\"choices\": [42]}}"}
{"op_code": 5, "worker_id": "bdb89eef-79aa-45d9-bd76-90bd900d8396-140222629222208", "trial_id": 32, "param_name": "degree", "param_value_internal": 0, "distribution": "{\"name\": \"CategoricalDistribution\", \"attributes\": {\"choices\": [0]}}"}
{"op_code": 8, "worker_id": "bdb89eef-79aa-45d9-bd76-90bd900d8396-140222629222208", "trial_id": 32, "user_attr": {"best_epoch": 1}}
{"op_code": 8, "worker_id": "bdb89eef-79aa-45d9-bd76-90bd900d8396-140222629222208", "trial_id": 32, "user_attr": {"test_loss": 0.4525123387856964}}
{"op_code": 6, "worker_id": "bdb89eef-79aa-45d9-bd76-90bd900d8396-140222629222208", "trial_id": 32, "state": 1, "values": [0.4476239032107332], "datetime_complete": "2024-09-02T23:06:24.806191"}
{"op_code": 4, "worker_id": "bdb89eef-79aa-45d9-bd76-90bd900d8396-140222629222208", "study_id": 0, "datetime_start": "2024-09-02T23:06:24.815076"}
{"op_code": 5, "worker_id": "bdb89eef-79aa-45d9-bd76-90bd900d8396-140222629222208", "trial_id": 33, "param_name": "lr", "param_value_internal": 0.00012114138367805971, "distribution": "{\"name\": \"FloatDistribution\", \"attributes\": {\"step\": null, \"low\": 1e-05, \"high\": 0.001, \"log\": true}}"}
{"op_code": 5, "worker_id": "bdb89eef-79aa-45d9-bd76-90bd900d8396-140222629222208", "trial_id": 33, "param_name": "l2reg", "param_value_internal": 2.2967760435096953e-05, "distribution": "{\"name\": \"FloatDistribution\", \"attributes\": {\"step\": null, \"low\": 1e-08, \"high\": 0.001, \"log\": true}}"}
{"op_code": 5, "worker_id": "bdb89eef-79aa-45d9-bd76-90bd900d8396-140222629222208", "trial_id": 33, "param_name": "random_seed", "param_value_internal": 0, "distribution": "{\"name\": \"CategoricalDistribution\", \"attributes\": {\"choices\": [42]}}"}
{"op_code": 5, "worker_id": "bdb89eef-79aa-45d9-bd76-90bd900d8396-140222629222208", "trial_id": 33, "param_name": "degree", "param_value_internal": 0, "distribution": "{\"name\": \"CategoricalDistribution\", \"attributes\": {\"choices\": [0]}}"}
{"op_code": 8, "worker_id": "bdb89eef-79aa-45d9-bd76-90bd900d8396-140222629222208", "trial_id": 33, "user_attr": {"best_epoch": 1}}
{"op_code": 8, "worker_id": "bdb89eef-79aa-45d9-bd76-90bd900d8396-140222629222208", "trial_id": 33, "user_attr": {"test_loss": 0.4532024037287634}}
{"op_code": 6, "worker_id": "bdb89eef-79aa-45d9-bd76-90bd900d8396-140222629222208", "trial_id": 33, "state": 1, "values": [0.44836630700021074], "datetime_complete": "2024-09-02T23:33:21.801653"}
{"op_code": 4, "worker_id": "bdb89eef-79aa-45d9-bd76-90bd900d8396-140222629222208", "study_id": 0, "datetime_start": "2024-09-02T23:33:21.810421"}
{"op_code": 5, "worker_id": "bdb89eef-79aa-45d9-bd76-90bd900d8396-140222629222208", "trial_id": 34, "param_name": "lr", "param_value_internal": 5.977799565497151e-05, "distribution": "{\"name\": \"FloatDistribution\", \"attributes\": {\"step\": null, \"low\": 1e-05, \"high\": 0.001, \"log\": true}}"}
{"op_code": 5, "worker_id": "bdb89eef-79aa-45d9-bd76-90bd900d8396-140222629222208", "trial_id": 34, "param_name": "l2reg", "param_value_internal": 0.00014077360909142228, "distribution": "{\"name\": \"FloatDistribution\", \"attributes\": {\"step\": null, \"low\": 1e-08, \"high\": 0.001, \"log\": true}}"}
{"op_code": 5, "worker_id": "bdb89eef-79aa-45d9-bd76-90bd900d8396-140222629222208", "trial_id": 34, "param_name": "random_seed", "param_value_internal": 0, "distribution": "{\"name\": \"CategoricalDistribution\", \"attributes\": {\"choices\": [42]}}"}
{"op_code": 5, "worker_id": "bdb89eef-79aa-45d9-bd76-90bd900d8396-140222629222208", "trial_id": 34, "param_name": "degree", "param_value_internal": 0, "distribution": "{\"name\": \"CategoricalDistribution\", \"attributes\": {\"choices\": [0]}}"}
{"op_code": 8, "worker_id": "bdb89eef-79aa-45d9-bd76-90bd900d8396-140222629222208", "trial_id": 34, "user_attr": {"best_epoch": 2}}
{"op_code": 8, "worker_id": "bdb89eef-79aa-45d9-bd76-90bd900d8396-140222629222208", "trial_id": 34, "user_attr": {"test_loss": 0.4529198649677743}}
{"op_code": 6, "worker_id": "bdb89eef-79aa-45d9-bd76-90bd900d8396-140222629222208", "trial_id": 34, "state": 1, "values": [0.4478690678703735], "datetime_complete": "2024-09-03T00:05:24.498940"}
{"op_code": 4, "worker_id": "bdb89eef-79aa-45d9-bd76-90bd900d8396-140222629222208", "study_id": 0, "datetime_start": "2024-09-03T00:05:24.507363"}
{"op_code": 5, "worker_id": "bdb89eef-79aa-45d9-bd76-90bd900d8396-140222629222208", "trial_id": 35, "param_name": "lr", "param_value_internal": 4.523127175933475e-05, "distribution": "{\"name\": \"FloatDistribution\", \"attributes\": {\"step\": null, \"low\": 1e-05, \"high\": 0.001, \"log\": true}}"}
{"op_code": 5, "worker_id": "bdb89eef-79aa-45d9-bd76-90bd900d8396-140222629222208", "trial_id": 35, "param_name": "l2reg", "param_value_internal": 1.258512367933266e-05, "distribution": "{\"name\": \"FloatDistribution\", \"attributes\": {\"step\": null, \"low\": 1e-08, \"high\": 0.001, \"log\": true}}"}
{"op_code": 5, "worker_id": "bdb89eef-79aa-45d9-bd76-90bd900d8396-140222629222208", "trial_id": 35, "param_name": "random_seed", "param_value_internal": 0, "distribution": "{\"name\": \"CategoricalDistribution\", \"attributes\": {\"choices\": [42]}}"}
{"op_code": 5, "worker_id": "bdb89eef-79aa-45d9-bd76-90bd900d8396-140222629222208", "trial_id": 35, "param_name": "degree", "param_value_internal": 0, "distribution": "{\"name\": \"CategoricalDistribution\", \"attributes\": {\"choices\": [0]}}"}
{"op_code": 8, "worker_id": "bdb89eef-79aa-45d9-bd76-90bd900d8396-140222629222208", "trial_id": 35, "user_attr": {"best_epoch": 2}}
{"op_code": 8, "worker_id": "bdb89eef-79aa-45d9-bd76-90bd900d8396-140222629222208", "trial_id": 35, "user_attr": {"test_loss": 0.45302137429968486}}
{"op_code": 6, "worker_id": "bdb89eef-79aa-45d9-bd76-90bd900d8396-140222629222208", "trial_id": 35, "state": 1, "values": [0.4480915561351483], "datetime_complete": "2024-09-03T00:37:27.015353"}
{"op_code": 4, "worker_id": "bdb89eef-79aa-45d9-bd76-90bd900d8396-140222629222208", "study_id": 0, "datetime_start": "2024-09-03T00:37:27.024059"}
{"op_code": 5, "worker_id": "bdb89eef-79aa-45d9-bd76-90bd900d8396-140222629222208", "trial_id": 36, "param_name": "lr", "param_value_internal": 0.00039174531547929084, "distribution": "{\"name\": \"FloatDistribution\", \"attributes\": {\"step\": null, \"low\": 1e-05, \"high\": 0.001, \"log\": true}}"}
{"op_code": 5, "worker_id": "bdb89eef-79aa-45d9-bd76-90bd900d8396-140222629222208", "trial_id": 36, "param_name": "l2reg", "param_value_internal": 0.0007697192144784921, "distribution": "{\"name\": \"FloatDistribution\", \"attributes\": {\"step\": null, \"low\": 1e-08, \"high\": 0.001, \"log\": true}}"}
{"op_code": 5, "worker_id": "bdb89eef-79aa-45d9-bd76-90bd900d8396-140222629222208", "trial_id": 36, "param_name": "random_seed", "param_value_internal": 0, "distribution": "{\"name\": \"CategoricalDistribution\", \"attributes\": {\"choices\": [42]}}"}
{"op_code": 5, "worker_id": "bdb89eef-79aa-45d9-bd76-90bd900d8396-140222629222208", "trial_id": 36, "param_name": "degree", "param_value_internal": 0, "distribution": "{\"name\": \"CategoricalDistribution\", \"attributes\": {\"choices\": [0]}}"}
{"op_code": 8, "worker_id": "bdb89eef-79aa-45d9-bd76-90bd900d8396-140222629222208", "trial_id": 36, "user_attr": {"best_epoch": 0}}
{"op_code": 8, "worker_id": "bdb89eef-79aa-45d9-bd76-90bd900d8396-140222629222208", "trial_id": 36, "user_attr": {"test_loss": 0.4531841175422327}}
{"op_code": 6, "worker_id": "bdb89eef-79aa-45d9-bd76-90bd900d8396-140222629222208", "trial_id": 36, "state": 1, "values": [0.4484562108889452], "datetime_complete": "2024-09-03T00:59:19.030957"}
{"op_code": 4, "worker_id": "bdb89eef-79aa-45d9-bd76-90bd900d8396-140222629222208", "study_id": 0, "datetime_start": "2024-09-03T00:59:19.039665"}
{"op_code": 5, "worker_id": "bdb89eef-79aa-45d9-bd76-90bd900d8396-140222629222208", "trial_id": 37, "param_name": "lr", "param_value_internal": 0.00014289782434508746, "distribution": "{\"name\": \"FloatDistribution\", \"attributes\": {\"step\": null, \"low\": 1e-05, \"high\": 0.001, \"log\": true}}"}
{"op_code": 5, "worker_id": "bdb89eef-79aa-45d9-bd76-90bd900d8396-140222629222208", "trial_id": 37, "param_name": "l2reg", "param_value_internal": 7.59183452664536e-06, "distribution": "{\"name\": \"FloatDistribution\", \"attributes\": {\"step\": null, \"low\": 1e-08, \"high\": 0.001, \"log\": true}}"}
{"op_code": 5, "worker_id": "bdb89eef-79aa-45d9-bd76-90bd900d8396-140222629222208", "trial_id": 37, "param_name": "random_seed", "param_value_internal": 0, "distribution": "{\"name\": \"CategoricalDistribution\", \"attributes\": {\"choices\": [42]}}"}
{"op_code": 5, "worker_id": "bdb89eef-79aa-45d9-bd76-90bd900d8396-140222629222208", "trial_id": 37, "param_name": "degree", "param_value_internal": 0, "distribution": "{\"name\": \"CategoricalDistribution\", \"attributes\": {\"choices\": [0]}}"}
{"op_code": 8, "worker_id": "bdb89eef-79aa-45d9-bd76-90bd900d8396-140222629222208", "trial_id": 37, "user_attr": {"best_epoch": 0}}
{"op_code": 8, "worker_id": "bdb89eef-79aa-45d9-bd76-90bd900d8396-140222629222208", "trial_id": 37, "user_attr": {"test_loss": 0.4538013431452149}}
{"op_code": 6, "worker_id": "bdb89eef-79aa-45d9-bd76-90bd900d8396-140222629222208", "trial_id": 37, "state": 1, "values": [0.4490053690373298], "datetime_complete": "2024-09-03T01:21:09.443018"}
{"op_code": 4, "worker_id": "bdb89eef-79aa-45d9-bd76-90bd900d8396-140222629222208", "study_id": 0, "datetime_start": "2024-09-03T01:21:09.452542"}
{"op_code": 5, "worker_id": "bdb89eef-79aa-45d9-bd76-90bd900d8396-140222629222208", "trial_id": 38, "param_name": "lr", "param_value_internal": 8.241086727408116e-05, "distribution": "{\"name\": \"FloatDistribution\", \"attributes\": {\"step\": null, \"low\": 1e-05, \"high\": 0.001, \"log\": true}}"}
{"op_code": 5, "worker_id": "bdb89eef-79aa-45d9-bd76-90bd900d8396-140222629222208", "trial_id": 38, "param_name": "l2reg", "param_value_internal": 3.2808082539753185e-05, "distribution": "{\"name\": \"FloatDistribution\", \"attributes\": {\"step\": null, \"low\": 1e-08, \"high\": 0.001, \"log\": true}}"}
{"op_code": 5, "worker_id": "bdb89eef-79aa-45d9-bd76-90bd900d8396-140222629222208", "trial_id": 38, "param_name": "random_seed", "param_value_internal": 0, "distribution": "{\"name\": \"CategoricalDistribution\", \"attributes\": {\"choices\": [42]}}"}
{"op_code": 5, "worker_id": "bdb89eef-79aa-45d9-bd76-90bd900d8396-140222629222208", "trial_id": 38, "param_name": "degree", "param_value_internal": 0, "distribution": "{\"name\": \"CategoricalDistribution\", \"attributes\": {\"choices\": [0]}}"}
{"op_code": 8, "worker_id": "bdb89eef-79aa-45d9-bd76-90bd900d8396-140222629222208", "trial_id": 38, "user_attr": {"best_epoch": 1}}
{"op_code": 8, "worker_id": "bdb89eef-79aa-45d9-bd76-90bd900d8396-140222629222208", "trial_id": 38, "user_attr": {"test_loss": 0.4524151814898287}}
{"op_code": 6, "worker_id": "bdb89eef-79aa-45d9-bd76-90bd900d8396-140222629222208", "trial_id": 38, "state": 1, "values": [0.44753636621843246], "datetime_complete": "2024-09-03T01:48:07.354998"}
{"op_code": 4, "worker_id": "bdb89eef-79aa-45d9-bd76-90bd900d8396-140222629222208", "study_id": 0, "datetime_start": "2024-09-03T01:48:07.364476"}
{"op_code": 5, "worker_id": "bdb89eef-79aa-45d9-bd76-90bd900d8396-140222629222208", "trial_id": 39, "param_name": "lr", "param_value_internal": 1.6201002281570565e-05, "distribution": "{\"name\": \"FloatDistribution\", \"attributes\": {\"step\": null, \"low\": 1e-05, \"high\": 0.001, \"log\": true}}"}
{"op_code": 5, "worker_id": "bdb89eef-79aa-45d9-bd76-90bd900d8396-140222629222208", "trial_id": 39, "param_name": "l2reg", "param_value_internal": 0.00026210264546840876, "distribution": "{\"name\": \"FloatDistribution\", \"attributes\": {\"step\": null, \"low\": 1e-08, \"high\": 0.001, \"log\": true}}"}
{"op_code": 5, "worker_id": "bdb89eef-79aa-45d9-bd76-90bd900d8396-140222629222208", "trial_id": 39, "param_name": "random_seed", "param_value_internal": 0, "distribution": "{\"name\": \"CategoricalDistribution\", \"attributes\": {\"choices\": [42]}}"}
{"op_code": 5, "worker_id": "bdb89eef-79aa-45d9-bd76-90bd900d8396-140222629222208", "trial_id": 39, "param_name": "degree", "param_value_internal": 0, "distribution": "{\"name\": \"CategoricalDistribution\", \"attributes\": {\"choices\": [0]}}"}
{"op_code": 8, "worker_id": "bdb89eef-79aa-45d9-bd76-90bd900d8396-140222629222208", "trial_id": 39, "user_attr": {"best_epoch": 8}}
{"op_code": 8, "worker_id": "bdb89eef-79aa-45d9-bd76-90bd900d8396-140222629222208", "trial_id": 39, "user_attr": {"test_loss": 0.453804053623803}}
{"op_code": 6, "worker_id": "bdb89eef-79aa-45d9-bd76-90bd900d8396-140222629222208", "trial_id": 39, "state": 1, "values": [0.4486782410447328], "datetime_complete": "2024-09-03T02:40:34.555538"}
{"op_code": 4, "worker_id": "bdb89eef-79aa-45d9-bd76-90bd900d8396-140222629222208", "study_id": 0, "datetime_start": "2024-09-03T02:40:34.565557"}
{"op_code": 5, "worker_id": "bdb89eef-79aa-45d9-bd76-90bd900d8396-140222629222208", "trial_id": 40, "param_name": "lr", "param_value_internal": 0.00022205020876655396, "distribution": "{\"name\": \"FloatDistribution\", \"attributes\": {\"step\": null, \"low\": 1e-05, \"high\": 0.001, \"log\": true}}"}
{"op_code": 5, "worker_id": "bdb89eef-79aa-45d9-bd76-90bd900d8396-140222629222208", "trial_id": 40, "param_name": "l2reg", "param_value_internal": 5.998851497702768e-05, "distribution": "{\"name\": \"FloatDistribution\", \"attributes\": {\"step\": null, \"low\": 1e-08, \"high\": 0.001, \"log\": true}}"}
{"op_code": 5, "worker_id": "bdb89eef-79aa-45d9-bd76-90bd900d8396-140222629222208", "trial_id": 40, "param_name": "random_seed", "param_value_internal": 0, "distribution": "{\"name\": \"CategoricalDistribution\", \"attributes\": {\"choices\": [42]}}"}
{"op_code": 5, "worker_id": "bdb89eef-79aa-45d9-bd76-90bd900d8396-140222629222208", "trial_id": 40, "param_name": "degree", "param_value_internal": 0, "distribution": "{\"name\": \"CategoricalDistribution\", \"attributes\": {\"choices\": [0]}}"}
{"op_code": 8, "worker_id": "bdb89eef-79aa-45d9-bd76-90bd900d8396-140222629222208", "trial_id": 40, "user_attr": {"best_epoch": 0}}
{"op_code": 8, "worker_id": "bdb89eef-79aa-45d9-bd76-90bd900d8396-140222629222208", "trial_id": 40, "user_attr": {"test_loss": 0.45322328586661786}}
{"op_code": 6, "worker_id": "bdb89eef-79aa-45d9-bd76-90bd900d8396-140222629222208", "trial_id": 40, "state": 1, "values": [0.4484599521123405], "datetime_complete": "2024-09-03T03:02:26.475714"}
{"op_code": 4, "worker_id": "bdb89eef-79aa-45d9-bd76-90bd900d8396-140222629222208", "study_id": 0, "datetime_start": "2024-09-03T03:02:26.486753"}
{"op_code": 5, "worker_id": "bdb89eef-79aa-45d9-bd76-90bd900d8396-140222629222208", "trial_id": 41, "param_name": "lr", "param_value_internal": 9.070221266182348e-05, "distribution": "{\"name\": \"FloatDistribution\", \"attributes\": {\"step\": null, \"low\": 1e-05, \"high\": 0.001, \"log\": true}}"}
{"op_code": 5, "worker_id": "bdb89eef-79aa-45d9-bd76-90bd900d8396-140222629222208", "trial_id": 41, "param_name": "l2reg", "param_value_internal": 2.329106960688106e-05, "distribution": "{\"name\": \"FloatDistribution\", \"attributes\": {\"step\": null, \"low\": 1e-08, \"high\": 0.001, \"log\": true}}"}
{"op_code": 5, "worker_id": "bdb89eef-79aa-45d9-bd76-90bd900d8396-140222629222208", "trial_id": 41, "param_name": "random_seed", "param_value_internal": 0, "distribution": "{\"name\": \"CategoricalDistribution\", \"attributes\": {\"choices\": [42]}}"}
{"op_code": 5, "worker_id": "bdb89eef-79aa-45d9-bd76-90bd900d8396-140222629222208", "trial_id": 41, "param_name": "degree", "param_value_internal": 0, "distribution": "{\"name\": \"CategoricalDistribution\", \"attributes\": {\"choices\": [0]}}"}
{"op_code": 8, "worker_id": "bdb89eef-79aa-45d9-bd76-90bd900d8396-140222629222208", "trial_id": 41, "user_attr": {"best_epoch": 1}}
{"op_code": 8, "worker_id": "bdb89eef-79aa-45d9-bd76-90bd900d8396-140222629222208", "trial_id": 41, "user_attr": {"test_loss": 0.45243823964570457}}
{"op_code": 6, "worker_id": "bdb89eef-79aa-45d9-bd76-90bd900d8396-140222629222208", "trial_id": 41, "state": 1, "values": [0.4475721368951816], "datetime_complete": "2024-09-03T03:29:24.252492"}
{"op_code": 4, "worker_id": "bdb89eef-79aa-45d9-bd76-90bd900d8396-140222629222208", "study_id": 0, "datetime_start": "2024-09-03T03:29:24.372861"}
{"op_code": 5, "worker_id": "bdb89eef-79aa-45d9-bd76-90bd900d8396-140222629222208", "trial_id": 42, "param_name": "lr", "param_value_internal": 7.454393974785203e-05, "distribution": "{\"name\": \"FloatDistribution\", \"attributes\": {\"step\": null, \"low\": 1e-05, \"high\": 0.001, \"log\": true}}"}
{"op_code": 5, "worker_id": "bdb89eef-79aa-45d9-bd76-90bd900d8396-140222629222208", "trial_id": 42, "param_name": "l2reg", "param_value_internal": 3.1084117216080364e-05, "distribution": "{\"name\": \"FloatDistribution\", \"attributes\": {\"step\": null, \"low\": 1e-08, \"high\": 0.001, \"log\": true}}"}
{"op_code": 5, "worker_id": "bdb89eef-79aa-45d9-bd76-90bd900d8396-140222629222208", "trial_id": 42, "param_name": "random_seed", "param_value_internal": 0, "distribution": "{\"name\": \"CategoricalDistribution\", \"attributes\": {\"choices\": [42]}}"}
{"op_code": 5, "worker_id": "bdb89eef-79aa-45d9-bd76-90bd900d8396-140222629222208", "trial_id": 42, "param_name": "degree", "param_value_internal": 0, "distribution": "{\"name\": \"CategoricalDistribution\", \"attributes\": {\"choices\": [0]}}"}
{"op_code": 8, "worker_id": "bdb89eef-79aa-45d9-bd76-90bd900d8396-140222629222208", "trial_id": 42, "user_attr": {"best_epoch": 1}}
{"op_code": 8, "worker_id": "bdb89eef-79aa-45d9-bd76-90bd900d8396-140222629222208", "trial_id": 42, "user_attr": {"test_loss": 0.4525352442385533}}
{"op_code": 6, "worker_id": "bdb89eef-79aa-45d9-bd76-90bd900d8396-140222629222208", "trial_id": 42, "state": 1, "values": [0.44764581609062004], "datetime_complete": "2024-09-03T03:56:21.673714"}
{"op_code": 4, "worker_id": "bdb89eef-79aa-45d9-bd76-90bd900d8396-140222629222208", "study_id": 0, "datetime_start": "2024-09-03T03:56:21.684187"}
{"op_code": 5, "worker_id": "bdb89eef-79aa-45d9-bd76-90bd900d8396-140222629222208", "trial_id": 43, "param_name": "lr", "param_value_internal": 6.483659599023302e-05, "distribution": "{\"name\": \"FloatDistribution\", \"attributes\": {\"step\": null, \"low\": 1e-05, \"high\": 0.001, \"log\": true}}"}
{"op_code": 5, "worker_id": "bdb89eef-79aa-45d9-bd76-90bd900d8396-140222629222208", "trial_id": 43, "param_name": "l2reg", "param_value_internal": 0.0001058395082708524, "distribution": "{\"name\": \"FloatDistribution\", \"attributes\": {\"step\": null, \"low\": 1e-08, \"high\": 0.001, \"log\": true}}"}
{"op_code": 5, "worker_id": "bdb89eef-79aa-45d9-bd76-90bd900d8396-140222629222208", "trial_id": 43, "param_name": "random_seed", "param_value_internal": 0, "distribution": "{\"name\": \"CategoricalDistribution\", \"attributes\": {\"choices\": [42]}}"}
{"op_code": 5, "worker_id": "bdb89eef-79aa-45d9-bd76-90bd900d8396-140222629222208", "trial_id": 43, "param_name": "degree", "param_value_internal": 0, "distribution": "{\"name\": \"CategoricalDistribution\", \"attributes\": {\"choices\": [0]}}"}
{"op_code": 8, "worker_id": "bdb89eef-79aa-45d9-bd76-90bd900d8396-140222629222208", "trial_id": 43, "user_attr": {"best_epoch": 1}}
{"op_code": 8, "worker_id": "bdb89eef-79aa-45d9-bd76-90bd900d8396-140222629222208", "trial_id": 43, "user_attr": {"test_loss": 0.45294002176628834}}
{"op_code": 6, "worker_id": "bdb89eef-79aa-45d9-bd76-90bd900d8396-140222629222208", "trial_id": 43, "state": 1, "values": [0.44804540165468965], "datetime_complete": "2024-09-03T04:23:18.362773"}
{"op_code": 4, "worker_id": "bdb89eef-79aa-45d9-bd76-90bd900d8396-140222629222208", "study_id": 0, "datetime_start": "2024-09-03T04:23:18.371938"}
{"op_code": 5, "worker_id": "bdb89eef-79aa-45d9-bd76-90bd900d8396-140222629222208", "trial_id": 44, "param_name": "lr", "param_value_internal": 3.2589752149576836e-05, "distribution": "{\"name\": \"FloatDistribution\", \"attributes\": {\"step\": null, \"low\": 1e-05, \"high\": 0.001, \"log\": true}}"}
{"op_code": 5, "worker_id": "bdb89eef-79aa-45d9-bd76-90bd900d8396-140222629222208", "trial_id": 44, "param_name": "l2reg", "param_value_internal": 6.114825064246279e-06, "distribution": "{\"name\": \"FloatDistribution\", \"attributes\": {\"step\": null, \"low\": 1e-08, \"high\": 0.001, \"log\": true}}"}
{"op_code": 5, "worker_id": "bdb89eef-79aa-45d9-bd76-90bd900d8396-140222629222208", "trial_id": 44, "param_name": "random_seed", "param_value_internal": 0, "distribution": "{\"name\": \"CategoricalDistribution\", \"attributes\": {\"choices\": [42]}}"}
{"op_code": 5, "worker_id": "bdb89eef-79aa-45d9-bd76-90bd900d8396-140222629222208", "trial_id": 44, "param_name": "degree", "param_value_internal": 0, "distribution": "{\"name\": \"CategoricalDistribution\", \"attributes\": {\"choices\": [0]}}"}
{"op_code": 8, "worker_id": "bdb89eef-79aa-45d9-bd76-90bd900d8396-140222629222208", "trial_id": 44, "user_attr": {"best_epoch": 4}}
{"op_code": 8, "worker_id": "bdb89eef-79aa-45d9-bd76-90bd900d8396-140222629222208", "trial_id": 44, "user_attr": {"test_loss": 0.453541022673497}}
{"op_code": 6, "worker_id": "bdb89eef-79aa-45d9-bd76-90bd900d8396-140222629222208", "trial_id": 44, "state": 1, "values": [0.4485034342903739], "datetime_complete": "2024-09-03T05:05:33.955231"}
{"op_code": 4, "worker_id": "bdb89eef-79aa-45d9-bd76-90bd900d8396-140222629222208", "study_id": 0, "datetime_start": "2024-09-03T05:05:33.964122"}
{"op_code": 5, "worker_id": "bdb89eef-79aa-45d9-bd76-90bd900d8396-140222629222208", "trial_id": 45, "param_name": "lr", "param_value_internal": 9.363469323557114e-05, "distribution": "{\"name\": \"FloatDistribution\", \"attributes\": {\"step\": null, \"low\": 1e-05, \"high\": 0.001, \"log\": true}}"}
{"op_code": 5, "worker_id": "bdb89eef-79aa-45d9-bd76-90bd900d8396-140222629222208", "trial_id": 45, "param_name": "l2reg", "param_value_internal": 1.3340340791112445e-05, "distribution": "{\"name\": \"FloatDistribution\", \"attributes\": {\"step\": null, \"low\": 1e-08, \"high\": 0.001, \"log\": true}}"}
{"op_code": 5, "worker_id": "bdb89eef-79aa-45d9-bd76-90bd900d8396-140222629222208", "trial_id": 45, "param_name": "random_seed", "param_value_internal": 0, "distribution": "{\"name\": \"CategoricalDistribution\", \"attributes\": {\"choices\": [42]}}"}
{"op_code": 5, "worker_id": "bdb89eef-79aa-45d9-bd76-90bd900d8396-140222629222208", "trial_id": 45, "param_name": "degree", "param_value_internal": 0, "distribution": "{\"name\": \"CategoricalDistribution\", \"attributes\": {\"choices\": [0]}}"}
{"op_code": 8, "worker_id": "bdb89eef-79aa-45d9-bd76-90bd900d8396-140222629222208", "trial_id": 45, "user_attr": {"best_epoch": 1}}
{"op_code": 8, "worker_id": "bdb89eef-79aa-45d9-bd76-90bd900d8396-140222629222208", "trial_id": 45, "user_attr": {"test_loss": 0.4524735522188589}}
{"op_code": 6, "worker_id": "bdb89eef-79aa-45d9-bd76-90bd900d8396-140222629222208", "trial_id": 45, "state": 1, "values": [0.447611114334841], "datetime_complete": "2024-09-03T05:32:30.764916"}
{"op_code": 4, "worker_id": "bdb89eef-79aa-45d9-bd76-90bd900d8396-140222629222208", "study_id": 0, "datetime_start": "2024-09-03T05:32:30.773985"}
{"op_code": 5, "worker_id": "bdb89eef-79aa-45d9-bd76-90bd900d8396-140222629222208", "trial_id": 46, "param_name": "lr", "param_value_internal": 0.00018221136373018266, "distribution": "{\"name\": \"FloatDistribution\", \"attributes\": {\"step\": null, \"low\": 1e-05, \"high\": 0.001, \"log\": true}}"}
{"op_code": 5, "worker_id": "bdb89eef-79aa-45d9-bd76-90bd900d8396-140222629222208", "trial_id": 46, "param_name": "l2reg", "param_value_internal": 2.9269817673424775e-05, "distribution": "{\"name\": \"FloatDistribution\", \"attributes\": {\"step\": null, \"low\": 1e-08, \"high\": 0.001, \"log\": true}}"}
{"op_code": 5, "worker_id": "bdb89eef-79aa-45d9-bd76-90bd900d8396-140222629222208", "trial_id": 46, "param_name": "random_seed", "param_value_internal": 0, "distribution": "{\"name\": \"CategoricalDistribution\", \"attributes\": {\"choices\": [42]}}"}
{"op_code": 5, "worker_id": "bdb89eef-79aa-45d9-bd76-90bd900d8396-140222629222208", "trial_id": 46, "param_name": "degree", "param_value_internal": 0, "distribution": "{\"name\": \"CategoricalDistribution\", \"attributes\": {\"choices\": [0]}}"}
{"op_code": 8, "worker_id": "bdb89eef-79aa-45d9-bd76-90bd900d8396-140222629222208", "trial_id": 46, "user_attr": {"best_epoch": 0}}
{"op_code": 8, "worker_id": "bdb89eef-79aa-45d9-bd76-90bd900d8396-140222629222208", "trial_id": 46, "user_attr": {"test_loss": 0.45337049157697784}}
{"op_code": 6, "worker_id": "bdb89eef-79aa-45d9-bd76-90bd900d8396-140222629222208", "trial_id": 46, "state": 1, "values": [0.4485873445865261], "datetime_complete": "2024-09-03T05:54:20.889003"}
{"op_code": 4, "worker_id": "bdb89eef-79aa-45d9-bd76-90bd900d8396-140222629222208", "study_id": 0, "datetime_start": "2024-09-03T05:54:20.911571"}
{"op_code": 5, "worker_id": "bdb89eef-79aa-45d9-bd76-90bd900d8396-140222629222208", "trial_id": 47, "param_name": "lr", "param_value_internal": 0.0001394345778371615, "distribution": "{\"name\": \"FloatDistribution\", \"attributes\": {\"step\": null, \"low\": 1e-05, \"high\": 0.001, \"log\": true}}"}
{"op_code": 5, "worker_id": "bdb89eef-79aa-45d9-bd76-90bd900d8396-140222629222208", "trial_id": 47, "param_name": "l2reg", "param_value_internal": 1.8183463421377282e-06, "distribution": "{\"name\": \"FloatDistribution\", \"attributes\": {\"step\": null, \"low\": 1e-08, \"high\": 0.001, \"log\": true}}"}
{"op_code": 5, "worker_id": "bdb89eef-79aa-45d9-bd76-90bd900d8396-140222629222208", "trial_id": 47, "param_name": "random_seed", "param_value_internal": 0, "distribution": "{\"name\": \"CategoricalDistribution\", \"attributes\": {\"choices\": [42]}}"}
{"op_code": 5, "worker_id": "bdb89eef-79aa-45d9-bd76-90bd900d8396-140222629222208", "trial_id": 47, "param_name": "degree", "param_value_internal": 0, "distribution": "{\"name\": \"CategoricalDistribution\", \"attributes\": {\"choices\": [0]}}"}
{"op_code": 8, "worker_id": "bdb89eef-79aa-45d9-bd76-90bd900d8396-140222629222208", "trial_id": 47, "user_attr": {"best_epoch": 0}}
{"op_code": 8, "worker_id": "bdb89eef-79aa-45d9-bd76-90bd900d8396-140222629222208", "trial_id": 47, "user_attr": {"test_loss": 0.4538683797705759}}
{"op_code": 6, "worker_id": "bdb89eef-79aa-45d9-bd76-90bd900d8396-140222629222208", "trial_id": 47, "state": 1, "values": [0.44907045868925854], "datetime_complete": "2024-09-03T06:16:08.269751"}
{"op_code": 4, "worker_id": "bdb89eef-79aa-45d9-bd76-90bd900d8396-140222629222208", "study_id": 0, "datetime_start": "2024-09-03T06:16:08.279112"}
{"op_code": 5, "worker_id": "bdb89eef-79aa-45d9-bd76-90bd900d8396-140222629222208", "trial_id": 48, "param_name": "lr", "param_value_internal": 5.41569505245928e-05, "distribution": "{\"name\": \"FloatDistribution\", \"attributes\": {\"step\": null, \"low\": 1e-05, \"high\": 0.001, \"log\": true}}"}
{"op_code": 5, "worker_id": "bdb89eef-79aa-45d9-bd76-90bd900d8396-140222629222208", "trial_id": 48, "param_name": "l2reg", "param_value_internal": 4.2083854496537456e-05, "distribution": "{\"name\": \"FloatDistribution\", \"attributes\": {\"step\": null, \"low\": 1e-08, \"high\": 0.001, \"log\": true}}"}
{"op_code": 5, "worker_id": "bdb89eef-79aa-45d9-bd76-90bd900d8396-140222629222208", "trial_id": 48, "param_name": "random_seed", "param_value_internal": 0, "distribution": "{\"name\": \"CategoricalDistribution\", \"attributes\": {\"choices\": [42]}}"}
{"op_code": 5, "worker_id": "bdb89eef-79aa-45d9-bd76-90bd900d8396-140222629222208", "trial_id": 48, "param_name": "degree", "param_value_internal": 0, "distribution": "{\"name\": \"CategoricalDistribution\", \"attributes\": {\"choices\": [0]}}"}
{"op_code": 8, "worker_id": "bdb89eef-79aa-45d9-bd76-90bd900d8396-140222629222208", "trial_id": 48, "user_attr": {"best_epoch": 2}}
{"op_code": 8, "worker_id": "bdb89eef-79aa-45d9-bd76-90bd900d8396-140222629222208", "trial_id": 48, "user_attr": {"test_loss": 0.4527841119838428}}
{"op_code": 6, "worker_id": "bdb89eef-79aa-45d9-bd76-90bd900d8396-140222629222208", "trial_id": 48, "state": 1, "values": [0.44777114707436333], "datetime_complete": "2024-09-03T06:48:06.610818"}
{"op_code": 4, "worker_id": "bdb89eef-79aa-45d9-bd76-90bd900d8396-140222629222208", "study_id": 0, "datetime_start": "2024-09-03T06:48:06.626318"}
{"op_code": 5, "worker_id": "bdb89eef-79aa-45d9-bd76-90bd900d8396-140222629222208", "trial_id": 49, "param_name": "lr", "param_value_internal": 0.00011290211944233003, "distribution": "{\"name\": \"FloatDistribution\", \"attributes\": {\"step\": null, \"low\": 1e-05, \"high\": 0.001, \"log\": true}}"}
{"op_code": 5, "worker_id": "bdb89eef-79aa-45d9-bd76-90bd900d8396-140222629222208", "trial_id": 49, "param_name": "l2reg", "param_value_internal": 0.00018180136918647687, "distribution": "{\"name\": \"FloatDistribution\", \"attributes\": {\"step\": null, \"low\": 1e-08, \"high\": 0.001, \"log\": true}}"}
{"op_code": 5, "worker_id": "bdb89eef-79aa-45d9-bd76-90bd900d8396-140222629222208", "trial_id": 49, "param_name": "random_seed", "param_value_internal": 0, "distribution": "{\"name\": \"CategoricalDistribution\", \"attributes\": {\"choices\": [42]}}"}
{"op_code": 5, "worker_id": "bdb89eef-79aa-45d9-bd76-90bd900d8396-140222629222208", "trial_id": 49, "param_name": "degree", "param_value_internal": 0, "distribution": "{\"name\": \"CategoricalDistribution\", \"attributes\": {\"choices\": [0]}}"}
{"op_code": 8, "worker_id": "bdb89eef-79aa-45d9-bd76-90bd900d8396-140222629222208", "trial_id": 49, "user_attr": {"best_epoch": 1}}
{"op_code": 8, "worker_id": "bdb89eef-79aa-45d9-bd76-90bd900d8396-140222629222208", "trial_id": 49, "user_attr": {"test_loss": 0.4529291416761813}}
{"op_code": 6, "worker_id": "bdb89eef-79aa-45d9-bd76-90bd900d8396-140222629222208", "trial_id": 49, "state": 1, "values": [0.4480880057904976], "datetime_complete": "2024-09-03T07:15:01.483686"}
