{"op_code": 0, "worker_id": "b41abb9b-368a-4fe1-9300-66d621a3743e-140688040236864", "study_name": "criteo_bins_56", "directions": [1]}
{"op_code": 4, "worker_id": "b41abb9b-368a-4fe1-9300-66d621a3743e-140688040236864", "study_id": 0, "datetime_start": "2024-09-02T06:02:55.797619"}
{"op_code": 5, "worker_id": "b41abb9b-368a-4fe1-9300-66d621a3743e-140688040236864", "trial_id": 0, "param_name": "lr", "param_value_internal": 5.6115164153345e-05, "distribution": "{\"name\": \"FloatDistribution\", \"attributes\": {\"step\": null, \"low\": 1e-05, \"high\": 0.001, \"log\": true}}"}
{"op_code": 5, "worker_id": "b41abb9b-368a-4fe1-9300-66d621a3743e-140688040236864", "trial_id": 0, "param_name": "l2reg", "param_value_internal": 0.0005669849511478851, "distribution": "{\"name\": \"FloatDistribution\", \"attributes\": {\"step\": null, \"low\": 1e-08, \"high\": 0.001, \"log\": true}}"}
{"op_code": 5, "worker_id": "b41abb9b-368a-4fe1-9300-66d621a3743e-140688040236864", "trial_id": 0, "param_name": "random_seed", "param_value_internal": 0, "distribution": "{\"name\": \"CategoricalDistribution\", \"attributes\": {\"choices\": [42]}}"}
{"op_code": 5, "worker_id": "b41abb9b-368a-4fe1-9300-66d621a3743e-140688040236864", "trial_id": 0, "param_name": "degree", "param_value_internal": 0, "distribution": "{\"name\": \"CategoricalDistribution\", \"attributes\": {\"choices\": [0]}}"}
{"op_code": 8, "worker_id": "b41abb9b-368a-4fe1-9300-66d621a3743e-140688040236864", "trial_id": 0, "user_attr": {"best_epoch": 2}}
{"op_code": 8, "worker_id": "b41abb9b-368a-4fe1-9300-66d621a3743e-140688040236864", "trial_id": 0, "user_attr": {"test_loss": 0.45252734185731763}}
{"op_code": 6, "worker_id": "b41abb9b-368a-4fe1-9300-66d621a3743e-140688040236864", "trial_id": 0, "state": 1, "values": [0.4478596384603873], "datetime_complete": "2024-09-02T06:32:25.176223"}
{"op_code": 4, "worker_id": "b41abb9b-368a-4fe1-9300-66d621a3743e-140688040236864", "study_id": 0, "datetime_start": "2024-09-02T06:32:25.186090"}
{"op_code": 5, "worker_id": "b41abb9b-368a-4fe1-9300-66d621a3743e-140688040236864", "trial_id": 1, "param_name": "lr", "param_value_internal": 0.000291063591313307, "distribution": "{\"name\": \"FloatDistribution\", \"attributes\": {\"step\": null, \"low\": 1e-05, \"high\": 0.001, \"log\": true}}"}
{"op_code": 5, "worker_id": "b41abb9b-368a-4fe1-9300-66d621a3743e-140688040236864", "trial_id": 1, "param_name": "l2reg", "param_value_internal": 9.846738873614555e-06, "distribution": "{\"name\": \"FloatDistribution\", \"attributes\": {\"step\": null, \"low\": 1e-08, \"high\": 0.001, \"log\": true}}"}
{"op_code": 5, "worker_id": "b41abb9b-368a-4fe1-9300-66d621a3743e-140688040236864", "trial_id": 1, "param_name": "random_seed", "param_value_internal": 0, "distribution": "{\"name\": \"CategoricalDistribution\", \"attributes\": {\"choices\": [42]}}"}
{"op_code": 5, "worker_id": "b41abb9b-368a-4fe1-9300-66d621a3743e-140688040236864", "trial_id": 1, "param_name": "degree", "param_value_internal": 0, "distribution": "{\"name\": \"CategoricalDistribution\", \"attributes\": {\"choices\": [0]}}"}
{"op_code": 8, "worker_id": "b41abb9b-368a-4fe1-9300-66d621a3743e-140688040236864", "trial_id": 1, "user_attr": {"best_epoch": 0}}
{"op_code": 8, "worker_id": "b41abb9b-368a-4fe1-9300-66d621a3743e-140688040236864", "trial_id": 1, "user_attr": {"test_loss": 0.4530531747034011}}
{"op_code": 6, "worker_id": "b41abb9b-368a-4fe1-9300-66d621a3743e-140688040236864", "trial_id": 1, "state": 1, "values": [0.44837840871262213], "datetime_complete": "2024-09-02T06:52:32.394225"}
{"op_code": 4, "worker_id": "b41abb9b-368a-4fe1-9300-66d621a3743e-140688040236864", "study_id": 0, "datetime_start": "2024-09-02T06:52:32.403201"}
{"op_code": 5, "worker_id": "b41abb9b-368a-4fe1-9300-66d621a3743e-140688040236864", "trial_id": 2, "param_name": "lr", "param_value_internal": 2.0513382630874486e-05, "distribution": "{\"name\": \"FloatDistribution\", \"attributes\": {\"step\": null, \"low\": 1e-05, \"high\": 0.001, \"log\": true}}"}
{"op_code": 5, "worker_id": "b41abb9b-368a-4fe1-9300-66d621a3743e-140688040236864", "trial_id": 2, "param_name": "l2reg", "param_value_internal": 6.02521573620385e-08, "distribution": "{\"name\": \"FloatDistribution\", \"attributes\": {\"step\": null, \"low\": 1e-08, \"high\": 0.001, \"log\": true}}"}
{"op_code": 5, "worker_id": "b41abb9b-368a-4fe1-9300-66d621a3743e-140688040236864", "trial_id": 2, "param_name": "random_seed", "param_value_internal": 0, "distribution": "{\"name\": \"CategoricalDistribution\", \"attributes\": {\"choices\": [42]}}"}
{"op_code": 5, "worker_id": "b41abb9b-368a-4fe1-9300-66d621a3743e-140688040236864", "trial_id": 2, "param_name": "degree", "param_value_internal": 0, "distribution": "{\"name\": \"CategoricalDistribution\", \"attributes\": {\"choices\": [0]}}"}
{"op_code": 8, "worker_id": "b41abb9b-368a-4fe1-9300-66d621a3743e-140688040236864", "trial_id": 2, "user_attr": {"best_epoch": 7}}
{"op_code": 8, "worker_id": "b41abb9b-368a-4fe1-9300-66d621a3743e-140688040236864", "trial_id": 2, "user_attr": {"test_loss": 0.45382829522807644}}
{"op_code": 6, "worker_id": "b41abb9b-368a-4fe1-9300-66d621a3743e-140688040236864", "trial_id": 2, "state": 1, "values": [0.4488239578784057], "datetime_complete": "2024-09-02T07:40:38.378938"}
{"op_code": 4, "worker_id": "b41abb9b-368a-4fe1-9300-66d621a3743e-140688040236864", "study_id": 0, "datetime_start": "2024-09-02T07:40:38.387676"}
{"op_code": 5, "worker_id": "b41abb9b-368a-4fe1-9300-66d621a3743e-140688040236864", "trial_id": 3, "param_name": "lr", "param_value_internal": 1.3066739238053272e-05, "distribution": "{\"name\": \"FloatDistribution\", \"attributes\": {\"step\": null, \"low\": 1e-05, \"high\": 0.001, \"log\": true}}"}
{"op_code": 5, "worker_id": "b41abb9b-368a-4fe1-9300-66d621a3743e-140688040236864", "trial_id": 3, "param_name": "l2reg", "param_value_internal": 0.00021423021757741048, "distribution": "{\"name\": \"FloatDistribution\", \"attributes\": {\"step\": null, \"low\": 1e-08, \"high\": 0.001, \"log\": true}}"}
{"op_code": 5, "worker_id": "b41abb9b-368a-4fe1-9300-66d621a3743e-140688040236864", "trial_id": 3, "param_name": "random_seed", "param_value_internal": 0, "distribution": "{\"name\": \"CategoricalDistribution\", \"attributes\": {\"choices\": [42]}}"}
{"op_code": 5, "worker_id": "b41abb9b-368a-4fe1-9300-66d621a3743e-140688040236864", "trial_id": 3, "param_name": "degree", "param_value_internal": 0, "distribution": "{\"name\": \"CategoricalDistribution\", \"attributes\": {\"choices\": [0]}}"}
{"op_code": 8, "worker_id": "b41abb9b-368a-4fe1-9300-66d621a3743e-140688040236864", "trial_id": 3, "user_attr": {"best_epoch": 9}}
{"op_code": 8, "worker_id": "b41abb9b-368a-4fe1-9300-66d621a3743e-140688040236864", "trial_id": 3, "user_attr": {"test_loss": 0.45426849985623013}}
{"op_code": 6, "worker_id": "b41abb9b-368a-4fe1-9300-66d621a3743e-140688040236864", "trial_id": 3, "state": 1, "values": [0.4494394273026848], "datetime_complete": "2024-09-02T08:28:38.315601"}
{"op_code": 4, "worker_id": "b41abb9b-368a-4fe1-9300-66d621a3743e-140688040236864", "study_id": 0, "datetime_start": "2024-09-02T08:28:38.326129"}
{"op_code": 5, "worker_id": "b41abb9b-368a-4fe1-9300-66d621a3743e-140688040236864", "trial_id": 4, "param_name": "lr", "param_value_internal": 0.00015930522616241006, "distribution": "{\"name\": \"FloatDistribution\", \"attributes\": {\"step\": null, \"low\": 1e-05, \"high\": 0.001, \"log\": true}}"}
{"op_code": 5, "worker_id": "b41abb9b-368a-4fe1-9300-66d621a3743e-140688040236864", "trial_id": 4, "param_name": "l2reg", "param_value_internal": 3.47026698865041e-05, "distribution": "{\"name\": \"FloatDistribution\", \"attributes\": {\"step\": null, \"low\": 1e-08, \"high\": 0.001, \"log\": true}}"}
{"op_code": 5, "worker_id": "b41abb9b-368a-4fe1-9300-66d621a3743e-140688040236864", "trial_id": 4, "param_name": "random_seed", "param_value_internal": 0, "distribution": "{\"name\": \"CategoricalDistribution\", \"attributes\": {\"choices\": [42]}}"}
{"op_code": 5, "worker_id": "b41abb9b-368a-4fe1-9300-66d621a3743e-140688040236864", "trial_id": 4, "param_name": "degree", "param_value_internal": 0, "distribution": "{\"name\": \"CategoricalDistribution\", \"attributes\": {\"choices\": [0]}}"}
{"op_code": 8, "worker_id": "b41abb9b-368a-4fe1-9300-66d621a3743e-140688040236864", "trial_id": 4, "user_attr": {"best_epoch": 0}}
{"op_code": 8, "worker_id": "b41abb9b-368a-4fe1-9300-66d621a3743e-140688040236864", "trial_id": 4, "user_attr": {"test_loss": 0.453458295812929}}
{"op_code": 6, "worker_id": "b41abb9b-368a-4fe1-9300-66d621a3743e-140688040236864", "trial_id": 4, "state": 1, "values": [0.4488252176781204], "datetime_complete": "2024-09-02T08:48:43.151758"}
{"op_code": 4, "worker_id": "b41abb9b-368a-4fe1-9300-66d621a3743e-140688040236864", "study_id": 0, "datetime_start": "2024-09-02T08:48:43.160555"}
{"op_code": 5, "worker_id": "b41abb9b-368a-4fe1-9300-66d621a3743e-140688040236864", "trial_id": 5, "param_name": "lr", "param_value_internal": 1.0994335574766187e-05, "distribution": "{\"name\": \"FloatDistribution\", \"attributes\": {\"step\": null, \"low\": 1e-05, \"high\": 0.001, \"log\": true}}"}
{"op_code": 5, "worker_id": "b41abb9b-368a-4fe1-9300-66d621a3743e-140688040236864", "trial_id": 5, "param_name": "l2reg", "param_value_internal": 0.0007072114131472234, "distribution": "{\"name\": \"FloatDistribution\", \"attributes\": {\"step\": null, \"low\": 1e-08, \"high\": 0.001, \"log\": true}}"}
{"op_code": 5, "worker_id": "b41abb9b-368a-4fe1-9300-66d621a3743e-140688040236864", "trial_id": 5, "param_name": "random_seed", "param_value_internal": 0, "distribution": "{\"name\": \"CategoricalDistribution\", \"attributes\": {\"choices\": [42]}}"}
{"op_code": 5, "worker_id": "b41abb9b-368a-4fe1-9300-66d621a3743e-140688040236864", "trial_id": 5, "param_name": "degree", "param_value_internal": 0, "distribution": "{\"name\": \"CategoricalDistribution\", \"attributes\": {\"choices\": [0]}}"}
{"op_code": 8, "worker_id": "b41abb9b-368a-4fe1-9300-66d621a3743e-140688040236864", "trial_id": 5, "user_attr": {"best_epoch": 9}}
{"op_code": 8, "worker_id": "b41abb9b-368a-4fe1-9300-66d621a3743e-140688040236864", "trial_id": 5, "user_attr": {"test_loss": 0.45510809923069745}}
{"op_code": 6, "worker_id": "b41abb9b-368a-4fe1-9300-66d621a3743e-140688040236864", "trial_id": 5, "state": 1, "values": [0.45032938036178394], "datetime_complete": "2024-09-02T09:36:42.568811"}
{"op_code": 4, "worker_id": "b41abb9b-368a-4fe1-9300-66d621a3743e-140688040236864", "study_id": 0, "datetime_start": "2024-09-02T09:36:42.579314"}
{"op_code": 5, "worker_id": "b41abb9b-368a-4fe1-9300-66d621a3743e-140688040236864", "trial_id": 6, "param_name": "lr", "param_value_internal": 0.000462258900102083, "distribution": "{\"name\": \"FloatDistribution\", \"attributes\": {\"step\": null, \"low\": 1e-05, \"high\": 0.001, \"log\": true}}"}
{"op_code": 5, "worker_id": "b41abb9b-368a-4fe1-9300-66d621a3743e-140688040236864", "trial_id": 6, "param_name": "l2reg", "param_value_internal": 1.1526449540315595e-07, "distribution": "{\"name\": \"FloatDistribution\", \"attributes\": {\"step\": null, \"low\": 1e-08, \"high\": 0.001, \"log\": true}}"}
{"op_code": 5, "worker_id": "b41abb9b-368a-4fe1-9300-66d621a3743e-140688040236864", "trial_id": 6, "param_name": "random_seed", "param_value_internal": 0, "distribution": "{\"name\": \"CategoricalDistribution\", \"attributes\": {\"choices\": [42]}}"}
{"op_code": 5, "worker_id": "b41abb9b-368a-4fe1-9300-66d621a3743e-140688040236864", "trial_id": 6, "param_name": "degree", "param_value_internal": 0, "distribution": "{\"name\": \"CategoricalDistribution\", \"attributes\": {\"choices\": [0]}}"}
{"op_code": 8, "worker_id": "b41abb9b-368a-4fe1-9300-66d621a3743e-140688040236864", "trial_id": 6, "user_attr": {"best_epoch": 0}}
{"op_code": 8, "worker_id": "b41abb9b-368a-4fe1-9300-66d621a3743e-140688040236864", "trial_id": 6, "user_attr": {"test_loss": 0.4530610007331272}}
{"op_code": 6, "worker_id": "b41abb9b-368a-4fe1-9300-66d621a3743e-140688040236864", "trial_id": 6, "state": 1, "values": [0.4484420858618404], "datetime_complete": "2024-09-02T09:56:46.440148"}
{"op_code": 4, "worker_id": "b41abb9b-368a-4fe1-9300-66d621a3743e-140688040236864", "study_id": 0, "datetime_start": "2024-09-02T09:56:46.448798"}
{"op_code": 5, "worker_id": "b41abb9b-368a-4fe1-9300-66d621a3743e-140688040236864", "trial_id": 7, "param_name": "lr", "param_value_internal": 2.3102018878452926e-05, "distribution": "{\"name\": \"FloatDistribution\", \"attributes\": {\"step\": null, \"low\": 1e-05, \"high\": 0.001, \"log\": true}}"}
{"op_code": 5, "worker_id": "b41abb9b-368a-4fe1-9300-66d621a3743e-140688040236864", "trial_id": 7, "param_name": "l2reg", "param_value_internal": 8.260808399079588e-08, "distribution": "{\"name\": \"FloatDistribution\", \"attributes\": {\"step\": null, \"low\": 1e-08, \"high\": 0.001, \"log\": true}}"}
{"op_code": 5, "worker_id": "b41abb9b-368a-4fe1-9300-66d621a3743e-140688040236864", "trial_id": 7, "param_name": "random_seed", "param_value_internal": 0, "distribution": "{\"name\": \"CategoricalDistribution\", \"attributes\": {\"choices\": [42]}}"}
{"op_code": 5, "worker_id": "b41abb9b-368a-4fe1-9300-66d621a3743e-140688040236864", "trial_id": 7, "param_name": "degree", "param_value_internal": 0, "distribution": "{\"name\": \"CategoricalDistribution\", \"attributes\": {\"choices\": [0]}}"}
{"op_code": 8, "worker_id": "b41abb9b-368a-4fe1-9300-66d621a3743e-140688040236864", "trial_id": 7, "user_attr": {"best_epoch": 6}}
{"op_code": 8, "worker_id": "b41abb9b-368a-4fe1-9300-66d621a3743e-140688040236864", "trial_id": 7, "user_attr": {"test_loss": 0.453761487657244}}
{"op_code": 6, "worker_id": "b41abb9b-368a-4fe1-9300-66d621a3743e-140688040236864", "trial_id": 7, "state": 1, "values": [0.44880047979281257], "datetime_complete": "2024-09-02T10:44:47.576760"}
{"op_code": 4, "worker_id": "b41abb9b-368a-4fe1-9300-66d621a3743e-140688040236864", "study_id": 0, "datetime_start": "2024-09-02T10:44:47.586168"}
{"op_code": 5, "worker_id": "b41abb9b-368a-4fe1-9300-66d621a3743e-140688040236864", "trial_id": 8, "param_name": "lr", "param_value_internal": 4.059611610484306e-05, "distribution": "{\"name\": \"FloatDistribution\", \"attributes\": {\"step\": null, \"low\": 1e-05, \"high\": 0.001, \"log\": true}}"}
{"op_code": 5, "worker_id": "b41abb9b-368a-4fe1-9300-66d621a3743e-140688040236864", "trial_id": 8, "param_name": "l2reg", "param_value_internal": 4.2051564509138674e-06, "distribution": "{\"name\": \"FloatDistribution\", \"attributes\": {\"step\": null, \"low\": 1e-08, \"high\": 0.001, \"log\": true}}"}
{"op_code": 5, "worker_id": "b41abb9b-368a-4fe1-9300-66d621a3743e-140688040236864", "trial_id": 8, "param_name": "random_seed", "param_value_internal": 0, "distribution": "{\"name\": \"CategoricalDistribution\", \"attributes\": {\"choices\": [42]}}"}
{"op_code": 5, "worker_id": "b41abb9b-368a-4fe1-9300-66d621a3743e-140688040236864", "trial_id": 8, "param_name": "degree", "param_value_internal": 0, "distribution": "{\"name\": \"CategoricalDistribution\", \"attributes\": {\"choices\": [0]}}"}
{"op_code": 8, "worker_id": "b41abb9b-368a-4fe1-9300-66d621a3743e-140688040236864", "trial_id": 8, "user_attr": {"best_epoch": 3}}
{"op_code": 8, "worker_id": "b41abb9b-368a-4fe1-9300-66d621a3743e-140688040236864", "trial_id": 8, "user_attr": {"test_loss": 0.45327039474799347}}
{"op_code": 6, "worker_id": "b41abb9b-368a-4fe1-9300-66d621a3743e-140688040236864", "trial_id": 8, "state": 1, "values": [0.4486319720370274], "datetime_complete": "2024-09-02T11:18:49.528201"}
{"op_code": 4, "worker_id": "b41abb9b-368a-4fe1-9300-66d621a3743e-140688040236864", "study_id": 0, "datetime_start": "2024-09-02T11:18:49.537220"}
{"op_code": 5, "worker_id": "b41abb9b-368a-4fe1-9300-66d621a3743e-140688040236864", "trial_id": 9, "param_name": "lr", "param_value_internal": 7.309539835912905e-05, "distribution": "{\"name\": \"FloatDistribution\", \"attributes\": {\"step\": null, \"low\": 1e-05, \"high\": 0.001, \"log\": true}}"}
{"op_code": 5, "worker_id": "b41abb9b-368a-4fe1-9300-66d621a3743e-140688040236864", "trial_id": 9, "param_name": "l2reg", "param_value_internal": 2.8585493941961875e-07, "distribution": "{\"name\": \"FloatDistribution\", \"attributes\": {\"step\": null, \"low\": 1e-08, \"high\": 0.001, \"log\": true}}"}
{"op_code": 5, "worker_id": "b41abb9b-368a-4fe1-9300-66d621a3743e-140688040236864", "trial_id": 9, "param_name": "random_seed", "param_value_internal": 0, "distribution": "{\"name\": \"CategoricalDistribution\", \"attributes\": {\"choices\": [42]}}"}
{"op_code": 5, "worker_id": "b41abb9b-368a-4fe1-9300-66d621a3743e-140688040236864", "trial_id": 9, "param_name": "degree", "param_value_internal": 0, "distribution": "{\"name\": \"CategoricalDistribution\", \"attributes\": {\"choices\": [0]}}"}
{"op_code": 8, "worker_id": "b41abb9b-368a-4fe1-9300-66d621a3743e-140688040236864", "trial_id": 9, "user_attr": {"best_epoch": 1}}
{"op_code": 8, "worker_id": "b41abb9b-368a-4fe1-9300-66d621a3743e-140688040236864", "trial_id": 9, "user_attr": {"test_loss": 0.4524606488137495}}
{"op_code": 6, "worker_id": "b41abb9b-368a-4fe1-9300-66d621a3743e-140688040236864", "trial_id": 9, "state": 1, "values": [0.44786483036224206], "datetime_complete": "2024-09-02T11:43:32.841556"}
{"op_code": 4, "worker_id": "b41abb9b-368a-4fe1-9300-66d621a3743e-140688040236864", "study_id": 0, "datetime_start": "2024-09-02T11:43:32.850064"}
{"op_code": 5, "worker_id": "b41abb9b-368a-4fe1-9300-66d621a3743e-140688040236864", "trial_id": 10, "param_name": "lr", "param_value_internal": 0.000776735381623706, "distribution": "{\"name\": \"FloatDistribution\", \"attributes\": {\"step\": null, \"low\": 1e-05, \"high\": 0.001, \"log\": true}}"}
{"op_code": 5, "worker_id": "b41abb9b-368a-4fe1-9300-66d621a3743e-140688040236864", "trial_id": 10, "param_name": "l2reg", "param_value_internal": 7.193458129269525e-05, "distribution": "{\"name\": \"FloatDistribution\", \"attributes\": {\"step\": null, \"low\": 1e-08, \"high\": 0.001, \"log\": true}}"}
{"op_code": 5, "worker_id": "b41abb9b-368a-4fe1-9300-66d621a3743e-140688040236864", "trial_id": 10, "param_name": "random_seed", "param_value_internal": 0, "distribution": "{\"name\": \"CategoricalDistribution\", \"attributes\": {\"choices\": [42]}}"}
{"op_code": 5, "worker_id": "b41abb9b-368a-4fe1-9300-66d621a3743e-140688040236864", "trial_id": 10, "param_name": "degree", "param_value_internal": 0, "distribution": "{\"name\": \"CategoricalDistribution\", \"attributes\": {\"choices\": [0]}}"}
{"op_code": 8, "worker_id": "b41abb9b-368a-4fe1-9300-66d621a3743e-140688040236864", "trial_id": 10, "user_attr": {"best_epoch": 0}}
{"op_code": 8, "worker_id": "b41abb9b-368a-4fe1-9300-66d621a3743e-140688040236864", "trial_id": 10, "user_attr": {"test_loss": 0.4538007323331387}}
{"op_code": 6, "worker_id": "b41abb9b-368a-4fe1-9300-66d621a3743e-140688040236864", "trial_id": 10, "state": 1, "values": [0.4492339272461847], "datetime_complete": "2024-09-02T12:03:36.814899"}
{"op_code": 4, "worker_id": "b41abb9b-368a-4fe1-9300-66d621a3743e-140688040236864", "study_id": 0, "datetime_start": "2024-09-02T12:03:36.823982"}
{"op_code": 5, "worker_id": "b41abb9b-368a-4fe1-9300-66d621a3743e-140688040236864", "trial_id": 11, "param_name": "lr", "param_value_internal": 6.306581983588723e-05, "distribution": "{\"name\": \"FloatDistribution\", \"attributes\": {\"step\": null, \"low\": 1e-05, \"high\": 0.001, \"log\": true}}"}
{"op_code": 5, "worker_id": "b41abb9b-368a-4fe1-9300-66d621a3743e-140688040236864", "trial_id": 11, "param_name": "l2reg", "param_value_internal": 6.301651774921119e-07, "distribution": "{\"name\": \"FloatDistribution\", \"attributes\": {\"step\": null, \"low\": 1e-08, \"high\": 0.001, \"log\": true}}"}
{"op_code": 5, "worker_id": "b41abb9b-368a-4fe1-9300-66d621a3743e-140688040236864", "trial_id": 11, "param_name": "random_seed", "param_value_internal": 0, "distribution": "{\"name\": \"CategoricalDistribution\", \"attributes\": {\"choices\": [42]}}"}
{"op_code": 5, "worker_id": "b41abb9b-368a-4fe1-9300-66d621a3743e-140688040236864", "trial_id": 11, "param_name": "degree", "param_value_internal": 0, "distribution": "{\"name\": \"CategoricalDistribution\", \"attributes\": {\"choices\": [0]}}"}
{"op_code": 8, "worker_id": "b41abb9b-368a-4fe1-9300-66d621a3743e-140688040236864", "trial_id": 11, "user_attr": {"best_epoch": 2}}
{"op_code": 8, "worker_id": "b41abb9b-368a-4fe1-9300-66d621a3743e-140688040236864", "trial_id": 11, "user_attr": {"test_loss": 0.4526278586196044}}
{"op_code": 6, "worker_id": "b41abb9b-368a-4fe1-9300-66d621a3743e-140688040236864", "trial_id": 11, "state": 1, "values": [0.4479141916056109], "datetime_complete": "2024-09-02T12:32:58.249089"}
{"op_code": 4, "worker_id": "b41abb9b-368a-4fe1-9300-66d621a3743e-140688040236864", "study_id": 0, "datetime_start": "2024-09-02T12:32:58.260757"}
{"op_code": 5, "worker_id": "b41abb9b-368a-4fe1-9300-66d621a3743e-140688040236864", "trial_id": 12, "param_name": "lr", "param_value_internal": 0.00011637036190606062, "distribution": "{\"name\": \"FloatDistribution\", \"attributes\": {\"step\": null, \"low\": 1e-05, \"high\": 0.001, \"log\": true}}"}
{"op_code": 5, "worker_id": "b41abb9b-368a-4fe1-9300-66d621a3743e-140688040236864", "trial_id": 12, "param_name": "l2reg", "param_value_internal": 7.340461609226715e-07, "distribution": "{\"name\": \"FloatDistribution\", \"attributes\": {\"step\": null, \"low\": 1e-08, \"high\": 0.001, \"log\": true}}"}
{"op_code": 5, "worker_id": "b41abb9b-368a-4fe1-9300-66d621a3743e-140688040236864", "trial_id": 12, "param_name": "random_seed", "param_value_internal": 0, "distribution": "{\"name\": \"CategoricalDistribution\", \"attributes\": {\"choices\": [42]}}"}
{"op_code": 5, "worker_id": "b41abb9b-368a-4fe1-9300-66d621a3743e-140688040236864", "trial_id": 12, "param_name": "degree", "param_value_internal": 0, "distribution": "{\"name\": \"CategoricalDistribution\", \"attributes\": {\"choices\": [0]}}"}
{"op_code": 8, "worker_id": "b41abb9b-368a-4fe1-9300-66d621a3743e-140688040236864", "trial_id": 12, "user_attr": {"best_epoch": 1}}
{"op_code": 8, "worker_id": "b41abb9b-368a-4fe1-9300-66d621a3743e-140688040236864", "trial_id": 12, "user_attr": {"test_loss": 0.4523248576540632}}
{"op_code": 6, "worker_id": "b41abb9b-368a-4fe1-9300-66d621a3743e-140688040236864", "trial_id": 12, "state": 1, "values": [0.4477177010258587], "datetime_complete": "2024-09-02T12:57:41.895750"}
{"op_code": 4, "worker_id": "b41abb9b-368a-4fe1-9300-66d621a3743e-140688040236864", "study_id": 0, "datetime_start": "2024-09-02T12:57:41.904412"}
{"op_code": 5, "worker_id": "b41abb9b-368a-4fe1-9300-66d621a3743e-140688040236864", "trial_id": 13, "param_name": "lr", "param_value_internal": 0.0001554368713401586, "distribution": "{\"name\": \"FloatDistribution\", \"attributes\": {\"step\": null, \"low\": 1e-05, \"high\": 0.001, \"log\": true}}"}
{"op_code": 5, "worker_id": "b41abb9b-368a-4fe1-9300-66d621a3743e-140688040236864", "trial_id": 13, "param_name": "l2reg", "param_value_internal": 9.167785859319847e-07, "distribution": "{\"name\": \"FloatDistribution\", \"attributes\": {\"step\": null, \"low\": 1e-08, \"high\": 0.001, \"log\": true}}"}
{"op_code": 5, "worker_id": "b41abb9b-368a-4fe1-9300-66d621a3743e-140688040236864", "trial_id": 13, "param_name": "random_seed", "param_value_internal": 0, "distribution": "{\"name\": \"CategoricalDistribution\", \"attributes\": {\"choices\": [42]}}"}
{"op_code": 5, "worker_id": "b41abb9b-368a-4fe1-9300-66d621a3743e-140688040236864", "trial_id": 13, "param_name": "degree", "param_value_internal": 0, "distribution": "{\"name\": \"CategoricalDistribution\", \"attributes\": {\"choices\": [0]}}"}
{"op_code": 8, "worker_id": "b41abb9b-368a-4fe1-9300-66d621a3743e-140688040236864", "trial_id": 13, "user_attr": {"best_epoch": 1}}
{"op_code": 8, "worker_id": "b41abb9b-368a-4fe1-9300-66d621a3743e-140688040236864", "trial_id": 13, "user_attr": {"test_loss": 0.45351204727563305}}
{"op_code": 6, "worker_id": "b41abb9b-368a-4fe1-9300-66d621a3743e-140688040236864", "trial_id": 13, "state": 1, "values": [0.4488147575229131], "datetime_complete": "2024-09-02T13:22:24.612978"}
{"op_code": 4, "worker_id": "b41abb9b-368a-4fe1-9300-66d621a3743e-140688040236864", "study_id": 0, "datetime_start": "2024-09-02T13:22:24.628725"}
{"op_code": 5, "worker_id": "b41abb9b-368a-4fe1-9300-66d621a3743e-140688040236864", "trial_id": 14, "param_name": "lr", "param_value_internal": 0.00013277724571339317, "distribution": "{\"name\": \"FloatDistribution\", \"attributes\": {\"step\": null, \"low\": 1e-05, \"high\": 0.001, \"log\": true}}"}
{"op_code": 5, "worker_id": "b41abb9b-368a-4fe1-9300-66d621a3743e-140688040236864", "trial_id": 14, "param_name": "l2reg", "param_value_internal": 1.163814228102759e-08, "distribution": "{\"name\": \"FloatDistribution\", \"attributes\": {\"step\": null, \"low\": 1e-08, \"high\": 0.001, \"log\": true}}"}
{"op_code": 5, "worker_id": "b41abb9b-368a-4fe1-9300-66d621a3743e-140688040236864", "trial_id": 14, "param_name": "random_seed", "param_value_internal": 0, "distribution": "{\"name\": \"CategoricalDistribution\", \"attributes\": {\"choices\": [42]}}"}
{"op_code": 5, "worker_id": "b41abb9b-368a-4fe1-9300-66d621a3743e-140688040236864", "trial_id": 14, "param_name": "degree", "param_value_internal": 0, "distribution": "{\"name\": \"CategoricalDistribution\", \"attributes\": {\"choices\": [0]}}"}
{"op_code": 8, "worker_id": "b41abb9b-368a-4fe1-9300-66d621a3743e-140688040236864", "trial_id": 14, "user_attr": {"best_epoch": 1}}
{"op_code": 8, "worker_id": "b41abb9b-368a-4fe1-9300-66d621a3743e-140688040236864", "trial_id": 14, "user_attr": {"test_loss": 0.45275578557380985}}
{"op_code": 6, "worker_id": "b41abb9b-368a-4fe1-9300-66d621a3743e-140688040236864", "trial_id": 14, "state": 1, "values": [0.4481143852330095], "datetime_complete": "2024-09-02T13:47:08.292357"}
{"op_code": 4, "worker_id": "b41abb9b-368a-4fe1-9300-66d621a3743e-140688040236864", "study_id": 0, "datetime_start": "2024-09-02T13:47:08.301999"}
{"op_code": 5, "worker_id": "b41abb9b-368a-4fe1-9300-66d621a3743e-140688040236864", "trial_id": 15, "param_name": "lr", "param_value_internal": 4.394797963073974e-05, "distribution": "{\"name\": \"FloatDistribution\", \"attributes\": {\"step\": null, \"low\": 1e-05, \"high\": 0.001, \"log\": true}}"}
{"op_code": 5, "worker_id": "b41abb9b-368a-4fe1-9300-66d621a3743e-140688040236864", "trial_id": 15, "param_name": "l2reg", "param_value_internal": 1.2225661442130608e-05, "distribution": "{\"name\": \"FloatDistribution\", \"attributes\": {\"step\": null, \"low\": 1e-08, \"high\": 0.001, \"log\": true}}"}
{"op_code": 5, "worker_id": "b41abb9b-368a-4fe1-9300-66d621a3743e-140688040236864", "trial_id": 15, "param_name": "random_seed", "param_value_internal": 0, "distribution": "{\"name\": \"CategoricalDistribution\", \"attributes\": {\"choices\": [42]}}"}
{"op_code": 5, "worker_id": "b41abb9b-368a-4fe1-9300-66d621a3743e-140688040236864", "trial_id": 15, "param_name": "degree", "param_value_internal": 0, "distribution": "{\"name\": \"CategoricalDistribution\", \"attributes\": {\"choices\": [0]}}"}
{"op_code": 8, "worker_id": "b41abb9b-368a-4fe1-9300-66d621a3743e-140688040236864", "trial_id": 15, "user_attr": {"best_epoch": 2}}
{"op_code": 8, "worker_id": "b41abb9b-368a-4fe1-9300-66d621a3743e-140688040236864", "trial_id": 15, "user_attr": {"test_loss": 0.45315953235616635}}
{"op_code": 6, "worker_id": "b41abb9b-368a-4fe1-9300-66d621a3743e-140688040236864", "trial_id": 15, "state": 1, "values": [0.4485649354219031], "datetime_complete": "2024-09-02T14:16:31.630828"}
{"op_code": 4, "worker_id": "b41abb9b-368a-4fe1-9300-66d621a3743e-140688040236864", "study_id": 0, "datetime_start": "2024-09-02T14:16:31.649237"}
{"op_code": 5, "worker_id": "b41abb9b-368a-4fe1-9300-66d621a3743e-140688040236864", "trial_id": 16, "param_name": "lr", "param_value_internal": 0.00023508867178723426, "distribution": "{\"name\": \"FloatDistribution\", \"attributes\": {\"step\": null, \"low\": 1e-05, \"high\": 0.001, \"log\": true}}"}
{"op_code": 5, "worker_id": "b41abb9b-368a-4fe1-9300-66d621a3743e-140688040236864", "trial_id": 16, "param_name": "l2reg", "param_value_internal": 0.0009114304044083511, "distribution": "{\"name\": \"FloatDistribution\", \"attributes\": {\"step\": null, \"low\": 1e-08, \"high\": 0.001, \"log\": true}}"}
{"op_code": 5, "worker_id": "b41abb9b-368a-4fe1-9300-66d621a3743e-140688040236864", "trial_id": 16, "param_name": "random_seed", "param_value_internal": 0, "distribution": "{\"name\": \"CategoricalDistribution\", \"attributes\": {\"choices\": [42]}}"}
{"op_code": 5, "worker_id": "b41abb9b-368a-4fe1-9300-66d621a3743e-140688040236864", "trial_id": 16, "param_name": "degree", "param_value_internal": 0, "distribution": "{\"name\": \"CategoricalDistribution\", \"attributes\": {\"choices\": [0]}}"}
{"op_code": 8, "worker_id": "b41abb9b-368a-4fe1-9300-66d621a3743e-140688040236864", "trial_id": 16, "user_attr": {"best_epoch": 0}}
{"op_code": 8, "worker_id": "b41abb9b-368a-4fe1-9300-66d621a3743e-140688040236864", "trial_id": 16, "user_attr": {"test_loss": 0.45304313447989886}}
{"op_code": 6, "worker_id": "b41abb9b-368a-4fe1-9300-66d621a3743e-140688040236864", "trial_id": 16, "state": 1, "values": [0.4483750492467161], "datetime_complete": "2024-09-02T14:36:36.447568"}
{"op_code": 4, "worker_id": "b41abb9b-368a-4fe1-9300-66d621a3743e-140688040236864", "study_id": 0, "datetime_start": "2024-09-02T14:36:36.458460"}
{"op_code": 5, "worker_id": "b41abb9b-368a-4fe1-9300-66d621a3743e-140688040236864", "trial_id": 17, "param_name": "lr", "param_value_internal": 8.819176073569919e-05, "distribution": "{\"name\": \"FloatDistribution\", \"attributes\": {\"step\": null, \"low\": 1e-05, \"high\": 0.001, \"log\": true}}"}
{"op_code": 5, "worker_id": "b41abb9b-368a-4fe1-9300-66d621a3743e-140688040236864", "trial_id": 17, "param_name": "l2reg", "param_value_internal": 2.0924616665468105e-06, "distribution": "{\"name\": \"FloatDistribution\", \"attributes\": {\"step\": null, \"low\": 1e-08, \"high\": 0.001, \"log\": true}}"}
{"op_code": 5, "worker_id": "b41abb9b-368a-4fe1-9300-66d621a3743e-140688040236864", "trial_id": 17, "param_name": "random_seed", "param_value_internal": 0, "distribution": "{\"name\": \"CategoricalDistribution\", \"attributes\": {\"choices\": [42]}}"}
{"op_code": 5, "worker_id": "b41abb9b-368a-4fe1-9300-66d621a3743e-140688040236864", "trial_id": 17, "param_name": "degree", "param_value_internal": 0, "distribution": "{\"name\": \"CategoricalDistribution\", \"attributes\": {\"choices\": [0]}}"}
{"op_code": 8, "worker_id": "b41abb9b-368a-4fe1-9300-66d621a3743e-140688040236864", "trial_id": 17, "user_attr": {"best_epoch": 1}}
{"op_code": 8, "worker_id": "b41abb9b-368a-4fe1-9300-66d621a3743e-140688040236864", "trial_id": 17, "user_attr": {"test_loss": 0.4520925963620949}}
{"op_code": 6, "worker_id": "b41abb9b-368a-4fe1-9300-66d621a3743e-140688040236864", "trial_id": 17, "state": 1, "values": [0.4474942583673607], "datetime_complete": "2024-09-02T15:01:19.971919"}
{"op_code": 4, "worker_id": "b41abb9b-368a-4fe1-9300-66d621a3743e-140688040236864", "study_id": 0, "datetime_start": "2024-09-02T15:01:19.983557"}
{"op_code": 5, "worker_id": "b41abb9b-368a-4fe1-9300-66d621a3743e-140688040236864", "trial_id": 18, "param_name": "lr", "param_value_internal": 9.448888444669822e-05, "distribution": "{\"name\": \"FloatDistribution\", \"attributes\": {\"step\": null, \"low\": 1e-05, \"high\": 0.001, \"log\": true}}"}
{"op_code": 5, "worker_id": "b41abb9b-368a-4fe1-9300-66d621a3743e-140688040236864", "trial_id": 18, "param_name": "l2reg", "param_value_internal": 1.6056172848046092e-06, "distribution": "{\"name\": \"FloatDistribution\", \"attributes\": {\"step\": null, \"low\": 1e-08, \"high\": 0.001, \"log\": true}}"}
{"op_code": 5, "worker_id": "b41abb9b-368a-4fe1-9300-66d621a3743e-140688040236864", "trial_id": 18, "param_name": "random_seed", "param_value_internal": 0, "distribution": "{\"name\": \"CategoricalDistribution\", \"attributes\": {\"choices\": [42]}}"}
{"op_code": 5, "worker_id": "b41abb9b-368a-4fe1-9300-66d621a3743e-140688040236864", "trial_id": 18, "param_name": "degree", "param_value_internal": 0, "distribution": "{\"name\": \"CategoricalDistribution\", \"attributes\": {\"choices\": [0]}}"}
{"op_code": 8, "worker_id": "b41abb9b-368a-4fe1-9300-66d621a3743e-140688040236864", "trial_id": 18, "user_attr": {"best_epoch": 1}}
{"op_code": 8, "worker_id": "b41abb9b-368a-4fe1-9300-66d621a3743e-140688040236864", "trial_id": 18, "user_attr": {"test_loss": 0.4520633155581929}}
{"op_code": 6, "worker_id": "b41abb9b-368a-4fe1-9300-66d621a3743e-140688040236864", "trial_id": 18, "state": 1, "values": [0.4474662373676447], "datetime_complete": "2024-09-02T15:26:03.687492"}
{"op_code": 4, "worker_id": "b41abb9b-368a-4fe1-9300-66d621a3743e-140688040236864", "study_id": 0, "datetime_start": "2024-09-02T15:26:03.696300"}
{"op_code": 5, "worker_id": "b41abb9b-368a-4fe1-9300-66d621a3743e-140688040236864", "trial_id": 19, "param_name": "lr", "param_value_internal": 2.7019174827601184e-05, "distribution": "{\"name\": \"FloatDistribution\", \"attributes\": {\"step\": null, \"low\": 1e-05, \"high\": 0.001, \"log\": true}}"}
{"op_code": 5, "worker_id": "b41abb9b-368a-4fe1-9300-66d621a3743e-140688040236864", "trial_id": 19, "param_name": "l2reg", "param_value_internal": 2.9927505117155935e-06, "distribution": "{\"name\": \"FloatDistribution\", \"attributes\": {\"step\": null, \"low\": 1e-08, \"high\": 0.001, \"log\": true}}"}
{"op_code": 5, "worker_id": "b41abb9b-368a-4fe1-9300-66d621a3743e-140688040236864", "trial_id": 19, "param_name": "random_seed", "param_value_internal": 0, "distribution": "{\"name\": \"CategoricalDistribution\", \"attributes\": {\"choices\": [42]}}"}
{"op_code": 5, "worker_id": "b41abb9b-368a-4fe1-9300-66d621a3743e-140688040236864", "trial_id": 19, "param_name": "degree", "param_value_internal": 0, "distribution": "{\"name\": \"CategoricalDistribution\", \"attributes\": {\"choices\": [0]}}"}
{"op_code": 8, "worker_id": "b41abb9b-368a-4fe1-9300-66d621a3743e-140688040236864", "trial_id": 19, "user_attr": {"best_epoch": 5}}
{"op_code": 8, "worker_id": "b41abb9b-368a-4fe1-9300-66d621a3743e-140688040236864", "trial_id": 19, "user_attr": {"test_loss": 0.4535659896171109}}
{"op_code": 6, "worker_id": "b41abb9b-368a-4fe1-9300-66d621a3743e-140688040236864", "trial_id": 19, "state": 1, "values": [0.4487740239988028], "datetime_complete": "2024-09-02T16:09:24.357195"}
{"op_code": 4, "worker_id": "b41abb9b-368a-4fe1-9300-66d621a3743e-140688040236864", "study_id": 0, "datetime_start": "2024-09-02T16:09:24.366426"}
{"op_code": 5, "worker_id": "b41abb9b-368a-4fe1-9300-66d621a3743e-140688040236864", "trial_id": 20, "param_name": "lr", "param_value_internal": 9.40425520758574e-05, "distribution": "{\"name\": \"FloatDistribution\", \"attributes\": {\"step\": null, \"low\": 1e-05, \"high\": 0.001, \"log\": true}}"}
{"op_code": 5, "worker_id": "b41abb9b-368a-4fe1-9300-66d621a3743e-140688040236864", "trial_id": 20, "param_name": "l2reg", "param_value_internal": 2.906158188127867e-06, "distribution": "{\"name\": \"FloatDistribution\", \"attributes\": {\"step\": null, \"low\": 1e-08, \"high\": 0.001, \"log\": true}}"}
{"op_code": 5, "worker_id": "b41abb9b-368a-4fe1-9300-66d621a3743e-140688040236864", "trial_id": 20, "param_name": "random_seed", "param_value_internal": 0, "distribution": "{\"name\": \"CategoricalDistribution\", \"attributes\": {\"choices\": [42]}}"}
{"op_code": 5, "worker_id": "b41abb9b-368a-4fe1-9300-66d621a3743e-140688040236864", "trial_id": 20, "param_name": "degree", "param_value_internal": 0, "distribution": "{\"name\": \"CategoricalDistribution\", \"attributes\": {\"choices\": [0]}}"}
{"op_code": 8, "worker_id": "b41abb9b-368a-4fe1-9300-66d621a3743e-140688040236864", "trial_id": 20, "user_attr": {"best_epoch": 1}}
{"op_code": 8, "worker_id": "b41abb9b-368a-4fe1-9300-66d621a3743e-140688040236864", "trial_id": 20, "user_attr": {"test_loss": 0.45206369731574053}}
{"op_code": 6, "worker_id": "b41abb9b-368a-4fe1-9300-66d621a3743e-140688040236864", "trial_id": 20, "state": 1, "values": [0.4474665809493851], "datetime_complete": "2024-09-02T16:34:08.695064"}
{"op_code": 4, "worker_id": "b41abb9b-368a-4fe1-9300-66d621a3743e-140688040236864", "study_id": 0, "datetime_start": "2024-09-02T16:34:08.704366"}
{"op_code": 5, "worker_id": "b41abb9b-368a-4fe1-9300-66d621a3743e-140688040236864", "trial_id": 21, "param_name": "lr", "param_value_internal": 8.657857585898337e-05, "distribution": "{\"name\": \"FloatDistribution\", \"attributes\": {\"step\": null, \"low\": 1e-05, \"high\": 0.001, \"log\": true}}"}
{"op_code": 5, "worker_id": "b41abb9b-368a-4fe1-9300-66d621a3743e-140688040236864", "trial_id": 21, "param_name": "l2reg", "param_value_internal": 2.6113258552302263e-06, "distribution": "{\"name\": \"FloatDistribution\", \"attributes\": {\"step\": null, \"low\": 1e-08, \"high\": 0.001, \"log\": true}}"}
{"op_code": 5, "worker_id": "b41abb9b-368a-4fe1-9300-66d621a3743e-140688040236864", "trial_id": 21, "param_name": "random_seed", "param_value_internal": 0, "distribution": "{\"name\": \"CategoricalDistribution\", \"attributes\": {\"choices\": [42]}}"}
{"op_code": 5, "worker_id": "b41abb9b-368a-4fe1-9300-66d621a3743e-140688040236864", "trial_id": 21, "param_name": "degree", "param_value_internal": 0, "distribution": "{\"name\": \"CategoricalDistribution\", \"attributes\": {\"choices\": [0]}}"}
{"op_code": 8, "worker_id": "b41abb9b-368a-4fe1-9300-66d621a3743e-140688040236864", "trial_id": 21, "user_attr": {"best_epoch": 1}}
{"op_code": 8, "worker_id": "b41abb9b-368a-4fe1-9300-66d621a3743e-140688040236864", "trial_id": 21, "user_attr": {"test_loss": 0.4521100045062661}}
{"op_code": 6, "worker_id": "b41abb9b-368a-4fe1-9300-66d621a3743e-140688040236864", "trial_id": 21, "state": 1, "values": [0.4475126590783458], "datetime_complete": "2024-09-02T16:58:53.169985"}
{"op_code": 4, "worker_id": "b41abb9b-368a-4fe1-9300-66d621a3743e-140688040236864", "study_id": 0, "datetime_start": "2024-09-02T16:58:53.178887"}
{"op_code": 5, "worker_id": "b41abb9b-368a-4fe1-9300-66d621a3743e-140688040236864", "trial_id": 22, "param_name": "lr", "param_value_internal": 0.00025253710106474506, "distribution": "{\"name\": \"FloatDistribution\", \"attributes\": {\"step\": null, \"low\": 1e-05, \"high\": 0.001, \"log\": true}}"}
{"op_code": 5, "worker_id": "b41abb9b-368a-4fe1-9300-66d621a3743e-140688040236864", "trial_id": 22, "param_name": "l2reg", "param_value_internal": 1.5710919386265514e-05, "distribution": "{\"name\": \"FloatDistribution\", \"attributes\": {\"step\": null, \"low\": 1e-08, \"high\": 0.001, \"log\": true}}"}
{"op_code": 5, "worker_id": "b41abb9b-368a-4fe1-9300-66d621a3743e-140688040236864", "trial_id": 22, "param_name": "random_seed", "param_value_internal": 0, "distribution": "{\"name\": \"CategoricalDistribution\", \"attributes\": {\"choices\": [42]}}"}
{"op_code": 5, "worker_id": "b41abb9b-368a-4fe1-9300-66d621a3743e-140688040236864", "trial_id": 22, "param_name": "degree", "param_value_internal": 0, "distribution": "{\"name\": \"CategoricalDistribution\", \"attributes\": {\"choices\": [0]}}"}
{"op_code": 8, "worker_id": "b41abb9b-368a-4fe1-9300-66d621a3743e-140688040236864", "trial_id": 22, "user_attr": {"best_epoch": 0}}
{"op_code": 8, "worker_id": "b41abb9b-368a-4fe1-9300-66d621a3743e-140688040236864", "trial_id": 22, "user_attr": {"test_loss": 0.4530669179751152}}
{"op_code": 6, "worker_id": "b41abb9b-368a-4fe1-9300-66d621a3743e-140688040236864", "trial_id": 22, "state": 1, "values": [0.4483944807029224], "datetime_complete": "2024-09-02T17:18:57.250348"}
{"op_code": 4, "worker_id": "b41abb9b-368a-4fe1-9300-66d621a3743e-140688040236864", "study_id": 0, "datetime_start": "2024-09-02T17:18:57.259890"}
{"op_code": 5, "worker_id": "b41abb9b-368a-4fe1-9300-66d621a3743e-140688040236864", "trial_id": 23, "param_name": "lr", "param_value_internal": 9.448551599657317e-05, "distribution": "{\"name\": \"FloatDistribution\", \"attributes\": {\"step\": null, \"low\": 1e-05, \"high\": 0.001, \"log\": true}}"}
{"op_code": 5, "worker_id": "b41abb9b-368a-4fe1-9300-66d621a3743e-140688040236864", "trial_id": 23, "param_name": "l2reg", "param_value_internal": 2.3566004395874415e-06, "distribution": "{\"name\": \"FloatDistribution\", \"attributes\": {\"step\": null, \"low\": 1e-08, \"high\": 0.001, \"log\": true}}"}
{"op_code": 5, "worker_id": "b41abb9b-368a-4fe1-9300-66d621a3743e-140688040236864", "trial_id": 23, "param_name": "random_seed", "param_value_internal": 0, "distribution": "{\"name\": \"CategoricalDistribution\", \"attributes\": {\"choices\": [42]}}"}
{"op_code": 5, "worker_id": "b41abb9b-368a-4fe1-9300-66d621a3743e-140688040236864", "trial_id": 23, "param_name": "degree", "param_value_internal": 0, "distribution": "{\"name\": \"CategoricalDistribution\", \"attributes\": {\"choices\": [0]}}"}
{"op_code": 8, "worker_id": "b41abb9b-368a-4fe1-9300-66d621a3743e-140688040236864", "trial_id": 23, "user_attr": {"best_epoch": 1}}
{"op_code": 8, "worker_id": "b41abb9b-368a-4fe1-9300-66d621a3743e-140688040236864", "trial_id": 23, "user_attr": {"test_loss": 0.4520633155581929}}
{"op_code": 6, "worker_id": "b41abb9b-368a-4fe1-9300-66d621a3743e-140688040236864", "trial_id": 23, "state": 1, "values": [0.4474662373676447], "datetime_complete": "2024-09-02T17:43:41.519493"}
{"op_code": 4, "worker_id": "b41abb9b-368a-4fe1-9300-66d621a3743e-140688040236864", "study_id": 0, "datetime_start": "2024-09-02T17:43:41.528324"}
{"op_code": 5, "worker_id": "b41abb9b-368a-4fe1-9300-66d621a3743e-140688040236864", "trial_id": 24, "param_name": "lr", "param_value_internal": 4.134971513107221e-05, "distribution": "{\"name\": \"FloatDistribution\", \"attributes\": {\"step\": null, \"low\": 1e-05, \"high\": 0.001, \"log\": true}}"}
{"op_code": 5, "worker_id": "b41abb9b-368a-4fe1-9300-66d621a3743e-140688040236864", "trial_id": 24, "param_name": "l2reg", "param_value_internal": 2.280571471858106e-07, "distribution": "{\"name\": \"FloatDistribution\", \"attributes\": {\"step\": null, \"low\": 1e-08, \"high\": 0.001, \"log\": true}}"}
{"op_code": 5, "worker_id": "b41abb9b-368a-4fe1-9300-66d621a3743e-140688040236864", "trial_id": 24, "param_name": "random_seed", "param_value_internal": 0, "distribution": "{\"name\": \"CategoricalDistribution\", \"attributes\": {\"choices\": [42]}}"}
{"op_code": 5, "worker_id": "b41abb9b-368a-4fe1-9300-66d621a3743e-140688040236864", "trial_id": 24, "param_name": "degree", "param_value_internal": 0, "distribution": "{\"name\": \"CategoricalDistribution\", \"attributes\": {\"choices\": [0]}}"}
{"op_code": 8, "worker_id": "b41abb9b-368a-4fe1-9300-66d621a3743e-140688040236864", "trial_id": 24, "user_attr": {"best_epoch": 3}}
{"op_code": 8, "worker_id": "b41abb9b-368a-4fe1-9300-66d621a3743e-140688040236864", "trial_id": 24, "user_attr": {"test_loss": 0.4532840234924433}}
{"op_code": 6, "worker_id": "b41abb9b-368a-4fe1-9300-66d621a3743e-140688040236864", "trial_id": 24, "state": 1, "values": [0.44864315753146444], "datetime_complete": "2024-09-02T18:17:42.935617"}
{"op_code": 4, "worker_id": "b41abb9b-368a-4fe1-9300-66d621a3743e-140688040236864", "study_id": 0, "datetime_start": "2024-09-02T18:17:42.948569"}
{"op_code": 5, "worker_id": "b41abb9b-368a-4fe1-9300-66d621a3743e-140688040236864", "trial_id": 25, "param_name": "lr", "param_value_internal": 0.00019237195129125602, "distribution": "{\"name\": \"FloatDistribution\", \"attributes\": {\"step\": null, \"low\": 1e-05, \"high\": 0.001, \"log\": true}}"}
{"op_code": 5, "worker_id": "b41abb9b-368a-4fe1-9300-66d621a3743e-140688040236864", "trial_id": 25, "param_name": "l2reg", "param_value_internal": 1.2277013129329503e-06, "distribution": "{\"name\": \"FloatDistribution\", \"attributes\": {\"step\": null, \"low\": 1e-08, \"high\": 0.001, \"log\": true}}"}
{"op_code": 5, "worker_id": "b41abb9b-368a-4fe1-9300-66d621a3743e-140688040236864", "trial_id": 25, "param_name": "random_seed", "param_value_internal": 0, "distribution": "{\"name\": \"CategoricalDistribution\", \"attributes\": {\"choices\": [42]}}"}
{"op_code": 5, "worker_id": "b41abb9b-368a-4fe1-9300-66d621a3743e-140688040236864", "trial_id": 25, "param_name": "degree", "param_value_internal": 0, "distribution": "{\"name\": \"CategoricalDistribution\", \"attributes\": {\"choices\": [0]}}"}
{"op_code": 8, "worker_id": "b41abb9b-368a-4fe1-9300-66d621a3743e-140688040236864", "trial_id": 25, "user_attr": {"best_epoch": 0}}
{"op_code": 8, "worker_id": "b41abb9b-368a-4fe1-9300-66d621a3743e-140688040236864", "trial_id": 25, "user_attr": {"test_loss": 0.4531697634584424}}
{"op_code": 6, "worker_id": "b41abb9b-368a-4fe1-9300-66d621a3743e-140688040236864", "trial_id": 25, "state": 1, "values": [0.4485192772261806], "datetime_complete": "2024-09-02T18:37:48.923555"}
{"op_code": 4, "worker_id": "b41abb9b-368a-4fe1-9300-66d621a3743e-140688040236864", "study_id": 0, "datetime_start": "2024-09-02T18:37:48.932247"}
{"op_code": 5, "worker_id": "b41abb9b-368a-4fe1-9300-66d621a3743e-140688040236864", "trial_id": 26, "param_name": "lr", "param_value_internal": 0.00010539229317416916, "distribution": "{\"name\": \"FloatDistribution\", \"attributes\": {\"step\": null, \"low\": 1e-05, \"high\": 0.001, \"log\": true}}"}
{"op_code": 5, "worker_id": "b41abb9b-368a-4fe1-9300-66d621a3743e-140688040236864", "trial_id": 26, "param_name": "l2reg", "param_value_internal": 7.041474450738217e-06, "distribution": "{\"name\": \"FloatDistribution\", \"attributes\": {\"step\": null, \"low\": 1e-08, \"high\": 0.001, \"log\": true}}"}
{"op_code": 5, "worker_id": "b41abb9b-368a-4fe1-9300-66d621a3743e-140688040236864", "trial_id": 26, "param_name": "random_seed", "param_value_internal": 0, "distribution": "{\"name\": \"CategoricalDistribution\", \"attributes\": {\"choices\": [42]}}"}
{"op_code": 5, "worker_id": "b41abb9b-368a-4fe1-9300-66d621a3743e-140688040236864", "trial_id": 26, "param_name": "degree", "param_value_internal": 0, "distribution": "{\"name\": \"CategoricalDistribution\", \"attributes\": {\"choices\": [0]}}"}
{"op_code": 8, "worker_id": "b41abb9b-368a-4fe1-9300-66d621a3743e-140688040236864", "trial_id": 26, "user_attr": {"best_epoch": 1}}
{"op_code": 8, "worker_id": "b41abb9b-368a-4fe1-9300-66d621a3743e-140688040236864", "trial_id": 26, "user_attr": {"test_loss": 0.45213474239535145}}
{"op_code": 6, "worker_id": "b41abb9b-368a-4fe1-9300-66d621a3743e-140688040236864", "trial_id": 26, "state": 1, "values": [0.4475376260181472], "datetime_complete": "2024-09-02T19:02:33.999963"}
{"op_code": 4, "worker_id": "b41abb9b-368a-4fe1-9300-66d621a3743e-140688040236864", "study_id": 0, "datetime_start": "2024-09-02T19:02:34.008982"}
{"op_code": 5, "worker_id": "b41abb9b-368a-4fe1-9300-66d621a3743e-140688040236864", "trial_id": 27, "param_name": "lr", "param_value_internal": 0.0003587222892499787, "distribution": "{\"name\": \"FloatDistribution\", \"attributes\": {\"step\": null, \"low\": 1e-05, \"high\": 0.001, \"log\": true}}"}
{"op_code": 5, "worker_id": "b41abb9b-368a-4fe1-9300-66d621a3743e-140688040236864", "trial_id": 27, "param_name": "l2reg", "param_value_internal": 2.676227571454764e-05, "distribution": "{\"name\": \"FloatDistribution\", \"attributes\": {\"step\": null, \"low\": 1e-08, \"high\": 0.001, \"log\": true}}"}
{"op_code": 5, "worker_id": "b41abb9b-368a-4fe1-9300-66d621a3743e-140688040236864", "trial_id": 27, "param_name": "random_seed", "param_value_internal": 0, "distribution": "{\"name\": \"CategoricalDistribution\", \"attributes\": {\"choices\": [42]}}"}
{"op_code": 5, "worker_id": "b41abb9b-368a-4fe1-9300-66d621a3743e-140688040236864", "trial_id": 27, "param_name": "degree", "param_value_internal": 0, "distribution": "{\"name\": \"CategoricalDistribution\", \"attributes\": {\"choices\": [0]}}"}
{"op_code": 8, "worker_id": "b41abb9b-368a-4fe1-9300-66d621a3743e-140688040236864", "trial_id": 27, "user_attr": {"best_epoch": 0}}
{"op_code": 8, "worker_id": "b41abb9b-368a-4fe1-9300-66d621a3743e-140688040236864", "trial_id": 27, "user_attr": {"test_loss": 0.45302355031770625}}
{"op_code": 6, "worker_id": "b41abb9b-368a-4fe1-9300-66d621a3743e-140688040236864", "trial_id": 27, "state": 1, "values": [0.4483645890915088], "datetime_complete": "2024-09-02T19:22:38.895850"}
{"op_code": 4, "worker_id": "b41abb9b-368a-4fe1-9300-66d621a3743e-140688040236864", "study_id": 0, "datetime_start": "2024-09-02T19:22:38.905367"}
{"op_code": 5, "worker_id": "b41abb9b-368a-4fe1-9300-66d621a3743e-140688040236864", "trial_id": 28, "param_name": "lr", "param_value_internal": 3.138619896948798e-05, "distribution": "{\"name\": \"FloatDistribution\", \"attributes\": {\"step\": null, \"low\": 1e-05, \"high\": 0.001, \"log\": true}}"}
{"op_code": 5, "worker_id": "b41abb9b-368a-4fe1-9300-66d621a3743e-140688040236864", "trial_id": 28, "param_name": "l2reg", "param_value_internal": 3.2902697482205597e-07, "distribution": "{\"name\": \"FloatDistribution\", \"attributes\": {\"step\": null, \"low\": 1e-08, \"high\": 0.001, \"log\": true}}"}
{"op_code": 5, "worker_id": "b41abb9b-368a-4fe1-9300-66d621a3743e-140688040236864", "trial_id": 28, "param_name": "random_seed", "param_value_internal": 0, "distribution": "{\"name\": \"CategoricalDistribution\", \"attributes\": {\"choices\": [42]}}"}
{"op_code": 5, "worker_id": "b41abb9b-368a-4fe1-9300-66d621a3743e-140688040236864", "trial_id": 28, "param_name": "degree", "param_value_internal": 0, "distribution": "{\"name\": \"CategoricalDistribution\", \"attributes\": {\"choices\": [0]}}"}
{"op_code": 8, "worker_id": "b41abb9b-368a-4fe1-9300-66d621a3743e-140688040236864", "trial_id": 28, "user_attr": {"best_epoch": 4}}
{"op_code": 8, "worker_id": "b41abb9b-368a-4fe1-9300-66d621a3743e-140688040236864", "trial_id": 28, "user_attr": {"test_loss": 0.45338503653954193}}
{"op_code": 6, "worker_id": "b41abb9b-368a-4fe1-9300-66d621a3743e-140688040236864", "trial_id": 28, "state": 1, "values": [0.44868125692889843], "datetime_complete": "2024-09-02T20:01:19.929312"}
{"op_code": 4, "worker_id": "b41abb9b-368a-4fe1-9300-66d621a3743e-140688040236864", "study_id": 0, "datetime_start": "2024-09-02T20:01:19.939117"}
{"op_code": 5, "worker_id": "b41abb9b-368a-4fe1-9300-66d621a3743e-140688040236864", "trial_id": 29, "param_name": "lr", "param_value_internal": 5.670966647611147e-05, "distribution": "{\"name\": \"FloatDistribution\", \"attributes\": {\"step\": null, \"low\": 1e-05, \"high\": 0.001, \"log\": true}}"}
{"op_code": 5, "worker_id": "b41abb9b-368a-4fe1-9300-66d621a3743e-140688040236864", "trial_id": 29, "param_name": "l2reg", "param_value_internal": 0.00011497884717434737, "distribution": "{\"name\": \"FloatDistribution\", \"attributes\": {\"step\": null, \"low\": 1e-08, \"high\": 0.001, \"log\": true}}"}
{"op_code": 5, "worker_id": "b41abb9b-368a-4fe1-9300-66d621a3743e-140688040236864", "trial_id": 29, "param_name": "random_seed", "param_value_internal": 0, "distribution": "{\"name\": \"CategoricalDistribution\", \"attributes\": {\"choices\": [42]}}"}
{"op_code": 5, "worker_id": "b41abb9b-368a-4fe1-9300-66d621a3743e-140688040236864", "trial_id": 29, "param_name": "degree", "param_value_internal": 0, "distribution": "{\"name\": \"CategoricalDistribution\", \"attributes\": {\"choices\": [0]}}"}
{"op_code": 8, "worker_id": "b41abb9b-368a-4fe1-9300-66d621a3743e-140688040236864", "trial_id": 29, "user_attr": {"best_epoch": 2}}
{"op_code": 8, "worker_id": "b41abb9b-368a-4fe1-9300-66d621a3743e-140688040236864", "trial_id": 29, "user_attr": {"test_loss": 0.4525728091812385}}
{"op_code": 6, "worker_id": "b41abb9b-368a-4fe1-9300-66d621a3743e-140688040236864", "trial_id": 29, "state": 1, "values": [0.44789491285240035], "datetime_complete": "2024-09-02T20:30:47.435145"}
{"op_code": 4, "worker_id": "b41abb9b-368a-4fe1-9300-66d621a3743e-140688040236864", "study_id": 0, "datetime_start": "2024-09-02T20:30:47.514599"}
{"op_code": 5, "worker_id": "b41abb9b-368a-4fe1-9300-66d621a3743e-140688040236864", "trial_id": 30, "param_name": "lr", "param_value_internal": 7.242213956855916e-05, "distribution": "{\"name\": \"FloatDistribution\", \"attributes\": {\"step\": null, \"low\": 1e-05, \"high\": 0.001, \"log\": true}}"}
{"op_code": 5, "worker_id": "b41abb9b-368a-4fe1-9300-66d621a3743e-140688040236864", "trial_id": 30, "param_name": "l2reg", "param_value_internal": 5.512114654211545e-06, "distribution": "{\"name\": \"FloatDistribution\", \"attributes\": {\"step\": null, \"low\": 1e-08, \"high\": 0.001, \"log\": true}}"}
{"op_code": 5, "worker_id": "b41abb9b-368a-4fe1-9300-66d621a3743e-140688040236864", "trial_id": 30, "param_name": "random_seed", "param_value_internal": 0, "distribution": "{\"name\": \"CategoricalDistribution\", \"attributes\": {\"choices\": [42]}}"}
{"op_code": 5, "worker_id": "b41abb9b-368a-4fe1-9300-66d621a3743e-140688040236864", "trial_id": 30, "param_name": "degree", "param_value_internal": 0, "distribution": "{\"name\": \"CategoricalDistribution\", \"attributes\": {\"choices\": [0]}}"}
{"op_code": 8, "worker_id": "b41abb9b-368a-4fe1-9300-66d621a3743e-140688040236864", "trial_id": 30, "user_attr": {"best_epoch": 1}}
{"op_code": 8, "worker_id": "b41abb9b-368a-4fe1-9300-66d621a3743e-140688040236864", "trial_id": 30, "user_attr": {"test_loss": 0.45248962421161343}}
{"op_code": 6, "worker_id": "b41abb9b-368a-4fe1-9300-66d621a3743e-140688040236864", "trial_id": 30, "state": 1, "values": [0.4478939202829281], "datetime_complete": "2024-09-02T20:55:30.753436"}
{"op_code": 4, "worker_id": "b41abb9b-368a-4fe1-9300-66d621a3743e-140688040236864", "study_id": 0, "datetime_start": "2024-09-02T20:55:30.762926"}
{"op_code": 5, "worker_id": "b41abb9b-368a-4fe1-9300-66d621a3743e-140688040236864", "trial_id": 31, "param_name": "lr", "param_value_internal": 9.34588413093879e-05, "distribution": "{\"name\": \"FloatDistribution\", \"attributes\": {\"step\": null, \"low\": 1e-05, \"high\": 0.001, \"log\": true}}"}
{"op_code": 5, "worker_id": "b41abb9b-368a-4fe1-9300-66d621a3743e-140688040236864", "trial_id": 31, "param_name": "l2reg", "param_value_internal": 1.8114148255957412e-06, "distribution": "{\"name\": \"FloatDistribution\", \"attributes\": {\"step\": null, \"low\": 1e-08, \"high\": 0.001, \"log\": true}}"}
{"op_code": 5, "worker_id": "b41abb9b-368a-4fe1-9300-66d621a3743e-140688040236864", "trial_id": 31, "param_name": "random_seed", "param_value_internal": 0, "distribution": "{\"name\": \"CategoricalDistribution\", \"attributes\": {\"choices\": [42]}}"}
{"op_code": 5, "worker_id": "b41abb9b-368a-4fe1-9300-66d621a3743e-140688040236864", "trial_id": 31, "param_name": "degree", "param_value_internal": 0, "distribution": "{\"name\": \"CategoricalDistribution\", \"attributes\": {\"choices\": [0]}}"}
{"op_code": 8, "worker_id": "b41abb9b-368a-4fe1-9300-66d621a3743e-140688040236864", "trial_id": 31, "user_attr": {"best_epoch": 1}}
{"op_code": 8, "worker_id": "b41abb9b-368a-4fe1-9300-66d621a3743e-140688040236864", "trial_id": 31, "user_attr": {"test_loss": 0.4520639645460239}}
{"op_code": 6, "worker_id": "b41abb9b-368a-4fe1-9300-66d621a3743e-140688040236864", "trial_id": 31, "state": 1, "values": [0.4474672299371169], "datetime_complete": "2024-09-02T21:20:14.523990"}
{"op_code": 4, "worker_id": "b41abb9b-368a-4fe1-9300-66d621a3743e-140688040236864", "study_id": 0, "datetime_start": "2024-09-02T21:20:14.533285"}
{"op_code": 5, "worker_id": "b41abb9b-368a-4fe1-9300-66d621a3743e-140688040236864", "trial_id": 32, "param_name": "lr", "param_value_internal": 0.00010115803479133145, "distribution": "{\"name\": \"FloatDistribution\", \"attributes\": {\"step\": null, \"low\": 1e-05, \"high\": 0.001, \"log\": true}}"}
{"op_code": 5, "worker_id": "b41abb9b-368a-4fe1-9300-66d621a3743e-140688040236864", "trial_id": 32, "param_name": "l2reg", "param_value_internal": 1.3394155874218522e-06, "distribution": "{\"name\": \"FloatDistribution\", \"attributes\": {\"step\": null, \"low\": 1e-08, \"high\": 0.001, \"log\": true}}"}
{"op_code": 5, "worker_id": "b41abb9b-368a-4fe1-9300-66d621a3743e-140688040236864", "trial_id": 32, "param_name": "random_seed", "param_value_internal": 0, "distribution": "{\"name\": \"CategoricalDistribution\", \"attributes\": {\"choices\": [42]}}"}
{"op_code": 5, "worker_id": "b41abb9b-368a-4fe1-9300-66d621a3743e-140688040236864", "trial_id": 32, "param_name": "degree", "param_value_internal": 0, "distribution": "{\"name\": \"CategoricalDistribution\", \"attributes\": {\"choices\": [0]}}"}
{"op_code": 8, "worker_id": "b41abb9b-368a-4fe1-9300-66d621a3743e-140688040236864", "trial_id": 32, "user_attr": {"best_epoch": 1}}
{"op_code": 8, "worker_id": "b41abb9b-368a-4fe1-9300-66d621a3743e-140688040236864", "trial_id": 32, "user_attr": {"test_loss": 0.45209049669558304}}
{"op_code": 6, "worker_id": "b41abb9b-368a-4fe1-9300-66d621a3743e-140688040236864", "trial_id": 32, "state": 1, "values": [0.4474950218823393], "datetime_complete": "2024-09-02T21:44:58.002052"}
{"op_code": 4, "worker_id": "b41abb9b-368a-4fe1-9300-66d621a3743e-140688040236864", "study_id": 0, "datetime_start": "2024-09-02T21:44:58.014955"}
{"op_code": 5, "worker_id": "b41abb9b-368a-4fe1-9300-66d621a3743e-140688040236864", "trial_id": 33, "param_name": "lr", "param_value_internal": 0.00019485300991993202, "distribution": "{\"name\": \"FloatDistribution\", \"attributes\": {\"step\": null, \"low\": 1e-05, \"high\": 0.001, \"log\": true}}"}
{"op_code": 5, "worker_id": "b41abb9b-368a-4fe1-9300-66d621a3743e-140688040236864", "trial_id": 33, "param_name": "l2reg", "param_value_internal": 1.938107428610796e-06, "distribution": "{\"name\": \"FloatDistribution\", \"attributes\": {\"step\": null, \"low\": 1e-08, \"high\": 0.001, \"log\": true}}"}
{"op_code": 5, "worker_id": "b41abb9b-368a-4fe1-9300-66d621a3743e-140688040236864", "trial_id": 33, "param_name": "random_seed", "param_value_internal": 0, "distribution": "{\"name\": \"CategoricalDistribution\", \"attributes\": {\"choices\": [42]}}"}
{"op_code": 5, "worker_id": "b41abb9b-368a-4fe1-9300-66d621a3743e-140688040236864", "trial_id": 33, "param_name": "degree", "param_value_internal": 0, "distribution": "{\"name\": \"CategoricalDistribution\", \"attributes\": {\"choices\": [0]}}"}
{"op_code": 8, "worker_id": "b41abb9b-368a-4fe1-9300-66d621a3743e-140688040236864", "trial_id": 33, "user_attr": {"best_epoch": 0}}
{"op_code": 8, "worker_id": "b41abb9b-368a-4fe1-9300-66d621a3743e-140688040236864", "trial_id": 33, "user_attr": {"test_loss": 0.45315903607135444}}
{"op_code": 6, "worker_id": "b41abb9b-368a-4fe1-9300-66d621a3743e-140688040236864", "trial_id": 33, "state": 1, "values": [0.448507290041016], "datetime_complete": "2024-09-02T22:05:01.775923"}
{"op_code": 4, "worker_id": "b41abb9b-368a-4fe1-9300-66d621a3743e-140688040236864", "study_id": 0, "datetime_start": "2024-09-02T22:05:01.784994"}
{"op_code": 5, "worker_id": "b41abb9b-368a-4fe1-9300-66d621a3743e-140688040236864", "trial_id": 34, "param_name": "lr", "param_value_internal": 0.0001334081859180286, "distribution": "{\"name\": \"FloatDistribution\", \"attributes\": {\"step\": null, \"low\": 1e-05, \"high\": 0.001, \"log\": true}}"}
{"op_code": 5, "worker_id": "b41abb9b-368a-4fe1-9300-66d621a3743e-140688040236864", "trial_id": 34, "param_name": "l2reg", "param_value_internal": 5.722796339162209e-07, "distribution": "{\"name\": \"FloatDistribution\", \"attributes\": {\"step\": null, \"low\": 1e-08, \"high\": 0.001, \"log\": true}}"}
{"op_code": 5, "worker_id": "b41abb9b-368a-4fe1-9300-66d621a3743e-140688040236864", "trial_id": 34, "param_name": "random_seed", "param_value_internal": 0, "distribution": "{\"name\": \"CategoricalDistribution\", \"attributes\": {\"choices\": [42]}}"}
{"op_code": 5, "worker_id": "b41abb9b-368a-4fe1-9300-66d621a3743e-140688040236864", "trial_id": 34, "param_name": "degree", "param_value_internal": 0, "distribution": "{\"name\": \"CategoricalDistribution\", \"attributes\": {\"choices\": [0]}}"}
{"op_code": 8, "worker_id": "b41abb9b-368a-4fe1-9300-66d621a3743e-140688040236864", "trial_id": 34, "user_attr": {"best_epoch": 1}}
{"op_code": 8, "worker_id": "b41abb9b-368a-4fe1-9300-66d621a3743e-140688040236864", "trial_id": 34, "user_attr": {"test_loss": 0.45277445351788814}}
{"op_code": 6, "worker_id": "b41abb9b-368a-4fe1-9300-66d621a3743e-140688040236864", "trial_id": 34, "state": 1, "values": [0.4481322514835096], "datetime_complete": "2024-09-02T22:29:45.038098"}
{"op_code": 4, "worker_id": "b41abb9b-368a-4fe1-9300-66d621a3743e-140688040236864", "study_id": 0, "datetime_start": "2024-09-02T22:29:45.053588"}
{"op_code": 5, "worker_id": "b41abb9b-368a-4fe1-9300-66d621a3743e-140688040236864", "trial_id": 35, "param_name": "lr", "param_value_internal": 4.895450428031926e-05, "distribution": "{\"name\": \"FloatDistribution\", \"attributes\": {\"step\": null, \"low\": 1e-05, \"high\": 0.001, \"log\": true}}"}
{"op_code": 5, "worker_id": "b41abb9b-368a-4fe1-9300-66d621a3743e-140688040236864", "trial_id": 35, "param_name": "l2reg", "param_value_internal": 7.788026613130467e-06, "distribution": "{\"name\": \"FloatDistribution\", \"attributes\": {\"step\": null, \"low\": 1e-08, \"high\": 0.001, \"log\": true}}"}
{"op_code": 5, "worker_id": "b41abb9b-368a-4fe1-9300-66d621a3743e-140688040236864", "trial_id": 35, "param_name": "random_seed", "param_value_internal": 0, "distribution": "{\"name\": \"CategoricalDistribution\", \"attributes\": {\"choices\": [42]}}"}
{"op_code": 5, "worker_id": "b41abb9b-368a-4fe1-9300-66d621a3743e-140688040236864", "trial_id": 35, "param_name": "degree", "param_value_internal": 0, "distribution": "{\"name\": \"CategoricalDistribution\", \"attributes\": {\"choices\": [0]}}"}
{"op_code": 8, "worker_id": "b41abb9b-368a-4fe1-9300-66d621a3743e-140688040236864", "trial_id": 35, "user_attr": {"best_epoch": 2}}
{"op_code": 8, "worker_id": "b41abb9b-368a-4fe1-9300-66d621a3743e-140688040236864", "trial_id": 35, "user_attr": {"test_loss": 0.45279018192884984}}
{"op_code": 6, "worker_id": "b41abb9b-368a-4fe1-9300-66d621a3743e-140688040236864", "trial_id": 35, "state": 1, "values": [0.4481614177556935], "datetime_complete": "2024-09-02T22:59:06.837371"}
{"op_code": 4, "worker_id": "b41abb9b-368a-4fe1-9300-66d621a3743e-140688040236864", "study_id": 0, "datetime_start": "2024-09-02T22:59:06.846204"}
{"op_code": 5, "worker_id": "b41abb9b-368a-4fe1-9300-66d621a3743e-140688040236864", "trial_id": 36, "param_name": "lr", "param_value_internal": 1.6034593352494314e-05, "distribution": "{\"name\": \"FloatDistribution\", \"attributes\": {\"step\": null, \"low\": 1e-05, \"high\": 0.001, \"log\": true}}"}
{"op_code": 5, "worker_id": "b41abb9b-368a-4fe1-9300-66d621a3743e-140688040236864", "trial_id": 36, "param_name": "l2reg", "param_value_internal": 2.9331565414328084e-05, "distribution": "{\"name\": \"FloatDistribution\", \"attributes\": {\"step\": null, \"low\": 1e-08, \"high\": 0.001, \"log\": true}}"}
{"op_code": 5, "worker_id": "b41abb9b-368a-4fe1-9300-66d621a3743e-140688040236864", "trial_id": 36, "param_name": "random_seed", "param_value_internal": 0, "distribution": "{\"name\": \"CategoricalDistribution\", \"attributes\": {\"choices\": [42]}}"}
{"op_code": 5, "worker_id": "b41abb9b-368a-4fe1-9300-66d621a3743e-140688040236864", "trial_id": 36, "param_name": "degree", "param_value_internal": 0, "distribution": "{\"name\": \"CategoricalDistribution\", \"attributes\": {\"choices\": [0]}}"}
{"op_code": 8, "worker_id": "b41abb9b-368a-4fe1-9300-66d621a3743e-140688040236864", "trial_id": 36, "user_attr": {"best_epoch": 8}}
{"op_code": 8, "worker_id": "b41abb9b-368a-4fe1-9300-66d621a3743e-140688040236864", "trial_id": 36, "user_attr": {"test_loss": 0.45391674845185864}}
{"op_code": 6, "worker_id": "b41abb9b-368a-4fe1-9300-66d621a3743e-140688040236864", "trial_id": 36, "state": 1, "values": [0.44905484480794544], "datetime_complete": "2024-09-02T23:47:06.847080"}
{"op_code": 4, "worker_id": "b41abb9b-368a-4fe1-9300-66d621a3743e-140688040236864", "study_id": 0, "datetime_start": "2024-09-02T23:47:06.856808"}
{"op_code": 5, "worker_id": "b41abb9b-368a-4fe1-9300-66d621a3743e-140688040236864", "trial_id": 37, "param_name": "lr", "param_value_internal": 7.599281813135775e-05, "distribution": "{\"name\": \"FloatDistribution\", \"attributes\": {\"step\": null, \"low\": 1e-05, \"high\": 0.001, \"log\": true}}"}
{"op_code": 5, "worker_id": "b41abb9b-368a-4fe1-9300-66d621a3743e-140688040236864", "trial_id": 37, "param_name": "l2reg", "param_value_internal": 3.843448110151263e-06, "distribution": "{\"name\": \"FloatDistribution\", \"attributes\": {\"step\": null, \"low\": 1e-08, \"high\": 0.001, \"log\": true}}"}
{"op_code": 5, "worker_id": "b41abb9b-368a-4fe1-9300-66d621a3743e-140688040236864", "trial_id": 37, "param_name": "random_seed", "param_value_internal": 0, "distribution": "{\"name\": \"CategoricalDistribution\", \"attributes\": {\"choices\": [42]}}"}
{"op_code": 5, "worker_id": "b41abb9b-368a-4fe1-9300-66d621a3743e-140688040236864", "trial_id": 37, "param_name": "degree", "param_value_internal": 0, "distribution": "{\"name\": \"CategoricalDistribution\", \"attributes\": {\"choices\": [0]}}"}
{"op_code": 8, "worker_id": "b41abb9b-368a-4fe1-9300-66d621a3743e-140688040236864", "trial_id": 37, "user_attr": {"best_epoch": 1}}
{"op_code": 8, "worker_id": "b41abb9b-368a-4fe1-9300-66d621a3743e-140688040236864", "trial_id": 37, "user_attr": {"test_loss": 0.4523507789915462}}
{"op_code": 6, "worker_id": "b41abb9b-368a-4fe1-9300-66d621a3743e-140688040236864", "trial_id": 37, "state": 1, "values": [0.4477538916358461], "datetime_complete": "2024-09-03T00:11:50.268328"}
{"op_code": 4, "worker_id": "b41abb9b-368a-4fe1-9300-66d621a3743e-140688040236864", "study_id": 0, "datetime_start": "2024-09-03T00:11:50.278994"}
{"op_code": 5, "worker_id": "b41abb9b-368a-4fe1-9300-66d621a3743e-140688040236864", "trial_id": 38, "param_name": "lr", "param_value_internal": 0.00035087709790284906, "distribution": "{\"name\": \"FloatDistribution\", \"attributes\": {\"step\": null, \"low\": 1e-05, \"high\": 0.001, \"log\": true}}"}
{"op_code": 5, "worker_id": "b41abb9b-368a-4fe1-9300-66d621a3743e-140688040236864", "trial_id": 38, "param_name": "l2reg", "param_value_internal": 2.7194868825526894e-08, "distribution": "{\"name\": \"FloatDistribution\", \"attributes\": {\"step\": null, \"low\": 1e-08, \"high\": 0.001, \"log\": true}}"}
{"op_code": 5, "worker_id": "b41abb9b-368a-4fe1-9300-66d621a3743e-140688040236864", "trial_id": 38, "param_name": "random_seed", "param_value_internal": 0, "distribution": "{\"name\": \"CategoricalDistribution\", \"attributes\": {\"choices\": [42]}}"}
{"op_code": 5, "worker_id": "b41abb9b-368a-4fe1-9300-66d621a3743e-140688040236864", "trial_id": 38, "param_name": "degree", "param_value_internal": 0, "distribution": "{\"name\": \"CategoricalDistribution\", \"attributes\": {\"choices\": [0]}}"}
{"op_code": 8, "worker_id": "b41abb9b-368a-4fe1-9300-66d621a3743e-140688040236864", "trial_id": 38, "user_attr": {"best_epoch": 0}}
{"op_code": 8, "worker_id": "b41abb9b-368a-4fe1-9300-66d621a3743e-140688040236864", "trial_id": 38, "user_attr": {"test_loss": 0.45302538275393484}}
{"op_code": 6, "worker_id": "b41abb9b-368a-4fe1-9300-66d621a3743e-140688040236864", "trial_id": 38, "state": 1, "values": [0.4483652380792406], "datetime_complete": "2024-09-03T00:31:53.489027"}
{"op_code": 4, "worker_id": "b41abb9b-368a-4fe1-9300-66d621a3743e-140688040236864", "study_id": 0, "datetime_start": "2024-09-03T00:31:53.506901"}
{"op_code": 5, "worker_id": "b41abb9b-368a-4fe1-9300-66d621a3743e-140688040236864", "trial_id": 39, "param_name": "lr", "param_value_internal": 3.2367871286896835e-05, "distribution": "{\"name\": \"FloatDistribution\", \"attributes\": {\"step\": null, \"low\": 1e-05, \"high\": 0.001, \"log\": true}}"}
{"op_code": 5, "worker_id": "b41abb9b-368a-4fe1-9300-66d621a3743e-140688040236864", "trial_id": 39, "param_name": "l2reg", "param_value_internal": 4.304006890781567e-07, "distribution": "{\"name\": \"FloatDistribution\", \"attributes\": {\"step\": null, \"low\": 1e-08, \"high\": 0.001, \"log\": true}}"}
{"op_code": 5, "worker_id": "b41abb9b-368a-4fe1-9300-66d621a3743e-140688040236864", "trial_id": 39, "param_name": "random_seed", "param_value_internal": 0, "distribution": "{\"name\": \"CategoricalDistribution\", \"attributes\": {\"choices\": [42]}}"}
{"op_code": 5, "worker_id": "b41abb9b-368a-4fe1-9300-66d621a3743e-140688040236864", "trial_id": 39, "param_name": "degree", "param_value_internal": 0, "distribution": "{\"name\": \"CategoricalDistribution\", \"attributes\": {\"choices\": [0]}}"}
{"op_code": 8, "worker_id": "b41abb9b-368a-4fe1-9300-66d621a3743e-140688040236864", "trial_id": 39, "user_attr": {"best_epoch": 4}}
{"op_code": 8, "worker_id": "b41abb9b-368a-4fe1-9300-66d621a3743e-140688040236864", "trial_id": 39, "user_attr": {"test_loss": 0.45339160276936086}}
{"op_code": 6, "worker_id": "b41abb9b-368a-4fe1-9300-66d621a3743e-140688040236864", "trial_id": 39, "state": 1, "values": [0.4486819822681281], "datetime_complete": "2024-09-03T01:10:34.780391"}
{"op_code": 4, "worker_id": "b41abb9b-368a-4fe1-9300-66d621a3743e-140688040236864", "study_id": 0, "datetime_start": "2024-09-03T01:10:34.789361"}
{"op_code": 5, "worker_id": "b41abb9b-368a-4fe1-9300-66d621a3743e-140688040236864", "trial_id": 40, "param_name": "lr", "param_value_internal": 0.0001833751603378927, "distribution": "{\"name\": \"FloatDistribution\", \"attributes\": {\"step\": null, \"low\": 1e-05, \"high\": 0.001, \"log\": true}}"}
{"op_code": 5, "worker_id": "b41abb9b-368a-4fe1-9300-66d621a3743e-140688040236864", "trial_id": 40, "param_name": "l2reg", "param_value_internal": 1.894250602542507e-05, "distribution": "{\"name\": \"FloatDistribution\", \"attributes\": {\"step\": null, \"low\": 1e-08, \"high\": 0.001, \"log\": true}}"}
{"op_code": 5, "worker_id": "b41abb9b-368a-4fe1-9300-66d621a3743e-140688040236864", "trial_id": 40, "param_name": "random_seed", "param_value_internal": 0, "distribution": "{\"name\": \"CategoricalDistribution\", \"attributes\": {\"choices\": [42]}}"}
{"op_code": 5, "worker_id": "b41abb9b-368a-4fe1-9300-66d621a3743e-140688040236864", "trial_id": 40, "param_name": "degree", "param_value_internal": 0, "distribution": "{\"name\": \"CategoricalDistribution\", \"attributes\": {\"choices\": [0]}}"}
{"op_code": 8, "worker_id": "b41abb9b-368a-4fe1-9300-66d621a3743e-140688040236864", "trial_id": 40, "user_attr": {"best_epoch": 0}}
{"op_code": 8, "worker_id": "b41abb9b-368a-4fe1-9300-66d621a3743e-140688040236864", "trial_id": 40, "user_attr": {"test_loss": 0.4532202699819917}}
{"op_code": 6, "worker_id": "b41abb9b-368a-4fe1-9300-66d621a3743e-140688040236864", "trial_id": 40, "state": 1, "values": [0.4485746702378807], "datetime_complete": "2024-09-03T01:30:39.122287"}
{"op_code": 4, "worker_id": "b41abb9b-368a-4fe1-9300-66d621a3743e-140688040236864", "study_id": 0, "datetime_start": "2024-09-03T01:30:39.131308"}
{"op_code": 5, "worker_id": "b41abb9b-368a-4fe1-9300-66d621a3743e-140688040236864", "trial_id": 41, "param_name": "lr", "param_value_internal": 9.563474311379767e-05, "distribution": "{\"name\": \"FloatDistribution\", \"attributes\": {\"step\": null, \"low\": 1e-05, \"high\": 0.001, \"log\": true}}"}
{"op_code": 5, "worker_id": "b41abb9b-368a-4fe1-9300-66d621a3743e-140688040236864", "trial_id": 41, "param_name": "l2reg", "param_value_internal": 2.1989938029932565e-06, "distribution": "{\"name\": \"FloatDistribution\", \"attributes\": {\"step\": null, \"low\": 1e-08, \"high\": 0.001, \"log\": true}}"}
{"op_code": 5, "worker_id": "b41abb9b-368a-4fe1-9300-66d621a3743e-140688040236864", "trial_id": 41, "param_name": "random_seed", "param_value_internal": 0, "distribution": "{\"name\": \"CategoricalDistribution\", \"attributes\": {\"choices\": [42]}}"}
{"op_code": 5, "worker_id": "b41abb9b-368a-4fe1-9300-66d621a3743e-140688040236864", "trial_id": 41, "param_name": "degree", "param_value_internal": 0, "distribution": "{\"name\": \"CategoricalDistribution\", \"attributes\": {\"choices\": [0]}}"}
{"op_code": 8, "worker_id": "b41abb9b-368a-4fe1-9300-66d621a3743e-140688040236864", "trial_id": 41, "user_attr": {"best_epoch": 1}}
{"op_code": 8, "worker_id": "b41abb9b-368a-4fe1-9300-66d621a3743e-140688040236864", "trial_id": 41, "user_attr": {"test_loss": 0.4520633537339477}}
{"op_code": 6, "worker_id": "b41abb9b-368a-4fe1-9300-66d621a3743e-140688040236864", "trial_id": 41, "state": 1, "values": [0.44746715358561906], "datetime_complete": "2024-09-03T01:55:22.009167"}
{"op_code": 4, "worker_id": "b41abb9b-368a-4fe1-9300-66d621a3743e-140688040236864", "study_id": 0, "datetime_start": "2024-09-03T01:55:22.018256"}
{"op_code": 5, "worker_id": "b41abb9b-368a-4fe1-9300-66d621a3743e-140688040236864", "trial_id": 42, "param_name": "lr", "param_value_internal": 6.01640403124295e-05, "distribution": "{\"name\": \"FloatDistribution\", \"attributes\": {\"step\": null, \"low\": 1e-05, \"high\": 0.001, \"log\": true}}"}
{"op_code": 5, "worker_id": "b41abb9b-368a-4fe1-9300-66d621a3743e-140688040236864", "trial_id": 42, "param_name": "l2reg", "param_value_internal": 1.4963606956834605e-07, "distribution": "{\"name\": \"FloatDistribution\", \"attributes\": {\"step\": null, \"low\": 1e-08, \"high\": 0.001, \"log\": true}}"}
{"op_code": 5, "worker_id": "b41abb9b-368a-4fe1-9300-66d621a3743e-140688040236864", "trial_id": 42, "param_name": "random_seed", "param_value_internal": 0, "distribution": "{\"name\": \"CategoricalDistribution\", \"attributes\": {\"choices\": [42]}}"}
{"op_code": 5, "worker_id": "b41abb9b-368a-4fe1-9300-66d621a3743e-140688040236864", "trial_id": 42, "param_name": "degree", "param_value_internal": 0, "distribution": "{\"name\": \"CategoricalDistribution\", \"attributes\": {\"choices\": [0]}}"}
{"op_code": 8, "worker_id": "b41abb9b-368a-4fe1-9300-66d621a3743e-140688040236864", "trial_id": 42, "user_attr": {"best_epoch": 2}}
{"op_code": 8, "worker_id": "b41abb9b-368a-4fe1-9300-66d621a3743e-140688040236864", "trial_id": 42, "user_attr": {"test_loss": 0.45258055885945503}}
{"op_code": 6, "worker_id": "b41abb9b-368a-4fe1-9300-66d621a3743e-140688040236864", "trial_id": 42, "state": 1, "values": [0.44788326924897615], "datetime_complete": "2024-09-03T02:24:43.602404"}
{"op_code": 4, "worker_id": "b41abb9b-368a-4fe1-9300-66d621a3743e-140688040236864", "study_id": 0, "datetime_start": "2024-09-03T02:24:43.617511"}
{"op_code": 5, "worker_id": "b41abb9b-368a-4fe1-9300-66d621a3743e-140688040236864", "trial_id": 43, "param_name": "lr", "param_value_internal": 0.00012703707009059447, "distribution": "{\"name\": \"FloatDistribution\", \"attributes\": {\"step\": null, \"low\": 1e-05, \"high\": 0.001, \"log\": true}}"}
{"op_code": 5, "worker_id": "b41abb9b-368a-4fe1-9300-66d621a3743e-140688040236864", "trial_id": 43, "param_name": "l2reg", "param_value_internal": 1.5019410468425869e-06, "distribution": "{\"name\": \"FloatDistribution\", \"attributes\": {\"step\": null, \"low\": 1e-08, \"high\": 0.001, \"log\": true}}"}
{"op_code": 5, "worker_id": "b41abb9b-368a-4fe1-9300-66d621a3743e-140688040236864", "trial_id": 43, "param_name": "random_seed", "param_value_internal": 0, "distribution": "{\"name\": \"CategoricalDistribution\", \"attributes\": {\"choices\": [42]}}"}
{"op_code": 5, "worker_id": "b41abb9b-368a-4fe1-9300-66d621a3743e-140688040236864", "trial_id": 43, "param_name": "degree", "param_value_internal": 0, "distribution": "{\"name\": \"CategoricalDistribution\", \"attributes\": {\"choices\": [0]}}"}
{"op_code": 8, "worker_id": "b41abb9b-368a-4fe1-9300-66d621a3743e-140688040236864", "trial_id": 43, "user_attr": {"best_epoch": 1}}
{"op_code": 8, "worker_id": "b41abb9b-368a-4fe1-9300-66d621a3743e-140688040236864", "trial_id": 43, "user_attr": {"test_loss": 0.45258884299823826}}
{"op_code": 6, "worker_id": "b41abb9b-368a-4fe1-9300-66d621a3743e-140688040236864", "trial_id": 43, "state": 1, "values": [0.44796175858878], "datetime_complete": "2024-09-03T02:49:26.626715"}
{"op_code": 4, "worker_id": "b41abb9b-368a-4fe1-9300-66d621a3743e-140688040236864", "study_id": 0, "datetime_start": "2024-09-03T02:49:26.635514"}
{"op_code": 5, "worker_id": "b41abb9b-368a-4fe1-9300-66d621a3743e-140688040236864", "trial_id": 44, "param_name": "lr", "param_value_internal": 8.90844825733781e-05, "distribution": "{\"name\": \"FloatDistribution\", \"attributes\": {\"step\": null, \"low\": 1e-05, \"high\": 0.001, \"log\": true}}"}
{"op_code": 5, "worker_id": "b41abb9b-368a-4fe1-9300-66d621a3743e-140688040236864", "trial_id": 44, "param_name": "l2reg", "param_value_internal": 4.355371255825944e-06, "distribution": "{\"name\": \"FloatDistribution\", \"attributes\": {\"step\": null, \"low\": 1e-08, \"high\": 0.001, \"log\": true}}"}
{"op_code": 5, "worker_id": "b41abb9b-368a-4fe1-9300-66d621a3743e-140688040236864", "trial_id": 44, "param_name": "random_seed", "param_value_internal": 0, "distribution": "{\"name\": \"CategoricalDistribution\", \"attributes\": {\"choices\": [42]}}"}
{"op_code": 5, "worker_id": "b41abb9b-368a-4fe1-9300-66d621a3743e-140688040236864", "trial_id": 44, "param_name": "degree", "param_value_internal": 0, "distribution": "{\"name\": \"CategoricalDistribution\", \"attributes\": {\"choices\": [0]}}"}
{"op_code": 8, "worker_id": "b41abb9b-368a-4fe1-9300-66d621a3743e-140688040236864", "trial_id": 44, "user_attr": {"best_epoch": 1}}
{"op_code": 8, "worker_id": "b41abb9b-368a-4fe1-9300-66d621a3743e-140688040236864", "trial_id": 44, "user_attr": {"test_loss": 0.45208480850812355}}
{"op_code": 6, "worker_id": "b41abb9b-368a-4fe1-9300-66d621a3743e-140688040236864", "trial_id": 44, "state": 1, "values": [0.4474870049750636], "datetime_complete": "2024-09-03T03:14:09.058661"}
{"op_code": 4, "worker_id": "b41abb9b-368a-4fe1-9300-66d621a3743e-140688040236864", "study_id": 0, "datetime_start": "2024-09-03T03:14:09.067607"}
{"op_code": 5, "worker_id": "b41abb9b-368a-4fe1-9300-66d621a3743e-140688040236864", "trial_id": 45, "param_name": "lr", "param_value_internal": 0.0001466920955759661, "distribution": "{\"name\": \"FloatDistribution\", \"attributes\": {\"step\": null, \"low\": 1e-05, \"high\": 0.001, \"log\": true}}"}
{"op_code": 5, "worker_id": "b41abb9b-368a-4fe1-9300-66d621a3743e-140688040236864", "trial_id": 45, "param_name": "l2reg", "param_value_internal": 1.0134648196559608e-06, "distribution": "{\"name\": \"FloatDistribution\", \"attributes\": {\"step\": null, \"low\": 1e-08, \"high\": 0.001, \"log\": true}}"}
{"op_code": 5, "worker_id": "b41abb9b-368a-4fe1-9300-66d621a3743e-140688040236864", "trial_id": 45, "param_name": "random_seed", "param_value_internal": 0, "distribution": "{\"name\": \"CategoricalDistribution\", \"attributes\": {\"choices\": [42]}}"}
{"op_code": 5, "worker_id": "b41abb9b-368a-4fe1-9300-66d621a3743e-140688040236864", "trial_id": 45, "param_name": "degree", "param_value_internal": 0, "distribution": "{\"name\": \"CategoricalDistribution\", \"attributes\": {\"choices\": [0]}}"}
{"op_code": 8, "worker_id": "b41abb9b-368a-4fe1-9300-66d621a3743e-140688040236864", "trial_id": 45, "user_attr": {"best_epoch": 1}}
{"op_code": 8, "worker_id": "b41abb9b-368a-4fe1-9300-66d621a3743e-140688040236864", "trial_id": 45, "user_attr": {"test_loss": 0.45320561049216335}}
{"op_code": 6, "worker_id": "b41abb9b-368a-4fe1-9300-66d621a3743e-140688040236864", "trial_id": 45, "state": 1, "values": [0.44853008096312835], "datetime_complete": "2024-09-03T03:38:55.895164"}
{"op_code": 4, "worker_id": "b41abb9b-368a-4fe1-9300-66d621a3743e-140688040236864", "study_id": 0, "datetime_start": "2024-09-03T03:38:55.906983"}
{"op_code": 5, "worker_id": "b41abb9b-368a-4fe1-9300-66d621a3743e-140688040236864", "trial_id": 46, "param_name": "lr", "param_value_internal": 0.00010798740599132143, "distribution": "{\"name\": \"FloatDistribution\", \"attributes\": {\"step\": null, \"low\": 1e-05, \"high\": 0.001, \"log\": true}}"}
{"op_code": 5, "worker_id": "b41abb9b-368a-4fe1-9300-66d621a3743e-140688040236864", "trial_id": 46, "param_name": "l2reg", "param_value_internal": 9.313060837172323e-06, "distribution": "{\"name\": \"FloatDistribution\", \"attributes\": {\"step\": null, \"low\": 1e-08, \"high\": 0.001, \"log\": true}}"}
{"op_code": 5, "worker_id": "b41abb9b-368a-4fe1-9300-66d621a3743e-140688040236864", "trial_id": 46, "param_name": "random_seed", "param_value_internal": 0, "distribution": "{\"name\": \"CategoricalDistribution\", \"attributes\": {\"choices\": [42]}}"}
{"op_code": 5, "worker_id": "b41abb9b-368a-4fe1-9300-66d621a3743e-140688040236864", "trial_id": 46, "param_name": "degree", "param_value_internal": 0, "distribution": "{\"name\": \"CategoricalDistribution\", \"attributes\": {\"choices\": [0]}}"}
{"op_code": 8, "worker_id": "b41abb9b-368a-4fe1-9300-66d621a3743e-140688040236864", "trial_id": 46, "user_attr": {"best_epoch": 1}}
{"op_code": 8, "worker_id": "b41abb9b-368a-4fe1-9300-66d621a3743e-140688040236864", "trial_id": 46, "user_attr": {"test_loss": 0.4521706276048272}}
{"op_code": 6, "worker_id": "b41abb9b-368a-4fe1-9300-66d621a3743e-140688040236864", "trial_id": 46, "state": 1, "values": [0.44757198419218586], "datetime_complete": "2024-09-03T04:03:39.937794"}
{"op_code": 4, "worker_id": "b41abb9b-368a-4fe1-9300-66d621a3743e-140688040236864", "study_id": 0, "datetime_start": "2024-09-03T04:03:39.946932"}
{"op_code": 5, "worker_id": "b41abb9b-368a-4fe1-9300-66d621a3743e-140688040236864", "trial_id": 47, "param_name": "lr", "param_value_internal": 7.139093134053894e-05, "distribution": "{\"name\": \"FloatDistribution\", \"attributes\": {\"step\": null, \"low\": 1e-05, \"high\": 0.001, \"log\": true}}"}
{"op_code": 5, "worker_id": "b41abb9b-368a-4fe1-9300-66d621a3743e-140688040236864", "trial_id": 47, "param_name": "l2reg", "param_value_internal": 0.0003260511554433512, "distribution": "{\"name\": \"FloatDistribution\", \"attributes\": {\"step\": null, \"low\": 1e-08, \"high\": 0.001, \"log\": true}}"}
{"op_code": 5, "worker_id": "b41abb9b-368a-4fe1-9300-66d621a3743e-140688040236864", "trial_id": 47, "param_name": "random_seed", "param_value_internal": 0, "distribution": "{\"name\": \"CategoricalDistribution\", \"attributes\": {\"choices\": [42]}}"}
{"op_code": 5, "worker_id": "b41abb9b-368a-4fe1-9300-66d621a3743e-140688040236864", "trial_id": 47, "param_name": "degree", "param_value_internal": 0, "distribution": "{\"name\": \"CategoricalDistribution\", \"attributes\": {\"choices\": [0]}}"}
{"op_code": 8, "worker_id": "b41abb9b-368a-4fe1-9300-66d621a3743e-140688040236864", "trial_id": 47, "user_attr": {"best_epoch": 1}}
{"op_code": 8, "worker_id": "b41abb9b-368a-4fe1-9300-66d621a3743e-140688040236864", "trial_id": 47, "user_attr": {"test_loss": 0.45253577869911993}}
{"op_code": 6, "worker_id": "b41abb9b-368a-4fe1-9300-66d621a3743e-140688040236864", "trial_id": 47, "state": 1, "values": [0.4479408764541143], "datetime_complete": "2024-09-03T04:28:22.199682"}
{"op_code": 4, "worker_id": "b41abb9b-368a-4fe1-9300-66d621a3743e-140688040236864", "study_id": 0, "datetime_start": "2024-09-03T04:28:22.212333"}
{"op_code": 5, "worker_id": "b41abb9b-368a-4fe1-9300-66d621a3743e-140688040236864", "trial_id": 48, "param_name": "lr", "param_value_internal": 5.154179641568119e-05, "distribution": "{\"name\": \"FloatDistribution\", \"attributes\": {\"step\": null, \"low\": 1e-05, \"high\": 0.001, \"log\": true}}"}
{"op_code": 5, "worker_id": "b41abb9b-368a-4fe1-9300-66d621a3743e-140688040236864", "trial_id": 48, "param_name": "l2reg", "param_value_internal": 5.3788762041977745e-05, "distribution": "{\"name\": \"FloatDistribution\", \"attributes\": {\"step\": null, \"low\": 1e-08, \"high\": 0.001, \"log\": true}}"}
{"op_code": 5, "worker_id": "b41abb9b-368a-4fe1-9300-66d621a3743e-140688040236864", "trial_id": 48, "param_name": "random_seed", "param_value_internal": 0, "distribution": "{\"name\": \"CategoricalDistribution\", \"attributes\": {\"choices\": [42]}}"}
{"op_code": 5, "worker_id": "b41abb9b-368a-4fe1-9300-66d621a3743e-140688040236864", "trial_id": 48, "param_name": "degree", "param_value_internal": 0, "distribution": "{\"name\": \"CategoricalDistribution\", \"attributes\": {\"choices\": [0]}}"}
{"op_code": 8, "worker_id": "b41abb9b-368a-4fe1-9300-66d621a3743e-140688040236864", "trial_id": 48, "user_attr": {"best_epoch": 2}}
{"op_code": 8, "worker_id": "b41abb9b-368a-4fe1-9300-66d621a3743e-140688040236864", "trial_id": 48, "user_attr": {"test_loss": 0.452675921894849}}
{"op_code": 6, "worker_id": "b41abb9b-368a-4fe1-9300-66d621a3743e-140688040236864", "trial_id": 48, "state": 1, "values": [0.4480294060158872], "datetime_complete": "2024-09-03T04:57:44.589409"}
{"op_code": 4, "worker_id": "b41abb9b-368a-4fe1-9300-66d621a3743e-140688040236864", "study_id": 0, "datetime_start": "2024-09-03T04:57:44.598205"}
{"op_code": 5, "worker_id": "b41abb9b-368a-4fe1-9300-66d621a3743e-140688040236864", "trial_id": 49, "param_name": "lr", "param_value_internal": 0.0007139796923487946, "distribution": "{\"name\": \"FloatDistribution\", \"attributes\": {\"step\": null, \"low\": 1e-05, \"high\": 0.001, \"log\": true}}"}
{"op_code": 5, "worker_id": "b41abb9b-368a-4fe1-9300-66d621a3743e-140688040236864", "trial_id": 49, "param_name": "l2reg", "param_value_internal": 2.595632673148124e-06, "distribution": "{\"name\": \"FloatDistribution\", \"attributes\": {\"step\": null, \"low\": 1e-08, \"high\": 0.001, \"log\": true}}"}
{"op_code": 5, "worker_id": "b41abb9b-368a-4fe1-9300-66d621a3743e-140688040236864", "trial_id": 49, "param_name": "random_seed", "param_value_internal": 0, "distribution": "{\"name\": \"CategoricalDistribution\", \"attributes\": {\"choices\": [42]}}"}
{"op_code": 5, "worker_id": "b41abb9b-368a-4fe1-9300-66d621a3743e-140688040236864", "trial_id": 49, "param_name": "degree", "param_value_internal": 0, "distribution": "{\"name\": \"CategoricalDistribution\", \"attributes\": {\"choices\": [0]}}"}
{"op_code": 8, "worker_id": "b41abb9b-368a-4fe1-9300-66d621a3743e-140688040236864", "trial_id": 49, "user_attr": {"best_epoch": 0}}
{"op_code": 8, "worker_id": "b41abb9b-368a-4fe1-9300-66d621a3743e-140688040236864", "trial_id": 49, "user_attr": {"test_loss": 0.453650128980605}}
{"op_code": 6, "worker_id": "b41abb9b-368a-4fe1-9300-66d621a3743e-140688040236864", "trial_id": 49, "state": 1, "values": [0.449088706697248], "datetime_complete": "2024-09-03T05:17:48.879809"}
