{"op_code": 0, "worker_id": "d521cd2e-6129-4b72-856a-937eff46b607-139708797241152", "study_name": "criteo_splines_0_32", "directions": [1]}
{"op_code": 4, "worker_id": "d521cd2e-6129-4b72-856a-937eff46b607-139708797241152", "study_id": 0, "datetime_start": "2024-08-30T06:22:03.524664"}
{"op_code": 5, "worker_id": "d521cd2e-6129-4b72-856a-937eff46b607-139708797241152", "trial_id": 0, "param_name": "lr", "param_value_internal": 5.6115164153345e-05, "distribution": "{\"name\": \"FloatDistribution\", \"attributes\": {\"step\": null, \"low\": 1e-05, \"high\": 0.001, \"log\": true}}"}
{"op_code": 5, "worker_id": "d521cd2e-6129-4b72-856a-937eff46b607-139708797241152", "trial_id": 0, "param_name": "l2reg", "param_value_internal": 0.0005669849511478851, "distribution": "{\"name\": \"FloatDistribution\", \"attributes\": {\"step\": null, \"low\": 1e-08, \"high\": 0.001, \"log\": true}}"}
{"op_code": 5, "worker_id": "d521cd2e-6129-4b72-856a-937eff46b607-139708797241152", "trial_id": 0, "param_name": "random_seed", "param_value_internal": 0, "distribution": "{\"name\": \"CategoricalDistribution\", \"attributes\": {\"choices\": [42]}}"}
{"op_code": 5, "worker_id": "d521cd2e-6129-4b72-856a-937eff46b607-139708797241152", "trial_id": 0, "param_name": "degree", "param_value_internal": 0, "distribution": "{\"name\": \"CategoricalDistribution\", \"attributes\": {\"choices\": [0]}}"}
{"op_code": 8, "worker_id": "d521cd2e-6129-4b72-856a-937eff46b607-139708797241152", "trial_id": 0, "user_attr": {"best_epoch": 3}}
{"op_code": 8, "worker_id": "d521cd2e-6129-4b72-856a-937eff46b607-139708797241152", "trial_id": 0, "user_attr": {"test_loss": 0.4520757608542451}}
{"op_code": 6, "worker_id": "d521cd2e-6129-4b72-856a-937eff46b607-139708797241152", "trial_id": 0, "state": 1, "values": [0.44740565245408986], "datetime_complete": "2024-08-30T06:48:01.114659"}
{"op_code": 4, "worker_id": "d521cd2e-6129-4b72-856a-937eff46b607-139708797241152", "study_id": 0, "datetime_start": "2024-08-30T06:48:01.135006"}
{"op_code": 5, "worker_id": "d521cd2e-6129-4b72-856a-937eff46b607-139708797241152", "trial_id": 1, "param_name": "lr", "param_value_internal": 0.000291063591313307, "distribution": "{\"name\": \"FloatDistribution\", \"attributes\": {\"step\": null, \"low\": 1e-05, \"high\": 0.001, \"log\": true}}"}
{"op_code": 5, "worker_id": "d521cd2e-6129-4b72-856a-937eff46b607-139708797241152", "trial_id": 1, "param_name": "l2reg", "param_value_internal": 9.846738873614555e-06, "distribution": "{\"name\": \"FloatDistribution\", \"attributes\": {\"step\": null, \"low\": 1e-08, \"high\": 0.001, \"log\": true}}"}
{"op_code": 5, "worker_id": "d521cd2e-6129-4b72-856a-937eff46b607-139708797241152", "trial_id": 1, "param_name": "random_seed", "param_value_internal": 0, "distribution": "{\"name\": \"CategoricalDistribution\", \"attributes\": {\"choices\": [42]}}"}
{"op_code": 5, "worker_id": "d521cd2e-6129-4b72-856a-937eff46b607-139708797241152", "trial_id": 1, "param_name": "degree", "param_value_internal": 0, "distribution": "{\"name\": \"CategoricalDistribution\", \"attributes\": {\"choices\": [0]}}"}
{"op_code": 8, "worker_id": "d521cd2e-6129-4b72-856a-937eff46b607-139708797241152", "trial_id": 1, "user_attr": {"best_epoch": 0}}
{"op_code": 8, "worker_id": "d521cd2e-6129-4b72-856a-937eff46b607-139708797241152", "trial_id": 1, "user_attr": {"test_loss": 0.4514767450862841}}
{"op_code": 6, "worker_id": "d521cd2e-6129-4b72-856a-937eff46b607-139708797241152", "trial_id": 1, "state": 1, "values": [0.4468350395348056], "datetime_complete": "2024-08-30T07:03:34.070030"}
{"op_code": 4, "worker_id": "d521cd2e-6129-4b72-856a-937eff46b607-139708797241152", "study_id": 0, "datetime_start": "2024-08-30T07:03:34.079955"}
{"op_code": 5, "worker_id": "d521cd2e-6129-4b72-856a-937eff46b607-139708797241152", "trial_id": 2, "param_name": "lr", "param_value_internal": 2.0513382630874486e-05, "distribution": "{\"name\": \"FloatDistribution\", \"attributes\": {\"step\": null, \"low\": 1e-05, \"high\": 0.001, \"log\": true}}"}
{"op_code": 5, "worker_id": "d521cd2e-6129-4b72-856a-937eff46b607-139708797241152", "trial_id": 2, "param_name": "l2reg", "param_value_internal": 6.02521573620385e-08, "distribution": "{\"name\": \"FloatDistribution\", \"attributes\": {\"step\": null, \"low\": 1e-08, \"high\": 0.001, \"log\": true}}"}
{"op_code": 5, "worker_id": "d521cd2e-6129-4b72-856a-937eff46b607-139708797241152", "trial_id": 2, "param_name": "random_seed", "param_value_internal": 0, "distribution": "{\"name\": \"CategoricalDistribution\", \"attributes\": {\"choices\": [42]}}"}
{"op_code": 5, "worker_id": "d521cd2e-6129-4b72-856a-937eff46b607-139708797241152", "trial_id": 2, "param_name": "degree", "param_value_internal": 0, "distribution": "{\"name\": \"CategoricalDistribution\", \"attributes\": {\"choices\": [0]}}"}
{"op_code": 8, "worker_id": "d521cd2e-6129-4b72-856a-937eff46b607-139708797241152", "trial_id": 2, "user_attr": {"best_epoch": 8}}
{"op_code": 8, "worker_id": "d521cd2e-6129-4b72-856a-937eff46b607-139708797241152", "trial_id": 2, "user_attr": {"test_loss": 0.45277697311770243}}
{"op_code": 6, "worker_id": "d521cd2e-6129-4b72-856a-937eff46b607-139708797241152", "trial_id": 2, "state": 1, "values": [0.44794950417337287], "datetime_complete": "2024-08-30T07:39:52.038988"}
{"op_code": 4, "worker_id": "d521cd2e-6129-4b72-856a-937eff46b607-139708797241152", "study_id": 0, "datetime_start": "2024-08-30T07:39:52.051508"}
{"op_code": 5, "worker_id": "d521cd2e-6129-4b72-856a-937eff46b607-139708797241152", "trial_id": 3, "param_name": "lr", "param_value_internal": 1.3066739238053272e-05, "distribution": "{\"name\": \"FloatDistribution\", \"attributes\": {\"step\": null, \"low\": 1e-05, \"high\": 0.001, \"log\": true}}"}
{"op_code": 5, "worker_id": "d521cd2e-6129-4b72-856a-937eff46b607-139708797241152", "trial_id": 3, "param_name": "l2reg", "param_value_internal": 0.00021423021757741048, "distribution": "{\"name\": \"FloatDistribution\", \"attributes\": {\"step\": null, \"low\": 1e-08, \"high\": 0.001, \"log\": true}}"}
{"op_code": 5, "worker_id": "d521cd2e-6129-4b72-856a-937eff46b607-139708797241152", "trial_id": 3, "param_name": "random_seed", "param_value_internal": 0, "distribution": "{\"name\": \"CategoricalDistribution\", \"attributes\": {\"choices\": [42]}}"}
{"op_code": 5, "worker_id": "d521cd2e-6129-4b72-856a-937eff46b607-139708797241152", "trial_id": 3, "param_name": "degree", "param_value_internal": 0, "distribution": "{\"name\": \"CategoricalDistribution\", \"attributes\": {\"choices\": [0]}}"}
{"op_code": 8, "worker_id": "d521cd2e-6129-4b72-856a-937eff46b607-139708797241152", "trial_id": 3, "user_attr": {"best_epoch": 9}}
{"op_code": 8, "worker_id": "d521cd2e-6129-4b72-856a-937eff46b607-139708797241152", "trial_id": 3, "user_attr": {"test_loss": 0.45392946097819414}}
{"op_code": 6, "worker_id": "d521cd2e-6129-4b72-856a-937eff46b607-139708797241152", "trial_id": 3, "state": 1, "values": [0.4491975457574527], "datetime_complete": "2024-08-30T08:16:57.457352"}
{"op_code": 4, "worker_id": "d521cd2e-6129-4b72-856a-937eff46b607-139708797241152", "study_id": 0, "datetime_start": "2024-08-30T08:16:57.465952"}
{"op_code": 5, "worker_id": "d521cd2e-6129-4b72-856a-937eff46b607-139708797241152", "trial_id": 4, "param_name": "lr", "param_value_internal": 0.00015930522616241006, "distribution": "{\"name\": \"FloatDistribution\", \"attributes\": {\"step\": null, \"low\": 1e-05, \"high\": 0.001, \"log\": true}}"}
{"op_code": 5, "worker_id": "d521cd2e-6129-4b72-856a-937eff46b607-139708797241152", "trial_id": 4, "param_name": "l2reg", "param_value_internal": 3.47026698865041e-05, "distribution": "{\"name\": \"FloatDistribution\", \"attributes\": {\"step\": null, \"low\": 1e-08, \"high\": 0.001, \"log\": true}}"}
{"op_code": 5, "worker_id": "d521cd2e-6129-4b72-856a-937eff46b607-139708797241152", "trial_id": 4, "param_name": "random_seed", "param_value_internal": 0, "distribution": "{\"name\": \"CategoricalDistribution\", \"attributes\": {\"choices\": [42]}}"}
{"op_code": 5, "worker_id": "d521cd2e-6129-4b72-856a-937eff46b607-139708797241152", "trial_id": 4, "param_name": "degree", "param_value_internal": 0, "distribution": "{\"name\": \"CategoricalDistribution\", \"attributes\": {\"choices\": [0]}}"}
{"op_code": 8, "worker_id": "d521cd2e-6129-4b72-856a-937eff46b607-139708797241152", "trial_id": 4, "user_attr": {"best_epoch": 1}}
{"op_code": 8, "worker_id": "d521cd2e-6129-4b72-856a-937eff46b607-139708797241152", "trial_id": 4, "user_attr": {"test_loss": 0.45128976023946277}}
{"op_code": 6, "worker_id": "d521cd2e-6129-4b72-856a-937eff46b607-139708797241152", "trial_id": 4, "state": 1, "values": [0.4465735356546225], "datetime_complete": "2024-08-30T08:35:58.293156"}
{"op_code": 4, "worker_id": "d521cd2e-6129-4b72-856a-937eff46b607-139708797241152", "study_id": 0, "datetime_start": "2024-08-30T08:35:58.301767"}
{"op_code": 5, "worker_id": "d521cd2e-6129-4b72-856a-937eff46b607-139708797241152", "trial_id": 5, "param_name": "lr", "param_value_internal": 1.0994335574766187e-05, "distribution": "{\"name\": \"FloatDistribution\", \"attributes\": {\"step\": null, \"low\": 1e-05, \"high\": 0.001, \"log\": true}}"}
{"op_code": 5, "worker_id": "d521cd2e-6129-4b72-856a-937eff46b607-139708797241152", "trial_id": 5, "param_name": "l2reg", "param_value_internal": 0.0007072114131472234, "distribution": "{\"name\": \"FloatDistribution\", \"attributes\": {\"step\": null, \"low\": 1e-08, \"high\": 0.001, \"log\": true}}"}
{"op_code": 5, "worker_id": "d521cd2e-6129-4b72-856a-937eff46b607-139708797241152", "trial_id": 5, "param_name": "random_seed", "param_value_internal": 0, "distribution": "{\"name\": \"CategoricalDistribution\", \"attributes\": {\"choices\": [42]}}"}
{"op_code": 5, "worker_id": "d521cd2e-6129-4b72-856a-937eff46b607-139708797241152", "trial_id": 5, "param_name": "degree", "param_value_internal": 0, "distribution": "{\"name\": \"CategoricalDistribution\", \"attributes\": {\"choices\": [0]}}"}
{"op_code": 8, "worker_id": "d521cd2e-6129-4b72-856a-937eff46b607-139708797241152", "trial_id": 5, "user_attr": {"best_epoch": 9}}
{"op_code": 8, "worker_id": "d521cd2e-6129-4b72-856a-937eff46b607-139708797241152", "trial_id": 5, "user_attr": {"test_loss": 0.4549361556312521}}
{"op_code": 6, "worker_id": "d521cd2e-6129-4b72-856a-937eff46b607-139708797241152", "trial_id": 5, "state": 1, "values": [0.45023577342540305], "datetime_complete": "2024-08-30T09:11:53.433417"}
{"op_code": 4, "worker_id": "d521cd2e-6129-4b72-856a-937eff46b607-139708797241152", "study_id": 0, "datetime_start": "2024-08-30T09:11:53.442333"}
{"op_code": 5, "worker_id": "d521cd2e-6129-4b72-856a-937eff46b607-139708797241152", "trial_id": 6, "param_name": "lr", "param_value_internal": 0.000462258900102083, "distribution": "{\"name\": \"FloatDistribution\", \"attributes\": {\"step\": null, \"low\": 1e-05, \"high\": 0.001, \"log\": true}}"}
{"op_code": 5, "worker_id": "d521cd2e-6129-4b72-856a-937eff46b607-139708797241152", "trial_id": 6, "param_name": "l2reg", "param_value_internal": 1.1526449540315595e-07, "distribution": "{\"name\": \"FloatDistribution\", \"attributes\": {\"step\": null, \"low\": 1e-08, \"high\": 0.001, \"log\": true}}"}
{"op_code": 5, "worker_id": "d521cd2e-6129-4b72-856a-937eff46b607-139708797241152", "trial_id": 6, "param_name": "random_seed", "param_value_internal": 0, "distribution": "{\"name\": \"CategoricalDistribution\", \"attributes\": {\"choices\": [42]}}"}
{"op_code": 5, "worker_id": "d521cd2e-6129-4b72-856a-937eff46b607-139708797241152", "trial_id": 6, "param_name": "degree", "param_value_internal": 0, "distribution": "{\"name\": \"CategoricalDistribution\", \"attributes\": {\"choices\": [0]}}"}
{"op_code": 8, "worker_id": "d521cd2e-6129-4b72-856a-937eff46b607-139708797241152", "trial_id": 6, "user_attr": {"best_epoch": 0}}
{"op_code": 8, "worker_id": "d521cd2e-6129-4b72-856a-937eff46b607-139708797241152", "trial_id": 6, "user_attr": {"test_loss": 0.4516786566532171}}
{"op_code": 6, "worker_id": "d521cd2e-6129-4b72-856a-937eff46b607-139708797241152", "trial_id": 6, "state": 1, "values": [0.44701385474280236], "datetime_complete": "2024-08-30T09:28:34.192600"}
{"op_code": 4, "worker_id": "d521cd2e-6129-4b72-856a-937eff46b607-139708797241152", "study_id": 0, "datetime_start": "2024-08-30T09:28:34.201285"}
{"op_code": 5, "worker_id": "d521cd2e-6129-4b72-856a-937eff46b607-139708797241152", "trial_id": 7, "param_name": "lr", "param_value_internal": 2.3102018878452926e-05, "distribution": "{\"name\": \"FloatDistribution\", \"attributes\": {\"step\": null, \"low\": 1e-05, \"high\": 0.001, \"log\": true}}"}
{"op_code": 5, "worker_id": "d521cd2e-6129-4b72-856a-937eff46b607-139708797241152", "trial_id": 7, "param_name": "l2reg", "param_value_internal": 8.260808399079588e-08, "distribution": "{\"name\": \"FloatDistribution\", \"attributes\": {\"step\": null, \"low\": 1e-08, \"high\": 0.001, \"log\": true}}"}
{"op_code": 5, "worker_id": "d521cd2e-6129-4b72-856a-937eff46b607-139708797241152", "trial_id": 7, "param_name": "random_seed", "param_value_internal": 0, "distribution": "{\"name\": \"CategoricalDistribution\", \"attributes\": {\"choices\": [42]}}"}
{"op_code": 5, "worker_id": "d521cd2e-6129-4b72-856a-937eff46b607-139708797241152", "trial_id": 7, "param_name": "degree", "param_value_internal": 0, "distribution": "{\"name\": \"CategoricalDistribution\", \"attributes\": {\"choices\": [0]}}"}
{"op_code": 8, "worker_id": "d521cd2e-6129-4b72-856a-937eff46b607-139708797241152", "trial_id": 7, "user_attr": {"best_epoch": 7}}
{"op_code": 8, "worker_id": "d521cd2e-6129-4b72-856a-937eff46b607-139708797241152", "trial_id": 7, "user_attr": {"test_loss": 0.45271444123140325}}
{"op_code": 6, "worker_id": "d521cd2e-6129-4b72-856a-937eff46b607-139708797241152", "trial_id": 7, "state": 1, "values": [0.44782631103156983], "datetime_complete": "2024-08-30T10:05:53.564885"}
{"op_code": 4, "worker_id": "d521cd2e-6129-4b72-856a-937eff46b607-139708797241152", "study_id": 0, "datetime_start": "2024-08-30T10:05:53.574033"}
{"op_code": 5, "worker_id": "d521cd2e-6129-4b72-856a-937eff46b607-139708797241152", "trial_id": 8, "param_name": "lr", "param_value_internal": 4.059611610484306e-05, "distribution": "{\"name\": \"FloatDistribution\", \"attributes\": {\"step\": null, \"low\": 1e-05, \"high\": 0.001, \"log\": true}}"}
{"op_code": 5, "worker_id": "d521cd2e-6129-4b72-856a-937eff46b607-139708797241152", "trial_id": 8, "param_name": "l2reg", "param_value_internal": 4.2051564509138674e-06, "distribution": "{\"name\": \"FloatDistribution\", \"attributes\": {\"step\": null, \"low\": 1e-08, \"high\": 0.001, \"log\": true}}"}
{"op_code": 5, "worker_id": "d521cd2e-6129-4b72-856a-937eff46b607-139708797241152", "trial_id": 8, "param_name": "random_seed", "param_value_internal": 0, "distribution": "{\"name\": \"CategoricalDistribution\", \"attributes\": {\"choices\": [42]}}"}
{"op_code": 5, "worker_id": "d521cd2e-6129-4b72-856a-937eff46b607-139708797241152", "trial_id": 8, "param_name": "degree", "param_value_internal": 0, "distribution": "{\"name\": \"CategoricalDistribution\", \"attributes\": {\"choices\": [0]}}"}
{"op_code": 8, "worker_id": "d521cd2e-6129-4b72-856a-937eff46b607-139708797241152", "trial_id": 8, "user_attr": {"best_epoch": 4}}
{"op_code": 8, "worker_id": "d521cd2e-6129-4b72-856a-937eff46b607-139708797241152", "trial_id": 8, "user_attr": {"test_loss": 0.45226087508908314}}
{"op_code": 6, "worker_id": "d521cd2e-6129-4b72-856a-937eff46b607-139708797241152", "trial_id": 8, "state": 1, "values": [0.44755419429318366], "datetime_complete": "2024-08-30T10:36:09.037962"}
{"op_code": 4, "worker_id": "d521cd2e-6129-4b72-856a-937eff46b607-139708797241152", "study_id": 0, "datetime_start": "2024-08-30T10:36:09.046721"}
{"op_code": 5, "worker_id": "d521cd2e-6129-4b72-856a-937eff46b607-139708797241152", "trial_id": 9, "param_name": "lr", "param_value_internal": 7.309539835912905e-05, "distribution": "{\"name\": \"FloatDistribution\", \"attributes\": {\"step\": null, \"low\": 1e-05, \"high\": 0.001, \"log\": true}}"}
{"op_code": 5, "worker_id": "d521cd2e-6129-4b72-856a-937eff46b607-139708797241152", "trial_id": 9, "param_name": "l2reg", "param_value_internal": 2.8585493941961875e-07, "distribution": "{\"name\": \"FloatDistribution\", \"attributes\": {\"step\": null, \"low\": 1e-08, \"high\": 0.001, \"log\": true}}"}
{"op_code": 5, "worker_id": "d521cd2e-6129-4b72-856a-937eff46b607-139708797241152", "trial_id": 9, "param_name": "random_seed", "param_value_internal": 0, "distribution": "{\"name\": \"CategoricalDistribution\", \"attributes\": {\"choices\": [42]}}"}
{"op_code": 5, "worker_id": "d521cd2e-6129-4b72-856a-937eff46b607-139708797241152", "trial_id": 9, "param_name": "degree", "param_value_internal": 0, "distribution": "{\"name\": \"CategoricalDistribution\", \"attributes\": {\"choices\": [0]}}"}
{"op_code": 8, "worker_id": "d521cd2e-6129-4b72-856a-937eff46b607-139708797241152", "trial_id": 9, "user_attr": {"best_epoch": 2}}
{"op_code": 8, "worker_id": "d521cd2e-6129-4b72-856a-937eff46b607-139708797241152", "trial_id": 9, "user_attr": {"test_loss": 0.4516693417690553}}
{"op_code": 6, "worker_id": "d521cd2e-6129-4b72-856a-937eff46b607-139708797241152", "trial_id": 9, "state": 1, "values": [0.44705458826691263], "datetime_complete": "2024-08-30T10:58:16.121115"}
{"op_code": 4, "worker_id": "d521cd2e-6129-4b72-856a-937eff46b607-139708797241152", "study_id": 0, "datetime_start": "2024-08-30T10:58:16.129835"}
{"op_code": 5, "worker_id": "d521cd2e-6129-4b72-856a-937eff46b607-139708797241152", "trial_id": 10, "param_name": "lr", "param_value_internal": 0.00018471184590376964, "distribution": "{\"name\": \"FloatDistribution\", \"attributes\": {\"step\": null, \"low\": 1e-05, \"high\": 0.001, \"log\": true}}"}
{"op_code": 5, "worker_id": "d521cd2e-6129-4b72-856a-937eff46b607-139708797241152", "trial_id": 10, "param_name": "l2reg", "param_value_internal": 3.8521646942747446e-05, "distribution": "{\"name\": \"FloatDistribution\", \"attributes\": {\"step\": null, \"low\": 1e-08, \"high\": 0.001, \"log\": true}}"}
{"op_code": 5, "worker_id": "d521cd2e-6129-4b72-856a-937eff46b607-139708797241152", "trial_id": 10, "param_name": "random_seed", "param_value_internal": 0, "distribution": "{\"name\": \"CategoricalDistribution\", \"attributes\": {\"choices\": [42]}}"}
{"op_code": 5, "worker_id": "d521cd2e-6129-4b72-856a-937eff46b607-139708797241152", "trial_id": 10, "param_name": "degree", "param_value_internal": 0, "distribution": "{\"name\": \"CategoricalDistribution\", \"attributes\": {\"choices\": [0]}}"}
{"op_code": 8, "worker_id": "d521cd2e-6129-4b72-856a-937eff46b607-139708797241152", "trial_id": 10, "user_attr": {"best_epoch": 1}}
{"op_code": 8, "worker_id": "d521cd2e-6129-4b72-856a-937eff46b607-139708797241152", "trial_id": 10, "user_attr": {"test_loss": 0.4517765774641801}}
{"op_code": 6, "worker_id": "d521cd2e-6129-4b72-856a-937eff46b607-139708797241152", "trial_id": 10, "state": 1, "values": [0.44702572740072016], "datetime_complete": "2024-08-30T11:16:56.829074"}
{"op_code": 4, "worker_id": "d521cd2e-6129-4b72-856a-937eff46b607-139708797241152", "study_id": 0, "datetime_start": "2024-08-30T11:16:56.839694"}
{"op_code": 5, "worker_id": "d521cd2e-6129-4b72-856a-937eff46b607-139708797241152", "trial_id": 11, "param_name": "lr", "param_value_internal": 0.0002440058840598451, "distribution": "{\"name\": \"FloatDistribution\", \"attributes\": {\"step\": null, \"low\": 1e-05, \"high\": 0.001, \"log\": true}}"}
{"op_code": 5, "worker_id": "d521cd2e-6129-4b72-856a-937eff46b607-139708797241152", "trial_id": 11, "param_name": "l2reg", "param_value_internal": 9.055633044829514e-06, "distribution": "{\"name\": \"FloatDistribution\", \"attributes\": {\"step\": null, \"low\": 1e-08, \"high\": 0.001, \"log\": true}}"}
{"op_code": 5, "worker_id": "d521cd2e-6129-4b72-856a-937eff46b607-139708797241152", "trial_id": 11, "param_name": "random_seed", "param_value_internal": 0, "distribution": "{\"name\": \"CategoricalDistribution\", \"attributes\": {\"choices\": [42]}}"}
{"op_code": 5, "worker_id": "d521cd2e-6129-4b72-856a-937eff46b607-139708797241152", "trial_id": 11, "param_name": "degree", "param_value_internal": 0, "distribution": "{\"name\": \"CategoricalDistribution\", \"attributes\": {\"choices\": [0]}}"}
{"op_code": 8, "worker_id": "d521cd2e-6129-4b72-856a-937eff46b607-139708797241152", "trial_id": 11, "user_attr": {"best_epoch": 0}}
{"op_code": 8, "worker_id": "d521cd2e-6129-4b72-856a-937eff46b607-139708797241152", "trial_id": 11, "user_attr": {"test_loss": 0.45150675122952655}}
{"op_code": 6, "worker_id": "d521cd2e-6129-4b72-856a-937eff46b607-139708797241152", "trial_id": 11, "state": 1, "values": [0.44687455143495003], "datetime_complete": "2024-08-30T11:32:51.583011"}
{"op_code": 4, "worker_id": "d521cd2e-6129-4b72-856a-937eff46b607-139708797241152", "study_id": 0, "datetime_start": "2024-08-30T11:32:51.591564"}
{"op_code": 5, "worker_id": "d521cd2e-6129-4b72-856a-937eff46b607-139708797241152", "trial_id": 12, "param_name": "lr", "param_value_internal": 0.000893524483630853, "distribution": "{\"name\": \"FloatDistribution\", \"attributes\": {\"step\": null, \"low\": 1e-05, \"high\": 0.001, \"log\": true}}"}
{"op_code": 5, "worker_id": "d521cd2e-6129-4b72-856a-937eff46b607-139708797241152", "trial_id": 12, "param_name": "l2reg", "param_value_internal": 3.703512367966746e-05, "distribution": "{\"name\": \"FloatDistribution\", \"attributes\": {\"step\": null, \"low\": 1e-08, \"high\": 0.001, \"log\": true}}"}
{"op_code": 5, "worker_id": "d521cd2e-6129-4b72-856a-937eff46b607-139708797241152", "trial_id": 12, "param_name": "random_seed", "param_value_internal": 0, "distribution": "{\"name\": \"CategoricalDistribution\", \"attributes\": {\"choices\": [42]}}"}
{"op_code": 5, "worker_id": "d521cd2e-6129-4b72-856a-937eff46b607-139708797241152", "trial_id": 12, "param_name": "degree", "param_value_internal": 0, "distribution": "{\"name\": \"CategoricalDistribution\", \"attributes\": {\"choices\": [0]}}"}
{"op_code": 8, "worker_id": "d521cd2e-6129-4b72-856a-937eff46b607-139708797241152", "trial_id": 12, "user_attr": {"best_epoch": 0}}
{"op_code": 8, "worker_id": "d521cd2e-6129-4b72-856a-937eff46b607-139708797241152", "trial_id": 12, "user_attr": {"test_loss": 0.45233440159275357}}
{"op_code": 6, "worker_id": "d521cd2e-6129-4b72-856a-937eff46b607-139708797241152", "trial_id": 12, "state": 1, "values": [0.4476683779582388], "datetime_complete": "2024-08-30T11:48:05.674840"}
{"op_code": 4, "worker_id": "d521cd2e-6129-4b72-856a-937eff46b607-139708797241152", "study_id": 0, "datetime_start": "2024-08-30T11:48:05.689354"}
{"op_code": 5, "worker_id": "d521cd2e-6129-4b72-856a-937eff46b607-139708797241152", "trial_id": 13, "param_name": "lr", "param_value_internal": 0.0001723789515214018, "distribution": "{\"name\": \"FloatDistribution\", \"attributes\": {\"step\": null, \"low\": 1e-05, \"high\": 0.001, \"log\": true}}"}
{"op_code": 5, "worker_id": "d521cd2e-6129-4b72-856a-937eff46b607-139708797241152", "trial_id": 13, "param_name": "l2reg", "param_value_internal": 9.167785859319847e-07, "distribution": "{\"name\": \"FloatDistribution\", \"attributes\": {\"step\": null, \"low\": 1e-08, \"high\": 0.001, \"log\": true}}"}
{"op_code": 5, "worker_id": "d521cd2e-6129-4b72-856a-937eff46b607-139708797241152", "trial_id": 13, "param_name": "random_seed", "param_value_internal": 0, "distribution": "{\"name\": \"CategoricalDistribution\", \"attributes\": {\"choices\": [42]}}"}
{"op_code": 5, "worker_id": "d521cd2e-6129-4b72-856a-937eff46b607-139708797241152", "trial_id": 13, "param_name": "degree", "param_value_internal": 0, "distribution": "{\"name\": \"CategoricalDistribution\", \"attributes\": {\"choices\": [0]}}"}
{"op_code": 8, "worker_id": "d521cd2e-6129-4b72-856a-937eff46b607-139708797241152", "trial_id": 13, "user_attr": {"best_epoch": 1}}
{"op_code": 8, "worker_id": "d521cd2e-6129-4b72-856a-937eff46b607-139708797241152", "trial_id": 13, "user_attr": {"test_loss": 0.451526678973512}}
{"op_code": 6, "worker_id": "d521cd2e-6129-4b72-856a-937eff46b607-139708797241152", "trial_id": 13, "state": 1, "values": [0.4467925117504955], "datetime_complete": "2024-08-30T12:07:03.143144"}
{"op_code": 4, "worker_id": "d521cd2e-6129-4b72-856a-937eff46b607-139708797241152", "study_id": 0, "datetime_start": "2024-08-30T12:07:03.152356"}
{"op_code": 5, "worker_id": "d521cd2e-6129-4b72-856a-937eff46b607-139708797241152", "trial_id": 14, "param_name": "lr", "param_value_internal": 0.00012448484478535553, "distribution": "{\"name\": \"FloatDistribution\", \"attributes\": {\"step\": null, \"low\": 1e-05, \"high\": 0.001, \"log\": true}}"}
{"op_code": 5, "worker_id": "d521cd2e-6129-4b72-856a-937eff46b607-139708797241152", "trial_id": 14, "param_name": "l2reg", "param_value_internal": 7.907172569000156e-07, "distribution": "{\"name\": \"FloatDistribution\", \"attributes\": {\"step\": null, \"low\": 1e-08, \"high\": 0.001, \"log\": true}}"}
{"op_code": 5, "worker_id": "d521cd2e-6129-4b72-856a-937eff46b607-139708797241152", "trial_id": 14, "param_name": "random_seed", "param_value_internal": 0, "distribution": "{\"name\": \"CategoricalDistribution\", \"attributes\": {\"choices\": [42]}}"}
{"op_code": 5, "worker_id": "d521cd2e-6129-4b72-856a-937eff46b607-139708797241152", "trial_id": 14, "param_name": "degree", "param_value_internal": 0, "distribution": "{\"name\": \"CategoricalDistribution\", \"attributes\": {\"choices\": [0]}}"}
{"op_code": 8, "worker_id": "d521cd2e-6129-4b72-856a-937eff46b607-139708797241152", "trial_id": 14, "user_attr": {"best_epoch": 1}}
{"op_code": 8, "worker_id": "d521cd2e-6129-4b72-856a-937eff46b607-139708797241152", "trial_id": 14, "user_attr": {"test_loss": 0.45091430169138447}}
{"op_code": 6, "worker_id": "d521cd2e-6129-4b72-856a-937eff46b607-139708797241152", "trial_id": 14, "state": 1, "values": [0.4462446134018257], "datetime_complete": "2024-08-30T12:27:24.240050"}
{"op_code": 4, "worker_id": "d521cd2e-6129-4b72-856a-937eff46b607-139708797241152", "study_id": 0, "datetime_start": "2024-08-30T12:27:24.250614"}
{"op_code": 5, "worker_id": "d521cd2e-6129-4b72-856a-937eff46b607-139708797241152", "trial_id": 15, "param_name": "lr", "param_value_internal": 0.00011082245509108728, "distribution": "{\"name\": \"FloatDistribution\", \"attributes\": {\"step\": null, \"low\": 1e-05, \"high\": 0.001, \"log\": true}}"}
{"op_code": 5, "worker_id": "d521cd2e-6129-4b72-856a-937eff46b607-139708797241152", "trial_id": 15, "param_name": "l2reg", "param_value_internal": 1.7030314644399242e-08, "distribution": "{\"name\": \"FloatDistribution\", \"attributes\": {\"step\": null, \"low\": 1e-08, \"high\": 0.001, \"log\": true}}"}
{"op_code": 5, "worker_id": "d521cd2e-6129-4b72-856a-937eff46b607-139708797241152", "trial_id": 15, "param_name": "random_seed", "param_value_internal": 0, "distribution": "{\"name\": \"CategoricalDistribution\", \"attributes\": {\"choices\": [42]}}"}
{"op_code": 5, "worker_id": "d521cd2e-6129-4b72-856a-937eff46b607-139708797241152", "trial_id": 15, "param_name": "degree", "param_value_internal": 0, "distribution": "{\"name\": \"CategoricalDistribution\", \"attributes\": {\"choices\": [0]}}"}
{"op_code": 8, "worker_id": "d521cd2e-6129-4b72-856a-937eff46b607-139708797241152", "trial_id": 15, "user_attr": {"best_epoch": 1}}
{"op_code": 8, "worker_id": "d521cd2e-6129-4b72-856a-937eff46b607-139708797241152", "trial_id": 15, "user_attr": {"test_loss": 0.4509325115264056}}
{"op_code": 6, "worker_id": "d521cd2e-6129-4b72-856a-937eff46b607-139708797241152", "trial_id": 15, "state": 1, "values": [0.4462793915091026], "datetime_complete": "2024-08-30T12:46:05.606209"}
{"op_code": 4, "worker_id": "d521cd2e-6129-4b72-856a-937eff46b607-139708797241152", "study_id": 0, "datetime_start": "2024-08-30T12:46:05.615045"}
{"op_code": 5, "worker_id": "d521cd2e-6129-4b72-856a-937eff46b607-139708797241152", "trial_id": 16, "param_name": "lr", "param_value_internal": 0.00011031850349725522, "distribution": "{\"name\": \"FloatDistribution\", \"attributes\": {\"step\": null, \"low\": 1e-05, \"high\": 0.001, \"log\": true}}"}
{"op_code": 5, "worker_id": "d521cd2e-6129-4b72-856a-937eff46b607-139708797241152", "trial_id": 16, "param_name": "l2reg", "param_value_internal": 1.590681621964136e-08, "distribution": "{\"name\": \"FloatDistribution\", \"attributes\": {\"step\": null, \"low\": 1e-08, \"high\": 0.001, \"log\": true}}"}
{"op_code": 5, "worker_id": "d521cd2e-6129-4b72-856a-937eff46b607-139708797241152", "trial_id": 16, "param_name": "random_seed", "param_value_internal": 0, "distribution": "{\"name\": \"CategoricalDistribution\", \"attributes\": {\"choices\": [42]}}"}
{"op_code": 5, "worker_id": "d521cd2e-6129-4b72-856a-937eff46b607-139708797241152", "trial_id": 16, "param_name": "degree", "param_value_internal": 0, "distribution": "{\"name\": \"CategoricalDistribution\", \"attributes\": {\"choices\": [0]}}"}
{"op_code": 8, "worker_id": "d521cd2e-6129-4b72-856a-937eff46b607-139708797241152", "trial_id": 16, "user_attr": {"best_epoch": 1}}
{"op_code": 8, "worker_id": "d521cd2e-6129-4b72-856a-937eff46b607-139708797241152", "trial_id": 16, "user_attr": {"test_loss": 0.45093606187159846}}
{"op_code": 6, "worker_id": "d521cd2e-6129-4b72-856a-937eff46b607-139708797241152", "trial_id": 16, "state": 1, "values": [0.44628351448998727], "datetime_complete": "2024-08-30T13:05:23.402516"}
{"op_code": 4, "worker_id": "d521cd2e-6129-4b72-856a-937eff46b607-139708797241152", "study_id": 0, "datetime_start": "2024-08-30T13:05:23.411174"}
{"op_code": 5, "worker_id": "d521cd2e-6129-4b72-856a-937eff46b607-139708797241152", "trial_id": 17, "param_name": "lr", "param_value_internal": 9.459319806411907e-05, "distribution": "{\"name\": \"FloatDistribution\", \"attributes\": {\"step\": null, \"low\": 1e-05, \"high\": 0.001, \"log\": true}}"}
{"op_code": 5, "worker_id": "d521cd2e-6129-4b72-856a-937eff46b607-139708797241152", "trial_id": 17, "param_name": "l2reg", "param_value_internal": 1.1967593995967913e-08, "distribution": "{\"name\": \"FloatDistribution\", \"attributes\": {\"step\": null, \"low\": 1e-08, \"high\": 0.001, \"log\": true}}"}
{"op_code": 5, "worker_id": "d521cd2e-6129-4b72-856a-937eff46b607-139708797241152", "trial_id": 17, "param_name": "random_seed", "param_value_internal": 0, "distribution": "{\"name\": \"CategoricalDistribution\", \"attributes\": {\"choices\": [42]}}"}
{"op_code": 5, "worker_id": "d521cd2e-6129-4b72-856a-937eff46b607-139708797241152", "trial_id": 17, "param_name": "degree", "param_value_internal": 0, "distribution": "{\"name\": \"CategoricalDistribution\", \"attributes\": {\"choices\": [0]}}"}
{"op_code": 8, "worker_id": "d521cd2e-6129-4b72-856a-937eff46b607-139708797241152", "trial_id": 17, "user_attr": {"best_epoch": 1}}
{"op_code": 8, "worker_id": "d521cd2e-6129-4b72-856a-937eff46b607-139708797241152", "trial_id": 17, "user_attr": {"test_loss": 0.451173247835931}}
{"op_code": 6, "worker_id": "d521cd2e-6129-4b72-856a-937eff46b607-139708797241152", "trial_id": 17, "state": 1, "values": [0.4465356653116821], "datetime_complete": "2024-08-30T13:24:12.114645"}
{"op_code": 4, "worker_id": "d521cd2e-6129-4b72-856a-937eff46b607-139708797241152", "study_id": 0, "datetime_start": "2024-08-30T13:24:12.126812"}
{"op_code": 5, "worker_id": "d521cd2e-6129-4b72-856a-937eff46b607-139708797241152", "trial_id": 18, "param_name": "lr", "param_value_internal": 0.00048782555781826147, "distribution": "{\"name\": \"FloatDistribution\", \"attributes\": {\"step\": null, \"low\": 1e-05, \"high\": 0.001, \"log\": true}}"}
{"op_code": 5, "worker_id": "d521cd2e-6129-4b72-856a-937eff46b607-139708797241152", "trial_id": 18, "param_name": "l2reg", "param_value_internal": 1.0012457198749645e-06, "distribution": "{\"name\": \"FloatDistribution\", \"attributes\": {\"step\": null, \"low\": 1e-08, \"high\": 0.001, \"log\": true}}"}
{"op_code": 5, "worker_id": "d521cd2e-6129-4b72-856a-937eff46b607-139708797241152", "trial_id": 18, "param_name": "random_seed", "param_value_internal": 0, "distribution": "{\"name\": \"CategoricalDistribution\", \"attributes\": {\"choices\": [42]}}"}
{"op_code": 5, "worker_id": "d521cd2e-6129-4b72-856a-937eff46b607-139708797241152", "trial_id": 18, "param_name": "degree", "param_value_internal": 0, "distribution": "{\"name\": \"CategoricalDistribution\", \"attributes\": {\"choices\": [0]}}"}
{"op_code": 8, "worker_id": "d521cd2e-6129-4b72-856a-937eff46b607-139708797241152", "trial_id": 18, "user_attr": {"best_epoch": 0}}
{"op_code": 8, "worker_id": "d521cd2e-6129-4b72-856a-937eff46b607-139708797241152", "trial_id": 18, "user_attr": {"test_loss": 0.45170408170588816}}
{"op_code": 6, "worker_id": "d521cd2e-6129-4b72-856a-937eff46b607-139708797241152", "trial_id": 18, "state": 1, "values": [0.4470361112044296], "datetime_complete": "2024-08-30T13:39:32.809940"}
{"op_code": 4, "worker_id": "d521cd2e-6129-4b72-856a-937eff46b607-139708797241152", "study_id": 0, "datetime_start": "2024-08-30T13:39:32.819492"}
{"op_code": 5, "worker_id": "d521cd2e-6129-4b72-856a-937eff46b607-139708797241152", "trial_id": 19, "param_name": "lr", "param_value_internal": 4.4678366352691884e-05, "distribution": "{\"name\": \"FloatDistribution\", \"attributes\": {\"step\": null, \"low\": 1e-05, \"high\": 0.001, \"log\": true}}"}
{"op_code": 5, "worker_id": "d521cd2e-6129-4b72-856a-937eff46b607-139708797241152", "trial_id": 19, "param_name": "l2reg", "param_value_internal": 6.503102184607463e-07, "distribution": "{\"name\": \"FloatDistribution\", \"attributes\": {\"step\": null, \"low\": 1e-08, \"high\": 0.001, \"log\": true}}"}
{"op_code": 5, "worker_id": "d521cd2e-6129-4b72-856a-937eff46b607-139708797241152", "trial_id": 19, "param_name": "random_seed", "param_value_internal": 0, "distribution": "{\"name\": \"CategoricalDistribution\", \"attributes\": {\"choices\": [42]}}"}
{"op_code": 5, "worker_id": "d521cd2e-6129-4b72-856a-937eff46b607-139708797241152", "trial_id": 19, "param_name": "degree", "param_value_internal": 0, "distribution": "{\"name\": \"CategoricalDistribution\", \"attributes\": {\"choices\": [0]}}"}
{"op_code": 8, "worker_id": "d521cd2e-6129-4b72-856a-937eff46b607-139708797241152", "trial_id": 19, "user_attr": {"best_epoch": 3}}
{"op_code": 8, "worker_id": "d521cd2e-6129-4b72-856a-937eff46b607-139708797241152", "trial_id": 19, "user_attr": {"test_loss": 0.45208790074425925}}
{"op_code": 6, "worker_id": "d521cd2e-6129-4b72-856a-937eff46b607-139708797241152", "trial_id": 19, "state": 1, "values": [0.44742928324267867], "datetime_complete": "2024-08-30T14:08:26.320815"}
{"op_code": 4, "worker_id": "d521cd2e-6129-4b72-856a-937eff46b607-139708797241152", "study_id": 0, "datetime_start": "2024-08-30T14:08:26.329404"}
{"op_code": 5, "worker_id": "d521cd2e-6129-4b72-856a-937eff46b607-139708797241152", "trial_id": 20, "param_name": "lr", "param_value_internal": 0.00010793795657433756, "distribution": "{\"name\": \"FloatDistribution\", \"attributes\": {\"step\": null, \"low\": 1e-05, \"high\": 0.001, \"log\": true}}"}
{"op_code": 5, "worker_id": "d521cd2e-6129-4b72-856a-937eff46b607-139708797241152", "trial_id": 20, "param_name": "l2reg", "param_value_internal": 2.8045893682853194e-08, "distribution": "{\"name\": \"FloatDistribution\", \"attributes\": {\"step\": null, \"low\": 1e-08, \"high\": 0.001, \"log\": true}}"}
{"op_code": 5, "worker_id": "d521cd2e-6129-4b72-856a-937eff46b607-139708797241152", "trial_id": 20, "param_name": "random_seed", "param_value_internal": 0, "distribution": "{\"name\": \"CategoricalDistribution\", \"attributes\": {\"choices\": [42]}}"}
{"op_code": 5, "worker_id": "d521cd2e-6129-4b72-856a-937eff46b607-139708797241152", "trial_id": 20, "param_name": "degree", "param_value_internal": 0, "distribution": "{\"name\": \"CategoricalDistribution\", \"attributes\": {\"choices\": [0]}}"}
{"op_code": 8, "worker_id": "d521cd2e-6129-4b72-856a-937eff46b607-139708797241152", "trial_id": 20, "user_attr": {"best_epoch": 1}}
{"op_code": 8, "worker_id": "d521cd2e-6129-4b72-856a-937eff46b607-139708797241152", "trial_id": 20, "user_attr": {"test_loss": 0.45095472981567675}}
{"op_code": 6, "worker_id": "d521cd2e-6129-4b72-856a-937eff46b607-139708797241152", "trial_id": 20, "state": 1, "values": [0.4463051601396316], "datetime_complete": "2024-08-30T14:28:09.494898"}
{"op_code": 4, "worker_id": "d521cd2e-6129-4b72-856a-937eff46b607-139708797241152", "study_id": 0, "datetime_start": "2024-08-30T14:28:09.503703"}
{"op_code": 5, "worker_id": "d521cd2e-6129-4b72-856a-937eff46b607-139708797241152", "trial_id": 21, "param_name": "lr", "param_value_internal": 0.00011355441191826162, "distribution": "{\"name\": \"FloatDistribution\", \"attributes\": {\"step\": null, \"low\": 1e-05, \"high\": 0.001, \"log\": true}}"}
{"op_code": 5, "worker_id": "d521cd2e-6129-4b72-856a-937eff46b607-139708797241152", "trial_id": 21, "param_name": "l2reg", "param_value_internal": 1.3154283957028476e-08, "distribution": "{\"name\": \"FloatDistribution\", \"attributes\": {\"step\": null, \"low\": 1e-08, \"high\": 0.001, \"log\": true}}"}
{"op_code": 5, "worker_id": "d521cd2e-6129-4b72-856a-937eff46b607-139708797241152", "trial_id": 21, "param_name": "random_seed", "param_value_internal": 0, "distribution": "{\"name\": \"CategoricalDistribution\", \"attributes\": {\"choices\": [42]}}"}
{"op_code": 5, "worker_id": "d521cd2e-6129-4b72-856a-937eff46b607-139708797241152", "trial_id": 21, "param_name": "degree", "param_value_internal": 0, "distribution": "{\"name\": \"CategoricalDistribution\", \"attributes\": {\"choices\": [0]}}"}
{"op_code": 8, "worker_id": "d521cd2e-6129-4b72-856a-937eff46b607-139708797241152", "trial_id": 21, "user_attr": {"best_epoch": 1}}
{"op_code": 8, "worker_id": "d521cd2e-6129-4b72-856a-937eff46b607-139708797241152", "trial_id": 21, "user_attr": {"test_loss": 0.4509178138608225}}
{"op_code": 6, "worker_id": "d521cd2e-6129-4b72-856a-937eff46b607-139708797241152", "trial_id": 21, "state": 1, "values": [0.4462618688403429], "datetime_complete": "2024-08-30T14:47:13.903501"}
{"op_code": 4, "worker_id": "d521cd2e-6129-4b72-856a-937eff46b607-139708797241152", "study_id": 0, "datetime_start": "2024-08-30T14:47:13.912190"}
{"op_code": 5, "worker_id": "d521cd2e-6129-4b72-856a-937eff46b607-139708797241152", "trial_id": 22, "param_name": "lr", "param_value_internal": 7.670991264094754e-05, "distribution": "{\"name\": \"FloatDistribution\", \"attributes\": {\"step\": null, \"low\": 1e-05, \"high\": 0.001, \"log\": true}}"}
{"op_code": 5, "worker_id": "d521cd2e-6129-4b72-856a-937eff46b607-139708797241152", "trial_id": 22, "param_name": "l2reg", "param_value_internal": 1.9172916847282637e-07, "distribution": "{\"name\": \"FloatDistribution\", \"attributes\": {\"step\": null, \"low\": 1e-08, \"high\": 0.001, \"log\": true}}"}
{"op_code": 5, "worker_id": "d521cd2e-6129-4b72-856a-937eff46b607-139708797241152", "trial_id": 22, "param_name": "random_seed", "param_value_internal": 0, "distribution": "{\"name\": \"CategoricalDistribution\", \"attributes\": {\"choices\": [42]}}"}
{"op_code": 5, "worker_id": "d521cd2e-6129-4b72-856a-937eff46b607-139708797241152", "trial_id": 22, "param_name": "degree", "param_value_internal": 0, "distribution": "{\"name\": \"CategoricalDistribution\", \"attributes\": {\"choices\": [0]}}"}
{"op_code": 8, "worker_id": "d521cd2e-6129-4b72-856a-937eff46b607-139708797241152", "trial_id": 22, "user_attr": {"best_epoch": 2}}
{"op_code": 8, "worker_id": "d521cd2e-6129-4b72-856a-937eff46b607-139708797241152", "trial_id": 22, "user_attr": {"test_loss": 0.4517023637969239}}
{"op_code": 6, "worker_id": "d521cd2e-6129-4b72-856a-937eff46b607-139708797241152", "trial_id": 22, "state": 1, "values": [0.44706947680899606], "datetime_complete": "2024-08-30T15:09:25.672688"}
{"op_code": 4, "worker_id": "d521cd2e-6129-4b72-856a-937eff46b607-139708797241152", "study_id": 0, "datetime_start": "2024-08-30T15:09:25.681455"}
{"op_code": 5, "worker_id": "d521cd2e-6129-4b72-856a-937eff46b607-139708797241152", "trial_id": 23, "param_name": "lr", "param_value_internal": 0.000131777215448326, "distribution": "{\"name\": \"FloatDistribution\", \"attributes\": {\"step\": null, \"low\": 1e-05, \"high\": 0.001, \"log\": true}}"}
{"op_code": 5, "worker_id": "d521cd2e-6129-4b72-856a-937eff46b607-139708797241152", "trial_id": 23, "param_name": "l2reg", "param_value_internal": 3.390175341632059e-08, "distribution": "{\"name\": \"FloatDistribution\", \"attributes\": {\"step\": null, \"low\": 1e-08, \"high\": 0.001, \"log\": true}}"}
{"op_code": 5, "worker_id": "d521cd2e-6129-4b72-856a-937eff46b607-139708797241152", "trial_id": 23, "param_name": "random_seed", "param_value_internal": 0, "distribution": "{\"name\": \"CategoricalDistribution\", \"attributes\": {\"choices\": [42]}}"}
{"op_code": 5, "worker_id": "d521cd2e-6129-4b72-856a-937eff46b607-139708797241152", "trial_id": 23, "param_name": "degree", "param_value_internal": 0, "distribution": "{\"name\": \"CategoricalDistribution\", \"attributes\": {\"choices\": [0]}}"}
{"op_code": 8, "worker_id": "d521cd2e-6129-4b72-856a-937eff46b607-139708797241152", "trial_id": 23, "user_attr": {"best_epoch": 1}}
{"op_code": 8, "worker_id": "d521cd2e-6129-4b72-856a-937eff46b607-139708797241152", "trial_id": 23, "user_attr": {"test_loss": 0.4509509885917101}}
{"op_code": 6, "worker_id": "d521cd2e-6129-4b72-856a-937eff46b607-139708797241152", "trial_id": 23, "state": 1, "values": [0.44627244352279705], "datetime_complete": "2024-08-30T15:28:43.875206"}
{"op_code": 4, "worker_id": "d521cd2e-6129-4b72-856a-937eff46b607-139708797241152", "study_id": 0, "datetime_start": "2024-08-30T15:28:43.884065"}
{"op_code": 5, "worker_id": "d521cd2e-6129-4b72-856a-937eff46b607-139708797241152", "trial_id": 24, "param_name": "lr", "param_value_internal": 0.00035493682190973106, "distribution": "{\"name\": \"FloatDistribution\", \"attributes\": {\"step\": null, \"low\": 1e-05, \"high\": 0.001, \"log\": true}}"}
{"op_code": 5, "worker_id": "d521cd2e-6129-4b72-856a-937eff46b607-139708797241152", "trial_id": 24, "param_name": "l2reg", "param_value_internal": 4.404221665999057e-08, "distribution": "{\"name\": \"FloatDistribution\", \"attributes\": {\"step\": null, \"low\": 1e-08, \"high\": 0.001, \"log\": true}}"}
{"op_code": 5, "worker_id": "d521cd2e-6129-4b72-856a-937eff46b607-139708797241152", "trial_id": 24, "param_name": "random_seed", "param_value_internal": 0, "distribution": "{\"name\": \"CategoricalDistribution\", \"attributes\": {\"choices\": [42]}}"}
{"op_code": 5, "worker_id": "d521cd2e-6129-4b72-856a-937eff46b607-139708797241152", "trial_id": 24, "param_name": "degree", "param_value_internal": 0, "distribution": "{\"name\": \"CategoricalDistribution\", \"attributes\": {\"choices\": [0]}}"}
{"op_code": 8, "worker_id": "d521cd2e-6129-4b72-856a-937eff46b607-139708797241152", "trial_id": 24, "user_attr": {"best_epoch": 0}}
{"op_code": 8, "worker_id": "d521cd2e-6129-4b72-856a-937eff46b607-139708797241152", "trial_id": 24, "user_attr": {"test_loss": 0.45155103510504974}}
{"op_code": 6, "worker_id": "d521cd2e-6129-4b72-856a-937eff46b607-139708797241152", "trial_id": 24, "state": 1, "values": [0.44689791499329634], "datetime_complete": "2024-08-30T15:44:01.624451"}
{"op_code": 4, "worker_id": "d521cd2e-6129-4b72-856a-937eff46b607-139708797241152", "study_id": 0, "datetime_start": "2024-08-30T15:44:01.633275"}
{"op_code": 5, "worker_id": "d521cd2e-6129-4b72-856a-937eff46b607-139708797241152", "trial_id": 25, "param_name": "lr", "param_value_internal": 0.0001515235176214943, "distribution": "{\"name\": \"FloatDistribution\", \"attributes\": {\"step\": null, \"low\": 1e-05, \"high\": 0.001, \"log\": true}}"}
{"op_code": 5, "worker_id": "d521cd2e-6129-4b72-856a-937eff46b607-139708797241152", "trial_id": 25, "param_name": "l2reg", "param_value_internal": 2.728100050412215e-07, "distribution": "{\"name\": \"FloatDistribution\", \"attributes\": {\"step\": null, \"low\": 1e-08, \"high\": 0.001, \"log\": true}}"}
{"op_code": 5, "worker_id": "d521cd2e-6129-4b72-856a-937eff46b607-139708797241152", "trial_id": 25, "param_name": "random_seed", "param_value_internal": 0, "distribution": "{\"name\": \"CategoricalDistribution\", \"attributes\": {\"choices\": [42]}}"}
{"op_code": 5, "worker_id": "d521cd2e-6129-4b72-856a-937eff46b607-139708797241152", "trial_id": 25, "param_name": "degree", "param_value_internal": 0, "distribution": "{\"name\": \"CategoricalDistribution\", \"attributes\": {\"choices\": [0]}}"}
{"op_code": 8, "worker_id": "d521cd2e-6129-4b72-856a-937eff46b607-139708797241152", "trial_id": 25, "user_attr": {"best_epoch": 1}}
{"op_code": 8, "worker_id": "d521cd2e-6129-4b72-856a-937eff46b607-139708797241152", "trial_id": 25, "user_attr": {"test_loss": 0.4511680941090382}}
{"op_code": 6, "worker_id": "d521cd2e-6129-4b72-856a-937eff46b607-139708797241152", "trial_id": 25, "state": 1, "values": [0.44646294050996693], "datetime_complete": "2024-08-30T16:03:05.992518"}
{"op_code": 4, "worker_id": "d521cd2e-6129-4b72-856a-937eff46b607-139708797241152", "study_id": 0, "datetime_start": "2024-08-30T16:03:06.004335"}
{"op_code": 5, "worker_id": "d521cd2e-6129-4b72-856a-937eff46b607-139708797241152", "trial_id": 26, "param_name": "lr", "param_value_internal": 3.4594226255418936e-05, "distribution": "{\"name\": \"FloatDistribution\", \"attributes\": {\"step\": null, \"low\": 1e-05, \"high\": 0.001, \"log\": true}}"}
{"op_code": 5, "worker_id": "d521cd2e-6129-4b72-856a-937eff46b607-139708797241152", "trial_id": 26, "param_name": "l2reg", "param_value_internal": 1.6441609543784044e-06, "distribution": "{\"name\": \"FloatDistribution\", \"attributes\": {\"step\": null, \"low\": 1e-08, \"high\": 0.001, \"log\": true}}"}
{"op_code": 5, "worker_id": "d521cd2e-6129-4b72-856a-937eff46b607-139708797241152", "trial_id": 26, "param_name": "random_seed", "param_value_internal": 0, "distribution": "{\"name\": \"CategoricalDistribution\", \"attributes\": {\"choices\": [42]}}"}
{"op_code": 5, "worker_id": "d521cd2e-6129-4b72-856a-937eff46b607-139708797241152", "trial_id": 26, "param_name": "degree", "param_value_internal": 0, "distribution": "{\"name\": \"CategoricalDistribution\", \"attributes\": {\"choices\": [0]}}"}
{"op_code": 8, "worker_id": "d521cd2e-6129-4b72-856a-937eff46b607-139708797241152", "trial_id": 26, "user_attr": {"best_epoch": 4}}
{"op_code": 8, "worker_id": "d521cd2e-6129-4b72-856a-937eff46b607-139708797241152", "trial_id": 26, "user_attr": {"test_loss": 0.4523406624165344}}
{"op_code": 6, "worker_id": "d521cd2e-6129-4b72-856a-937eff46b607-139708797241152", "trial_id": 26, "state": 1, "values": [0.4476489846777814], "datetime_complete": "2024-08-30T16:32:56.977406"}
{"op_code": 4, "worker_id": "d521cd2e-6129-4b72-856a-937eff46b607-139708797241152", "study_id": 0, "datetime_start": "2024-08-30T16:32:56.997411"}
{"op_code": 5, "worker_id": "d521cd2e-6129-4b72-856a-937eff46b607-139708797241152", "trial_id": 27, "param_name": "lr", "param_value_internal": 6.222780436227263e-05, "distribution": "{\"name\": \"FloatDistribution\", \"attributes\": {\"step\": null, \"low\": 1e-05, \"high\": 0.001, \"log\": true}}"}
{"op_code": 5, "worker_id": "d521cd2e-6129-4b72-856a-937eff46b607-139708797241152", "trial_id": 27, "param_name": "l2reg", "param_value_internal": 3.629782353829214e-08, "distribution": "{\"name\": \"FloatDistribution\", \"attributes\": {\"step\": null, \"low\": 1e-08, \"high\": 0.001, \"log\": true}}"}
{"op_code": 5, "worker_id": "d521cd2e-6129-4b72-856a-937eff46b607-139708797241152", "trial_id": 27, "param_name": "random_seed", "param_value_internal": 0, "distribution": "{\"name\": \"CategoricalDistribution\", \"attributes\": {\"choices\": [42]}}"}
{"op_code": 5, "worker_id": "d521cd2e-6129-4b72-856a-937eff46b607-139708797241152", "trial_id": 27, "param_name": "degree", "param_value_internal": 0, "distribution": "{\"name\": \"CategoricalDistribution\", \"attributes\": {\"choices\": [0]}}"}
{"op_code": 8, "worker_id": "d521cd2e-6129-4b72-856a-937eff46b607-139708797241152", "trial_id": 27, "user_attr": {"best_epoch": 2}}
{"op_code": 8, "worker_id": "d521cd2e-6129-4b72-856a-937eff46b607-139708797241152", "trial_id": 27, "user_attr": {"test_loss": 0.45178215112437525}}
{"op_code": 6, "worker_id": "d521cd2e-6129-4b72-856a-937eff46b607-139708797241152", "trial_id": 27, "state": 1, "values": [0.4472115287707714], "datetime_complete": "2024-08-30T16:55:05.094332"}
{"op_code": 4, "worker_id": "d521cd2e-6129-4b72-856a-937eff46b607-139708797241152", "study_id": 0, "datetime_start": "2024-08-30T16:55:05.107144"}
{"op_code": 5, "worker_id": "d521cd2e-6129-4b72-856a-937eff46b607-139708797241152", "trial_id": 28, "param_name": "lr", "param_value_internal": 0.000230374005969214, "distribution": "{\"name\": \"FloatDistribution\", \"attributes\": {\"step\": null, \"low\": 1e-05, \"high\": 0.001, \"log\": true}}"}
{"op_code": 5, "worker_id": "d521cd2e-6129-4b72-856a-937eff46b607-139708797241152", "trial_id": 28, "param_name": "l2reg", "param_value_internal": 4.4845668768237237e-07, "distribution": "{\"name\": \"FloatDistribution\", \"attributes\": {\"step\": null, \"low\": 1e-08, \"high\": 0.001, \"log\": true}}"}
{"op_code": 5, "worker_id": "d521cd2e-6129-4b72-856a-937eff46b607-139708797241152", "trial_id": 28, "param_name": "random_seed", "param_value_internal": 0, "distribution": "{\"name\": \"CategoricalDistribution\", \"attributes\": {\"choices\": [42]}}"}
{"op_code": 5, "worker_id": "d521cd2e-6129-4b72-856a-937eff46b607-139708797241152", "trial_id": 28, "param_name": "degree", "param_value_internal": 0, "distribution": "{\"name\": \"CategoricalDistribution\", \"attributes\": {\"choices\": [0]}}"}
{"op_code": 8, "worker_id": "d521cd2e-6129-4b72-856a-937eff46b607-139708797241152", "trial_id": 28, "user_attr": {"best_epoch": 0}}
{"op_code": 8, "worker_id": "d521cd2e-6129-4b72-856a-937eff46b607-139708797241152", "trial_id": 28, "user_attr": {"test_loss": 0.4515480192204236}}
{"op_code": 6, "worker_id": "d521cd2e-6129-4b72-856a-937eff46b607-139708797241152", "trial_id": 28, "state": 1, "values": [0.4469203623336683], "datetime_complete": "2024-08-30T17:10:19.157136"}
{"op_code": 4, "worker_id": "d521cd2e-6129-4b72-856a-937eff46b607-139708797241152", "study_id": 0, "datetime_start": "2024-08-30T17:10:19.165713"}
{"op_code": 5, "worker_id": "d521cd2e-6129-4b72-856a-937eff46b607-139708797241152", "trial_id": 29, "param_name": "lr", "param_value_internal": 5.3659948483403033e-05, "distribution": "{\"name\": \"FloatDistribution\", \"attributes\": {\"step\": null, \"low\": 1e-05, \"high\": 0.001, \"log\": true}}"}
{"op_code": 5, "worker_id": "d521cd2e-6129-4b72-856a-937eff46b607-139708797241152", "trial_id": 29, "param_name": "l2reg", "param_value_internal": 1.0293141628485199e-08, "distribution": "{\"name\": \"FloatDistribution\", \"attributes\": {\"step\": null, \"low\": 1e-08, \"high\": 0.001, \"log\": true}}"}
{"op_code": 5, "worker_id": "d521cd2e-6129-4b72-856a-937eff46b607-139708797241152", "trial_id": 29, "param_name": "random_seed", "param_value_internal": 0, "distribution": "{\"name\": \"CategoricalDistribution\", \"attributes\": {\"choices\": [42]}}"}
{"op_code": 5, "worker_id": "d521cd2e-6129-4b72-856a-937eff46b607-139708797241152", "trial_id": 29, "param_name": "degree", "param_value_internal": 0, "distribution": "{\"name\": \"CategoricalDistribution\", \"attributes\": {\"choices\": [0]}}"}
{"op_code": 8, "worker_id": "d521cd2e-6129-4b72-856a-937eff46b607-139708797241152", "trial_id": 29, "user_attr": {"best_epoch": 3}}
{"op_code": 8, "worker_id": "d521cd2e-6129-4b72-856a-937eff46b607-139708797241152", "trial_id": 29, "user_attr": {"test_loss": 0.45205487871639066}}
{"op_code": 6, "worker_id": "d521cd2e-6129-4b72-856a-937eff46b607-139708797241152", "trial_id": 29, "state": 1, "values": [0.4473845030891816], "datetime_complete": "2024-08-30T17:36:02.612725"}
{"op_code": 4, "worker_id": "d521cd2e-6129-4b72-856a-937eff46b607-139708797241152", "study_id": 0, "datetime_start": "2024-08-30T17:36:02.621625"}
{"op_code": 5, "worker_id": "d521cd2e-6129-4b72-856a-937eff46b607-139708797241152", "trial_id": 30, "param_name": "lr", "param_value_internal": 0.00013810483482969266, "distribution": "{\"name\": \"FloatDistribution\", \"attributes\": {\"step\": null, \"low\": 1e-05, \"high\": 0.001, \"log\": true}}"}
{"op_code": 5, "worker_id": "d521cd2e-6129-4b72-856a-937eff46b607-139708797241152", "trial_id": 30, "param_name": "l2reg", "param_value_internal": 8.201407356248662e-08, "distribution": "{\"name\": \"FloatDistribution\", \"attributes\": {\"step\": null, \"low\": 1e-08, \"high\": 0.001, \"log\": true}}"}
{"op_code": 5, "worker_id": "d521cd2e-6129-4b72-856a-937eff46b607-139708797241152", "trial_id": 30, "param_name": "random_seed", "param_value_internal": 0, "distribution": "{\"name\": \"CategoricalDistribution\", \"attributes\": {\"choices\": [42]}}"}
{"op_code": 5, "worker_id": "d521cd2e-6129-4b72-856a-937eff46b607-139708797241152", "trial_id": 30, "param_name": "degree", "param_value_internal": 0, "distribution": "{\"name\": \"CategoricalDistribution\", \"attributes\": {\"choices\": [0]}}"}
{"op_code": 8, "worker_id": "d521cd2e-6129-4b72-856a-937eff46b607-139708797241152", "trial_id": 30, "user_attr": {"best_epoch": 1}}
{"op_code": 8, "worker_id": "d521cd2e-6129-4b72-856a-937eff46b607-139708797241152", "trial_id": 30, "user_attr": {"test_loss": 0.4510036711332809}}
{"op_code": 6, "worker_id": "d521cd2e-6129-4b72-856a-937eff46b607-139708797241152", "trial_id": 30, "state": 1, "values": [0.44631722367629406], "datetime_complete": "2024-08-30T17:55:12.782252"}
{"op_code": 4, "worker_id": "d521cd2e-6129-4b72-856a-937eff46b607-139708797241152", "study_id": 0, "datetime_start": "2024-08-30T17:55:12.791580"}
{"op_code": 5, "worker_id": "d521cd2e-6129-4b72-856a-937eff46b607-139708797241152", "trial_id": 31, "param_name": "lr", "param_value_internal": 9.34588413093879e-05, "distribution": "{\"name\": \"FloatDistribution\", \"attributes\": {\"step\": null, \"low\": 1e-05, \"high\": 0.001, \"log\": true}}"}
{"op_code": 5, "worker_id": "d521cd2e-6129-4b72-856a-937eff46b607-139708797241152", "trial_id": 31, "param_name": "l2reg", "param_value_internal": 2.1112132308540966e-08, "distribution": "{\"name\": \"FloatDistribution\", \"attributes\": {\"step\": null, \"low\": 1e-08, \"high\": 0.001, \"log\": true}}"}
{"op_code": 5, "worker_id": "d521cd2e-6129-4b72-856a-937eff46b607-139708797241152", "trial_id": 31, "param_name": "random_seed", "param_value_internal": 0, "distribution": "{\"name\": \"CategoricalDistribution\", \"attributes\": {\"choices\": [42]}}"}
{"op_code": 5, "worker_id": "d521cd2e-6129-4b72-856a-937eff46b607-139708797241152", "trial_id": 31, "param_name": "degree", "param_value_internal": 0, "distribution": "{\"name\": \"CategoricalDistribution\", \"attributes\": {\"choices\": [0]}}"}
{"op_code": 8, "worker_id": "d521cd2e-6129-4b72-856a-937eff46b607-139708797241152", "trial_id": 31, "user_attr": {"best_epoch": 1}}
{"op_code": 8, "worker_id": "d521cd2e-6129-4b72-856a-937eff46b607-139708797241152", "trial_id": 31, "user_attr": {"test_loss": 0.4512022232337949}}
{"op_code": 6, "worker_id": "d521cd2e-6129-4b72-856a-937eff46b607-139708797241152", "trial_id": 31, "state": 1, "values": [0.4465649461111128], "datetime_complete": "2024-08-30T18:13:56.563282"}
{"op_code": 4, "worker_id": "d521cd2e-6129-4b72-856a-937eff46b607-139708797241152", "study_id": 0, "datetime_start": "2024-08-30T18:13:56.575491"}
{"op_code": 5, "worker_id": "d521cd2e-6129-4b72-856a-937eff46b607-139708797241152", "trial_id": 32, "param_name": "lr", "param_value_internal": 0.00011936013639105569, "distribution": "{\"name\": \"FloatDistribution\", \"attributes\": {\"step\": null, \"low\": 1e-05, \"high\": 0.001, \"log\": true}}"}
{"op_code": 5, "worker_id": "d521cd2e-6129-4b72-856a-937eff46b607-139708797241152", "trial_id": 32, "param_name": "l2reg", "param_value_internal": 1.280773169377752e-07, "distribution": "{\"name\": \"FloatDistribution\", \"attributes\": {\"step\": null, \"low\": 1e-08, \"high\": 0.001, \"log\": true}}"}
{"op_code": 5, "worker_id": "d521cd2e-6129-4b72-856a-937eff46b607-139708797241152", "trial_id": 32, "param_name": "random_seed", "param_value_internal": 0, "distribution": "{\"name\": \"CategoricalDistribution\", \"attributes\": {\"choices\": [42]}}"}
{"op_code": 5, "worker_id": "d521cd2e-6129-4b72-856a-937eff46b607-139708797241152", "trial_id": 32, "param_name": "degree", "param_value_internal": 0, "distribution": "{\"name\": \"CategoricalDistribution\", \"attributes\": {\"choices\": [0]}}"}
{"op_code": 8, "worker_id": "d521cd2e-6129-4b72-856a-937eff46b607-139708797241152", "trial_id": 32, "user_attr": {"best_epoch": 1}}
{"op_code": 8, "worker_id": "d521cd2e-6129-4b72-856a-937eff46b607-139708797241152", "trial_id": 32, "user_attr": {"test_loss": 0.45090609390411074}}
{"op_code": 6, "worker_id": "d521cd2e-6129-4b72-856a-937eff46b607-139708797241152", "trial_id": 32, "state": 1, "values": [0.44624270461437915], "datetime_complete": "2024-08-30T18:32:43.423657"}
{"op_code": 4, "worker_id": "d521cd2e-6129-4b72-856a-937eff46b607-139708797241152", "study_id": 0, "datetime_start": "2024-08-30T18:32:43.434139"}
{"op_code": 5, "worker_id": "d521cd2e-6129-4b72-856a-937eff46b607-139708797241152", "trial_id": 33, "param_name": "lr", "param_value_internal": 0.00023442346953934096, "distribution": "{\"name\": \"FloatDistribution\", \"attributes\": {\"step\": null, \"low\": 1e-05, \"high\": 0.001, \"log\": true}}"}
{"op_code": 5, "worker_id": "d521cd2e-6129-4b72-856a-937eff46b607-139708797241152", "trial_id": 33, "param_name": "l2reg", "param_value_internal": 1.4773268653067704e-07, "distribution": "{\"name\": \"FloatDistribution\", \"attributes\": {\"step\": null, \"low\": 1e-08, \"high\": 0.001, \"log\": true}}"}
{"op_code": 5, "worker_id": "d521cd2e-6129-4b72-856a-937eff46b607-139708797241152", "trial_id": 33, "param_name": "random_seed", "param_value_internal": 0, "distribution": "{\"name\": \"CategoricalDistribution\", \"attributes\": {\"choices\": [42]}}"}
{"op_code": 5, "worker_id": "d521cd2e-6129-4b72-856a-937eff46b607-139708797241152", "trial_id": 33, "param_name": "degree", "param_value_internal": 0, "distribution": "{\"name\": \"CategoricalDistribution\", \"attributes\": {\"choices\": [0]}}"}
{"op_code": 8, "worker_id": "d521cd2e-6129-4b72-856a-937eff46b607-139708797241152", "trial_id": 33, "user_attr": {"best_epoch": 0}}
{"op_code": 8, "worker_id": "d521cd2e-6129-4b72-856a-937eff46b607-139708797241152", "trial_id": 33, "user_attr": {"test_loss": 0.4515337796638976}}
{"op_code": 6, "worker_id": "d521cd2e-6129-4b72-856a-937eff46b607-139708797241152", "trial_id": 33, "state": 1, "values": [0.44690436669486583], "datetime_complete": "2024-08-30T18:47:58.402315"}
{"op_code": 4, "worker_id": "d521cd2e-6129-4b72-856a-937eff46b607-139708797241152", "study_id": 0, "datetime_start": "2024-08-30T18:47:58.410791"}
{"op_code": 5, "worker_id": "d521cd2e-6129-4b72-856a-937eff46b607-139708797241152", "trial_id": 34, "param_name": "lr", "param_value_internal": 0.0003488626081180128, "distribution": "{\"name\": \"FloatDistribution\", \"attributes\": {\"step\": null, \"low\": 1e-05, \"high\": 0.001, \"log\": true}}"}
{"op_code": 5, "worker_id": "d521cd2e-6129-4b72-856a-937eff46b607-139708797241152", "trial_id": 34, "param_name": "l2reg", "param_value_internal": 2.0686146015701734e-06, "distribution": "{\"name\": \"FloatDistribution\", \"attributes\": {\"step\": null, \"low\": 1e-08, \"high\": 0.001, \"log\": true}}"}
{"op_code": 5, "worker_id": "d521cd2e-6129-4b72-856a-937eff46b607-139708797241152", "trial_id": 34, "param_name": "random_seed", "param_value_internal": 0, "distribution": "{\"name\": \"CategoricalDistribution\", \"attributes\": {\"choices\": [42]}}"}
{"op_code": 5, "worker_id": "d521cd2e-6129-4b72-856a-937eff46b607-139708797241152", "trial_id": 34, "param_name": "degree", "param_value_internal": 0, "distribution": "{\"name\": \"CategoricalDistribution\", \"attributes\": {\"choices\": [0]}}"}
{"op_code": 8, "worker_id": "d521cd2e-6129-4b72-856a-937eff46b607-139708797241152", "trial_id": 34, "user_attr": {"best_epoch": 0}}
{"op_code": 8, "worker_id": "d521cd2e-6129-4b72-856a-937eff46b607-139708797241152", "trial_id": 34, "user_attr": {"test_loss": 0.4515428654935308}}
{"op_code": 6, "worker_id": "d521cd2e-6129-4b72-856a-937eff46b607-139708797241152", "trial_id": 34, "state": 1, "values": [0.4468904325465057], "datetime_complete": "2024-08-30T19:03:13.221499"}
{"op_code": 4, "worker_id": "d521cd2e-6129-4b72-856a-937eff46b607-139708797241152", "study_id": 0, "datetime_start": "2024-08-30T19:03:13.231785"}
{"op_code": 5, "worker_id": "d521cd2e-6129-4b72-856a-937eff46b607-139708797241152", "trial_id": 35, "param_name": "lr", "param_value_internal": 0.00013449712013763264, "distribution": "{\"name\": \"FloatDistribution\", \"attributes\": {\"step\": null, \"low\": 1e-05, \"high\": 0.001, \"log\": true}}"}
{"op_code": 5, "worker_id": "d521cd2e-6129-4b72-856a-937eff46b607-139708797241152", "trial_id": 35, "param_name": "l2reg", "param_value_internal": 4.525498631988167e-08, "distribution": "{\"name\": \"FloatDistribution\", \"attributes\": {\"step\": null, \"low\": 1e-08, \"high\": 0.001, \"log\": true}}"}
{"op_code": 5, "worker_id": "d521cd2e-6129-4b72-856a-937eff46b607-139708797241152", "trial_id": 35, "param_name": "random_seed", "param_value_internal": 0, "distribution": "{\"name\": \"CategoricalDistribution\", \"attributes\": {\"choices\": [42]}}"}
{"op_code": 5, "worker_id": "d521cd2e-6129-4b72-856a-937eff46b607-139708797241152", "trial_id": 35, "param_name": "degree", "param_value_internal": 0, "distribution": "{\"name\": \"CategoricalDistribution\", \"attributes\": {\"choices\": [0]}}"}
{"op_code": 8, "worker_id": "d521cd2e-6129-4b72-856a-937eff46b607-139708797241152", "trial_id": 35, "user_attr": {"best_epoch": 1}}
{"op_code": 8, "worker_id": "d521cd2e-6129-4b72-856a-937eff46b607-139708797241152", "trial_id": 35, "user_attr": {"test_loss": 0.4509715271477718}}
{"op_code": 6, "worker_id": "d521cd2e-6129-4b72-856a-937eff46b607-139708797241152", "trial_id": 35, "state": 1, "values": [0.446289240852327], "datetime_complete": "2024-08-30T19:22:22.346351"}
{"op_code": 4, "worker_id": "d521cd2e-6129-4b72-856a-937eff46b607-139708797241152", "study_id": 0, "datetime_start": "2024-08-30T19:22:22.361780"}
{"op_code": 5, "worker_id": "d521cd2e-6129-4b72-856a-937eff46b607-139708797241152", "trial_id": 36, "param_name": "lr", "param_value_internal": 7.603521199523715e-05, "distribution": "{\"name\": \"FloatDistribution\", \"attributes\": {\"step\": null, \"low\": 1e-05, \"high\": 0.001, \"log\": true}}"}
{"op_code": 5, "worker_id": "d521cd2e-6129-4b72-856a-937eff46b607-139708797241152", "trial_id": 36, "param_name": "l2reg", "param_value_internal": 4.079446600011249e-07, "distribution": "{\"name\": \"FloatDistribution\", \"attributes\": {\"step\": null, \"low\": 1e-08, \"high\": 0.001, \"log\": true}}"}
{"op_code": 5, "worker_id": "d521cd2e-6129-4b72-856a-937eff46b607-139708797241152", "trial_id": 36, "param_name": "random_seed", "param_value_internal": 0, "distribution": "{\"name\": \"CategoricalDistribution\", \"attributes\": {\"choices\": [42]}}"}
{"op_code": 5, "worker_id": "d521cd2e-6129-4b72-856a-937eff46b607-139708797241152", "trial_id": 36, "param_name": "degree", "param_value_internal": 0, "distribution": "{\"name\": \"CategoricalDistribution\", \"attributes\": {\"choices\": [0]}}"}
{"op_code": 8, "worker_id": "d521cd2e-6129-4b72-856a-937eff46b607-139708797241152", "trial_id": 36, "user_attr": {"best_epoch": 2}}
{"op_code": 8, "worker_id": "d521cd2e-6129-4b72-856a-937eff46b607-139708797241152", "trial_id": 36, "user_attr": {"test_loss": 0.4516944614156883}}
{"op_code": 6, "worker_id": "d521cd2e-6129-4b72-856a-937eff46b607-139708797241152", "trial_id": 36, "state": 1, "values": [0.4470649338948732], "datetime_complete": "2024-08-30T19:44:28.841542"}
{"op_code": 4, "worker_id": "d521cd2e-6129-4b72-856a-937eff46b607-139708797241152", "study_id": 0, "datetime_start": "2024-08-30T19:44:28.856223"}
{"op_code": 5, "worker_id": "d521cd2e-6129-4b72-856a-937eff46b607-139708797241152", "trial_id": 37, "param_name": "lr", "param_value_internal": 0.00020477381212423605, "distribution": "{\"name\": \"FloatDistribution\", \"attributes\": {\"step\": null, \"low\": 1e-05, \"high\": 0.001, \"log\": true}}"}
{"op_code": 5, "worker_id": "d521cd2e-6129-4b72-856a-937eff46b607-139708797241152", "trial_id": 37, "param_name": "l2reg", "param_value_internal": 6.843829751154505e-08, "distribution": "{\"name\": \"FloatDistribution\", \"attributes\": {\"step\": null, \"low\": 1e-08, \"high\": 0.001, \"log\": true}}"}
{"op_code": 5, "worker_id": "d521cd2e-6129-4b72-856a-937eff46b607-139708797241152", "trial_id": 37, "param_name": "random_seed", "param_value_internal": 0, "distribution": "{\"name\": \"CategoricalDistribution\", \"attributes\": {\"choices\": [42]}}"}
{"op_code": 5, "worker_id": "d521cd2e-6129-4b72-856a-937eff46b607-139708797241152", "trial_id": 37, "param_name": "degree", "param_value_internal": 0, "distribution": "{\"name\": \"CategoricalDistribution\", \"attributes\": {\"choices\": [0]}}"}
{"op_code": 8, "worker_id": "d521cd2e-6129-4b72-856a-937eff46b607-139708797241152", "trial_id": 37, "user_attr": {"best_epoch": 0}}
{"op_code": 8, "worker_id": "d521cd2e-6129-4b72-856a-937eff46b607-139708797241152", "trial_id": 37, "user_attr": {"test_loss": 0.4516946522944621}}
{"op_code": 6, "worker_id": "d521cd2e-6129-4b72-856a-937eff46b607-139708797241152", "trial_id": 37, "state": 1, "values": [0.44707810452825464], "datetime_complete": "2024-08-30T19:59:40.645862"}
{"op_code": 4, "worker_id": "d521cd2e-6129-4b72-856a-937eff46b607-139708797241152", "study_id": 0, "datetime_start": "2024-08-30T19:59:40.656711"}
{"op_code": 5, "worker_id": "d521cd2e-6129-4b72-856a-937eff46b607-139708797241152", "trial_id": 38, "param_name": "lr", "param_value_internal": 2.8840229207704396e-05, "distribution": "{\"name\": \"FloatDistribution\", \"attributes\": {\"step\": null, \"low\": 1e-05, \"high\": 0.001, \"log\": true}}"}
{"op_code": 5, "worker_id": "d521cd2e-6129-4b72-856a-937eff46b607-139708797241152", "trial_id": 38, "param_name": "l2reg", "param_value_internal": 1.3396072007850532e-07, "distribution": "{\"name\": \"FloatDistribution\", \"attributes\": {\"step\": null, \"low\": 1e-08, \"high\": 0.001, \"log\": true}}"}
{"op_code": 5, "worker_id": "d521cd2e-6129-4b72-856a-937eff46b607-139708797241152", "trial_id": 38, "param_name": "random_seed", "param_value_internal": 0, "distribution": "{\"name\": \"CategoricalDistribution\", \"attributes\": {\"choices\": [42]}}"}
{"op_code": 5, "worker_id": "d521cd2e-6129-4b72-856a-937eff46b607-139708797241152", "trial_id": 38, "param_name": "degree", "param_value_internal": 0, "distribution": "{\"name\": \"CategoricalDistribution\", \"attributes\": {\"choices\": [0]}}"}
{"op_code": 8, "worker_id": "d521cd2e-6129-4b72-856a-937eff46b607-139708797241152", "trial_id": 38, "user_attr": {"best_epoch": 5}}
{"op_code": 8, "worker_id": "d521cd2e-6129-4b72-856a-937eff46b607-139708797241152", "trial_id": 38, "user_attr": {"test_loss": 0.45253562599610087}}
{"op_code": 6, "worker_id": "d521cd2e-6129-4b72-856a-937eff46b607-139708797241152", "trial_id": 38, "state": 1, "values": [0.4478231806201574], "datetime_complete": "2024-08-30T20:32:23.906514"}
{"op_code": 4, "worker_id": "d521cd2e-6129-4b72-856a-937eff46b607-139708797241152", "study_id": 0, "datetime_start": "2024-08-30T20:32:23.916937"}
{"op_code": 5, "worker_id": "d521cd2e-6129-4b72-856a-937eff46b607-139708797241152", "trial_id": 39, "param_name": "lr", "param_value_internal": 1.594632483403424e-05, "distribution": "{\"name\": \"FloatDistribution\", \"attributes\": {\"step\": null, \"low\": 1e-05, \"high\": 0.001, \"log\": true}}"}
{"op_code": 5, "worker_id": "d521cd2e-6129-4b72-856a-937eff46b607-139708797241152", "trial_id": 39, "param_name": "l2reg", "param_value_internal": 0.00019872356792327098, "distribution": "{\"name\": \"FloatDistribution\", \"attributes\": {\"step\": null, \"low\": 1e-08, \"high\": 0.001, \"log\": true}}"}
{"op_code": 5, "worker_id": "d521cd2e-6129-4b72-856a-937eff46b607-139708797241152", "trial_id": 39, "param_name": "random_seed", "param_value_internal": 0, "distribution": "{\"name\": \"CategoricalDistribution\", \"attributes\": {\"choices\": [42]}}"}
{"op_code": 5, "worker_id": "d521cd2e-6129-4b72-856a-937eff46b607-139708797241152", "trial_id": 39, "param_name": "degree", "param_value_internal": 0, "distribution": "{\"name\": \"CategoricalDistribution\", \"attributes\": {\"choices\": [0]}}"}
{"op_code": 8, "worker_id": "d521cd2e-6129-4b72-856a-937eff46b607-139708797241152", "trial_id": 39, "user_attr": {"best_epoch": 9}}
{"op_code": 8, "worker_id": "d521cd2e-6129-4b72-856a-937eff46b607-139708797241152", "trial_id": 39, "user_attr": {"test_loss": 0.45309902378486955}}
{"op_code": 6, "worker_id": "d521cd2e-6129-4b72-856a-937eff46b607-139708797241152", "trial_id": 39, "state": 1, "values": [0.4483205724529904], "datetime_complete": "2024-08-30T21:08:45.400472"}
{"op_code": 4, "worker_id": "d521cd2e-6129-4b72-856a-937eff46b607-139708797241152", "study_id": 0, "datetime_start": "2024-08-30T21:08:45.409459"}
{"op_code": 5, "worker_id": "d521cd2e-6129-4b72-856a-937eff46b607-139708797241152", "trial_id": 40, "param_name": "lr", "param_value_internal": 0.00031844559433132617, "distribution": "{\"name\": \"FloatDistribution\", \"attributes\": {\"step\": null, \"low\": 1e-05, \"high\": 0.001, \"log\": true}}"}
{"op_code": 5, "worker_id": "d521cd2e-6129-4b72-856a-937eff46b607-139708797241152", "trial_id": 40, "param_name": "l2reg", "param_value_internal": 4.237446210047003e-06, "distribution": "{\"name\": \"FloatDistribution\", \"attributes\": {\"step\": null, \"low\": 1e-08, \"high\": 0.001, \"log\": true}}"}
{"op_code": 5, "worker_id": "d521cd2e-6129-4b72-856a-937eff46b607-139708797241152", "trial_id": 40, "param_name": "random_seed", "param_value_internal": 0, "distribution": "{\"name\": \"CategoricalDistribution\", \"attributes\": {\"choices\": [42]}}"}
{"op_code": 5, "worker_id": "d521cd2e-6129-4b72-856a-937eff46b607-139708797241152", "trial_id": 40, "param_name": "degree", "param_value_internal": 0, "distribution": "{\"name\": \"CategoricalDistribution\", \"attributes\": {\"choices\": [0]}}"}
{"op_code": 8, "worker_id": "d521cd2e-6129-4b72-856a-937eff46b607-139708797241152", "trial_id": 40, "user_attr": {"best_epoch": 0}}
{"op_code": 8, "worker_id": "d521cd2e-6129-4b72-856a-937eff46b607-139708797241152", "trial_id": 40, "user_attr": {"test_loss": 0.45150281912678614}}
{"op_code": 6, "worker_id": "d521cd2e-6129-4b72-856a-937eff46b607-139708797241152", "trial_id": 40, "state": 1, "values": [0.44685775410542006], "datetime_complete": "2024-08-30T21:24:03.079267"}
{"op_code": 4, "worker_id": "d521cd2e-6129-4b72-856a-937eff46b607-139708797241152", "study_id": 0, "datetime_start": "2024-08-30T21:24:03.089053"}
{"op_code": 5, "worker_id": "d521cd2e-6129-4b72-856a-937eff46b607-139708797241152", "trial_id": 41, "param_name": "lr", "param_value_internal": 0.0001278513439462496, "distribution": "{\"name\": \"FloatDistribution\", \"attributes\": {\"step\": null, \"low\": 1e-05, \"high\": 0.001, \"log\": true}}"}
{"op_code": 5, "worker_id": "d521cd2e-6129-4b72-856a-937eff46b607-139708797241152", "trial_id": 41, "param_name": "l2reg", "param_value_internal": 2.103480201638395e-08, "distribution": "{\"name\": \"FloatDistribution\", \"attributes\": {\"step\": null, \"low\": 1e-08, \"high\": 0.001, \"log\": true}}"}
{"op_code": 5, "worker_id": "d521cd2e-6129-4b72-856a-937eff46b607-139708797241152", "trial_id": 41, "param_name": "random_seed", "param_value_internal": 0, "distribution": "{\"name\": \"CategoricalDistribution\", \"attributes\": {\"choices\": [42]}}"}
{"op_code": 5, "worker_id": "d521cd2e-6129-4b72-856a-937eff46b607-139708797241152", "trial_id": 41, "param_name": "degree", "param_value_internal": 0, "distribution": "{\"name\": \"CategoricalDistribution\", \"attributes\": {\"choices\": [0]}}"}
{"op_code": 8, "worker_id": "d521cd2e-6129-4b72-856a-937eff46b607-139708797241152", "trial_id": 41, "user_attr": {"best_epoch": 1}}
{"op_code": 8, "worker_id": "d521cd2e-6129-4b72-856a-937eff46b607-139708797241152", "trial_id": 41, "user_attr": {"test_loss": 0.450927968611589}}
{"op_code": 6, "worker_id": "d521cd2e-6129-4b72-856a-937eff46b607-139708797241152", "trial_id": 41, "state": 1, "values": [0.44625339382408], "datetime_complete": "2024-08-30T21:42:43.020122"}
{"op_code": 4, "worker_id": "d521cd2e-6129-4b72-856a-937eff46b607-139708797241152", "study_id": 0, "datetime_start": "2024-08-30T21:42:43.028954"}
{"op_code": 5, "worker_id": "d521cd2e-6129-4b72-856a-937eff46b607-139708797241152", "trial_id": 42, "param_name": "lr", "param_value_internal": 0.00014823478361415085, "distribution": "{\"name\": \"FloatDistribution\", \"attributes\": {\"step\": null, \"low\": 1e-05, \"high\": 0.001, \"log\": true}}"}
{"op_code": 5, "worker_id": "d521cd2e-6129-4b72-856a-937eff46b607-139708797241152", "trial_id": 42, "param_name": "l2reg", "param_value_internal": 2.3973608976748232e-08, "distribution": "{\"name\": \"FloatDistribution\", \"attributes\": {\"step\": null, \"low\": 1e-08, \"high\": 0.001, \"log\": true}}"}
{"op_code": 5, "worker_id": "d521cd2e-6129-4b72-856a-937eff46b607-139708797241152", "trial_id": 42, "param_name": "random_seed", "param_value_internal": 0, "distribution": "{\"name\": \"CategoricalDistribution\", \"attributes\": {\"choices\": [42]}}"}
{"op_code": 5, "worker_id": "d521cd2e-6129-4b72-856a-937eff46b607-139708797241152", "trial_id": 42, "param_name": "degree", "param_value_internal": 0, "distribution": "{\"name\": \"CategoricalDistribution\", \"attributes\": {\"choices\": [0]}}"}
{"op_code": 8, "worker_id": "d521cd2e-6129-4b72-856a-937eff46b607-139708797241152", "trial_id": 42, "user_attr": {"best_epoch": 1}}
{"op_code": 8, "worker_id": "d521cd2e-6129-4b72-856a-937eff46b607-139708797241152", "trial_id": 42, "user_attr": {"test_loss": 0.4511221305003055}}
{"op_code": 6, "worker_id": "d521cd2e-6129-4b72-856a-937eff46b607-139708797241152", "trial_id": 42, "state": 1, "values": [0.4464216725253716], "datetime_complete": "2024-08-30T22:01:31.452088"}
{"op_code": 4, "worker_id": "d521cd2e-6129-4b72-856a-937eff46b607-139708797241152", "study_id": 0, "datetime_start": "2024-08-30T22:01:31.481072"}
{"op_code": 5, "worker_id": "d521cd2e-6129-4b72-856a-937eff46b607-139708797241152", "trial_id": 43, "param_name": "lr", "param_value_internal": 0.00013030983598677118, "distribution": "{\"name\": \"FloatDistribution\", \"attributes\": {\"step\": null, \"low\": 1e-05, \"high\": 0.001, \"log\": true}}"}
{"op_code": 5, "worker_id": "d521cd2e-6129-4b72-856a-937eff46b607-139708797241152", "trial_id": 43, "param_name": "l2reg", "param_value_internal": 6.143907554024949e-08, "distribution": "{\"name\": \"FloatDistribution\", \"attributes\": {\"step\": null, \"low\": 1e-08, \"high\": 0.001, \"log\": true}}"}
{"op_code": 5, "worker_id": "d521cd2e-6129-4b72-856a-937eff46b607-139708797241152", "trial_id": 43, "param_name": "random_seed", "param_value_internal": 0, "distribution": "{\"name\": \"CategoricalDistribution\", \"attributes\": {\"choices\": [42]}}"}
{"op_code": 5, "worker_id": "d521cd2e-6129-4b72-856a-937eff46b607-139708797241152", "trial_id": 43, "param_name": "degree", "param_value_internal": 0, "distribution": "{\"name\": \"CategoricalDistribution\", \"attributes\": {\"choices\": [0]}}"}
{"op_code": 8, "worker_id": "d521cd2e-6129-4b72-856a-937eff46b607-139708797241152", "trial_id": 43, "user_attr": {"best_epoch": 1}}
{"op_code": 8, "worker_id": "d521cd2e-6129-4b72-856a-937eff46b607-139708797241152", "trial_id": 43, "user_attr": {"test_loss": 0.4509411010712269}}
{"op_code": 6, "worker_id": "d521cd2e-6129-4b72-856a-937eff46b607-139708797241152", "trial_id": 43, "state": 1, "values": [0.4462641593852788], "datetime_complete": "2024-08-30T22:20:34.902679"}
{"op_code": 4, "worker_id": "d521cd2e-6129-4b72-856a-937eff46b607-139708797241152", "study_id": 0, "datetime_start": "2024-08-30T22:20:34.911804"}
{"op_code": 5, "worker_id": "d521cd2e-6129-4b72-856a-937eff46b607-139708797241152", "trial_id": 44, "param_name": "lr", "param_value_internal": 5.7592436584032395e-05, "distribution": "{\"name\": \"FloatDistribution\", \"attributes\": {\"step\": null, \"low\": 1e-05, \"high\": 0.001, \"log\": true}}"}
{"op_code": 5, "worker_id": "d521cd2e-6129-4b72-856a-937eff46b607-139708797241152", "trial_id": 44, "param_name": "l2reg", "param_value_internal": 8.33378275909494e-08, "distribution": "{\"name\": \"FloatDistribution\", \"attributes\": {\"step\": null, \"low\": 1e-08, \"high\": 0.001, \"log\": true}}"}
{"op_code": 5, "worker_id": "d521cd2e-6129-4b72-856a-937eff46b607-139708797241152", "trial_id": 44, "param_name": "random_seed", "param_value_internal": 0, "distribution": "{\"name\": \"CategoricalDistribution\", \"attributes\": {\"choices\": [42]}}"}
{"op_code": 5, "worker_id": "d521cd2e-6129-4b72-856a-937eff46b607-139708797241152", "trial_id": 44, "param_name": "degree", "param_value_internal": 0, "distribution": "{\"name\": \"CategoricalDistribution\", \"attributes\": {\"choices\": [0]}}"}
{"op_code": 8, "worker_id": "d521cd2e-6129-4b72-856a-937eff46b607-139708797241152", "trial_id": 44, "user_attr": {"best_epoch": 2}}
{"op_code": 8, "worker_id": "d521cd2e-6129-4b72-856a-937eff46b607-139708797241152", "trial_id": 44, "user_attr": {"test_loss": 0.451954820063161}}
{"op_code": 6, "worker_id": "d521cd2e-6129-4b72-856a-937eff46b607-139708797241152", "trial_id": 44, "state": 1, "values": [0.447397177437827], "datetime_complete": "2024-08-30T22:42:45.245180"}
{"op_code": 4, "worker_id": "d521cd2e-6129-4b72-856a-937eff46b607-139708797241152", "study_id": 0, "datetime_start": "2024-08-30T22:42:45.253830"}
{"op_code": 5, "worker_id": "d521cd2e-6129-4b72-856a-937eff46b607-139708797241152", "trial_id": 45, "param_name": "lr", "param_value_internal": 8.393209942039097e-05, "distribution": "{\"name\": \"FloatDistribution\", \"attributes\": {\"step\": null, \"low\": 1e-05, \"high\": 0.001, \"log\": true}}"}
{"op_code": 5, "worker_id": "d521cd2e-6129-4b72-856a-937eff46b607-139708797241152", "trial_id": 45, "param_name": "l2reg", "param_value_internal": 2.124746484367089e-07, "distribution": "{\"name\": \"FloatDistribution\", \"attributes\": {\"step\": null, \"low\": 1e-08, \"high\": 0.001, \"log\": true}}"}
{"op_code": 5, "worker_id": "d521cd2e-6129-4b72-856a-937eff46b607-139708797241152", "trial_id": 45, "param_name": "random_seed", "param_value_internal": 0, "distribution": "{\"name\": \"CategoricalDistribution\", \"attributes\": {\"choices\": [42]}}"}
{"op_code": 5, "worker_id": "d521cd2e-6129-4b72-856a-937eff46b607-139708797241152", "trial_id": 45, "param_name": "degree", "param_value_internal": 0, "distribution": "{\"name\": \"CategoricalDistribution\", \"attributes\": {\"choices\": [0]}}"}
{"op_code": 8, "worker_id": "d521cd2e-6129-4b72-856a-937eff46b607-139708797241152", "trial_id": 45, "user_attr": {"best_epoch": 1}}
{"op_code": 8, "worker_id": "d521cd2e-6129-4b72-856a-937eff46b607-139708797241152", "trial_id": 45, "user_attr": {"test_loss": 0.45152137254360014}}
{"op_code": 6, "worker_id": "d521cd2e-6129-4b72-856a-937eff46b607-139708797241152", "trial_id": 45, "state": 1, "values": [0.4468884855833102], "datetime_complete": "2024-08-30T23:01:25.577207"}
{"op_code": 4, "worker_id": "d521cd2e-6129-4b72-856a-937eff46b607-139708797241152", "study_id": 0, "datetime_start": "2024-08-30T23:01:25.588794"}
{"op_code": 5, "worker_id": "d521cd2e-6129-4b72-856a-937eff46b607-139708797241152", "trial_id": 46, "param_name": "lr", "param_value_internal": 0.00019765582637664892, "distribution": "{\"name\": \"FloatDistribution\", \"attributes\": {\"step\": null, \"low\": 1e-05, \"high\": 0.001, \"log\": true}}"}
{"op_code": 5, "worker_id": "d521cd2e-6129-4b72-856a-937eff46b607-139708797241152", "trial_id": 46, "param_name": "l2reg", "param_value_internal": 1.0776708866300886e-07, "distribution": "{\"name\": \"FloatDistribution\", \"attributes\": {\"step\": null, \"low\": 1e-08, \"high\": 0.001, \"log\": true}}"}
{"op_code": 5, "worker_id": "d521cd2e-6129-4b72-856a-937eff46b607-139708797241152", "trial_id": 46, "param_name": "random_seed", "param_value_internal": 0, "distribution": "{\"name\": \"CategoricalDistribution\", \"attributes\": {\"choices\": [42]}}"}
{"op_code": 5, "worker_id": "d521cd2e-6129-4b72-856a-937eff46b607-139708797241152", "trial_id": 46, "param_name": "degree", "param_value_internal": 0, "distribution": "{\"name\": \"CategoricalDistribution\", \"attributes\": {\"choices\": [0]}}"}
{"op_code": 8, "worker_id": "d521cd2e-6129-4b72-856a-937eff46b607-139708797241152", "trial_id": 46, "user_attr": {"best_epoch": 0}}
{"op_code": 8, "worker_id": "d521cd2e-6129-4b72-856a-937eff46b607-139708797241152", "trial_id": 46, "user_attr": {"test_loss": 0.45175474093245654}}
{"op_code": 6, "worker_id": "d521cd2e-6129-4b72-856a-937eff46b607-139708797241152", "trial_id": 46, "state": 1, "values": [0.44714155262297933], "datetime_complete": "2024-08-30T23:16:41.588792"}
{"op_code": 4, "worker_id": "d521cd2e-6129-4b72-856a-937eff46b607-139708797241152", "study_id": 0, "datetime_start": "2024-08-30T23:16:41.600744"}
{"op_code": 5, "worker_id": "d521cd2e-6129-4b72-856a-937eff46b607-139708797241152", "trial_id": 47, "param_name": "lr", "param_value_internal": 0.00011530935348740888, "distribution": "{\"name\": \"FloatDistribution\", \"attributes\": {\"step\": null, \"low\": 1e-05, \"high\": 0.001, \"log\": true}}"}
{"op_code": 5, "worker_id": "d521cd2e-6129-4b72-856a-937eff46b607-139708797241152", "trial_id": 47, "param_name": "l2reg", "param_value_internal": 4.927159915511815e-08, "distribution": "{\"name\": \"FloatDistribution\", \"attributes\": {\"step\": null, \"low\": 1e-08, \"high\": 0.001, \"log\": true}}"}
{"op_code": 5, "worker_id": "d521cd2e-6129-4b72-856a-937eff46b607-139708797241152", "trial_id": 47, "param_name": "random_seed", "param_value_internal": 0, "distribution": "{\"name\": \"CategoricalDistribution\", \"attributes\": {\"choices\": [42]}}"}
{"op_code": 5, "worker_id": "d521cd2e-6129-4b72-856a-937eff46b607-139708797241152", "trial_id": 47, "param_name": "degree", "param_value_internal": 0, "distribution": "{\"name\": \"CategoricalDistribution\", \"attributes\": {\"choices\": [0]}}"}
{"op_code": 8, "worker_id": "d521cd2e-6129-4b72-856a-937eff46b607-139708797241152", "trial_id": 47, "user_attr": {"best_epoch": 1}}
{"op_code": 8, "worker_id": "d521cd2e-6129-4b72-856a-937eff46b607-139708797241152", "trial_id": 47, "user_attr": {"test_loss": 0.45091185844307974}}
{"op_code": 6, "worker_id": "d521cd2e-6129-4b72-856a-937eff46b607-139708797241152", "trial_id": 47, "state": 1, "values": [0.4462532029453354], "datetime_complete": "2024-08-30T23:35:35.520014"}
{"op_code": 4, "worker_id": "d521cd2e-6129-4b72-856a-937eff46b607-139708797241152", "study_id": 0, "datetime_start": "2024-08-30T23:35:35.530586"}
{"op_code": 5, "worker_id": "d521cd2e-6129-4b72-856a-937eff46b607-139708797241152", "trial_id": 48, "param_name": "lr", "param_value_internal": 6.210998049219321e-05, "distribution": "{\"name\": \"FloatDistribution\", \"attributes\": {\"step\": null, \"low\": 1e-05, \"high\": 0.001, \"log\": true}}"}
{"op_code": 5, "worker_id": "d521cd2e-6129-4b72-856a-937eff46b607-139708797241152", "trial_id": 48, "param_name": "l2reg", "param_value_internal": 1.545062088148059e-08, "distribution": "{\"name\": \"FloatDistribution\", \"attributes\": {\"step\": null, \"low\": 1e-08, \"high\": 0.001, \"log\": true}}"}
{"op_code": 5, "worker_id": "d521cd2e-6129-4b72-856a-937eff46b607-139708797241152", "trial_id": 48, "param_name": "random_seed", "param_value_internal": 0, "distribution": "{\"name\": \"CategoricalDistribution\", \"attributes\": {\"choices\": [42]}}"}
{"op_code": 5, "worker_id": "d521cd2e-6129-4b72-856a-937eff46b607-139708797241152", "trial_id": 48, "param_name": "degree", "param_value_internal": 0, "distribution": "{\"name\": \"CategoricalDistribution\", \"attributes\": {\"choices\": [0]}}"}
{"op_code": 8, "worker_id": "d521cd2e-6129-4b72-856a-937eff46b607-139708797241152", "trial_id": 48, "user_attr": {"best_epoch": 2}}
{"op_code": 8, "worker_id": "d521cd2e-6129-4b72-856a-937eff46b607-139708797241152", "trial_id": 48, "user_attr": {"test_loss": 0.45178551059079425}}
{"op_code": 6, "worker_id": "d521cd2e-6129-4b72-856a-937eff46b607-139708797241152", "trial_id": 48, "state": 1, "values": [0.4472150791154221], "datetime_complete": "2024-08-30T23:58:38.928362"}
{"op_code": 4, "worker_id": "d521cd2e-6129-4b72-856a-937eff46b607-139708797241152", "study_id": 0, "datetime_start": "2024-08-30T23:58:38.937228"}
{"op_code": 5, "worker_id": "d521cd2e-6129-4b72-856a-937eff46b607-139708797241152", "trial_id": 49, "param_name": "lr", "param_value_internal": 0.0002793013976298414, "distribution": "{\"name\": \"FloatDistribution\", \"attributes\": {\"step\": null, \"low\": 1e-05, \"high\": 0.001, \"log\": true}}"}
{"op_code": 5, "worker_id": "d521cd2e-6129-4b72-856a-937eff46b607-139708797241152", "trial_id": 49, "param_name": "l2reg", "param_value_internal": 4.2753662507876317e-07, "distribution": "{\"name\": \"FloatDistribution\", \"attributes\": {\"step\": null, \"low\": 1e-08, \"high\": 0.001, \"log\": true}}"}
{"op_code": 5, "worker_id": "d521cd2e-6129-4b72-856a-937eff46b607-139708797241152", "trial_id": 49, "param_name": "random_seed", "param_value_internal": 0, "distribution": "{\"name\": \"CategoricalDistribution\", \"attributes\": {\"choices\": [42]}}"}
{"op_code": 5, "worker_id": "d521cd2e-6129-4b72-856a-937eff46b607-139708797241152", "trial_id": 49, "param_name": "degree", "param_value_internal": 0, "distribution": "{\"name\": \"CategoricalDistribution\", \"attributes\": {\"choices\": [0]}}"}
{"op_code": 8, "worker_id": "d521cd2e-6129-4b72-856a-937eff46b607-139708797241152", "trial_id": 49, "user_attr": {"best_epoch": 0}}
{"op_code": 8, "worker_id": "d521cd2e-6129-4b72-856a-937eff46b607-139708797241152", "trial_id": 49, "user_attr": {"test_loss": 0.45147250757750557}}
{"op_code": 6, "worker_id": "d521cd2e-6129-4b72-856a-937eff46b607-139708797241152", "trial_id": 49, "state": 1, "values": [0.4468317182446485], "datetime_complete": "2024-08-31T00:13:51.841281"}
