{"op_code": 0, "worker_id": "d76937a8-9ef8-497a-9248-2a7104e63a90-139976126330688", "study_name": "criteo_splines_0_48", "directions": [1]}
{"op_code": 4, "worker_id": "d76937a8-9ef8-497a-9248-2a7104e63a90-139976126330688", "study_id": 0, "datetime_start": "2024-08-30T06:22:33.917852"}
{"op_code": 5, "worker_id": "d76937a8-9ef8-497a-9248-2a7104e63a90-139976126330688", "trial_id": 0, "param_name": "lr", "param_value_internal": 5.6115164153345e-05, "distribution": "{\"name\": \"FloatDistribution\", \"attributes\": {\"step\": null, \"low\": 1e-05, \"high\": 0.001, \"log\": true}}"}
{"op_code": 5, "worker_id": "d76937a8-9ef8-497a-9248-2a7104e63a90-139976126330688", "trial_id": 0, "param_name": "l2reg", "param_value_internal": 0.0005669849511478851, "distribution": "{\"name\": \"FloatDistribution\", \"attributes\": {\"step\": null, \"low\": 1e-08, \"high\": 0.001, \"log\": true}}"}
{"op_code": 5, "worker_id": "d76937a8-9ef8-497a-9248-2a7104e63a90-139976126330688", "trial_id": 0, "param_name": "random_seed", "param_value_internal": 0, "distribution": "{\"name\": \"CategoricalDistribution\", \"attributes\": {\"choices\": [42]}}"}
{"op_code": 5, "worker_id": "d76937a8-9ef8-497a-9248-2a7104e63a90-139976126330688", "trial_id": 0, "param_name": "degree", "param_value_internal": 0, "distribution": "{\"name\": \"CategoricalDistribution\", \"attributes\": {\"choices\": [0]}}"}
{"op_code": 8, "worker_id": "d76937a8-9ef8-497a-9248-2a7104e63a90-139976126330688", "trial_id": 0, "user_attr": {"best_epoch": 2}}
{"op_code": 8, "worker_id": "d76937a8-9ef8-497a-9248-2a7104e63a90-139976126330688", "trial_id": 0, "user_attr": {"test_loss": 0.4515196546346359}}
{"op_code": 6, "worker_id": "d76937a8-9ef8-497a-9248-2a7104e63a90-139976126330688", "trial_id": 0, "state": 1, "values": [0.4467999178457883], "datetime_complete": "2024-08-30T06:49:23.046294"}
{"op_code": 4, "worker_id": "d76937a8-9ef8-497a-9248-2a7104e63a90-139976126330688", "study_id": 0, "datetime_start": "2024-08-30T06:49:23.055215"}
{"op_code": 5, "worker_id": "d76937a8-9ef8-497a-9248-2a7104e63a90-139976126330688", "trial_id": 1, "param_name": "lr", "param_value_internal": 0.000291063591313307, "distribution": "{\"name\": \"FloatDistribution\", \"attributes\": {\"step\": null, \"low\": 1e-05, \"high\": 0.001, \"log\": true}}"}
{"op_code": 5, "worker_id": "d76937a8-9ef8-497a-9248-2a7104e63a90-139976126330688", "trial_id": 1, "param_name": "l2reg", "param_value_internal": 9.846738873614555e-06, "distribution": "{\"name\": \"FloatDistribution\", \"attributes\": {\"step\": null, \"low\": 1e-08, \"high\": 0.001, \"log\": true}}"}
{"op_code": 5, "worker_id": "d76937a8-9ef8-497a-9248-2a7104e63a90-139976126330688", "trial_id": 1, "param_name": "random_seed", "param_value_internal": 0, "distribution": "{\"name\": \"CategoricalDistribution\", \"attributes\": {\"choices\": [42]}}"}
{"op_code": 5, "worker_id": "d76937a8-9ef8-497a-9248-2a7104e63a90-139976126330688", "trial_id": 1, "param_name": "degree", "param_value_internal": 0, "distribution": "{\"name\": \"CategoricalDistribution\", \"attributes\": {\"choices\": [0]}}"}
{"op_code": 8, "worker_id": "d76937a8-9ef8-497a-9248-2a7104e63a90-139976126330688", "trial_id": 1, "user_attr": {"best_epoch": 0}}
{"op_code": 8, "worker_id": "d76937a8-9ef8-497a-9248-2a7104e63a90-139976126330688", "trial_id": 1, "user_attr": {"test_loss": 0.45226022610125216}}
{"op_code": 6, "worker_id": "d76937a8-9ef8-497a-9248-2a7104e63a90-139976126330688", "trial_id": 1, "state": 1, "values": [0.44757683251230024], "datetime_complete": "2024-08-30T07:07:43.997139"}
{"op_code": 4, "worker_id": "d76937a8-9ef8-497a-9248-2a7104e63a90-139976126330688", "study_id": 0, "datetime_start": "2024-08-30T07:07:44.006080"}
{"op_code": 5, "worker_id": "d76937a8-9ef8-497a-9248-2a7104e63a90-139976126330688", "trial_id": 2, "param_name": "lr", "param_value_internal": 2.0513382630874486e-05, "distribution": "{\"name\": \"FloatDistribution\", \"attributes\": {\"step\": null, \"low\": 1e-05, \"high\": 0.001, \"log\": true}}"}
{"op_code": 5, "worker_id": "d76937a8-9ef8-497a-9248-2a7104e63a90-139976126330688", "trial_id": 2, "param_name": "l2reg", "param_value_internal": 6.02521573620385e-08, "distribution": "{\"name\": \"FloatDistribution\", \"attributes\": {\"step\": null, \"low\": 1e-08, \"high\": 0.001, \"log\": true}}"}
{"op_code": 5, "worker_id": "d76937a8-9ef8-497a-9248-2a7104e63a90-139976126330688", "trial_id": 2, "param_name": "random_seed", "param_value_internal": 0, "distribution": "{\"name\": \"CategoricalDistribution\", \"attributes\": {\"choices\": [42]}}"}
{"op_code": 5, "worker_id": "d76937a8-9ef8-497a-9248-2a7104e63a90-139976126330688", "trial_id": 2, "param_name": "degree", "param_value_internal": 0, "distribution": "{\"name\": \"CategoricalDistribution\", \"attributes\": {\"choices\": [0]}}"}
{"op_code": 8, "worker_id": "d76937a8-9ef8-497a-9248-2a7104e63a90-139976126330688", "trial_id": 2, "user_attr": {"best_epoch": 7}}
{"op_code": 8, "worker_id": "d76937a8-9ef8-497a-9248-2a7104e63a90-139976126330688", "trial_id": 2, "user_attr": {"test_loss": 0.4526753874342824}}
{"op_code": 6, "worker_id": "d76937a8-9ef8-497a-9248-2a7104e63a90-139976126330688", "trial_id": 2, "state": 1, "values": [0.4476189021876231], "datetime_complete": "2024-08-30T07:51:19.570628"}
{"op_code": 4, "worker_id": "d76937a8-9ef8-497a-9248-2a7104e63a90-139976126330688", "study_id": 0, "datetime_start": "2024-08-30T07:51:19.581102"}
{"op_code": 5, "worker_id": "d76937a8-9ef8-497a-9248-2a7104e63a90-139976126330688", "trial_id": 3, "param_name": "lr", "param_value_internal": 1.3066739238053272e-05, "distribution": "{\"name\": \"FloatDistribution\", \"attributes\": {\"step\": null, \"low\": 1e-05, \"high\": 0.001, \"log\": true}}"}
{"op_code": 5, "worker_id": "d76937a8-9ef8-497a-9248-2a7104e63a90-139976126330688", "trial_id": 3, "param_name": "l2reg", "param_value_internal": 0.00021423021757741048, "distribution": "{\"name\": \"FloatDistribution\", \"attributes\": {\"step\": null, \"low\": 1e-08, \"high\": 0.001, \"log\": true}}"}
{"op_code": 5, "worker_id": "d76937a8-9ef8-497a-9248-2a7104e63a90-139976126330688", "trial_id": 3, "param_name": "random_seed", "param_value_internal": 0, "distribution": "{\"name\": \"CategoricalDistribution\", \"attributes\": {\"choices\": [42]}}"}
{"op_code": 5, "worker_id": "d76937a8-9ef8-497a-9248-2a7104e63a90-139976126330688", "trial_id": 3, "param_name": "degree", "param_value_internal": 0, "distribution": "{\"name\": \"CategoricalDistribution\", \"attributes\": {\"choices\": [0]}}"}
{"op_code": 8, "worker_id": "d76937a8-9ef8-497a-9248-2a7104e63a90-139976126330688", "trial_id": 3, "user_attr": {"best_epoch": 9}}
{"op_code": 8, "worker_id": "d76937a8-9ef8-497a-9248-2a7104e63a90-139976126330688", "trial_id": 3, "user_attr": {"test_loss": 0.45352506520800673}}
{"op_code": 6, "worker_id": "d76937a8-9ef8-497a-9248-2a7104e63a90-139976126330688", "trial_id": 3, "state": 1, "values": [0.44867637043303515], "datetime_complete": "2024-08-30T08:34:53.582401"}
{"op_code": 4, "worker_id": "d76937a8-9ef8-497a-9248-2a7104e63a90-139976126330688", "study_id": 0, "datetime_start": "2024-08-30T08:34:53.602806"}
{"op_code": 5, "worker_id": "d76937a8-9ef8-497a-9248-2a7104e63a90-139976126330688", "trial_id": 4, "param_name": "lr", "param_value_internal": 0.00015930522616241006, "distribution": "{\"name\": \"FloatDistribution\", \"attributes\": {\"step\": null, \"low\": 1e-05, \"high\": 0.001, \"log\": true}}"}
{"op_code": 5, "worker_id": "d76937a8-9ef8-497a-9248-2a7104e63a90-139976126330688", "trial_id": 4, "param_name": "l2reg", "param_value_internal": 3.47026698865041e-05, "distribution": "{\"name\": \"FloatDistribution\", \"attributes\": {\"step\": null, \"low\": 1e-08, \"high\": 0.001, \"log\": true}}"}
{"op_code": 5, "worker_id": "d76937a8-9ef8-497a-9248-2a7104e63a90-139976126330688", "trial_id": 4, "param_name": "random_seed", "param_value_internal": 0, "distribution": "{\"name\": \"CategoricalDistribution\", \"attributes\": {\"choices\": [42]}}"}
{"op_code": 5, "worker_id": "d76937a8-9ef8-497a-9248-2a7104e63a90-139976126330688", "trial_id": 4, "param_name": "degree", "param_value_internal": 0, "distribution": "{\"name\": \"CategoricalDistribution\", \"attributes\": {\"choices\": [0]}}"}
{"op_code": 8, "worker_id": "d76937a8-9ef8-497a-9248-2a7104e63a90-139976126330688", "trial_id": 4, "user_attr": {"best_epoch": 0}}
{"op_code": 8, "worker_id": "d76937a8-9ef8-497a-9248-2a7104e63a90-139976126330688", "trial_id": 4, "user_attr": {"test_loss": 0.45246587889215184}}
{"op_code": 6, "worker_id": "d76937a8-9ef8-497a-9248-2a7104e63a90-139976126330688", "trial_id": 4, "state": 1, "values": [0.44778786805239545], "datetime_complete": "2024-08-30T08:53:12.780262"}
{"op_code": 4, "worker_id": "d76937a8-9ef8-497a-9248-2a7104e63a90-139976126330688", "study_id": 0, "datetime_start": "2024-08-30T08:53:12.788832"}
{"op_code": 5, "worker_id": "d76937a8-9ef8-497a-9248-2a7104e63a90-139976126330688", "trial_id": 5, "param_name": "lr", "param_value_internal": 1.0994335574766187e-05, "distribution": "{\"name\": \"FloatDistribution\", \"attributes\": {\"step\": null, \"low\": 1e-05, \"high\": 0.001, \"log\": true}}"}
{"op_code": 5, "worker_id": "d76937a8-9ef8-497a-9248-2a7104e63a90-139976126330688", "trial_id": 5, "param_name": "l2reg", "param_value_internal": 0.0007072114131472234, "distribution": "{\"name\": \"FloatDistribution\", \"attributes\": {\"step\": null, \"low\": 1e-08, \"high\": 0.001, \"log\": true}}"}
{"op_code": 5, "worker_id": "d76937a8-9ef8-497a-9248-2a7104e63a90-139976126330688", "trial_id": 5, "param_name": "random_seed", "param_value_internal": 0, "distribution": "{\"name\": \"CategoricalDistribution\", \"attributes\": {\"choices\": [42]}}"}
{"op_code": 5, "worker_id": "d76937a8-9ef8-497a-9248-2a7104e63a90-139976126330688", "trial_id": 5, "param_name": "degree", "param_value_internal": 0, "distribution": "{\"name\": \"CategoricalDistribution\", \"attributes\": {\"choices\": [0]}}"}
{"op_code": 8, "worker_id": "d76937a8-9ef8-497a-9248-2a7104e63a90-139976126330688", "trial_id": 5, "user_attr": {"best_epoch": 9}}
{"op_code": 8, "worker_id": "d76937a8-9ef8-497a-9248-2a7104e63a90-139976126330688", "trial_id": 5, "user_attr": {"test_loss": 0.4545778761728165}}
{"op_code": 6, "worker_id": "d76937a8-9ef8-497a-9248-2a7104e63a90-139976126330688", "trial_id": 5, "state": 1, "values": [0.44979659960969115], "datetime_complete": "2024-08-30T09:36:48.074270"}
{"op_code": 4, "worker_id": "d76937a8-9ef8-497a-9248-2a7104e63a90-139976126330688", "study_id": 0, "datetime_start": "2024-08-30T09:36:48.085642"}
{"op_code": 5, "worker_id": "d76937a8-9ef8-497a-9248-2a7104e63a90-139976126330688", "trial_id": 6, "param_name": "lr", "param_value_internal": 0.000462258900102083, "distribution": "{\"name\": \"FloatDistribution\", \"attributes\": {\"step\": null, \"low\": 1e-05, \"high\": 0.001, \"log\": true}}"}
{"op_code": 5, "worker_id": "d76937a8-9ef8-497a-9248-2a7104e63a90-139976126330688", "trial_id": 6, "param_name": "l2reg", "param_value_internal": 1.1526449540315595e-07, "distribution": "{\"name\": \"FloatDistribution\", \"attributes\": {\"step\": null, \"low\": 1e-08, \"high\": 0.001, \"log\": true}}"}
{"op_code": 5, "worker_id": "d76937a8-9ef8-497a-9248-2a7104e63a90-139976126330688", "trial_id": 6, "param_name": "random_seed", "param_value_internal": 0, "distribution": "{\"name\": \"CategoricalDistribution\", \"attributes\": {\"choices\": [42]}}"}
{"op_code": 5, "worker_id": "d76937a8-9ef8-497a-9248-2a7104e63a90-139976126330688", "trial_id": 6, "param_name": "degree", "param_value_internal": 0, "distribution": "{\"name\": \"CategoricalDistribution\", \"attributes\": {\"choices\": [0]}}"}
{"op_code": 8, "worker_id": "d76937a8-9ef8-497a-9248-2a7104e63a90-139976126330688", "trial_id": 6, "user_attr": {"best_epoch": 0}}
{"op_code": 8, "worker_id": "d76937a8-9ef8-497a-9248-2a7104e63a90-139976126330688", "trial_id": 6, "user_attr": {"test_loss": 0.45229030859600416}}
{"op_code": 6, "worker_id": "d76937a8-9ef8-497a-9248-2a7104e63a90-139976126330688", "trial_id": 6, "state": 1, "values": [0.4476160008307043], "datetime_complete": "2024-08-30T09:55:06.847562"}
{"op_code": 4, "worker_id": "d76937a8-9ef8-497a-9248-2a7104e63a90-139976126330688", "study_id": 0, "datetime_start": "2024-08-30T09:55:06.858691"}
{"op_code": 5, "worker_id": "d76937a8-9ef8-497a-9248-2a7104e63a90-139976126330688", "trial_id": 7, "param_name": "lr", "param_value_internal": 2.3102018878452926e-05, "distribution": "{\"name\": \"FloatDistribution\", \"attributes\": {\"step\": null, \"low\": 1e-05, \"high\": 0.001, \"log\": true}}"}
{"op_code": 5, "worker_id": "d76937a8-9ef8-497a-9248-2a7104e63a90-139976126330688", "trial_id": 7, "param_name": "l2reg", "param_value_internal": 8.260808399079588e-08, "distribution": "{\"name\": \"FloatDistribution\", \"attributes\": {\"step\": null, \"low\": 1e-08, \"high\": 0.001, \"log\": true}}"}
{"op_code": 5, "worker_id": "d76937a8-9ef8-497a-9248-2a7104e63a90-139976126330688", "trial_id": 7, "param_name": "random_seed", "param_value_internal": 0, "distribution": "{\"name\": \"CategoricalDistribution\", \"attributes\": {\"choices\": [42]}}"}
{"op_code": 5, "worker_id": "d76937a8-9ef8-497a-9248-2a7104e63a90-139976126330688", "trial_id": 7, "param_name": "degree", "param_value_internal": 0, "distribution": "{\"name\": \"CategoricalDistribution\", \"attributes\": {\"choices\": [0]}}"}
{"op_code": 8, "worker_id": "d76937a8-9ef8-497a-9248-2a7104e63a90-139976126330688", "trial_id": 7, "user_attr": {"best_epoch": 6}}
{"op_code": 8, "worker_id": "d76937a8-9ef8-497a-9248-2a7104e63a90-139976126330688", "trial_id": 7, "user_attr": {"test_loss": 0.4526445796001899}}
{"op_code": 6, "worker_id": "d76937a8-9ef8-497a-9248-2a7104e63a90-139976126330688", "trial_id": 7, "state": 1, "values": [0.44760588425723735], "datetime_complete": "2024-08-30T10:38:57.202748"}
{"op_code": 4, "worker_id": "d76937a8-9ef8-497a-9248-2a7104e63a90-139976126330688", "study_id": 0, "datetime_start": "2024-08-30T10:38:57.211791"}
{"op_code": 5, "worker_id": "d76937a8-9ef8-497a-9248-2a7104e63a90-139976126330688", "trial_id": 8, "param_name": "lr", "param_value_internal": 4.059611610484306e-05, "distribution": "{\"name\": \"FloatDistribution\", \"attributes\": {\"step\": null, \"low\": 1e-05, \"high\": 0.001, \"log\": true}}"}
{"op_code": 5, "worker_id": "d76937a8-9ef8-497a-9248-2a7104e63a90-139976126330688", "trial_id": 8, "param_name": "l2reg", "param_value_internal": 4.2051564509138674e-06, "distribution": "{\"name\": \"FloatDistribution\", \"attributes\": {\"step\": null, \"low\": 1e-08, \"high\": 0.001, \"log\": true}}"}
{"op_code": 5, "worker_id": "d76937a8-9ef8-497a-9248-2a7104e63a90-139976126330688", "trial_id": 8, "param_name": "random_seed", "param_value_internal": 0, "distribution": "{\"name\": \"CategoricalDistribution\", \"attributes\": {\"choices\": [42]}}"}
{"op_code": 5, "worker_id": "d76937a8-9ef8-497a-9248-2a7104e63a90-139976126330688", "trial_id": 8, "param_name": "degree", "param_value_internal": 0, "distribution": "{\"name\": \"CategoricalDistribution\", \"attributes\": {\"choices\": [0]}}"}
{"op_code": 8, "worker_id": "d76937a8-9ef8-497a-9248-2a7104e63a90-139976126330688", "trial_id": 8, "user_attr": {"best_epoch": 3}}
{"op_code": 8, "worker_id": "d76937a8-9ef8-497a-9248-2a7104e63a90-139976126330688", "trial_id": 8, "user_attr": {"test_loss": 0.45208778621699497}}
{"op_code": 6, "worker_id": "d76937a8-9ef8-497a-9248-2a7104e63a90-139976126330688", "trial_id": 8, "state": 1, "values": [0.4473138397779088], "datetime_complete": "2024-08-30T11:11:24.143693"}
{"op_code": 4, "worker_id": "d76937a8-9ef8-497a-9248-2a7104e63a90-139976126330688", "study_id": 0, "datetime_start": "2024-08-30T11:11:24.152315"}
{"op_code": 5, "worker_id": "d76937a8-9ef8-497a-9248-2a7104e63a90-139976126330688", "trial_id": 9, "param_name": "lr", "param_value_internal": 7.309539835912905e-05, "distribution": "{\"name\": \"FloatDistribution\", \"attributes\": {\"step\": null, \"low\": 1e-05, \"high\": 0.001, \"log\": true}}"}
{"op_code": 5, "worker_id": "d76937a8-9ef8-497a-9248-2a7104e63a90-139976126330688", "trial_id": 9, "param_name": "l2reg", "param_value_internal": 2.8585493941961875e-07, "distribution": "{\"name\": \"FloatDistribution\", \"attributes\": {\"step\": null, \"low\": 1e-08, \"high\": 0.001, \"log\": true}}"}
{"op_code": 5, "worker_id": "d76937a8-9ef8-497a-9248-2a7104e63a90-139976126330688", "trial_id": 9, "param_name": "random_seed", "param_value_internal": 0, "distribution": "{\"name\": \"CategoricalDistribution\", \"attributes\": {\"choices\": [42]}}"}
{"op_code": 5, "worker_id": "d76937a8-9ef8-497a-9248-2a7104e63a90-139976126330688", "trial_id": 9, "param_name": "degree", "param_value_internal": 0, "distribution": "{\"name\": \"CategoricalDistribution\", \"attributes\": {\"choices\": [0]}}"}
{"op_code": 8, "worker_id": "d76937a8-9ef8-497a-9248-2a7104e63a90-139976126330688", "trial_id": 9, "user_attr": {"best_epoch": 1}}
{"op_code": 8, "worker_id": "d76937a8-9ef8-497a-9248-2a7104e63a90-139976126330688", "trial_id": 9, "user_attr": {"test_loss": 0.45153660466974993}}
{"op_code": 6, "worker_id": "d76937a8-9ef8-497a-9248-2a7104e63a90-139976126330688", "trial_id": 9, "state": 1, "values": [0.4468579449841647], "datetime_complete": "2024-08-30T11:33:54.832374"}
{"op_code": 4, "worker_id": "d76937a8-9ef8-497a-9248-2a7104e63a90-139976126330688", "study_id": 0, "datetime_start": "2024-08-30T11:33:54.841261"}
{"op_code": 5, "worker_id": "d76937a8-9ef8-497a-9248-2a7104e63a90-139976126330688", "trial_id": 10, "param_name": "lr", "param_value_internal": 0.000776735381623706, "distribution": "{\"name\": \"FloatDistribution\", \"attributes\": {\"step\": null, \"low\": 1e-05, \"high\": 0.001, \"log\": true}}"}
{"op_code": 5, "worker_id": "d76937a8-9ef8-497a-9248-2a7104e63a90-139976126330688", "trial_id": 10, "param_name": "l2reg", "param_value_internal": 7.193458129269525e-05, "distribution": "{\"name\": \"FloatDistribution\", \"attributes\": {\"step\": null, \"low\": 1e-08, \"high\": 0.001, \"log\": true}}"}
{"op_code": 5, "worker_id": "d76937a8-9ef8-497a-9248-2a7104e63a90-139976126330688", "trial_id": 10, "param_name": "random_seed", "param_value_internal": 0, "distribution": "{\"name\": \"CategoricalDistribution\", \"attributes\": {\"choices\": [42]}}"}
{"op_code": 5, "worker_id": "d76937a8-9ef8-497a-9248-2a7104e63a90-139976126330688", "trial_id": 10, "param_name": "degree", "param_value_internal": 0, "distribution": "{\"name\": \"CategoricalDistribution\", \"attributes\": {\"choices\": [0]}}"}
{"op_code": 8, "worker_id": "d76937a8-9ef8-497a-9248-2a7104e63a90-139976126330688", "trial_id": 10, "user_attr": {"best_epoch": 0}}
{"op_code": 8, "worker_id": "d76937a8-9ef8-497a-9248-2a7104e63a90-139976126330688", "trial_id": 10, "user_attr": {"test_loss": 0.45271115811649376}}
{"op_code": 6, "worker_id": "d76937a8-9ef8-497a-9248-2a7104e63a90-139976126330688", "trial_id": 10, "state": 1, "values": [0.44802039653913933], "datetime_complete": "2024-08-30T11:52:12.434253"}
{"op_code": 4, "worker_id": "d76937a8-9ef8-497a-9248-2a7104e63a90-139976126330688", "study_id": 0, "datetime_start": "2024-08-30T11:52:12.442876"}
{"op_code": 5, "worker_id": "d76937a8-9ef8-497a-9248-2a7104e63a90-139976126330688", "trial_id": 11, "param_name": "lr", "param_value_internal": 6.306581983588723e-05, "distribution": "{\"name\": \"FloatDistribution\", \"attributes\": {\"step\": null, \"low\": 1e-05, \"high\": 0.001, \"log\": true}}"}
{"op_code": 5, "worker_id": "d76937a8-9ef8-497a-9248-2a7104e63a90-139976126330688", "trial_id": 11, "param_name": "l2reg", "param_value_internal": 6.301651774921119e-07, "distribution": "{\"name\": \"FloatDistribution\", \"attributes\": {\"step\": null, \"low\": 1e-08, \"high\": 0.001, \"log\": true}}"}
{"op_code": 5, "worker_id": "d76937a8-9ef8-497a-9248-2a7104e63a90-139976126330688", "trial_id": 11, "param_name": "random_seed", "param_value_internal": 0, "distribution": "{\"name\": \"CategoricalDistribution\", \"attributes\": {\"choices\": [42]}}"}
{"op_code": 5, "worker_id": "d76937a8-9ef8-497a-9248-2a7104e63a90-139976126330688", "trial_id": 11, "param_name": "degree", "param_value_internal": 0, "distribution": "{\"name\": \"CategoricalDistribution\", \"attributes\": {\"choices\": [0]}}"}
{"op_code": 8, "worker_id": "d76937a8-9ef8-497a-9248-2a7104e63a90-139976126330688", "trial_id": 11, "user_attr": {"best_epoch": 2}}
{"op_code": 8, "worker_id": "d76937a8-9ef8-497a-9248-2a7104e63a90-139976126330688", "trial_id": 11, "user_attr": {"test_loss": 0.4515096525868884}}
{"op_code": 6, "worker_id": "d76937a8-9ef8-497a-9248-2a7104e63a90-139976126330688", "trial_id": 11, "state": 1, "values": [0.44672814743779643], "datetime_complete": "2024-08-30T12:18:54.535837"}
{"op_code": 4, "worker_id": "d76937a8-9ef8-497a-9248-2a7104e63a90-139976126330688", "study_id": 0, "datetime_start": "2024-08-30T12:18:54.544502"}
{"op_code": 5, "worker_id": "d76937a8-9ef8-497a-9248-2a7104e63a90-139976126330688", "trial_id": 12, "param_name": "lr", "param_value_internal": 7.550297228624745e-05, "distribution": "{\"name\": \"FloatDistribution\", \"attributes\": {\"step\": null, \"low\": 1e-05, \"high\": 0.001, \"log\": true}}"}
{"op_code": 5, "worker_id": "d76937a8-9ef8-497a-9248-2a7104e63a90-139976126330688", "trial_id": 12, "param_name": "l2reg", "param_value_internal": 8.189993677710352e-07, "distribution": "{\"name\": \"FloatDistribution\", \"attributes\": {\"step\": null, \"low\": 1e-08, \"high\": 0.001, \"log\": true}}"}
{"op_code": 5, "worker_id": "d76937a8-9ef8-497a-9248-2a7104e63a90-139976126330688", "trial_id": 12, "param_name": "random_seed", "param_value_internal": 0, "distribution": "{\"name\": \"CategoricalDistribution\", \"attributes\": {\"choices\": [42]}}"}
{"op_code": 5, "worker_id": "d76937a8-9ef8-497a-9248-2a7104e63a90-139976126330688", "trial_id": 12, "param_name": "degree", "param_value_internal": 0, "distribution": "{\"name\": \"CategoricalDistribution\", \"attributes\": {\"choices\": [0]}}"}
{"op_code": 8, "worker_id": "d76937a8-9ef8-497a-9248-2a7104e63a90-139976126330688", "trial_id": 12, "user_attr": {"best_epoch": 1}}
{"op_code": 8, "worker_id": "d76937a8-9ef8-497a-9248-2a7104e63a90-139976126330688", "trial_id": 12, "user_attr": {"test_loss": 0.4514255132233943}}
{"op_code": 6, "worker_id": "d76937a8-9ef8-497a-9248-2a7104e63a90-139976126330688", "trial_id": 12, "state": 1, "values": [0.44674337956162025], "datetime_complete": "2024-08-30T12:41:24.051627"}
{"op_code": 4, "worker_id": "d76937a8-9ef8-497a-9248-2a7104e63a90-139976126330688", "study_id": 0, "datetime_start": "2024-08-30T12:41:24.060527"}
{"op_code": 5, "worker_id": "d76937a8-9ef8-497a-9248-2a7104e63a90-139976126330688", "trial_id": 13, "param_name": "lr", "param_value_internal": 0.00014484581444234804, "distribution": "{\"name\": \"FloatDistribution\", \"attributes\": {\"step\": null, \"low\": 1e-05, \"high\": 0.001, \"log\": true}}"}
{"op_code": 5, "worker_id": "d76937a8-9ef8-497a-9248-2a7104e63a90-139976126330688", "trial_id": 13, "param_name": "l2reg", "param_value_internal": 7.578419856538247e-07, "distribution": "{\"name\": \"FloatDistribution\", \"attributes\": {\"step\": null, \"low\": 1e-08, \"high\": 0.001, \"log\": true}}"}
{"op_code": 5, "worker_id": "d76937a8-9ef8-497a-9248-2a7104e63a90-139976126330688", "trial_id": 13, "param_name": "random_seed", "param_value_internal": 0, "distribution": "{\"name\": \"CategoricalDistribution\", \"attributes\": {\"choices\": [42]}}"}
{"op_code": 5, "worker_id": "d76937a8-9ef8-497a-9248-2a7104e63a90-139976126330688", "trial_id": 13, "param_name": "degree", "param_value_internal": 0, "distribution": "{\"name\": \"CategoricalDistribution\", \"attributes\": {\"choices\": [0]}}"}
{"op_code": 8, "worker_id": "d76937a8-9ef8-497a-9248-2a7104e63a90-139976126330688", "trial_id": 13, "user_attr": {"best_epoch": 1}}
{"op_code": 8, "worker_id": "d76937a8-9ef8-497a-9248-2a7104e63a90-139976126330688", "trial_id": 13, "user_attr": {"test_loss": 0.45200452489586035}}
{"op_code": 6, "worker_id": "d76937a8-9ef8-497a-9248-2a7104e63a90-139976126330688", "trial_id": 13, "state": 1, "values": [0.4473194897887507], "datetime_complete": "2024-08-30T13:03:54.291649"}
{"op_code": 4, "worker_id": "d76937a8-9ef8-497a-9248-2a7104e63a90-139976126330688", "study_id": 0, "datetime_start": "2024-08-30T13:03:54.301979"}
{"op_code": 5, "worker_id": "d76937a8-9ef8-497a-9248-2a7104e63a90-139976126330688", "trial_id": 14, "param_name": "lr", "param_value_internal": 0.00012448484478535553, "distribution": "{\"name\": \"FloatDistribution\", \"attributes\": {\"step\": null, \"low\": 1e-05, \"high\": 0.001, \"log\": true}}"}
{"op_code": 5, "worker_id": "d76937a8-9ef8-497a-9248-2a7104e63a90-139976126330688", "trial_id": 14, "param_name": "l2reg", "param_value_internal": 1.163814228102759e-08, "distribution": "{\"name\": \"FloatDistribution\", \"attributes\": {\"step\": null, \"low\": 1e-08, \"high\": 0.001, \"log\": true}}"}
{"op_code": 5, "worker_id": "d76937a8-9ef8-497a-9248-2a7104e63a90-139976126330688", "trial_id": 14, "param_name": "random_seed", "param_value_internal": 0, "distribution": "{\"name\": \"CategoricalDistribution\", \"attributes\": {\"choices\": [42]}}"}
{"op_code": 5, "worker_id": "d76937a8-9ef8-497a-9248-2a7104e63a90-139976126330688", "trial_id": 14, "param_name": "degree", "param_value_internal": 0, "distribution": "{\"name\": \"CategoricalDistribution\", \"attributes\": {\"choices\": [0]}}"}
{"op_code": 8, "worker_id": "d76937a8-9ef8-497a-9248-2a7104e63a90-139976126330688", "trial_id": 14, "user_attr": {"best_epoch": 1}}
{"op_code": 8, "worker_id": "d76937a8-9ef8-497a-9248-2a7104e63a90-139976126330688", "trial_id": 14, "user_attr": {"test_loss": 0.4513915749774114}}
{"op_code": 6, "worker_id": "d76937a8-9ef8-497a-9248-2a7104e63a90-139976126330688", "trial_id": 14, "state": 1, "values": [0.4467137170047002], "datetime_complete": "2024-08-30T13:26:24.578503"}
{"op_code": 4, "worker_id": "d76937a8-9ef8-497a-9248-2a7104e63a90-139976126330688", "study_id": 0, "datetime_start": "2024-08-30T13:26:24.587199"}
{"op_code": 5, "worker_id": "d76937a8-9ef8-497a-9248-2a7104e63a90-139976126330688", "trial_id": 15, "param_name": "lr", "param_value_internal": 0.00015660780722757687, "distribution": "{\"name\": \"FloatDistribution\", \"attributes\": {\"step\": null, \"low\": 1e-05, \"high\": 0.001, \"log\": true}}"}
{"op_code": 5, "worker_id": "d76937a8-9ef8-497a-9248-2a7104e63a90-139976126330688", "trial_id": 15, "param_name": "l2reg", "param_value_internal": 1.1592347858568506e-08, "distribution": "{\"name\": \"FloatDistribution\", \"attributes\": {\"step\": null, \"low\": 1e-08, \"high\": 0.001, \"log\": true}}"}
{"op_code": 5, "worker_id": "d76937a8-9ef8-497a-9248-2a7104e63a90-139976126330688", "trial_id": 15, "param_name": "random_seed", "param_value_internal": 0, "distribution": "{\"name\": \"CategoricalDistribution\", \"attributes\": {\"choices\": [42]}}"}
{"op_code": 5, "worker_id": "d76937a8-9ef8-497a-9248-2a7104e63a90-139976126330688", "trial_id": 15, "param_name": "degree", "param_value_internal": 0, "distribution": "{\"name\": \"CategoricalDistribution\", \"attributes\": {\"choices\": [0]}}"}
{"op_code": 8, "worker_id": "d76937a8-9ef8-497a-9248-2a7104e63a90-139976126330688", "trial_id": 15, "user_attr": {"best_epoch": 1}}
{"op_code": 8, "worker_id": "d76937a8-9ef8-497a-9248-2a7104e63a90-139976126330688", "trial_id": 15, "user_attr": {"test_loss": 0.45240918789633117}}
{"op_code": 6, "worker_id": "d76937a8-9ef8-497a-9248-2a7104e63a90-139976126330688", "trial_id": 15, "state": 1, "values": [0.44771605946865467], "datetime_complete": "2024-08-30T13:48:54.729859"}
{"op_code": 4, "worker_id": "d76937a8-9ef8-497a-9248-2a7104e63a90-139976126330688", "study_id": 0, "datetime_start": "2024-08-30T13:48:54.738626"}
{"op_code": 5, "worker_id": "d76937a8-9ef8-497a-9248-2a7104e63a90-139976126330688", "trial_id": 16, "param_name": "lr", "param_value_internal": 3.7299981541424056e-05, "distribution": "{\"name\": \"FloatDistribution\", \"attributes\": {\"step\": null, \"low\": 1e-05, \"high\": 0.001, \"log\": true}}"}
{"op_code": 5, "worker_id": "d76937a8-9ef8-497a-9248-2a7104e63a90-139976126330688", "trial_id": 16, "param_name": "l2reg", "param_value_internal": 1.5626950300936422e-08, "distribution": "{\"name\": \"FloatDistribution\", \"attributes\": {\"step\": null, \"low\": 1e-08, \"high\": 0.001, \"log\": true}}"}
{"op_code": 5, "worker_id": "d76937a8-9ef8-497a-9248-2a7104e63a90-139976126330688", "trial_id": 16, "param_name": "random_seed", "param_value_internal": 0, "distribution": "{\"name\": \"CategoricalDistribution\", \"attributes\": {\"choices\": [42]}}"}
{"op_code": 5, "worker_id": "d76937a8-9ef8-497a-9248-2a7104e63a90-139976126330688", "trial_id": 16, "param_name": "degree", "param_value_internal": 0, "distribution": "{\"name\": \"CategoricalDistribution\", \"attributes\": {\"choices\": [0]}}"}
{"op_code": 8, "worker_id": "d76937a8-9ef8-497a-9248-2a7104e63a90-139976126330688", "trial_id": 16, "user_attr": {"best_epoch": 4}}
{"op_code": 8, "worker_id": "d76937a8-9ef8-497a-9248-2a7104e63a90-139976126330688", "trial_id": 16, "user_attr": {"test_loss": 0.45232134548462516}}
{"op_code": 6, "worker_id": "d76937a8-9ef8-497a-9248-2a7104e63a90-139976126330688", "trial_id": 16, "state": 1, "values": [0.44746547385266605], "datetime_complete": "2024-08-30T14:24:01.601690"}
{"op_code": 4, "worker_id": "d76937a8-9ef8-497a-9248-2a7104e63a90-139976126330688", "study_id": 0, "datetime_start": "2024-08-30T14:24:01.645647"}
{"op_code": 5, "worker_id": "d76937a8-9ef8-497a-9248-2a7104e63a90-139976126330688", "trial_id": 17, "param_name": "lr", "param_value_internal": 0.00025825133162978866, "distribution": "{\"name\": \"FloatDistribution\", \"attributes\": {\"step\": null, \"low\": 1e-05, \"high\": 0.001, \"log\": true}}"}
{"op_code": 5, "worker_id": "d76937a8-9ef8-497a-9248-2a7104e63a90-139976126330688", "trial_id": 17, "param_name": "l2reg", "param_value_internal": 9.7658581194547e-07, "distribution": "{\"name\": \"FloatDistribution\", \"attributes\": {\"step\": null, \"low\": 1e-08, \"high\": 0.001, \"log\": true}}"}
{"op_code": 5, "worker_id": "d76937a8-9ef8-497a-9248-2a7104e63a90-139976126330688", "trial_id": 17, "param_name": "random_seed", "param_value_internal": 0, "distribution": "{\"name\": \"CategoricalDistribution\", \"attributes\": {\"choices\": [42]}}"}
{"op_code": 5, "worker_id": "d76937a8-9ef8-497a-9248-2a7104e63a90-139976126330688", "trial_id": 17, "param_name": "degree", "param_value_internal": 0, "distribution": "{\"name\": \"CategoricalDistribution\", \"attributes\": {\"choices\": [0]}}"}
{"op_code": 8, "worker_id": "d76937a8-9ef8-497a-9248-2a7104e63a90-139976126330688", "trial_id": 17, "user_attr": {"best_epoch": 0}}
{"op_code": 8, "worker_id": "d76937a8-9ef8-497a-9248-2a7104e63a90-139976126330688", "trial_id": 17, "user_attr": {"test_loss": 0.4522111702563838}}
{"op_code": 6, "worker_id": "d76937a8-9ef8-497a-9248-2a7104e63a90-139976126330688", "trial_id": 17, "state": 1, "values": [0.44752926552913114], "datetime_complete": "2024-08-30T14:42:19.569033"}
{"op_code": 4, "worker_id": "d76937a8-9ef8-497a-9248-2a7104e63a90-139976126330688", "study_id": 0, "datetime_start": "2024-08-30T14:42:19.579176"}
{"op_code": 5, "worker_id": "d76937a8-9ef8-497a-9248-2a7104e63a90-139976126330688", "trial_id": 18, "param_name": "lr", "param_value_internal": 0.00012232504959006234, "distribution": "{\"name\": \"FloatDistribution\", \"attributes\": {\"step\": null, \"low\": 1e-05, \"high\": 0.001, \"log\": true}}"}
{"op_code": 5, "worker_id": "d76937a8-9ef8-497a-9248-2a7104e63a90-139976126330688", "trial_id": 18, "param_name": "l2reg", "param_value_internal": 2.6770767126051212e-08, "distribution": "{\"name\": \"FloatDistribution\", \"attributes\": {\"step\": null, \"low\": 1e-08, \"high\": 0.001, \"log\": true}}"}
{"op_code": 5, "worker_id": "d76937a8-9ef8-497a-9248-2a7104e63a90-139976126330688", "trial_id": 18, "param_name": "random_seed", "param_value_internal": 0, "distribution": "{\"name\": \"CategoricalDistribution\", \"attributes\": {\"choices\": [42]}}"}
{"op_code": 5, "worker_id": "d76937a8-9ef8-497a-9248-2a7104e63a90-139976126330688", "trial_id": 18, "param_name": "degree", "param_value_internal": 0, "distribution": "{\"name\": \"CategoricalDistribution\", \"attributes\": {\"choices\": [0]}}"}
{"op_code": 8, "worker_id": "d76937a8-9ef8-497a-9248-2a7104e63a90-139976126330688", "trial_id": 18, "user_attr": {"best_epoch": 1}}
{"op_code": 8, "worker_id": "d76937a8-9ef8-497a-9248-2a7104e63a90-139976126330688", "trial_id": 18, "user_attr": {"test_loss": 0.4513368309450836}}
{"op_code": 6, "worker_id": "d76937a8-9ef8-497a-9248-2a7104e63a90-139976126330688", "trial_id": 18, "state": 1, "values": [0.4466585530474937], "datetime_complete": "2024-08-30T15:04:49.557311"}
{"op_code": 4, "worker_id": "d76937a8-9ef8-497a-9248-2a7104e63a90-139976126330688", "study_id": 0, "datetime_start": "2024-08-30T15:04:49.566053"}
{"op_code": 5, "worker_id": "d76937a8-9ef8-497a-9248-2a7104e63a90-139976126330688", "trial_id": 19, "param_name": "lr", "param_value_internal": 0.00031665450865494464, "distribution": "{\"name\": \"FloatDistribution\", \"attributes\": {\"step\": null, \"low\": 1e-05, \"high\": 0.001, \"log\": true}}"}
{"op_code": 5, "worker_id": "d76937a8-9ef8-497a-9248-2a7104e63a90-139976126330688", "trial_id": 19, "param_name": "l2reg", "param_value_internal": 2.841284494660843e-08, "distribution": "{\"name\": \"FloatDistribution\", \"attributes\": {\"step\": null, \"low\": 1e-08, \"high\": 0.001, \"log\": true}}"}
{"op_code": 5, "worker_id": "d76937a8-9ef8-497a-9248-2a7104e63a90-139976126330688", "trial_id": 19, "param_name": "random_seed", "param_value_internal": 0, "distribution": "{\"name\": \"CategoricalDistribution\", \"attributes\": {\"choices\": [42]}}"}
{"op_code": 5, "worker_id": "d76937a8-9ef8-497a-9248-2a7104e63a90-139976126330688", "trial_id": 19, "param_name": "degree", "param_value_internal": 0, "distribution": "{\"name\": \"CategoricalDistribution\", \"attributes\": {\"choices\": [0]}}"}
{"op_code": 8, "worker_id": "d76937a8-9ef8-497a-9248-2a7104e63a90-139976126330688", "trial_id": 19, "user_attr": {"best_epoch": 0}}
{"op_code": 8, "worker_id": "d76937a8-9ef8-497a-9248-2a7104e63a90-139976126330688", "trial_id": 19, "user_attr": {"test_loss": 0.4522868727780756}}
{"op_code": 6, "worker_id": "d76937a8-9ef8-497a-9248-2a7104e63a90-139976126330688", "trial_id": 19, "state": 1, "values": [0.44760519709375657], "datetime_complete": "2024-08-30T15:23:05.703484"}
{"op_code": 4, "worker_id": "d76937a8-9ef8-497a-9248-2a7104e63a90-139976126330688", "study_id": 0, "datetime_start": "2024-08-30T15:23:05.712122"}
{"op_code": 5, "worker_id": "d76937a8-9ef8-497a-9248-2a7104e63a90-139976126330688", "trial_id": 20, "param_name": "lr", "param_value_internal": 0.00011752007554700049, "distribution": "{\"name\": \"FloatDistribution\", \"attributes\": {\"step\": null, \"low\": 1e-05, \"high\": 0.001, \"log\": true}}"}
{"op_code": 5, "worker_id": "d76937a8-9ef8-497a-9248-2a7104e63a90-139976126330688", "trial_id": 20, "param_name": "l2reg", "param_value_internal": 1.5997042090749573e-07, "distribution": "{\"name\": \"FloatDistribution\", \"attributes\": {\"step\": null, \"low\": 1e-08, \"high\": 0.001, \"log\": true}}"}
{"op_code": 5, "worker_id": "d76937a8-9ef8-497a-9248-2a7104e63a90-139976126330688", "trial_id": 20, "param_name": "random_seed", "param_value_internal": 0, "distribution": "{\"name\": \"CategoricalDistribution\", \"attributes\": {\"choices\": [42]}}"}
{"op_code": 5, "worker_id": "d76937a8-9ef8-497a-9248-2a7104e63a90-139976126330688", "trial_id": 20, "param_name": "degree", "param_value_internal": 0, "distribution": "{\"name\": \"CategoricalDistribution\", \"attributes\": {\"choices\": [0]}}"}
{"op_code": 8, "worker_id": "d76937a8-9ef8-497a-9248-2a7104e63a90-139976126330688", "trial_id": 20, "user_attr": {"best_epoch": 1}}
{"op_code": 8, "worker_id": "d76937a8-9ef8-497a-9248-2a7104e63a90-139976126330688", "trial_id": 20, "user_attr": {"test_loss": 0.451225243213916}}
{"op_code": 6, "worker_id": "d76937a8-9ef8-497a-9248-2a7104e63a90-139976126330688", "trial_id": 20, "state": 1, "values": [0.44654654540012767], "datetime_complete": "2024-08-30T15:45:37.508998"}
{"op_code": 4, "worker_id": "d76937a8-9ef8-497a-9248-2a7104e63a90-139976126330688", "study_id": 0, "datetime_start": "2024-08-30T15:45:37.519456"}
{"op_code": 5, "worker_id": "d76937a8-9ef8-497a-9248-2a7104e63a90-139976126330688", "trial_id": 21, "param_name": "lr", "param_value_internal": 0.00012475174437440102, "distribution": "{\"name\": \"FloatDistribution\", \"attributes\": {\"step\": null, \"low\": 1e-05, \"high\": 0.001, \"log\": true}}"}
{"op_code": 5, "worker_id": "d76937a8-9ef8-497a-9248-2a7104e63a90-139976126330688", "trial_id": 21, "param_name": "l2reg", "param_value_internal": 1.6567473692020564e-07, "distribution": "{\"name\": \"FloatDistribution\", \"attributes\": {\"step\": null, \"low\": 1e-08, \"high\": 0.001, \"log\": true}}"}
{"op_code": 5, "worker_id": "d76937a8-9ef8-497a-9248-2a7104e63a90-139976126330688", "trial_id": 21, "param_name": "random_seed", "param_value_internal": 0, "distribution": "{\"name\": \"CategoricalDistribution\", \"attributes\": {\"choices\": [42]}}"}
{"op_code": 5, "worker_id": "d76937a8-9ef8-497a-9248-2a7104e63a90-139976126330688", "trial_id": 21, "param_name": "degree", "param_value_internal": 0, "distribution": "{\"name\": \"CategoricalDistribution\", \"attributes\": {\"choices\": [0]}}"}
{"op_code": 8, "worker_id": "d76937a8-9ef8-497a-9248-2a7104e63a90-139976126330688", "trial_id": 21, "user_attr": {"best_epoch": 1}}
{"op_code": 8, "worker_id": "d76937a8-9ef8-497a-9248-2a7104e63a90-139976126330688", "trial_id": 21, "user_attr": {"test_loss": 0.45139844661326844}}
{"op_code": 6, "worker_id": "d76937a8-9ef8-497a-9248-2a7104e63a90-139976126330688", "trial_id": 21, "state": 1, "values": [0.4467200541790229], "datetime_complete": "2024-08-30T16:08:06.269991"}
{"op_code": 4, "worker_id": "d76937a8-9ef8-497a-9248-2a7104e63a90-139976126330688", "study_id": 0, "datetime_start": "2024-08-30T16:08:06.278982"}
{"op_code": 5, "worker_id": "d76937a8-9ef8-497a-9248-2a7104e63a90-139976126330688", "trial_id": 22, "param_name": "lr", "param_value_internal": 0.00021440357668128766, "distribution": "{\"name\": \"FloatDistribution\", \"attributes\": {\"step\": null, \"low\": 1e-05, \"high\": 0.001, \"log\": true}}"}
{"op_code": 5, "worker_id": "d76937a8-9ef8-497a-9248-2a7104e63a90-139976126330688", "trial_id": 22, "param_name": "l2reg", "param_value_internal": 3.482714344080616e-08, "distribution": "{\"name\": \"FloatDistribution\", \"attributes\": {\"step\": null, \"low\": 1e-08, \"high\": 0.001, \"log\": true}}"}
{"op_code": 5, "worker_id": "d76937a8-9ef8-497a-9248-2a7104e63a90-139976126330688", "trial_id": 22, "param_name": "random_seed", "param_value_internal": 0, "distribution": "{\"name\": \"CategoricalDistribution\", \"attributes\": {\"choices\": [42]}}"}
{"op_code": 5, "worker_id": "d76937a8-9ef8-497a-9248-2a7104e63a90-139976126330688", "trial_id": 22, "param_name": "degree", "param_value_internal": 0, "distribution": "{\"name\": \"CategoricalDistribution\", \"attributes\": {\"choices\": [0]}}"}
{"op_code": 8, "worker_id": "d76937a8-9ef8-497a-9248-2a7104e63a90-139976126330688", "trial_id": 22, "user_attr": {"best_epoch": 0}}
{"op_code": 8, "worker_id": "d76937a8-9ef8-497a-9248-2a7104e63a90-139976126330688", "trial_id": 22, "user_attr": {"test_loss": 0.4521732617319057}}
{"op_code": 6, "worker_id": "d76937a8-9ef8-497a-9248-2a7104e63a90-139976126330688", "trial_id": 22, "state": 1, "values": [0.4474969688455348], "datetime_complete": "2024-08-30T16:26:23.244599"}
{"op_code": 4, "worker_id": "d76937a8-9ef8-497a-9248-2a7104e63a90-139976126330688", "study_id": 0, "datetime_start": "2024-08-30T16:26:23.253187"}
{"op_code": 5, "worker_id": "d76937a8-9ef8-497a-9248-2a7104e63a90-139976126330688", "trial_id": 23, "param_name": "lr", "param_value_internal": 9.558620975655966e-05, "distribution": "{\"name\": \"FloatDistribution\", \"attributes\": {\"step\": null, \"low\": 1e-05, \"high\": 0.001, \"log\": true}}"}
{"op_code": 5, "worker_id": "d76937a8-9ef8-497a-9248-2a7104e63a90-139976126330688", "trial_id": 23, "param_name": "l2reg", "param_value_internal": 1.320705953378609e-08, "distribution": "{\"name\": \"FloatDistribution\", \"attributes\": {\"step\": null, \"low\": 1e-08, \"high\": 0.001, \"log\": true}}"}
{"op_code": 5, "worker_id": "d76937a8-9ef8-497a-9248-2a7104e63a90-139976126330688", "trial_id": 23, "param_name": "random_seed", "param_value_internal": 0, "distribution": "{\"name\": \"CategoricalDistribution\", \"attributes\": {\"choices\": [42]}}"}
{"op_code": 5, "worker_id": "d76937a8-9ef8-497a-9248-2a7104e63a90-139976126330688", "trial_id": 23, "param_name": "degree", "param_value_internal": 0, "distribution": "{\"name\": \"CategoricalDistribution\", \"attributes\": {\"choices\": [0]}}"}
{"op_code": 8, "worker_id": "d76937a8-9ef8-497a-9248-2a7104e63a90-139976126330688", "trial_id": 23, "user_attr": {"best_epoch": 1}}
{"op_code": 8, "worker_id": "d76937a8-9ef8-497a-9248-2a7104e63a90-139976126330688", "trial_id": 23, "user_attr": {"test_loss": 0.4509984410548786}}
{"op_code": 6, "worker_id": "d76937a8-9ef8-497a-9248-2a7104e63a90-139976126330688", "trial_id": 23, "state": 1, "values": [0.44630565642436776], "datetime_complete": "2024-08-30T16:48:53.339368"}
{"op_code": 4, "worker_id": "d76937a8-9ef8-497a-9248-2a7104e63a90-139976126330688", "study_id": 0, "datetime_start": "2024-08-30T16:48:53.348486"}
{"op_code": 5, "worker_id": "d76937a8-9ef8-497a-9248-2a7104e63a90-139976126330688", "trial_id": 24, "param_name": "lr", "param_value_internal": 9.073753370969961e-05, "distribution": "{\"name\": \"FloatDistribution\", \"attributes\": {\"step\": null, \"low\": 1e-05, \"high\": 0.001, \"log\": true}}"}
{"op_code": 5, "worker_id": "d76937a8-9ef8-497a-9248-2a7104e63a90-139976126330688", "trial_id": 24, "param_name": "l2reg", "param_value_internal": 5.048891060649949e-08, "distribution": "{\"name\": \"FloatDistribution\", \"attributes\": {\"step\": null, \"low\": 1e-08, \"high\": 0.001, \"log\": true}}"}
{"op_code": 5, "worker_id": "d76937a8-9ef8-497a-9248-2a7104e63a90-139976126330688", "trial_id": 24, "param_name": "random_seed", "param_value_internal": 0, "distribution": "{\"name\": \"CategoricalDistribution\", \"attributes\": {\"choices\": [42]}}"}
{"op_code": 5, "worker_id": "d76937a8-9ef8-497a-9248-2a7104e63a90-139976126330688", "trial_id": 24, "param_name": "degree", "param_value_internal": 0, "distribution": "{\"name\": \"CategoricalDistribution\", \"attributes\": {\"choices\": [0]}}"}
{"op_code": 8, "worker_id": "d76937a8-9ef8-497a-9248-2a7104e63a90-139976126330688", "trial_id": 24, "user_attr": {"best_epoch": 1}}
{"op_code": 8, "worker_id": "d76937a8-9ef8-497a-9248-2a7104e63a90-139976126330688", "trial_id": 24, "user_attr": {"test_loss": 0.4510305086888781}}
{"op_code": 6, "worker_id": "d76937a8-9ef8-497a-9248-2a7104e63a90-139976126330688", "trial_id": 24, "state": 1, "values": [0.44633768587772155], "datetime_complete": "2024-08-30T17:11:23.113082"}
{"op_code": 4, "worker_id": "d76937a8-9ef8-497a-9248-2a7104e63a90-139976126330688", "study_id": 0, "datetime_start": "2024-08-30T17:11:23.121902"}
{"op_code": 5, "worker_id": "d76937a8-9ef8-497a-9248-2a7104e63a90-139976126330688", "trial_id": 25, "param_name": "lr", "param_value_internal": 9.183628390573575e-05, "distribution": "{\"name\": \"FloatDistribution\", \"attributes\": {\"step\": null, \"low\": 1e-05, \"high\": 0.001, \"log\": true}}"}
{"op_code": 5, "worker_id": "d76937a8-9ef8-497a-9248-2a7104e63a90-139976126330688", "trial_id": 25, "param_name": "l2reg", "param_value_internal": 2.5116254574541446e-07, "distribution": "{\"name\": \"FloatDistribution\", \"attributes\": {\"step\": null, \"low\": 1e-08, \"high\": 0.001, \"log\": true}}"}
{"op_code": 5, "worker_id": "d76937a8-9ef8-497a-9248-2a7104e63a90-139976126330688", "trial_id": 25, "param_name": "random_seed", "param_value_internal": 0, "distribution": "{\"name\": \"CategoricalDistribution\", \"attributes\": {\"choices\": [42]}}"}
{"op_code": 5, "worker_id": "d76937a8-9ef8-497a-9248-2a7104e63a90-139976126330688", "trial_id": 25, "param_name": "degree", "param_value_internal": 0, "distribution": "{\"name\": \"CategoricalDistribution\", \"attributes\": {\"choices\": [0]}}"}
{"op_code": 8, "worker_id": "d76937a8-9ef8-497a-9248-2a7104e63a90-139976126330688", "trial_id": 25, "user_attr": {"best_epoch": 1}}
{"op_code": 8, "worker_id": "d76937a8-9ef8-497a-9248-2a7104e63a90-139976126330688", "trial_id": 25, "user_attr": {"test_loss": 0.45101981947754494}}
{"op_code": 6, "worker_id": "d76937a8-9ef8-497a-9248-2a7104e63a90-139976126330688", "trial_id": 25, "state": 1, "values": [0.4463271111952674], "datetime_complete": "2024-08-30T17:33:52.228035"}
{"op_code": 4, "worker_id": "d76937a8-9ef8-497a-9248-2a7104e63a90-139976126330688", "study_id": 0, "datetime_start": "2024-08-30T17:33:52.236714"}
{"op_code": 5, "worker_id": "d76937a8-9ef8-497a-9248-2a7104e63a90-139976126330688", "trial_id": 26, "param_name": "lr", "param_value_internal": 3.8677654637697446e-05, "distribution": "{\"name\": \"FloatDistribution\", \"attributes\": {\"step\": null, \"low\": 1e-05, \"high\": 0.001, \"log\": true}}"}
{"op_code": 5, "worker_id": "d76937a8-9ef8-497a-9248-2a7104e63a90-139976126330688", "trial_id": 26, "param_name": "l2reg", "param_value_internal": 2.658831672947209e-07, "distribution": "{\"name\": \"FloatDistribution\", \"attributes\": {\"step\": null, \"low\": 1e-08, \"high\": 0.001, \"log\": true}}"}
{"op_code": 5, "worker_id": "d76937a8-9ef8-497a-9248-2a7104e63a90-139976126330688", "trial_id": 26, "param_name": "random_seed", "param_value_internal": 0, "distribution": "{\"name\": \"CategoricalDistribution\", \"attributes\": {\"choices\": [42]}}"}
{"op_code": 5, "worker_id": "d76937a8-9ef8-497a-9248-2a7104e63a90-139976126330688", "trial_id": 26, "param_name": "degree", "param_value_internal": 0, "distribution": "{\"name\": \"CategoricalDistribution\", \"attributes\": {\"choices\": [0]}}"}
{"op_code": 8, "worker_id": "d76937a8-9ef8-497a-9248-2a7104e63a90-139976126330688", "trial_id": 26, "user_attr": {"best_epoch": 3}}
{"op_code": 8, "worker_id": "d76937a8-9ef8-497a-9248-2a7104e63a90-139976126330688", "trial_id": 26, "user_attr": {"test_loss": 0.4521671536111439}}
{"op_code": 6, "worker_id": "d76937a8-9ef8-497a-9248-2a7104e63a90-139976126330688", "trial_id": 26, "state": 1, "values": [0.44740458353311974], "datetime_complete": "2024-08-30T18:04:46.313656"}
{"op_code": 4, "worker_id": "d76937a8-9ef8-497a-9248-2a7104e63a90-139976126330688", "study_id": 0, "datetime_start": "2024-08-30T18:04:46.328429"}
{"op_code": 5, "worker_id": "d76937a8-9ef8-497a-9248-2a7104e63a90-139976126330688", "trial_id": 27, "param_name": "lr", "param_value_internal": 8.488708777410819e-05, "distribution": "{\"name\": \"FloatDistribution\", \"attributes\": {\"step\": null, \"low\": 1e-05, \"high\": 0.001, \"log\": true}}"}
{"op_code": 5, "worker_id": "d76937a8-9ef8-497a-9248-2a7104e63a90-139976126330688", "trial_id": 27, "param_name": "l2reg", "param_value_internal": 2.168154415676559e-06, "distribution": "{\"name\": \"FloatDistribution\", \"attributes\": {\"step\": null, \"low\": 1e-08, \"high\": 0.001, \"log\": true}}"}
{"op_code": 5, "worker_id": "d76937a8-9ef8-497a-9248-2a7104e63a90-139976126330688", "trial_id": 27, "param_name": "random_seed", "param_value_internal": 0, "distribution": "{\"name\": \"CategoricalDistribution\", \"attributes\": {\"choices\": [42]}}"}
{"op_code": 5, "worker_id": "d76937a8-9ef8-497a-9248-2a7104e63a90-139976126330688", "trial_id": 27, "param_name": "degree", "param_value_internal": 0, "distribution": "{\"name\": \"CategoricalDistribution\", \"attributes\": {\"choices\": [0]}}"}
{"op_code": 8, "worker_id": "d76937a8-9ef8-497a-9248-2a7104e63a90-139976126330688", "trial_id": 27, "user_attr": {"best_epoch": 1}}
{"op_code": 8, "worker_id": "d76937a8-9ef8-497a-9248-2a7104e63a90-139976126330688", "trial_id": 27, "user_attr": {"test_loss": 0.4511243828698364}}
{"op_code": 6, "worker_id": "d76937a8-9ef8-497a-9248-2a7104e63a90-139976126330688", "trial_id": 27, "state": 1, "values": [0.44643396511652766], "datetime_complete": "2024-08-30T18:27:15.257037"}
{"op_code": 4, "worker_id": "d76937a8-9ef8-497a-9248-2a7104e63a90-139976126330688", "study_id": 0, "datetime_start": "2024-08-30T18:27:15.266418"}
{"op_code": 5, "worker_id": "d76937a8-9ef8-497a-9248-2a7104e63a90-139976126330688", "trial_id": 28, "param_name": "lr", "param_value_internal": 4.8791777053316326e-05, "distribution": "{\"name\": \"FloatDistribution\", \"attributes\": {\"step\": null, \"low\": 1e-05, \"high\": 0.001, \"log\": true}}"}
{"op_code": 5, "worker_id": "d76937a8-9ef8-497a-9248-2a7104e63a90-139976126330688", "trial_id": 28, "param_name": "l2reg", "param_value_internal": 5.2323698432140476e-08, "distribution": "{\"name\": \"FloatDistribution\", \"attributes\": {\"step\": null, \"low\": 1e-08, \"high\": 0.001, \"log\": true}}"}
{"op_code": 5, "worker_id": "d76937a8-9ef8-497a-9248-2a7104e63a90-139976126330688", "trial_id": 28, "param_name": "random_seed", "param_value_internal": 0, "distribution": "{\"name\": \"CategoricalDistribution\", \"attributes\": {\"choices\": [42]}}"}
{"op_code": 5, "worker_id": "d76937a8-9ef8-497a-9248-2a7104e63a90-139976126330688", "trial_id": 28, "param_name": "degree", "param_value_internal": 0, "distribution": "{\"name\": \"CategoricalDistribution\", \"attributes\": {\"choices\": [0]}}"}
{"op_code": 8, "worker_id": "d76937a8-9ef8-497a-9248-2a7104e63a90-139976126330688", "trial_id": 28, "user_attr": {"best_epoch": 2}}
{"op_code": 8, "worker_id": "d76937a8-9ef8-497a-9248-2a7104e63a90-139976126330688", "trial_id": 28, "user_attr": {"test_loss": 0.4519345487373827}}
{"op_code": 6, "worker_id": "d76937a8-9ef8-497a-9248-2a7104e63a90-139976126330688", "trial_id": 28, "state": 1, "values": [0.447266654552229], "datetime_complete": "2024-08-30T18:53:56.431613"}
{"op_code": 4, "worker_id": "d76937a8-9ef8-497a-9248-2a7104e63a90-139976126330688", "study_id": 0, "datetime_start": "2024-08-30T18:53:56.440122"}
{"op_code": 5, "worker_id": "d76937a8-9ef8-497a-9248-2a7104e63a90-139976126330688", "trial_id": 29, "param_name": "lr", "param_value_internal": 2.3470345283947275e-05, "distribution": "{\"name\": \"FloatDistribution\", \"attributes\": {\"step\": null, \"low\": 1e-05, \"high\": 0.001, \"log\": true}}"}
{"op_code": 5, "worker_id": "d76937a8-9ef8-497a-9248-2a7104e63a90-139976126330688", "trial_id": 29, "param_name": "l2reg", "param_value_internal": 3.2083231651110633e-07, "distribution": "{\"name\": \"FloatDistribution\", \"attributes\": {\"step\": null, \"low\": 1e-08, \"high\": 0.001, \"log\": true}}"}
{"op_code": 5, "worker_id": "d76937a8-9ef8-497a-9248-2a7104e63a90-139976126330688", "trial_id": 29, "param_name": "random_seed", "param_value_internal": 0, "distribution": "{\"name\": \"CategoricalDistribution\", \"attributes\": {\"choices\": [42]}}"}
{"op_code": 5, "worker_id": "d76937a8-9ef8-497a-9248-2a7104e63a90-139976126330688", "trial_id": 29, "param_name": "degree", "param_value_internal": 0, "distribution": "{\"name\": \"CategoricalDistribution\", \"attributes\": {\"choices\": [0]}}"}
{"op_code": 8, "worker_id": "d76937a8-9ef8-497a-9248-2a7104e63a90-139976126330688", "trial_id": 29, "user_attr": {"best_epoch": 6}}
{"op_code": 8, "worker_id": "d76937a8-9ef8-497a-9248-2a7104e63a90-139976126330688", "trial_id": 29, "user_attr": {"test_loss": 0.45263217247989246}}
{"op_code": 6, "worker_id": "d76937a8-9ef8-497a-9248-2a7104e63a90-139976126330688", "trial_id": 29, "state": 1, "values": [0.4475838568501037], "datetime_complete": "2024-08-30T19:37:26.441648"}
{"op_code": 4, "worker_id": "d76937a8-9ef8-497a-9248-2a7104e63a90-139976126330688", "study_id": 0, "datetime_start": "2024-08-30T19:37:26.450579"}
{"op_code": 5, "worker_id": "d76937a8-9ef8-497a-9248-2a7104e63a90-139976126330688", "trial_id": 30, "param_name": "lr", "param_value_internal": 0.000190908064695096, "distribution": "{\"name\": \"FloatDistribution\", \"attributes\": {\"step\": null, \"low\": 1e-05, \"high\": 0.001, \"log\": true}}"}
{"op_code": 5, "worker_id": "d76937a8-9ef8-497a-9248-2a7104e63a90-139976126330688", "trial_id": 30, "param_name": "l2reg", "param_value_internal": 2.3805058415266494e-08, "distribution": "{\"name\": \"FloatDistribution\", \"attributes\": {\"step\": null, \"low\": 1e-08, \"high\": 0.001, \"log\": true}}"}
{"op_code": 5, "worker_id": "d76937a8-9ef8-497a-9248-2a7104e63a90-139976126330688", "trial_id": 30, "param_name": "random_seed", "param_value_internal": 0, "distribution": "{\"name\": \"CategoricalDistribution\", \"attributes\": {\"choices\": [42]}}"}
{"op_code": 5, "worker_id": "d76937a8-9ef8-497a-9248-2a7104e63a90-139976126330688", "trial_id": 30, "param_name": "degree", "param_value_internal": 0, "distribution": "{\"name\": \"CategoricalDistribution\", \"attributes\": {\"choices\": [0]}}"}
{"op_code": 8, "worker_id": "d76937a8-9ef8-497a-9248-2a7104e63a90-139976126330688", "trial_id": 30, "user_attr": {"best_epoch": 0}}
{"op_code": 8, "worker_id": "d76937a8-9ef8-497a-9248-2a7104e63a90-139976126330688", "trial_id": 30, "user_attr": {"test_loss": 0.45222189764347176}}
{"op_code": 6, "worker_id": "d76937a8-9ef8-497a-9248-2a7104e63a90-139976126330688", "trial_id": 30, "state": 1, "values": [0.44754541387092933], "datetime_complete": "2024-08-30T19:55:43.576428"}
{"op_code": 4, "worker_id": "d76937a8-9ef8-497a-9248-2a7104e63a90-139976126330688", "study_id": 0, "datetime_start": "2024-08-30T19:55:43.587425"}
{"op_code": 5, "worker_id": "d76937a8-9ef8-497a-9248-2a7104e63a90-139976126330688", "trial_id": 31, "param_name": "lr", "param_value_internal": 8.550149396031947e-05, "distribution": "{\"name\": \"FloatDistribution\", \"attributes\": {\"step\": null, \"low\": 1e-05, \"high\": 0.001, \"log\": true}}"}
{"op_code": 5, "worker_id": "d76937a8-9ef8-497a-9248-2a7104e63a90-139976126330688", "trial_id": 31, "param_name": "l2reg", "param_value_internal": 2.755273514758182e-06, "distribution": "{\"name\": \"FloatDistribution\", \"attributes\": {\"step\": null, \"low\": 1e-08, \"high\": 0.001, \"log\": true}}"}
{"op_code": 5, "worker_id": "d76937a8-9ef8-497a-9248-2a7104e63a90-139976126330688", "trial_id": 31, "param_name": "random_seed", "param_value_internal": 0, "distribution": "{\"name\": \"CategoricalDistribution\", \"attributes\": {\"choices\": [42]}}"}
{"op_code": 5, "worker_id": "d76937a8-9ef8-497a-9248-2a7104e63a90-139976126330688", "trial_id": 31, "param_name": "degree", "param_value_internal": 0, "distribution": "{\"name\": \"CategoricalDistribution\", \"attributes\": {\"choices\": [0]}}"}
{"op_code": 8, "worker_id": "d76937a8-9ef8-497a-9248-2a7104e63a90-139976126330688", "trial_id": 31, "user_attr": {"best_epoch": 1}}
{"op_code": 8, "worker_id": "d76937a8-9ef8-497a-9248-2a7104e63a90-139976126330688", "trial_id": 31, "user_attr": {"test_loss": 0.45111197574953893}}
{"op_code": 6, "worker_id": "d76937a8-9ef8-497a-9248-2a7104e63a90-139976126330688", "trial_id": 31, "state": 1, "values": [0.44642052725290365], "datetime_complete": "2024-08-30T20:18:12.100910"}
{"op_code": 4, "worker_id": "d76937a8-9ef8-497a-9248-2a7104e63a90-139976126330688", "study_id": 0, "datetime_start": "2024-08-30T20:18:12.113003"}
{"op_code": 5, "worker_id": "d76937a8-9ef8-497a-9248-2a7104e63a90-139976126330688", "trial_id": 32, "param_name": "lr", "param_value_internal": 9.264215277053797e-05, "distribution": "{\"name\": \"FloatDistribution\", \"attributes\": {\"step\": null, \"low\": 1e-05, \"high\": 0.001, \"log\": true}}"}
{"op_code": 5, "worker_id": "d76937a8-9ef8-497a-9248-2a7104e63a90-139976126330688", "trial_id": 32, "param_name": "l2reg", "param_value_internal": 7.861364997402565e-06, "distribution": "{\"name\": \"FloatDistribution\", \"attributes\": {\"step\": null, \"low\": 1e-08, \"high\": 0.001, \"log\": true}}"}
{"op_code": 5, "worker_id": "d76937a8-9ef8-497a-9248-2a7104e63a90-139976126330688", "trial_id": 32, "param_name": "random_seed", "param_value_internal": 0, "distribution": "{\"name\": \"CategoricalDistribution\", \"attributes\": {\"choices\": [42]}}"}
{"op_code": 5, "worker_id": "d76937a8-9ef8-497a-9248-2a7104e63a90-139976126330688", "trial_id": 32, "param_name": "degree", "param_value_internal": 0, "distribution": "{\"name\": \"CategoricalDistribution\", \"attributes\": {\"choices\": [0]}}"}
{"op_code": 8, "worker_id": "d76937a8-9ef8-497a-9248-2a7104e63a90-139976126330688", "trial_id": 32, "user_attr": {"best_epoch": 1}}
{"op_code": 8, "worker_id": "d76937a8-9ef8-497a-9248-2a7104e63a90-139976126330688", "trial_id": 32, "user_attr": {"test_loss": 0.45101317689621645}}
{"op_code": 6, "worker_id": "d76937a8-9ef8-497a-9248-2a7104e63a90-139976126330688", "trial_id": 32, "state": 1, "values": [0.4463207740209447], "datetime_complete": "2024-08-30T20:40:41.316897"}
{"op_code": 4, "worker_id": "d76937a8-9ef8-497a-9248-2a7104e63a90-139976126330688", "study_id": 0, "datetime_start": "2024-08-30T20:40:41.325931"}
{"op_code": 5, "worker_id": "d76937a8-9ef8-497a-9248-2a7104e63a90-139976126330688", "trial_id": 33, "param_name": "lr", "param_value_internal": 5.287562524458773e-05, "distribution": "{\"name\": \"FloatDistribution\", \"attributes\": {\"step\": null, \"low\": 1e-05, \"high\": 0.001, \"log\": true}}"}
{"op_code": 5, "worker_id": "d76937a8-9ef8-497a-9248-2a7104e63a90-139976126330688", "trial_id": 33, "param_name": "l2reg", "param_value_internal": 8.242018757832518e-06, "distribution": "{\"name\": \"FloatDistribution\", \"attributes\": {\"step\": null, \"low\": 1e-08, \"high\": 0.001, \"log\": true}}"}
{"op_code": 5, "worker_id": "d76937a8-9ef8-497a-9248-2a7104e63a90-139976126330688", "trial_id": 33, "param_name": "random_seed", "param_value_internal": 0, "distribution": "{\"name\": \"CategoricalDistribution\", \"attributes\": {\"choices\": [42]}}"}
{"op_code": 5, "worker_id": "d76937a8-9ef8-497a-9248-2a7104e63a90-139976126330688", "trial_id": 33, "param_name": "degree", "param_value_internal": 0, "distribution": "{\"name\": \"CategoricalDistribution\", \"attributes\": {\"choices\": [0]}}"}
{"op_code": 8, "worker_id": "d76937a8-9ef8-497a-9248-2a7104e63a90-139976126330688", "trial_id": 33, "user_attr": {"best_epoch": 2}}
{"op_code": 8, "worker_id": "d76937a8-9ef8-497a-9248-2a7104e63a90-139976126330688", "trial_id": 33, "user_attr": {"test_loss": 0.45167659516246}}
{"op_code": 6, "worker_id": "d76937a8-9ef8-497a-9248-2a7104e63a90-139976126330688", "trial_id": 33, "state": 1, "values": [0.4469752972363812], "datetime_complete": "2024-08-30T21:07:22.243830"}
{"op_code": 4, "worker_id": "d76937a8-9ef8-497a-9248-2a7104e63a90-139976126330688", "study_id": 0, "datetime_start": "2024-08-30T21:07:22.252958"}
{"op_code": 5, "worker_id": "d76937a8-9ef8-497a-9248-2a7104e63a90-139976126330688", "trial_id": 34, "param_name": "lr", "param_value_internal": 2.9701546259131217e-05, "distribution": "{\"name\": \"FloatDistribution\", \"attributes\": {\"step\": null, \"low\": 1e-05, \"high\": 0.001, \"log\": true}}"}
{"op_code": 5, "worker_id": "d76937a8-9ef8-497a-9248-2a7104e63a90-139976126330688", "trial_id": 34, "param_name": "l2reg", "param_value_internal": 1.581529727737573e-05, "distribution": "{\"name\": \"FloatDistribution\", \"attributes\": {\"step\": null, \"low\": 1e-08, \"high\": 0.001, \"log\": true}}"}
{"op_code": 5, "worker_id": "d76937a8-9ef8-497a-9248-2a7104e63a90-139976126330688", "trial_id": 34, "param_name": "random_seed", "param_value_internal": 0, "distribution": "{\"name\": \"CategoricalDistribution\", \"attributes\": {\"choices\": [42]}}"}
{"op_code": 5, "worker_id": "d76937a8-9ef8-497a-9248-2a7104e63a90-139976126330688", "trial_id": 34, "param_name": "degree", "param_value_internal": 0, "distribution": "{\"name\": \"CategoricalDistribution\", \"attributes\": {\"choices\": [0]}}"}
{"op_code": 8, "worker_id": "d76937a8-9ef8-497a-9248-2a7104e63a90-139976126330688", "trial_id": 34, "user_attr": {"best_epoch": 5}}
{"op_code": 8, "worker_id": "d76937a8-9ef8-497a-9248-2a7104e63a90-139976126330688", "trial_id": 34, "user_attr": {"test_loss": 0.4524629775347899}}
{"op_code": 6, "worker_id": "d76937a8-9ef8-497a-9248-2a7104e63a90-139976126330688", "trial_id": 34, "state": 1, "values": [0.44753648074567925], "datetime_complete": "2024-08-30T21:46:44.965827"}
{"op_code": 4, "worker_id": "d76937a8-9ef8-497a-9248-2a7104e63a90-139976126330688", "study_id": 0, "datetime_start": "2024-08-30T21:46:44.974637"}
{"op_code": 5, "worker_id": "d76937a8-9ef8-497a-9248-2a7104e63a90-139976126330688", "trial_id": 35, "param_name": "lr", "param_value_internal": 9.95393398816739e-05, "distribution": "{\"name\": \"FloatDistribution\", \"attributes\": {\"step\": null, \"low\": 1e-05, \"high\": 0.001, \"log\": true}}"}
{"op_code": 5, "worker_id": "d76937a8-9ef8-497a-9248-2a7104e63a90-139976126330688", "trial_id": 35, "param_name": "l2reg", "param_value_internal": 5.045906294513436e-08, "distribution": "{\"name\": \"FloatDistribution\", \"attributes\": {\"step\": null, \"low\": 1e-08, \"high\": 0.001, \"log\": true}}"}
{"op_code": 5, "worker_id": "d76937a8-9ef8-497a-9248-2a7104e63a90-139976126330688", "trial_id": 35, "param_name": "random_seed", "param_value_internal": 0, "distribution": "{\"name\": \"CategoricalDistribution\", \"attributes\": {\"choices\": [42]}}"}
{"op_code": 5, "worker_id": "d76937a8-9ef8-497a-9248-2a7104e63a90-139976126330688", "trial_id": 35, "param_name": "degree", "param_value_internal": 0, "distribution": "{\"name\": \"CategoricalDistribution\", \"attributes\": {\"choices\": [0]}}"}
{"op_code": 8, "worker_id": "d76937a8-9ef8-497a-9248-2a7104e63a90-139976126330688", "trial_id": 35, "user_attr": {"best_epoch": 1}}
{"op_code": 8, "worker_id": "d76937a8-9ef8-497a-9248-2a7104e63a90-139976126330688", "trial_id": 35, "user_attr": {"test_loss": 0.4509984028791238}}
{"op_code": 6, "worker_id": "d76937a8-9ef8-497a-9248-2a7104e63a90-139976126330688", "trial_id": 35, "state": 1, "values": [0.4463070689270782], "datetime_complete": "2024-08-30T22:09:17.520545"}
{"op_code": 4, "worker_id": "d76937a8-9ef8-497a-9248-2a7104e63a90-139976126330688", "study_id": 0, "datetime_start": "2024-08-30T22:09:17.529242"}
{"op_code": 5, "worker_id": "d76937a8-9ef8-497a-9248-2a7104e63a90-139976126330688", "trial_id": 36, "param_name": "lr", "param_value_internal": 6.354829357578541e-05, "distribution": "{\"name\": \"FloatDistribution\", \"attributes\": {\"step\": null, \"low\": 1e-05, \"high\": 0.001, \"log\": true}}"}
{"op_code": 5, "worker_id": "d76937a8-9ef8-497a-9248-2a7104e63a90-139976126330688", "trial_id": 36, "param_name": "l2reg", "param_value_internal": 0.00012261192549393904, "distribution": "{\"name\": \"FloatDistribution\", \"attributes\": {\"step\": null, \"low\": 1e-08, \"high\": 0.001, \"log\": true}}"}
{"op_code": 5, "worker_id": "d76937a8-9ef8-497a-9248-2a7104e63a90-139976126330688", "trial_id": 36, "param_name": "random_seed", "param_value_internal": 0, "distribution": "{\"name\": \"CategoricalDistribution\", \"attributes\": {\"choices\": [42]}}"}
{"op_code": 5, "worker_id": "d76937a8-9ef8-497a-9248-2a7104e63a90-139976126330688", "trial_id": 36, "param_name": "degree", "param_value_internal": 0, "distribution": "{\"name\": \"CategoricalDistribution\", \"attributes\": {\"choices\": [0]}}"}
{"op_code": 8, "worker_id": "d76937a8-9ef8-497a-9248-2a7104e63a90-139976126330688", "trial_id": 36, "user_attr": {"best_epoch": 2}}
{"op_code": 8, "worker_id": "d76937a8-9ef8-497a-9248-2a7104e63a90-139976126330688", "trial_id": 36, "user_attr": {"test_loss": 0.45151534077434785}}
{"op_code": 6, "worker_id": "d76937a8-9ef8-497a-9248-2a7104e63a90-139976126330688", "trial_id": 36, "state": 1, "values": [0.4467299798737452], "datetime_complete": "2024-08-30T22:36:00.200204"}
{"op_code": 4, "worker_id": "d76937a8-9ef8-497a-9248-2a7104e63a90-139976126330688", "study_id": 0, "datetime_start": "2024-08-30T22:36:00.209151"}
{"op_code": 5, "worker_id": "d76937a8-9ef8-497a-9248-2a7104e63a90-139976126330688", "trial_id": 37, "param_name": "lr", "param_value_internal": 0.0003768818164558452, "distribution": "{\"name\": \"FloatDistribution\", \"attributes\": {\"step\": null, \"low\": 1e-05, \"high\": 0.001, \"log\": true}}"}
{"op_code": 5, "worker_id": "d76937a8-9ef8-497a-9248-2a7104e63a90-139976126330688", "trial_id": 37, "param_name": "l2reg", "param_value_internal": 2.262591738288851e-05, "distribution": "{\"name\": \"FloatDistribution\", \"attributes\": {\"step\": null, \"low\": 1e-08, \"high\": 0.001, \"log\": true}}"}
{"op_code": 5, "worker_id": "d76937a8-9ef8-497a-9248-2a7104e63a90-139976126330688", "trial_id": 37, "param_name": "random_seed", "param_value_internal": 0, "distribution": "{\"name\": \"CategoricalDistribution\", \"attributes\": {\"choices\": [42]}}"}
{"op_code": 5, "worker_id": "d76937a8-9ef8-497a-9248-2a7104e63a90-139976126330688", "trial_id": 37, "param_name": "degree", "param_value_internal": 0, "distribution": "{\"name\": \"CategoricalDistribution\", \"attributes\": {\"choices\": [0]}}"}
{"op_code": 8, "worker_id": "d76937a8-9ef8-497a-9248-2a7104e63a90-139976126330688", "trial_id": 37, "user_attr": {"best_epoch": 0}}
{"op_code": 8, "worker_id": "d76937a8-9ef8-497a-9248-2a7104e63a90-139976126330688", "trial_id": 37, "user_attr": {"test_loss": 0.45230305929809445}}
{"op_code": 6, "worker_id": "d76937a8-9ef8-497a-9248-2a7104e63a90-139976126330688", "trial_id": 37, "state": 1, "values": [0.4476254684164394], "datetime_complete": "2024-08-30T22:54:17.250072"}
{"op_code": 4, "worker_id": "d76937a8-9ef8-497a-9248-2a7104e63a90-139976126330688", "study_id": 0, "datetime_start": "2024-08-30T22:54:17.259858"}
{"op_code": 5, "worker_id": "d76937a8-9ef8-497a-9248-2a7104e63a90-139976126330688", "trial_id": 38, "param_name": "lr", "param_value_internal": 0.0001798845273906451, "distribution": "{\"name\": \"FloatDistribution\", \"attributes\": {\"step\": null, \"low\": 1e-05, \"high\": 0.001, \"log\": true}}"}
{"op_code": 5, "worker_id": "d76937a8-9ef8-497a-9248-2a7104e63a90-139976126330688", "trial_id": 38, "param_name": "l2reg", "param_value_internal": 1.7318945902290383e-06, "distribution": "{\"name\": \"FloatDistribution\", \"attributes\": {\"step\": null, \"low\": 1e-08, \"high\": 0.001, \"log\": true}}"}
{"op_code": 5, "worker_id": "d76937a8-9ef8-497a-9248-2a7104e63a90-139976126330688", "trial_id": 38, "param_name": "random_seed", "param_value_internal": 0, "distribution": "{\"name\": \"CategoricalDistribution\", \"attributes\": {\"choices\": [42]}}"}
{"op_code": 5, "worker_id": "d76937a8-9ef8-497a-9248-2a7104e63a90-139976126330688", "trial_id": 38, "param_name": "degree", "param_value_internal": 0, "distribution": "{\"name\": \"CategoricalDistribution\", \"attributes\": {\"choices\": [0]}}"}
{"op_code": 8, "worker_id": "d76937a8-9ef8-497a-9248-2a7104e63a90-139976126330688", "trial_id": 38, "user_attr": {"best_epoch": 0}}
{"op_code": 8, "worker_id": "d76937a8-9ef8-497a-9248-2a7104e63a90-139976126330688", "trial_id": 38, "user_attr": {"test_loss": 0.4522768325545734}}
{"op_code": 6, "worker_id": "d76937a8-9ef8-497a-9248-2a7104e63a90-139976126330688", "trial_id": 38, "state": 1, "values": [0.4476014176946123], "datetime_complete": "2024-08-30T23:12:33.719136"}
{"op_code": 4, "worker_id": "d76937a8-9ef8-497a-9248-2a7104e63a90-139976126330688", "study_id": 0, "datetime_start": "2024-08-30T23:12:33.729251"}
{"op_code": 5, "worker_id": "d76937a8-9ef8-497a-9248-2a7104e63a90-139976126330688", "trial_id": 39, "param_name": "lr", "param_value_internal": 1.591915903567546e-05, "distribution": "{\"name\": \"FloatDistribution\", \"attributes\": {\"step\": null, \"low\": 1e-05, \"high\": 0.001, \"log\": true}}"}
{"op_code": 5, "worker_id": "d76937a8-9ef8-497a-9248-2a7104e63a90-139976126330688", "trial_id": 39, "param_name": "l2reg", "param_value_internal": 8.225551280965879e-08, "distribution": "{\"name\": \"FloatDistribution\", \"attributes\": {\"step\": null, \"low\": 1e-08, \"high\": 0.001, \"log\": true}}"}
{"op_code": 5, "worker_id": "d76937a8-9ef8-497a-9248-2a7104e63a90-139976126330688", "trial_id": 39, "param_name": "random_seed", "param_value_internal": 0, "distribution": "{\"name\": \"CategoricalDistribution\", \"attributes\": {\"choices\": [42]}}"}
{"op_code": 5, "worker_id": "d76937a8-9ef8-497a-9248-2a7104e63a90-139976126330688", "trial_id": 39, "param_name": "degree", "param_value_internal": 0, "distribution": "{\"name\": \"CategoricalDistribution\", \"attributes\": {\"choices\": [0]}}"}
{"op_code": 8, "worker_id": "d76937a8-9ef8-497a-9248-2a7104e63a90-139976126330688", "trial_id": 39, "user_attr": {"best_epoch": 9}}
{"op_code": 8, "worker_id": "d76937a8-9ef8-497a-9248-2a7104e63a90-139976126330688", "trial_id": 39, "user_attr": {"test_loss": 0.4528646628263893}}
{"op_code": 6, "worker_id": "d76937a8-9ef8-497a-9248-2a7104e63a90-139976126330688", "trial_id": 39, "state": 1, "values": [0.4479116720061814], "datetime_complete": "2024-08-30T23:56:05.405238"}
{"op_code": 4, "worker_id": "d76937a8-9ef8-497a-9248-2a7104e63a90-139976126330688", "study_id": 0, "datetime_start": "2024-08-30T23:56:05.413968"}
{"op_code": 5, "worker_id": "d76937a8-9ef8-497a-9248-2a7104e63a90-139976126330688", "trial_id": 40, "param_name": "lr", "param_value_internal": 9.598356173908631e-05, "distribution": "{\"name\": \"FloatDistribution\", \"attributes\": {\"step\": null, \"low\": 1e-05, \"high\": 0.001, \"log\": true}}"}
{"op_code": 5, "worker_id": "d76937a8-9ef8-497a-9248-2a7104e63a90-139976126330688", "trial_id": 40, "param_name": "l2reg", "param_value_internal": 4.38972610063822e-06, "distribution": "{\"name\": \"FloatDistribution\", \"attributes\": {\"step\": null, \"low\": 1e-08, \"high\": 0.001, \"log\": true}}"}
{"op_code": 5, "worker_id": "d76937a8-9ef8-497a-9248-2a7104e63a90-139976126330688", "trial_id": 40, "param_name": "random_seed", "param_value_internal": 0, "distribution": "{\"name\": \"CategoricalDistribution\", \"attributes\": {\"choices\": [42]}}"}
{"op_code": 5, "worker_id": "d76937a8-9ef8-497a-9248-2a7104e63a90-139976126330688", "trial_id": 40, "param_name": "degree", "param_value_internal": 0, "distribution": "{\"name\": \"CategoricalDistribution\", \"attributes\": {\"choices\": [0]}}"}
{"op_code": 8, "worker_id": "d76937a8-9ef8-497a-9248-2a7104e63a90-139976126330688", "trial_id": 40, "user_attr": {"best_epoch": 1}}
{"op_code": 8, "worker_id": "d76937a8-9ef8-497a-9248-2a7104e63a90-139976126330688", "trial_id": 40, "user_attr": {"test_loss": 0.45099748666100953}}
{"op_code": 6, "worker_id": "d76937a8-9ef8-497a-9248-2a7104e63a90-139976126330688", "trial_id": 40, "state": 1, "values": [0.4463047402063934], "datetime_complete": "2024-08-31T00:18:35.016117"}
{"op_code": 4, "worker_id": "d76937a8-9ef8-497a-9248-2a7104e63a90-139976126330688", "study_id": 0, "datetime_start": "2024-08-31T00:18:35.026815"}
{"op_code": 5, "worker_id": "d76937a8-9ef8-497a-9248-2a7104e63a90-139976126330688", "trial_id": 41, "param_name": "lr", "param_value_internal": 0.00010363380190558375, "distribution": "{\"name\": \"FloatDistribution\", \"attributes\": {\"step\": null, \"low\": 1e-05, \"high\": 0.001, \"log\": true}}"}
{"op_code": 5, "worker_id": "d76937a8-9ef8-497a-9248-2a7104e63a90-139976126330688", "trial_id": 41, "param_name": "l2reg", "param_value_internal": 6.7557269643941815e-06, "distribution": "{\"name\": \"FloatDistribution\", \"attributes\": {\"step\": null, \"low\": 1e-08, \"high\": 0.001, \"log\": true}}"}
{"op_code": 5, "worker_id": "d76937a8-9ef8-497a-9248-2a7104e63a90-139976126330688", "trial_id": 41, "param_name": "random_seed", "param_value_internal": 0, "distribution": "{\"name\": \"CategoricalDistribution\", \"attributes\": {\"choices\": [42]}}"}
{"op_code": 5, "worker_id": "d76937a8-9ef8-497a-9248-2a7104e63a90-139976126330688", "trial_id": 41, "param_name": "degree", "param_value_internal": 0, "distribution": "{\"name\": \"CategoricalDistribution\", \"attributes\": {\"choices\": [0]}}"}
{"op_code": 8, "worker_id": "d76937a8-9ef8-497a-9248-2a7104e63a90-139976126330688", "trial_id": 41, "user_attr": {"best_epoch": 1}}
{"op_code": 8, "worker_id": "d76937a8-9ef8-497a-9248-2a7104e63a90-139976126330688", "trial_id": 41, "user_attr": {"test_loss": 0.45101978130179016}}
{"op_code": 6, "worker_id": "d76937a8-9ef8-497a-9248-2a7104e63a90-139976126330688", "trial_id": 41, "state": 1, "values": [0.44633119600040316], "datetime_complete": "2024-08-31T00:41:01.109154"}
{"op_code": 4, "worker_id": "d76937a8-9ef8-497a-9248-2a7104e63a90-139976126330688", "study_id": 0, "datetime_start": "2024-08-31T00:41:01.134331"}
{"op_code": 5, "worker_id": "d76937a8-9ef8-497a-9248-2a7104e63a90-139976126330688", "trial_id": 42, "param_name": "lr", "param_value_internal": 6.271878165120705e-05, "distribution": "{\"name\": \"FloatDistribution\", \"attributes\": {\"step\": null, \"low\": 1e-05, \"high\": 0.001, \"log\": true}}"}
{"op_code": 5, "worker_id": "d76937a8-9ef8-497a-9248-2a7104e63a90-139976126330688", "trial_id": 42, "param_name": "l2reg", "param_value_internal": 1.587352653890552e-05, "distribution": "{\"name\": \"FloatDistribution\", \"attributes\": {\"step\": null, \"low\": 1e-08, \"high\": 0.001, \"log\": true}}"}
{"op_code": 5, "worker_id": "d76937a8-9ef8-497a-9248-2a7104e63a90-139976126330688", "trial_id": 42, "param_name": "random_seed", "param_value_internal": 0, "distribution": "{\"name\": \"CategoricalDistribution\", \"attributes\": {\"choices\": [42]}}"}
{"op_code": 5, "worker_id": "d76937a8-9ef8-497a-9248-2a7104e63a90-139976126330688", "trial_id": 42, "param_name": "degree", "param_value_internal": 0, "distribution": "{\"name\": \"CategoricalDistribution\", \"attributes\": {\"choices\": [0]}}"}
{"op_code": 8, "worker_id": "d76937a8-9ef8-497a-9248-2a7104e63a90-139976126330688", "trial_id": 42, "user_attr": {"best_epoch": 2}}
{"op_code": 8, "worker_id": "d76937a8-9ef8-497a-9248-2a7104e63a90-139976126330688", "trial_id": 42, "user_attr": {"test_loss": 0.4515064839992432}}
{"op_code": 6, "worker_id": "d76937a8-9ef8-497a-9248-2a7104e63a90-139976126330688", "trial_id": 42, "state": 1, "values": [0.4467270403410774], "datetime_complete": "2024-08-31T01:07:39.571747"}
{"op_code": 4, "worker_id": "d76937a8-9ef8-497a-9248-2a7104e63a90-139976126330688", "study_id": 0, "datetime_start": "2024-08-31T01:07:39.580652"}
{"op_code": 5, "worker_id": "d76937a8-9ef8-497a-9248-2a7104e63a90-139976126330688", "trial_id": 43, "param_name": "lr", "param_value_internal": 0.0001013942715292851, "distribution": "{\"name\": \"FloatDistribution\", \"attributes\": {\"step\": null, \"low\": 1e-05, \"high\": 0.001, \"log\": true}}"}
{"op_code": 5, "worker_id": "d76937a8-9ef8-497a-9248-2a7104e63a90-139976126330688", "trial_id": 43, "param_name": "l2reg", "param_value_internal": 4.992296317764538e-06, "distribution": "{\"name\": \"FloatDistribution\", \"attributes\": {\"step\": null, \"low\": 1e-08, \"high\": 0.001, \"log\": true}}"}
{"op_code": 5, "worker_id": "d76937a8-9ef8-497a-9248-2a7104e63a90-139976126330688", "trial_id": 43, "param_name": "random_seed", "param_value_internal": 0, "distribution": "{\"name\": \"CategoricalDistribution\", \"attributes\": {\"choices\": [42]}}"}
{"op_code": 5, "worker_id": "d76937a8-9ef8-497a-9248-2a7104e63a90-139976126330688", "trial_id": 43, "param_name": "degree", "param_value_internal": 0, "distribution": "{\"name\": \"CategoricalDistribution\", \"attributes\": {\"choices\": [0]}}"}
{"op_code": 8, "worker_id": "d76937a8-9ef8-497a-9248-2a7104e63a90-139976126330688", "trial_id": 43, "user_attr": {"best_epoch": 1}}
{"op_code": 8, "worker_id": "d76937a8-9ef8-497a-9248-2a7104e63a90-139976126330688", "trial_id": 43, "user_attr": {"test_loss": 0.45100596167856655}}
{"op_code": 6, "worker_id": "d76937a8-9ef8-497a-9248-2a7104e63a90-139976126330688", "trial_id": 43, "state": 1, "values": [0.4463156966463368], "datetime_complete": "2024-08-31T01:30:04.894712"}
{"op_code": 4, "worker_id": "d76937a8-9ef8-497a-9248-2a7104e63a90-139976126330688", "study_id": 0, "datetime_start": "2024-08-31T01:30:04.914703"}
{"op_code": 5, "worker_id": "d76937a8-9ef8-497a-9248-2a7104e63a90-139976126330688", "trial_id": 44, "param_name": "lr", "param_value_internal": 0.0002369947840248718, "distribution": "{\"name\": \"FloatDistribution\", \"attributes\": {\"step\": null, \"low\": 1e-05, \"high\": 0.001, \"log\": true}}"}
{"op_code": 5, "worker_id": "d76937a8-9ef8-497a-9248-2a7104e63a90-139976126330688", "trial_id": 44, "param_name": "l2reg", "param_value_internal": 4.801961169371142e-06, "distribution": "{\"name\": \"FloatDistribution\", \"attributes\": {\"step\": null, \"low\": 1e-08, \"high\": 0.001, \"log\": true}}"}
{"op_code": 5, "worker_id": "d76937a8-9ef8-497a-9248-2a7104e63a90-139976126330688", "trial_id": 44, "param_name": "random_seed", "param_value_internal": 0, "distribution": "{\"name\": \"CategoricalDistribution\", \"attributes\": {\"choices\": [42]}}"}
{"op_code": 5, "worker_id": "d76937a8-9ef8-497a-9248-2a7104e63a90-139976126330688", "trial_id": 44, "param_name": "degree", "param_value_internal": 0, "distribution": "{\"name\": \"CategoricalDistribution\", \"attributes\": {\"choices\": [0]}}"}
{"op_code": 8, "worker_id": "d76937a8-9ef8-497a-9248-2a7104e63a90-139976126330688", "trial_id": 44, "user_attr": {"best_epoch": 0}}
{"op_code": 8, "worker_id": "d76937a8-9ef8-497a-9248-2a7104e63a90-139976126330688", "trial_id": 44, "user_attr": {"test_loss": 0.45218062965257466}}
{"op_code": 6, "worker_id": "d76937a8-9ef8-497a-9248-2a7104e63a90-139976126330688", "trial_id": 44, "state": 1, "values": [0.44750074824467906], "datetime_complete": "2024-08-31T01:48:18.078348"}
{"op_code": 4, "worker_id": "d76937a8-9ef8-497a-9248-2a7104e63a90-139976126330688", "study_id": 0, "datetime_start": "2024-08-31T01:48:18.087080"}
{"op_code": 5, "worker_id": "d76937a8-9ef8-497a-9248-2a7104e63a90-139976126330688", "trial_id": 45, "param_name": "lr", "param_value_internal": 0.00015451777043595002, "distribution": "{\"name\": \"FloatDistribution\", \"attributes\": {\"step\": null, \"low\": 1e-05, \"high\": 0.001, \"log\": true}}"}
{"op_code": 5, "worker_id": "d76937a8-9ef8-497a-9248-2a7104e63a90-139976126330688", "trial_id": 45, "param_name": "l2reg", "param_value_internal": 4.894421635705874e-05, "distribution": "{\"name\": \"FloatDistribution\", \"attributes\": {\"step\": null, \"low\": 1e-08, \"high\": 0.001, \"log\": true}}"}
{"op_code": 5, "worker_id": "d76937a8-9ef8-497a-9248-2a7104e63a90-139976126330688", "trial_id": 45, "param_name": "random_seed", "param_value_internal": 0, "distribution": "{\"name\": \"CategoricalDistribution\", \"attributes\": {\"choices\": [42]}}"}
{"op_code": 5, "worker_id": "d76937a8-9ef8-497a-9248-2a7104e63a90-139976126330688", "trial_id": 45, "param_name": "degree", "param_value_internal": 0, "distribution": "{\"name\": \"CategoricalDistribution\", \"attributes\": {\"choices\": [0]}}"}
{"op_code": 8, "worker_id": "d76937a8-9ef8-497a-9248-2a7104e63a90-139976126330688", "trial_id": 45, "user_attr": {"best_epoch": 1}}
{"op_code": 8, "worker_id": "d76937a8-9ef8-497a-9248-2a7104e63a90-139976126330688", "trial_id": 45, "user_attr": {"test_loss": 0.4523353941623774}}
{"op_code": 6, "worker_id": "d76937a8-9ef8-497a-9248-2a7104e63a90-139976126330688", "trial_id": 45, "state": 1, "values": [0.44764432723641173], "datetime_complete": "2024-08-31T02:10:44.104883"}
{"op_code": 4, "worker_id": "d76937a8-9ef8-497a-9248-2a7104e63a90-139976126330688", "study_id": 0, "datetime_start": "2024-08-31T02:10:44.115383"}
{"op_code": 5, "worker_id": "d76937a8-9ef8-497a-9248-2a7104e63a90-139976126330688", "trial_id": 46, "param_name": "lr", "param_value_internal": 4.907097729509627e-05, "distribution": "{\"name\": \"FloatDistribution\", \"attributes\": {\"step\": null, \"low\": 1e-05, \"high\": 0.001, \"log\": true}}"}
{"op_code": 5, "worker_id": "d76937a8-9ef8-497a-9248-2a7104e63a90-139976126330688", "trial_id": 46, "param_name": "l2reg", "param_value_internal": 4.555506840394597e-06, "distribution": "{\"name\": \"FloatDistribution\", \"attributes\": {\"step\": null, \"low\": 1e-08, \"high\": 0.001, \"log\": true}}"}
{"op_code": 5, "worker_id": "d76937a8-9ef8-497a-9248-2a7104e63a90-139976126330688", "trial_id": 46, "param_name": "random_seed", "param_value_internal": 0, "distribution": "{\"name\": \"CategoricalDistribution\", \"attributes\": {\"choices\": [42]}}"}
{"op_code": 5, "worker_id": "d76937a8-9ef8-497a-9248-2a7104e63a90-139976126330688", "trial_id": 46, "param_name": "degree", "param_value_internal": 0, "distribution": "{\"name\": \"CategoricalDistribution\", \"attributes\": {\"choices\": [0]}}"}
{"op_code": 8, "worker_id": "d76937a8-9ef8-497a-9248-2a7104e63a90-139976126330688", "trial_id": 46, "user_attr": {"best_epoch": 2}}
{"op_code": 8, "worker_id": "d76937a8-9ef8-497a-9248-2a7104e63a90-139976126330688", "trial_id": 46, "user_attr": {"test_loss": 0.45191309396320684}}
{"op_code": 6, "worker_id": "d76937a8-9ef8-497a-9248-2a7104e63a90-139976126330688", "trial_id": 46, "state": 1, "values": [0.4472426420061509], "datetime_complete": "2024-08-31T02:37:26.317986"}
{"op_code": 4, "worker_id": "d76937a8-9ef8-497a-9248-2a7104e63a90-139976126330688", "study_id": 0, "datetime_start": "2024-08-31T02:37:26.327414"}
{"op_code": 5, "worker_id": "d76937a8-9ef8-497a-9248-2a7104e63a90-139976126330688", "trial_id": 47, "param_name": "lr", "param_value_internal": 7.567933306193547e-05, "distribution": "{\"name\": \"FloatDistribution\", \"attributes\": {\"step\": null, \"low\": 1e-05, \"high\": 0.001, \"log\": true}}"}
{"op_code": 5, "worker_id": "d76937a8-9ef8-497a-9248-2a7104e63a90-139976126330688", "trial_id": 47, "param_name": "l2reg", "param_value_internal": 0.0003260511554433512, "distribution": "{\"name\": \"FloatDistribution\", \"attributes\": {\"step\": null, \"low\": 1e-08, \"high\": 0.001, \"log\": true}}"}
{"op_code": 5, "worker_id": "d76937a8-9ef8-497a-9248-2a7104e63a90-139976126330688", "trial_id": 47, "param_name": "random_seed", "param_value_internal": 0, "distribution": "{\"name\": \"CategoricalDistribution\", \"attributes\": {\"choices\": [42]}}"}
{"op_code": 5, "worker_id": "d76937a8-9ef8-497a-9248-2a7104e63a90-139976126330688", "trial_id": 47, "param_name": "degree", "param_value_internal": 0, "distribution": "{\"name\": \"CategoricalDistribution\", \"attributes\": {\"choices\": [0]}}"}
{"op_code": 8, "worker_id": "d76937a8-9ef8-497a-9248-2a7104e63a90-139976126330688", "trial_id": 47, "user_attr": {"best_epoch": 1}}
{"op_code": 8, "worker_id": "d76937a8-9ef8-497a-9248-2a7104e63a90-139976126330688", "trial_id": 47, "user_attr": {"test_loss": 0.45141795442395155}}
{"op_code": 6, "worker_id": "d76937a8-9ef8-497a-9248-2a7104e63a90-139976126330688", "trial_id": 47, "state": 1, "values": [0.4467354390058424], "datetime_complete": "2024-08-31T02:59:54.557176"}
{"op_code": 4, "worker_id": "d76937a8-9ef8-497a-9248-2a7104e63a90-139976126330688", "study_id": 0, "datetime_start": "2024-08-31T02:59:54.568546"}
{"op_code": 5, "worker_id": "d76937a8-9ef8-497a-9248-2a7104e63a90-139976126330688", "trial_id": 48, "param_name": "lr", "param_value_internal": 0.00010703868914291229, "distribution": "{\"name\": \"FloatDistribution\", \"attributes\": {\"step\": null, \"low\": 1e-05, \"high\": 0.001, \"log\": true}}"}
{"op_code": 5, "worker_id": "d76937a8-9ef8-497a-9248-2a7104e63a90-139976126330688", "trial_id": 48, "param_name": "l2reg", "param_value_internal": 1.3369320226639312e-05, "distribution": "{\"name\": \"FloatDistribution\", \"attributes\": {\"step\": null, \"low\": 1e-08, \"high\": 0.001, \"log\": true}}"}
{"op_code": 5, "worker_id": "d76937a8-9ef8-497a-9248-2a7104e63a90-139976126330688", "trial_id": 48, "param_name": "random_seed", "param_value_internal": 0, "distribution": "{\"name\": \"CategoricalDistribution\", \"attributes\": {\"choices\": [42]}}"}
{"op_code": 5, "worker_id": "d76937a8-9ef8-497a-9248-2a7104e63a90-139976126330688", "trial_id": 48, "param_name": "degree", "param_value_internal": 0, "distribution": "{\"name\": \"CategoricalDistribution\", \"attributes\": {\"choices\": [0]}}"}
{"op_code": 8, "worker_id": "d76937a8-9ef8-497a-9248-2a7104e63a90-139976126330688", "trial_id": 48, "user_attr": {"best_epoch": 1}}
{"op_code": 8, "worker_id": "d76937a8-9ef8-497a-9248-2a7104e63a90-139976126330688", "trial_id": 48, "user_attr": {"test_loss": 0.4510524979236207}}
{"op_code": 6, "worker_id": "d76937a8-9ef8-497a-9248-2a7104e63a90-139976126330688", "trial_id": 48, "state": 1, "values": [0.4463662795136715], "datetime_complete": "2024-08-31T03:22:22.574863"}
{"op_code": 4, "worker_id": "d76937a8-9ef8-497a-9248-2a7104e63a90-139976126330688", "study_id": 0, "datetime_start": "2024-08-31T03:22:22.583900"}
{"op_code": 5, "worker_id": "d76937a8-9ef8-497a-9248-2a7104e63a90-139976126330688", "trial_id": 49, "param_name": "lr", "param_value_internal": 0.0007139796923487946, "distribution": "{\"name\": \"FloatDistribution\", \"attributes\": {\"step\": null, \"low\": 1e-05, \"high\": 0.001, \"log\": true}}"}
{"op_code": 5, "worker_id": "d76937a8-9ef8-497a-9248-2a7104e63a90-139976126330688", "trial_id": 49, "param_name": "l2reg", "param_value_internal": 3.221210029958828e-05, "distribution": "{\"name\": \"FloatDistribution\", \"attributes\": {\"step\": null, \"low\": 1e-08, \"high\": 0.001, \"log\": true}}"}
{"op_code": 5, "worker_id": "d76937a8-9ef8-497a-9248-2a7104e63a90-139976126330688", "trial_id": 49, "param_name": "random_seed", "param_value_internal": 0, "distribution": "{\"name\": \"CategoricalDistribution\", \"attributes\": {\"choices\": [42]}}"}
{"op_code": 5, "worker_id": "d76937a8-9ef8-497a-9248-2a7104e63a90-139976126330688", "trial_id": 49, "param_name": "degree", "param_value_internal": 0, "distribution": "{\"name\": \"CategoricalDistribution\", \"attributes\": {\"choices\": [0]}}"}
{"op_code": 8, "worker_id": "d76937a8-9ef8-497a-9248-2a7104e63a90-139976126330688", "trial_id": 49, "user_attr": {"best_epoch": 0}}
{"op_code": 8, "worker_id": "d76937a8-9ef8-497a-9248-2a7104e63a90-139976126330688", "trial_id": 49, "user_attr": {"test_loss": 0.45258953016182396}}
{"op_code": 6, "worker_id": "d76937a8-9ef8-497a-9248-2a7104e63a90-139976126330688", "trial_id": 49, "state": 1, "values": [0.4478990740090339], "datetime_complete": "2024-08-31T03:40:36.745285"}
