{"op_code": 0, "worker_id": "8dd44d43-ada8-4c4a-a9aa-b95f8d5b7d8a-140118604883776", "study_name": "criteo_bins_32", "directions": [1]}
{"op_code": 4, "worker_id": "8dd44d43-ada8-4c4a-a9aa-b95f8d5b7d8a-140118604883776", "study_id": 0, "datetime_start": "2024-08-30T06:22:03.471514"}
{"op_code": 5, "worker_id": "8dd44d43-ada8-4c4a-a9aa-b95f8d5b7d8a-140118604883776", "trial_id": 0, "param_name": "lr", "param_value_internal": 5.6115164153345e-05, "distribution": "{\"name\": \"FloatDistribution\", \"attributes\": {\"step\": null, \"low\": 1e-05, \"high\": 0.001, \"log\": true}}"}
{"op_code": 5, "worker_id": "8dd44d43-ada8-4c4a-a9aa-b95f8d5b7d8a-140118604883776", "trial_id": 0, "param_name": "l2reg", "param_value_internal": 0.0005669849511478851, "distribution": "{\"name\": \"FloatDistribution\", \"attributes\": {\"step\": null, \"low\": 1e-08, \"high\": 0.001, \"log\": true}}"}
{"op_code": 5, "worker_id": "8dd44d43-ada8-4c4a-a9aa-b95f8d5b7d8a-140118604883776", "trial_id": 0, "param_name": "random_seed", "param_value_internal": 0, "distribution": "{\"name\": \"CategoricalDistribution\", \"attributes\": {\"choices\": [42]}}"}
{"op_code": 5, "worker_id": "8dd44d43-ada8-4c4a-a9aa-b95f8d5b7d8a-140118604883776", "trial_id": 0, "param_name": "degree", "param_value_internal": 0, "distribution": "{\"name\": \"CategoricalDistribution\", \"attributes\": {\"choices\": [0]}}"}
{"op_code": 8, "worker_id": "8dd44d43-ada8-4c4a-a9aa-b95f8d5b7d8a-140118604883776", "trial_id": 0, "user_attr": {"best_epoch": 3}}
{"op_code": 8, "worker_id": "8dd44d43-ada8-4c4a-a9aa-b95f8d5b7d8a-140118604883776", "trial_id": 0, "user_attr": {"test_loss": 0.4525363895111961}}
{"op_code": 6, "worker_id": "8dd44d43-ada8-4c4a-a9aa-b95f8d5b7d8a-140118604883776", "trial_id": 0, "state": 1, "values": [0.44793392846780866], "datetime_complete": "2024-08-30T06:47:35.492039"}
{"op_code": 4, "worker_id": "8dd44d43-ada8-4c4a-a9aa-b95f8d5b7d8a-140118604883776", "study_id": 0, "datetime_start": "2024-08-30T06:47:35.502070"}
{"op_code": 5, "worker_id": "8dd44d43-ada8-4c4a-a9aa-b95f8d5b7d8a-140118604883776", "trial_id": 1, "param_name": "lr", "param_value_internal": 0.000291063591313307, "distribution": "{\"name\": \"FloatDistribution\", \"attributes\": {\"step\": null, \"low\": 1e-05, \"high\": 0.001, \"log\": true}}"}
{"op_code": 5, "worker_id": "8dd44d43-ada8-4c4a-a9aa-b95f8d5b7d8a-140118604883776", "trial_id": 1, "param_name": "l2reg", "param_value_internal": 9.846738873614555e-06, "distribution": "{\"name\": \"FloatDistribution\", \"attributes\": {\"step\": null, \"low\": 1e-08, \"high\": 0.001, \"log\": true}}"}
{"op_code": 5, "worker_id": "8dd44d43-ada8-4c4a-a9aa-b95f8d5b7d8a-140118604883776", "trial_id": 1, "param_name": "random_seed", "param_value_internal": 0, "distribution": "{\"name\": \"CategoricalDistribution\", \"attributes\": {\"choices\": [42]}}"}
{"op_code": 5, "worker_id": "8dd44d43-ada8-4c4a-a9aa-b95f8d5b7d8a-140118604883776", "trial_id": 1, "param_name": "degree", "param_value_internal": 0, "distribution": "{\"name\": \"CategoricalDistribution\", \"attributes\": {\"choices\": [0]}}"}
{"op_code": 8, "worker_id": "8dd44d43-ada8-4c4a-a9aa-b95f8d5b7d8a-140118604883776", "trial_id": 1, "user_attr": {"best_epoch": 0}}
{"op_code": 8, "worker_id": "8dd44d43-ada8-4c4a-a9aa-b95f8d5b7d8a-140118604883776", "trial_id": 1, "user_attr": {"test_loss": 0.45238838210998616}}
{"op_code": 6, "worker_id": "8dd44d43-ada8-4c4a-a9aa-b95f8d5b7d8a-140118604883776", "trial_id": 1, "state": 1, "values": [0.4478369620655218], "datetime_complete": "2024-08-30T07:03:12.799115"}
{"op_code": 4, "worker_id": "8dd44d43-ada8-4c4a-a9aa-b95f8d5b7d8a-140118604883776", "study_id": 0, "datetime_start": "2024-08-30T07:03:12.808232"}
{"op_code": 5, "worker_id": "8dd44d43-ada8-4c4a-a9aa-b95f8d5b7d8a-140118604883776", "trial_id": 2, "param_name": "lr", "param_value_internal": 2.0513382630874486e-05, "distribution": "{\"name\": \"FloatDistribution\", \"attributes\": {\"step\": null, \"low\": 1e-05, \"high\": 0.001, \"log\": true}}"}
{"op_code": 5, "worker_id": "8dd44d43-ada8-4c4a-a9aa-b95f8d5b7d8a-140118604883776", "trial_id": 2, "param_name": "l2reg", "param_value_internal": 6.02521573620385e-08, "distribution": "{\"name\": \"FloatDistribution\", \"attributes\": {\"step\": null, \"low\": 1e-08, \"high\": 0.001, \"log\": true}}"}
{"op_code": 5, "worker_id": "8dd44d43-ada8-4c4a-a9aa-b95f8d5b7d8a-140118604883776", "trial_id": 2, "param_name": "random_seed", "param_value_internal": 0, "distribution": "{\"name\": \"CategoricalDistribution\", \"attributes\": {\"choices\": [42]}}"}
{"op_code": 5, "worker_id": "8dd44d43-ada8-4c4a-a9aa-b95f8d5b7d8a-140118604883776", "trial_id": 2, "param_name": "degree", "param_value_internal": 0, "distribution": "{\"name\": \"CategoricalDistribution\", \"attributes\": {\"choices\": [0]}}"}
{"op_code": 8, "worker_id": "8dd44d43-ada8-4c4a-a9aa-b95f8d5b7d8a-140118604883776", "trial_id": 2, "user_attr": {"best_epoch": 8}}
{"op_code": 8, "worker_id": "8dd44d43-ada8-4c4a-a9aa-b95f8d5b7d8a-140118604883776", "trial_id": 2, "user_attr": {"test_loss": 0.4531807580758137}}
{"op_code": 6, "worker_id": "8dd44d43-ada8-4c4a-a9aa-b95f8d5b7d8a-140118604883776", "trial_id": 2, "state": 1, "values": [0.44843685578423675], "datetime_complete": "2024-08-30T07:39:05.433785"}
{"op_code": 4, "worker_id": "8dd44d43-ada8-4c4a-a9aa-b95f8d5b7d8a-140118604883776", "study_id": 0, "datetime_start": "2024-08-30T07:39:05.442665"}
{"op_code": 5, "worker_id": "8dd44d43-ada8-4c4a-a9aa-b95f8d5b7d8a-140118604883776", "trial_id": 3, "param_name": "lr", "param_value_internal": 1.3066739238053272e-05, "distribution": "{\"name\": \"FloatDistribution\", \"attributes\": {\"step\": null, \"low\": 1e-05, \"high\": 0.001, \"log\": true}}"}
{"op_code": 5, "worker_id": "8dd44d43-ada8-4c4a-a9aa-b95f8d5b7d8a-140118604883776", "trial_id": 3, "param_name": "l2reg", "param_value_internal": 0.00021423021757741048, "distribution": "{\"name\": \"FloatDistribution\", \"attributes\": {\"step\": null, \"low\": 1e-08, \"high\": 0.001, \"log\": true}}"}
{"op_code": 5, "worker_id": "8dd44d43-ada8-4c4a-a9aa-b95f8d5b7d8a-140118604883776", "trial_id": 3, "param_name": "random_seed", "param_value_internal": 0, "distribution": "{\"name\": \"CategoricalDistribution\", \"attributes\": {\"choices\": [42]}}"}
{"op_code": 5, "worker_id": "8dd44d43-ada8-4c4a-a9aa-b95f8d5b7d8a-140118604883776", "trial_id": 3, "param_name": "degree", "param_value_internal": 0, "distribution": "{\"name\": \"CategoricalDistribution\", \"attributes\": {\"choices\": [0]}}"}
{"op_code": 8, "worker_id": "8dd44d43-ada8-4c4a-a9aa-b95f8d5b7d8a-140118604883776", "trial_id": 3, "user_attr": {"best_epoch": 9}}
{"op_code": 8, "worker_id": "8dd44d43-ada8-4c4a-a9aa-b95f8d5b7d8a-140118604883776", "trial_id": 3, "user_attr": {"test_loss": 0.45459520796547814}}
{"op_code": 6, "worker_id": "8dd44d43-ada8-4c4a-a9aa-b95f8d5b7d8a-140118604883776", "trial_id": 3, "state": 1, "values": [0.44991925829100915], "datetime_complete": "2024-08-30T08:14:43.538897"}
{"op_code": 4, "worker_id": "8dd44d43-ada8-4c4a-a9aa-b95f8d5b7d8a-140118604883776", "study_id": 0, "datetime_start": "2024-08-30T08:14:43.551346"}
{"op_code": 5, "worker_id": "8dd44d43-ada8-4c4a-a9aa-b95f8d5b7d8a-140118604883776", "trial_id": 4, "param_name": "lr", "param_value_internal": 0.00015930522616241006, "distribution": "{\"name\": \"FloatDistribution\", \"attributes\": {\"step\": null, \"low\": 1e-05, \"high\": 0.001, \"log\": true}}"}
{"op_code": 5, "worker_id": "8dd44d43-ada8-4c4a-a9aa-b95f8d5b7d8a-140118604883776", "trial_id": 4, "param_name": "l2reg", "param_value_internal": 3.47026698865041e-05, "distribution": "{\"name\": \"FloatDistribution\", \"attributes\": {\"step\": null, \"low\": 1e-08, \"high\": 0.001, \"log\": true}}"}
{"op_code": 5, "worker_id": "8dd44d43-ada8-4c4a-a9aa-b95f8d5b7d8a-140118604883776", "trial_id": 4, "param_name": "random_seed", "param_value_internal": 0, "distribution": "{\"name\": \"CategoricalDistribution\", \"attributes\": {\"choices\": [42]}}"}
{"op_code": 5, "worker_id": "8dd44d43-ada8-4c4a-a9aa-b95f8d5b7d8a-140118604883776", "trial_id": 4, "param_name": "degree", "param_value_internal": 0, "distribution": "{\"name\": \"CategoricalDistribution\", \"attributes\": {\"choices\": [0]}}"}
{"op_code": 8, "worker_id": "8dd44d43-ada8-4c4a-a9aa-b95f8d5b7d8a-140118604883776", "trial_id": 4, "user_attr": {"best_epoch": 1}}
{"op_code": 8, "worker_id": "8dd44d43-ada8-4c4a-a9aa-b95f8d5b7d8a-140118604883776", "trial_id": 4, "user_attr": {"test_loss": 0.45201884080389587}}
{"op_code": 6, "worker_id": "8dd44d43-ada8-4c4a-a9aa-b95f8d5b7d8a-140118604883776", "trial_id": 4, "state": 1, "values": [0.44739225276621475], "datetime_complete": "2024-08-30T08:33:15.769171"}
{"op_code": 4, "worker_id": "8dd44d43-ada8-4c4a-a9aa-b95f8d5b7d8a-140118604883776", "study_id": 0, "datetime_start": "2024-08-30T08:33:15.779175"}
{"op_code": 5, "worker_id": "8dd44d43-ada8-4c4a-a9aa-b95f8d5b7d8a-140118604883776", "trial_id": 5, "param_name": "lr", "param_value_internal": 1.0994335574766187e-05, "distribution": "{\"name\": \"FloatDistribution\", \"attributes\": {\"step\": null, \"low\": 1e-05, \"high\": 0.001, \"log\": true}}"}
{"op_code": 5, "worker_id": "8dd44d43-ada8-4c4a-a9aa-b95f8d5b7d8a-140118604883776", "trial_id": 5, "param_name": "l2reg", "param_value_internal": 0.0007072114131472234, "distribution": "{\"name\": \"FloatDistribution\", \"attributes\": {\"step\": null, \"low\": 1e-08, \"high\": 0.001, \"log\": true}}"}
{"op_code": 5, "worker_id": "8dd44d43-ada8-4c4a-a9aa-b95f8d5b7d8a-140118604883776", "trial_id": 5, "param_name": "random_seed", "param_value_internal": 0, "distribution": "{\"name\": \"CategoricalDistribution\", \"attributes\": {\"choices\": [42]}}"}
{"op_code": 5, "worker_id": "8dd44d43-ada8-4c4a-a9aa-b95f8d5b7d8a-140118604883776", "trial_id": 5, "param_name": "degree", "param_value_internal": 0, "distribution": "{\"name\": \"CategoricalDistribution\", \"attributes\": {\"choices\": [0]}}"}
{"op_code": 8, "worker_id": "8dd44d43-ada8-4c4a-a9aa-b95f8d5b7d8a-140118604883776", "trial_id": 5, "user_attr": {"best_epoch": 9}}
{"op_code": 8, "worker_id": "8dd44d43-ada8-4c4a-a9aa-b95f8d5b7d8a-140118604883776", "trial_id": 5, "user_attr": {"test_loss": 0.4556804301460803}}
{"op_code": 6, "worker_id": "8dd44d43-ada8-4c4a-a9aa-b95f8d5b7d8a-140118604883776", "trial_id": 5, "state": 1, "values": [0.4510260877797901], "datetime_complete": "2024-08-30T09:09:37.400163"}
{"op_code": 4, "worker_id": "8dd44d43-ada8-4c4a-a9aa-b95f8d5b7d8a-140118604883776", "study_id": 0, "datetime_start": "2024-08-30T09:09:37.409009"}
{"op_code": 5, "worker_id": "8dd44d43-ada8-4c4a-a9aa-b95f8d5b7d8a-140118604883776", "trial_id": 6, "param_name": "lr", "param_value_internal": 0.000462258900102083, "distribution": "{\"name\": \"FloatDistribution\", \"attributes\": {\"step\": null, \"low\": 1e-05, \"high\": 0.001, \"log\": true}}"}
{"op_code": 5, "worker_id": "8dd44d43-ada8-4c4a-a9aa-b95f8d5b7d8a-140118604883776", "trial_id": 6, "param_name": "l2reg", "param_value_internal": 1.1526449540315595e-07, "distribution": "{\"name\": \"FloatDistribution\", \"attributes\": {\"step\": null, \"low\": 1e-08, \"high\": 0.001, \"log\": true}}"}
{"op_code": 5, "worker_id": "8dd44d43-ada8-4c4a-a9aa-b95f8d5b7d8a-140118604883776", "trial_id": 6, "param_name": "random_seed", "param_value_internal": 0, "distribution": "{\"name\": \"CategoricalDistribution\", \"attributes\": {\"choices\": [42]}}"}
{"op_code": 5, "worker_id": "8dd44d43-ada8-4c4a-a9aa-b95f8d5b7d8a-140118604883776", "trial_id": 6, "param_name": "degree", "param_value_internal": 0, "distribution": "{\"name\": \"CategoricalDistribution\", \"attributes\": {\"choices\": [0]}}"}
{"op_code": 8, "worker_id": "8dd44d43-ada8-4c4a-a9aa-b95f8d5b7d8a-140118604883776", "trial_id": 6, "user_attr": {"best_epoch": 0}}
{"op_code": 8, "worker_id": "8dd44d43-ada8-4c4a-a9aa-b95f8d5b7d8a-140118604883776", "trial_id": 6, "user_attr": {"test_loss": 0.452413043647562}}
{"op_code": 6, "worker_id": "8dd44d43-ada8-4c4a-a9aa-b95f8d5b7d8a-140118604883776", "trial_id": 6, "state": 1, "values": [0.44786486853799096], "datetime_complete": "2024-08-30T09:24:42.010865"}
{"op_code": 4, "worker_id": "8dd44d43-ada8-4c4a-a9aa-b95f8d5b7d8a-140118604883776", "study_id": 0, "datetime_start": "2024-08-30T09:24:42.022703"}
{"op_code": 5, "worker_id": "8dd44d43-ada8-4c4a-a9aa-b95f8d5b7d8a-140118604883776", "trial_id": 7, "param_name": "lr", "param_value_internal": 2.3102018878452926e-05, "distribution": "{\"name\": \"FloatDistribution\", \"attributes\": {\"step\": null, \"low\": 1e-05, \"high\": 0.001, \"log\": true}}"}
{"op_code": 5, "worker_id": "8dd44d43-ada8-4c4a-a9aa-b95f8d5b7d8a-140118604883776", "trial_id": 7, "param_name": "l2reg", "param_value_internal": 8.260808399079588e-08, "distribution": "{\"name\": \"FloatDistribution\", \"attributes\": {\"step\": null, \"low\": 1e-08, \"high\": 0.001, \"log\": true}}"}
{"op_code": 5, "worker_id": "8dd44d43-ada8-4c4a-a9aa-b95f8d5b7d8a-140118604883776", "trial_id": 7, "param_name": "random_seed", "param_value_internal": 0, "distribution": "{\"name\": \"CategoricalDistribution\", \"attributes\": {\"choices\": [42]}}"}
{"op_code": 5, "worker_id": "8dd44d43-ada8-4c4a-a9aa-b95f8d5b7d8a-140118604883776", "trial_id": 7, "param_name": "degree", "param_value_internal": 0, "distribution": "{\"name\": \"CategoricalDistribution\", \"attributes\": {\"choices\": [0]}}"}
{"op_code": 8, "worker_id": "8dd44d43-ada8-4c4a-a9aa-b95f8d5b7d8a-140118604883776", "trial_id": 7, "user_attr": {"best_epoch": 7}}
{"op_code": 8, "worker_id": "8dd44d43-ada8-4c4a-a9aa-b95f8d5b7d8a-140118604883776", "trial_id": 7, "user_attr": {"test_loss": 0.4530774926591841}}
{"op_code": 6, "worker_id": "8dd44d43-ada8-4c4a-a9aa-b95f8d5b7d8a-140118604883776", "trial_id": 7, "state": 1, "values": [0.4482893828661131], "datetime_complete": "2024-08-30T10:00:12.608290"}
{"op_code": 4, "worker_id": "8dd44d43-ada8-4c4a-a9aa-b95f8d5b7d8a-140118604883776", "study_id": 0, "datetime_start": "2024-08-30T10:00:12.619456"}
{"op_code": 5, "worker_id": "8dd44d43-ada8-4c4a-a9aa-b95f8d5b7d8a-140118604883776", "trial_id": 8, "param_name": "lr", "param_value_internal": 4.059611610484306e-05, "distribution": "{\"name\": \"FloatDistribution\", \"attributes\": {\"step\": null, \"low\": 1e-05, \"high\": 0.001, \"log\": true}}"}
{"op_code": 5, "worker_id": "8dd44d43-ada8-4c4a-a9aa-b95f8d5b7d8a-140118604883776", "trial_id": 8, "param_name": "l2reg", "param_value_internal": 4.2051564509138674e-06, "distribution": "{\"name\": \"FloatDistribution\", \"attributes\": {\"step\": null, \"low\": 1e-08, \"high\": 0.001, \"log\": true}}"}
{"op_code": 5, "worker_id": "8dd44d43-ada8-4c4a-a9aa-b95f8d5b7d8a-140118604883776", "trial_id": 8, "param_name": "random_seed", "param_value_internal": 0, "distribution": "{\"name\": \"CategoricalDistribution\", \"attributes\": {\"choices\": [42]}}"}
{"op_code": 5, "worker_id": "8dd44d43-ada8-4c4a-a9aa-b95f8d5b7d8a-140118604883776", "trial_id": 8, "param_name": "degree", "param_value_internal": 0, "distribution": "{\"name\": \"CategoricalDistribution\", \"attributes\": {\"choices\": [0]}}"}
{"op_code": 8, "worker_id": "8dd44d43-ada8-4c4a-a9aa-b95f8d5b7d8a-140118604883776", "trial_id": 8, "user_attr": {"best_epoch": 4}}
{"op_code": 8, "worker_id": "8dd44d43-ada8-4c4a-a9aa-b95f8d5b7d8a-140118604883776", "trial_id": 8, "user_attr": {"test_loss": 0.45265607050237305}}
{"op_code": 6, "worker_id": "8dd44d43-ada8-4c4a-a9aa-b95f8d5b7d8a-140118604883776", "trial_id": 8, "state": 1, "values": [0.44803509420247806], "datetime_complete": "2024-08-30T10:29:27.997201"}
{"op_code": 4, "worker_id": "8dd44d43-ada8-4c4a-a9aa-b95f8d5b7d8a-140118604883776", "study_id": 0, "datetime_start": "2024-08-30T10:29:28.006624"}
{"op_code": 5, "worker_id": "8dd44d43-ada8-4c4a-a9aa-b95f8d5b7d8a-140118604883776", "trial_id": 9, "param_name": "lr", "param_value_internal": 7.309539835912905e-05, "distribution": "{\"name\": \"FloatDistribution\", \"attributes\": {\"step\": null, \"low\": 1e-05, \"high\": 0.001, \"log\": true}}"}
{"op_code": 5, "worker_id": "8dd44d43-ada8-4c4a-a9aa-b95f8d5b7d8a-140118604883776", "trial_id": 9, "param_name": "l2reg", "param_value_internal": 2.8585493941961875e-07, "distribution": "{\"name\": \"FloatDistribution\", \"attributes\": {\"step\": null, \"low\": 1e-08, \"high\": 0.001, \"log\": true}}"}
{"op_code": 5, "worker_id": "8dd44d43-ada8-4c4a-a9aa-b95f8d5b7d8a-140118604883776", "trial_id": 9, "param_name": "random_seed", "param_value_internal": 0, "distribution": "{\"name\": \"CategoricalDistribution\", \"attributes\": {\"choices\": [42]}}"}
{"op_code": 5, "worker_id": "8dd44d43-ada8-4c4a-a9aa-b95f8d5b7d8a-140118604883776", "trial_id": 9, "param_name": "degree", "param_value_internal": 0, "distribution": "{\"name\": \"CategoricalDistribution\", \"attributes\": {\"choices\": [0]}}"}
{"op_code": 8, "worker_id": "8dd44d43-ada8-4c4a-a9aa-b95f8d5b7d8a-140118604883776", "trial_id": 9, "user_attr": {"best_epoch": 2}}
{"op_code": 8, "worker_id": "8dd44d43-ada8-4c4a-a9aa-b95f8d5b7d8a-140118604883776", "trial_id": 9, "user_attr": {"test_loss": 0.45210538523994}}
{"op_code": 6, "worker_id": "8dd44d43-ada8-4c4a-a9aa-b95f8d5b7d8a-140118604883776", "trial_id": 9, "state": 1, "values": [0.4475307925590884], "datetime_complete": "2024-08-30T10:51:21.769640"}
{"op_code": 4, "worker_id": "8dd44d43-ada8-4c4a-a9aa-b95f8d5b7d8a-140118604883776", "study_id": 0, "datetime_start": "2024-08-30T10:51:21.778268"}
{"op_code": 5, "worker_id": "8dd44d43-ada8-4c4a-a9aa-b95f8d5b7d8a-140118604883776", "trial_id": 10, "param_name": "lr", "param_value_internal": 0.00018471184590376964, "distribution": "{\"name\": \"FloatDistribution\", \"attributes\": {\"step\": null, \"low\": 1e-05, \"high\": 0.001, \"log\": true}}"}
{"op_code": 5, "worker_id": "8dd44d43-ada8-4c4a-a9aa-b95f8d5b7d8a-140118604883776", "trial_id": 10, "param_name": "l2reg", "param_value_internal": 3.8521646942747446e-05, "distribution": "{\"name\": \"FloatDistribution\", \"attributes\": {\"step\": null, \"low\": 1e-08, \"high\": 0.001, \"log\": true}}"}
{"op_code": 5, "worker_id": "8dd44d43-ada8-4c4a-a9aa-b95f8d5b7d8a-140118604883776", "trial_id": 10, "param_name": "random_seed", "param_value_internal": 0, "distribution": "{\"name\": \"CategoricalDistribution\", \"attributes\": {\"choices\": [42]}}"}
{"op_code": 5, "worker_id": "8dd44d43-ada8-4c4a-a9aa-b95f8d5b7d8a-140118604883776", "trial_id": 10, "param_name": "degree", "param_value_internal": 0, "distribution": "{\"name\": \"CategoricalDistribution\", \"attributes\": {\"choices\": [0]}}"}
{"op_code": 8, "worker_id": "8dd44d43-ada8-4c4a-a9aa-b95f8d5b7d8a-140118604883776", "trial_id": 10, "user_attr": {"best_epoch": 1}}
{"op_code": 8, "worker_id": "8dd44d43-ada8-4c4a-a9aa-b95f8d5b7d8a-140118604883776", "trial_id": 10, "user_attr": {"test_loss": 0.45252318070004866}}
{"op_code": 6, "worker_id": "8dd44d43-ada8-4c4a-a9aa-b95f8d5b7d8a-140118604883776", "trial_id": 10, "state": 1, "values": [0.44787456517821966], "datetime_complete": "2024-08-30T11:09:50.899084"}
{"op_code": 4, "worker_id": "8dd44d43-ada8-4c4a-a9aa-b95f8d5b7d8a-140118604883776", "study_id": 0, "datetime_start": "2024-08-30T11:09:50.920413"}
{"op_code": 5, "worker_id": "8dd44d43-ada8-4c4a-a9aa-b95f8d5b7d8a-140118604883776", "trial_id": 11, "param_name": "lr", "param_value_internal": 0.00010866115799955205, "distribution": "{\"name\": \"FloatDistribution\", \"attributes\": {\"step\": null, \"low\": 1e-05, \"high\": 0.001, \"log\": true}}"}
{"op_code": 5, "worker_id": "8dd44d43-ada8-4c4a-a9aa-b95f8d5b7d8a-140118604883776", "trial_id": 11, "param_name": "l2reg", "param_value_internal": 6.548583129896901e-07, "distribution": "{\"name\": \"FloatDistribution\", \"attributes\": {\"step\": null, \"low\": 1e-08, \"high\": 0.001, \"log\": true}}"}
{"op_code": 5, "worker_id": "8dd44d43-ada8-4c4a-a9aa-b95f8d5b7d8a-140118604883776", "trial_id": 11, "param_name": "random_seed", "param_value_internal": 0, "distribution": "{\"name\": \"CategoricalDistribution\", \"attributes\": {\"choices\": [42]}}"}
{"op_code": 5, "worker_id": "8dd44d43-ada8-4c4a-a9aa-b95f8d5b7d8a-140118604883776", "trial_id": 11, "param_name": "degree", "param_value_internal": 0, "distribution": "{\"name\": \"CategoricalDistribution\", \"attributes\": {\"choices\": [0]}}"}
{"op_code": 8, "worker_id": "8dd44d43-ada8-4c4a-a9aa-b95f8d5b7d8a-140118604883776", "trial_id": 11, "user_attr": {"best_epoch": 1}}
{"op_code": 8, "worker_id": "8dd44d43-ada8-4c4a-a9aa-b95f8d5b7d8a-140118604883776", "trial_id": 11, "user_attr": {"test_loss": 0.45161459773672746}}
{"op_code": 6, "worker_id": "8dd44d43-ada8-4c4a-a9aa-b95f8d5b7d8a-140118604883776", "trial_id": 11, "state": 1, "values": [0.4470285524061411], "datetime_complete": "2024-08-30T11:28:21.938652"}
{"op_code": 4, "worker_id": "8dd44d43-ada8-4c4a-a9aa-b95f8d5b7d8a-140118604883776", "study_id": 0, "datetime_start": "2024-08-30T11:28:21.953993"}
{"op_code": 5, "worker_id": "8dd44d43-ada8-4c4a-a9aa-b95f8d5b7d8a-140118604883776", "trial_id": 12, "param_name": "lr", "param_value_internal": 0.0001458251474269136, "distribution": "{\"name\": \"FloatDistribution\", \"attributes\": {\"step\": null, \"low\": 1e-05, \"high\": 0.001, \"log\": true}}"}
{"op_code": 5, "worker_id": "8dd44d43-ada8-4c4a-a9aa-b95f8d5b7d8a-140118604883776", "trial_id": 12, "param_name": "l2reg", "param_value_internal": 8.447304290120655e-07, "distribution": "{\"name\": \"FloatDistribution\", \"attributes\": {\"step\": null, \"low\": 1e-08, \"high\": 0.001, \"log\": true}}"}
{"op_code": 5, "worker_id": "8dd44d43-ada8-4c4a-a9aa-b95f8d5b7d8a-140118604883776", "trial_id": 12, "param_name": "random_seed", "param_value_internal": 0, "distribution": "{\"name\": \"CategoricalDistribution\", \"attributes\": {\"choices\": [42]}}"}
{"op_code": 5, "worker_id": "8dd44d43-ada8-4c4a-a9aa-b95f8d5b7d8a-140118604883776", "trial_id": 12, "param_name": "degree", "param_value_internal": 0, "distribution": "{\"name\": \"CategoricalDistribution\", \"attributes\": {\"choices\": [0]}}"}
{"op_code": 8, "worker_id": "8dd44d43-ada8-4c4a-a9aa-b95f8d5b7d8a-140118604883776", "trial_id": 12, "user_attr": {"best_epoch": 1}}
{"op_code": 8, "worker_id": "8dd44d43-ada8-4c4a-a9aa-b95f8d5b7d8a-140118604883776", "trial_id": 12, "user_attr": {"test_loss": 0.4518091795587463}}
{"op_code": 6, "worker_id": "8dd44d43-ada8-4c4a-a9aa-b95f8d5b7d8a-140118604883776", "trial_id": 12, "state": 1, "values": [0.44719240272055655], "datetime_complete": "2024-08-30T11:47:11.972570"}
{"op_code": 4, "worker_id": "8dd44d43-ada8-4c4a-a9aa-b95f8d5b7d8a-140118604883776", "study_id": 0, "datetime_start": "2024-08-30T11:47:11.981468"}
{"op_code": 5, "worker_id": "8dd44d43-ada8-4c4a-a9aa-b95f8d5b7d8a-140118604883776", "trial_id": 13, "param_name": "lr", "param_value_internal": 0.0007215064248475351, "distribution": "{\"name\": \"FloatDistribution\", \"attributes\": {\"step\": null, \"low\": 1e-05, \"high\": 0.001, \"log\": true}}"}
{"op_code": 5, "worker_id": "8dd44d43-ada8-4c4a-a9aa-b95f8d5b7d8a-140118604883776", "trial_id": 13, "param_name": "l2reg", "param_value_internal": 7.771041719880855e-07, "distribution": "{\"name\": \"FloatDistribution\", \"attributes\": {\"step\": null, \"low\": 1e-08, \"high\": 0.001, \"log\": true}}"}
{"op_code": 5, "worker_id": "8dd44d43-ada8-4c4a-a9aa-b95f8d5b7d8a-140118604883776", "trial_id": 13, "param_name": "random_seed", "param_value_internal": 0, "distribution": "{\"name\": \"CategoricalDistribution\", \"attributes\": {\"choices\": [42]}}"}
{"op_code": 5, "worker_id": "8dd44d43-ada8-4c4a-a9aa-b95f8d5b7d8a-140118604883776", "trial_id": 13, "param_name": "degree", "param_value_internal": 0, "distribution": "{\"name\": \"CategoricalDistribution\", \"attributes\": {\"choices\": [0]}}"}
{"op_code": 8, "worker_id": "8dd44d43-ada8-4c4a-a9aa-b95f8d5b7d8a-140118604883776", "trial_id": 13, "user_attr": {"best_epoch": 0}}
{"op_code": 8, "worker_id": "8dd44d43-ada8-4c4a-a9aa-b95f8d5b7d8a-140118604883776", "trial_id": 13, "user_attr": {"test_loss": 0.45272696287896497}}
{"op_code": 6, "worker_id": "8dd44d43-ada8-4c4a-a9aa-b95f8d5b7d8a-140118604883776", "trial_id": 13, "state": 1, "values": [0.4481044595382872], "datetime_complete": "2024-08-30T12:02:16.117229"}
{"op_code": 4, "worker_id": "8dd44d43-ada8-4c4a-a9aa-b95f8d5b7d8a-140118604883776", "study_id": 0, "datetime_start": "2024-08-30T12:02:16.125740"}
{"op_code": 5, "worker_id": "8dd44d43-ada8-4c4a-a9aa-b95f8d5b7d8a-140118604883776", "trial_id": 14, "param_name": "lr", "param_value_internal": 0.00011999389989236523, "distribution": "{\"name\": \"FloatDistribution\", \"attributes\": {\"step\": null, \"low\": 1e-05, \"high\": 0.001, \"log\": true}}"}
{"op_code": 5, "worker_id": "8dd44d43-ada8-4c4a-a9aa-b95f8d5b7d8a-140118604883776", "trial_id": 14, "param_name": "l2reg", "param_value_internal": 1.163814228102759e-08, "distribution": "{\"name\": \"FloatDistribution\", \"attributes\": {\"step\": null, \"low\": 1e-08, \"high\": 0.001, \"log\": true}}"}
{"op_code": 5, "worker_id": "8dd44d43-ada8-4c4a-a9aa-b95f8d5b7d8a-140118604883776", "trial_id": 14, "param_name": "random_seed", "param_value_internal": 0, "distribution": "{\"name\": \"CategoricalDistribution\", \"attributes\": {\"choices\": [42]}}"}
{"op_code": 5, "worker_id": "8dd44d43-ada8-4c4a-a9aa-b95f8d5b7d8a-140118604883776", "trial_id": 14, "param_name": "degree", "param_value_internal": 0, "distribution": "{\"name\": \"CategoricalDistribution\", \"attributes\": {\"choices\": [0]}}"}
{"op_code": 8, "worker_id": "8dd44d43-ada8-4c4a-a9aa-b95f8d5b7d8a-140118604883776", "trial_id": 14, "user_attr": {"best_epoch": 1}}
{"op_code": 8, "worker_id": "8dd44d43-ada8-4c4a-a9aa-b95f8d5b7d8a-140118604883776", "trial_id": 14, "user_attr": {"test_loss": 0.45159031795669924}}
{"op_code": 6, "worker_id": "8dd44d43-ada8-4c4a-a9aa-b95f8d5b7d8a-140118604883776", "trial_id": 14, "state": 1, "values": [0.4469938124746131], "datetime_complete": "2024-08-30T12:20:48.275009"}
{"op_code": 4, "worker_id": "8dd44d43-ada8-4c4a-a9aa-b95f8d5b7d8a-140118604883776", "study_id": 0, "datetime_start": "2024-08-30T12:20:48.284264"}
{"op_code": 5, "worker_id": "8dd44d43-ada8-4c4a-a9aa-b95f8d5b7d8a-140118604883776", "trial_id": 15, "param_name": "lr", "param_value_internal": 0.0001073721670402528, "distribution": "{\"name\": \"FloatDistribution\", \"attributes\": {\"step\": null, \"low\": 1e-05, \"high\": 0.001, \"log\": true}}"}
{"op_code": 5, "worker_id": "8dd44d43-ada8-4c4a-a9aa-b95f8d5b7d8a-140118604883776", "trial_id": 15, "param_name": "l2reg", "param_value_internal": 1.1607691847924097e-08, "distribution": "{\"name\": \"FloatDistribution\", \"attributes\": {\"step\": null, \"low\": 1e-08, \"high\": 0.001, \"log\": true}}"}
{"op_code": 5, "worker_id": "8dd44d43-ada8-4c4a-a9aa-b95f8d5b7d8a-140118604883776", "trial_id": 15, "param_name": "random_seed", "param_value_internal": 0, "distribution": "{\"name\": \"CategoricalDistribution\", \"attributes\": {\"choices\": [42]}}"}
{"op_code": 5, "worker_id": "8dd44d43-ada8-4c4a-a9aa-b95f8d5b7d8a-140118604883776", "trial_id": 15, "param_name": "degree", "param_value_internal": 0, "distribution": "{\"name\": \"CategoricalDistribution\", \"attributes\": {\"choices\": [0]}}"}
{"op_code": 8, "worker_id": "8dd44d43-ada8-4c4a-a9aa-b95f8d5b7d8a-140118604883776", "trial_id": 15, "user_attr": {"best_epoch": 1}}
{"op_code": 8, "worker_id": "8dd44d43-ada8-4c4a-a9aa-b95f8d5b7d8a-140118604883776", "trial_id": 15, "user_attr": {"test_loss": 0.4516242943784369}}
{"op_code": 6, "worker_id": "8dd44d43-ada8-4c4a-a9aa-b95f8d5b7d8a-140118604883776", "trial_id": 15, "state": 1, "values": [0.44703908891284627], "datetime_complete": "2024-08-30T12:39:16.289855"}
{"op_code": 4, "worker_id": "8dd44d43-ada8-4c4a-a9aa-b95f8d5b7d8a-140118604883776", "study_id": 0, "datetime_start": "2024-08-30T12:39:16.299007"}
{"op_code": 5, "worker_id": "8dd44d43-ada8-4c4a-a9aa-b95f8d5b7d8a-140118604883776", "trial_id": 16, "param_name": "lr", "param_value_internal": 0.000266115734442784, "distribution": "{\"name\": \"FloatDistribution\", \"attributes\": {\"step\": null, \"low\": 1e-05, \"high\": 0.001, \"log\": true}}"}
{"op_code": 5, "worker_id": "8dd44d43-ada8-4c4a-a9aa-b95f8d5b7d8a-140118604883776", "trial_id": 16, "param_name": "l2reg", "param_value_internal": 1.568961028063835e-08, "distribution": "{\"name\": \"FloatDistribution\", \"attributes\": {\"step\": null, \"low\": 1e-08, \"high\": 0.001, \"log\": true}}"}
{"op_code": 5, "worker_id": "8dd44d43-ada8-4c4a-a9aa-b95f8d5b7d8a-140118604883776", "trial_id": 16, "param_name": "random_seed", "param_value_internal": 0, "distribution": "{\"name\": \"CategoricalDistribution\", \"attributes\": {\"choices\": [42]}}"}
{"op_code": 5, "worker_id": "8dd44d43-ada8-4c4a-a9aa-b95f8d5b7d8a-140118604883776", "trial_id": 16, "param_name": "degree", "param_value_internal": 0, "distribution": "{\"name\": \"CategoricalDistribution\", \"attributes\": {\"choices\": [0]}}"}
{"op_code": 8, "worker_id": "8dd44d43-ada8-4c4a-a9aa-b95f8d5b7d8a-140118604883776", "trial_id": 16, "user_attr": {"best_epoch": 0}}
{"op_code": 8, "worker_id": "8dd44d43-ada8-4c4a-a9aa-b95f8d5b7d8a-140118604883776", "trial_id": 16, "user_attr": {"test_loss": 0.45240483586028835}}
{"op_code": 6, "worker_id": "8dd44d43-ada8-4c4a-a9aa-b95f8d5b7d8a-140118604883776", "trial_id": 16, "state": 1, "values": [0.4478566607519706], "datetime_complete": "2024-08-30T12:54:22.574005"}
{"op_code": 4, "worker_id": "8dd44d43-ada8-4c4a-a9aa-b95f8d5b7d8a-140118604883776", "study_id": 0, "datetime_start": "2024-08-30T12:54:22.582561"}
{"op_code": 5, "worker_id": "8dd44d43-ada8-4c4a-a9aa-b95f8d5b7d8a-140118604883776", "trial_id": 17, "param_name": "lr", "param_value_internal": 3.86172512193305e-05, "distribution": "{\"name\": \"FloatDistribution\", \"attributes\": {\"step\": null, \"low\": 1e-05, \"high\": 0.001, \"log\": true}}"}
{"op_code": 5, "worker_id": "8dd44d43-ada8-4c4a-a9aa-b95f8d5b7d8a-140118604883776", "trial_id": 17, "param_name": "l2reg", "param_value_internal": 1.0170719863380127e-06, "distribution": "{\"name\": \"FloatDistribution\", \"attributes\": {\"step\": null, \"low\": 1e-08, \"high\": 0.001, \"log\": true}}"}
{"op_code": 5, "worker_id": "8dd44d43-ada8-4c4a-a9aa-b95f8d5b7d8a-140118604883776", "trial_id": 17, "param_name": "random_seed", "param_value_internal": 0, "distribution": "{\"name\": \"CategoricalDistribution\", \"attributes\": {\"choices\": [42]}}"}
{"op_code": 5, "worker_id": "8dd44d43-ada8-4c4a-a9aa-b95f8d5b7d8a-140118604883776", "trial_id": 17, "param_name": "degree", "param_value_internal": 0, "distribution": "{\"name\": \"CategoricalDistribution\", \"attributes\": {\"choices\": [0]}}"}
{"op_code": 8, "worker_id": "8dd44d43-ada8-4c4a-a9aa-b95f8d5b7d8a-140118604883776", "trial_id": 17, "user_attr": {"best_epoch": 4}}
{"op_code": 8, "worker_id": "8dd44d43-ada8-4c4a-a9aa-b95f8d5b7d8a-140118604883776", "trial_id": 17, "user_attr": {"test_loss": 0.45264561034556844}}
{"op_code": 6, "worker_id": "8dd44d43-ada8-4c4a-a9aa-b95f8d5b7d8a-140118604883776", "trial_id": 17, "state": 1, "values": [0.4480303985853594], "datetime_complete": "2024-08-30T13:23:27.781840"}
{"op_code": 4, "worker_id": "8dd44d43-ada8-4c4a-a9aa-b95f8d5b7d8a-140118604883776", "study_id": 0, "datetime_start": "2024-08-30T13:23:27.792250"}
{"op_code": 5, "worker_id": "8dd44d43-ada8-4c4a-a9aa-b95f8d5b7d8a-140118604883776", "trial_id": 18, "param_name": "lr", "param_value_internal": 9.380604257626663e-05, "distribution": "{\"name\": \"FloatDistribution\", \"attributes\": {\"step\": null, \"low\": 1e-05, \"high\": 0.001, \"log\": true}}"}
{"op_code": 5, "worker_id": "8dd44d43-ada8-4c4a-a9aa-b95f8d5b7d8a-140118604883776", "trial_id": 18, "param_name": "l2reg", "param_value_internal": 2.7008546016071743e-08, "distribution": "{\"name\": \"FloatDistribution\", \"attributes\": {\"step\": null, \"low\": 1e-08, \"high\": 0.001, \"log\": true}}"}
{"op_code": 5, "worker_id": "8dd44d43-ada8-4c4a-a9aa-b95f8d5b7d8a-140118604883776", "trial_id": 18, "param_name": "random_seed", "param_value_internal": 0, "distribution": "{\"name\": \"CategoricalDistribution\", \"attributes\": {\"choices\": [42]}}"}
{"op_code": 5, "worker_id": "8dd44d43-ada8-4c4a-a9aa-b95f8d5b7d8a-140118604883776", "trial_id": 18, "param_name": "degree", "param_value_internal": 0, "distribution": "{\"name\": \"CategoricalDistribution\", \"attributes\": {\"choices\": [0]}}"}
{"op_code": 8, "worker_id": "8dd44d43-ada8-4c4a-a9aa-b95f8d5b7d8a-140118604883776", "trial_id": 18, "user_attr": {"best_epoch": 1}}
{"op_code": 8, "worker_id": "8dd44d43-ada8-4c4a-a9aa-b95f8d5b7d8a-140118604883776", "trial_id": 18, "user_attr": {"test_loss": 0.45183326846000077}}
{"op_code": 6, "worker_id": "8dd44d43-ada8-4c4a-a9aa-b95f8d5b7d8a-140118604883776", "trial_id": 18, "state": 1, "values": [0.4472593248084341], "datetime_complete": "2024-08-30T13:42:16.543674"}
{"op_code": 4, "worker_id": "8dd44d43-ada8-4c4a-a9aa-b95f8d5b7d8a-140118604883776", "study_id": 0, "datetime_start": "2024-08-30T13:42:16.552576"}
{"op_code": 5, "worker_id": "8dd44d43-ada8-4c4a-a9aa-b95f8d5b7d8a-140118604883776", "trial_id": 19, "param_name": "lr", "param_value_internal": 0.0003341573513397696, "distribution": "{\"name\": \"FloatDistribution\", \"attributes\": {\"step\": null, \"low\": 1e-05, \"high\": 0.001, \"log\": true}}"}
{"op_code": 5, "worker_id": "8dd44d43-ada8-4c4a-a9aa-b95f8d5b7d8a-140118604883776", "trial_id": 19, "param_name": "l2reg", "param_value_internal": 2.6330163505886904e-07, "distribution": "{\"name\": \"FloatDistribution\", \"attributes\": {\"step\": null, \"low\": 1e-08, \"high\": 0.001, \"log\": true}}"}
{"op_code": 5, "worker_id": "8dd44d43-ada8-4c4a-a9aa-b95f8d5b7d8a-140118604883776", "trial_id": 19, "param_name": "random_seed", "param_value_internal": 0, "distribution": "{\"name\": \"CategoricalDistribution\", \"attributes\": {\"choices\": [42]}}"}
{"op_code": 5, "worker_id": "8dd44d43-ada8-4c4a-a9aa-b95f8d5b7d8a-140118604883776", "trial_id": 19, "param_name": "degree", "param_value_internal": 0, "distribution": "{\"name\": \"CategoricalDistribution\", \"attributes\": {\"choices\": [0]}}"}
{"op_code": 8, "worker_id": "8dd44d43-ada8-4c4a-a9aa-b95f8d5b7d8a-140118604883776", "trial_id": 19, "user_attr": {"best_epoch": 0}}
{"op_code": 8, "worker_id": "8dd44d43-ada8-4c4a-a9aa-b95f8d5b7d8a-140118604883776", "trial_id": 19, "user_attr": {"test_loss": 0.4523829229770553}}
{"op_code": 6, "worker_id": "8dd44d43-ada8-4c4a-a9aa-b95f8d5b7d8a-140118604883776", "trial_id": 19, "state": 1, "values": [0.4478320373939096], "datetime_complete": "2024-08-30T13:57:33.483888"}
{"op_code": 4, "worker_id": "8dd44d43-ada8-4c4a-a9aa-b95f8d5b7d8a-140118604883776", "study_id": 0, "datetime_start": "2024-08-30T13:57:33.492581"}
{"op_code": 5, "worker_id": "8dd44d43-ada8-4c4a-a9aa-b95f8d5b7d8a-140118604883776", "trial_id": 20, "param_name": "lr", "param_value_internal": 0.0006665510953435555, "distribution": "{\"name\": \"FloatDistribution\", \"attributes\": {\"step\": null, \"low\": 1e-05, \"high\": 0.001, \"log\": true}}"}
{"op_code": 5, "worker_id": "8dd44d43-ada8-4c4a-a9aa-b95f8d5b7d8a-140118604883776", "trial_id": 20, "param_name": "l2reg", "param_value_internal": 3.167907028120891e-06, "distribution": "{\"name\": \"FloatDistribution\", \"attributes\": {\"step\": null, \"low\": 1e-08, \"high\": 0.001, \"log\": true}}"}
{"op_code": 5, "worker_id": "8dd44d43-ada8-4c4a-a9aa-b95f8d5b7d8a-140118604883776", "trial_id": 20, "param_name": "random_seed", "param_value_internal": 0, "distribution": "{\"name\": \"CategoricalDistribution\", \"attributes\": {\"choices\": [42]}}"}
{"op_code": 5, "worker_id": "8dd44d43-ada8-4c4a-a9aa-b95f8d5b7d8a-140118604883776", "trial_id": 20, "param_name": "degree", "param_value_internal": 0, "distribution": "{\"name\": \"CategoricalDistribution\", \"attributes\": {\"choices\": [0]}}"}
{"op_code": 8, "worker_id": "8dd44d43-ada8-4c4a-a9aa-b95f8d5b7d8a-140118604883776", "trial_id": 20, "user_attr": {"best_epoch": 0}}
{"op_code": 8, "worker_id": "8dd44d43-ada8-4c4a-a9aa-b95f8d5b7d8a-140118604883776", "trial_id": 20, "user_attr": {"test_loss": 0.45264534311528515}}
{"op_code": 6, "worker_id": "8dd44d43-ada8-4c4a-a9aa-b95f8d5b7d8a-140118604883776", "trial_id": 20, "state": 1, "values": [0.4480359722447035], "datetime_complete": "2024-08-30T14:12:39.826160"}
{"op_code": 4, "worker_id": "8dd44d43-ada8-4c4a-a9aa-b95f8d5b7d8a-140118604883776", "study_id": 0, "datetime_start": "2024-08-30T14:12:39.835936"}
{"op_code": 5, "worker_id": "8dd44d43-ada8-4c4a-a9aa-b95f8d5b7d8a-140118604883776", "trial_id": 21, "param_name": "lr", "param_value_internal": 0.00012249111997644449, "distribution": "{\"name\": \"FloatDistribution\", \"attributes\": {\"step\": null, \"low\": 1e-05, \"high\": 0.001, \"log\": true}}"}
{"op_code": 5, "worker_id": "8dd44d43-ada8-4c4a-a9aa-b95f8d5b7d8a-140118604883776", "trial_id": 21, "param_name": "l2reg", "param_value_internal": 1.2790210723670715e-08, "distribution": "{\"name\": \"FloatDistribution\", \"attributes\": {\"step\": null, \"low\": 1e-08, \"high\": 0.001, \"log\": true}}"}
{"op_code": 5, "worker_id": "8dd44d43-ada8-4c4a-a9aa-b95f8d5b7d8a-140118604883776", "trial_id": 21, "param_name": "random_seed", "param_value_internal": 0, "distribution": "{\"name\": \"CategoricalDistribution\", \"attributes\": {\"choices\": [42]}}"}
{"op_code": 5, "worker_id": "8dd44d43-ada8-4c4a-a9aa-b95f8d5b7d8a-140118604883776", "trial_id": 21, "param_name": "degree", "param_value_internal": 0, "distribution": "{\"name\": \"CategoricalDistribution\", \"attributes\": {\"choices\": [0]}}"}
{"op_code": 8, "worker_id": "8dd44d43-ada8-4c4a-a9aa-b95f8d5b7d8a-140118604883776", "trial_id": 21, "user_attr": {"best_epoch": 1}}
{"op_code": 8, "worker_id": "8dd44d43-ada8-4c4a-a9aa-b95f8d5b7d8a-140118604883776", "trial_id": 21, "user_attr": {"test_loss": 0.45159703688953723}}
{"op_code": 6, "worker_id": "8dd44d43-ada8-4c4a-a9aa-b95f8d5b7d8a-140118604883776", "trial_id": 21, "state": 1, "values": [0.4469978972797488], "datetime_complete": "2024-08-30T14:31:08.318144"}
{"op_code": 4, "worker_id": "8dd44d43-ada8-4c4a-a9aa-b95f8d5b7d8a-140118604883776", "study_id": 0, "datetime_start": "2024-08-30T14:31:08.331130"}
{"op_code": 5, "worker_id": "8dd44d43-ada8-4c4a-a9aa-b95f8d5b7d8a-140118604883776", "trial_id": 22, "param_name": "lr", "param_value_internal": 0.00012001629444458152, "distribution": "{\"name\": \"FloatDistribution\", \"attributes\": {\"step\": null, \"low\": 1e-05, \"high\": 0.001, \"log\": true}}"}
{"op_code": 5, "worker_id": "8dd44d43-ada8-4c4a-a9aa-b95f8d5b7d8a-140118604883776", "trial_id": 22, "param_name": "l2reg", "param_value_internal": 3.1578589528236486e-08, "distribution": "{\"name\": \"FloatDistribution\", \"attributes\": {\"step\": null, \"low\": 1e-08, \"high\": 0.001, \"log\": true}}"}
{"op_code": 5, "worker_id": "8dd44d43-ada8-4c4a-a9aa-b95f8d5b7d8a-140118604883776", "trial_id": 22, "param_name": "random_seed", "param_value_internal": 0, "distribution": "{\"name\": \"CategoricalDistribution\", \"attributes\": {\"choices\": [42]}}"}
{"op_code": 5, "worker_id": "8dd44d43-ada8-4c4a-a9aa-b95f8d5b7d8a-140118604883776", "trial_id": 22, "param_name": "degree", "param_value_internal": 0, "distribution": "{\"name\": \"CategoricalDistribution\", \"attributes\": {\"choices\": [0]}}"}
{"op_code": 8, "worker_id": "8dd44d43-ada8-4c4a-a9aa-b95f8d5b7d8a-140118604883776", "trial_id": 22, "user_attr": {"best_epoch": 1}}
{"op_code": 8, "worker_id": "8dd44d43-ada8-4c4a-a9aa-b95f8d5b7d8a-140118604883776", "trial_id": 22, "user_attr": {"test_loss": 0.45159035613245396}}
{"op_code": 6, "worker_id": "8dd44d43-ada8-4c4a-a9aa-b95f8d5b7d8a-140118604883776", "trial_id": 22, "state": 1, "values": [0.4469936979473663], "datetime_complete": "2024-08-30T14:50:07.121895"}
{"op_code": 4, "worker_id": "8dd44d43-ada8-4c4a-a9aa-b95f8d5b7d8a-140118604883776", "study_id": 0, "datetime_start": "2024-08-30T14:50:07.145190"}
{"op_code": 5, "worker_id": "8dd44d43-ada8-4c4a-a9aa-b95f8d5b7d8a-140118604883776", "trial_id": 23, "param_name": "lr", "param_value_internal": 0.0001961973043076226, "distribution": "{\"name\": \"FloatDistribution\", \"attributes\": {\"step\": null, \"low\": 1e-05, \"high\": 0.001, \"log\": true}}"}
{"op_code": 5, "worker_id": "8dd44d43-ada8-4c4a-a9aa-b95f8d5b7d8a-140118604883776", "trial_id": 23, "param_name": "l2reg", "param_value_internal": 3.90734568388762e-08, "distribution": "{\"name\": \"FloatDistribution\", \"attributes\": {\"step\": null, \"low\": 1e-08, \"high\": 0.001, \"log\": true}}"}
{"op_code": 5, "worker_id": "8dd44d43-ada8-4c4a-a9aa-b95f8d5b7d8a-140118604883776", "trial_id": 23, "param_name": "random_seed", "param_value_internal": 0, "distribution": "{\"name\": \"CategoricalDistribution\", \"attributes\": {\"choices\": [42]}}"}
{"op_code": 5, "worker_id": "8dd44d43-ada8-4c4a-a9aa-b95f8d5b7d8a-140118604883776", "trial_id": 23, "param_name": "degree", "param_value_internal": 0, "distribution": "{\"name\": \"CategoricalDistribution\", \"attributes\": {\"choices\": [0]}}"}
{"op_code": 8, "worker_id": "8dd44d43-ada8-4c4a-a9aa-b95f8d5b7d8a-140118604883776", "trial_id": 23, "user_attr": {"best_epoch": 1}}
{"op_code": 8, "worker_id": "8dd44d43-ada8-4c4a-a9aa-b95f8d5b7d8a-140118604883776", "trial_id": 23, "user_attr": {"test_loss": 0.4527750261542096}}
{"op_code": 6, "worker_id": "8dd44d43-ada8-4c4a-a9aa-b95f8d5b7d8a-140118604883776", "trial_id": 23, "state": 1, "values": [0.4481177446989155], "datetime_complete": "2024-08-30T15:08:48.533529"}
{"op_code": 4, "worker_id": "8dd44d43-ada8-4c4a-a9aa-b95f8d5b7d8a-140118604883776", "study_id": 0, "datetime_start": "2024-08-30T15:08:48.542140"}
{"op_code": 5, "worker_id": "8dd44d43-ada8-4c4a-a9aa-b95f8d5b7d8a-140118604883776", "trial_id": 24, "param_name": "lr", "param_value_internal": 6.191594250627163e-05, "distribution": "{\"name\": \"FloatDistribution\", \"attributes\": {\"step\": null, \"low\": 1e-05, \"high\": 0.001, \"log\": true}}"}
{"op_code": 5, "worker_id": "8dd44d43-ada8-4c4a-a9aa-b95f8d5b7d8a-140118604883776", "trial_id": 24, "param_name": "l2reg", "param_value_internal": 1.0151480201722506e-08, "distribution": "{\"name\": \"FloatDistribution\", \"attributes\": {\"step\": null, \"low\": 1e-08, \"high\": 0.001, \"log\": true}}"}
{"op_code": 5, "worker_id": "8dd44d43-ada8-4c4a-a9aa-b95f8d5b7d8a-140118604883776", "trial_id": 24, "param_name": "random_seed", "param_value_internal": 0, "distribution": "{\"name\": \"CategoricalDistribution\", \"attributes\": {\"choices\": [42]}}"}
{"op_code": 5, "worker_id": "8dd44d43-ada8-4c4a-a9aa-b95f8d5b7d8a-140118604883776", "trial_id": 24, "param_name": "degree", "param_value_internal": 0, "distribution": "{\"name\": \"CategoricalDistribution\", \"attributes\": {\"choices\": [0]}}"}
{"op_code": 8, "worker_id": "8dd44d43-ada8-4c4a-a9aa-b95f8d5b7d8a-140118604883776", "trial_id": 24, "user_attr": {"best_epoch": 2}}
{"op_code": 8, "worker_id": "8dd44d43-ada8-4c4a-a9aa-b95f8d5b7d8a-140118604883776", "trial_id": 24, "user_attr": {"test_loss": 0.45224239802377864}}
{"op_code": 6, "worker_id": "8dd44d43-ada8-4c4a-a9aa-b95f8d5b7d8a-140118604883776", "trial_id": 24, "state": 1, "values": [0.44770930236109374], "datetime_complete": "2024-08-30T15:31:13.780958"}
{"op_code": 4, "worker_id": "8dd44d43-ada8-4c4a-a9aa-b95f8d5b7d8a-140118604883776", "study_id": 0, "datetime_start": "2024-08-30T15:31:13.790397"}
{"op_code": 5, "worker_id": "8dd44d43-ada8-4c4a-a9aa-b95f8d5b7d8a-140118604883776", "trial_id": 25, "param_name": "lr", "param_value_internal": 0.00013170622261562156, "distribution": "{\"name\": \"FloatDistribution\", \"attributes\": {\"step\": null, \"low\": 1e-05, \"high\": 0.001, \"log\": true}}"}
{"op_code": 5, "worker_id": "8dd44d43-ada8-4c4a-a9aa-b95f8d5b7d8a-140118604883776", "trial_id": 25, "param_name": "l2reg", "param_value_internal": 3.07179374333111e-08, "distribution": "{\"name\": \"FloatDistribution\", \"attributes\": {\"step\": null, \"low\": 1e-08, \"high\": 0.001, \"log\": true}}"}
{"op_code": 5, "worker_id": "8dd44d43-ada8-4c4a-a9aa-b95f8d5b7d8a-140118604883776", "trial_id": 25, "param_name": "random_seed", "param_value_internal": 0, "distribution": "{\"name\": \"CategoricalDistribution\", \"attributes\": {\"choices\": [42]}}"}
{"op_code": 5, "worker_id": "8dd44d43-ada8-4c4a-a9aa-b95f8d5b7d8a-140118604883776", "trial_id": 25, "param_name": "degree", "param_value_internal": 0, "distribution": "{\"name\": \"CategoricalDistribution\", \"attributes\": {\"choices\": [0]}}"}
{"op_code": 8, "worker_id": "8dd44d43-ada8-4c4a-a9aa-b95f8d5b7d8a-140118604883776", "trial_id": 25, "user_attr": {"best_epoch": 1}}
{"op_code": 8, "worker_id": "8dd44d43-ada8-4c4a-a9aa-b95f8d5b7d8a-140118604883776", "trial_id": 25, "user_attr": {"test_loss": 0.45165101740676983}}
{"op_code": 6, "worker_id": "8dd44d43-ada8-4c4a-a9aa-b95f8d5b7d8a-140118604883776", "trial_id": 25, "state": 1, "values": [0.4470450443296797], "datetime_complete": "2024-08-30T15:49:46.483700"}
{"op_code": 4, "worker_id": "8dd44d43-ada8-4c4a-a9aa-b95f8d5b7d8a-140118604883776", "study_id": 0, "datetime_start": "2024-08-30T15:49:46.507408"}
{"op_code": 5, "worker_id": "8dd44d43-ada8-4c4a-a9aa-b95f8d5b7d8a-140118604883776", "trial_id": 26, "param_name": "lr", "param_value_internal": 8.454531708352149e-05, "distribution": "{\"name\": \"FloatDistribution\", \"attributes\": {\"step\": null, \"low\": 1e-05, \"high\": 0.001, \"log\": true}}"}
{"op_code": 5, "worker_id": "8dd44d43-ada8-4c4a-a9aa-b95f8d5b7d8a-140118604883776", "trial_id": 26, "param_name": "l2reg", "param_value_internal": 1.6135211589236305e-07, "distribution": "{\"name\": \"FloatDistribution\", \"attributes\": {\"step\": null, \"low\": 1e-08, \"high\": 0.001, \"log\": true}}"}
{"op_code": 5, "worker_id": "8dd44d43-ada8-4c4a-a9aa-b95f8d5b7d8a-140118604883776", "trial_id": 26, "param_name": "random_seed", "param_value_internal": 0, "distribution": "{\"name\": \"CategoricalDistribution\", \"attributes\": {\"choices\": [42]}}"}
{"op_code": 5, "worker_id": "8dd44d43-ada8-4c4a-a9aa-b95f8d5b7d8a-140118604883776", "trial_id": 26, "param_name": "degree", "param_value_internal": 0, "distribution": "{\"name\": \"CategoricalDistribution\", \"attributes\": {\"choices\": [0]}}"}
{"op_code": 8, "worker_id": "8dd44d43-ada8-4c4a-a9aa-b95f8d5b7d8a-140118604883776", "trial_id": 26, "user_attr": {"best_epoch": 1}}
{"op_code": 8, "worker_id": "8dd44d43-ada8-4c4a-a9aa-b95f8d5b7d8a-140118604883776", "trial_id": 26, "user_attr": {"test_loss": 0.45211546363919697}}
{"op_code": 6, "worker_id": "8dd44d43-ada8-4c4a-a9aa-b95f8d5b7d8a-140118604883776", "trial_id": 26, "state": 1, "values": [0.44754915509432464], "datetime_complete": "2024-08-30T16:08:32.218307"}
{"op_code": 4, "worker_id": "8dd44d43-ada8-4c4a-a9aa-b95f8d5b7d8a-140118604883776", "study_id": 0, "datetime_start": "2024-08-30T16:08:32.227046"}
{"op_code": 5, "worker_id": "8dd44d43-ada8-4c4a-a9aa-b95f8d5b7d8a-140118604883776", "trial_id": 27, "param_name": "lr", "param_value_internal": 4.211820672276472e-05, "distribution": "{\"name\": \"FloatDistribution\", \"attributes\": {\"step\": null, \"low\": 1e-05, \"high\": 0.001, \"log\": true}}"}
{"op_code": 5, "worker_id": "8dd44d43-ada8-4c4a-a9aa-b95f8d5b7d8a-140118604883776", "trial_id": 27, "param_name": "l2reg", "param_value_internal": 2.0807224844685704e-08, "distribution": "{\"name\": \"FloatDistribution\", \"attributes\": {\"step\": null, \"low\": 1e-08, \"high\": 0.001, \"log\": true}}"}
{"op_code": 5, "worker_id": "8dd44d43-ada8-4c4a-a9aa-b95f8d5b7d8a-140118604883776", "trial_id": 27, "param_name": "random_seed", "param_value_internal": 0, "distribution": "{\"name\": \"CategoricalDistribution\", \"attributes\": {\"choices\": [42]}}"}
{"op_code": 5, "worker_id": "8dd44d43-ada8-4c4a-a9aa-b95f8d5b7d8a-140118604883776", "trial_id": 27, "param_name": "degree", "param_value_internal": 0, "distribution": "{\"name\": \"CategoricalDistribution\", \"attributes\": {\"choices\": [0]}}"}
{"op_code": 8, "worker_id": "8dd44d43-ada8-4c4a-a9aa-b95f8d5b7d8a-140118604883776", "trial_id": 27, "user_attr": {"best_epoch": 4}}
{"op_code": 8, "worker_id": "8dd44d43-ada8-4c4a-a9aa-b95f8d5b7d8a-140118604883776", "trial_id": 27, "user_attr": {"test_loss": 0.4526968040327035}}
{"op_code": 6, "worker_id": "8dd44d43-ada8-4c4a-a9aa-b95f8d5b7d8a-140118604883776", "trial_id": 27, "state": 1, "values": [0.448070979406474], "datetime_complete": "2024-08-30T16:37:18.784464"}
{"op_code": 4, "worker_id": "8dd44d43-ada8-4c4a-a9aa-b95f8d5b7d8a-140118604883776", "study_id": 0, "datetime_start": "2024-08-30T16:37:18.794299"}
{"op_code": 5, "worker_id": "8dd44d43-ada8-4c4a-a9aa-b95f8d5b7d8a-140118604883776", "trial_id": 28, "param_name": "lr", "param_value_internal": 0.00024384006119207332, "distribution": "{\"name\": \"FloatDistribution\", \"attributes\": {\"step\": null, \"low\": 1e-05, \"high\": 0.001, \"log\": true}}"}
{"op_code": 5, "worker_id": "8dd44d43-ada8-4c4a-a9aa-b95f8d5b7d8a-140118604883776", "trial_id": 28, "param_name": "l2reg", "param_value_internal": 4.073546228163666e-08, "distribution": "{\"name\": \"FloatDistribution\", \"attributes\": {\"step\": null, \"low\": 1e-08, \"high\": 0.001, \"log\": true}}"}
{"op_code": 5, "worker_id": "8dd44d43-ada8-4c4a-a9aa-b95f8d5b7d8a-140118604883776", "trial_id": 28, "param_name": "random_seed", "param_value_internal": 0, "distribution": "{\"name\": \"CategoricalDistribution\", \"attributes\": {\"choices\": [42]}}"}
{"op_code": 5, "worker_id": "8dd44d43-ada8-4c4a-a9aa-b95f8d5b7d8a-140118604883776", "trial_id": 28, "param_name": "degree", "param_value_internal": 0, "distribution": "{\"name\": \"CategoricalDistribution\", \"attributes\": {\"choices\": [0]}}"}
{"op_code": 8, "worker_id": "8dd44d43-ada8-4c4a-a9aa-b95f8d5b7d8a-140118604883776", "trial_id": 28, "user_attr": {"best_epoch": 0}}
{"op_code": 8, "worker_id": "8dd44d43-ada8-4c4a-a9aa-b95f8d5b7d8a-140118604883776", "trial_id": 28, "user_attr": {"test_loss": 0.45244152276061406}}
{"op_code": 6, "worker_id": "8dd44d43-ada8-4c4a-a9aa-b95f8d5b7d8a-140118604883776", "trial_id": 28, "state": 1, "values": [0.4478976233305745], "datetime_complete": "2024-08-30T16:52:28.137198"}
{"op_code": 4, "worker_id": "8dd44d43-ada8-4c4a-a9aa-b95f8d5b7d8a-140118604883776", "study_id": 0, "datetime_start": "2024-08-30T16:52:28.149215"}
{"op_code": 5, "worker_id": "8dd44d43-ada8-4c4a-a9aa-b95f8d5b7d8a-140118604883776", "trial_id": 29, "param_name": "lr", "param_value_internal": 0.00041317312878129484, "distribution": "{\"name\": \"FloatDistribution\", \"attributes\": {\"step\": null, \"low\": 1e-05, \"high\": 0.001, \"log\": true}}"}
{"op_code": 5, "worker_id": "8dd44d43-ada8-4c4a-a9aa-b95f8d5b7d8a-140118604883776", "trial_id": 29, "param_name": "l2reg", "param_value_internal": 1.0371644402681178e-08, "distribution": "{\"name\": \"FloatDistribution\", \"attributes\": {\"step\": null, \"low\": 1e-08, \"high\": 0.001, \"log\": true}}"}
{"op_code": 5, "worker_id": "8dd44d43-ada8-4c4a-a9aa-b95f8d5b7d8a-140118604883776", "trial_id": 29, "param_name": "random_seed", "param_value_internal": 0, "distribution": "{\"name\": \"CategoricalDistribution\", \"attributes\": {\"choices\": [42]}}"}
{"op_code": 5, "worker_id": "8dd44d43-ada8-4c4a-a9aa-b95f8d5b7d8a-140118604883776", "trial_id": 29, "param_name": "degree", "param_value_internal": 0, "distribution": "{\"name\": \"CategoricalDistribution\", \"attributes\": {\"choices\": [0]}}"}
{"op_code": 8, "worker_id": "8dd44d43-ada8-4c4a-a9aa-b95f8d5b7d8a-140118604883776", "trial_id": 29, "user_attr": {"best_epoch": 0}}
{"op_code": 8, "worker_id": "8dd44d43-ada8-4c4a-a9aa-b95f8d5b7d8a-140118604883776", "trial_id": 29, "user_attr": {"test_loss": 0.4523947956367861}}
{"op_code": 6, "worker_id": "8dd44d43-ada8-4c4a-a9aa-b95f8d5b7d8a-140118604883776", "trial_id": 29, "state": 1, "values": [0.4478481093842099], "datetime_complete": "2024-08-30T17:07:42.097247"}
{"op_code": 4, "worker_id": "8dd44d43-ada8-4c4a-a9aa-b95f8d5b7d8a-140118604883776", "study_id": 0, "datetime_start": "2024-08-30T17:07:42.106208"}
{"op_code": 5, "worker_id": "8dd44d43-ada8-4c4a-a9aa-b95f8d5b7d8a-140118604883776", "trial_id": 30, "param_name": "lr", "param_value_internal": 6.027206802136194e-05, "distribution": "{\"name\": \"FloatDistribution\", \"attributes\": {\"step\": null, \"low\": 1e-05, \"high\": 0.001, \"log\": true}}"}
{"op_code": 5, "worker_id": "8dd44d43-ada8-4c4a-a9aa-b95f8d5b7d8a-140118604883776", "trial_id": 30, "param_name": "l2reg", "param_value_internal": 2.798510311857334e-07, "distribution": "{\"name\": \"FloatDistribution\", \"attributes\": {\"step\": null, \"low\": 1e-08, \"high\": 0.001, \"log\": true}}"}
{"op_code": 5, "worker_id": "8dd44d43-ada8-4c4a-a9aa-b95f8d5b7d8a-140118604883776", "trial_id": 30, "param_name": "random_seed", "param_value_internal": 0, "distribution": "{\"name\": \"CategoricalDistribution\", \"attributes\": {\"choices\": [42]}}"}
{"op_code": 5, "worker_id": "8dd44d43-ada8-4c4a-a9aa-b95f8d5b7d8a-140118604883776", "trial_id": 30, "param_name": "degree", "param_value_internal": 0, "distribution": "{\"name\": \"CategoricalDistribution\", \"attributes\": {\"choices\": [0]}}"}
{"op_code": 8, "worker_id": "8dd44d43-ada8-4c4a-a9aa-b95f8d5b7d8a-140118604883776", "trial_id": 30, "user_attr": {"best_epoch": 2}}
{"op_code": 8, "worker_id": "8dd44d43-ada8-4c4a-a9aa-b95f8d5b7d8a-140118604883776", "trial_id": 30, "user_attr": {"test_loss": 0.4522998525346945}}
{"op_code": 6, "worker_id": "8dd44d43-ada8-4c4a-a9aa-b95f8d5b7d8a-140118604883776", "trial_id": 30, "state": 1, "values": [0.44777160518335046], "datetime_complete": "2024-08-30T17:29:43.351750"}
{"op_code": 4, "worker_id": "8dd44d43-ada8-4c4a-a9aa-b95f8d5b7d8a-140118604883776", "study_id": 0, "datetime_start": "2024-08-30T17:29:43.362138"}
{"op_code": 5, "worker_id": "8dd44d43-ada8-4c4a-a9aa-b95f8d5b7d8a-140118604883776", "trial_id": 31, "param_name": "lr", "param_value_internal": 0.00011365634678109819, "distribution": "{\"name\": \"FloatDistribution\", \"attributes\": {\"step\": null, \"low\": 1e-05, \"high\": 0.001, \"log\": true}}"}
{"op_code": 5, "worker_id": "8dd44d43-ada8-4c4a-a9aa-b95f8d5b7d8a-140118604883776", "trial_id": 31, "param_name": "l2reg", "param_value_internal": 6.730282693024627e-08, "distribution": "{\"name\": \"FloatDistribution\", \"attributes\": {\"step\": null, \"low\": 1e-08, \"high\": 0.001, \"log\": true}}"}
{"op_code": 5, "worker_id": "8dd44d43-ada8-4c4a-a9aa-b95f8d5b7d8a-140118604883776", "trial_id": 31, "param_name": "random_seed", "param_value_internal": 0, "distribution": "{\"name\": \"CategoricalDistribution\", \"attributes\": {\"choices\": [42]}}"}
{"op_code": 5, "worker_id": "8dd44d43-ada8-4c4a-a9aa-b95f8d5b7d8a-140118604883776", "trial_id": 31, "param_name": "degree", "param_value_internal": 0, "distribution": "{\"name\": \"CategoricalDistribution\", \"attributes\": {\"choices\": [0]}}"}
{"op_code": 8, "worker_id": "8dd44d43-ada8-4c4a-a9aa-b95f8d5b7d8a-140118604883776", "trial_id": 31, "user_attr": {"best_epoch": 1}}
{"op_code": 8, "worker_id": "8dd44d43-ada8-4c4a-a9aa-b95f8d5b7d8a-140118604883776", "trial_id": 31, "user_attr": {"test_loss": 0.4515922267444373}}
{"op_code": 6, "worker_id": "8dd44d43-ada8-4c4a-a9aa-b95f8d5b7d8a-140118604883776", "trial_id": 31, "state": 1, "values": [0.44700064593367195], "datetime_complete": "2024-08-30T17:48:11.714190"}
{"op_code": 4, "worker_id": "8dd44d43-ada8-4c4a-a9aa-b95f8d5b7d8a-140118604883776", "study_id": 0, "datetime_start": "2024-08-30T17:48:11.724558"}
{"op_code": 5, "worker_id": "8dd44d43-ada8-4c4a-a9aa-b95f8d5b7d8a-140118604883776", "trial_id": 32, "param_name": "lr", "param_value_internal": 0.00012274080948349286, "distribution": "{\"name\": \"FloatDistribution\", \"attributes\": {\"step\": null, \"low\": 1e-05, \"high\": 0.001, \"log\": true}}"}
{"op_code": 5, "worker_id": "8dd44d43-ada8-4c4a-a9aa-b95f8d5b7d8a-140118604883776", "trial_id": 32, "param_name": "l2reg", "param_value_internal": 6.001054940756502e-08, "distribution": "{\"name\": \"FloatDistribution\", \"attributes\": {\"step\": null, \"low\": 1e-08, \"high\": 0.001, \"log\": true}}"}
{"op_code": 5, "worker_id": "8dd44d43-ada8-4c4a-a9aa-b95f8d5b7d8a-140118604883776", "trial_id": 32, "param_name": "random_seed", "param_value_internal": 0, "distribution": "{\"name\": \"CategoricalDistribution\", \"attributes\": {\"choices\": [42]}}"}
{"op_code": 5, "worker_id": "8dd44d43-ada8-4c4a-a9aa-b95f8d5b7d8a-140118604883776", "trial_id": 32, "param_name": "degree", "param_value_internal": 0, "distribution": "{\"name\": \"CategoricalDistribution\", \"attributes\": {\"choices\": [0]}}"}
{"op_code": 8, "worker_id": "8dd44d43-ada8-4c4a-a9aa-b95f8d5b7d8a-140118604883776", "trial_id": 32, "user_attr": {"best_epoch": 1}}
{"op_code": 8, "worker_id": "8dd44d43-ada8-4c4a-a9aa-b95f8d5b7d8a-140118604883776", "trial_id": 32, "user_attr": {"test_loss": 0.45159772405312293}}
{"op_code": 6, "worker_id": "8dd44d43-ada8-4c4a-a9aa-b95f8d5b7d8a-140118604883776", "trial_id": 32, "state": 1, "values": [0.44699850809173175], "datetime_complete": "2024-08-30T18:06:43.328732"}
{"op_code": 4, "worker_id": "8dd44d43-ada8-4c4a-a9aa-b95f8d5b7d8a-140118604883776", "study_id": 0, "datetime_start": "2024-08-30T18:06:43.337279"}
{"op_code": 5, "worker_id": "8dd44d43-ada8-4c4a-a9aa-b95f8d5b7d8a-140118604883776", "trial_id": 33, "param_name": "lr", "param_value_internal": 0.00017071046923225805, "distribution": "{\"name\": \"FloatDistribution\", \"attributes\": {\"step\": null, \"low\": 1e-05, \"high\": 0.001, \"log\": true}}"}
{"op_code": 5, "worker_id": "8dd44d43-ada8-4c4a-a9aa-b95f8d5b7d8a-140118604883776", "trial_id": 33, "param_name": "l2reg", "param_value_internal": 2.2892255030886096e-08, "distribution": "{\"name\": \"FloatDistribution\", \"attributes\": {\"step\": null, \"low\": 1e-08, \"high\": 0.001, \"log\": true}}"}
{"op_code": 5, "worker_id": "8dd44d43-ada8-4c4a-a9aa-b95f8d5b7d8a-140118604883776", "trial_id": 33, "param_name": "random_seed", "param_value_internal": 0, "distribution": "{\"name\": \"CategoricalDistribution\", \"attributes\": {\"choices\": [42]}}"}
{"op_code": 5, "worker_id": "8dd44d43-ada8-4c4a-a9aa-b95f8d5b7d8a-140118604883776", "trial_id": 33, "param_name": "degree", "param_value_internal": 0, "distribution": "{\"name\": \"CategoricalDistribution\", \"attributes\": {\"choices\": [0]}}"}
{"op_code": 8, "worker_id": "8dd44d43-ada8-4c4a-a9aa-b95f8d5b7d8a-140118604883776", "trial_id": 33, "user_attr": {"best_epoch": 1}}
{"op_code": 8, "worker_id": "8dd44d43-ada8-4c4a-a9aa-b95f8d5b7d8a-140118604883776", "trial_id": 33, "user_attr": {"test_loss": 0.45223186151546446}}
{"op_code": 6, "worker_id": "8dd44d43-ada8-4c4a-a9aa-b95f8d5b7d8a-140118604883776", "trial_id": 33, "state": 1, "values": [0.44759618761700865], "datetime_complete": "2024-08-30T18:25:18.069948"}
{"op_code": 4, "worker_id": "8dd44d43-ada8-4c4a-a9aa-b95f8d5b7d8a-140118604883776", "study_id": 0, "datetime_start": "2024-08-30T18:25:18.078639"}
{"op_code": 5, "worker_id": "8dd44d43-ada8-4c4a-a9aa-b95f8d5b7d8a-140118604883776", "trial_id": 34, "param_name": "lr", "param_value_internal": 7.276879323921454e-05, "distribution": "{\"name\": \"FloatDistribution\", \"attributes\": {\"step\": null, \"low\": 1e-05, \"high\": 0.001, \"log\": true}}"}
{"op_code": 5, "worker_id": "8dd44d43-ada8-4c4a-a9aa-b95f8d5b7d8a-140118604883776", "trial_id": 34, "param_name": "l2reg", "param_value_internal": 6.426907524302598e-08, "distribution": "{\"name\": \"FloatDistribution\", \"attributes\": {\"step\": null, \"low\": 1e-08, \"high\": 0.001, \"log\": true}}"}
{"op_code": 5, "worker_id": "8dd44d43-ada8-4c4a-a9aa-b95f8d5b7d8a-140118604883776", "trial_id": 34, "param_name": "random_seed", "param_value_internal": 0, "distribution": "{\"name\": \"CategoricalDistribution\", \"attributes\": {\"choices\": [42]}}"}
{"op_code": 5, "worker_id": "8dd44d43-ada8-4c4a-a9aa-b95f8d5b7d8a-140118604883776", "trial_id": 34, "param_name": "degree", "param_value_internal": 0, "distribution": "{\"name\": \"CategoricalDistribution\", \"attributes\": {\"choices\": [0]}}"}
{"op_code": 8, "worker_id": "8dd44d43-ada8-4c4a-a9aa-b95f8d5b7d8a-140118604883776", "trial_id": 34, "user_attr": {"best_epoch": 2}}
{"op_code": 8, "worker_id": "8dd44d43-ada8-4c4a-a9aa-b95f8d5b7d8a-140118604883776", "trial_id": 34, "user_attr": {"test_loss": 0.4521040490885233}}
{"op_code": 6, "worker_id": "8dd44d43-ada8-4c4a-a9aa-b95f8d5b7d8a-140118604883776", "trial_id": 34, "state": 1, "values": [0.4475307543833395], "datetime_complete": "2024-08-30T18:49:02.407536"}
{"op_code": 4, "worker_id": "8dd44d43-ada8-4c4a-a9aa-b95f8d5b7d8a-140118604883776", "study_id": 0, "datetime_start": "2024-08-30T18:49:02.479761"}
{"op_code": 5, "worker_id": "8dd44d43-ada8-4c4a-a9aa-b95f8d5b7d8a-140118604883776", "trial_id": 35, "param_name": "lr", "param_value_internal": 0.00020627360663848628, "distribution": "{\"name\": \"FloatDistribution\", \"attributes\": {\"step\": null, \"low\": 1e-05, \"high\": 0.001, \"log\": true}}"}
{"op_code": 5, "worker_id": "8dd44d43-ada8-4c4a-a9aa-b95f8d5b7d8a-140118604883776", "trial_id": 35, "param_name": "l2reg", "param_value_internal": 1.2744237537064494e-07, "distribution": "{\"name\": \"FloatDistribution\", \"attributes\": {\"step\": null, \"low\": 1e-08, \"high\": 0.001, \"log\": true}}"}
{"op_code": 5, "worker_id": "8dd44d43-ada8-4c4a-a9aa-b95f8d5b7d8a-140118604883776", "trial_id": 35, "param_name": "random_seed", "param_value_internal": 0, "distribution": "{\"name\": \"CategoricalDistribution\", \"attributes\": {\"choices\": [42]}}"}
{"op_code": 5, "worker_id": "8dd44d43-ada8-4c4a-a9aa-b95f8d5b7d8a-140118604883776", "trial_id": 35, "param_name": "degree", "param_value_internal": 0, "distribution": "{\"name\": \"CategoricalDistribution\", \"attributes\": {\"choices\": [0]}}"}
{"op_code": 8, "worker_id": "8dd44d43-ada8-4c4a-a9aa-b95f8d5b7d8a-140118604883776", "trial_id": 35, "user_attr": {"best_epoch": 0}}
{"op_code": 8, "worker_id": "8dd44d43-ada8-4c4a-a9aa-b95f8d5b7d8a-140118604883776", "trial_id": 35, "user_attr": {"test_loss": 0.45259945585806194}}
{"op_code": 6, "worker_id": "8dd44d43-ada8-4c4a-a9aa-b95f8d5b7d8a-140118604883776", "trial_id": 35, "state": 1, "values": [0.4480622753357175], "datetime_complete": "2024-08-30T19:04:35.121284"}
{"op_code": 4, "worker_id": "8dd44d43-ada8-4c4a-a9aa-b95f8d5b7d8a-140118604883776", "study_id": 0, "datetime_start": "2024-08-30T19:04:35.129807"}
{"op_code": 5, "worker_id": "8dd44d43-ada8-4c4a-a9aa-b95f8d5b7d8a-140118604883776", "trial_id": 36, "param_name": "lr", "param_value_internal": 5.2909103433610294e-05, "distribution": "{\"name\": \"FloatDistribution\", \"attributes\": {\"step\": null, \"low\": 1e-05, \"high\": 0.001, \"log\": true}}"}
{"op_code": 5, "worker_id": "8dd44d43-ada8-4c4a-a9aa-b95f8d5b7d8a-140118604883776", "trial_id": 36, "param_name": "l2reg", "param_value_internal": 3.903698509207199e-08, "distribution": "{\"name\": \"FloatDistribution\", \"attributes\": {\"step\": null, \"low\": 1e-08, \"high\": 0.001, \"log\": true}}"}
{"op_code": 5, "worker_id": "8dd44d43-ada8-4c4a-a9aa-b95f8d5b7d8a-140118604883776", "trial_id": 36, "param_name": "random_seed", "param_value_internal": 0, "distribution": "{\"name\": \"CategoricalDistribution\", \"attributes\": {\"choices\": [42]}}"}
{"op_code": 5, "worker_id": "8dd44d43-ada8-4c4a-a9aa-b95f8d5b7d8a-140118604883776", "trial_id": 36, "param_name": "degree", "param_value_internal": 0, "distribution": "{\"name\": \"CategoricalDistribution\", \"attributes\": {\"choices\": [0]}}"}
{"op_code": 8, "worker_id": "8dd44d43-ada8-4c4a-a9aa-b95f8d5b7d8a-140118604883776", "trial_id": 36, "user_attr": {"best_epoch": 3}}
{"op_code": 8, "worker_id": "8dd44d43-ada8-4c4a-a9aa-b95f8d5b7d8a-140118604883776", "trial_id": 36, "user_attr": {"test_loss": 0.4525012678168156}}
{"op_code": 6, "worker_id": "8dd44d43-ada8-4c4a-a9aa-b95f8d5b7d8a-140118604883776", "trial_id": 36, "state": 1, "values": [0.4478989213060382], "datetime_complete": "2024-08-30T19:30:37.520592"}
{"op_code": 4, "worker_id": "8dd44d43-ada8-4c4a-a9aa-b95f8d5b7d8a-140118604883776", "study_id": 0, "datetime_start": "2024-08-30T19:30:37.534550"}
{"op_code": 5, "worker_id": "8dd44d43-ada8-4c4a-a9aa-b95f8d5b7d8a-140118604883776", "trial_id": 37, "param_name": "lr", "param_value_internal": 0.000331720636240623, "distribution": "{\"name\": \"FloatDistribution\", \"attributes\": {\"step\": null, \"low\": 1e-05, \"high\": 0.001, \"log\": true}}"}
{"op_code": 5, "worker_id": "8dd44d43-ada8-4c4a-a9aa-b95f8d5b7d8a-140118604883776", "trial_id": 37, "param_name": "l2reg", "param_value_internal": 0.0001377007473362727, "distribution": "{\"name\": \"FloatDistribution\", \"attributes\": {\"step\": null, \"low\": 1e-08, \"high\": 0.001, \"log\": true}}"}
{"op_code": 5, "worker_id": "8dd44d43-ada8-4c4a-a9aa-b95f8d5b7d8a-140118604883776", "trial_id": 37, "param_name": "random_seed", "param_value_internal": 0, "distribution": "{\"name\": \"CategoricalDistribution\", \"attributes\": {\"choices\": [42]}}"}
{"op_code": 5, "worker_id": "8dd44d43-ada8-4c4a-a9aa-b95f8d5b7d8a-140118604883776", "trial_id": 37, "param_name": "degree", "param_value_internal": 0, "distribution": "{\"name\": \"CategoricalDistribution\", \"attributes\": {\"choices\": [0]}}"}
{"op_code": 8, "worker_id": "8dd44d43-ada8-4c4a-a9aa-b95f8d5b7d8a-140118604883776", "trial_id": 37, "user_attr": {"best_epoch": 0}}
{"op_code": 8, "worker_id": "8dd44d43-ada8-4c4a-a9aa-b95f8d5b7d8a-140118604883776", "trial_id": 37, "user_attr": {"test_loss": 0.4523728445777983}}
{"op_code": 6, "worker_id": "8dd44d43-ada8-4c4a-a9aa-b95f8d5b7d8a-140118604883776", "trial_id": 37, "state": 1, "values": [0.44782211169918734], "datetime_complete": "2024-08-30T19:45:43.709383"}
{"op_code": 4, "worker_id": "8dd44d43-ada8-4c4a-a9aa-b95f8d5b7d8a-140118604883776", "study_id": 0, "datetime_start": "2024-08-30T19:45:43.719286"}
{"op_code": 5, "worker_id": "8dd44d43-ada8-4c4a-a9aa-b95f8d5b7d8a-140118604883776", "trial_id": 38, "param_name": "lr", "param_value_internal": 2.635102992305573e-05, "distribution": "{\"name\": \"FloatDistribution\", \"attributes\": {\"step\": null, \"low\": 1e-05, \"high\": 0.001, \"log\": true}}"}
{"op_code": 5, "worker_id": "8dd44d43-ada8-4c4a-a9aa-b95f8d5b7d8a-140118604883776", "trial_id": 38, "param_name": "l2reg", "param_value_internal": 1.8649694501027794e-08, "distribution": "{\"name\": \"FloatDistribution\", \"attributes\": {\"step\": null, \"low\": 1e-08, \"high\": 0.001, \"log\": true}}"}
{"op_code": 5, "worker_id": "8dd44d43-ada8-4c4a-a9aa-b95f8d5b7d8a-140118604883776", "trial_id": 38, "param_name": "random_seed", "param_value_internal": 0, "distribution": "{\"name\": \"CategoricalDistribution\", \"attributes\": {\"choices\": [42]}}"}
{"op_code": 5, "worker_id": "8dd44d43-ada8-4c4a-a9aa-b95f8d5b7d8a-140118604883776", "trial_id": 38, "param_name": "degree", "param_value_internal": 0, "distribution": "{\"name\": \"CategoricalDistribution\", \"attributes\": {\"choices\": [0]}}"}
{"op_code": 8, "worker_id": "8dd44d43-ada8-4c4a-a9aa-b95f8d5b7d8a-140118604883776", "trial_id": 38, "user_attr": {"best_epoch": 6}}
{"op_code": 8, "worker_id": "8dd44d43-ada8-4c4a-a9aa-b95f8d5b7d8a-140118604883776", "trial_id": 38, "user_attr": {"test_loss": 0.453082951792115}}
{"op_code": 6, "worker_id": "8dd44d43-ada8-4c4a-a9aa-b95f8d5b7d8a-140118604883776", "trial_id": 38, "state": 1, "values": [0.44828228217681176], "datetime_complete": "2024-08-30T20:21:19.920292"}
{"op_code": 4, "worker_id": "8dd44d43-ada8-4c4a-a9aa-b95f8d5b7d8a-140118604883776", "study_id": 0, "datetime_start": "2024-08-30T20:21:19.929531"}
{"op_code": 5, "worker_id": "8dd44d43-ada8-4c4a-a9aa-b95f8d5b7d8a-140118604883776", "trial_id": 39, "param_name": "lr", "param_value_internal": 0.00013877561202725304, "distribution": "{\"name\": \"FloatDistribution\", \"attributes\": {\"step\": null, \"low\": 1e-05, \"high\": 0.001, \"log\": true}}"}
{"op_code": 5, "worker_id": "8dd44d43-ada8-4c4a-a9aa-b95f8d5b7d8a-140118604883776", "trial_id": 39, "param_name": "l2reg", "param_value_internal": 1.6731903583588228e-05, "distribution": "{\"name\": \"FloatDistribution\", \"attributes\": {\"step\": null, \"low\": 1e-08, \"high\": 0.001, \"log\": true}}"}
{"op_code": 5, "worker_id": "8dd44d43-ada8-4c4a-a9aa-b95f8d5b7d8a-140118604883776", "trial_id": 39, "param_name": "random_seed", "param_value_internal": 0, "distribution": "{\"name\": \"CategoricalDistribution\", \"attributes\": {\"choices\": [42]}}"}
{"op_code": 5, "worker_id": "8dd44d43-ada8-4c4a-a9aa-b95f8d5b7d8a-140118604883776", "trial_id": 39, "param_name": "degree", "param_value_internal": 0, "distribution": "{\"name\": \"CategoricalDistribution\", \"attributes\": {\"choices\": [0]}}"}
{"op_code": 8, "worker_id": "8dd44d43-ada8-4c4a-a9aa-b95f8d5b7d8a-140118604883776", "trial_id": 39, "user_attr": {"best_epoch": 1}}
{"op_code": 8, "worker_id": "8dd44d43-ada8-4c4a-a9aa-b95f8d5b7d8a-140118604883776", "trial_id": 39, "user_attr": {"test_loss": 0.45172042092892606}}
{"op_code": 6, "worker_id": "8dd44d43-ada8-4c4a-a9aa-b95f8d5b7d8a-140118604883776", "trial_id": 39, "state": 1, "values": [0.44710917958788515], "datetime_complete": "2024-08-30T20:39:49.924564"}
{"op_code": 4, "worker_id": "8dd44d43-ada8-4c4a-a9aa-b95f8d5b7d8a-140118604883776", "study_id": 0, "datetime_start": "2024-08-30T20:39:49.933358"}
{"op_code": 5, "worker_id": "8dd44d43-ada8-4c4a-a9aa-b95f8d5b7d8a-140118604883776", "trial_id": 40, "param_name": "lr", "param_value_internal": 8.467813238313412e-05, "distribution": "{\"name\": \"FloatDistribution\", \"attributes\": {\"step\": null, \"low\": 1e-05, \"high\": 0.001, \"log\": true}}"}
{"op_code": 5, "worker_id": "8dd44d43-ada8-4c4a-a9aa-b95f8d5b7d8a-140118604883776", "trial_id": 40, "param_name": "l2reg", "param_value_internal": 1.7432851096476126e-06, "distribution": "{\"name\": \"FloatDistribution\", \"attributes\": {\"step\": null, \"low\": 1e-08, \"high\": 0.001, \"log\": true}}"}
{"op_code": 5, "worker_id": "8dd44d43-ada8-4c4a-a9aa-b95f8d5b7d8a-140118604883776", "trial_id": 40, "param_name": "random_seed", "param_value_internal": 0, "distribution": "{\"name\": \"CategoricalDistribution\", \"attributes\": {\"choices\": [42]}}"}
{"op_code": 5, "worker_id": "8dd44d43-ada8-4c4a-a9aa-b95f8d5b7d8a-140118604883776", "trial_id": 40, "param_name": "degree", "param_value_internal": 0, "distribution": "{\"name\": \"CategoricalDistribution\", \"attributes\": {\"choices\": [0]}}"}
{"op_code": 8, "worker_id": "8dd44d43-ada8-4c4a-a9aa-b95f8d5b7d8a-140118604883776", "trial_id": 40, "user_attr": {"best_epoch": 1}}
{"op_code": 8, "worker_id": "8dd44d43-ada8-4c4a-a9aa-b95f8d5b7d8a-140118604883776", "trial_id": 40, "user_attr": {"test_loss": 0.4521106153183423}}
{"op_code": 6, "worker_id": "8dd44d43-ada8-4c4a-a9aa-b95f8d5b7d8a-140118604883776", "trial_id": 40, "state": 1, "values": [0.4475437723137253], "datetime_complete": "2024-08-30T20:59:45.872930"}
{"op_code": 4, "worker_id": "8dd44d43-ada8-4c4a-a9aa-b95f8d5b7d8a-140118604883776", "study_id": 0, "datetime_start": "2024-08-30T20:59:45.883976"}
{"op_code": 5, "worker_id": "8dd44d43-ada8-4c4a-a9aa-b95f8d5b7d8a-140118604883776", "trial_id": 41, "param_name": "lr", "param_value_internal": 0.00010952917353413178, "distribution": "{\"name\": \"FloatDistribution\", \"attributes\": {\"step\": null, \"low\": 1e-05, \"high\": 0.001, \"log\": true}}"}
{"op_code": 5, "worker_id": "8dd44d43-ada8-4c4a-a9aa-b95f8d5b7d8a-140118604883776", "trial_id": 41, "param_name": "l2reg", "param_value_internal": 7.179248940481514e-08, "distribution": "{\"name\": \"FloatDistribution\", \"attributes\": {\"step\": null, \"low\": 1e-08, \"high\": 0.001, \"log\": true}}"}
{"op_code": 5, "worker_id": "8dd44d43-ada8-4c4a-a9aa-b95f8d5b7d8a-140118604883776", "trial_id": 41, "param_name": "random_seed", "param_value_internal": 0, "distribution": "{\"name\": \"CategoricalDistribution\", \"attributes\": {\"choices\": [42]}}"}
{"op_code": 5, "worker_id": "8dd44d43-ada8-4c4a-a9aa-b95f8d5b7d8a-140118604883776", "trial_id": 41, "param_name": "degree", "param_value_internal": 0, "distribution": "{\"name\": \"CategoricalDistribution\", \"attributes\": {\"choices\": [0]}}"}
{"op_code": 8, "worker_id": "8dd44d43-ada8-4c4a-a9aa-b95f8d5b7d8a-140118604883776", "trial_id": 41, "user_attr": {"best_epoch": 1}}
{"op_code": 8, "worker_id": "8dd44d43-ada8-4c4a-a9aa-b95f8d5b7d8a-140118604883776", "trial_id": 41, "user_attr": {"test_loss": 0.4516092149553061}}
{"op_code": 6, "worker_id": "8dd44d43-ada8-4c4a-a9aa-b95f8d5b7d8a-140118604883776", "trial_id": 41, "state": 1, "values": [0.4470220625288227], "datetime_complete": "2024-08-30T21:19:51.829103"}
{"op_code": 4, "worker_id": "8dd44d43-ada8-4c4a-a9aa-b95f8d5b7d8a-140118604883776", "study_id": 0, "datetime_start": "2024-08-30T21:19:51.841063"}
{"op_code": 5, "worker_id": "8dd44d43-ada8-4c4a-a9aa-b95f8d5b7d8a-140118604883776", "trial_id": 42, "param_name": "lr", "param_value_internal": 0.00014233503867403725, "distribution": "{\"name\": \"FloatDistribution\", \"attributes\": {\"step\": null, \"low\": 1e-05, \"high\": 0.001, \"log\": true}}"}
{"op_code": 5, "worker_id": "8dd44d43-ada8-4c4a-a9aa-b95f8d5b7d8a-140118604883776", "trial_id": 42, "param_name": "l2reg", "param_value_internal": 6.502370686402469e-08, "distribution": "{\"name\": \"FloatDistribution\", \"attributes\": {\"step\": null, \"low\": 1e-08, \"high\": 0.001, \"log\": true}}"}
{"op_code": 5, "worker_id": "8dd44d43-ada8-4c4a-a9aa-b95f8d5b7d8a-140118604883776", "trial_id": 42, "param_name": "random_seed", "param_value_internal": 0, "distribution": "{\"name\": \"CategoricalDistribution\", \"attributes\": {\"choices\": [42]}}"}
{"op_code": 5, "worker_id": "8dd44d43-ada8-4c4a-a9aa-b95f8d5b7d8a-140118604883776", "trial_id": 42, "param_name": "degree", "param_value_internal": 0, "distribution": "{\"name\": \"CategoricalDistribution\", \"attributes\": {\"choices\": [0]}}"}
{"op_code": 8, "worker_id": "8dd44d43-ada8-4c4a-a9aa-b95f8d5b7d8a-140118604883776", "trial_id": 42, "user_attr": {"best_epoch": 1}}
{"op_code": 8, "worker_id": "8dd44d43-ada8-4c4a-a9aa-b95f8d5b7d8a-140118604883776", "trial_id": 42, "user_attr": {"test_loss": 0.4517623379076541}}
{"op_code": 6, "worker_id": "8dd44d43-ada8-4c4a-a9aa-b95f8d5b7d8a-140118604883776", "trial_id": 42, "state": 1, "values": [0.44714884419102535], "datetime_complete": "2024-08-30T21:38:27.328042"}
{"op_code": 4, "worker_id": "8dd44d43-ada8-4c4a-a9aa-b95f8d5b7d8a-140118604883776", "study_id": 0, "datetime_start": "2024-08-30T21:38:27.338682"}
{"op_code": 5, "worker_id": "8dd44d43-ada8-4c4a-a9aa-b95f8d5b7d8a-140118604883776", "trial_id": 43, "param_name": "lr", "param_value_internal": 0.00012356867708952066, "distribution": "{\"name\": \"FloatDistribution\", \"attributes\": {\"step\": null, \"low\": 1e-05, \"high\": 0.001, \"log\": true}}"}
{"op_code": 5, "worker_id": "8dd44d43-ada8-4c4a-a9aa-b95f8d5b7d8a-140118604883776", "trial_id": 43, "param_name": "l2reg", "param_value_internal": 1.6878291159519857e-07, "distribution": "{\"name\": \"FloatDistribution\", \"attributes\": {\"step\": null, \"low\": 1e-08, \"high\": 0.001, \"log\": true}}"}
{"op_code": 5, "worker_id": "8dd44d43-ada8-4c4a-a9aa-b95f8d5b7d8a-140118604883776", "trial_id": 43, "param_name": "random_seed", "param_value_internal": 0, "distribution": "{\"name\": \"CategoricalDistribution\", \"attributes\": {\"choices\": [42]}}"}
{"op_code": 5, "worker_id": "8dd44d43-ada8-4c4a-a9aa-b95f8d5b7d8a-140118604883776", "trial_id": 43, "param_name": "degree", "param_value_internal": 0, "distribution": "{\"name\": \"CategoricalDistribution\", \"attributes\": {\"choices\": [0]}}"}
{"op_code": 8, "worker_id": "8dd44d43-ada8-4c4a-a9aa-b95f8d5b7d8a-140118604883776", "trial_id": 43, "user_attr": {"best_epoch": 1}}
{"op_code": 8, "worker_id": "8dd44d43-ada8-4c4a-a9aa-b95f8d5b7d8a-140118604883776", "trial_id": 43, "user_attr": {"test_loss": 0.45160066358623957}}
{"op_code": 6, "worker_id": "8dd44d43-ada8-4c4a-a9aa-b95f8d5b7d8a-140118604883776", "trial_id": 43, "state": 1, "values": [0.447001180394157], "datetime_complete": "2024-08-30T21:56:55.983162"}
{"op_code": 4, "worker_id": "8dd44d43-ada8-4c4a-a9aa-b95f8d5b7d8a-140118604883776", "study_id": 0, "datetime_start": "2024-08-30T21:56:56.002007"}
{"op_code": 5, "worker_id": "8dd44d43-ada8-4c4a-a9aa-b95f8d5b7d8a-140118604883776", "trial_id": 44, "param_name": "lr", "param_value_internal": 0.0002151735339978123, "distribution": "{\"name\": \"FloatDistribution\", \"attributes\": {\"step\": null, \"low\": 1e-05, \"high\": 0.001, \"log\": true}}"}
{"op_code": 5, "worker_id": "8dd44d43-ada8-4c4a-a9aa-b95f8d5b7d8a-140118604883776", "trial_id": 44, "param_name": "l2reg", "param_value_internal": 4.421353203779816e-08, "distribution": "{\"name\": \"FloatDistribution\", \"attributes\": {\"step\": null, \"low\": 1e-08, \"high\": 0.001, \"log\": true}}"}
{"op_code": 5, "worker_id": "8dd44d43-ada8-4c4a-a9aa-b95f8d5b7d8a-140118604883776", "trial_id": 44, "param_name": "random_seed", "param_value_internal": 0, "distribution": "{\"name\": \"CategoricalDistribution\", \"attributes\": {\"choices\": [42]}}"}
{"op_code": 5, "worker_id": "8dd44d43-ada8-4c4a-a9aa-b95f8d5b7d8a-140118604883776", "trial_id": 44, "param_name": "degree", "param_value_internal": 0, "distribution": "{\"name\": \"CategoricalDistribution\", \"attributes\": {\"choices\": [0]}}"}
{"op_code": 8, "worker_id": "8dd44d43-ada8-4c4a-a9aa-b95f8d5b7d8a-140118604883776", "trial_id": 44, "user_attr": {"best_epoch": 0}}
{"op_code": 8, "worker_id": "8dd44d43-ada8-4c4a-a9aa-b95f8d5b7d8a-140118604883776", "trial_id": 44, "user_attr": {"test_loss": 0.4525462770316793}}
{"op_code": 6, "worker_id": "8dd44d43-ada8-4c4a-a9aa-b95f8d5b7d8a-140118604883776", "trial_id": 44, "state": 1, "values": [0.4480075694874982], "datetime_complete": "2024-08-30T22:12:31.963242"}
{"op_code": 4, "worker_id": "8dd44d43-ada8-4c4a-a9aa-b95f8d5b7d8a-140118604883776", "study_id": 0, "datetime_start": "2024-08-30T22:12:31.972508"}
{"op_code": 5, "worker_id": "8dd44d43-ada8-4c4a-a9aa-b95f8d5b7d8a-140118604883776", "trial_id": 45, "param_name": "lr", "param_value_internal": 7.765815134410699e-05, "distribution": "{\"name\": \"FloatDistribution\", \"attributes\": {\"step\": null, \"low\": 1e-05, \"high\": 0.001, \"log\": true}}"}
{"op_code": 5, "worker_id": "8dd44d43-ada8-4c4a-a9aa-b95f8d5b7d8a-140118604883776", "trial_id": 45, "param_name": "l2reg", "param_value_internal": 1.1137939834742244e-07, "distribution": "{\"name\": \"FloatDistribution\", \"attributes\": {\"step\": null, \"low\": 1e-08, \"high\": 0.001, \"log\": true}}"}
{"op_code": 5, "worker_id": "8dd44d43-ada8-4c4a-a9aa-b95f8d5b7d8a-140118604883776", "trial_id": 45, "param_name": "random_seed", "param_value_internal": 0, "distribution": "{\"name\": \"CategoricalDistribution\", \"attributes\": {\"choices\": [42]}}"}
{"op_code": 5, "worker_id": "8dd44d43-ada8-4c4a-a9aa-b95f8d5b7d8a-140118604883776", "trial_id": 45, "param_name": "degree", "param_value_internal": 0, "distribution": "{\"name\": \"CategoricalDistribution\", \"attributes\": {\"choices\": [0]}}"}
{"op_code": 8, "worker_id": "8dd44d43-ada8-4c4a-a9aa-b95f8d5b7d8a-140118604883776", "trial_id": 45, "user_attr": {"best_epoch": 2}}
{"op_code": 8, "worker_id": "8dd44d43-ada8-4c4a-a9aa-b95f8d5b7d8a-140118604883776", "trial_id": 45, "user_attr": {"test_loss": 0.452150814388106}}
{"op_code": 6, "worker_id": "8dd44d43-ada8-4c4a-a9aa-b95f8d5b7d8a-140118604883776", "trial_id": 45, "state": 1, "values": [0.4475568665956089], "datetime_complete": "2024-08-30T22:34:37.870468"}
{"op_code": 4, "worker_id": "8dd44d43-ada8-4c4a-a9aa-b95f8d5b7d8a-140118604883776", "study_id": 0, "datetime_start": "2024-08-30T22:34:37.881341"}
{"op_code": 5, "worker_id": "8dd44d43-ada8-4c4a-a9aa-b95f8d5b7d8a-140118604883776", "trial_id": 46, "param_name": "lr", "param_value_internal": 4.857548892295828e-05, "distribution": "{\"name\": \"FloatDistribution\", \"attributes\": {\"step\": null, \"low\": 1e-05, \"high\": 0.001, \"log\": true}}"}
{"op_code": 5, "worker_id": "8dd44d43-ada8-4c4a-a9aa-b95f8d5b7d8a-140118604883776", "trial_id": 46, "param_name": "l2reg", "param_value_internal": 4.594575893943422e-07, "distribution": "{\"name\": \"FloatDistribution\", \"attributes\": {\"step\": null, \"low\": 1e-08, \"high\": 0.001, \"log\": true}}"}
{"op_code": 5, "worker_id": "8dd44d43-ada8-4c4a-a9aa-b95f8d5b7d8a-140118604883776", "trial_id": 46, "param_name": "random_seed", "param_value_internal": 0, "distribution": "{\"name\": \"CategoricalDistribution\", \"attributes\": {\"choices\": [42]}}"}
{"op_code": 5, "worker_id": "8dd44d43-ada8-4c4a-a9aa-b95f8d5b7d8a-140118604883776", "trial_id": 46, "param_name": "degree", "param_value_internal": 0, "distribution": "{\"name\": \"CategoricalDistribution\", \"attributes\": {\"choices\": [0]}}"}
{"op_code": 8, "worker_id": "8dd44d43-ada8-4c4a-a9aa-b95f8d5b7d8a-140118604883776", "trial_id": 46, "user_attr": {"best_epoch": 3}}
{"op_code": 8, "worker_id": "8dd44d43-ada8-4c4a-a9aa-b95f8d5b7d8a-140118604883776", "trial_id": 46, "user_attr": {"test_loss": 0.45247454478848265}}
{"op_code": 6, "worker_id": "8dd44d43-ada8-4c4a-a9aa-b95f8d5b7d8a-140118604883776", "trial_id": 46, "state": 1, "values": [0.44787910809234255], "datetime_complete": "2024-08-30T23:00:44.424879"}
{"op_code": 4, "worker_id": "8dd44d43-ada8-4c4a-a9aa-b95f8d5b7d8a-140118604883776", "study_id": 0, "datetime_start": "2024-08-30T23:00:44.433771"}
{"op_code": 5, "worker_id": "8dd44d43-ada8-4c4a-a9aa-b95f8d5b7d8a-140118604883776", "trial_id": 47, "param_name": "lr", "param_value_internal": 0.0001577905086503104, "distribution": "{\"name\": \"FloatDistribution\", \"attributes\": {\"step\": null, \"low\": 1e-05, \"high\": 0.001, \"log\": true}}"}
{"op_code": 5, "worker_id": "8dd44d43-ada8-4c4a-a9aa-b95f8d5b7d8a-140118604883776", "trial_id": 47, "param_name": "l2reg", "param_value_internal": 1.586108618757621e-08, "distribution": "{\"name\": \"FloatDistribution\", \"attributes\": {\"step\": null, \"low\": 1e-08, \"high\": 0.001, \"log\": true}}"}
{"op_code": 5, "worker_id": "8dd44d43-ada8-4c4a-a9aa-b95f8d5b7d8a-140118604883776", "trial_id": 47, "param_name": "random_seed", "param_value_internal": 0, "distribution": "{\"name\": \"CategoricalDistribution\", \"attributes\": {\"choices\": [42]}}"}
{"op_code": 5, "worker_id": "8dd44d43-ada8-4c4a-a9aa-b95f8d5b7d8a-140118604883776", "trial_id": 47, "param_name": "degree", "param_value_internal": 0, "distribution": "{\"name\": \"CategoricalDistribution\", \"attributes\": {\"choices\": [0]}}"}
{"op_code": 8, "worker_id": "8dd44d43-ada8-4c4a-a9aa-b95f8d5b7d8a-140118604883776", "trial_id": 47, "user_attr": {"best_epoch": 1}}
{"op_code": 8, "worker_id": "8dd44d43-ada8-4c4a-a9aa-b95f8d5b7d8a-140118604883776", "trial_id": 47, "user_attr": {"test_loss": 0.45199330122396053}}
{"op_code": 6, "worker_id": "8dd44d43-ada8-4c4a-a9aa-b95f8d5b7d8a-140118604883776", "trial_id": 47, "state": 1, "values": [0.4473676294081537], "datetime_complete": "2024-08-30T23:19:23.970075"}
{"op_code": 4, "worker_id": "8dd44d43-ada8-4c4a-a9aa-b95f8d5b7d8a-140118604883776", "study_id": 0, "datetime_start": "2024-08-30T23:19:23.978756"}
{"op_code": 5, "worker_id": "8dd44d43-ada8-4c4a-a9aa-b95f8d5b7d8a-140118604883776", "trial_id": 48, "param_name": "lr", "param_value_internal": 0.00010225449062173462, "distribution": "{\"name\": \"FloatDistribution\", \"attributes\": {\"step\": null, \"low\": 1e-05, \"high\": 0.001, \"log\": true}}"}
{"op_code": 5, "worker_id": "8dd44d43-ada8-4c4a-a9aa-b95f8d5b7d8a-140118604883776", "trial_id": 48, "param_name": "l2reg", "param_value_internal": 9.760125165280895e-08, "distribution": "{\"name\": \"FloatDistribution\", \"attributes\": {\"step\": null, \"low\": 1e-08, \"high\": 0.001, \"log\": true}}"}
{"op_code": 5, "worker_id": "8dd44d43-ada8-4c4a-a9aa-b95f8d5b7d8a-140118604883776", "trial_id": 48, "param_name": "random_seed", "param_value_internal": 0, "distribution": "{\"name\": \"CategoricalDistribution\", \"attributes\": {\"choices\": [42]}}"}
{"op_code": 5, "worker_id": "8dd44d43-ada8-4c4a-a9aa-b95f8d5b7d8a-140118604883776", "trial_id": 48, "param_name": "degree", "param_value_internal": 0, "distribution": "{\"name\": \"CategoricalDistribution\", \"attributes\": {\"choices\": [0]}}"}
{"op_code": 8, "worker_id": "8dd44d43-ada8-4c4a-a9aa-b95f8d5b7d8a-140118604883776", "trial_id": 48, "user_attr": {"best_epoch": 1}}
{"op_code": 8, "worker_id": "8dd44d43-ada8-4c4a-a9aa-b95f8d5b7d8a-140118604883776", "trial_id": 48, "user_attr": {"test_loss": 0.4516786566532171}}
{"op_code": 6, "worker_id": "8dd44d43-ada8-4c4a-a9aa-b95f8d5b7d8a-140118604883776", "trial_id": 48, "state": 1, "values": [0.4470978413904524], "datetime_complete": "2024-08-30T23:37:56.663639"}
{"op_code": 4, "worker_id": "8dd44d43-ada8-4c4a-a9aa-b95f8d5b7d8a-140118604883776", "study_id": 0, "datetime_start": "2024-08-30T23:37:56.672511"}
{"op_code": 5, "worker_id": "8dd44d43-ada8-4c4a-a9aa-b95f8d5b7d8a-140118604883776", "trial_id": 49, "param_name": "lr", "param_value_internal": 6.75768394756506e-05, "distribution": "{\"name\": \"FloatDistribution\", \"attributes\": {\"step\": null, \"low\": 1e-05, \"high\": 0.001, \"log\": true}}"}
{"op_code": 5, "worker_id": "8dd44d43-ada8-4c4a-a9aa-b95f8d5b7d8a-140118604883776", "trial_id": 49, "param_name": "l2reg", "param_value_internal": 1.6224529565908e-08, "distribution": "{\"name\": \"FloatDistribution\", \"attributes\": {\"step\": null, \"low\": 1e-08, \"high\": 0.001, \"log\": true}}"}
{"op_code": 5, "worker_id": "8dd44d43-ada8-4c4a-a9aa-b95f8d5b7d8a-140118604883776", "trial_id": 49, "param_name": "random_seed", "param_value_internal": 0, "distribution": "{\"name\": \"CategoricalDistribution\", \"attributes\": {\"choices\": [42]}}"}
{"op_code": 5, "worker_id": "8dd44d43-ada8-4c4a-a9aa-b95f8d5b7d8a-140118604883776", "trial_id": 49, "param_name": "degree", "param_value_internal": 0, "distribution": "{\"name\": \"CategoricalDistribution\", \"attributes\": {\"choices\": [0]}}"}
{"op_code": 8, "worker_id": "8dd44d43-ada8-4c4a-a9aa-b95f8d5b7d8a-140118604883776", "trial_id": 49, "user_attr": {"best_epoch": 2}}
{"op_code": 8, "worker_id": "8dd44d43-ada8-4c4a-a9aa-b95f8d5b7d8a-140118604883776", "trial_id": 49, "user_attr": {"test_loss": 0.4521232133174135}}
{"op_code": 6, "worker_id": "8dd44d43-ada8-4c4a-a9aa-b95f8d5b7d8a-140118604883776", "trial_id": 49, "state": 1, "values": [0.44757072439247114], "datetime_complete": "2024-08-31T00:00:12.011261"}
