{"op_code": 0, "worker_id": "bdaa134b-167d-486e-86f6-64a7cab028c7-139799974557504", "study_name": "criteo_splines_0_56", "directions": [1]}
{"op_code": 4, "worker_id": "bdaa134b-167d-486e-86f6-64a7cab028c7-139799974557504", "study_id": 0, "datetime_start": "2024-09-02T06:02:55.759894"}
{"op_code": 5, "worker_id": "bdaa134b-167d-486e-86f6-64a7cab028c7-139799974557504", "trial_id": 0, "param_name": "lr", "param_value_internal": 5.6115164153345e-05, "distribution": "{\"name\": \"FloatDistribution\", \"attributes\": {\"step\": null, \"low\": 1e-05, \"high\": 0.001, \"log\": true}}"}
{"op_code": 5, "worker_id": "bdaa134b-167d-486e-86f6-64a7cab028c7-139799974557504", "trial_id": 0, "param_name": "l2reg", "param_value_internal": 0.0005669849511478851, "distribution": "{\"name\": \"FloatDistribution\", \"attributes\": {\"step\": null, \"low\": 1e-08, \"high\": 0.001, \"log\": true}}"}
{"op_code": 5, "worker_id": "bdaa134b-167d-486e-86f6-64a7cab028c7-139799974557504", "trial_id": 0, "param_name": "random_seed", "param_value_internal": 0, "distribution": "{\"name\": \"CategoricalDistribution\", \"attributes\": {\"choices\": [42]}}"}
{"op_code": 5, "worker_id": "bdaa134b-167d-486e-86f6-64a7cab028c7-139799974557504", "trial_id": 0, "param_name": "degree", "param_value_internal": 0, "distribution": "{\"name\": \"CategoricalDistribution\", \"attributes\": {\"choices\": [0]}}"}
{"op_code": 8, "worker_id": "bdaa134b-167d-486e-86f6-64a7cab028c7-139799974557504", "trial_id": 0, "user_attr": {"best_epoch": 2}}
{"op_code": 8, "worker_id": "bdaa134b-167d-486e-86f6-64a7cab028c7-139799974557504", "trial_id": 0, "user_attr": {"test_loss": 0.45165269713997935}}
{"op_code": 6, "worker_id": "bdaa134b-167d-486e-86f6-64a7cab028c7-139799974557504", "trial_id": 0, "state": 1, "values": [0.4468647784432235], "datetime_complete": "2024-09-02T06:32:37.359643"}
{"op_code": 4, "worker_id": "bdaa134b-167d-486e-86f6-64a7cab028c7-139799974557504", "study_id": 0, "datetime_start": "2024-09-02T06:32:37.369292"}
{"op_code": 5, "worker_id": "bdaa134b-167d-486e-86f6-64a7cab028c7-139799974557504", "trial_id": 1, "param_name": "lr", "param_value_internal": 0.000291063591313307, "distribution": "{\"name\": \"FloatDistribution\", \"attributes\": {\"step\": null, \"low\": 1e-05, \"high\": 0.001, \"log\": true}}"}
{"op_code": 5, "worker_id": "bdaa134b-167d-486e-86f6-64a7cab028c7-139799974557504", "trial_id": 1, "param_name": "l2reg", "param_value_internal": 9.846738873614555e-06, "distribution": "{\"name\": \"FloatDistribution\", \"attributes\": {\"step\": null, \"low\": 1e-08, \"high\": 0.001, \"log\": true}}"}
{"op_code": 5, "worker_id": "bdaa134b-167d-486e-86f6-64a7cab028c7-139799974557504", "trial_id": 1, "param_name": "random_seed", "param_value_internal": 0, "distribution": "{\"name\": \"CategoricalDistribution\", \"attributes\": {\"choices\": [42]}}"}
{"op_code": 5, "worker_id": "bdaa134b-167d-486e-86f6-64a7cab028c7-139799974557504", "trial_id": 1, "param_name": "degree", "param_value_internal": 0, "distribution": "{\"name\": \"CategoricalDistribution\", \"attributes\": {\"choices\": [0]}}"}
{"op_code": 8, "worker_id": "bdaa134b-167d-486e-86f6-64a7cab028c7-139799974557504", "trial_id": 1, "user_attr": {"best_epoch": 0}}
{"op_code": 8, "worker_id": "bdaa134b-167d-486e-86f6-64a7cab028c7-139799974557504", "trial_id": 1, "user_attr": {"test_loss": 0.4525491783890412}}
{"op_code": 6, "worker_id": "bdaa134b-167d-486e-86f6-64a7cab028c7-139799974557504", "trial_id": 1, "state": 1, "values": [0.44800619516053664], "datetime_complete": "2024-09-02T06:52:51.488944"}
{"op_code": 4, "worker_id": "bdaa134b-167d-486e-86f6-64a7cab028c7-139799974557504", "study_id": 0, "datetime_start": "2024-09-02T06:52:51.499372"}
{"op_code": 5, "worker_id": "bdaa134b-167d-486e-86f6-64a7cab028c7-139799974557504", "trial_id": 2, "param_name": "lr", "param_value_internal": 2.0513382630874486e-05, "distribution": "{\"name\": \"FloatDistribution\", \"attributes\": {\"step\": null, \"low\": 1e-05, \"high\": 0.001, \"log\": true}}"}
{"op_code": 5, "worker_id": "bdaa134b-167d-486e-86f6-64a7cab028c7-139799974557504", "trial_id": 2, "param_name": "l2reg", "param_value_internal": 6.02521573620385e-08, "distribution": "{\"name\": \"FloatDistribution\", \"attributes\": {\"step\": null, \"low\": 1e-08, \"high\": 0.001, \"log\": true}}"}
{"op_code": 5, "worker_id": "bdaa134b-167d-486e-86f6-64a7cab028c7-139799974557504", "trial_id": 2, "param_name": "random_seed", "param_value_internal": 0, "distribution": "{\"name\": \"CategoricalDistribution\", \"attributes\": {\"choices\": [42]}}"}
{"op_code": 5, "worker_id": "bdaa134b-167d-486e-86f6-64a7cab028c7-139799974557504", "trial_id": 2, "param_name": "degree", "param_value_internal": 0, "distribution": "{\"name\": \"CategoricalDistribution\", \"attributes\": {\"choices\": [0]}}"}
{"op_code": 8, "worker_id": "bdaa134b-167d-486e-86f6-64a7cab028c7-139799974557504", "trial_id": 2, "user_attr": {"best_epoch": 7}}
{"op_code": 8, "worker_id": "bdaa134b-167d-486e-86f6-64a7cab028c7-139799974557504", "trial_id": 2, "user_attr": {"test_loss": 0.4529911772776686}}
{"op_code": 6, "worker_id": "bdaa134b-167d-486e-86f6-64a7cab028c7-139799974557504", "trial_id": 2, "state": 1, "values": [0.447831808339416], "datetime_complete": "2024-09-02T07:41:13.366930"}
{"op_code": 4, "worker_id": "bdaa134b-167d-486e-86f6-64a7cab028c7-139799974557504", "study_id": 0, "datetime_start": "2024-09-02T07:41:13.376126"}
{"op_code": 5, "worker_id": "bdaa134b-167d-486e-86f6-64a7cab028c7-139799974557504", "trial_id": 3, "param_name": "lr", "param_value_internal": 1.3066739238053272e-05, "distribution": "{\"name\": \"FloatDistribution\", \"attributes\": {\"step\": null, \"low\": 1e-05, \"high\": 0.001, \"log\": true}}"}
{"op_code": 5, "worker_id": "bdaa134b-167d-486e-86f6-64a7cab028c7-139799974557504", "trial_id": 3, "param_name": "l2reg", "param_value_internal": 0.00021423021757741048, "distribution": "{\"name\": \"FloatDistribution\", \"attributes\": {\"step\": null, \"low\": 1e-08, \"high\": 0.001, \"log\": true}}"}
{"op_code": 5, "worker_id": "bdaa134b-167d-486e-86f6-64a7cab028c7-139799974557504", "trial_id": 3, "param_name": "random_seed", "param_value_internal": 0, "distribution": "{\"name\": \"CategoricalDistribution\", \"attributes\": {\"choices\": [42]}}"}
{"op_code": 5, "worker_id": "bdaa134b-167d-486e-86f6-64a7cab028c7-139799974557504", "trial_id": 3, "param_name": "degree", "param_value_internal": 0, "distribution": "{\"name\": \"CategoricalDistribution\", \"attributes\": {\"choices\": [0]}}"}
{"op_code": 8, "worker_id": "bdaa134b-167d-486e-86f6-64a7cab028c7-139799974557504", "trial_id": 3, "user_attr": {"best_epoch": 9}}
{"op_code": 8, "worker_id": "bdaa134b-167d-486e-86f6-64a7cab028c7-139799974557504", "trial_id": 3, "user_attr": {"test_loss": 0.45346665630322175}}
{"op_code": 6, "worker_id": "bdaa134b-167d-486e-86f6-64a7cab028c7-139799974557504", "trial_id": 3, "state": 1, "values": [0.4484745352484325], "datetime_complete": "2024-09-02T08:29:31.211806"}
{"op_code": 4, "worker_id": "bdaa134b-167d-486e-86f6-64a7cab028c7-139799974557504", "study_id": 0, "datetime_start": "2024-09-02T08:29:31.291844"}
{"op_code": 5, "worker_id": "bdaa134b-167d-486e-86f6-64a7cab028c7-139799974557504", "trial_id": 4, "param_name": "lr", "param_value_internal": 0.00015930522616241006, "distribution": "{\"name\": \"FloatDistribution\", \"attributes\": {\"step\": null, \"low\": 1e-05, \"high\": 0.001, \"log\": true}}"}
{"op_code": 5, "worker_id": "bdaa134b-167d-486e-86f6-64a7cab028c7-139799974557504", "trial_id": 4, "param_name": "l2reg", "param_value_internal": 3.47026698865041e-05, "distribution": "{\"name\": \"FloatDistribution\", \"attributes\": {\"step\": null, \"low\": 1e-08, \"high\": 0.001, \"log\": true}}"}
{"op_code": 5, "worker_id": "bdaa134b-167d-486e-86f6-64a7cab028c7-139799974557504", "trial_id": 4, "param_name": "random_seed", "param_value_internal": 0, "distribution": "{\"name\": \"CategoricalDistribution\", \"attributes\": {\"choices\": [42]}}"}
{"op_code": 5, "worker_id": "bdaa134b-167d-486e-86f6-64a7cab028c7-139799974557504", "trial_id": 4, "param_name": "degree", "param_value_internal": 0, "distribution": "{\"name\": \"CategoricalDistribution\", \"attributes\": {\"choices\": [0]}}"}
{"op_code": 8, "worker_id": "bdaa134b-167d-486e-86f6-64a7cab028c7-139799974557504", "trial_id": 4, "user_attr": {"best_epoch": 0}}
{"op_code": 8, "worker_id": "bdaa134b-167d-486e-86f6-64a7cab028c7-139799974557504", "trial_id": 4, "user_attr": {"test_loss": 0.45256376152736005}}
{"op_code": 6, "worker_id": "bdaa134b-167d-486e-86f6-64a7cab028c7-139799974557504", "trial_id": 4, "state": 1, "values": [0.4479499241066111], "datetime_complete": "2024-09-02T08:49:43.850557"}
{"op_code": 4, "worker_id": "bdaa134b-167d-486e-86f6-64a7cab028c7-139799974557504", "study_id": 0, "datetime_start": "2024-09-02T08:49:43.859474"}
{"op_code": 5, "worker_id": "bdaa134b-167d-486e-86f6-64a7cab028c7-139799974557504", "trial_id": 5, "param_name": "lr", "param_value_internal": 1.0994335574766187e-05, "distribution": "{\"name\": \"FloatDistribution\", \"attributes\": {\"step\": null, \"low\": 1e-05, \"high\": 0.001, \"log\": true}}"}
{"op_code": 5, "worker_id": "bdaa134b-167d-486e-86f6-64a7cab028c7-139799974557504", "trial_id": 5, "param_name": "l2reg", "param_value_internal": 0.0007072114131472234, "distribution": "{\"name\": \"FloatDistribution\", \"attributes\": {\"step\": null, \"low\": 1e-08, \"high\": 0.001, \"log\": true}}"}
{"op_code": 5, "worker_id": "bdaa134b-167d-486e-86f6-64a7cab028c7-139799974557504", "trial_id": 5, "param_name": "random_seed", "param_value_internal": 0, "distribution": "{\"name\": \"CategoricalDistribution\", \"attributes\": {\"choices\": [42]}}"}
{"op_code": 5, "worker_id": "bdaa134b-167d-486e-86f6-64a7cab028c7-139799974557504", "trial_id": 5, "param_name": "degree", "param_value_internal": 0, "distribution": "{\"name\": \"CategoricalDistribution\", \"attributes\": {\"choices\": [0]}}"}
{"op_code": 8, "worker_id": "bdaa134b-167d-486e-86f6-64a7cab028c7-139799974557504", "trial_id": 5, "user_attr": {"best_epoch": 9}}
{"op_code": 8, "worker_id": "bdaa134b-167d-486e-86f6-64a7cab028c7-139799974557504", "trial_id": 5, "user_attr": {"test_loss": 0.4543622976856789}}
{"op_code": 6, "worker_id": "bdaa134b-167d-486e-86f6-64a7cab028c7-139799974557504", "trial_id": 5, "state": 1, "values": [0.4494035420986889], "datetime_complete": "2024-09-02T09:38:01.458904"}
{"op_code": 4, "worker_id": "bdaa134b-167d-486e-86f6-64a7cab028c7-139799974557504", "study_id": 0, "datetime_start": "2024-09-02T09:38:01.468589"}
{"op_code": 5, "worker_id": "bdaa134b-167d-486e-86f6-64a7cab028c7-139799974557504", "trial_id": 6, "param_name": "lr", "param_value_internal": 0.000462258900102083, "distribution": "{\"name\": \"FloatDistribution\", \"attributes\": {\"step\": null, \"low\": 1e-05, \"high\": 0.001, \"log\": true}}"}
{"op_code": 5, "worker_id": "bdaa134b-167d-486e-86f6-64a7cab028c7-139799974557504", "trial_id": 6, "param_name": "l2reg", "param_value_internal": 1.1526449540315595e-07, "distribution": "{\"name\": \"FloatDistribution\", \"attributes\": {\"step\": null, \"low\": 1e-08, \"high\": 0.001, \"log\": true}}"}
{"op_code": 5, "worker_id": "bdaa134b-167d-486e-86f6-64a7cab028c7-139799974557504", "trial_id": 6, "param_name": "random_seed", "param_value_internal": 0, "distribution": "{\"name\": \"CategoricalDistribution\", \"attributes\": {\"choices\": [42]}}"}
{"op_code": 5, "worker_id": "bdaa134b-167d-486e-86f6-64a7cab028c7-139799974557504", "trial_id": 6, "param_name": "degree", "param_value_internal": 0, "distribution": "{\"name\": \"CategoricalDistribution\", \"attributes\": {\"choices\": [0]}}"}
{"op_code": 8, "worker_id": "bdaa134b-167d-486e-86f6-64a7cab028c7-139799974557504", "trial_id": 6, "user_attr": {"best_epoch": 0}}
{"op_code": 8, "worker_id": "bdaa134b-167d-486e-86f6-64a7cab028c7-139799974557504", "trial_id": 6, "user_attr": {"test_loss": 0.4527016141778034}}
{"op_code": 6, "worker_id": "bdaa134b-167d-486e-86f6-64a7cab028c7-139799974557504", "trial_id": 6, "state": 1, "values": [0.44815740930205566], "datetime_complete": "2024-09-02T09:58:13.073734"}
{"op_code": 4, "worker_id": "bdaa134b-167d-486e-86f6-64a7cab028c7-139799974557504", "study_id": 0, "datetime_start": "2024-09-02T09:58:13.089737"}
{"op_code": 5, "worker_id": "bdaa134b-167d-486e-86f6-64a7cab028c7-139799974557504", "trial_id": 7, "param_name": "lr", "param_value_internal": 2.3102018878452926e-05, "distribution": "{\"name\": \"FloatDistribution\", \"attributes\": {\"step\": null, \"low\": 1e-05, \"high\": 0.001, \"log\": true}}"}
{"op_code": 5, "worker_id": "bdaa134b-167d-486e-86f6-64a7cab028c7-139799974557504", "trial_id": 7, "param_name": "l2reg", "param_value_internal": 8.260808399079588e-08, "distribution": "{\"name\": \"FloatDistribution\", \"attributes\": {\"step\": null, \"low\": 1e-08, \"high\": 0.001, \"log\": true}}"}
{"op_code": 5, "worker_id": "bdaa134b-167d-486e-86f6-64a7cab028c7-139799974557504", "trial_id": 7, "param_name": "random_seed", "param_value_internal": 0, "distribution": "{\"name\": \"CategoricalDistribution\", \"attributes\": {\"choices\": [42]}}"}
{"op_code": 5, "worker_id": "bdaa134b-167d-486e-86f6-64a7cab028c7-139799974557504", "trial_id": 7, "param_name": "degree", "param_value_internal": 0, "distribution": "{\"name\": \"CategoricalDistribution\", \"attributes\": {\"choices\": [0]}}"}
{"op_code": 8, "worker_id": "bdaa134b-167d-486e-86f6-64a7cab028c7-139799974557504", "trial_id": 7, "user_attr": {"best_epoch": 6}}
{"op_code": 8, "worker_id": "bdaa134b-167d-486e-86f6-64a7cab028c7-139799974557504", "trial_id": 7, "user_attr": {"test_loss": 0.4529416251479883}}
{"op_code": 6, "worker_id": "bdaa134b-167d-486e-86f6-64a7cab028c7-139799974557504", "trial_id": 7, "state": 1, "values": [0.44780321470346607], "datetime_complete": "2024-09-02T10:46:35.328958"}
{"op_code": 4, "worker_id": "bdaa134b-167d-486e-86f6-64a7cab028c7-139799974557504", "study_id": 0, "datetime_start": "2024-09-02T10:46:35.337638"}
{"op_code": 5, "worker_id": "bdaa134b-167d-486e-86f6-64a7cab028c7-139799974557504", "trial_id": 8, "param_name": "lr", "param_value_internal": 4.059611610484306e-05, "distribution": "{\"name\": \"FloatDistribution\", \"attributes\": {\"step\": null, \"low\": 1e-05, \"high\": 0.001, \"log\": true}}"}
{"op_code": 5, "worker_id": "bdaa134b-167d-486e-86f6-64a7cab028c7-139799974557504", "trial_id": 8, "param_name": "l2reg", "param_value_internal": 4.2051564509138674e-06, "distribution": "{\"name\": \"FloatDistribution\", \"attributes\": {\"step\": null, \"low\": 1e-08, \"high\": 0.001, \"log\": true}}"}
{"op_code": 5, "worker_id": "bdaa134b-167d-486e-86f6-64a7cab028c7-139799974557504", "trial_id": 8, "param_name": "random_seed", "param_value_internal": 0, "distribution": "{\"name\": \"CategoricalDistribution\", \"attributes\": {\"choices\": [42]}}"}
{"op_code": 5, "worker_id": "bdaa134b-167d-486e-86f6-64a7cab028c7-139799974557504", "trial_id": 8, "param_name": "degree", "param_value_internal": 0, "distribution": "{\"name\": \"CategoricalDistribution\", \"attributes\": {\"choices\": [0]}}"}
{"op_code": 8, "worker_id": "bdaa134b-167d-486e-86f6-64a7cab028c7-139799974557504", "trial_id": 8, "user_attr": {"best_epoch": 3}}
{"op_code": 8, "worker_id": "bdaa134b-167d-486e-86f6-64a7cab028c7-139799974557504", "trial_id": 8, "user_attr": {"test_loss": 0.4523558181911747}}
{"op_code": 6, "worker_id": "bdaa134b-167d-486e-86f6-64a7cab028c7-139799974557504", "trial_id": 8, "state": 1, "values": [0.4475324341162925], "datetime_complete": "2024-09-02T11:20:50.119724"}
{"op_code": 4, "worker_id": "bdaa134b-167d-486e-86f6-64a7cab028c7-139799974557504", "study_id": 0, "datetime_start": "2024-09-02T11:20:50.131755"}
{"op_code": 5, "worker_id": "bdaa134b-167d-486e-86f6-64a7cab028c7-139799974557504", "trial_id": 9, "param_name": "lr", "param_value_internal": 7.309539835912905e-05, "distribution": "{\"name\": \"FloatDistribution\", \"attributes\": {\"step\": null, \"low\": 1e-05, \"high\": 0.001, \"log\": true}}"}
{"op_code": 5, "worker_id": "bdaa134b-167d-486e-86f6-64a7cab028c7-139799974557504", "trial_id": 9, "param_name": "l2reg", "param_value_internal": 2.8585493941961875e-07, "distribution": "{\"name\": \"FloatDistribution\", \"attributes\": {\"step\": null, \"low\": 1e-08, \"high\": 0.001, \"log\": true}}"}
{"op_code": 5, "worker_id": "bdaa134b-167d-486e-86f6-64a7cab028c7-139799974557504", "trial_id": 9, "param_name": "random_seed", "param_value_internal": 0, "distribution": "{\"name\": \"CategoricalDistribution\", \"attributes\": {\"choices\": [42]}}"}
{"op_code": 5, "worker_id": "bdaa134b-167d-486e-86f6-64a7cab028c7-139799974557504", "trial_id": 9, "param_name": "degree", "param_value_internal": 0, "distribution": "{\"name\": \"CategoricalDistribution\", \"attributes\": {\"choices\": [0]}}"}
{"op_code": 8, "worker_id": "bdaa134b-167d-486e-86f6-64a7cab028c7-139799974557504", "trial_id": 9, "user_attr": {"best_epoch": 1}}
{"op_code": 8, "worker_id": "bdaa134b-167d-486e-86f6-64a7cab028c7-139799974557504", "trial_id": 9, "user_attr": {"test_loss": 0.45150740021735747}}
{"op_code": 6, "worker_id": "bdaa134b-167d-486e-86f6-64a7cab028c7-139799974557504", "trial_id": 9, "state": 1, "values": [0.4468091182012809], "datetime_complete": "2024-09-02T11:45:43.487979"}
{"op_code": 4, "worker_id": "bdaa134b-167d-486e-86f6-64a7cab028c7-139799974557504", "study_id": 0, "datetime_start": "2024-09-02T11:45:43.503517"}
{"op_code": 5, "worker_id": "bdaa134b-167d-486e-86f6-64a7cab028c7-139799974557504", "trial_id": 10, "param_name": "lr", "param_value_internal": 0.0001104450886277808, "distribution": "{\"name\": \"FloatDistribution\", \"attributes\": {\"step\": null, \"low\": 1e-05, \"high\": 0.001, \"log\": true}}"}
{"op_code": 5, "worker_id": "bdaa134b-167d-486e-86f6-64a7cab028c7-139799974557504", "trial_id": 10, "param_name": "l2reg", "param_value_internal": 6.344493151988628e-07, "distribution": "{\"name\": \"FloatDistribution\", \"attributes\": {\"step\": null, \"low\": 1e-08, \"high\": 0.001, \"log\": true}}"}
{"op_code": 5, "worker_id": "bdaa134b-167d-486e-86f6-64a7cab028c7-139799974557504", "trial_id": 10, "param_name": "random_seed", "param_value_internal": 0, "distribution": "{\"name\": \"CategoricalDistribution\", \"attributes\": {\"choices\": [42]}}"}
{"op_code": 5, "worker_id": "bdaa134b-167d-486e-86f6-64a7cab028c7-139799974557504", "trial_id": 10, "param_name": "degree", "param_value_internal": 0, "distribution": "{\"name\": \"CategoricalDistribution\", \"attributes\": {\"choices\": [0]}}"}
{"op_code": 8, "worker_id": "bdaa134b-167d-486e-86f6-64a7cab028c7-139799974557504", "trial_id": 10, "user_attr": {"best_epoch": 1}}
{"op_code": 8, "worker_id": "bdaa134b-167d-486e-86f6-64a7cab028c7-139799974557504", "trial_id": 10, "user_attr": {"test_loss": 0.4515085836657551}}
{"op_code": 6, "worker_id": "bdaa134b-167d-486e-86f6-64a7cab028c7-139799974557504", "trial_id": 10, "state": 1, "values": [0.44690742075478035], "datetime_complete": "2024-09-02T12:10:35.525528"}
{"op_code": 4, "worker_id": "bdaa134b-167d-486e-86f6-64a7cab028c7-139799974557504", "study_id": 0, "datetime_start": "2024-09-02T12:10:35.537837"}
{"op_code": 5, "worker_id": "bdaa134b-167d-486e-86f6-64a7cab028c7-139799974557504", "trial_id": 11, "param_name": "lr", "param_value_internal": 5.238820305791146e-05, "distribution": "{\"name\": \"FloatDistribution\", \"attributes\": {\"step\": null, \"low\": 1e-05, \"high\": 0.001, \"log\": true}}"}
{"op_code": 5, "worker_id": "bdaa134b-167d-486e-86f6-64a7cab028c7-139799974557504", "trial_id": 11, "param_name": "l2reg", "param_value_internal": 1.219601957885363e-08, "distribution": "{\"name\": \"FloatDistribution\", \"attributes\": {\"step\": null, \"low\": 1e-08, \"high\": 0.001, \"log\": true}}"}
{"op_code": 5, "worker_id": "bdaa134b-167d-486e-86f6-64a7cab028c7-139799974557504", "trial_id": 11, "param_name": "random_seed", "param_value_internal": 0, "distribution": "{\"name\": \"CategoricalDistribution\", \"attributes\": {\"choices\": [42]}}"}
{"op_code": 5, "worker_id": "bdaa134b-167d-486e-86f6-64a7cab028c7-139799974557504", "trial_id": 11, "param_name": "degree", "param_value_internal": 0, "distribution": "{\"name\": \"CategoricalDistribution\", \"attributes\": {\"choices\": [0]}}"}
{"op_code": 8, "worker_id": "bdaa134b-167d-486e-86f6-64a7cab028c7-139799974557504", "trial_id": 11, "user_attr": {"best_epoch": 2}}
{"op_code": 8, "worker_id": "bdaa134b-167d-486e-86f6-64a7cab028c7-139799974557504", "trial_id": 11, "user_attr": {"test_loss": 0.451762834192466}}
{"op_code": 6, "worker_id": "bdaa134b-167d-486e-86f6-64a7cab028c7-139799974557504", "trial_id": 11, "state": 1, "values": [0.4469788094052829], "datetime_complete": "2024-09-02T12:40:09.521580"}
{"op_code": 4, "worker_id": "bdaa134b-167d-486e-86f6-64a7cab028c7-139799974557504", "study_id": 0, "datetime_start": "2024-09-02T12:40:09.531056"}
{"op_code": 5, "worker_id": "bdaa134b-167d-486e-86f6-64a7cab028c7-139799974557504", "trial_id": 12, "param_name": "lr", "param_value_internal": 6.005508920840953e-05, "distribution": "{\"name\": \"FloatDistribution\", \"attributes\": {\"step\": null, \"low\": 1e-05, \"high\": 0.001, \"log\": true}}"}
{"op_code": 5, "worker_id": "bdaa134b-167d-486e-86f6-64a7cab028c7-139799974557504", "trial_id": 12, "param_name": "l2reg", "param_value_internal": 7.340461609226715e-07, "distribution": "{\"name\": \"FloatDistribution\", \"attributes\": {\"step\": null, \"low\": 1e-08, \"high\": 0.001, \"log\": true}}"}
{"op_code": 5, "worker_id": "bdaa134b-167d-486e-86f6-64a7cab028c7-139799974557504", "trial_id": 12, "param_name": "random_seed", "param_value_internal": 0, "distribution": "{\"name\": \"CategoricalDistribution\", \"attributes\": {\"choices\": [42]}}"}
{"op_code": 5, "worker_id": "bdaa134b-167d-486e-86f6-64a7cab028c7-139799974557504", "trial_id": 12, "param_name": "degree", "param_value_internal": 0, "distribution": "{\"name\": \"CategoricalDistribution\", \"attributes\": {\"choices\": [0]}}"}
{"op_code": 8, "worker_id": "bdaa134b-167d-486e-86f6-64a7cab028c7-139799974557504", "trial_id": 12, "user_attr": {"best_epoch": 2}}
{"op_code": 8, "worker_id": "bdaa134b-167d-486e-86f6-64a7cab028c7-139799974557504", "trial_id": 12, "user_attr": {"test_loss": 0.4517300412191259}}
{"op_code": 6, "worker_id": "bdaa134b-167d-486e-86f6-64a7cab028c7-139799974557504", "trial_id": 12, "state": 1, "values": [0.44692551605977404], "datetime_complete": "2024-09-02T13:09:42.624847"}
{"op_code": 4, "worker_id": "bdaa134b-167d-486e-86f6-64a7cab028c7-139799974557504", "study_id": 0, "datetime_start": "2024-09-02T13:09:42.648084"}
{"op_code": 5, "worker_id": "bdaa134b-167d-486e-86f6-64a7cab028c7-139799974557504", "trial_id": 13, "param_name": "lr", "param_value_internal": 0.00017784765126709995, "distribution": "{\"name\": \"FloatDistribution\", \"attributes\": {\"step\": null, \"low\": 1e-05, \"high\": 0.001, \"log\": true}}"}
{"op_code": 5, "worker_id": "bdaa134b-167d-486e-86f6-64a7cab028c7-139799974557504", "trial_id": 13, "param_name": "l2reg", "param_value_internal": 3.9887570332001366e-05, "distribution": "{\"name\": \"FloatDistribution\", \"attributes\": {\"step\": null, \"low\": 1e-08, \"high\": 0.001, \"log\": true}}"}
{"op_code": 5, "worker_id": "bdaa134b-167d-486e-86f6-64a7cab028c7-139799974557504", "trial_id": 13, "param_name": "random_seed", "param_value_internal": 0, "distribution": "{\"name\": \"CategoricalDistribution\", \"attributes\": {\"choices\": [42]}}"}
{"op_code": 5, "worker_id": "bdaa134b-167d-486e-86f6-64a7cab028c7-139799974557504", "trial_id": 13, "param_name": "degree", "param_value_internal": 0, "distribution": "{\"name\": \"CategoricalDistribution\", \"attributes\": {\"choices\": [0]}}"}
{"op_code": 8, "worker_id": "bdaa134b-167d-486e-86f6-64a7cab028c7-139799974557504", "trial_id": 13, "user_attr": {"best_epoch": 0}}
{"op_code": 8, "worker_id": "bdaa134b-167d-486e-86f6-64a7cab028c7-139799974557504", "trial_id": 13, "user_attr": {"test_loss": 0.4524427443847664}}
{"op_code": 6, "worker_id": "bdaa134b-167d-486e-86f6-64a7cab028c7-139799974557504", "trial_id": 13, "state": 1, "values": [0.44785368304355394], "datetime_complete": "2024-09-02T13:29:55.965557"}
{"op_code": 4, "worker_id": "bdaa134b-167d-486e-86f6-64a7cab028c7-139799974557504", "study_id": 0, "datetime_start": "2024-09-02T13:29:55.977688"}
{"op_code": 5, "worker_id": "bdaa134b-167d-486e-86f6-64a7cab028c7-139799974557504", "trial_id": 14, "param_name": "lr", "param_value_internal": 0.0007832921114568409, "distribution": "{\"name\": \"FloatDistribution\", \"attributes\": {\"step\": null, \"low\": 1e-05, \"high\": 0.001, \"log\": true}}"}
{"op_code": 5, "worker_id": "bdaa134b-167d-486e-86f6-64a7cab028c7-139799974557504", "trial_id": 14, "param_name": "l2reg", "param_value_internal": 7.907172569000156e-07, "distribution": "{\"name\": \"FloatDistribution\", \"attributes\": {\"step\": null, \"low\": 1e-08, \"high\": 0.001, \"log\": true}}"}
{"op_code": 5, "worker_id": "bdaa134b-167d-486e-86f6-64a7cab028c7-139799974557504", "trial_id": 14, "param_name": "random_seed", "param_value_internal": 0, "distribution": "{\"name\": \"CategoricalDistribution\", \"attributes\": {\"choices\": [42]}}"}
{"op_code": 5, "worker_id": "bdaa134b-167d-486e-86f6-64a7cab028c7-139799974557504", "trial_id": 14, "param_name": "degree", "param_value_internal": 0, "distribution": "{\"name\": \"CategoricalDistribution\", \"attributes\": {\"choices\": [0]}}"}
{"op_code": 8, "worker_id": "bdaa134b-167d-486e-86f6-64a7cab028c7-139799974557504", "trial_id": 14, "user_attr": {"best_epoch": 0}}
{"op_code": 8, "worker_id": "bdaa134b-167d-486e-86f6-64a7cab028c7-139799974557504", "trial_id": 14, "user_attr": {"test_loss": 0.4536071430807437}}
{"op_code": 6, "worker_id": "bdaa134b-167d-486e-86f6-64a7cab028c7-139799974557504", "trial_id": 14, "state": 1, "values": [0.4491386024011019], "datetime_complete": "2024-09-02T13:50:07.340665"}
{"op_code": 4, "worker_id": "bdaa134b-167d-486e-86f6-64a7cab028c7-139799974557504", "study_id": 0, "datetime_start": "2024-09-02T13:50:07.353070"}
{"op_code": 5, "worker_id": "bdaa134b-167d-486e-86f6-64a7cab028c7-139799974557504", "trial_id": 15, "param_name": "lr", "param_value_internal": 8.363109174799811e-05, "distribution": "{\"name\": \"FloatDistribution\", \"attributes\": {\"step\": null, \"low\": 1e-05, \"high\": 0.001, \"log\": true}}"}
{"op_code": 5, "worker_id": "bdaa134b-167d-486e-86f6-64a7cab028c7-139799974557504", "trial_id": 15, "param_name": "l2reg", "param_value_internal": 7.561219687267911e-05, "distribution": "{\"name\": \"FloatDistribution\", \"attributes\": {\"step\": null, \"low\": 1e-08, \"high\": 0.001, \"log\": true}}"}
{"op_code": 5, "worker_id": "bdaa134b-167d-486e-86f6-64a7cab028c7-139799974557504", "trial_id": 15, "param_name": "random_seed", "param_value_internal": 0, "distribution": "{\"name\": \"CategoricalDistribution\", \"attributes\": {\"choices\": [42]}}"}
{"op_code": 5, "worker_id": "bdaa134b-167d-486e-86f6-64a7cab028c7-139799974557504", "trial_id": 15, "param_name": "degree", "param_value_internal": 0, "distribution": "{\"name\": \"CategoricalDistribution\", \"attributes\": {\"choices\": [0]}}"}
{"op_code": 8, "worker_id": "bdaa134b-167d-486e-86f6-64a7cab028c7-139799974557504", "trial_id": 15, "user_attr": {"best_epoch": 1}}
{"op_code": 8, "worker_id": "bdaa134b-167d-486e-86f6-64a7cab028c7-139799974557504", "trial_id": 15, "user_attr": {"test_loss": 0.45123795574025155}}
{"op_code": 6, "worker_id": "bdaa134b-167d-486e-86f6-64a7cab028c7-139799974557504", "trial_id": 15, "state": 1, "values": [0.44657735322951564], "datetime_complete": "2024-09-02T14:14:58.910716"}
{"op_code": 4, "worker_id": "bdaa134b-167d-486e-86f6-64a7cab028c7-139799974557504", "study_id": 0, "datetime_start": "2024-09-02T14:14:58.926165"}
{"op_code": 5, "worker_id": "bdaa134b-167d-486e-86f6-64a7cab028c7-139799974557504", "trial_id": 16, "param_name": "lr", "param_value_internal": 8.65126314754689e-05, "distribution": "{\"name\": \"FloatDistribution\", \"attributes\": {\"step\": null, \"low\": 1e-05, \"high\": 0.001, \"log\": true}}"}
{"op_code": 5, "worker_id": "bdaa134b-167d-486e-86f6-64a7cab028c7-139799974557504", "trial_id": 16, "param_name": "l2reg", "param_value_internal": 5.202519849106907e-05, "distribution": "{\"name\": \"FloatDistribution\", \"attributes\": {\"step\": null, \"low\": 1e-08, \"high\": 0.001, \"log\": true}}"}
{"op_code": 5, "worker_id": "bdaa134b-167d-486e-86f6-64a7cab028c7-139799974557504", "trial_id": 16, "param_name": "random_seed", "param_value_internal": 0, "distribution": "{\"name\": \"CategoricalDistribution\", \"attributes\": {\"choices\": [42]}}"}
{"op_code": 5, "worker_id": "bdaa134b-167d-486e-86f6-64a7cab028c7-139799974557504", "trial_id": 16, "param_name": "degree", "param_value_internal": 0, "distribution": "{\"name\": \"CategoricalDistribution\", \"attributes\": {\"choices\": [0]}}"}
{"op_code": 8, "worker_id": "bdaa134b-167d-486e-86f6-64a7cab028c7-139799974557504", "trial_id": 16, "user_attr": {"best_epoch": 1}}
{"op_code": 8, "worker_id": "bdaa134b-167d-486e-86f6-64a7cab028c7-139799974557504", "trial_id": 16, "user_attr": {"test_loss": 0.451211958051259}}
{"op_code": 6, "worker_id": "bdaa134b-167d-486e-86f6-64a7cab028c7-139799974557504", "trial_id": 16, "state": 1, "values": [0.4465610140089728], "datetime_complete": "2024-09-02T14:39:50.432298"}
{"op_code": 4, "worker_id": "bdaa134b-167d-486e-86f6-64a7cab028c7-139799974557504", "study_id": 0, "datetime_start": "2024-09-02T14:39:50.442504"}
{"op_code": 5, "worker_id": "bdaa134b-167d-486e-86f6-64a7cab028c7-139799974557504", "trial_id": 17, "param_name": "lr", "param_value_internal": 0.0001117949113293182, "distribution": "{\"name\": \"FloatDistribution\", \"attributes\": {\"step\": null, \"low\": 1e-05, \"high\": 0.001, \"log\": true}}"}
{"op_code": 5, "worker_id": "bdaa134b-167d-486e-86f6-64a7cab028c7-139799974557504", "trial_id": 17, "param_name": "l2reg", "param_value_internal": 8.247989706168953e-05, "distribution": "{\"name\": \"FloatDistribution\", \"attributes\": {\"step\": null, \"low\": 1e-08, \"high\": 0.001, \"log\": true}}"}
{"op_code": 5, "worker_id": "bdaa134b-167d-486e-86f6-64a7cab028c7-139799974557504", "trial_id": 17, "param_name": "random_seed", "param_value_internal": 0, "distribution": "{\"name\": \"CategoricalDistribution\", \"attributes\": {\"choices\": [42]}}"}
{"op_code": 5, "worker_id": "bdaa134b-167d-486e-86f6-64a7cab028c7-139799974557504", "trial_id": 17, "param_name": "degree", "param_value_internal": 0, "distribution": "{\"name\": \"CategoricalDistribution\", \"attributes\": {\"choices\": [0]}}"}
{"op_code": 8, "worker_id": "bdaa134b-167d-486e-86f6-64a7cab028c7-139799974557504", "trial_id": 17, "user_attr": {"best_epoch": 1}}
{"op_code": 8, "worker_id": "bdaa134b-167d-486e-86f6-64a7cab028c7-139799974557504", "trial_id": 17, "user_attr": {"test_loss": 0.45154443069947603}}
{"op_code": 6, "worker_id": "bdaa134b-167d-486e-86f6-64a7cab028c7-139799974557504", "trial_id": 17, "state": 1, "values": [0.4469441458252528], "datetime_complete": "2024-09-02T15:04:42.921749"}
{"op_code": 4, "worker_id": "bdaa134b-167d-486e-86f6-64a7cab028c7-139799974557504", "study_id": 0, "datetime_start": "2024-09-02T15:04:42.930616"}
{"op_code": 5, "worker_id": "bdaa134b-167d-486e-86f6-64a7cab028c7-139799974557504", "trial_id": 18, "param_name": "lr", "param_value_internal": 0.0002592150666337758, "distribution": "{\"name\": \"FloatDistribution\", \"attributes\": {\"step\": null, \"low\": 1e-05, \"high\": 0.001, \"log\": true}}"}
{"op_code": 5, "worker_id": "bdaa134b-167d-486e-86f6-64a7cab028c7-139799974557504", "trial_id": 18, "param_name": "l2reg", "param_value_internal": 9.086950863125907e-06, "distribution": "{\"name\": \"FloatDistribution\", \"attributes\": {\"step\": null, \"low\": 1e-08, \"high\": 0.001, \"log\": true}}"}
{"op_code": 5, "worker_id": "bdaa134b-167d-486e-86f6-64a7cab028c7-139799974557504", "trial_id": 18, "param_name": "random_seed", "param_value_internal": 0, "distribution": "{\"name\": \"CategoricalDistribution\", \"attributes\": {\"choices\": [42]}}"}
{"op_code": 5, "worker_id": "bdaa134b-167d-486e-86f6-64a7cab028c7-139799974557504", "trial_id": 18, "param_name": "degree", "param_value_internal": 0, "distribution": "{\"name\": \"CategoricalDistribution\", \"attributes\": {\"choices\": [0]}}"}
{"op_code": 8, "worker_id": "bdaa134b-167d-486e-86f6-64a7cab028c7-139799974557504", "trial_id": 18, "user_attr": {"best_epoch": 0}}
{"op_code": 8, "worker_id": "bdaa134b-167d-486e-86f6-64a7cab028c7-139799974557504", "trial_id": 18, "user_attr": {"test_loss": 0.4524952742233181}}
{"op_code": 6, "worker_id": "bdaa134b-167d-486e-86f6-64a7cab028c7-139799974557504", "trial_id": 18, "state": 1, "values": [0.4479467936951987], "datetime_complete": "2024-09-02T15:24:54.019944"}
{"op_code": 4, "worker_id": "bdaa134b-167d-486e-86f6-64a7cab028c7-139799974557504", "study_id": 0, "datetime_start": "2024-09-02T15:24:54.029259"}
{"op_code": 5, "worker_id": "bdaa134b-167d-486e-86f6-64a7cab028c7-139799974557504", "trial_id": 19, "param_name": "lr", "param_value_internal": 3.242288603594542e-05, "distribution": "{\"name\": \"FloatDistribution\", \"attributes\": {\"step\": null, \"low\": 1e-05, \"high\": 0.001, \"log\": true}}"}
{"op_code": 5, "worker_id": "bdaa134b-167d-486e-86f6-64a7cab028c7-139799974557504", "trial_id": 19, "param_name": "l2reg", "param_value_internal": 0.00015898373105392876, "distribution": "{\"name\": \"FloatDistribution\", \"attributes\": {\"step\": null, \"low\": 1e-08, \"high\": 0.001, \"log\": true}}"}
{"op_code": 5, "worker_id": "bdaa134b-167d-486e-86f6-64a7cab028c7-139799974557504", "trial_id": 19, "param_name": "random_seed", "param_value_internal": 0, "distribution": "{\"name\": \"CategoricalDistribution\", \"attributes\": {\"choices\": [42]}}"}
{"op_code": 5, "worker_id": "bdaa134b-167d-486e-86f6-64a7cab028c7-139799974557504", "trial_id": 19, "param_name": "degree", "param_value_internal": 0, "distribution": "{\"name\": \"CategoricalDistribution\", \"attributes\": {\"choices\": [0]}}"}
{"op_code": 8, "worker_id": "bdaa134b-167d-486e-86f6-64a7cab028c7-139799974557504", "trial_id": 19, "user_attr": {"best_epoch": 4}}
{"op_code": 8, "worker_id": "bdaa134b-167d-486e-86f6-64a7cab028c7-139799974557504", "trial_id": 19, "user_attr": {"test_loss": 0.45251539284607734}}
{"op_code": 6, "worker_id": "bdaa134b-167d-486e-86f6-64a7cab028c7-139799974557504", "trial_id": 19, "state": 1, "values": [0.4476641786258563], "datetime_complete": "2024-09-02T16:03:49.193781"}
{"op_code": 4, "worker_id": "bdaa134b-167d-486e-86f6-64a7cab028c7-139799974557504", "study_id": 0, "datetime_start": "2024-09-02T16:03:49.212275"}
{"op_code": 5, "worker_id": "bdaa134b-167d-486e-86f6-64a7cab028c7-139799974557504", "trial_id": 20, "param_name": "lr", "param_value_internal": 8.715217525422146e-05, "distribution": "{\"name\": \"FloatDistribution\", \"attributes\": {\"step\": null, \"low\": 1e-05, \"high\": 0.001, \"log\": true}}"}
{"op_code": 5, "worker_id": "bdaa134b-167d-486e-86f6-64a7cab028c7-139799974557504", "trial_id": 20, "param_name": "l2reg", "param_value_internal": 2.8033866806350266e-05, "distribution": "{\"name\": \"FloatDistribution\", \"attributes\": {\"step\": null, \"low\": 1e-08, \"high\": 0.001, \"log\": true}}"}
{"op_code": 5, "worker_id": "bdaa134b-167d-486e-86f6-64a7cab028c7-139799974557504", "trial_id": 20, "param_name": "random_seed", "param_value_internal": 0, "distribution": "{\"name\": \"CategoricalDistribution\", \"attributes\": {\"choices\": [42]}}"}
{"op_code": 5, "worker_id": "bdaa134b-167d-486e-86f6-64a7cab028c7-139799974557504", "trial_id": 20, "param_name": "degree", "param_value_internal": 0, "distribution": "{\"name\": \"CategoricalDistribution\", \"attributes\": {\"choices\": [0]}}"}
{"op_code": 8, "worker_id": "bdaa134b-167d-486e-86f6-64a7cab028c7-139799974557504", "trial_id": 20, "user_attr": {"best_epoch": 1}}
{"op_code": 8, "worker_id": "bdaa134b-167d-486e-86f6-64a7cab028c7-139799974557504", "trial_id": 20, "user_attr": {"test_loss": 0.4512085604090853}}
{"op_code": 6, "worker_id": "bdaa134b-167d-486e-86f6-64a7cab028c7-139799974557504", "trial_id": 20, "state": 1, "values": [0.4465592961002709], "datetime_complete": "2024-09-02T16:28:41.184365"}
{"op_code": 4, "worker_id": "bdaa134b-167d-486e-86f6-64a7cab028c7-139799974557504", "study_id": 0, "datetime_start": "2024-09-02T16:28:41.193683"}
{"op_code": 5, "worker_id": "bdaa134b-167d-486e-86f6-64a7cab028c7-139799974557504", "trial_id": 21, "param_name": "lr", "param_value_internal": 8.963095535795223e-05, "distribution": "{\"name\": \"FloatDistribution\", \"attributes\": {\"step\": null, \"low\": 1e-05, \"high\": 0.001, \"log\": true}}"}
{"op_code": 5, "worker_id": "bdaa134b-167d-486e-86f6-64a7cab028c7-139799974557504", "trial_id": 21, "param_name": "l2reg", "param_value_internal": 2.1206075186945692e-05, "distribution": "{\"name\": \"FloatDistribution\", \"attributes\": {\"step\": null, \"low\": 1e-08, \"high\": 0.001, \"log\": true}}"}
{"op_code": 5, "worker_id": "bdaa134b-167d-486e-86f6-64a7cab028c7-139799974557504", "trial_id": 21, "param_name": "random_seed", "param_value_internal": 0, "distribution": "{\"name\": \"CategoricalDistribution\", \"attributes\": {\"choices\": [42]}}"}
{"op_code": 5, "worker_id": "bdaa134b-167d-486e-86f6-64a7cab028c7-139799974557504", "trial_id": 21, "param_name": "degree", "param_value_internal": 0, "distribution": "{\"name\": \"CategoricalDistribution\", \"attributes\": {\"choices\": [0]}}"}
{"op_code": 8, "worker_id": "bdaa134b-167d-486e-86f6-64a7cab028c7-139799974557504", "trial_id": 21, "user_attr": {"best_epoch": 1}}
{"op_code": 8, "worker_id": "bdaa134b-167d-486e-86f6-64a7cab028c7-139799974557504", "trial_id": 21, "user_attr": {"test_loss": 0.45120310127615443}}
{"op_code": 6, "worker_id": "bdaa134b-167d-486e-86f6-64a7cab028c7-139799974557504", "trial_id": 21, "state": 1, "values": [0.44656067042723246], "datetime_complete": "2024-09-02T16:53:34.115402"}
{"op_code": 4, "worker_id": "bdaa134b-167d-486e-86f6-64a7cab028c7-139799974557504", "study_id": 0, "datetime_start": "2024-09-02T16:53:34.124071"}
{"op_code": 5, "worker_id": "bdaa134b-167d-486e-86f6-64a7cab028c7-139799974557504", "trial_id": 22, "param_name": "lr", "param_value_internal": 0.00016610221591422343, "distribution": "{\"name\": \"FloatDistribution\", \"attributes\": {\"step\": null, \"low\": 1e-05, \"high\": 0.001, \"log\": true}}"}
{"op_code": 5, "worker_id": "bdaa134b-167d-486e-86f6-64a7cab028c7-139799974557504", "trial_id": 22, "param_name": "l2reg", "param_value_internal": 1.1294210423428186e-05, "distribution": "{\"name\": \"FloatDistribution\", \"attributes\": {\"step\": null, \"low\": 1e-08, \"high\": 0.001, \"log\": true}}"}
{"op_code": 5, "worker_id": "bdaa134b-167d-486e-86f6-64a7cab028c7-139799974557504", "trial_id": 22, "param_name": "random_seed", "param_value_internal": 0, "distribution": "{\"name\": \"CategoricalDistribution\", \"attributes\": {\"choices\": [42]}}"}
{"op_code": 5, "worker_id": "bdaa134b-167d-486e-86f6-64a7cab028c7-139799974557504", "trial_id": 22, "param_name": "degree", "param_value_internal": 0, "distribution": "{\"name\": \"CategoricalDistribution\", \"attributes\": {\"choices\": [0]}}"}
{"op_code": 8, "worker_id": "bdaa134b-167d-486e-86f6-64a7cab028c7-139799974557504", "trial_id": 22, "user_attr": {"best_epoch": 0}}
{"op_code": 8, "worker_id": "bdaa134b-167d-486e-86f6-64a7cab028c7-139799974557504", "trial_id": 22, "user_attr": {"test_loss": 0.4525077576951251}}
{"op_code": 6, "worker_id": "bdaa134b-167d-486e-86f6-64a7cab028c7-139799974557504", "trial_id": 22, "state": 1, "values": [0.44790350239591], "datetime_complete": "2024-09-02T17:13:45.413391"}
{"op_code": 4, "worker_id": "bdaa134b-167d-486e-86f6-64a7cab028c7-139799974557504", "study_id": 0, "datetime_start": "2024-09-02T17:13:45.422223"}
{"op_code": 5, "worker_id": "bdaa134b-167d-486e-86f6-64a7cab028c7-139799974557504", "trial_id": 23, "param_name": "lr", "param_value_internal": 0.00010814406628766146, "distribution": "{\"name\": \"FloatDistribution\", \"attributes\": {\"step\": null, \"low\": 1e-05, \"high\": 0.001, \"log\": true}}"}
{"op_code": 5, "worker_id": "bdaa134b-167d-486e-86f6-64a7cab028c7-139799974557504", "trial_id": 23, "param_name": "l2reg", "param_value_internal": 2.3405652061323553e-05, "distribution": "{\"name\": \"FloatDistribution\", \"attributes\": {\"step\": null, \"low\": 1e-08, \"high\": 0.001, \"log\": true}}"}
{"op_code": 5, "worker_id": "bdaa134b-167d-486e-86f6-64a7cab028c7-139799974557504", "trial_id": 23, "param_name": "random_seed", "param_value_internal": 0, "distribution": "{\"name\": \"CategoricalDistribution\", \"attributes\": {\"choices\": [42]}}"}
{"op_code": 5, "worker_id": "bdaa134b-167d-486e-86f6-64a7cab028c7-139799974557504", "trial_id": 23, "param_name": "degree", "param_value_internal": 0, "distribution": "{\"name\": \"CategoricalDistribution\", \"attributes\": {\"choices\": [0]}}"}
{"op_code": 8, "worker_id": "bdaa134b-167d-486e-86f6-64a7cab028c7-139799974557504", "trial_id": 23, "user_attr": {"best_epoch": 1}}
{"op_code": 8, "worker_id": "bdaa134b-167d-486e-86f6-64a7cab028c7-139799974557504", "trial_id": 23, "user_attr": {"test_loss": 0.45145090010031064}}
{"op_code": 6, "worker_id": "bdaa134b-167d-486e-86f6-64a7cab028c7-139799974557504", "trial_id": 23, "state": 1, "values": [0.44684828651968495], "datetime_complete": "2024-09-02T17:38:37.933196"}
{"op_code": 4, "worker_id": "bdaa134b-167d-486e-86f6-64a7cab028c7-139799974557504", "study_id": 0, "datetime_start": "2024-09-02T17:38:37.943713"}
{"op_code": 5, "worker_id": "bdaa134b-167d-486e-86f6-64a7cab028c7-139799974557504", "trial_id": 24, "param_name": "lr", "param_value_internal": 3.283588938306683e-05, "distribution": "{\"name\": \"FloatDistribution\", \"attributes\": {\"step\": null, \"low\": 1e-05, \"high\": 0.001, \"log\": true}}"}
{"op_code": 5, "worker_id": "bdaa134b-167d-486e-86f6-64a7cab028c7-139799974557504", "trial_id": 24, "param_name": "l2reg", "param_value_internal": 2.8737733642582826e-06, "distribution": "{\"name\": \"FloatDistribution\", \"attributes\": {\"step\": null, \"low\": 1e-08, \"high\": 0.001, \"log\": true}}"}
{"op_code": 5, "worker_id": "bdaa134b-167d-486e-86f6-64a7cab028c7-139799974557504", "trial_id": 24, "param_name": "random_seed", "param_value_internal": 0, "distribution": "{\"name\": \"CategoricalDistribution\", \"attributes\": {\"choices\": [42]}}"}
{"op_code": 5, "worker_id": "bdaa134b-167d-486e-86f6-64a7cab028c7-139799974557504", "trial_id": 24, "param_name": "degree", "param_value_internal": 0, "distribution": "{\"name\": \"CategoricalDistribution\", \"attributes\": {\"choices\": [0]}}"}
{"op_code": 8, "worker_id": "bdaa134b-167d-486e-86f6-64a7cab028c7-139799974557504", "trial_id": 24, "user_attr": {"best_epoch": 4}}
{"op_code": 8, "worker_id": "bdaa134b-167d-486e-86f6-64a7cab028c7-139799974557504", "trial_id": 24, "user_attr": {"test_loss": 0.45252585300288195}}
{"op_code": 6, "worker_id": "bdaa134b-167d-486e-86f6-64a7cab028c7-139799974557504", "trial_id": 24, "state": 1, "values": [0.4476735316843446], "datetime_complete": "2024-09-02T18:17:36.127996"}
{"op_code": 4, "worker_id": "bdaa134b-167d-486e-86f6-64a7cab028c7-139799974557504", "study_id": 0, "datetime_start": "2024-09-02T18:17:36.136993"}
{"op_code": 5, "worker_id": "bdaa134b-167d-486e-86f6-64a7cab028c7-139799974557504", "trial_id": 25, "param_name": "lr", "param_value_internal": 0.00028961603572682067, "distribution": "{\"name\": \"FloatDistribution\", \"attributes\": {\"step\": null, \"low\": 1e-05, \"high\": 0.001, \"log\": true}}"}
{"op_code": 5, "worker_id": "bdaa134b-167d-486e-86f6-64a7cab028c7-139799974557504", "trial_id": 25, "param_name": "l2reg", "param_value_internal": 3.938332831234796e-06, "distribution": "{\"name\": \"FloatDistribution\", \"attributes\": {\"step\": null, \"low\": 1e-08, \"high\": 0.001, \"log\": true}}"}
{"op_code": 5, "worker_id": "bdaa134b-167d-486e-86f6-64a7cab028c7-139799974557504", "trial_id": 25, "param_name": "random_seed", "param_value_internal": 0, "distribution": "{\"name\": \"CategoricalDistribution\", \"attributes\": {\"choices\": [42]}}"}
{"op_code": 5, "worker_id": "bdaa134b-167d-486e-86f6-64a7cab028c7-139799974557504", "trial_id": 25, "param_name": "degree", "param_value_internal": 0, "distribution": "{\"name\": \"CategoricalDistribution\", \"attributes\": {\"choices\": [0]}}"}
{"op_code": 8, "worker_id": "bdaa134b-167d-486e-86f6-64a7cab028c7-139799974557504", "trial_id": 25, "user_attr": {"best_epoch": 0}}
{"op_code": 8, "worker_id": "bdaa134b-167d-486e-86f6-64a7cab028c7-139799974557504", "trial_id": 25, "user_attr": {"test_loss": 0.45254723142554837}}
{"op_code": 6, "worker_id": "bdaa134b-167d-486e-86f6-64a7cab028c7-139799974557504", "trial_id": 25, "state": 1, "values": [0.44800356103386035], "datetime_complete": "2024-09-02T18:37:53.617316"}
{"op_code": 4, "worker_id": "bdaa134b-167d-486e-86f6-64a7cab028c7-139799974557504", "study_id": 0, "datetime_start": "2024-09-02T18:37:53.628248"}
{"op_code": 5, "worker_id": "bdaa134b-167d-486e-86f6-64a7cab028c7-139799974557504", "trial_id": 26, "param_name": "lr", "param_value_internal": 0.00014670817273054065, "distribution": "{\"name\": \"FloatDistribution\", \"attributes\": {\"step\": null, \"low\": 1e-05, \"high\": 0.001, \"log\": true}}"}
{"op_code": 5, "worker_id": "bdaa134b-167d-486e-86f6-64a7cab028c7-139799974557504", "trial_id": 26, "param_name": "l2reg", "param_value_internal": 0.00020676168463692774, "distribution": "{\"name\": \"FloatDistribution\", \"attributes\": {\"step\": null, \"low\": 1e-08, \"high\": 0.001, \"log\": true}}"}
{"op_code": 5, "worker_id": "bdaa134b-167d-486e-86f6-64a7cab028c7-139799974557504", "trial_id": 26, "param_name": "random_seed", "param_value_internal": 0, "distribution": "{\"name\": \"CategoricalDistribution\", \"attributes\": {\"choices\": [42]}}"}
{"op_code": 5, "worker_id": "bdaa134b-167d-486e-86f6-64a7cab028c7-139799974557504", "trial_id": 26, "param_name": "degree", "param_value_internal": 0, "distribution": "{\"name\": \"CategoricalDistribution\", \"attributes\": {\"choices\": [0]}}"}
{"op_code": 8, "worker_id": "bdaa134b-167d-486e-86f6-64a7cab028c7-139799974557504", "trial_id": 26, "user_attr": {"best_epoch": 0}}
{"op_code": 8, "worker_id": "bdaa134b-167d-486e-86f6-64a7cab028c7-139799974557504", "trial_id": 26, "user_attr": {"test_loss": 0.4527036374928058}}
{"op_code": 6, "worker_id": "bdaa134b-167d-486e-86f6-64a7cab028c7-139799974557504", "trial_id": 26, "state": 1, "values": [0.448069299673521], "datetime_complete": "2024-09-02T18:58:05.846825"}
{"op_code": 4, "worker_id": "bdaa134b-167d-486e-86f6-64a7cab028c7-139799974557504", "study_id": 0, "datetime_start": "2024-09-02T18:58:05.857849"}
{"op_code": 5, "worker_id": "bdaa134b-167d-486e-86f6-64a7cab028c7-139799974557504", "trial_id": 27, "param_name": "lr", "param_value_internal": 7.71890200370602e-05, "distribution": "{\"name\": \"FloatDistribution\", \"attributes\": {\"step\": null, \"low\": 1e-05, \"high\": 0.001, \"log\": true}}"}
{"op_code": 5, "worker_id": "bdaa134b-167d-486e-86f6-64a7cab028c7-139799974557504", "trial_id": 27, "param_name": "l2reg", "param_value_internal": 1.6915562960791156e-05, "distribution": "{\"name\": \"FloatDistribution\", \"attributes\": {\"step\": null, \"low\": 1e-08, \"high\": 0.001, \"log\": true}}"}
{"op_code": 5, "worker_id": "bdaa134b-167d-486e-86f6-64a7cab028c7-139799974557504", "trial_id": 27, "param_name": "random_seed", "param_value_internal": 0, "distribution": "{\"name\": \"CategoricalDistribution\", \"attributes\": {\"choices\": [42]}}"}
{"op_code": 5, "worker_id": "bdaa134b-167d-486e-86f6-64a7cab028c7-139799974557504", "trial_id": 27, "param_name": "degree", "param_value_internal": 0, "distribution": "{\"name\": \"CategoricalDistribution\", \"attributes\": {\"choices\": [0]}}"}
{"op_code": 8, "worker_id": "bdaa134b-167d-486e-86f6-64a7cab028c7-139799974557504", "trial_id": 27, "user_attr": {"best_epoch": 1}}
{"op_code": 8, "worker_id": "bdaa134b-167d-486e-86f6-64a7cab028c7-139799974557504", "trial_id": 27, "user_attr": {"test_loss": 0.45136802053672365}}
{"op_code": 6, "worker_id": "bdaa134b-167d-486e-86f6-64a7cab028c7-139799974557504", "trial_id": 27, "state": 1, "values": [0.44668371086603975], "datetime_complete": "2024-09-02T19:22:58.764765"}
{"op_code": 4, "worker_id": "bdaa134b-167d-486e-86f6-64a7cab028c7-139799974557504", "study_id": 0, "datetime_start": "2024-09-02T19:22:58.773537"}
{"op_code": 5, "worker_id": "bdaa134b-167d-486e-86f6-64a7cab028c7-139799974557504", "trial_id": 28, "param_name": "lr", "param_value_internal": 0.00021828784920650487, "distribution": "{\"name\": \"FloatDistribution\", \"attributes\": {\"step\": null, \"low\": 1e-05, \"high\": 0.001, \"log\": true}}"}
{"op_code": 5, "worker_id": "bdaa134b-167d-486e-86f6-64a7cab028c7-139799974557504", "trial_id": 28, "param_name": "l2reg", "param_value_internal": 7.103299133220706e-05, "distribution": "{\"name\": \"FloatDistribution\", \"attributes\": {\"step\": null, \"low\": 1e-08, \"high\": 0.001, \"log\": true}}"}
{"op_code": 5, "worker_id": "bdaa134b-167d-486e-86f6-64a7cab028c7-139799974557504", "trial_id": 28, "param_name": "random_seed", "param_value_internal": 0, "distribution": "{\"name\": \"CategoricalDistribution\", \"attributes\": {\"choices\": [42]}}"}
{"op_code": 5, "worker_id": "bdaa134b-167d-486e-86f6-64a7cab028c7-139799974557504", "trial_id": 28, "param_name": "degree", "param_value_internal": 0, "distribution": "{\"name\": \"CategoricalDistribution\", \"attributes\": {\"choices\": [0]}}"}
{"op_code": 8, "worker_id": "bdaa134b-167d-486e-86f6-64a7cab028c7-139799974557504", "trial_id": 28, "user_attr": {"best_epoch": 0}}
{"op_code": 8, "worker_id": "bdaa134b-167d-486e-86f6-64a7cab028c7-139799974557504", "trial_id": 28, "user_attr": {"test_loss": 0.45241731933209534}}
{"op_code": 6, "worker_id": "bdaa134b-167d-486e-86f6-64a7cab028c7-139799974557504", "trial_id": 28, "state": 1, "values": [0.4478567752792174], "datetime_complete": "2024-09-02T19:43:10.592203"}
{"op_code": 4, "worker_id": "bdaa134b-167d-486e-86f6-64a7cab028c7-139799974557504", "study_id": 0, "datetime_start": "2024-09-02T19:43:10.601520"}
{"op_code": 5, "worker_id": "bdaa134b-167d-486e-86f6-64a7cab028c7-139799974557504", "trial_id": 29, "param_name": "lr", "param_value_internal": 4.9218648715144274e-05, "distribution": "{\"name\": \"FloatDistribution\", \"attributes\": {\"step\": null, \"low\": 1e-05, \"high\": 0.001, \"log\": true}}"}
{"op_code": 5, "worker_id": "bdaa134b-167d-486e-86f6-64a7cab028c7-139799974557504", "trial_id": 29, "param_name": "l2reg", "param_value_internal": 0.0003313997249187999, "distribution": "{\"name\": \"FloatDistribution\", \"attributes\": {\"step\": null, \"low\": 1e-08, \"high\": 0.001, \"log\": true}}"}
{"op_code": 5, "worker_id": "bdaa134b-167d-486e-86f6-64a7cab028c7-139799974557504", "trial_id": 29, "param_name": "random_seed", "param_value_internal": 0, "distribution": "{\"name\": \"CategoricalDistribution\", \"attributes\": {\"choices\": [42]}}"}
{"op_code": 5, "worker_id": "bdaa134b-167d-486e-86f6-64a7cab028c7-139799974557504", "trial_id": 29, "param_name": "degree", "param_value_internal": 0, "distribution": "{\"name\": \"CategoricalDistribution\", \"attributes\": {\"choices\": [0]}}"}
{"op_code": 8, "worker_id": "bdaa134b-167d-486e-86f6-64a7cab028c7-139799974557504", "trial_id": 29, "user_attr": {"best_epoch": 2}}
{"op_code": 8, "worker_id": "bdaa134b-167d-486e-86f6-64a7cab028c7-139799974557504", "trial_id": 29, "user_attr": {"test_loss": 0.4518939297343166}}
{"op_code": 6, "worker_id": "bdaa134b-167d-486e-86f6-64a7cab028c7-139799974557504", "trial_id": 29, "state": 1, "values": [0.44712005967633073], "datetime_complete": "2024-09-02T20:12:43.833804"}
{"op_code": 4, "worker_id": "bdaa134b-167d-486e-86f6-64a7cab028c7-139799974557504", "study_id": 0, "datetime_start": "2024-09-02T20:12:43.842327"}
{"op_code": 5, "worker_id": "bdaa134b-167d-486e-86f6-64a7cab028c7-139799974557504", "trial_id": 30, "param_name": "lr", "param_value_internal": 6.540658837996989e-05, "distribution": "{\"name\": \"FloatDistribution\", \"attributes\": {\"step\": null, \"low\": 1e-05, \"high\": 0.001, \"log\": true}}"}
{"op_code": 5, "worker_id": "bdaa134b-167d-486e-86f6-64a7cab028c7-139799974557504", "trial_id": 30, "param_name": "l2reg", "param_value_internal": 1.638463020246392e-06, "distribution": "{\"name\": \"FloatDistribution\", \"attributes\": {\"step\": null, \"low\": 1e-08, \"high\": 0.001, \"log\": true}}"}
{"op_code": 5, "worker_id": "bdaa134b-167d-486e-86f6-64a7cab028c7-139799974557504", "trial_id": 30, "param_name": "random_seed", "param_value_internal": 0, "distribution": "{\"name\": \"CategoricalDistribution\", \"attributes\": {\"choices\": [42]}}"}
{"op_code": 5, "worker_id": "bdaa134b-167d-486e-86f6-64a7cab028c7-139799974557504", "trial_id": 30, "param_name": "degree", "param_value_internal": 0, "distribution": "{\"name\": \"CategoricalDistribution\", \"attributes\": {\"choices\": [0]}}"}
{"op_code": 8, "worker_id": "bdaa134b-167d-486e-86f6-64a7cab028c7-139799974557504", "trial_id": 30, "user_attr": {"best_epoch": 2}}
{"op_code": 8, "worker_id": "bdaa134b-167d-486e-86f6-64a7cab028c7-139799974557504", "trial_id": 30, "user_attr": {"test_loss": 0.45189656386139515}}
{"op_code": 6, "worker_id": "bdaa134b-167d-486e-86f6-64a7cab028c7-139799974557504", "trial_id": 30, "state": 1, "values": [0.44708104406092236], "datetime_complete": "2024-09-02T20:42:18.961856"}
{"op_code": 4, "worker_id": "bdaa134b-167d-486e-86f6-64a7cab028c7-139799974557504", "study_id": 0, "datetime_start": "2024-09-02T20:42:18.970942"}
{"op_code": 5, "worker_id": "bdaa134b-167d-486e-86f6-64a7cab028c7-139799974557504", "trial_id": 31, "param_name": "lr", "param_value_internal": 8.765623333662742e-05, "distribution": "{\"name\": \"FloatDistribution\", \"attributes\": {\"step\": null, \"low\": 1e-05, \"high\": 0.001, \"log\": true}}"}
{"op_code": 5, "worker_id": "bdaa134b-167d-486e-86f6-64a7cab028c7-139799974557504", "trial_id": 31, "param_name": "l2reg", "param_value_internal": 8.908989409205168e-05, "distribution": "{\"name\": \"FloatDistribution\", \"attributes\": {\"step\": null, \"low\": 1e-08, \"high\": 0.001, \"log\": true}}"}
{"op_code": 5, "worker_id": "bdaa134b-167d-486e-86f6-64a7cab028c7-139799974557504", "trial_id": 31, "param_name": "random_seed", "param_value_internal": 0, "distribution": "{\"name\": \"CategoricalDistribution\", \"attributes\": {\"choices\": [42]}}"}
{"op_code": 5, "worker_id": "bdaa134b-167d-486e-86f6-64a7cab028c7-139799974557504", "trial_id": 31, "param_name": "degree", "param_value_internal": 0, "distribution": "{\"name\": \"CategoricalDistribution\", \"attributes\": {\"choices\": [0]}}"}
{"op_code": 8, "worker_id": "bdaa134b-167d-486e-86f6-64a7cab028c7-139799974557504", "trial_id": 31, "user_attr": {"best_epoch": 1}}
{"op_code": 8, "worker_id": "bdaa134b-167d-486e-86f6-64a7cab028c7-139799974557504", "trial_id": 31, "user_attr": {"test_loss": 0.45120634621530914}}
{"op_code": 6, "worker_id": "bdaa134b-167d-486e-86f6-64a7cab028c7-139799974557504", "trial_id": 31, "state": 1, "values": [0.44655876163978586], "datetime_complete": "2024-09-02T21:07:13.156862"}
{"op_code": 4, "worker_id": "bdaa134b-167d-486e-86f6-64a7cab028c7-139799974557504", "study_id": 0, "datetime_start": "2024-09-02T21:07:13.165856"}
{"op_code": 5, "worker_id": "bdaa134b-167d-486e-86f6-64a7cab028c7-139799974557504", "trial_id": 32, "param_name": "lr", "param_value_internal": 9.494792527416401e-05, "distribution": "{\"name\": \"FloatDistribution\", \"attributes\": {\"step\": null, \"low\": 1e-05, \"high\": 0.001, \"log\": true}}"}
{"op_code": 5, "worker_id": "bdaa134b-167d-486e-86f6-64a7cab028c7-139799974557504", "trial_id": 32, "param_name": "l2reg", "param_value_internal": 4.9248331331753904e-05, "distribution": "{\"name\": \"FloatDistribution\", \"attributes\": {\"step\": null, \"low\": 1e-08, \"high\": 0.001, \"log\": true}}"}
{"op_code": 5, "worker_id": "bdaa134b-167d-486e-86f6-64a7cab028c7-139799974557504", "trial_id": 32, "param_name": "random_seed", "param_value_internal": 0, "distribution": "{\"name\": \"CategoricalDistribution\", \"attributes\": {\"choices\": [42]}}"}
{"op_code": 5, "worker_id": "bdaa134b-167d-486e-86f6-64a7cab028c7-139799974557504", "trial_id": 32, "param_name": "degree", "param_value_internal": 0, "distribution": "{\"name\": \"CategoricalDistribution\", \"attributes\": {\"choices\": [0]}}"}
{"op_code": 8, "worker_id": "bdaa134b-167d-486e-86f6-64a7cab028c7-139799974557504", "trial_id": 32, "user_attr": {"best_epoch": 1}}
{"op_code": 8, "worker_id": "bdaa134b-167d-486e-86f6-64a7cab028c7-139799974557504", "trial_id": 32, "user_attr": {"test_loss": 0.4512269229471255}}
{"op_code": 6, "worker_id": "bdaa134b-167d-486e-86f6-64a7cab028c7-139799974557504", "trial_id": 32, "state": 1, "values": [0.4466000678001301], "datetime_complete": "2024-09-02T21:32:05.216998"}
{"op_code": 4, "worker_id": "bdaa134b-167d-486e-86f6-64a7cab028c7-139799974557504", "study_id": 0, "datetime_start": "2024-09-02T21:32:05.225634"}
{"op_code": 5, "worker_id": "bdaa134b-167d-486e-86f6-64a7cab028c7-139799974557504", "trial_id": 33, "param_name": "lr", "param_value_internal": 0.0001223633671203282, "distribution": "{\"name\": \"FloatDistribution\", \"attributes\": {\"step\": null, \"low\": 1e-05, \"high\": 0.001, \"log\": true}}"}
{"op_code": 5, "worker_id": "bdaa134b-167d-486e-86f6-64a7cab028c7-139799974557504", "trial_id": 33, "param_name": "l2reg", "param_value_internal": 8.829887707256601e-06, "distribution": "{\"name\": \"FloatDistribution\", \"attributes\": {\"step\": null, \"low\": 1e-08, \"high\": 0.001, \"log\": true}}"}
{"op_code": 5, "worker_id": "bdaa134b-167d-486e-86f6-64a7cab028c7-139799974557504", "trial_id": 33, "param_name": "random_seed", "param_value_internal": 0, "distribution": "{\"name\": \"CategoricalDistribution\", \"attributes\": {\"choices\": [42]}}"}
{"op_code": 5, "worker_id": "bdaa134b-167d-486e-86f6-64a7cab028c7-139799974557504", "trial_id": 33, "param_name": "degree", "param_value_internal": 0, "distribution": "{\"name\": \"CategoricalDistribution\", \"attributes\": {\"choices\": [0]}}"}
{"op_code": 8, "worker_id": "bdaa134b-167d-486e-86f6-64a7cab028c7-139799974557504", "trial_id": 33, "user_attr": {"best_epoch": 1}}
{"op_code": 8, "worker_id": "bdaa134b-167d-486e-86f6-64a7cab028c7-139799974557504", "trial_id": 33, "user_attr": {"test_loss": 0.45186598508183123}}
{"op_code": 6, "worker_id": "bdaa134b-167d-486e-86f6-64a7cab028c7-139799974557504", "trial_id": 33, "state": 1, "values": [0.44726279880158687], "datetime_complete": "2024-09-02T21:56:59.156272"}
{"op_code": 4, "worker_id": "bdaa134b-167d-486e-86f6-64a7cab028c7-139799974557504", "study_id": 0, "datetime_start": "2024-09-02T21:56:59.164937"}
{"op_code": 5, "worker_id": "bdaa134b-167d-486e-86f6-64a7cab028c7-139799974557504", "trial_id": 34, "param_name": "lr", "param_value_internal": 3.58536322935246e-05, "distribution": "{\"name\": \"FloatDistribution\", \"attributes\": {\"step\": null, \"low\": 1e-05, \"high\": 0.001, \"log\": true}}"}
{"op_code": 5, "worker_id": "bdaa134b-167d-486e-86f6-64a7cab028c7-139799974557504", "trial_id": 34, "param_name": "l2reg", "param_value_internal": 0.00011829071133305138, "distribution": "{\"name\": \"FloatDistribution\", \"attributes\": {\"step\": null, \"low\": 1e-08, \"high\": 0.001, \"log\": true}}"}
{"op_code": 5, "worker_id": "bdaa134b-167d-486e-86f6-64a7cab028c7-139799974557504", "trial_id": 34, "param_name": "random_seed", "param_value_internal": 0, "distribution": "{\"name\": \"CategoricalDistribution\", \"attributes\": {\"choices\": [42]}}"}
{"op_code": 5, "worker_id": "bdaa134b-167d-486e-86f6-64a7cab028c7-139799974557504", "trial_id": 34, "param_name": "degree", "param_value_internal": 0, "distribution": "{\"name\": \"CategoricalDistribution\", \"attributes\": {\"choices\": [0]}}"}
{"op_code": 8, "worker_id": "bdaa134b-167d-486e-86f6-64a7cab028c7-139799974557504", "trial_id": 34, "user_attr": {"best_epoch": 3}}
{"op_code": 8, "worker_id": "bdaa134b-167d-486e-86f6-64a7cab028c7-139799974557504", "trial_id": 34, "user_attr": {"test_loss": 0.45245805286242574}}
{"op_code": 6, "worker_id": "bdaa134b-167d-486e-86f6-64a7cab028c7-139799974557504", "trial_id": 34, "state": 1, "values": [0.4476278734886221], "datetime_complete": "2024-09-02T22:31:13.394701"}
{"op_code": 4, "worker_id": "bdaa134b-167d-486e-86f6-64a7cab028c7-139799974557504", "study_id": 0, "datetime_start": "2024-09-02T22:31:13.403744"}
{"op_code": 5, "worker_id": "bdaa134b-167d-486e-86f6-64a7cab028c7-139799974557504", "trial_id": 35, "param_name": "lr", "param_value_internal": 2.10558715074462e-05, "distribution": "{\"name\": \"FloatDistribution\", \"attributes\": {\"step\": null, \"low\": 1e-05, \"high\": 0.001, \"log\": true}}"}
{"op_code": 5, "worker_id": "bdaa134b-167d-486e-86f6-64a7cab028c7-139799974557504", "trial_id": 35, "param_name": "l2reg", "param_value_internal": 0.0004078396898246846, "distribution": "{\"name\": \"FloatDistribution\", \"attributes\": {\"step\": null, \"low\": 1e-08, \"high\": 0.001, \"log\": true}}"}
{"op_code": 5, "worker_id": "bdaa134b-167d-486e-86f6-64a7cab028c7-139799974557504", "trial_id": 35, "param_name": "random_seed", "param_value_internal": 0, "distribution": "{\"name\": \"CategoricalDistribution\", \"attributes\": {\"choices\": [42]}}"}
{"op_code": 5, "worker_id": "bdaa134b-167d-486e-86f6-64a7cab028c7-139799974557504", "trial_id": 35, "param_name": "degree", "param_value_internal": 0, "distribution": "{\"name\": \"CategoricalDistribution\", \"attributes\": {\"choices\": [0]}}"}
{"op_code": 8, "worker_id": "bdaa134b-167d-486e-86f6-64a7cab028c7-139799974557504", "trial_id": 35, "user_attr": {"best_epoch": 6}}
{"op_code": 8, "worker_id": "bdaa134b-167d-486e-86f6-64a7cab028c7-139799974557504", "trial_id": 35, "user_attr": {"test_loss": 0.4529606748496143}}
{"op_code": 6, "worker_id": "bdaa134b-167d-486e-86f6-64a7cab028c7-139799974557504", "trial_id": 35, "state": 1, "values": [0.44784620059676333], "datetime_complete": "2024-09-02T23:19:29.602928"}
{"op_code": 4, "worker_id": "bdaa134b-167d-486e-86f6-64a7cab028c7-139799974557504", "study_id": 0, "datetime_start": "2024-09-02T23:19:29.611696"}
{"op_code": 5, "worker_id": "bdaa134b-167d-486e-86f6-64a7cab028c7-139799974557504", "trial_id": 36, "param_name": "lr", "param_value_internal": 0.00039174531547929084, "distribution": "{\"name\": \"FloatDistribution\", \"attributes\": {\"step\": null, \"low\": 1e-05, \"high\": 0.001, \"log\": true}}"}
{"op_code": 5, "worker_id": "bdaa134b-167d-486e-86f6-64a7cab028c7-139799974557504", "trial_id": 36, "param_name": "l2reg", "param_value_internal": 2.3055259082049287e-05, "distribution": "{\"name\": \"FloatDistribution\", \"attributes\": {\"step\": null, \"low\": 1e-08, \"high\": 0.001, \"log\": true}}"}
{"op_code": 5, "worker_id": "bdaa134b-167d-486e-86f6-64a7cab028c7-139799974557504", "trial_id": 36, "param_name": "random_seed", "param_value_internal": 0, "distribution": "{\"name\": \"CategoricalDistribution\", \"attributes\": {\"choices\": [42]}}"}
{"op_code": 5, "worker_id": "bdaa134b-167d-486e-86f6-64a7cab028c7-139799974557504", "trial_id": 36, "param_name": "degree", "param_value_internal": 0, "distribution": "{\"name\": \"CategoricalDistribution\", \"attributes\": {\"choices\": [0]}}"}
{"op_code": 8, "worker_id": "bdaa134b-167d-486e-86f6-64a7cab028c7-139799974557504", "trial_id": 36, "user_attr": {"best_epoch": 0}}
{"op_code": 8, "worker_id": "bdaa134b-167d-486e-86f6-64a7cab028c7-139799974557504", "trial_id": 36, "user_attr": {"test_loss": 0.4526238883411092}}
{"op_code": 6, "worker_id": "bdaa134b-167d-486e-86f6-64a7cab028c7-139799974557504", "trial_id": 36, "state": 1, "values": [0.44808113415568984], "datetime_complete": "2024-09-02T23:39:45.303502"}
{"op_code": 4, "worker_id": "bdaa134b-167d-486e-86f6-64a7cab028c7-139799974557504", "study_id": 0, "datetime_start": "2024-09-02T23:39:45.312328"}
{"op_code": 5, "worker_id": "bdaa134b-167d-486e-86f6-64a7cab028c7-139799974557504", "trial_id": 37, "param_name": "lr", "param_value_internal": 0.00013151333760277236, "distribution": "{\"name\": \"FloatDistribution\", \"attributes\": {\"step\": null, \"low\": 1e-05, \"high\": 0.001, \"log\": true}}"}
{"op_code": 5, "worker_id": "bdaa134b-167d-486e-86f6-64a7cab028c7-139799974557504", "trial_id": 37, "param_name": "l2reg", "param_value_internal": 4.0320942648042076e-05, "distribution": "{\"name\": \"FloatDistribution\", \"attributes\": {\"step\": null, \"low\": 1e-08, \"high\": 0.001, \"log\": true}}"}
{"op_code": 5, "worker_id": "bdaa134b-167d-486e-86f6-64a7cab028c7-139799974557504", "trial_id": 37, "param_name": "random_seed", "param_value_internal": 0, "distribution": "{\"name\": \"CategoricalDistribution\", \"attributes\": {\"choices\": [42]}}"}
{"op_code": 5, "worker_id": "bdaa134b-167d-486e-86f6-64a7cab028c7-139799974557504", "trial_id": 37, "param_name": "degree", "param_value_internal": 0, "distribution": "{\"name\": \"CategoricalDistribution\", \"attributes\": {\"choices\": [0]}}"}
{"op_code": 8, "worker_id": "bdaa134b-167d-486e-86f6-64a7cab028c7-139799974557504", "trial_id": 37, "user_attr": {"best_epoch": 1}}
{"op_code": 8, "worker_id": "bdaa134b-167d-486e-86f6-64a7cab028c7-139799974557504", "trial_id": 37, "user_attr": {"test_loss": 0.4521871195308841}}
{"op_code": 6, "worker_id": "bdaa134b-167d-486e-86f6-64a7cab028c7-139799974557504", "trial_id": 37, "state": 1, "values": [0.4475745419673643], "datetime_complete": "2024-09-03T00:04:37.596768"}
{"op_code": 4, "worker_id": "bdaa134b-167d-486e-86f6-64a7cab028c7-139799974557504", "study_id": 0, "datetime_start": "2024-09-03T00:04:37.605417"}
{"op_code": 5, "worker_id": "bdaa134b-167d-486e-86f6-64a7cab028c7-139799974557504", "trial_id": 38, "param_name": "lr", "param_value_internal": 4.906498173541462e-05, "distribution": "{\"name\": \"FloatDistribution\", \"attributes\": {\"step\": null, \"low\": 1e-05, \"high\": 0.001, \"log\": true}}"}
{"op_code": 5, "worker_id": "bdaa134b-167d-486e-86f6-64a7cab028c7-139799974557504", "trial_id": 38, "param_name": "l2reg", "param_value_internal": 0.0008438586490712484, "distribution": "{\"name\": \"FloatDistribution\", \"attributes\": {\"step\": null, \"low\": 1e-08, \"high\": 0.001, \"log\": true}}"}
{"op_code": 5, "worker_id": "bdaa134b-167d-486e-86f6-64a7cab028c7-139799974557504", "trial_id": 38, "param_name": "random_seed", "param_value_internal": 0, "distribution": "{\"name\": \"CategoricalDistribution\", \"attributes\": {\"choices\": [42]}}"}
{"op_code": 5, "worker_id": "bdaa134b-167d-486e-86f6-64a7cab028c7-139799974557504", "trial_id": 38, "param_name": "degree", "param_value_internal": 0, "distribution": "{\"name\": \"CategoricalDistribution\", \"attributes\": {\"choices\": [0]}}"}
{"op_code": 8, "worker_id": "bdaa134b-167d-486e-86f6-64a7cab028c7-139799974557504", "trial_id": 38, "user_attr": {"best_epoch": 2}}
{"op_code": 8, "worker_id": "bdaa134b-167d-486e-86f6-64a7cab028c7-139799974557504", "trial_id": 38, "user_attr": {"test_loss": 0.45186125128824084}}
{"op_code": 6, "worker_id": "bdaa134b-167d-486e-86f6-64a7cab028c7-139799974557504", "trial_id": 38, "state": 1, "values": [0.44709505456078036], "datetime_complete": "2024-09-03T00:34:14.522661"}
{"op_code": 4, "worker_id": "bdaa134b-167d-486e-86f6-64a7cab028c7-139799974557504", "study_id": 0, "datetime_start": "2024-09-03T00:34:14.531541"}
{"op_code": 5, "worker_id": "bdaa134b-167d-486e-86f6-64a7cab028c7-139799974557504", "trial_id": 39, "param_name": "lr", "param_value_internal": 0.00020950697759902174, "distribution": "{\"name\": \"FloatDistribution\", \"attributes\": {\"step\": null, \"low\": 1e-05, \"high\": 0.001, \"log\": true}}"}
{"op_code": 5, "worker_id": "bdaa134b-167d-486e-86f6-64a7cab028c7-139799974557504", "trial_id": 39, "param_name": "l2reg", "param_value_internal": 6.782101753999294e-06, "distribution": "{\"name\": \"FloatDistribution\", \"attributes\": {\"step\": null, \"low\": 1e-08, \"high\": 0.001, \"log\": true}}"}
{"op_code": 5, "worker_id": "bdaa134b-167d-486e-86f6-64a7cab028c7-139799974557504", "trial_id": 39, "param_name": "random_seed", "param_value_internal": 0, "distribution": "{\"name\": \"CategoricalDistribution\", \"attributes\": {\"choices\": [42]}}"}
{"op_code": 5, "worker_id": "bdaa134b-167d-486e-86f6-64a7cab028c7-139799974557504", "trial_id": 39, "param_name": "degree", "param_value_internal": 0, "distribution": "{\"name\": \"CategoricalDistribution\", \"attributes\": {\"choices\": [0]}}"}
{"op_code": 8, "worker_id": "bdaa134b-167d-486e-86f6-64a7cab028c7-139799974557504", "trial_id": 39, "user_attr": {"best_epoch": 0}}
{"op_code": 8, "worker_id": "bdaa134b-167d-486e-86f6-64a7cab028c7-139799974557504", "trial_id": 39, "user_attr": {"test_loss": 0.45240682099953594}}
{"op_code": 6, "worker_id": "bdaa134b-167d-486e-86f6-64a7cab028c7-139799974557504", "trial_id": 39, "state": 1, "values": [0.44784192491288294], "datetime_complete": "2024-09-03T00:54:29.633477"}
{"op_code": 4, "worker_id": "bdaa134b-167d-486e-86f6-64a7cab028c7-139799974557504", "study_id": 0, "datetime_start": "2024-09-03T00:54:29.645519"}
{"op_code": 5, "worker_id": "bdaa134b-167d-486e-86f6-64a7cab028c7-139799974557504", "trial_id": 40, "param_name": "lr", "param_value_internal": 9.114452083032355e-05, "distribution": "{\"name\": \"FloatDistribution\", \"attributes\": {\"step\": null, \"low\": 1e-05, \"high\": 0.001, \"log\": true}}"}
{"op_code": 5, "worker_id": "bdaa134b-167d-486e-86f6-64a7cab028c7-139799974557504", "trial_id": 40, "param_name": "l2reg", "param_value_internal": 1.4822666458536942e-05, "distribution": "{\"name\": \"FloatDistribution\", \"attributes\": {\"step\": null, \"low\": 1e-08, \"high\": 0.001, \"log\": true}}"}
{"op_code": 5, "worker_id": "bdaa134b-167d-486e-86f6-64a7cab028c7-139799974557504", "trial_id": 40, "param_name": "random_seed", "param_value_internal": 0, "distribution": "{\"name\": \"CategoricalDistribution\", \"attributes\": {\"choices\": [42]}}"}
{"op_code": 5, "worker_id": "bdaa134b-167d-486e-86f6-64a7cab028c7-139799974557504", "trial_id": 40, "param_name": "degree", "param_value_internal": 0, "distribution": "{\"name\": \"CategoricalDistribution\", \"attributes\": {\"choices\": [0]}}"}
{"op_code": 8, "worker_id": "bdaa134b-167d-486e-86f6-64a7cab028c7-139799974557504", "trial_id": 40, "user_attr": {"best_epoch": 1}}
{"op_code": 8, "worker_id": "bdaa134b-167d-486e-86f6-64a7cab028c7-139799974557504", "trial_id": 40, "user_attr": {"test_loss": 0.45120455195483533}}
{"op_code": 6, "worker_id": "bdaa134b-167d-486e-86f6-64a7cab028c7-139799974557504", "trial_id": 40, "state": 1, "values": [0.44656750388629124], "datetime_complete": "2024-09-03T01:19:23.907721"}
{"op_code": 4, "worker_id": "bdaa134b-167d-486e-86f6-64a7cab028c7-139799974557504", "study_id": 0, "datetime_start": "2024-09-03T01:19:23.916543"}
{"op_code": 5, "worker_id": "bdaa134b-167d-486e-86f6-64a7cab028c7-139799974557504", "trial_id": 41, "param_name": "lr", "param_value_internal": 9.381855075581662e-05, "distribution": "{\"name\": \"FloatDistribution\", \"attributes\": {\"step\": null, \"low\": 1e-05, \"high\": 0.001, \"log\": true}}"}
{"op_code": 5, "worker_id": "bdaa134b-167d-486e-86f6-64a7cab028c7-139799974557504", "trial_id": 41, "param_name": "l2reg", "param_value_internal": 2.2531367733476616e-05, "distribution": "{\"name\": \"FloatDistribution\", \"attributes\": {\"step\": null, \"low\": 1e-08, \"high\": 0.001, \"log\": true}}"}
{"op_code": 5, "worker_id": "bdaa134b-167d-486e-86f6-64a7cab028c7-139799974557504", "trial_id": 41, "param_name": "random_seed", "param_value_internal": 0, "distribution": "{\"name\": \"CategoricalDistribution\", \"attributes\": {\"choices\": [42]}}"}
{"op_code": 5, "worker_id": "bdaa134b-167d-486e-86f6-64a7cab028c7-139799974557504", "trial_id": 41, "param_name": "degree", "param_value_internal": 0, "distribution": "{\"name\": \"CategoricalDistribution\", \"attributes\": {\"choices\": [0]}}"}
{"op_code": 8, "worker_id": "bdaa134b-167d-486e-86f6-64a7cab028c7-139799974557504", "trial_id": 41, "user_attr": {"best_epoch": 1}}
{"op_code": 8, "worker_id": "bdaa134b-167d-486e-86f6-64a7cab028c7-139799974557504", "trial_id": 41, "user_attr": {"test_loss": 0.4512184479295685}}
{"op_code": 6, "worker_id": "bdaa134b-167d-486e-86f6-64a7cab028c7-139799974557504", "trial_id": 41, "state": 1, "values": [0.4465882333179612], "datetime_complete": "2024-09-03T01:44:15.960702"}
{"op_code": 4, "worker_id": "bdaa134b-167d-486e-86f6-64a7cab028c7-139799974557504", "study_id": 0, "datetime_start": "2024-09-03T01:44:15.974472"}
{"op_code": 5, "worker_id": "bdaa134b-167d-486e-86f6-64a7cab028c7-139799974557504", "trial_id": 42, "param_name": "lr", "param_value_internal": 7.454393974785203e-05, "distribution": "{\"name\": \"FloatDistribution\", \"attributes\": {\"step\": null, \"low\": 1e-05, \"high\": 0.001, \"log\": true}}"}
{"op_code": 5, "worker_id": "bdaa134b-167d-486e-86f6-64a7cab028c7-139799974557504", "trial_id": 42, "param_name": "l2reg", "param_value_internal": 1.575058865563602e-05, "distribution": "{\"name\": \"FloatDistribution\", \"attributes\": {\"step\": null, \"low\": 1e-08, \"high\": 0.001, \"log\": true}}"}
{"op_code": 5, "worker_id": "bdaa134b-167d-486e-86f6-64a7cab028c7-139799974557504", "trial_id": 42, "param_name": "random_seed", "param_value_internal": 0, "distribution": "{\"name\": \"CategoricalDistribution\", \"attributes\": {\"choices\": [42]}}"}
{"op_code": 5, "worker_id": "bdaa134b-167d-486e-86f6-64a7cab028c7-139799974557504", "trial_id": 42, "param_name": "degree", "param_value_internal": 0, "distribution": "{\"name\": \"CategoricalDistribution\", \"attributes\": {\"choices\": [0]}}"}
{"op_code": 8, "worker_id": "bdaa134b-167d-486e-86f6-64a7cab028c7-139799974557504", "trial_id": 42, "user_attr": {"best_epoch": 1}}
{"op_code": 8, "worker_id": "bdaa134b-167d-486e-86f6-64a7cab028c7-139799974557504", "trial_id": 42, "user_attr": {"test_loss": 0.45145273253653917}}
{"op_code": 6, "worker_id": "bdaa134b-167d-486e-86f6-64a7cab028c7-139799974557504", "trial_id": 42, "state": 1, "values": [0.44675899344293335], "datetime_complete": "2024-09-03T02:09:08.116907"}
{"op_code": 4, "worker_id": "bdaa134b-167d-486e-86f6-64a7cab028c7-139799974557504", "study_id": 0, "datetime_start": "2024-09-03T02:09:08.126098"}
{"op_code": 5, "worker_id": "bdaa134b-167d-486e-86f6-64a7cab028c7-139799974557504", "trial_id": 43, "param_name": "lr", "param_value_internal": 6.674061450954202e-05, "distribution": "{\"name\": \"FloatDistribution\", \"attributes\": {\"step\": null, \"low\": 1e-05, \"high\": 0.001, \"log\": true}}"}
{"op_code": 5, "worker_id": "bdaa134b-167d-486e-86f6-64a7cab028c7-139799974557504", "trial_id": 43, "param_name": "l2reg", "param_value_internal": 5.618063214982436e-05, "distribution": "{\"name\": \"FloatDistribution\", \"attributes\": {\"step\": null, \"low\": 1e-08, \"high\": 0.001, \"log\": true}}"}
{"op_code": 5, "worker_id": "bdaa134b-167d-486e-86f6-64a7cab028c7-139799974557504", "trial_id": 43, "param_name": "random_seed", "param_value_internal": 0, "distribution": "{\"name\": \"CategoricalDistribution\", \"attributes\": {\"choices\": [42]}}"}
{"op_code": 5, "worker_id": "bdaa134b-167d-486e-86f6-64a7cab028c7-139799974557504", "trial_id": 43, "param_name": "degree", "param_value_internal": 0, "distribution": "{\"name\": \"CategoricalDistribution\", \"attributes\": {\"choices\": [0]}}"}
{"op_code": 8, "worker_id": "bdaa134b-167d-486e-86f6-64a7cab028c7-139799974557504", "trial_id": 43, "user_attr": {"best_epoch": 1}}
{"op_code": 8, "worker_id": "bdaa134b-167d-486e-86f6-64a7cab028c7-139799974557504", "trial_id": 43, "user_attr": {"test_loss": 0.45182872554518416}}
{"op_code": 6, "worker_id": "bdaa134b-167d-486e-86f6-64a7cab028c7-139799974557504", "trial_id": 43, "state": 1, "values": [0.44710917958788515], "datetime_complete": "2024-09-03T02:34:00.628054"}
{"op_code": 4, "worker_id": "bdaa134b-167d-486e-86f6-64a7cab028c7-139799974557504", "study_id": 0, "datetime_start": "2024-09-03T02:34:00.640504"}
{"op_code": 5, "worker_id": "bdaa134b-167d-486e-86f6-64a7cab028c7-139799974557504", "trial_id": 44, "param_name": "lr", "param_value_internal": 9.767193647121335e-05, "distribution": "{\"name\": \"FloatDistribution\", \"attributes\": {\"step\": null, \"low\": 1e-05, \"high\": 0.001, \"log\": true}}"}
{"op_code": 5, "worker_id": "bdaa134b-167d-486e-86f6-64a7cab028c7-139799974557504", "trial_id": 44, "param_name": "l2reg", "param_value_internal": 0.0001178725811266943, "distribution": "{\"name\": \"FloatDistribution\", \"attributes\": {\"step\": null, \"low\": 1e-08, \"high\": 0.001, \"log\": true}}"}
{"op_code": 5, "worker_id": "bdaa134b-167d-486e-86f6-64a7cab028c7-139799974557504", "trial_id": 44, "param_name": "random_seed", "param_value_internal": 0, "distribution": "{\"name\": \"CategoricalDistribution\", \"attributes\": {\"choices\": [42]}}"}
{"op_code": 5, "worker_id": "bdaa134b-167d-486e-86f6-64a7cab028c7-139799974557504", "trial_id": 44, "param_name": "degree", "param_value_internal": 0, "distribution": "{\"name\": \"CategoricalDistribution\", \"attributes\": {\"choices\": [0]}}"}
{"op_code": 8, "worker_id": "bdaa134b-167d-486e-86f6-64a7cab028c7-139799974557504", "trial_id": 44, "user_attr": {"best_epoch": 1}}
{"op_code": 8, "worker_id": "bdaa134b-167d-486e-86f6-64a7cab028c7-139799974557504", "trial_id": 44, "user_attr": {"test_loss": 0.45125624192678226}}
{"op_code": 6, "worker_id": "bdaa134b-167d-486e-86f6-64a7cab028c7-139799974557504", "trial_id": 44, "state": 1, "values": [0.44663583847687927], "datetime_complete": "2024-09-03T02:58:53.179831"}
{"op_code": 4, "worker_id": "bdaa134b-167d-486e-86f6-64a7cab028c7-139799974557504", "study_id": 0, "datetime_start": "2024-09-03T02:58:53.189103"}
{"op_code": 5, "worker_id": "bdaa134b-167d-486e-86f6-64a7cab028c7-139799974557504", "trial_id": 45, "param_name": "lr", "param_value_internal": 2.744657478756544e-05, "distribution": "{\"name\": \"FloatDistribution\", \"attributes\": {\"step\": null, \"low\": 1e-05, \"high\": 0.001, \"log\": true}}"}
{"op_code": 5, "worker_id": "bdaa134b-167d-486e-86f6-64a7cab028c7-139799974557504", "trial_id": 45, "param_name": "l2reg", "param_value_internal": 5.9152170293991875e-06, "distribution": "{\"name\": \"FloatDistribution\", \"attributes\": {\"step\": null, \"low\": 1e-08, \"high\": 0.001, \"log\": true}}"}
{"op_code": 5, "worker_id": "bdaa134b-167d-486e-86f6-64a7cab028c7-139799974557504", "trial_id": 45, "param_name": "random_seed", "param_value_internal": 0, "distribution": "{\"name\": \"CategoricalDistribution\", \"attributes\": {\"choices\": [42]}}"}
{"op_code": 5, "worker_id": "bdaa134b-167d-486e-86f6-64a7cab028c7-139799974557504", "trial_id": 45, "param_name": "degree", "param_value_internal": 0, "distribution": "{\"name\": \"CategoricalDistribution\", \"attributes\": {\"choices\": [0]}}"}
{"op_code": 8, "worker_id": "bdaa134b-167d-486e-86f6-64a7cab028c7-139799974557504", "trial_id": 45, "user_attr": {"best_epoch": 5}}
{"op_code": 8, "worker_id": "bdaa134b-167d-486e-86f6-64a7cab028c7-139799974557504", "trial_id": 45, "user_attr": {"test_loss": 0.4527134486617795}}
{"op_code": 6, "worker_id": "bdaa134b-167d-486e-86f6-64a7cab028c7-139799974557504", "trial_id": 45, "state": 1, "values": [0.4477680166629509], "datetime_complete": "2024-09-03T03:42:29.028176"}
{"op_code": 4, "worker_id": "bdaa134b-167d-486e-86f6-64a7cab028c7-139799974557504", "study_id": 0, "datetime_start": "2024-09-03T03:42:29.049403"}
{"op_code": 5, "worker_id": "bdaa134b-167d-486e-86f6-64a7cab028c7-139799974557504", "trial_id": 46, "param_name": "lr", "param_value_internal": 4.4835178200694035e-05, "distribution": "{\"name\": \"FloatDistribution\", \"attributes\": {\"step\": null, \"low\": 1e-05, \"high\": 0.001, \"log\": true}}"}
{"op_code": 5, "worker_id": "bdaa134b-167d-486e-86f6-64a7cab028c7-139799974557504", "trial_id": 46, "param_name": "l2reg", "param_value_internal": 2.441921940779752e-06, "distribution": "{\"name\": \"FloatDistribution\", \"attributes\": {\"step\": null, \"low\": 1e-08, \"high\": 0.001, \"log\": true}}"}
{"op_code": 5, "worker_id": "bdaa134b-167d-486e-86f6-64a7cab028c7-139799974557504", "trial_id": 46, "param_name": "random_seed", "param_value_internal": 0, "distribution": "{\"name\": \"CategoricalDistribution\", \"attributes\": {\"choices\": [42]}}"}
{"op_code": 5, "worker_id": "bdaa134b-167d-486e-86f6-64a7cab028c7-139799974557504", "trial_id": 46, "param_name": "degree", "param_value_internal": 0, "distribution": "{\"name\": \"CategoricalDistribution\", \"attributes\": {\"choices\": [0]}}"}
{"op_code": 8, "worker_id": "bdaa134b-167d-486e-86f6-64a7cab028c7-139799974557504", "trial_id": 46, "user_attr": {"best_epoch": 2}}
{"op_code": 8, "worker_id": "bdaa134b-167d-486e-86f6-64a7cab028c7-139799974557504", "trial_id": 46, "user_attr": {"test_loss": 0.4522132317471409}}
{"op_code": 6, "worker_id": "bdaa134b-167d-486e-86f6-64a7cab028c7-139799974557504", "trial_id": 46, "state": 1, "values": [0.44745360119474825], "datetime_complete": "2024-09-03T04:12:02.186312"}
{"op_code": 4, "worker_id": "bdaa134b-167d-486e-86f6-64a7cab028c7-139799974557504", "study_id": 0, "datetime_start": "2024-09-03T04:12:02.196693"}
{"op_code": 5, "worker_id": "bdaa134b-167d-486e-86f6-64a7cab028c7-139799974557504", "trial_id": 47, "param_name": "lr", "param_value_internal": 5.675340745421175e-05, "distribution": "{\"name\": \"FloatDistribution\", \"attributes\": {\"step\": null, \"low\": 1e-05, \"high\": 0.001, \"log\": true}}"}
{"op_code": 5, "worker_id": "bdaa134b-167d-486e-86f6-64a7cab028c7-139799974557504", "trial_id": 47, "param_name": "l2reg", "param_value_internal": 2.8568921524045526e-05, "distribution": "{\"name\": \"FloatDistribution\", \"attributes\": {\"step\": null, \"low\": 1e-08, \"high\": 0.001, \"log\": true}}"}
{"op_code": 5, "worker_id": "bdaa134b-167d-486e-86f6-64a7cab028c7-139799974557504", "trial_id": 47, "param_name": "random_seed", "param_value_internal": 0, "distribution": "{\"name\": \"CategoricalDistribution\", \"attributes\": {\"choices\": [42]}}"}
{"op_code": 5, "worker_id": "bdaa134b-167d-486e-86f6-64a7cab028c7-139799974557504", "trial_id": 47, "param_name": "degree", "param_value_internal": 0, "distribution": "{\"name\": \"CategoricalDistribution\", \"attributes\": {\"choices\": [0]}}"}
{"op_code": 8, "worker_id": "bdaa134b-167d-486e-86f6-64a7cab028c7-139799974557504", "trial_id": 47, "user_attr": {"best_epoch": 2}}
{"op_code": 8, "worker_id": "bdaa134b-167d-486e-86f6-64a7cab028c7-139799974557504", "trial_id": 47, "user_attr": {"test_loss": 0.4517004550091859}}
{"op_code": 6, "worker_id": "bdaa134b-167d-486e-86f6-64a7cab028c7-139799974557504", "trial_id": 47, "state": 1, "values": [0.4469038322343808], "datetime_complete": "2024-09-03T04:41:35.345035"}
{"op_code": 4, "worker_id": "bdaa134b-167d-486e-86f6-64a7cab028c7-139799974557504", "study_id": 0, "datetime_start": "2024-09-03T04:41:35.353963"}
{"op_code": 5, "worker_id": "bdaa134b-167d-486e-86f6-64a7cab028c7-139799974557504", "trial_id": 48, "param_name": "lr", "param_value_internal": 1.722693994422323e-05, "distribution": "{\"name\": \"FloatDistribution\", \"attributes\": {\"step\": null, \"low\": 1e-05, \"high\": 0.001, \"log\": true}}"}
{"op_code": 5, "worker_id": "bdaa134b-167d-486e-86f6-64a7cab028c7-139799974557504", "trial_id": 48, "param_name": "l2reg", "param_value_internal": 1.3015878889040515e-05, "distribution": "{\"name\": \"FloatDistribution\", \"attributes\": {\"step\": null, \"low\": 1e-08, \"high\": 0.001, \"log\": true}}"}
{"op_code": 5, "worker_id": "bdaa134b-167d-486e-86f6-64a7cab028c7-139799974557504", "trial_id": 48, "param_name": "random_seed", "param_value_internal": 0, "distribution": "{\"name\": \"CategoricalDistribution\", \"attributes\": {\"choices\": [42]}}"}
{"op_code": 5, "worker_id": "bdaa134b-167d-486e-86f6-64a7cab028c7-139799974557504", "trial_id": 48, "param_name": "degree", "param_value_internal": 0, "distribution": "{\"name\": \"CategoricalDistribution\", \"attributes\": {\"choices\": [0]}}"}
{"op_code": 8, "worker_id": "bdaa134b-167d-486e-86f6-64a7cab028c7-139799974557504", "trial_id": 48, "user_attr": {"best_epoch": 8}}
{"op_code": 8, "worker_id": "bdaa134b-167d-486e-86f6-64a7cab028c7-139799974557504", "trial_id": 48, "user_attr": {"test_loss": 0.45303317060790615}}
{"op_code": 6, "worker_id": "bdaa134b-167d-486e-86f6-64a7cab028c7-139799974557504", "trial_id": 48, "state": 1, "values": [0.4479838241716626], "datetime_complete": "2024-09-03T05:29:52.031439"}
{"op_code": 4, "worker_id": "bdaa134b-167d-486e-86f6-64a7cab028c7-139799974557504", "study_id": 0, "datetime_start": "2024-09-03T05:29:52.069733"}
{"op_code": 5, "worker_id": "bdaa134b-167d-486e-86f6-64a7cab028c7-139799974557504", "trial_id": 49, "param_name": "lr", "param_value_internal": 0.0001508583259261039, "distribution": "{\"name\": \"FloatDistribution\", \"attributes\": {\"step\": null, \"low\": 1e-05, \"high\": 0.001, \"log\": true}}"}
{"op_code": 5, "worker_id": "bdaa134b-167d-486e-86f6-64a7cab028c7-139799974557504", "trial_id": 49, "param_name": "l2reg", "param_value_internal": 0.0002822320080598211, "distribution": "{\"name\": \"FloatDistribution\", \"attributes\": {\"step\": null, \"low\": 1e-08, \"high\": 0.001, \"log\": true}}"}
{"op_code": 5, "worker_id": "bdaa134b-167d-486e-86f6-64a7cab028c7-139799974557504", "trial_id": 49, "param_name": "random_seed", "param_value_internal": 0, "distribution": "{\"name\": \"CategoricalDistribution\", \"attributes\": {\"choices\": [42]}}"}
{"op_code": 5, "worker_id": "bdaa134b-167d-486e-86f6-64a7cab028c7-139799974557504", "trial_id": 49, "param_name": "degree", "param_value_internal": 0, "distribution": "{\"name\": \"CategoricalDistribution\", \"attributes\": {\"choices\": [0]}}"}
{"op_code": 8, "worker_id": "bdaa134b-167d-486e-86f6-64a7cab028c7-139799974557504", "trial_id": 49, "user_attr": {"best_epoch": 0}}
{"op_code": 8, "worker_id": "bdaa134b-167d-486e-86f6-64a7cab028c7-139799974557504", "trial_id": 49, "user_attr": {"test_loss": 0.45264629750915414}}
{"op_code": 6, "worker_id": "bdaa134b-167d-486e-86f6-64a7cab028c7-139799974557504", "trial_id": 49, "state": 1, "values": [0.44801948032116495], "datetime_complete": "2024-09-03T05:50:01.834807"}
