{"op_code": 0, "worker_id": "67d054df-1b8e-43ae-a531-780e132fa762-140094445012800", "study_name": "criteo_splines_3_48", "directions": [1]}
{"op_code": 4, "worker_id": "67d054df-1b8e-43ae-a531-780e132fa762-140094445012800", "study_id": 0, "datetime_start": "2024-08-30T06:22:33.984986"}
{"op_code": 5, "worker_id": "67d054df-1b8e-43ae-a531-780e132fa762-140094445012800", "trial_id": 0, "param_name": "lr", "param_value_internal": 5.6115164153345e-05, "distribution": "{\"name\": \"FloatDistribution\", \"attributes\": {\"step\": null, \"low\": 1e-05, \"high\": 0.001, \"log\": true}}"}
{"op_code": 5, "worker_id": "67d054df-1b8e-43ae-a531-780e132fa762-140094445012800", "trial_id": 0, "param_name": "l2reg", "param_value_internal": 0.0005669849511478851, "distribution": "{\"name\": \"FloatDistribution\", \"attributes\": {\"step\": null, \"low\": 1e-08, \"high\": 0.001, \"log\": true}}"}
{"op_code": 5, "worker_id": "67d054df-1b8e-43ae-a531-780e132fa762-140094445012800", "trial_id": 0, "param_name": "random_seed", "param_value_internal": 0, "distribution": "{\"name\": \"CategoricalDistribution\", \"attributes\": {\"choices\": [42]}}"}
{"op_code": 5, "worker_id": "67d054df-1b8e-43ae-a531-780e132fa762-140094445012800", "trial_id": 0, "param_name": "degree", "param_value_internal": 0, "distribution": "{\"name\": \"CategoricalDistribution\", \"attributes\": {\"choices\": [3]}}"}
{"op_code": 8, "worker_id": "67d054df-1b8e-43ae-a531-780e132fa762-140094445012800", "trial_id": 0, "user_attr": {"best_epoch": 2}}
{"op_code": 8, "worker_id": "67d054df-1b8e-43ae-a531-780e132fa762-140094445012800", "trial_id": 0, "user_attr": {"test_loss": 0.45097045822663845}}
{"op_code": 6, "worker_id": "67d054df-1b8e-43ae-a531-780e132fa762-140094445012800", "trial_id": 0, "state": 1, "values": [0.44620632312564706], "datetime_complete": "2024-08-30T06:51:30.520670"}
{"op_code": 4, "worker_id": "67d054df-1b8e-43ae-a531-780e132fa762-140094445012800", "study_id": 0, "datetime_start": "2024-08-30T06:51:30.529611"}
{"op_code": 5, "worker_id": "67d054df-1b8e-43ae-a531-780e132fa762-140094445012800", "trial_id": 1, "param_name": "lr", "param_value_internal": 0.000291063591313307, "distribution": "{\"name\": \"FloatDistribution\", \"attributes\": {\"step\": null, \"low\": 1e-05, \"high\": 0.001, \"log\": true}}"}
{"op_code": 5, "worker_id": "67d054df-1b8e-43ae-a531-780e132fa762-140094445012800", "trial_id": 1, "param_name": "l2reg", "param_value_internal": 9.846738873614555e-06, "distribution": "{\"name\": \"FloatDistribution\", \"attributes\": {\"step\": null, \"low\": 1e-08, \"high\": 0.001, \"log\": true}}"}
{"op_code": 5, "worker_id": "67d054df-1b8e-43ae-a531-780e132fa762-140094445012800", "trial_id": 1, "param_name": "random_seed", "param_value_internal": 0, "distribution": "{\"name\": \"CategoricalDistribution\", \"attributes\": {\"choices\": [42]}}"}
{"op_code": 5, "worker_id": "67d054df-1b8e-43ae-a531-780e132fa762-140094445012800", "trial_id": 1, "param_name": "degree", "param_value_internal": 0, "distribution": "{\"name\": \"CategoricalDistribution\", \"attributes\": {\"choices\": [3]}}"}
{"op_code": 8, "worker_id": "67d054df-1b8e-43ae-a531-780e132fa762-140094445012800", "trial_id": 1, "user_attr": {"best_epoch": 0}}
{"op_code": 8, "worker_id": "67d054df-1b8e-43ae-a531-780e132fa762-140094445012800", "trial_id": 1, "user_attr": {"test_loss": 0.45127456628906776}}
{"op_code": 6, "worker_id": "67d054df-1b8e-43ae-a531-780e132fa762-140094445012800", "trial_id": 1, "state": 1, "values": [0.4466390070640406], "datetime_complete": "2024-08-30T07:11:41.586561"}
{"op_code": 4, "worker_id": "67d054df-1b8e-43ae-a531-780e132fa762-140094445012800", "study_id": 0, "datetime_start": "2024-08-30T07:11:41.597394"}
{"op_code": 5, "worker_id": "67d054df-1b8e-43ae-a531-780e132fa762-140094445012800", "trial_id": 2, "param_name": "lr", "param_value_internal": 2.0513382630874486e-05, "distribution": "{\"name\": \"FloatDistribution\", \"attributes\": {\"step\": null, \"low\": 1e-05, \"high\": 0.001, \"log\": true}}"}
{"op_code": 5, "worker_id": "67d054df-1b8e-43ae-a531-780e132fa762-140094445012800", "trial_id": 2, "param_name": "l2reg", "param_value_internal": 6.02521573620385e-08, "distribution": "{\"name\": \"FloatDistribution\", \"attributes\": {\"step\": null, \"low\": 1e-08, \"high\": 0.001, \"log\": true}}"}
{"op_code": 5, "worker_id": "67d054df-1b8e-43ae-a531-780e132fa762-140094445012800", "trial_id": 2, "param_name": "random_seed", "param_value_internal": 0, "distribution": "{\"name\": \"CategoricalDistribution\", \"attributes\": {\"choices\": [42]}}"}
{"op_code": 5, "worker_id": "67d054df-1b8e-43ae-a531-780e132fa762-140094445012800", "trial_id": 2, "param_name": "degree", "param_value_internal": 0, "distribution": "{\"name\": \"CategoricalDistribution\", \"attributes\": {\"choices\": [3]}}"}
{"op_code": 8, "worker_id": "67d054df-1b8e-43ae-a531-780e132fa762-140094445012800", "trial_id": 2, "user_attr": {"best_epoch": 7}}
{"op_code": 8, "worker_id": "67d054df-1b8e-43ae-a531-780e132fa762-140094445012800", "trial_id": 2, "user_attr": {"test_loss": 0.45194065685814455}}
{"op_code": 6, "worker_id": "67d054df-1b8e-43ae-a531-780e132fa762-140094445012800", "trial_id": 2, "state": 1, "values": [0.4468410331273879], "datetime_complete": "2024-08-30T07:57:54.065564"}
{"op_code": 4, "worker_id": "67d054df-1b8e-43ae-a531-780e132fa762-140094445012800", "study_id": 0, "datetime_start": "2024-08-30T07:57:54.074746"}
{"op_code": 5, "worker_id": "67d054df-1b8e-43ae-a531-780e132fa762-140094445012800", "trial_id": 3, "param_name": "lr", "param_value_internal": 1.3066739238053272e-05, "distribution": "{\"name\": \"FloatDistribution\", \"attributes\": {\"step\": null, \"low\": 1e-05, \"high\": 0.001, \"log\": true}}"}
{"op_code": 5, "worker_id": "67d054df-1b8e-43ae-a531-780e132fa762-140094445012800", "trial_id": 3, "param_name": "l2reg", "param_value_internal": 0.00021423021757741048, "distribution": "{\"name\": \"FloatDistribution\", \"attributes\": {\"step\": null, \"low\": 1e-08, \"high\": 0.001, \"log\": true}}"}
{"op_code": 5, "worker_id": "67d054df-1b8e-43ae-a531-780e132fa762-140094445012800", "trial_id": 3, "param_name": "random_seed", "param_value_internal": 0, "distribution": "{\"name\": \"CategoricalDistribution\", \"attributes\": {\"choices\": [42]}}"}
{"op_code": 5, "worker_id": "67d054df-1b8e-43ae-a531-780e132fa762-140094445012800", "trial_id": 3, "param_name": "degree", "param_value_internal": 0, "distribution": "{\"name\": \"CategoricalDistribution\", \"attributes\": {\"choices\": [3]}}"}
{"op_code": 8, "worker_id": "67d054df-1b8e-43ae-a531-780e132fa762-140094445012800", "trial_id": 3, "user_attr": {"best_epoch": 9}}
{"op_code": 8, "worker_id": "67d054df-1b8e-43ae-a531-780e132fa762-140094445012800", "trial_id": 3, "user_attr": {"test_loss": 0.45248511947255154}}
{"op_code": 6, "worker_id": "67d054df-1b8e-43ae-a531-780e132fa762-140094445012800", "trial_id": 3, "state": 1, "values": [0.4475893159822009], "datetime_complete": "2024-08-30T08:44:10.548132"}
{"op_code": 4, "worker_id": "67d054df-1b8e-43ae-a531-780e132fa762-140094445012800", "study_id": 0, "datetime_start": "2024-08-30T08:44:10.656272"}
{"op_code": 5, "worker_id": "67d054df-1b8e-43ae-a531-780e132fa762-140094445012800", "trial_id": 4, "param_name": "lr", "param_value_internal": 0.00015930522616241006, "distribution": "{\"name\": \"FloatDistribution\", \"attributes\": {\"step\": null, \"low\": 1e-05, \"high\": 0.001, \"log\": true}}"}
{"op_code": 5, "worker_id": "67d054df-1b8e-43ae-a531-780e132fa762-140094445012800", "trial_id": 4, "param_name": "l2reg", "param_value_internal": 3.47026698865041e-05, "distribution": "{\"name\": \"FloatDistribution\", \"attributes\": {\"step\": null, \"low\": 1e-08, \"high\": 0.001, \"log\": true}}"}
{"op_code": 5, "worker_id": "67d054df-1b8e-43ae-a531-780e132fa762-140094445012800", "trial_id": 4, "param_name": "random_seed", "param_value_internal": 0, "distribution": "{\"name\": \"CategoricalDistribution\", \"attributes\": {\"choices\": [42]}}"}
{"op_code": 5, "worker_id": "67d054df-1b8e-43ae-a531-780e132fa762-140094445012800", "trial_id": 4, "param_name": "degree", "param_value_internal": 0, "distribution": "{\"name\": \"CategoricalDistribution\", \"attributes\": {\"choices\": [3]}}"}
{"op_code": 8, "worker_id": "67d054df-1b8e-43ae-a531-780e132fa762-140094445012800", "trial_id": 4, "user_attr": {"best_epoch": 0}}
{"op_code": 8, "worker_id": "67d054df-1b8e-43ae-a531-780e132fa762-140094445012800", "trial_id": 4, "user_attr": {"test_loss": 0.4516118109066299}}
{"op_code": 6, "worker_id": "67d054df-1b8e-43ae-a531-780e132fa762-140094445012800", "trial_id": 4, "state": 1, "values": [0.4469539951684772], "datetime_complete": "2024-08-30T09:04:27.309821"}
{"op_code": 4, "worker_id": "67d054df-1b8e-43ae-a531-780e132fa762-140094445012800", "study_id": 0, "datetime_start": "2024-08-30T09:04:27.319458"}
{"op_code": 5, "worker_id": "67d054df-1b8e-43ae-a531-780e132fa762-140094445012800", "trial_id": 5, "param_name": "lr", "param_value_internal": 1.0994335574766187e-05, "distribution": "{\"name\": \"FloatDistribution\", \"attributes\": {\"step\": null, \"low\": 1e-05, \"high\": 0.001, \"log\": true}}"}
{"op_code": 5, "worker_id": "67d054df-1b8e-43ae-a531-780e132fa762-140094445012800", "trial_id": 5, "param_name": "l2reg", "param_value_internal": 0.0007072114131472234, "distribution": "{\"name\": \"FloatDistribution\", \"attributes\": {\"step\": null, \"low\": 1e-08, \"high\": 0.001, \"log\": true}}"}
{"op_code": 5, "worker_id": "67d054df-1b8e-43ae-a531-780e132fa762-140094445012800", "trial_id": 5, "param_name": "random_seed", "param_value_internal": 0, "distribution": "{\"name\": \"CategoricalDistribution\", \"attributes\": {\"choices\": [42]}}"}
{"op_code": 5, "worker_id": "67d054df-1b8e-43ae-a531-780e132fa762-140094445012800", "trial_id": 5, "param_name": "degree", "param_value_internal": 0, "distribution": "{\"name\": \"CategoricalDistribution\", \"attributes\": {\"choices\": [3]}}"}
{"op_code": 8, "worker_id": "67d054df-1b8e-43ae-a531-780e132fa762-140094445012800", "trial_id": 5, "user_attr": {"best_epoch": 9}}
{"op_code": 8, "worker_id": "67d054df-1b8e-43ae-a531-780e132fa762-140094445012800", "trial_id": 5, "user_attr": {"test_loss": 0.4533387675247711}}
{"op_code": 6, "worker_id": "67d054df-1b8e-43ae-a531-780e132fa762-140094445012800", "trial_id": 5, "state": 1, "values": [0.44849831874001705], "datetime_complete": "2024-08-30T09:50:42.411333"}
{"op_code": 4, "worker_id": "67d054df-1b8e-43ae-a531-780e132fa762-140094445012800", "study_id": 0, "datetime_start": "2024-08-30T09:50:42.422261"}
{"op_code": 5, "worker_id": "67d054df-1b8e-43ae-a531-780e132fa762-140094445012800", "trial_id": 6, "param_name": "lr", "param_value_internal": 0.000462258900102083, "distribution": "{\"name\": \"FloatDistribution\", \"attributes\": {\"step\": null, \"low\": 1e-05, \"high\": 0.001, \"log\": true}}"}
{"op_code": 5, "worker_id": "67d054df-1b8e-43ae-a531-780e132fa762-140094445012800", "trial_id": 6, "param_name": "l2reg", "param_value_internal": 1.1526449540315595e-07, "distribution": "{\"name\": \"FloatDistribution\", \"attributes\": {\"step\": null, \"low\": 1e-08, \"high\": 0.001, \"log\": true}}"}
{"op_code": 5, "worker_id": "67d054df-1b8e-43ae-a531-780e132fa762-140094445012800", "trial_id": 6, "param_name": "random_seed", "param_value_internal": 0, "distribution": "{\"name\": \"CategoricalDistribution\", \"attributes\": {\"choices\": [42]}}"}
{"op_code": 5, "worker_id": "67d054df-1b8e-43ae-a531-780e132fa762-140094445012800", "trial_id": 6, "param_name": "degree", "param_value_internal": 0, "distribution": "{\"name\": \"CategoricalDistribution\", \"attributes\": {\"choices\": [3]}}"}
{"op_code": 8, "worker_id": "67d054df-1b8e-43ae-a531-780e132fa762-140094445012800", "trial_id": 6, "user_attr": {"best_epoch": 0}}
{"op_code": 8, "worker_id": "67d054df-1b8e-43ae-a531-780e132fa762-140094445012800", "trial_id": 6, "user_attr": {"test_loss": 0.4515441634691927}}
{"op_code": 6, "worker_id": "67d054df-1b8e-43ae-a531-780e132fa762-140094445012800", "trial_id": 6, "state": 1, "values": [0.44692501977503796], "datetime_complete": "2024-08-30T10:11:05.190570"}
{"op_code": 4, "worker_id": "67d054df-1b8e-43ae-a531-780e132fa762-140094445012800", "study_id": 0, "datetime_start": "2024-08-30T10:11:05.200325"}
{"op_code": 5, "worker_id": "67d054df-1b8e-43ae-a531-780e132fa762-140094445012800", "trial_id": 7, "param_name": "lr", "param_value_internal": 2.3102018878452926e-05, "distribution": "{\"name\": \"FloatDistribution\", \"attributes\": {\"step\": null, \"low\": 1e-05, \"high\": 0.001, \"log\": true}}"}
{"op_code": 5, "worker_id": "67d054df-1b8e-43ae-a531-780e132fa762-140094445012800", "trial_id": 7, "param_name": "l2reg", "param_value_internal": 8.260808399079588e-08, "distribution": "{\"name\": \"FloatDistribution\", \"attributes\": {\"step\": null, \"low\": 1e-08, \"high\": 0.001, \"log\": true}}"}
{"op_code": 5, "worker_id": "67d054df-1b8e-43ae-a531-780e132fa762-140094445012800", "trial_id": 7, "param_name": "random_seed", "param_value_internal": 0, "distribution": "{\"name\": \"CategoricalDistribution\", \"attributes\": {\"choices\": [42]}}"}
{"op_code": 5, "worker_id": "67d054df-1b8e-43ae-a531-780e132fa762-140094445012800", "trial_id": 7, "param_name": "degree", "param_value_internal": 0, "distribution": "{\"name\": \"CategoricalDistribution\", \"attributes\": {\"choices\": [3]}}"}
{"op_code": 8, "worker_id": "67d054df-1b8e-43ae-a531-780e132fa762-140094445012800", "trial_id": 7, "user_attr": {"best_epoch": 6}}
{"op_code": 8, "worker_id": "67d054df-1b8e-43ae-a531-780e132fa762-140094445012800", "trial_id": 7, "user_attr": {"test_loss": 0.4519602028445824}}
{"op_code": 6, "worker_id": "67d054df-1b8e-43ae-a531-780e132fa762-140094445012800", "trial_id": 7, "state": 1, "values": [0.4468677943273891], "datetime_complete": "2024-08-30T10:57:11.889847"}
{"op_code": 4, "worker_id": "67d054df-1b8e-43ae-a531-780e132fa762-140094445012800", "study_id": 0, "datetime_start": "2024-08-30T10:57:11.905137"}
{"op_code": 5, "worker_id": "67d054df-1b8e-43ae-a531-780e132fa762-140094445012800", "trial_id": 8, "param_name": "lr", "param_value_internal": 4.059611610484306e-05, "distribution": "{\"name\": \"FloatDistribution\", \"attributes\": {\"step\": null, \"low\": 1e-05, \"high\": 0.001, \"log\": true}}"}
{"op_code": 5, "worker_id": "67d054df-1b8e-43ae-a531-780e132fa762-140094445012800", "trial_id": 8, "param_name": "l2reg", "param_value_internal": 4.2051564509138674e-06, "distribution": "{\"name\": \"FloatDistribution\", \"attributes\": {\"step\": null, \"low\": 1e-08, \"high\": 0.001, \"log\": true}}"}
{"op_code": 5, "worker_id": "67d054df-1b8e-43ae-a531-780e132fa762-140094445012800", "trial_id": 8, "param_name": "random_seed", "param_value_internal": 0, "distribution": "{\"name\": \"CategoricalDistribution\", \"attributes\": {\"choices\": [42]}}"}
{"op_code": 5, "worker_id": "67d054df-1b8e-43ae-a531-780e132fa762-140094445012800", "trial_id": 8, "param_name": "degree", "param_value_internal": 0, "distribution": "{\"name\": \"CategoricalDistribution\", \"attributes\": {\"choices\": [3]}}"}
{"op_code": 8, "worker_id": "67d054df-1b8e-43ae-a531-780e132fa762-140094445012800", "trial_id": 8, "user_attr": {"best_epoch": 3}}
{"op_code": 8, "worker_id": "67d054df-1b8e-43ae-a531-780e132fa762-140094445012800", "trial_id": 8, "user_attr": {"test_loss": 0.4515102252232098}}
{"op_code": 6, "worker_id": "67d054df-1b8e-43ae-a531-780e132fa762-140094445012800", "trial_id": 8, "state": 1, "values": [0.4467070362486371], "datetime_complete": "2024-08-30T11:30:19.679920"}
{"op_code": 4, "worker_id": "67d054df-1b8e-43ae-a531-780e132fa762-140094445012800", "study_id": 0, "datetime_start": "2024-08-30T11:30:19.691258"}
{"op_code": 5, "worker_id": "67d054df-1b8e-43ae-a531-780e132fa762-140094445012800", "trial_id": 9, "param_name": "lr", "param_value_internal": 7.309539835912905e-05, "distribution": "{\"name\": \"FloatDistribution\", \"attributes\": {\"step\": null, \"low\": 1e-05, \"high\": 0.001, \"log\": true}}"}
{"op_code": 5, "worker_id": "67d054df-1b8e-43ae-a531-780e132fa762-140094445012800", "trial_id": 9, "param_name": "l2reg", "param_value_internal": 2.8585493941961875e-07, "distribution": "{\"name\": \"FloatDistribution\", \"attributes\": {\"step\": null, \"low\": 1e-08, \"high\": 0.001, \"log\": true}}"}
{"op_code": 5, "worker_id": "67d054df-1b8e-43ae-a531-780e132fa762-140094445012800", "trial_id": 9, "param_name": "random_seed", "param_value_internal": 0, "distribution": "{\"name\": \"CategoricalDistribution\", \"attributes\": {\"choices\": [42]}}"}
{"op_code": 5, "worker_id": "67d054df-1b8e-43ae-a531-780e132fa762-140094445012800", "trial_id": 9, "param_name": "degree", "param_value_internal": 0, "distribution": "{\"name\": \"CategoricalDistribution\", \"attributes\": {\"choices\": [3]}}"}
{"op_code": 8, "worker_id": "67d054df-1b8e-43ae-a531-780e132fa762-140094445012800", "trial_id": 9, "user_attr": {"best_epoch": 1}}
{"op_code": 8, "worker_id": "67d054df-1b8e-43ae-a531-780e132fa762-140094445012800", "trial_id": 9, "user_attr": {"test_loss": 0.4509332750415009}}
{"op_code": 6, "worker_id": "67d054df-1b8e-43ae-a531-780e132fa762-140094445012800", "trial_id": 9, "state": 1, "values": [0.4462475147587445], "datetime_complete": "2024-08-30T11:54:49.611454"}
{"op_code": 4, "worker_id": "67d054df-1b8e-43ae-a531-780e132fa762-140094445012800", "study_id": 0, "datetime_start": "2024-08-30T11:54:49.626462"}
{"op_code": 5, "worker_id": "67d054df-1b8e-43ae-a531-780e132fa762-140094445012800", "trial_id": 10, "param_name": "lr", "param_value_internal": 0.000776735381623706, "distribution": "{\"name\": \"FloatDistribution\", \"attributes\": {\"step\": null, \"low\": 1e-05, \"high\": 0.001, \"log\": true}}"}
{"op_code": 5, "worker_id": "67d054df-1b8e-43ae-a531-780e132fa762-140094445012800", "trial_id": 10, "param_name": "l2reg", "param_value_internal": 7.193458129269525e-05, "distribution": "{\"name\": \"FloatDistribution\", \"attributes\": {\"step\": null, \"low\": 1e-08, \"high\": 0.001, \"log\": true}}"}
{"op_code": 5, "worker_id": "67d054df-1b8e-43ae-a531-780e132fa762-140094445012800", "trial_id": 10, "param_name": "random_seed", "param_value_internal": 0, "distribution": "{\"name\": \"CategoricalDistribution\", \"attributes\": {\"choices\": [42]}}"}
{"op_code": 5, "worker_id": "67d054df-1b8e-43ae-a531-780e132fa762-140094445012800", "trial_id": 10, "param_name": "degree", "param_value_internal": 0, "distribution": "{\"name\": \"CategoricalDistribution\", \"attributes\": {\"choices\": [3]}}"}
{"op_code": 8, "worker_id": "67d054df-1b8e-43ae-a531-780e132fa762-140094445012800", "trial_id": 10, "user_attr": {"best_epoch": 0}}
{"op_code": 8, "worker_id": "67d054df-1b8e-43ae-a531-780e132fa762-140094445012800", "trial_id": 10, "user_attr": {"test_loss": 0.452118975808635}}
{"op_code": 6, "worker_id": "67d054df-1b8e-43ae-a531-780e132fa762-140094445012800", "trial_id": 10, "state": 1, "values": [0.4475096431941802], "datetime_complete": "2024-08-30T12:14:59.173630"}
{"op_code": 4, "worker_id": "67d054df-1b8e-43ae-a531-780e132fa762-140094445012800", "study_id": 0, "datetime_start": "2024-08-30T12:14:59.187193"}
{"op_code": 5, "worker_id": "67d054df-1b8e-43ae-a531-780e132fa762-140094445012800", "trial_id": 11, "param_name": "lr", "param_value_internal": 6.306581983588723e-05, "distribution": "{\"name\": \"FloatDistribution\", \"attributes\": {\"step\": null, \"low\": 1e-05, \"high\": 0.001, \"log\": true}}"}
{"op_code": 5, "worker_id": "67d054df-1b8e-43ae-a531-780e132fa762-140094445012800", "trial_id": 11, "param_name": "l2reg", "param_value_internal": 6.301651774921119e-07, "distribution": "{\"name\": \"FloatDistribution\", \"attributes\": {\"step\": null, \"low\": 1e-08, \"high\": 0.001, \"log\": true}}"}
{"op_code": 5, "worker_id": "67d054df-1b8e-43ae-a531-780e132fa762-140094445012800", "trial_id": 11, "param_name": "random_seed", "param_value_internal": 0, "distribution": "{\"name\": \"CategoricalDistribution\", \"attributes\": {\"choices\": [42]}}"}
{"op_code": 5, "worker_id": "67d054df-1b8e-43ae-a531-780e132fa762-140094445012800", "trial_id": 11, "param_name": "degree", "param_value_internal": 0, "distribution": "{\"name\": \"CategoricalDistribution\", \"attributes\": {\"choices\": [3]}}"}
{"op_code": 8, "worker_id": "67d054df-1b8e-43ae-a531-780e132fa762-140094445012800", "trial_id": 11, "user_attr": {"best_epoch": 2}}
{"op_code": 8, "worker_id": "67d054df-1b8e-43ae-a531-780e132fa762-140094445012800", "trial_id": 11, "user_attr": {"test_loss": 0.4509977157155381}}
{"op_code": 6, "worker_id": "67d054df-1b8e-43ae-a531-780e132fa762-140094445012800", "trial_id": 11, "state": 1, "values": [0.4461919308682998], "datetime_complete": "2024-08-30T12:44:17.088486"}
{"op_code": 4, "worker_id": "67d054df-1b8e-43ae-a531-780e132fa762-140094445012800", "study_id": 0, "datetime_start": "2024-08-30T12:44:17.224472"}
{"op_code": 5, "worker_id": "67d054df-1b8e-43ae-a531-780e132fa762-140094445012800", "trial_id": 12, "param_name": "lr", "param_value_internal": 7.550297228624745e-05, "distribution": "{\"name\": \"FloatDistribution\", \"attributes\": {\"step\": null, \"low\": 1e-05, \"high\": 0.001, \"log\": true}}"}
{"op_code": 5, "worker_id": "67d054df-1b8e-43ae-a531-780e132fa762-140094445012800", "trial_id": 12, "param_name": "l2reg", "param_value_internal": 8.189993677710352e-07, "distribution": "{\"name\": \"FloatDistribution\", \"attributes\": {\"step\": null, \"low\": 1e-08, \"high\": 0.001, \"log\": true}}"}
{"op_code": 5, "worker_id": "67d054df-1b8e-43ae-a531-780e132fa762-140094445012800", "trial_id": 12, "param_name": "random_seed", "param_value_internal": 0, "distribution": "{\"name\": \"CategoricalDistribution\", \"attributes\": {\"choices\": [42]}}"}
{"op_code": 5, "worker_id": "67d054df-1b8e-43ae-a531-780e132fa762-140094445012800", "trial_id": 12, "param_name": "degree", "param_value_internal": 0, "distribution": "{\"name\": \"CategoricalDistribution\", \"attributes\": {\"choices\": [3]}}"}
{"op_code": 8, "worker_id": "67d054df-1b8e-43ae-a531-780e132fa762-140094445012800", "trial_id": 12, "user_attr": {"best_epoch": 1}}
{"op_code": 8, "worker_id": "67d054df-1b8e-43ae-a531-780e132fa762-140094445012800", "trial_id": 12, "user_attr": {"test_loss": 0.4508318802368546}}
{"op_code": 6, "worker_id": "67d054df-1b8e-43ae-a531-780e132fa762-140094445012800", "trial_id": 12, "state": 1, "values": [0.4461502429504662], "datetime_complete": "2024-08-30T13:08:46.886695"}
{"op_code": 4, "worker_id": "67d054df-1b8e-43ae-a531-780e132fa762-140094445012800", "study_id": 0, "datetime_start": "2024-08-30T13:08:46.895519"}
{"op_code": 5, "worker_id": "67d054df-1b8e-43ae-a531-780e132fa762-140094445012800", "trial_id": 13, "param_name": "lr", "param_value_internal": 0.00014484581444234804, "distribution": "{\"name\": \"FloatDistribution\", \"attributes\": {\"step\": null, \"low\": 1e-05, \"high\": 0.001, \"log\": true}}"}
{"op_code": 5, "worker_id": "67d054df-1b8e-43ae-a531-780e132fa762-140094445012800", "trial_id": 13, "param_name": "l2reg", "param_value_internal": 7.578419856538247e-07, "distribution": "{\"name\": \"FloatDistribution\", \"attributes\": {\"step\": null, \"low\": 1e-08, \"high\": 0.001, \"log\": true}}"}
{"op_code": 5, "worker_id": "67d054df-1b8e-43ae-a531-780e132fa762-140094445012800", "trial_id": 13, "param_name": "random_seed", "param_value_internal": 0, "distribution": "{\"name\": \"CategoricalDistribution\", \"attributes\": {\"choices\": [42]}}"}
{"op_code": 5, "worker_id": "67d054df-1b8e-43ae-a531-780e132fa762-140094445012800", "trial_id": 13, "param_name": "degree", "param_value_internal": 0, "distribution": "{\"name\": \"CategoricalDistribution\", \"attributes\": {\"choices\": [3]}}"}
{"op_code": 8, "worker_id": "67d054df-1b8e-43ae-a531-780e132fa762-140094445012800", "trial_id": 13, "user_attr": {"best_epoch": 1}}
{"op_code": 8, "worker_id": "67d054df-1b8e-43ae-a531-780e132fa762-140094445012800", "trial_id": 13, "user_attr": {"test_loss": 0.4514768977893031}}
{"op_code": 6, "worker_id": "67d054df-1b8e-43ae-a531-780e132fa762-140094445012800", "trial_id": 13, "state": 1, "values": [0.446851073349357], "datetime_complete": "2024-08-30T13:33:22.048251"}
{"op_code": 4, "worker_id": "67d054df-1b8e-43ae-a531-780e132fa762-140094445012800", "study_id": 0, "datetime_start": "2024-08-30T13:33:22.057546"}
{"op_code": 5, "worker_id": "67d054df-1b8e-43ae-a531-780e132fa762-140094445012800", "trial_id": 14, "param_name": "lr", "param_value_internal": 0.00012448484478535553, "distribution": "{\"name\": \"FloatDistribution\", \"attributes\": {\"step\": null, \"low\": 1e-05, \"high\": 0.001, \"log\": true}}"}
{"op_code": 5, "worker_id": "67d054df-1b8e-43ae-a531-780e132fa762-140094445012800", "trial_id": 14, "param_name": "l2reg", "param_value_internal": 1.163814228102759e-08, "distribution": "{\"name\": \"FloatDistribution\", \"attributes\": {\"step\": null, \"low\": 1e-08, \"high\": 0.001, \"log\": true}}"}
{"op_code": 5, "worker_id": "67d054df-1b8e-43ae-a531-780e132fa762-140094445012800", "trial_id": 14, "param_name": "random_seed", "param_value_internal": 0, "distribution": "{\"name\": \"CategoricalDistribution\", \"attributes\": {\"choices\": [42]}}"}
{"op_code": 5, "worker_id": "67d054df-1b8e-43ae-a531-780e132fa762-140094445012800", "trial_id": 14, "param_name": "degree", "param_value_internal": 0, "distribution": "{\"name\": \"CategoricalDistribution\", \"attributes\": {\"choices\": [3]}}"}
{"op_code": 8, "worker_id": "67d054df-1b8e-43ae-a531-780e132fa762-140094445012800", "trial_id": 14, "user_attr": {"best_epoch": 1}}
{"op_code": 8, "worker_id": "67d054df-1b8e-43ae-a531-780e132fa762-140094445012800", "trial_id": 14, "user_attr": {"test_loss": 0.450864940440478}}
{"op_code": 6, "worker_id": "67d054df-1b8e-43ae-a531-780e132fa762-140094445012800", "trial_id": 14, "state": 1, "values": [0.44625954011965807], "datetime_complete": "2024-08-30T13:57:59.497634"}
{"op_code": 4, "worker_id": "67d054df-1b8e-43ae-a531-780e132fa762-140094445012800", "study_id": 0, "datetime_start": "2024-08-30T13:57:59.506939"}
{"op_code": 5, "worker_id": "67d054df-1b8e-43ae-a531-780e132fa762-140094445012800", "trial_id": 15, "param_name": "lr", "param_value_internal": 3.643526297879779e-05, "distribution": "{\"name\": \"FloatDistribution\", \"attributes\": {\"step\": null, \"low\": 1e-05, \"high\": 0.001, \"log\": true}}"}
{"op_code": 5, "worker_id": "67d054df-1b8e-43ae-a531-780e132fa762-140094445012800", "trial_id": 15, "param_name": "l2reg", "param_value_internal": 1.1487551949627637e-06, "distribution": "{\"name\": \"FloatDistribution\", \"attributes\": {\"step\": null, \"low\": 1e-08, \"high\": 0.001, \"log\": true}}"}
{"op_code": 5, "worker_id": "67d054df-1b8e-43ae-a531-780e132fa762-140094445012800", "trial_id": 15, "param_name": "random_seed", "param_value_internal": 0, "distribution": "{\"name\": \"CategoricalDistribution\", \"attributes\": {\"choices\": [42]}}"}
{"op_code": 5, "worker_id": "67d054df-1b8e-43ae-a531-780e132fa762-140094445012800", "trial_id": 15, "param_name": "degree", "param_value_internal": 0, "distribution": "{\"name\": \"CategoricalDistribution\", \"attributes\": {\"choices\": [3]}}"}
{"op_code": 8, "worker_id": "67d054df-1b8e-43ae-a531-780e132fa762-140094445012800", "trial_id": 15, "user_attr": {"best_epoch": 3}}
{"op_code": 8, "worker_id": "67d054df-1b8e-43ae-a531-780e132fa762-140094445012800", "trial_id": 15, "user_attr": {"test_loss": 0.45164487111025325}}
{"op_code": 6, "worker_id": "67d054df-1b8e-43ae-a531-780e132fa762-140094445012800", "trial_id": 15, "state": 1, "values": [0.4468495844951486], "datetime_complete": "2024-08-30T14:31:08.350652"}
{"op_code": 4, "worker_id": "67d054df-1b8e-43ae-a531-780e132fa762-140094445012800", "study_id": 0, "datetime_start": "2024-08-30T14:31:08.364488"}
{"op_code": 5, "worker_id": "67d054df-1b8e-43ae-a531-780e132fa762-140094445012800", "trial_id": 16, "param_name": "lr", "param_value_internal": 0.00023496391751997136, "distribution": "{\"name\": \"FloatDistribution\", \"attributes\": {\"step\": null, \"low\": 1e-05, \"high\": 0.001, \"log\": true}}"}
{"op_code": 5, "worker_id": "67d054df-1b8e-43ae-a531-780e132fa762-140094445012800", "trial_id": 16, "param_name": "l2reg", "param_value_internal": 1.6652281586249786e-06, "distribution": "{\"name\": \"FloatDistribution\", \"attributes\": {\"step\": null, \"low\": 1e-08, \"high\": 0.001, \"log\": true}}"}
{"op_code": 5, "worker_id": "67d054df-1b8e-43ae-a531-780e132fa762-140094445012800", "trial_id": 16, "param_name": "random_seed", "param_value_internal": 0, "distribution": "{\"name\": \"CategoricalDistribution\", \"attributes\": {\"choices\": [42]}}"}
{"op_code": 5, "worker_id": "67d054df-1b8e-43ae-a531-780e132fa762-140094445012800", "trial_id": 16, "param_name": "degree", "param_value_internal": 0, "distribution": "{\"name\": \"CategoricalDistribution\", \"attributes\": {\"choices\": [3]}}"}
{"op_code": 8, "worker_id": "67d054df-1b8e-43ae-a531-780e132fa762-140094445012800", "trial_id": 16, "user_attr": {"best_epoch": 0}}
{"op_code": 8, "worker_id": "67d054df-1b8e-43ae-a531-780e132fa762-140094445012800", "trial_id": 16, "user_attr": {"test_loss": 0.45119191578000933}}
{"op_code": 6, "worker_id": "67d054df-1b8e-43ae-a531-780e132fa762-140094445012800", "trial_id": 16, "state": 1, "values": [0.4465471943878595], "datetime_complete": "2024-08-30T14:51:14.444984"}
{"op_code": 4, "worker_id": "67d054df-1b8e-43ae-a531-780e132fa762-140094445012800", "study_id": 0, "datetime_start": "2024-08-30T14:51:14.461117"}
{"op_code": 5, "worker_id": "67d054df-1b8e-43ae-a531-780e132fa762-140094445012800", "trial_id": 17, "param_name": "lr", "param_value_internal": 8.77581123328724e-05, "distribution": "{\"name\": \"FloatDistribution\", \"attributes\": {\"step\": null, \"low\": 1e-05, \"high\": 0.001, \"log\": true}}"}
{"op_code": 5, "worker_id": "67d054df-1b8e-43ae-a531-780e132fa762-140094445012800", "trial_id": 17, "param_name": "l2reg", "param_value_internal": 1.2521885136283712e-05, "distribution": "{\"name\": \"FloatDistribution\", \"attributes\": {\"step\": null, \"low\": 1e-08, \"high\": 0.001, \"log\": true}}"}
{"op_code": 5, "worker_id": "67d054df-1b8e-43ae-a531-780e132fa762-140094445012800", "trial_id": 17, "param_name": "random_seed", "param_value_internal": 0, "distribution": "{\"name\": \"CategoricalDistribution\", \"attributes\": {\"choices\": [42]}}"}
{"op_code": 5, "worker_id": "67d054df-1b8e-43ae-a531-780e132fa762-140094445012800", "trial_id": 17, "param_name": "degree", "param_value_internal": 0, "distribution": "{\"name\": \"CategoricalDistribution\", \"attributes\": {\"choices\": [3]}}"}
{"op_code": 8, "worker_id": "67d054df-1b8e-43ae-a531-780e132fa762-140094445012800", "trial_id": 17, "user_attr": {"best_epoch": 1}}
{"op_code": 8, "worker_id": "67d054df-1b8e-43ae-a531-780e132fa762-140094445012800", "trial_id": 17, "user_attr": {"test_loss": 0.45051589951469456}}
{"op_code": 6, "worker_id": "67d054df-1b8e-43ae-a531-780e132fa762-140094445012800", "trial_id": 17, "state": 1, "values": [0.44585804576814186], "datetime_complete": "2024-08-30T15:15:42.500949"}
{"op_code": 4, "worker_id": "67d054df-1b8e-43ae-a531-780e132fa762-140094445012800", "study_id": 0, "datetime_start": "2024-08-30T15:15:42.509981"}
{"op_code": 5, "worker_id": "67d054df-1b8e-43ae-a531-780e132fa762-140094445012800", "trial_id": 18, "param_name": "lr", "param_value_internal": 9.079214177332075e-05, "distribution": "{\"name\": \"FloatDistribution\", \"attributes\": {\"step\": null, \"low\": 1e-05, \"high\": 0.001, \"log\": true}}"}
{"op_code": 5, "worker_id": "67d054df-1b8e-43ae-a531-780e132fa762-140094445012800", "trial_id": 18, "param_name": "l2reg", "param_value_internal": 1.198781068269056e-05, "distribution": "{\"name\": \"FloatDistribution\", \"attributes\": {\"step\": null, \"low\": 1e-08, \"high\": 0.001, \"log\": true}}"}
{"op_code": 5, "worker_id": "67d054df-1b8e-43ae-a531-780e132fa762-140094445012800", "trial_id": 18, "param_name": "random_seed", "param_value_internal": 0, "distribution": "{\"name\": \"CategoricalDistribution\", \"attributes\": {\"choices\": [42]}}"}
{"op_code": 5, "worker_id": "67d054df-1b8e-43ae-a531-780e132fa762-140094445012800", "trial_id": 18, "param_name": "degree", "param_value_internal": 0, "distribution": "{\"name\": \"CategoricalDistribution\", \"attributes\": {\"choices\": [3]}}"}
{"op_code": 8, "worker_id": "67d054df-1b8e-43ae-a531-780e132fa762-140094445012800", "trial_id": 18, "user_attr": {"best_epoch": 1}}
{"op_code": 8, "worker_id": "67d054df-1b8e-43ae-a531-780e132fa762-140094445012800", "trial_id": 18, "user_attr": {"test_loss": 0.45048127410512595}}
{"op_code": 6, "worker_id": "67d054df-1b8e-43ae-a531-780e132fa762-140094445012800", "trial_id": 18, "state": 1, "values": [0.44582968118668553], "datetime_complete": "2024-08-30T15:40:09.922849"}
{"op_code": 4, "worker_id": "67d054df-1b8e-43ae-a531-780e132fa762-140094445012800", "study_id": 0, "datetime_start": "2024-08-30T15:40:09.934962"}
{"op_code": 5, "worker_id": "67d054df-1b8e-43ae-a531-780e132fa762-140094445012800", "trial_id": 19, "param_name": "lr", "param_value_internal": 0.00023981968051976104, "distribution": "{\"name\": \"FloatDistribution\", \"attributes\": {\"step\": null, \"low\": 1e-05, \"high\": 0.001, \"log\": true}}"}
{"op_code": 5, "worker_id": "67d054df-1b8e-43ae-a531-780e132fa762-140094445012800", "trial_id": 19, "param_name": "l2reg", "param_value_internal": 1.6430200620987573e-05, "distribution": "{\"name\": \"FloatDistribution\", \"attributes\": {\"step\": null, \"low\": 1e-08, \"high\": 0.001, \"log\": true}}"}
{"op_code": 5, "worker_id": "67d054df-1b8e-43ae-a531-780e132fa762-140094445012800", "trial_id": 19, "param_name": "random_seed", "param_value_internal": 0, "distribution": "{\"name\": \"CategoricalDistribution\", \"attributes\": {\"choices\": [42]}}"}
{"op_code": 5, "worker_id": "67d054df-1b8e-43ae-a531-780e132fa762-140094445012800", "trial_id": 19, "param_name": "degree", "param_value_internal": 0, "distribution": "{\"name\": \"CategoricalDistribution\", \"attributes\": {\"choices\": [3]}}"}
{"op_code": 8, "worker_id": "67d054df-1b8e-43ae-a531-780e132fa762-140094445012800", "trial_id": 19, "user_attr": {"best_epoch": 0}}
{"op_code": 8, "worker_id": "67d054df-1b8e-43ae-a531-780e132fa762-140094445012800", "trial_id": 19, "user_attr": {"test_loss": 0.4511943208525593}}
{"op_code": 6, "worker_id": "67d054df-1b8e-43ae-a531-780e132fa762-140094445012800", "trial_id": 19, "state": 1, "values": [0.446550248447774], "datetime_complete": "2024-08-30T16:00:22.967925"}
{"op_code": 4, "worker_id": "67d054df-1b8e-43ae-a531-780e132fa762-140094445012800", "study_id": 0, "datetime_start": "2024-08-30T16:00:22.983700"}
{"op_code": 5, "worker_id": "67d054df-1b8e-43ae-a531-780e132fa762-140094445012800", "trial_id": 20, "param_name": "lr", "param_value_internal": 0.00010027520963417594, "distribution": "{\"name\": \"FloatDistribution\", \"attributes\": {\"step\": null, \"low\": 1e-05, \"high\": 0.001, \"log\": true}}"}
{"op_code": 5, "worker_id": "67d054df-1b8e-43ae-a531-780e132fa762-140094445012800", "trial_id": 20, "param_name": "l2reg", "param_value_internal": 8.998683788955617e-05, "distribution": "{\"name\": \"FloatDistribution\", \"attributes\": {\"step\": null, \"low\": 1e-08, \"high\": 0.001, \"log\": true}}"}
{"op_code": 5, "worker_id": "67d054df-1b8e-43ae-a531-780e132fa762-140094445012800", "trial_id": 20, "param_name": "random_seed", "param_value_internal": 0, "distribution": "{\"name\": \"CategoricalDistribution\", \"attributes\": {\"choices\": [42]}}"}
{"op_code": 5, "worker_id": "67d054df-1b8e-43ae-a531-780e132fa762-140094445012800", "trial_id": 20, "param_name": "degree", "param_value_internal": 0, "distribution": "{\"name\": \"CategoricalDistribution\", \"attributes\": {\"choices\": [3]}}"}
{"op_code": 8, "worker_id": "67d054df-1b8e-43ae-a531-780e132fa762-140094445012800", "trial_id": 20, "user_attr": {"best_epoch": 1}}
{"op_code": 8, "worker_id": "67d054df-1b8e-43ae-a531-780e132fa762-140094445012800", "trial_id": 20, "user_attr": {"test_loss": 0.45046279703982145}}
{"op_code": 6, "worker_id": "67d054df-1b8e-43ae-a531-780e132fa762-140094445012800", "trial_id": 20, "state": 1, "values": [0.4458298338896812], "datetime_complete": "2024-08-30T16:24:51.089067"}
{"op_code": 4, "worker_id": "67d054df-1b8e-43ae-a531-780e132fa762-140094445012800", "study_id": 0, "datetime_start": "2024-08-30T16:24:51.098521"}
{"op_code": 5, "worker_id": "67d054df-1b8e-43ae-a531-780e132fa762-140094445012800", "trial_id": 21, "param_name": "lr", "param_value_internal": 9.385779911241267e-05, "distribution": "{\"name\": \"FloatDistribution\", \"attributes\": {\"step\": null, \"low\": 1e-05, \"high\": 0.001, \"log\": true}}"}
{"op_code": 5, "worker_id": "67d054df-1b8e-43ae-a531-780e132fa762-140094445012800", "trial_id": 21, "param_name": "l2reg", "param_value_internal": 9.387712549443988e-05, "distribution": "{\"name\": \"FloatDistribution\", \"attributes\": {\"step\": null, \"low\": 1e-08, \"high\": 0.001, \"log\": true}}"}
{"op_code": 5, "worker_id": "67d054df-1b8e-43ae-a531-780e132fa762-140094445012800", "trial_id": 21, "param_name": "random_seed", "param_value_internal": 0, "distribution": "{\"name\": \"CategoricalDistribution\", \"attributes\": {\"choices\": [42]}}"}
{"op_code": 5, "worker_id": "67d054df-1b8e-43ae-a531-780e132fa762-140094445012800", "trial_id": 21, "param_name": "degree", "param_value_internal": 0, "distribution": "{\"name\": \"CategoricalDistribution\", \"attributes\": {\"choices\": [3]}}"}
{"op_code": 8, "worker_id": "67d054df-1b8e-43ae-a531-780e132fa762-140094445012800", "trial_id": 21, "user_attr": {"best_epoch": 1}}
{"op_code": 8, "worker_id": "67d054df-1b8e-43ae-a531-780e132fa762-140094445012800", "trial_id": 21, "user_attr": {"test_loss": 0.4504605828460453}}
{"op_code": 6, "worker_id": "67d054df-1b8e-43ae-a531-780e132fa762-140094445012800", "trial_id": 21, "state": 1, "values": [0.4458153652808361], "datetime_complete": "2024-08-30T16:49:20.860210"}
{"op_code": 4, "worker_id": "67d054df-1b8e-43ae-a531-780e132fa762-140094445012800", "study_id": 0, "datetime_start": "2024-08-30T16:49:20.872015"}
{"op_code": 5, "worker_id": "67d054df-1b8e-43ae-a531-780e132fa762-140094445012800", "trial_id": 22, "param_name": "lr", "param_value_internal": 0.0001136653481724188, "distribution": "{\"name\": \"FloatDistribution\", \"attributes\": {\"step\": null, \"low\": 1e-05, \"high\": 0.001, \"log\": true}}"}
{"op_code": 5, "worker_id": "67d054df-1b8e-43ae-a531-780e132fa762-140094445012800", "trial_id": 22, "param_name": "l2reg", "param_value_internal": 0.00011932638977475546, "distribution": "{\"name\": \"FloatDistribution\", \"attributes\": {\"step\": null, \"low\": 1e-08, \"high\": 0.001, \"log\": true}}"}
{"op_code": 5, "worker_id": "67d054df-1b8e-43ae-a531-780e132fa762-140094445012800", "trial_id": 22, "param_name": "random_seed", "param_value_internal": 0, "distribution": "{\"name\": \"CategoricalDistribution\", \"attributes\": {\"choices\": [42]}}"}
{"op_code": 5, "worker_id": "67d054df-1b8e-43ae-a531-780e132fa762-140094445012800", "trial_id": 22, "param_name": "degree", "param_value_internal": 0, "distribution": "{\"name\": \"CategoricalDistribution\", \"attributes\": {\"choices\": [3]}}"}
{"op_code": 8, "worker_id": "67d054df-1b8e-43ae-a531-780e132fa762-140094445012800", "trial_id": 22, "user_attr": {"best_epoch": 1}}
{"op_code": 8, "worker_id": "67d054df-1b8e-43ae-a531-780e132fa762-140094445012800", "trial_id": 22, "user_attr": {"test_loss": 0.45062256257349786}}
{"op_code": 6, "worker_id": "67d054df-1b8e-43ae-a531-780e132fa762-140094445012800", "trial_id": 22, "state": 1, "values": [0.44601120687285645], "datetime_complete": "2024-08-30T17:13:48.073184"}
{"op_code": 4, "worker_id": "67d054df-1b8e-43ae-a531-780e132fa762-140094445012800", "study_id": 0, "datetime_start": "2024-08-30T17:13:48.082132"}
{"op_code": 5, "worker_id": "67d054df-1b8e-43ae-a531-780e132fa762-140094445012800", "trial_id": 23, "param_name": "lr", "param_value_internal": 3.66475383522637e-05, "distribution": "{\"name\": \"FloatDistribution\", \"attributes\": {\"step\": null, \"low\": 1e-05, \"high\": 0.001, \"log\": true}}"}
{"op_code": 5, "worker_id": "67d054df-1b8e-43ae-a531-780e132fa762-140094445012800", "trial_id": 23, "param_name": "l2reg", "param_value_internal": 4.217206255483262e-05, "distribution": "{\"name\": \"FloatDistribution\", \"attributes\": {\"step\": null, \"low\": 1e-08, \"high\": 0.001, \"log\": true}}"}
{"op_code": 5, "worker_id": "67d054df-1b8e-43ae-a531-780e132fa762-140094445012800", "trial_id": 23, "param_name": "random_seed", "param_value_internal": 0, "distribution": "{\"name\": \"CategoricalDistribution\", \"attributes\": {\"choices\": [42]}}"}
{"op_code": 5, "worker_id": "67d054df-1b8e-43ae-a531-780e132fa762-140094445012800", "trial_id": 23, "param_name": "degree", "param_value_internal": 0, "distribution": "{\"name\": \"CategoricalDistribution\", \"attributes\": {\"choices\": [3]}}"}
{"op_code": 8, "worker_id": "67d054df-1b8e-43ae-a531-780e132fa762-140094445012800", "trial_id": 23, "user_attr": {"best_epoch": 3}}
{"op_code": 8, "worker_id": "67d054df-1b8e-43ae-a531-780e132fa762-140094445012800", "trial_id": 23, "user_attr": {"test_loss": 0.4516327693959939}}
{"op_code": 6, "worker_id": "67d054df-1b8e-43ae-a531-780e132fa762-140094445012800", "trial_id": 23, "state": 1, "values": [0.4468371773767458], "datetime_complete": "2024-08-30T17:46:58.945563"}
{"op_code": 4, "worker_id": "67d054df-1b8e-43ae-a531-780e132fa762-140094445012800", "study_id": 0, "datetime_start": "2024-08-30T17:46:58.954167"}
{"op_code": 5, "worker_id": "67d054df-1b8e-43ae-a531-780e132fa762-140094445012800", "trial_id": 24, "param_name": "lr", "param_value_internal": 0.00018605166532725784, "distribution": "{\"name\": \"FloatDistribution\", \"attributes\": {\"step\": null, \"low\": 1e-05, \"high\": 0.001, \"log\": true}}"}
{"op_code": 5, "worker_id": "67d054df-1b8e-43ae-a531-780e132fa762-140094445012800", "trial_id": 24, "param_name": "l2reg", "param_value_internal": 5.141342738452249e-06, "distribution": "{\"name\": \"FloatDistribution\", \"attributes\": {\"step\": null, \"low\": 1e-08, \"high\": 0.001, \"log\": true}}"}
{"op_code": 5, "worker_id": "67d054df-1b8e-43ae-a531-780e132fa762-140094445012800", "trial_id": 24, "param_name": "random_seed", "param_value_internal": 0, "distribution": "{\"name\": \"CategoricalDistribution\", \"attributes\": {\"choices\": [42]}}"}
{"op_code": 5, "worker_id": "67d054df-1b8e-43ae-a531-780e132fa762-140094445012800", "trial_id": 24, "param_name": "degree", "param_value_internal": 0, "distribution": "{\"name\": \"CategoricalDistribution\", \"attributes\": {\"choices\": [3]}}"}
{"op_code": 8, "worker_id": "67d054df-1b8e-43ae-a531-780e132fa762-140094445012800", "trial_id": 24, "user_attr": {"best_epoch": 0}}
{"op_code": 8, "worker_id": "67d054df-1b8e-43ae-a531-780e132fa762-140094445012800", "trial_id": 24, "user_attr": {"test_loss": 0.45131984273421477}}
{"op_code": 6, "worker_id": "67d054df-1b8e-43ae-a531-780e132fa762-140094445012800", "trial_id": 24, "state": 1, "values": [0.44667012029942005], "datetime_complete": "2024-08-30T18:07:06.008061"}
{"op_code": 4, "worker_id": "67d054df-1b8e-43ae-a531-780e132fa762-140094445012800", "study_id": 0, "datetime_start": "2024-08-30T18:07:06.018215"}
{"op_code": 5, "worker_id": "67d054df-1b8e-43ae-a531-780e132fa762-140094445012800", "trial_id": 25, "param_name": "lr", "param_value_internal": 0.00039796520336972803, "distribution": "{\"name\": \"FloatDistribution\", \"attributes\": {\"step\": null, \"low\": 1e-05, \"high\": 0.001, \"log\": true}}"}
{"op_code": 5, "worker_id": "67d054df-1b8e-43ae-a531-780e132fa762-140094445012800", "trial_id": 25, "param_name": "l2reg", "param_value_internal": 0.0002716545386561153, "distribution": "{\"name\": \"FloatDistribution\", \"attributes\": {\"step\": null, \"low\": 1e-08, \"high\": 0.001, \"log\": true}}"}
{"op_code": 5, "worker_id": "67d054df-1b8e-43ae-a531-780e132fa762-140094445012800", "trial_id": 25, "param_name": "random_seed", "param_value_internal": 0, "distribution": "{\"name\": \"CategoricalDistribution\", \"attributes\": {\"choices\": [42]}}"}
{"op_code": 5, "worker_id": "67d054df-1b8e-43ae-a531-780e132fa762-140094445012800", "trial_id": 25, "param_name": "degree", "param_value_internal": 0, "distribution": "{\"name\": \"CategoricalDistribution\", \"attributes\": {\"choices\": [3]}}"}
{"op_code": 8, "worker_id": "67d054df-1b8e-43ae-a531-780e132fa762-140094445012800", "trial_id": 25, "user_attr": {"best_epoch": 0}}
{"op_code": 8, "worker_id": "67d054df-1b8e-43ae-a531-780e132fa762-140094445012800", "trial_id": 25, "user_attr": {"test_loss": 0.45142929262311565}}
{"op_code": 6, "worker_id": "67d054df-1b8e-43ae-a531-780e132fa762-140094445012800", "trial_id": 25, "state": 1, "values": [0.4468061786686131], "datetime_complete": "2024-08-30T18:27:13.350409"}
{"op_code": 4, "worker_id": "67d054df-1b8e-43ae-a531-780e132fa762-140094445012800", "study_id": 0, "datetime_start": "2024-08-30T18:27:13.382006"}
{"op_code": 5, "worker_id": "67d054df-1b8e-43ae-a531-780e132fa762-140094445012800", "trial_id": 26, "param_name": "lr", "param_value_internal": 4.9176050714079385e-05, "distribution": "{\"name\": \"FloatDistribution\", \"attributes\": {\"step\": null, \"low\": 1e-05, \"high\": 0.001, \"log\": true}}"}
{"op_code": 5, "worker_id": "67d054df-1b8e-43ae-a531-780e132fa762-140094445012800", "trial_id": 26, "param_name": "l2reg", "param_value_internal": 2.8064158153845947e-05, "distribution": "{\"name\": \"FloatDistribution\", \"attributes\": {\"step\": null, \"low\": 1e-08, \"high\": 0.001, \"log\": true}}"}
{"op_code": 5, "worker_id": "67d054df-1b8e-43ae-a531-780e132fa762-140094445012800", "trial_id": 26, "param_name": "random_seed", "param_value_internal": 0, "distribution": "{\"name\": \"CategoricalDistribution\", \"attributes\": {\"choices\": [42]}}"}
{"op_code": 5, "worker_id": "67d054df-1b8e-43ae-a531-780e132fa762-140094445012800", "trial_id": 26, "param_name": "degree", "param_value_internal": 0, "distribution": "{\"name\": \"CategoricalDistribution\", \"attributes\": {\"choices\": [3]}}"}
{"op_code": 8, "worker_id": "67d054df-1b8e-43ae-a531-780e132fa762-140094445012800", "trial_id": 26, "user_attr": {"best_epoch": 2}}
{"op_code": 8, "worker_id": "67d054df-1b8e-43ae-a531-780e132fa762-140094445012800", "trial_id": 26, "user_attr": {"test_loss": 0.4512772004161463}}
{"op_code": 6, "worker_id": "67d054df-1b8e-43ae-a531-780e132fa762-140094445012800", "trial_id": 26, "state": 1, "values": [0.44654498019442146], "datetime_complete": "2024-08-30T18:55:59.208395"}
{"op_code": 4, "worker_id": "67d054df-1b8e-43ae-a531-780e132fa762-140094445012800", "study_id": 0, "datetime_start": "2024-08-30T18:55:59.225276"}
{"op_code": 5, "worker_id": "67d054df-1b8e-43ae-a531-780e132fa762-140094445012800", "trial_id": 27, "param_name": "lr", "param_value_internal": 9.866674183934358e-05, "distribution": "{\"name\": \"FloatDistribution\", \"attributes\": {\"step\": null, \"low\": 1e-05, \"high\": 0.001, \"log\": true}}"}
{"op_code": 5, "worker_id": "67d054df-1b8e-43ae-a531-780e132fa762-140094445012800", "trial_id": 27, "param_name": "l2reg", "param_value_internal": 0.00012063548778692046, "distribution": "{\"name\": \"FloatDistribution\", \"attributes\": {\"step\": null, \"low\": 1e-08, \"high\": 0.001, \"log\": true}}"}
{"op_code": 5, "worker_id": "67d054df-1b8e-43ae-a531-780e132fa762-140094445012800", "trial_id": 27, "param_name": "random_seed", "param_value_internal": 0, "distribution": "{\"name\": \"CategoricalDistribution\", \"attributes\": {\"choices\": [42]}}"}
{"op_code": 5, "worker_id": "67d054df-1b8e-43ae-a531-780e132fa762-140094445012800", "trial_id": 27, "param_name": "degree", "param_value_internal": 0, "distribution": "{\"name\": \"CategoricalDistribution\", \"attributes\": {\"choices\": [3]}}"}
{"op_code": 8, "worker_id": "67d054df-1b8e-43ae-a531-780e132fa762-140094445012800", "trial_id": 27, "user_attr": {"best_epoch": 1}}
{"op_code": 8, "worker_id": "67d054df-1b8e-43ae-a531-780e132fa762-140094445012800", "trial_id": 27, "user_attr": {"test_loss": 0.45045687979783344}}
{"op_code": 6, "worker_id": "67d054df-1b8e-43ae-a531-780e132fa762-140094445012800", "trial_id": 27, "state": 1, "values": [0.4458212443461716], "datetime_complete": "2024-08-30T19:20:27.172598"}
{"op_code": 4, "worker_id": "67d054df-1b8e-43ae-a531-780e132fa762-140094445012800", "study_id": 0, "datetime_start": "2024-08-30T19:20:27.181486"}
{"op_code": 5, "worker_id": "67d054df-1b8e-43ae-a531-780e132fa762-140094445012800", "trial_id": 28, "param_name": "lr", "param_value_internal": 2.9488532275710178e-05, "distribution": "{\"name\": \"FloatDistribution\", \"attributes\": {\"step\": null, \"low\": 1e-05, \"high\": 0.001, \"log\": true}}"}
{"op_code": 5, "worker_id": "67d054df-1b8e-43ae-a531-780e132fa762-140094445012800", "trial_id": 28, "param_name": "l2reg", "param_value_internal": 0.0002612473857090385, "distribution": "{\"name\": \"FloatDistribution\", \"attributes\": {\"step\": null, \"low\": 1e-08, \"high\": 0.001, \"log\": true}}"}
{"op_code": 5, "worker_id": "67d054df-1b8e-43ae-a531-780e132fa762-140094445012800", "trial_id": 28, "param_name": "random_seed", "param_value_internal": 0, "distribution": "{\"name\": \"CategoricalDistribution\", \"attributes\": {\"choices\": [42]}}"}
{"op_code": 5, "worker_id": "67d054df-1b8e-43ae-a531-780e132fa762-140094445012800", "trial_id": 28, "param_name": "degree", "param_value_internal": 0, "distribution": "{\"name\": \"CategoricalDistribution\", \"attributes\": {\"choices\": [3]}}"}
{"op_code": 8, "worker_id": "67d054df-1b8e-43ae-a531-780e132fa762-140094445012800", "trial_id": 28, "user_attr": {"best_epoch": 4}}
{"op_code": 8, "worker_id": "67d054df-1b8e-43ae-a531-780e132fa762-140094445012800", "trial_id": 28, "user_attr": {"test_loss": 0.45172370404383555}}
{"op_code": 6, "worker_id": "67d054df-1b8e-43ae-a531-780e132fa762-140094445012800", "trial_id": 28, "state": 1, "values": [0.4469031450709], "datetime_complete": "2024-08-30T19:57:53.362159"}
{"op_code": 4, "worker_id": "67d054df-1b8e-43ae-a531-780e132fa762-140094445012800", "study_id": 0, "datetime_start": "2024-08-30T19:57:53.370805"}
{"op_code": 5, "worker_id": "67d054df-1b8e-43ae-a531-780e132fa762-140094445012800", "trial_id": 29, "param_name": "lr", "param_value_internal": 5.461449090221152e-05, "distribution": "{\"name\": \"FloatDistribution\", \"attributes\": {\"step\": null, \"low\": 1e-05, \"high\": 0.001, \"log\": true}}"}
{"op_code": 5, "worker_id": "67d054df-1b8e-43ae-a531-780e132fa762-140094445012800", "trial_id": 29, "param_name": "l2reg", "param_value_internal": 0.0009740031080319187, "distribution": "{\"name\": \"FloatDistribution\", \"attributes\": {\"step\": null, \"low\": 1e-08, \"high\": 0.001, \"log\": true}}"}
{"op_code": 5, "worker_id": "67d054df-1b8e-43ae-a531-780e132fa762-140094445012800", "trial_id": 29, "param_name": "random_seed", "param_value_internal": 0, "distribution": "{\"name\": \"CategoricalDistribution\", \"attributes\": {\"choices\": [42]}}"}
{"op_code": 5, "worker_id": "67d054df-1b8e-43ae-a531-780e132fa762-140094445012800", "trial_id": 29, "param_name": "degree", "param_value_internal": 0, "distribution": "{\"name\": \"CategoricalDistribution\", \"attributes\": {\"choices\": [3]}}"}
{"op_code": 8, "worker_id": "67d054df-1b8e-43ae-a531-780e132fa762-140094445012800", "trial_id": 29, "user_attr": {"best_epoch": 2}}
{"op_code": 8, "worker_id": "67d054df-1b8e-43ae-a531-780e132fa762-140094445012800", "trial_id": 29, "user_attr": {"test_loss": 0.4510060380300761}}
{"op_code": 6, "worker_id": "67d054df-1b8e-43ae-a531-780e132fa762-140094445012800", "trial_id": 29, "state": 1, "values": [0.44625003435817406], "datetime_complete": "2024-08-30T20:26:39.719658"}
{"op_code": 4, "worker_id": "67d054df-1b8e-43ae-a531-780e132fa762-140094445012800", "study_id": 0, "datetime_start": "2024-08-30T20:26:39.728527"}
{"op_code": 5, "worker_id": "67d054df-1b8e-43ae-a531-780e132fa762-140094445012800", "trial_id": 30, "param_name": "lr", "param_value_internal": 9.48435432208933e-05, "distribution": "{\"name\": \"FloatDistribution\", \"attributes\": {\"step\": null, \"low\": 1e-05, \"high\": 0.001, \"log\": true}}"}
{"op_code": 5, "worker_id": "67d054df-1b8e-43ae-a531-780e132fa762-140094445012800", "trial_id": 30, "param_name": "l2reg", "param_value_internal": 0.00031764733822422386, "distribution": "{\"name\": \"FloatDistribution\", \"attributes\": {\"step\": null, \"low\": 1e-08, \"high\": 0.001, \"log\": true}}"}
{"op_code": 5, "worker_id": "67d054df-1b8e-43ae-a531-780e132fa762-140094445012800", "trial_id": 30, "param_name": "random_seed", "param_value_internal": 0, "distribution": "{\"name\": \"CategoricalDistribution\", \"attributes\": {\"choices\": [42]}}"}
{"op_code": 5, "worker_id": "67d054df-1b8e-43ae-a531-780e132fa762-140094445012800", "trial_id": 30, "param_name": "degree", "param_value_internal": 0, "distribution": "{\"name\": \"CategoricalDistribution\", \"attributes\": {\"choices\": [3]}}"}
{"op_code": 8, "worker_id": "67d054df-1b8e-43ae-a531-780e132fa762-140094445012800", "trial_id": 30, "user_attr": {"best_epoch": 1}}
{"op_code": 8, "worker_id": "67d054df-1b8e-43ae-a531-780e132fa762-140094445012800", "trial_id": 30, "user_attr": {"test_loss": 0.45043202738148375}}
{"op_code": 6, "worker_id": "67d054df-1b8e-43ae-a531-780e132fa762-140094445012800", "trial_id": 30, "state": 1, "values": [0.44579020746229], "datetime_complete": "2024-08-30T20:51:08.074771"}
{"op_code": 4, "worker_id": "67d054df-1b8e-43ae-a531-780e132fa762-140094445012800", "study_id": 0, "datetime_start": "2024-08-30T20:51:08.083676"}
{"op_code": 5, "worker_id": "67d054df-1b8e-43ae-a531-780e132fa762-140094445012800", "trial_id": 31, "param_name": "lr", "param_value_internal": 9.506558308843746e-05, "distribution": "{\"name\": \"FloatDistribution\", \"attributes\": {\"step\": null, \"low\": 1e-05, \"high\": 0.001, \"log\": true}}"}
{"op_code": 5, "worker_id": "67d054df-1b8e-43ae-a531-780e132fa762-140094445012800", "trial_id": 31, "param_name": "l2reg", "param_value_internal": 0.00041778567522288466, "distribution": "{\"name\": \"FloatDistribution\", \"attributes\": {\"step\": null, \"low\": 1e-08, \"high\": 0.001, \"log\": true}}"}
{"op_code": 5, "worker_id": "67d054df-1b8e-43ae-a531-780e132fa762-140094445012800", "trial_id": 31, "param_name": "random_seed", "param_value_internal": 0, "distribution": "{\"name\": \"CategoricalDistribution\", \"attributes\": {\"choices\": [42]}}"}
{"op_code": 5, "worker_id": "67d054df-1b8e-43ae-a531-780e132fa762-140094445012800", "trial_id": 31, "param_name": "degree", "param_value_internal": 0, "distribution": "{\"name\": \"CategoricalDistribution\", \"attributes\": {\"choices\": [3]}}"}
{"op_code": 8, "worker_id": "67d054df-1b8e-43ae-a531-780e132fa762-140094445012800", "trial_id": 31, "user_attr": {"best_epoch": 1}}
{"op_code": 8, "worker_id": "67d054df-1b8e-43ae-a531-780e132fa762-140094445012800", "trial_id": 31, "user_attr": {"test_loss": 0.4504309202845957}}
{"op_code": 6, "worker_id": "67d054df-1b8e-43ae-a531-780e132fa762-140094445012800", "trial_id": 31, "state": 1, "values": [0.44578978752905174], "datetime_complete": "2024-08-30T21:15:35.420141"}
{"op_code": 4, "worker_id": "67d054df-1b8e-43ae-a531-780e132fa762-140094445012800", "study_id": 0, "datetime_start": "2024-08-30T21:15:35.428634"}
{"op_code": 5, "worker_id": "67d054df-1b8e-43ae-a531-780e132fa762-140094445012800", "trial_id": 32, "param_name": "lr", "param_value_internal": 0.00019064072540396617, "distribution": "{\"name\": \"FloatDistribution\", \"attributes\": {\"step\": null, \"low\": 1e-05, \"high\": 0.001, \"log\": true}}"}
{"op_code": 5, "worker_id": "67d054df-1b8e-43ae-a531-780e132fa762-140094445012800", "trial_id": 32, "param_name": "l2reg", "param_value_internal": 0.00042028662778352413, "distribution": "{\"name\": \"FloatDistribution\", \"attributes\": {\"step\": null, \"low\": 1e-08, \"high\": 0.001, \"log\": true}}"}
{"op_code": 5, "worker_id": "67d054df-1b8e-43ae-a531-780e132fa762-140094445012800", "trial_id": 32, "param_name": "random_seed", "param_value_internal": 0, "distribution": "{\"name\": \"CategoricalDistribution\", \"attributes\": {\"choices\": [42]}}"}
{"op_code": 5, "worker_id": "67d054df-1b8e-43ae-a531-780e132fa762-140094445012800", "trial_id": 32, "param_name": "degree", "param_value_internal": 0, "distribution": "{\"name\": \"CategoricalDistribution\", \"attributes\": {\"choices\": [3]}}"}
{"op_code": 8, "worker_id": "67d054df-1b8e-43ae-a531-780e132fa762-140094445012800", "trial_id": 32, "user_attr": {"best_epoch": 0}}
{"op_code": 8, "worker_id": "67d054df-1b8e-43ae-a531-780e132fa762-140094445012800", "trial_id": 32, "user_attr": {"test_loss": 0.4512822777915295}}
{"op_code": 6, "worker_id": "67d054df-1b8e-43ae-a531-780e132fa762-140094445012800", "trial_id": 32, "state": 1, "values": [0.4466334715804455], "datetime_complete": "2024-08-30T21:35:41.315796"}
{"op_code": 4, "worker_id": "67d054df-1b8e-43ae-a531-780e132fa762-140094445012800", "study_id": 0, "datetime_start": "2024-08-30T21:35:41.336779"}
{"op_code": 5, "worker_id": "67d054df-1b8e-43ae-a531-780e132fa762-140094445012800", "trial_id": 33, "param_name": "lr", "param_value_internal": 0.00011379381474509938, "distribution": "{\"name\": \"FloatDistribution\", \"attributes\": {\"step\": null, \"low\": 1e-05, \"high\": 0.001, \"log\": true}}"}
{"op_code": 5, "worker_id": "67d054df-1b8e-43ae-a531-780e132fa762-140094445012800", "trial_id": 33, "param_name": "l2reg", "param_value_internal": 0.00017191388395578828, "distribution": "{\"name\": \"FloatDistribution\", \"attributes\": {\"step\": null, \"low\": 1e-08, \"high\": 0.001, \"log\": true}}"}
{"op_code": 5, "worker_id": "67d054df-1b8e-43ae-a531-780e132fa762-140094445012800", "trial_id": 33, "param_name": "random_seed", "param_value_internal": 0, "distribution": "{\"name\": \"CategoricalDistribution\", \"attributes\": {\"choices\": [42]}}"}
{"op_code": 5, "worker_id": "67d054df-1b8e-43ae-a531-780e132fa762-140094445012800", "trial_id": 33, "param_name": "degree", "param_value_internal": 0, "distribution": "{\"name\": \"CategoricalDistribution\", \"attributes\": {\"choices\": [3]}}"}
{"op_code": 8, "worker_id": "67d054df-1b8e-43ae-a531-780e132fa762-140094445012800", "trial_id": 33, "user_attr": {"best_epoch": 1}}
{"op_code": 8, "worker_id": "67d054df-1b8e-43ae-a531-780e132fa762-140094445012800", "trial_id": 33, "user_attr": {"test_loss": 0.4506250058218026}}
{"op_code": 6, "worker_id": "67d054df-1b8e-43ae-a531-780e132fa762-140094445012800", "trial_id": 33, "state": 1, "values": [0.4460138028237838], "datetime_complete": "2024-08-30T22:00:07.535626"}
{"op_code": 4, "worker_id": "67d054df-1b8e-43ae-a531-780e132fa762-140094445012800", "study_id": 0, "datetime_start": "2024-08-30T22:00:07.563736"}
{"op_code": 5, "worker_id": "67d054df-1b8e-43ae-a531-780e132fa762-140094445012800", "trial_id": 34, "param_name": "lr", "param_value_internal": 5.977799565497151e-05, "distribution": "{\"name\": \"FloatDistribution\", \"attributes\": {\"step\": null, \"low\": 1e-05, \"high\": 0.001, \"log\": true}}"}
{"op_code": 5, "worker_id": "67d054df-1b8e-43ae-a531-780e132fa762-140094445012800", "trial_id": 34, "param_name": "l2reg", "param_value_internal": 0.00034655416501506043, "distribution": "{\"name\": \"FloatDistribution\", \"attributes\": {\"step\": null, \"low\": 1e-08, \"high\": 0.001, \"log\": true}}"}
{"op_code": 5, "worker_id": "67d054df-1b8e-43ae-a531-780e132fa762-140094445012800", "trial_id": 34, "param_name": "random_seed", "param_value_internal": 0, "distribution": "{\"name\": \"CategoricalDistribution\", \"attributes\": {\"choices\": [42]}}"}
{"op_code": 5, "worker_id": "67d054df-1b8e-43ae-a531-780e132fa762-140094445012800", "trial_id": 34, "param_name": "degree", "param_value_internal": 0, "distribution": "{\"name\": \"CategoricalDistribution\", \"attributes\": {\"choices\": [3]}}"}
{"op_code": 8, "worker_id": "67d054df-1b8e-43ae-a531-780e132fa762-140094445012800", "trial_id": 34, "user_attr": {"best_epoch": 2}}
{"op_code": 8, "worker_id": "67d054df-1b8e-43ae-a531-780e132fa762-140094445012800", "trial_id": 34, "user_attr": {"test_loss": 0.4509760700625884}}
{"op_code": 6, "worker_id": "67d054df-1b8e-43ae-a531-780e132fa762-140094445012800", "trial_id": 34, "state": 1, "values": [0.44618551734247924], "datetime_complete": "2024-08-30T22:28:58.265365"}
{"op_code": 4, "worker_id": "67d054df-1b8e-43ae-a531-780e132fa762-140094445012800", "study_id": 0, "datetime_start": "2024-08-30T22:28:58.274302"}
{"op_code": 5, "worker_id": "67d054df-1b8e-43ae-a531-780e132fa762-140094445012800", "trial_id": 35, "param_name": "lr", "param_value_internal": 0.0003618043998158333, "distribution": "{\"name\": \"FloatDistribution\", \"attributes\": {\"step\": null, \"low\": 1e-05, \"high\": 0.001, \"log\": true}}"}
{"op_code": 5, "worker_id": "67d054df-1b8e-43ae-a531-780e132fa762-140094445012800", "trial_id": 35, "param_name": "l2reg", "param_value_internal": 6.314870479685095e-05, "distribution": "{\"name\": \"FloatDistribution\", \"attributes\": {\"step\": null, \"low\": 1e-08, \"high\": 0.001, \"log\": true}}"}
{"op_code": 5, "worker_id": "67d054df-1b8e-43ae-a531-780e132fa762-140094445012800", "trial_id": 35, "param_name": "random_seed", "param_value_internal": 0, "distribution": "{\"name\": \"CategoricalDistribution\", \"attributes\": {\"choices\": [42]}}"}
{"op_code": 5, "worker_id": "67d054df-1b8e-43ae-a531-780e132fa762-140094445012800", "trial_id": 35, "param_name": "degree", "param_value_internal": 0, "distribution": "{\"name\": \"CategoricalDistribution\", \"attributes\": {\"choices\": [3]}}"}
{"op_code": 8, "worker_id": "67d054df-1b8e-43ae-a531-780e132fa762-140094445012800", "trial_id": 35, "user_attr": {"best_epoch": 0}}
{"op_code": 8, "worker_id": "67d054df-1b8e-43ae-a531-780e132fa762-140094445012800", "trial_id": 35, "user_attr": {"test_loss": 0.45139439998326375}}
{"op_code": 6, "worker_id": "67d054df-1b8e-43ae-a531-780e132fa762-140094445012800", "trial_id": 35, "state": 1, "values": [0.44676758298644303], "datetime_complete": "2024-08-30T22:49:06.145006"}
{"op_code": 4, "worker_id": "67d054df-1b8e-43ae-a531-780e132fa762-140094445012800", "study_id": 0, "datetime_start": "2024-08-30T22:49:06.301374"}
{"op_code": 5, "worker_id": "67d054df-1b8e-43ae-a531-780e132fa762-140094445012800", "trial_id": 36, "param_name": "lr", "param_value_internal": 0.00015290890126674973, "distribution": "{\"name\": \"FloatDistribution\", \"attributes\": {\"step\": null, \"low\": 1e-05, \"high\": 0.001, \"log\": true}}"}
{"op_code": 5, "worker_id": "67d054df-1b8e-43ae-a531-780e132fa762-140094445012800", "trial_id": 36, "param_name": "l2reg", "param_value_internal": 0.0004933465947500449, "distribution": "{\"name\": \"FloatDistribution\", \"attributes\": {\"step\": null, \"low\": 1e-08, \"high\": 0.001, \"log\": true}}"}
{"op_code": 5, "worker_id": "67d054df-1b8e-43ae-a531-780e132fa762-140094445012800", "trial_id": 36, "param_name": "random_seed", "param_value_internal": 0, "distribution": "{\"name\": \"CategoricalDistribution\", \"attributes\": {\"choices\": [42]}}"}
{"op_code": 5, "worker_id": "67d054df-1b8e-43ae-a531-780e132fa762-140094445012800", "trial_id": 36, "param_name": "degree", "param_value_internal": 0, "distribution": "{\"name\": \"CategoricalDistribution\", \"attributes\": {\"choices\": [3]}}"}
{"op_code": 8, "worker_id": "67d054df-1b8e-43ae-a531-780e132fa762-140094445012800", "trial_id": 36, "user_attr": {"best_epoch": 0}}
{"op_code": 8, "worker_id": "67d054df-1b8e-43ae-a531-780e132fa762-140094445012800", "trial_id": 36, "user_attr": {"test_loss": 0.45171045705693336}}
{"op_code": 6, "worker_id": "67d054df-1b8e-43ae-a531-780e132fa762-140094445012800", "trial_id": 36, "state": 1, "values": [0.447050465286028], "datetime_complete": "2024-08-30T23:09:16.100114"}
{"op_code": 4, "worker_id": "67d054df-1b8e-43ae-a531-780e132fa762-140094445012800", "study_id": 0, "datetime_start": "2024-08-30T23:09:16.110140"}
{"op_code": 5, "worker_id": "67d054df-1b8e-43ae-a531-780e132fa762-140094445012800", "trial_id": 37, "param_name": "lr", "param_value_internal": 7.627720597234118e-05, "distribution": "{\"name\": \"FloatDistribution\", \"attributes\": {\"step\": null, \"low\": 1e-05, \"high\": 0.001, \"log\": true}}"}
{"op_code": 5, "worker_id": "67d054df-1b8e-43ae-a531-780e132fa762-140094445012800", "trial_id": 37, "param_name": "l2reg", "param_value_internal": 0.0001377007473362727, "distribution": "{\"name\": \"FloatDistribution\", \"attributes\": {\"step\": null, \"low\": 1e-08, \"high\": 0.001, \"log\": true}}"}
{"op_code": 5, "worker_id": "67d054df-1b8e-43ae-a531-780e132fa762-140094445012800", "trial_id": 37, "param_name": "random_seed", "param_value_internal": 0, "distribution": "{\"name\": \"CategoricalDistribution\", \"attributes\": {\"choices\": [42]}}"}
{"op_code": 5, "worker_id": "67d054df-1b8e-43ae-a531-780e132fa762-140094445012800", "trial_id": 37, "param_name": "degree", "param_value_internal": 0, "distribution": "{\"name\": \"CategoricalDistribution\", \"attributes\": {\"choices\": [3]}}"}
{"op_code": 8, "worker_id": "67d054df-1b8e-43ae-a531-780e132fa762-140094445012800", "trial_id": 37, "user_attr": {"best_epoch": 1}}
{"op_code": 8, "worker_id": "67d054df-1b8e-43ae-a531-780e132fa762-140094445012800", "trial_id": 37, "user_attr": {"test_loss": 0.4508025994329526}}
{"op_code": 6, "worker_id": "67d054df-1b8e-43ae-a531-780e132fa762-140094445012800", "trial_id": 37, "state": 1, "values": [0.44612260370823953], "datetime_complete": "2024-08-30T23:33:43.494583"}
{"op_code": 4, "worker_id": "67d054df-1b8e-43ae-a531-780e132fa762-140094445012800", "study_id": 0, "datetime_start": "2024-08-30T23:33:43.503306"}
{"op_code": 5, "worker_id": "67d054df-1b8e-43ae-a531-780e132fa762-140094445012800", "trial_id": 38, "param_name": "lr", "param_value_internal": 2.1131529865188348e-05, "distribution": "{\"name\": \"FloatDistribution\", \"attributes\": {\"step\": null, \"low\": 1e-05, \"high\": 0.001, \"log\": true}}"}
{"op_code": 5, "worker_id": "67d054df-1b8e-43ae-a531-780e132fa762-140094445012800", "trial_id": 38, "param_name": "l2reg", "param_value_internal": 0.0009349802898561622, "distribution": "{\"name\": \"FloatDistribution\", \"attributes\": {\"step\": null, \"low\": 1e-08, \"high\": 0.001, \"log\": true}}"}
{"op_code": 5, "worker_id": "67d054df-1b8e-43ae-a531-780e132fa762-140094445012800", "trial_id": 38, "param_name": "random_seed", "param_value_internal": 0, "distribution": "{\"name\": \"CategoricalDistribution\", \"attributes\": {\"choices\": [42]}}"}
{"op_code": 5, "worker_id": "67d054df-1b8e-43ae-a531-780e132fa762-140094445012800", "trial_id": 38, "param_name": "degree", "param_value_internal": 0, "distribution": "{\"name\": \"CategoricalDistribution\", \"attributes\": {\"choices\": [3]}}"}
{"op_code": 8, "worker_id": "67d054df-1b8e-43ae-a531-780e132fa762-140094445012800", "trial_id": 38, "user_attr": {"best_epoch": 7}}
{"op_code": 8, "worker_id": "67d054df-1b8e-43ae-a531-780e132fa762-140094445012800", "trial_id": 38, "user_attr": {"test_loss": 0.45196814340157276}}
{"op_code": 6, "worker_id": "67d054df-1b8e-43ae-a531-780e132fa762-140094445012800", "trial_id": 38, "state": 1, "values": [0.44685225679757384], "datetime_complete": "2024-08-31T00:19:47.611790"}
{"op_code": 4, "worker_id": "67d054df-1b8e-43ae-a531-780e132fa762-140094445012800", "study_id": 0, "datetime_start": "2024-08-31T00:19:47.621077"}
{"op_code": 5, "worker_id": "67d054df-1b8e-43ae-a531-780e132fa762-140094445012800", "trial_id": 39, "param_name": "lr", "param_value_internal": 1.594632483403424e-05, "distribution": "{\"name\": \"FloatDistribution\", \"attributes\": {\"step\": null, \"low\": 1e-05, \"high\": 0.001, \"log\": true}}"}
{"op_code": 5, "worker_id": "67d054df-1b8e-43ae-a531-780e132fa762-140094445012800", "trial_id": 39, "param_name": "l2reg", "param_value_internal": 3.2894479941912303e-05, "distribution": "{\"name\": \"FloatDistribution\", \"attributes\": {\"step\": null, \"low\": 1e-08, \"high\": 0.001, \"log\": true}}"}
{"op_code": 5, "worker_id": "67d054df-1b8e-43ae-a531-780e132fa762-140094445012800", "trial_id": 39, "param_name": "random_seed", "param_value_internal": 0, "distribution": "{\"name\": \"CategoricalDistribution\", \"attributes\": {\"choices\": [42]}}"}
{"op_code": 5, "worker_id": "67d054df-1b8e-43ae-a531-780e132fa762-140094445012800", "trial_id": 39, "param_name": "degree", "param_value_internal": 0, "distribution": "{\"name\": \"CategoricalDistribution\", \"attributes\": {\"choices\": [3]}}"}
{"op_code": 8, "worker_id": "67d054df-1b8e-43ae-a531-780e132fa762-140094445012800", "trial_id": 39, "user_attr": {"best_epoch": 9}}
{"op_code": 8, "worker_id": "67d054df-1b8e-43ae-a531-780e132fa762-140094445012800", "trial_id": 39, "user_attr": {"test_loss": 0.45207942572670223}}
{"op_code": 6, "worker_id": "67d054df-1b8e-43ae-a531-780e132fa762-140094445012800", "trial_id": 39, "state": 1, "values": [0.4470961616574994], "datetime_complete": "2024-08-31T01:05:52.954613"}
{"op_code": 4, "worker_id": "67d054df-1b8e-43ae-a531-780e132fa762-140094445012800", "study_id": 0, "datetime_start": "2024-08-31T01:05:52.970098"}
{"op_code": 5, "worker_id": "67d054df-1b8e-43ae-a531-780e132fa762-140094445012800", "trial_id": 40, "param_name": "lr", "param_value_internal": 4.6879049710901455e-05, "distribution": "{\"name\": \"FloatDistribution\", \"attributes\": {\"step\": null, \"low\": 1e-05, \"high\": 0.001, \"log\": true}}"}
{"op_code": 5, "worker_id": "67d054df-1b8e-43ae-a531-780e132fa762-140094445012800", "trial_id": 40, "param_name": "l2reg", "param_value_internal": 0.0005845425268985835, "distribution": "{\"name\": \"FloatDistribution\", \"attributes\": {\"step\": null, \"low\": 1e-08, \"high\": 0.001, \"log\": true}}"}
{"op_code": 5, "worker_id": "67d054df-1b8e-43ae-a531-780e132fa762-140094445012800", "trial_id": 40, "param_name": "random_seed", "param_value_internal": 0, "distribution": "{\"name\": \"CategoricalDistribution\", \"attributes\": {\"choices\": [42]}}"}
{"op_code": 5, "worker_id": "67d054df-1b8e-43ae-a531-780e132fa762-140094445012800", "trial_id": 40, "param_name": "degree", "param_value_internal": 0, "distribution": "{\"name\": \"CategoricalDistribution\", \"attributes\": {\"choices\": [3]}}"}
{"op_code": 8, "worker_id": "67d054df-1b8e-43ae-a531-780e132fa762-140094445012800", "trial_id": 40, "user_attr": {"best_epoch": 2}}
{"op_code": 8, "worker_id": "67d054df-1b8e-43ae-a531-780e132fa762-140094445012800", "trial_id": 40, "user_attr": {"test_loss": 0.4514324230350061}}
{"op_code": 6, "worker_id": "67d054df-1b8e-43ae-a531-780e132fa762-140094445012800", "trial_id": 40, "state": 1, "values": [0.44671425146518523], "datetime_complete": "2024-08-31T01:34:34.609797"}
{"op_code": 4, "worker_id": "67d054df-1b8e-43ae-a531-780e132fa762-140094445012800", "study_id": 0, "datetime_start": "2024-08-31T01:34:34.618767"}
{"op_code": 5, "worker_id": "67d054df-1b8e-43ae-a531-780e132fa762-140094445012800", "trial_id": 41, "param_name": "lr", "param_value_internal": 9.844762388119146e-05, "distribution": "{\"name\": \"FloatDistribution\", \"attributes\": {\"step\": null, \"low\": 1e-05, \"high\": 0.001, \"log\": true}}"}
{"op_code": 5, "worker_id": "67d054df-1b8e-43ae-a531-780e132fa762-140094445012800", "trial_id": 41, "param_name": "l2reg", "param_value_internal": 6.801102401089803e-06, "distribution": "{\"name\": \"FloatDistribution\", \"attributes\": {\"step\": null, \"low\": 1e-08, \"high\": 0.001, \"log\": true}}"}
{"op_code": 5, "worker_id": "67d054df-1b8e-43ae-a531-780e132fa762-140094445012800", "trial_id": 41, "param_name": "random_seed", "param_value_internal": 0, "distribution": "{\"name\": \"CategoricalDistribution\", \"attributes\": {\"choices\": [42]}}"}
{"op_code": 5, "worker_id": "67d054df-1b8e-43ae-a531-780e132fa762-140094445012800", "trial_id": 41, "param_name": "degree", "param_value_internal": 0, "distribution": "{\"name\": \"CategoricalDistribution\", \"attributes\": {\"choices\": [3]}}"}
{"op_code": 8, "worker_id": "67d054df-1b8e-43ae-a531-780e132fa762-140094445012800", "trial_id": 41, "user_attr": {"best_epoch": 1}}
{"op_code": 8, "worker_id": "67d054df-1b8e-43ae-a531-780e132fa762-140094445012800", "trial_id": 41, "user_attr": {"test_loss": 0.4504566507433049}}
{"op_code": 6, "worker_id": "67d054df-1b8e-43ae-a531-780e132fa762-140094445012800", "trial_id": 41, "state": 1, "values": [0.4458206717099376], "datetime_complete": "2024-08-31T01:58:54.422023"}
{"op_code": 4, "worker_id": "67d054df-1b8e-43ae-a531-780e132fa762-140094445012800", "study_id": 0, "datetime_start": "2024-08-31T01:58:54.431014"}
{"op_code": 5, "worker_id": "67d054df-1b8e-43ae-a531-780e132fa762-140094445012800", "trial_id": 42, "param_name": "lr", "param_value_internal": 0.00013787872457282058, "distribution": "{\"name\": \"FloatDistribution\", \"attributes\": {\"step\": null, \"low\": 1e-05, \"high\": 0.001, \"log\": true}}"}
{"op_code": 5, "worker_id": "67d054df-1b8e-43ae-a531-780e132fa762-140094445012800", "trial_id": 42, "param_name": "l2reg", "param_value_internal": 0.00019272757589968405, "distribution": "{\"name\": \"FloatDistribution\", \"attributes\": {\"step\": null, \"low\": 1e-08, \"high\": 0.001, \"log\": true}}"}
{"op_code": 5, "worker_id": "67d054df-1b8e-43ae-a531-780e132fa762-140094445012800", "trial_id": 42, "param_name": "random_seed", "param_value_internal": 0, "distribution": "{\"name\": \"CategoricalDistribution\", \"attributes\": {\"choices\": [42]}}"}
{"op_code": 5, "worker_id": "67d054df-1b8e-43ae-a531-780e132fa762-140094445012800", "trial_id": 42, "param_name": "degree", "param_value_internal": 0, "distribution": "{\"name\": \"CategoricalDistribution\", \"attributes\": {\"choices\": [3]}}"}
{"op_code": 8, "worker_id": "67d054df-1b8e-43ae-a531-780e132fa762-140094445012800", "trial_id": 42, "user_attr": {"best_epoch": 1}}
{"op_code": 8, "worker_id": "67d054df-1b8e-43ae-a531-780e132fa762-140094445012800", "trial_id": 42, "user_attr": {"test_loss": 0.4512527297573442}}
{"op_code": 6, "worker_id": "67d054df-1b8e-43ae-a531-780e132fa762-140094445012800", "trial_id": 42, "state": 1, "values": [0.4466373273310876], "datetime_complete": "2024-08-31T02:23:17.258741"}
{"op_code": 4, "worker_id": "67d054df-1b8e-43ae-a531-780e132fa762-140094445012800", "study_id": 0, "datetime_start": "2024-08-31T02:23:17.267695"}
{"op_code": 5, "worker_id": "67d054df-1b8e-43ae-a531-780e132fa762-140094445012800", "trial_id": 43, "param_name": "lr", "param_value_internal": 9.959026007217246e-05, "distribution": "{\"name\": \"FloatDistribution\", \"attributes\": {\"step\": null, \"low\": 1e-05, \"high\": 0.001, \"log\": true}}"}
{"op_code": 5, "worker_id": "67d054df-1b8e-43ae-a531-780e132fa762-140094445012800", "trial_id": 43, "param_name": "l2reg", "param_value_internal": 7.556182069983861e-06, "distribution": "{\"name\": \"FloatDistribution\", \"attributes\": {\"step\": null, \"low\": 1e-08, \"high\": 0.001, \"log\": true}}"}
{"op_code": 5, "worker_id": "67d054df-1b8e-43ae-a531-780e132fa762-140094445012800", "trial_id": 43, "param_name": "random_seed", "param_value_internal": 0, "distribution": "{\"name\": \"CategoricalDistribution\", \"attributes\": {\"choices\": [42]}}"}
{"op_code": 5, "worker_id": "67d054df-1b8e-43ae-a531-780e132fa762-140094445012800", "trial_id": 43, "param_name": "degree", "param_value_internal": 0, "distribution": "{\"name\": \"CategoricalDistribution\", \"attributes\": {\"choices\": [3]}}"}
{"op_code": 8, "worker_id": "67d054df-1b8e-43ae-a531-780e132fa762-140094445012800", "trial_id": 43, "user_attr": {"best_epoch": 1}}
{"op_code": 8, "worker_id": "67d054df-1b8e-43ae-a531-780e132fa762-140094445012800", "trial_id": 43, "user_attr": {"test_loss": 0.45046001020972387}}
{"op_code": 6, "worker_id": "67d054df-1b8e-43ae-a531-780e132fa762-140094445012800", "trial_id": 43, "state": 1, "values": [0.44582635989652847], "datetime_complete": "2024-08-31T02:47:51.333869"}
{"op_code": 4, "worker_id": "67d054df-1b8e-43ae-a531-780e132fa762-140094445012800", "study_id": 0, "datetime_start": "2024-08-31T02:47:51.343369"}
{"op_code": 5, "worker_id": "67d054df-1b8e-43ae-a531-780e132fa762-140094445012800", "trial_id": 44, "param_name": "lr", "param_value_internal": 7.254174590580003e-05, "distribution": "{\"name\": \"FloatDistribution\", \"attributes\": {\"step\": null, \"low\": 1e-05, \"high\": 0.001, \"log\": true}}"}
{"op_code": 5, "worker_id": "67d054df-1b8e-43ae-a531-780e132fa762-140094445012800", "trial_id": 44, "param_name": "l2reg", "param_value_internal": 6.254824717632734e-05, "distribution": "{\"name\": \"FloatDistribution\", \"attributes\": {\"step\": null, \"low\": 1e-08, \"high\": 0.001, \"log\": true}}"}
{"op_code": 5, "worker_id": "67d054df-1b8e-43ae-a531-780e132fa762-140094445012800", "trial_id": 44, "param_name": "random_seed", "param_value_internal": 0, "distribution": "{\"name\": \"CategoricalDistribution\", \"attributes\": {\"choices\": [42]}}"}
{"op_code": 5, "worker_id": "67d054df-1b8e-43ae-a531-780e132fa762-140094445012800", "trial_id": 44, "param_name": "degree", "param_value_internal": 0, "distribution": "{\"name\": \"CategoricalDistribution\", \"attributes\": {\"choices\": [3]}}"}
{"op_code": 8, "worker_id": "67d054df-1b8e-43ae-a531-780e132fa762-140094445012800", "trial_id": 44, "user_attr": {"best_epoch": 1}}
{"op_code": 8, "worker_id": "67d054df-1b8e-43ae-a531-780e132fa762-140094445012800", "trial_id": 44, "user_attr": {"test_loss": 0.45095801293058624}}
{"op_code": 6, "worker_id": "67d054df-1b8e-43ae-a531-780e132fa762-140094445012800", "trial_id": 44, "state": 1, "values": [0.44627209994105665], "datetime_complete": "2024-08-31T03:12:14.977884"}
{"op_code": 4, "worker_id": "67d054df-1b8e-43ae-a531-780e132fa762-140094445012800", "study_id": 0, "datetime_start": "2024-08-31T03:12:14.986624"}
{"op_code": 5, "worker_id": "67d054df-1b8e-43ae-a531-780e132fa762-140094445012800", "trial_id": 45, "param_name": "lr", "param_value_internal": 0.0001852738440334378, "distribution": "{\"name\": \"FloatDistribution\", \"attributes\": {\"step\": null, \"low\": 1e-05, \"high\": 0.001, \"log\": true}}"}
{"op_code": 5, "worker_id": "67d054df-1b8e-43ae-a531-780e132fa762-140094445012800", "trial_id": 45, "param_name": "l2reg", "param_value_internal": 2.232750748305412e-05, "distribution": "{\"name\": \"FloatDistribution\", \"attributes\": {\"step\": null, \"low\": 1e-08, \"high\": 0.001, \"log\": true}}"}
{"op_code": 5, "worker_id": "67d054df-1b8e-43ae-a531-780e132fa762-140094445012800", "trial_id": 45, "param_name": "random_seed", "param_value_internal": 0, "distribution": "{\"name\": \"CategoricalDistribution\", \"attributes\": {\"choices\": [42]}}"}
{"op_code": 5, "worker_id": "67d054df-1b8e-43ae-a531-780e132fa762-140094445012800", "trial_id": 45, "param_name": "degree", "param_value_internal": 0, "distribution": "{\"name\": \"CategoricalDistribution\", \"attributes\": {\"choices\": [3]}}"}
{"op_code": 8, "worker_id": "67d054df-1b8e-43ae-a531-780e132fa762-140094445012800", "trial_id": 45, "user_attr": {"best_epoch": 0}}
{"op_code": 8, "worker_id": "67d054df-1b8e-43ae-a531-780e132fa762-140094445012800", "trial_id": 45, "user_attr": {"test_loss": 0.45132541639440993}}
{"op_code": 6, "worker_id": "67d054df-1b8e-43ae-a531-780e132fa762-140094445012800", "trial_id": 45, "state": 1, "values": [0.446675159498279], "datetime_complete": "2024-08-31T03:32:21.709800"}
{"op_code": 4, "worker_id": "67d054df-1b8e-43ae-a531-780e132fa762-140094445012800", "study_id": 0, "datetime_start": "2024-08-31T03:32:21.729468"}
{"op_code": 5, "worker_id": "67d054df-1b8e-43ae-a531-780e132fa762-140094445012800", "trial_id": 46, "param_name": "lr", "param_value_internal": 6.671805457225288e-05, "distribution": "{\"name\": \"FloatDistribution\", \"attributes\": {\"step\": null, \"low\": 1e-05, \"high\": 0.001, \"log\": true}}"}
{"op_code": 5, "worker_id": "67d054df-1b8e-43ae-a531-780e132fa762-140094445012800", "trial_id": 46, "param_name": "l2reg", "param_value_internal": 2.4617417490289272e-06, "distribution": "{\"name\": \"FloatDistribution\", \"attributes\": {\"step\": null, \"low\": 1e-08, \"high\": 0.001, \"log\": true}}"}
{"op_code": 5, "worker_id": "67d054df-1b8e-43ae-a531-780e132fa762-140094445012800", "trial_id": 46, "param_name": "random_seed", "param_value_internal": 0, "distribution": "{\"name\": \"CategoricalDistribution\", \"attributes\": {\"choices\": [42]}}"}
{"op_code": 5, "worker_id": "67d054df-1b8e-43ae-a531-780e132fa762-140094445012800", "trial_id": 46, "param_name": "degree", "param_value_internal": 0, "distribution": "{\"name\": \"CategoricalDistribution\", \"attributes\": {\"choices\": [3]}}"}
{"op_code": 8, "worker_id": "67d054df-1b8e-43ae-a531-780e132fa762-140094445012800", "trial_id": 46, "user_attr": {"best_epoch": 2}}
{"op_code": 8, "worker_id": "67d054df-1b8e-43ae-a531-780e132fa762-140094445012800", "trial_id": 46, "user_attr": {"test_loss": 0.45107433445534423}}
{"op_code": 6, "worker_id": "67d054df-1b8e-43ae-a531-780e132fa762-140094445012800", "trial_id": 46, "state": 1, "values": [0.4462516759153781], "datetime_complete": "2024-08-31T04:01:02.840056"}
{"op_code": 4, "worker_id": "67d054df-1b8e-43ae-a531-780e132fa762-140094445012800", "study_id": 0, "datetime_start": "2024-08-31T04:01:02.855882"}
{"op_code": 5, "worker_id": "67d054df-1b8e-43ae-a531-780e132fa762-140094445012800", "trial_id": 47, "param_name": "lr", "param_value_internal": 8.700086213944913e-05, "distribution": "{\"name\": \"FloatDistribution\", \"attributes\": {\"step\": null, \"low\": 1e-05, \"high\": 0.001, \"log\": true}}"}
{"op_code": 5, "worker_id": "67d054df-1b8e-43ae-a531-780e132fa762-140094445012800", "trial_id": 47, "param_name": "l2reg", "param_value_internal": 9.554371317376149e-05, "distribution": "{\"name\": \"FloatDistribution\", \"attributes\": {\"step\": null, \"low\": 1e-08, \"high\": 0.001, \"log\": true}}"}
{"op_code": 5, "worker_id": "67d054df-1b8e-43ae-a531-780e132fa762-140094445012800", "trial_id": 47, "param_name": "random_seed", "param_value_internal": 0, "distribution": "{\"name\": \"CategoricalDistribution\", \"attributes\": {\"choices\": [42]}}"}
{"op_code": 5, "worker_id": "67d054df-1b8e-43ae-a531-780e132fa762-140094445012800", "trial_id": 47, "param_name": "degree", "param_value_internal": 0, "distribution": "{\"name\": \"CategoricalDistribution\", \"attributes\": {\"choices\": [3]}}"}
{"op_code": 8, "worker_id": "67d054df-1b8e-43ae-a531-780e132fa762-140094445012800", "trial_id": 47, "user_attr": {"best_epoch": 1}}
{"op_code": 8, "worker_id": "67d054df-1b8e-43ae-a531-780e132fa762-140094445012800", "trial_id": 47, "user_attr": {"test_loss": 0.4505263978472539}}
{"op_code": 6, "worker_id": "67d054df-1b8e-43ae-a531-780e132fa762-140094445012800", "trial_id": 47, "state": 1, "values": [0.4458678951113663], "datetime_complete": "2024-08-31T04:25:20.845735"}
{"op_code": 4, "worker_id": "67d054df-1b8e-43ae-a531-780e132fa762-140094445012800", "study_id": 0, "datetime_start": "2024-08-31T04:25:20.857240"}
{"op_code": 5, "worker_id": "67d054df-1b8e-43ae-a531-780e132fa762-140094445012800", "trial_id": 48, "param_name": "lr", "param_value_internal": 0.00011796083849950631, "distribution": "{\"name\": \"FloatDistribution\", \"attributes\": {\"step\": null, \"low\": 1e-05, \"high\": 0.001, \"log\": true}}"}
{"op_code": 5, "worker_id": "67d054df-1b8e-43ae-a531-780e132fa762-140094445012800", "trial_id": 48, "param_name": "l2reg", "param_value_internal": 5.3788762041977745e-05, "distribution": "{\"name\": \"FloatDistribution\", \"attributes\": {\"step\": null, \"low\": 1e-08, \"high\": 0.001, \"log\": true}}"}
{"op_code": 5, "worker_id": "67d054df-1b8e-43ae-a531-780e132fa762-140094445012800", "trial_id": 48, "param_name": "random_seed", "param_value_internal": 0, "distribution": "{\"name\": \"CategoricalDistribution\", \"attributes\": {\"choices\": [42]}}"}
{"op_code": 5, "worker_id": "67d054df-1b8e-43ae-a531-780e132fa762-140094445012800", "trial_id": 48, "param_name": "degree", "param_value_internal": 0, "distribution": "{\"name\": \"CategoricalDistribution\", \"attributes\": {\"choices\": [3]}}"}
{"op_code": 8, "worker_id": "67d054df-1b8e-43ae-a531-780e132fa762-140094445012800", "trial_id": 48, "user_attr": {"best_epoch": 1}}
{"op_code": 8, "worker_id": "67d054df-1b8e-43ae-a531-780e132fa762-140094445012800", "trial_id": 48, "user_attr": {"test_loss": 0.45070803808840865}}
{"op_code": 6, "worker_id": "67d054df-1b8e-43ae-a531-780e132fa762-140094445012800", "trial_id": 48, "state": 1, "values": [0.4461008053555995], "datetime_complete": "2024-08-31T04:49:39.838438"}
{"op_code": 4, "worker_id": "67d054df-1b8e-43ae-a531-780e132fa762-140094445012800", "study_id": 0, "datetime_start": "2024-08-31T04:49:39.848370"}
{"op_code": 5, "worker_id": "67d054df-1b8e-43ae-a531-780e132fa762-140094445012800", "trial_id": 49, "param_name": "lr", "param_value_internal": 0.0007139796923487946, "distribution": "{\"name\": \"FloatDistribution\", \"attributes\": {\"step\": null, \"low\": 1e-05, \"high\": 0.001, \"log\": true}}"}
{"op_code": 5, "worker_id": "67d054df-1b8e-43ae-a531-780e132fa762-140094445012800", "trial_id": 49, "param_name": "l2reg", "param_value_internal": 2.8240362344879576e-08, "distribution": "{\"name\": \"FloatDistribution\", \"attributes\": {\"step\": null, \"low\": 1e-08, \"high\": 0.001, \"log\": true}}"}
{"op_code": 5, "worker_id": "67d054df-1b8e-43ae-a531-780e132fa762-140094445012800", "trial_id": 49, "param_name": "random_seed", "param_value_internal": 0, "distribution": "{\"name\": \"CategoricalDistribution\", \"attributes\": {\"choices\": [42]}}"}
{"op_code": 5, "worker_id": "67d054df-1b8e-43ae-a531-780e132fa762-140094445012800", "trial_id": 49, "param_name": "degree", "param_value_internal": 0, "distribution": "{\"name\": \"CategoricalDistribution\", \"attributes\": {\"choices\": [3]}}"}
{"op_code": 8, "worker_id": "67d054df-1b8e-43ae-a531-780e132fa762-140094445012800", "trial_id": 49, "user_attr": {"best_epoch": 0}}
{"op_code": 8, "worker_id": "67d054df-1b8e-43ae-a531-780e132fa762-140094445012800", "trial_id": 49, "user_attr": {"test_loss": 0.45203010265155047}}
{"op_code": 6, "worker_id": "67d054df-1b8e-43ae-a531-780e132fa762-140094445012800", "trial_id": 49, "state": 1, "values": [0.4474147001065867], "datetime_complete": "2024-08-31T05:09:34.970106"}
