{"op_code": 0, "worker_id": "cdaffa23-4308-4868-ad52-7163db008a43-139762960004928", "study_name": "criteo_splines_3_24", "directions": [1]}
{"op_code": 4, "worker_id": "cdaffa23-4308-4868-ad52-7163db008a43-139762960004928", "study_id": 0, "datetime_start": "2024-08-31T07:20:06.357594"}
{"op_code": 5, "worker_id": "cdaffa23-4308-4868-ad52-7163db008a43-139762960004928", "trial_id": 0, "param_name": "lr", "param_value_internal": 5.6115164153345e-05, "distribution": "{\"name\": \"FloatDistribution\", \"attributes\": {\"step\": null, \"low\": 1e-05, \"high\": 0.001, \"log\": true}}"}
{"op_code": 5, "worker_id": "cdaffa23-4308-4868-ad52-7163db008a43-139762960004928", "trial_id": 0, "param_name": "l2reg", "param_value_internal": 0.0005669849511478851, "distribution": "{\"name\": \"FloatDistribution\", \"attributes\": {\"step\": null, \"low\": 1e-08, \"high\": 0.001, \"log\": true}}"}
{"op_code": 5, "worker_id": "cdaffa23-4308-4868-ad52-7163db008a43-139762960004928", "trial_id": 0, "param_name": "random_seed", "param_value_internal": 0, "distribution": "{\"name\": \"CategoricalDistribution\", \"attributes\": {\"choices\": [42]}}"}
{"op_code": 5, "worker_id": "cdaffa23-4308-4868-ad52-7163db008a43-139762960004928", "trial_id": 0, "param_name": "degree", "param_value_internal": 0, "distribution": "{\"name\": \"CategoricalDistribution\", \"attributes\": {\"choices\": [3]}}"}
{"op_code": 8, "worker_id": "cdaffa23-4308-4868-ad52-7163db008a43-139762960004928", "trial_id": 0, "user_attr": {"best_epoch": 3}}
{"op_code": 8, "worker_id": "cdaffa23-4308-4868-ad52-7163db008a43-139762960004928", "trial_id": 0, "user_attr": {"test_loss": 0.4515566087652449}}
{"op_code": 6, "worker_id": "cdaffa23-4308-4868-ad52-7163db008a43-139762960004928", "trial_id": 0, "state": 1, "values": [0.44679743642210773], "datetime_complete": "2024-08-31T07:50:02.947499"}
{"op_code": 4, "worker_id": "cdaffa23-4308-4868-ad52-7163db008a43-139762960004928", "study_id": 0, "datetime_start": "2024-08-31T07:50:02.959561"}
{"op_code": 5, "worker_id": "cdaffa23-4308-4868-ad52-7163db008a43-139762960004928", "trial_id": 1, "param_name": "lr", "param_value_internal": 0.000291063591313307, "distribution": "{\"name\": \"FloatDistribution\", \"attributes\": {\"step\": null, \"low\": 1e-05, \"high\": 0.001, \"log\": true}}"}
{"op_code": 5, "worker_id": "cdaffa23-4308-4868-ad52-7163db008a43-139762960004928", "trial_id": 1, "param_name": "l2reg", "param_value_internal": 9.846738873614555e-06, "distribution": "{\"name\": \"FloatDistribution\", \"attributes\": {\"step\": null, \"low\": 1e-08, \"high\": 0.001, \"log\": true}}"}
{"op_code": 5, "worker_id": "cdaffa23-4308-4868-ad52-7163db008a43-139762960004928", "trial_id": 1, "param_name": "random_seed", "param_value_internal": 0, "distribution": "{\"name\": \"CategoricalDistribution\", \"attributes\": {\"choices\": [42]}}"}
{"op_code": 5, "worker_id": "cdaffa23-4308-4868-ad52-7163db008a43-139762960004928", "trial_id": 1, "param_name": "degree", "param_value_internal": 0, "distribution": "{\"name\": \"CategoricalDistribution\", \"attributes\": {\"choices\": [3]}}"}
{"op_code": 8, "worker_id": "cdaffa23-4308-4868-ad52-7163db008a43-139762960004928", "trial_id": 1, "user_attr": {"best_epoch": 0}}
{"op_code": 8, "worker_id": "cdaffa23-4308-4868-ad52-7163db008a43-139762960004928", "trial_id": 1, "user_attr": {"test_loss": 0.4513458022474525}}
{"op_code": 6, "worker_id": "cdaffa23-4308-4868-ad52-7163db008a43-139762960004928", "trial_id": 1, "state": 1, "values": [0.4467530380261], "datetime_complete": "2024-08-31T08:08:22.953157"}
{"op_code": 4, "worker_id": "cdaffa23-4308-4868-ad52-7163db008a43-139762960004928", "study_id": 0, "datetime_start": "2024-08-31T08:08:22.962000"}
{"op_code": 5, "worker_id": "cdaffa23-4308-4868-ad52-7163db008a43-139762960004928", "trial_id": 2, "param_name": "lr", "param_value_internal": 2.0513382630874486e-05, "distribution": "{\"name\": \"FloatDistribution\", \"attributes\": {\"step\": null, \"low\": 1e-05, \"high\": 0.001, \"log\": true}}"}
{"op_code": 5, "worker_id": "cdaffa23-4308-4868-ad52-7163db008a43-139762960004928", "trial_id": 2, "param_name": "l2reg", "param_value_internal": 6.02521573620385e-08, "distribution": "{\"name\": \"FloatDistribution\", \"attributes\": {\"step\": null, \"low\": 1e-08, \"high\": 0.001, \"log\": true}}"}
{"op_code": 5, "worker_id": "cdaffa23-4308-4868-ad52-7163db008a43-139762960004928", "trial_id": 2, "param_name": "random_seed", "param_value_internal": 0, "distribution": "{\"name\": \"CategoricalDistribution\", \"attributes\": {\"choices\": [42]}}"}
{"op_code": 5, "worker_id": "cdaffa23-4308-4868-ad52-7163db008a43-139762960004928", "trial_id": 2, "param_name": "degree", "param_value_internal": 0, "distribution": "{\"name\": \"CategoricalDistribution\", \"attributes\": {\"choices\": [3]}}"}
{"op_code": 8, "worker_id": "cdaffa23-4308-4868-ad52-7163db008a43-139762960004928", "trial_id": 2, "user_attr": {"best_epoch": 9}}
{"op_code": 8, "worker_id": "cdaffa23-4308-4868-ad52-7163db008a43-139762960004928", "trial_id": 2, "user_attr": {"test_loss": 0.45235948306363183}}
{"op_code": 6, "worker_id": "cdaffa23-4308-4868-ad52-7163db008a43-139762960004928", "trial_id": 2, "state": 1, "values": [0.44747998063726013], "datetime_complete": "2024-08-31T08:49:53.905850"}
{"op_code": 4, "worker_id": "cdaffa23-4308-4868-ad52-7163db008a43-139762960004928", "study_id": 0, "datetime_start": "2024-08-31T08:49:53.916352"}
{"op_code": 5, "worker_id": "cdaffa23-4308-4868-ad52-7163db008a43-139762960004928", "trial_id": 3, "param_name": "lr", "param_value_internal": 1.3066739238053272e-05, "distribution": "{\"name\": \"FloatDistribution\", \"attributes\": {\"step\": null, \"low\": 1e-05, \"high\": 0.001, \"log\": true}}"}
{"op_code": 5, "worker_id": "cdaffa23-4308-4868-ad52-7163db008a43-139762960004928", "trial_id": 3, "param_name": "l2reg", "param_value_internal": 0.00021423021757741048, "distribution": "{\"name\": \"FloatDistribution\", \"attributes\": {\"step\": null, \"low\": 1e-08, \"high\": 0.001, \"log\": true}}"}
{"op_code": 5, "worker_id": "cdaffa23-4308-4868-ad52-7163db008a43-139762960004928", "trial_id": 3, "param_name": "random_seed", "param_value_internal": 0, "distribution": "{\"name\": \"CategoricalDistribution\", \"attributes\": {\"choices\": [42]}}"}
{"op_code": 5, "worker_id": "cdaffa23-4308-4868-ad52-7163db008a43-139762960004928", "trial_id": 3, "param_name": "degree", "param_value_internal": 0, "distribution": "{\"name\": \"CategoricalDistribution\", \"attributes\": {\"choices\": [3]}}"}
{"op_code": 8, "worker_id": "cdaffa23-4308-4868-ad52-7163db008a43-139762960004928", "trial_id": 3, "user_attr": {"best_epoch": 9}}
{"op_code": 8, "worker_id": "cdaffa23-4308-4868-ad52-7163db008a43-139762960004928", "trial_id": 3, "user_attr": {"test_loss": 0.4539554204914319}}
{"op_code": 6, "worker_id": "cdaffa23-4308-4868-ad52-7163db008a43-139762960004928", "trial_id": 3, "state": 1, "values": [0.4492601539857009], "datetime_complete": "2024-08-31T09:31:15.635103"}
{"op_code": 4, "worker_id": "cdaffa23-4308-4868-ad52-7163db008a43-139762960004928", "study_id": 0, "datetime_start": "2024-08-31T09:31:15.643747"}
{"op_code": 5, "worker_id": "cdaffa23-4308-4868-ad52-7163db008a43-139762960004928", "trial_id": 4, "param_name": "lr", "param_value_internal": 0.00015930522616241006, "distribution": "{\"name\": \"FloatDistribution\", \"attributes\": {\"step\": null, \"low\": 1e-05, \"high\": 0.001, \"log\": true}}"}
{"op_code": 5, "worker_id": "cdaffa23-4308-4868-ad52-7163db008a43-139762960004928", "trial_id": 4, "param_name": "l2reg", "param_value_internal": 3.47026698865041e-05, "distribution": "{\"name\": \"FloatDistribution\", \"attributes\": {\"step\": null, \"low\": 1e-08, \"high\": 0.001, \"log\": true}}"}
{"op_code": 5, "worker_id": "cdaffa23-4308-4868-ad52-7163db008a43-139762960004928", "trial_id": 4, "param_name": "random_seed", "param_value_internal": 0, "distribution": "{\"name\": \"CategoricalDistribution\", \"attributes\": {\"choices\": [42]}}"}
{"op_code": 5, "worker_id": "cdaffa23-4308-4868-ad52-7163db008a43-139762960004928", "trial_id": 4, "param_name": "degree", "param_value_internal": 0, "distribution": "{\"name\": \"CategoricalDistribution\", \"attributes\": {\"choices\": [3]}}"}
{"op_code": 8, "worker_id": "cdaffa23-4308-4868-ad52-7163db008a43-139762960004928", "trial_id": 4, "user_attr": {"best_epoch": 1}}
{"op_code": 8, "worker_id": "cdaffa23-4308-4868-ad52-7163db008a43-139762960004928", "trial_id": 4, "user_attr": {"test_loss": 0.450919493594032}}
{"op_code": 6, "worker_id": "cdaffa23-4308-4868-ad52-7163db008a43-139762960004928", "trial_id": 4, "state": 1, "values": [0.44622598363634697], "datetime_complete": "2024-08-31T09:53:21.785085"}
{"op_code": 4, "worker_id": "cdaffa23-4308-4868-ad52-7163db008a43-139762960004928", "study_id": 0, "datetime_start": "2024-08-31T09:53:21.794657"}
{"op_code": 5, "worker_id": "cdaffa23-4308-4868-ad52-7163db008a43-139762960004928", "trial_id": 5, "param_name": "lr", "param_value_internal": 1.0994335574766187e-05, "distribution": "{\"name\": \"FloatDistribution\", \"attributes\": {\"step\": null, \"low\": 1e-05, \"high\": 0.001, \"log\": true}}"}
{"op_code": 5, "worker_id": "cdaffa23-4308-4868-ad52-7163db008a43-139762960004928", "trial_id": 5, "param_name": "l2reg", "param_value_internal": 0.0007072114131472234, "distribution": "{\"name\": \"FloatDistribution\", \"attributes\": {\"step\": null, \"low\": 1e-08, \"high\": 0.001, \"log\": true}}"}
{"op_code": 5, "worker_id": "cdaffa23-4308-4868-ad52-7163db008a43-139762960004928", "trial_id": 5, "param_name": "random_seed", "param_value_internal": 0, "distribution": "{\"name\": \"CategoricalDistribution\", \"attributes\": {\"choices\": [42]}}"}
{"op_code": 5, "worker_id": "cdaffa23-4308-4868-ad52-7163db008a43-139762960004928", "trial_id": 5, "param_name": "degree", "param_value_internal": 0, "distribution": "{\"name\": \"CategoricalDistribution\", \"attributes\": {\"choices\": [3]}}"}
{"op_code": 8, "worker_id": "cdaffa23-4308-4868-ad52-7163db008a43-139762960004928", "trial_id": 5, "user_attr": {"best_epoch": 9}}
{"op_code": 8, "worker_id": "cdaffa23-4308-4868-ad52-7163db008a43-139762960004928", "trial_id": 5, "user_attr": {"test_loss": 0.4550097203106773}}
{"op_code": 6, "worker_id": "cdaffa23-4308-4868-ad52-7163db008a43-139762960004928", "trial_id": 5, "state": 1, "values": [0.45035514899231294], "datetime_complete": "2024-08-31T10:34:32.498261"}
{"op_code": 4, "worker_id": "cdaffa23-4308-4868-ad52-7163db008a43-139762960004928", "study_id": 0, "datetime_start": "2024-08-31T10:34:32.509258"}
{"op_code": 5, "worker_id": "cdaffa23-4308-4868-ad52-7163db008a43-139762960004928", "trial_id": 6, "param_name": "lr", "param_value_internal": 0.000462258900102083, "distribution": "{\"name\": \"FloatDistribution\", \"attributes\": {\"step\": null, \"low\": 1e-05, \"high\": 0.001, \"log\": true}}"}
{"op_code": 5, "worker_id": "cdaffa23-4308-4868-ad52-7163db008a43-139762960004928", "trial_id": 6, "param_name": "l2reg", "param_value_internal": 1.1526449540315595e-07, "distribution": "{\"name\": \"FloatDistribution\", \"attributes\": {\"step\": null, \"low\": 1e-08, \"high\": 0.001, \"log\": true}}"}
{"op_code": 5, "worker_id": "cdaffa23-4308-4868-ad52-7163db008a43-139762960004928", "trial_id": 6, "param_name": "random_seed", "param_value_internal": 0, "distribution": "{\"name\": \"CategoricalDistribution\", \"attributes\": {\"choices\": [42]}}"}
{"op_code": 5, "worker_id": "cdaffa23-4308-4868-ad52-7163db008a43-139762960004928", "trial_id": 6, "param_name": "degree", "param_value_internal": 0, "distribution": "{\"name\": \"CategoricalDistribution\", \"attributes\": {\"choices\": [3]}}"}
{"op_code": 8, "worker_id": "cdaffa23-4308-4868-ad52-7163db008a43-139762960004928", "trial_id": 6, "user_attr": {"best_epoch": 0}}
{"op_code": 8, "worker_id": "cdaffa23-4308-4868-ad52-7163db008a43-139762960004928", "trial_id": 6, "user_attr": {"test_loss": 0.451341564738674}}
{"op_code": 6, "worker_id": "cdaffa23-4308-4868-ad52-7163db008a43-139762960004928", "trial_id": 6, "state": 1, "values": [0.44671127375676856], "datetime_complete": "2024-08-31T10:52:34.916849"}
{"op_code": 4, "worker_id": "cdaffa23-4308-4868-ad52-7163db008a43-139762960004928", "study_id": 0, "datetime_start": "2024-08-31T10:52:34.925703"}
{"op_code": 5, "worker_id": "cdaffa23-4308-4868-ad52-7163db008a43-139762960004928", "trial_id": 7, "param_name": "lr", "param_value_internal": 2.3102018878452926e-05, "distribution": "{\"name\": \"FloatDistribution\", \"attributes\": {\"step\": null, \"low\": 1e-05, \"high\": 0.001, \"log\": true}}"}
{"op_code": 5, "worker_id": "cdaffa23-4308-4868-ad52-7163db008a43-139762960004928", "trial_id": 7, "param_name": "l2reg", "param_value_internal": 8.260808399079588e-08, "distribution": "{\"name\": \"FloatDistribution\", \"attributes\": {\"step\": null, \"low\": 1e-08, \"high\": 0.001, \"log\": true}}"}
{"op_code": 5, "worker_id": "cdaffa23-4308-4868-ad52-7163db008a43-139762960004928", "trial_id": 7, "param_name": "random_seed", "param_value_internal": 0, "distribution": "{\"name\": \"CategoricalDistribution\", \"attributes\": {\"choices\": [42]}}"}
{"op_code": 5, "worker_id": "cdaffa23-4308-4868-ad52-7163db008a43-139762960004928", "trial_id": 7, "param_name": "degree", "param_value_internal": 0, "distribution": "{\"name\": \"CategoricalDistribution\", \"attributes\": {\"choices\": [3]}}"}
{"op_code": 8, "worker_id": "cdaffa23-4308-4868-ad52-7163db008a43-139762960004928", "trial_id": 7, "user_attr": {"best_epoch": 8}}
{"op_code": 8, "worker_id": "cdaffa23-4308-4868-ad52-7163db008a43-139762960004928", "trial_id": 7, "user_attr": {"test_loss": 0.45225480514407607}}
{"op_code": 6, "worker_id": "cdaffa23-4308-4868-ad52-7163db008a43-139762960004928", "trial_id": 7, "state": 1, "values": [0.4473614449368268], "datetime_complete": "2024-08-31T11:33:29.899141"}
{"op_code": 4, "worker_id": "cdaffa23-4308-4868-ad52-7163db008a43-139762960004928", "study_id": 0, "datetime_start": "2024-08-31T11:33:29.908090"}
{"op_code": 5, "worker_id": "cdaffa23-4308-4868-ad52-7163db008a43-139762960004928", "trial_id": 8, "param_name": "lr", "param_value_internal": 4.059611610484306e-05, "distribution": "{\"name\": \"FloatDistribution\", \"attributes\": {\"step\": null, \"low\": 1e-05, \"high\": 0.001, \"log\": true}}"}
{"op_code": 5, "worker_id": "cdaffa23-4308-4868-ad52-7163db008a43-139762960004928", "trial_id": 8, "param_name": "l2reg", "param_value_internal": 4.2051564509138674e-06, "distribution": "{\"name\": \"FloatDistribution\", \"attributes\": {\"step\": null, \"low\": 1e-08, \"high\": 0.001, \"log\": true}}"}
{"op_code": 5, "worker_id": "cdaffa23-4308-4868-ad52-7163db008a43-139762960004928", "trial_id": 8, "param_name": "random_seed", "param_value_internal": 0, "distribution": "{\"name\": \"CategoricalDistribution\", \"attributes\": {\"choices\": [42]}}"}
{"op_code": 5, "worker_id": "cdaffa23-4308-4868-ad52-7163db008a43-139762960004928", "trial_id": 8, "param_name": "degree", "param_value_internal": 0, "distribution": "{\"name\": \"CategoricalDistribution\", \"attributes\": {\"choices\": [3]}}"}
{"op_code": 8, "worker_id": "cdaffa23-4308-4868-ad52-7163db008a43-139762960004928", "trial_id": 8, "user_attr": {"best_epoch": 4}}
{"op_code": 8, "worker_id": "cdaffa23-4308-4868-ad52-7163db008a43-139762960004928", "trial_id": 8, "user_attr": {"test_loss": 0.4517942528386346}}
{"op_code": 6, "worker_id": "cdaffa23-4308-4868-ad52-7163db008a43-139762960004928", "trial_id": 8, "state": 1, "values": [0.4470359966771828], "datetime_complete": "2024-08-31T12:06:43.173857"}
{"op_code": 4, "worker_id": "cdaffa23-4308-4868-ad52-7163db008a43-139762960004928", "study_id": 0, "datetime_start": "2024-08-31T12:06:43.185670"}
{"op_code": 5, "worker_id": "cdaffa23-4308-4868-ad52-7163db008a43-139762960004928", "trial_id": 9, "param_name": "lr", "param_value_internal": 7.309539835912905e-05, "distribution": "{\"name\": \"FloatDistribution\", \"attributes\": {\"step\": null, \"low\": 1e-05, \"high\": 0.001, \"log\": true}}"}
{"op_code": 5, "worker_id": "cdaffa23-4308-4868-ad52-7163db008a43-139762960004928", "trial_id": 9, "param_name": "l2reg", "param_value_internal": 2.8585493941961875e-07, "distribution": "{\"name\": \"FloatDistribution\", \"attributes\": {\"step\": null, \"low\": 1e-08, \"high\": 0.001, \"log\": true}}"}
{"op_code": 5, "worker_id": "cdaffa23-4308-4868-ad52-7163db008a43-139762960004928", "trial_id": 9, "param_name": "random_seed", "param_value_internal": 0, "distribution": "{\"name\": \"CategoricalDistribution\", \"attributes\": {\"choices\": [42]}}"}
{"op_code": 5, "worker_id": "cdaffa23-4308-4868-ad52-7163db008a43-139762960004928", "trial_id": 9, "param_name": "degree", "param_value_internal": 0, "distribution": "{\"name\": \"CategoricalDistribution\", \"attributes\": {\"choices\": [3]}}"}
{"op_code": 8, "worker_id": "cdaffa23-4308-4868-ad52-7163db008a43-139762960004928", "trial_id": 9, "user_attr": {"best_epoch": 2}}
{"op_code": 8, "worker_id": "cdaffa23-4308-4868-ad52-7163db008a43-139762960004928", "trial_id": 9, "user_attr": {"test_loss": 0.45136546276115463}}
{"op_code": 6, "worker_id": "cdaffa23-4308-4868-ad52-7163db008a43-139762960004928", "trial_id": 9, "state": 1, "values": [0.44670879233308797], "datetime_complete": "2024-08-31T12:32:25.903967"}
{"op_code": 4, "worker_id": "cdaffa23-4308-4868-ad52-7163db008a43-139762960004928", "study_id": 0, "datetime_start": "2024-08-31T12:32:25.918353"}
{"op_code": 5, "worker_id": "cdaffa23-4308-4868-ad52-7163db008a43-139762960004928", "trial_id": 10, "param_name": "lr", "param_value_internal": 0.00018471184590376964, "distribution": "{\"name\": \"FloatDistribution\", \"attributes\": {\"step\": null, \"low\": 1e-05, \"high\": 0.001, \"log\": true}}"}
{"op_code": 5, "worker_id": "cdaffa23-4308-4868-ad52-7163db008a43-139762960004928", "trial_id": 10, "param_name": "l2reg", "param_value_internal": 3.8521646942747446e-05, "distribution": "{\"name\": \"FloatDistribution\", \"attributes\": {\"step\": null, \"low\": 1e-08, \"high\": 0.001, \"log\": true}}"}
{"op_code": 5, "worker_id": "cdaffa23-4308-4868-ad52-7163db008a43-139762960004928", "trial_id": 10, "param_name": "random_seed", "param_value_internal": 0, "distribution": "{\"name\": \"CategoricalDistribution\", \"attributes\": {\"choices\": [42]}}"}
{"op_code": 5, "worker_id": "cdaffa23-4308-4868-ad52-7163db008a43-139762960004928", "trial_id": 10, "param_name": "degree", "param_value_internal": 0, "distribution": "{\"name\": \"CategoricalDistribution\", \"attributes\": {\"choices\": [3]}}"}
{"op_code": 8, "worker_id": "cdaffa23-4308-4868-ad52-7163db008a43-139762960004928", "trial_id": 10, "user_attr": {"best_epoch": 1}}
{"op_code": 8, "worker_id": "cdaffa23-4308-4868-ad52-7163db008a43-139762960004928", "trial_id": 10, "user_attr": {"test_loss": 0.4512789183251105}}
{"op_code": 6, "worker_id": "cdaffa23-4308-4868-ad52-7163db008a43-139762960004928", "trial_id": 10, "state": 1, "values": [0.44655967785776024], "datetime_complete": "2024-08-31T12:54:16.783767"}
{"op_code": 4, "worker_id": "cdaffa23-4308-4868-ad52-7163db008a43-139762960004928", "study_id": 0, "datetime_start": "2024-08-31T12:54:16.792541"}
{"op_code": 5, "worker_id": "cdaffa23-4308-4868-ad52-7163db008a43-139762960004928", "trial_id": 11, "param_name": "lr", "param_value_internal": 0.00015320252245209042, "distribution": "{\"name\": \"FloatDistribution\", \"attributes\": {\"step\": null, \"low\": 1e-05, \"high\": 0.001, \"log\": true}}"}
{"op_code": 5, "worker_id": "cdaffa23-4308-4868-ad52-7163db008a43-139762960004928", "trial_id": 11, "param_name": "l2reg", "param_value_internal": 4.011123221868182e-05, "distribution": "{\"name\": \"FloatDistribution\", \"attributes\": {\"step\": null, \"low\": 1e-08, \"high\": 0.001, \"log\": true}}"}
{"op_code": 5, "worker_id": "cdaffa23-4308-4868-ad52-7163db008a43-139762960004928", "trial_id": 11, "param_name": "random_seed", "param_value_internal": 0, "distribution": "{\"name\": \"CategoricalDistribution\", \"attributes\": {\"choices\": [42]}}"}
{"op_code": 5, "worker_id": "cdaffa23-4308-4868-ad52-7163db008a43-139762960004928", "trial_id": 11, "param_name": "degree", "param_value_internal": 0, "distribution": "{\"name\": \"CategoricalDistribution\", \"attributes\": {\"choices\": [3]}}"}
{"op_code": 8, "worker_id": "cdaffa23-4308-4868-ad52-7163db008a43-139762960004928", "trial_id": 11, "user_attr": {"best_epoch": 1}}
{"op_code": 8, "worker_id": "cdaffa23-4308-4868-ad52-7163db008a43-139762960004928", "trial_id": 11, "user_attr": {"test_loss": 0.45085657995018524}}
{"op_code": 6, "worker_id": "cdaffa23-4308-4868-ad52-7163db008a43-139762960004928", "trial_id": 11, "state": 1, "values": [0.446168834540196], "datetime_complete": "2024-08-31T13:16:09.911728"}
{"op_code": 4, "worker_id": "cdaffa23-4308-4868-ad52-7163db008a43-139762960004928", "study_id": 0, "datetime_start": "2024-08-31T13:16:09.923591"}
{"op_code": 5, "worker_id": "cdaffa23-4308-4868-ad52-7163db008a43-139762960004928", "trial_id": 12, "param_name": "lr", "param_value_internal": 0.0001458251474269136, "distribution": "{\"name\": \"FloatDistribution\", \"attributes\": {\"step\": null, \"low\": 1e-05, \"high\": 0.001, \"log\": true}}"}
{"op_code": 5, "worker_id": "cdaffa23-4308-4868-ad52-7163db008a43-139762960004928", "trial_id": 12, "param_name": "l2reg", "param_value_internal": 4.634380861758262e-05, "distribution": "{\"name\": \"FloatDistribution\", \"attributes\": {\"step\": null, \"low\": 1e-08, \"high\": 0.001, \"log\": true}}"}
{"op_code": 5, "worker_id": "cdaffa23-4308-4868-ad52-7163db008a43-139762960004928", "trial_id": 12, "param_name": "random_seed", "param_value_internal": 0, "distribution": "{\"name\": \"CategoricalDistribution\", \"attributes\": {\"choices\": [42]}}"}
{"op_code": 5, "worker_id": "cdaffa23-4308-4868-ad52-7163db008a43-139762960004928", "trial_id": 12, "param_name": "degree", "param_value_internal": 0, "distribution": "{\"name\": \"CategoricalDistribution\", \"attributes\": {\"choices\": [3]}}"}
{"op_code": 8, "worker_id": "cdaffa23-4308-4868-ad52-7163db008a43-139762960004928", "trial_id": 12, "user_attr": {"best_epoch": 1}}
{"op_code": 8, "worker_id": "cdaffa23-4308-4868-ad52-7163db008a43-139762960004928", "trial_id": 12, "user_attr": {"test_loss": 0.4507959950273789}}
{"op_code": 6, "worker_id": "cdaffa23-4308-4868-ad52-7163db008a43-139762960004928", "trial_id": 12, "state": 1, "values": [0.4461149303827042], "datetime_complete": "2024-08-31T13:37:57.109790"}
{"op_code": 4, "worker_id": "cdaffa23-4308-4868-ad52-7163db008a43-139762960004928", "study_id": 0, "datetime_start": "2024-08-31T13:37:57.118445"}
{"op_code": 5, "worker_id": "cdaffa23-4308-4868-ad52-7163db008a43-139762960004928", "trial_id": 13, "param_name": "lr", "param_value_internal": 0.0007215064248475351, "distribution": "{\"name\": \"FloatDistribution\", \"attributes\": {\"step\": null, \"low\": 1e-05, \"high\": 0.001, \"log\": true}}"}
{"op_code": 5, "worker_id": "cdaffa23-4308-4868-ad52-7163db008a43-139762960004928", "trial_id": 13, "param_name": "l2reg", "param_value_internal": 8.51404885716151e-07, "distribution": "{\"name\": \"FloatDistribution\", \"attributes\": {\"step\": null, \"low\": 1e-08, \"high\": 0.001, \"log\": true}}"}
{"op_code": 5, "worker_id": "cdaffa23-4308-4868-ad52-7163db008a43-139762960004928", "trial_id": 13, "param_name": "random_seed", "param_value_internal": 0, "distribution": "{\"name\": \"CategoricalDistribution\", \"attributes\": {\"choices\": [42]}}"}
{"op_code": 5, "worker_id": "cdaffa23-4308-4868-ad52-7163db008a43-139762960004928", "trial_id": 13, "param_name": "degree", "param_value_internal": 0, "distribution": "{\"name\": \"CategoricalDistribution\", \"attributes\": {\"choices\": [3]}}"}
{"op_code": 8, "worker_id": "cdaffa23-4308-4868-ad52-7163db008a43-139762960004928", "trial_id": 13, "user_attr": {"best_epoch": 0}}
{"op_code": 8, "worker_id": "cdaffa23-4308-4868-ad52-7163db008a43-139762960004928", "trial_id": 13, "user_attr": {"test_loss": 0.4515009485148028}}
{"op_code": 6, "worker_id": "cdaffa23-4308-4868-ad52-7163db008a43-139762960004928", "trial_id": 13, "state": 1, "values": [0.4468638240495002], "datetime_complete": "2024-08-31T13:55:48.983039"}
{"op_code": 4, "worker_id": "cdaffa23-4308-4868-ad52-7163db008a43-139762960004928", "study_id": 0, "datetime_start": "2024-08-31T13:55:48.994175"}
{"op_code": 5, "worker_id": "cdaffa23-4308-4868-ad52-7163db008a43-139762960004928", "trial_id": 14, "param_name": "lr", "param_value_internal": 0.00012448484478535553, "distribution": "{\"name\": \"FloatDistribution\", \"attributes\": {\"step\": null, \"low\": 1e-05, \"high\": 0.001, \"log\": true}}"}
{"op_code": 5, "worker_id": "cdaffa23-4308-4868-ad52-7163db008a43-139762960004928", "trial_id": 14, "param_name": "l2reg", "param_value_internal": 1.163814228102759e-08, "distribution": "{\"name\": \"FloatDistribution\", \"attributes\": {\"step\": null, \"low\": 1e-08, \"high\": 0.001, \"log\": true}}"}
{"op_code": 5, "worker_id": "cdaffa23-4308-4868-ad52-7163db008a43-139762960004928", "trial_id": 14, "param_name": "random_seed", "param_value_internal": 0, "distribution": "{\"name\": \"CategoricalDistribution\", \"attributes\": {\"choices\": [42]}}"}
{"op_code": 5, "worker_id": "cdaffa23-4308-4868-ad52-7163db008a43-139762960004928", "trial_id": 14, "param_name": "degree", "param_value_internal": 0, "distribution": "{\"name\": \"CategoricalDistribution\", \"attributes\": {\"choices\": [3]}}"}
{"op_code": 8, "worker_id": "cdaffa23-4308-4868-ad52-7163db008a43-139762960004928", "trial_id": 14, "user_attr": {"best_epoch": 1}}
{"op_code": 8, "worker_id": "cdaffa23-4308-4868-ad52-7163db008a43-139762960004928", "trial_id": 14, "user_attr": {"test_loss": 0.45074556485533906}}
{"op_code": 6, "worker_id": "cdaffa23-4308-4868-ad52-7163db008a43-139762960004928", "trial_id": 14, "state": 1, "values": [0.44608794012820946], "datetime_complete": "2024-08-31T14:17:38.798519"}
{"op_code": 4, "worker_id": "cdaffa23-4308-4868-ad52-7163db008a43-139762960004928", "study_id": 0, "datetime_start": "2024-08-31T14:17:38.808500"}
{"op_code": 5, "worker_id": "cdaffa23-4308-4868-ad52-7163db008a43-139762960004928", "trial_id": 15, "param_name": "lr", "param_value_internal": 9.923734852895986e-05, "distribution": "{\"name\": \"FloatDistribution\", \"attributes\": {\"step\": null, \"low\": 1e-05, \"high\": 0.001, \"log\": true}}"}
{"op_code": 5, "worker_id": "cdaffa23-4308-4868-ad52-7163db008a43-139762960004928", "trial_id": 15, "param_name": "l2reg", "param_value_internal": 1.2188956543477832e-08, "distribution": "{\"name\": \"FloatDistribution\", \"attributes\": {\"step\": null, \"low\": 1e-08, \"high\": 0.001, \"log\": true}}"}
{"op_code": 5, "worker_id": "cdaffa23-4308-4868-ad52-7163db008a43-139762960004928", "trial_id": 15, "param_name": "random_seed", "param_value_internal": 0, "distribution": "{\"name\": \"CategoricalDistribution\", \"attributes\": {\"choices\": [42]}}"}
{"op_code": 5, "worker_id": "cdaffa23-4308-4868-ad52-7163db008a43-139762960004928", "trial_id": 15, "param_name": "degree", "param_value_internal": 0, "distribution": "{\"name\": \"CategoricalDistribution\", \"attributes\": {\"choices\": [3]}}"}
{"op_code": 8, "worker_id": "cdaffa23-4308-4868-ad52-7163db008a43-139762960004928", "trial_id": 15, "user_attr": {"best_epoch": 1}}
{"op_code": 8, "worker_id": "cdaffa23-4308-4868-ad52-7163db008a43-139762960004928", "trial_id": 15, "user_attr": {"test_loss": 0.45106166010476345}}
{"op_code": 6, "worker_id": "cdaffa23-4308-4868-ad52-7163db008a43-139762960004928", "trial_id": 15, "state": 1, "values": [0.4464374391096805], "datetime_complete": "2024-08-31T14:39:30.792125"}
{"op_code": 4, "worker_id": "cdaffa23-4308-4868-ad52-7163db008a43-139762960004928", "study_id": 0, "datetime_start": "2024-08-31T14:39:30.800680"}
{"op_code": 5, "worker_id": "cdaffa23-4308-4868-ad52-7163db008a43-139762960004928", "trial_id": 16, "param_name": "lr", "param_value_internal": 0.0003333381808295152, "distribution": "{\"name\": \"FloatDistribution\", \"attributes\": {\"step\": null, \"low\": 1e-05, \"high\": 0.001, \"log\": true}}"}
{"op_code": 5, "worker_id": "cdaffa23-4308-4868-ad52-7163db008a43-139762960004928", "trial_id": 16, "param_name": "l2reg", "param_value_internal": 9.556902805448399e-07, "distribution": "{\"name\": \"FloatDistribution\", \"attributes\": {\"step\": null, \"low\": 1e-08, \"high\": 0.001, \"log\": true}}"}
{"op_code": 5, "worker_id": "cdaffa23-4308-4868-ad52-7163db008a43-139762960004928", "trial_id": 16, "param_name": "random_seed", "param_value_internal": 0, "distribution": "{\"name\": \"CategoricalDistribution\", \"attributes\": {\"choices\": [42]}}"}
{"op_code": 5, "worker_id": "cdaffa23-4308-4868-ad52-7163db008a43-139762960004928", "trial_id": 16, "param_name": "degree", "param_value_internal": 0, "distribution": "{\"name\": \"CategoricalDistribution\", \"attributes\": {\"choices\": [3]}}"}
{"op_code": 8, "worker_id": "cdaffa23-4308-4868-ad52-7163db008a43-139762960004928", "trial_id": 16, "user_attr": {"best_epoch": 0}}
{"op_code": 8, "worker_id": "cdaffa23-4308-4868-ad52-7163db008a43-139762960004928", "trial_id": 16, "user_attr": {"test_loss": 0.4513429390658454}}
{"op_code": 6, "worker_id": "cdaffa23-4308-4868-ad52-7163db008a43-139762960004928", "trial_id": 16, "state": 1, "values": [0.44673333933965115], "datetime_complete": "2024-08-31T14:57:31.861067"}
{"op_code": 4, "worker_id": "cdaffa23-4308-4868-ad52-7163db008a43-139762960004928", "study_id": 0, "datetime_start": "2024-08-31T14:57:31.869535"}
{"op_code": 5, "worker_id": "cdaffa23-4308-4868-ad52-7163db008a43-139762960004928", "trial_id": 17, "param_name": "lr", "param_value_internal": 0.0009024078553994887, "distribution": "{\"name\": \"FloatDistribution\", \"attributes\": {\"step\": null, \"low\": 1e-05, \"high\": 0.001, \"log\": true}}"}
{"op_code": 5, "worker_id": "cdaffa23-4308-4868-ad52-7163db008a43-139762960004928", "trial_id": 17, "param_name": "l2reg", "param_value_internal": 1.2593672273583213e-08, "distribution": "{\"name\": \"FloatDistribution\", \"attributes\": {\"step\": null, \"low\": 1e-08, \"high\": 0.001, \"log\": true}}"}
{"op_code": 5, "worker_id": "cdaffa23-4308-4868-ad52-7163db008a43-139762960004928", "trial_id": 17, "param_name": "random_seed", "param_value_internal": 0, "distribution": "{\"name\": \"CategoricalDistribution\", \"attributes\": {\"choices\": [42]}}"}
{"op_code": 5, "worker_id": "cdaffa23-4308-4868-ad52-7163db008a43-139762960004928", "trial_id": 17, "param_name": "degree", "param_value_internal": 0, "distribution": "{\"name\": \"CategoricalDistribution\", \"attributes\": {\"choices\": [3]}}"}
{"op_code": 8, "worker_id": "cdaffa23-4308-4868-ad52-7163db008a43-139762960004928", "trial_id": 17, "user_attr": {"best_epoch": 0}}
{"op_code": 8, "worker_id": "cdaffa23-4308-4868-ad52-7163db008a43-139762960004928", "trial_id": 17, "user_attr": {"test_loss": 0.45166395898763395}}
{"op_code": 6, "worker_id": "cdaffa23-4308-4868-ad52-7163db008a43-139762960004928", "trial_id": 17, "state": 1, "values": [0.44706000922326095], "datetime_complete": "2024-08-31T15:15:35.004128"}
{"op_code": 4, "worker_id": "cdaffa23-4308-4868-ad52-7163db008a43-139762960004928", "study_id": 0, "datetime_start": "2024-08-31T15:15:35.012578"}
{"op_code": 5, "worker_id": "cdaffa23-4308-4868-ad52-7163db008a43-139762960004928", "trial_id": 18, "param_name": "lr", "param_value_internal": 3.4545122750854934e-05, "distribution": "{\"name\": \"FloatDistribution\", \"attributes\": {\"step\": null, \"low\": 1e-05, \"high\": 0.001, \"log\": true}}"}
{"op_code": 5, "worker_id": "cdaffa23-4308-4868-ad52-7163db008a43-139762960004928", "trial_id": 18, "param_name": "l2reg", "param_value_internal": 9.086950863125907e-06, "distribution": "{\"name\": \"FloatDistribution\", \"attributes\": {\"step\": null, \"low\": 1e-08, \"high\": 0.001, \"log\": true}}"}
{"op_code": 5, "worker_id": "cdaffa23-4308-4868-ad52-7163db008a43-139762960004928", "trial_id": 18, "param_name": "random_seed", "param_value_internal": 0, "distribution": "{\"name\": \"CategoricalDistribution\", \"attributes\": {\"choices\": [42]}}"}
{"op_code": 5, "worker_id": "cdaffa23-4308-4868-ad52-7163db008a43-139762960004928", "trial_id": 18, "param_name": "degree", "param_value_internal": 0, "distribution": "{\"name\": \"CategoricalDistribution\", \"attributes\": {\"choices\": [3]}}"}
{"op_code": 8, "worker_id": "cdaffa23-4308-4868-ad52-7163db008a43-139762960004928", "trial_id": 18, "user_attr": {"best_epoch": 5}}
{"op_code": 8, "worker_id": "cdaffa23-4308-4868-ad52-7163db008a43-139762960004928", "trial_id": 18, "user_attr": {"test_loss": 0.4519889873636725}}
{"op_code": 6, "worker_id": "cdaffa23-4308-4868-ad52-7163db008a43-139762960004928", "trial_id": 18, "state": 1, "values": [0.4472009540883173], "datetime_complete": "2024-08-31T15:52:39.727291"}
{"op_code": 4, "worker_id": "cdaffa23-4308-4868-ad52-7163db008a43-139762960004928", "study_id": 0, "datetime_start": "2024-08-31T15:52:39.736850"}
{"op_code": 5, "worker_id": "cdaffa23-4308-4868-ad52-7163db008a43-139762960004928", "trial_id": 19, "param_name": "lr", "param_value_internal": 9.889558051357854e-05, "distribution": "{\"name\": \"FloatDistribution\", \"attributes\": {\"step\": null, \"low\": 1e-05, \"high\": 0.001, \"log\": true}}"}
{"op_code": 5, "worker_id": "cdaffa23-4308-4868-ad52-7163db008a43-139762960004928", "trial_id": 19, "param_name": "l2reg", "param_value_internal": 0.0001232213585329344, "distribution": "{\"name\": \"FloatDistribution\", \"attributes\": {\"step\": null, \"low\": 1e-08, \"high\": 0.001, \"log\": true}}"}
{"op_code": 5, "worker_id": "cdaffa23-4308-4868-ad52-7163db008a43-139762960004928", "trial_id": 19, "param_name": "random_seed", "param_value_internal": 0, "distribution": "{\"name\": \"CategoricalDistribution\", \"attributes\": {\"choices\": [42]}}"}
{"op_code": 5, "worker_id": "cdaffa23-4308-4868-ad52-7163db008a43-139762960004928", "trial_id": 19, "param_name": "degree", "param_value_internal": 0, "distribution": "{\"name\": \"CategoricalDistribution\", \"attributes\": {\"choices\": [3]}}"}
{"op_code": 8, "worker_id": "cdaffa23-4308-4868-ad52-7163db008a43-139762960004928", "trial_id": 19, "user_attr": {"best_epoch": 1}}
{"op_code": 8, "worker_id": "cdaffa23-4308-4868-ad52-7163db008a43-139762960004928", "trial_id": 19, "user_attr": {"test_loss": 0.45107005877081097}}
{"op_code": 6, "worker_id": "cdaffa23-4308-4868-ad52-7163db008a43-139762960004928", "trial_id": 19, "state": 1, "values": [0.44644667764092194], "datetime_complete": "2024-08-31T16:14:30.487096"}
{"op_code": 4, "worker_id": "cdaffa23-4308-4868-ad52-7163db008a43-139762960004928", "study_id": 0, "datetime_start": "2024-08-31T16:14:30.504217"}
{"op_code": 5, "worker_id": "cdaffa23-4308-4868-ad52-7163db008a43-139762960004928", "trial_id": 20, "param_name": "lr", "param_value_internal": 0.0002337184988407191, "distribution": "{\"name\": \"FloatDistribution\", \"attributes\": {\"step\": null, \"low\": 1e-05, \"high\": 0.001, \"log\": true}}"}
{"op_code": 5, "worker_id": "cdaffa23-4308-4868-ad52-7163db008a43-139762960004928", "trial_id": 20, "param_name": "l2reg", "param_value_internal": 6.276091013612694e-07, "distribution": "{\"name\": \"FloatDistribution\", \"attributes\": {\"step\": null, \"low\": 1e-08, \"high\": 0.001, \"log\": true}}"}
{"op_code": 5, "worker_id": "cdaffa23-4308-4868-ad52-7163db008a43-139762960004928", "trial_id": 20, "param_name": "random_seed", "param_value_internal": 0, "distribution": "{\"name\": \"CategoricalDistribution\", \"attributes\": {\"choices\": [42]}}"}
{"op_code": 5, "worker_id": "cdaffa23-4308-4868-ad52-7163db008a43-139762960004928", "trial_id": 20, "param_name": "degree", "param_value_internal": 0, "distribution": "{\"name\": \"CategoricalDistribution\", \"attributes\": {\"choices\": [3]}}"}
{"op_code": 8, "worker_id": "cdaffa23-4308-4868-ad52-7163db008a43-139762960004928", "trial_id": 20, "user_attr": {"best_epoch": 0}}
{"op_code": 8, "worker_id": "cdaffa23-4308-4868-ad52-7163db008a43-139762960004928", "trial_id": 20, "user_attr": {"test_loss": 0.4514762869772269}}
{"op_code": 6, "worker_id": "cdaffa23-4308-4868-ad52-7163db008a43-139762960004928", "trial_id": 20, "state": 1, "values": [0.4469107038691885], "datetime_complete": "2024-08-31T16:32:35.783768"}
{"op_code": 4, "worker_id": "cdaffa23-4308-4868-ad52-7163db008a43-139762960004928", "study_id": 0, "datetime_start": "2024-08-31T16:32:35.795648"}
{"op_code": 5, "worker_id": "cdaffa23-4308-4868-ad52-7163db008a43-139762960004928", "trial_id": 21, "param_name": "lr", "param_value_internal": 0.00014724373775961458, "distribution": "{\"name\": \"FloatDistribution\", \"attributes\": {\"step\": null, \"low\": 1e-05, \"high\": 0.001, \"log\": true}}"}
{"op_code": 5, "worker_id": "cdaffa23-4308-4868-ad52-7163db008a43-139762960004928", "trial_id": 21, "param_name": "l2reg", "param_value_internal": 4.2163621292191355e-05, "distribution": "{\"name\": \"FloatDistribution\", \"attributes\": {\"step\": null, \"low\": 1e-08, \"high\": 0.001, \"log\": true}}"}
{"op_code": 5, "worker_id": "cdaffa23-4308-4868-ad52-7163db008a43-139762960004928", "trial_id": 21, "param_name": "random_seed", "param_value_internal": 0, "distribution": "{\"name\": \"CategoricalDistribution\", \"attributes\": {\"choices\": [42]}}"}
{"op_code": 5, "worker_id": "cdaffa23-4308-4868-ad52-7163db008a43-139762960004928", "trial_id": 21, "param_name": "degree", "param_value_internal": 0, "distribution": "{\"name\": \"CategoricalDistribution\", \"attributes\": {\"choices\": [3]}}"}
{"op_code": 8, "worker_id": "cdaffa23-4308-4868-ad52-7163db008a43-139762960004928", "trial_id": 21, "user_attr": {"best_epoch": 1}}
{"op_code": 8, "worker_id": "cdaffa23-4308-4868-ad52-7163db008a43-139762960004928", "trial_id": 21, "user_attr": {"test_loss": 0.4508065697114478}}
{"op_code": 6, "worker_id": "cdaffa23-4308-4868-ad52-7163db008a43-139762960004928", "trial_id": 21, "state": 1, "values": [0.44612371080495855], "datetime_complete": "2024-08-31T16:54:22.466144"}
{"op_code": 4, "worker_id": "cdaffa23-4308-4868-ad52-7163db008a43-139762960004928", "study_id": 0, "datetime_start": "2024-08-31T16:54:22.474893"}
{"op_code": 5, "worker_id": "cdaffa23-4308-4868-ad52-7163db008a43-139762960004928", "trial_id": 22, "param_name": "lr", "param_value_internal": 0.00012001629444458152, "distribution": "{\"name\": \"FloatDistribution\", \"attributes\": {\"step\": null, \"low\": 1e-05, \"high\": 0.001, \"log\": true}}"}
{"op_code": 5, "worker_id": "cdaffa23-4308-4868-ad52-7163db008a43-139762960004928", "trial_id": 22, "param_name": "l2reg", "param_value_internal": 0.00014754880188387137, "distribution": "{\"name\": \"FloatDistribution\", \"attributes\": {\"step\": null, \"low\": 1e-08, \"high\": 0.001, \"log\": true}}"}
{"op_code": 5, "worker_id": "cdaffa23-4308-4868-ad52-7163db008a43-139762960004928", "trial_id": 22, "param_name": "random_seed", "param_value_internal": 0, "distribution": "{\"name\": \"CategoricalDistribution\", \"attributes\": {\"choices\": [42]}}"}
{"op_code": 5, "worker_id": "cdaffa23-4308-4868-ad52-7163db008a43-139762960004928", "trial_id": 22, "param_name": "degree", "param_value_internal": 0, "distribution": "{\"name\": \"CategoricalDistribution\", \"attributes\": {\"choices\": [3]}}"}
{"op_code": 8, "worker_id": "cdaffa23-4308-4868-ad52-7163db008a43-139762960004928", "trial_id": 22, "user_attr": {"best_epoch": 1}}
{"op_code": 8, "worker_id": "cdaffa23-4308-4868-ad52-7163db008a43-139762960004928", "trial_id": 22, "user_attr": {"test_loss": 0.45076526354479596}}
{"op_code": 6, "worker_id": "cdaffa23-4308-4868-ad52-7163db008a43-139762960004928", "trial_id": 22, "state": 1, "values": [0.4461129070680109], "datetime_complete": "2024-08-31T17:16:07.661644"}
{"op_code": 4, "worker_id": "cdaffa23-4308-4868-ad52-7163db008a43-139762960004928", "study_id": 0, "datetime_start": "2024-08-31T17:16:07.670406"}
{"op_code": 5, "worker_id": "cdaffa23-4308-4868-ad52-7163db008a43-139762960004928", "trial_id": 23, "param_name": "lr", "param_value_internal": 7.585946441763878e-05, "distribution": "{\"name\": \"FloatDistribution\", \"attributes\": {\"step\": null, \"low\": 1e-05, \"high\": 0.001, \"log\": true}}"}
{"op_code": 5, "worker_id": "cdaffa23-4308-4868-ad52-7163db008a43-139762960004928", "trial_id": 23, "param_name": "l2reg", "param_value_internal": 0.0001704835873540374, "distribution": "{\"name\": \"FloatDistribution\", \"attributes\": {\"step\": null, \"low\": 1e-08, \"high\": 0.001, \"log\": true}}"}
{"op_code": 5, "worker_id": "cdaffa23-4308-4868-ad52-7163db008a43-139762960004928", "trial_id": 23, "param_name": "random_seed", "param_value_internal": 0, "distribution": "{\"name\": \"CategoricalDistribution\", \"attributes\": {\"choices\": [42]}}"}
{"op_code": 5, "worker_id": "cdaffa23-4308-4868-ad52-7163db008a43-139762960004928", "trial_id": 23, "param_name": "degree", "param_value_internal": 0, "distribution": "{\"name\": \"CategoricalDistribution\", \"attributes\": {\"choices\": [3]}}"}
{"op_code": 8, "worker_id": "cdaffa23-4308-4868-ad52-7163db008a43-139762960004928", "trial_id": 23, "user_attr": {"best_epoch": 2}}
{"op_code": 8, "worker_id": "cdaffa23-4308-4868-ad52-7163db008a43-139762960004928", "trial_id": 23, "user_attr": {"test_loss": 0.45134713839886914}}
{"op_code": 6, "worker_id": "cdaffa23-4308-4868-ad52-7163db008a43-139762960004928", "trial_id": 23, "state": 1, "values": [0.4466770301099767], "datetime_complete": "2024-08-31T17:41:27.414632"}
{"op_code": 4, "worker_id": "cdaffa23-4308-4868-ad52-7163db008a43-139762960004928", "study_id": 0, "datetime_start": "2024-08-31T17:41:27.423094"}
{"op_code": 5, "worker_id": "cdaffa23-4308-4868-ad52-7163db008a43-139762960004928", "trial_id": 24, "param_name": "lr", "param_value_internal": 0.0004943018624063403, "distribution": "{\"name\": \"FloatDistribution\", \"attributes\": {\"step\": null, \"low\": 1e-05, \"high\": 0.001, \"log\": true}}"}
{"op_code": 5, "worker_id": "cdaffa23-4308-4868-ad52-7163db008a43-139762960004928", "trial_id": 24, "param_name": "l2reg", "param_value_internal": 1.5071363649604151e-05, "distribution": "{\"name\": \"FloatDistribution\", \"attributes\": {\"step\": null, \"low\": 1e-08, \"high\": 0.001, \"log\": true}}"}
{"op_code": 5, "worker_id": "cdaffa23-4308-4868-ad52-7163db008a43-139762960004928", "trial_id": 24, "param_name": "random_seed", "param_value_internal": 0, "distribution": "{\"name\": \"CategoricalDistribution\", \"attributes\": {\"choices\": [42]}}"}
{"op_code": 5, "worker_id": "cdaffa23-4308-4868-ad52-7163db008a43-139762960004928", "trial_id": 24, "param_name": "degree", "param_value_internal": 0, "distribution": "{\"name\": \"CategoricalDistribution\", \"attributes\": {\"choices\": [3]}}"}
{"op_code": 8, "worker_id": "cdaffa23-4308-4868-ad52-7163db008a43-139762960004928", "trial_id": 24, "user_attr": {"best_epoch": 0}}
{"op_code": 8, "worker_id": "cdaffa23-4308-4868-ad52-7163db008a43-139762960004928", "trial_id": 24, "user_attr": {"test_loss": 0.4513397704782002}}
{"op_code": 6, "worker_id": "cdaffa23-4308-4868-ad52-7163db008a43-139762960004928", "trial_id": 24, "state": 1, "values": [0.4467085632785944], "datetime_complete": "2024-08-31T17:59:28.566355"}
{"op_code": 4, "worker_id": "cdaffa23-4308-4868-ad52-7163db008a43-139762960004928", "study_id": 0, "datetime_start": "2024-08-31T17:59:28.578931"}
{"op_code": 5, "worker_id": "cdaffa23-4308-4868-ad52-7163db008a43-139762960004928", "trial_id": 25, "param_name": "lr", "param_value_internal": 0.00011275218204905119, "distribution": "{\"name\": \"FloatDistribution\", \"attributes\": {\"step\": null, \"low\": 1e-05, \"high\": 0.001, \"log\": true}}"}
{"op_code": 5, "worker_id": "cdaffa23-4308-4868-ad52-7163db008a43-139762960004928", "trial_id": 25, "param_name": "l2reg", "param_value_internal": 3.19791758703069e-06, "distribution": "{\"name\": \"FloatDistribution\", \"attributes\": {\"step\": null, \"low\": 1e-08, \"high\": 0.001, \"log\": true}}"}
{"op_code": 5, "worker_id": "cdaffa23-4308-4868-ad52-7163db008a43-139762960004928", "trial_id": 25, "param_name": "random_seed", "param_value_internal": 0, "distribution": "{\"name\": \"CategoricalDistribution\", \"attributes\": {\"choices\": [42]}}"}
{"op_code": 5, "worker_id": "cdaffa23-4308-4868-ad52-7163db008a43-139762960004928", "trial_id": 25, "param_name": "degree", "param_value_internal": 0, "distribution": "{\"name\": \"CategoricalDistribution\", \"attributes\": {\"choices\": [3]}}"}
{"op_code": 8, "worker_id": "cdaffa23-4308-4868-ad52-7163db008a43-139762960004928", "trial_id": 25, "user_attr": {"best_epoch": 1}}
{"op_code": 8, "worker_id": "cdaffa23-4308-4868-ad52-7163db008a43-139762960004928", "trial_id": 25, "user_attr": {"test_loss": 0.45082561941307375}}
{"op_code": 6, "worker_id": "cdaffa23-4308-4868-ad52-7163db008a43-139762960004928", "trial_id": 25, "state": 1, "values": [0.4461834558520369], "datetime_complete": "2024-08-31T18:21:22.772465"}
{"op_code": 4, "worker_id": "cdaffa23-4308-4868-ad52-7163db008a43-139762960004928", "study_id": 0, "datetime_start": "2024-08-31T18:21:22.781026"}
{"op_code": 5, "worker_id": "cdaffa23-4308-4868-ad52-7163db008a43-139762960004928", "trial_id": 26, "param_name": "lr", "param_value_internal": 4.968034549438472e-05, "distribution": "{\"name\": \"FloatDistribution\", \"attributes\": {\"step\": null, \"low\": 1e-05, \"high\": 0.001, \"log\": true}}"}
{"op_code": 5, "worker_id": "cdaffa23-4308-4868-ad52-7163db008a43-139762960004928", "trial_id": 26, "param_name": "l2reg", "param_value_internal": 0.00010704404671835294, "distribution": "{\"name\": \"FloatDistribution\", \"attributes\": {\"step\": null, \"low\": 1e-08, \"high\": 0.001, \"log\": true}}"}
{"op_code": 5, "worker_id": "cdaffa23-4308-4868-ad52-7163db008a43-139762960004928", "trial_id": 26, "param_name": "random_seed", "param_value_internal": 0, "distribution": "{\"name\": \"CategoricalDistribution\", \"attributes\": {\"choices\": [42]}}"}
{"op_code": 5, "worker_id": "cdaffa23-4308-4868-ad52-7163db008a43-139762960004928", "trial_id": 26, "param_name": "degree", "param_value_internal": 0, "distribution": "{\"name\": \"CategoricalDistribution\", \"attributes\": {\"choices\": [3]}}"}
{"op_code": 8, "worker_id": "cdaffa23-4308-4868-ad52-7163db008a43-139762960004928", "trial_id": 26, "user_attr": {"best_epoch": 3}}
{"op_code": 8, "worker_id": "cdaffa23-4308-4868-ad52-7163db008a43-139762960004928", "trial_id": 26, "user_attr": {"test_loss": 0.45168109990152183}}
{"op_code": 6, "worker_id": "cdaffa23-4308-4868-ad52-7163db008a43-139762960004928", "trial_id": 26, "state": 1, "values": [0.4469475816426567], "datetime_complete": "2024-08-31T18:50:52.974476"}
{"op_code": 4, "worker_id": "cdaffa23-4308-4868-ad52-7163db008a43-139762960004928", "study_id": 0, "datetime_start": "2024-08-31T18:50:52.983014"}
{"op_code": 5, "worker_id": "cdaffa23-4308-4868-ad52-7163db008a43-139762960004928", "trial_id": 27, "param_name": "lr", "param_value_internal": 0.00023793537960598534, "distribution": "{\"name\": \"FloatDistribution\", \"attributes\": {\"step\": null, \"low\": 1e-05, \"high\": 0.001, \"log\": true}}"}
{"op_code": 5, "worker_id": "cdaffa23-4308-4868-ad52-7163db008a43-139762960004928", "trial_id": 27, "param_name": "l2reg", "param_value_internal": 0.0003023076057793241, "distribution": "{\"name\": \"FloatDistribution\", \"attributes\": {\"step\": null, \"low\": 1e-08, \"high\": 0.001, \"log\": true}}"}
{"op_code": 5, "worker_id": "cdaffa23-4308-4868-ad52-7163db008a43-139762960004928", "trial_id": 27, "param_name": "random_seed", "param_value_internal": 0, "distribution": "{\"name\": \"CategoricalDistribution\", \"attributes\": {\"choices\": [42]}}"}
{"op_code": 5, "worker_id": "cdaffa23-4308-4868-ad52-7163db008a43-139762960004928", "trial_id": 27, "param_name": "degree", "param_value_internal": 0, "distribution": "{\"name\": \"CategoricalDistribution\", \"attributes\": {\"choices\": [3]}}"}
{"op_code": 8, "worker_id": "cdaffa23-4308-4868-ad52-7163db008a43-139762960004928", "trial_id": 27, "user_attr": {"best_epoch": 0}}
{"op_code": 8, "worker_id": "cdaffa23-4308-4868-ad52-7163db008a43-139762960004928", "trial_id": 27, "user_attr": {"test_loss": 0.45145097645182014}}
{"op_code": 6, "worker_id": "cdaffa23-4308-4868-ad52-7163db008a43-139762960004928", "trial_id": 27, "state": 1, "values": [0.44688378996619155], "datetime_complete": "2024-08-31T19:08:47.735757"}
{"op_code": 4, "worker_id": "cdaffa23-4308-4868-ad52-7163db008a43-139762960004928", "study_id": 0, "datetime_start": "2024-08-31T19:08:47.745035"}
{"op_code": 5, "worker_id": "cdaffa23-4308-4868-ad52-7163db008a43-139762960004928", "trial_id": 28, "param_name": "lr", "param_value_internal": 0.00011987516781133423, "distribution": "{\"name\": \"FloatDistribution\", \"attributes\": {\"step\": null, \"low\": 1e-05, \"high\": 0.001, \"log\": true}}"}
{"op_code": 5, "worker_id": "cdaffa23-4308-4868-ad52-7163db008a43-139762960004928", "trial_id": 28, "param_name": "l2reg", "param_value_internal": 3.32821716035647e-08, "distribution": "{\"name\": \"FloatDistribution\", \"attributes\": {\"step\": null, \"low\": 1e-08, \"high\": 0.001, \"log\": true}}"}
{"op_code": 5, "worker_id": "cdaffa23-4308-4868-ad52-7163db008a43-139762960004928", "trial_id": 28, "param_name": "random_seed", "param_value_internal": 0, "distribution": "{\"name\": \"CategoricalDistribution\", \"attributes\": {\"choices\": [42]}}"}
{"op_code": 5, "worker_id": "cdaffa23-4308-4868-ad52-7163db008a43-139762960004928", "trial_id": 28, "param_name": "degree", "param_value_internal": 0, "distribution": "{\"name\": \"CategoricalDistribution\", \"attributes\": {\"choices\": [3]}}"}
{"op_code": 8, "worker_id": "cdaffa23-4308-4868-ad52-7163db008a43-139762960004928", "trial_id": 28, "user_attr": {"best_epoch": 1}}
{"op_code": 8, "worker_id": "cdaffa23-4308-4868-ad52-7163db008a43-139762960004928", "trial_id": 28, "user_attr": {"test_loss": 0.45076606523564594}}
{"op_code": 6, "worker_id": "cdaffa23-4308-4868-ad52-7163db008a43-139762960004928", "trial_id": 28, "state": 1, "values": [0.4461138996374831], "datetime_complete": "2024-08-31T19:30:37.558081"}
{"op_code": 4, "worker_id": "cdaffa23-4308-4868-ad52-7163db008a43-139762960004928", "study_id": 0, "datetime_start": "2024-08-31T19:30:37.566568"}
{"op_code": 5, "worker_id": "cdaffa23-4308-4868-ad52-7163db008a43-139762960004928", "trial_id": 29, "param_name": "lr", "param_value_internal": 6.481357086517042e-05, "distribution": "{\"name\": \"FloatDistribution\", \"attributes\": {\"step\": null, \"low\": 1e-05, \"high\": 0.001, \"log\": true}}"}
{"op_code": 5, "worker_id": "cdaffa23-4308-4868-ad52-7163db008a43-139762960004928", "trial_id": 29, "param_name": "l2reg", "param_value_internal": 2.753317922185845e-08, "distribution": "{\"name\": \"FloatDistribution\", \"attributes\": {\"step\": null, \"low\": 1e-08, \"high\": 0.001, \"log\": true}}"}
{"op_code": 5, "worker_id": "cdaffa23-4308-4868-ad52-7163db008a43-139762960004928", "trial_id": 29, "param_name": "random_seed", "param_value_internal": 0, "distribution": "{\"name\": \"CategoricalDistribution\", \"attributes\": {\"choices\": [42]}}"}
{"op_code": 5, "worker_id": "cdaffa23-4308-4868-ad52-7163db008a43-139762960004928", "trial_id": 29, "param_name": "degree", "param_value_internal": 0, "distribution": "{\"name\": \"CategoricalDistribution\", \"attributes\": {\"choices\": [3]}}"}
{"op_code": 8, "worker_id": "cdaffa23-4308-4868-ad52-7163db008a43-139762960004928", "trial_id": 29, "user_attr": {"best_epoch": 2}}
{"op_code": 8, "worker_id": "cdaffa23-4308-4868-ad52-7163db008a43-139762960004928", "trial_id": 29, "user_attr": {"test_loss": 0.45154618678419506}}
{"op_code": 6, "worker_id": "cdaffa23-4308-4868-ad52-7163db008a43-139762960004928", "trial_id": 29, "state": 1, "values": [0.44692658498074417], "datetime_complete": "2024-08-31T19:56:15.121108"}
{"op_code": 4, "worker_id": "cdaffa23-4308-4868-ad52-7163db008a43-139762960004928", "study_id": 0, "datetime_start": "2024-08-31T19:56:15.129777"}
{"op_code": 5, "worker_id": "cdaffa23-4308-4868-ad52-7163db008a43-139762960004928", "trial_id": 30, "param_name": "lr", "param_value_internal": 0.00010597618612147148, "distribution": "{\"name\": \"FloatDistribution\", \"attributes\": {\"step\": null, \"low\": 1e-05, \"high\": 0.001, \"log\": true}}"}
{"op_code": 5, "worker_id": "cdaffa23-4308-4868-ad52-7163db008a43-139762960004928", "trial_id": 30, "param_name": "l2reg", "param_value_internal": 3.647214728780026e-08, "distribution": "{\"name\": \"FloatDistribution\", \"attributes\": {\"step\": null, \"low\": 1e-08, \"high\": 0.001, \"log\": true}}"}
{"op_code": 5, "worker_id": "cdaffa23-4308-4868-ad52-7163db008a43-139762960004928", "trial_id": 30, "param_name": "random_seed", "param_value_internal": 0, "distribution": "{\"name\": \"CategoricalDistribution\", \"attributes\": {\"choices\": [42]}}"}
{"op_code": 5, "worker_id": "cdaffa23-4308-4868-ad52-7163db008a43-139762960004928", "trial_id": 30, "param_name": "degree", "param_value_internal": 0, "distribution": "{\"name\": \"CategoricalDistribution\", \"attributes\": {\"choices\": [3]}}"}
{"op_code": 8, "worker_id": "cdaffa23-4308-4868-ad52-7163db008a43-139762960004928", "trial_id": 30, "user_attr": {"best_epoch": 1}}
{"op_code": 8, "worker_id": "cdaffa23-4308-4868-ad52-7163db008a43-139762960004928", "trial_id": 30, "user_attr": {"test_loss": 0.4509209824484677}}
{"op_code": 6, "worker_id": "cdaffa23-4308-4868-ad52-7163db008a43-139762960004928", "trial_id": 30, "state": 1, "values": [0.44628744659212727], "datetime_complete": "2024-08-31T20:18:04.255264"}
{"op_code": 4, "worker_id": "cdaffa23-4308-4868-ad52-7163db008a43-139762960004928", "study_id": 0, "datetime_start": "2024-08-31T20:18:04.263525"}
{"op_code": 5, "worker_id": "cdaffa23-4308-4868-ad52-7163db008a43-139762960004928", "trial_id": 31, "param_name": "lr", "param_value_internal": 0.00013019997340778204, "distribution": "{\"name\": \"FloatDistribution\", \"attributes\": {\"step\": null, \"low\": 1e-05, \"high\": 0.001, \"log\": true}}"}
{"op_code": 5, "worker_id": "cdaffa23-4308-4868-ad52-7163db008a43-139762960004928", "trial_id": 31, "param_name": "l2reg", "param_value_internal": 0.0008988797372924934, "distribution": "{\"name\": \"FloatDistribution\", \"attributes\": {\"step\": null, \"low\": 1e-08, \"high\": 0.001, \"log\": true}}"}
{"op_code": 5, "worker_id": "cdaffa23-4308-4868-ad52-7163db008a43-139762960004928", "trial_id": 31, "param_name": "random_seed", "param_value_internal": 0, "distribution": "{\"name\": \"CategoricalDistribution\", \"attributes\": {\"choices\": [42]}}"}
{"op_code": 5, "worker_id": "cdaffa23-4308-4868-ad52-7163db008a43-139762960004928", "trial_id": 31, "param_name": "degree", "param_value_internal": 0, "distribution": "{\"name\": \"CategoricalDistribution\", \"attributes\": {\"choices\": [3]}}"}
{"op_code": 8, "worker_id": "cdaffa23-4308-4868-ad52-7163db008a43-139762960004928", "trial_id": 31, "user_attr": {"best_epoch": 1}}
{"op_code": 8, "worker_id": "cdaffa23-4308-4868-ad52-7163db008a43-139762960004928", "trial_id": 31, "user_attr": {"test_loss": 0.4507117411366205}}
{"op_code": 6, "worker_id": "cdaffa23-4308-4868-ad52-7163db008a43-139762960004928", "trial_id": 31, "state": 1, "values": [0.44604930627029044], "datetime_complete": "2024-08-31T20:39:51.153859"}
{"op_code": 4, "worker_id": "cdaffa23-4308-4868-ad52-7163db008a43-139762960004928", "study_id": 0, "datetime_start": "2024-08-31T20:39:51.162312"}
{"op_code": 5, "worker_id": "cdaffa23-4308-4868-ad52-7163db008a43-139762960004928", "trial_id": 32, "param_name": "lr", "param_value_internal": 0.00023980062751160518, "distribution": "{\"name\": \"FloatDistribution\", \"attributes\": {\"step\": null, \"low\": 1e-05, \"high\": 0.001, \"log\": true}}"}
{"op_code": 5, "worker_id": "cdaffa23-4308-4868-ad52-7163db008a43-139762960004928", "trial_id": 32, "param_name": "l2reg", "param_value_internal": 0.0008564121931057162, "distribution": "{\"name\": \"FloatDistribution\", \"attributes\": {\"step\": null, \"low\": 1e-08, \"high\": 0.001, \"log\": true}}"}
{"op_code": 5, "worker_id": "cdaffa23-4308-4868-ad52-7163db008a43-139762960004928", "trial_id": 32, "param_name": "random_seed", "param_value_internal": 0, "distribution": "{\"name\": \"CategoricalDistribution\", \"attributes\": {\"choices\": [42]}}"}
{"op_code": 5, "worker_id": "cdaffa23-4308-4868-ad52-7163db008a43-139762960004928", "trial_id": 32, "param_name": "degree", "param_value_internal": 0, "distribution": "{\"name\": \"CategoricalDistribution\", \"attributes\": {\"choices\": [3]}}"}
{"op_code": 8, "worker_id": "cdaffa23-4308-4868-ad52-7163db008a43-139762960004928", "trial_id": 32, "user_attr": {"best_epoch": 0}}
{"op_code": 8, "worker_id": "cdaffa23-4308-4868-ad52-7163db008a43-139762960004928", "trial_id": 32, "user_attr": {"test_loss": 0.4514359733801989}}
{"op_code": 6, "worker_id": "cdaffa23-4308-4868-ad52-7163db008a43-139762960004928", "trial_id": 32, "state": 1, "values": [0.44686829061212524], "datetime_complete": "2024-08-31T20:57:52.491926"}
{"op_code": 4, "worker_id": "cdaffa23-4308-4868-ad52-7163db008a43-139762960004928", "study_id": 0, "datetime_start": "2024-08-31T20:57:52.500555"}
{"op_code": 5, "worker_id": "cdaffa23-4308-4868-ad52-7163db008a43-139762960004928", "trial_id": 33, "param_name": "lr", "param_value_internal": 0.0003309260774221168, "distribution": "{\"name\": \"FloatDistribution\", \"attributes\": {\"step\": null, \"low\": 1e-05, \"high\": 0.001, \"log\": true}}"}
{"op_code": 5, "worker_id": "cdaffa23-4308-4868-ad52-7163db008a43-139762960004928", "trial_id": 33, "param_name": "l2reg", "param_value_internal": 2.3672781306307826e-08, "distribution": "{\"name\": \"FloatDistribution\", \"attributes\": {\"step\": null, \"low\": 1e-08, \"high\": 0.001, \"log\": true}}"}
{"op_code": 5, "worker_id": "cdaffa23-4308-4868-ad52-7163db008a43-139762960004928", "trial_id": 33, "param_name": "random_seed", "param_value_internal": 0, "distribution": "{\"name\": \"CategoricalDistribution\", \"attributes\": {\"choices\": [42]}}"}
{"op_code": 5, "worker_id": "cdaffa23-4308-4868-ad52-7163db008a43-139762960004928", "trial_id": 33, "param_name": "degree", "param_value_internal": 0, "distribution": "{\"name\": \"CategoricalDistribution\", \"attributes\": {\"choices\": [3]}}"}
{"op_code": 8, "worker_id": "cdaffa23-4308-4868-ad52-7163db008a43-139762960004928", "trial_id": 33, "user_attr": {"best_epoch": 0}}
{"op_code": 8, "worker_id": "cdaffa23-4308-4868-ad52-7163db008a43-139762960004928", "trial_id": 33, "user_attr": {"test_loss": 0.45134248095678825}}
{"op_code": 6, "worker_id": "cdaffa23-4308-4868-ad52-7163db008a43-139762960004928", "trial_id": 33, "state": 1, "values": [0.44673402650313193], "datetime_complete": "2024-08-31T21:15:52.522451"}
{"op_code": 4, "worker_id": "cdaffa23-4308-4868-ad52-7163db008a43-139762960004928", "study_id": 0, "datetime_start": "2024-08-31T21:15:52.531191"}
{"op_code": 5, "worker_id": "cdaffa23-4308-4868-ad52-7163db008a43-139762960004928", "trial_id": 34, "param_name": "lr", "param_value_internal": 8.995279195281438e-05, "distribution": "{\"name\": \"FloatDistribution\", \"attributes\": {\"step\": null, \"low\": 1e-05, \"high\": 0.001, \"log\": true}}"}
{"op_code": 5, "worker_id": "cdaffa23-4308-4868-ad52-7163db008a43-139762960004928", "trial_id": 34, "param_name": "l2reg", "param_value_internal": 0.00040146298300111453, "distribution": "{\"name\": \"FloatDistribution\", \"attributes\": {\"step\": null, \"low\": 1e-08, \"high\": 0.001, \"log\": true}}"}
{"op_code": 5, "worker_id": "cdaffa23-4308-4868-ad52-7163db008a43-139762960004928", "trial_id": 34, "param_name": "random_seed", "param_value_internal": 0, "distribution": "{\"name\": \"CategoricalDistribution\", \"attributes\": {\"choices\": [42]}}"}
{"op_code": 5, "worker_id": "cdaffa23-4308-4868-ad52-7163db008a43-139762960004928", "trial_id": 34, "param_name": "degree", "param_value_internal": 0, "distribution": "{\"name\": \"CategoricalDistribution\", \"attributes\": {\"choices\": [3]}}"}
{"op_code": 8, "worker_id": "cdaffa23-4308-4868-ad52-7163db008a43-139762960004928", "trial_id": 34, "user_attr": {"best_epoch": 1}}
{"op_code": 8, "worker_id": "cdaffa23-4308-4868-ad52-7163db008a43-139762960004928", "trial_id": 34, "user_attr": {"test_loss": 0.4513402667630121}}
{"op_code": 6, "worker_id": "cdaffa23-4308-4868-ad52-7163db008a43-139762960004928", "trial_id": 34, "state": 1, "values": [0.4467279947348007], "datetime_complete": "2024-08-31T21:37:27.672704"}
{"op_code": 4, "worker_id": "cdaffa23-4308-4868-ad52-7163db008a43-139762960004928", "study_id": 0, "datetime_start": "2024-08-31T21:37:27.680993"}
{"op_code": 5, "worker_id": "cdaffa23-4308-4868-ad52-7163db008a43-139762960004928", "trial_id": 35, "param_name": "lr", "param_value_internal": 4.796292721883743e-05, "distribution": "{\"name\": \"FloatDistribution\", \"attributes\": {\"step\": null, \"low\": 1e-05, \"high\": 0.001, \"log\": true}}"}
{"op_code": 5, "worker_id": "cdaffa23-4308-4868-ad52-7163db008a43-139762960004928", "trial_id": 35, "param_name": "l2reg", "param_value_internal": 1.4176502295914946e-07, "distribution": "{\"name\": \"FloatDistribution\", \"attributes\": {\"step\": null, \"low\": 1e-08, \"high\": 0.001, \"log\": true}}"}
{"op_code": 5, "worker_id": "cdaffa23-4308-4868-ad52-7163db008a43-139762960004928", "trial_id": 35, "param_name": "random_seed", "param_value_internal": 0, "distribution": "{\"name\": \"CategoricalDistribution\", \"attributes\": {\"choices\": [42]}}"}
{"op_code": 5, "worker_id": "cdaffa23-4308-4868-ad52-7163db008a43-139762960004928", "trial_id": 35, "param_name": "degree", "param_value_internal": 0, "distribution": "{\"name\": \"CategoricalDistribution\", \"attributes\": {\"choices\": [3]}}"}
{"op_code": 8, "worker_id": "cdaffa23-4308-4868-ad52-7163db008a43-139762960004928", "trial_id": 35, "user_attr": {"best_epoch": 3}}
{"op_code": 8, "worker_id": "cdaffa23-4308-4868-ad52-7163db008a43-139762960004928", "trial_id": 35, "user_attr": {"test_loss": 0.45174428077565193}}
{"op_code": 6, "worker_id": "cdaffa23-4308-4868-ad52-7163db008a43-139762960004928", "trial_id": 35, "state": 1, "values": [0.447020764553359], "datetime_complete": "2024-08-31T22:06:58.666186"}
{"op_code": 4, "worker_id": "cdaffa23-4308-4868-ad52-7163db008a43-139762960004928", "study_id": 0, "datetime_start": "2024-08-31T22:06:58.675005"}
{"op_code": 5, "worker_id": "cdaffa23-4308-4868-ad52-7163db008a43-139762960004928", "trial_id": 36, "param_name": "lr", "param_value_internal": 0.0001957298629945588, "distribution": "{\"name\": \"FloatDistribution\", \"attributes\": {\"step\": null, \"low\": 1e-05, \"high\": 0.001, \"log\": true}}"}
{"op_code": 5, "worker_id": "cdaffa23-4308-4868-ad52-7163db008a43-139762960004928", "trial_id": 36, "param_name": "l2reg", "param_value_internal": 2.2336463527587378e-07, "distribution": "{\"name\": \"FloatDistribution\", \"attributes\": {\"step\": null, \"low\": 1e-08, \"high\": 0.001, \"log\": true}}"}
{"op_code": 5, "worker_id": "cdaffa23-4308-4868-ad52-7163db008a43-139762960004928", "trial_id": 36, "param_name": "random_seed", "param_value_internal": 0, "distribution": "{\"name\": \"CategoricalDistribution\", \"attributes\": {\"choices\": [42]}}"}
{"op_code": 5, "worker_id": "cdaffa23-4308-4868-ad52-7163db008a43-139762960004928", "trial_id": 36, "param_name": "degree", "param_value_internal": 0, "distribution": "{\"name\": \"CategoricalDistribution\", \"attributes\": {\"choices\": [3]}}"}
{"op_code": 8, "worker_id": "cdaffa23-4308-4868-ad52-7163db008a43-139762960004928", "trial_id": 36, "user_attr": {"best_epoch": 1}}
{"op_code": 8, "worker_id": "cdaffa23-4308-4868-ad52-7163db008a43-139762960004928", "trial_id": 36, "user_attr": {"test_loss": 0.45146620857796993}}
{"op_code": 6, "worker_id": "cdaffa23-4308-4868-ad52-7163db008a43-139762960004928", "trial_id": 36, "state": 1, "values": [0.4467366224540593], "datetime_complete": "2024-08-31T22:28:45.777933"}
{"op_code": 4, "worker_id": "cdaffa23-4308-4868-ad52-7163db008a43-139762960004928", "study_id": 0, "datetime_start": "2024-08-31T22:28:45.787838"}
{"op_code": 5, "worker_id": "cdaffa23-4308-4868-ad52-7163db008a43-139762960004928", "trial_id": 37, "param_name": "lr", "param_value_internal": 0.00012268575575529492, "distribution": "{\"name\": \"FloatDistribution\", \"attributes\": {\"step\": null, \"low\": 1e-05, \"high\": 0.001, \"log\": true}}"}
{"op_code": 5, "worker_id": "cdaffa23-4308-4868-ad52-7163db008a43-139762960004928", "trial_id": 37, "param_name": "l2reg", "param_value_internal": 0.0004565572761063706, "distribution": "{\"name\": \"FloatDistribution\", \"attributes\": {\"step\": null, \"low\": 1e-08, \"high\": 0.001, \"log\": true}}"}
{"op_code": 5, "worker_id": "cdaffa23-4308-4868-ad52-7163db008a43-139762960004928", "trial_id": 37, "param_name": "random_seed", "param_value_internal": 0, "distribution": "{\"name\": \"CategoricalDistribution\", \"attributes\": {\"choices\": [42]}}"}
{"op_code": 5, "worker_id": "cdaffa23-4308-4868-ad52-7163db008a43-139762960004928", "trial_id": 37, "param_name": "degree", "param_value_internal": 0, "distribution": "{\"name\": \"CategoricalDistribution\", \"attributes\": {\"choices\": [3]}}"}
{"op_code": 8, "worker_id": "cdaffa23-4308-4868-ad52-7163db008a43-139762960004928", "trial_id": 37, "user_attr": {"best_epoch": 1}}
{"op_code": 8, "worker_id": "cdaffa23-4308-4868-ad52-7163db008a43-139762960004928", "trial_id": 37, "user_attr": {"test_loss": 0.4507346847652321}}
{"op_code": 6, "worker_id": "cdaffa23-4308-4868-ad52-7163db008a43-139762960004928", "trial_id": 37, "state": 1, "values": [0.44608099214190383], "datetime_complete": "2024-08-31T22:50:07.974313"}
{"op_code": 4, "worker_id": "cdaffa23-4308-4868-ad52-7163db008a43-139762960004928", "study_id": 0, "datetime_start": "2024-08-31T22:50:07.982687"}
{"op_code": 5, "worker_id": "cdaffa23-4308-4868-ad52-7163db008a43-139762960004928", "trial_id": 38, "param_name": "lr", "param_value_internal": 2.8505402466088738e-05, "distribution": "{\"name\": \"FloatDistribution\", \"attributes\": {\"step\": null, \"low\": 1e-05, \"high\": 0.001, \"log\": true}}"}
{"op_code": 5, "worker_id": "cdaffa23-4308-4868-ad52-7163db008a43-139762960004928", "trial_id": 38, "param_name": "l2reg", "param_value_internal": 0.000937693918049206, "distribution": "{\"name\": \"FloatDistribution\", \"attributes\": {\"step\": null, \"low\": 1e-08, \"high\": 0.001, \"log\": true}}"}
{"op_code": 5, "worker_id": "cdaffa23-4308-4868-ad52-7163db008a43-139762960004928", "trial_id": 38, "param_name": "random_seed", "param_value_internal": 0, "distribution": "{\"name\": \"CategoricalDistribution\", \"attributes\": {\"choices\": [42]}}"}
{"op_code": 5, "worker_id": "cdaffa23-4308-4868-ad52-7163db008a43-139762960004928", "trial_id": 38, "param_name": "degree", "param_value_internal": 0, "distribution": "{\"name\": \"CategoricalDistribution\", \"attributes\": {\"choices\": [3]}}"}
{"op_code": 8, "worker_id": "cdaffa23-4308-4868-ad52-7163db008a43-139762960004928", "trial_id": 38, "user_attr": {"best_epoch": 7}}
{"op_code": 8, "worker_id": "cdaffa23-4308-4868-ad52-7163db008a43-139762960004928", "trial_id": 38, "user_attr": {"test_loss": 0.4522606078587998}}
{"op_code": 6, "worker_id": "cdaffa23-4308-4868-ad52-7163db008a43-139762960004928", "trial_id": 38, "state": 1, "values": [0.44725997379616594], "datetime_complete": "2024-08-31T23:30:47.637264"}
{"op_code": 4, "worker_id": "cdaffa23-4308-4868-ad52-7163db008a43-139762960004928", "study_id": 0, "datetime_start": "2024-08-31T23:30:47.645988"}
{"op_code": 5, "worker_id": "cdaffa23-4308-4868-ad52-7163db008a43-139762960004928", "trial_id": 39, "param_name": "lr", "param_value_internal": 0.00012948333269065978, "distribution": "{\"name\": \"FloatDistribution\", \"attributes\": {\"step\": null, \"low\": 1e-05, \"high\": 0.001, \"log\": true}}"}
{"op_code": 5, "worker_id": "cdaffa23-4308-4868-ad52-7163db008a43-139762960004928", "trial_id": 39, "param_name": "l2reg", "param_value_internal": 0.000488218679021829, "distribution": "{\"name\": \"FloatDistribution\", \"attributes\": {\"step\": null, \"low\": 1e-08, \"high\": 0.001, \"log\": true}}"}
{"op_code": 5, "worker_id": "cdaffa23-4308-4868-ad52-7163db008a43-139762960004928", "trial_id": 39, "param_name": "random_seed", "param_value_internal": 0, "distribution": "{\"name\": \"CategoricalDistribution\", \"attributes\": {\"choices\": [42]}}"}
{"op_code": 5, "worker_id": "cdaffa23-4308-4868-ad52-7163db008a43-139762960004928", "trial_id": 39, "param_name": "degree", "param_value_internal": 0, "distribution": "{\"name\": \"CategoricalDistribution\", \"attributes\": {\"choices\": [3]}}"}
{"op_code": 8, "worker_id": "cdaffa23-4308-4868-ad52-7163db008a43-139762960004928", "trial_id": 39, "user_attr": {"best_epoch": 1}}
{"op_code": 8, "worker_id": "cdaffa23-4308-4868-ad52-7163db008a43-139762960004928", "trial_id": 39, "user_attr": {"test_loss": 0.4507181546634204}}
{"op_code": 6, "worker_id": "cdaffa23-4308-4868-ad52-7163db008a43-139762960004928", "trial_id": 39, "state": 1, "values": [0.4460561397293492], "datetime_complete": "2024-08-31T23:52:38.549559"}
{"op_code": 4, "worker_id": "cdaffa23-4308-4868-ad52-7163db008a43-139762960004928", "study_id": 0, "datetime_start": "2024-08-31T23:52:38.558027"}
{"op_code": 5, "worker_id": "cdaffa23-4308-4868-ad52-7163db008a43-139762960004928", "trial_id": 40, "param_name": "lr", "param_value_internal": 6.191625527161772e-05, "distribution": "{\"name\": \"FloatDistribution\", \"attributes\": {\"step\": null, \"low\": 1e-05, \"high\": 0.001, \"log\": true}}"}
{"op_code": 5, "worker_id": "cdaffa23-4308-4868-ad52-7163db008a43-139762960004928", "trial_id": 40, "param_name": "l2reg", "param_value_internal": 0.0004992696110516823, "distribution": "{\"name\": \"FloatDistribution\", \"attributes\": {\"step\": null, \"low\": 1e-08, \"high\": 0.001, \"log\": true}}"}
{"op_code": 5, "worker_id": "cdaffa23-4308-4868-ad52-7163db008a43-139762960004928", "trial_id": 40, "param_name": "random_seed", "param_value_internal": 0, "distribution": "{\"name\": \"CategoricalDistribution\", \"attributes\": {\"choices\": [42]}}"}
{"op_code": 5, "worker_id": "cdaffa23-4308-4868-ad52-7163db008a43-139762960004928", "trial_id": 40, "param_name": "degree", "param_value_internal": 0, "distribution": "{\"name\": \"CategoricalDistribution\", \"attributes\": {\"choices\": [3]}}"}
{"op_code": 8, "worker_id": "cdaffa23-4308-4868-ad52-7163db008a43-139762960004928", "trial_id": 40, "user_attr": {"best_epoch": 3}}
{"op_code": 8, "worker_id": "cdaffa23-4308-4868-ad52-7163db008a43-139762960004928", "trial_id": 40, "user_attr": {"test_loss": 0.4516547204549817}}
{"op_code": 6, "worker_id": "cdaffa23-4308-4868-ad52-7163db008a43-139762960004928", "trial_id": 40, "state": 1, "values": [0.4468708102115547], "datetime_complete": "2024-09-01T00:22:05.428312"}
{"op_code": 4, "worker_id": "cdaffa23-4308-4868-ad52-7163db008a43-139762960004928", "study_id": 0, "datetime_start": "2024-09-01T00:22:05.436658"}
{"op_code": 5, "worker_id": "cdaffa23-4308-4868-ad52-7163db008a43-139762960004928", "trial_id": 41, "param_name": "lr", "param_value_internal": 0.00013486886930611322, "distribution": "{\"name\": \"FloatDistribution\", \"attributes\": {\"step\": null, \"low\": 1e-05, \"high\": 0.001, \"log\": true}}"}
{"op_code": 5, "worker_id": "cdaffa23-4308-4868-ad52-7163db008a43-139762960004928", "trial_id": 41, "param_name": "l2reg", "param_value_internal": 0.0002214677341094134, "distribution": "{\"name\": \"FloatDistribution\", \"attributes\": {\"step\": null, \"low\": 1e-08, \"high\": 0.001, \"log\": true}}"}
{"op_code": 5, "worker_id": "cdaffa23-4308-4868-ad52-7163db008a43-139762960004928", "trial_id": 41, "param_name": "random_seed", "param_value_internal": 0, "distribution": "{\"name\": \"CategoricalDistribution\", \"attributes\": {\"choices\": [42]}}"}
{"op_code": 5, "worker_id": "cdaffa23-4308-4868-ad52-7163db008a43-139762960004928", "trial_id": 41, "param_name": "degree", "param_value_internal": 0, "distribution": "{\"name\": \"CategoricalDistribution\", \"attributes\": {\"choices\": [3]}}"}
{"op_code": 8, "worker_id": "cdaffa23-4308-4868-ad52-7163db008a43-139762960004928", "trial_id": 41, "user_attr": {"best_epoch": 1}}
{"op_code": 8, "worker_id": "cdaffa23-4308-4868-ad52-7163db008a43-139762960004928", "trial_id": 41, "user_attr": {"test_loss": 0.45072262122672746}}
{"op_code": 6, "worker_id": "cdaffa23-4308-4868-ad52-7163db008a43-139762960004928", "trial_id": 41, "state": 1, "values": [0.44605495628113234], "datetime_complete": "2024-09-01T00:43:47.473054"}
{"op_code": 4, "worker_id": "cdaffa23-4308-4868-ad52-7163db008a43-139762960004928", "study_id": 0, "datetime_start": "2024-09-01T00:43:47.481470"}
{"op_code": 5, "worker_id": "cdaffa23-4308-4868-ad52-7163db008a43-139762960004928", "trial_id": 42, "param_name": "lr", "param_value_internal": 8.010007498866699e-05, "distribution": "{\"name\": \"FloatDistribution\", \"attributes\": {\"step\": null, \"low\": 1e-05, \"high\": 0.001, \"log\": true}}"}
{"op_code": 5, "worker_id": "cdaffa23-4308-4868-ad52-7163db008a43-139762960004928", "trial_id": 42, "param_name": "l2reg", "param_value_internal": 8.054137107657772e-05, "distribution": "{\"name\": \"FloatDistribution\", \"attributes\": {\"step\": null, \"low\": 1e-08, \"high\": 0.001, \"log\": true}}"}
{"op_code": 5, "worker_id": "cdaffa23-4308-4868-ad52-7163db008a43-139762960004928", "trial_id": 42, "param_name": "random_seed", "param_value_internal": 0, "distribution": "{\"name\": \"CategoricalDistribution\", \"attributes\": {\"choices\": [42]}}"}
{"op_code": 5, "worker_id": "cdaffa23-4308-4868-ad52-7163db008a43-139762960004928", "trial_id": 42, "param_name": "degree", "param_value_internal": 0, "distribution": "{\"name\": \"CategoricalDistribution\", \"attributes\": {\"choices\": [3]}}"}
{"op_code": 8, "worker_id": "cdaffa23-4308-4868-ad52-7163db008a43-139762960004928", "trial_id": 42, "user_attr": {"best_epoch": 2}}
{"op_code": 8, "worker_id": "cdaffa23-4308-4868-ad52-7163db008a43-139762960004928", "trial_id": 42, "user_attr": {"test_loss": 0.4513520248954786}}
{"op_code": 6, "worker_id": "cdaffa23-4308-4868-ad52-7163db008a43-139762960004928", "trial_id": 42, "state": 1, "values": [0.4466635922463527], "datetime_complete": "2024-09-01T01:09:27.563959"}
{"op_code": 4, "worker_id": "cdaffa23-4308-4868-ad52-7163db008a43-139762960004928", "study_id": 0, "datetime_start": "2024-09-01T01:09:27.588590"}
{"op_code": 5, "worker_id": "cdaffa23-4308-4868-ad52-7163db008a43-139762960004928", "trial_id": 43, "param_name": "lr", "param_value_internal": 0.0001879939694810167, "distribution": "{\"name\": \"FloatDistribution\", \"attributes\": {\"step\": null, \"low\": 1e-05, \"high\": 0.001, \"log\": true}}"}
{"op_code": 5, "worker_id": "cdaffa23-4308-4868-ad52-7163db008a43-139762960004928", "trial_id": 43, "param_name": "l2reg", "param_value_internal": 0.00034467681721221915, "distribution": "{\"name\": \"FloatDistribution\", \"attributes\": {\"step\": null, \"low\": 1e-08, \"high\": 0.001, \"log\": true}}"}
{"op_code": 5, "worker_id": "cdaffa23-4308-4868-ad52-7163db008a43-139762960004928", "trial_id": 43, "param_name": "random_seed", "param_value_internal": 0, "distribution": "{\"name\": \"CategoricalDistribution\", \"attributes\": {\"choices\": [42]}}"}
{"op_code": 5, "worker_id": "cdaffa23-4308-4868-ad52-7163db008a43-139762960004928", "trial_id": 43, "param_name": "degree", "param_value_internal": 0, "distribution": "{\"name\": \"CategoricalDistribution\", \"attributes\": {\"choices\": [3]}}"}
{"op_code": 8, "worker_id": "cdaffa23-4308-4868-ad52-7163db008a43-139762960004928", "trial_id": 43, "user_attr": {"best_epoch": 1}}
{"op_code": 8, "worker_id": "cdaffa23-4308-4868-ad52-7163db008a43-139762960004928", "trial_id": 43, "user_attr": {"test_loss": 0.4513017856022126}}
{"op_code": 6, "worker_id": "cdaffa23-4308-4868-ad52-7163db008a43-139762960004928", "trial_id": 43, "state": 1, "values": [0.4465813235074046], "datetime_complete": "2024-09-01T01:31:15.902102"}
{"op_code": 4, "worker_id": "cdaffa23-4308-4868-ad52-7163db008a43-139762960004928", "study_id": 0, "datetime_start": "2024-09-01T01:31:15.911065"}
{"op_code": 5, "worker_id": "cdaffa23-4308-4868-ad52-7163db008a43-139762960004928", "trial_id": 44, "param_name": "lr", "param_value_internal": 0.0001352011103552332, "distribution": "{\"name\": \"FloatDistribution\", \"attributes\": {\"step\": null, \"low\": 1e-05, \"high\": 0.001, \"log\": true}}"}
{"op_code": 5, "worker_id": "cdaffa23-4308-4868-ad52-7163db008a43-139762960004928", "trial_id": 44, "param_name": "l2reg", "param_value_internal": 0.00022689828461006404, "distribution": "{\"name\": \"FloatDistribution\", \"attributes\": {\"step\": null, \"low\": 1e-08, \"high\": 0.001, \"log\": true}}"}
{"op_code": 5, "worker_id": "cdaffa23-4308-4868-ad52-7163db008a43-139762960004928", "trial_id": 44, "param_name": "random_seed", "param_value_internal": 0, "distribution": "{\"name\": \"CategoricalDistribution\", \"attributes\": {\"choices\": [42]}}"}
{"op_code": 5, "worker_id": "cdaffa23-4308-4868-ad52-7163db008a43-139762960004928", "trial_id": 44, "param_name": "degree", "param_value_internal": 0, "distribution": "{\"name\": \"CategoricalDistribution\", \"attributes\": {\"choices\": [3]}}"}
{"op_code": 8, "worker_id": "cdaffa23-4308-4868-ad52-7163db008a43-139762960004928", "trial_id": 44, "user_attr": {"best_epoch": 1}}
{"op_code": 8, "worker_id": "cdaffa23-4308-4868-ad52-7163db008a43-139762960004928", "trial_id": 44, "user_attr": {"test_loss": 0.45072327021455844}}
{"op_code": 6, "worker_id": "cdaffa23-4308-4868-ad52-7163db008a43-139762960004928", "trial_id": 44, "state": 1, "values": [0.4460554907416174], "datetime_complete": "2024-09-01T01:53:06.875920"}
{"op_code": 4, "worker_id": "cdaffa23-4308-4868-ad52-7163db008a43-139762960004928", "study_id": 0, "datetime_start": "2024-09-01T01:53:06.884659"}
{"op_code": 5, "worker_id": "cdaffa23-4308-4868-ad52-7163db008a43-139762960004928", "trial_id": 45, "param_name": "lr", "param_value_internal": 0.00017886273123606907, "distribution": "{\"name\": \"FloatDistribution\", \"attributes\": {\"step\": null, \"low\": 1e-05, \"high\": 0.001, \"log\": true}}"}
{"op_code": 5, "worker_id": "cdaffa23-4308-4868-ad52-7163db008a43-139762960004928", "trial_id": 45, "param_name": "l2reg", "param_value_internal": 0.0002314110015279322, "distribution": "{\"name\": \"FloatDistribution\", \"attributes\": {\"step\": null, \"low\": 1e-08, \"high\": 0.001, \"log\": true}}"}
{"op_code": 5, "worker_id": "cdaffa23-4308-4868-ad52-7163db008a43-139762960004928", "trial_id": 45, "param_name": "random_seed", "param_value_internal": 0, "distribution": "{\"name\": \"CategoricalDistribution\", \"attributes\": {\"choices\": [42]}}"}
{"op_code": 5, "worker_id": "cdaffa23-4308-4868-ad52-7163db008a43-139762960004928", "trial_id": 45, "param_name": "degree", "param_value_internal": 0, "distribution": "{\"name\": \"CategoricalDistribution\", \"attributes\": {\"choices\": [3]}}"}
{"op_code": 8, "worker_id": "cdaffa23-4308-4868-ad52-7163db008a43-139762960004928", "trial_id": 45, "user_attr": {"best_epoch": 1}}
{"op_code": 8, "worker_id": "cdaffa23-4308-4868-ad52-7163db008a43-139762960004928", "trial_id": 45, "user_attr": {"test_loss": 0.4511560687462884}}
{"op_code": 6, "worker_id": "cdaffa23-4308-4868-ad52-7163db008a43-139762960004928", "trial_id": 45, "state": 1, "values": [0.4464438908112499], "datetime_complete": "2024-09-01T02:14:27.583742"}
{"op_code": 4, "worker_id": "cdaffa23-4308-4868-ad52-7163db008a43-139762960004928", "study_id": 0, "datetime_start": "2024-09-01T02:14:27.592589"}
{"op_code": 5, "worker_id": "cdaffa23-4308-4868-ad52-7163db008a43-139762960004928", "trial_id": 46, "param_name": "lr", "param_value_internal": 0.00014077605377431793, "distribution": "{\"name\": \"FloatDistribution\", \"attributes\": {\"step\": null, \"low\": 1e-05, \"high\": 0.001, \"log\": true}}"}
{"op_code": 5, "worker_id": "cdaffa23-4308-4868-ad52-7163db008a43-139762960004928", "trial_id": 46, "param_name": "l2reg", "param_value_internal": 0.0005780131964458803, "distribution": "{\"name\": \"FloatDistribution\", \"attributes\": {\"step\": null, \"low\": 1e-08, \"high\": 0.001, \"log\": true}}"}
{"op_code": 5, "worker_id": "cdaffa23-4308-4868-ad52-7163db008a43-139762960004928", "trial_id": 46, "param_name": "random_seed", "param_value_internal": 0, "distribution": "{\"name\": \"CategoricalDistribution\", \"attributes\": {\"choices\": [42]}}"}
{"op_code": 5, "worker_id": "cdaffa23-4308-4868-ad52-7163db008a43-139762960004928", "trial_id": 46, "param_name": "degree", "param_value_internal": 0, "distribution": "{\"name\": \"CategoricalDistribution\", \"attributes\": {\"choices\": [3]}}"}
{"op_code": 8, "worker_id": "cdaffa23-4308-4868-ad52-7163db008a43-139762960004928", "trial_id": 46, "user_attr": {"best_epoch": 1}}
{"op_code": 8, "worker_id": "cdaffa23-4308-4868-ad52-7163db008a43-139762960004928", "trial_id": 46, "user_attr": {"test_loss": 0.45074361789184625}}
{"op_code": 6, "worker_id": "cdaffa23-4308-4868-ad52-7163db008a43-139762960004928", "trial_id": 46, "state": 1, "values": [0.4460693103627307], "datetime_complete": "2024-09-01T02:35:54.801291"}
{"op_code": 4, "worker_id": "cdaffa23-4308-4868-ad52-7163db008a43-139762960004928", "study_id": 0, "datetime_start": "2024-09-01T02:35:54.809969"}
{"op_code": 5, "worker_id": "cdaffa23-4308-4868-ad52-7163db008a43-139762960004928", "trial_id": 47, "param_name": "lr", "param_value_internal": 0.0003998037223910011, "distribution": "{\"name\": \"FloatDistribution\", \"attributes\": {\"step\": null, \"low\": 1e-05, \"high\": 0.001, \"log\": true}}"}
{"op_code": 5, "worker_id": "cdaffa23-4308-4868-ad52-7163db008a43-139762960004928", "trial_id": 47, "param_name": "l2reg", "param_value_internal": 0.0006865198570303847, "distribution": "{\"name\": \"FloatDistribution\", \"attributes\": {\"step\": null, \"low\": 1e-08, \"high\": 0.001, \"log\": true}}"}
{"op_code": 5, "worker_id": "cdaffa23-4308-4868-ad52-7163db008a43-139762960004928", "trial_id": 47, "param_name": "random_seed", "param_value_internal": 0, "distribution": "{\"name\": \"CategoricalDistribution\", \"attributes\": {\"choices\": [42]}}"}
{"op_code": 5, "worker_id": "cdaffa23-4308-4868-ad52-7163db008a43-139762960004928", "trial_id": 47, "param_name": "degree", "param_value_internal": 0, "distribution": "{\"name\": \"CategoricalDistribution\", \"attributes\": {\"choices\": [3]}}"}
{"op_code": 8, "worker_id": "cdaffa23-4308-4868-ad52-7163db008a43-139762960004928", "trial_id": 47, "user_attr": {"best_epoch": 0}}
{"op_code": 8, "worker_id": "cdaffa23-4308-4868-ad52-7163db008a43-139762960004928", "trial_id": 47, "user_attr": {"test_loss": 0.45132014814025284}}
{"op_code": 6, "worker_id": "cdaffa23-4308-4868-ad52-7163db008a43-139762960004928", "trial_id": 47, "state": 1, "values": [0.4466987902868679], "datetime_complete": "2024-09-01T02:53:44.948887"}
{"op_code": 4, "worker_id": "cdaffa23-4308-4868-ad52-7163db008a43-139762960004928", "study_id": 0, "datetime_start": "2024-09-01T02:53:44.957461"}
{"op_code": 5, "worker_id": "cdaffa23-4308-4868-ad52-7163db008a43-139762960004928", "trial_id": 48, "param_name": "lr", "param_value_internal": 1.722693994422323e-05, "distribution": "{\"name\": \"FloatDistribution\", \"attributes\": {\"step\": null, \"low\": 1e-05, \"high\": 0.001, \"log\": true}}"}
{"op_code": 5, "worker_id": "cdaffa23-4308-4868-ad52-7163db008a43-139762960004928", "trial_id": 48, "param_name": "l2reg", "param_value_internal": 7.312440539493012e-05, "distribution": "{\"name\": \"FloatDistribution\", \"attributes\": {\"step\": null, \"low\": 1e-08, \"high\": 0.001, \"log\": true}}"}
{"op_code": 5, "worker_id": "cdaffa23-4308-4868-ad52-7163db008a43-139762960004928", "trial_id": 48, "param_name": "random_seed", "param_value_internal": 0, "distribution": "{\"name\": \"CategoricalDistribution\", \"attributes\": {\"choices\": [42]}}"}
{"op_code": 5, "worker_id": "cdaffa23-4308-4868-ad52-7163db008a43-139762960004928", "trial_id": 48, "param_name": "degree", "param_value_internal": 0, "distribution": "{\"name\": \"CategoricalDistribution\", \"attributes\": {\"choices\": [3]}}"}
{"op_code": 8, "worker_id": "cdaffa23-4308-4868-ad52-7163db008a43-139762960004928", "trial_id": 48, "user_attr": {"best_epoch": 9}}
{"op_code": 8, "worker_id": "cdaffa23-4308-4868-ad52-7163db008a43-139762960004928", "trial_id": 48, "user_attr": {"test_loss": 0.452670004652861}}
{"op_code": 6, "worker_id": "cdaffa23-4308-4868-ad52-7163db008a43-139762960004928", "trial_id": 48, "state": 1, "values": [0.44787693207465346], "datetime_complete": "2024-09-01T03:34:10.475189"}
{"op_code": 4, "worker_id": "cdaffa23-4308-4868-ad52-7163db008a43-139762960004928", "study_id": 0, "datetime_start": "2024-09-01T03:34:10.483731"}
{"op_code": 5, "worker_id": "cdaffa23-4308-4868-ad52-7163db008a43-139762960004928", "trial_id": 49, "param_name": "lr", "param_value_internal": 0.0002825438981903483, "distribution": "{\"name\": \"FloatDistribution\", \"attributes\": {\"step\": null, \"low\": 1e-05, \"high\": 0.001, \"log\": true}}"}
{"op_code": 5, "worker_id": "cdaffa23-4308-4868-ad52-7163db008a43-139762960004928", "trial_id": 49, "param_name": "l2reg", "param_value_internal": 0.00023743308196468995, "distribution": "{\"name\": \"FloatDistribution\", \"attributes\": {\"step\": null, \"low\": 1e-08, \"high\": 0.001, \"log\": true}}"}
{"op_code": 5, "worker_id": "cdaffa23-4308-4868-ad52-7163db008a43-139762960004928", "trial_id": 49, "param_name": "random_seed", "param_value_internal": 0, "distribution": "{\"name\": \"CategoricalDistribution\", \"attributes\": {\"choices\": [42]}}"}
{"op_code": 5, "worker_id": "cdaffa23-4308-4868-ad52-7163db008a43-139762960004928", "trial_id": 49, "param_name": "degree", "param_value_internal": 0, "distribution": "{\"name\": \"CategoricalDistribution\", \"attributes\": {\"choices\": [3]}}"}
{"op_code": 8, "worker_id": "cdaffa23-4308-4868-ad52-7163db008a43-139762960004928", "trial_id": 49, "user_attr": {"best_epoch": 0}}
{"op_code": 8, "worker_id": "cdaffa23-4308-4868-ad52-7163db008a43-139762960004928", "trial_id": 49, "user_attr": {"test_loss": 0.4513456877201882}}
{"op_code": 6, "worker_id": "cdaffa23-4308-4868-ad52-7163db008a43-139762960004928", "trial_id": 49, "state": 1, "values": [0.4467566647222485], "datetime_complete": "2024-09-01T03:52:00.589267"}
