{"op_code": 0, "worker_id": "991ea4ad-cfd3-44d6-b986-bcecb07f44ff-140004430755648", "study_name": "criteo_splines_3_32", "directions": [1]}
{"op_code": 4, "worker_id": "991ea4ad-cfd3-44d6-b986-bcecb07f44ff-140004430755648", "study_id": 0, "datetime_start": "2024-08-30T06:22:03.614824"}
{"op_code": 5, "worker_id": "991ea4ad-cfd3-44d6-b986-bcecb07f44ff-140004430755648", "trial_id": 0, "param_name": "lr", "param_value_internal": 5.6115164153345e-05, "distribution": "{\"name\": \"FloatDistribution\", \"attributes\": {\"step\": null, \"low\": 1e-05, \"high\": 0.001, \"log\": true}}"}
{"op_code": 5, "worker_id": "991ea4ad-cfd3-44d6-b986-bcecb07f44ff-140004430755648", "trial_id": 0, "param_name": "l2reg", "param_value_internal": 0.0005669849511478851, "distribution": "{\"name\": \"FloatDistribution\", \"attributes\": {\"step\": null, \"low\": 1e-08, \"high\": 0.001, \"log\": true}}"}
{"op_code": 5, "worker_id": "991ea4ad-cfd3-44d6-b986-bcecb07f44ff-140004430755648", "trial_id": 0, "param_name": "random_seed", "param_value_internal": 0, "distribution": "{\"name\": \"CategoricalDistribution\", \"attributes\": {\"choices\": [42]}}"}
{"op_code": 5, "worker_id": "991ea4ad-cfd3-44d6-b986-bcecb07f44ff-140004430755648", "trial_id": 0, "param_name": "degree", "param_value_internal": 0, "distribution": "{\"name\": \"CategoricalDistribution\", \"attributes\": {\"choices\": [3]}}"}
{"op_code": 8, "worker_id": "991ea4ad-cfd3-44d6-b986-bcecb07f44ff-140004430755648", "trial_id": 0, "user_attr": {"best_epoch": 2}}
{"op_code": 8, "worker_id": "991ea4ad-cfd3-44d6-b986-bcecb07f44ff-140004430755648", "trial_id": 0, "user_attr": {"test_loss": 0.4513690894578569}}
{"op_code": 6, "worker_id": "991ea4ad-cfd3-44d6-b986-bcecb07f44ff-140004430755648", "trial_id": 0, "state": 1, "values": [0.44675571032852524], "datetime_complete": "2024-08-30T06:48:39.294589"}
{"op_code": 4, "worker_id": "991ea4ad-cfd3-44d6-b986-bcecb07f44ff-140004430755648", "study_id": 0, "datetime_start": "2024-08-30T06:48:39.303075"}
{"op_code": 5, "worker_id": "991ea4ad-cfd3-44d6-b986-bcecb07f44ff-140004430755648", "trial_id": 1, "param_name": "lr", "param_value_internal": 0.000291063591313307, "distribution": "{\"name\": \"FloatDistribution\", \"attributes\": {\"step\": null, \"low\": 1e-05, \"high\": 0.001, \"log\": true}}"}
{"op_code": 5, "worker_id": "991ea4ad-cfd3-44d6-b986-bcecb07f44ff-140004430755648", "trial_id": 1, "param_name": "l2reg", "param_value_internal": 9.846738873614555e-06, "distribution": "{\"name\": \"FloatDistribution\", \"attributes\": {\"step\": null, \"low\": 1e-08, \"high\": 0.001, \"log\": true}}"}
{"op_code": 5, "worker_id": "991ea4ad-cfd3-44d6-b986-bcecb07f44ff-140004430755648", "trial_id": 1, "param_name": "random_seed", "param_value_internal": 0, "distribution": "{\"name\": \"CategoricalDistribution\", \"attributes\": {\"choices\": [42]}}"}
{"op_code": 5, "worker_id": "991ea4ad-cfd3-44d6-b986-bcecb07f44ff-140004430755648", "trial_id": 1, "param_name": "degree", "param_value_internal": 0, "distribution": "{\"name\": \"CategoricalDistribution\", \"attributes\": {\"choices\": [3]}}"}
{"op_code": 8, "worker_id": "991ea4ad-cfd3-44d6-b986-bcecb07f44ff-140004430755648", "trial_id": 1, "user_attr": {"best_epoch": 0}}
{"op_code": 8, "worker_id": "991ea4ad-cfd3-44d6-b986-bcecb07f44ff-140004430755648", "trial_id": 1, "user_attr": {"test_loss": 0.45108891759366304}}
{"op_code": 6, "worker_id": "991ea4ad-cfd3-44d6-b986-bcecb07f44ff-140004430755648", "trial_id": 1, "state": 1, "values": [0.4464993601744479], "datetime_complete": "2024-08-30T07:07:14.376446"}
{"op_code": 4, "worker_id": "991ea4ad-cfd3-44d6-b986-bcecb07f44ff-140004430755648", "study_id": 0, "datetime_start": "2024-08-30T07:07:14.385203"}
{"op_code": 5, "worker_id": "991ea4ad-cfd3-44d6-b986-bcecb07f44ff-140004430755648", "trial_id": 2, "param_name": "lr", "param_value_internal": 2.0513382630874486e-05, "distribution": "{\"name\": \"FloatDistribution\", \"attributes\": {\"step\": null, \"low\": 1e-05, \"high\": 0.001, \"log\": true}}"}
{"op_code": 5, "worker_id": "991ea4ad-cfd3-44d6-b986-bcecb07f44ff-140004430755648", "trial_id": 2, "param_name": "l2reg", "param_value_internal": 6.02521573620385e-08, "distribution": "{\"name\": \"FloatDistribution\", \"attributes\": {\"step\": null, \"low\": 1e-08, \"high\": 0.001, \"log\": true}}"}
{"op_code": 5, "worker_id": "991ea4ad-cfd3-44d6-b986-bcecb07f44ff-140004430755648", "trial_id": 2, "param_name": "random_seed", "param_value_internal": 0, "distribution": "{\"name\": \"CategoricalDistribution\", \"attributes\": {\"choices\": [42]}}"}
{"op_code": 5, "worker_id": "991ea4ad-cfd3-44d6-b986-bcecb07f44ff-140004430755648", "trial_id": 2, "param_name": "degree", "param_value_internal": 0, "distribution": "{\"name\": \"CategoricalDistribution\", \"attributes\": {\"choices\": [3]}}"}
{"op_code": 8, "worker_id": "991ea4ad-cfd3-44d6-b986-bcecb07f44ff-140004430755648", "trial_id": 2, "user_attr": {"best_epoch": 8}}
{"op_code": 8, "worker_id": "991ea4ad-cfd3-44d6-b986-bcecb07f44ff-140004430755648", "trial_id": 2, "user_attr": {"test_loss": 0.45209591765275914}}
{"op_code": 6, "worker_id": "991ea4ad-cfd3-44d6-b986-bcecb07f44ff-140004430755648", "trial_id": 2, "state": 1, "values": [0.4472052679479466], "datetime_complete": "2024-08-30T07:49:31.639208"}
{"op_code": 4, "worker_id": "991ea4ad-cfd3-44d6-b986-bcecb07f44ff-140004430755648", "study_id": 0, "datetime_start": "2024-08-30T07:49:31.647691"}
{"op_code": 5, "worker_id": "991ea4ad-cfd3-44d6-b986-bcecb07f44ff-140004430755648", "trial_id": 3, "param_name": "lr", "param_value_internal": 1.3066739238053272e-05, "distribution": "{\"name\": \"FloatDistribution\", \"attributes\": {\"step\": null, \"low\": 1e-05, \"high\": 0.001, \"log\": true}}"}
{"op_code": 5, "worker_id": "991ea4ad-cfd3-44d6-b986-bcecb07f44ff-140004430755648", "trial_id": 3, "param_name": "l2reg", "param_value_internal": 0.00021423021757741048, "distribution": "{\"name\": \"FloatDistribution\", \"attributes\": {\"step\": null, \"low\": 1e-08, \"high\": 0.001, \"log\": true}}"}
{"op_code": 5, "worker_id": "991ea4ad-cfd3-44d6-b986-bcecb07f44ff-140004430755648", "trial_id": 3, "param_name": "random_seed", "param_value_internal": 0, "distribution": "{\"name\": \"CategoricalDistribution\", \"attributes\": {\"choices\": [42]}}"}
{"op_code": 5, "worker_id": "991ea4ad-cfd3-44d6-b986-bcecb07f44ff-140004430755648", "trial_id": 3, "param_name": "degree", "param_value_internal": 0, "distribution": "{\"name\": \"CategoricalDistribution\", \"attributes\": {\"choices\": [3]}}"}
{"op_code": 8, "worker_id": "991ea4ad-cfd3-44d6-b986-bcecb07f44ff-140004430755648", "trial_id": 3, "user_attr": {"best_epoch": 9}}
{"op_code": 8, "worker_id": "991ea4ad-cfd3-44d6-b986-bcecb07f44ff-140004430755648", "trial_id": 3, "user_attr": {"test_loss": 0.45322664533303686}}
{"op_code": 6, "worker_id": "991ea4ad-cfd3-44d6-b986-bcecb07f44ff-140004430755648", "trial_id": 3, "state": 1, "values": [0.44843739024472185], "datetime_complete": "2024-08-30T08:31:32.599826"}
{"op_code": 4, "worker_id": "991ea4ad-cfd3-44d6-b986-bcecb07f44ff-140004430755648", "study_id": 0, "datetime_start": "2024-08-30T08:31:32.608389"}
{"op_code": 5, "worker_id": "991ea4ad-cfd3-44d6-b986-bcecb07f44ff-140004430755648", "trial_id": 4, "param_name": "lr", "param_value_internal": 0.00015930522616241006, "distribution": "{\"name\": \"FloatDistribution\", \"attributes\": {\"step\": null, \"low\": 1e-05, \"high\": 0.001, \"log\": true}}"}
{"op_code": 5, "worker_id": "991ea4ad-cfd3-44d6-b986-bcecb07f44ff-140004430755648", "trial_id": 4, "param_name": "l2reg", "param_value_internal": 3.47026698865041e-05, "distribution": "{\"name\": \"FloatDistribution\", \"attributes\": {\"step\": null, \"low\": 1e-08, \"high\": 0.001, \"log\": true}}"}
{"op_code": 5, "worker_id": "991ea4ad-cfd3-44d6-b986-bcecb07f44ff-140004430755648", "trial_id": 4, "param_name": "random_seed", "param_value_internal": 0, "distribution": "{\"name\": \"CategoricalDistribution\", \"attributes\": {\"choices\": [42]}}"}
{"op_code": 5, "worker_id": "991ea4ad-cfd3-44d6-b986-bcecb07f44ff-140004430755648", "trial_id": 4, "param_name": "degree", "param_value_internal": 0, "distribution": "{\"name\": \"CategoricalDistribution\", \"attributes\": {\"choices\": [3]}}"}
{"op_code": 8, "worker_id": "991ea4ad-cfd3-44d6-b986-bcecb07f44ff-140004430755648", "trial_id": 4, "user_attr": {"best_epoch": 1}}
{"op_code": 8, "worker_id": "991ea4ad-cfd3-44d6-b986-bcecb07f44ff-140004430755648", "trial_id": 4, "user_attr": {"test_loss": 0.4509496906160483}}
{"op_code": 6, "worker_id": "991ea4ad-cfd3-44d6-b986-bcecb07f44ff-140004430755648", "trial_id": 4, "state": 1, "values": [0.4462640066822831], "datetime_complete": "2024-08-30T08:54:01.163389"}
{"op_code": 4, "worker_id": "991ea4ad-cfd3-44d6-b986-bcecb07f44ff-140004430755648", "study_id": 0, "datetime_start": "2024-08-30T08:54:01.171959"}
{"op_code": 5, "worker_id": "991ea4ad-cfd3-44d6-b986-bcecb07f44ff-140004430755648", "trial_id": 5, "param_name": "lr", "param_value_internal": 1.0994335574766187e-05, "distribution": "{\"name\": \"FloatDistribution\", \"attributes\": {\"step\": null, \"low\": 1e-05, \"high\": 0.001, \"log\": true}}"}
{"op_code": 5, "worker_id": "991ea4ad-cfd3-44d6-b986-bcecb07f44ff-140004430755648", "trial_id": 5, "param_name": "l2reg", "param_value_internal": 0.0007072114131472234, "distribution": "{\"name\": \"FloatDistribution\", \"attributes\": {\"step\": null, \"low\": 1e-08, \"high\": 0.001, \"log\": true}}"}
{"op_code": 5, "worker_id": "991ea4ad-cfd3-44d6-b986-bcecb07f44ff-140004430755648", "trial_id": 5, "param_name": "random_seed", "param_value_internal": 0, "distribution": "{\"name\": \"CategoricalDistribution\", \"attributes\": {\"choices\": [42]}}"}
{"op_code": 5, "worker_id": "991ea4ad-cfd3-44d6-b986-bcecb07f44ff-140004430755648", "trial_id": 5, "param_name": "degree", "param_value_internal": 0, "distribution": "{\"name\": \"CategoricalDistribution\", \"attributes\": {\"choices\": [3]}}"}
{"op_code": 8, "worker_id": "991ea4ad-cfd3-44d6-b986-bcecb07f44ff-140004430755648", "trial_id": 5, "user_attr": {"best_epoch": 9}}
{"op_code": 8, "worker_id": "991ea4ad-cfd3-44d6-b986-bcecb07f44ff-140004430755648", "trial_id": 5, "user_attr": {"test_loss": 0.4542536876633827}}
{"op_code": 6, "worker_id": "991ea4ad-cfd3-44d6-b986-bcecb07f44ff-140004430755648", "trial_id": 5, "state": 1, "values": [0.4494946676113892], "datetime_complete": "2024-08-30T09:35:57.443520"}
{"op_code": 4, "worker_id": "991ea4ad-cfd3-44d6-b986-bcecb07f44ff-140004430755648", "study_id": 0, "datetime_start": "2024-08-30T09:35:57.454556"}
{"op_code": 5, "worker_id": "991ea4ad-cfd3-44d6-b986-bcecb07f44ff-140004430755648", "trial_id": 6, "param_name": "lr", "param_value_internal": 0.000462258900102083, "distribution": "{\"name\": \"FloatDistribution\", \"attributes\": {\"step\": null, \"low\": 1e-05, \"high\": 0.001, \"log\": true}}"}
{"op_code": 5, "worker_id": "991ea4ad-cfd3-44d6-b986-bcecb07f44ff-140004430755648", "trial_id": 6, "param_name": "l2reg", "param_value_internal": 1.1526449540315595e-07, "distribution": "{\"name\": \"FloatDistribution\", \"attributes\": {\"step\": null, \"low\": 1e-08, \"high\": 0.001, \"log\": true}}"}
{"op_code": 5, "worker_id": "991ea4ad-cfd3-44d6-b986-bcecb07f44ff-140004430755648", "trial_id": 6, "param_name": "random_seed", "param_value_internal": 0, "distribution": "{\"name\": \"CategoricalDistribution\", \"attributes\": {\"choices\": [42]}}"}
{"op_code": 5, "worker_id": "991ea4ad-cfd3-44d6-b986-bcecb07f44ff-140004430755648", "trial_id": 6, "param_name": "degree", "param_value_internal": 0, "distribution": "{\"name\": \"CategoricalDistribution\", \"attributes\": {\"choices\": [3]}}"}
{"op_code": 8, "worker_id": "991ea4ad-cfd3-44d6-b986-bcecb07f44ff-140004430755648", "trial_id": 6, "user_attr": {"best_epoch": 0}}
{"op_code": 8, "worker_id": "991ea4ad-cfd3-44d6-b986-bcecb07f44ff-140004430755648", "trial_id": 6, "user_attr": {"test_loss": 0.4510712803949633}}
{"op_code": 6, "worker_id": "991ea4ad-cfd3-44d6-b986-bcecb07f44ff-140004430755648", "trial_id": 6, "state": 1, "values": [0.44652146393307945], "datetime_complete": "2024-08-30T09:54:17.835284"}
{"op_code": 4, "worker_id": "991ea4ad-cfd3-44d6-b986-bcecb07f44ff-140004430755648", "study_id": 0, "datetime_start": "2024-08-30T09:54:17.843549"}
{"op_code": 5, "worker_id": "991ea4ad-cfd3-44d6-b986-bcecb07f44ff-140004430755648", "trial_id": 7, "param_name": "lr", "param_value_internal": 2.3102018878452926e-05, "distribution": "{\"name\": \"FloatDistribution\", \"attributes\": {\"step\": null, \"low\": 1e-05, \"high\": 0.001, \"log\": true}}"}
{"op_code": 5, "worker_id": "991ea4ad-cfd3-44d6-b986-bcecb07f44ff-140004430755648", "trial_id": 7, "param_name": "l2reg", "param_value_internal": 8.260808399079588e-08, "distribution": "{\"name\": \"FloatDistribution\", \"attributes\": {\"step\": null, \"low\": 1e-08, \"high\": 0.001, \"log\": true}}"}
{"op_code": 5, "worker_id": "991ea4ad-cfd3-44d6-b986-bcecb07f44ff-140004430755648", "trial_id": 7, "param_name": "random_seed", "param_value_internal": 0, "distribution": "{\"name\": \"CategoricalDistribution\", \"attributes\": {\"choices\": [42]}}"}
{"op_code": 5, "worker_id": "991ea4ad-cfd3-44d6-b986-bcecb07f44ff-140004430755648", "trial_id": 7, "param_name": "degree", "param_value_internal": 0, "distribution": "{\"name\": \"CategoricalDistribution\", \"attributes\": {\"choices\": [3]}}"}
{"op_code": 8, "worker_id": "991ea4ad-cfd3-44d6-b986-bcecb07f44ff-140004430755648", "trial_id": 7, "user_attr": {"best_epoch": 7}}
{"op_code": 8, "worker_id": "991ea4ad-cfd3-44d6-b986-bcecb07f44ff-140004430755648", "trial_id": 7, "user_attr": {"test_loss": 0.45202231479757915}}
{"op_code": 6, "worker_id": "991ea4ad-cfd3-44d6-b986-bcecb07f44ff-140004430755648", "trial_id": 7, "state": 1, "values": [0.4470774937162717], "datetime_complete": "2024-08-30T10:36:01.641198"}
{"op_code": 4, "worker_id": "991ea4ad-cfd3-44d6-b986-bcecb07f44ff-140004430755648", "study_id": 0, "datetime_start": "2024-08-30T10:36:01.649741"}
{"op_code": 5, "worker_id": "991ea4ad-cfd3-44d6-b986-bcecb07f44ff-140004430755648", "trial_id": 8, "param_name": "lr", "param_value_internal": 4.059611610484306e-05, "distribution": "{\"name\": \"FloatDistribution\", \"attributes\": {\"step\": null, \"low\": 1e-05, \"high\": 0.001, \"log\": true}}"}
{"op_code": 5, "worker_id": "991ea4ad-cfd3-44d6-b986-bcecb07f44ff-140004430755648", "trial_id": 8, "param_name": "l2reg", "param_value_internal": 4.2051564509138674e-06, "distribution": "{\"name\": \"FloatDistribution\", \"attributes\": {\"step\": null, \"low\": 1e-08, \"high\": 0.001, \"log\": true}}"}
{"op_code": 5, "worker_id": "991ea4ad-cfd3-44d6-b986-bcecb07f44ff-140004430755648", "trial_id": 8, "param_name": "random_seed", "param_value_internal": 0, "distribution": "{\"name\": \"CategoricalDistribution\", \"attributes\": {\"choices\": [42]}}"}
{"op_code": 5, "worker_id": "991ea4ad-cfd3-44d6-b986-bcecb07f44ff-140004430755648", "trial_id": 8, "param_name": "degree", "param_value_internal": 0, "distribution": "{\"name\": \"CategoricalDistribution\", \"attributes\": {\"choices\": [3]}}"}
{"op_code": 8, "worker_id": "991ea4ad-cfd3-44d6-b986-bcecb07f44ff-140004430755648", "trial_id": 8, "user_attr": {"best_epoch": 4}}
{"op_code": 8, "worker_id": "991ea4ad-cfd3-44d6-b986-bcecb07f44ff-140004430755648", "trial_id": 8, "user_attr": {"test_loss": 0.45171179320835}}
{"op_code": 6, "worker_id": "991ea4ad-cfd3-44d6-b986-bcecb07f44ff-140004430755648", "trial_id": 8, "state": 1, "values": [0.44692727214422495], "datetime_complete": "2024-08-30T11:09:57.596477"}
{"op_code": 4, "worker_id": "991ea4ad-cfd3-44d6-b986-bcecb07f44ff-140004430755648", "study_id": 0, "datetime_start": "2024-08-30T11:09:57.604930"}
{"op_code": 5, "worker_id": "991ea4ad-cfd3-44d6-b986-bcecb07f44ff-140004430755648", "trial_id": 9, "param_name": "lr", "param_value_internal": 7.309539835912905e-05, "distribution": "{\"name\": \"FloatDistribution\", \"attributes\": {\"step\": null, \"low\": 1e-05, \"high\": 0.001, \"log\": true}}"}
{"op_code": 5, "worker_id": "991ea4ad-cfd3-44d6-b986-bcecb07f44ff-140004430755648", "trial_id": 9, "param_name": "l2reg", "param_value_internal": 2.8585493941961875e-07, "distribution": "{\"name\": \"FloatDistribution\", \"attributes\": {\"step\": null, \"low\": 1e-08, \"high\": 0.001, \"log\": true}}"}
{"op_code": 5, "worker_id": "991ea4ad-cfd3-44d6-b986-bcecb07f44ff-140004430755648", "trial_id": 9, "param_name": "random_seed", "param_value_internal": 0, "distribution": "{\"name\": \"CategoricalDistribution\", \"attributes\": {\"choices\": [42]}}"}
{"op_code": 5, "worker_id": "991ea4ad-cfd3-44d6-b986-bcecb07f44ff-140004430755648", "trial_id": 9, "param_name": "degree", "param_value_internal": 0, "distribution": "{\"name\": \"CategoricalDistribution\", \"attributes\": {\"choices\": [3]}}"}
{"op_code": 8, "worker_id": "991ea4ad-cfd3-44d6-b986-bcecb07f44ff-140004430755648", "trial_id": 9, "user_attr": {"best_epoch": 2}}
{"op_code": 8, "worker_id": "991ea4ad-cfd3-44d6-b986-bcecb07f44ff-140004430755648", "trial_id": 9, "user_attr": {"test_loss": 0.45112682611814114}}
{"op_code": 6, "worker_id": "991ea4ad-cfd3-44d6-b986-bcecb07f44ff-140004430755648", "trial_id": 9, "state": 1, "values": [0.4464250319912776], "datetime_complete": "2024-08-30T11:35:59.293756"}
{"op_code": 4, "worker_id": "991ea4ad-cfd3-44d6-b986-bcecb07f44ff-140004430755648", "study_id": 0, "datetime_start": "2024-08-30T11:35:59.302132"}
{"op_code": 5, "worker_id": "991ea4ad-cfd3-44d6-b986-bcecb07f44ff-140004430755648", "trial_id": 10, "param_name": "lr", "param_value_internal": 0.00018471184590376964, "distribution": "{\"name\": \"FloatDistribution\", \"attributes\": {\"step\": null, \"low\": 1e-05, \"high\": 0.001, \"log\": true}}"}
{"op_code": 5, "worker_id": "991ea4ad-cfd3-44d6-b986-bcecb07f44ff-140004430755648", "trial_id": 10, "param_name": "l2reg", "param_value_internal": 3.8521646942747446e-05, "distribution": "{\"name\": \"FloatDistribution\", \"attributes\": {\"step\": null, \"low\": 1e-08, \"high\": 0.001, \"log\": true}}"}
{"op_code": 5, "worker_id": "991ea4ad-cfd3-44d6-b986-bcecb07f44ff-140004430755648", "trial_id": 10, "param_name": "random_seed", "param_value_internal": 0, "distribution": "{\"name\": \"CategoricalDistribution\", \"attributes\": {\"choices\": [42]}}"}
{"op_code": 5, "worker_id": "991ea4ad-cfd3-44d6-b986-bcecb07f44ff-140004430755648", "trial_id": 10, "param_name": "degree", "param_value_internal": 0, "distribution": "{\"name\": \"CategoricalDistribution\", \"attributes\": {\"choices\": [3]}}"}
{"op_code": 8, "worker_id": "991ea4ad-cfd3-44d6-b986-bcecb07f44ff-140004430755648", "trial_id": 10, "user_attr": {"best_epoch": 1}}
{"op_code": 8, "worker_id": "991ea4ad-cfd3-44d6-b986-bcecb07f44ff-140004430755648", "trial_id": 10, "user_attr": {"test_loss": 0.4514479223914392}}
{"op_code": 6, "worker_id": "991ea4ad-cfd3-44d6-b986-bcecb07f44ff-140004430755648", "trial_id": 10, "state": 1, "values": [0.4467405927319482], "datetime_complete": "2024-08-30T11:58:03.573996"}
{"op_code": 4, "worker_id": "991ea4ad-cfd3-44d6-b986-bcecb07f44ff-140004430755648", "study_id": 0, "datetime_start": "2024-08-30T11:58:03.583436"}
{"op_code": 5, "worker_id": "991ea4ad-cfd3-44d6-b986-bcecb07f44ff-140004430755648", "trial_id": 11, "param_name": "lr", "param_value_internal": 0.00010866115799955205, "distribution": "{\"name\": \"FloatDistribution\", \"attributes\": {\"step\": null, \"low\": 1e-05, \"high\": 0.001, \"log\": true}}"}
{"op_code": 5, "worker_id": "991ea4ad-cfd3-44d6-b986-bcecb07f44ff-140004430755648", "trial_id": 11, "param_name": "l2reg", "param_value_internal": 6.548583129896901e-07, "distribution": "{\"name\": \"FloatDistribution\", \"attributes\": {\"step\": null, \"low\": 1e-08, \"high\": 0.001, \"log\": true}}"}
{"op_code": 5, "worker_id": "991ea4ad-cfd3-44d6-b986-bcecb07f44ff-140004430755648", "trial_id": 11, "param_name": "random_seed", "param_value_internal": 0, "distribution": "{\"name\": \"CategoricalDistribution\", \"attributes\": {\"choices\": [42]}}"}
{"op_code": 5, "worker_id": "991ea4ad-cfd3-44d6-b986-bcecb07f44ff-140004430755648", "trial_id": 11, "param_name": "degree", "param_value_internal": 0, "distribution": "{\"name\": \"CategoricalDistribution\", \"attributes\": {\"choices\": [3]}}"}
{"op_code": 8, "worker_id": "991ea4ad-cfd3-44d6-b986-bcecb07f44ff-140004430755648", "trial_id": 11, "user_attr": {"best_epoch": 1}}
{"op_code": 8, "worker_id": "991ea4ad-cfd3-44d6-b986-bcecb07f44ff-140004430755648", "trial_id": 11, "user_attr": {"test_loss": 0.45048906195909727}}
{"op_code": 6, "worker_id": "991ea4ad-cfd3-44d6-b986-bcecb07f44ff-140004430755648", "trial_id": 11, "state": 1, "values": [0.44583849978468876], "datetime_complete": "2024-08-30T12:20:13.403085"}
{"op_code": 4, "worker_id": "991ea4ad-cfd3-44d6-b986-bcecb07f44ff-140004430755648", "study_id": 0, "datetime_start": "2024-08-30T12:20:13.411711"}
{"op_code": 5, "worker_id": "991ea4ad-cfd3-44d6-b986-bcecb07f44ff-140004430755648", "trial_id": 12, "param_name": "lr", "param_value_internal": 0.0001458251474269136, "distribution": "{\"name\": \"FloatDistribution\", \"attributes\": {\"step\": null, \"low\": 1e-05, \"high\": 0.001, \"log\": true}}"}
{"op_code": 5, "worker_id": "991ea4ad-cfd3-44d6-b986-bcecb07f44ff-140004430755648", "trial_id": 12, "param_name": "l2reg", "param_value_internal": 8.447304290120655e-07, "distribution": "{\"name\": \"FloatDistribution\", \"attributes\": {\"step\": null, \"low\": 1e-08, \"high\": 0.001, \"log\": true}}"}
{"op_code": 5, "worker_id": "991ea4ad-cfd3-44d6-b986-bcecb07f44ff-140004430755648", "trial_id": 12, "param_name": "random_seed", "param_value_internal": 0, "distribution": "{\"name\": \"CategoricalDistribution\", \"attributes\": {\"choices\": [42]}}"}
{"op_code": 5, "worker_id": "991ea4ad-cfd3-44d6-b986-bcecb07f44ff-140004430755648", "trial_id": 12, "param_name": "degree", "param_value_internal": 0, "distribution": "{\"name\": \"CategoricalDistribution\", \"attributes\": {\"choices\": [3]}}"}
{"op_code": 8, "worker_id": "991ea4ad-cfd3-44d6-b986-bcecb07f44ff-140004430755648", "trial_id": 12, "user_attr": {"best_epoch": 1}}
{"op_code": 8, "worker_id": "991ea4ad-cfd3-44d6-b986-bcecb07f44ff-140004430755648", "trial_id": 12, "user_attr": {"test_loss": 0.4507290347535274}}
{"op_code": 6, "worker_id": "991ea4ad-cfd3-44d6-b986-bcecb07f44ff-140004430755648", "trial_id": 12, "state": 1, "values": [0.44605465087514085], "datetime_complete": "2024-08-30T12:42:25.579623"}
{"op_code": 4, "worker_id": "991ea4ad-cfd3-44d6-b986-bcecb07f44ff-140004430755648", "study_id": 0, "datetime_start": "2024-08-30T12:42:25.590481"}
{"op_code": 5, "worker_id": "991ea4ad-cfd3-44d6-b986-bcecb07f44ff-140004430755648", "trial_id": 13, "param_name": "lr", "param_value_internal": 0.0007215064248475351, "distribution": "{\"name\": \"FloatDistribution\", \"attributes\": {\"step\": null, \"low\": 1e-05, \"high\": 0.001, \"log\": true}}"}
{"op_code": 5, "worker_id": "991ea4ad-cfd3-44d6-b986-bcecb07f44ff-140004430755648", "trial_id": 13, "param_name": "l2reg", "param_value_internal": 7.771041719880855e-07, "distribution": "{\"name\": \"FloatDistribution\", \"attributes\": {\"step\": null, \"low\": 1e-08, \"high\": 0.001, \"log\": true}}"}
{"op_code": 5, "worker_id": "991ea4ad-cfd3-44d6-b986-bcecb07f44ff-140004430755648", "trial_id": 13, "param_name": "random_seed", "param_value_internal": 0, "distribution": "{\"name\": \"CategoricalDistribution\", \"attributes\": {\"choices\": [42]}}"}
{"op_code": 5, "worker_id": "991ea4ad-cfd3-44d6-b986-bcecb07f44ff-140004430755648", "trial_id": 13, "param_name": "degree", "param_value_internal": 0, "distribution": "{\"name\": \"CategoricalDistribution\", \"attributes\": {\"choices\": [3]}}"}
{"op_code": 8, "worker_id": "991ea4ad-cfd3-44d6-b986-bcecb07f44ff-140004430755648", "trial_id": 13, "user_attr": {"best_epoch": 0}}
{"op_code": 8, "worker_id": "991ea4ad-cfd3-44d6-b986-bcecb07f44ff-140004430755648", "trial_id": 13, "user_attr": {"test_loss": 0.45136168336143323}}
{"op_code": 6, "worker_id": "991ea4ad-cfd3-44d6-b986-bcecb07f44ff-140004430755648", "trial_id": 13, "state": 1, "values": [0.44681629524208005], "datetime_complete": "2024-08-30T13:00:48.635963"}
{"op_code": 4, "worker_id": "991ea4ad-cfd3-44d6-b986-bcecb07f44ff-140004430755648", "study_id": 0, "datetime_start": "2024-08-30T13:00:48.645757"}
{"op_code": 5, "worker_id": "991ea4ad-cfd3-44d6-b986-bcecb07f44ff-140004430755648", "trial_id": 14, "param_name": "lr", "param_value_internal": 0.00011999389989236523, "distribution": "{\"name\": \"FloatDistribution\", \"attributes\": {\"step\": null, \"low\": 1e-05, \"high\": 0.001, \"log\": true}}"}
{"op_code": 5, "worker_id": "991ea4ad-cfd3-44d6-b986-bcecb07f44ff-140004430755648", "trial_id": 14, "param_name": "l2reg", "param_value_internal": 1.163814228102759e-08, "distribution": "{\"name\": \"FloatDistribution\", \"attributes\": {\"step\": null, \"low\": 1e-08, \"high\": 0.001, \"log\": true}}"}
{"op_code": 5, "worker_id": "991ea4ad-cfd3-44d6-b986-bcecb07f44ff-140004430755648", "trial_id": 14, "param_name": "random_seed", "param_value_internal": 0, "distribution": "{\"name\": \"CategoricalDistribution\", \"attributes\": {\"choices\": [42]}}"}
{"op_code": 5, "worker_id": "991ea4ad-cfd3-44d6-b986-bcecb07f44ff-140004430755648", "trial_id": 14, "param_name": "degree", "param_value_internal": 0, "distribution": "{\"name\": \"CategoricalDistribution\", \"attributes\": {\"choices\": [3]}}"}
{"op_code": 8, "worker_id": "991ea4ad-cfd3-44d6-b986-bcecb07f44ff-140004430755648", "trial_id": 14, "user_attr": {"best_epoch": 1}}
{"op_code": 8, "worker_id": "991ea4ad-cfd3-44d6-b986-bcecb07f44ff-140004430755648", "trial_id": 14, "user_attr": {"test_loss": 0.45047986160219977}}
{"op_code": 6, "worker_id": "991ea4ad-cfd3-44d6-b986-bcecb07f44ff-140004430755648", "trial_id": 14, "state": 1, "values": [0.44582479469082226], "datetime_complete": "2024-08-30T13:23:05.995391"}
{"op_code": 4, "worker_id": "991ea4ad-cfd3-44d6-b986-bcecb07f44ff-140004430755648", "study_id": 0, "datetime_start": "2024-08-30T13:23:06.006677"}
{"op_code": 5, "worker_id": "991ea4ad-cfd3-44d6-b986-bcecb07f44ff-140004430755648", "trial_id": 15, "param_name": "lr", "param_value_internal": 0.0001073721670402528, "distribution": "{\"name\": \"FloatDistribution\", \"attributes\": {\"step\": null, \"low\": 1e-05, \"high\": 0.001, \"log\": true}}"}
{"op_code": 5, "worker_id": "991ea4ad-cfd3-44d6-b986-bcecb07f44ff-140004430755648", "trial_id": 15, "param_name": "l2reg", "param_value_internal": 1.1607691847924097e-08, "distribution": "{\"name\": \"FloatDistribution\", \"attributes\": {\"step\": null, \"low\": 1e-08, \"high\": 0.001, \"log\": true}}"}
{"op_code": 5, "worker_id": "991ea4ad-cfd3-44d6-b986-bcecb07f44ff-140004430755648", "trial_id": 15, "param_name": "random_seed", "param_value_internal": 0, "distribution": "{\"name\": \"CategoricalDistribution\", \"attributes\": {\"choices\": [42]}}"}
{"op_code": 5, "worker_id": "991ea4ad-cfd3-44d6-b986-bcecb07f44ff-140004430755648", "trial_id": 15, "param_name": "degree", "param_value_internal": 0, "distribution": "{\"name\": \"CategoricalDistribution\", \"attributes\": {\"choices\": [3]}}"}
{"op_code": 8, "worker_id": "991ea4ad-cfd3-44d6-b986-bcecb07f44ff-140004430755648", "trial_id": 15, "user_attr": {"best_epoch": 1}}
{"op_code": 8, "worker_id": "991ea4ad-cfd3-44d6-b986-bcecb07f44ff-140004430755648", "trial_id": 15, "user_attr": {"test_loss": 0.4504962771767472}}
{"op_code": 6, "worker_id": "991ea4ad-cfd3-44d6-b986-bcecb07f44ff-140004430755648", "trial_id": 15, "state": 1, "values": [0.44584651669196446], "datetime_complete": "2024-08-30T13:45:14.531669"}
{"op_code": 4, "worker_id": "991ea4ad-cfd3-44d6-b986-bcecb07f44ff-140004430755648", "study_id": 0, "datetime_start": "2024-08-30T13:45:14.540537"}
{"op_code": 5, "worker_id": "991ea4ad-cfd3-44d6-b986-bcecb07f44ff-140004430755648", "trial_id": 16, "param_name": "lr", "param_value_internal": 0.000266115734442784, "distribution": "{\"name\": \"FloatDistribution\", \"attributes\": {\"step\": null, \"low\": 1e-05, \"high\": 0.001, \"log\": true}}"}
{"op_code": 5, "worker_id": "991ea4ad-cfd3-44d6-b986-bcecb07f44ff-140004430755648", "trial_id": 16, "param_name": "l2reg", "param_value_internal": 1.568961028063835e-08, "distribution": "{\"name\": \"FloatDistribution\", \"attributes\": {\"step\": null, \"low\": 1e-08, \"high\": 0.001, \"log\": true}}"}
{"op_code": 5, "worker_id": "991ea4ad-cfd3-44d6-b986-bcecb07f44ff-140004430755648", "trial_id": 16, "param_name": "random_seed", "param_value_internal": 0, "distribution": "{\"name\": \"CategoricalDistribution\", \"attributes\": {\"choices\": [42]}}"}
{"op_code": 5, "worker_id": "991ea4ad-cfd3-44d6-b986-bcecb07f44ff-140004430755648", "trial_id": 16, "param_name": "degree", "param_value_internal": 0, "distribution": "{\"name\": \"CategoricalDistribution\", \"attributes\": {\"choices\": [3]}}"}
{"op_code": 8, "worker_id": "991ea4ad-cfd3-44d6-b986-bcecb07f44ff-140004430755648", "trial_id": 16, "user_attr": {"best_epoch": 0}}
{"op_code": 8, "worker_id": "991ea4ad-cfd3-44d6-b986-bcecb07f44ff-140004430755648", "trial_id": 16, "user_attr": {"test_loss": 0.45110521864094616}}
{"op_code": 6, "worker_id": "991ea4ad-cfd3-44d6-b986-bcecb07f44ff-140004430755648", "trial_id": 16, "state": 1, "values": [0.44651275986232297], "datetime_complete": "2024-08-30T14:03:38.386758"}
{"op_code": 4, "worker_id": "991ea4ad-cfd3-44d6-b986-bcecb07f44ff-140004430755648", "study_id": 0, "datetime_start": "2024-08-30T14:03:38.397219"}
{"op_code": 5, "worker_id": "991ea4ad-cfd3-44d6-b986-bcecb07f44ff-140004430755648", "trial_id": 17, "param_name": "lr", "param_value_internal": 3.86172512193305e-05, "distribution": "{\"name\": \"FloatDistribution\", \"attributes\": {\"step\": null, \"low\": 1e-05, \"high\": 0.001, \"log\": true}}"}
{"op_code": 5, "worker_id": "991ea4ad-cfd3-44d6-b986-bcecb07f44ff-140004430755648", "trial_id": 17, "param_name": "l2reg", "param_value_internal": 1.0170719863380127e-06, "distribution": "{\"name\": \"FloatDistribution\", \"attributes\": {\"step\": null, \"low\": 1e-08, \"high\": 0.001, \"log\": true}}"}
{"op_code": 5, "worker_id": "991ea4ad-cfd3-44d6-b986-bcecb07f44ff-140004430755648", "trial_id": 17, "param_name": "random_seed", "param_value_internal": 0, "distribution": "{\"name\": \"CategoricalDistribution\", \"attributes\": {\"choices\": [42]}}"}
{"op_code": 5, "worker_id": "991ea4ad-cfd3-44d6-b986-bcecb07f44ff-140004430755648", "trial_id": 17, "param_name": "degree", "param_value_internal": 0, "distribution": "{\"name\": \"CategoricalDistribution\", \"attributes\": {\"choices\": [3]}}"}
{"op_code": 8, "worker_id": "991ea4ad-cfd3-44d6-b986-bcecb07f44ff-140004430755648", "trial_id": 17, "user_attr": {"best_epoch": 4}}
{"op_code": 8, "worker_id": "991ea4ad-cfd3-44d6-b986-bcecb07f44ff-140004430755648", "trial_id": 17, "user_attr": {"test_loss": 0.4516535370065841}}
{"op_code": 6, "worker_id": "991ea4ad-cfd3-44d6-b986-bcecb07f44ff-140004430755648", "trial_id": 17, "state": 1, "values": [0.4468786362400858], "datetime_complete": "2024-08-30T14:37:16.747352"}
{"op_code": 4, "worker_id": "991ea4ad-cfd3-44d6-b986-bcecb07f44ff-140004430755648", "study_id": 0, "datetime_start": "2024-08-30T14:37:16.758500"}
{"op_code": 5, "worker_id": "991ea4ad-cfd3-44d6-b986-bcecb07f44ff-140004430755648", "trial_id": 18, "param_name": "lr", "param_value_internal": 9.380604257626663e-05, "distribution": "{\"name\": \"FloatDistribution\", \"attributes\": {\"step\": null, \"low\": 1e-05, \"high\": 0.001, \"log\": true}}"}
{"op_code": 5, "worker_id": "991ea4ad-cfd3-44d6-b986-bcecb07f44ff-140004430755648", "trial_id": 18, "param_name": "l2reg", "param_value_internal": 2.7008546016071743e-08, "distribution": "{\"name\": \"FloatDistribution\", \"attributes\": {\"step\": null, \"low\": 1e-08, \"high\": 0.001, \"log\": true}}"}
{"op_code": 5, "worker_id": "991ea4ad-cfd3-44d6-b986-bcecb07f44ff-140004430755648", "trial_id": 18, "param_name": "random_seed", "param_value_internal": 0, "distribution": "{\"name\": \"CategoricalDistribution\", \"attributes\": {\"choices\": [42]}}"}
{"op_code": 5, "worker_id": "991ea4ad-cfd3-44d6-b986-bcecb07f44ff-140004430755648", "trial_id": 18, "param_name": "degree", "param_value_internal": 0, "distribution": "{\"name\": \"CategoricalDistribution\", \"attributes\": {\"choices\": [3]}}"}
{"op_code": 8, "worker_id": "991ea4ad-cfd3-44d6-b986-bcecb07f44ff-140004430755648", "trial_id": 18, "user_attr": {"best_epoch": 1}}
{"op_code": 8, "worker_id": "991ea4ad-cfd3-44d6-b986-bcecb07f44ff-140004430755648", "trial_id": 18, "user_attr": {"test_loss": 0.45067577957563526}}
{"op_code": 6, "worker_id": "991ea4ad-cfd3-44d6-b986-bcecb07f44ff-140004430755648", "trial_id": 18, "state": 1, "values": [0.4460265153481781], "datetime_complete": "2024-08-30T14:59:19.043365"}
{"op_code": 4, "worker_id": "991ea4ad-cfd3-44d6-b986-bcecb07f44ff-140004430755648", "study_id": 0, "datetime_start": "2024-08-30T14:59:19.061728"}
{"op_code": 5, "worker_id": "991ea4ad-cfd3-44d6-b986-bcecb07f44ff-140004430755648", "trial_id": 19, "param_name": "lr", "param_value_internal": 0.0003341573513397696, "distribution": "{\"name\": \"FloatDistribution\", \"attributes\": {\"step\": null, \"low\": 1e-05, \"high\": 0.001, \"log\": true}}"}
{"op_code": 5, "worker_id": "991ea4ad-cfd3-44d6-b986-bcecb07f44ff-140004430755648", "trial_id": 19, "param_name": "l2reg", "param_value_internal": 2.6330163505886904e-07, "distribution": "{\"name\": \"FloatDistribution\", \"attributes\": {\"step\": null, \"low\": 1e-08, \"high\": 0.001, \"log\": true}}"}
{"op_code": 5, "worker_id": "991ea4ad-cfd3-44d6-b986-bcecb07f44ff-140004430755648", "trial_id": 19, "param_name": "random_seed", "param_value_internal": 0, "distribution": "{\"name\": \"CategoricalDistribution\", \"attributes\": {\"choices\": [42]}}"}
{"op_code": 5, "worker_id": "991ea4ad-cfd3-44d6-b986-bcecb07f44ff-140004430755648", "trial_id": 19, "param_name": "degree", "param_value_internal": 0, "distribution": "{\"name\": \"CategoricalDistribution\", \"attributes\": {\"choices\": [3]}}"}
{"op_code": 8, "worker_id": "991ea4ad-cfd3-44d6-b986-bcecb07f44ff-140004430755648", "trial_id": 19, "user_attr": {"best_epoch": 0}}
{"op_code": 8, "worker_id": "991ea4ad-cfd3-44d6-b986-bcecb07f44ff-140004430755648", "trial_id": 19, "user_attr": {"test_loss": 0.4510799081155394}}
{"op_code": 6, "worker_id": "991ea4ad-cfd3-44d6-b986-bcecb07f44ff-140004430755648", "trial_id": 19, "state": 1, "values": [0.4464971078052609], "datetime_complete": "2024-08-30T15:17:39.958426"}
{"op_code": 4, "worker_id": "991ea4ad-cfd3-44d6-b986-bcecb07f44ff-140004430755648", "study_id": 0, "datetime_start": "2024-08-30T15:17:39.967913"}
{"op_code": 5, "worker_id": "991ea4ad-cfd3-44d6-b986-bcecb07f44ff-140004430755648", "trial_id": 20, "param_name": "lr", "param_value_internal": 0.0006665510953435555, "distribution": "{\"name\": \"FloatDistribution\", \"attributes\": {\"step\": null, \"low\": 1e-05, \"high\": 0.001, \"log\": true}}"}
{"op_code": 5, "worker_id": "991ea4ad-cfd3-44d6-b986-bcecb07f44ff-140004430755648", "trial_id": 20, "param_name": "l2reg", "param_value_internal": 3.167907028120891e-06, "distribution": "{\"name\": \"FloatDistribution\", \"attributes\": {\"step\": null, \"low\": 1e-08, \"high\": 0.001, \"log\": true}}"}
{"op_code": 5, "worker_id": "991ea4ad-cfd3-44d6-b986-bcecb07f44ff-140004430755648", "trial_id": 20, "param_name": "random_seed", "param_value_internal": 0, "distribution": "{\"name\": \"CategoricalDistribution\", \"attributes\": {\"choices\": [42]}}"}
{"op_code": 5, "worker_id": "991ea4ad-cfd3-44d6-b986-bcecb07f44ff-140004430755648", "trial_id": 20, "param_name": "degree", "param_value_internal": 0, "distribution": "{\"name\": \"CategoricalDistribution\", \"attributes\": {\"choices\": [3]}}"}
{"op_code": 8, "worker_id": "991ea4ad-cfd3-44d6-b986-bcecb07f44ff-140004430755648", "trial_id": 20, "user_attr": {"best_epoch": 0}}
{"op_code": 8, "worker_id": "991ea4ad-cfd3-44d6-b986-bcecb07f44ff-140004430755648", "trial_id": 20, "user_attr": {"test_loss": 0.45126147200518457}}
{"op_code": 6, "worker_id": "991ea4ad-cfd3-44d6-b986-bcecb07f44ff-140004430755648", "trial_id": 20, "state": 1, "values": [0.4467234136449289], "datetime_complete": "2024-08-30T15:35:53.277443"}
{"op_code": 4, "worker_id": "991ea4ad-cfd3-44d6-b986-bcecb07f44ff-140004430755648", "study_id": 0, "datetime_start": "2024-08-30T15:35:53.290503"}
{"op_code": 5, "worker_id": "991ea4ad-cfd3-44d6-b986-bcecb07f44ff-140004430755648", "trial_id": 21, "param_name": "lr", "param_value_internal": 0.00012249111997644449, "distribution": "{\"name\": \"FloatDistribution\", \"attributes\": {\"step\": null, \"low\": 1e-05, \"high\": 0.001, \"log\": true}}"}
{"op_code": 5, "worker_id": "991ea4ad-cfd3-44d6-b986-bcecb07f44ff-140004430755648", "trial_id": 21, "param_name": "l2reg", "param_value_internal": 1.2790210723670715e-08, "distribution": "{\"name\": \"FloatDistribution\", \"attributes\": {\"step\": null, \"low\": 1e-08, \"high\": 0.001, \"log\": true}}"}
{"op_code": 5, "worker_id": "991ea4ad-cfd3-44d6-b986-bcecb07f44ff-140004430755648", "trial_id": 21, "param_name": "random_seed", "param_value_internal": 0, "distribution": "{\"name\": \"CategoricalDistribution\", \"attributes\": {\"choices\": [42]}}"}
{"op_code": 5, "worker_id": "991ea4ad-cfd3-44d6-b986-bcecb07f44ff-140004430755648", "trial_id": 21, "param_name": "degree", "param_value_internal": 0, "distribution": "{\"name\": \"CategoricalDistribution\", \"attributes\": {\"choices\": [3]}}"}
{"op_code": 8, "worker_id": "991ea4ad-cfd3-44d6-b986-bcecb07f44ff-140004430755648", "trial_id": 21, "user_attr": {"best_epoch": 1}}
{"op_code": 8, "worker_id": "991ea4ad-cfd3-44d6-b986-bcecb07f44ff-140004430755648", "trial_id": 21, "user_attr": {"test_loss": 0.45048997817721154}}
{"op_code": 6, "worker_id": "991ea4ad-cfd3-44d6-b986-bcecb07f44ff-140004430755648", "trial_id": 21, "state": 1, "values": [0.4458331551798383], "datetime_complete": "2024-08-30T15:58:05.731418"}
{"op_code": 4, "worker_id": "991ea4ad-cfd3-44d6-b986-bcecb07f44ff-140004430755648", "study_id": 0, "datetime_start": "2024-08-30T15:58:05.740031"}
{"op_code": 5, "worker_id": "991ea4ad-cfd3-44d6-b986-bcecb07f44ff-140004430755648", "trial_id": 22, "param_name": "lr", "param_value_internal": 0.00012001629444458152, "distribution": "{\"name\": \"FloatDistribution\", \"attributes\": {\"step\": null, \"low\": 1e-05, \"high\": 0.001, \"log\": true}}"}
{"op_code": 5, "worker_id": "991ea4ad-cfd3-44d6-b986-bcecb07f44ff-140004430755648", "trial_id": 22, "param_name": "l2reg", "param_value_internal": 3.1578589528236486e-08, "distribution": "{\"name\": \"FloatDistribution\", \"attributes\": {\"step\": null, \"low\": 1e-08, \"high\": 0.001, \"log\": true}}"}
{"op_code": 5, "worker_id": "991ea4ad-cfd3-44d6-b986-bcecb07f44ff-140004430755648", "trial_id": 22, "param_name": "random_seed", "param_value_internal": 0, "distribution": "{\"name\": \"CategoricalDistribution\", \"attributes\": {\"choices\": [42]}}"}
{"op_code": 5, "worker_id": "991ea4ad-cfd3-44d6-b986-bcecb07f44ff-140004430755648", "trial_id": 22, "param_name": "degree", "param_value_internal": 0, "distribution": "{\"name\": \"CategoricalDistribution\", \"attributes\": {\"choices\": [3]}}"}
{"op_code": 8, "worker_id": "991ea4ad-cfd3-44d6-b986-bcecb07f44ff-140004430755648", "trial_id": 22, "user_attr": {"best_epoch": 1}}
{"op_code": 8, "worker_id": "991ea4ad-cfd3-44d6-b986-bcecb07f44ff-140004430755648", "trial_id": 22, "user_attr": {"test_loss": 0.4504799379537093}}
{"op_code": 6, "worker_id": "991ea4ad-cfd3-44d6-b986-bcecb07f44ff-140004430755648", "trial_id": 22, "state": 1, "values": [0.44582483286657115], "datetime_complete": "2024-08-30T16:20:19.332531"}
{"op_code": 4, "worker_id": "991ea4ad-cfd3-44d6-b986-bcecb07f44ff-140004430755648", "study_id": 0, "datetime_start": "2024-08-30T16:20:19.346004"}
{"op_code": 5, "worker_id": "991ea4ad-cfd3-44d6-b986-bcecb07f44ff-140004430755648", "trial_id": 23, "param_name": "lr", "param_value_internal": 0.0001961973043076226, "distribution": "{\"name\": \"FloatDistribution\", \"attributes\": {\"step\": null, \"low\": 1e-05, \"high\": 0.001, \"log\": true}}"}
{"op_code": 5, "worker_id": "991ea4ad-cfd3-44d6-b986-bcecb07f44ff-140004430755648", "trial_id": 23, "param_name": "l2reg", "param_value_internal": 3.90734568388762e-08, "distribution": "{\"name\": \"FloatDistribution\", \"attributes\": {\"step\": null, \"low\": 1e-08, \"high\": 0.001, \"log\": true}}"}
{"op_code": 5, "worker_id": "991ea4ad-cfd3-44d6-b986-bcecb07f44ff-140004430755648", "trial_id": 23, "param_name": "random_seed", "param_value_internal": 0, "distribution": "{\"name\": \"CategoricalDistribution\", \"attributes\": {\"choices\": [42]}}"}
{"op_code": 5, "worker_id": "991ea4ad-cfd3-44d6-b986-bcecb07f44ff-140004430755648", "trial_id": 23, "param_name": "degree", "param_value_internal": 0, "distribution": "{\"name\": \"CategoricalDistribution\", \"attributes\": {\"choices\": [3]}}"}
{"op_code": 8, "worker_id": "991ea4ad-cfd3-44d6-b986-bcecb07f44ff-140004430755648", "trial_id": 23, "user_attr": {"best_epoch": 0}}
{"op_code": 8, "worker_id": "991ea4ad-cfd3-44d6-b986-bcecb07f44ff-140004430755648", "trial_id": 23, "user_attr": {"test_loss": 0.45134053399329543}}
{"op_code": 6, "worker_id": "991ea4ad-cfd3-44d6-b986-bcecb07f44ff-140004430755648", "trial_id": 23, "state": 1, "values": [0.4467537251895808], "datetime_complete": "2024-08-30T16:38:39.116612"}
{"op_code": 4, "worker_id": "991ea4ad-cfd3-44d6-b986-bcecb07f44ff-140004430755648", "study_id": 0, "datetime_start": "2024-08-30T16:38:39.125081"}
{"op_code": 5, "worker_id": "991ea4ad-cfd3-44d6-b986-bcecb07f44ff-140004430755648", "trial_id": 24, "param_name": "lr", "param_value_internal": 6.191594250627163e-05, "distribution": "{\"name\": \"FloatDistribution\", \"attributes\": {\"step\": null, \"low\": 1e-05, \"high\": 0.001, \"log\": true}}"}
{"op_code": 5, "worker_id": "991ea4ad-cfd3-44d6-b986-bcecb07f44ff-140004430755648", "trial_id": 24, "param_name": "l2reg", "param_value_internal": 1.0151480201722506e-08, "distribution": "{\"name\": \"FloatDistribution\", \"attributes\": {\"step\": null, \"low\": 1e-08, \"high\": 0.001, \"log\": true}}"}
{"op_code": 5, "worker_id": "991ea4ad-cfd3-44d6-b986-bcecb07f44ff-140004430755648", "trial_id": 24, "param_name": "random_seed", "param_value_internal": 0, "distribution": "{\"name\": \"CategoricalDistribution\", \"attributes\": {\"choices\": [42]}}"}
{"op_code": 5, "worker_id": "991ea4ad-cfd3-44d6-b986-bcecb07f44ff-140004430755648", "trial_id": 24, "param_name": "degree", "param_value_internal": 0, "distribution": "{\"name\": \"CategoricalDistribution\", \"attributes\": {\"choices\": [3]}}"}
{"op_code": 8, "worker_id": "991ea4ad-cfd3-44d6-b986-bcecb07f44ff-140004430755648", "trial_id": 24, "user_attr": {"best_epoch": 2}}
{"op_code": 8, "worker_id": "991ea4ad-cfd3-44d6-b986-bcecb07f44ff-140004430755648", "trial_id": 24, "user_attr": {"test_loss": 0.4511887471923641}}
{"op_code": 6, "worker_id": "991ea4ad-cfd3-44d6-b986-bcecb07f44ff-140004430755648", "trial_id": 24, "state": 1, "values": [0.4465440639764471], "datetime_complete": "2024-08-30T17:04:47.330328"}
{"op_code": 4, "worker_id": "991ea4ad-cfd3-44d6-b986-bcecb07f44ff-140004430755648", "study_id": 0, "datetime_start": "2024-08-30T17:04:47.338759"}
{"op_code": 5, "worker_id": "991ea4ad-cfd3-44d6-b986-bcecb07f44ff-140004430755648", "trial_id": 25, "param_name": "lr", "param_value_internal": 0.00013170622261562156, "distribution": "{\"name\": \"FloatDistribution\", \"attributes\": {\"step\": null, \"low\": 1e-05, \"high\": 0.001, \"log\": true}}"}
{"op_code": 5, "worker_id": "991ea4ad-cfd3-44d6-b986-bcecb07f44ff-140004430755648", "trial_id": 25, "param_name": "l2reg", "param_value_internal": 3.07179374333111e-08, "distribution": "{\"name\": \"FloatDistribution\", \"attributes\": {\"step\": null, \"low\": 1e-08, \"high\": 0.001, \"log\": true}}"}
{"op_code": 5, "worker_id": "991ea4ad-cfd3-44d6-b986-bcecb07f44ff-140004430755648", "trial_id": 25, "param_name": "random_seed", "param_value_internal": 0, "distribution": "{\"name\": \"CategoricalDistribution\", \"attributes\": {\"choices\": [42]}}"}
{"op_code": 5, "worker_id": "991ea4ad-cfd3-44d6-b986-bcecb07f44ff-140004430755648", "trial_id": 25, "param_name": "degree", "param_value_internal": 0, "distribution": "{\"name\": \"CategoricalDistribution\", \"attributes\": {\"choices\": [3]}}"}
{"op_code": 8, "worker_id": "991ea4ad-cfd3-44d6-b986-bcecb07f44ff-140004430755648", "trial_id": 25, "user_attr": {"best_epoch": 1}}
{"op_code": 8, "worker_id": "991ea4ad-cfd3-44d6-b986-bcecb07f44ff-140004430755648", "trial_id": 25, "user_attr": {"test_loss": 0.4505559458814392}}
{"op_code": 6, "worker_id": "991ea4ad-cfd3-44d6-b986-bcecb07f44ff-140004430755648", "trial_id": 25, "state": 1, "values": [0.44589297657841453], "datetime_complete": "2024-08-30T17:26:50.318457"}
{"op_code": 4, "worker_id": "991ea4ad-cfd3-44d6-b986-bcecb07f44ff-140004430755648", "study_id": 0, "datetime_start": "2024-08-30T17:26:50.326935"}
{"op_code": 5, "worker_id": "991ea4ad-cfd3-44d6-b986-bcecb07f44ff-140004430755648", "trial_id": 26, "param_name": "lr", "param_value_internal": 8.454531708352149e-05, "distribution": "{\"name\": \"FloatDistribution\", \"attributes\": {\"step\": null, \"low\": 1e-05, \"high\": 0.001, \"log\": true}}"}
{"op_code": 5, "worker_id": "991ea4ad-cfd3-44d6-b986-bcecb07f44ff-140004430755648", "trial_id": 26, "param_name": "l2reg", "param_value_internal": 1.6135211589236305e-07, "distribution": "{\"name\": \"FloatDistribution\", \"attributes\": {\"step\": null, \"low\": 1e-08, \"high\": 0.001, \"log\": true}}"}
{"op_code": 5, "worker_id": "991ea4ad-cfd3-44d6-b986-bcecb07f44ff-140004430755648", "trial_id": 26, "param_name": "random_seed", "param_value_internal": 0, "distribution": "{\"name\": \"CategoricalDistribution\", \"attributes\": {\"choices\": [42]}}"}
{"op_code": 5, "worker_id": "991ea4ad-cfd3-44d6-b986-bcecb07f44ff-140004430755648", "trial_id": 26, "param_name": "degree", "param_value_internal": 0, "distribution": "{\"name\": \"CategoricalDistribution\", \"attributes\": {\"choices\": [3]}}"}
{"op_code": 8, "worker_id": "991ea4ad-cfd3-44d6-b986-bcecb07f44ff-140004430755648", "trial_id": 26, "user_attr": {"best_epoch": 1}}
{"op_code": 8, "worker_id": "991ea4ad-cfd3-44d6-b986-bcecb07f44ff-140004430755648", "trial_id": 26, "user_attr": {"test_loss": 0.4509325497021604}}
{"op_code": 6, "worker_id": "991ea4ad-cfd3-44d6-b986-bcecb07f44ff-140004430755648", "trial_id": 26, "state": 1, "values": [0.44628252192051504], "datetime_complete": "2024-08-30T17:48:38.122044"}
{"op_code": 4, "worker_id": "991ea4ad-cfd3-44d6-b986-bcecb07f44ff-140004430755648", "study_id": 0, "datetime_start": "2024-08-30T17:48:38.137879"}
{"op_code": 5, "worker_id": "991ea4ad-cfd3-44d6-b986-bcecb07f44ff-140004430755648", "trial_id": 27, "param_name": "lr", "param_value_internal": 4.211820672276472e-05, "distribution": "{\"name\": \"FloatDistribution\", \"attributes\": {\"step\": null, \"low\": 1e-05, \"high\": 0.001, \"log\": true}}"}
{"op_code": 5, "worker_id": "991ea4ad-cfd3-44d6-b986-bcecb07f44ff-140004430755648", "trial_id": 27, "param_name": "l2reg", "param_value_internal": 2.0807224844685704e-08, "distribution": "{\"name\": \"FloatDistribution\", \"attributes\": {\"step\": null, \"low\": 1e-08, \"high\": 0.001, \"log\": true}}"}
{"op_code": 5, "worker_id": "991ea4ad-cfd3-44d6-b986-bcecb07f44ff-140004430755648", "trial_id": 27, "param_name": "random_seed", "param_value_internal": 0, "distribution": "{\"name\": \"CategoricalDistribution\", \"attributes\": {\"choices\": [42]}}"}
{"op_code": 5, "worker_id": "991ea4ad-cfd3-44d6-b986-bcecb07f44ff-140004430755648", "trial_id": 27, "param_name": "degree", "param_value_internal": 0, "distribution": "{\"name\": \"CategoricalDistribution\", \"attributes\": {\"choices\": [3]}}"}
{"op_code": 8, "worker_id": "991ea4ad-cfd3-44d6-b986-bcecb07f44ff-140004430755648", "trial_id": 27, "user_attr": {"best_epoch": 3}}
{"op_code": 8, "worker_id": "991ea4ad-cfd3-44d6-b986-bcecb07f44ff-140004430755648", "trial_id": 27, "user_attr": {"test_loss": 0.451598678446992}}
{"op_code": 6, "worker_id": "991ea4ad-cfd3-44d6-b986-bcecb07f44ff-140004430755648", "trial_id": 27, "state": 1, "values": [0.44686386222524915], "datetime_complete": "2024-08-30T18:18:37.412155"}
{"op_code": 4, "worker_id": "991ea4ad-cfd3-44d6-b986-bcecb07f44ff-140004430755648", "study_id": 0, "datetime_start": "2024-08-30T18:18:37.421311"}
{"op_code": 5, "worker_id": "991ea4ad-cfd3-44d6-b986-bcecb07f44ff-140004430755648", "trial_id": 28, "param_name": "lr", "param_value_internal": 0.00024384006119207332, "distribution": "{\"name\": \"FloatDistribution\", \"attributes\": {\"step\": null, \"low\": 1e-05, \"high\": 0.001, \"log\": true}}"}
{"op_code": 5, "worker_id": "991ea4ad-cfd3-44d6-b986-bcecb07f44ff-140004430755648", "trial_id": 28, "param_name": "l2reg", "param_value_internal": 4.073546228163666e-08, "distribution": "{\"name\": \"FloatDistribution\", \"attributes\": {\"step\": null, \"low\": 1e-08, \"high\": 0.001, \"log\": true}}"}
{"op_code": 5, "worker_id": "991ea4ad-cfd3-44d6-b986-bcecb07f44ff-140004430755648", "trial_id": 28, "param_name": "random_seed", "param_value_internal": 0, "distribution": "{\"name\": \"CategoricalDistribution\", \"attributes\": {\"choices\": [42]}}"}
{"op_code": 5, "worker_id": "991ea4ad-cfd3-44d6-b986-bcecb07f44ff-140004430755648", "trial_id": 28, "param_name": "degree", "param_value_internal": 0, "distribution": "{\"name\": \"CategoricalDistribution\", \"attributes\": {\"choices\": [3]}}"}
{"op_code": 8, "worker_id": "991ea4ad-cfd3-44d6-b986-bcecb07f44ff-140004430755648", "trial_id": 28, "user_attr": {"best_epoch": 0}}
{"op_code": 8, "worker_id": "991ea4ad-cfd3-44d6-b986-bcecb07f44ff-140004430755648", "trial_id": 28, "user_attr": {"test_loss": 0.45113549201447195}}
{"op_code": 6, "worker_id": "991ea4ad-cfd3-44d6-b986-bcecb07f44ff-140004430755648", "trial_id": 28, "state": 1, "values": [0.4465415443770176], "datetime_complete": "2024-08-30T18:36:47.370583"}
{"op_code": 4, "worker_id": "991ea4ad-cfd3-44d6-b986-bcecb07f44ff-140004430755648", "study_id": 0, "datetime_start": "2024-08-30T18:36:47.378906"}
{"op_code": 5, "worker_id": "991ea4ad-cfd3-44d6-b986-bcecb07f44ff-140004430755648", "trial_id": 29, "param_name": "lr", "param_value_internal": 0.00041317312878129484, "distribution": "{\"name\": \"FloatDistribution\", \"attributes\": {\"step\": null, \"low\": 1e-05, \"high\": 0.001, \"log\": true}}"}
{"op_code": 5, "worker_id": "991ea4ad-cfd3-44d6-b986-bcecb07f44ff-140004430755648", "trial_id": 29, "param_name": "l2reg", "param_value_internal": 1.0371644402681178e-08, "distribution": "{\"name\": \"FloatDistribution\", \"attributes\": {\"step\": null, \"low\": 1e-08, \"high\": 0.001, \"log\": true}}"}
{"op_code": 5, "worker_id": "991ea4ad-cfd3-44d6-b986-bcecb07f44ff-140004430755648", "trial_id": 29, "param_name": "random_seed", "param_value_internal": 0, "distribution": "{\"name\": \"CategoricalDistribution\", \"attributes\": {\"choices\": [42]}}"}
{"op_code": 5, "worker_id": "991ea4ad-cfd3-44d6-b986-bcecb07f44ff-140004430755648", "trial_id": 29, "param_name": "degree", "param_value_internal": 0, "distribution": "{\"name\": \"CategoricalDistribution\", \"attributes\": {\"choices\": [3]}}"}
{"op_code": 8, "worker_id": "991ea4ad-cfd3-44d6-b986-bcecb07f44ff-140004430755648", "trial_id": 29, "user_attr": {"best_epoch": 0}}
{"op_code": 8, "worker_id": "991ea4ad-cfd3-44d6-b986-bcecb07f44ff-140004430755648", "trial_id": 29, "user_attr": {"test_loss": 0.45107013512232047}}
{"op_code": 6, "worker_id": "991ea4ad-cfd3-44d6-b986-bcecb07f44ff-140004430755648", "trial_id": 29, "state": 1, "values": [0.44650802606945544], "datetime_complete": "2024-08-30T18:55:05.700316"}
{"op_code": 4, "worker_id": "991ea4ad-cfd3-44d6-b986-bcecb07f44ff-140004430755648", "study_id": 0, "datetime_start": "2024-08-30T18:55:05.710554"}
{"op_code": 5, "worker_id": "991ea4ad-cfd3-44d6-b986-bcecb07f44ff-140004430755648", "trial_id": 30, "param_name": "lr", "param_value_internal": 6.027206802136194e-05, "distribution": "{\"name\": \"FloatDistribution\", \"attributes\": {\"step\": null, \"low\": 1e-05, \"high\": 0.001, \"log\": true}}"}
{"op_code": 5, "worker_id": "991ea4ad-cfd3-44d6-b986-bcecb07f44ff-140004430755648", "trial_id": 30, "param_name": "l2reg", "param_value_internal": 2.798510311857334e-07, "distribution": "{\"name\": \"FloatDistribution\", \"attributes\": {\"step\": null, \"low\": 1e-08, \"high\": 0.001, \"log\": true}}"}
{"op_code": 5, "worker_id": "991ea4ad-cfd3-44d6-b986-bcecb07f44ff-140004430755648", "trial_id": 30, "param_name": "random_seed", "param_value_internal": 0, "distribution": "{\"name\": \"CategoricalDistribution\", \"attributes\": {\"choices\": [42]}}"}
{"op_code": 5, "worker_id": "991ea4ad-cfd3-44d6-b986-bcecb07f44ff-140004430755648", "trial_id": 30, "param_name": "degree", "param_value_internal": 0, "distribution": "{\"name\": \"CategoricalDistribution\", \"attributes\": {\"choices\": [3]}}"}
{"op_code": 8, "worker_id": "991ea4ad-cfd3-44d6-b986-bcecb07f44ff-140004430755648", "trial_id": 30, "user_attr": {"best_epoch": 2}}
{"op_code": 8, "worker_id": "991ea4ad-cfd3-44d6-b986-bcecb07f44ff-140004430755648", "trial_id": 30, "user_attr": {"test_loss": 0.45123264931033974}}
{"op_code": 6, "worker_id": "991ea4ad-cfd3-44d6-b986-bcecb07f44ff-140004430755648", "trial_id": 30, "state": 1, "values": [0.44659552488600723], "datetime_complete": "2024-08-30T19:21:08.888706"}
{"op_code": 4, "worker_id": "991ea4ad-cfd3-44d6-b986-bcecb07f44ff-140004430755648", "study_id": 0, "datetime_start": "2024-08-30T19:21:08.898253"}
{"op_code": 5, "worker_id": "991ea4ad-cfd3-44d6-b986-bcecb07f44ff-140004430755648", "trial_id": 31, "param_name": "lr", "param_value_internal": 0.00011365634678109819, "distribution": "{\"name\": \"FloatDistribution\", \"attributes\": {\"step\": null, \"low\": 1e-05, \"high\": 0.001, \"log\": true}}"}
{"op_code": 5, "worker_id": "991ea4ad-cfd3-44d6-b986-bcecb07f44ff-140004430755648", "trial_id": 31, "param_name": "l2reg", "param_value_internal": 6.730282693024627e-08, "distribution": "{\"name\": \"FloatDistribution\", \"attributes\": {\"step\": null, \"low\": 1e-08, \"high\": 0.001, \"log\": true}}"}
{"op_code": 5, "worker_id": "991ea4ad-cfd3-44d6-b986-bcecb07f44ff-140004430755648", "trial_id": 31, "param_name": "random_seed", "param_value_internal": 0, "distribution": "{\"name\": \"CategoricalDistribution\", \"attributes\": {\"choices\": [42]}}"}
{"op_code": 5, "worker_id": "991ea4ad-cfd3-44d6-b986-bcecb07f44ff-140004430755648", "trial_id": 31, "param_name": "degree", "param_value_internal": 0, "distribution": "{\"name\": \"CategoricalDistribution\", \"attributes\": {\"choices\": [3]}}"}
{"op_code": 8, "worker_id": "991ea4ad-cfd3-44d6-b986-bcecb07f44ff-140004430755648", "trial_id": 31, "user_attr": {"best_epoch": 1}}
{"op_code": 8, "worker_id": "991ea4ad-cfd3-44d6-b986-bcecb07f44ff-140004430755648", "trial_id": 31, "user_attr": {"test_loss": 0.4504729899663427}}
{"op_code": 6, "worker_id": "991ea4ad-cfd3-44d6-b986-bcecb07f44ff-140004430755648", "trial_id": 31, "state": 1, "values": [0.4458210534674269], "datetime_complete": "2024-08-30T19:43:19.346610"}
{"op_code": 4, "worker_id": "991ea4ad-cfd3-44d6-b986-bcecb07f44ff-140004430755648", "study_id": 0, "datetime_start": "2024-08-30T19:43:19.355074"}
{"op_code": 5, "worker_id": "991ea4ad-cfd3-44d6-b986-bcecb07f44ff-140004430755648", "trial_id": 32, "param_name": "lr", "param_value_internal": 0.00012274080948349286, "distribution": "{\"name\": \"FloatDistribution\", \"attributes\": {\"step\": null, \"low\": 1e-05, \"high\": 0.001, \"log\": true}}"}
{"op_code": 5, "worker_id": "991ea4ad-cfd3-44d6-b986-bcecb07f44ff-140004430755648", "trial_id": 32, "param_name": "l2reg", "param_value_internal": 6.001054940756502e-08, "distribution": "{\"name\": \"FloatDistribution\", \"attributes\": {\"step\": null, \"low\": 1e-08, \"high\": 0.001, \"log\": true}}"}
{"op_code": 5, "worker_id": "991ea4ad-cfd3-44d6-b986-bcecb07f44ff-140004430755648", "trial_id": 32, "param_name": "random_seed", "param_value_internal": 0, "distribution": "{\"name\": \"CategoricalDistribution\", \"attributes\": {\"choices\": [42]}}"}
{"op_code": 5, "worker_id": "991ea4ad-cfd3-44d6-b986-bcecb07f44ff-140004430755648", "trial_id": 32, "param_name": "degree", "param_value_internal": 0, "distribution": "{\"name\": \"CategoricalDistribution\", \"attributes\": {\"choices\": [3]}}"}
{"op_code": 8, "worker_id": "991ea4ad-cfd3-44d6-b986-bcecb07f44ff-140004430755648", "trial_id": 32, "user_attr": {"best_epoch": 1}}
{"op_code": 8, "worker_id": "991ea4ad-cfd3-44d6-b986-bcecb07f44ff-140004430755648", "trial_id": 32, "user_attr": {"test_loss": 0.45049135250438294}}
{"op_code": 6, "worker_id": "991ea4ad-cfd3-44d6-b986-bcecb07f44ff-140004430755648", "trial_id": 32, "state": 1, "values": [0.4458343386280552], "datetime_complete": "2024-08-30T20:05:31.254117"}
{"op_code": 4, "worker_id": "991ea4ad-cfd3-44d6-b986-bcecb07f44ff-140004430755648", "study_id": 0, "datetime_start": "2024-08-30T20:05:31.262404"}
{"op_code": 5, "worker_id": "991ea4ad-cfd3-44d6-b986-bcecb07f44ff-140004430755648", "trial_id": 33, "param_name": "lr", "param_value_internal": 7.108736683168328e-05, "distribution": "{\"name\": \"FloatDistribution\", \"attributes\": {\"step\": null, \"low\": 1e-05, \"high\": 0.001, \"log\": true}}"}
{"op_code": 5, "worker_id": "991ea4ad-cfd3-44d6-b986-bcecb07f44ff-140004430755648", "trial_id": 33, "param_name": "l2reg", "param_value_internal": 2.2892255030886096e-08, "distribution": "{\"name\": \"FloatDistribution\", \"attributes\": {\"step\": null, \"low\": 1e-08, \"high\": 0.001, \"log\": true}}"}
{"op_code": 5, "worker_id": "991ea4ad-cfd3-44d6-b986-bcecb07f44ff-140004430755648", "trial_id": 33, "param_name": "random_seed", "param_value_internal": 0, "distribution": "{\"name\": \"CategoricalDistribution\", \"attributes\": {\"choices\": [42]}}"}
{"op_code": 5, "worker_id": "991ea4ad-cfd3-44d6-b986-bcecb07f44ff-140004430755648", "trial_id": 33, "param_name": "degree", "param_value_internal": 0, "distribution": "{\"name\": \"CategoricalDistribution\", \"attributes\": {\"choices\": [3]}}"}
{"op_code": 8, "worker_id": "991ea4ad-cfd3-44d6-b986-bcecb07f44ff-140004430755648", "trial_id": 33, "user_attr": {"best_epoch": 2}}
{"op_code": 8, "worker_id": "991ea4ad-cfd3-44d6-b986-bcecb07f44ff-140004430755648", "trial_id": 33, "user_attr": {"test_loss": 0.45111060142236753}}
{"op_code": 6, "worker_id": "991ea4ad-cfd3-44d6-b986-bcecb07f44ff-140004430755648", "trial_id": 33, "state": 1, "values": [0.4464198019136739], "datetime_complete": "2024-08-30T20:31:37.393223"}
{"op_code": 4, "worker_id": "991ea4ad-cfd3-44d6-b986-bcecb07f44ff-140004430755648", "study_id": 0, "datetime_start": "2024-08-30T20:31:37.403829"}
{"op_code": 5, "worker_id": "991ea4ad-cfd3-44d6-b986-bcecb07f44ff-140004430755648", "trial_id": 34, "param_name": "lr", "param_value_internal": 0.00020505109274408104, "distribution": "{\"name\": \"FloatDistribution\", \"attributes\": {\"step\": null, \"low\": 1e-05, \"high\": 0.001, \"log\": true}}"}
{"op_code": 5, "worker_id": "991ea4ad-cfd3-44d6-b986-bcecb07f44ff-140004430755648", "trial_id": 34, "param_name": "l2reg", "param_value_internal": 6.426907524302598e-08, "distribution": "{\"name\": \"FloatDistribution\", \"attributes\": {\"step\": null, \"low\": 1e-08, \"high\": 0.001, \"log\": true}}"}
{"op_code": 5, "worker_id": "991ea4ad-cfd3-44d6-b986-bcecb07f44ff-140004430755648", "trial_id": 34, "param_name": "random_seed", "param_value_internal": 0, "distribution": "{\"name\": \"CategoricalDistribution\", \"attributes\": {\"choices\": [42]}}"}
{"op_code": 5, "worker_id": "991ea4ad-cfd3-44d6-b986-bcecb07f44ff-140004430755648", "trial_id": 34, "param_name": "degree", "param_value_internal": 0, "distribution": "{\"name\": \"CategoricalDistribution\", \"attributes\": {\"choices\": [3]}}"}
{"op_code": 8, "worker_id": "991ea4ad-cfd3-44d6-b986-bcecb07f44ff-140004430755648", "trial_id": 34, "user_attr": {"best_epoch": 0}}
{"op_code": 8, "worker_id": "991ea4ad-cfd3-44d6-b986-bcecb07f44ff-140004430755648", "trial_id": 34, "user_attr": {"test_loss": 0.45127888014935574}}
{"op_code": 6, "worker_id": "991ea4ad-cfd3-44d6-b986-bcecb07f44ff-140004430755648", "trial_id": 34, "state": 1, "values": [0.4466904679736007], "datetime_complete": "2024-08-30T20:50:00.257007"}
{"op_code": 4, "worker_id": "991ea4ad-cfd3-44d6-b986-bcecb07f44ff-140004430755648", "study_id": 0, "datetime_start": "2024-08-30T20:50:00.268481"}
{"op_code": 5, "worker_id": "991ea4ad-cfd3-44d6-b986-bcecb07f44ff-140004430755648", "trial_id": 35, "param_name": "lr", "param_value_internal": 4.801855877787463e-05, "distribution": "{\"name\": \"FloatDistribution\", \"attributes\": {\"step\": null, \"low\": 1e-05, \"high\": 0.001, \"log\": true}}"}
{"op_code": 5, "worker_id": "991ea4ad-cfd3-44d6-b986-bcecb07f44ff-140004430755648", "trial_id": 35, "param_name": "l2reg", "param_value_internal": 1.2744237537064494e-07, "distribution": "{\"name\": \"FloatDistribution\", \"attributes\": {\"step\": null, \"low\": 1e-08, \"high\": 0.001, \"log\": true}}"}
{"op_code": 5, "worker_id": "991ea4ad-cfd3-44d6-b986-bcecb07f44ff-140004430755648", "trial_id": 35, "param_name": "random_seed", "param_value_internal": 0, "distribution": "{\"name\": \"CategoricalDistribution\", \"attributes\": {\"choices\": [42]}}"}
{"op_code": 5, "worker_id": "991ea4ad-cfd3-44d6-b986-bcecb07f44ff-140004430755648", "trial_id": 35, "param_name": "degree", "param_value_internal": 0, "distribution": "{\"name\": \"CategoricalDistribution\", \"attributes\": {\"choices\": [3]}}"}
{"op_code": 8, "worker_id": "991ea4ad-cfd3-44d6-b986-bcecb07f44ff-140004430755648", "trial_id": 35, "user_attr": {"best_epoch": 3}}
{"op_code": 8, "worker_id": "991ea4ad-cfd3-44d6-b986-bcecb07f44ff-140004430755648", "trial_id": 35, "user_attr": {"test_loss": 0.45145242713050104}}
{"op_code": 6, "worker_id": "991ea4ad-cfd3-44d6-b986-bcecb07f44ff-140004430755648", "trial_id": 35, "state": 1, "values": [0.44670165346803775], "datetime_complete": "2024-08-30T21:19:56.990132"}
{"op_code": 4, "worker_id": "991ea4ad-cfd3-44d6-b986-bcecb07f44ff-140004430755648", "study_id": 0, "datetime_start": "2024-08-30T21:19:56.999457"}
{"op_code": 5, "worker_id": "991ea4ad-cfd3-44d6-b986-bcecb07f44ff-140004430755648", "trial_id": 36, "param_name": "lr", "param_value_internal": 0.00016360378995528016, "distribution": "{\"name\": \"FloatDistribution\", \"attributes\": {\"step\": null, \"low\": 1e-05, \"high\": 0.001, \"log\": true}}"}
{"op_code": 5, "worker_id": "991ea4ad-cfd3-44d6-b986-bcecb07f44ff-140004430755648", "trial_id": 36, "param_name": "l2reg", "param_value_internal": 5.1474979636510584e-08, "distribution": "{\"name\": \"FloatDistribution\", \"attributes\": {\"step\": null, \"low\": 1e-08, \"high\": 0.001, \"log\": true}}"}
{"op_code": 5, "worker_id": "991ea4ad-cfd3-44d6-b986-bcecb07f44ff-140004430755648", "trial_id": 36, "param_name": "random_seed", "param_value_internal": 0, "distribution": "{\"name\": \"CategoricalDistribution\", \"attributes\": {\"choices\": [42]}}"}
{"op_code": 5, "worker_id": "991ea4ad-cfd3-44d6-b986-bcecb07f44ff-140004430755648", "trial_id": 36, "param_name": "degree", "param_value_internal": 0, "distribution": "{\"name\": \"CategoricalDistribution\", \"attributes\": {\"choices\": [3]}}"}
{"op_code": 8, "worker_id": "991ea4ad-cfd3-44d6-b986-bcecb07f44ff-140004430755648", "trial_id": 36, "user_attr": {"best_epoch": 1}}
{"op_code": 8, "worker_id": "991ea4ad-cfd3-44d6-b986-bcecb07f44ff-140004430755648", "trial_id": 36, "user_attr": {"test_loss": 0.45102741645274247}}
{"op_code": 6, "worker_id": "991ea4ad-cfd3-44d6-b986-bcecb07f44ff-140004430755648", "trial_id": 36, "state": 1, "values": [0.4463386020956959], "datetime_complete": "2024-08-30T21:42:07.040167"}
{"op_code": 4, "worker_id": "991ea4ad-cfd3-44d6-b986-bcecb07f44ff-140004430755648", "study_id": 0, "datetime_start": "2024-08-30T21:42:07.048457"}
{"op_code": 5, "worker_id": "991ea4ad-cfd3-44d6-b986-bcecb07f44ff-140004430755648", "trial_id": 37, "param_name": "lr", "param_value_internal": 8.934587847252232e-05, "distribution": "{\"name\": \"FloatDistribution\", \"attributes\": {\"step\": null, \"low\": 1e-05, \"high\": 0.001, \"log\": true}}"}
{"op_code": 5, "worker_id": "991ea4ad-cfd3-44d6-b986-bcecb07f44ff-140004430755648", "trial_id": 37, "param_name": "l2reg", "param_value_internal": 0.0001377007473362727, "distribution": "{\"name\": \"FloatDistribution\", \"attributes\": {\"step\": null, \"low\": 1e-08, \"high\": 0.001, \"log\": true}}"}
{"op_code": 5, "worker_id": "991ea4ad-cfd3-44d6-b986-bcecb07f44ff-140004430755648", "trial_id": 37, "param_name": "random_seed", "param_value_internal": 0, "distribution": "{\"name\": \"CategoricalDistribution\", \"attributes\": {\"choices\": [42]}}"}
{"op_code": 5, "worker_id": "991ea4ad-cfd3-44d6-b986-bcecb07f44ff-140004430755648", "trial_id": 37, "param_name": "degree", "param_value_internal": 0, "distribution": "{\"name\": \"CategoricalDistribution\", \"attributes\": {\"choices\": [3]}}"}
{"op_code": 8, "worker_id": "991ea4ad-cfd3-44d6-b986-bcecb07f44ff-140004430755648", "trial_id": 37, "user_attr": {"best_epoch": 1}}
{"op_code": 8, "worker_id": "991ea4ad-cfd3-44d6-b986-bcecb07f44ff-140004430755648", "trial_id": 37, "user_attr": {"test_loss": 0.4507832825010433}}
{"op_code": 6, "worker_id": "991ea4ad-cfd3-44d6-b986-bcecb07f44ff-140004430755648", "trial_id": 37, "state": 1, "values": [0.4461335983239319], "datetime_complete": "2024-08-30T22:04:17.820067"}
{"op_code": 4, "worker_id": "991ea4ad-cfd3-44d6-b986-bcecb07f44ff-140004430755648", "study_id": 0, "datetime_start": "2024-08-30T22:04:17.829039"}
{"op_code": 5, "worker_id": "991ea4ad-cfd3-44d6-b986-bcecb07f44ff-140004430755648", "trial_id": 38, "param_name": "lr", "param_value_internal": 2.635102992305573e-05, "distribution": "{\"name\": \"FloatDistribution\", \"attributes\": {\"step\": null, \"low\": 1e-05, \"high\": 0.001, \"log\": true}}"}
{"op_code": 5, "worker_id": "991ea4ad-cfd3-44d6-b986-bcecb07f44ff-140004430755648", "trial_id": 38, "param_name": "l2reg", "param_value_internal": 2.0344099109600818e-08, "distribution": "{\"name\": \"FloatDistribution\", \"attributes\": {\"step\": null, \"low\": 1e-08, \"high\": 0.001, \"log\": true}}"}
{"op_code": 5, "worker_id": "991ea4ad-cfd3-44d6-b986-bcecb07f44ff-140004430755648", "trial_id": 38, "param_name": "random_seed", "param_value_internal": 0, "distribution": "{\"name\": \"CategoricalDistribution\", \"attributes\": {\"choices\": [42]}}"}
{"op_code": 5, "worker_id": "991ea4ad-cfd3-44d6-b986-bcecb07f44ff-140004430755648", "trial_id": 38, "param_name": "degree", "param_value_internal": 0, "distribution": "{\"name\": \"CategoricalDistribution\", \"attributes\": {\"choices\": [3]}}"}
{"op_code": 8, "worker_id": "991ea4ad-cfd3-44d6-b986-bcecb07f44ff-140004430755648", "trial_id": 38, "user_attr": {"best_epoch": 6}}
{"op_code": 8, "worker_id": "991ea4ad-cfd3-44d6-b986-bcecb07f44ff-140004430755648", "trial_id": 38, "user_attr": {"test_loss": 0.45203605806929326}}
{"op_code": 6, "worker_id": "991ea4ad-cfd3-44d6-b986-bcecb07f44ff-140004430755648", "trial_id": 38, "state": 1, "values": [0.44707516499558686], "datetime_complete": "2024-08-30T22:45:55.372733"}
{"op_code": 4, "worker_id": "991ea4ad-cfd3-44d6-b986-bcecb07f44ff-140004430755648", "study_id": 0, "datetime_start": "2024-08-30T22:45:55.386516"}
{"op_code": 5, "worker_id": "991ea4ad-cfd3-44d6-b986-bcecb07f44ff-140004430755648", "trial_id": 39, "param_name": "lr", "param_value_internal": 3.2367871286896835e-05, "distribution": "{\"name\": \"FloatDistribution\", \"attributes\": {\"step\": null, \"low\": 1e-05, \"high\": 0.001, \"log\": true}}"}
{"op_code": 5, "worker_id": "991ea4ad-cfd3-44d6-b986-bcecb07f44ff-140004430755648", "trial_id": 39, "param_name": "l2reg", "param_value_internal": 1.5567288669293905e-05, "distribution": "{\"name\": \"FloatDistribution\", \"attributes\": {\"step\": null, \"low\": 1e-08, \"high\": 0.001, \"log\": true}}"}
{"op_code": 5, "worker_id": "991ea4ad-cfd3-44d6-b986-bcecb07f44ff-140004430755648", "trial_id": 39, "param_name": "random_seed", "param_value_internal": 0, "distribution": "{\"name\": \"CategoricalDistribution\", \"attributes\": {\"choices\": [42]}}"}
{"op_code": 5, "worker_id": "991ea4ad-cfd3-44d6-b986-bcecb07f44ff-140004430755648", "trial_id": 39, "param_name": "degree", "param_value_internal": 0, "distribution": "{\"name\": \"CategoricalDistribution\", \"attributes\": {\"choices\": [3]}}"}
{"op_code": 8, "worker_id": "991ea4ad-cfd3-44d6-b986-bcecb07f44ff-140004430755648", "trial_id": 39, "user_attr": {"best_epoch": 5}}
{"op_code": 8, "worker_id": "991ea4ad-cfd3-44d6-b986-bcecb07f44ff-140004430755648", "trial_id": 39, "user_attr": {"test_loss": 0.45185342525851474}}
{"op_code": 6, "worker_id": "991ea4ad-cfd3-44d6-b986-bcecb07f44ff-140004430755648", "trial_id": 39, "state": 1, "values": [0.4470522595462278], "datetime_complete": "2024-08-30T23:23:45.983328"}
{"op_code": 4, "worker_id": "991ea4ad-cfd3-44d6-b986-bcecb07f44ff-140004430755648", "study_id": 0, "datetime_start": "2024-08-30T23:23:45.991845"}
{"op_code": 5, "worker_id": "991ea4ad-cfd3-44d6-b986-bcecb07f44ff-140004430755648", "trial_id": 40, "param_name": "lr", "param_value_internal": 0.00012757956999947013, "distribution": "{\"name\": \"FloatDistribution\", \"attributes\": {\"step\": null, \"low\": 1e-05, \"high\": 0.001, \"log\": true}}"}
{"op_code": 5, "worker_id": "991ea4ad-cfd3-44d6-b986-bcecb07f44ff-140004430755648", "trial_id": 40, "param_name": "l2reg", "param_value_internal": 1.6825392387784788e-06, "distribution": "{\"name\": \"FloatDistribution\", \"attributes\": {\"step\": null, \"low\": 1e-08, \"high\": 0.001, \"log\": true}}"}
{"op_code": 5, "worker_id": "991ea4ad-cfd3-44d6-b986-bcecb07f44ff-140004430755648", "trial_id": 40, "param_name": "random_seed", "param_value_internal": 0, "distribution": "{\"name\": \"CategoricalDistribution\", \"attributes\": {\"choices\": [42]}}"}
{"op_code": 5, "worker_id": "991ea4ad-cfd3-44d6-b986-bcecb07f44ff-140004430755648", "trial_id": 40, "param_name": "degree", "param_value_internal": 0, "distribution": "{\"name\": \"CategoricalDistribution\", \"attributes\": {\"choices\": [3]}}"}
{"op_code": 8, "worker_id": "991ea4ad-cfd3-44d6-b986-bcecb07f44ff-140004430755648", "trial_id": 40, "user_attr": {"best_epoch": 1}}
{"op_code": 8, "worker_id": "991ea4ad-cfd3-44d6-b986-bcecb07f44ff-140004430755648", "trial_id": 40, "user_attr": {"test_loss": 0.4505209005385683}}
{"op_code": 6, "worker_id": "991ea4ad-cfd3-44d6-b986-bcecb07f44ff-140004430755648", "trial_id": 40, "state": 1, "values": [0.44586121435530324], "datetime_complete": "2024-08-30T23:46:00.542839"}
{"op_code": 4, "worker_id": "991ea4ad-cfd3-44d6-b986-bcecb07f44ff-140004430755648", "study_id": 0, "datetime_start": "2024-08-30T23:46:00.551366"}
{"op_code": 5, "worker_id": "991ea4ad-cfd3-44d6-b986-bcecb07f44ff-140004430755648", "trial_id": 41, "param_name": "lr", "param_value_internal": 0.00013002092785400772, "distribution": "{\"name\": \"FloatDistribution\", \"attributes\": {\"step\": null, \"low\": 1e-05, \"high\": 0.001, \"log\": true}}"}
{"op_code": 5, "worker_id": "991ea4ad-cfd3-44d6-b986-bcecb07f44ff-140004430755648", "trial_id": 41, "param_name": "l2reg", "param_value_internal": 7.641686630929466e-08, "distribution": "{\"name\": \"FloatDistribution\", \"attributes\": {\"step\": null, \"low\": 1e-08, \"high\": 0.001, \"log\": true}}"}
{"op_code": 5, "worker_id": "991ea4ad-cfd3-44d6-b986-bcecb07f44ff-140004430755648", "trial_id": 41, "param_name": "random_seed", "param_value_internal": 0, "distribution": "{\"name\": \"CategoricalDistribution\", \"attributes\": {\"choices\": [42]}}"}
{"op_code": 5, "worker_id": "991ea4ad-cfd3-44d6-b986-bcecb07f44ff-140004430755648", "trial_id": 41, "param_name": "degree", "param_value_internal": 0, "distribution": "{\"name\": \"CategoricalDistribution\", \"attributes\": {\"choices\": [3]}}"}
{"op_code": 8, "worker_id": "991ea4ad-cfd3-44d6-b986-bcecb07f44ff-140004430755648", "trial_id": 41, "user_attr": {"best_epoch": 1}}
{"op_code": 8, "worker_id": "991ea4ad-cfd3-44d6-b986-bcecb07f44ff-140004430755648", "trial_id": 41, "user_attr": {"test_loss": 0.4505405610522704}}
{"op_code": 6, "worker_id": "991ea4ad-cfd3-44d6-b986-bcecb07f44ff-140004430755648", "trial_id": 41, "state": 1, "values": [0.445879271484548], "datetime_complete": "2024-08-31T00:08:12.205293"}
{"op_code": 4, "worker_id": "991ea4ad-cfd3-44d6-b986-bcecb07f44ff-140004430755648", "study_id": 0, "datetime_start": "2024-08-31T00:08:12.218594"}
{"op_code": 5, "worker_id": "991ea4ad-cfd3-44d6-b986-bcecb07f44ff-140004430755648", "trial_id": 42, "param_name": "lr", "param_value_internal": 7.570545430507225e-05, "distribution": "{\"name\": \"FloatDistribution\", \"attributes\": {\"step\": null, \"low\": 1e-05, \"high\": 0.001, \"log\": true}}"}
{"op_code": 5, "worker_id": "991ea4ad-cfd3-44d6-b986-bcecb07f44ff-140004430755648", "trial_id": 42, "param_name": "l2reg", "param_value_internal": 1.5848356411880215e-07, "distribution": "{\"name\": \"FloatDistribution\", \"attributes\": {\"step\": null, \"low\": 1e-08, \"high\": 0.001, \"log\": true}}"}
{"op_code": 5, "worker_id": "991ea4ad-cfd3-44d6-b986-bcecb07f44ff-140004430755648", "trial_id": 42, "param_name": "random_seed", "param_value_internal": 0, "distribution": "{\"name\": \"CategoricalDistribution\", \"attributes\": {\"choices\": [42]}}"}
{"op_code": 5, "worker_id": "991ea4ad-cfd3-44d6-b986-bcecb07f44ff-140004430755648", "trial_id": 42, "param_name": "degree", "param_value_internal": 0, "distribution": "{\"name\": \"CategoricalDistribution\", \"attributes\": {\"choices\": [3]}}"}
{"op_code": 8, "worker_id": "991ea4ad-cfd3-44d6-b986-bcecb07f44ff-140004430755648", "trial_id": 42, "user_attr": {"best_epoch": 2}}
{"op_code": 8, "worker_id": "991ea4ad-cfd3-44d6-b986-bcecb07f44ff-140004430755648", "trial_id": 42, "user_attr": {"test_loss": 0.45116282585488116}}
{"op_code": 6, "worker_id": "991ea4ad-cfd3-44d6-b986-bcecb07f44ff-140004430755648", "trial_id": 42, "state": 1, "values": [0.44644641041067945], "datetime_complete": "2024-08-31T00:34:08.073336"}
{"op_code": 4, "worker_id": "991ea4ad-cfd3-44d6-b986-bcecb07f44ff-140004430755648", "study_id": 0, "datetime_start": "2024-08-31T00:34:08.084126"}
{"op_code": 5, "worker_id": "991ea4ad-cfd3-44d6-b986-bcecb07f44ff-140004430755648", "trial_id": 43, "param_name": "lr", "param_value_internal": 0.00010274993459803612, "distribution": "{\"name\": \"FloatDistribution\", \"attributes\": {\"step\": null, \"low\": 1e-05, \"high\": 0.001, \"log\": true}}"}
{"op_code": 5, "worker_id": "991ea4ad-cfd3-44d6-b986-bcecb07f44ff-140004430755648", "trial_id": 43, "param_name": "l2reg", "param_value_internal": 4.342748147681278e-08, "distribution": "{\"name\": \"FloatDistribution\", \"attributes\": {\"step\": null, \"low\": 1e-08, \"high\": 0.001, \"log\": true}}"}
{"op_code": 5, "worker_id": "991ea4ad-cfd3-44d6-b986-bcecb07f44ff-140004430755648", "trial_id": 43, "param_name": "random_seed", "param_value_internal": 0, "distribution": "{\"name\": \"CategoricalDistribution\", \"attributes\": {\"choices\": [42]}}"}
{"op_code": 5, "worker_id": "991ea4ad-cfd3-44d6-b986-bcecb07f44ff-140004430755648", "trial_id": 43, "param_name": "degree", "param_value_internal": 0, "distribution": "{\"name\": \"CategoricalDistribution\", \"attributes\": {\"choices\": [3]}}"}
{"op_code": 8, "worker_id": "991ea4ad-cfd3-44d6-b986-bcecb07f44ff-140004430755648", "trial_id": 43, "user_attr": {"best_epoch": 1}}
{"op_code": 8, "worker_id": "991ea4ad-cfd3-44d6-b986-bcecb07f44ff-140004430755648", "trial_id": 43, "user_attr": {"test_loss": 0.4505361708404728}}
{"op_code": 6, "worker_id": "991ea4ad-cfd3-44d6-b986-bcecb07f44ff-140004430755648", "trial_id": 43, "state": 1, "values": [0.4458867157555897], "datetime_complete": "2024-08-31T00:56:14.010643"}
{"op_code": 4, "worker_id": "991ea4ad-cfd3-44d6-b986-bcecb07f44ff-140004430755648", "study_id": 0, "datetime_start": "2024-08-31T00:56:14.019363"}
{"op_code": 5, "worker_id": "991ea4ad-cfd3-44d6-b986-bcecb07f44ff-140004430755648", "trial_id": 44, "param_name": "lr", "param_value_internal": 0.0002151735339978123, "distribution": "{\"name\": \"FloatDistribution\", \"attributes\": {\"step\": null, \"low\": 1e-05, \"high\": 0.001, \"log\": true}}"}
{"op_code": 5, "worker_id": "991ea4ad-cfd3-44d6-b986-bcecb07f44ff-140004430755648", "trial_id": 44, "param_name": "l2reg", "param_value_internal": 8.192836682759504e-08, "distribution": "{\"name\": \"FloatDistribution\", \"attributes\": {\"step\": null, \"low\": 1e-08, \"high\": 0.001, \"log\": true}}"}
{"op_code": 5, "worker_id": "991ea4ad-cfd3-44d6-b986-bcecb07f44ff-140004430755648", "trial_id": 44, "param_name": "random_seed", "param_value_internal": 0, "distribution": "{\"name\": \"CategoricalDistribution\", \"attributes\": {\"choices\": [42]}}"}
{"op_code": 5, "worker_id": "991ea4ad-cfd3-44d6-b986-bcecb07f44ff-140004430755648", "trial_id": 44, "param_name": "degree", "param_value_internal": 0, "distribution": "{\"name\": \"CategoricalDistribution\", \"attributes\": {\"choices\": [3]}}"}
{"op_code": 8, "worker_id": "991ea4ad-cfd3-44d6-b986-bcecb07f44ff-140004430755648", "trial_id": 44, "user_attr": {"best_epoch": 0}}
{"op_code": 8, "worker_id": "991ea4ad-cfd3-44d6-b986-bcecb07f44ff-140004430755648", "trial_id": 44, "user_attr": {"test_loss": 0.45122409794127316}}
{"op_code": 6, "worker_id": "991ea4ad-cfd3-44d6-b986-bcecb07f44ff-140004430755648", "trial_id": 44, "state": 1, "values": [0.44663404421667946], "datetime_complete": "2024-08-31T01:14:29.888144"}
{"op_code": 4, "worker_id": "991ea4ad-cfd3-44d6-b986-bcecb07f44ff-140004430755648", "study_id": 0, "datetime_start": "2024-08-31T01:14:29.898829"}
{"op_code": 5, "worker_id": "991ea4ad-cfd3-44d6-b986-bcecb07f44ff-140004430755648", "trial_id": 45, "param_name": "lr", "param_value_internal": 0.0001508624012732407, "distribution": "{\"name\": \"FloatDistribution\", \"attributes\": {\"step\": null, \"low\": 1e-05, \"high\": 0.001, \"log\": true}}"}
{"op_code": 5, "worker_id": "991ea4ad-cfd3-44d6-b986-bcecb07f44ff-140004430755648", "trial_id": 45, "param_name": "l2reg", "param_value_internal": 1.664419361213016e-08, "distribution": "{\"name\": \"FloatDistribution\", \"attributes\": {\"step\": null, \"low\": 1e-08, \"high\": 0.001, \"log\": true}}"}
{"op_code": 5, "worker_id": "991ea4ad-cfd3-44d6-b986-bcecb07f44ff-140004430755648", "trial_id": 45, "param_name": "random_seed", "param_value_internal": 0, "distribution": "{\"name\": \"CategoricalDistribution\", \"attributes\": {\"choices\": [42]}}"}
{"op_code": 5, "worker_id": "991ea4ad-cfd3-44d6-b986-bcecb07f44ff-140004430755648", "trial_id": 45, "param_name": "degree", "param_value_internal": 0, "distribution": "{\"name\": \"CategoricalDistribution\", \"attributes\": {\"choices\": [3]}}"}
{"op_code": 8, "worker_id": "991ea4ad-cfd3-44d6-b986-bcecb07f44ff-140004430755648", "trial_id": 45, "user_attr": {"best_epoch": 1}}
{"op_code": 8, "worker_id": "991ea4ad-cfd3-44d6-b986-bcecb07f44ff-140004430755648", "trial_id": 45, "user_attr": {"test_loss": 0.4508064170084288}}
{"op_code": 6, "worker_id": "991ea4ad-cfd3-44d6-b986-bcecb07f44ff-140004430755648", "trial_id": 45, "state": 1, "values": [0.44612787196159215], "datetime_complete": "2024-08-31T01:36:38.651930"}
{"op_code": 4, "worker_id": "991ea4ad-cfd3-44d6-b986-bcecb07f44ff-140004430755648", "study_id": 0, "datetime_start": "2024-08-31T01:36:38.660390"}
{"op_code": 5, "worker_id": "991ea4ad-cfd3-44d6-b986-bcecb07f44ff-140004430755648", "trial_id": 46, "param_name": "lr", "param_value_internal": 0.00010803115036038426, "distribution": "{\"name\": \"FloatDistribution\", \"attributes\": {\"step\": null, \"low\": 1e-05, \"high\": 0.001, \"log\": true}}"}
{"op_code": 5, "worker_id": "991ea4ad-cfd3-44d6-b986-bcecb07f44ff-140004430755648", "trial_id": 46, "param_name": "l2reg", "param_value_internal": 4.594575893943422e-07, "distribution": "{\"name\": \"FloatDistribution\", \"attributes\": {\"step\": null, \"low\": 1e-08, \"high\": 0.001, \"log\": true}}"}
{"op_code": 5, "worker_id": "991ea4ad-cfd3-44d6-b986-bcecb07f44ff-140004430755648", "trial_id": 46, "param_name": "random_seed", "param_value_internal": 0, "distribution": "{\"name\": \"CategoricalDistribution\", \"attributes\": {\"choices\": [42]}}"}
{"op_code": 5, "worker_id": "991ea4ad-cfd3-44d6-b986-bcecb07f44ff-140004430755648", "trial_id": 46, "param_name": "degree", "param_value_internal": 0, "distribution": "{\"name\": \"CategoricalDistribution\", \"attributes\": {\"choices\": [3]}}"}
{"op_code": 8, "worker_id": "991ea4ad-cfd3-44d6-b986-bcecb07f44ff-140004430755648", "trial_id": 46, "user_attr": {"best_epoch": 1}}
{"op_code": 8, "worker_id": "991ea4ad-cfd3-44d6-b986-bcecb07f44ff-140004430755648", "trial_id": 46, "user_attr": {"test_loss": 0.45049238324976154}}
{"op_code": 6, "worker_id": "991ea4ad-cfd3-44d6-b986-bcecb07f44ff-140004430755648", "trial_id": 46, "state": 1, "values": [0.44584197377784157], "datetime_complete": "2024-08-31T01:58:19.953514"}
{"op_code": 4, "worker_id": "991ea4ad-cfd3-44d6-b986-bcecb07f44ff-140004430755648", "study_id": 0, "datetime_start": "2024-08-31T01:58:19.964543"}
{"op_code": 5, "worker_id": "991ea4ad-cfd3-44d6-b986-bcecb07f44ff-140004430755648", "trial_id": 47, "param_name": "lr", "param_value_internal": 0.00033755285653167807, "distribution": "{\"name\": \"FloatDistribution\", \"attributes\": {\"step\": null, \"low\": 1e-05, \"high\": 0.001, \"log\": true}}"}
{"op_code": 5, "worker_id": "991ea4ad-cfd3-44d6-b986-bcecb07f44ff-140004430755648", "trial_id": 47, "param_name": "l2reg", "param_value_internal": 9.13002730648839e-08, "distribution": "{\"name\": \"FloatDistribution\", \"attributes\": {\"step\": null, \"low\": 1e-08, \"high\": 0.001, \"log\": true}}"}
{"op_code": 5, "worker_id": "991ea4ad-cfd3-44d6-b986-bcecb07f44ff-140004430755648", "trial_id": 47, "param_name": "random_seed", "param_value_internal": 0, "distribution": "{\"name\": \"CategoricalDistribution\", \"attributes\": {\"choices\": [42]}}"}
{"op_code": 5, "worker_id": "991ea4ad-cfd3-44d6-b986-bcecb07f44ff-140004430755648", "trial_id": 47, "param_name": "degree", "param_value_internal": 0, "distribution": "{\"name\": \"CategoricalDistribution\", \"attributes\": {\"choices\": [3]}}"}
{"op_code": 8, "worker_id": "991ea4ad-cfd3-44d6-b986-bcecb07f44ff-140004430755648", "trial_id": 47, "user_attr": {"best_epoch": 0}}
{"op_code": 8, "worker_id": "991ea4ad-cfd3-44d6-b986-bcecb07f44ff-140004430755648", "trial_id": 47, "user_attr": {"test_loss": 0.4510793736549727}}
{"op_code": 6, "worker_id": "991ea4ad-cfd3-44d6-b986-bcecb07f44ff-140004430755648", "trial_id": 47, "state": 1, "values": [0.4464973368597545], "datetime_complete": "2024-08-31T02:16:38.694101"}
{"op_code": 4, "worker_id": "991ea4ad-cfd3-44d6-b986-bcecb07f44ff-140004430755648", "study_id": 0, "datetime_start": "2024-08-31T02:16:38.702590"}
{"op_code": 5, "worker_id": "991ea4ad-cfd3-44d6-b986-bcecb07f44ff-140004430755648", "trial_id": 48, "param_name": "lr", "param_value_internal": 1.722693994422323e-05, "distribution": "{\"name\": \"FloatDistribution\", \"attributes\": {\"step\": null, \"low\": 1e-05, \"high\": 0.001, \"log\": true}}"}
{"op_code": 5, "worker_id": "991ea4ad-cfd3-44d6-b986-bcecb07f44ff-140004430755648", "trial_id": 48, "param_name": "l2reg", "param_value_internal": 3.09636088986124e-08, "distribution": "{\"name\": \"FloatDistribution\", \"attributes\": {\"step\": null, \"low\": 1e-08, \"high\": 0.001, \"log\": true}}"}
{"op_code": 5, "worker_id": "991ea4ad-cfd3-44d6-b986-bcecb07f44ff-140004430755648", "trial_id": 48, "param_name": "random_seed", "param_value_internal": 0, "distribution": "{\"name\": \"CategoricalDistribution\", \"attributes\": {\"choices\": [42]}}"}
{"op_code": 5, "worker_id": "991ea4ad-cfd3-44d6-b986-bcecb07f44ff-140004430755648", "trial_id": 48, "param_name": "degree", "param_value_internal": 0, "distribution": "{\"name\": \"CategoricalDistribution\", \"attributes\": {\"choices\": [3]}}"}
{"op_code": 8, "worker_id": "991ea4ad-cfd3-44d6-b986-bcecb07f44ff-140004430755648", "trial_id": 48, "user_attr": {"best_epoch": 9}}
{"op_code": 8, "worker_id": "991ea4ad-cfd3-44d6-b986-bcecb07f44ff-140004430755648", "trial_id": 48, "user_attr": {"test_loss": 0.4522475517506714}}
{"op_code": 6, "worker_id": "991ea4ad-cfd3-44d6-b986-bcecb07f44ff-140004430755648", "trial_id": 48, "state": 1, "values": [0.4473812199747735], "datetime_complete": "2024-08-31T02:57:56.539258"}
{"op_code": 4, "worker_id": "991ea4ad-cfd3-44d6-b986-bcecb07f44ff-140004430755648", "study_id": 0, "datetime_start": "2024-08-31T02:57:56.547555"}
{"op_code": 5, "worker_id": "991ea4ad-cfd3-44d6-b986-bcecb07f44ff-140004430755648", "trial_id": 49, "param_name": "lr", "param_value_internal": 5.369680968510169e-05, "distribution": "{\"name\": \"FloatDistribution\", \"attributes\": {\"step\": null, \"low\": 1e-05, \"high\": 0.001, \"log\": true}}"}
{"op_code": 5, "worker_id": "991ea4ad-cfd3-44d6-b986-bcecb07f44ff-140004430755648", "trial_id": 49, "param_name": "l2reg", "param_value_internal": 1.6224529565908e-08, "distribution": "{\"name\": \"FloatDistribution\", \"attributes\": {\"step\": null, \"low\": 1e-08, \"high\": 0.001, \"log\": true}}"}
{"op_code": 5, "worker_id": "991ea4ad-cfd3-44d6-b986-bcecb07f44ff-140004430755648", "trial_id": 49, "param_name": "random_seed", "param_value_internal": 0, "distribution": "{\"name\": \"CategoricalDistribution\", \"attributes\": {\"choices\": [42]}}"}
{"op_code": 5, "worker_id": "991ea4ad-cfd3-44d6-b986-bcecb07f44ff-140004430755648", "trial_id": 49, "param_name": "degree", "param_value_internal": 0, "distribution": "{\"name\": \"CategoricalDistribution\", \"attributes\": {\"choices\": [3]}}"}
{"op_code": 8, "worker_id": "991ea4ad-cfd3-44d6-b986-bcecb07f44ff-140004430755648", "trial_id": 49, "user_attr": {"best_epoch": 3}}
{"op_code": 8, "worker_id": "991ea4ad-cfd3-44d6-b986-bcecb07f44ff-140004430755648", "trial_id": 49, "user_attr": {"test_loss": 0.4515683287219567}}
{"op_code": 6, "worker_id": "991ea4ad-cfd3-44d6-b986-bcecb07f44ff-140004430755648", "trial_id": 49, "state": 1, "values": [0.4467976654766013], "datetime_complete": "2024-08-31T03:27:41.035191"}
